['learnFNO.py', '10000', '32', '16']
888001
Epoch :  0  Epoch time :  6.248511963000055  Rel. Train L2 Loss :  0.2669441485106945
Epoch :  1  Epoch time :  5.9349922639958095  Rel. Train L2 Loss :  0.009020302388817071
Epoch :  2  Epoch time :  5.949600574007491  Rel. Train L2 Loss :  0.0047183999381959435
Epoch :  3  Epoch time :  5.934017977007898  Rel. Train L2 Loss :  0.0032497839614748954
Epoch :  4  Epoch time :  5.934578510990832  Rel. Train L2 Loss :  0.0025103032743558286
Epoch :  5  Epoch time :  5.933147694013314  Rel. Train L2 Loss :  0.002140018112398684
Epoch :  6  Epoch time :  5.9361482829845045  Rel. Train L2 Loss :  0.0018548034051433205
Epoch :  7  Epoch time :  5.935333126020851  Rel. Train L2 Loss :  0.001622882467508316
Epoch :  8  Epoch time :  5.928266100992914  Rel. Train L2 Loss :  0.0014857731321826577
Epoch :  9  Epoch time :  5.931635805987753  Rel. Train L2 Loss :  0.001418597655929625
Epoch :  10  Epoch time :  5.930043072992703  Rel. Train L2 Loss :  0.0012624886540696025
Epoch :  11  Epoch time :  5.932076765981037  Rel. Train L2 Loss :  0.0012982047228142619
Epoch :  12  Epoch time :  5.928263494017301  Rel. Train L2 Loss :  0.0012414659338071943
Epoch :  13  Epoch time :  5.928795153013198  Rel. Train L2 Loss :  0.0012293819768354297
Epoch :  14  Epoch time :  5.930164687015349  Rel. Train L2 Loss :  0.0011797269102185965
Epoch :  15  Epoch time :  5.933072809013538  Rel. Train L2 Loss :  0.0011902834999375045
Epoch :  16  Epoch time :  5.931926814984763  Rel. Train L2 Loss :  0.0012066271636635064
Epoch :  17  Epoch time :  5.939834808988962  Rel. Train L2 Loss :  0.0010736489772796632
Epoch :  18  Epoch time :  5.92955000299844  Rel. Train L2 Loss :  0.0009822253331542015
Epoch :  19  Epoch time :  5.932627047004644  Rel. Train L2 Loss :  0.0011022611869499087
Epoch :  20  Epoch time :  5.935231936018681  Rel. Train L2 Loss :  0.0010216268982738256
Epoch :  21  Epoch time :  5.931316322996281  Rel. Train L2 Loss :  0.0010096448613330722
Epoch :  22  Epoch time :  5.928863748005824  Rel. Train L2 Loss :  0.000941837140545249
Epoch :  23  Epoch time :  5.928216883999994  Rel. Train L2 Loss :  0.0010414624247699975
Epoch :  24  Epoch time :  5.927906978991814  Rel. Train L2 Loss :  0.0009399427899159491
Epoch :  25  Epoch time :  5.93065010101418  Rel. Train L2 Loss :  0.0007920039932243526
Epoch :  26  Epoch time :  5.9359604959900025  Rel. Train L2 Loss :  0.0007885978476144373
Epoch :  27  Epoch time :  5.92845783100347  Rel. Train L2 Loss :  0.0010133250907063485
Epoch :  28  Epoch time :  5.932050099014305  Rel. Train L2 Loss :  0.0008000182540155947
Epoch :  29  Epoch time :  5.929685247014277  Rel. Train L2 Loss :  0.0008191173845902085
Epoch :  30  Epoch time :  5.929945315991063  Rel. Train L2 Loss :  0.0009357798035256565
Epoch :  31  Epoch time :  5.929732709017117  Rel. Train L2 Loss :  0.0009016193453222514
Epoch :  32  Epoch time :  5.9278705780161545  Rel. Train L2 Loss :  0.0006856434339657426
Epoch :  33  Epoch time :  5.9270988990028854  Rel. Train L2 Loss :  0.0007569906333461404
Epoch :  34  Epoch time :  5.930902652995428  Rel. Train L2 Loss :  0.0007659805652685464
Epoch :  35  Epoch time :  5.930302843975369  Rel. Train L2 Loss :  0.0006732255910523236
Epoch :  36  Epoch time :  5.929107826988911  Rel. Train L2 Loss :  0.0007541327975690364
Epoch :  37  Epoch time :  5.928053176990943  Rel. Train L2 Loss :  0.0006855633396655321
Epoch :  38  Epoch time :  5.92754536998109  Rel. Train L2 Loss :  0.0009138476766645909
Epoch :  39  Epoch time :  5.928839242988033  Rel. Train L2 Loss :  0.0006418276551179588
Epoch :  40  Epoch time :  5.9302704769943375  Rel. Train L2 Loss :  0.000659070835262537
Epoch :  41  Epoch time :  5.929226932988968  Rel. Train L2 Loss :  0.0007203326851129532
Epoch :  42  Epoch time :  5.927630257006967  Rel. Train L2 Loss :  0.0006352632293477654
Epoch :  43  Epoch time :  5.927667885000119  Rel. Train L2 Loss :  0.0006889370841905475
Epoch :  44  Epoch time :  5.927631733007729  Rel. Train L2 Loss :  0.0007787123506888747
Epoch :  45  Epoch time :  5.930805140000302  Rel. Train L2 Loss :  0.0005892616306431591
Epoch :  46  Epoch time :  5.929142098990269  Rel. Train L2 Loss :  0.001267631714604795
Epoch :  47  Epoch time :  5.929329634003807  Rel. Train L2 Loss :  0.00039215902453288435
Epoch :  48  Epoch time :  5.927138909988571  Rel. Train L2 Loss :  0.0004946786566171795
Epoch :  49  Epoch time :  5.927317947003758  Rel. Train L2 Loss :  0.0006035191074945033
Epoch :  50  Epoch time :  5.929985607013805  Rel. Train L2 Loss :  0.0006279257223941385
Epoch :  51  Epoch time :  5.929270527994959  Rel. Train L2 Loss :  0.0005303013749420643
Epoch :  52  Epoch time :  5.946541974000866  Rel. Train L2 Loss :  0.00065889577800408
Epoch :  53  Epoch time :  5.935850438021589  Rel. Train L2 Loss :  0.0005930897201411426
Epoch :  54  Epoch time :  5.935615171008976  Rel. Train L2 Loss :  0.0006478950628079474
Epoch :  55  Epoch time :  5.931853208021494  Rel. Train L2 Loss :  0.0007188310547731817
Epoch :  56  Epoch time :  5.9306688040087465  Rel. Train L2 Loss :  0.0005114214453380555
Epoch :  57  Epoch time :  5.929059165995568  Rel. Train L2 Loss :  0.0005405048714950681
Epoch :  58  Epoch time :  5.92733097600285  Rel. Train L2 Loss :  0.0006223524197936058
Epoch :  59  Epoch time :  5.9346222179883625  Rel. Train L2 Loss :  0.0005413095623254776
Epoch :  60  Epoch time :  5.940268112986814  Rel. Train L2 Loss :  0.0006533665859140455
Epoch :  61  Epoch time :  5.932273904007161  Rel. Train L2 Loss :  0.0005417219777591526
Epoch :  62  Epoch time :  5.933612900989829  Rel. Train L2 Loss :  0.0004560006771236658
Epoch :  63  Epoch time :  5.927762335020816  Rel. Train L2 Loss :  0.0007116954774595797
Epoch :  64  Epoch time :  5.929382441012422  Rel. Train L2 Loss :  0.0005499964670278132
Epoch :  65  Epoch time :  5.927721615007613  Rel. Train L2 Loss :  0.0004907016364857554
Epoch :  66  Epoch time :  5.935927833023015  Rel. Train L2 Loss :  0.0006494796530343592
Epoch :  67  Epoch time :  5.930436569993617  Rel. Train L2 Loss :  0.0005293519500643015
Epoch :  68  Epoch time :  5.946462088992121  Rel. Train L2 Loss :  0.00046986719984561207
Epoch :  69  Epoch time :  5.946267715975409  Rel. Train L2 Loss :  0.00045212790817022324
Epoch :  70  Epoch time :  5.929126962000737  Rel. Train L2 Loss :  0.0005955997544340789
Epoch :  71  Epoch time :  5.9409947599924635  Rel. Train L2 Loss :  0.0005141719772480428
Epoch :  72  Epoch time :  5.9336962350062095  Rel. Train L2 Loss :  0.0005787514974363149
Epoch :  73  Epoch time :  5.9298711649898905  Rel. Train L2 Loss :  0.00048038067165762186
Epoch :  74  Epoch time :  5.929131373006385  Rel. Train L2 Loss :  0.00047065280051901935
Epoch :  75  Epoch time :  5.936380974017084  Rel. Train L2 Loss :  0.0005604717245325446
Epoch :  76  Epoch time :  5.932805385993561  Rel. Train L2 Loss :  0.0006100794799625874
Epoch :  77  Epoch time :  5.939082602009876  Rel. Train L2 Loss :  0.00042715187943540516
Epoch :  78  Epoch time :  5.929980811983114  Rel. Train L2 Loss :  0.0004222107885405421
Epoch :  79  Epoch time :  5.92886163701769  Rel. Train L2 Loss :  0.0004805289652198553
Epoch :  80  Epoch time :  5.935811442002887  Rel. Train L2 Loss :  0.0005857177848927677
Epoch :  81  Epoch time :  5.9344784500135574  Rel. Train L2 Loss :  0.0005740546611137688
Epoch :  82  Epoch time :  5.931137173000025  Rel. Train L2 Loss :  0.0004054881807882339
Epoch :  83  Epoch time :  5.92959243900259  Rel. Train L2 Loss :  0.0004568125092424452
Epoch :  84  Epoch time :  5.929069542005891  Rel. Train L2 Loss :  0.0005586968262679875
Epoch :  85  Epoch time :  5.929716625018045  Rel. Train L2 Loss :  0.0004274786505382508
Epoch :  86  Epoch time :  5.932048428978305  Rel. Train L2 Loss :  0.0004482086090836674
Epoch :  87  Epoch time :  5.9303321610204875  Rel. Train L2 Loss :  0.0005617751695681364
Epoch :  88  Epoch time :  5.930332838994218  Rel. Train L2 Loss :  0.00043409325629472734
Epoch :  89  Epoch time :  5.929315907997079  Rel. Train L2 Loss :  0.0004811666860245168
Epoch :  90  Epoch time :  5.929951620026259  Rel. Train L2 Loss :  0.00048328824266791344
Epoch :  91  Epoch time :  5.936810468003387  Rel. Train L2 Loss :  0.0004991514987312257
Epoch :  92  Epoch time :  5.9346553290088195  Rel. Train L2 Loss :  0.0004109191739466041
Epoch :  93  Epoch time :  5.930941494007129  Rel. Train L2 Loss :  0.0004477665483020246
Epoch :  94  Epoch time :  5.929382402013289  Rel. Train L2 Loss :  0.0004545343997888267
Epoch :  95  Epoch time :  5.9309918170038145  Rel. Train L2 Loss :  0.0004744552000425756
Epoch :  96  Epoch time :  5.929129811003804  Rel. Train L2 Loss :  0.0004281645700801164
Epoch :  97  Epoch time :  5.936675125005422  Rel. Train L2 Loss :  0.0005011302533559501
Epoch :  98  Epoch time :  5.931436477985699  Rel. Train L2 Loss :  0.0004972705085761845
Epoch :  99  Epoch time :  5.9299877299927175  Rel. Train L2 Loss :  0.00038725702739320696
Epoch :  100  Epoch time :  5.9295370030158665  Rel. Train L2 Loss :  0.000179311987105757
Epoch :  101  Epoch time :  5.930661750026047  Rel. Train L2 Loss :  0.0001710212558042258
Epoch :  102  Epoch time :  5.9366520879848395  Rel. Train L2 Loss :  0.00017944563436321915
Epoch :  103  Epoch time :  5.930760413990356  Rel. Train L2 Loss :  0.00019782360983081163
Epoch :  104  Epoch time :  5.930226177995792  Rel. Train L2 Loss :  0.0002186436896212399
Epoch :  105  Epoch time :  5.941026168991812  Rel. Train L2 Loss :  0.00022038210639730097
Epoch :  106  Epoch time :  5.935510574025102  Rel. Train L2 Loss :  0.00024553234942723066
Epoch :  107  Epoch time :  5.9359885760059115  Rel. Train L2 Loss :  0.0002633665496017784
Epoch :  108  Epoch time :  5.939811073010787  Rel. Train L2 Loss :  0.00021254560821689665
Epoch :  109  Epoch time :  5.931798005010933  Rel. Train L2 Loss :  0.00023169047511182727
Epoch :  110  Epoch time :  5.930104890983785  Rel. Train L2 Loss :  0.00022864641826599835
Epoch :  111  Epoch time :  5.93196846099454  Rel. Train L2 Loss :  0.00023903808738105
Epoch :  112  Epoch time :  5.9366305389849  Rel. Train L2 Loss :  0.00021706226435489953
Epoch :  113  Epoch time :  5.931824327999493  Rel. Train L2 Loss :  0.0002254022262059152
Epoch :  114  Epoch time :  5.930108402011683  Rel. Train L2 Loss :  0.00023805521428585052
Epoch :  115  Epoch time :  5.931226624001283  Rel. Train L2 Loss :  0.00021363702011294663
Epoch :  116  Epoch time :  5.929759524005931  Rel. Train L2 Loss :  0.0002144769465783611
Epoch :  117  Epoch time :  5.933443927002372  Rel. Train L2 Loss :  0.0002294019335648045
Epoch :  118  Epoch time :  5.932367028988665  Rel. Train L2 Loss :  0.00021543766462709754
Epoch :  119  Epoch time :  5.936903950001579  Rel. Train L2 Loss :  0.00021939671197906136
Epoch :  120  Epoch time :  5.931069139012834  Rel. Train L2 Loss :  0.0002131660349899903
Epoch :  121  Epoch time :  5.930087835993618  Rel. Train L2 Loss :  0.0002443685148842633
Epoch :  122  Epoch time :  5.932600194995757  Rel. Train L2 Loss :  0.00022247810550034047
Epoch :  123  Epoch time :  5.93118533102097  Rel. Train L2 Loss :  0.00020768713620491325
Epoch :  124  Epoch time :  5.930040153005393  Rel. Train L2 Loss :  0.00024058680415619166
Epoch :  125  Epoch time :  5.930853375990409  Rel. Train L2 Loss :  0.00020771912194322796
Epoch :  126  Epoch time :  5.929566692007938  Rel. Train L2 Loss :  0.00020166917152237147
Epoch :  127  Epoch time :  5.930338445992675  Rel. Train L2 Loss :  0.00021799266613088547
Epoch :  128  Epoch time :  5.93993643601425  Rel. Train L2 Loss :  0.00023877291672397404
Epoch :  129  Epoch time :  5.931896063993918  Rel. Train L2 Loss :  0.0002035537170479074
Epoch :  130  Epoch time :  5.93492354999762  Rel. Train L2 Loss :  0.00022410992332734167
Epoch :  131  Epoch time :  5.930312941985903  Rel. Train L2 Loss :  0.00021085864868946374
Epoch :  132  Epoch time :  5.930034848017385  Rel. Train L2 Loss :  0.0002257426866563037
Epoch :  133  Epoch time :  5.929953980987193  Rel. Train L2 Loss :  0.0002416963175404817
Epoch :  134  Epoch time :  5.941474245977588  Rel. Train L2 Loss :  0.00019774817263241856
Epoch :  135  Epoch time :  5.932328155991854  Rel. Train L2 Loss :  0.0002058586422819644
Epoch :  136  Epoch time :  5.930342756008031  Rel. Train L2 Loss :  0.00021493737099226564
Epoch :  137  Epoch time :  5.930317424994428  Rel. Train L2 Loss :  0.00022303132377564906
Epoch :  138  Epoch time :  5.93404121597996  Rel. Train L2 Loss :  0.00021214820318855344
Epoch :  139  Epoch time :  5.938815989007708  Rel. Train L2 Loss :  0.00022852615283336491
Epoch :  140  Epoch time :  5.933717069012346  Rel. Train L2 Loss :  0.00021184769037645311
Epoch :  141  Epoch time :  5.946551470988197  Rel. Train L2 Loss :  0.0002075117097934708
Epoch :  142  Epoch time :  5.9359325249970425  Rel. Train L2 Loss :  0.0002166635858360678
Epoch :  143  Epoch time :  5.933703836984932  Rel. Train L2 Loss :  0.0002106224269606173
Epoch :  144  Epoch time :  5.930384966020938  Rel. Train L2 Loss :  0.00022791388796176762
Epoch :  145  Epoch time :  5.931972846010467  Rel. Train L2 Loss :  0.00020284717716276645
Epoch :  146  Epoch time :  5.929979420005111  Rel. Train L2 Loss :  0.0002095518116140738
Epoch :  147  Epoch time :  5.930726974998834  Rel. Train L2 Loss :  0.0002283994098659605
Epoch :  148  Epoch time :  5.932691380003234  Rel. Train L2 Loss :  0.00020388231028337032
Epoch :  149  Epoch time :  5.932930710987421  Rel. Train L2 Loss :  0.00021044047565665097
Epoch :  150  Epoch time :  5.9308414600091055  Rel. Train L2 Loss :  0.00023140280996449293
Epoch :  151  Epoch time :  5.930506381002488  Rel. Train L2 Loss :  0.00022957379352301358
Epoch :  152  Epoch time :  5.9301985159982  Rel. Train L2 Loss :  0.00019013456259854138
Epoch :  153  Epoch time :  5.932448095991276  Rel. Train L2 Loss :  0.0002011089011095464
Epoch :  154  Epoch time :  5.943585164000979  Rel. Train L2 Loss :  0.0002180848686955869
Epoch :  155  Epoch time :  5.931056297995383  Rel. Train L2 Loss :  0.00021051680292002856
Epoch :  156  Epoch time :  5.931960971996887  Rel. Train L2 Loss :  0.00021466229925863446
Epoch :  157  Epoch time :  5.9294972410134505  Rel. Train L2 Loss :  0.00020359092603903264
Epoch :  158  Epoch time :  5.933701892994577  Rel. Train L2 Loss :  0.00023568981890566648
Epoch :  159  Epoch time :  5.936877824977273  Rel. Train L2 Loss :  0.0001798084400128573
Epoch :  160  Epoch time :  5.931479032995412  Rel. Train L2 Loss :  0.00021717209389898927
Epoch :  161  Epoch time :  5.930276590981521  Rel. Train L2 Loss :  0.0002167144878767431
Epoch :  162  Epoch time :  5.930100161989685  Rel. Train L2 Loss :  0.000251299570617266
Epoch :  163  Epoch time :  5.990515562996734  Rel. Train L2 Loss :  0.00019767373364884406
Epoch :  164  Epoch time :  5.934439167991513  Rel. Train L2 Loss :  0.00021959828103426844
Epoch :  165  Epoch time :  5.931770210008835  Rel. Train L2 Loss :  0.00018396042031235992
Epoch :  166  Epoch time :  5.931722911976976  Rel. Train L2 Loss :  0.0002032892508432269
Epoch :  167  Epoch time :  5.932351432013093  Rel. Train L2 Loss :  0.00020311693493276834
Epoch :  168  Epoch time :  5.933151539997198  Rel. Train L2 Loss :  0.00022298440726008266
Epoch :  169  Epoch time :  5.933455198013689  Rel. Train L2 Loss :  0.0002016628317767754
Epoch :  170  Epoch time :  5.936978921003174  Rel. Train L2 Loss :  0.0002211245566373691
Epoch :  171  Epoch time :  5.932377268007258  Rel. Train L2 Loss :  0.00019218188053928315
Epoch :  172  Epoch time :  5.930060316022718  Rel. Train L2 Loss :  0.00022731641470454634
Epoch :  173  Epoch time :  5.930913897987921  Rel. Train L2 Loss :  0.00020379090160131455
Epoch :  174  Epoch time :  5.932461164018605  Rel. Train L2 Loss :  0.00020155233638361096
Epoch :  175  Epoch time :  5.939904232014669  Rel. Train L2 Loss :  0.0002042402205057442
Epoch :  176  Epoch time :  5.930913988995599  Rel. Train L2 Loss :  0.00019418074856512247
Epoch :  177  Epoch time :  5.9307595980062615  Rel. Train L2 Loss :  0.00024213345749303698
Epoch :  178  Epoch time :  5.9298506540071685  Rel. Train L2 Loss :  0.00020304142963141204
Epoch :  179  Epoch time :  5.937738359003561  Rel. Train L2 Loss :  0.00020198768887203186
Epoch :  180  Epoch time :  5.941270430979785  Rel. Train L2 Loss :  0.00021414379701018333
Epoch :  181  Epoch time :  5.931108874996426  Rel. Train L2 Loss :  0.00023886091033928095
Epoch :  182  Epoch time :  5.932566181989387  Rel. Train L2 Loss :  0.0001844374221516773
Epoch :  183  Epoch time :  5.93716312199831  Rel. Train L2 Loss :  0.00019328257953748107
Epoch :  184  Epoch time :  5.9359237330209  Rel. Train L2 Loss :  0.00022394658396951853
Epoch :  185  Epoch time :  5.933701832982479  Rel. Train L2 Loss :  0.00019132790071889759
Epoch :  186  Epoch time :  5.938992657000199  Rel. Train L2 Loss :  0.00019194322160910815
Epoch :  187  Epoch time :  5.930465348996222  Rel. Train L2 Loss :  0.00021131071085110306
Epoch :  188  Epoch time :  5.943773398001213  Rel. Train L2 Loss :  0.00019756949248258025
Epoch :  189  Epoch time :  5.940834929991979  Rel. Train L2 Loss :  0.00023616273587103934
Epoch :  190  Epoch time :  5.932354572985787  Rel. Train L2 Loss :  0.00018565761058125644
Epoch :  191  Epoch time :  5.931298518989934  Rel. Train L2 Loss :  0.00019144652565009892
Epoch :  192  Epoch time :  5.93199056701269  Rel. Train L2 Loss :  0.0002163007638650015
Epoch :  193  Epoch time :  5.931708280986641  Rel. Train L2 Loss :  0.00019770330779720098
Epoch :  194  Epoch time :  6.010156223986996  Rel. Train L2 Loss :  0.00022343739818315954
Epoch :  195  Epoch time :  5.942603697010782  Rel. Train L2 Loss :  0.0001977084300480783
Epoch :  196  Epoch time :  5.932679788995301  Rel. Train L2 Loss :  0.00020787353657651694
Epoch :  197  Epoch time :  5.932123901991872  Rel. Train L2 Loss :  0.00020745595786720515
Epoch :  198  Epoch time :  5.93468011499499  Rel. Train L2 Loss :  0.00018956909535918385
Epoch :  199  Epoch time :  5.935611468012212  Rel. Train L2 Loss :  0.00021610502060502769
Epoch :  200  Epoch time :  5.9329888919892255  Rel. Train L2 Loss :  0.00010347804306074976
Epoch :  201  Epoch time :  5.944320451992098  Rel. Train L2 Loss :  9.948735447833314e-05
Epoch :  202  Epoch time :  5.932830582984025  Rel. Train L2 Loss :  0.00010571334379492327
Epoch :  203  Epoch time :  5.9412347529723775  Rel. Train L2 Loss :  0.00011049838466569781
Epoch :  204  Epoch time :  5.936446620995412  Rel. Train L2 Loss :  0.00011386349932290613
Epoch :  205  Epoch time :  5.934796137997182  Rel. Train L2 Loss :  0.00011375531672965735
Epoch :  206  Epoch time :  5.933587834995706  Rel. Train L2 Loss :  0.00012276787990704179
Epoch :  207  Epoch time :  5.933368764002807  Rel. Train L2 Loss :  0.00011563061722554266
Epoch :  208  Epoch time :  5.934192344022449  Rel. Train L2 Loss :  0.00011447460734052584
Epoch :  209  Epoch time :  5.938254392996896  Rel. Train L2 Loss :  0.00012041955951135606
Epoch :  210  Epoch time :  5.933961683011148  Rel. Train L2 Loss :  0.00011660817315569148
Epoch :  211  Epoch time :  5.945233954000287  Rel. Train L2 Loss :  0.00012125524181174114
Epoch :  212  Epoch time :  5.937639532989124  Rel. Train L2 Loss :  0.00011895345721859485
Epoch :  213  Epoch time :  5.932651981012896  Rel. Train L2 Loss :  0.00011320625564549119
Epoch :  214  Epoch time :  5.948015986010432  Rel. Train L2 Loss :  0.00012059623675886541
Epoch :  215  Epoch time :  5.947166367026512  Rel. Train L2 Loss :  0.0001217156452825293
Epoch :  216  Epoch time :  5.933404089009855  Rel. Train L2 Loss :  0.00012314860469195992
Epoch :  217  Epoch time :  5.936397453013342  Rel. Train L2 Loss :  0.0001137071561301127
Epoch :  218  Epoch time :  5.933433694008272  Rel. Train L2 Loss :  0.00012161567755974829
Epoch :  219  Epoch time :  5.936038856016239  Rel. Train L2 Loss :  0.00011280277399346232
Epoch :  220  Epoch time :  5.937550973001635  Rel. Train L2 Loss :  0.00011706097726710141
Epoch :  221  Epoch time :  5.938116172008449  Rel. Train L2 Loss :  0.00011977811912074685
Epoch :  222  Epoch time :  5.934204290009802  Rel. Train L2 Loss :  0.00012144994763657451
Epoch :  223  Epoch time :  5.9352531589975115  Rel. Train L2 Loss :  0.00011410937963519245
Epoch :  224  Epoch time :  5.934081591985887  Rel. Train L2 Loss :  0.00011933625584933907
Epoch :  225  Epoch time :  5.939516668004217  Rel. Train L2 Loss :  0.00011875853601377458
Epoch :  226  Epoch time :  5.937428738019662  Rel. Train L2 Loss :  0.00011892328434623779
Epoch :  227  Epoch time :  5.934164759004489  Rel. Train L2 Loss :  0.000125099685031455
Epoch :  228  Epoch time :  5.9343860860099085  Rel. Train L2 Loss :  0.00011623138959985226
Epoch :  229  Epoch time :  5.9356019319966435  Rel. Train L2 Loss :  0.00011554603937547653
Epoch :  230  Epoch time :  5.941287264984567  Rel. Train L2 Loss :  0.00011632463273126631
Epoch :  231  Epoch time :  5.938919106993126  Rel. Train L2 Loss :  0.00012222141735255718
Epoch :  232  Epoch time :  5.935045375983464  Rel. Train L2 Loss :  0.00011229393144603818
Epoch :  233  Epoch time :  5.936375336983474  Rel. Train L2 Loss :  0.00011240097160916775
Epoch :  234  Epoch time :  5.9349881219968665  Rel. Train L2 Loss :  0.00011508789830841124
Epoch :  235  Epoch time :  5.935833558993181  Rel. Train L2 Loss :  0.00011529824072495103
Epoch :  236  Epoch time :  5.9395880209922325  Rel. Train L2 Loss :  0.00011417225702898577
Epoch :  237  Epoch time :  5.93654713901924  Rel. Train L2 Loss :  0.00011370288697071373
Epoch :  238  Epoch time :  5.93498702798388  Rel. Train L2 Loss :  0.00012077368004247546
Epoch :  239  Epoch time :  5.936005689989543  Rel. Train L2 Loss :  0.00011365375134628267
Epoch :  240  Epoch time :  5.9379025980015285  Rel. Train L2 Loss :  0.00011231811509933323
Epoch :  241  Epoch time :  5.936901300010504  Rel. Train L2 Loss :  0.00011742501487024129
Epoch :  242  Epoch time :  5.93844376297784  Rel. Train L2 Loss :  0.00011343734334222972
Epoch :  243  Epoch time :  5.944570924009895  Rel. Train L2 Loss :  0.0001160025172168389
Epoch :  244  Epoch time :  5.940366811992135  Rel. Train L2 Loss :  0.00011252873562043532
Epoch :  245  Epoch time :  5.937420734000625  Rel. Train L2 Loss :  0.00011808793090749532
Epoch :  246  Epoch time :  5.936559363006381  Rel. Train L2 Loss :  0.00012283211301546544
Epoch :  247  Epoch time :  5.938927523995517  Rel. Train L2 Loss :  0.00011027751821093261
Epoch :  248  Epoch time :  5.936307198018767  Rel. Train L2 Loss :  0.00011691521077882499
Epoch :  249  Epoch time :  5.935543897008756  Rel. Train L2 Loss :  0.00011093232696875929
Epoch :  250  Epoch time :  5.935130570986075  Rel. Train L2 Loss :  0.00011744755666004494
Epoch :  251  Epoch time :  5.935015999013558  Rel. Train L2 Loss :  0.0001158369965152815
Epoch :  252  Epoch time :  5.951955355005339  Rel. Train L2 Loss :  0.00011370273444335908
Epoch :  253  Epoch time :  5.951143490994582  Rel. Train L2 Loss :  0.00010953739990945906
Epoch :  254  Epoch time :  5.942697255988605  Rel. Train L2 Loss :  0.0001192239623516798
Epoch :  255  Epoch time :  5.935389599995688  Rel. Train L2 Loss :  0.0001053371142828837
Epoch :  256  Epoch time :  5.9359786130080465  Rel. Train L2 Loss :  0.00011702326741069555
Epoch :  257  Epoch time :  5.936142649996327  Rel. Train L2 Loss :  0.0001121985011966899
Epoch :  258  Epoch time :  5.937870517023839  Rel. Train L2 Loss :  0.00011717407731339336
Epoch :  259  Epoch time :  5.936553751002066  Rel. Train L2 Loss :  0.00011594224364962429
Epoch :  260  Epoch time :  5.93360954200034  Rel. Train L2 Loss :  0.00011175743819912895
Epoch :  261  Epoch time :  5.936519776005298  Rel. Train L2 Loss :  0.00011271145103964954
Epoch :  262  Epoch time :  5.934390430018539  Rel. Train L2 Loss :  0.00011409091168316081
Epoch :  263  Epoch time :  5.937352598004509  Rel. Train L2 Loss :  0.00011516413143835962
Epoch :  264  Epoch time :  5.940122440020787  Rel. Train L2 Loss :  0.00011342781116254628
Epoch :  265  Epoch time :  5.945046667999122  Rel. Train L2 Loss :  0.00011828869387973099
Epoch :  266  Epoch time :  5.935960532980971  Rel. Train L2 Loss :  0.00010798755320720374
Epoch :  267  Epoch time :  5.945080545003293  Rel. Train L2 Loss :  0.00011237739692442119
Epoch :  268  Epoch time :  5.934705328982091  Rel. Train L2 Loss :  0.00011788000186206773
Epoch :  269  Epoch time :  5.941970110987313  Rel. Train L2 Loss :  0.00011057353190844879
Epoch :  270  Epoch time :  5.9388696500100195  Rel. Train L2 Loss :  0.00011971137651707977
Epoch :  271  Epoch time :  5.935924771009013  Rel. Train L2 Loss :  0.00010964895223733037
Epoch :  272  Epoch time :  5.937227474001702  Rel. Train L2 Loss :  0.00010849880543537438
Epoch :  273  Epoch time :  5.9353462680010125  Rel. Train L2 Loss :  0.00011451739252079278
Epoch :  274  Epoch time :  5.940423419000581  Rel. Train L2 Loss :  0.00011912230018060654
Epoch :  275  Epoch time :  5.936452399997506  Rel. Train L2 Loss :  0.00010868926754919812
Epoch :  276  Epoch time :  5.938399972015759  Rel. Train L2 Loss :  0.00010815112625714392
Epoch :  277  Epoch time :  5.935449149983469  Rel. Train L2 Loss :  0.00012187595404684544
Epoch :  278  Epoch time :  5.9387342169939075  Rel. Train L2 Loss :  0.00011110328123904764
Epoch :  279  Epoch time :  5.934228374011582  Rel. Train L2 Loss :  0.00010983199961483478
Epoch :  280  Epoch time :  5.93444250500761  Rel. Train L2 Loss :  0.0001100308442953974
Epoch :  281  Epoch time :  5.935004958999343  Rel. Train L2 Loss :  0.00011160794773604721
Epoch :  282  Epoch time :  5.938988698006142  Rel. Train L2 Loss :  0.0001068848501658067
Epoch :  283  Epoch time :  5.936409215995809  Rel. Train L2 Loss :  0.00011508651699405163
Epoch :  284  Epoch time :  5.934894467995036  Rel. Train L2 Loss :  0.00010983472901862115
Epoch :  285  Epoch time :  5.943114540015813  Rel. Train L2 Loss :  0.00012077380185946822
Epoch :  286  Epoch time :  5.935282237012871  Rel. Train L2 Loss :  0.00011368023587856441
Epoch :  287  Epoch time :  5.945423751021735  Rel. Train L2 Loss :  0.00010917182685807347
Epoch :  288  Epoch time :  5.954918845993234  Rel. Train L2 Loss :  0.00011985107010696083
Epoch :  289  Epoch time :  5.936883518996183  Rel. Train L2 Loss :  0.00011308140342589468
Epoch :  290  Epoch time :  5.934881609980948  Rel. Train L2 Loss :  0.00010333628824446351
Epoch :  291  Epoch time :  5.935254309995798  Rel. Train L2 Loss :  0.00010780575561802834
Epoch :  292  Epoch time :  5.934448729996802  Rel. Train L2 Loss :  0.0001177871787804179
Epoch :  293  Epoch time :  5.938271941995481  Rel. Train L2 Loss :  0.00011190607118187472
Epoch :  294  Epoch time :  5.936021492001601  Rel. Train L2 Loss :  0.00011322030152659863
Epoch :  295  Epoch time :  5.935184934991412  Rel. Train L2 Loss :  0.0001135104393819347
Epoch :  296  Epoch time :  5.933823430008488  Rel. Train L2 Loss :  0.00010749742398038507
Epoch :  297  Epoch time :  5.933571042987751  Rel. Train L2 Loss :  0.00011001859079115092
Epoch :  298  Epoch time :  5.934538906993112  Rel. Train L2 Loss :  0.00011707368772476911
Epoch :  299  Epoch time :  5.93755683398922  Rel. Train L2 Loss :  0.00011234015166992321
Epoch :  300  Epoch time :  5.934541552996961  Rel. Train L2 Loss :  6.95318034500815e-05
Epoch :  301  Epoch time :  5.942374414997175  Rel. Train L2 Loss :  7.098378400551155e-05
Epoch :  302  Epoch time :  5.934027193987276  Rel. Train L2 Loss :  7.090645292773843e-05
Epoch :  303  Epoch time :  5.94247751502553  Rel. Train L2 Loss :  7.29758691159077e-05
Epoch :  304  Epoch time :  5.9372638759959955  Rel. Train L2 Loss :  7.589770345948636e-05
Epoch :  305  Epoch time :  5.9350796210055705  Rel. Train L2 Loss :  7.586007727077231e-05
Epoch :  306  Epoch time :  5.939532204007264  Rel. Train L2 Loss :  7.52009724616073e-05
Epoch :  307  Epoch time :  5.95217851002235  Rel. Train L2 Loss :  7.648588111624122e-05
Epoch :  308  Epoch time :  5.937643634999404  Rel. Train L2 Loss :  7.66647476470098e-05
Epoch :  309  Epoch time :  5.941275557008339  Rel. Train L2 Loss :  7.722264050971716e-05
Epoch :  310  Epoch time :  5.946350115002133  Rel. Train L2 Loss :  7.779720136895776e-05
Epoch :  311  Epoch time :  5.934947939997073  Rel. Train L2 Loss :  7.870734435273334e-05
Epoch :  312  Epoch time :  5.934825297998032  Rel. Train L2 Loss :  7.602670958731323e-05
Epoch :  313  Epoch time :  5.94095093299984  Rel. Train L2 Loss :  7.969139636261389e-05
Epoch :  314  Epoch time :  5.93225017900113  Rel. Train L2 Loss :  7.770406338386238e-05
Epoch :  315  Epoch time :  5.938933546975022  Rel. Train L2 Loss :  7.639182731509209e-05
Epoch :  316  Epoch time :  5.936220219009556  Rel. Train L2 Loss :  7.579755799379199e-05
Epoch :  317  Epoch time :  5.936327901988989  Rel. Train L2 Loss :  7.662965918425471e-05
Epoch :  318  Epoch time :  5.9344845860032365  Rel. Train L2 Loss :  7.595990119152702e-05
Epoch :  319  Epoch time :  5.9336963089881465  Rel. Train L2 Loss :  7.753557007526978e-05
Epoch :  320  Epoch time :  5.932346574001713  Rel. Train L2 Loss :  7.697106034029275e-05
Epoch :  321  Epoch time :  5.93674416601425  Rel. Train L2 Loss :  7.549071098910644e-05
Epoch :  322  Epoch time :  5.9342962660011835  Rel. Train L2 Loss :  7.579836804652587e-05
Epoch :  323  Epoch time :  5.933092788996873  Rel. Train L2 Loss :  7.639815045986325e-05
Epoch :  324  Epoch time :  5.931559249991551  Rel. Train L2 Loss :  7.66760065103881e-05
Epoch :  325  Epoch time :  5.931867712002713  Rel. Train L2 Loss :  7.760088398354128e-05
Epoch :  326  Epoch time :  5.9422279259888455  Rel. Train L2 Loss :  7.611780987936072e-05
Epoch :  327  Epoch time :  5.9339784150070045  Rel. Train L2 Loss :  7.586554647423328e-05
Epoch :  328  Epoch time :  5.933069020014955  Rel. Train L2 Loss :  7.702356653753668e-05
Epoch :  329  Epoch time :  5.93265766397235  Rel. Train L2 Loss :  7.661452760221437e-05
Epoch :  330  Epoch time :  5.931246446009027  Rel. Train L2 Loss :  7.453515458619223e-05
Epoch :  331  Epoch time :  5.940572578023421  Rel. Train L2 Loss :  7.570035838289187e-05
Epoch :  332  Epoch time :  5.935401777998777  Rel. Train L2 Loss :  7.657454450381919e-05
Epoch :  333  Epoch time :  5.932535987027222  Rel. Train L2 Loss :  7.578524032142013e-05
Epoch :  334  Epoch time :  5.934910015988862  Rel. Train L2 Loss :  7.52561749657616e-05
Epoch :  335  Epoch time :  5.9326715329953  Rel. Train L2 Loss :  7.853273281361907e-05
Epoch :  336  Epoch time :  5.932701411016751  Rel. Train L2 Loss :  7.436206924030558e-05
Epoch :  337  Epoch time :  5.93710407600156  Rel. Train L2 Loss :  7.422651794040575e-05
Epoch :  338  Epoch time :  5.9438564740121365  Rel. Train L2 Loss :  7.464171173051e-05
Epoch :  339  Epoch time :  5.932290957978694  Rel. Train L2 Loss :  7.810488643590361e-05
Epoch :  340  Epoch time :  5.930764202988939  Rel. Train L2 Loss :  7.517870629671961e-05
Epoch :  341  Epoch time :  5.9369461699971  Rel. Train L2 Loss :  7.370171580696479e-05
Epoch :  342  Epoch time :  5.934047755989013  Rel. Train L2 Loss :  7.693094826536254e-05
Epoch :  343  Epoch time :  5.9417582860041875  Rel. Train L2 Loss :  7.548988368362188e-05
Epoch :  344  Epoch time :  5.934029434021795  Rel. Train L2 Loss :  7.463971260003745e-05
Epoch :  345  Epoch time :  5.932113054004731  Rel. Train L2 Loss :  7.695902349660172e-05
Epoch :  346  Epoch time :  5.930855030979728  Rel. Train L2 Loss :  7.548109106719494e-05
Epoch :  347  Epoch time :  5.943303392006783  Rel. Train L2 Loss :  7.47665538219735e-05
Epoch :  348  Epoch time :  5.935459761007223  Rel. Train L2 Loss :  7.570274753961712e-05
Epoch :  349  Epoch time :  5.933641056006309  Rel. Train L2 Loss :  7.346584493061528e-05
Epoch :  350  Epoch time :  5.931956749991514  Rel. Train L2 Loss :  7.548389303265139e-05
Epoch :  351  Epoch time :  5.931342063995544  Rel. Train L2 Loss :  7.621196031104773e-05
Epoch :  352  Epoch time :  5.934243214986054  Rel. Train L2 Loss :  7.465815966716037e-05
Epoch :  353  Epoch time :  5.931827560008969  Rel. Train L2 Loss :  7.471548862522468e-05
Epoch :  354  Epoch time :  5.935190888005309  Rel. Train L2 Loss :  7.462566948961466e-05
Epoch :  355  Epoch time :  5.936018921987852  Rel. Train L2 Loss :  7.525924075162039e-05
Epoch :  356  Epoch time :  5.937187317991629  Rel. Train L2 Loss :  7.486888596322387e-05
Epoch :  357  Epoch time :  5.930252310005017  Rel. Train L2 Loss :  7.541438133921474e-05
Epoch :  358  Epoch time :  5.934594994992949  Rel. Train L2 Loss :  7.401092009386048e-05
Epoch :  359  Epoch time :  5.935305013001198  Rel. Train L2 Loss :  7.421726674074307e-05
Epoch :  360  Epoch time :  5.933096316992305  Rel. Train L2 Loss :  7.485217826906591e-05
Epoch :  361  Epoch time :  5.931480388971977  Rel. Train L2 Loss :  7.380389827885665e-05
Epoch :  362  Epoch time :  5.930905786983203  Rel. Train L2 Loss :  7.524722911184654e-05
Epoch :  363  Epoch time :  5.932184300996596  Rel. Train L2 Loss :  7.383620566688478e-05
Epoch :  364  Epoch time :  5.932490121020237  Rel. Train L2 Loss :  7.449946616543457e-05
Epoch :  365  Epoch time :  5.943165914010024  Rel. Train L2 Loss :  7.420676506590099e-05
Epoch :  366  Epoch time :  5.932401950005442  Rel. Train L2 Loss :  7.628184483619407e-05
Epoch :  367  Epoch time :  5.932058315986069  Rel. Train L2 Loss :  7.641654869075865e-05
Epoch :  368  Epoch time :  5.931247752014315  Rel. Train L2 Loss :  7.365525433560833e-05
Epoch :  369  Epoch time :  5.931969247001689  Rel. Train L2 Loss :  7.398944321321324e-05
Epoch :  370  Epoch time :  5.934979701996781  Rel. Train L2 Loss :  7.416331940330564e-05
Epoch :  371  Epoch time :  5.933456065016799  Rel. Train L2 Loss :  7.467690610792487e-05
Epoch :  372  Epoch time :  5.9309695519914385  Rel. Train L2 Loss :  7.363249843474477e-05
Epoch :  373  Epoch time :  5.930930356000317  Rel. Train L2 Loss :  7.560032830806449e-05
Epoch :  374  Epoch time :  5.932895556994481  Rel. Train L2 Loss :  7.370130879571661e-05
Epoch :  375  Epoch time :  5.932183930999599  Rel. Train L2 Loss :  7.290184878511355e-05
Epoch :  376  Epoch time :  5.934502597985556  Rel. Train L2 Loss :  7.500847291667015e-05
Epoch :  377  Epoch time :  5.933472354983678  Rel. Train L2 Loss :  7.433775113895536e-05
Epoch :  378  Epoch time :  5.933196920988848  Rel. Train L2 Loss :  7.514793503796682e-05
Epoch :  379  Epoch time :  5.937438266992103  Rel. Train L2 Loss :  7.534158587222919e-05
Epoch :  380  Epoch time :  5.931816208001692  Rel. Train L2 Loss :  7.726530845975504e-05
Epoch :  381  Epoch time :  5.935966618999373  Rel. Train L2 Loss :  7.121792631223798e-05
Epoch :  382  Epoch time :  5.937914777023252  Rel. Train L2 Loss :  7.308690965874121e-05
Epoch :  383  Epoch time :  5.934802432981087  Rel. Train L2 Loss :  7.614078499609604e-05
Epoch :  384  Epoch time :  5.931900606985437  Rel. Train L2 Loss :  7.499409081647173e-05
Epoch :  385  Epoch time :  5.931414378021145  Rel. Train L2 Loss :  7.398885640432126e-05
Epoch :  386  Epoch time :  5.9323899899900425  Rel. Train L2 Loss :  7.577484308276325e-05
Epoch :  387  Epoch time :  5.9362104879983235  Rel. Train L2 Loss :  7.319124756613747e-05
Epoch :  388  Epoch time :  5.933327487000497  Rel. Train L2 Loss :  7.327407811535523e-05
Epoch :  389  Epoch time :  5.9325677789747715  Rel. Train L2 Loss :  7.263451126636938e-05
Epoch :  390  Epoch time :  5.941618725017179  Rel. Train L2 Loss :  7.319364740978926e-05
Epoch :  391  Epoch time :  5.935374433000106  Rel. Train L2 Loss :  7.260763419908472e-05
Epoch :  392  Epoch time :  5.936801499017747  Rel. Train L2 Loss :  7.377307850401848e-05
Epoch :  393  Epoch time :  5.936336258018855  Rel. Train L2 Loss :  7.472380708204582e-05
Epoch :  394  Epoch time :  5.932454841997242  Rel. Train L2 Loss :  7.463900147704407e-05
Epoch :  395  Epoch time :  5.93238057900453  Rel. Train L2 Loss :  7.382644501631149e-05
Epoch :  396  Epoch time :  5.930902138003148  Rel. Train L2 Loss :  7.623374053509906e-05
Epoch :  397  Epoch time :  5.93231862000539  Rel. Train L2 Loss :  7.412083261879161e-05
Epoch :  398  Epoch time :  5.935370107006747  Rel. Train L2 Loss :  7.401196674909443e-05
Epoch :  399  Epoch time :  5.949988634005422  Rel. Train L2 Loss :  7.2093634493649e-05
Epoch :  400  Epoch time :  5.949391404981725  Rel. Train L2 Loss :  5.538050658069551e-05
Epoch :  401  Epoch time :  5.939391068997793  Rel. Train L2 Loss :  5.5202942725736645e-05
Epoch :  402  Epoch time :  5.930893547018059  Rel. Train L2 Loss :  5.618924192385748e-05
Epoch :  403  Epoch time :  5.9322058070101775  Rel. Train L2 Loss :  5.680575260194018e-05
Epoch :  404  Epoch time :  5.932180161005817  Rel. Train L2 Loss :  5.748346529435366e-05
Epoch :  405  Epoch time :  5.93543931999011  Rel. Train L2 Loss :  5.736573534668423e-05
Epoch :  406  Epoch time :  5.932540256995708  Rel. Train L2 Loss :  5.7469402719289064e-05
Epoch :  407  Epoch time :  5.9317404229950625  Rel. Train L2 Loss :  5.9200747171416876e-05
Epoch :  408  Epoch time :  5.940155687974766  Rel. Train L2 Loss :  5.7782810676144436e-05
Epoch :  409  Epoch time :  5.935710015997756  Rel. Train L2 Loss :  5.7685856614261865e-05
Epoch :  410  Epoch time :  5.931886988983024  Rel. Train L2 Loss :  5.75661298353225e-05
Epoch :  411  Epoch time :  5.938353280973388  Rel. Train L2 Loss :  5.76086756773293e-05
Epoch :  412  Epoch time :  5.9327335380075965  Rel. Train L2 Loss :  5.836871602805331e-05
Epoch :  413  Epoch time :  5.931920759991044  Rel. Train L2 Loss :  5.7842024182900785e-05
Epoch :  414  Epoch time :  5.930742185009876  Rel. Train L2 Loss :  5.785371886449866e-05
Epoch :  415  Epoch time :  5.931880549993366  Rel. Train L2 Loss :  5.843847182695754e-05
Epoch :  416  Epoch time :  5.936710852984106  Rel. Train L2 Loss :  5.768414822523482e-05
Epoch :  417  Epoch time :  5.936491675005527  Rel. Train L2 Loss :  5.837093272712082e-05
Epoch :  418  Epoch time :  5.933041776006576  Rel. Train L2 Loss :  5.719114620005712e-05
Epoch :  419  Epoch time :  5.932132140995236  Rel. Train L2 Loss :  5.792946633300744e-05
Epoch :  420  Epoch time :  5.9373063189850654  Rel. Train L2 Loss :  5.780459109228104e-05
Epoch :  421  Epoch time :  5.933313557994552  Rel. Train L2 Loss :  5.8459270582534376e-05
Epoch :  422  Epoch time :  5.935284234001301  Rel. Train L2 Loss :  5.774777993792668e-05
Epoch :  423  Epoch time :  5.934702772006858  Rel. Train L2 Loss :  5.679996846010909e-05
Epoch :  424  Epoch time :  5.931633494998096  Rel. Train L2 Loss :  5.858889717492275e-05
Epoch :  425  Epoch time :  5.931887929997174  Rel. Train L2 Loss :  5.7476914243306965e-05
Epoch :  426  Epoch time :  5.931311777996598  Rel. Train L2 Loss :  5.7509028358617796e-05
Epoch :  427  Epoch time :  5.937141030008206  Rel. Train L2 Loss :  5.8503951755119485e-05
Epoch :  428  Epoch time :  5.937747480988037  Rel. Train L2 Loss :  5.7278502074768767e-05
Epoch :  429  Epoch time :  5.9342091960133985  Rel. Train L2 Loss :  5.7630982738919554e-05
Epoch :  430  Epoch time :  5.935146828996949  Rel. Train L2 Loss :  5.84992139483802e-05
Epoch :  431  Epoch time :  5.933044186007464  Rel. Train L2 Loss :  5.836924967588857e-05
Epoch :  432  Epoch time :  5.9326310039905366  Rel. Train L2 Loss :  5.732389182667248e-05
Epoch :  433  Epoch time :  5.947242908994667  Rel. Train L2 Loss :  5.699145505204797e-05
Epoch :  434  Epoch time :  5.936231884988956  Rel. Train L2 Loss :  5.686074185068719e-05
Epoch :  435  Epoch time :  5.936809031001758  Rel. Train L2 Loss :  5.632212777854875e-05
Epoch :  436  Epoch time :  5.931631923012901  Rel. Train L2 Loss :  5.9059309831354764e-05
Epoch :  437  Epoch time :  5.932631698990008  Rel. Train L2 Loss :  5.7155734789557756e-05
Epoch :  438  Epoch time :  5.934442339988891  Rel. Train L2 Loss :  5.7088227686472235e-05
Epoch :  439  Epoch time :  5.936586939991685  Rel. Train L2 Loss :  5.6689007440581915e-05
Epoch :  440  Epoch time :  5.939667112019379  Rel. Train L2 Loss :  5.744519561994821e-05
Epoch :  441  Epoch time :  5.932827708020341  Rel. Train L2 Loss :  5.776202375418507e-05
Epoch :  442  Epoch time :  5.93307458498748  Rel. Train L2 Loss :  5.622051057871431e-05
Epoch :  443  Epoch time :  5.934068871982163  Rel. Train L2 Loss :  5.820366651751101e-05
Epoch :  444  Epoch time :  5.942879133013776  Rel. Train L2 Loss :  5.703176268143579e-05
Epoch :  445  Epoch time :  5.9344745879934635  Rel. Train L2 Loss :  5.6606701703276485e-05
Epoch :  446  Epoch time :  5.933826652006246  Rel. Train L2 Loss :  5.720641064690426e-05
Epoch :  447  Epoch time :  5.93245352699887  Rel. Train L2 Loss :  5.684661730192602e-05
Epoch :  448  Epoch time :  5.932346372021129  Rel. Train L2 Loss :  5.7638745481381195e-05
Epoch :  449  Epoch time :  5.933862703997875  Rel. Train L2 Loss :  5.6306418462190774e-05
Epoch :  450  Epoch time :  5.951837573986268  Rel. Train L2 Loss :  5.7554267451632765e-05
Epoch :  451  Epoch time :  5.933602081000572  Rel. Train L2 Loss :  5.678229799377732e-05
Epoch :  452  Epoch time :  5.932436281000264  Rel. Train L2 Loss :  5.7709280576091257e-05
Epoch :  453  Epoch time :  5.93288449299871  Rel. Train L2 Loss :  5.7410661090398205e-05
Epoch :  454  Epoch time :  5.934793668973725  Rel. Train L2 Loss :  5.731592314550653e-05
Epoch :  455  Epoch time :  5.937258404999739  Rel. Train L2 Loss :  5.6487473275046794e-05
Epoch :  456  Epoch time :  5.93866490398068  Rel. Train L2 Loss :  5.668077579466626e-05
Epoch :  457  Epoch time :  5.933634967019316  Rel. Train L2 Loss :  5.723095487337559e-05
Epoch :  458  Epoch time :  5.932173084991518  Rel. Train L2 Loss :  5.669549839221872e-05
Epoch :  459  Epoch time :  5.934592078992864  Rel. Train L2 Loss :  5.6367793661775065e-05
Epoch :  460  Epoch time :  5.935779722989537  Rel. Train L2 Loss :  5.7506851298967376e-05
Epoch :  461  Epoch time :  5.953226747020381  Rel. Train L2 Loss :  5.6574396864743905e-05
Epoch :  462  Epoch time :  5.934082488005515  Rel. Train L2 Loss :  5.7185304921586064e-05
Epoch :  463  Epoch time :  5.932654646981973  Rel. Train L2 Loss :  5.66010290873237e-05
Epoch :  464  Epoch time :  5.933798081998248  Rel. Train L2 Loss :  5.714846327900887e-05
Epoch :  465  Epoch time :  5.94878889399115  Rel. Train L2 Loss :  5.704948222264647e-05
Epoch :  466  Epoch time :  5.936344576999545  Rel. Train L2 Loss :  5.7167252385988834e-05
Epoch :  467  Epoch time :  5.934910848009167  Rel. Train L2 Loss :  5.680215806351043e-05
Epoch :  468  Epoch time :  5.9331488519965205  Rel. Train L2 Loss :  5.683627786929719e-05
Epoch :  469  Epoch time :  5.935137239983305  Rel. Train L2 Loss :  5.6480871792882684e-05
Epoch :  470  Epoch time :  5.932716171024367  Rel. Train L2 Loss :  5.69669162563514e-05
Epoch :  471  Epoch time :  5.937778200022876  Rel. Train L2 Loss :  5.630047576269135e-05
Epoch :  472  Epoch time :  5.945835544989677  Rel. Train L2 Loss :  5.7126827409956605e-05
Epoch :  473  Epoch time :  5.9349516359798145  Rel. Train L2 Loss :  5.599432752933353e-05
Epoch :  474  Epoch time :  5.934277249994921  Rel. Train L2 Loss :  5.697105727158487e-05
Epoch :  475  Epoch time :  5.933808083995245  Rel. Train L2 Loss :  5.6755955191329124e-05
Epoch :  476  Epoch time :  5.934094352007378  Rel. Train L2 Loss :  5.728969473857433e-05
Epoch :  477  Epoch time :  5.937048630992649  Rel. Train L2 Loss :  5.560080220457167e-05
Epoch :  478  Epoch time :  5.940282189025311  Rel. Train L2 Loss :  5.687843292253092e-05
Epoch :  479  Epoch time :  5.93823247301043  Rel. Train L2 Loss :  5.683445060858503e-05
Epoch :  480  Epoch time :  5.936196352995466  Rel. Train L2 Loss :  5.655781746609137e-05
Epoch :  481  Epoch time :  5.933629583014408  Rel. Train L2 Loss :  5.5847514735069125e-05
Epoch :  482  Epoch time :  5.937045105005382  Rel. Train L2 Loss :  5.624893018975854e-05
Epoch :  483  Epoch time :  5.935403201990994  Rel. Train L2 Loss :  5.7099367544287814e-05
Epoch :  484  Epoch time :  5.934440440993058  Rel. Train L2 Loss :  5.6809135188814256e-05
Epoch :  485  Epoch time :  5.942920110974228  Rel. Train L2 Loss :  5.689925306360237e-05
Epoch :  486  Epoch time :  5.934111559996381  Rel. Train L2 Loss :  5.6551276054233313e-05
Epoch :  487  Epoch time :  5.934659413993359  Rel. Train L2 Loss :  5.566014459473081e-05
Epoch :  488  Epoch time :  5.939545004017418  Rel. Train L2 Loss :  5.6571134051773694e-05
Epoch :  489  Epoch time :  5.939182586007519  Rel. Train L2 Loss :  5.584142834413797e-05
Epoch :  490  Epoch time :  5.947714369016467  Rel. Train L2 Loss :  5.658904651645571e-05
Epoch :  491  Epoch time :  5.939567261986667  Rel. Train L2 Loss :  5.621251948177815e-05
Epoch :  492  Epoch time :  5.932519775000401  Rel. Train L2 Loss :  5.534639690304175e-05
Epoch :  493  Epoch time :  5.937684738019016  Rel. Train L2 Loss :  5.715565948048607e-05
Epoch :  494  Epoch time :  5.936236117006047  Rel. Train L2 Loss :  5.709867391269654e-05
Epoch :  495  Epoch time :  5.9439024809980765  Rel. Train L2 Loss :  5.6747851136606186e-05
Epoch :  496  Epoch time :  5.933997404994443  Rel. Train L2 Loss :  5.5865211284253746e-05
Epoch :  497  Epoch time :  5.933751201024279  Rel. Train L2 Loss :  5.631162094068714e-05
Epoch :  498  Epoch time :  5.93533637499786  Rel. Train L2 Loss :  5.638718735426664e-05
Epoch :  499  Epoch time :  5.938854890002403  Rel. Train L2 Loss :  5.621794580365531e-05
Total time is : 2967.9326286430005 Total epoch is  500
