['learnFNO.py', '20000', '32', '16']
888001
Epoch :  0  Epoch time :  12.317924662027508  Rel. Train L2 Loss :  0.13562547406554223
Epoch :  1  Epoch time :  11.897279986995272  Rel. Train L2 Loss :  0.003793155154213309
Epoch :  2  Epoch time :  11.833478938002372  Rel. Train L2 Loss :  0.002172401892580092
Epoch :  3  Epoch time :  11.92894862499088  Rel. Train L2 Loss :  0.0016191357851028443
Epoch :  4  Epoch time :  11.984617708978476  Rel. Train L2 Loss :  0.0013988096353597938
Epoch :  5  Epoch time :  11.967078557005152  Rel. Train L2 Loss :  0.001247115135192871
Epoch :  6  Epoch time :  11.947333354997681  Rel. Train L2 Loss :  0.0011436155567876994
Epoch :  7  Epoch time :  11.947875230020145  Rel. Train L2 Loss :  0.0012678214427083731
Epoch :  8  Epoch time :  11.955706685985206  Rel. Train L2 Loss :  0.0010482483191415668
Epoch :  9  Epoch time :  11.97329239899409  Rel. Train L2 Loss :  0.0009837742651812732
Epoch :  10  Epoch time :  11.99960051398375  Rel. Train L2 Loss :  0.0010492980806156994
Epoch :  11  Epoch time :  11.998827962990617  Rel. Train L2 Loss :  0.0008901739263907075
Epoch :  12  Epoch time :  11.895858953997958  Rel. Train L2 Loss :  0.0009280970067717135
Epoch :  13  Epoch time :  11.830372033989988  Rel. Train L2 Loss :  0.0008527885683812201
Epoch :  14  Epoch time :  11.957684130000416  Rel. Train L2 Loss :  0.0008376709705684335
Epoch :  15  Epoch time :  11.972787808976136  Rel. Train L2 Loss :  0.0007874825320206583
Epoch :  16  Epoch time :  11.951721478020772  Rel. Train L2 Loss :  0.0008004555648192764
Epoch :  17  Epoch time :  11.96962321700994  Rel. Train L2 Loss :  0.0007882934849709273
Epoch :  18  Epoch time :  11.962247194023803  Rel. Train L2 Loss :  0.0006828740787226707
Epoch :  19  Epoch time :  11.953828845988028  Rel. Train L2 Loss :  0.0007702326813247055
Epoch :  20  Epoch time :  12.005591812019702  Rel. Train L2 Loss :  0.0006370712267234921
Epoch :  21  Epoch time :  11.994875593984034  Rel. Train L2 Loss :  0.0007623633378650993
Epoch :  22  Epoch time :  11.978685099980794  Rel. Train L2 Loss :  0.0006260786270722747
Epoch :  23  Epoch time :  11.884221015992807  Rel. Train L2 Loss :  0.0006711247664876282
Epoch :  24  Epoch time :  11.82886560400948  Rel. Train L2 Loss :  0.000624021829571575
Epoch :  25  Epoch time :  11.96150860900525  Rel. Train L2 Loss :  0.0006576261393493041
Epoch :  26  Epoch time :  11.962750898994273  Rel. Train L2 Loss :  0.0006016805148217827
Epoch :  27  Epoch time :  11.98419617000036  Rel. Train L2 Loss :  0.00057737134732306
Epoch :  28  Epoch time :  11.992225041001802  Rel. Train L2 Loss :  0.0006274740539491177
Epoch :  29  Epoch time :  11.957295062020421  Rel. Train L2 Loss :  0.0005802048345794901
Epoch :  30  Epoch time :  11.960133406013483  Rel. Train L2 Loss :  0.0005460759237408638
Epoch :  31  Epoch time :  12.011167823016876  Rel. Train L2 Loss :  0.000545185108995065
Epoch :  32  Epoch time :  12.011576928984141  Rel. Train L2 Loss :  0.0005273708323482424
Epoch :  33  Epoch time :  11.98986386100296  Rel. Train L2 Loss :  0.0005949510215781629
Epoch :  34  Epoch time :  11.903901337005664  Rel. Train L2 Loss :  0.0004995780451223255
Epoch :  35  Epoch time :  11.828016395011218  Rel. Train L2 Loss :  0.0005532764764968306
Epoch :  36  Epoch time :  11.93281767598819  Rel. Train L2 Loss :  0.0004955730984453112
Epoch :  37  Epoch time :  11.958554932003608  Rel. Train L2 Loss :  0.0005621630556648597
Epoch :  38  Epoch time :  11.97490873298375  Rel. Train L2 Loss :  0.0005336072678677738
Epoch :  39  Epoch time :  11.960058144002687  Rel. Train L2 Loss :  0.0005116714568808674
Epoch :  40  Epoch time :  11.970636238984298  Rel. Train L2 Loss :  0.00044036035009194165
Epoch :  41  Epoch time :  11.96057289102464  Rel. Train L2 Loss :  0.0005688712092582136
Epoch :  42  Epoch time :  11.956802322005387  Rel. Train L2 Loss :  0.0004586294996086508
Epoch :  43  Epoch time :  11.956854029995156  Rel. Train L2 Loss :  0.00049583092443645
Epoch :  44  Epoch time :  11.978009946004022  Rel. Train L2 Loss :  0.0005044541913084686
Epoch :  45  Epoch time :  11.962903981999261  Rel. Train L2 Loss :  0.0004822022708831355
Epoch :  46  Epoch time :  11.966073050018167  Rel. Train L2 Loss :  0.0004512281451607123
Epoch :  47  Epoch time :  11.951404902996728  Rel. Train L2 Loss :  0.00045960563360713424
Epoch :  48  Epoch time :  11.950643247982953  Rel. Train L2 Loss :  0.0005094467086251825
Epoch :  49  Epoch time :  11.984872594999615  Rel. Train L2 Loss :  0.00041799805199261756
Epoch :  50  Epoch time :  11.968101497011958  Rel. Train L2 Loss :  0.0004378566411556676
Epoch :  51  Epoch time :  11.971849755005678  Rel. Train L2 Loss :  0.0004950563106220216
Epoch :  52  Epoch time :  11.970273154001916  Rel. Train L2 Loss :  0.0004224605744006112
Epoch :  53  Epoch time :  11.979354534007143  Rel. Train L2 Loss :  0.0004840161370113492
Epoch :  54  Epoch time :  11.963926085998537  Rel. Train L2 Loss :  0.00045503243640996515
Epoch :  55  Epoch time :  11.972786449012347  Rel. Train L2 Loss :  0.00040334582382347433
Epoch :  56  Epoch time :  11.968496964022052  Rel. Train L2 Loss :  0.00046312711080536247
Epoch :  57  Epoch time :  11.970285092975246  Rel. Train L2 Loss :  0.0003964581581996754
Epoch :  58  Epoch time :  11.963802915997803  Rel. Train L2 Loss :  0.0005156101496657356
Epoch :  59  Epoch time :  11.97454298599041  Rel. Train L2 Loss :  0.00037502987650223074
Epoch :  60  Epoch time :  11.928924120991724  Rel. Train L2 Loss :  0.00045858767009340225
Epoch :  61  Epoch time :  11.867379380011698  Rel. Train L2 Loss :  0.000411860016384162
Epoch :  62  Epoch time :  11.865586444997462  Rel. Train L2 Loss :  0.0004373567322269082
Epoch :  63  Epoch time :  11.842975929001113  Rel. Train L2 Loss :  0.0004434187339618802
Epoch :  64  Epoch time :  11.839493395003956  Rel. Train L2 Loss :  0.00040458666109479964
Epoch :  65  Epoch time :  11.829614740010584  Rel. Train L2 Loss :  0.0003975680164527148
Epoch :  66  Epoch time :  11.832185674982611  Rel. Train L2 Loss :  0.0004793631762266159
Epoch :  67  Epoch time :  11.834101384010864  Rel. Train L2 Loss :  0.00038164230729453266
Epoch :  68  Epoch time :  11.829676516004838  Rel. Train L2 Loss :  0.00038961913443636147
Epoch :  69  Epoch time :  11.828286019008374  Rel. Train L2 Loss :  0.00039494078033603725
Epoch :  70  Epoch time :  11.833107411017409  Rel. Train L2 Loss :  0.0004084409239003435
Epoch :  71  Epoch time :  11.830706159002148  Rel. Train L2 Loss :  0.00040425055660307406
Epoch :  72  Epoch time :  11.835528416995658  Rel. Train L2 Loss :  0.00038526858473196627
Epoch :  73  Epoch time :  11.830459805001738  Rel. Train L2 Loss :  0.00038855957777705045
Epoch :  74  Epoch time :  11.827759740001056  Rel. Train L2 Loss :  0.0004473935966845602
Epoch :  75  Epoch time :  11.833413888001814  Rel. Train L2 Loss :  0.0003949753636028618
Epoch :  76  Epoch time :  11.841031799005577  Rel. Train L2 Loss :  0.0003640302510932088
Epoch :  77  Epoch time :  11.831625603983412  Rel. Train L2 Loss :  0.00044014040126930923
Epoch :  78  Epoch time :  11.830190584994853  Rel. Train L2 Loss :  0.00038415760432835666
Epoch :  79  Epoch time :  11.835093390982365  Rel. Train L2 Loss :  0.00036527991525363176
Epoch :  80  Epoch time :  11.833343366975896  Rel. Train L2 Loss :  0.0004135783986421302
Epoch :  81  Epoch time :  11.830527139012702  Rel. Train L2 Loss :  0.00038640828807838263
Epoch :  82  Epoch time :  11.835117565002292  Rel. Train L2 Loss :  0.00037700003450736404
Epoch :  83  Epoch time :  11.832965903013246  Rel. Train L2 Loss :  0.0003680431436514482
Epoch :  84  Epoch time :  11.836481487000128  Rel. Train L2 Loss :  0.0003904854222666472
Epoch :  85  Epoch time :  11.831787943985546  Rel. Train L2 Loss :  0.00038676033541560175
Epoch :  86  Epoch time :  11.831358675000956  Rel. Train L2 Loss :  0.0003567088526673615
Epoch :  87  Epoch time :  11.838789876986993  Rel. Train L2 Loss :  0.00039116409700363873
Epoch :  88  Epoch time :  11.83297960201162  Rel. Train L2 Loss :  0.00038908011333551256
Epoch :  89  Epoch time :  11.843620134983212  Rel. Train L2 Loss :  0.0004240518501959741
Epoch :  90  Epoch time :  11.829535994009348  Rel. Train L2 Loss :  0.0003329165388364345
Epoch :  91  Epoch time :  11.834776020987192  Rel. Train L2 Loss :  0.00040800971121061593
Epoch :  92  Epoch time :  11.837313388008624  Rel. Train L2 Loss :  0.0003447052821982652
Epoch :  93  Epoch time :  11.832867895020172  Rel. Train L2 Loss :  0.0004066043108003214
Epoch :  94  Epoch time :  11.835418443981325  Rel. Train L2 Loss :  0.0003386403184151277
Epoch :  95  Epoch time :  11.845059969986323  Rel. Train L2 Loss :  0.0003893524065380916
Epoch :  96  Epoch time :  11.836630458012223  Rel. Train L2 Loss :  0.0003739598068408668
Epoch :  97  Epoch time :  11.832177567004692  Rel. Train L2 Loss :  0.0003772763191489503
Epoch :  98  Epoch time :  11.838104436988942  Rel. Train L2 Loss :  0.00034139437852427363
Epoch :  99  Epoch time :  11.834657422004966  Rel. Train L2 Loss :  0.000372512037307024
Epoch :  100  Epoch time :  11.833314635005081  Rel. Train L2 Loss :  0.00014121898200828583
Epoch :  101  Epoch time :  11.844089143007295  Rel. Train L2 Loss :  0.0001591624406632036
Epoch :  102  Epoch time :  11.835016536002513  Rel. Train L2 Loss :  0.00017143328961683436
Epoch :  103  Epoch time :  11.830686008994235  Rel. Train L2 Loss :  0.00018606714718043805
Epoch :  104  Epoch time :  11.836274040018907  Rel. Train L2 Loss :  0.0001840533186797984
Epoch :  105  Epoch time :  11.83499385000323  Rel. Train L2 Loss :  0.00018297196166822686
Epoch :  106  Epoch time :  11.835068696003873  Rel. Train L2 Loss :  0.00018295542479027064
Epoch :  107  Epoch time :  11.83642319199862  Rel. Train L2 Loss :  0.0001898332376847975
Epoch :  108  Epoch time :  11.83236831901013  Rel. Train L2 Loss :  0.00017217848303262143
Epoch :  109  Epoch time :  11.837469955004053  Rel. Train L2 Loss :  0.00018869074406102298
Epoch :  110  Epoch time :  11.835843141016085  Rel. Train L2 Loss :  0.00016980191196780652
Epoch :  111  Epoch time :  11.834472705988446  Rel. Train L2 Loss :  0.00018950737152481452
Epoch :  112  Epoch time :  11.838245199003723  Rel. Train L2 Loss :  0.00017692207138752565
Epoch :  113  Epoch time :  11.835122353979386  Rel. Train L2 Loss :  0.00017808581741992385
Epoch :  114  Epoch time :  11.840105313982349  Rel. Train L2 Loss :  0.00017462177698034792
Epoch :  115  Epoch time :  11.836620022979332  Rel. Train L2 Loss :  0.00019176997455069795
Epoch :  116  Epoch time :  11.834568470017985  Rel. Train L2 Loss :  0.00017172096273861825
Epoch :  117  Epoch time :  11.838747409987263  Rel. Train L2 Loss :  0.00016808422236936168
Epoch :  118  Epoch time :  11.838173625001218  Rel. Train L2 Loss :  0.00018607053100131452
Epoch :  119  Epoch time :  11.836066965013742  Rel. Train L2 Loss :  0.0001766213772003539
Epoch :  120  Epoch time :  11.841587715985952  Rel. Train L2 Loss :  0.00017646413636393846
Epoch :  121  Epoch time :  11.837909711000975  Rel. Train L2 Loss :  0.00017772168475203216
Epoch :  122  Epoch time :  11.838546760001918  Rel. Train L2 Loss :  0.0001805917637422681
Epoch :  123  Epoch time :  11.85180534797837  Rel. Train L2 Loss :  0.00017168593188980594
Epoch :  124  Epoch time :  11.838591790990904  Rel. Train L2 Loss :  0.0001680932583170943
Epoch :  125  Epoch time :  11.84067269199295  Rel. Train L2 Loss :  0.0001819143139058724
Epoch :  126  Epoch time :  11.839613295014715  Rel. Train L2 Loss :  0.00017881498165661468
Epoch :  127  Epoch time :  11.838115666003432  Rel. Train L2 Loss :  0.00017168095910456032
Epoch :  128  Epoch time :  11.84324538501096  Rel. Train L2 Loss :  0.000176566959253978
Epoch :  129  Epoch time :  11.839755814988166  Rel. Train L2 Loss :  0.00017799185210606083
Epoch :  130  Epoch time :  11.83882677697693  Rel. Train L2 Loss :  0.0001775852812337689
Epoch :  131  Epoch time :  11.849668482987909  Rel. Train L2 Loss :  0.00017740385635988786
Epoch :  132  Epoch time :  11.838960459979717  Rel. Train L2 Loss :  0.0001763194252969697
Epoch :  133  Epoch time :  11.841627348010661  Rel. Train L2 Loss :  0.00016950425925897435
Epoch :  134  Epoch time :  11.842164674017113  Rel. Train L2 Loss :  0.00017540968526154755
Epoch :  135  Epoch time :  11.836930994002614  Rel. Train L2 Loss :  0.0001763743083924055
Epoch :  136  Epoch time :  11.834531958011212  Rel. Train L2 Loss :  0.00018491390998242422
Epoch :  137  Epoch time :  11.836640786990756  Rel. Train L2 Loss :  0.00017329351896187291
Epoch :  138  Epoch time :  11.836933332000626  Rel. Train L2 Loss :  0.00017434954706113787
Epoch :  139  Epoch time :  11.837802648020443  Rel. Train L2 Loss :  0.00017047319008270278
Epoch :  140  Epoch time :  11.839557478990173  Rel. Train L2 Loss :  0.00017581176430685446
Epoch :  141  Epoch time :  11.836387465009466  Rel. Train L2 Loss :  0.00017048296694410965
Epoch :  142  Epoch time :  11.83693546600989  Rel. Train L2 Loss :  0.0001764528054976836
Epoch :  143  Epoch time :  11.840633110987255  Rel. Train L2 Loss :  0.0001785556511604227
Epoch :  144  Epoch time :  11.835913547984092  Rel. Train L2 Loss :  0.00017125389982247725
Epoch :  145  Epoch time :  11.843893512996146  Rel. Train L2 Loss :  0.00017867905877064913
Epoch :  146  Epoch time :  11.849888258002466  Rel. Train L2 Loss :  0.0001780598038691096
Epoch :  147  Epoch time :  11.834622823022073  Rel. Train L2 Loss :  0.00017555333368945866
Epoch :  148  Epoch time :  11.839366450003581  Rel. Train L2 Loss :  0.00016734824512386695
Epoch :  149  Epoch time :  11.836688864976168  Rel. Train L2 Loss :  0.00017611608299193904
Epoch :  150  Epoch time :  11.8367216240149  Rel. Train L2 Loss :  0.00018035964081063866
Epoch :  151  Epoch time :  11.855706511996686  Rel. Train L2 Loss :  0.0001744908683001995
Epoch :  152  Epoch time :  11.838547766004922  Rel. Train L2 Loss :  0.0001683156125014648
Epoch :  153  Epoch time :  11.845723879989237  Rel. Train L2 Loss :  0.0001742001794395037
Epoch :  154  Epoch time :  11.84865243601962  Rel. Train L2 Loss :  0.00017389522281009703
Epoch :  155  Epoch time :  11.83658437000122  Rel. Train L2 Loss :  0.00018197272639954463
Epoch :  156  Epoch time :  11.836474245996214  Rel. Train L2 Loss :  0.00016496707663172857
Epoch :  157  Epoch time :  11.840669587021694  Rel. Train L2 Loss :  0.00016984312827698886
Epoch :  158  Epoch time :  11.838080460991478  Rel. Train L2 Loss :  0.00018591192185413093
Epoch :  159  Epoch time :  11.833433424006216  Rel. Train L2 Loss :  0.00017088779790792614
Epoch :  160  Epoch time :  11.846825675980654  Rel. Train L2 Loss :  0.0001664538774290122
Epoch :  161  Epoch time :  11.835963112011086  Rel. Train L2 Loss :  0.00018239026553928852
Epoch :  162  Epoch time :  11.832474052003818  Rel. Train L2 Loss :  0.00016790504409000277
Epoch :  163  Epoch time :  11.841394421993755  Rel. Train L2 Loss :  0.00016917450400069357
Epoch :  164  Epoch time :  11.840894641005434  Rel. Train L2 Loss :  0.00016889127956237643
Epoch :  165  Epoch time :  11.833770775992889  Rel. Train L2 Loss :  0.00018344892162131145
Epoch :  166  Epoch time :  11.841184611985227  Rel. Train L2 Loss :  0.00017269360368372873
Epoch :  167  Epoch time :  11.833704526012298  Rel. Train L2 Loss :  0.00017136048817774282
Epoch :  168  Epoch time :  11.839412636996713  Rel. Train L2 Loss :  0.0001768422818160616
Epoch :  169  Epoch time :  11.836211818997981  Rel. Train L2 Loss :  0.0001723371165455319
Epoch :  170  Epoch time :  11.840180136001436  Rel. Train L2 Loss :  0.00017128256760770455
Epoch :  171  Epoch time :  11.837180140981218  Rel. Train L2 Loss :  0.00017236655025044457
Epoch :  172  Epoch time :  11.848476689017843  Rel. Train L2 Loss :  0.0001619526670081541
Epoch :  173  Epoch time :  11.832273454987444  Rel. Train L2 Loss :  0.0001731397231342271
Epoch :  174  Epoch time :  11.838727371010464  Rel. Train L2 Loss :  0.00017227040004217997
Epoch :  175  Epoch time :  11.835522418987239  Rel. Train L2 Loss :  0.00017268469372065738
Epoch :  176  Epoch time :  11.832131449016742  Rel. Train L2 Loss :  0.0001804564300691709
Epoch :  177  Epoch time :  11.84204576900811  Rel. Train L2 Loss :  0.00016391707921866328
Epoch :  178  Epoch time :  11.832415517012123  Rel. Train L2 Loss :  0.0001718561455490999
Epoch :  179  Epoch time :  11.831918833981035  Rel. Train L2 Loss :  0.0001762315363972448
Epoch :  180  Epoch time :  11.834687609982211  Rel. Train L2 Loss :  0.00016454068257007747
Epoch :  181  Epoch time :  11.839497326000128  Rel. Train L2 Loss :  0.00016730657354928553
Epoch :  182  Epoch time :  11.830810343002668  Rel. Train L2 Loss :  0.00018103477216791362
Epoch :  183  Epoch time :  11.834544684010325  Rel. Train L2 Loss :  0.00016480062399059535
Epoch :  184  Epoch time :  11.831365394988097  Rel. Train L2 Loss :  0.00017184579140739516
Epoch :  185  Epoch time :  11.835587725014193  Rel. Train L2 Loss :  0.00017426674844464287
Epoch :  186  Epoch time :  11.83530658102245  Rel. Train L2 Loss :  0.000171505181863904
Epoch :  187  Epoch time :  11.830340991989942  Rel. Train L2 Loss :  0.0001759330370114185
Epoch :  188  Epoch time :  11.839413160982076  Rel. Train L2 Loss :  0.00016690231192624197
Epoch :  189  Epoch time :  11.834913444996346  Rel. Train L2 Loss :  0.00017343083251034842
Epoch :  190  Epoch time :  11.831628195999656  Rel. Train L2 Loss :  0.00016792791733751073
Epoch :  191  Epoch time :  11.830655664001824  Rel. Train L2 Loss :  0.00016782271375413984
Epoch :  192  Epoch time :  11.842127515992615  Rel. Train L2 Loss :  0.00017311544773401693
Epoch :  193  Epoch time :  11.836222615995212  Rel. Train L2 Loss :  0.00017793488453608005
Epoch :  194  Epoch time :  11.829825520020677  Rel. Train L2 Loss :  0.00016677364907227458
Epoch :  195  Epoch time :  11.834132010000758  Rel. Train L2 Loss :  0.0001631970264716074
Epoch :  196  Epoch time :  11.836430249008117  Rel. Train L2 Loss :  0.00017024180061416702
Epoch :  197  Epoch time :  11.83093419999932  Rel. Train L2 Loss :  0.0001649923852761276
Epoch :  198  Epoch time :  11.833845076005673  Rel. Train L2 Loss :  0.00016890954468399286
Epoch :  199  Epoch time :  11.832769236993045  Rel. Train L2 Loss :  0.0001657171822153032
Epoch :  200  Epoch time :  11.831350475986255  Rel. Train L2 Loss :  8.406045219744556e-05
Epoch :  201  Epoch time :  11.834700818988495  Rel. Train L2 Loss :  9.169702338986098e-05
Epoch :  202  Epoch time :  11.831018311000662  Rel. Train L2 Loss :  9.723181913723237e-05
Epoch :  203  Epoch time :  11.830705192987807  Rel. Train L2 Loss :  9.894828866235911e-05
Epoch :  204  Epoch time :  11.835142016003374  Rel. Train L2 Loss :  9.895598079892807e-05
Epoch :  205  Epoch time :  11.830530157021713  Rel. Train L2 Loss :  0.00010018640558701008
Epoch :  206  Epoch time :  11.841778659989359  Rel. Train L2 Loss :  0.00010096359200542793
Epoch :  207  Epoch time :  11.832901213027071  Rel. Train L2 Loss :  9.962247268995271e-05
Epoch :  208  Epoch time :  11.840522829996189  Rel. Train L2 Loss :  9.832451378460974e-05
Epoch :  209  Epoch time :  11.833339518983848  Rel. Train L2 Loss :  0.00010004642747808248
Epoch :  210  Epoch time :  11.831488711002748  Rel. Train L2 Loss :  9.697833905811422e-05
Epoch :  211  Epoch time :  11.833459501009202  Rel. Train L2 Loss :  0.00010133365228539333
Epoch :  212  Epoch time :  11.83325309000793  Rel. Train L2 Loss :  9.680212113307789e-05
Epoch :  213  Epoch time :  11.832352808996802  Rel. Train L2 Loss :  9.855171375675127e-05
Epoch :  214  Epoch time :  11.8323930670158  Rel. Train L2 Loss :  9.93808830564376e-05
Epoch :  215  Epoch time :  11.835768749006093  Rel. Train L2 Loss :  9.849578820867464e-05
Epoch :  216  Epoch time :  11.843222229013918  Rel. Train L2 Loss :  9.870857578935102e-05
Epoch :  217  Epoch time :  11.831453404010972  Rel. Train L2 Loss :  9.919634300749749e-05
Epoch :  218  Epoch time :  11.83581951301312  Rel. Train L2 Loss :  9.76246276171878e-05
Epoch :  219  Epoch time :  11.837391173001379  Rel. Train L2 Loss :  9.84680158959236e-05
Epoch :  220  Epoch time :  11.83175384500646  Rel. Train L2 Loss :  0.00010072088869055733
Epoch :  221  Epoch time :  11.84740968499682  Rel. Train L2 Loss :  9.72332391247619e-05
Epoch :  222  Epoch time :  11.838090870005544  Rel. Train L2 Loss :  9.632817495148628e-05
Epoch :  223  Epoch time :  11.830765230988618  Rel. Train L2 Loss :  9.83755532768555e-05
Epoch :  224  Epoch time :  11.842287823994411  Rel. Train L2 Loss :  9.634420787915588e-05
Epoch :  225  Epoch time :  11.83398051399854  Rel. Train L2 Loss :  9.826633742777631e-05
Epoch :  226  Epoch time :  11.831668108003214  Rel. Train L2 Loss :  9.817639792454428e-05
Epoch :  227  Epoch time :  11.836837817012565  Rel. Train L2 Loss :  9.503643827047199e-05
Epoch :  228  Epoch time :  11.832933780009625  Rel. Train L2 Loss :  0.0001001987204013858
Epoch :  229  Epoch time :  11.836182677012403  Rel. Train L2 Loss :  9.631246041390113e-05
Epoch :  230  Epoch time :  11.836315137014026  Rel. Train L2 Loss :  9.604396832874045e-05
Epoch :  231  Epoch time :  11.833588351000799  Rel. Train L2 Loss :  9.675048751523718e-05
Epoch :  232  Epoch time :  11.834028975019464  Rel. Train L2 Loss :  9.596654614433646e-05
Epoch :  233  Epoch time :  11.836245405022055  Rel. Train L2 Loss :  0.00010162901733419858
Epoch :  234  Epoch time :  11.833513580990257  Rel. Train L2 Loss :  9.691103515797295e-05
Epoch :  235  Epoch time :  11.833533600001829  Rel. Train L2 Loss :  9.580534182605334e-05
Epoch :  236  Epoch time :  11.843259985005716  Rel. Train L2 Loss :  9.978128905058838e-05
Epoch :  237  Epoch time :  11.833147633005865  Rel. Train L2 Loss :  9.962787086842582e-05
Epoch :  238  Epoch time :  11.835996940993937  Rel. Train L2 Loss :  9.371376681374387e-05
Epoch :  239  Epoch time :  11.837528667994775  Rel. Train L2 Loss :  9.47488512203563e-05
Epoch :  240  Epoch time :  11.847982047998812  Rel. Train L2 Loss :  9.755693199113012e-05
Epoch :  241  Epoch time :  11.837490459991386  Rel. Train L2 Loss :  9.523333543329499e-05
Epoch :  242  Epoch time :  11.840722777007613  Rel. Train L2 Loss :  9.652263959287666e-05
Epoch :  243  Epoch time :  11.833940103009809  Rel. Train L2 Loss :  9.965584635501727e-05
Epoch :  244  Epoch time :  11.8349047289812  Rel. Train L2 Loss :  9.704450584249571e-05
Epoch :  245  Epoch time :  11.843071479990613  Rel. Train L2 Loss :  9.569129362935201e-05
Epoch :  246  Epoch time :  11.834207612002501  Rel. Train L2 Loss :  9.53744092315901e-05
Epoch :  247  Epoch time :  11.836214597016806  Rel. Train L2 Loss :  9.676886785309762e-05
Epoch :  248  Epoch time :  11.838579622999532  Rel. Train L2 Loss :  9.54180049826391e-05
Epoch :  249  Epoch time :  11.83946461600135  Rel. Train L2 Loss :  0.0001015125663485378
Epoch :  250  Epoch time :  11.848808963986812  Rel. Train L2 Loss :  9.441902958787977e-05
Epoch :  251  Epoch time :  11.8541719650093  Rel. Train L2 Loss :  9.642016731086188e-05
Epoch :  252  Epoch time :  11.836612160986988  Rel. Train L2 Loss :  9.501842851750553e-05
Epoch :  253  Epoch time :  11.851749634981388  Rel. Train L2 Loss :  9.948404580354691e-05
Epoch :  254  Epoch time :  11.847430319990963  Rel. Train L2 Loss :  9.657988581457176e-05
Epoch :  255  Epoch time :  11.836651714023901  Rel. Train L2 Loss :  9.643376350868494e-05
Epoch :  256  Epoch time :  11.839507334982045  Rel. Train L2 Loss :  9.442780601675622e-05
Epoch :  257  Epoch time :  11.837959402997512  Rel. Train L2 Loss :  9.99541393131949e-05
Epoch :  258  Epoch time :  11.847722959995735  Rel. Train L2 Loss :  9.336072601145133e-05
Epoch :  259  Epoch time :  11.839263931993628  Rel. Train L2 Loss :  9.413548632874154e-05
Epoch :  260  Epoch time :  11.837213660997804  Rel. Train L2 Loss :  9.514248415944167e-05
Epoch :  261  Epoch time :  11.837076519994298  Rel. Train L2 Loss :  0.0001010147329478059
Epoch :  262  Epoch time :  11.842046459991252  Rel. Train L2 Loss :  9.497129424125888e-05
Epoch :  263  Epoch time :  11.837292570999125  Rel. Train L2 Loss :  9.796485751867294e-05
Epoch :  264  Epoch time :  11.839214986015577  Rel. Train L2 Loss :  9.26129941828549e-05
Epoch :  265  Epoch time :  11.843190012004925  Rel. Train L2 Loss :  9.8109059111448e-05
Epoch :  266  Epoch time :  11.84072344301967  Rel. Train L2 Loss :  9.839431997388602e-05
Epoch :  267  Epoch time :  11.835620297002606  Rel. Train L2 Loss :  9.350755063351244e-05
Epoch :  268  Epoch time :  11.844038437993731  Rel. Train L2 Loss :  9.60839196224697e-05
Epoch :  269  Epoch time :  11.836356245999923  Rel. Train L2 Loss :  9.493883684044704e-05
Epoch :  270  Epoch time :  11.8376263390237  Rel. Train L2 Loss :  9.466737012262456e-05
Epoch :  271  Epoch time :  11.83980190200964  Rel. Train L2 Loss :  9.644291090080515e-05
Epoch :  272  Epoch time :  11.838162911008112  Rel. Train L2 Loss :  9.615817110752687e-05
Epoch :  273  Epoch time :  11.838101838016883  Rel. Train L2 Loss :  9.403516039019451e-05
Epoch :  274  Epoch time :  11.85322710001492  Rel. Train L2 Loss :  9.757190503296443e-05
Epoch :  275  Epoch time :  11.841572481993353  Rel. Train L2 Loss :  9.704147945740261e-05
Epoch :  276  Epoch time :  11.835887040011585  Rel. Train L2 Loss :  9.291895399219356e-05
Epoch :  277  Epoch time :  11.840096761006862  Rel. Train L2 Loss :  0.00010109614786342717
Epoch :  278  Epoch time :  11.83586614698288  Rel. Train L2 Loss :  9.455914710997604e-05
Epoch :  279  Epoch time :  11.835988610982895  Rel. Train L2 Loss :  9.775255689164624e-05
Epoch :  280  Epoch time :  11.838482524006395  Rel. Train L2 Loss :  9.244196896906942e-05
Epoch :  281  Epoch time :  11.842852069996297  Rel. Train L2 Loss :  9.876141319400631e-05
Epoch :  282  Epoch time :  11.835951013985323  Rel. Train L2 Loss :  9.514299599104561e-05
Epoch :  283  Epoch time :  11.83659130599699  Rel. Train L2 Loss :  9.454412555787712e-05
Epoch :  284  Epoch time :  11.832015226013027  Rel. Train L2 Loss :  9.554175394587219e-05
Epoch :  285  Epoch time :  11.832459393976023  Rel. Train L2 Loss :  9.786282869754359e-05
Epoch :  286  Epoch time :  11.836996720026946  Rel. Train L2 Loss :  9.15412332105916e-05
Epoch :  287  Epoch time :  11.832382863009116  Rel. Train L2 Loss :  9.694508808897808e-05
Epoch :  288  Epoch time :  11.844605677004438  Rel. Train L2 Loss :  9.538949654088356e-05
Epoch :  289  Epoch time :  11.835889423004119  Rel. Train L2 Loss :  9.60661472985521e-05
Epoch :  290  Epoch time :  11.834879230998922  Rel. Train L2 Loss :  9.835614620242268e-05
Epoch :  291  Epoch time :  11.838542798999697  Rel. Train L2 Loss :  9.529561077360995e-05
Epoch :  292  Epoch time :  11.837810748984339  Rel. Train L2 Loss :  9.492651431937702e-05
Epoch :  293  Epoch time :  11.844131118006771  Rel. Train L2 Loss :  9.522921424359084e-05
Epoch :  294  Epoch time :  11.83691362600075  Rel. Train L2 Loss :  9.558278106851504e-05
Epoch :  295  Epoch time :  11.848690060985973  Rel. Train L2 Loss :  9.506342709064484e-05
Epoch :  296  Epoch time :  11.833791765995556  Rel. Train L2 Loss :  9.462589395116083e-05
Epoch :  297  Epoch time :  11.838045718992362  Rel. Train L2 Loss :  9.384226549300365e-05
Epoch :  298  Epoch time :  11.846176516992273  Rel. Train L2 Loss :  9.380772507865913e-05
Epoch :  299  Epoch time :  11.839634345989907  Rel. Train L2 Loss :  9.629739476949908e-05
Epoch :  300  Epoch time :  11.838708478986518  Rel. Train L2 Loss :  5.9407120617106556e-05
Epoch :  301  Epoch time :  11.835438540991163  Rel. Train L2 Loss :  6.166886008577421e-05
Epoch :  302  Epoch time :  11.834999954007799  Rel. Train L2 Loss :  6.502406528452412e-05
Epoch :  303  Epoch time :  11.835452341998462  Rel. Train L2 Loss :  6.58721500018146e-05
Epoch :  304  Epoch time :  11.843615587014938  Rel. Train L2 Loss :  6.742797778570093e-05
Epoch :  305  Epoch time :  11.84489471098641  Rel. Train L2 Loss :  6.604586147004738e-05
Epoch :  306  Epoch time :  11.836095131991897  Rel. Train L2 Loss :  6.552717235754243e-05
Epoch :  307  Epoch time :  11.837431970023317  Rel. Train L2 Loss :  6.553159427712672e-05
Epoch :  308  Epoch time :  11.834961927001132  Rel. Train L2 Loss :  6.68545083492063e-05
Epoch :  309  Epoch time :  11.832227437989786  Rel. Train L2 Loss :  6.609643943957053e-05
Epoch :  310  Epoch time :  11.837989612977253  Rel. Train L2 Loss :  6.626394698396325e-05
Epoch :  311  Epoch time :  11.84011918399483  Rel. Train L2 Loss :  6.64062578289304e-05
Epoch :  312  Epoch time :  11.835184035997372  Rel. Train L2 Loss :  6.589278059545904e-05
Epoch :  313  Epoch time :  11.839163841010304  Rel. Train L2 Loss :  6.564579003024847e-05
Epoch :  314  Epoch time :  11.832592869992368  Rel. Train L2 Loss :  6.545889768749476e-05
Epoch :  315  Epoch time :  11.833679462026339  Rel. Train L2 Loss :  6.597406444489025e-05
Epoch :  316  Epoch time :  11.85056139700464  Rel. Train L2 Loss :  6.531534534879029e-05
Epoch :  317  Epoch time :  11.83357286802493  Rel. Train L2 Loss :  6.585384747595527e-05
Epoch :  318  Epoch time :  11.83269865901093  Rel. Train L2 Loss :  6.672543364111334e-05
Epoch :  319  Epoch time :  11.835130463994574  Rel. Train L2 Loss :  6.527678429847583e-05
Epoch :  320  Epoch time :  11.832446551998146  Rel. Train L2 Loss :  6.529980053310282e-05
Epoch :  321  Epoch time :  11.83201934301178  Rel. Train L2 Loss :  6.552582974545658e-05
Epoch :  322  Epoch time :  11.835256146994652  Rel. Train L2 Loss :  6.528429974569008e-05
Epoch :  323  Epoch time :  11.832602986018173  Rel. Train L2 Loss :  6.519753387547098e-05
Epoch :  324  Epoch time :  11.834748001012485  Rel. Train L2 Loss :  6.558708211523481e-05
Epoch :  325  Epoch time :  11.841226941003697  Rel. Train L2 Loss :  6.624114156584255e-05
Epoch :  326  Epoch time :  11.832587376993615  Rel. Train L2 Loss :  6.511449079262093e-05
Epoch :  327  Epoch time :  11.83444134099409  Rel. Train L2 Loss :  6.46157855342608e-05
Epoch :  328  Epoch time :  11.833009088994004  Rel. Train L2 Loss :  6.632509768824093e-05
Epoch :  329  Epoch time :  11.842844173021149  Rel. Train L2 Loss :  6.586049208999611e-05
Epoch :  330  Epoch time :  11.83386350798537  Rel. Train L2 Loss :  6.529379955609329e-05
Epoch :  331  Epoch time :  11.83272666000994  Rel. Train L2 Loss :  6.536142346449196e-05
Epoch :  332  Epoch time :  11.831454481987748  Rel. Train L2 Loss :  6.581645237747579e-05
Epoch :  333  Epoch time :  11.835215250001056  Rel. Train L2 Loss :  6.532547093811445e-05
Epoch :  334  Epoch time :  11.835048642009497  Rel. Train L2 Loss :  6.550746955908834e-05
Epoch :  335  Epoch time :  11.831991636980092  Rel. Train L2 Loss :  6.504314736230299e-05
Epoch :  336  Epoch time :  11.835573970980477  Rel. Train L2 Loss :  6.49513026990462e-05
Epoch :  337  Epoch time :  11.843795373017201  Rel. Train L2 Loss :  6.65257366723381e-05
Epoch :  338  Epoch time :  11.83263289599563  Rel. Train L2 Loss :  6.468788160127588e-05
Epoch :  339  Epoch time :  11.836425504006911  Rel. Train L2 Loss :  6.548965608817525e-05
Epoch :  340  Epoch time :  11.836390592012322  Rel. Train L2 Loss :  6.448220807360485e-05
Epoch :  341  Epoch time :  11.831445274001453  Rel. Train L2 Loss :  6.468034033314324e-05
Epoch :  342  Epoch time :  11.83624511299422  Rel. Train L2 Loss :  6.569741238490679e-05
Epoch :  343  Epoch time :  11.833862113009673  Rel. Train L2 Loss :  6.600932617438957e-05
Epoch :  344  Epoch time :  11.837124455021694  Rel. Train L2 Loss :  6.448293082066811e-05
Epoch :  345  Epoch time :  11.837007714028005  Rel. Train L2 Loss :  6.506406519329175e-05
Epoch :  346  Epoch time :  11.833762410999043  Rel. Train L2 Loss :  6.445609380025417e-05
Epoch :  347  Epoch time :  11.831526484980714  Rel. Train L2 Loss :  6.503913578344509e-05
Epoch :  348  Epoch time :  11.83618455499527  Rel. Train L2 Loss :  6.527378199971281e-05
Epoch :  349  Epoch time :  11.833907819993328  Rel. Train L2 Loss :  6.409257286577486e-05
Epoch :  350  Epoch time :  11.837707452999894  Rel. Train L2 Loss :  6.69183676422108e-05
Epoch :  351  Epoch time :  11.837319735001074  Rel. Train L2 Loss :  6.437252491014078e-05
Epoch :  352  Epoch time :  11.836202006001258  Rel. Train L2 Loss :  6.459717254620045e-05
Epoch :  353  Epoch time :  11.832537589012645  Rel. Train L2 Loss :  6.548598099616356e-05
Epoch :  354  Epoch time :  11.842662184004439  Rel. Train L2 Loss :  6.436971631483174e-05
Epoch :  355  Epoch time :  11.835315159987658  Rel. Train L2 Loss :  6.406135873985477e-05
Epoch :  356  Epoch time :  11.833507827017456  Rel. Train L2 Loss :  6.547754696221091e-05
Epoch :  357  Epoch time :  11.8314559829887  Rel. Train L2 Loss :  6.357240899815225e-05
Epoch :  358  Epoch time :  11.834995495009935  Rel. Train L2 Loss :  6.65216849243734e-05
Epoch :  359  Epoch time :  11.833228142000735  Rel. Train L2 Loss :  6.444243476726115e-05
Epoch :  360  Epoch time :  11.832136287004687  Rel. Train L2 Loss :  6.476816693902947e-05
Epoch :  361  Epoch time :  11.837165139004355  Rel. Train L2 Loss :  6.479461821145378e-05
Epoch :  362  Epoch time :  11.835750280995853  Rel. Train L2 Loss :  6.495553926797583e-05
Epoch :  363  Epoch time :  11.838024297991069  Rel. Train L2 Loss :  6.488523180014454e-05
Epoch :  364  Epoch time :  11.836150303977774  Rel. Train L2 Loss :  6.557172336033546e-05
Epoch :  365  Epoch time :  11.84310683500371  Rel. Train L2 Loss :  6.436172958929092e-05
Epoch :  366  Epoch time :  11.83891890902305  Rel. Train L2 Loss :  6.393494032672606e-05
Epoch :  367  Epoch time :  11.835207560972776  Rel. Train L2 Loss :  6.410283428267576e-05
Epoch :  368  Epoch time :  11.837216118001379  Rel. Train L2 Loss :  6.538098457967862e-05
Epoch :  369  Epoch time :  11.840999067993835  Rel. Train L2 Loss :  6.470141265308484e-05
Epoch :  370  Epoch time :  11.837331451009959  Rel. Train L2 Loss :  6.451463879784569e-05
Epoch :  371  Epoch time :  11.835368772997754  Rel. Train L2 Loss :  6.545540364459158e-05
Epoch :  372  Epoch time :  11.848106512014056  Rel. Train L2 Loss :  6.334407384274527e-05
Epoch :  373  Epoch time :  11.83656327900826  Rel. Train L2 Loss :  6.458583724452183e-05
Epoch :  374  Epoch time :  11.835592638992239  Rel. Train L2 Loss :  6.552226424682886e-05
Epoch :  375  Epoch time :  11.840079808986047  Rel. Train L2 Loss :  6.564022781676613e-05
Epoch :  376  Epoch time :  11.837066289008362  Rel. Train L2 Loss :  6.425273892236873e-05
Epoch :  377  Epoch time :  11.845599577995017  Rel. Train L2 Loss :  6.477809982607141e-05
Epoch :  378  Epoch time :  11.83994850300951  Rel. Train L2 Loss :  6.43701279128436e-05
Epoch :  379  Epoch time :  11.842138534004334  Rel. Train L2 Loss :  6.381037480314262e-05
Epoch :  380  Epoch time :  11.840132562996587  Rel. Train L2 Loss :  6.464883809094317e-05
Epoch :  381  Epoch time :  11.83923443898675  Rel. Train L2 Loss :  6.431722122943028e-05
Epoch :  382  Epoch time :  11.844097093999153  Rel. Train L2 Loss :  6.397612704313361e-05
Epoch :  383  Epoch time :  11.835157824010821  Rel. Train L2 Loss :  6.438319097505883e-05
Epoch :  384  Epoch time :  11.83999866398517  Rel. Train L2 Loss :  6.432690662913955e-05
Epoch :  385  Epoch time :  11.83632073798799  Rel. Train L2 Loss :  6.595695471041836e-05
Epoch :  386  Epoch time :  11.841137476993026  Rel. Train L2 Loss :  6.318699810653925e-05
Epoch :  387  Epoch time :  11.84834093900281  Rel. Train L2 Loss :  6.4572276128456e-05
Epoch :  388  Epoch time :  11.836984636989655  Rel. Train L2 Loss :  6.372545338235796e-05
Epoch :  389  Epoch time :  11.840727091010194  Rel. Train L2 Loss :  6.542498086346314e-05
Epoch :  390  Epoch time :  11.839369753026403  Rel. Train L2 Loss :  6.357075833366252e-05
Epoch :  391  Epoch time :  11.847551947983447  Rel. Train L2 Loss :  6.465558444033377e-05
Epoch :  392  Epoch time :  11.840917758992873  Rel. Train L2 Loss :  6.666820165119134e-05
Epoch :  393  Epoch time :  11.84238065298996  Rel. Train L2 Loss :  6.36494105681777e-05
Epoch :  394  Epoch time :  11.837312335002935  Rel. Train L2 Loss :  6.450619889074005e-05
Epoch :  395  Epoch time :  11.83546380000189  Rel. Train L2 Loss :  6.389998060767539e-05
Epoch :  396  Epoch time :  11.840507092012558  Rel. Train L2 Loss :  6.524308792431839e-05
Epoch :  397  Epoch time :  11.838184486987302  Rel. Train L2 Loss :  6.368292165570892e-05
Epoch :  398  Epoch time :  11.839799848996336  Rel. Train L2 Loss :  6.378771815216168e-05
Epoch :  399  Epoch time :  11.839861604006728  Rel. Train L2 Loss :  6.446839322452433e-05
Epoch :  400  Epoch time :  11.836659844004316  Rel. Train L2 Loss :  4.830979841062799e-05
Epoch :  401  Epoch time :  11.835333930997876  Rel. Train L2 Loss :  4.9133726116269825e-05
Epoch :  402  Epoch time :  11.839566987997387  Rel. Train L2 Loss :  5.0480361629161056e-05
Epoch :  403  Epoch time :  11.83620299200993  Rel. Train L2 Loss :  5.094263455830515e-05
Epoch :  404  Epoch time :  11.835549929004628  Rel. Train L2 Loss :  5.030698105110787e-05
Epoch :  405  Epoch time :  11.84099485000479  Rel. Train L2 Loss :  5.094914037326817e-05
Epoch :  406  Epoch time :  11.837157414993271  Rel. Train L2 Loss :  5.106631692615338e-05
Epoch :  407  Epoch time :  11.836908224009676  Rel. Train L2 Loss :  5.073614951688796e-05
Epoch :  408  Epoch time :  11.843392318987753  Rel. Train L2 Loss :  5.0993043719790874e-05
Epoch :  409  Epoch time :  11.840120515989838  Rel. Train L2 Loss :  5.0867178058251736e-05
Epoch :  410  Epoch time :  11.836555948975729  Rel. Train L2 Loss :  5.059358109137975e-05
Epoch :  411  Epoch time :  11.844509264017688  Rel. Train L2 Loss :  5.0712765322532505e-05
Epoch :  412  Epoch time :  11.836391585995443  Rel. Train L2 Loss :  5.061418852710631e-05
Epoch :  413  Epoch time :  11.836737656994956  Rel. Train L2 Loss :  5.071488253015559e-05
Epoch :  414  Epoch time :  11.840094623999903  Rel. Train L2 Loss :  5.115352868451737e-05
Epoch :  415  Epoch time :  11.836855178000405  Rel. Train L2 Loss :  5.055467474157922e-05
Epoch :  416  Epoch time :  11.83533801700105  Rel. Train L2 Loss :  5.049364232691005e-05
Epoch :  417  Epoch time :  11.839485175994923  Rel. Train L2 Loss :  5.1292455551447343e-05
Epoch :  418  Epoch time :  11.836201130005065  Rel. Train L2 Loss :  5.060679600574076e-05
Epoch :  419  Epoch time :  11.839005764981266  Rel. Train L2 Loss :  5.042691701382864e-05
Epoch :  420  Epoch time :  11.840387115982594  Rel. Train L2 Loss :  5.0468667794484646e-05
Epoch :  421  Epoch time :  11.847387072979473  Rel. Train L2 Loss :  5.0811030634213236e-05
Epoch :  422  Epoch time :  11.835630126006436  Rel. Train L2 Loss :  5.071019873721525e-05
Epoch :  423  Epoch time :  11.839222119015176  Rel. Train L2 Loss :  5.003720988170244e-05
Epoch :  424  Epoch time :  11.835786478011869  Rel. Train L2 Loss :  5.040045031346381e-05
Epoch :  425  Epoch time :  11.835793719015783  Rel. Train L2 Loss :  5.078350249386858e-05
Epoch :  426  Epoch time :  11.83867229698808  Rel. Train L2 Loss :  5.080065048241522e-05
Epoch :  427  Epoch time :  11.837339154008077  Rel. Train L2 Loss :  5.0437206364586015e-05
Epoch :  428  Epoch time :  11.834948014002293  Rel. Train L2 Loss :  5.0768965971656145e-05
Epoch :  429  Epoch time :  11.844684561976464  Rel. Train L2 Loss :  5.052507840446197e-05
Epoch :  430  Epoch time :  11.837307502020849  Rel. Train L2 Loss :  5.0305571377975865e-05
Epoch :  431  Epoch time :  11.83471592402202  Rel. Train L2 Loss :  5.057611941010691e-05
Epoch :  432  Epoch time :  11.837282276013866  Rel. Train L2 Loss :  5.020719120511785e-05
Epoch :  433  Epoch time :  11.839061641978333  Rel. Train L2 Loss :  5.052934857085347e-05
Epoch :  434  Epoch time :  11.84451656701276  Rel. Train L2 Loss :  5.0558723293943334e-05
Epoch :  435  Epoch time :  11.838282144977711  Rel. Train L2 Loss :  5.0592695639352314e-05
Epoch :  436  Epoch time :  11.850613299000543  Rel. Train L2 Loss :  5.0517528946511446e-05
Epoch :  437  Epoch time :  11.834853713982739  Rel. Train L2 Loss :  5.04637244855985e-05
Epoch :  438  Epoch time :  11.842214497999521  Rel. Train L2 Loss :  4.99658819520846e-05
Epoch :  439  Epoch time :  11.835865160013782  Rel. Train L2 Loss :  5.046600665373262e-05
Epoch :  440  Epoch time :  11.849215925001772  Rel. Train L2 Loss :  5.03281598794274e-05
Epoch :  441  Epoch time :  11.835199158987962  Rel. Train L2 Loss :  5.033689408446662e-05
Epoch :  442  Epoch time :  11.834350046003237  Rel. Train L2 Loss :  5.044950166484341e-05
Epoch :  443  Epoch time :  11.845769896986894  Rel. Train L2 Loss :  5.024750019074418e-05
Epoch :  444  Epoch time :  11.846289931010688  Rel. Train L2 Loss :  5.0063769315602255e-05
Epoch :  445  Epoch time :  11.837654308998026  Rel. Train L2 Loss :  5.055262170790229e-05
Epoch :  446  Epoch time :  11.837982044991804  Rel. Train L2 Loss :  4.994300603575539e-05
Epoch :  447  Epoch time :  11.836391313991044  Rel. Train L2 Loss :  5.0181401518057104e-05
Epoch :  448  Epoch time :  11.835816100006923  Rel. Train L2 Loss :  5.049131299601868e-05
Epoch :  449  Epoch time :  11.837215852981899  Rel. Train L2 Loss :  5.059361879830248e-05
Epoch :  450  Epoch time :  11.836191754991887  Rel. Train L2 Loss :  5.020532957278192e-05
Epoch :  451  Epoch time :  11.840992149984231  Rel. Train L2 Loss :  5.050407406524755e-05
Epoch :  452  Epoch time :  11.83878659401671  Rel. Train L2 Loss :  5.000536465377081e-05
Epoch :  453  Epoch time :  11.835465249983827  Rel. Train L2 Loss :  5.034489993122406e-05
Epoch :  454  Epoch time :  11.83315444100299  Rel. Train L2 Loss :  5.074132451554761e-05
Epoch :  455  Epoch time :  11.839073576993542  Rel. Train L2 Loss :  5.002174821565859e-05
Epoch :  456  Epoch time :  11.836267423990648  Rel. Train L2 Loss :  5.0008601223817096e-05
Epoch :  457  Epoch time :  11.838814593997085  Rel. Train L2 Loss :  5.018047320772894e-05
Epoch :  458  Epoch time :  11.83737793599721  Rel. Train L2 Loss :  5.0467122526606547e-05
Epoch :  459  Epoch time :  11.836299932008842  Rel. Train L2 Loss :  5.024075959809125e-05
Epoch :  460  Epoch time :  11.833843323984183  Rel. Train L2 Loss :  5.0322470563696695e-05
Epoch :  461  Epoch time :  11.838505021005403  Rel. Train L2 Loss :  4.9644272262230516e-05
Epoch :  462  Epoch time :  11.835424930002773  Rel. Train L2 Loss :  4.9957141376216895e-05
Epoch :  463  Epoch time :  11.834741183993174  Rel. Train L2 Loss :  5.069721199688502e-05
Epoch :  464  Epoch time :  11.847185498016188  Rel. Train L2 Loss :  4.942950753902551e-05
Epoch :  465  Epoch time :  11.834969980001915  Rel. Train L2 Loss :  5.000747613084968e-05
Epoch :  466  Epoch time :  11.840635544009274  Rel. Train L2 Loss :  4.996524141461123e-05
Epoch :  467  Epoch time :  11.838396605016897  Rel. Train L2 Loss :  5.046581919887103e-05
Epoch :  468  Epoch time :  11.836267317994498  Rel. Train L2 Loss :  5.01157847000286e-05
Epoch :  469  Epoch time :  11.835850438015768  Rel. Train L2 Loss :  5.0085690038395116e-05
Epoch :  470  Epoch time :  11.84385184198618  Rel. Train L2 Loss :  4.9862237292109056e-05
Epoch :  471  Epoch time :  11.841407565982081  Rel. Train L2 Loss :  4.999894332140684e-05
Epoch :  472  Epoch time :  11.836765504005598  Rel. Train L2 Loss :  4.997826615581289e-05
Epoch :  473  Epoch time :  11.841053479991388  Rel. Train L2 Loss :  5.011362436343916e-05
Epoch :  474  Epoch time :  11.843495615001302  Rel. Train L2 Loss :  4.982701921253465e-05
Epoch :  475  Epoch time :  11.837497289001476  Rel. Train L2 Loss :  4.984563031757716e-05
Epoch :  476  Epoch time :  11.83530181000242  Rel. Train L2 Loss :  4.9617207329720256e-05
Epoch :  477  Epoch time :  11.841152794018853  Rel. Train L2 Loss :  5.02016205136897e-05
Epoch :  478  Epoch time :  11.84995375899598  Rel. Train L2 Loss :  4.995436645112932e-05
Epoch :  479  Epoch time :  11.834726600995054  Rel. Train L2 Loss :  5.010232964414172e-05
Epoch :  480  Epoch time :  11.834400910011027  Rel. Train L2 Loss :  4.964794794213958e-05
Epoch :  481  Epoch time :  11.836952097015455  Rel. Train L2 Loss :  4.965111604542472e-05
Epoch :  482  Epoch time :  11.834569153987104  Rel. Train L2 Loss :  5.023033541510813e-05
Epoch :  483  Epoch time :  11.833163785020588  Rel. Train L2 Loss :  4.9952858212054704e-05
Epoch :  484  Epoch time :  11.836762027989607  Rel. Train L2 Loss :  4.974562669522129e-05
Epoch :  485  Epoch time :  11.836094331985805  Rel. Train L2 Loss :  5.022130206634756e-05
Epoch :  486  Epoch time :  11.834822618984617  Rel. Train L2 Loss :  4.9879170407075435e-05
Epoch :  487  Epoch time :  11.837580963008804  Rel. Train L2 Loss :  4.9546842393465343e-05
Epoch :  488  Epoch time :  11.83592721997411  Rel. Train L2 Loss :  4.9656944192247466e-05
Epoch :  489  Epoch time :  11.835319003002951  Rel. Train L2 Loss :  4.972074495744892e-05
Epoch :  490  Epoch time :  11.837513119011419  Rel. Train L2 Loss :  4.967832423863001e-05
Epoch :  491  Epoch time :  11.838027117017191  Rel. Train L2 Loss :  5.024396284716204e-05
Epoch :  492  Epoch time :  11.844579063996207  Rel. Train L2 Loss :  4.969951643142849e-05
Epoch :  493  Epoch time :  11.838029780978104  Rel. Train L2 Loss :  5.025240380782634e-05
Epoch :  494  Epoch time :  11.841762184019899  Rel. Train L2 Loss :  4.93173433089396e-05
Epoch :  495  Epoch time :  11.835156123997876  Rel. Train L2 Loss :  5.0267278164392336e-05
Epoch :  496  Epoch time :  11.85151287500048  Rel. Train L2 Loss :  4.927188286092132e-05
Epoch :  497  Epoch time :  11.837309497001115  Rel. Train L2 Loss :  4.935412647901103e-05
Epoch :  498  Epoch time :  11.835464795993175  Rel. Train L2 Loss :  4.970613654586487e-05
Epoch :  499  Epoch time :  11.845859396999003  Rel. Train L2 Loss :  4.978414528304711e-05
Total time is : 5926.412347604026 Total epoch is  500
