['learnFNO.py', '20000', '16', '16']
222049
Epoch :  0  Epoch time :  7.319593043008354  Rel. Train L2 Loss :  0.2822643604576588
Epoch :  1  Epoch time :  6.980177232995629  Rel. Train L2 Loss :  0.010038856460899115
Epoch :  2  Epoch time :  6.954218153987313  Rel. Train L2 Loss :  0.004827123418450355
Epoch :  3  Epoch time :  6.978212057991186  Rel. Train L2 Loss :  0.0034282416269183157
Epoch :  4  Epoch time :  6.9582788230036385  Rel. Train L2 Loss :  0.0027686716886237265
Epoch :  5  Epoch time :  6.972466271021403  Rel. Train L2 Loss :  0.0023441604500636457
Epoch :  6  Epoch time :  6.981945614999859  Rel. Train L2 Loss :  0.0020567414816468955
Epoch :  7  Epoch time :  7.001463538996177  Rel. Train L2 Loss :  0.0017988891024142504
Epoch :  8  Epoch time :  7.037479627004359  Rel. Train L2 Loss :  0.0016826072780415416
Epoch :  9  Epoch time :  6.986143174988683  Rel. Train L2 Loss :  0.0014805926612578332
Epoch :  10  Epoch time :  6.933114979998209  Rel. Train L2 Loss :  0.0013666206038556992
Epoch :  11  Epoch time :  6.914702946000034  Rel. Train L2 Loss :  0.0013151523032225668
Epoch :  12  Epoch time :  6.914270759996725  Rel. Train L2 Loss :  0.0011580982729792594
Epoch :  13  Epoch time :  6.984598018985707  Rel. Train L2 Loss :  0.001088394232094288
Epoch :  14  Epoch time :  6.983196996996412  Rel. Train L2 Loss :  0.0010596830947324633
Epoch :  15  Epoch time :  6.991449150984408  Rel. Train L2 Loss :  0.00100233103800565
Epoch :  16  Epoch time :  6.986268831999041  Rel. Train L2 Loss :  0.0009330186197534203
Epoch :  17  Epoch time :  6.998903066996718  Rel. Train L2 Loss :  0.0009363449807278812
Epoch :  18  Epoch time :  7.00027778299409  Rel. Train L2 Loss :  0.0008691789634525776
Epoch :  19  Epoch time :  6.99643848001142  Rel. Train L2 Loss :  0.0008374038754962385
Epoch :  20  Epoch time :  6.964834885991877  Rel. Train L2 Loss :  0.0008172092843800784
Epoch :  21  Epoch time :  7.002789794001728  Rel. Train L2 Loss :  0.000770614831103012
Epoch :  22  Epoch time :  6.9656916669919156  Rel. Train L2 Loss :  0.0007708935132250189
Epoch :  23  Epoch time :  7.004496220004512  Rel. Train L2 Loss :  0.0007782346977852285
Epoch :  24  Epoch time :  6.986731891985983  Rel. Train L2 Loss :  0.0006907285383436829
Epoch :  25  Epoch time :  6.997640980989672  Rel. Train L2 Loss :  0.0007267694230657071
Epoch :  26  Epoch time :  7.008398509002291  Rel. Train L2 Loss :  0.0007049142040777952
Epoch :  27  Epoch time :  6.996647084975848  Rel. Train L2 Loss :  0.0006695587744470685
Epoch :  28  Epoch time :  6.9470358089893125  Rel. Train L2 Loss :  0.0006767620002385229
Epoch :  29  Epoch time :  6.9151483140012715  Rel. Train L2 Loss :  0.0006559149587992578
Epoch :  30  Epoch time :  6.908390602999134  Rel. Train L2 Loss :  0.0006732986159622669
Epoch :  31  Epoch time :  6.959953771001892  Rel. Train L2 Loss :  0.0006127284960821271
Epoch :  32  Epoch time :  6.995442911982536  Rel. Train L2 Loss :  0.0006358549684751779
Epoch :  33  Epoch time :  6.987529236997943  Rel. Train L2 Loss :  0.000609849081421271
Epoch :  34  Epoch time :  6.9991916849976406  Rel. Train L2 Loss :  0.0005775568866170943
Epoch :  35  Epoch time :  7.006587525014766  Rel. Train L2 Loss :  0.0005881477561313659
Epoch :  36  Epoch time :  7.011913608992472  Rel. Train L2 Loss :  0.0005945492189843208
Epoch :  37  Epoch time :  7.026384923025034  Rel. Train L2 Loss :  0.0005759861043188721
Epoch :  38  Epoch time :  7.011197664018255  Rel. Train L2 Loss :  0.0005840010946150869
Epoch :  39  Epoch time :  6.969865360006224  Rel. Train L2 Loss :  0.0005772648396901787
Epoch :  40  Epoch time :  7.0267189540027175  Rel. Train L2 Loss :  0.000543451357493177
Epoch :  41  Epoch time :  6.9877173120039515  Rel. Train L2 Loss :  0.0005641325689386576
Epoch :  42  Epoch time :  7.010431364993565  Rel. Train L2 Loss :  0.0005590441945474595
Epoch :  43  Epoch time :  7.026079707982717  Rel. Train L2 Loss :  0.0005405804008711129
Epoch :  44  Epoch time :  7.011732655024389  Rel. Train L2 Loss :  0.0005368508258834482
Epoch :  45  Epoch time :  7.0080221940006595  Rel. Train L2 Loss :  0.0005233587550465018
Epoch :  46  Epoch time :  7.003589914995246  Rel. Train L2 Loss :  0.0005379474714398384
Epoch :  47  Epoch time :  6.940204048994929  Rel. Train L2 Loss :  0.0005069204029627144
Epoch :  48  Epoch time :  6.925477310025599  Rel. Train L2 Loss :  0.0005214319219812751
Epoch :  49  Epoch time :  6.93225673501729  Rel. Train L2 Loss :  0.000502416020235978
Epoch :  50  Epoch time :  6.997307954996359  Rel. Train L2 Loss :  0.0005183984406292438
Epoch :  51  Epoch time :  6.993894367973553  Rel. Train L2 Loss :  0.0004859426682814956
Epoch :  52  Epoch time :  7.01703314401675  Rel. Train L2 Loss :  0.0005122017783112824
Epoch :  53  Epoch time :  7.004528864985332  Rel. Train L2 Loss :  0.00047372470395639537
Epoch :  54  Epoch time :  7.019069893984124  Rel. Train L2 Loss :  0.00048236769773066045
Epoch :  55  Epoch time :  7.02890670101624  Rel. Train L2 Loss :  0.0005084848696831613
Epoch :  56  Epoch time :  7.042776866990607  Rel. Train L2 Loss :  0.00046579855303280056
Epoch :  57  Epoch time :  6.984575892012799  Rel. Train L2 Loss :  0.0004748319472651929
Epoch :  58  Epoch time :  7.0155859099759255  Rel. Train L2 Loss :  0.0004774923598160967
Epoch :  59  Epoch time :  6.9894071809831075  Rel. Train L2 Loss :  0.00047977725826203824
Epoch :  60  Epoch time :  7.028662575001363  Rel. Train L2 Loss :  0.00046095552886836233
Epoch :  61  Epoch time :  7.015920345002087  Rel. Train L2 Loss :  0.00044277742127887907
Epoch :  62  Epoch time :  7.011405858997023  Rel. Train L2 Loss :  0.0004741382908541709
Epoch :  63  Epoch time :  7.024565879983129  Rel. Train L2 Loss :  0.00045367502993904057
Epoch :  64  Epoch time :  7.023971182003152  Rel. Train L2 Loss :  0.00045057980995625256
Epoch :  65  Epoch time :  6.965811275003944  Rel. Train L2 Loss :  0.0004483306703157723
Epoch :  66  Epoch time :  6.929802051017759  Rel. Train L2 Loss :  0.00045457869987003505
Epoch :  67  Epoch time :  6.9142844779998995  Rel. Train L2 Loss :  0.00043843963998369873
Epoch :  68  Epoch time :  6.982274239999242  Rel. Train L2 Loss :  0.0004490975545719266
Epoch :  69  Epoch time :  7.015814243000932  Rel. Train L2 Loss :  0.0004399927157908678
Epoch :  70  Epoch time :  6.999671829980798  Rel. Train L2 Loss :  0.00044276744045782836
Epoch :  71  Epoch time :  7.032604624022497  Rel. Train L2 Loss :  0.00044533934486098585
Epoch :  72  Epoch time :  7.030488135002088  Rel. Train L2 Loss :  0.0004518746781395748
Epoch :  73  Epoch time :  7.02146717600408  Rel. Train L2 Loss :  0.0004055397228337824
Epoch :  74  Epoch time :  7.013622372993268  Rel. Train L2 Loss :  0.00044277201138902457
Epoch :  75  Epoch time :  7.000699937023455  Rel. Train L2 Loss :  0.0004295024128630757
Epoch :  76  Epoch time :  7.001848760002758  Rel. Train L2 Loss :  0.0004232964965049177
Epoch :  77  Epoch time :  7.004037310980493  Rel. Train L2 Loss :  0.00043385769822634757
Epoch :  78  Epoch time :  6.997278488008305  Rel. Train L2 Loss :  0.00039445386826992033
Epoch :  79  Epoch time :  7.022643966978649  Rel. Train L2 Loss :  0.00042313443871680646
Epoch :  80  Epoch time :  7.0283188030007295  Rel. Train L2 Loss :  0.00043087479677051305
Epoch :  81  Epoch time :  7.020958534005331  Rel. Train L2 Loss :  0.000426658591022715
Epoch :  82  Epoch time :  7.037530017987592  Rel. Train L2 Loss :  0.00041534000660758464
Epoch :  83  Epoch time :  6.989970925002126  Rel. Train L2 Loss :  0.00040710276891477404
Epoch :  84  Epoch time :  6.935148664982989  Rel. Train L2 Loss :  0.0004123767964541912
Epoch :  85  Epoch time :  6.9133547189994715  Rel. Train L2 Loss :  0.0004126064426498488
Epoch :  86  Epoch time :  6.919253386004129  Rel. Train L2 Loss :  0.000416908061504364
Epoch :  87  Epoch time :  7.021156611997867  Rel. Train L2 Loss :  0.0004121932248817757
Epoch :  88  Epoch time :  6.988173375022598  Rel. Train L2 Loss :  0.0003836672374047339
Epoch :  89  Epoch time :  7.012437846977264  Rel. Train L2 Loss :  0.00042883561986964197
Epoch :  90  Epoch time :  7.00974148401292  Rel. Train L2 Loss :  0.00039841140690259635
Epoch :  91  Epoch time :  7.020134311984293  Rel. Train L2 Loss :  0.00038719536904245616
Epoch :  92  Epoch time :  7.017738954978995  Rel. Train L2 Loss :  0.0003691545645473525
Epoch :  93  Epoch time :  7.029785812017508  Rel. Train L2 Loss :  0.00040205637959297747
Epoch :  94  Epoch time :  6.965273073990829  Rel. Train L2 Loss :  0.00041323274180758745
Epoch :  95  Epoch time :  7.029190052009653  Rel. Train L2 Loss :  0.0003883900527609512
Epoch :  96  Epoch time :  6.986431804019958  Rel. Train L2 Loss :  0.0003897494978737086
Epoch :  97  Epoch time :  7.025044690002687  Rel. Train L2 Loss :  0.00039503532722592356
Epoch :  98  Epoch time :  7.006827668985352  Rel. Train L2 Loss :  0.00038811423252336683
Epoch :  99  Epoch time :  7.024021802004427  Rel. Train L2 Loss :  0.0004044954204466194
Epoch :  100  Epoch time :  7.019093920011073  Rel. Train L2 Loss :  0.00021256629470735788
Epoch :  101  Epoch time :  7.0150313889898825  Rel. Train L2 Loss :  0.0002286491616629064
Epoch :  102  Epoch time :  6.9613515340024605  Rel. Train L2 Loss :  0.00022748864360619335
Epoch :  103  Epoch time :  6.9318654039816465  Rel. Train L2 Loss :  0.00023920545945875347
Epoch :  104  Epoch time :  6.910655628016684  Rel. Train L2 Loss :  0.0002502178574213758
Epoch :  105  Epoch time :  6.965061013004743  Rel. Train L2 Loss :  0.00024521718143951147
Epoch :  106  Epoch time :  7.01776548899943  Rel. Train L2 Loss :  0.0002413436465896666
Epoch :  107  Epoch time :  6.998658922006143  Rel. Train L2 Loss :  0.0002361095728818327
Epoch :  108  Epoch time :  7.027522344025783  Rel. Train L2 Loss :  0.0002463406932307407
Epoch :  109  Epoch time :  7.013326646992937  Rel. Train L2 Loss :  0.0002378375749103725
Epoch :  110  Epoch time :  7.040385808009887  Rel. Train L2 Loss :  0.0002372956421226263
Epoch :  111  Epoch time :  7.021671397000318  Rel. Train L2 Loss :  0.00024012628623750062
Epoch :  112  Epoch time :  7.012550799991004  Rel. Train L2 Loss :  0.00023704439303837716
Epoch :  113  Epoch time :  6.994020341982832  Rel. Train L2 Loss :  0.0002322548211319372
Epoch :  114  Epoch time :  7.00026368201361  Rel. Train L2 Loss :  0.00023072786328848452
Epoch :  115  Epoch time :  7.014985913992859  Rel. Train L2 Loss :  0.00023748128933366388
Epoch :  116  Epoch time :  7.009191833989462  Rel. Train L2 Loss :  0.00023078108818735927
Epoch :  117  Epoch time :  7.028244679997442  Rel. Train L2 Loss :  0.00023759083966724573
Epoch :  118  Epoch time :  7.013168957986636  Rel. Train L2 Loss :  0.00022664826000109314
Epoch :  119  Epoch time :  7.061869773984654  Rel. Train L2 Loss :  0.0002289851358393207
Epoch :  120  Epoch time :  6.981898164987797  Rel. Train L2 Loss :  0.00023049084176309407
Epoch :  121  Epoch time :  6.942862127994886  Rel. Train L2 Loss :  0.00023800610199104993
Epoch :  122  Epoch time :  6.919640236010309  Rel. Train L2 Loss :  0.00022891402945388108
Epoch :  123  Epoch time :  6.927436770987697  Rel. Train L2 Loss :  0.00023767811830621211
Epoch :  124  Epoch time :  7.028103265009122  Rel. Train L2 Loss :  0.00022924387278035283
Epoch :  125  Epoch time :  6.9817341979942285  Rel. Train L2 Loss :  0.00022696653022430838
Epoch :  126  Epoch time :  7.025290187011706  Rel. Train L2 Loss :  0.0002301645088009536
Epoch :  127  Epoch time :  7.0227929090033285  Rel. Train L2 Loss :  0.00023061104675289244
Epoch :  128  Epoch time :  7.015466171986191  Rel. Train L2 Loss :  0.0002280186172341928
Epoch :  129  Epoch time :  7.031427422014531  Rel. Train L2 Loss :  0.00022485148382838817
Epoch :  130  Epoch time :  7.018558584008133  Rel. Train L2 Loss :  0.00022798479087650776
Epoch :  131  Epoch time :  6.9804637740016915  Rel. Train L2 Loss :  0.00022488368982449174
Epoch :  132  Epoch time :  7.01161626400426  Rel. Train L2 Loss :  0.0002408315696520731
Epoch :  133  Epoch time :  7.000365947023965  Rel. Train L2 Loss :  0.00022431039626244457
Epoch :  134  Epoch time :  7.016760497994255  Rel. Train L2 Loss :  0.00021695572494063526
Epoch :  135  Epoch time :  7.002052463998552  Rel. Train L2 Loss :  0.00022796318798791617
Epoch :  136  Epoch time :  7.001334628992481  Rel. Train L2 Loss :  0.00021856426226440816
Epoch :  137  Epoch time :  6.996454717009328  Rel. Train L2 Loss :  0.00022788317443337292
Epoch :  138  Epoch time :  7.0157988340070006  Rel. Train L2 Loss :  0.00022317750013899057
Epoch :  139  Epoch time :  6.926863736996893  Rel. Train L2 Loss :  0.00021955685352440923
Epoch :  140  Epoch time :  6.898350111005129  Rel. Train L2 Loss :  0.000228212746581994
Epoch :  141  Epoch time :  6.894208985002479  Rel. Train L2 Loss :  0.00022517496615182607
Epoch :  142  Epoch time :  6.970316956023453  Rel. Train L2 Loss :  0.00022303278322797267
Epoch :  143  Epoch time :  6.977468266006326  Rel. Train L2 Loss :  0.0002235689972527325
Epoch :  144  Epoch time :  7.000124701007735  Rel. Train L2 Loss :  0.0002189090642379597
Epoch :  145  Epoch time :  6.99796386397793  Rel. Train L2 Loss :  0.00022850160447414965
Epoch :  146  Epoch time :  7.011656279006274  Rel. Train L2 Loss :  0.0002135708525311202
Epoch :  147  Epoch time :  6.993360948021291  Rel. Train L2 Loss :  0.00021870239274576306
Epoch :  148  Epoch time :  7.020938436005963  Rel. Train L2 Loss :  0.00022687744318973272
Epoch :  149  Epoch time :  6.980699884996284  Rel. Train L2 Loss :  0.00022276107440702617
Epoch :  150  Epoch time :  7.004265735013178  Rel. Train L2 Loss :  0.0002262118329294026
Epoch :  151  Epoch time :  6.969330818013987  Rel. Train L2 Loss :  0.00021453038873150946
Epoch :  152  Epoch time :  6.991630474978592  Rel. Train L2 Loss :  0.00021789340132381767
Epoch :  153  Epoch time :  7.049861448002048  Rel. Train L2 Loss :  0.00021572822702582925
Epoch :  154  Epoch time :  6.9994943990022875  Rel. Train L2 Loss :  0.00022109481983352452
Epoch :  155  Epoch time :  7.0008300130139105  Rel. Train L2 Loss :  0.00022332935568410904
Epoch :  156  Epoch time :  6.993655033002142  Rel. Train L2 Loss :  0.0002212344696978107
Epoch :  157  Epoch time :  6.963142749998951  Rel. Train L2 Loss :  0.00021749501863960177
Epoch :  158  Epoch time :  6.920890745008364  Rel. Train L2 Loss :  0.00022087553741876036
Epoch :  159  Epoch time :  6.89503932298976  Rel. Train L2 Loss :  0.00021460267044603825
Epoch :  160  Epoch time :  6.937874319002731  Rel. Train L2 Loss :  0.0002188147736247629
Epoch :  161  Epoch time :  7.013307181012351  Rel. Train L2 Loss :  0.00021929802380036564
Epoch :  162  Epoch time :  6.974588801007485  Rel. Train L2 Loss :  0.00022129961913451552
Epoch :  163  Epoch time :  7.017129261017544  Rel. Train L2 Loss :  0.00020984827603679152
Epoch :  164  Epoch time :  6.999215404997813  Rel. Train L2 Loss :  0.00021604295463766902
Epoch :  165  Epoch time :  6.990245747991139  Rel. Train L2 Loss :  0.00021993100319523363
Epoch :  166  Epoch time :  7.012572014995385  Rel. Train L2 Loss :  0.00022195880997460336
Epoch :  167  Epoch time :  6.9909702979784925  Rel. Train L2 Loss :  0.0002159541054163128
Epoch :  168  Epoch time :  6.9605455699784216  Rel. Train L2 Loss :  0.0002231521215988323
Epoch :  169  Epoch time :  7.014080096007092  Rel. Train L2 Loss :  0.00021084674084559084
Epoch :  170  Epoch time :  6.97449873900041  Rel. Train L2 Loss :  0.00021368358116596937
Epoch :  171  Epoch time :  6.990260760998353  Rel. Train L2 Loss :  0.0002150835418375209
Epoch :  172  Epoch time :  6.991756064002402  Rel. Train L2 Loss :  0.00021168672628700733
Epoch :  173  Epoch time :  7.012274514010642  Rel. Train L2 Loss :  0.00022680478596594184
Epoch :  174  Epoch time :  7.013768289005384  Rel. Train L2 Loss :  0.00021134379492141308
Epoch :  175  Epoch time :  6.997953080019215  Rel. Train L2 Loss :  0.0002217236696742475
Epoch :  176  Epoch time :  6.940830640000058  Rel. Train L2 Loss :  0.0002130302848527208
Epoch :  177  Epoch time :  6.908920090994798  Rel. Train L2 Loss :  0.00021536561683751642
Epoch :  178  Epoch time :  6.906713107979158  Rel. Train L2 Loss :  0.00021179664900992067
Epoch :  179  Epoch time :  6.949172029009787  Rel. Train L2 Loss :  0.0002208018962526694
Epoch :  180  Epoch time :  7.008295147999888  Rel. Train L2 Loss :  0.00021380156022496522
Epoch :  181  Epoch time :  6.9860880310006905  Rel. Train L2 Loss :  0.00020501187755726278
Epoch :  182  Epoch time :  6.992200600012438  Rel. Train L2 Loss :  0.00021675267841201275
Epoch :  183  Epoch time :  7.009048995998455  Rel. Train L2 Loss :  0.0002089486714452505
Epoch :  184  Epoch time :  7.003124798997305  Rel. Train L2 Loss :  0.00022093249813187867
Epoch :  185  Epoch time :  6.998102155019296  Rel. Train L2 Loss :  0.00021251552901230752
Epoch :  186  Epoch time :  6.997024657990551  Rel. Train L2 Loss :  0.000219381860550493
Epoch :  187  Epoch time :  6.978130896022776  Rel. Train L2 Loss :  0.00021461204988881946
Epoch :  188  Epoch time :  7.000410060980357  Rel. Train L2 Loss :  0.00020777962326537817
Epoch :  189  Epoch time :  6.978726708999602  Rel. Train L2 Loss :  0.00021585473911836745
Epoch :  190  Epoch time :  6.9908081970061176  Rel. Train L2 Loss :  0.00020686184435617178
Epoch :  191  Epoch time :  7.0236624810204376  Rel. Train L2 Loss :  0.00020754082498606295
Epoch :  192  Epoch time :  6.990110604005167  Rel. Train L2 Loss :  0.00021895041605457662
Epoch :  193  Epoch time :  6.989656563004246  Rel. Train L2 Loss :  0.00021320227892138063
Epoch :  194  Epoch time :  7.0104390640044585  Rel. Train L2 Loss :  0.000205453572422266
Epoch :  195  Epoch time :  6.938546259014402  Rel. Train L2 Loss :  0.00021284865405177698
Epoch :  196  Epoch time :  6.908058965986129  Rel. Train L2 Loss :  0.00020812184179667384
Epoch :  197  Epoch time :  6.899988299002871  Rel. Train L2 Loss :  0.0002177329501369968
Epoch :  198  Epoch time :  6.969510792987421  Rel. Train L2 Loss :  0.0002050864780205302
Epoch :  199  Epoch time :  7.000369220011635  Rel. Train L2 Loss :  0.000215666936035268
Epoch :  200  Epoch time :  7.011745992989745  Rel. Train L2 Loss :  0.00013909574649296702
Epoch :  201  Epoch time :  6.993044181988807  Rel. Train L2 Loss :  0.00014411655537551268
Epoch :  202  Epoch time :  7.001526965002995  Rel. Train L2 Loss :  0.0001507266815402545
Epoch :  203  Epoch time :  6.99503640900366  Rel. Train L2 Loss :  0.00014810532345436515
Epoch :  204  Epoch time :  7.014072317018872  Rel. Train L2 Loss :  0.00015114091963041573
Epoch :  205  Epoch time :  6.997331024002051  Rel. Train L2 Loss :  0.00014982456780271604
Epoch :  206  Epoch time :  6.9680070109898224  Rel. Train L2 Loss :  0.00014981337375938891
Epoch :  207  Epoch time :  6.994864866981516  Rel. Train L2 Loss :  0.00015324768339050935
Epoch :  208  Epoch time :  6.990311176981777  Rel. Train L2 Loss :  0.00014901033933274448
Epoch :  209  Epoch time :  7.005740213993704  Rel. Train L2 Loss :  0.0001469961607013829
Epoch :  210  Epoch time :  7.015338563011028  Rel. Train L2 Loss :  0.00015019573312019928
Epoch :  211  Epoch time :  7.000324486987665  Rel. Train L2 Loss :  0.00014778024518163874
Epoch :  212  Epoch time :  7.0087128119776025  Rel. Train L2 Loss :  0.00015130955550121143
Epoch :  213  Epoch time :  6.991251916013425  Rel. Train L2 Loss :  0.00014930557695915924
Epoch :  214  Epoch time :  6.928922480001347  Rel. Train L2 Loss :  0.00014700442238245158
Epoch :  215  Epoch time :  6.903463744005421  Rel. Train L2 Loss :  0.00014795835856348276
Epoch :  216  Epoch time :  6.911497648980003  Rel. Train L2 Loss :  0.00014491299325600267
Epoch :  217  Epoch time :  7.010545306984568  Rel. Train L2 Loss :  0.0001480564246303402
Epoch :  218  Epoch time :  6.976816929003689  Rel. Train L2 Loss :  0.00014796993385534735
Epoch :  219  Epoch time :  7.029888524994021  Rel. Train L2 Loss :  0.00014646374663570896
Epoch :  220  Epoch time :  7.001048202015227  Rel. Train L2 Loss :  0.00014872304066084326
Epoch :  221  Epoch time :  6.993801550008357  Rel. Train L2 Loss :  0.00014715003613382578
Epoch :  222  Epoch time :  7.008059105020948  Rel. Train L2 Loss :  0.00014788443150464444
Epoch :  223  Epoch time :  7.0100090880005155  Rel. Train L2 Loss :  0.00014579593773232774
Epoch :  224  Epoch time :  6.975701093993848  Rel. Train L2 Loss :  0.00014642768701305612
Epoch :  225  Epoch time :  7.003850014996715  Rel. Train L2 Loss :  0.0001454432730562985
Epoch :  226  Epoch time :  6.986982881004224  Rel. Train L2 Loss :  0.00014764226810075342
Epoch :  227  Epoch time :  7.023733895010082  Rel. Train L2 Loss :  0.00014704126903088765
Epoch :  228  Epoch time :  7.030673297995236  Rel. Train L2 Loss :  0.0001448951957281679
Epoch :  229  Epoch time :  7.015116384020075  Rel. Train L2 Loss :  0.00014685199693776667
Epoch :  230  Epoch time :  7.022388969024178  Rel. Train L2 Loss :  0.00014538284051232039
Epoch :  231  Epoch time :  7.0366818019829225  Rel. Train L2 Loss :  0.00014311868275981396
Epoch :  232  Epoch time :  6.95030765098636  Rel. Train L2 Loss :  0.00014622224888298662
Epoch :  233  Epoch time :  6.912741844018456  Rel. Train L2 Loss :  0.0001428967755404301
Epoch :  234  Epoch time :  6.903349753993098  Rel. Train L2 Loss :  0.00014524545994354412
Epoch :  235  Epoch time :  6.977937342016958  Rel. Train L2 Loss :  0.0001454999298439361
Epoch :  236  Epoch time :  6.995272237982135  Rel. Train L2 Loss :  0.00014525345092406496
Epoch :  237  Epoch time :  6.994732918014051  Rel. Train L2 Loss :  0.0001461188879329711
Epoch :  238  Epoch time :  6.995208620995982  Rel. Train L2 Loss :  0.00014335444730240852
Epoch :  239  Epoch time :  7.019852239987813  Rel. Train L2 Loss :  0.00014309924656990915
Epoch :  240  Epoch time :  6.997179566998966  Rel. Train L2 Loss :  0.00014255620865151285
Epoch :  241  Epoch time :  7.023046228016028  Rel. Train L2 Loss :  0.00014720392350573092
Epoch :  242  Epoch time :  7.088202145008836  Rel. Train L2 Loss :  0.00014444155753590168
Epoch :  243  Epoch time :  7.007027056999505  Rel. Train L2 Loss :  0.00014389968358445912
Epoch :  244  Epoch time :  6.99014249900938  Rel. Train L2 Loss :  0.00014338517222786323
Epoch :  245  Epoch time :  6.99882570898626  Rel. Train L2 Loss :  0.00014510663733817636
Epoch :  246  Epoch time :  6.99519553600112  Rel. Train L2 Loss :  0.00014557069366564975
Epoch :  247  Epoch time :  7.027853253996  Rel. Train L2 Loss :  0.00014319570952793582
Epoch :  248  Epoch time :  7.012377356993966  Rel. Train L2 Loss :  0.00014468282798770816
Epoch :  249  Epoch time :  7.019787767989328  Rel. Train L2 Loss :  0.00014454041549470277
Epoch :  250  Epoch time :  6.96101741498569  Rel. Train L2 Loss :  0.0001422198952990584
Epoch :  251  Epoch time :  6.926128245017026  Rel. Train L2 Loss :  0.00014404007502598687
Epoch :  252  Epoch time :  6.904842549003661  Rel. Train L2 Loss :  0.00014132842536782847
Epoch :  253  Epoch time :  6.932541512011085  Rel. Train L2 Loss :  0.00014410523364786058
Epoch :  254  Epoch time :  7.034168022975791  Rel. Train L2 Loss :  0.00014173489748500287
Epoch :  255  Epoch time :  6.974004427000182  Rel. Train L2 Loss :  0.00014421982176136225
Epoch :  256  Epoch time :  7.014288619015133  Rel. Train L2 Loss :  0.0001412476361147128
Epoch :  257  Epoch time :  6.999692418001359  Rel. Train L2 Loss :  0.0001447954341536388
Epoch :  258  Epoch time :  7.02353919702  Rel. Train L2 Loss :  0.00014392727103549986
Epoch :  259  Epoch time :  7.003816554992227  Rel. Train L2 Loss :  0.00014249955301638692
Epoch :  260  Epoch time :  7.001853405003203  Rel. Train L2 Loss :  0.0001406464182655327
Epoch :  261  Epoch time :  6.955940193001879  Rel. Train L2 Loss :  0.00014243411853676662
Epoch :  262  Epoch time :  7.013471401005518  Rel. Train L2 Loss :  0.0001414833997027017
Epoch :  263  Epoch time :  6.976370976975886  Rel. Train L2 Loss :  0.0001408968744217418
Epoch :  264  Epoch time :  6.9990563559986185  Rel. Train L2 Loss :  0.00014044242800446228
Epoch :  265  Epoch time :  7.017931843001861  Rel. Train L2 Loss :  0.00014227520225103943
Epoch :  266  Epoch time :  7.000306706002448  Rel. Train L2 Loss :  0.0001424625822226517
Epoch :  267  Epoch time :  7.041377128014574  Rel. Train L2 Loss :  0.00014131837544264272
Epoch :  268  Epoch time :  6.992082178010605  Rel. Train L2 Loss :  0.00014452867254149168
Epoch :  269  Epoch time :  6.952090036007576  Rel. Train L2 Loss :  0.000139014688343741
Epoch :  270  Epoch time :  6.9190440959937405  Rel. Train L2 Loss :  0.00014518784845713527
Epoch :  271  Epoch time :  6.90317497702199  Rel. Train L2 Loss :  0.00014207271224586293
Epoch :  272  Epoch time :  6.954573057999369  Rel. Train L2 Loss :  0.00013872003288706764
Epoch :  273  Epoch time :  7.015827902010642  Rel. Train L2 Loss :  0.0001429105435148813
Epoch :  274  Epoch time :  6.973232194024604  Rel. Train L2 Loss :  0.00014232426556991414
Epoch :  275  Epoch time :  7.013826919981511  Rel. Train L2 Loss :  0.00014308850179659203
Epoch :  276  Epoch time :  6.9998573519987985  Rel. Train L2 Loss :  0.00013940489096567034
Epoch :  277  Epoch time :  7.019627456000308  Rel. Train L2 Loss :  0.00013796954597346484
Epoch :  278  Epoch time :  7.007139892986743  Rel. Train L2 Loss :  0.0001411512089543976
Epoch :  279  Epoch time :  6.990425644005882  Rel. Train L2 Loss :  0.00014103873514104636
Epoch :  280  Epoch time :  6.965516628988553  Rel. Train L2 Loss :  0.0001424206057214178
Epoch :  281  Epoch time :  6.998556713020662  Rel. Train L2 Loss :  0.00014235066648107022
Epoch :  282  Epoch time :  6.989807125006337  Rel. Train L2 Loss :  0.0001397120507666841
Epoch :  283  Epoch time :  7.018812498979969  Rel. Train L2 Loss :  0.0001405721169896424
Epoch :  284  Epoch time :  7.006830659986008  Rel. Train L2 Loss :  0.00013820160730974748
Epoch :  285  Epoch time :  6.995701992011163  Rel. Train L2 Loss :  0.00014142425801837817
Epoch :  286  Epoch time :  7.0181005200138316  Rel. Train L2 Loss :  0.00013678839488420635
Epoch :  287  Epoch time :  6.992429389007157  Rel. Train L2 Loss :  0.0001412788934307173
Epoch :  288  Epoch time :  6.936151925998274  Rel. Train L2 Loss :  0.00014034827640280127
Epoch :  289  Epoch time :  6.901765557995532  Rel. Train L2 Loss :  0.0001426299056620337
Epoch :  290  Epoch time :  6.906153848016402  Rel. Train L2 Loss :  0.00014072602920932694
Epoch :  291  Epoch time :  7.05486336897593  Rel. Train L2 Loss :  0.00013983954752329737
Epoch :  292  Epoch time :  6.976469468994765  Rel. Train L2 Loss :  0.00013899862254038452
Epoch :  293  Epoch time :  6.994572299998254  Rel. Train L2 Loss :  0.00014154981264146045
Epoch :  294  Epoch time :  7.009288019995438  Rel. Train L2 Loss :  0.00014028108582133427
Epoch :  295  Epoch time :  6.998400961019797  Rel. Train L2 Loss :  0.0001374596278066747
Epoch :  296  Epoch time :  6.99761353500071  Rel. Train L2 Loss :  0.00013873830247903242
Epoch :  297  Epoch time :  7.004662754974561  Rel. Train L2 Loss :  0.0001396452224580571
Epoch :  298  Epoch time :  6.995209323999006  Rel. Train L2 Loss :  0.00013922714958898723
Epoch :  299  Epoch time :  7.013682095013792  Rel. Train L2 Loss :  0.000139445926155895
Epoch :  300  Epoch time :  6.974793339992175  Rel. Train L2 Loss :  0.00010689212230499834
Epoch :  301  Epoch time :  7.0002590070071165  Rel. Train L2 Loss :  0.00010956019085133448
Epoch :  302  Epoch time :  7.0038369270041585  Rel. Train L2 Loss :  0.00011092429617419839
Epoch :  303  Epoch time :  6.996290355978999  Rel. Train L2 Loss :  0.00011030489295953885
Epoch :  304  Epoch time :  7.029636891995324  Rel. Train L2 Loss :  0.00011082478754688054
Epoch :  305  Epoch time :  7.0091771009902  Rel. Train L2 Loss :  0.00011252147121122107
Epoch :  306  Epoch time :  6.954139652982121  Rel. Train L2 Loss :  0.00011212158827111125
Epoch :  307  Epoch time :  6.937086210993584  Rel. Train L2 Loss :  0.00011035258705960587
Epoch :  308  Epoch time :  6.901222065993352  Rel. Train L2 Loss :  0.00011099863924318925
Epoch :  309  Epoch time :  6.910962533991551  Rel. Train L2 Loss :  0.00011071485530701466
Epoch :  310  Epoch time :  7.011557501013158  Rel. Train L2 Loss :  0.00011069996757432819
Epoch :  311  Epoch time :  6.977611802984029  Rel. Train L2 Loss :  0.00011182837493252009
Epoch :  312  Epoch time :  7.015330611990066  Rel. Train L2 Loss :  0.0001107286135898903
Epoch :  313  Epoch time :  6.99438422798994  Rel. Train L2 Loss :  0.00011217397892614827
Epoch :  314  Epoch time :  6.9958499869972  Rel. Train L2 Loss :  0.00010989790033781901
Epoch :  315  Epoch time :  7.004912064992823  Rel. Train L2 Loss :  0.00011074188931379467
Epoch :  316  Epoch time :  7.002698108000914  Rel. Train L2 Loss :  0.0001115034147631377
Epoch :  317  Epoch time :  6.965387962991372  Rel. Train L2 Loss :  0.0001097986449021846
Epoch :  318  Epoch time :  7.011573321011383  Rel. Train L2 Loss :  0.00011128207880537956
Epoch :  319  Epoch time :  6.981040860002395  Rel. Train L2 Loss :  0.00010958253607386723
Epoch :  320  Epoch time :  7.0055098479788285  Rel. Train L2 Loss :  0.00011046343517955392
Epoch :  321  Epoch time :  7.0031042490154505  Rel. Train L2 Loss :  0.00010999334265943616
Epoch :  322  Epoch time :  7.016556001006393  Rel. Train L2 Loss :  0.00011103297085501253
Epoch :  323  Epoch time :  7.0131651899719145  Rel. Train L2 Loss :  0.00010796682582003996
Epoch :  324  Epoch time :  7.004639869002858  Rel. Train L2 Loss :  0.00011037028236314654
Epoch :  325  Epoch time :  6.9615674629749265  Rel. Train L2 Loss :  0.000109304047038313
Epoch :  326  Epoch time :  6.905658896983368  Rel. Train L2 Loss :  0.00011011807889444754
Epoch :  327  Epoch time :  6.900619087013183  Rel. Train L2 Loss :  0.00010855584422242827
Epoch :  328  Epoch time :  6.968404304003343  Rel. Train L2 Loss :  0.00010976171494694427
Epoch :  329  Epoch time :  7.007925642974442  Rel. Train L2 Loss :  0.000109700631222222
Epoch :  330  Epoch time :  6.997725071007153  Rel. Train L2 Loss :  0.0001089949335437268
Epoch :  331  Epoch time :  6.997084791015368  Rel. Train L2 Loss :  0.00011022301824996247
Epoch :  332  Epoch time :  7.005041554017225  Rel. Train L2 Loss :  0.0001094248317182064
Epoch :  333  Epoch time :  7.0139120560197625  Rel. Train L2 Loss :  0.0001092425003531389
Epoch :  334  Epoch time :  7.020008612016682  Rel. Train L2 Loss :  0.00010992213225108572
Epoch :  335  Epoch time :  6.970607191993622  Rel. Train L2 Loss :  0.00010845810390310362
Epoch :  336  Epoch time :  6.984278629999608  Rel. Train L2 Loss :  0.000108491432282608
Epoch :  337  Epoch time :  6.97637907799799  Rel. Train L2 Loss :  0.00010845580258173868
Epoch :  338  Epoch time :  6.993571386003168  Rel. Train L2 Loss :  0.00010916421037400141
Epoch :  339  Epoch time :  7.0049218790081795  Rel. Train L2 Loss :  0.00010822847541421652
Epoch :  340  Epoch time :  7.0028629139997065  Rel. Train L2 Loss :  0.00010783826084807515
Epoch :  341  Epoch time :  7.01839623900014  Rel. Train L2 Loss :  0.0001086351266480051
Epoch :  342  Epoch time :  6.998217433021637  Rel. Train L2 Loss :  0.00010833455426618457
Epoch :  343  Epoch time :  6.966840300010517  Rel. Train L2 Loss :  0.00010841516356449574
Epoch :  344  Epoch time :  6.935386430006474  Rel. Train L2 Loss :  0.00010836798107484356
Epoch :  345  Epoch time :  6.901966548990458  Rel. Train L2 Loss :  0.00010887555607478135
Epoch :  346  Epoch time :  6.9006884500267915  Rel. Train L2 Loss :  0.00010811852235347033
Epoch :  347  Epoch time :  6.986948483012384  Rel. Train L2 Loss :  0.00010873871664516628
Epoch :  348  Epoch time :  6.98363809500006  Rel. Train L2 Loss :  0.00010843540318310261
Epoch :  349  Epoch time :  7.009337696013972  Rel. Train L2 Loss :  0.00010820585448527709
Epoch :  350  Epoch time :  6.994469850993482  Rel. Train L2 Loss :  0.0001088280197000131
Epoch :  351  Epoch time :  6.998438119015191  Rel. Train L2 Loss :  0.00010684657355304807
Epoch :  352  Epoch time :  7.0072997030219994  Rel. Train L2 Loss :  0.0001079842617677059
Epoch :  353  Epoch time :  7.00328025201452  Rel. Train L2 Loss :  0.00010759757212363183
Epoch :  354  Epoch time :  6.984636862995103  Rel. Train L2 Loss :  0.00010837673756759614
Epoch :  355  Epoch time :  6.999540898978012  Rel. Train L2 Loss :  0.00010673387025017292
Epoch :  356  Epoch time :  6.983126799983438  Rel. Train L2 Loss :  0.00010748027816880495
Epoch :  357  Epoch time :  7.011332660011249  Rel. Train L2 Loss :  0.00010770987975993193
Epoch :  358  Epoch time :  6.991161740996176  Rel. Train L2 Loss :  0.00010842597930459306
Epoch :  359  Epoch time :  6.990568394016009  Rel. Train L2 Loss :  0.0001074253378319554
Epoch :  360  Epoch time :  6.995211159985047  Rel. Train L2 Loss :  0.00010730063511291519
Epoch :  361  Epoch time :  6.998203637020197  Rel. Train L2 Loss :  0.00010747660986380652
Epoch :  362  Epoch time :  6.986800594982924  Rel. Train L2 Loss :  0.00010741146671352908
Epoch :  363  Epoch time :  6.945165395998629  Rel. Train L2 Loss :  0.00010796478148549795
Epoch :  364  Epoch time :  6.9089408080035355  Rel. Train L2 Loss :  0.00010762112372904085
Epoch :  365  Epoch time :  6.90520869998727  Rel. Train L2 Loss :  0.00010606038115220145
Epoch :  366  Epoch time :  7.000046503992053  Rel. Train L2 Loss :  0.00010645484731066971
Epoch :  367  Epoch time :  6.98485777201131  Rel. Train L2 Loss :  0.00010661730875144712
Epoch :  368  Epoch time :  7.000226959004067  Rel. Train L2 Loss :  0.00010696128105046228
Epoch :  369  Epoch time :  6.995714052987751  Rel. Train L2 Loss :  0.00010792066908907146
Epoch :  370  Epoch time :  7.010685087007005  Rel. Train L2 Loss :  0.00010641945223324
Epoch :  371  Epoch time :  7.013578546000645  Rel. Train L2 Loss :  0.00010606067416956648
Epoch :  372  Epoch time :  7.0127414950111415  Rel. Train L2 Loss :  0.00010685365526005626
Epoch :  373  Epoch time :  6.978824409015942  Rel. Train L2 Loss :  0.00010591925209155306
Epoch :  374  Epoch time :  7.026119418005692  Rel. Train L2 Loss :  0.00010736524541862309
Epoch :  375  Epoch time :  6.981222641014028  Rel. Train L2 Loss :  0.000105964330927236
Epoch :  376  Epoch time :  7.001993285986828  Rel. Train L2 Loss :  0.00010567335408413783
Epoch :  377  Epoch time :  7.001155490987003  Rel. Train L2 Loss :  0.00010644035381264985
Epoch :  378  Epoch time :  7.007133075007005  Rel. Train L2 Loss :  0.00010518934987485409
Epoch :  379  Epoch time :  7.009259012003895  Rel. Train L2 Loss :  0.00010750092637026683
Epoch :  380  Epoch time :  7.006036493985448  Rel. Train L2 Loss :  0.00010689161665504798
Epoch :  381  Epoch time :  6.9478619569854345  Rel. Train L2 Loss :  0.00010681342785246671
Epoch :  382  Epoch time :  6.920682360010687  Rel. Train L2 Loss :  0.0001059598829015158
Epoch :  383  Epoch time :  6.906003262003651  Rel. Train L2 Loss :  0.00010641191756585614
Epoch :  384  Epoch time :  6.937958350987174  Rel. Train L2 Loss :  0.00010710460623959079
Epoch :  385  Epoch time :  7.0025837770081125  Rel. Train L2 Loss :  0.00010584638265427201
Epoch :  386  Epoch time :  6.976700169994729  Rel. Train L2 Loss :  0.00010547728518722578
Epoch :  387  Epoch time :  7.002754563000053  Rel. Train L2 Loss :  0.00010616229713195935
Epoch :  388  Epoch time :  6.993033684004331  Rel. Train L2 Loss :  0.00010738041157601401
Epoch :  389  Epoch time :  7.003572781017283  Rel. Train L2 Loss :  0.00010524064936907961
Epoch :  390  Epoch time :  7.006709462002618  Rel. Train L2 Loss :  0.00010614119519595989
Epoch :  391  Epoch time :  6.996040002995869  Rel. Train L2 Loss :  0.00010630999188870191
Epoch :  392  Epoch time :  6.952510388015071  Rel. Train L2 Loss :  0.00010414282968267798
Epoch :  393  Epoch time :  7.017248655000003  Rel. Train L2 Loss :  0.00010607313170330599
Epoch :  394  Epoch time :  6.9781800719792955  Rel. Train L2 Loss :  0.00010562514039920643
Epoch :  395  Epoch time :  7.016786698019132  Rel. Train L2 Loss :  0.00010516273949760944
Epoch :  396  Epoch time :  6.990123802010203  Rel. Train L2 Loss :  0.00010508978419238702
Epoch :  397  Epoch time :  7.00984518500627  Rel. Train L2 Loss :  0.00010669467959087342
Epoch :  398  Epoch time :  7.006029814016074  Rel. Train L2 Loss :  0.00010603516270639375
Epoch :  399  Epoch time :  7.019380262005143  Rel. Train L2 Loss :  0.00010480078969849274
Epoch :  400  Epoch time :  6.954488443006994  Rel. Train L2 Loss :  9.021404801169411e-05
Epoch :  401  Epoch time :  6.928258334985003  Rel. Train L2 Loss :  9.063771643559449e-05
Epoch :  402  Epoch time :  6.9017834560072515  Rel. Train L2 Loss :  9.13718775671441e-05
Epoch :  403  Epoch time :  6.921991726005217  Rel. Train L2 Loss :  9.179678161162883e-05
Epoch :  404  Epoch time :  7.012400476989569  Rel. Train L2 Loss :  9.173238698276691e-05
Epoch :  405  Epoch time :  6.9778255480050575  Rel. Train L2 Loss :  9.212294744211249e-05
Epoch :  406  Epoch time :  7.002631529991049  Rel. Train L2 Loss :  9.083831819007173e-05
Epoch :  407  Epoch time :  6.990100013994379  Rel. Train L2 Loss :  9.126382492249832e-05
Epoch :  408  Epoch time :  6.9936040620086715  Rel. Train L2 Loss :  9.09235885774251e-05
Epoch :  409  Epoch time :  7.019183416006854  Rel. Train L2 Loss :  9.14405864838045e-05
Epoch :  410  Epoch time :  7.014614698011428  Rel. Train L2 Loss :  9.174143197014928e-05
Epoch :  411  Epoch time :  6.969551621004939  Rel. Train L2 Loss :  9.08590893552173e-05
Epoch :  412  Epoch time :  7.007135469990317  Rel. Train L2 Loss :  9.154390479670837e-05
Epoch :  413  Epoch time :  6.997923479997553  Rel. Train L2 Loss :  9.147063523996621e-05
Epoch :  414  Epoch time :  7.002849562006304  Rel. Train L2 Loss :  9.117674901499413e-05
Epoch :  415  Epoch time :  7.009951578016626  Rel. Train L2 Loss :  9.095009563607164e-05
Epoch :  416  Epoch time :  7.005121886992129  Rel. Train L2 Loss :  9.123369904700667e-05
Epoch :  417  Epoch time :  7.002543069975218  Rel. Train L2 Loss :  9.04735246906057e-05
Epoch :  418  Epoch time :  7.016499505989486  Rel. Train L2 Loss :  9.063079211045988e-05
Epoch :  419  Epoch time :  6.94367081701057  Rel. Train L2 Loss :  9.123800552915782e-05
Epoch :  420  Epoch time :  6.918845810985658  Rel. Train L2 Loss :  9.128869773703628e-05
Epoch :  421  Epoch time :  6.902088278991869  Rel. Train L2 Loss :  9.146261729765684e-05
Epoch :  422  Epoch time :  6.959304113988765  Rel. Train L2 Loss :  9.034369672299363e-05
Epoch :  423  Epoch time :  7.008188084000722  Rel. Train L2 Loss :  9.078901232569479e-05
Epoch :  424  Epoch time :  6.9754670999827795  Rel. Train L2 Loss :  9.025855325744488e-05
Epoch :  425  Epoch time :  6.99826555600157  Rel. Train L2 Loss :  9.0450200001942e-05
Epoch :  426  Epoch time :  7.00352935900446  Rel. Train L2 Loss :  9.099534527631476e-05
Epoch :  427  Epoch time :  7.0028125919925515  Rel. Train L2 Loss :  9.11569403426256e-05
Epoch :  428  Epoch time :  7.005104654002935  Rel. Train L2 Loss :  9.00818542111665e-05
Epoch :  429  Epoch time :  7.010770836001029  Rel. Train L2 Loss :  9.022733441670425e-05
Epoch :  430  Epoch time :  6.968318746978184  Rel. Train L2 Loss :  9.092557260300965e-05
Epoch :  431  Epoch time :  7.002393111994024  Rel. Train L2 Loss :  9.075304392608814e-05
Epoch :  432  Epoch time :  6.979785263014492  Rel. Train L2 Loss :  9.077949952916243e-05
Epoch :  433  Epoch time :  7.022663681011181  Rel. Train L2 Loss :  9.004811157938092e-05
Epoch :  434  Epoch time :  7.008902829984436  Rel. Train L2 Loss :  9.000688897795044e-05
Epoch :  435  Epoch time :  7.000461757008452  Rel. Train L2 Loss :  9.023678654921241e-05
Epoch :  436  Epoch time :  7.00246308001806  Rel. Train L2 Loss :  9.05268391536083e-05
Epoch :  437  Epoch time :  6.990503941982752  Rel. Train L2 Loss :  9.087890353403055e-05
Epoch :  438  Epoch time :  6.942391613993095  Rel. Train L2 Loss :  9.0083092241548e-05
Epoch :  439  Epoch time :  6.910678221000126  Rel. Train L2 Loss :  9.03594664821867e-05
Epoch :  440  Epoch time :  6.901442415983183  Rel. Train L2 Loss :  8.991095710662194e-05
Epoch :  441  Epoch time :  6.954239172016969  Rel. Train L2 Loss :  9.077029207255691e-05
Epoch :  442  Epoch time :  7.0024883190053515  Rel. Train L2 Loss :  8.992231918382458e-05
Epoch :  443  Epoch time :  6.983932105998974  Rel. Train L2 Loss :  8.978387106326408e-05
Epoch :  444  Epoch time :  7.035624103009468  Rel. Train L2 Loss :  9.029038177686743e-05
Epoch :  445  Epoch time :  7.008737399009988  Rel. Train L2 Loss :  9.007192218559794e-05
Epoch :  446  Epoch time :  7.016866281017428  Rel. Train L2 Loss :  8.968047691741959e-05
Epoch :  447  Epoch time :  6.994764881994342  Rel. Train L2 Loss :  8.978227692423389e-05
Epoch :  448  Epoch time :  7.001080754009308  Rel. Train L2 Loss :  9.009768282412552e-05
Epoch :  449  Epoch time :  6.9806332389998715  Rel. Train L2 Loss :  8.992119378526695e-05
Epoch :  450  Epoch time :  6.997261400974821  Rel. Train L2 Loss :  8.972938129445538e-05
Epoch :  451  Epoch time :  6.986328172002686  Rel. Train L2 Loss :  8.92560746113304e-05
Epoch :  452  Epoch time :  7.004056567006046  Rel. Train L2 Loss :  9.00946228997782e-05
Epoch :  453  Epoch time :  7.0177046910102945  Rel. Train L2 Loss :  8.943467613426037e-05
Epoch :  454  Epoch time :  6.995385800022632  Rel. Train L2 Loss :  8.934028835501522e-05
Epoch :  455  Epoch time :  7.03343104000669  Rel. Train L2 Loss :  8.962848421069793e-05
Epoch :  456  Epoch time :  6.996114806010155  Rel. Train L2 Loss :  8.962263678549788e-05
Epoch :  457  Epoch time :  6.942243706987938  Rel. Train L2 Loss :  8.962063186336309e-05
Epoch :  458  Epoch time :  6.912802227016073  Rel. Train L2 Loss :  8.945525892777369e-05
Epoch :  459  Epoch time :  6.906822207994992  Rel. Train L2 Loss :  8.916880846954882e-05
Epoch :  460  Epoch time :  6.996829809999326  Rel. Train L2 Loss :  8.873089511762373e-05
Epoch :  461  Epoch time :  6.988415340980282  Rel. Train L2 Loss :  9.014612602768465e-05
Epoch :  462  Epoch time :  6.993476453993935  Rel. Train L2 Loss :  8.857439052662812e-05
Epoch :  463  Epoch time :  7.03013947798172  Rel. Train L2 Loss :  8.919236046494916e-05
Epoch :  464  Epoch time :  7.004419156000949  Rel. Train L2 Loss :  8.961690851137974e-05
Epoch :  465  Epoch time :  7.0261244919965975  Rel. Train L2 Loss :  8.944533304311335e-05
Epoch :  466  Epoch time :  6.996193476981716  Rel. Train L2 Loss :  8.916730316122993e-05
Epoch :  467  Epoch time :  6.985593063000124  Rel. Train L2 Loss :  8.960716904257425e-05
Epoch :  468  Epoch time :  7.0030760430090595  Rel. Train L2 Loss :  8.948260777397081e-05
Epoch :  469  Epoch time :  6.980863192991819  Rel. Train L2 Loss :  8.895490146242083e-05
Epoch :  470  Epoch time :  7.013003672007471  Rel. Train L2 Loss :  8.927865040604957e-05
Epoch :  471  Epoch time :  7.001894437998999  Rel. Train L2 Loss :  8.856538113905116e-05
Epoch :  472  Epoch time :  7.0002733989967965  Rel. Train L2 Loss :  8.94565514579881e-05
Epoch :  473  Epoch time :  7.02089598600287  Rel. Train L2 Loss :  8.914845630642958e-05
Epoch :  474  Epoch time :  7.006425970001146  Rel. Train L2 Loss :  8.919904734939337e-05
Epoch :  475  Epoch time :  6.97620904998621  Rel. Train L2 Loss :  8.87094811652787e-05
Epoch :  476  Epoch time :  6.943723886011867  Rel. Train L2 Loss :  8.875478262780234e-05
Epoch :  477  Epoch time :  6.907479082001373  Rel. Train L2 Loss :  8.876746206078678e-05
Epoch :  478  Epoch time :  6.9099724170228  Rel. Train L2 Loss :  8.869779398664831e-05
Epoch :  479  Epoch time :  7.000621710991254  Rel. Train L2 Loss :  8.860361297847704e-05
Epoch :  480  Epoch time :  6.981381061021239  Rel. Train L2 Loss :  8.87213195906952e-05
Epoch :  481  Epoch time :  6.994844525994267  Rel. Train L2 Loss :  8.861839267192408e-05
Epoch :  482  Epoch time :  7.007168413983891  Rel. Train L2 Loss :  8.897089509991928e-05
Epoch :  483  Epoch time :  7.009251481009414  Rel. Train L2 Loss :  8.791705094045028e-05
Epoch :  484  Epoch time :  7.0100584239989985  Rel. Train L2 Loss :  8.84594782080967e-05
Epoch :  485  Epoch time :  7.004563855007291  Rel. Train L2 Loss :  8.872589847887866e-05
Epoch :  486  Epoch time :  7.0287860550160985  Rel. Train L2 Loss :  8.848401693976485e-05
Epoch :  487  Epoch time :  6.981107894011075  Rel. Train L2 Loss :  8.850479072425515e-05
Epoch :  488  Epoch time :  6.996347834996413  Rel. Train L2 Loss :  8.808670250582509e-05
Epoch :  489  Epoch time :  7.0101561800111085  Rel. Train L2 Loss :  8.864076462923549e-05
Epoch :  490  Epoch time :  7.019754700013436  Rel. Train L2 Loss :  8.837601482518949e-05
Epoch :  491  Epoch time :  7.004970481008058  Rel. Train L2 Loss :  8.864879566244782e-05
Epoch :  492  Epoch time :  7.002600845997222  Rel. Train L2 Loss :  8.799840179854072e-05
Epoch :  493  Epoch time :  6.999106311996002  Rel. Train L2 Loss :  8.826981516322122e-05
Epoch :  494  Epoch time :  6.979739692003932  Rel. Train L2 Loss :  8.843120274832473e-05
Epoch :  495  Epoch time :  6.94182352500502  Rel. Train L2 Loss :  8.816234620753676e-05
Epoch :  496  Epoch time :  6.905344486993272  Rel. Train L2 Loss :  8.893201652681455e-05
Epoch :  497  Epoch time :  6.9118693610071205  Rel. Train L2 Loss :  8.721283925115131e-05
Epoch :  498  Epoch time :  6.9934647800109815  Rel. Train L2 Loss :  8.793608254054561e-05
Epoch :  499  Epoch time :  6.98911518001114  Rel. Train L2 Loss :  8.818445636425167e-05
Total time is : 3494.5754360190185 Total epoch is  500
