['learnFNO.py', '40000', '32', '16']
888001
Epoch :  0  Epoch time :  24.26487684098538  Rel. Train L2 Loss :  0.07037026732601226
Epoch :  1  Epoch time :  23.915563612012193  Rel. Train L2 Loss :  0.0018982375837862493
Epoch :  2  Epoch time :  23.89093406504253  Rel. Train L2 Loss :  0.0013058284156955778
Epoch :  3  Epoch time :  23.86621887795627  Rel. Train L2 Loss :  0.0011692954832687975
Epoch :  4  Epoch time :  23.89460657699965  Rel. Train L2 Loss :  0.0010935016956180334
Epoch :  5  Epoch time :  23.902459747041576  Rel. Train L2 Loss :  0.0009333221654640511
Epoch :  6  Epoch time :  23.913617219019216  Rel. Train L2 Loss :  0.0009597763843368739
Epoch :  7  Epoch time :  23.885836394969374  Rel. Train L2 Loss :  0.0007598818683763966
Epoch :  8  Epoch time :  23.89731557504274  Rel. Train L2 Loss :  0.0007473646636353805
Epoch :  9  Epoch time :  23.90322737803217  Rel. Train L2 Loss :  0.0007389419033424928
Epoch :  10  Epoch time :  23.87935284303967  Rel. Train L2 Loss :  0.0007061948890797794
Epoch :  11  Epoch time :  23.87449757399736  Rel. Train L2 Loss :  0.0006053182966075837
Epoch :  12  Epoch time :  23.907697263988666  Rel. Train L2 Loss :  0.0006477206588489934
Epoch :  13  Epoch time :  23.926075923023745  Rel. Train L2 Loss :  0.0005884107530582696
Epoch :  14  Epoch time :  23.924505805014633  Rel. Train L2 Loss :  0.0005623831299366429
Epoch :  15  Epoch time :  23.94272309099324  Rel. Train L2 Loss :  0.0005526445576688275
Epoch :  16  Epoch time :  23.959314381005242  Rel. Train L2 Loss :  0.0005525779351592064
Epoch :  17  Epoch time :  23.834280356997624  Rel. Train L2 Loss :  0.0005263268770417199
Epoch :  18  Epoch time :  23.89259966800455  Rel. Train L2 Loss :  0.0005183932958054356
Epoch :  19  Epoch time :  23.946784787985962  Rel. Train L2 Loss :  0.0004922045428073033
Epoch :  20  Epoch time :  23.930820473004133  Rel. Train L2 Loss :  0.0004564672564389184
Epoch :  21  Epoch time :  23.91469625895843  Rel. Train L2 Loss :  0.0004927583660348318
Epoch :  22  Epoch time :  23.894189955026377  Rel. Train L2 Loss :  0.0005153939108364284
Epoch :  23  Epoch time :  23.920397818030324  Rel. Train L2 Loss :  0.00047580849652877077
Epoch :  24  Epoch time :  23.8897040609736  Rel. Train L2 Loss :  0.00046925656212260945
Epoch :  25  Epoch time :  23.900473743036855  Rel. Train L2 Loss :  0.0004263376597664319
Epoch :  26  Epoch time :  23.877841716981493  Rel. Train L2 Loss :  0.0004746805838891305
Epoch :  27  Epoch time :  23.905225608032197  Rel. Train L2 Loss :  0.0004410576338530518
Epoch :  28  Epoch time :  23.914511275012046  Rel. Train L2 Loss :  0.0004191654828726314
Epoch :  29  Epoch time :  23.91371061396785  Rel. Train L2 Loss :  0.0004361928719095886
Epoch :  30  Epoch time :  23.940108128008433  Rel. Train L2 Loss :  0.0004104882548097521
Epoch :  31  Epoch time :  23.941645920975134  Rel. Train L2 Loss :  0.0004252237671171315
Epoch :  32  Epoch time :  23.925119558000006  Rel. Train L2 Loss :  0.0004175026418757625
Epoch :  33  Epoch time :  23.99639699998079  Rel. Train L2 Loss :  0.00041998080695047977
Epoch :  34  Epoch time :  23.968248641001992  Rel. Train L2 Loss :  0.00038087327138055117
Epoch :  35  Epoch time :  23.95133223501034  Rel. Train L2 Loss :  0.000442013816407416
Epoch :  36  Epoch time :  23.96277800097596  Rel. Train L2 Loss :  0.0003866282790899277
Epoch :  37  Epoch time :  23.928539915999863  Rel. Train L2 Loss :  0.00038175559665542093
Epoch :  38  Epoch time :  23.882557347998954  Rel. Train L2 Loss :  0.0003984550633118488
Epoch :  39  Epoch time :  23.84454686602112  Rel. Train L2 Loss :  0.00037742783481953664
Epoch :  40  Epoch time :  23.851372283010278  Rel. Train L2 Loss :  0.00040795442884555084
Epoch :  41  Epoch time :  23.85032885998953  Rel. Train L2 Loss :  0.000364633697248064
Epoch :  42  Epoch time :  23.842083310999442  Rel. Train L2 Loss :  0.00039097708197077737
Epoch :  43  Epoch time :  23.846145764982793  Rel. Train L2 Loss :  0.000351151400746312
Epoch :  44  Epoch time :  23.847413658048026  Rel. Train L2 Loss :  0.00042013496902072804
Epoch :  45  Epoch time :  23.838263109035324  Rel. Train L2 Loss :  0.0003354333087918349
Epoch :  46  Epoch time :  23.831136725028045  Rel. Train L2 Loss :  0.00037385795769514515
Epoch :  47  Epoch time :  23.845326744951308  Rel. Train L2 Loss :  0.0003712112301727757
Epoch :  48  Epoch time :  23.834668719035108  Rel. Train L2 Loss :  0.00035757378158159553
Epoch :  49  Epoch time :  23.829087697027717  Rel. Train L2 Loss :  0.00035311712968396025
Epoch :  50  Epoch time :  23.887287139019463  Rel. Train L2 Loss :  0.0003674975084140897
Epoch :  51  Epoch time :  23.86929546605097  Rel. Train L2 Loss :  0.00034614377962425354
Epoch :  52  Epoch time :  23.9355089259916  Rel. Train L2 Loss :  0.0003571790266316384
Epoch :  53  Epoch time :  23.913262037036475  Rel. Train L2 Loss :  0.00036029290666338056
Epoch :  54  Epoch time :  23.928684568032622  Rel. Train L2 Loss :  0.00035516116054495797
Epoch :  55  Epoch time :  23.91402177105192  Rel. Train L2 Loss :  0.0003559614782454446
Epoch :  56  Epoch time :  23.900255226006266  Rel. Train L2 Loss :  0.00033272961269831285
Epoch :  57  Epoch time :  23.89003191899974  Rel. Train L2 Loss :  0.0003408478147233836
Epoch :  58  Epoch time :  23.893156939011533  Rel. Train L2 Loss :  0.00032784126561600716
Epoch :  59  Epoch time :  23.88318086200161  Rel. Train L2 Loss :  0.0003246603339794092
Epoch :  60  Epoch time :  23.918417216977105  Rel. Train L2 Loss :  0.00033776599548291416
Epoch :  61  Epoch time :  23.913925644010305  Rel. Train L2 Loss :  0.0003450137417530641
Epoch :  62  Epoch time :  23.891905264987145  Rel. Train L2 Loss :  0.0003227787719806656
Epoch :  63  Epoch time :  23.900782791955862  Rel. Train L2 Loss :  0.0003247967417002656
Epoch :  64  Epoch time :  23.90499989601085  Rel. Train L2 Loss :  0.000337750790361315
Epoch :  65  Epoch time :  23.912120944005437  Rel. Train L2 Loss :  0.0003136527857044712
Epoch :  66  Epoch time :  23.91318366600899  Rel. Train L2 Loss :  0.00032522822151659055
Epoch :  67  Epoch time :  23.936447234998923  Rel. Train L2 Loss :  0.0003206165139214136
Epoch :  68  Epoch time :  23.935162221023347  Rel. Train L2 Loss :  0.00032451734737260266
Epoch :  69  Epoch time :  23.922794786980376  Rel. Train L2 Loss :  0.0003171590173966251
Epoch :  70  Epoch time :  23.90295617299853  Rel. Train L2 Loss :  0.0003231442867545411
Epoch :  71  Epoch time :  23.86935288796667  Rel. Train L2 Loss :  0.0003149896942195483
Epoch :  72  Epoch time :  23.881338444945868  Rel. Train L2 Loss :  0.00031896647671237585
Epoch :  73  Epoch time :  23.903503064997494  Rel. Train L2 Loss :  0.0003213803365943022
Epoch :  74  Epoch time :  23.90186356997583  Rel. Train L2 Loss :  0.0002964572598459199
Epoch :  75  Epoch time :  23.90172907797387  Rel. Train L2 Loss :  0.0003276109058409929
Epoch :  76  Epoch time :  23.90126810700167  Rel. Train L2 Loss :  0.0003106497425935231
Epoch :  77  Epoch time :  23.88189231895376  Rel. Train L2 Loss :  0.0003042836792650633
Epoch :  78  Epoch time :  23.88103545201011  Rel. Train L2 Loss :  0.00032232022542739286
Epoch :  79  Epoch time :  23.88492452300852  Rel. Train L2 Loss :  0.00030938138033961875
Epoch :  80  Epoch time :  23.897526404005475  Rel. Train L2 Loss :  0.00031305059510050343
Epoch :  81  Epoch time :  23.899863177037332  Rel. Train L2 Loss :  0.0003051322764484212
Epoch :  82  Epoch time :  23.888839024002664  Rel. Train L2 Loss :  0.0002979437781381421
Epoch :  83  Epoch time :  23.890734221960884  Rel. Train L2 Loss :  0.0003266665879637003
Epoch :  84  Epoch time :  23.911905413027853  Rel. Train L2 Loss :  0.00032394026302499696
Epoch :  85  Epoch time :  23.934324942005333  Rel. Train L2 Loss :  0.0002894220604095608
Epoch :  86  Epoch time :  23.900545254000463  Rel. Train L2 Loss :  0.00030535112778889013
Epoch :  87  Epoch time :  23.92163288296433  Rel. Train L2 Loss :  0.00030966594112105667
Epoch :  88  Epoch time :  23.9009661040036  Rel. Train L2 Loss :  0.0003208967195125297
Epoch :  89  Epoch time :  23.89791088696802  Rel. Train L2 Loss :  0.0003010899118031375
Epoch :  90  Epoch time :  23.872820055985358  Rel. Train L2 Loss :  0.00031784966682316736
Epoch :  91  Epoch time :  23.88742069102591  Rel. Train L2 Loss :  0.00030081574122887105
Epoch :  92  Epoch time :  23.85466832696693  Rel. Train L2 Loss :  0.00031123670355882497
Epoch :  93  Epoch time :  23.835306471039075  Rel. Train L2 Loss :  0.0003014130775234662
Epoch :  94  Epoch time :  23.81718476198148  Rel. Train L2 Loss :  0.0003050592901534401
Epoch :  95  Epoch time :  23.815933381032664  Rel. Train L2 Loss :  0.00029606095148483293
Epoch :  96  Epoch time :  23.813278699002694  Rel. Train L2 Loss :  0.00031125800011213867
Epoch :  97  Epoch time :  23.817621455993503  Rel. Train L2 Loss :  0.0002962269944138825
Epoch :  98  Epoch time :  23.818538781022653  Rel. Train L2 Loss :  0.00029830107901943846
Epoch :  99  Epoch time :  23.813381574000232  Rel. Train L2 Loss :  0.00029997860074508937
Epoch :  100  Epoch time :  23.815210503002163  Rel. Train L2 Loss :  0.00012553376144496724
Epoch :  101  Epoch time :  23.786357510020025  Rel. Train L2 Loss :  0.00015069160962593743
Epoch :  102  Epoch time :  23.951063595013693  Rel. Train L2 Loss :  0.0001579090388258919
Epoch :  103  Epoch time :  23.929313873988576  Rel. Train L2 Loss :  0.00014814104291726836
Epoch :  104  Epoch time :  23.900889775017276  Rel. Train L2 Loss :  0.00015349025626201182
Epoch :  105  Epoch time :  23.884728775999974  Rel. Train L2 Loss :  0.00015142288229544646
Epoch :  106  Epoch time :  23.912807821994647  Rel. Train L2 Loss :  0.00015100362152443267
Epoch :  107  Epoch time :  23.898685486987233  Rel. Train L2 Loss :  0.00015046097453450785
Epoch :  108  Epoch time :  23.88168567698449  Rel. Train L2 Loss :  0.0001501400859095156
Epoch :  109  Epoch time :  23.876876444963273  Rel. Train L2 Loss :  0.00015475968875107356
Epoch :  110  Epoch time :  23.889728693000507  Rel. Train L2 Loss :  0.00015325405281619168
Epoch :  111  Epoch time :  24.747449540009256  Rel. Train L2 Loss :  0.00014981585101340897
Epoch :  112  Epoch time :  23.83223605400417  Rel. Train L2 Loss :  0.0001487558125052601
Epoch :  113  Epoch time :  23.828058568004053  Rel. Train L2 Loss :  0.00015340527168591507
Epoch :  114  Epoch time :  23.83264462801162  Rel. Train L2 Loss :  0.00014876798750483431
Epoch :  115  Epoch time :  23.835570464027114  Rel. Train L2 Loss :  0.000156047762488015
Epoch :  116  Epoch time :  23.834307570999954  Rel. Train L2 Loss :  0.00014820129189174622
Epoch :  117  Epoch time :  23.82546069001546  Rel. Train L2 Loss :  0.0001528597752971109
Epoch :  118  Epoch time :  23.822204091993626  Rel. Train L2 Loss :  0.00014958378682495096
Epoch :  119  Epoch time :  23.8356387509848  Rel. Train L2 Loss :  0.00014959427552530542
Epoch :  120  Epoch time :  23.828658027981874  Rel. Train L2 Loss :  0.00015256027997820638
Epoch :  121  Epoch time :  23.794886226998642  Rel. Train L2 Loss :  0.00014582302854396402
Epoch :  122  Epoch time :  23.849122418963816  Rel. Train L2 Loss :  0.0001523080390121322
Epoch :  123  Epoch time :  23.82504088699352  Rel. Train L2 Loss :  0.00014771373655530625
Epoch :  124  Epoch time :  23.82759137597168  Rel. Train L2 Loss :  0.00015139114088960924
Epoch :  125  Epoch time :  23.817745030974038  Rel. Train L2 Loss :  0.0001512425298744347
Epoch :  126  Epoch time :  23.818550874013454  Rel. Train L2 Loss :  0.00014923814484500326
Epoch :  127  Epoch time :  23.814347416977398  Rel. Train L2 Loss :  0.00015104189818375744
Epoch :  128  Epoch time :  23.809654454002157  Rel. Train L2 Loss :  0.00014993644015630708
Epoch :  129  Epoch time :  23.80819110502489  Rel. Train L2 Loss :  0.00014942144939559512
Epoch :  130  Epoch time :  23.80107378202956  Rel. Train L2 Loss :  0.0001484553843503818
Epoch :  131  Epoch time :  23.826288218959235  Rel. Train L2 Loss :  0.00015007816388970242
Epoch :  132  Epoch time :  23.816736896988004  Rel. Train L2 Loss :  0.00014670551184099167
Epoch :  133  Epoch time :  23.818730933009647  Rel. Train L2 Loss :  0.0001539957217639312
Epoch :  134  Epoch time :  23.822844957991038  Rel. Train L2 Loss :  0.00015041731918463482
Epoch :  135  Epoch time :  23.814143557974603  Rel. Train L2 Loss :  0.00015016973387682811
Epoch :  136  Epoch time :  23.79690799699165  Rel. Train L2 Loss :  0.00014651835820986888
Epoch :  137  Epoch time :  23.843469375977293  Rel. Train L2 Loss :  0.00015162610798724927
Epoch :  138  Epoch time :  23.805935195006896  Rel. Train L2 Loss :  0.000150694142235443
Epoch :  139  Epoch time :  23.838542864017654  Rel. Train L2 Loss :  0.00014838989959680476
Epoch :  140  Epoch time :  23.863451358047314  Rel. Train L2 Loss :  0.00015090037670452148
Epoch :  141  Epoch time :  23.861678471032064  Rel. Train L2 Loss :  0.00015201910371542908
Epoch :  142  Epoch time :  23.866577454959042  Rel. Train L2 Loss :  0.00014573121297289617
Epoch :  143  Epoch time :  23.85231925197877  Rel. Train L2 Loss :  0.00014722188893938437
Epoch :  144  Epoch time :  23.854841835971456  Rel. Train L2 Loss :  0.0001495580675895326
Epoch :  145  Epoch time :  23.82405119203031  Rel. Train L2 Loss :  0.00014734800301957875
Epoch :  146  Epoch time :  23.815973929013126  Rel. Train L2 Loss :  0.00014985940477927216
Epoch :  147  Epoch time :  23.822488432982937  Rel. Train L2 Loss :  0.0001523760841693729
Epoch :  148  Epoch time :  23.816899834026117  Rel. Train L2 Loss :  0.00014959668540977873
Epoch :  149  Epoch time :  23.814983917982318  Rel. Train L2 Loss :  0.00014969629455008544
Epoch :  150  Epoch time :  23.813873138977215  Rel. Train L2 Loss :  0.00015425973007222638
Epoch :  151  Epoch time :  23.813275546010118  Rel. Train L2 Loss :  0.00014977142468560487
Epoch :  152  Epoch time :  23.796835126006044  Rel. Train L2 Loss :  0.0001483821247005835
Epoch :  153  Epoch time :  23.80732658196939  Rel. Train L2 Loss :  0.00015324704609811306
Epoch :  154  Epoch time :  23.819488409964833  Rel. Train L2 Loss :  0.00014430165960802697
Epoch :  155  Epoch time :  23.866998693032656  Rel. Train L2 Loss :  0.00015353028391837143
Epoch :  156  Epoch time :  23.891175299999304  Rel. Train L2 Loss :  0.0001458218154963106
Epoch :  157  Epoch time :  23.910446063033305  Rel. Train L2 Loss :  0.00014864748275722378
Epoch :  158  Epoch time :  23.902776458009612  Rel. Train L2 Loss :  0.00015096589389140719
Epoch :  159  Epoch time :  23.868858194036875  Rel. Train L2 Loss :  0.000142227734712651
Epoch :  160  Epoch time :  23.873572458978742  Rel. Train L2 Loss :  0.0001466243648843374
Epoch :  161  Epoch time :  23.886078290001024  Rel. Train L2 Loss :  0.00015215505953528917
Epoch :  162  Epoch time :  23.877709410036914  Rel. Train L2 Loss :  0.00015169429447269066
Epoch :  163  Epoch time :  23.877604322042316  Rel. Train L2 Loss :  0.00015481585413217546
Epoch :  164  Epoch time :  23.88459607801633  Rel. Train L2 Loss :  0.0001501626678626053
Epoch :  165  Epoch time :  23.870667534996755  Rel. Train L2 Loss :  0.0001425154607684817
Epoch :  166  Epoch time :  23.875067731016316  Rel. Train L2 Loss :  0.00014864314406295306
Epoch :  167  Epoch time :  23.853628024982754  Rel. Train L2 Loss :  0.00015200591441243887
Epoch :  168  Epoch time :  23.861953530984465  Rel. Train L2 Loss :  0.0001505873320507817
Epoch :  169  Epoch time :  23.86471244803397  Rel. Train L2 Loss :  0.0001436907072784379
Epoch :  170  Epoch time :  23.867699944996275  Rel. Train L2 Loss :  0.00015322919095633552
Epoch :  171  Epoch time :  23.853130792966112  Rel. Train L2 Loss :  0.0001443260936124716
Epoch :  172  Epoch time :  23.90629699494457  Rel. Train L2 Loss :  0.00014419751376262865
Epoch :  173  Epoch time :  23.881043295026757  Rel. Train L2 Loss :  0.00015057697437587193
Epoch :  174  Epoch time :  23.885976176010445  Rel. Train L2 Loss :  0.00014977721436880529
Epoch :  175  Epoch time :  23.880822896026075  Rel. Train L2 Loss :  0.00014920612733694726
Epoch :  176  Epoch time :  23.871223456051666  Rel. Train L2 Loss :  0.00014949998107040302
Epoch :  177  Epoch time :  23.870693447999656  Rel. Train L2 Loss :  0.00014882701304741203
Epoch :  178  Epoch time :  23.880221482017078  Rel. Train L2 Loss :  0.00014467240713420324
Epoch :  179  Epoch time :  23.894027512986213  Rel. Train L2 Loss :  0.00014974154701340013
Epoch :  180  Epoch time :  23.871489515993744  Rel. Train L2 Loss :  0.00015400874213082716
Epoch :  181  Epoch time :  23.855329056968912  Rel. Train L2 Loss :  0.00014588377027539536
Epoch :  182  Epoch time :  23.860438988020178  Rel. Train L2 Loss :  0.00014544160590157845
Epoch :  183  Epoch time :  23.813878062996082  Rel. Train L2 Loss :  0.00014960052833775989
Epoch :  184  Epoch time :  23.803839460015297  Rel. Train L2 Loss :  0.00015650566557305864
Epoch :  185  Epoch time :  23.794682856998406  Rel. Train L2 Loss :  0.00014336568353464827
Epoch :  186  Epoch time :  23.800627816992346  Rel. Train L2 Loss :  0.00014935365204000846
Epoch :  187  Epoch time :  23.80674073897535  Rel. Train L2 Loss :  0.0001462933686154429
Epoch :  188  Epoch time :  23.803250419034157  Rel. Train L2 Loss :  0.00014907404572586528
Epoch :  189  Epoch time :  23.820773928018752  Rel. Train L2 Loss :  0.0001482278544222936
Epoch :  190  Epoch time :  23.787403080961667  Rel. Train L2 Loss :  0.000150918370654108
Epoch :  191  Epoch time :  23.77706470701378  Rel. Train L2 Loss :  0.0001466325639106799
Epoch :  192  Epoch time :  23.91666579298908  Rel. Train L2 Loss :  0.00015043994999723508
Epoch :  193  Epoch time :  23.930782934010495  Rel. Train L2 Loss :  0.00014645569535787217
Epoch :  194  Epoch time :  23.908654661034234  Rel. Train L2 Loss :  0.00014713560841046275
Epoch :  195  Epoch time :  23.865944064978976  Rel. Train L2 Loss :  0.00015152037633233702
Epoch :  196  Epoch time :  23.828359469014686  Rel. Train L2 Loss :  0.00015116595829022116
Epoch :  197  Epoch time :  23.830081642023288  Rel. Train L2 Loss :  0.000147807795193512
Epoch :  198  Epoch time :  23.8377442539786  Rel. Train L2 Loss :  0.00014619194664992392
Epoch :  199  Epoch time :  23.83289591805078  Rel. Train L2 Loss :  0.00015343241030350328
Epoch :  200  Epoch time :  23.837262094020844  Rel. Train L2 Loss :  7.75317269610241e-05
Epoch :  201  Epoch time :  23.839936719974503  Rel. Train L2 Loss :  8.891873941174709e-05
Epoch :  202  Epoch time :  23.83952258300269  Rel. Train L2 Loss :  8.92881860723719e-05
Epoch :  203  Epoch time :  23.822022568027023  Rel. Train L2 Loss :  9.030935293703805e-05
Epoch :  204  Epoch time :  23.823912409017794  Rel. Train L2 Loss :  8.897146907984278e-05
Epoch :  205  Epoch time :  23.81217684299918  Rel. Train L2 Loss :  9.059798987873364e-05
Epoch :  206  Epoch time :  23.838355612999294  Rel. Train L2 Loss :  8.914066640427336e-05
Epoch :  207  Epoch time :  23.859484253975097  Rel. Train L2 Loss :  8.96165633428609e-05
Epoch :  208  Epoch time :  23.828936685982626  Rel. Train L2 Loss :  8.939478493703063e-05
Epoch :  209  Epoch time :  23.814364430028945  Rel. Train L2 Loss :  8.86098650720669e-05
Epoch :  210  Epoch time :  23.81909787200857  Rel. Train L2 Loss :  8.785141782136634e-05
Epoch :  211  Epoch time :  23.83922344999155  Rel. Train L2 Loss :  9.020836957206483e-05
Epoch :  212  Epoch time :  23.82581318396842  Rel. Train L2 Loss :  8.810296044393908e-05
Epoch :  213  Epoch time :  23.82120499899611  Rel. Train L2 Loss :  8.820126944046933e-05
Epoch :  214  Epoch time :  23.82883953099372  Rel. Train L2 Loss :  8.948704192007426e-05
Epoch :  215  Epoch time :  23.833664364006836  Rel. Train L2 Loss :  8.968955026939511e-05
Epoch :  216  Epoch time :  23.816816141013987  Rel. Train L2 Loss :  8.670965768687893e-05
Epoch :  217  Epoch time :  23.83001948101446  Rel. Train L2 Loss :  8.940592827275395e-05
Epoch :  218  Epoch time :  23.824568181997165  Rel. Train L2 Loss :  8.686167453124654e-05
Epoch :  219  Epoch time :  23.81808713497594  Rel. Train L2 Loss :  8.741555804153905e-05
Epoch :  220  Epoch time :  23.82574666198343  Rel. Train L2 Loss :  8.891689707525074e-05
Epoch :  221  Epoch time :  23.812571407994255  Rel. Train L2 Loss :  8.805923449399416e-05
Epoch :  222  Epoch time :  23.812811631010845  Rel. Train L2 Loss :  8.913081316859462e-05
Epoch :  223  Epoch time :  23.796117147954646  Rel. Train L2 Loss :  8.61188234644942e-05
Epoch :  224  Epoch time :  23.827730916033033  Rel. Train L2 Loss :  8.918324325641152e-05
Epoch :  225  Epoch time :  23.79670372098917  Rel. Train L2 Loss :  8.805817025131546e-05
Epoch :  226  Epoch time :  23.80608377896715  Rel. Train L2 Loss :  8.868236113339663e-05
Epoch :  227  Epoch time :  23.82047217595391  Rel. Train L2 Loss :  8.939353939786088e-05
Epoch :  228  Epoch time :  23.82023593201302  Rel. Train L2 Loss :  8.796497188450302e-05
Epoch :  229  Epoch time :  23.82510265999008  Rel. Train L2 Loss :  8.812127739656716e-05
Epoch :  230  Epoch time :  23.83068702899618  Rel. Train L2 Loss :  8.762981424224563e-05
Epoch :  231  Epoch time :  23.82710706803482  Rel. Train L2 Loss :  8.764117797545623e-05
Epoch :  232  Epoch time :  23.822928387962747  Rel. Train L2 Loss :  8.77830543438904e-05
Epoch :  233  Epoch time :  23.819919850036968  Rel. Train L2 Loss :  8.765453303640242e-05
Epoch :  234  Epoch time :  23.80765864503337  Rel. Train L2 Loss :  8.783432575582992e-05
Epoch :  235  Epoch time :  23.807901529944502  Rel. Train L2 Loss :  8.905155195388943e-05
Epoch :  236  Epoch time :  23.809179576986935  Rel. Train L2 Loss :  8.715379680215847e-05
Epoch :  237  Epoch time :  23.806972118036356  Rel. Train L2 Loss :  8.911722989287227e-05
Epoch :  238  Epoch time :  23.822590440977365  Rel. Train L2 Loss :  8.827966498502065e-05
Epoch :  239  Epoch time :  23.813515565998387  Rel. Train L2 Loss :  8.710375989030581e-05
Epoch :  240  Epoch time :  23.80964439699892  Rel. Train L2 Loss :  8.900454324611929e-05
Epoch :  241  Epoch time :  23.845784260949586  Rel. Train L2 Loss :  8.736598418909126e-05
Epoch :  242  Epoch time :  23.81918546097586  Rel. Train L2 Loss :  8.623844613903202e-05
Epoch :  243  Epoch time :  23.836068141972646  Rel. Train L2 Loss :  8.854513309488539e-05
Epoch :  244  Epoch time :  23.808223898988217  Rel. Train L2 Loss :  8.722155774012208e-05
Epoch :  245  Epoch time :  23.815541964024305  Rel. Train L2 Loss :  8.703932815406006e-05
Epoch :  246  Epoch time :  23.795519109989982  Rel. Train L2 Loss :  8.838089477794711e-05
Epoch :  247  Epoch time :  23.797922436962835  Rel. Train L2 Loss :  8.882437591382768e-05
Epoch :  248  Epoch time :  23.79625341197243  Rel. Train L2 Loss :  8.771537505090237e-05
Epoch :  249  Epoch time :  23.79889302799711  Rel. Train L2 Loss :  8.796926791546866e-05
Epoch :  250  Epoch time :  23.803255297010764  Rel. Train L2 Loss :  8.658979926840402e-05
Epoch :  251  Epoch time :  23.79859270894667  Rel. Train L2 Loss :  8.769504626106936e-05
Epoch :  252  Epoch time :  23.800336336018518  Rel. Train L2 Loss :  8.68951727548847e-05
Epoch :  253  Epoch time :  23.816446789947804  Rel. Train L2 Loss :  8.799216917832382e-05
Epoch :  254  Epoch time :  23.827396291017067  Rel. Train L2 Loss :  8.718831744918134e-05
Epoch :  255  Epoch time :  23.817135429999325  Rel. Train L2 Loss :  8.704349820327479e-05
Epoch :  256  Epoch time :  23.803492547012866  Rel. Train L2 Loss :  8.880039954383392e-05
Epoch :  257  Epoch time :  23.79572689102497  Rel. Train L2 Loss :  8.866226338723208e-05
Epoch :  258  Epoch time :  23.82327430997975  Rel. Train L2 Loss :  8.925554912711959e-05
Epoch :  259  Epoch time :  23.814783287991304  Rel. Train L2 Loss :  8.743044798320624e-05
Epoch :  260  Epoch time :  23.789671659003943  Rel. Train L2 Loss :  8.85610014811391e-05
Epoch :  261  Epoch time :  23.825167255999986  Rel. Train L2 Loss :  8.780236567836255e-05
Epoch :  262  Epoch time :  23.79460075701354  Rel. Train L2 Loss :  8.687795558362268e-05
Epoch :  263  Epoch time :  23.799931773974095  Rel. Train L2 Loss :  8.80095210566651e-05
Epoch :  264  Epoch time :  23.80900006002048  Rel. Train L2 Loss :  8.880143166461493e-05
Epoch :  265  Epoch time :  23.803743679018226  Rel. Train L2 Loss :  8.616430686670355e-05
Epoch :  266  Epoch time :  23.82187216100283  Rel. Train L2 Loss :  8.854462880699429e-05
Epoch :  267  Epoch time :  23.819291536987294  Rel. Train L2 Loss :  8.858274142548908e-05
Epoch :  268  Epoch time :  23.81446990004042  Rel. Train L2 Loss :  8.616610562894494e-05
Epoch :  269  Epoch time :  23.853931190038566  Rel. Train L2 Loss :  8.81783904886106e-05
Epoch :  270  Epoch time :  23.891051762970164  Rel. Train L2 Loss :  8.664175286248791e-05
Epoch :  271  Epoch time :  23.900117271987256  Rel. Train L2 Loss :  8.7835666409228e-05
Epoch :  272  Epoch time :  23.918513708980754  Rel. Train L2 Loss :  8.678187347541097e-05
Epoch :  273  Epoch time :  23.910859630967025  Rel. Train L2 Loss :  8.864114255993628e-05
Epoch :  274  Epoch time :  23.89492383803008  Rel. Train L2 Loss :  8.659526397532317e-05
Epoch :  275  Epoch time :  23.892416276969016  Rel. Train L2 Loss :  8.754785640921909e-05
Epoch :  276  Epoch time :  23.9165399170015  Rel. Train L2 Loss :  8.808820013946388e-05
Epoch :  277  Epoch time :  23.898740220989566  Rel. Train L2 Loss :  8.805290371237788e-05
Epoch :  278  Epoch time :  23.89685738499975  Rel. Train L2 Loss :  8.689027155342046e-05
Epoch :  279  Epoch time :  23.886799166968558  Rel. Train L2 Loss :  8.889929982833564e-05
Epoch :  280  Epoch time :  23.902509637991898  Rel. Train L2 Loss :  8.690292980172672e-05
Epoch :  281  Epoch time :  23.910514104994945  Rel. Train L2 Loss :  8.937713802442886e-05
Epoch :  282  Epoch time :  23.89522977900924  Rel. Train L2 Loss :  8.83409106550971e-05
Epoch :  283  Epoch time :  23.887923591013532  Rel. Train L2 Loss :  8.699113513866905e-05
Epoch :  284  Epoch time :  23.847437112999614  Rel. Train L2 Loss :  8.931033908738755e-05
Epoch :  285  Epoch time :  23.860386140004266  Rel. Train L2 Loss :  8.822939939855133e-05
Epoch :  286  Epoch time :  23.861902086006012  Rel. Train L2 Loss :  8.768219533958472e-05
Epoch :  287  Epoch time :  23.857257278985344  Rel. Train L2 Loss :  8.777924630558118e-05
Epoch :  288  Epoch time :  23.855691791977733  Rel. Train L2 Loss :  8.765423863369506e-05
Epoch :  289  Epoch time :  23.837571982003283  Rel. Train L2 Loss :  8.786290650023148e-05
Epoch :  290  Epoch time :  23.815619280037936  Rel. Train L2 Loss :  8.810142832808196e-05
Epoch :  291  Epoch time :  23.83386369101936  Rel. Train L2 Loss :  8.678103504353202e-05
Epoch :  292  Epoch time :  23.817252326000016  Rel. Train L2 Loss :  8.886168646859005e-05
Epoch :  293  Epoch time :  23.8624454549863  Rel. Train L2 Loss :  8.744192301819567e-05
Epoch :  294  Epoch time :  23.886696856992785  Rel. Train L2 Loss :  8.669432308233808e-05
Epoch :  295  Epoch time :  23.824166201986372  Rel. Train L2 Loss :  8.794208673934918e-05
Epoch :  296  Epoch time :  23.803125580016058  Rel. Train L2 Loss :  8.896970845235046e-05
Epoch :  297  Epoch time :  23.855844751989935  Rel. Train L2 Loss :  8.663278662133962e-05
Epoch :  298  Epoch time :  23.847343530971557  Rel. Train L2 Loss :  8.880108165903948e-05
Epoch :  299  Epoch time :  23.863666121964343  Rel. Train L2 Loss :  8.645889034960419e-05
Epoch :  300  Epoch time :  23.875749088008888  Rel. Train L2 Loss :  5.740813136799261e-05
Epoch :  301  Epoch time :  23.874509151035454  Rel. Train L2 Loss :  6.138561110419686e-05
Epoch :  302  Epoch time :  23.87126022600569  Rel. Train L2 Loss :  6.16989914298756e-05
Epoch :  303  Epoch time :  23.88405202300055  Rel. Train L2 Loss :  6.125374209077563e-05
Epoch :  304  Epoch time :  23.892859042040072  Rel. Train L2 Loss :  6.127026765898336e-05
Epoch :  305  Epoch time :  23.896608545037452  Rel. Train L2 Loss :  6.160840799566358e-05
Epoch :  306  Epoch time :  23.89417167904321  Rel. Train L2 Loss :  6.121066108753438e-05
Epoch :  307  Epoch time :  23.85631194896996  Rel. Train L2 Loss :  6.138274446129799e-05
Epoch :  308  Epoch time :  23.89300809102133  Rel. Train L2 Loss :  6.108860166277736e-05
Epoch :  309  Epoch time :  23.86161802598508  Rel. Train L2 Loss :  6.153552281612065e-05
Epoch :  310  Epoch time :  23.841308563016355  Rel. Train L2 Loss :  6.141248458006885e-05
Epoch :  311  Epoch time :  23.838151126983576  Rel. Train L2 Loss :  6.121350036992225e-05
Epoch :  312  Epoch time :  23.791476187994704  Rel. Train L2 Loss :  6.095034863392357e-05
Epoch :  313  Epoch time :  23.81279604800511  Rel. Train L2 Loss :  6.125113968446385e-05
Epoch :  314  Epoch time :  23.809704573999625  Rel. Train L2 Loss :  6.143531346460804e-05
Epoch :  315  Epoch time :  23.81287131004501  Rel. Train L2 Loss :  6.144381271442399e-05
Epoch :  316  Epoch time :  23.81290475296555  Rel. Train L2 Loss :  6.111937204550486e-05
Epoch :  317  Epoch time :  23.80173292203108  Rel. Train L2 Loss :  6.0450218187179416e-05
Epoch :  318  Epoch time :  23.809492638043594  Rel. Train L2 Loss :  6.102919015684165e-05
Epoch :  319  Epoch time :  23.82383877102984  Rel. Train L2 Loss :  6.063967747904826e-05
Epoch :  320  Epoch time :  23.823046648001764  Rel. Train L2 Loss :  6.08154792105779e-05
Epoch :  321  Epoch time :  23.82102794101229  Rel. Train L2 Loss :  6.086814833979588e-05
Epoch :  322  Epoch time :  23.81718042801367  Rel. Train L2 Loss :  6.064951329317409e-05
Epoch :  323  Epoch time :  23.803478571004234  Rel. Train L2 Loss :  6.066306474385783e-05
Epoch :  324  Epoch time :  23.814810886979103  Rel. Train L2 Loss :  6.025318871252239e-05
Epoch :  325  Epoch time :  23.8093520149705  Rel. Train L2 Loss :  6.104131924803369e-05
Epoch :  326  Epoch time :  23.81456780299777  Rel. Train L2 Loss :  6.127604393986985e-05
Epoch :  327  Epoch time :  23.817655738967005  Rel. Train L2 Loss :  6.0117225637077355e-05
Epoch :  328  Epoch time :  23.87508515396621  Rel. Train L2 Loss :  6.0737550255726093e-05
Epoch :  329  Epoch time :  23.82016477297293  Rel. Train L2 Loss :  6.047874277282972e-05
Epoch :  330  Epoch time :  23.819466903980356  Rel. Train L2 Loss :  6.053532307269052e-05
Epoch :  331  Epoch time :  23.817628799006343  Rel. Train L2 Loss :  6.0050246011815035e-05
Epoch :  332  Epoch time :  23.81363994599087  Rel. Train L2 Loss :  6.143315806111787e-05
Epoch :  333  Epoch time :  23.830638201034162  Rel. Train L2 Loss :  6.0826184615143577e-05
Epoch :  334  Epoch time :  23.816434910986573  Rel. Train L2 Loss :  6.045392190717394e-05
Epoch :  335  Epoch time :  23.820177156012505  Rel. Train L2 Loss :  6.077007764542941e-05
Epoch :  336  Epoch time :  23.81269169098232  Rel. Train L2 Loss :  6.0359590710140764e-05
Epoch :  337  Epoch time :  23.81777597195469  Rel. Train L2 Loss :  6.157345764804632e-05
Epoch :  338  Epoch time :  23.82222767994972  Rel. Train L2 Loss :  5.990526971581858e-05
Epoch :  339  Epoch time :  23.820061776961666  Rel. Train L2 Loss :  6.111508395697456e-05
Epoch :  340  Epoch time :  23.852995797002222  Rel. Train L2 Loss :  6.0540369350928815e-05
Epoch :  341  Epoch time :  23.854777739965357  Rel. Train L2 Loss :  6.101180301629938e-05
Epoch :  342  Epoch time :  23.827372690022457  Rel. Train L2 Loss :  6.0655937052797526e-05
Epoch :  343  Epoch time :  23.853346477961168  Rel. Train L2 Loss :  6.050695361045655e-05
Epoch :  344  Epoch time :  23.85278516303515  Rel. Train L2 Loss :  5.9739921643631535e-05
Epoch :  345  Epoch time :  23.87729147297796  Rel. Train L2 Loss :  6.0351755004376176e-05
Epoch :  346  Epoch time :  23.865311558998656  Rel. Train L2 Loss :  5.9792399397701956e-05
Epoch :  347  Epoch time :  23.86066694901092  Rel. Train L2 Loss :  6.038275209721178e-05
Epoch :  348  Epoch time :  23.827971952967346  Rel. Train L2 Loss :  6.0744954965775836e-05
Epoch :  349  Epoch time :  23.80311953398632  Rel. Train L2 Loss :  6.0614122555125505e-05
Epoch :  350  Epoch time :  23.82624175399542  Rel. Train L2 Loss :  5.9749593329615894e-05
Epoch :  351  Epoch time :  23.806239796977025  Rel. Train L2 Loss :  6.0385648070950994e-05
Epoch :  352  Epoch time :  23.81441138603259  Rel. Train L2 Loss :  6.0216793447034435e-05
Epoch :  353  Epoch time :  23.811285778996535  Rel. Train L2 Loss :  5.940705631801393e-05
Epoch :  354  Epoch time :  23.84877610701369  Rel. Train L2 Loss :  5.981216989457607e-05
Epoch :  355  Epoch time :  23.881679093989078  Rel. Train L2 Loss :  6.13994084415026e-05
Epoch :  356  Epoch time :  23.886643500009086  Rel. Train L2 Loss :  5.969115805928595e-05
Epoch :  357  Epoch time :  23.87215800402919  Rel. Train L2 Loss :  6.01765531609999e-05
Epoch :  358  Epoch time :  23.88445213600062  Rel. Train L2 Loss :  5.9741744384518824e-05
Epoch :  359  Epoch time :  23.877664380008355  Rel. Train L2 Loss :  6.018594297638629e-05
Epoch :  360  Epoch time :  23.87183429597644  Rel. Train L2 Loss :  6.046763058693614e-05
Epoch :  361  Epoch time :  23.877169671992306  Rel. Train L2 Loss :  6.016134791425429e-05
Epoch :  362  Epoch time :  23.87424849398667  Rel. Train L2 Loss :  5.982098641106859e-05
Epoch :  363  Epoch time :  23.858142160985153  Rel. Train L2 Loss :  5.964901671395637e-05
Epoch :  364  Epoch time :  23.82348344498314  Rel. Train L2 Loss :  6.082228452141862e-05
Epoch :  365  Epoch time :  23.83314073603833  Rel. Train L2 Loss :  6.018292204535101e-05
Epoch :  366  Epoch time :  23.79278522101231  Rel. Train L2 Loss :  5.999660248635337e-05
Epoch :  367  Epoch time :  23.79781317897141  Rel. Train L2 Loss :  6.011567343084607e-05
Epoch :  368  Epoch time :  23.810983000032138  Rel. Train L2 Loss :  5.995718580961693e-05
Epoch :  369  Epoch time :  23.808891893946566  Rel. Train L2 Loss :  6.048151998838875e-05
Epoch :  370  Epoch time :  23.881741397024598  Rel. Train L2 Loss :  5.9585816893377344e-05
Epoch :  371  Epoch time :  23.895281220029574  Rel. Train L2 Loss :  6.001669941178989e-05
Epoch :  372  Epoch time :  23.883787736995146  Rel. Train L2 Loss :  6.0615928025799804e-05
Epoch :  373  Epoch time :  23.897455024009105  Rel. Train L2 Loss :  5.9977389581035826e-05
Epoch :  374  Epoch time :  23.8969788030372  Rel. Train L2 Loss :  5.987412471731659e-05
Epoch :  375  Epoch time :  23.892125087964814  Rel. Train L2 Loss :  6.0355366938165387e-05
Epoch :  376  Epoch time :  23.89259777200641  Rel. Train L2 Loss :  6.022457469080109e-05
Epoch :  377  Epoch time :  23.909932354988996  Rel. Train L2 Loss :  6.0059499242925086e-05
Epoch :  378  Epoch time :  23.887213217036333  Rel. Train L2 Loss :  6.049571702897083e-05
Epoch :  379  Epoch time :  23.868312751990743  Rel. Train L2 Loss :  5.9800833184272054e-05
Epoch :  380  Epoch time :  23.88181381096365  Rel. Train L2 Loss :  5.963571998872794e-05
Epoch :  381  Epoch time :  23.8033792420174  Rel. Train L2 Loss :  6.033566688711289e-05
Epoch :  382  Epoch time :  23.807874508027453  Rel. Train L2 Loss :  5.9635842993156984e-05
Epoch :  383  Epoch time :  23.81216073804535  Rel. Train L2 Loss :  5.958404285775032e-05
Epoch :  384  Epoch time :  23.81858474301407  Rel. Train L2 Loss :  6.130746769485995e-05
Epoch :  385  Epoch time :  23.817708479007706  Rel. Train L2 Loss :  5.9992165994481186e-05
Epoch :  386  Epoch time :  23.817732196010184  Rel. Train L2 Loss :  5.966039661725517e-05
Epoch :  387  Epoch time :  23.805379418015946  Rel. Train L2 Loss :  5.9877622869680634e-05
Epoch :  388  Epoch time :  23.828270962985698  Rel. Train L2 Loss :  6.006285695475526e-05
Epoch :  389  Epoch time :  23.83950124401599  Rel. Train L2 Loss :  6.036103749356698e-05
Epoch :  390  Epoch time :  23.893001360993367  Rel. Train L2 Loss :  5.971353033091873e-05
Epoch :  391  Epoch time :  23.902365364017896  Rel. Train L2 Loss :  6.057322737469803e-05
Epoch :  392  Epoch time :  23.897824676998425  Rel. Train L2 Loss :  5.9639855593559335e-05
Epoch :  393  Epoch time :  23.895832241047174  Rel. Train L2 Loss :  5.982960058900062e-05
Epoch :  394  Epoch time :  23.903573054005392  Rel. Train L2 Loss :  6.0153246056870556e-05
Epoch :  395  Epoch time :  23.905421846953686  Rel. Train L2 Loss :  6.078152158297598e-05
Epoch :  396  Epoch time :  23.915782357973512  Rel. Train L2 Loss :  5.9310843094135636e-05
Epoch :  397  Epoch time :  23.920186470961198  Rel. Train L2 Loss :  6.0818501919857225e-05
Epoch :  398  Epoch time :  23.850785348040517  Rel. Train L2 Loss :  5.86886311561102e-05
Epoch :  399  Epoch time :  23.78913112700684  Rel. Train L2 Loss :  6.015474040468689e-05
Epoch :  400  Epoch time :  23.82888282701606  Rel. Train L2 Loss :  4.594314110145206e-05
Epoch :  401  Epoch time :  23.807131907029543  Rel. Train L2 Loss :  4.7118821086769456e-05
Epoch :  402  Epoch time :  23.82474672899116  Rel. Train L2 Loss :  4.782066813932033e-05
Epoch :  403  Epoch time :  23.804993575031403  Rel. Train L2 Loss :  4.7938778449315575e-05
Epoch :  404  Epoch time :  23.80423625500407  Rel. Train L2 Loss :  4.741138318640878e-05
Epoch :  405  Epoch time :  23.806454086035956  Rel. Train L2 Loss :  4.812453253398416e-05
Epoch :  406  Epoch time :  23.827677469002083  Rel. Train L2 Loss :  4.748129374784185e-05
Epoch :  407  Epoch time :  23.801217575964984  Rel. Train L2 Loss :  4.729998807306402e-05
Epoch :  408  Epoch time :  23.829678642039653  Rel. Train L2 Loss :  4.79933232840267e-05
Epoch :  409  Epoch time :  23.834985959052574  Rel. Train L2 Loss :  4.7368499191361476e-05
Epoch :  410  Epoch time :  23.813320427958388  Rel. Train L2 Loss :  4.736709287681151e-05
Epoch :  411  Epoch time :  23.818260492000263  Rel. Train L2 Loss :  4.8050832047010774e-05
Epoch :  412  Epoch time :  23.832514064968564  Rel. Train L2 Loss :  4.746604855754413e-05
Epoch :  413  Epoch time :  23.832962364016566  Rel. Train L2 Loss :  4.759808100352529e-05
Epoch :  414  Epoch time :  23.836757159035187  Rel. Train L2 Loss :  4.754983642924344e-05
Epoch :  415  Epoch time :  23.84682467498351  Rel. Train L2 Loss :  4.768137909413781e-05
Epoch :  416  Epoch time :  23.781998888996895  Rel. Train L2 Loss :  4.715002933080541e-05
Epoch :  417  Epoch time :  23.812767028983217  Rel. Train L2 Loss :  4.7437388518301305e-05
Epoch :  418  Epoch time :  23.81405809399439  Rel. Train L2 Loss :  4.7535587396123446e-05
Epoch :  419  Epoch time :  23.83730844402453  Rel. Train L2 Loss :  4.742967126367148e-05
Epoch :  420  Epoch time :  23.82732947904151  Rel. Train L2 Loss :  4.768690307973884e-05
Epoch :  421  Epoch time :  23.823935583990533  Rel. Train L2 Loss :  4.739645503432257e-05
Epoch :  422  Epoch time :  23.82393079798203  Rel. Train L2 Loss :  4.7807843319606033e-05
Epoch :  423  Epoch time :  23.81498223001836  Rel. Train L2 Loss :  4.730118526640581e-05
Epoch :  424  Epoch time :  23.823731744021643  Rel. Train L2 Loss :  4.7560211706149856e-05
Epoch :  425  Epoch time :  23.82236638601171  Rel. Train L2 Loss :  4.713973905600142e-05
Epoch :  426  Epoch time :  23.80698602902703  Rel. Train L2 Loss :  4.757159842265537e-05
Epoch :  427  Epoch time :  23.813930202974007  Rel. Train L2 Loss :  4.7746086079860105e-05
Epoch :  428  Epoch time :  23.822515976033174  Rel. Train L2 Loss :  4.714953875372885e-05
Epoch :  429  Epoch time :  23.843225474993233  Rel. Train L2 Loss :  4.753171833872329e-05
Epoch :  430  Epoch time :  23.8786676589516  Rel. Train L2 Loss :  4.7488198298378846e-05
Epoch :  431  Epoch time :  23.905009592999704  Rel. Train L2 Loss :  4.696507641783683e-05
Epoch :  432  Epoch time :  23.914461779990233  Rel. Train L2 Loss :  4.7678195381013214e-05
Epoch :  433  Epoch time :  23.868292270984966  Rel. Train L2 Loss :  4.7385613311780615e-05
Epoch :  434  Epoch time :  23.920345277001616  Rel. Train L2 Loss :  4.714048984751571e-05
Epoch :  435  Epoch time :  23.91066866001347  Rel. Train L2 Loss :  4.703400960279396e-05
Epoch :  436  Epoch time :  23.9035646559787  Rel. Train L2 Loss :  4.744045353581896e-05
Epoch :  437  Epoch time :  23.889018126006704  Rel. Train L2 Loss :  4.7108792541257574e-05
Epoch :  438  Epoch time :  23.904201991972513  Rel. Train L2 Loss :  4.7385979964747094e-05
Epoch :  439  Epoch time :  23.878886676975526  Rel. Train L2 Loss :  4.670983596734004e-05
Epoch :  440  Epoch time :  23.89223951799795  Rel. Train L2 Loss :  4.7265081870136784e-05
Epoch :  441  Epoch time :  23.874089735967573  Rel. Train L2 Loss :  4.7203825479664375e-05
Epoch :  442  Epoch time :  23.86050599103328  Rel. Train L2 Loss :  4.743065542570548e-05
Epoch :  443  Epoch time :  23.87321270100074  Rel. Train L2 Loss :  4.7034736536443235e-05
Epoch :  444  Epoch time :  23.869801659951918  Rel. Train L2 Loss :  4.7271726217877584e-05
Epoch :  445  Epoch time :  23.852209039963782  Rel. Train L2 Loss :  4.740618757350603e-05
Epoch :  446  Epoch time :  23.858838587999344  Rel. Train L2 Loss :  4.6957290019781795e-05
Epoch :  447  Epoch time :  23.88465044798795  Rel. Train L2 Loss :  4.6717243228340524e-05
Epoch :  448  Epoch time :  23.827616452006623  Rel. Train L2 Loss :  4.757682838971959e-05
Epoch :  449  Epoch time :  23.832618693995755  Rel. Train L2 Loss :  4.721616248571081e-05
Epoch :  450  Epoch time :  23.849381324020214  Rel. Train L2 Loss :  4.6783650286670306e-05
Epoch :  451  Epoch time :  23.859854597016238  Rel. Train L2 Loss :  4.710673790395958e-05
Epoch :  452  Epoch time :  23.906866804987658  Rel. Train L2 Loss :  4.720426258427324e-05
Epoch :  453  Epoch time :  23.88702339801239  Rel. Train L2 Loss :  4.7393347293837e-05
Epoch :  454  Epoch time :  23.89496209198842  Rel. Train L2 Loss :  4.669474112597527e-05
Epoch :  455  Epoch time :  23.836546531994827  Rel. Train L2 Loss :  4.709010613150895e-05
Epoch :  456  Epoch time :  23.821205521991942  Rel. Train L2 Loss :  4.6977002486528366e-05
Epoch :  457  Epoch time :  23.834229561965913  Rel. Train L2 Loss :  4.707661210704828e-05
Epoch :  458  Epoch time :  23.814863836043514  Rel. Train L2 Loss :  4.694344397285022e-05
Epoch :  459  Epoch time :  23.819053574989084  Rel. Train L2 Loss :  4.7122650739038366e-05
Epoch :  460  Epoch time :  23.822986398998182  Rel. Train L2 Loss :  4.7137626419134906e-05
Epoch :  461  Epoch time :  23.82098874798976  Rel. Train L2 Loss :  4.678560063766781e-05
Epoch :  462  Epoch time :  23.81263186101569  Rel. Train L2 Loss :  4.6854314603842796e-05
Epoch :  463  Epoch time :  23.8050073159975  Rel. Train L2 Loss :  4.725676180096343e-05
Epoch :  464  Epoch time :  23.86359474703204  Rel. Train L2 Loss :  4.6689369002706374e-05
Epoch :  465  Epoch time :  23.825220293016173  Rel. Train L2 Loss :  4.716978880751412e-05
Epoch :  466  Epoch time :  23.82310309796594  Rel. Train L2 Loss :  4.702709839475574e-05
Epoch :  467  Epoch time :  23.85470471304143  Rel. Train L2 Loss :  4.7043213804136034e-05
Epoch :  468  Epoch time :  23.853870115999598  Rel. Train L2 Loss :  4.6950382500654085e-05
Epoch :  469  Epoch time :  23.825524062965997  Rel. Train L2 Loss :  4.6772274193062913e-05
Epoch :  470  Epoch time :  23.86062230099924  Rel. Train L2 Loss :  4.675698353385087e-05
Epoch :  471  Epoch time :  23.872132656979375  Rel. Train L2 Loss :  4.7080754215130586e-05
Epoch :  472  Epoch time :  23.864270372956526  Rel. Train L2 Loss :  4.6888574467448053e-05
Epoch :  473  Epoch time :  23.80916592903668  Rel. Train L2 Loss :  4.6945460316783285e-05
Epoch :  474  Epoch time :  23.813011413963977  Rel. Train L2 Loss :  4.718162418430438e-05
Epoch :  475  Epoch time :  23.809138212003745  Rel. Train L2 Loss :  4.6623998900759035e-05
Epoch :  476  Epoch time :  23.813697443983983  Rel. Train L2 Loss :  4.655619128607213e-05
Epoch :  477  Epoch time :  23.84167025098577  Rel. Train L2 Loss :  4.6806164327426814e-05
Epoch :  478  Epoch time :  23.824588364979718  Rel. Train L2 Loss :  4.6947731837281026e-05
Epoch :  479  Epoch time :  23.83131155697629  Rel. Train L2 Loss :  4.701271306257695e-05
Epoch :  480  Epoch time :  23.81341867701849  Rel. Train L2 Loss :  4.688129410642432e-05
Epoch :  481  Epoch time :  23.808735787984915  Rel. Train L2 Loss :  4.678611195558915e-05
Epoch :  482  Epoch time :  23.80670486303279  Rel. Train L2 Loss :  4.685437301523052e-05
Epoch :  483  Epoch time :  23.810902140976395  Rel. Train L2 Loss :  4.705856552609475e-05
Epoch :  484  Epoch time :  23.820686835970264  Rel. Train L2 Loss :  4.67292582441587e-05
Epoch :  485  Epoch time :  23.834706018969882  Rel. Train L2 Loss :  4.643188358604675e-05
Epoch :  486  Epoch time :  23.912035974964965  Rel. Train L2 Loss :  4.690657246246701e-05
Epoch :  487  Epoch time :  23.957386686990503  Rel. Train L2 Loss :  4.686362476350041e-05
Epoch :  488  Epoch time :  23.951056088029873  Rel. Train L2 Loss :  4.671184520120732e-05
Epoch :  489  Epoch time :  23.886443056049757  Rel. Train L2 Loss :  4.674579238926526e-05
Epoch :  490  Epoch time :  23.853397275030147  Rel. Train L2 Loss :  4.6805437923467254e-05
Epoch :  491  Epoch time :  23.83125031401869  Rel. Train L2 Loss :  4.665845755371265e-05
Epoch :  492  Epoch time :  23.85335049103014  Rel. Train L2 Loss :  4.691416546556866e-05
Epoch :  493  Epoch time :  23.846525660017505  Rel. Train L2 Loss :  4.6598339520278384e-05
Epoch :  494  Epoch time :  23.84204731101636  Rel. Train L2 Loss :  4.6608608574024404e-05
Epoch :  495  Epoch time :  23.82968509598868  Rel. Train L2 Loss :  4.661266650655307e-05
Epoch :  496  Epoch time :  23.825211756979115  Rel. Train L2 Loss :  4.6419837490248027e-05
Epoch :  497  Epoch time :  23.836042975948658  Rel. Train L2 Loss :  4.6646728985069785e-05
Epoch :  498  Epoch time :  23.824712136993185  Rel. Train L2 Loss :  4.6773662147461435e-05
Epoch :  499  Epoch time :  23.82328064198373  Rel. Train L2 Loss :  4.69703953829594e-05
Total time is : 11927.909783818002 Total epoch is  500
