['learnFNO.py', '5000', '32', '16']
888001
Epoch :  0  Epoch time :  3.3089122459932696  Rel. Train L2 Loss :  0.5005812955260277
Epoch :  1  Epoch time :  2.9708106110047083  Rel. Train L2 Loss :  0.02906779223382473
Epoch :  2  Epoch time :  2.967796412995085  Rel. Train L2 Loss :  0.011279967184364796
Epoch :  3  Epoch time :  2.9689024219987914  Rel. Train L2 Loss :  0.006509116516262293
Epoch :  4  Epoch time :  2.969057816982968  Rel. Train L2 Loss :  0.004746785489842296
Epoch :  5  Epoch time :  2.9677534790243953  Rel. Train L2 Loss :  0.003766468522697687
Epoch :  6  Epoch time :  2.9685286479943898  Rel. Train L2 Loss :  0.0031632830679416656
Epoch :  7  Epoch time :  2.968889345997013  Rel. Train L2 Loss :  0.002733512207120657
Epoch :  8  Epoch time :  2.96824574097991  Rel. Train L2 Loss :  0.002443022619560361
Epoch :  9  Epoch time :  2.9667638820246793  Rel. Train L2 Loss :  0.002158770963177085
Epoch :  10  Epoch time :  2.9660873289976735  Rel. Train L2 Loss :  0.0020177420783787964
Epoch :  11  Epoch time :  2.965483048988972  Rel. Train L2 Loss :  0.0018598409503698349
Epoch :  12  Epoch time :  2.966669629997341  Rel. Train L2 Loss :  0.001701480216346681
Epoch :  13  Epoch time :  2.9671482820122037  Rel. Train L2 Loss :  0.0015687347427010537
Epoch :  14  Epoch time :  2.965892464009812  Rel. Train L2 Loss :  0.0015212618462741375
Epoch :  15  Epoch time :  2.967376398999477  Rel. Train L2 Loss :  0.0014384642522782087
Epoch :  16  Epoch time :  2.966384252998978  Rel. Train L2 Loss :  0.0013821622051298618
Epoch :  17  Epoch time :  2.9654570079874247  Rel. Train L2 Loss :  0.001288664847612381
Epoch :  18  Epoch time :  2.964740839001024  Rel. Train L2 Loss :  0.00134548293761909
Epoch :  19  Epoch time :  2.9647750850126613  Rel. Train L2 Loss :  0.0011686739528551698
Epoch :  20  Epoch time :  2.9675307830038946  Rel. Train L2 Loss :  0.0012064442144706846
Epoch :  21  Epoch time :  2.965527213003952  Rel. Train L2 Loss :  0.001246035124734044
Epoch :  22  Epoch time :  2.966425529011758  Rel. Train L2 Loss :  0.0012579298121854663
Epoch :  23  Epoch time :  2.966412207984831  Rel. Train L2 Loss :  0.0013688045794144272
Epoch :  24  Epoch time :  2.9648436269781087  Rel. Train L2 Loss :  0.0011616910867393016
Epoch :  25  Epoch time :  2.965734772005817  Rel. Train L2 Loss :  0.0011635659839957953
Epoch :  26  Epoch time :  2.9649239879800007  Rel. Train L2 Loss :  0.0011865436900407075
Epoch :  27  Epoch time :  2.9655980409879703  Rel. Train L2 Loss :  0.0010582364693284036
Epoch :  28  Epoch time :  2.964888805989176  Rel. Train L2 Loss :  0.0011745271289721132
Epoch :  29  Epoch time :  2.964562156004831  Rel. Train L2 Loss :  0.0009960566498339175
Epoch :  30  Epoch time :  2.9674566510075238  Rel. Train L2 Loss :  0.0012331046234816312
Epoch :  31  Epoch time :  2.9658440299972426  Rel. Train L2 Loss :  0.0019594735049642624
Epoch :  32  Epoch time :  2.9655278110003565  Rel. Train L2 Loss :  0.0009409462187439203
Epoch :  33  Epoch time :  2.9647326600097585  Rel. Train L2 Loss :  0.0009088924434036016
Epoch :  34  Epoch time :  2.9650017399981152  Rel. Train L2 Loss :  0.0010454577937722205
Epoch :  35  Epoch time :  2.9658622299903072  Rel. Train L2 Loss :  0.0011135098492726684
Epoch :  36  Epoch time :  2.96544193601585  Rel. Train L2 Loss :  0.0009821350945159793
Epoch :  37  Epoch time :  2.9658462480001617  Rel. Train L2 Loss :  0.0010242563389241696
Epoch :  38  Epoch time :  2.9651868770015426  Rel. Train L2 Loss :  0.001312640186585486
Epoch :  39  Epoch time :  2.965304628974991  Rel. Train L2 Loss :  0.001095784892886877
Epoch :  40  Epoch time :  2.9649548250017688  Rel. Train L2 Loss :  0.0009925867987796665
Epoch :  41  Epoch time :  2.9654331269848626  Rel. Train L2 Loss :  0.0009325835660099983
Epoch :  42  Epoch time :  2.969015267008217  Rel. Train L2 Loss :  0.0009664204316213727
Epoch :  43  Epoch time :  2.965915117994882  Rel. Train L2 Loss :  0.0009588952735066414
Epoch :  44  Epoch time :  2.9656254650035407  Rel. Train L2 Loss :  0.0009952659605070948
Epoch :  45  Epoch time :  2.965596899011871  Rel. Train L2 Loss :  0.0007536990817636251
Epoch :  46  Epoch time :  2.9653672499989625  Rel. Train L2 Loss :  0.000981902687624097
Epoch :  47  Epoch time :  2.965719767002156  Rel. Train L2 Loss :  0.0009511989235877991
Epoch :  48  Epoch time :  2.96622544398997  Rel. Train L2 Loss :  0.0010171044904738664
Epoch :  49  Epoch time :  2.9649707460193895  Rel. Train L2 Loss :  0.0008427074410021305
Epoch :  50  Epoch time :  2.9647378619993106  Rel. Train L2 Loss :  0.000783674549870193
Epoch :  51  Epoch time :  2.96466138298274  Rel. Train L2 Loss :  0.0016360310301184655
Epoch :  52  Epoch time :  2.967322027980117  Rel. Train L2 Loss :  0.001135846957284957
Epoch :  53  Epoch time :  2.967039936018409  Rel. Train L2 Loss :  0.0006621990924701095
Epoch :  54  Epoch time :  2.9656594799889717  Rel. Train L2 Loss :  0.0006039258874952794
Epoch :  55  Epoch time :  2.9654072590055875  Rel. Train L2 Loss :  0.0006741386774927378
Epoch :  56  Epoch time :  2.9645231630129274  Rel. Train L2 Loss :  0.0011685148468241096
Epoch :  57  Epoch time :  2.9649909299914725  Rel. Train L2 Loss :  0.0008025792104192078
Epoch :  58  Epoch time :  2.9643389339908026  Rel. Train L2 Loss :  0.0006751366392709314
Epoch :  59  Epoch time :  2.964766146003967  Rel. Train L2 Loss :  0.0007156236241571605
Epoch :  60  Epoch time :  2.9638679929776117  Rel. Train L2 Loss :  0.0008468393651768565
Epoch :  61  Epoch time :  2.963758936006343  Rel. Train L2 Loss :  0.0010116409115493298
Epoch :  62  Epoch time :  2.964551826007664  Rel. Train L2 Loss :  0.0006820859498344362
Epoch :  63  Epoch time :  2.963979889987968  Rel. Train L2 Loss :  0.0008382320363074541
Epoch :  64  Epoch time :  2.9643322929914575  Rel. Train L2 Loss :  0.001143031285237521
Epoch :  65  Epoch time :  2.9669203749799635  Rel. Train L2 Loss :  0.0006241360183805228
Epoch :  66  Epoch time :  2.9645874179841485  Rel. Train L2 Loss :  0.0006261364690959454
Epoch :  67  Epoch time :  2.965510790992994  Rel. Train L2 Loss :  0.0006596206666901707
Epoch :  68  Epoch time :  2.9636561399966013  Rel. Train L2 Loss :  0.0007181473386473954
Epoch :  69  Epoch time :  2.964953582995804  Rel. Train L2 Loss :  0.0008600858494639396
Epoch :  70  Epoch time :  2.9636525220121257  Rel. Train L2 Loss :  0.0008598147042095661
Epoch :  71  Epoch time :  2.964041775005171  Rel. Train L2 Loss :  0.0009011594815179706
Epoch :  72  Epoch time :  2.963658768014284  Rel. Train L2 Loss :  0.0006054977310821414
Epoch :  73  Epoch time :  2.9641039469861425  Rel. Train L2 Loss :  0.0012258726872503758
Epoch :  74  Epoch time :  2.964592990989331  Rel. Train L2 Loss :  0.0008611023439094425
Epoch :  75  Epoch time :  2.9671442919934634  Rel. Train L2 Loss :  0.0005373281924985349
Epoch :  76  Epoch time :  2.9643722170148976  Rel. Train L2 Loss :  0.0007296351728960872
Epoch :  77  Epoch time :  2.964295394020155  Rel. Train L2 Loss :  0.0008044884604401886
Epoch :  78  Epoch time :  2.9642244819842745  Rel. Train L2 Loss :  0.0004902532403357327
Epoch :  79  Epoch time :  2.9635394320066553  Rel. Train L2 Loss :  0.0005779511488974094
Epoch :  80  Epoch time :  2.962887641013367  Rel. Train L2 Loss :  0.000759757820982486
Epoch :  81  Epoch time :  2.9645517260069028  Rel. Train L2 Loss :  0.0008084296613465995
Epoch :  82  Epoch time :  2.9635518259892706  Rel. Train L2 Loss :  0.0006329493729397655
Epoch :  83  Epoch time :  2.963264114019694  Rel. Train L2 Loss :  0.0007004124698229134
Epoch :  84  Epoch time :  2.9644850760232657  Rel. Train L2 Loss :  0.0005760808911174536
Epoch :  85  Epoch time :  2.9661666360043455  Rel. Train L2 Loss :  0.0006099306527525187
Epoch :  86  Epoch time :  2.9652627850009594  Rel. Train L2 Loss :  0.0007301771419122816
Epoch :  87  Epoch time :  2.964537780993851  Rel. Train L2 Loss :  0.0006072664857842028
Epoch :  88  Epoch time :  2.9643710649979766  Rel. Train L2 Loss :  0.0006504695793613792
Epoch :  89  Epoch time :  2.9641346569987945  Rel. Train L2 Loss :  0.0007935862955637277
Epoch :  90  Epoch time :  2.9639411749958526  Rel. Train L2 Loss :  0.0010860809243284167
Epoch :  91  Epoch time :  2.965111312980298  Rel. Train L2 Loss :  0.0006726767864078284
Epoch :  92  Epoch time :  2.963639730005525  Rel. Train L2 Loss :  0.000558451630268246
Epoch :  93  Epoch time :  2.96403622199432  Rel. Train L2 Loss :  0.0005415605114772916
Epoch :  94  Epoch time :  2.964054768992355  Rel. Train L2 Loss :  0.00046239608647301794
Epoch :  95  Epoch time :  2.9635082829918247  Rel. Train L2 Loss :  0.0009816973010078073
Epoch :  96  Epoch time :  2.968405245017493  Rel. Train L2 Loss :  0.0005884798183105886
Epoch :  97  Epoch time :  2.965057787980186  Rel. Train L2 Loss :  0.0005071845388039946
Epoch :  98  Epoch time :  2.964642812992679  Rel. Train L2 Loss :  0.0006858590191230178
Epoch :  99  Epoch time :  2.964140192983905  Rel. Train L2 Loss :  0.0009936435544397682
Epoch :  100  Epoch time :  2.9635848619800527  Rel. Train L2 Loss :  0.00026299437009729445
Epoch :  101  Epoch time :  2.9638613370188978  Rel. Train L2 Loss :  0.00022541997623629867
Epoch :  102  Epoch time :  2.963600808987394  Rel. Train L2 Loss :  0.0002361203442560509
Epoch :  103  Epoch time :  2.965418880979996  Rel. Train L2 Loss :  0.00023719380414113402
Epoch :  104  Epoch time :  2.9642435490095522  Rel. Train L2 Loss :  0.00024902287535369394
Epoch :  105  Epoch time :  2.963990417018067  Rel. Train L2 Loss :  0.0002611951241735369
Epoch :  106  Epoch time :  2.9677228149957955  Rel. Train L2 Loss :  0.0002648893210571259
Epoch :  107  Epoch time :  2.9654297170054633  Rel. Train L2 Loss :  0.00025725456229411063
Epoch :  108  Epoch time :  2.966673773014918  Rel. Train L2 Loss :  0.0002881287943571806
Epoch :  109  Epoch time :  2.9646297490107827  Rel. Train L2 Loss :  0.00031080062221735714
Epoch :  110  Epoch time :  2.964149086008547  Rel. Train L2 Loss :  0.00031239487351849676
Epoch :  111  Epoch time :  2.964321809995454  Rel. Train L2 Loss :  0.0003592610007151961
Epoch :  112  Epoch time :  2.9638871219940484  Rel. Train L2 Loss :  0.00031348614860326053
Epoch :  113  Epoch time :  2.9650267919932958  Rel. Train L2 Loss :  0.00030472275004722176
Epoch :  114  Epoch time :  2.963921490998473  Rel. Train L2 Loss :  0.0003403496894519776
Epoch :  115  Epoch time :  2.963820951990783  Rel. Train L2 Loss :  0.0002845833164639771
Epoch :  116  Epoch time :  2.9639251450134907  Rel. Train L2 Loss :  0.0003266494272276759
Epoch :  117  Epoch time :  2.9637659619911574  Rel. Train L2 Loss :  0.00031626365119591355
Epoch :  118  Epoch time :  2.9795412450039294  Rel. Train L2 Loss :  0.00031075974563136695
Epoch :  119  Epoch time :  2.9653085129975807  Rel. Train L2 Loss :  0.00029089721231721343
Epoch :  120  Epoch time :  2.96522452798672  Rel. Train L2 Loss :  0.00031743493308313193
Epoch :  121  Epoch time :  2.9642336889810394  Rel. Train L2 Loss :  0.000297903370205313
Epoch :  122  Epoch time :  2.9638189540128224  Rel. Train L2 Loss :  0.0003393484096508473
Epoch :  123  Epoch time :  2.9650302230147645  Rel. Train L2 Loss :  0.0003176096910610795
Epoch :  124  Epoch time :  2.9638857829850167  Rel. Train L2 Loss :  0.00032203302970156076
Epoch :  125  Epoch time :  2.9650569270015694  Rel. Train L2 Loss :  0.00031062980787828563
Epoch :  126  Epoch time :  2.9647107739874627  Rel. Train L2 Loss :  0.000361069653253071
Epoch :  127  Epoch time :  2.9647574039991014  Rel. Train L2 Loss :  0.00028626969086471946
Epoch :  128  Epoch time :  2.9643379579938482  Rel. Train L2 Loss :  0.00033327404940500856
Epoch :  129  Epoch time :  2.967978681990644  Rel. Train L2 Loss :  0.00028740626028738917
Epoch :  130  Epoch time :  2.965529505017912  Rel. Train L2 Loss :  0.000305935176089406
Epoch :  131  Epoch time :  2.9652045269904193  Rel. Train L2 Loss :  0.00028228065110743044
Epoch :  132  Epoch time :  2.9647406509902794  Rel. Train L2 Loss :  0.00038344911923632026
Epoch :  133  Epoch time :  2.9649391749990173  Rel. Train L2 Loss :  0.0003312588037457317
Epoch :  134  Epoch time :  2.9645941280177794  Rel. Train L2 Loss :  0.00027007643738761545
Epoch :  135  Epoch time :  2.9656640519970097  Rel. Train L2 Loss :  0.0002613339137751609
Epoch :  136  Epoch time :  2.964443958015181  Rel. Train L2 Loss :  0.00029249964505434034
Epoch :  137  Epoch time :  2.9643836250179447  Rel. Train L2 Loss :  0.00037829723320901394
Epoch :  138  Epoch time :  2.96413055199082  Rel. Train L2 Loss :  0.0002696108414325863
Epoch :  139  Epoch time :  2.9666708059958182  Rel. Train L2 Loss :  0.00027691995070781557
Epoch :  140  Epoch time :  2.966248237993568  Rel. Train L2 Loss :  0.00030246229828335345
Epoch :  141  Epoch time :  2.9653636690054554  Rel. Train L2 Loss :  0.00032989772204309703
Epoch :  142  Epoch time :  2.9649103069968987  Rel. Train L2 Loss :  0.0002572549437871203
Epoch :  143  Epoch time :  2.96466558901011  Rel. Train L2 Loss :  0.00026764560556039214
Epoch :  144  Epoch time :  2.964932130998932  Rel. Train L2 Loss :  0.0003087106455117464
Epoch :  145  Epoch time :  2.9648203809920233  Rel. Train L2 Loss :  0.0003108154393732548
Epoch :  146  Epoch time :  2.9642168509890325  Rel. Train L2 Loss :  0.00029314528135582804
Epoch :  147  Epoch time :  2.9650380030216184  Rel. Train L2 Loss :  0.0003039498041383922
Epoch :  148  Epoch time :  2.964754932996584  Rel. Train L2 Loss :  0.0002848187170224264
Epoch :  149  Epoch time :  2.964813572994899  Rel. Train L2 Loss :  0.00026474143352825196
Epoch :  150  Epoch time :  2.9687732070160564  Rel. Train L2 Loss :  0.00033802636563777923
Epoch :  151  Epoch time :  2.9654809969943017  Rel. Train L2 Loss :  0.0002541402427945286
Epoch :  152  Epoch time :  2.966651622991776  Rel. Train L2 Loss :  0.0002971656452864408
Epoch :  153  Epoch time :  2.964802807982778  Rel. Train L2 Loss :  0.0002775963102467358
Epoch :  154  Epoch time :  2.9658754669944756  Rel. Train L2 Loss :  0.00028029015171341596
Epoch :  155  Epoch time :  2.966025830974104  Rel. Train L2 Loss :  0.0003034230814315379
Epoch :  156  Epoch time :  2.9650619240128435  Rel. Train L2 Loss :  0.000309464886598289
Epoch :  157  Epoch time :  2.96611877498799  Rel. Train L2 Loss :  0.0002605002779047936
Epoch :  158  Epoch time :  2.9653587710054126  Rel. Train L2 Loss :  0.00030751281818374994
Epoch :  159  Epoch time :  2.9651581150246784  Rel. Train L2 Loss :  0.0002803783871233463
Epoch :  160  Epoch time :  2.9689123290008865  Rel. Train L2 Loss :  0.00028077791393734514
Epoch :  161  Epoch time :  2.9660342580173165  Rel. Train L2 Loss :  0.00027144054560922085
Epoch :  162  Epoch time :  2.9787204189924523  Rel. Train L2 Loss :  0.00026479240690823646
Epoch :  163  Epoch time :  2.9657187369884923  Rel. Train L2 Loss :  0.00028600189834833146
Epoch :  164  Epoch time :  2.9660993439902086  Rel. Train L2 Loss :  0.0003300386954564601
Epoch :  165  Epoch time :  2.966318662976846  Rel. Train L2 Loss :  0.00027603518455289304
Epoch :  166  Epoch time :  2.964698306983337  Rel. Train L2 Loss :  0.0003180241704918444
Epoch :  167  Epoch time :  2.9648977590259165  Rel. Train L2 Loss :  0.0002516477818135172
Epoch :  168  Epoch time :  2.964955931005534  Rel. Train L2 Loss :  0.00024091218230314553
Epoch :  169  Epoch time :  2.9660370989877265  Rel. Train L2 Loss :  0.0002700812025461346
Epoch :  170  Epoch time :  2.968490776984254  Rel. Train L2 Loss :  0.0003030378074850887
Epoch :  171  Epoch time :  2.9661732249951456  Rel. Train L2 Loss :  0.00027127715023234485
Epoch :  172  Epoch time :  2.9657937749871053  Rel. Train L2 Loss :  0.00032720613337587564
Epoch :  173  Epoch time :  2.9654811960062943  Rel. Train L2 Loss :  0.00023991003632545471
Epoch :  174  Epoch time :  2.9782500299916137  Rel. Train L2 Loss :  0.0002541151789482683
Epoch :  175  Epoch time :  2.965213444986148  Rel. Train L2 Loss :  0.0002585076617076993
Epoch :  176  Epoch time :  2.9648900640022475  Rel. Train L2 Loss :  0.0002538635728880763
Epoch :  177  Epoch time :  2.9663873160025105  Rel. Train L2 Loss :  0.0002647688585333526
Epoch :  178  Epoch time :  2.9646008590061683  Rel. Train L2 Loss :  0.0005302513722330332
Epoch :  179  Epoch time :  2.9663534319843166  Rel. Train L2 Loss :  0.00029096946865320205
Epoch :  180  Epoch time :  2.965301071992144  Rel. Train L2 Loss :  0.00023525405912660062
Epoch :  181  Epoch time :  2.9696495580137707  Rel. Train L2 Loss :  0.0002247525733197108
Epoch :  182  Epoch time :  2.9658634299994446  Rel. Train L2 Loss :  0.00027544289557263253
Epoch :  183  Epoch time :  2.966165664984146  Rel. Train L2 Loss :  0.00029844851717352865
Epoch :  184  Epoch time :  2.9679751769872382  Rel. Train L2 Loss :  0.00023820289801806211
Epoch :  185  Epoch time :  2.9650364389817696  Rel. Train L2 Loss :  0.00025139451259747147
Epoch :  186  Epoch time :  2.965152532007778  Rel. Train L2 Loss :  0.0002972448132000864
Epoch :  187  Epoch time :  2.964763853990007  Rel. Train L2 Loss :  0.00023647000449709594
Epoch :  188  Epoch time :  2.9657284790009726  Rel. Train L2 Loss :  0.00023759513339027761
Epoch :  189  Epoch time :  2.965845909988275  Rel. Train L2 Loss :  0.00029296822911128404
Epoch :  190  Epoch time :  2.9654588070116006  Rel. Train L2 Loss :  0.0003090651426464319
Epoch :  191  Epoch time :  2.9699796499917284  Rel. Train L2 Loss :  0.0002468929651193321
Epoch :  192  Epoch time :  2.9661814230203163  Rel. Train L2 Loss :  0.00025767863411456344
Epoch :  193  Epoch time :  2.9661829529795796  Rel. Train L2 Loss :  0.0002677807237021625
Epoch :  194  Epoch time :  2.9653293849842157  Rel. Train L2 Loss :  0.00025405678669922053
Epoch :  195  Epoch time :  2.964944952982478  Rel. Train L2 Loss :  0.000299492603354156
Epoch :  196  Epoch time :  2.965853201021673  Rel. Train L2 Loss :  0.00026871790029108525
Epoch :  197  Epoch time :  2.9652867480181158  Rel. Train L2 Loss :  0.00025135275716893377
Epoch :  198  Epoch time :  2.9649615150119644  Rel. Train L2 Loss :  0.0002654813792556524
Epoch :  199  Epoch time :  2.9649451229779515  Rel. Train L2 Loss :  0.000312174822203815
Epoch :  200  Epoch time :  2.9650608959782403  Rel. Train L2 Loss :  0.00014206154821440578
Epoch :  201  Epoch time :  2.9656840350071434  Rel. Train L2 Loss :  0.00013081383323296905
Epoch :  202  Epoch time :  2.965076593012782  Rel. Train L2 Loss :  0.00013757952507585287
Epoch :  203  Epoch time :  2.9691406689817086  Rel. Train L2 Loss :  0.00013496321071870625
Epoch :  204  Epoch time :  2.9659609090012964  Rel. Train L2 Loss :  0.00013412628984078764
Epoch :  205  Epoch time :  2.9656078849802725  Rel. Train L2 Loss :  0.0001486387700540945
Epoch :  206  Epoch time :  2.966170739993686  Rel. Train L2 Loss :  0.00014663632665760815
Epoch :  207  Epoch time :  2.9651925709913485  Rel. Train L2 Loss :  0.00016461672051809728
Epoch :  208  Epoch time :  2.9655594780051615  Rel. Train L2 Loss :  0.00014559467458166183
Epoch :  209  Epoch time :  2.9654747179884  Rel. Train L2 Loss :  0.00014951062533073128
Epoch :  210  Epoch time :  2.9646027729904745  Rel. Train L2 Loss :  0.0001539216893725097
Epoch :  211  Epoch time :  2.964932394999778  Rel. Train L2 Loss :  0.00015729421535506846
Epoch :  212  Epoch time :  2.9647833750059363  Rel. Train L2 Loss :  0.00016367996796034275
Epoch :  213  Epoch time :  2.965512222988764  Rel. Train L2 Loss :  0.0001506053807679564
Epoch :  214  Epoch time :  2.9692571639898233  Rel. Train L2 Loss :  0.0001565234381239861
Epoch :  215  Epoch time :  2.9659899979887996  Rel. Train L2 Loss :  0.00015914171488257126
Epoch :  216  Epoch time :  2.9663028399809264  Rel. Train L2 Loss :  0.00015532170282676815
Epoch :  217  Epoch time :  2.9656215450086165  Rel. Train L2 Loss :  0.00016400401960127057
Epoch :  218  Epoch time :  2.965995514008682  Rel. Train L2 Loss :  0.00015342188170179726
Epoch :  219  Epoch time :  2.966418761003297  Rel. Train L2 Loss :  0.00015611613001674412
Epoch :  220  Epoch time :  2.964654035982676  Rel. Train L2 Loss :  0.00016673253420740366
Epoch :  221  Epoch time :  2.9652041619992815  Rel. Train L2 Loss :  0.00016118705023545772
Epoch :  222  Epoch time :  2.9648927040107083  Rel. Train L2 Loss :  0.00015464509960729628
Epoch :  223  Epoch time :  2.9654327960161027  Rel. Train L2 Loss :  0.00014552596260327845
Epoch :  224  Epoch time :  2.968336266989354  Rel. Train L2 Loss :  0.00016503235332202167
Epoch :  225  Epoch time :  2.9664952140010428  Rel. Train L2 Loss :  0.0001516323828836903
Epoch :  226  Epoch time :  2.966245565999998  Rel. Train L2 Loss :  0.00015351714788703247
Epoch :  227  Epoch time :  2.9662688380049076  Rel. Train L2 Loss :  0.00017122274013236166
Epoch :  228  Epoch time :  2.9660015790141188  Rel. Train L2 Loss :  0.00015502489106729626
Epoch :  229  Epoch time :  2.9648713579808827  Rel. Train L2 Loss :  0.00015125250285491347
Epoch :  230  Epoch time :  2.965022645017598  Rel. Train L2 Loss :  0.00015667317265179008
Epoch :  231  Epoch time :  2.9653708130063023  Rel. Train L2 Loss :  0.00015638682912103832
Epoch :  232  Epoch time :  2.964831544988556  Rel. Train L2 Loss :  0.00015272736486513167
Epoch :  233  Epoch time :  2.9661167720041703  Rel. Train L2 Loss :  0.0001625739376526326
Epoch :  234  Epoch time :  2.9645203039981425  Rel. Train L2 Loss :  0.00015753016638336704
Epoch :  235  Epoch time :  2.969998784014024  Rel. Train L2 Loss :  0.00015077513786964118
Epoch :  236  Epoch time :  2.9660959919856396  Rel. Train L2 Loss :  0.000155646091978997
Epoch :  237  Epoch time :  2.9665865580027457  Rel. Train L2 Loss :  0.0001513965470250696
Epoch :  238  Epoch time :  2.9646596669917926  Rel. Train L2 Loss :  0.00015708430213853716
Epoch :  239  Epoch time :  2.9657326780143194  Rel. Train L2 Loss :  0.00015747933273669332
Epoch :  240  Epoch time :  2.9720634130062535  Rel. Train L2 Loss :  0.00015428081834688783
Epoch :  241  Epoch time :  2.9651442900067195  Rel. Train L2 Loss :  0.0001696697549894452
Epoch :  242  Epoch time :  2.964994335983647  Rel. Train L2 Loss :  0.00015723548717796803
Epoch :  243  Epoch time :  2.9651214990008157  Rel. Train L2 Loss :  0.0001541085105156526
Epoch :  244  Epoch time :  2.9650271679856814  Rel. Train L2 Loss :  0.00015062072686851025
Epoch :  245  Epoch time :  2.9675509000080638  Rel. Train L2 Loss :  0.0001546997044235468
Epoch :  246  Epoch time :  2.9682358040008694  Rel. Train L2 Loss :  0.0001480274945497513
Epoch :  247  Epoch time :  2.965552117995685  Rel. Train L2 Loss :  0.00014018076555803418
Epoch :  248  Epoch time :  2.9666293829795904  Rel. Train L2 Loss :  0.00015538399094948546
Epoch :  249  Epoch time :  2.965349186997628  Rel. Train L2 Loss :  0.00015391638951841742
Epoch :  250  Epoch time :  2.9658037969784345  Rel. Train L2 Loss :  0.00014993804444093258
Epoch :  251  Epoch time :  2.965186176006682  Rel. Train L2 Loss :  0.00015154587170109152
Epoch :  252  Epoch time :  2.9650777349888813  Rel. Train L2 Loss :  0.00014650850393809378
Epoch :  253  Epoch time :  2.9650700830097776  Rel. Train L2 Loss :  0.00015254343724809588
Epoch :  254  Epoch time :  2.965074514999287  Rel. Train L2 Loss :  0.00017753265199717133
Epoch :  255  Epoch time :  2.96589776899782  Rel. Train L2 Loss :  0.00015356763345189393
Epoch :  256  Epoch time :  2.9653722360089887  Rel. Train L2 Loss :  0.0001467642931966111
Epoch :  257  Epoch time :  2.966871301003266  Rel. Train L2 Loss :  0.00016242361052427442
Epoch :  258  Epoch time :  2.9687649440020323  Rel. Train L2 Loss :  0.00014709173062583432
Epoch :  259  Epoch time :  2.966304635978304  Rel. Train L2 Loss :  0.0001506990009569563
Epoch :  260  Epoch time :  2.9658971980097704  Rel. Train L2 Loss :  0.0001515792183810845
Epoch :  261  Epoch time :  2.9643677449785173  Rel. Train L2 Loss :  0.0001469749931478873
Epoch :  262  Epoch time :  2.966838934982661  Rel. Train L2 Loss :  0.00013616283240262418
Epoch :  263  Epoch time :  2.9656237790186424  Rel. Train L2 Loss :  0.0001569516956806183
Epoch :  264  Epoch time :  2.964828321011737  Rel. Train L2 Loss :  0.0001487849201192148
Epoch :  265  Epoch time :  2.966057109995745  Rel. Train L2 Loss :  0.00014849941344000398
Epoch :  266  Epoch time :  2.9643493840121664  Rel. Train L2 Loss :  0.0001627840347122401
Epoch :  267  Epoch time :  2.9659707130049355  Rel. Train L2 Loss :  0.00014970195895293726
Epoch :  268  Epoch time :  2.965932077000616  Rel. Train L2 Loss :  0.00014982628636062145
Epoch :  269  Epoch time :  2.9681700250075664  Rel. Train L2 Loss :  0.00017391304010525347
Epoch :  270  Epoch time :  2.9659879009996075  Rel. Train L2 Loss :  0.00015070065930485724
Epoch :  271  Epoch time :  2.9665300349879544  Rel. Train L2 Loss :  0.00014649974193889646
Epoch :  272  Epoch time :  2.966665252984967  Rel. Train L2 Loss :  0.00013817620396148412
Epoch :  273  Epoch time :  2.9661728509818204  Rel. Train L2 Loss :  0.00014397888786625118
Epoch :  274  Epoch time :  2.9650720880017616  Rel. Train L2 Loss :  0.00015255777509883047
Epoch :  275  Epoch time :  2.9651259450183716  Rel. Train L2 Loss :  0.00014741611948702483
Epoch :  276  Epoch time :  2.964522415015381  Rel. Train L2 Loss :  0.00017134639057330786
Epoch :  277  Epoch time :  2.9652882640075404  Rel. Train L2 Loss :  0.00014808201889973134
Epoch :  278  Epoch time :  2.964578253973741  Rel. Train L2 Loss :  0.00014581258282996714
Epoch :  279  Epoch time :  2.9653781320084818  Rel. Train L2 Loss :  0.00014986650268547237
Epoch :  280  Epoch time :  2.968732450011885  Rel. Train L2 Loss :  0.0001427590542472899
Epoch :  281  Epoch time :  2.9659890860202722  Rel. Train L2 Loss :  0.00014624901385977866
Epoch :  282  Epoch time :  2.9662708769901656  Rel. Train L2 Loss :  0.00013734870217740536
Epoch :  283  Epoch time :  2.9649364959914237  Rel. Train L2 Loss :  0.00014464122554054483
Epoch :  284  Epoch time :  2.973212684999453  Rel. Train L2 Loss :  0.00014483568735886365
Epoch :  285  Epoch time :  2.9661341210012324  Rel. Train L2 Loss :  0.00015542807136662305
Epoch :  286  Epoch time :  2.96543497001403  Rel. Train L2 Loss :  0.000157564887101762
Epoch :  287  Epoch time :  2.9654181049845647  Rel. Train L2 Loss :  0.00015822560591623186
Epoch :  288  Epoch time :  2.964716304006288  Rel. Train L2 Loss :  0.0001407174277352169
Epoch :  289  Epoch time :  2.965803710016189  Rel. Train L2 Loss :  0.00014340777082834394
Epoch :  290  Epoch time :  2.9688252480118535  Rel. Train L2 Loss :  0.00014356301459483801
Epoch :  291  Epoch time :  2.9660384159942623  Rel. Train L2 Loss :  0.00015797862750478088
Epoch :  292  Epoch time :  2.966231489001075  Rel. Train L2 Loss :  0.00016362548903562128
Epoch :  293  Epoch time :  2.9660209419962484  Rel. Train L2 Loss :  0.0001401461057830602
Epoch :  294  Epoch time :  2.970626402006019  Rel. Train L2 Loss :  0.00014941392622422426
Epoch :  295  Epoch time :  2.965411089011468  Rel. Train L2 Loss :  0.00013933046578895302
Epoch :  296  Epoch time :  2.964905644010287  Rel. Train L2 Loss :  0.00013842602521181108
Epoch :  297  Epoch time :  2.964683673984837  Rel. Train L2 Loss :  0.00014570587973576038
Epoch :  298  Epoch time :  2.9650039590196684  Rel. Train L2 Loss :  0.00014507181886583566
Epoch :  299  Epoch time :  3.0501748800161295  Rel. Train L2 Loss :  0.00014431522320955992
Epoch :  300  Epoch time :  2.9706896989955567  Rel. Train L2 Loss :  9.703910928219557e-05
Epoch :  301  Epoch time :  2.9660562989884056  Rel. Train L2 Loss :  9.55913006211631e-05
Epoch :  302  Epoch time :  2.966367647983134  Rel. Train L2 Loss :  9.502644147723913e-05
Epoch :  303  Epoch time :  2.966089205001481  Rel. Train L2 Loss :  9.68567879870534e-05
Epoch :  304  Epoch time :  2.966905631998088  Rel. Train L2 Loss :  9.910617615096271e-05
Epoch :  305  Epoch time :  2.9653033630165737  Rel. Train L2 Loss :  9.878622669493779e-05
Epoch :  306  Epoch time :  2.968184934987221  Rel. Train L2 Loss :  0.00010000955844298005
Epoch :  307  Epoch time :  2.9654601360089146  Rel. Train L2 Loss :  0.00010151075122412294
Epoch :  308  Epoch time :  2.964806035015499  Rel. Train L2 Loss :  9.974310437683016e-05
Epoch :  309  Epoch time :  2.965891734987963  Rel. Train L2 Loss :  0.00010160779962316155
Epoch :  310  Epoch time :  2.9654347310133744  Rel. Train L2 Loss :  0.00010308377830078825
Epoch :  311  Epoch time :  2.969825709995348  Rel. Train L2 Loss :  0.00010185150718316436
Epoch :  312  Epoch time :  2.9664028020051774  Rel. Train L2 Loss :  0.00010597958147991448
Epoch :  313  Epoch time :  2.9666883859899826  Rel. Train L2 Loss :  0.00010878192177042365
Epoch :  314  Epoch time :  2.9651791870128363  Rel. Train L2 Loss :  0.00010212137245107442
Epoch :  315  Epoch time :  2.9652156780066434  Rel. Train L2 Loss :  0.00010100632642861455
Epoch :  316  Epoch time :  2.974230688996613  Rel. Train L2 Loss :  0.0001056481588864699
Epoch :  317  Epoch time :  2.965258771990193  Rel. Train L2 Loss :  0.00010152100679697469
Epoch :  318  Epoch time :  2.964825614995789  Rel. Train L2 Loss :  0.0001011368915089406
Epoch :  319  Epoch time :  2.9655042700178456  Rel. Train L2 Loss :  0.00010674973480636254
Epoch :  320  Epoch time :  2.965609290986322  Rel. Train L2 Loss :  0.00010042926472378895
Epoch :  321  Epoch time :  2.9699717549956404  Rel. Train L2 Loss :  0.00010181662015384064
Epoch :  322  Epoch time :  3.076678790996084  Rel. Train L2 Loss :  0.00010573604386299848
Epoch :  323  Epoch time :  2.966577855986543  Rel. Train L2 Loss :  0.00010374993551522494
Epoch :  324  Epoch time :  2.966048286005389  Rel. Train L2 Loss :  0.0001105729898903519
Epoch :  325  Epoch time :  2.9657556540041696  Rel. Train L2 Loss :  0.00010289857143070549
Epoch :  326  Epoch time :  3.0551337789802346  Rel. Train L2 Loss :  0.00010158075736835599
Epoch :  327  Epoch time :  2.967370783997467  Rel. Train L2 Loss :  0.0001032664188707713
Epoch :  328  Epoch time :  2.9654940610053018  Rel. Train L2 Loss :  0.0001022164507303387
Epoch :  329  Epoch time :  2.965795259020524  Rel. Train L2 Loss :  0.0001065196996263694
Epoch :  330  Epoch time :  2.9656429489841685  Rel. Train L2 Loss :  9.95847818441689e-05
Epoch :  331  Epoch time :  2.9686105299915653  Rel. Train L2 Loss :  0.00010355553403496742
Epoch :  332  Epoch time :  2.965970819001086  Rel. Train L2 Loss :  0.00010456328726140783
Epoch :  333  Epoch time :  2.983127787010744  Rel. Train L2 Loss :  0.00010285287867300213
Epoch :  334  Epoch time :  2.966185735014733  Rel. Train L2 Loss :  0.00010387957887724041
Epoch :  335  Epoch time :  2.965119966014754  Rel. Train L2 Loss :  9.877523534232751e-05
Epoch :  336  Epoch time :  2.9652774989954196  Rel. Train L2 Loss :  0.0001033312483341433
Epoch :  337  Epoch time :  2.9653432839841116  Rel. Train L2 Loss :  0.00010390603740233927
Epoch :  338  Epoch time :  2.9655028719862457  Rel. Train L2 Loss :  0.00010245140721090138
Epoch :  339  Epoch time :  2.966656664008042  Rel. Train L2 Loss :  0.0001065301850438118
Epoch :  340  Epoch time :  2.964851002994692  Rel. Train L2 Loss :  0.000104402598249726
Epoch :  341  Epoch time :  2.9648888069787063  Rel. Train L2 Loss :  0.00010152552120853216
Epoch :  342  Epoch time :  2.969053603010252  Rel. Train L2 Loss :  9.979853346012533e-05
Epoch :  343  Epoch time :  2.9669306840223726  Rel. Train L2 Loss :  0.0001033155407058075
Epoch :  344  Epoch time :  2.966140625998378  Rel. Train L2 Loss :  9.665609269868582e-05
Epoch :  345  Epoch time :  2.9651500259933528  Rel. Train L2 Loss :  9.975457050604745e-05
Epoch :  346  Epoch time :  2.965558890020475  Rel. Train L2 Loss :  0.00010244040577672422
Epoch :  347  Epoch time :  2.9652863769733813  Rel. Train L2 Loss :  0.00010504918654914945
Epoch :  348  Epoch time :  2.9676860620093066  Rel. Train L2 Loss :  0.00010075975817162543
Epoch :  349  Epoch time :  2.9654686440189835  Rel. Train L2 Loss :  0.00010076884194277226
Epoch :  350  Epoch time :  2.965430315991398  Rel. Train L2 Loss :  0.0001043061651638709
Epoch :  351  Epoch time :  2.965798777004238  Rel. Train L2 Loss :  0.00010098262368701398
Epoch :  352  Epoch time :  2.9694360090070404  Rel. Train L2 Loss :  9.844293561764062e-05
Epoch :  353  Epoch time :  2.966278097999748  Rel. Train L2 Loss :  0.00010947383380262181
Epoch :  354  Epoch time :  2.9673274229862727  Rel. Train L2 Loss :  0.0001011207774747163
Epoch :  355  Epoch time :  2.9690670760173816  Rel. Train L2 Loss :  9.798327698372304e-05
Epoch :  356  Epoch time :  2.966038283018861  Rel. Train L2 Loss :  0.00010307943974621594
Epoch :  357  Epoch time :  2.9654996280150954  Rel. Train L2 Loss :  0.00010281095769023523
Epoch :  358  Epoch time :  2.9655615650117397  Rel. Train L2 Loss :  9.985414135735481e-05
Epoch :  359  Epoch time :  2.9657020960003138  Rel. Train L2 Loss :  0.00010082833394408226
Epoch :  360  Epoch time :  2.9696518709824886  Rel. Train L2 Loss :  0.00010052860837895423
Epoch :  361  Epoch time :  2.9660678310028743  Rel. Train L2 Loss :  9.95586970821023e-05
Epoch :  362  Epoch time :  2.969267698004842  Rel. Train L2 Loss :  9.67470511328429e-05
Epoch :  363  Epoch time :  2.966422120021889  Rel. Train L2 Loss :  9.780736041720957e-05
Epoch :  364  Epoch time :  2.9669395469827577  Rel. Train L2 Loss :  9.932612107368186e-05
Epoch :  365  Epoch time :  2.9684900479915086  Rel. Train L2 Loss :  9.94750170269981e-05
Epoch :  366  Epoch time :  2.9665443300036713  Rel. Train L2 Loss :  0.00010240818886086344
Epoch :  367  Epoch time :  2.965718994004419  Rel. Train L2 Loss :  9.92117133224383e-05
Epoch :  368  Epoch time :  2.965914164989954  Rel. Train L2 Loss :  9.897971062455326e-05
Epoch :  369  Epoch time :  2.9655521730019245  Rel. Train L2 Loss :  0.00010343958048615605
Epoch :  370  Epoch time :  2.9665294300066307  Rel. Train L2 Loss :  9.987688252003863e-05
Epoch :  371  Epoch time :  3.414202640997246  Rel. Train L2 Loss :  0.0001006938002537936
Epoch :  372  Epoch time :  2.9689385569945443  Rel. Train L2 Loss :  9.739711250877008e-05
Epoch :  373  Epoch time :  2.9664669359917752  Rel. Train L2 Loss :  9.869907607790083e-05
Epoch :  374  Epoch time :  2.9672076299902983  Rel. Train L2 Loss :  0.00010012378502869979
Epoch :  375  Epoch time :  2.9718199140043  Rel. Train L2 Loss :  9.834436237579211e-05
Epoch :  376  Epoch time :  2.9665752259898  Rel. Train L2 Loss :  0.00010005512447096407
Epoch :  377  Epoch time :  2.965852066001389  Rel. Train L2 Loss :  0.00010159915323602035
Epoch :  378  Epoch time :  2.9656282700016163  Rel. Train L2 Loss :  9.939254282508046e-05
Epoch :  379  Epoch time :  2.9655022629885934  Rel. Train L2 Loss :  9.890011210809462e-05
Epoch :  380  Epoch time :  2.9674563279841095  Rel. Train L2 Loss :  9.662520834244787e-05
Epoch :  381  Epoch time :  2.965980203996878  Rel. Train L2 Loss :  9.959972209762782e-05
Epoch :  382  Epoch time :  2.9650806129793637  Rel. Train L2 Loss :  9.975753738544882e-05
Epoch :  383  Epoch time :  2.9702883559803013  Rel. Train L2 Loss :  9.535383968614042e-05
Epoch :  384  Epoch time :  2.975081828975817  Rel. Train L2 Loss :  0.00010293664967175573
Epoch :  385  Epoch time :  3.6055486379773356  Rel. Train L2 Loss :  9.832971894647925e-05
Epoch :  386  Epoch time :  3.1939154530118685  Rel. Train L2 Loss :  9.911909340880811e-05
Epoch :  387  Epoch time :  5.679975637001917  Rel. Train L2 Loss :  9.678299562074244e-05
Epoch :  388  Epoch time :  2.9798648069845513  Rel. Train L2 Loss :  9.45293404511176e-05
Epoch :  389  Epoch time :  2.9824383369996212  Rel. Train L2 Loss :  9.754714102018624e-05
Epoch :  390  Epoch time :  2.969052330998238  Rel. Train L2 Loss :  9.73419884685427e-05
Epoch :  391  Epoch time :  2.9858061840059236  Rel. Train L2 Loss :  9.646598290419206e-05
Epoch :  392  Epoch time :  2.966166659985902  Rel. Train L2 Loss :  9.794491551583633e-05
Epoch :  393  Epoch time :  2.972198331000982  Rel. Train L2 Loss :  9.853749492904171e-05
Epoch :  394  Epoch time :  4.270364814001368  Rel. Train L2 Loss :  9.97296892805025e-05
Epoch :  395  Epoch time :  2.9754503530275542  Rel. Train L2 Loss :  9.840822474798187e-05
Epoch :  396  Epoch time :  2.968190061976202  Rel. Train L2 Loss :  9.907842609100044e-05
Epoch :  397  Epoch time :  2.976337140018586  Rel. Train L2 Loss :  9.504952612332999e-05
Epoch :  398  Epoch time :  2.9656063860165887  Rel. Train L2 Loss :  9.730955841951072e-05
Epoch :  399  Epoch time :  2.968824604002293  Rel. Train L2 Loss :  0.00010061255157925188
Epoch :  400  Epoch time :  2.9658145310240798  Rel. Train L2 Loss :  7.82915006915573e-05
Epoch :  401  Epoch time :  2.972919924010057  Rel. Train L2 Loss :  7.638857204001396e-05
Epoch :  402  Epoch time :  3.8802119249885436  Rel. Train L2 Loss :  7.710219249129296e-05
Epoch :  403  Epoch time :  2.973059135983931  Rel. Train L2 Loss :  7.65467626042664e-05
Epoch :  404  Epoch time :  2.967926955985604  Rel. Train L2 Loss :  7.75502149714157e-05
Epoch :  405  Epoch time :  2.9683309310057666  Rel. Train L2 Loss :  7.67073453112971e-05
Epoch :  406  Epoch time :  2.9680680540041067  Rel. Train L2 Loss :  7.835716122062877e-05
Epoch :  407  Epoch time :  4.223713018000126  Rel. Train L2 Loss :  7.865149158751592e-05
Epoch :  408  Epoch time :  2.970283392991405  Rel. Train L2 Loss :  7.862711551133543e-05
Epoch :  409  Epoch time :  2.9883655599842314  Rel. Train L2 Loss :  7.858459200942888e-05
Epoch :  410  Epoch time :  2.9676810080127325  Rel. Train L2 Loss :  7.952426333213226e-05
Epoch :  411  Epoch time :  3.423539276991505  Rel. Train L2 Loss :  7.944165410008281e-05
Epoch :  412  Epoch time :  4.175949658994796  Rel. Train L2 Loss :  7.92434012168087e-05
Epoch :  413  Epoch time :  2.9661539149819873  Rel. Train L2 Loss :  7.863533517811448e-05
Epoch :  414  Epoch time :  2.975491574004991  Rel. Train L2 Loss :  8.05090035777539e-05
Epoch :  415  Epoch time :  3.076354095013812  Rel. Train L2 Loss :  7.962156166322529e-05
Epoch :  416  Epoch time :  2.970213104999857  Rel. Train L2 Loss :  7.788473782129586e-05
Epoch :  417  Epoch time :  3.9947160859883297  Rel. Train L2 Loss :  7.884616306982934e-05
Epoch :  418  Epoch time :  3.167421087011462  Rel. Train L2 Loss :  7.926994183799251e-05
Epoch :  419  Epoch time :  2.9696331190061755  Rel. Train L2 Loss :  7.845027168514207e-05
Epoch :  420  Epoch time :  2.9717977799882647  Rel. Train L2 Loss :  7.995455677155405e-05
Epoch :  421  Epoch time :  2.9665409029985312  Rel. Train L2 Loss :  7.956906335894019e-05
Epoch :  422  Epoch time :  2.9773967479995918  Rel. Train L2 Loss :  8.071249560452997e-05
Epoch :  423  Epoch time :  3.881256442022277  Rel. Train L2 Loss :  7.838664571754635e-05
Epoch :  424  Epoch time :  2.9732786790118553  Rel. Train L2 Loss :  7.900351632852108e-05
Epoch :  425  Epoch time :  2.9682258700195234  Rel. Train L2 Loss :  7.805086793377995e-05
Epoch :  426  Epoch time :  3.443925372004742  Rel. Train L2 Loss :  7.7421437157318e-05
Epoch :  427  Epoch time :  2.9684920920117293  Rel. Train L2 Loss :  7.818914619274437e-05
Epoch :  428  Epoch time :  2.968662063998636  Rel. Train L2 Loss :  7.893215282820165e-05
Epoch :  429  Epoch time :  2.9667087349807844  Rel. Train L2 Loss :  7.961457561468706e-05
Epoch :  430  Epoch time :  2.9673105370020494  Rel. Train L2 Loss :  7.868445437634363e-05
Epoch :  431  Epoch time :  4.589702058001421  Rel. Train L2 Loss :  7.810531104914845e-05
Epoch :  432  Epoch time :  2.9703456230054144  Rel. Train L2 Loss :  7.761891793925315e-05
Epoch :  433  Epoch time :  2.9680689919914585  Rel. Train L2 Loss :  7.995875655906275e-05
Epoch :  434  Epoch time :  2.9713978839863557  Rel. Train L2 Loss :  7.956903021549806e-05
Epoch :  435  Epoch time :  2.967398390028393  Rel. Train L2 Loss :  7.783225463936105e-05
Epoch :  436  Epoch time :  2.9694615500047803  Rel. Train L2 Loss :  7.735431799665093e-05
Epoch :  437  Epoch time :  2.9676529440039303  Rel. Train L2 Loss :  7.695044721476733e-05
Epoch :  438  Epoch time :  2.967440597974928  Rel. Train L2 Loss :  7.684676281642169e-05
Epoch :  439  Epoch time :  2.9752238519722596  Rel. Train L2 Loss :  7.795896041207016e-05
Epoch :  440  Epoch time :  2.96664260502439  Rel. Train L2 Loss :  7.857306969817728e-05
Epoch :  441  Epoch time :  2.9712393200024962  Rel. Train L2 Loss :  7.795688137412071e-05
Epoch :  442  Epoch time :  2.9672059909789823  Rel. Train L2 Loss :  7.820500840898603e-05
Epoch :  443  Epoch time :  2.967838805023348  Rel. Train L2 Loss :  8.106180145405232e-05
Epoch :  444  Epoch time :  3.62664108898025  Rel. Train L2 Loss :  7.91939269984141e-05
Epoch :  445  Epoch time :  2.9718169030093122  Rel. Train L2 Loss :  7.791261656675488e-05
Epoch :  446  Epoch time :  2.969137881998904  Rel. Train L2 Loss :  7.737608853494748e-05
Epoch :  447  Epoch time :  2.9678631639981177  Rel. Train L2 Loss :  7.875262524466962e-05
Epoch :  448  Epoch time :  2.9685142560047098  Rel. Train L2 Loss :  7.830589762888849e-05
Epoch :  449  Epoch time :  2.972605310002109  Rel. Train L2 Loss :  7.732752204174176e-05
Epoch :  450  Epoch time :  2.9664639249967877  Rel. Train L2 Loss :  7.64662382134702e-05
Epoch :  451  Epoch time :  2.968053015007172  Rel. Train L2 Loss :  7.645065513206646e-05
Epoch :  452  Epoch time :  2.9669519049930386  Rel. Train L2 Loss :  7.80053008813411e-05
Epoch :  453  Epoch time :  2.968710065004416  Rel. Train L2 Loss :  7.752642484847456e-05
Epoch :  454  Epoch time :  2.971268744004192  Rel. Train L2 Loss :  7.72588345920667e-05
Epoch :  455  Epoch time :  2.970614805002697  Rel. Train L2 Loss :  7.686966055189259e-05
Epoch :  456  Epoch time :  2.9688359549909364  Rel. Train L2 Loss :  7.739409874193371e-05
Epoch :  457  Epoch time :  2.9688813559769187  Rel. Train L2 Loss :  7.72891661268659e-05
Epoch :  458  Epoch time :  2.967389147001086  Rel. Train L2 Loss :  7.88451706757769e-05
Epoch :  459  Epoch time :  2.979440025985241  Rel. Train L2 Loss :  7.690732141491026e-05
Epoch :  460  Epoch time :  2.966956899006618  Rel. Train L2 Loss :  7.674805745482444e-05
Epoch :  461  Epoch time :  2.9709089800016955  Rel. Train L2 Loss :  7.667479165829718e-05
Epoch :  462  Epoch time :  2.967160464992048  Rel. Train L2 Loss :  7.752722583245486e-05
Epoch :  463  Epoch time :  2.9682209260063246  Rel. Train L2 Loss :  7.906927310395986e-05
Epoch :  464  Epoch time :  3.4051916929893196  Rel. Train L2 Loss :  7.736827007029205e-05
Epoch :  465  Epoch time :  2.9723965019802563  Rel. Train L2 Loss :  7.635463893529959e-05
Epoch :  466  Epoch time :  2.968715069000609  Rel. Train L2 Loss :  7.830002515111118e-05
Epoch :  467  Epoch time :  2.968294437014265  Rel. Train L2 Loss :  7.801681832643226e-05
Epoch :  468  Epoch time :  2.968283151014475  Rel. Train L2 Loss :  7.683127524796873e-05
Epoch :  469  Epoch time :  2.97016293197521  Rel. Train L2 Loss :  7.65877359721344e-05
Epoch :  470  Epoch time :  2.9672315990028437  Rel. Train L2 Loss :  7.719249618239701e-05
Epoch :  471  Epoch time :  2.9697348329937086  Rel. Train L2 Loss :  7.756815033499151e-05
Epoch :  472  Epoch time :  2.966934109979775  Rel. Train L2 Loss :  7.719171532662585e-05
Epoch :  473  Epoch time :  2.9682171910244506  Rel. Train L2 Loss :  7.70703446585685e-05
Epoch :  474  Epoch time :  2.97166705399286  Rel. Train L2 Loss :  7.631310259457678e-05
Epoch :  475  Epoch time :  2.9721381480048876  Rel. Train L2 Loss :  7.62184443185106e-05
Epoch :  476  Epoch time :  2.9726290999969933  Rel. Train L2 Loss :  7.655543244909495e-05
Epoch :  477  Epoch time :  2.9686959410028066  Rel. Train L2 Loss :  7.606123574078083e-05
Epoch :  478  Epoch time :  2.9758166589890607  Rel. Train L2 Loss :  7.644652946619317e-05
Epoch :  479  Epoch time :  2.9671198569994885  Rel. Train L2 Loss :  7.90002450463362e-05
Epoch :  480  Epoch time :  2.9672890639922116  Rel. Train L2 Loss :  7.807931521674619e-05
Epoch :  481  Epoch time :  2.978865582990693  Rel. Train L2 Loss :  7.68144854111597e-05
Epoch :  482  Epoch time :  2.968098387995269  Rel. Train L2 Loss :  7.576355764176696e-05
Epoch :  483  Epoch time :  2.9681128159863874  Rel. Train L2 Loss :  7.587691507069395e-05
Epoch :  484  Epoch time :  2.9665667309891433  Rel. Train L2 Loss :  7.77145930682309e-05
Epoch :  485  Epoch time :  2.9679970149882138  Rel. Train L2 Loss :  7.753057850059122e-05
Epoch :  486  Epoch time :  2.976986624998972  Rel. Train L2 Loss :  7.688674574019388e-05
Epoch :  487  Epoch time :  2.968669417023193  Rel. Train L2 Loss :  7.620177975622938e-05
Epoch :  488  Epoch time :  2.9762799899908714  Rel. Train L2 Loss :  7.738674904685467e-05
Epoch :  489  Epoch time :  2.9671927969902754  Rel. Train L2 Loss :  7.626439430750906e-05
Epoch :  490  Epoch time :  2.9680835170147475  Rel. Train L2 Loss :  7.585826052818448e-05
Epoch :  491  Epoch time :  2.9681003270088695  Rel. Train L2 Loss :  7.594417512300424e-05
Epoch :  492  Epoch time :  2.9672586350061465  Rel. Train L2 Loss :  7.894722580094821e-05
Epoch :  493  Epoch time :  2.971985714015318  Rel. Train L2 Loss :  7.631127266213298e-05
Epoch :  494  Epoch time :  2.971329098014394  Rel. Train L2 Loss :  7.648450722917914e-05
Epoch :  495  Epoch time :  2.971671303996118  Rel. Train L2 Loss :  7.719742377521471e-05
Epoch :  496  Epoch time :  2.9779382470005658  Rel. Train L2 Loss :  7.561557067092508e-05
Epoch :  497  Epoch time :  2.9726649520162027  Rel. Train L2 Loss :  7.566072049667128e-05
Epoch :  498  Epoch time :  2.9782441499992274  Rel. Train L2 Loss :  7.618224584730342e-05
Epoch :  499  Epoch time :  2.9745077539992053  Rel. Train L2 Loss :  7.593488496495411e-05
Total time is : 1498.858186433994 Total epoch is  500
