Input dim :  201  output dim :  1
Start training 
21313
Epoch :  0  Epoch time :  11.132086099125445  Train L2 Loss :  75.50700016937256
Epoch :  1  Epoch time :  10.919113104231656  Train L2 Loss :  29.808096644592286
Epoch :  2  Epoch time :  10.932675812393427  Train L2 Loss :  24.584750241088866
Epoch :  3  Epoch time :  10.992610902525485  Train L2 Loss :  22.10926335067749
Epoch :  4  Epoch time :  11.038506048731506  Train L2 Loss :  20.633287367248535
Epoch :  5  Epoch time :  10.968043570406735  Train L2 Loss :  19.475623683166503
Epoch :  6  Epoch time :  10.986813399009407  Train L2 Loss :  18.55910205001831
Epoch :  7  Epoch time :  11.042356711812317  Train L2 Loss :  17.86534403991699
Epoch :  8  Epoch time :  11.051181949675083  Train L2 Loss :  17.238422540283203
Epoch :  9  Epoch time :  11.128618226386607  Train L2 Loss :  16.704667408752442
Epoch :  10  Epoch time :  11.094783189706504  Train L2 Loss :  16.267320687103272
Epoch :  11  Epoch time :  11.144388543441892  Train L2 Loss :  15.83042089767456
Epoch :  12  Epoch time :  11.160461238585413  Train L2 Loss :  15.455234408569336
Epoch :  13  Epoch time :  11.225397063419223  Train L2 Loss :  15.12170334701538
Epoch :  14  Epoch time :  11.171361540444195  Train L2 Loss :  14.786650207901001
Epoch :  15  Epoch time :  11.248836966231465  Train L2 Loss :  14.555689319610595
Epoch :  16  Epoch time :  11.209661740809679  Train L2 Loss :  14.354375313568115
Epoch :  17  Epoch time :  11.28655678872019  Train L2 Loss :  14.136420575714112
Epoch :  18  Epoch time :  11.283831099048257  Train L2 Loss :  13.873452799987794
Epoch :  19  Epoch time :  11.395131332799792  Train L2 Loss :  13.662092207336427
Epoch :  20  Epoch time :  11.38164205569774  Train L2 Loss :  13.529683867645264
Epoch :  21  Epoch time :  11.574203162454069  Train L2 Loss :  13.272085800933837
Epoch :  22  Epoch time :  11.431125138886273  Train L2 Loss :  13.125319535827638
Epoch :  23  Epoch time :  11.497227027080953  Train L2 Loss :  12.924320638275146
Epoch :  24  Epoch time :  11.46280862763524  Train L2 Loss :  12.849010955047607
Epoch :  25  Epoch time :  11.49536226503551  Train L2 Loss :  12.663460189819336
Epoch :  26  Epoch time :  11.456693128682673  Train L2 Loss :  12.577292292785645
Epoch :  27  Epoch time :  11.516482260078192  Train L2 Loss :  12.407414461517334
Epoch :  28  Epoch time :  11.427425663918257  Train L2 Loss :  12.27578780822754
Epoch :  29  Epoch time :  11.50026263576001  Train L2 Loss :  12.152921516418457
Epoch :  30  Epoch time :  11.469843376427889  Train L2 Loss :  12.060512475585938
Epoch :  31  Epoch time :  11.494262329302728  Train L2 Loss :  11.967322481536865
Epoch :  32  Epoch time :  11.513419607654214  Train L2 Loss :  11.814467169570923
Epoch :  33  Epoch time :  11.53575589414686  Train L2 Loss :  11.734117774963378
Epoch :  34  Epoch time :  11.518927867524326  Train L2 Loss :  11.640498025512695
Epoch :  35  Epoch time :  11.535702609457076  Train L2 Loss :  11.510343536376952
Epoch :  36  Epoch time :  11.530122288502753  Train L2 Loss :  11.381638735198974
Epoch :  37  Epoch time :  11.53630568087101  Train L2 Loss :  11.33942635345459
Epoch :  38  Epoch time :  11.570729275234044  Train L2 Loss :  11.32638477935791
Epoch :  39  Epoch time :  11.538229180499911  Train L2 Loss :  11.183388223648072
Epoch :  40  Epoch time :  11.577564953826368  Train L2 Loss :  11.08206055984497
Epoch :  41  Epoch time :  11.568610856309533  Train L2 Loss :  11.004446311950684
Epoch :  42  Epoch time :  11.593979029916227  Train L2 Loss :  10.972274750900269
Epoch :  43  Epoch time :  11.575507576577365  Train L2 Loss :  10.782178029632568
Epoch :  44  Epoch time :  11.59382076561451  Train L2 Loss :  10.776069465637207
Epoch :  45  Epoch time :  11.588098745793104  Train L2 Loss :  10.759175392532349
Epoch :  46  Epoch time :  11.600588969886303  Train L2 Loss :  10.666761070632935
Epoch :  47  Epoch time :  11.633181020617485  Train L2 Loss :  10.576531135559081
Epoch :  48  Epoch time :  11.610456229187548  Train L2 Loss :  10.45017921485901
Epoch :  49  Epoch time :  11.649882045574486  Train L2 Loss :  10.482609071350097
Epoch :  50  Epoch time :  11.608235239982605  Train L2 Loss :  10.403118172073365
Epoch :  51  Epoch time :  11.591538053937256  Train L2 Loss :  10.288071920013428
Epoch :  52  Epoch time :  11.588623182848096  Train L2 Loss :  10.22924829711914
Epoch :  53  Epoch time :  11.626223238185048  Train L2 Loss :  10.19759485282898
Epoch :  54  Epoch time :  11.607320656068623  Train L2 Loss :  10.128055907440185
Epoch :  55  Epoch time :  11.589402306824923  Train L2 Loss :  10.034526782989502
Epoch :  56  Epoch time :  11.61202200409025  Train L2 Loss :  10.006805946350097
Epoch :  57  Epoch time :  11.593028791248798  Train L2 Loss :  9.963568438339234
Epoch :  58  Epoch time :  12.370888351462781  Train L2 Loss :  9.99595085144043
Epoch :  59  Epoch time :  11.886567514389753  Train L2 Loss :  9.822394832229614
Epoch :  60  Epoch time :  11.502774921245873  Train L2 Loss :  9.803796738433839
Epoch :  61  Epoch time :  11.568228540942073  Train L2 Loss :  9.792269883346558
Epoch :  62  Epoch time :  11.528652545064688  Train L2 Loss :  9.78245479927063
Epoch :  63  Epoch time :  11.595671508461237  Train L2 Loss :  9.634421248626708
Epoch :  64  Epoch time :  11.535105638206005  Train L2 Loss :  9.741817819595337
Epoch :  65  Epoch time :  11.600716291926801  Train L2 Loss :  9.633627340698242
Epoch :  66  Epoch time :  11.508949047885835  Train L2 Loss :  9.488000619506836
Epoch :  67  Epoch time :  11.631950728595257  Train L2 Loss :  9.57748454170227
Epoch :  68  Epoch time :  11.55741149187088  Train L2 Loss :  9.438345264434814
Epoch :  69  Epoch time :  11.637878171168268  Train L2 Loss :  9.457817860794067
Epoch :  70  Epoch time :  11.569485874846578  Train L2 Loss :  9.39220980644226
Epoch :  71  Epoch time :  11.70770668424666  Train L2 Loss :  9.370705487823486
Epoch :  72  Epoch time :  11.576128453016281  Train L2 Loss :  9.334155833816528
Epoch :  73  Epoch time :  11.630869772285223  Train L2 Loss :  9.245538020324707
Epoch :  74  Epoch time :  11.634862371720374  Train L2 Loss :  9.235861611557008
Epoch :  75  Epoch time :  11.661682388745248  Train L2 Loss :  9.145114775466919
Epoch :  76  Epoch time :  11.61932734400034  Train L2 Loss :  9.171687455749511
Epoch :  77  Epoch time :  11.673289708793163  Train L2 Loss :  9.109312065887451
Epoch :  78  Epoch time :  11.605316758155823  Train L2 Loss :  9.131871175003052
Epoch :  79  Epoch time :  11.68400277197361  Train L2 Loss :  9.070267811965943
Epoch :  80  Epoch time :  11.647564250975847  Train L2 Loss :  9.049903997611999
Epoch :  81  Epoch time :  11.670358665287495  Train L2 Loss :  9.000567860412598
Epoch :  82  Epoch time :  11.620243191719055  Train L2 Loss :  8.922365222167969
Epoch :  83  Epoch time :  11.678146135993302  Train L2 Loss :  8.880483799362183
Epoch :  84  Epoch time :  11.653413529507816  Train L2 Loss :  8.869962929153443
Epoch :  85  Epoch time :  11.714754031971097  Train L2 Loss :  8.885062867736817
Epoch :  86  Epoch time :  11.661198258399963  Train L2 Loss :  8.862366299057006
Epoch :  87  Epoch time :  11.710389508865774  Train L2 Loss :  8.722463061523438
Epoch :  88  Epoch time :  11.668248013593256  Train L2 Loss :  8.76774694328308
Epoch :  89  Epoch time :  11.6731814192608  Train L2 Loss :  8.744547161483764
Epoch :  90  Epoch time :  11.698264669626951  Train L2 Loss :  8.673390717315673
Epoch :  91  Epoch time :  11.6828050641343  Train L2 Loss :  8.74597248916626
Epoch :  92  Epoch time :  11.689830767922103  Train L2 Loss :  8.65322943572998
Epoch :  93  Epoch time :  11.703382775187492  Train L2 Loss :  8.581284727859497
Epoch :  94  Epoch time :  11.720413323491812  Train L2 Loss :  8.554163968658447
Epoch :  95  Epoch time :  11.845507313497365  Train L2 Loss :  8.58949708480835
Epoch :  96  Epoch time :  11.742694058455527  Train L2 Loss :  8.502572068786622
Epoch :  97  Epoch time :  11.735912603326142  Train L2 Loss :  8.533204378128051
Epoch :  98  Epoch time :  11.752294261939824  Train L2 Loss :  8.465308313369752
Epoch :  99  Epoch time :  11.749090147204697  Train L2 Loss :  8.506901527023315
Epoch :  100  Epoch time :  11.803836930543184  Train L2 Loss :  6.453391926574707
Epoch :  101  Epoch time :  11.790136548690498  Train L2 Loss :  6.193352943992615
Epoch :  102  Epoch time :  11.778915649279952  Train L2 Loss :  6.149635934448242
Epoch :  103  Epoch time :  11.809617578051984  Train L2 Loss :  6.0980002405166625
Epoch :  104  Epoch time :  11.857908856123686  Train L2 Loss :  6.03442857913971
Epoch :  105  Epoch time :  11.827799381688237  Train L2 Loss :  6.065291549682617
Epoch :  106  Epoch time :  12.627376416698098  Train L2 Loss :  5.971925519371033
Epoch :  107  Epoch time :  12.606018881313503  Train L2 Loss :  5.957361243247986
Epoch :  108  Epoch time :  12.711279115639627  Train L2 Loss :  5.945277616500855
Epoch :  109  Epoch time :  13.030896763317287  Train L2 Loss :  5.93978714389801
Epoch :  110  Epoch time :  12.346308124251664  Train L2 Loss :  5.942236464118958
Epoch :  111  Epoch time :  12.347666976042092  Train L2 Loss :  5.86585340461731
Epoch :  112  Epoch time :  12.396484688855708  Train L2 Loss :  5.855266678237915
Epoch :  113  Epoch time :  12.36856325995177  Train L2 Loss :  5.837999627685547
Epoch :  114  Epoch time :  12.37669114023447  Train L2 Loss :  5.877433397674561
Epoch :  115  Epoch time :  12.393237046897411  Train L2 Loss :  5.839351329231262
Epoch :  116  Epoch time :  12.453357137739658  Train L2 Loss :  5.806020734977722
Epoch :  117  Epoch time :  12.423887769691646  Train L2 Loss :  5.814276393508911
Epoch :  118  Epoch time :  12.438241745345294  Train L2 Loss :  5.8022495464324955
Epoch :  119  Epoch time :  12.41486939508468  Train L2 Loss :  5.822878496932983
Epoch :  120  Epoch time :  12.478770370595157  Train L2 Loss :  5.720768016624451
Epoch :  121  Epoch time :  12.47707387804985  Train L2 Loss :  5.748633741760254
Epoch :  122  Epoch time :  12.403086713515222  Train L2 Loss :  5.773178495979309
Epoch :  123  Epoch time :  12.692630139179528  Train L2 Loss :  5.771289735603332
Epoch :  124  Epoch time :  12.894101983867586  Train L2 Loss :  5.768259072685241
Epoch :  125  Epoch time :  12.934233789332211  Train L2 Loss :  5.727795059394836
Epoch :  126  Epoch time :  12.935330863110721  Train L2 Loss :  5.764813099288941
Epoch :  127  Epoch time :  12.77378821093589  Train L2 Loss :  5.718332950592041
Epoch :  128  Epoch time :  12.433536383323371  Train L2 Loss :  5.690022636413574
Epoch :  129  Epoch time :  12.569286252371967  Train L2 Loss :  5.731890517044067
Epoch :  130  Epoch time :  12.470380649901927  Train L2 Loss :  5.692043164253235
Epoch :  131  Epoch time :  12.495857699774206  Train L2 Loss :  5.695590315818786
Epoch :  132  Epoch time :  12.428092053160071  Train L2 Loss :  5.658928983688354
Epoch :  133  Epoch time :  12.431678141467273  Train L2 Loss :  5.673958386039734
Epoch :  134  Epoch time :  12.237536079250276  Train L2 Loss :  5.7139157941818235
Epoch :  135  Epoch time :  12.215646752156317  Train L2 Loss :  5.712985302162171
Epoch :  136  Epoch time :  12.085333285853267  Train L2 Loss :  5.633273942756653
Epoch :  137  Epoch time :  12.143344809301198  Train L2 Loss :  5.664486722564697
Epoch :  138  Epoch time :  12.052978668361902  Train L2 Loss :  5.680658262062073
Epoch :  139  Epoch time :  12.134592389687896  Train L2 Loss :  5.6274769506454465
Epoch :  140  Epoch time :  12.071913233026862  Train L2 Loss :  5.624417828559875
Epoch :  141  Epoch time :  12.164789934642613  Train L2 Loss :  5.6295193593978885
Epoch :  142  Epoch time :  12.116423142142594  Train L2 Loss :  5.610442459487915
Epoch :  143  Epoch time :  12.171772881411016  Train L2 Loss :  5.5854610303878784
Epoch :  144  Epoch time :  12.121646719053388  Train L2 Loss :  5.628232778930664
Epoch :  145  Epoch time :  12.161051441915333  Train L2 Loss :  5.596405328369141
Epoch :  146  Epoch time :  12.138234629295766  Train L2 Loss :  5.582004241943359
Epoch :  147  Epoch time :  12.180379112251103  Train L2 Loss :  5.61657120437622
Epoch :  148  Epoch time :  12.103377443738282  Train L2 Loss :  5.622597988891601
Epoch :  149  Epoch time :  12.105334611609578  Train L2 Loss :  5.630480087471009
Epoch :  150  Epoch time :  12.122026087716222  Train L2 Loss :  5.550964844512939
Epoch :  151  Epoch time :  12.118360435590148  Train L2 Loss :  5.600679635810852
Epoch :  152  Epoch time :  12.189537980593741  Train L2 Loss :  5.519700439071655
Epoch :  153  Epoch time :  12.081499132327735  Train L2 Loss :  5.602663756370545
Epoch :  154  Epoch time :  12.140699154697359  Train L2 Loss :  5.566493205833435
Epoch :  155  Epoch time :  12.125529933720827  Train L2 Loss :  5.518842646408081
Epoch :  156  Epoch time :  12.168126141652465  Train L2 Loss :  5.549763133049011
Epoch :  157  Epoch time :  12.10391154885292  Train L2 Loss :  5.518684334754944
Epoch :  158  Epoch time :  12.17225398402661  Train L2 Loss :  5.480493515968322
Epoch :  159  Epoch time :  12.147811676375568  Train L2 Loss :  5.5195681596755986
Epoch :  160  Epoch time :  12.174332173541188  Train L2 Loss :  5.504499492931366
Epoch :  161  Epoch time :  12.145223166793585  Train L2 Loss :  5.513140386390686
Epoch :  162  Epoch time :  12.168038613162935  Train L2 Loss :  5.503750573348999
Epoch :  163  Epoch time :  12.130365870893002  Train L2 Loss :  5.490932560348511
Epoch :  164  Epoch time :  12.212933155708015  Train L2 Loss :  5.447082451248169
Epoch :  165  Epoch time :  12.125538868829608  Train L2 Loss :  5.51170746421814
Epoch :  166  Epoch time :  12.210372552275658  Train L2 Loss :  5.460949524116516
Epoch :  167  Epoch time :  12.157585017383099  Train L2 Loss :  5.419471910381317
Epoch :  168  Epoch time :  12.193431380204856  Train L2 Loss :  5.438544561576843
Epoch :  169  Epoch time :  12.154856537468731  Train L2 Loss :  5.466802049446106
Epoch :  170  Epoch time :  12.217263673432171  Train L2 Loss :  5.441853128814698
Epoch :  171  Epoch time :  12.167791951447725  Train L2 Loss :  5.520181641769409
Epoch :  172  Epoch time :  12.20569031406194  Train L2 Loss :  5.449782240104676
Epoch :  173  Epoch time :  12.182630671188235  Train L2 Loss :  5.45355237865448
Epoch :  174  Epoch time :  12.21465227752924  Train L2 Loss :  5.460751469612122
Epoch :  175  Epoch time :  12.236052980646491  Train L2 Loss :  5.428469279670716
Epoch :  176  Epoch time :  12.192314187064767  Train L2 Loss :  5.448082789993286
Epoch :  177  Epoch time :  12.245901231653988  Train L2 Loss :  5.4267329462051395
Epoch :  178  Epoch time :  12.186864708550274  Train L2 Loss :  5.380066738128662
Epoch :  179  Epoch time :  12.22902644239366  Train L2 Loss :  5.427039553833008
Epoch :  180  Epoch time :  12.234863077290356  Train L2 Loss :  5.4024158365249635
Epoch :  181  Epoch time :  12.269544342532754  Train L2 Loss :  5.359646051406861
Epoch :  182  Epoch time :  12.220842042006552  Train L2 Loss :  5.391028796768189
Epoch :  183  Epoch time :  12.252052014693618  Train L2 Loss :  5.410440502548218
Epoch :  184  Epoch time :  12.251570394262671  Train L2 Loss :  5.387758879470825
Epoch :  185  Epoch time :  12.26186093594879  Train L2 Loss :  5.44115809211731
Epoch :  186  Epoch time :  12.200267766602337  Train L2 Loss :  5.328860013389588
Epoch :  187  Epoch time :  12.26106802560389  Train L2 Loss :  5.377918591594696
Epoch :  188  Epoch time :  12.206852255389094  Train L2 Loss :  5.3280921577453615
Epoch :  189  Epoch time :  12.263555955141783  Train L2 Loss :  5.327140690231324
Epoch :  190  Epoch time :  12.236211827024817  Train L2 Loss :  5.340738749504089
Epoch :  191  Epoch time :  12.264945625327528  Train L2 Loss :  5.3485206647872925
Epoch :  192  Epoch time :  12.20356461033225  Train L2 Loss :  5.329504975891114
Epoch :  193  Epoch time :  12.241043617017567  Train L2 Loss :  5.359752307701111
Epoch :  194  Epoch time :  12.176520514301956  Train L2 Loss :  5.343695524787903
Epoch :  195  Epoch time :  12.198127722367644  Train L2 Loss :  5.30272566280365
Epoch :  196  Epoch time :  12.199558227322996  Train L2 Loss :  5.36962334690094
Epoch :  197  Epoch time :  12.222828444093466  Train L2 Loss :  5.299550905036926
Epoch :  198  Epoch time :  12.208881488069892  Train L2 Loss :  5.349154922866822
Epoch :  199  Epoch time :  12.232930768281221  Train L2 Loss :  5.3428109306335445
Total time is : 2377.693947003223 Total epoch is  200
