Input dim :  201  output dim :  1
Start training 
3793
Epoch :  0  Epoch time :  11.155085120350122  Train L2 Loss :  104.05598353271485
Epoch :  1  Epoch time :  10.893816428259015  Train L2 Loss :  42.12395364074707
Epoch :  2  Epoch time :  10.944757259450853  Train L2 Loss :  33.93279085540772
Epoch :  3  Epoch time :  11.075677420012653  Train L2 Loss :  29.50539700012207
Epoch :  4  Epoch time :  11.066319067962468  Train L2 Loss :  26.758527908325195
Epoch :  5  Epoch time :  11.136990030296147  Train L2 Loss :  25.140175311279297
Epoch :  6  Epoch time :  11.225952963344753  Train L2 Loss :  23.873378202819826
Epoch :  7  Epoch time :  11.338157220743597  Train L2 Loss :  22.895179870605467
Epoch :  8  Epoch time :  11.361541458405554  Train L2 Loss :  22.204519076538087
Epoch :  9  Epoch time :  11.42396101821214  Train L2 Loss :  21.592437734985353
Epoch :  10  Epoch time :  11.480706320144236  Train L2 Loss :  21.024357800292968
Epoch :  11  Epoch time :  11.533078770153224  Train L2 Loss :  20.52110393295288
Epoch :  12  Epoch time :  11.59042293485254  Train L2 Loss :  20.1641744430542
Epoch :  13  Epoch time :  11.644688187167048  Train L2 Loss :  19.77950907897949
Epoch :  14  Epoch time :  11.613700384274125  Train L2 Loss :  19.355081331634523
Epoch :  15  Epoch time :  11.62546301446855  Train L2 Loss :  18.975763122558593
Epoch :  16  Epoch time :  11.69514386355877  Train L2 Loss :  18.706212003326417
Epoch :  17  Epoch time :  11.701834353618324  Train L2 Loss :  18.439614558410643
Epoch :  18  Epoch time :  11.701649532653391  Train L2 Loss :  18.109329278564452
Epoch :  19  Epoch time :  11.729234952479601  Train L2 Loss :  17.8496445022583
Epoch :  20  Epoch time :  11.754324555397034  Train L2 Loss :  17.685972496032715
Epoch :  21  Epoch time :  11.817814865149558  Train L2 Loss :  17.42822155380249
Epoch :  22  Epoch time :  11.791213597171009  Train L2 Loss :  17.29885843811035
Epoch :  23  Epoch time :  11.812338368035853  Train L2 Loss :  17.065611012268068
Epoch :  24  Epoch time :  11.853906170465052  Train L2 Loss :  16.871813774108887
Epoch :  25  Epoch time :  11.882128296419978  Train L2 Loss :  16.727982558441163
Epoch :  26  Epoch time :  11.911471872590482  Train L2 Loss :  16.580040383911133
Epoch :  27  Epoch time :  11.918437260203063  Train L2 Loss :  16.37740617904663
Epoch :  28  Epoch time :  11.918287828564644  Train L2 Loss :  16.322701245117187
Epoch :  29  Epoch time :  11.946247052401304  Train L2 Loss :  16.168898469543457
Epoch :  30  Epoch time :  11.97521237283945  Train L2 Loss :  16.064926916503907
Epoch :  31  Epoch time :  11.926829838193953  Train L2 Loss :  15.913036463165284
Epoch :  32  Epoch time :  12.052220603451133  Train L2 Loss :  15.783337397003173
Epoch :  33  Epoch time :  12.034093822352588  Train L2 Loss :  15.664503477478027
Epoch :  34  Epoch time :  12.086650624871254  Train L2 Loss :  15.647496935272217
Epoch :  35  Epoch time :  12.049320885911584  Train L2 Loss :  15.528209999084472
Epoch :  36  Epoch time :  12.113150130026042  Train L2 Loss :  15.464944229125976
Epoch :  37  Epoch time :  12.112215007655323  Train L2 Loss :  15.400036351776123
Epoch :  38  Epoch time :  12.138020060025156  Train L2 Loss :  15.200843930053711
Epoch :  39  Epoch time :  12.126092063263059  Train L2 Loss :  15.239551741027832
Epoch :  40  Epoch time :  12.203151299618185  Train L2 Loss :  15.029827074432372
Epoch :  41  Epoch time :  12.164537779986858  Train L2 Loss :  14.994181382751465
Epoch :  42  Epoch time :  12.20896649453789  Train L2 Loss :  14.920616414642334
Epoch :  43  Epoch time :  12.164746479131281  Train L2 Loss :  14.82003034210205
Epoch :  44  Epoch time :  12.222471130080521  Train L2 Loss :  14.85990516052246
Epoch :  45  Epoch time :  12.234843242913485  Train L2 Loss :  14.710406360626221
Epoch :  46  Epoch time :  12.285226135514677  Train L2 Loss :  14.618345021057129
Epoch :  47  Epoch time :  12.251239689067006  Train L2 Loss :  14.559066237640382
Epoch :  48  Epoch time :  12.270137310959399  Train L2 Loss :  14.522907627868653
Epoch :  49  Epoch time :  12.228635368868709  Train L2 Loss :  14.465880849456788
Epoch :  50  Epoch time :  12.315130591392517  Train L2 Loss :  14.38854849319458
Epoch :  51  Epoch time :  12.239214301109314  Train L2 Loss :  14.31870913772583
Epoch :  52  Epoch time :  12.312041675671935  Train L2 Loss :  14.346243423461914
Epoch :  53  Epoch time :  12.260398208163679  Train L2 Loss :  14.20379521560669
Epoch :  54  Epoch time :  12.306587455794215  Train L2 Loss :  14.171494073486327
Epoch :  55  Epoch time :  12.300741731189191  Train L2 Loss :  14.105545568084716
Epoch :  56  Epoch time :  12.31866464484483  Train L2 Loss :  14.024017504882812
Epoch :  57  Epoch time :  12.300308341160417  Train L2 Loss :  13.875355464935303
Epoch :  58  Epoch time :  12.332517193630338  Train L2 Loss :  13.885610827636718
Epoch :  59  Epoch time :  12.32889997586608  Train L2 Loss :  13.863274884033203
Epoch :  60  Epoch time :  12.378582612611353  Train L2 Loss :  13.800031436920166
Epoch :  61  Epoch time :  12.375599501654506  Train L2 Loss :  13.715766082000732
Epoch :  62  Epoch time :  12.367683439515531  Train L2 Loss :  13.675329992675781
Epoch :  63  Epoch time :  12.397155210375786  Train L2 Loss :  13.618575003814698
Epoch :  64  Epoch time :  12.360640154220164  Train L2 Loss :  13.580566487121581
Epoch :  65  Epoch time :  12.419324180111289  Train L2 Loss :  13.520262267303467
Epoch :  66  Epoch time :  12.364369781687856  Train L2 Loss :  13.499843981933594
Epoch :  67  Epoch time :  12.410581855103374  Train L2 Loss :  13.48063819923401
Epoch :  68  Epoch time :  12.441848416812718  Train L2 Loss :  13.343865335464477
Epoch :  69  Epoch time :  12.381373930722475  Train L2 Loss :  13.370610712432862
Epoch :  70  Epoch time :  12.364000611007214  Train L2 Loss :  13.31126583366394
Epoch :  71  Epoch time :  12.419036745093763  Train L2 Loss :  13.265041529083252
Epoch :  72  Epoch time :  12.392129187472165  Train L2 Loss :  13.233299250793458
Epoch :  73  Epoch time :  12.383369080722332  Train L2 Loss :  13.212737406158448
Epoch :  74  Epoch time :  12.375856413505971  Train L2 Loss :  13.097926946258545
Epoch :  75  Epoch time :  12.407624871470034  Train L2 Loss :  13.140398282623291
Epoch :  76  Epoch time :  12.370767056941986  Train L2 Loss :  12.965867170715333
Epoch :  77  Epoch time :  12.461069045588374  Train L2 Loss :  12.999845992660523
Epoch :  78  Epoch time :  12.349928415380418  Train L2 Loss :  13.014410461425781
Epoch :  79  Epoch time :  12.435830726288259  Train L2 Loss :  12.981697605895997
Epoch :  80  Epoch time :  12.335767924785614  Train L2 Loss :  12.979956851959228
Epoch :  81  Epoch time :  12.492274716496468  Train L2 Loss :  12.888249047088623
Epoch :  82  Epoch time :  12.361152544617653  Train L2 Loss :  12.873986961364746
Epoch :  83  Epoch time :  12.425986717455089  Train L2 Loss :  12.865996635437012
Epoch :  84  Epoch time :  12.38571365736425  Train L2 Loss :  12.82339340133667
Epoch :  85  Epoch time :  12.360950035974383  Train L2 Loss :  12.779309773254395
Epoch :  86  Epoch time :  12.32341530546546  Train L2 Loss :  12.744859214782714
Epoch :  87  Epoch time :  12.410520204342902  Train L2 Loss :  12.712420932769776
Epoch :  88  Epoch time :  12.320300485938787  Train L2 Loss :  12.669653535652161
Epoch :  89  Epoch time :  12.34430565778166  Train L2 Loss :  12.744794914245606
Epoch :  90  Epoch time :  12.408897991292179  Train L2 Loss :  12.62759839706421
Epoch :  91  Epoch time :  12.334088737145066  Train L2 Loss :  12.670660733795167
Epoch :  92  Epoch time :  12.430074303410947  Train L2 Loss :  12.607151885223388
Epoch :  93  Epoch time :  12.319629314355552  Train L2 Loss :  12.589924877929688
Epoch :  94  Epoch time :  12.386283807456493  Train L2 Loss :  12.599938694763184
Epoch :  95  Epoch time :  12.429688381031156  Train L2 Loss :  12.55026391067505
Epoch :  96  Epoch time :  12.438280832022429  Train L2 Loss :  12.488763122558593
Epoch :  97  Epoch time :  12.40552475117147  Train L2 Loss :  12.469044115447998
Epoch :  98  Epoch time :  12.372717327438295  Train L2 Loss :  12.450507789993287
Epoch :  99  Epoch time :  12.405069157481194  Train L2 Loss :  12.465012805175782
Epoch :  100  Epoch time :  12.389726753346622  Train L2 Loss :  10.907531377410889
Epoch :  101  Epoch time :  12.357464591041207  Train L2 Loss :  10.800029105758666
Epoch :  102  Epoch time :  12.374590611085296  Train L2 Loss :  10.753242555999757
Epoch :  103  Epoch time :  12.345486680045724  Train L2 Loss :  10.730783819961548
Epoch :  104  Epoch time :  12.370461142621934  Train L2 Loss :  10.717115197372436
Epoch :  105  Epoch time :  12.40812059585005  Train L2 Loss :  10.719059394073486
Epoch :  106  Epoch time :  12.442375030368567  Train L2 Loss :  10.699666037368774
Epoch :  107  Epoch time :  12.315681198611856  Train L2 Loss :  10.659012027359008
Epoch :  108  Epoch time :  12.446052313782275  Train L2 Loss :  10.638080877685546
Epoch :  109  Epoch time :  12.405270403251052  Train L2 Loss :  10.645536072158814
Epoch :  110  Epoch time :  12.41595823969692  Train L2 Loss :  10.614034578323364
Epoch :  111  Epoch time :  12.425786866806448  Train L2 Loss :  10.601879662322998
Epoch :  112  Epoch time :  12.411609462462366  Train L2 Loss :  10.588466622543335
Epoch :  113  Epoch time :  12.311122960411012  Train L2 Loss :  10.592591778564453
Epoch :  114  Epoch time :  12.689637425355613  Train L2 Loss :  10.615985784912109
Epoch :  115  Epoch time :  12.407766760326922  Train L2 Loss :  10.596621315383912
Epoch :  116  Epoch time :  12.368759167380631  Train L2 Loss :  10.583947380065919
Epoch :  117  Epoch time :  12.389992545358837  Train L2 Loss :  10.604602150726318
Epoch :  118  Epoch time :  12.401868216693401  Train L2 Loss :  10.56262741203308
Epoch :  119  Epoch time :  12.456218915991485  Train L2 Loss :  10.577692981338501
Epoch :  120  Epoch time :  12.351599330082536  Train L2 Loss :  10.488236415100097
Epoch :  121  Epoch time :  12.432653225027025  Train L2 Loss :  10.575918923950196
Epoch :  122  Epoch time :  12.34948765207082  Train L2 Loss :  10.52934104347229
Epoch :  123  Epoch time :  12.362416591495275  Train L2 Loss :  10.48902853012085
Epoch :  124  Epoch time :  12.404701918363571  Train L2 Loss :  10.49700622253418
Epoch :  125  Epoch time :  12.407689724117517  Train L2 Loss :  10.49404909286499
Epoch :  126  Epoch time :  12.367930342443287  Train L2 Loss :  10.495527378463745
Epoch :  127  Epoch time :  12.447289360687137  Train L2 Loss :  10.493020727920532
Epoch :  128  Epoch time :  12.375872544944286  Train L2 Loss :  10.43571084060669
Epoch :  129  Epoch time :  12.401087688282132  Train L2 Loss :  10.491437356567383
Epoch :  130  Epoch time :  12.472051978111267  Train L2 Loss :  10.476184135055542
Epoch :  131  Epoch time :  12.55385912489146  Train L2 Loss :  10.455794129180909
Epoch :  132  Epoch time :  12.388822764158249  Train L2 Loss :  10.421380255126953
Epoch :  133  Epoch time :  12.418830441311002  Train L2 Loss :  10.433352682113647
Epoch :  134  Epoch time :  12.430966089479625  Train L2 Loss :  10.431283958053589
Epoch :  135  Epoch time :  12.40693314280361  Train L2 Loss :  10.387552178955078
Epoch :  136  Epoch time :  12.372876873239875  Train L2 Loss :  10.425259658432006
Epoch :  137  Epoch time :  12.487099681049585  Train L2 Loss :  10.418760804748535
Epoch :  138  Epoch time :  12.462638760916889  Train L2 Loss :  10.406012484741211
Epoch :  139  Epoch time :  12.343093201518059  Train L2 Loss :  10.408975568008422
Epoch :  140  Epoch time :  12.393039137125015  Train L2 Loss :  10.365472304534912
Epoch :  141  Epoch time :  12.40478917490691  Train L2 Loss :  10.379648301696777
Epoch :  142  Epoch time :  12.379260617308319  Train L2 Loss :  10.377502862167358
Epoch :  143  Epoch time :  12.479267046786845  Train L2 Loss :  10.429551156616212
Epoch :  144  Epoch time :  12.420227515511215  Train L2 Loss :  10.356105707931519
Epoch :  145  Epoch time :  12.409430817700922  Train L2 Loss :  10.336932194900513
Epoch :  146  Epoch time :  12.395731681026518  Train L2 Loss :  10.37667089920044
Epoch :  147  Epoch time :  12.45478621032089  Train L2 Loss :  10.356104384613037
Epoch :  148  Epoch time :  12.352982225827873  Train L2 Loss :  10.368589850616456
Epoch :  149  Epoch time :  12.391735803335905  Train L2 Loss :  10.322565683746339
Epoch :  150  Epoch time :  12.399427738040686  Train L2 Loss :  10.382974291610719
Epoch :  151  Epoch time :  12.42893928848207  Train L2 Loss :  10.343891032791138
Epoch :  152  Epoch time :  12.402717052958906  Train L2 Loss :  10.31200920639038
Epoch :  153  Epoch time :  12.410700374282897  Train L2 Loss :  10.289675314331054
Epoch :  154  Epoch time :  12.484792972914875  Train L2 Loss :  10.31441774597168
Epoch :  155  Epoch time :  12.356529398821294  Train L2 Loss :  10.33166180229187
Epoch :  156  Epoch time :  12.431956686079502  Train L2 Loss :  10.305613290023803
Epoch :  157  Epoch time :  12.43355876300484  Train L2 Loss :  10.308461512374878
Epoch :  158  Epoch time :  12.322642648592591  Train L2 Loss :  10.339115396118164
Epoch :  159  Epoch time :  12.39914936106652  Train L2 Loss :  10.281838963699341
Epoch :  160  Epoch time :  12.367602969519794  Train L2 Loss :  10.243567430496215
Epoch :  161  Epoch time :  12.36376025993377  Train L2 Loss :  10.282208086395263
Epoch :  162  Epoch time :  12.432634738273919  Train L2 Loss :  10.328933403396606
Epoch :  163  Epoch time :  12.402182832360268  Train L2 Loss :  10.29627788963318
Epoch :  164  Epoch time :  12.390721246600151  Train L2 Loss :  10.282409290313721
Epoch :  165  Epoch time :  12.350120266899467  Train L2 Loss :  10.248714585876465
Epoch :  166  Epoch time :  12.462210978381336  Train L2 Loss :  10.238553149032592
Epoch :  167  Epoch time :  12.433912269771099  Train L2 Loss :  10.249187632369996
Epoch :  168  Epoch time :  12.409674352034926  Train L2 Loss :  10.273984845352173
Epoch :  169  Epoch time :  12.352449828758836  Train L2 Loss :  10.243409274291992
Epoch :  170  Epoch time :  12.507371994666755  Train L2 Loss :  10.261670794296265
Epoch :  171  Epoch time :  12.360052054747939  Train L2 Loss :  10.250274501037598
Epoch :  172  Epoch time :  12.454888905398548  Train L2 Loss :  10.25304684715271
Epoch :  173  Epoch time :  12.398729613050818  Train L2 Loss :  10.196866691589355
Epoch :  174  Epoch time :  12.401436406187713  Train L2 Loss :  10.286240340042115
Epoch :  175  Epoch time :  12.456804650835693  Train L2 Loss :  10.17900848083496
Epoch :  176  Epoch time :  12.440157981589437  Train L2 Loss :  10.21396323928833
Epoch :  177  Epoch time :  12.365008872002363  Train L2 Loss :  10.2133547996521
Epoch :  178  Epoch time :  12.395954276435077  Train L2 Loss :  10.223589840316773
Epoch :  179  Epoch time :  12.355390625074506  Train L2 Loss :  10.219003911972045
Epoch :  180  Epoch time :  12.290958795696497  Train L2 Loss :  10.236127391052246
Epoch :  181  Epoch time :  12.402893546037376  Train L2 Loss :  10.192631472396851
Epoch :  182  Epoch time :  12.348583756946027  Train L2 Loss :  10.155692934799195
Epoch :  183  Epoch time :  12.378800579346716  Train L2 Loss :  10.22062533569336
Epoch :  184  Epoch time :  12.38127996493131  Train L2 Loss :  10.21929118270874
Epoch :  185  Epoch time :  12.325596705079079  Train L2 Loss :  10.123002252578736
Epoch :  186  Epoch time :  12.333601446822286  Train L2 Loss :  10.208621549987793
Epoch :  187  Epoch time :  12.39494619704783  Train L2 Loss :  10.17383670654297
Epoch :  188  Epoch time :  12.313435107469559  Train L2 Loss :  10.193277660751344
Epoch :  189  Epoch time :  12.449045269750059  Train L2 Loss :  10.176450534057617
Epoch :  190  Epoch time :  12.291186301968992  Train L2 Loss :  10.177945531463623
Epoch :  191  Epoch time :  12.432262556627393  Train L2 Loss :  10.15790945854187
Epoch :  192  Epoch time :  12.349371375516057  Train L2 Loss :  10.15926173210144
Epoch :  193  Epoch time :  12.381756085902452  Train L2 Loss :  10.092021864318848
Epoch :  194  Epoch time :  12.389593923464417  Train L2 Loss :  10.122144913864135
Epoch :  195  Epoch time :  12.36574271414429  Train L2 Loss :  10.139741272735595
Epoch :  196  Epoch time :  12.314141503535211  Train L2 Loss :  10.190965112304687
Epoch :  197  Epoch time :  12.402849320322275  Train L2 Loss :  10.151044233322143
Epoch :  198  Epoch time :  12.404854843392968  Train L2 Loss :  10.078141609191894
Epoch :  199  Epoch time :  12.41247333213687  Train L2 Loss :  10.156748177337647
Total time is : 2447.970997655764 Total epoch is  200
