Input dim :  201  output dim :  1
Start training 
629249
Epoch :  0  Epoch time :  10.716086069121957  Train L2 Loss :  57.78238030090332
Epoch :  1  Epoch time :  10.547546407207847  Train L2 Loss :  27.238446826171874
Epoch :  2  Epoch time :  10.474839951843023  Train L2 Loss :  22.984026759338377
Epoch :  3  Epoch time :  10.596172568388283  Train L2 Loss :  20.937072061157227
Epoch :  4  Epoch time :  10.548946714028716  Train L2 Loss :  19.41923985443115
Epoch :  5  Epoch time :  10.55698283109814  Train L2 Loss :  18.30735415725708
Epoch :  6  Epoch time :  10.59407233260572  Train L2 Loss :  17.525715370178222
Epoch :  7  Epoch time :  10.649922649376094  Train L2 Loss :  16.821782068634032
Epoch :  8  Epoch time :  10.631597300991416  Train L2 Loss :  16.192571781158446
Epoch :  9  Epoch time :  10.724686746485531  Train L2 Loss :  15.64600424118042
Epoch :  10  Epoch time :  10.713364297524095  Train L2 Loss :  15.109239151763916
Epoch :  11  Epoch time :  10.808396866545081  Train L2 Loss :  14.664449143981933
Epoch :  12  Epoch time :  10.75199741218239  Train L2 Loss :  14.360954891204834
Epoch :  13  Epoch time :  10.8670310433954  Train L2 Loss :  14.103878694152833
Epoch :  14  Epoch time :  10.835430210456252  Train L2 Loss :  13.777989176940919
Epoch :  15  Epoch time :  10.956101627089083  Train L2 Loss :  13.414701050567627
Epoch :  16  Epoch time :  10.936332838609815  Train L2 Loss :  13.097692583465577
Epoch :  17  Epoch time :  11.020109616219997  Train L2 Loss :  12.861092948913575
Epoch :  18  Epoch time :  11.050875762477517  Train L2 Loss :  12.674285440063477
Epoch :  19  Epoch time :  11.165954638272524  Train L2 Loss :  12.431631927490235
Epoch :  20  Epoch time :  11.101367788389325  Train L2 Loss :  12.189327909851075
Epoch :  21  Epoch time :  11.244469673372805  Train L2 Loss :  12.032345504760743
Epoch :  22  Epoch time :  11.176664925180376  Train L2 Loss :  11.886396771240234
Epoch :  23  Epoch time :  11.200563845224679  Train L2 Loss :  11.724491590118408
Epoch :  24  Epoch time :  11.103789023123682  Train L2 Loss :  11.428028374481201
Epoch :  25  Epoch time :  11.205285991542041  Train L2 Loss :  11.465512743759156
Epoch :  26  Epoch time :  11.13709517288953  Train L2 Loss :  11.191876788711548
Epoch :  27  Epoch time :  11.1817273106426  Train L2 Loss :  11.066576517868041
Epoch :  28  Epoch time :  11.13350441120565  Train L2 Loss :  11.008676998519897
Epoch :  29  Epoch time :  11.15275889262557  Train L2 Loss :  10.826753770446777
Epoch :  30  Epoch time :  11.183742936700583  Train L2 Loss :  10.697548609542846
Epoch :  31  Epoch time :  11.151659520342946  Train L2 Loss :  10.66930182800293
Epoch :  32  Epoch time :  11.243956815451384  Train L2 Loss :  10.516806631851196
Epoch :  33  Epoch time :  11.181517206132412  Train L2 Loss :  10.353080278778076
Epoch :  34  Epoch time :  11.209040350280702  Train L2 Loss :  10.330627843475341
Epoch :  35  Epoch time :  11.182202748954296  Train L2 Loss :  10.229359948349
Epoch :  36  Epoch time :  11.193342701531947  Train L2 Loss :  10.08135902404785
Epoch :  37  Epoch time :  11.19993406906724  Train L2 Loss :  10.050005588150025
Epoch :  38  Epoch time :  11.209639850072563  Train L2 Loss :  9.864474848556519
Epoch :  39  Epoch time :  11.152141350321472  Train L2 Loss :  9.874165312957764
Epoch :  40  Epoch time :  11.215339999645948  Train L2 Loss :  9.84017060699463
Epoch :  41  Epoch time :  11.166564017534256  Train L2 Loss :  9.669329256439209
Epoch :  42  Epoch time :  11.222795472480357  Train L2 Loss :  9.628561253356933
Epoch :  43  Epoch time :  11.164422375150025  Train L2 Loss :  9.528386543655396
Epoch :  44  Epoch time :  11.219359789043665  Train L2 Loss :  9.525696138000487
Epoch :  45  Epoch time :  11.20854192506522  Train L2 Loss :  9.37390644607544
Epoch :  46  Epoch time :  11.713208883069456  Train L2 Loss :  9.344445509338378
Epoch :  47  Epoch time :  11.638780442997813  Train L2 Loss :  9.24026233444214
Epoch :  48  Epoch time :  11.695414164103568  Train L2 Loss :  9.235748462677002
Epoch :  49  Epoch time :  11.653962946496904  Train L2 Loss :  9.15704098701477
Epoch :  50  Epoch time :  11.708308091387153  Train L2 Loss :  9.06734824447632
Epoch :  51  Epoch time :  11.62438472919166  Train L2 Loss :  9.008052782821656
Epoch :  52  Epoch time :  11.708274728618562  Train L2 Loss :  8.955373793029786
Epoch :  53  Epoch time :  11.724634351208806  Train L2 Loss :  8.903725322341918
Epoch :  54  Epoch time :  11.738833570852876  Train L2 Loss :  8.80902564125061
Epoch :  55  Epoch time :  11.687884842976928  Train L2 Loss :  8.822348851776123
Epoch :  56  Epoch time :  11.703226217068732  Train L2 Loss :  8.761818855667114
Epoch :  57  Epoch time :  11.661825940012932  Train L2 Loss :  8.701897212982178
Epoch :  58  Epoch time :  11.71072970610112  Train L2 Loss :  8.683009574508667
Epoch :  59  Epoch time :  11.691118314862251  Train L2 Loss :  8.603158948135375
Epoch :  60  Epoch time :  11.311639347113669  Train L2 Loss :  8.529051834869385
Epoch :  61  Epoch time :  11.324951771646738  Train L2 Loss :  8.544339004516601
Epoch :  62  Epoch time :  11.332398842088878  Train L2 Loss :  8.511953507995605
Epoch :  63  Epoch time :  11.33919885661453  Train L2 Loss :  8.354418363571167
Epoch :  64  Epoch time :  11.301704377867281  Train L2 Loss :  8.344527570724487
Epoch :  65  Epoch time :  11.506818578578532  Train L2 Loss :  8.353476221466064
Epoch :  66  Epoch time :  12.081105998717248  Train L2 Loss :  8.249546657562256
Epoch :  67  Epoch time :  11.355779198929667  Train L2 Loss :  8.294178518295288
Epoch :  68  Epoch time :  11.242766296491027  Train L2 Loss :  8.24609493408203
Epoch :  69  Epoch time :  11.269726822152734  Train L2 Loss :  8.192589073181152
Epoch :  70  Epoch time :  11.232223324477673  Train L2 Loss :  8.088946722412109
Epoch :  71  Epoch time :  11.27439106721431  Train L2 Loss :  8.104939178848266
Epoch :  72  Epoch time :  11.23302873596549  Train L2 Loss :  8.026507572555541
Epoch :  73  Epoch time :  11.297985415905714  Train L2 Loss :  8.067295121002198
Epoch :  74  Epoch time :  11.22691319976002  Train L2 Loss :  7.985810210418701
Epoch :  75  Epoch time :  11.293652212247252  Train L2 Loss :  8.023074290084839
Epoch :  76  Epoch time :  11.349772808142006  Train L2 Loss :  7.8924279903411865
Epoch :  77  Epoch time :  11.33218789100647  Train L2 Loss :  7.923761596298218
Epoch :  78  Epoch time :  11.261080966331065  Train L2 Loss :  7.903755603790283
Epoch :  79  Epoch time :  11.32611108571291  Train L2 Loss :  7.838975561523437
Epoch :  80  Epoch time :  11.314132460393012  Train L2 Loss :  7.820641962051392
Epoch :  81  Epoch time :  11.35703746508807  Train L2 Loss :  7.746601795196534
Epoch :  82  Epoch time :  11.272223692387342  Train L2 Loss :  7.726914696121216
Epoch :  83  Epoch time :  11.348955987021327  Train L2 Loss :  7.743189049911499
Epoch :  84  Epoch time :  11.279849366284907  Train L2 Loss :  7.686808939743042
Epoch :  85  Epoch time :  11.338288467377424  Train L2 Loss :  7.598845634460449
Epoch :  86  Epoch time :  11.295148748904467  Train L2 Loss :  7.599874437141419
Epoch :  87  Epoch time :  11.36309521831572  Train L2 Loss :  7.620726209640503
Epoch :  88  Epoch time :  11.314882047474384  Train L2 Loss :  7.5661015752792355
Epoch :  89  Epoch time :  11.339179607108235  Train L2 Loss :  7.524958122062683
Epoch :  90  Epoch time :  11.42042881064117  Train L2 Loss :  7.5016723644256595
Epoch :  91  Epoch time :  11.338675658218563  Train L2 Loss :  7.489161638641358
Epoch :  92  Epoch time :  11.40642970521003  Train L2 Loss :  7.4271390361785885
Epoch :  93  Epoch time :  11.369860674254596  Train L2 Loss :  7.44173918800354
Epoch :  94  Epoch time :  11.389699896797538  Train L2 Loss :  7.377894637680054
Epoch :  95  Epoch time :  11.43752473499626  Train L2 Loss :  7.392477781295776
Epoch :  96  Epoch time :  11.358878633007407  Train L2 Loss :  7.346182336235047
Epoch :  97  Epoch time :  11.387291997671127  Train L2 Loss :  7.402636911773682
Epoch :  98  Epoch time :  11.369801944121718  Train L2 Loss :  7.2990098979949956
Epoch :  99  Epoch time :  11.385264200158417  Train L2 Loss :  7.290568906402588
Epoch :  100  Epoch time :  11.393131886608899  Train L2 Loss :  5.1418262357711795
Epoch :  101  Epoch time :  11.407298751175404  Train L2 Loss :  4.883977844047546
Epoch :  102  Epoch time :  11.39479452278465  Train L2 Loss :  4.790771687030793
Epoch :  103  Epoch time :  11.389459962956607  Train L2 Loss :  4.690509886837005
Epoch :  104  Epoch time :  11.426014906726778  Train L2 Loss :  4.659581142997742
Epoch :  105  Epoch time :  11.402099821716547  Train L2 Loss :  4.623861674690247
Epoch :  106  Epoch time :  11.460534672252834  Train L2 Loss :  4.56429966506958
Epoch :  107  Epoch time :  11.403347363695502  Train L2 Loss :  4.548070981788635
Epoch :  108  Epoch time :  11.530072872526944  Train L2 Loss :  4.56268122215271
Epoch :  109  Epoch time :  11.420552557334304  Train L2 Loss :  4.5411026594161985
Epoch :  110  Epoch time :  11.531830972991884  Train L2 Loss :  4.50855300989151
Epoch :  111  Epoch time :  11.458953802473843  Train L2 Loss :  4.540729412841797
Epoch :  112  Epoch time :  11.579289220273495  Train L2 Loss :  4.489836302566529
Epoch :  113  Epoch time :  11.437595073133707  Train L2 Loss :  4.4871120680809025
Epoch :  114  Epoch time :  11.49812205415219  Train L2 Loss :  4.4838360469818115
Epoch :  115  Epoch time :  11.465989779680967  Train L2 Loss :  4.479601423072815
Epoch :  116  Epoch time :  11.494857742451131  Train L2 Loss :  4.462421582984924
Epoch :  117  Epoch time :  11.866745694540441  Train L2 Loss :  4.49375220451355
Epoch :  118  Epoch time :  11.925834173336625  Train L2 Loss :  4.427248309707641
Epoch :  119  Epoch time :  11.911309352144599  Train L2 Loss :  4.45061000328064
Epoch :  120  Epoch time :  12.140552056021988  Train L2 Loss :  4.447204264354705
Epoch :  121  Epoch time :  12.281892025843263  Train L2 Loss :  4.39789218301773
Epoch :  122  Epoch time :  12.462465255521238  Train L2 Loss :  4.394335379314422
Epoch :  123  Epoch time :  12.778601305559278  Train L2 Loss :  4.405028166103363
Epoch :  124  Epoch time :  12.05430277902633  Train L2 Loss :  4.460506074333191
Epoch :  125  Epoch time :  12.060861037112772  Train L2 Loss :  4.364275342655182
Epoch :  126  Epoch time :  12.022190937772393  Train L2 Loss :  4.386451243114472
Epoch :  127  Epoch time :  12.131255758926272  Train L2 Loss :  4.379609359169006
Epoch :  128  Epoch time :  12.066842096857727  Train L2 Loss :  4.380282796478271
Epoch :  129  Epoch time :  12.10989979840815  Train L2 Loss :  4.3888538205146785
Epoch :  130  Epoch time :  12.08035145048052  Train L2 Loss :  4.336845739364624
Epoch :  131  Epoch time :  12.078916830010712  Train L2 Loss :  4.383631375122071
Epoch :  132  Epoch time :  12.019208782352507  Train L2 Loss :  4.386274425506592
Epoch :  133  Epoch time :  12.096786425448954  Train L2 Loss :  4.366467752838135
Epoch :  134  Epoch time :  12.083570163697004  Train L2 Loss :  4.366462857818603
Epoch :  135  Epoch time :  12.089183137752116  Train L2 Loss :  4.377932473373413
Epoch :  136  Epoch time :  12.088324937038124  Train L2 Loss :  4.320135942459107
Epoch :  137  Epoch time :  12.088651686906815  Train L2 Loss :  4.350833037757874
Epoch :  138  Epoch time :  12.05290456674993  Train L2 Loss :  4.284807790565491
Epoch :  139  Epoch time :  16.539107301272452  Train L2 Loss :  4.31893723526001
Epoch :  140  Epoch time :  12.131403976120055  Train L2 Loss :  4.32162167301178
Epoch :  141  Epoch time :  12.095190573483706  Train L2 Loss :  4.359408543205261
Epoch :  142  Epoch time :  12.109978490509093  Train L2 Loss :  4.313743601322174
Epoch :  143  Epoch time :  12.047746087424457  Train L2 Loss :  4.30474644575119
Epoch :  144  Epoch time :  11.954274845309556  Train L2 Loss :  4.316740859222412
Epoch :  145  Epoch time :  11.83797247055918  Train L2 Loss :  4.286984267425537
Epoch :  146  Epoch time :  11.795085652731359  Train L2 Loss :  4.339012384986877
Epoch :  147  Epoch time :  11.682313473895192  Train L2 Loss :  4.28954866142273
Epoch :  148  Epoch time :  11.954996610991657  Train L2 Loss :  4.293112797164917
Epoch :  149  Epoch time :  12.195780193433166  Train L2 Loss :  4.2615188812255855
Epoch :  150  Epoch time :  11.872031308710575  Train L2 Loss :  4.2460385241508485
Epoch :  151  Epoch time :  11.756450795568526  Train L2 Loss :  4.308006418991089
Epoch :  152  Epoch time :  11.779902803711593  Train L2 Loss :  4.25332509059906
Epoch :  153  Epoch time :  11.728974954225123  Train L2 Loss :  4.262835802650452
Epoch :  154  Epoch time :  11.804265329614282  Train L2 Loss :  4.255439987182617
Epoch :  155  Epoch time :  11.746030212379992  Train L2 Loss :  4.237463168144226
Epoch :  156  Epoch time :  11.78501402027905  Train L2 Loss :  4.239993354129791
Epoch :  157  Epoch time :  11.714122152887285  Train L2 Loss :  4.25215914850235
Epoch :  158  Epoch time :  11.79982037935406  Train L2 Loss :  4.209031961202621
Epoch :  159  Epoch time :  11.766765943728387  Train L2 Loss :  4.237546082496643
Epoch :  160  Epoch time :  11.824993835762143  Train L2 Loss :  4.224947359848023
Epoch :  161  Epoch time :  11.759885777719319  Train L2 Loss :  4.271898292446137
Epoch :  162  Epoch time :  11.794856400229037  Train L2 Loss :  4.24999992685318
Epoch :  163  Epoch time :  11.75904637761414  Train L2 Loss :  4.1875687633514405
Epoch :  164  Epoch time :  11.824433924630284  Train L2 Loss :  4.2092824236869815
Epoch :  165  Epoch time :  11.77029672358185  Train L2 Loss :  4.205117181682587
Epoch :  166  Epoch time :  11.816204787231982  Train L2 Loss :  4.2288437292099
Epoch :  167  Epoch time :  11.76069116499275  Train L2 Loss :  4.216521858978272
Epoch :  168  Epoch time :  11.967791685834527  Train L2 Loss :  4.218463368320465
Epoch :  169  Epoch time :  12.2107022870332  Train L2 Loss :  4.180239757728577
Epoch :  170  Epoch time :  12.305666866712272  Train L2 Loss :  4.20627185754776
Epoch :  171  Epoch time :  12.246307905763388  Train L2 Loss :  4.184595389175415
Epoch :  172  Epoch time :  12.295799021609128  Train L2 Loss :  4.250697022151947
Epoch :  173  Epoch time :  12.243418470956385  Train L2 Loss :  4.171850498104096
Epoch :  174  Epoch time :  12.30616666842252  Train L2 Loss :  4.167600658702851
Epoch :  175  Epoch time :  12.306822243146598  Train L2 Loss :  4.183962101078033
Epoch :  176  Epoch time :  12.27350293751806  Train L2 Loss :  4.157188002204895
Epoch :  177  Epoch time :  12.306290978565812  Train L2 Loss :  4.188313550853729
Epoch :  178  Epoch time :  12.276828016154468  Train L2 Loss :  4.140061457824707
Epoch :  179  Epoch time :  12.335766311734915  Train L2 Loss :  4.16394252986908
Epoch :  180  Epoch time :  12.22634865064174  Train L2 Loss :  4.159515803432464
Epoch :  181  Epoch time :  12.326046471484005  Train L2 Loss :  4.156572407531738
Epoch :  182  Epoch time :  12.28743749205023  Train L2 Loss :  4.167197218894959
Epoch :  183  Epoch time :  12.057078773155808  Train L2 Loss :  4.144939821720123
Epoch :  184  Epoch time :  11.858560952357948  Train L2 Loss :  4.140913466644287
Epoch :  185  Epoch time :  11.906547339633107  Train L2 Loss :  4.110548010444641
Epoch :  186  Epoch time :  11.821252551861107  Train L2 Loss :  4.052048793792725
Epoch :  187  Epoch time :  11.90824001841247  Train L2 Loss :  4.138331330108643
Epoch :  188  Epoch time :  11.842638441361487  Train L2 Loss :  4.138565235900879
Epoch :  189  Epoch time :  11.912305153906345  Train L2 Loss :  4.1029530283927915
Epoch :  190  Epoch time :  11.834861753508449  Train L2 Loss :  4.098669342136383
Epoch :  191  Epoch time :  11.934292182326317  Train L2 Loss :  4.099262620258331
Epoch :  192  Epoch time :  11.852527448907495  Train L2 Loss :  4.110583936691284
Epoch :  193  Epoch time :  11.905330049805343  Train L2 Loss :  4.119705652999878
Epoch :  194  Epoch time :  12.076516774483025  Train L2 Loss :  4.069105459880829
Epoch :  195  Epoch time :  12.379404333420098  Train L2 Loss :  4.0788793924331666
Epoch :  196  Epoch time :  12.318758348934352  Train L2 Loss :  4.0705799492836
Epoch :  197  Epoch time :  12.385130102746189  Train L2 Loss :  4.09736802482605
Epoch :  198  Epoch time :  12.309985992498696  Train L2 Loss :  4.063613276863098
Epoch :  199  Epoch time :  12.381677106022835  Train L2 Loss :  4.073477719783783
Total time is : 2321.7558660628274 Total epoch is  200
