Input dim :  201  output dim :  1
Start training 
59009
Epoch :  0  Epoch time :  10.673841162584722  Train L2 Loss :  65.15456143951415
Epoch :  1  Epoch time :  10.441449020057917  Train L2 Loss :  27.10295654144287
Epoch :  2  Epoch time :  10.548387352377176  Train L2 Loss :  22.610832986450195
Epoch :  3  Epoch time :  10.558479418046772  Train L2 Loss :  20.49735143203735
Epoch :  4  Epoch time :  10.583198194392025  Train L2 Loss :  19.11749810333252
Epoch :  5  Epoch time :  10.654232166707516  Train L2 Loss :  17.979378589630127
Epoch :  6  Epoch time :  10.689663850702345  Train L2 Loss :  17.25309758758545
Epoch :  7  Epoch time :  10.744670238345861  Train L2 Loss :  16.49665970993042
Epoch :  8  Epoch time :  10.751742504537106  Train L2 Loss :  15.984347998046875
Epoch :  9  Epoch time :  10.809121591970325  Train L2 Loss :  15.489053070831298
Epoch :  10  Epoch time :  10.800513531081378  Train L2 Loss :  15.163402252197265
Epoch :  11  Epoch time :  10.854273154400289  Train L2 Loss :  14.635799808502197
Epoch :  12  Epoch time :  10.825083308853209  Train L2 Loss :  14.382495524597168
Epoch :  13  Epoch time :  10.898765034042299  Train L2 Loss :  14.096643355560303
Epoch :  14  Epoch time :  10.87319482397288  Train L2 Loss :  13.772872424316406
Epoch :  15  Epoch time :  10.961642825976014  Train L2 Loss :  13.542546173095703
Epoch :  16  Epoch time :  10.926672622561455  Train L2 Loss :  13.354344326019287
Epoch :  17  Epoch time :  10.984576012939215  Train L2 Loss :  13.08130512008667
Epoch :  18  Epoch time :  10.937029974535108  Train L2 Loss :  12.908443553161622
Epoch :  19  Epoch time :  11.018755167722702  Train L2 Loss :  12.677588536834717
Epoch :  20  Epoch time :  10.96983132045716  Train L2 Loss :  12.520641820526123
Epoch :  21  Epoch time :  11.038522772490978  Train L2 Loss :  12.327765995025635
Epoch :  22  Epoch time :  11.032086688093841  Train L2 Loss :  12.182523780059814
Epoch :  23  Epoch time :  11.06504789646715  Train L2 Loss :  12.014489372253419
Epoch :  24  Epoch time :  11.02403774484992  Train L2 Loss :  11.901957009887695
Epoch :  25  Epoch time :  11.090788137167692  Train L2 Loss :  11.68812798690796
Epoch :  26  Epoch time :  11.047396581619978  Train L2 Loss :  11.544789409255982
Epoch :  27  Epoch time :  11.116159779950976  Train L2 Loss :  11.37754681892395
Epoch :  28  Epoch time :  11.08810362406075  Train L2 Loss :  11.285930453491211
Epoch :  29  Epoch time :  11.132862785831094  Train L2 Loss :  11.190661152648925
Epoch :  30  Epoch time :  11.16757374536246  Train L2 Loss :  11.097749324417114
Epoch :  31  Epoch time :  11.115159906446934  Train L2 Loss :  11.011288765335083
Epoch :  32  Epoch time :  11.274827416986227  Train L2 Loss :  10.85224595375061
Epoch :  33  Epoch time :  11.828792500309646  Train L2 Loss :  10.794661764526367
Epoch :  34  Epoch time :  12.00933304335922  Train L2 Loss :  10.618819749069214
Epoch :  35  Epoch time :  11.901936252601445  Train L2 Loss :  10.616280178451538
Epoch :  36  Epoch time :  12.055294753052294  Train L2 Loss :  10.43586030807495
Epoch :  37  Epoch time :  11.97235674597323  Train L2 Loss :  10.368573890304566
Epoch :  38  Epoch time :  12.087305648252368  Train L2 Loss :  10.319788041687012
Epoch :  39  Epoch time :  11.436900521628559  Train L2 Loss :  10.22260406112671
Epoch :  40  Epoch time :  11.291901503689587  Train L2 Loss :  10.099677001953125
Epoch :  41  Epoch time :  11.22741293348372  Train L2 Loss :  10.032788415145873
Epoch :  42  Epoch time :  11.276018778793514  Train L2 Loss :  9.994753482818604
Epoch :  43  Epoch time :  11.233334328979254  Train L2 Loss :  9.919031159210205
Epoch :  44  Epoch time :  11.314503328874707  Train L2 Loss :  9.871439371490478
Epoch :  45  Epoch time :  11.274575360119343  Train L2 Loss :  9.785578279495239
Epoch :  46  Epoch time :  11.348387610167265  Train L2 Loss :  9.670565874099731
Epoch :  47  Epoch time :  11.295454144477844  Train L2 Loss :  9.640419052124024
Epoch :  48  Epoch time :  11.356289735995233  Train L2 Loss :  9.489939651870728
Epoch :  49  Epoch time :  11.325107492506504  Train L2 Loss :  9.526478094863892
Epoch :  50  Epoch time :  11.384490571916103  Train L2 Loss :  9.429048187255859
Epoch :  51  Epoch time :  11.306165090762079  Train L2 Loss :  9.412116446685792
Epoch :  52  Epoch time :  11.367484647780657  Train L2 Loss :  9.29360644645691
Epoch :  53  Epoch time :  11.545295919291675  Train L2 Loss :  9.298574322509765
Epoch :  54  Epoch time :  11.834600535221398  Train L2 Loss :  9.186205296707154
Epoch :  55  Epoch time :  11.778600371442735  Train L2 Loss :  9.129706533050538
Epoch :  56  Epoch time :  11.81095018144697  Train L2 Loss :  9.035038164901733
Epoch :  57  Epoch time :  11.779597556218505  Train L2 Loss :  9.082403240966796
Epoch :  58  Epoch time :  11.811843211762607  Train L2 Loss :  9.056953602218629
Epoch :  59  Epoch time :  11.81750225275755  Train L2 Loss :  8.92497960510254
Epoch :  60  Epoch time :  11.82987866550684  Train L2 Loss :  8.8861073097229
Epoch :  61  Epoch time :  11.834287821315229  Train L2 Loss :  8.89188431854248
Epoch :  62  Epoch time :  11.812730710022151  Train L2 Loss :  8.828243266677857
Epoch :  63  Epoch time :  11.838871700689197  Train L2 Loss :  8.796764156723022
Epoch :  64  Epoch time :  11.82214727718383  Train L2 Loss :  8.699274273300171
Epoch :  65  Epoch time :  11.84830224327743  Train L2 Loss :  8.703366954803467
Epoch :  66  Epoch time :  11.841888977214694  Train L2 Loss :  8.690517451477051
Epoch :  67  Epoch time :  11.848212776705623  Train L2 Loss :  8.619740477752686
Epoch :  68  Epoch time :  11.843210867606103  Train L2 Loss :  8.592021311569214
Epoch :  69  Epoch time :  11.936844976618886  Train L2 Loss :  8.52747243347168
Epoch :  70  Epoch time :  11.858555806800723  Train L2 Loss :  8.454366229248047
Epoch :  71  Epoch time :  11.869947836734354  Train L2 Loss :  8.486596591949462
Epoch :  72  Epoch time :  11.86659628059715  Train L2 Loss :  8.443916814422607
Epoch :  73  Epoch time :  11.878219288773835  Train L2 Loss :  8.373183152770997
Epoch :  74  Epoch time :  11.87783420830965  Train L2 Loss :  8.318420573043824
Epoch :  75  Epoch time :  11.918422874994576  Train L2 Loss :  8.287620557022095
Epoch :  76  Epoch time :  11.887832070700824  Train L2 Loss :  8.283204148483277
Epoch :  77  Epoch time :  11.90810630004853  Train L2 Loss :  8.26363447265625
Epoch :  78  Epoch time :  11.869865930639207  Train L2 Loss :  8.213393663787842
Epoch :  79  Epoch time :  11.98107698559761  Train L2 Loss :  8.1640266872406
Epoch :  80  Epoch time :  11.932790528982878  Train L2 Loss :  8.136635753631591
Epoch :  81  Epoch time :  11.965382459573448  Train L2 Loss :  8.137733480072022
Epoch :  82  Epoch time :  11.911688731051981  Train L2 Loss :  8.007166690826416
Epoch :  83  Epoch time :  11.940822810865939  Train L2 Loss :  8.105268585395812
Epoch :  84  Epoch time :  11.898693867959082  Train L2 Loss :  8.004632091903687
Epoch :  85  Epoch time :  11.52580701932311  Train L2 Loss :  7.993497592544555
Epoch :  86  Epoch time :  11.520568054169416  Train L2 Loss :  7.9809476806640625
Epoch :  87  Epoch time :  11.507533769123256  Train L2 Loss :  7.916305100250244
Epoch :  88  Epoch time :  11.498489180579782  Train L2 Loss :  7.889841981506348
Epoch :  89  Epoch time :  11.473258690908551  Train L2 Loss :  7.831591913986206
Epoch :  90  Epoch time :  11.545057335868478  Train L2 Loss :  7.864642667388916
Epoch :  91  Epoch time :  11.502949175424874  Train L2 Loss :  7.784957322311401
Epoch :  92  Epoch time :  11.5209782673046  Train L2 Loss :  7.770067769241333
Epoch :  93  Epoch time :  11.505944225937128  Train L2 Loss :  7.696594594192505
Epoch :  94  Epoch time :  11.652739502489567  Train L2 Loss :  7.7259037912368775
Epoch :  95  Epoch time :  11.495624599047005  Train L2 Loss :  7.675167649078369
Epoch :  96  Epoch time :  11.519781776703894  Train L2 Loss :  7.596310881042481
Epoch :  97  Epoch time :  11.48014342226088  Train L2 Loss :  7.662611136245728
Epoch :  98  Epoch time :  11.528137960471213  Train L2 Loss :  7.665530307769775
Epoch :  99  Epoch time :  11.498198229819536  Train L2 Loss :  7.550465490341186
Epoch :  100  Epoch time :  11.532413725741208  Train L2 Loss :  5.444563090324402
Epoch :  101  Epoch time :  11.510503867641091  Train L2 Loss :  5.179516170692444
Epoch :  102  Epoch time :  11.545948119834065  Train L2 Loss :  5.113247691726684
Epoch :  103  Epoch time :  11.513060756959021  Train L2 Loss :  5.048715282249451
Epoch :  104  Epoch time :  11.537583869881928  Train L2 Loss :  5.05142835483551
Epoch :  105  Epoch time :  11.502230229787529  Train L2 Loss :  4.981016643905639
Epoch :  106  Epoch time :  11.554655905812979  Train L2 Loss :  4.9639103309631345
Epoch :  107  Epoch time :  11.506114819087088  Train L2 Loss :  4.96128888168335
Epoch :  108  Epoch time :  11.567688738927245  Train L2 Loss :  4.925838347244262
Epoch :  109  Epoch time :  11.569255917333066  Train L2 Loss :  4.906672003364563
Epoch :  110  Epoch time :  11.563190528191626  Train L2 Loss :  4.855019525909424
Epoch :  111  Epoch time :  11.5405020006001  Train L2 Loss :  4.8648461782455446
Epoch :  112  Epoch time :  11.571575271897018  Train L2 Loss :  4.853466705131531
Epoch :  113  Epoch time :  11.545237283222377  Train L2 Loss :  4.854916305351257
Epoch :  114  Epoch time :  11.560255531221628  Train L2 Loss :  4.867462584495544
Epoch :  115  Epoch time :  11.56804827786982  Train L2 Loss :  4.783862805175781
Epoch :  116  Epoch time :  11.603072192519903  Train L2 Loss :  4.804137034988403
Epoch :  117  Epoch time :  11.553570272400975  Train L2 Loss :  4.7974290448188786
Epoch :  118  Epoch time :  11.583781894296408  Train L2 Loss :  4.721968179893493
Epoch :  119  Epoch time :  11.625935762189329  Train L2 Loss :  4.8072727602005
Epoch :  120  Epoch time :  12.008652612566948  Train L2 Loss :  4.7550382188797
Epoch :  121  Epoch time :  12.007460100576282  Train L2 Loss :  4.715102426719666
Epoch :  122  Epoch time :  11.993125104345381  Train L2 Loss :  4.787795195770264
Epoch :  123  Epoch time :  12.047827850095928  Train L2 Loss :  4.774315287399292
Epoch :  124  Epoch time :  12.036840192042291  Train L2 Loss :  4.770913317489624
Epoch :  125  Epoch time :  12.021834791637957  Train L2 Loss :  4.6978190828323365
Epoch :  126  Epoch time :  11.99507577996701  Train L2 Loss :  4.677786673545837
Epoch :  127  Epoch time :  12.030076541006565  Train L2 Loss :  4.742187983322143
Epoch :  128  Epoch time :  12.02728932723403  Train L2 Loss :  4.718344562530517
Epoch :  129  Epoch time :  11.688259367831051  Train L2 Loss :  4.733731929397583
Epoch :  130  Epoch time :  11.572173998691142  Train L2 Loss :  4.681045671844482
Epoch :  131  Epoch time :  11.5674280365929  Train L2 Loss :  4.741272534942627
Epoch :  132  Epoch time :  11.567547858692706  Train L2 Loss :  4.7165699438095094
Epoch :  133  Epoch time :  11.66655078344047  Train L2 Loss :  4.658772830963135
Epoch :  134  Epoch time :  11.62664786633104  Train L2 Loss :  4.693418839836121
Epoch :  135  Epoch time :  11.59969209227711  Train L2 Loss :  4.660404578208923
Epoch :  136  Epoch time :  11.57890164013952  Train L2 Loss :  4.652644568061828
Epoch :  137  Epoch time :  11.627223273739219  Train L2 Loss :  4.668290757751465
Epoch :  138  Epoch time :  11.61075241304934  Train L2 Loss :  4.693987900733948
Epoch :  139  Epoch time :  11.609893827699125  Train L2 Loss :  4.635144901275635
Epoch :  140  Epoch time :  11.603488485328853  Train L2 Loss :  4.630658778381347
Epoch :  141  Epoch time :  11.627674305811524  Train L2 Loss :  4.6283276391029355
Epoch :  142  Epoch time :  11.593779662624002  Train L2 Loss :  4.665424626541138
Epoch :  143  Epoch time :  11.639671155251563  Train L2 Loss :  4.597543986320495
Epoch :  144  Epoch time :  11.615603151731193  Train L2 Loss :  4.602640585803986
Epoch :  145  Epoch time :  11.66592675819993  Train L2 Loss :  4.604689134979248
Epoch :  146  Epoch time :  11.929052161052823  Train L2 Loss :  4.621702336406708
Epoch :  147  Epoch time :  12.347406269051135  Train L2 Loss :  4.595759700202942
Epoch :  148  Epoch time :  11.87804667185992  Train L2 Loss :  4.542270901298523
Epoch :  149  Epoch time :  11.787217620760202  Train L2 Loss :  4.591187098026276
Epoch :  150  Epoch time :  11.87000334635377  Train L2 Loss :  4.570106054782867
Epoch :  151  Epoch time :  11.781618317589164  Train L2 Loss :  4.58298224067688
Epoch :  152  Epoch time :  11.866348596289754  Train L2 Loss :  4.565833585453033
Epoch :  153  Epoch time :  11.820897891186178  Train L2 Loss :  4.582256502151489
Epoch :  154  Epoch time :  11.808090377599001  Train L2 Loss :  4.561633766460418
Epoch :  155  Epoch time :  11.816617915406823  Train L2 Loss :  4.6114339553833
Epoch :  156  Epoch time :  11.803632134571671  Train L2 Loss :  4.560239360618591
Epoch :  157  Epoch time :  11.82208785507828  Train L2 Loss :  4.559260259151459
Epoch :  158  Epoch time :  11.833638965152204  Train L2 Loss :  4.544320226669312
Epoch :  159  Epoch time :  11.821778771467507  Train L2 Loss :  4.53003509273529
Epoch :  160  Epoch time :  11.82903081458062  Train L2 Loss :  4.560220180225373
Epoch :  161  Epoch time :  11.793383902870119  Train L2 Loss :  4.541554461288452
Epoch :  162  Epoch time :  11.850040168501437  Train L2 Loss :  4.5489051830291745
Epoch :  163  Epoch time :  11.814424702897668  Train L2 Loss :  4.550226538658142
Epoch :  164  Epoch time :  11.828360255807638  Train L2 Loss :  4.512412318992615
Epoch :  165  Epoch time :  11.828636261634529  Train L2 Loss :  4.527222631835937
Epoch :  166  Epoch time :  11.846539126709104  Train L2 Loss :  4.4997455682754515
Epoch :  167  Epoch time :  11.8589458912611  Train L2 Loss :  4.507036166000367
Epoch :  168  Epoch time :  11.811576121486723  Train L2 Loss :  4.504087291526794
Epoch :  169  Epoch time :  11.87840521428734  Train L2 Loss :  4.443298205566406
Epoch :  170  Epoch time :  11.857953579165041  Train L2 Loss :  4.4386650054931645
Epoch :  171  Epoch time :  11.845309720374644  Train L2 Loss :  4.460364276123047
Epoch :  172  Epoch time :  11.847345422953367  Train L2 Loss :  4.455866920280457
Epoch :  173  Epoch time :  11.81112872902304  Train L2 Loss :  4.462092093658447
Epoch :  174  Epoch time :  11.841335545293987  Train L2 Loss :  4.4941599725723265
Epoch :  175  Epoch time :  11.873960881493986  Train L2 Loss :  4.439130281257629
Epoch :  176  Epoch time :  11.807559485547245  Train L2 Loss :  4.504541646385193
Epoch :  177  Epoch time :  11.867663590237498  Train L2 Loss :  4.504797794723511
Epoch :  178  Epoch time :  11.802091591060162  Train L2 Loss :  4.452311497497559
Epoch :  179  Epoch time :  11.857747144065797  Train L2 Loss :  4.438364314842224
Epoch :  180  Epoch time :  11.784836390055716  Train L2 Loss :  4.454667703819275
Epoch :  181  Epoch time :  11.857151562348008  Train L2 Loss :  4.486073653125763
Epoch :  182  Epoch time :  11.830686506815255  Train L2 Loss :  4.4809179754257205
Epoch :  183  Epoch time :  11.836563071236014  Train L2 Loss :  4.42988014755249
Epoch :  184  Epoch time :  11.813142073340714  Train L2 Loss :  4.5041540216445926
Epoch :  185  Epoch time :  11.839291342534125  Train L2 Loss :  4.440584833335876
Epoch :  186  Epoch time :  11.811791444197297  Train L2 Loss :  4.423302139663696
Epoch :  187  Epoch time :  11.88040996901691  Train L2 Loss :  4.464099562072754
Epoch :  188  Epoch time :  11.790535787120461  Train L2 Loss :  4.400045092010498
Epoch :  189  Epoch time :  11.880974833853543  Train L2 Loss :  4.435579790782929
Epoch :  190  Epoch time :  11.786976836621761  Train L2 Loss :  4.365514709663391
Epoch :  191  Epoch time :  11.850995369255543  Train L2 Loss :  4.419909858894348
Epoch :  192  Epoch time :  11.8587209219113  Train L2 Loss :  4.38777147102356
Epoch :  193  Epoch time :  11.857935411855578  Train L2 Loss :  4.364514871311187
Epoch :  194  Epoch time :  11.793996876105666  Train L2 Loss :  4.394525106048584
Epoch :  195  Epoch time :  11.85743709653616  Train L2 Loss :  4.382103338813781
Epoch :  196  Epoch time :  11.792992549948394  Train L2 Loss :  4.406084748840332
Epoch :  197  Epoch time :  11.935228058137  Train L2 Loss :  4.383038032913208
Epoch :  198  Epoch time :  11.809259354136884  Train L2 Loss :  4.400881894302368
Epoch :  199  Epoch time :  11.87583333812654  Train L2 Loss :  4.396574956607819
Total time is : 2318.563021815382 Total epoch is  200
