Input dim :  201  output dim :  1
Start training 
183553
Epoch :  0  Epoch time :  10.919638215564191  Train L2 Loss :  60.42613716583252
Epoch :  1  Epoch time :  10.627595455385745  Train L2 Loss :  27.26496218109131
Epoch :  2  Epoch time :  10.676696484908462  Train L2 Loss :  23.036311305236815
Epoch :  3  Epoch time :  10.67885975074023  Train L2 Loss :  20.82756690673828
Epoch :  4  Epoch time :  10.738802395761013  Train L2 Loss :  19.28106808166504
Epoch :  5  Epoch time :  10.722836253233254  Train L2 Loss :  18.32904528503418
Epoch :  6  Epoch time :  10.736077586188912  Train L2 Loss :  17.42084853591919
Epoch :  7  Epoch time :  10.820504965260625  Train L2 Loss :  16.634401875305176
Epoch :  8  Epoch time :  10.851985885761678  Train L2 Loss :  16.156843952941895
Epoch :  9  Epoch time :  11.027927931398153  Train L2 Loss :  15.533089813995362
Epoch :  10  Epoch time :  10.95160087943077  Train L2 Loss :  15.129452993011475
Epoch :  11  Epoch time :  11.048720737919211  Train L2 Loss :  14.805485176849364
Epoch :  12  Epoch time :  11.056639032438397  Train L2 Loss :  14.253884447479248
Epoch :  13  Epoch time :  11.128149379044771  Train L2 Loss :  14.01968364944458
Epoch :  14  Epoch time :  11.123802980408072  Train L2 Loss :  13.72528302078247
Epoch :  15  Epoch time :  11.197517612017691  Train L2 Loss :  13.501989642333985
Epoch :  16  Epoch time :  11.194438041187823  Train L2 Loss :  13.131710383605958
Epoch :  17  Epoch time :  11.263689027167857  Train L2 Loss :  12.969490309143067
Epoch :  18  Epoch time :  11.192295227199793  Train L2 Loss :  12.767797520446777
Epoch :  19  Epoch time :  11.275901425629854  Train L2 Loss :  12.480205621337891
Epoch :  20  Epoch time :  11.240716732107103  Train L2 Loss :  12.41241259803772
Epoch :  21  Epoch time :  11.345916452817619  Train L2 Loss :  12.1462199508667
Epoch :  22  Epoch time :  11.260377721861005  Train L2 Loss :  12.056136766433715
Epoch :  23  Epoch time :  11.389348739758134  Train L2 Loss :  11.803953183746337
Epoch :  24  Epoch time :  11.303733798675239  Train L2 Loss :  11.624494370269776
Epoch :  25  Epoch time :  11.374745050445199  Train L2 Loss :  11.440229540634155
Epoch :  26  Epoch time :  11.33726149238646  Train L2 Loss :  11.313105030822754
Epoch :  27  Epoch time :  11.384726763702929  Train L2 Loss :  11.182746006011962
Epoch :  28  Epoch time :  11.333804908208549  Train L2 Loss :  11.18074178390503
Epoch :  29  Epoch time :  11.426520814187825  Train L2 Loss :  10.953900540542602
Epoch :  30  Epoch time :  11.401998061686754  Train L2 Loss :  10.83815022468567
Epoch :  31  Epoch time :  11.431689627468586  Train L2 Loss :  10.687378697586059
Epoch :  32  Epoch time :  11.404440679587424  Train L2 Loss :  10.556797839736939
Epoch :  33  Epoch time :  11.419222974218428  Train L2 Loss :  10.438041482162475
Epoch :  34  Epoch time :  11.437421222217381  Train L2 Loss :  10.440299863052369
Epoch :  35  Epoch time :  11.460426677949727  Train L2 Loss :  10.241781369018554
Epoch :  36  Epoch time :  11.440821937285364  Train L2 Loss :  10.222143783187866
Epoch :  37  Epoch time :  11.442673863843083  Train L2 Loss :  10.052729176330567
Epoch :  38  Epoch time :  11.47598800715059  Train L2 Loss :  10.087806970214844
Epoch :  39  Epoch time :  11.479587471112609  Train L2 Loss :  9.931093997955323
Epoch :  40  Epoch time :  11.493294334039092  Train L2 Loss :  9.853489569473266
Epoch :  41  Epoch time :  11.449755457229912  Train L2 Loss :  9.796908529281616
Epoch :  42  Epoch time :  11.501548426225781  Train L2 Loss :  9.686485628509521
Epoch :  43  Epoch time :  11.481486772187054  Train L2 Loss :  9.589493185043334
Epoch :  44  Epoch time :  11.511013119481504  Train L2 Loss :  9.57797029876709
Epoch :  45  Epoch time :  11.46639540605247  Train L2 Loss :  9.451617843627929
Epoch :  46  Epoch time :  11.543856165371835  Train L2 Loss :  9.420877345657349
Epoch :  47  Epoch time :  11.583124279975891  Train L2 Loss :  9.34860799484253
Epoch :  48  Epoch time :  11.584554999135435  Train L2 Loss :  9.25771484298706
Epoch :  49  Epoch time :  11.885922280140221  Train L2 Loss :  9.209859284591674
Epoch :  50  Epoch time :  12.000903987325728  Train L2 Loss :  9.201654674148559
Epoch :  51  Epoch time :  11.934505105018616  Train L2 Loss :  9.120899854660035
Epoch :  52  Epoch time :  12.014511032961309  Train L2 Loss :  9.061674649429321
Epoch :  53  Epoch time :  11.951885713264346  Train L2 Loss :  9.039555299758911
Epoch :  54  Epoch time :  12.02393929567188  Train L2 Loss :  8.891248627090453
Epoch :  55  Epoch time :  11.976888076402247  Train L2 Loss :  8.883346821975708
Epoch :  56  Epoch time :  12.034288513474166  Train L2 Loss :  8.84949137878418
Epoch :  57  Epoch time :  12.014062051661313  Train L2 Loss :  8.799556382751465
Epoch :  58  Epoch time :  12.027902622707188  Train L2 Loss :  8.711668730163574
Epoch :  59  Epoch time :  12.095868884585798  Train L2 Loss :  8.65370290031433
Epoch :  60  Epoch time :  11.984370772726834  Train L2 Loss :  8.634421197128296
Epoch :  61  Epoch time :  12.00535717792809  Train L2 Loss :  8.576996938705445
Epoch :  62  Epoch time :  11.970936058089137  Train L2 Loss :  8.515630261993408
Epoch :  63  Epoch time :  12.043457163497806  Train L2 Loss :  8.585829722595214
Epoch :  64  Epoch time :  11.960454813204706  Train L2 Loss :  8.42224770011902
Epoch :  65  Epoch time :  12.033048988319933  Train L2 Loss :  8.449686822509765
Epoch :  66  Epoch time :  11.965035998262465  Train L2 Loss :  8.315008884048462
Epoch :  67  Epoch time :  12.067691419273615  Train L2 Loss :  8.358099997901917
Epoch :  68  Epoch time :  11.581955929286778  Train L2 Loss :  8.2692460647583
Epoch :  69  Epoch time :  11.598252898082137  Train L2 Loss :  8.245309923553467
Epoch :  70  Epoch time :  11.543114858679473  Train L2 Loss :  8.252592301559448
Epoch :  71  Epoch time :  11.61237034201622  Train L2 Loss :  8.108908615112306
Epoch :  72  Epoch time :  11.55217011179775  Train L2 Loss :  8.181089849853516
Epoch :  73  Epoch time :  11.62391628883779  Train L2 Loss :  8.129554523849487
Epoch :  74  Epoch time :  11.552826710045338  Train L2 Loss :  8.070829111099243
Epoch :  75  Epoch time :  11.609963902272284  Train L2 Loss :  8.059681584548951
Epoch :  76  Epoch time :  11.574082549661398  Train L2 Loss :  8.003694454574585
Epoch :  77  Epoch time :  11.604862928390503  Train L2 Loss :  7.948767977523803
Epoch :  78  Epoch time :  11.59998398181051  Train L2 Loss :  7.958529278182984
Epoch :  79  Epoch time :  11.628360146656632  Train L2 Loss :  7.961359373474121
Epoch :  80  Epoch time :  11.575855887494981  Train L2 Loss :  7.883074700927734
Epoch :  81  Epoch time :  11.788351496681571  Train L2 Loss :  7.858107425689697
Epoch :  82  Epoch time :  11.587144509889185  Train L2 Loss :  7.803496817779541
Epoch :  83  Epoch time :  11.647713966667652  Train L2 Loss :  7.837840869903564
Epoch :  84  Epoch time :  11.5879662996158  Train L2 Loss :  7.719739402008057
Epoch :  85  Epoch time :  11.683573830872774  Train L2 Loss :  7.705455134963989
Epoch :  86  Epoch time :  11.642047882080078  Train L2 Loss :  7.73584313697815
Epoch :  87  Epoch time :  11.66955060325563  Train L2 Loss :  7.661003005218506
Epoch :  88  Epoch time :  11.633751100860536  Train L2 Loss :  7.641689089202881
Epoch :  89  Epoch time :  11.738076910376549  Train L2 Loss :  7.587277774238586
Epoch :  90  Epoch time :  11.64983237348497  Train L2 Loss :  7.602206465148925
Epoch :  91  Epoch time :  11.701705314218998  Train L2 Loss :  7.594912644577026
Epoch :  92  Epoch time :  11.63408518768847  Train L2 Loss :  7.503844658088684
Epoch :  93  Epoch time :  11.65984582901001  Train L2 Loss :  7.4917691173553465
Epoch :  94  Epoch time :  11.66377617418766  Train L2 Loss :  7.385844115829467
Epoch :  95  Epoch time :  11.673940695822239  Train L2 Loss :  7.503823474502563
Epoch :  96  Epoch time :  11.684055083431304  Train L2 Loss :  7.4048448118209835
Epoch :  97  Epoch time :  11.661470489576459  Train L2 Loss :  7.397643635940552
Epoch :  98  Epoch time :  11.673997905105352  Train L2 Loss :  7.3753885066986085
Epoch :  99  Epoch time :  11.707047901116312  Train L2 Loss :  7.3793513877868655
Epoch :  100  Epoch time :  11.684924038127065  Train L2 Loss :  5.270384558486938
Epoch :  101  Epoch time :  11.704135780222714  Train L2 Loss :  4.96385555343628
Epoch :  102  Epoch time :  11.672535412944853  Train L2 Loss :  4.943075910186767
Epoch :  103  Epoch time :  11.69300870783627  Train L2 Loss :  4.840114964771271
Epoch :  104  Epoch time :  11.7747547570616  Train L2 Loss :  4.751854204177857
Epoch :  105  Epoch time :  11.709556453861296  Train L2 Loss :  4.748778259086609
Epoch :  106  Epoch time :  11.739487435668707  Train L2 Loss :  4.731368943023682
Epoch :  107  Epoch time :  11.741562452167273  Train L2 Loss :  4.686813004493714
Epoch :  108  Epoch time :  11.78697866294533  Train L2 Loss :  4.678767117118835
Epoch :  109  Epoch time :  11.862401194870472  Train L2 Loss :  4.63655908946991
Epoch :  110  Epoch time :  11.800487156957388  Train L2 Loss :  4.659812122249603
Epoch :  111  Epoch time :  11.796201281249523  Train L2 Loss :  4.681388115978241
Epoch :  112  Epoch time :  11.841877290047705  Train L2 Loss :  4.631539521217346
Epoch :  113  Epoch time :  11.807749633677304  Train L2 Loss :  4.627830219078064
Epoch :  114  Epoch time :  11.779281274415553  Train L2 Loss :  4.596253867721558
Epoch :  115  Epoch time :  11.927973002195358  Train L2 Loss :  4.657809043121338
Epoch :  116  Epoch time :  11.867841050028801  Train L2 Loss :  4.594043451881409
Epoch :  117  Epoch time :  11.856886950321496  Train L2 Loss :  4.57795219078064
Epoch :  118  Epoch time :  11.809567915275693  Train L2 Loss :  4.562389510726929
Epoch :  119  Epoch time :  11.840737991034985  Train L2 Loss :  4.586229545021057
Epoch :  120  Epoch time :  11.801293408498168  Train L2 Loss :  4.555876392745971
Epoch :  121  Epoch time :  11.905666778795421  Train L2 Loss :  4.597153111457825
Epoch :  122  Epoch time :  11.777629114687443  Train L2 Loss :  4.506797002792358
Epoch :  123  Epoch time :  11.853356417268515  Train L2 Loss :  4.576791524505615
Epoch :  124  Epoch time :  11.829271829687059  Train L2 Loss :  4.560123139953613
Epoch :  125  Epoch time :  11.903653473593295  Train L2 Loss :  4.493957770061493
Epoch :  126  Epoch time :  11.832036904990673  Train L2 Loss :  4.529898648738861
Epoch :  127  Epoch time :  11.890557239763439  Train L2 Loss :  4.527073155021667
Epoch :  128  Epoch time :  11.969721740111709  Train L2 Loss :  4.503244015693665
Epoch :  129  Epoch time :  12.022635073401034  Train L2 Loss :  4.509251259040832
Epoch :  130  Epoch time :  11.982015107758343  Train L2 Loss :  4.435903287220001
Epoch :  131  Epoch time :  12.009627770632505  Train L2 Loss :  4.511472139739991
Epoch :  132  Epoch time :  12.029056902043521  Train L2 Loss :  4.466330633354187
Epoch :  133  Epoch time :  11.993520547635853  Train L2 Loss :  4.474624676227569
Epoch :  134  Epoch time :  11.936702220700681  Train L2 Loss :  4.465823209571838
Epoch :  135  Epoch time :  11.98355146870017  Train L2 Loss :  4.46610001001358
Epoch :  136  Epoch time :  11.998894201591611  Train L2 Loss :  4.503224021816254
Epoch :  137  Epoch time :  12.00402249302715  Train L2 Loss :  4.443498878669739
Epoch :  138  Epoch time :  11.968574618920684  Train L2 Loss :  4.412592346096039
Epoch :  139  Epoch time :  12.005691247060895  Train L2 Loss :  4.474754053783417
Epoch :  140  Epoch time :  12.004548940807581  Train L2 Loss :  4.410796439647674
Epoch :  141  Epoch time :  12.051398347131908  Train L2 Loss :  4.470008666706085
Epoch :  142  Epoch time :  11.983697429299355  Train L2 Loss :  4.416209020137787
Epoch :  143  Epoch time :  12.030592773109674  Train L2 Loss :  4.430488399124146
Epoch :  144  Epoch time :  11.993833899497986  Train L2 Loss :  4.4532316213607785
Epoch :  145  Epoch time :  12.046037871390581  Train L2 Loss :  4.354684329891205
Epoch :  146  Epoch time :  12.05256234202534  Train L2 Loss :  4.428990179729461
Epoch :  147  Epoch time :  12.019104276783764  Train L2 Loss :  4.4321471197128295
Epoch :  148  Epoch time :  12.06263538543135  Train L2 Loss :  4.407925821876526
Epoch :  149  Epoch time :  12.09072395041585  Train L2 Loss :  4.435129808330536
Epoch :  150  Epoch time :  12.07676238194108  Train L2 Loss :  4.367052870464325
Epoch :  151  Epoch time :  12.019794527441263  Train L2 Loss :  4.376063075447083
Epoch :  152  Epoch time :  12.160917602479458  Train L2 Loss :  4.388139458370209
Epoch :  153  Epoch time :  12.011696441099048  Train L2 Loss :  4.407042971611023
Epoch :  154  Epoch time :  12.094944652169943  Train L2 Loss :  4.385333140945434
Epoch :  155  Epoch time :  12.066333695314825  Train L2 Loss :  4.359752789306641
Epoch :  156  Epoch time :  12.14669984113425  Train L2 Loss :  4.337258032894135
Epoch :  157  Epoch time :  12.15213311649859  Train L2 Loss :  4.343853466701508
Epoch :  158  Epoch time :  12.098189472220838  Train L2 Loss :  4.319021000385284
Epoch :  159  Epoch time :  12.091244857758284  Train L2 Loss :  4.350083573532104
Epoch :  160  Epoch time :  12.134205694310367  Train L2 Loss :  4.322904095363617
Epoch :  161  Epoch time :  12.075677916407585  Train L2 Loss :  4.350668821430206
Epoch :  162  Epoch time :  12.134698528796434  Train L2 Loss :  4.316162577342987
Epoch :  163  Epoch time :  12.07321148738265  Train L2 Loss :  4.312478121376038
Epoch :  164  Epoch time :  12.560174180194736  Train L2 Loss :  4.35520992898941
Epoch :  165  Epoch time :  12.749920701608062  Train L2 Loss :  4.276462828922272
Epoch :  166  Epoch time :  12.384083745069802  Train L2 Loss :  4.344884860610962
Epoch :  167  Epoch time :  12.357557606883347  Train L2 Loss :  4.314555178070068
Epoch :  168  Epoch time :  12.343265009112656  Train L2 Loss :  4.347155274200439
Epoch :  169  Epoch time :  12.349855453707278  Train L2 Loss :  4.314368173027039
Epoch :  170  Epoch time :  12.329918451607227  Train L2 Loss :  4.284168044376373
Epoch :  171  Epoch time :  12.349923969246447  Train L2 Loss :  4.288938662528992
Epoch :  172  Epoch time :  12.3384370803833  Train L2 Loss :  4.307634443187713
Epoch :  173  Epoch time :  12.297639921307564  Train L2 Loss :  4.3455665974617
Epoch :  174  Epoch time :  12.346683187410235  Train L2 Loss :  4.2424021272659305
Epoch :  175  Epoch time :  12.340345184318721  Train L2 Loss :  4.270880659198761
Epoch :  176  Epoch time :  12.305321307852864  Train L2 Loss :  4.270757134723663
Epoch :  177  Epoch time :  12.383816681802273  Train L2 Loss :  4.260548319149017
Epoch :  178  Epoch time :  12.321111862547696  Train L2 Loss :  4.193230842876434
Epoch :  179  Epoch time :  12.394172032363713  Train L2 Loss :  4.3038962490081785
Epoch :  180  Epoch time :  12.319991149008274  Train L2 Loss :  4.2504488431930545
Epoch :  181  Epoch time :  12.37179162260145  Train L2 Loss :  4.246862839603424
Epoch :  182  Epoch time :  12.3154182350263  Train L2 Loss :  4.208399387264252
Epoch :  183  Epoch time :  12.42579483333975  Train L2 Loss :  4.236391960716247
Epoch :  184  Epoch time :  12.334162417799234  Train L2 Loss :  4.185733545780182
Epoch :  185  Epoch time :  12.38105801306665  Train L2 Loss :  4.258242866516113
Epoch :  186  Epoch time :  12.341456136666238  Train L2 Loss :  4.228549766921997
Epoch :  187  Epoch time :  12.364221775904298  Train L2 Loss :  4.216043157577515
Epoch :  188  Epoch time :  12.431407724507153  Train L2 Loss :  4.213011703681945
Epoch :  189  Epoch time :  12.350182726047933  Train L2 Loss :  4.215730926132202
Epoch :  190  Epoch time :  12.366361581720412  Train L2 Loss :  4.227474486351013
Epoch :  191  Epoch time :  12.35337315686047  Train L2 Loss :  4.2273175378799435
Epoch :  192  Epoch time :  12.392300803214312  Train L2 Loss :  4.193969556713104
Epoch :  193  Epoch time :  12.380158247426152  Train L2 Loss :  4.1527251501083375
Epoch :  194  Epoch time :  12.369721907190979  Train L2 Loss :  4.192601762485504
Epoch :  195  Epoch time :  12.362175868824124  Train L2 Loss :  4.212353970241547
Epoch :  196  Epoch time :  12.353939453139901  Train L2 Loss :  4.190675534057617
Epoch :  197  Epoch time :  12.41310649458319  Train L2 Loss :  4.160145571041107
Epoch :  198  Epoch time :  12.348515887744725  Train L2 Loss :  4.231314366817474
Epoch :  199  Epoch time :  12.399563040584326  Train L2 Loss :  4.239094576072693
Total time is : 2360.598898286 Total epoch is  200
