Input dim :  201  output dim :  1
Start training 
3793
Epoch :  0  Epoch time :  1.5180906150490046  Train L2 Loss :  198.92627830810548
Epoch :  1  Epoch time :  1.2909134374931455  Train L2 Loss :  157.8024328125
Epoch :  2  Epoch time :  1.3239927859976888  Train L2 Loss :  89.50270591430665
Epoch :  3  Epoch time :  1.3139361124485731  Train L2 Loss :  70.31253309936524
Epoch :  4  Epoch time :  1.3221360389143229  Train L2 Loss :  61.23898790893555
Epoch :  5  Epoch time :  1.317516328766942  Train L2 Loss :  55.04744770507813
Epoch :  6  Epoch time :  1.313681080006063  Train L2 Loss :  50.28704550170898
Epoch :  7  Epoch time :  1.310174078680575  Train L2 Loss :  46.53054634246826
Epoch :  8  Epoch time :  1.3496195916086435  Train L2 Loss :  43.68542017364502
Epoch :  9  Epoch time :  1.312462062574923  Train L2 Loss :  41.36589280090332
Epoch :  10  Epoch time :  1.3195550572127104  Train L2 Loss :  39.7990569519043
Epoch :  11  Epoch time :  1.3177401889115572  Train L2 Loss :  38.43156452636719
Epoch :  12  Epoch time :  1.3186796782538295  Train L2 Loss :  36.81651839294434
Epoch :  13  Epoch time :  1.3030936811119318  Train L2 Loss :  35.9975998046875
Epoch :  14  Epoch time :  1.360995078459382  Train L2 Loss :  34.58394753875732
Epoch :  15  Epoch time :  1.3314930200576782  Train L2 Loss :  33.734607400512694
Epoch :  16  Epoch time :  1.3375951535999775  Train L2 Loss :  32.91131667480469
Epoch :  17  Epoch time :  1.325801720842719  Train L2 Loss :  32.30728895263672
Epoch :  18  Epoch time :  1.332872430793941  Train L2 Loss :  31.181376617431642
Epoch :  19  Epoch time :  1.3211069153621793  Train L2 Loss :  30.815799636840822
Epoch :  20  Epoch time :  1.3489478919655085  Train L2 Loss :  30.41285818786621
Epoch :  21  Epoch time :  1.32453472353518  Train L2 Loss :  29.913791784667968
Epoch :  22  Epoch time :  1.3277853773906827  Train L2 Loss :  29.729705528259277
Epoch :  23  Epoch time :  1.3340734168887138  Train L2 Loss :  28.607549186706542
Epoch :  24  Epoch time :  1.3307087328284979  Train L2 Loss :  28.630113577270507
Epoch :  25  Epoch time :  1.314876007847488  Train L2 Loss :  28.135589172363282
Epoch :  26  Epoch time :  1.3310192991048098  Train L2 Loss :  27.799051431274414
Epoch :  27  Epoch time :  1.3392244670540094  Train L2 Loss :  27.34323276977539
Epoch :  28  Epoch time :  1.3328957902267575  Train L2 Loss :  26.9480027053833
Epoch :  29  Epoch time :  1.3426754595711827  Train L2 Loss :  26.835217231750487
Epoch :  30  Epoch time :  1.3367200586944818  Train L2 Loss :  26.27312417602539
Epoch :  31  Epoch time :  1.361656784079969  Train L2 Loss :  26.148331930541993
Epoch :  32  Epoch time :  1.3656902080401778  Train L2 Loss :  25.836490774536134
Epoch :  33  Epoch time :  1.3378940597176552  Train L2 Loss :  25.36508094024658
Epoch :  34  Epoch time :  1.3411094872280955  Train L2 Loss :  25.393558617401123
Epoch :  35  Epoch time :  1.3334243390709162  Train L2 Loss :  25.189578964233398
Epoch :  36  Epoch time :  1.338766454719007  Train L2 Loss :  24.96183837890625
Epoch :  37  Epoch time :  1.314402955584228  Train L2 Loss :  24.93773222808838
Epoch :  38  Epoch time :  1.3366182828322053  Train L2 Loss :  24.62675995864868
Epoch :  39  Epoch time :  1.3410116974264383  Train L2 Loss :  24.229102584838866
Epoch :  40  Epoch time :  1.3396151009947062  Train L2 Loss :  24.08630769958496
Epoch :  41  Epoch time :  1.3362187165766954  Train L2 Loss :  23.914941412353517
Epoch :  42  Epoch time :  1.344495153054595  Train L2 Loss :  23.565640029907225
Epoch :  43  Epoch time :  1.3410685444250703  Train L2 Loss :  23.712433024597168
Epoch :  44  Epoch time :  1.3647082801908255  Train L2 Loss :  23.584774629974365
Epoch :  45  Epoch time :  1.3431156072765589  Train L2 Loss :  23.31342771835327
Epoch :  46  Epoch time :  1.3446411844342947  Train L2 Loss :  23.043985238647462
Epoch :  47  Epoch time :  1.3456992842257023  Train L2 Loss :  23.17382861251831
Epoch :  48  Epoch time :  1.357034420594573  Train L2 Loss :  22.595608404541014
Epoch :  49  Epoch time :  1.3506231838837266  Train L2 Loss :  23.073870693969727
Epoch :  50  Epoch time :  1.3493202673271298  Train L2 Loss :  22.641631047058105
Epoch :  51  Epoch time :  1.3479021154344082  Train L2 Loss :  22.451189990234376
Epoch :  52  Epoch time :  1.3474906692281365  Train L2 Loss :  22.35368987197876
Epoch :  53  Epoch time :  1.3593237902969122  Train L2 Loss :  22.05827722167969
Epoch :  54  Epoch time :  1.3510849848389626  Train L2 Loss :  22.144160842132568
Epoch :  55  Epoch time :  1.3744300296530128  Train L2 Loss :  21.893522198486327
Epoch :  56  Epoch time :  1.3741120118647814  Train L2 Loss :  22.037966595458986
Epoch :  57  Epoch time :  1.344447904266417  Train L2 Loss :  21.739799586486818
Epoch :  58  Epoch time :  1.3503823606297374  Train L2 Loss :  21.79008486328125
Epoch :  59  Epoch time :  1.3453974090516567  Train L2 Loss :  21.728238346099854
Epoch :  60  Epoch time :  1.35531238745898  Train L2 Loss :  21.51428793716431
Epoch :  61  Epoch time :  1.3393228016793728  Train L2 Loss :  21.626286064147948
Epoch :  62  Epoch time :  1.3505306327715516  Train L2 Loss :  21.194210095214842
Epoch :  63  Epoch time :  1.3596643041819334  Train L2 Loss :  21.175240190124512
Epoch :  64  Epoch time :  1.3548768907785416  Train L2 Loss :  20.924617460632323
Epoch :  65  Epoch time :  1.3521753204986453  Train L2 Loss :  21.265076934814452
Epoch :  66  Epoch time :  1.3820393905043602  Train L2 Loss :  21.095847961425783
Epoch :  67  Epoch time :  1.3607765510678291  Train L2 Loss :  20.87511955909729
Epoch :  68  Epoch time :  1.3845157334581017  Train L2 Loss :  20.795935817718505
Epoch :  69  Epoch time :  1.3564674509689212  Train L2 Loss :  20.655935816955566
Epoch :  70  Epoch time :  1.366002406924963  Train L2 Loss :  20.850599493408204
Epoch :  71  Epoch time :  1.3644534405320883  Train L2 Loss :  20.322099807739257
Epoch :  72  Epoch time :  1.368230264633894  Train L2 Loss :  20.598978435516358
Epoch :  73  Epoch time :  1.3363565662875772  Train L2 Loss :  20.76842475090027
Epoch :  74  Epoch time :  1.371716532856226  Train L2 Loss :  20.287696311950683
Epoch :  75  Epoch time :  1.3703335523605347  Train L2 Loss :  20.231166052246095
Epoch :  76  Epoch time :  1.3660637913271785  Train L2 Loss :  20.660093995666504
Epoch :  77  Epoch time :  1.3657624516636133  Train L2 Loss :  20.415709400939942
Epoch :  78  Epoch time :  1.3683428559452295  Train L2 Loss :  20.25608978881836
Epoch :  79  Epoch time :  1.3844297174364328  Train L2 Loss :  20.087885964584352
Epoch :  80  Epoch time :  1.3897910406813025  Train L2 Loss :  20.067662171936036
Epoch :  81  Epoch time :  1.3651293655857444  Train L2 Loss :  19.870893823242188
Epoch :  82  Epoch time :  1.3610276635736227  Train L2 Loss :  19.983849977111817
Epoch :  83  Epoch time :  1.3911824021488428  Train L2 Loss :  19.778519360351563
Epoch :  84  Epoch time :  1.3634062316268682  Train L2 Loss :  19.648713537597658
Epoch :  85  Epoch time :  1.343310158699751  Train L2 Loss :  19.68409552078247
Epoch :  86  Epoch time :  1.3623562278226018  Train L2 Loss :  19.654759056091308
Epoch :  87  Epoch time :  1.362393045797944  Train L2 Loss :  19.451412105178832
Epoch :  88  Epoch time :  1.3665814120322466  Train L2 Loss :  19.465095167541502
Epoch :  89  Epoch time :  1.3647333914414048  Train L2 Loss :  19.585530564880372
Epoch :  90  Epoch time :  1.3737554559484124  Train L2 Loss :  19.63776036643982
Epoch :  91  Epoch time :  1.3626721892505884  Train L2 Loss :  19.093602056884766
Epoch :  92  Epoch time :  1.3877085279673338  Train L2 Loss :  19.150167346191406
Epoch :  93  Epoch time :  1.3678967403247952  Train L2 Loss :  19.470777654266357
Epoch :  94  Epoch time :  1.3835628582164645  Train L2 Loss :  19.245169608974457
Epoch :  95  Epoch time :  1.3708515539765358  Train L2 Loss :  19.32123310699463
Epoch :  96  Epoch time :  1.3704367065802217  Train L2 Loss :  19.23960976104736
Epoch :  97  Epoch time :  1.3517819829285145  Train L2 Loss :  18.940212624168396
Epoch :  98  Epoch time :  1.370083436369896  Train L2 Loss :  18.98287933578491
Epoch :  99  Epoch time :  1.3717752620577812  Train L2 Loss :  18.85461606903076
Epoch :  100  Epoch time :  1.3990223472937942  Train L2 Loss :  16.115255717468262
Epoch :  101  Epoch time :  1.3700197162106633  Train L2 Loss :  15.40392052078247
Epoch :  102  Epoch time :  1.3895574240013957  Train L2 Loss :  15.275674153137206
Epoch :  103  Epoch time :  1.36997614428401  Train L2 Loss :  15.129623678588867
Epoch :  104  Epoch time :  1.3975086892023683  Train L2 Loss :  15.28345997314453
Epoch :  105  Epoch time :  1.377447915263474  Train L2 Loss :  15.275730903625488
Epoch :  106  Epoch time :  1.3765967832878232  Train L2 Loss :  15.179872723388671
Epoch :  107  Epoch time :  1.3743499564006925  Train L2 Loss :  15.209735196685791
Epoch :  108  Epoch time :  1.3788101943209767  Train L2 Loss :  15.231431219482422
Epoch :  109  Epoch time :  1.3538808152079582  Train L2 Loss :  15.326668643188476
Epoch :  110  Epoch time :  1.377176534384489  Train L2 Loss :  15.255915521240235
Epoch :  111  Epoch time :  1.3771502329036593  Train L2 Loss :  15.176889053726196
Epoch :  112  Epoch time :  1.3835497433319688  Train L2 Loss :  15.048984215164184
Epoch :  113  Epoch time :  1.380151616409421  Train L2 Loss :  15.148434716796874
Epoch :  114  Epoch time :  1.3803963111713529  Train L2 Loss :  15.145014138793945
Epoch :  115  Epoch time :  1.3825946860015392  Train L2 Loss :  14.950863582611085
Epoch :  116  Epoch time :  1.413539182394743  Train L2 Loss :  15.229742300415039
Epoch :  117  Epoch time :  1.4124025823548436  Train L2 Loss :  15.128417182159424
Epoch :  118  Epoch time :  1.383539249189198  Train L2 Loss :  15.040888246059417
Epoch :  119  Epoch time :  1.3900314942002296  Train L2 Loss :  15.110963145446778
Epoch :  120  Epoch time :  1.3895852686837316  Train L2 Loss :  15.065118171691894
Epoch :  121  Epoch time :  1.3623292008414865  Train L2 Loss :  14.951179986572265
Epoch :  122  Epoch time :  1.3858390348032117  Train L2 Loss :  15.114041883468628
Epoch :  123  Epoch time :  1.3905490366742015  Train L2 Loss :  14.923487635803223
Epoch :  124  Epoch time :  1.3884406425058842  Train L2 Loss :  14.906729649353027
Epoch :  125  Epoch time :  1.3999861059710383  Train L2 Loss :  15.024143465423585
Epoch :  126  Epoch time :  1.3873188914731145  Train L2 Loss :  14.908432748413086
Epoch :  127  Epoch time :  1.3889015354216099  Train L2 Loss :  14.978611632537842
Epoch :  128  Epoch time :  1.4112970409914851  Train L2 Loss :  14.769489357280731
Epoch :  129  Epoch time :  1.3865706901997328  Train L2 Loss :  14.965159608459473
Epoch :  130  Epoch time :  1.3962534191086888  Train L2 Loss :  14.785813641357421
Epoch :  131  Epoch time :  1.388893754221499  Train L2 Loss :  14.741744303131103
Epoch :  132  Epoch time :  1.3903030063956976  Train L2 Loss :  14.78115830745697
Epoch :  133  Epoch time :  1.3713065749034286  Train L2 Loss :  14.832967597961426
Epoch :  134  Epoch time :  1.4194259010255337  Train L2 Loss :  14.613713310623169
Epoch :  135  Epoch time :  1.3933841940015554  Train L2 Loss :  14.762832600402833
Epoch :  136  Epoch time :  1.3950979337096214  Train L2 Loss :  14.741772511482239
Epoch :  137  Epoch time :  1.3973102755844593  Train L2 Loss :  14.571246726989745
Epoch :  138  Epoch time :  1.4132219292223454  Train L2 Loss :  14.704484771728515
Epoch :  139  Epoch time :  1.3951024683192372  Train L2 Loss :  14.649450233840943
Epoch :  140  Epoch time :  1.4239204144105315  Train L2 Loss :  14.739722402572632
Epoch :  141  Epoch time :  1.3991000764071941  Train L2 Loss :  14.551505151748657
Epoch :  142  Epoch time :  1.3975340416654944  Train L2 Loss :  14.487426632690429
Epoch :  143  Epoch time :  1.4001887002959847  Train L2 Loss :  14.61109118347168
Epoch :  144  Epoch time :  1.4040962914004922  Train L2 Loss :  14.724432636260987
Epoch :  145  Epoch time :  1.3757368763908744  Train L2 Loss :  14.742930829620361
Epoch :  146  Epoch time :  1.3907845318317413  Train L2 Loss :  14.42590751876831
Epoch :  147  Epoch time :  1.3952564168721437  Train L2 Loss :  14.542179787445068
Epoch :  148  Epoch time :  1.4025324769318104  Train L2 Loss :  14.663373846435547
Epoch :  149  Epoch time :  1.3977886522188783  Train L2 Loss :  14.401809518432618
Epoch :  150  Epoch time :  1.4030672693625093  Train L2 Loss :  14.446447214508057
Epoch :  151  Epoch time :  1.4245289731770754  Train L2 Loss :  14.422706620788574
Epoch :  152  Epoch time :  1.42383249476552  Train L2 Loss :  14.457404547119141
Epoch :  153  Epoch time :  1.3998495833948255  Train L2 Loss :  14.296671315002442
Epoch :  154  Epoch time :  1.4030569903552532  Train L2 Loss :  14.436808837890625
Epoch :  155  Epoch time :  1.4156712424010038  Train L2 Loss :  14.379288140106201
Epoch :  156  Epoch time :  1.405144540593028  Train L2 Loss :  14.503952816009521
Epoch :  157  Epoch time :  1.3799492856487632  Train L2 Loss :  14.490272018432616
Epoch :  158  Epoch time :  1.3998078536242247  Train L2 Loss :  14.35483002243042
Epoch :  159  Epoch time :  1.4031869126483798  Train L2 Loss :  14.472758943939208
Epoch :  160  Epoch time :  1.4064797637984157  Train L2 Loss :  14.428079811859131
Epoch :  161  Epoch time :  1.4045143313705921  Train L2 Loss :  14.355830038356782
Epoch :  162  Epoch time :  1.4114281591027975  Train L2 Loss :  14.383195416259765
Epoch :  163  Epoch time :  1.4468834260478616  Train L2 Loss :  14.411776654624939
Epoch :  164  Epoch time :  1.5774186998605728  Train L2 Loss :  14.274869778823852
Epoch :  165  Epoch time :  1.4400806911289692  Train L2 Loss :  14.407851888275147
Epoch :  166  Epoch time :  1.406942487694323  Train L2 Loss :  14.343161888122559
Epoch :  167  Epoch time :  1.4409838151186705  Train L2 Loss :  14.425670309448241
Epoch :  168  Epoch time :  1.406001802533865  Train L2 Loss :  14.19448157043457
Epoch :  169  Epoch time :  1.3798785479739308  Train L2 Loss :  14.197400828361511
Epoch :  170  Epoch time :  1.472883497364819  Train L2 Loss :  14.126235099792481
Epoch :  171  Epoch time :  1.4315338796004653  Train L2 Loss :  14.300769919586182
Epoch :  172  Epoch time :  1.3931481977924705  Train L2 Loss :  14.22201410446167
Epoch :  173  Epoch time :  1.390589957125485  Train L2 Loss :  14.304508501815796
Epoch :  174  Epoch time :  1.3954696962609887  Train L2 Loss :  14.32187682800293
Epoch :  175  Epoch time :  1.3868097187951207  Train L2 Loss :  14.182857151794433
Epoch :  176  Epoch time :  1.4113028328865767  Train L2 Loss :  14.16701383781433
Epoch :  177  Epoch time :  1.3896591905504465  Train L2 Loss :  13.917468033981324
Epoch :  178  Epoch time :  1.3855510642752051  Train L2 Loss :  14.18726086807251
Epoch :  179  Epoch time :  1.3909686151891947  Train L2 Loss :  14.177924591064453
Epoch :  180  Epoch time :  1.391442778520286  Train L2 Loss :  13.994400816345214
Epoch :  181  Epoch time :  1.3671469297260046  Train L2 Loss :  14.02881120300293
Epoch :  182  Epoch time :  1.4035122226923704  Train L2 Loss :  14.090520027160645
Epoch :  183  Epoch time :  1.3912539640441537  Train L2 Loss :  14.076550671386718
Epoch :  184  Epoch time :  1.4743141205981374  Train L2 Loss :  14.036554392051697
Epoch :  185  Epoch time :  1.4259808603674173  Train L2 Loss :  14.251062867736817
Epoch :  186  Epoch time :  1.3982077958062291  Train L2 Loss :  13.971028031158447
Epoch :  187  Epoch time :  1.415359629318118  Train L2 Loss :  14.132740657043456
Epoch :  188  Epoch time :  1.4404218047857285  Train L2 Loss :  14.072044741821289
Epoch :  189  Epoch time :  1.430367523804307  Train L2 Loss :  14.220368669128417
Epoch :  190  Epoch time :  1.412659083493054  Train L2 Loss :  14.192405490875244
Epoch :  191  Epoch time :  1.387911713682115  Train L2 Loss :  14.238693299865723
Epoch :  192  Epoch time :  1.386886796914041  Train L2 Loss :  14.075793515205383
Epoch :  193  Epoch time :  1.3578658979386091  Train L2 Loss :  14.14238240814209
Epoch :  194  Epoch time :  1.3774056946858764  Train L2 Loss :  14.087849806213379
Epoch :  195  Epoch time :  1.3818672122433782  Train L2 Loss :  14.16428533935547
Epoch :  196  Epoch time :  1.3842703634873033  Train L2 Loss :  14.041874699401856
Epoch :  197  Epoch time :  1.3854064075276256  Train L2 Loss :  13.831605635070801
Epoch :  198  Epoch time :  1.3825874496251345  Train L2 Loss :  13.817637005615234
Epoch :  199  Epoch time :  1.3764873510226607  Train L2 Loss :  13.927840011596679
Total time is : 274.9554591206834 Total epoch is  200
