Input dim :  201  output dim :  1
Start training 
21313
Epoch :  0  Epoch time :  1.5294666094705462  Train L2 Loss :  186.88312885131836
Epoch :  1  Epoch time :  1.3010145500302315  Train L2 Loss :  93.63947734375
Epoch :  2  Epoch time :  1.3075669817626476  Train L2 Loss :  59.10202952880859
Epoch :  3  Epoch time :  1.3114088531583548  Train L2 Loss :  50.163567974853514
Epoch :  4  Epoch time :  1.3166048293933272  Train L2 Loss :  45.11311797027588
Epoch :  5  Epoch time :  1.3155586970970035  Train L2 Loss :  42.06835946807861
Epoch :  6  Epoch time :  1.312441392801702  Train L2 Loss :  39.05189570159912
Epoch :  7  Epoch time :  1.3141253599897027  Train L2 Loss :  37.06960573883057
Epoch :  8  Epoch time :  1.3326750062406063  Train L2 Loss :  35.39195650024414
Epoch :  9  Epoch time :  1.3092147316783667  Train L2 Loss :  33.668138299560546
Epoch :  10  Epoch time :  1.3128831898793578  Train L2 Loss :  32.578627563476566
Epoch :  11  Epoch time :  1.3276896448805928  Train L2 Loss :  31.229657469177248
Epoch :  12  Epoch time :  1.3149996288120747  Train L2 Loss :  30.501199171447755
Epoch :  13  Epoch time :  1.301476614549756  Train L2 Loss :  29.792922087097168
Epoch :  14  Epoch time :  1.3288611248135567  Train L2 Loss :  28.570441410827637
Epoch :  15  Epoch time :  1.3282248564064503  Train L2 Loss :  27.54338573074341
Epoch :  16  Epoch time :  1.3170855985954404  Train L2 Loss :  26.95557006530762
Epoch :  17  Epoch time :  1.341154764406383  Train L2 Loss :  26.960103553771972
Epoch :  18  Epoch time :  1.3205209132283926  Train L2 Loss :  26.237084898376466
Epoch :  19  Epoch time :  1.317588777281344  Train L2 Loss :  25.75387537841797
Epoch :  20  Epoch time :  1.342187994159758  Train L2 Loss :  25.526968411254884
Epoch :  21  Epoch time :  1.31936860922724  Train L2 Loss :  24.39242030029297
Epoch :  22  Epoch time :  1.3275202177464962  Train L2 Loss :  24.17381653137207
Epoch :  23  Epoch time :  1.333131330087781  Train L2 Loss :  23.787206526184082
Epoch :  24  Epoch time :  1.3251111973077059  Train L2 Loss :  23.571299589538576
Epoch :  25  Epoch time :  1.2995052989572287  Train L2 Loss :  23.20384226837158
Epoch :  26  Epoch time :  1.3285731291398406  Train L2 Loss :  23.066053188323973
Epoch :  27  Epoch time :  1.329845448024571  Train L2 Loss :  22.724317271423338
Epoch :  28  Epoch time :  1.3217640863731503  Train L2 Loss :  22.324323652648925
Epoch :  29  Epoch time :  1.3287961594760418  Train L2 Loss :  22.16875470123291
Epoch :  30  Epoch time :  1.3311131978407502  Train L2 Loss :  21.868377532196046
Epoch :  31  Epoch time :  1.3615221325308084  Train L2 Loss :  21.508619494628906
Epoch :  32  Epoch time :  1.4145392728969455  Train L2 Loss :  21.182977590179444
Epoch :  33  Epoch time :  1.354196866042912  Train L2 Loss :  20.928120809173585
Epoch :  34  Epoch time :  1.348835764452815  Train L2 Loss :  20.904414561462403
Epoch :  35  Epoch time :  1.3981416104361415  Train L2 Loss :  20.754618017578125
Epoch :  36  Epoch time :  1.3684693770483136  Train L2 Loss :  21.127184132385253
Epoch :  37  Epoch time :  1.337669643573463  Train L2 Loss :  20.689559280395507
Epoch :  38  Epoch time :  1.3426621751859784  Train L2 Loss :  19.99968049926758
Epoch :  39  Epoch time :  1.3381597883999348  Train L2 Loss :  20.369512408447264
Epoch :  40  Epoch time :  1.3388870125636458  Train L2 Loss :  19.978498056030272
Epoch :  41  Epoch time :  1.3448581639677286  Train L2 Loss :  19.65715956878662
Epoch :  42  Epoch time :  1.3348049242049456  Train L2 Loss :  19.72430439758301
Epoch :  43  Epoch time :  1.335670524276793  Train L2 Loss :  19.720481046295166
Epoch :  44  Epoch time :  1.3612550785765052  Train L2 Loss :  19.234316240692138
Epoch :  45  Epoch time :  1.343254997394979  Train L2 Loss :  19.493529272460936
Epoch :  46  Epoch time :  1.3424213156104088  Train L2 Loss :  19.139801107788085
Epoch :  47  Epoch time :  1.342548817396164  Train L2 Loss :  19.76153570251465
Epoch :  48  Epoch time :  1.3420843863859773  Train L2 Loss :  18.930998223114013
Epoch :  49  Epoch time :  1.322173811495304  Train L2 Loss :  19.069308531951904
Epoch :  50  Epoch time :  1.3438792079687119  Train L2 Loss :  18.353063900756837
Epoch :  51  Epoch time :  1.345550237223506  Train L2 Loss :  18.58916320800781
Epoch :  52  Epoch time :  1.3688334254547954  Train L2 Loss :  18.84333229370117
Epoch :  53  Epoch time :  1.3505244562402368  Train L2 Loss :  18.527624745178223
Epoch :  54  Epoch time :  1.3472798140719533  Train L2 Loss :  18.337250659942626
Epoch :  55  Epoch time :  1.348839197307825  Train L2 Loss :  18.18517516784668
Epoch :  56  Epoch time :  1.3833752954378724  Train L2 Loss :  18.10056022415161
Epoch :  57  Epoch time :  1.3589214272797108  Train L2 Loss :  17.881680953979494
Epoch :  58  Epoch time :  1.356500037945807  Train L2 Loss :  18.322267376708986
Epoch :  59  Epoch time :  1.3498307541012764  Train L2 Loss :  17.73834033050537
Epoch :  60  Epoch time :  1.3548969430848956  Train L2 Loss :  18.168043493652345
Epoch :  61  Epoch time :  1.3327649934217334  Train L2 Loss :  17.99874018096924
Epoch :  62  Epoch time :  1.35497113969177  Train L2 Loss :  17.988076110839845
Epoch :  63  Epoch time :  1.3527986006811261  Train L2 Loss :  17.427534898376464
Epoch :  64  Epoch time :  1.3583204811438918  Train L2 Loss :  17.64927509994507
Epoch :  65  Epoch time :  1.3621054887771606  Train L2 Loss :  17.374063674163818
Epoch :  66  Epoch time :  1.3586657736450434  Train L2 Loss :  17.265965830993654
Epoch :  67  Epoch time :  1.3594781151041389  Train L2 Loss :  17.27928548965454
Epoch :  68  Epoch time :  1.3835697984322906  Train L2 Loss :  17.363444720458986
Epoch :  69  Epoch time :  1.3849119301885366  Train L2 Loss :  16.842398881530762
Epoch :  70  Epoch time :  1.3610521014779806  Train L2 Loss :  17.133635015869142
Epoch :  71  Epoch time :  1.3607431091368198  Train L2 Loss :  17.346379496383665
Epoch :  72  Epoch time :  1.3706619758158922  Train L2 Loss :  16.99980416145325
Epoch :  73  Epoch time :  1.3423347109928727  Train L2 Loss :  16.864763271331785
Epoch :  74  Epoch time :  1.361534341238439  Train L2 Loss :  16.820038609313965
Epoch :  75  Epoch time :  1.3760043252259493  Train L2 Loss :  16.7547210893631
Epoch :  76  Epoch time :  1.3655947837978601  Train L2 Loss :  17.025049739074706
Epoch :  77  Epoch time :  1.37393319606781  Train L2 Loss :  16.815404193878173
Epoch :  78  Epoch time :  1.3694683834910393  Train L2 Loss :  16.854188619995117
Epoch :  79  Epoch time :  1.371477210894227  Train L2 Loss :  16.577108068847657
Epoch :  80  Epoch time :  1.389125794172287  Train L2 Loss :  16.728578927612304
Epoch :  81  Epoch time :  1.3648973675444722  Train L2 Loss :  16.52163064880371
Epoch :  82  Epoch time :  1.370234857313335  Train L2 Loss :  16.689861027526856
Epoch :  83  Epoch time :  1.3662713142111897  Train L2 Loss :  16.481541442108153
Epoch :  84  Epoch time :  1.3737640380859375  Train L2 Loss :  16.484295074462892
Epoch :  85  Epoch time :  1.385071816854179  Train L2 Loss :  16.41891042327881
Epoch :  86  Epoch time :  1.4324430990964174  Train L2 Loss :  16.521967081451415
Epoch :  87  Epoch time :  1.3921991530805826  Train L2 Loss :  16.013223796081544
Epoch :  88  Epoch time :  1.3973317528143525  Train L2 Loss :  16.069208448791503
Epoch :  89  Epoch time :  1.4009740287438035  Train L2 Loss :  16.003068022155762
Epoch :  90  Epoch time :  1.4470458356663585  Train L2 Loss :  15.919681717681884
Epoch :  91  Epoch time :  1.4310977142304182  Train L2 Loss :  16.09223663635254
Epoch :  92  Epoch time :  1.4151921644806862  Train L2 Loss :  16.1193360748291
Epoch :  93  Epoch time :  1.3811493692919612  Train L2 Loss :  16.140967349243166
Epoch :  94  Epoch time :  1.3865186711773276  Train L2 Loss :  16.095992494964598
Epoch :  95  Epoch time :  1.3837004583328962  Train L2 Loss :  15.548701774597168
Epoch :  96  Epoch time :  1.4042360903695226  Train L2 Loss :  15.960881972503662
Epoch :  97  Epoch time :  1.365151102654636  Train L2 Loss :  15.561265824890137
Epoch :  98  Epoch time :  1.3889888860285282  Train L2 Loss :  15.89178868637085
Epoch :  99  Epoch time :  1.385470351204276  Train L2 Loss :  15.503831344604492
Epoch :  100  Epoch time :  1.3860547915101051  Train L2 Loss :  12.618457117462158
Epoch :  101  Epoch time :  1.3898400412872434  Train L2 Loss :  11.807067323303222
Epoch :  102  Epoch time :  1.3884545434266329  Train L2 Loss :  11.683323714065551
Epoch :  103  Epoch time :  1.4122382188215852  Train L2 Loss :  11.757024236679078
Epoch :  104  Epoch time :  1.426826666109264  Train L2 Loss :  11.656357597351073
Epoch :  105  Epoch time :  1.386283383704722  Train L2 Loss :  11.552936569976806
Epoch :  106  Epoch time :  1.3920806013047695  Train L2 Loss :  11.743803339385986
Epoch :  107  Epoch time :  1.3922384409233928  Train L2 Loss :  11.834025541305541
Epoch :  108  Epoch time :  1.388807992450893  Train L2 Loss :  11.709900029754639
Epoch :  109  Epoch time :  1.3618500865995884  Train L2 Loss :  11.667157676696778
Epoch :  110  Epoch time :  1.3861258933320642  Train L2 Loss :  11.530585383605956
Epoch :  111  Epoch time :  1.389208554290235  Train L2 Loss :  11.584940019226075
Epoch :  112  Epoch time :  1.3876240700483322  Train L2 Loss :  11.769585948944092
Epoch :  113  Epoch time :  1.3943659961223602  Train L2 Loss :  11.642698250198364
Epoch :  114  Epoch time :  1.390333672054112  Train L2 Loss :  11.531829103851319
Epoch :  115  Epoch time :  1.3920036694034934  Train L2 Loss :  11.491911154937744
Epoch :  116  Epoch time :  1.4138005264103413  Train L2 Loss :  11.496081025695801
Epoch :  117  Epoch time :  1.4002656219527125  Train L2 Loss :  11.517130025482178
Epoch :  118  Epoch time :  1.3980699041858315  Train L2 Loss :  11.415359074401856
Epoch :  119  Epoch time :  1.3927059974521399  Train L2 Loss :  11.501177391052247
Epoch :  120  Epoch time :  1.4191579418256879  Train L2 Loss :  11.295854919052124
Epoch :  121  Epoch time :  1.371788902208209  Train L2 Loss :  11.279303477478027
Epoch :  122  Epoch time :  1.413135095499456  Train L2 Loss :  11.357192895889282
Epoch :  123  Epoch time :  1.3983449833467603  Train L2 Loss :  11.474097779846192
Epoch :  124  Epoch time :  1.394028122536838  Train L2 Loss :  11.347365365600586
Epoch :  125  Epoch time :  1.3974747266620398  Train L2 Loss :  11.350914053344727
Epoch :  126  Epoch time :  1.4092366443946958  Train L2 Loss :  11.462599402046203
Epoch :  127  Epoch time :  1.3987979050725698  Train L2 Loss :  11.213035838890075
Epoch :  128  Epoch time :  1.4266999438405037  Train L2 Loss :  11.13108200378418
Epoch :  129  Epoch time :  1.4051772523671389  Train L2 Loss :  11.232231806945801
Epoch :  130  Epoch time :  1.4041021950542927  Train L2 Loss :  11.209648160934448
Epoch :  131  Epoch time :  1.4121233643963933  Train L2 Loss :  11.304805999755859
Epoch :  132  Epoch time :  1.4067667312920094  Train L2 Loss :  11.113758665466309
Epoch :  133  Epoch time :  1.3803898505866528  Train L2 Loss :  11.152006714630128
Epoch :  134  Epoch time :  1.400541502982378  Train L2 Loss :  11.086488194847107
Epoch :  135  Epoch time :  1.4020814271643758  Train L2 Loss :  11.157702489471436
Epoch :  136  Epoch time :  1.4426162084564567  Train L2 Loss :  11.116494473266602
Epoch :  137  Epoch time :  1.402958894148469  Train L2 Loss :  11.179176516723633
Epoch :  138  Epoch time :  1.4114057514816523  Train L2 Loss :  11.055654329395294
Epoch :  139  Epoch time :  1.4011849127709866  Train L2 Loss :  11.023420470809937
Epoch :  140  Epoch time :  1.4292914373800159  Train L2 Loss :  11.061494035434723
Epoch :  141  Epoch time :  1.4115292178466916  Train L2 Loss :  11.040356993484497
Epoch :  142  Epoch time :  1.4065603325143456  Train L2 Loss :  10.922474297714233
Epoch :  143  Epoch time :  1.4118970409035683  Train L2 Loss :  10.987278807067872
Epoch :  144  Epoch time :  1.410659834742546  Train L2 Loss :  11.141997917175292
Epoch :  145  Epoch time :  1.3887344654649496  Train L2 Loss :  10.9311114528656
Epoch :  146  Epoch time :  1.410237269476056  Train L2 Loss :  11.115400598526001
Epoch :  147  Epoch time :  1.4092151885852218  Train L2 Loss :  10.829907212829589
Epoch :  148  Epoch time :  1.4105102540925145  Train L2 Loss :  10.99584361038208
Epoch :  149  Epoch time :  1.407674040645361  Train L2 Loss :  10.942441287231444
Epoch :  150  Epoch time :  1.411873096600175  Train L2 Loss :  10.896304949951173
Epoch :  151  Epoch time :  1.4125571558251977  Train L2 Loss :  10.866151325988769
Epoch :  152  Epoch time :  1.437037660740316  Train L2 Loss :  10.745399942398072
Epoch :  153  Epoch time :  1.4342408254742622  Train L2 Loss :  10.902234364318847
Epoch :  154  Epoch time :  1.421056093648076  Train L2 Loss :  10.884223583984374
Epoch :  155  Epoch time :  1.4119773292914033  Train L2 Loss :  10.962694024658203
Epoch :  156  Epoch time :  1.4123699888586998  Train L2 Loss :  10.870919743347168
Epoch :  157  Epoch time :  1.3921786714345217  Train L2 Loss :  10.727130545425416
Epoch :  158  Epoch time :  1.4100905014201999  Train L2 Loss :  10.757313356781006
Epoch :  159  Epoch time :  1.4145775390788913  Train L2 Loss :  10.684500458526612
Epoch :  160  Epoch time :  1.4154986562207341  Train L2 Loss :  10.82373490447998
Epoch :  161  Epoch time :  1.4179718345403671  Train L2 Loss :  10.824028387451172
Epoch :  162  Epoch time :  1.4121659025549889  Train L2 Loss :  10.709251142406464
Epoch :  163  Epoch time :  1.4123308379203081  Train L2 Loss :  10.587230914306641
Epoch :  164  Epoch time :  1.4392561810091138  Train L2 Loss :  10.669540277099609
Epoch :  165  Epoch time :  1.419221536256373  Train L2 Loss :  10.690336278152467
Epoch :  166  Epoch time :  1.4437018232420087  Train L2 Loss :  10.656904531383514
Epoch :  167  Epoch time :  1.415020882152021  Train L2 Loss :  10.719278548431397
Epoch :  168  Epoch time :  1.425702995620668  Train L2 Loss :  10.669481118011475
Epoch :  169  Epoch time :  1.4193105520680547  Train L2 Loss :  10.710049364471436
Epoch :  170  Epoch time :  1.4123627180233598  Train L2 Loss :  10.608295710372925
Epoch :  171  Epoch time :  1.4243874298408628  Train L2 Loss :  10.677102869701386
Epoch :  172  Epoch time :  1.4208844108507037  Train L2 Loss :  10.625775582885742
Epoch :  173  Epoch time :  1.4147176230326295  Train L2 Loss :  10.681183003997802
Epoch :  174  Epoch time :  1.4214113354682922  Train L2 Loss :  10.568884716415406
Epoch :  175  Epoch time :  1.417828974314034  Train L2 Loss :  10.502866201782227
Epoch :  176  Epoch time :  1.4507837584242225  Train L2 Loss :  10.581500884246827
Epoch :  177  Epoch time :  1.4155358457937837  Train L2 Loss :  10.506588208389282
Epoch :  178  Epoch time :  1.4211614225059748  Train L2 Loss :  10.496300553894043
Epoch :  179  Epoch time :  1.4213351644575596  Train L2 Loss :  10.538475272369384
Epoch :  180  Epoch time :  1.4217636473476887  Train L2 Loss :  10.597045304870605
Epoch :  181  Epoch time :  1.4001918248832226  Train L2 Loss :  10.519135921478272
Epoch :  182  Epoch time :  1.4202664429321885  Train L2 Loss :  10.617881680679321
Epoch :  183  Epoch time :  1.419339788146317  Train L2 Loss :  10.396679911804199
Epoch :  184  Epoch time :  1.4275529766455293  Train L2 Loss :  10.403164836120606
Epoch :  185  Epoch time :  1.4239629684016109  Train L2 Loss :  10.508607258987427
Epoch :  186  Epoch time :  1.4582447716966271  Train L2 Loss :  10.556190005874633
Epoch :  187  Epoch time :  1.4239673623815179  Train L2 Loss :  10.389659889602662
Epoch :  188  Epoch time :  1.4505226099863648  Train L2 Loss :  10.407282753753663
Epoch :  189  Epoch time :  1.4257125006988645  Train L2 Loss :  10.61168927230835
Epoch :  190  Epoch time :  1.4228813899680972  Train L2 Loss :  10.482644021606445
Epoch :  191  Epoch time :  1.427851173095405  Train L2 Loss :  10.253260890579224
Epoch :  192  Epoch time :  1.4265515869483352  Train L2 Loss :  10.447910052490235
Epoch :  193  Epoch time :  1.4026282094419003  Train L2 Loss :  10.409038388061523
Epoch :  194  Epoch time :  1.4285778049379587  Train L2 Loss :  10.301417076683045
Epoch :  195  Epoch time :  1.4287746455520391  Train L2 Loss :  10.262049173736573
Epoch :  196  Epoch time :  1.428787630982697  Train L2 Loss :  10.461782833099365
Epoch :  197  Epoch time :  1.430043543688953  Train L2 Loss :  10.398496577453614
Epoch :  198  Epoch time :  1.426517216488719  Train L2 Loss :  10.30731457977295
Epoch :  199  Epoch time :  1.423956117592752  Train L2 Loss :  10.455913830375671
Total time is : 276.6964735677466 Total epoch is  200
