Input dim :  201  output dim :  1
Start training 
629249
Epoch :  0  Epoch time :  1.4475892912596464  Train L2 Loss :  155.69174178771974
Epoch :  1  Epoch time :  1.2463191794231534  Train L2 Loss :  58.630640625
Epoch :  2  Epoch time :  1.281911950558424  Train L2 Loss :  43.953107540893555
Epoch :  3  Epoch time :  1.2709809774532914  Train L2 Loss :  38.28725425567627
Epoch :  4  Epoch time :  1.2633899319916964  Train L2 Loss :  34.59794910125733
Epoch :  5  Epoch time :  1.2617485634982586  Train L2 Loss :  33.05974378967285
Epoch :  6  Epoch time :  1.2593653462827206  Train L2 Loss :  30.898416522216795
Epoch :  7  Epoch time :  1.257276663556695  Train L2 Loss :  29.723875366210937
Epoch :  8  Epoch time :  1.277072586119175  Train L2 Loss :  28.87134550704956
Epoch :  9  Epoch time :  1.2573040248826146  Train L2 Loss :  27.078292510986326
Epoch :  10  Epoch time :  1.260550495237112  Train L2 Loss :  26.46517671813965
Epoch :  11  Epoch time :  1.2746893372386694  Train L2 Loss :  25.507322497558594
Epoch :  12  Epoch time :  1.2632397804409266  Train L2 Loss :  25.276142572021485
Epoch :  13  Epoch time :  1.241508680395782  Train L2 Loss :  24.391526223754884
Epoch :  14  Epoch time :  1.2644567266106606  Train L2 Loss :  24.11781232147217
Epoch :  15  Epoch time :  1.2704259995371103  Train L2 Loss :  23.332288137817383
Epoch :  16  Epoch time :  1.261226825416088  Train L2 Loss :  23.15725902557373
Epoch :  17  Epoch time :  1.2660754742100835  Train L2 Loss :  22.40415495300293
Epoch :  18  Epoch time :  1.2657518293708563  Train L2 Loss :  22.74372544784546
Epoch :  19  Epoch time :  1.267983022145927  Train L2 Loss :  21.90935599822998
Epoch :  20  Epoch time :  1.3353195693343878  Train L2 Loss :  21.506955947875976
Epoch :  21  Epoch time :  1.323330787010491  Train L2 Loss :  21.438295100402833
Epoch :  22  Epoch time :  1.3129014214500785  Train L2 Loss :  21.44998388366699
Epoch :  23  Epoch time :  1.287308368831873  Train L2 Loss :  20.594438941192628
Epoch :  24  Epoch time :  1.3181473119184375  Train L2 Loss :  20.79764736175537
Epoch :  25  Epoch time :  1.2989053567871451  Train L2 Loss :  20.745684028816225
Epoch :  26  Epoch time :  1.336575617082417  Train L2 Loss :  20.152403958129884
Epoch :  27  Epoch time :  1.3160497369244695  Train L2 Loss :  19.814226167297363
Epoch :  28  Epoch time :  1.299037016928196  Train L2 Loss :  20.123625566101076
Epoch :  29  Epoch time :  1.2799141574651003  Train L2 Loss :  19.629384985351564
Epoch :  30  Epoch time :  1.284457047469914  Train L2 Loss :  19.627137699127196
Epoch :  31  Epoch time :  1.2953584808856249  Train L2 Loss :  19.16160972995758
Epoch :  32  Epoch time :  1.308491325005889  Train L2 Loss :  19.052693508911133
Epoch :  33  Epoch time :  1.2816257989034057  Train L2 Loss :  19.131072245025635
Epoch :  34  Epoch time :  1.2877487102523446  Train L2 Loss :  19.265644651794435
Epoch :  35  Epoch time :  1.2879432579502463  Train L2 Loss :  18.496624961853026
Epoch :  36  Epoch time :  1.3035975936800241  Train L2 Loss :  18.971599713897707
Epoch :  37  Epoch time :  1.264156898483634  Train L2 Loss :  18.071336600494384
Epoch :  38  Epoch time :  1.311529565602541  Train L2 Loss :  18.486689501953126
Epoch :  39  Epoch time :  1.2898520017042756  Train L2 Loss :  18.27219446105957
Epoch :  40  Epoch time :  1.2876857733353972  Train L2 Loss :  18.147098655700685
Epoch :  41  Epoch time :  1.2863995572552085  Train L2 Loss :  17.97282057342529
Epoch :  42  Epoch time :  1.2867622822523117  Train L2 Loss :  17.39252029647827
Epoch :  43  Epoch time :  1.2940276814624667  Train L2 Loss :  17.617479234313965
Epoch :  44  Epoch time :  1.3086430840194225  Train L2 Loss :  17.639062966918946
Epoch :  45  Epoch time :  1.2893366757780313  Train L2 Loss :  17.537417165374755
Epoch :  46  Epoch time :  1.2940478678792715  Train L2 Loss :  17.278585995483397
Epoch :  47  Epoch time :  1.2886153785511851  Train L2 Loss :  17.147056060028078
Epoch :  48  Epoch time :  1.2867051428183913  Train L2 Loss :  17.336582373046873
Epoch :  49  Epoch time :  1.265712189488113  Train L2 Loss :  16.841870748901368
Epoch :  50  Epoch time :  1.2895260751247406  Train L2 Loss :  17.068141334533692
Epoch :  51  Epoch time :  1.2855654573068023  Train L2 Loss :  17.027942373275756
Epoch :  52  Epoch time :  1.2962424904108047  Train L2 Loss :  16.739642339324952
Epoch :  53  Epoch time :  1.2889194199815392  Train L2 Loss :  16.792223864746095
Epoch :  54  Epoch time :  1.290486461482942  Train L2 Loss :  16.601824604797365
Epoch :  55  Epoch time :  1.2932312628254294  Train L2 Loss :  16.405105293655396
Epoch :  56  Epoch time :  1.3493930250406265  Train L2 Loss :  16.554126640319826
Epoch :  57  Epoch time :  1.2963665761053562  Train L2 Loss :  16.282206449890136
Epoch :  58  Epoch time :  1.2972813751548529  Train L2 Loss :  16.219337966918946
Epoch :  59  Epoch time :  1.294215110130608  Train L2 Loss :  16.17841456604004
Epoch :  60  Epoch time :  1.2949600704014301  Train L2 Loss :  16.309280893707275
Epoch :  61  Epoch time :  1.2758393827825785  Train L2 Loss :  15.749682649993897
Epoch :  62  Epoch time :  1.3026185231283307  Train L2 Loss :  15.827198011398316
Epoch :  63  Epoch time :  1.2961957277730107  Train L2 Loss :  15.934966697692872
Epoch :  64  Epoch time :  1.299916728399694  Train L2 Loss :  15.886883615875243
Epoch :  65  Epoch time :  1.2989478847011924  Train L2 Loss :  15.942221083068848
Epoch :  66  Epoch time :  1.2974358880892396  Train L2 Loss :  15.620996834945679
Epoch :  67  Epoch time :  1.29639186616987  Train L2 Loss :  15.214277030944825
Epoch :  68  Epoch time :  1.3236886467784643  Train L2 Loss :  15.646551000976563
Epoch :  69  Epoch time :  1.300232820212841  Train L2 Loss :  15.413451371765136
Epoch :  70  Epoch time :  1.3019028445705771  Train L2 Loss :  15.43295149307251
Epoch :  71  Epoch time :  1.300856851041317  Train L2 Loss :  15.251760565185547
Epoch :  72  Epoch time :  1.3070651572197676  Train L2 Loss :  15.399598207092286
Epoch :  73  Epoch time :  1.2836297089233994  Train L2 Loss :  15.165858672332764
Epoch :  74  Epoch time :  1.3246141178533435  Train L2 Loss :  15.175151943969727
Epoch :  75  Epoch time :  1.3059128783643246  Train L2 Loss :  14.93974497680664
Epoch :  76  Epoch time :  1.3098747683688998  Train L2 Loss :  15.035084535980225
Epoch :  77  Epoch time :  1.3035881090909243  Train L2 Loss :  14.753602710723877
Epoch :  78  Epoch time :  1.3046770682558417  Train L2 Loss :  14.68559031677246
Epoch :  79  Epoch time :  1.3069149581715465  Train L2 Loss :  15.11864511528015
Epoch :  80  Epoch time :  1.3260322315618396  Train L2 Loss :  15.170125595092774
Epoch :  81  Epoch time :  1.3119908105581999  Train L2 Loss :  14.616055891418457
Epoch :  82  Epoch time :  1.307408245280385  Train L2 Loss :  14.292220886230469
Epoch :  83  Epoch time :  1.3089430006220937  Train L2 Loss :  14.536498257446288
Epoch :  84  Epoch time :  1.3295818865299225  Train L2 Loss :  14.415165897369384
Epoch :  85  Epoch time :  1.3024877216666937  Train L2 Loss :  14.307433451843261
Epoch :  86  Epoch time :  1.3085376247763634  Train L2 Loss :  14.261443850708007
Epoch :  87  Epoch time :  1.3139744019135833  Train L2 Loss :  14.666298888397217
Epoch :  88  Epoch time :  1.3207873608916998  Train L2 Loss :  14.051008599090576
Epoch :  89  Epoch time :  1.3133346233516932  Train L2 Loss :  13.973589132881164
Epoch :  90  Epoch time :  1.317151179537177  Train L2 Loss :  14.171751017761231
Epoch :  91  Epoch time :  1.3149673072621226  Train L2 Loss :  14.128654215240479
Epoch :  92  Epoch time :  1.3603334985673428  Train L2 Loss :  14.150322503662109
Epoch :  93  Epoch time :  1.3294050768017769  Train L2 Loss :  14.19686997833252
Epoch :  94  Epoch time :  1.3170689838007092  Train L2 Loss :  13.905775841522217
Epoch :  95  Epoch time :  1.3168190838769078  Train L2 Loss :  13.998679130935669
Epoch :  96  Epoch time :  1.327005360275507  Train L2 Loss :  14.033501736450196
Epoch :  97  Epoch time :  1.3035325538367033  Train L2 Loss :  13.625787478637696
Epoch :  98  Epoch time :  1.3196286307647824  Train L2 Loss :  13.855304857444763
Epoch :  99  Epoch time :  1.3220483837649226  Train L2 Loss :  13.758333837890625
Epoch :  100  Epoch time :  1.3252851711586118  Train L2 Loss :  10.214027285766601
Epoch :  101  Epoch time :  1.3236332787200809  Train L2 Loss :  9.139898810195923
Epoch :  102  Epoch time :  1.3209158536046743  Train L2 Loss :  9.443929940795899
Epoch :  103  Epoch time :  1.3242541020736098  Train L2 Loss :  9.401102857398987
Epoch :  104  Epoch time :  1.3456953596323729  Train L2 Loss :  9.39835327682495
Epoch :  105  Epoch time :  1.3312917575240135  Train L2 Loss :  9.366658144760132
Epoch :  106  Epoch time :  1.327851977199316  Train L2 Loss :  9.298266471862792
Epoch :  107  Epoch time :  1.3237928180024028  Train L2 Loss :  9.246924549102783
Epoch :  108  Epoch time :  1.3354164268821478  Train L2 Loss :  9.293328871917724
Epoch :  109  Epoch time :  1.3377422653138638  Train L2 Loss :  9.35011382637024
Epoch :  110  Epoch time :  1.3254847880452871  Train L2 Loss :  9.339996639251709
Epoch :  111  Epoch time :  1.3294383576139808  Train L2 Loss :  9.359836458587646
Epoch :  112  Epoch time :  1.3323503844439983  Train L2 Loss :  9.128270211029053
Epoch :  113  Epoch time :  1.3293627025559545  Train L2 Loss :  9.258344867706299
Epoch :  114  Epoch time :  1.3276726063340902  Train L2 Loss :  9.108376173973083
Epoch :  115  Epoch time :  1.338375287130475  Train L2 Loss :  9.122017739391326
Epoch :  116  Epoch time :  1.3600065000355244  Train L2 Loss :  9.1265598777771
Epoch :  117  Epoch time :  1.3357217693701386  Train L2 Loss :  8.850845804214478
Epoch :  118  Epoch time :  1.3384078368544579  Train L2 Loss :  8.987793153381348
Epoch :  119  Epoch time :  1.3342211581766605  Train L2 Loss :  9.153783562088012
Epoch :  120  Epoch time :  1.3526351619511843  Train L2 Loss :  9.188488314056396
Epoch :  121  Epoch time :  1.3129962058737874  Train L2 Loss :  8.9446597574234
Epoch :  122  Epoch time :  1.3389038955792785  Train L2 Loss :  8.806242411804199
Epoch :  123  Epoch time :  1.3414825573563576  Train L2 Loss :  8.927762339019775
Epoch :  124  Epoch time :  1.3384716650471091  Train L2 Loss :  8.855741269302369
Epoch :  125  Epoch time :  1.3410862116143107  Train L2 Loss :  9.026720414733887
Epoch :  126  Epoch time :  1.3393353037536144  Train L2 Loss :  8.93049617881775
Epoch :  127  Epoch time :  1.3646806916221976  Train L2 Loss :  8.90339799118042
Epoch :  128  Epoch time :  1.3696908364072442  Train L2 Loss :  8.58761002893448
Epoch :  129  Epoch time :  1.343233359977603  Train L2 Loss :  8.859346849822998
Epoch :  130  Epoch time :  1.351715436205268  Train L2 Loss :  8.788966984462737
Epoch :  131  Epoch time :  1.3568266313523054  Train L2 Loss :  9.000647879028321
Epoch :  132  Epoch time :  1.3449532957747579  Train L2 Loss :  8.800840818786622
Epoch :  133  Epoch time :  1.3267567651346326  Train L2 Loss :  8.846773775863648
Epoch :  134  Epoch time :  1.3451478173956275  Train L2 Loss :  8.734336994934083
Epoch :  135  Epoch time :  1.3456200808286667  Train L2 Loss :  8.685187399291992
Epoch :  136  Epoch time :  1.3483624113723636  Train L2 Loss :  8.682803022384643
Epoch :  137  Epoch time :  1.344890491105616  Train L2 Loss :  8.668764095306397
Epoch :  138  Epoch time :  1.3490102859213948  Train L2 Loss :  8.764654478836059
Epoch :  139  Epoch time :  1.3486519493162632  Train L2 Loss :  8.495244506072998
Epoch :  140  Epoch time :  1.3711373778060079  Train L2 Loss :  8.727874362945556
Epoch :  141  Epoch time :  1.359719391912222  Train L2 Loss :  8.627525841712952
Epoch :  142  Epoch time :  1.3543592914938927  Train L2 Loss :  8.561765404510497
Epoch :  143  Epoch time :  1.3518260307610035  Train L2 Loss :  8.499728287506104
Epoch :  144  Epoch time :  1.3815828934311867  Train L2 Loss :  8.606654634475708
Epoch :  145  Epoch time :  1.3294147094711661  Train L2 Loss :  8.544012672054768
Epoch :  146  Epoch time :  1.3638553516939282  Train L2 Loss :  8.547747916412353
Epoch :  147  Epoch time :  1.353377197869122  Train L2 Loss :  8.704347709465027
Epoch :  148  Epoch time :  1.3522391747683287  Train L2 Loss :  8.408299456787109
Epoch :  149  Epoch time :  1.359025651589036  Train L2 Loss :  8.53029896941185
Epoch :  150  Epoch time :  1.3556279242038727  Train L2 Loss :  8.800220391845704
Epoch :  151  Epoch time :  1.3582580098882318  Train L2 Loss :  8.349919947052001
Epoch :  152  Epoch time :  1.3897666363045573  Train L2 Loss :  8.5356624294281
Epoch :  153  Epoch time :  1.3691154485568404  Train L2 Loss :  8.475249235153198
Epoch :  154  Epoch time :  1.3621329506859183  Train L2 Loss :  8.463896058654786
Epoch :  155  Epoch time :  1.360858915373683  Train L2 Loss :  8.739968240737914
Epoch :  156  Epoch time :  1.368487891741097  Train L2 Loss :  8.53681257095337
Epoch :  157  Epoch time :  1.3561647478491068  Train L2 Loss :  8.388671139335631
Epoch :  158  Epoch time :  1.3595900004729629  Train L2 Loss :  8.356094155883788
Epoch :  159  Epoch time :  1.3607302634045482  Train L2 Loss :  8.34771791563034
Epoch :  160  Epoch time :  1.3680550763383508  Train L2 Loss :  8.294045571899414
Epoch :  161  Epoch time :  1.3845528960227966  Train L2 Loss :  8.411978256130219
Epoch :  162  Epoch time :  1.3623755043372512  Train L2 Loss :  8.254476651000976
Epoch :  163  Epoch time :  1.3633566470816731  Train L2 Loss :  8.620039657211304
Epoch :  164  Epoch time :  1.3858996694907546  Train L2 Loss :  8.400605990219116
Epoch :  165  Epoch time :  1.3638927210122347  Train L2 Loss :  8.395021799659729
Epoch :  166  Epoch time :  1.371077062562108  Train L2 Loss :  8.399246717834473
Epoch :  167  Epoch time :  1.3665648819878697  Train L2 Loss :  8.54332847290039
Epoch :  168  Epoch time :  1.3697947897017002  Train L2 Loss :  8.39787216835022
Epoch :  169  Epoch time :  1.3469577059149742  Train L2 Loss :  8.125379808044434
Epoch :  170  Epoch time :  1.3642979031428695  Train L2 Loss :  8.341808985710143
Epoch :  171  Epoch time :  1.3772066431120038  Train L2 Loss :  8.220702705574036
Epoch :  172  Epoch time :  1.3745326278731227  Train L2 Loss :  8.33003626022339
Epoch :  173  Epoch time :  1.3669488225132227  Train L2 Loss :  8.425357514953614
Epoch :  174  Epoch time :  1.3683836944401264  Train L2 Loss :  8.403122246551513
Epoch :  175  Epoch time :  1.372220616787672  Train L2 Loss :  8.33446043434143
Epoch :  176  Epoch time :  1.4130846010521054  Train L2 Loss :  8.200142965888977
Epoch :  177  Epoch time :  1.3817348619922996  Train L2 Loss :  8.29218165512085
Epoch :  178  Epoch time :  1.3948583770543337  Train L2 Loss :  8.271376921081544
Epoch :  179  Epoch time :  1.3705062698572874  Train L2 Loss :  8.282847651290894
Epoch :  180  Epoch time :  1.3683711113408208  Train L2 Loss :  8.188775364685059
Epoch :  181  Epoch time :  1.3452115273103118  Train L2 Loss :  8.262697234725952
Epoch :  182  Epoch time :  1.371396561153233  Train L2 Loss :  8.213718686676025
Epoch :  183  Epoch time :  1.38110819645226  Train L2 Loss :  8.357585430908204
Epoch :  184  Epoch time :  1.3693403769284487  Train L2 Loss :  8.25150728302002
Epoch :  185  Epoch time :  1.3701542587950826  Train L2 Loss :  8.418688742065429
Epoch :  186  Epoch time :  1.3803426455706358  Train L2 Loss :  8.20669102344513
Epoch :  187  Epoch time :  1.3722305027768016  Train L2 Loss :  8.317250773620605
Epoch :  188  Epoch time :  1.4021615097299218  Train L2 Loss :  8.2599962184906
Epoch :  189  Epoch time :  1.364612023346126  Train L2 Loss :  8.154931827545166
Epoch :  190  Epoch time :  1.3733452800661325  Train L2 Loss :  8.183104476165772
Epoch :  191  Epoch time :  1.3704700227826834  Train L2 Loss :  8.295650997924804
Epoch :  192  Epoch time :  1.3720510778948665  Train L2 Loss :  8.337722137260437
Epoch :  193  Epoch time :  1.354283008724451  Train L2 Loss :  8.169008126068116
Epoch :  194  Epoch time :  1.3693049941211939  Train L2 Loss :  8.296770511627198
Epoch :  195  Epoch time :  1.3971112631261349  Train L2 Loss :  8.223644297409058
Epoch :  196  Epoch time :  1.3721439894288778  Train L2 Loss :  8.172273978710175
Epoch :  197  Epoch time :  1.3739682361483574  Train L2 Loss :  8.114562314987182
Epoch :  198  Epoch time :  1.3754224451258779  Train L2 Loss :  8.111311096191406
Epoch :  199  Epoch time :  1.3717695195227861  Train L2 Loss :  8.159682930755615
Total time is : 265.47249437030405 Total epoch is  200
