Input dim :  201  output dim :  1
Start training 
183553
Epoch :  0  Epoch time :  1.5339739043265581  Train L2 Loss :  163.59494388427734
Epoch :  1  Epoch time :  1.342459392733872  Train L2 Loss :  63.21126354370117
Epoch :  2  Epoch time :  1.3370535178110003  Train L2 Loss :  46.65907422180176
Epoch :  3  Epoch time :  1.3436921406537294  Train L2 Loss :  40.6427066192627
Epoch :  4  Epoch time :  1.34362265560776  Train L2 Loss :  36.60717487487793
Epoch :  5  Epoch time :  1.3461990812793374  Train L2 Loss :  33.388987484741214
Epoch :  6  Epoch time :  1.3390759909525514  Train L2 Loss :  31.27202929534912
Epoch :  7  Epoch time :  1.3357510911300778  Train L2 Loss :  29.83135786743164
Epoch :  8  Epoch time :  1.367259985767305  Train L2 Loss :  28.63174329223633
Epoch :  9  Epoch time :  1.3715861616656184  Train L2 Loss :  28.276116529846192
Epoch :  10  Epoch time :  1.3695665914565325  Train L2 Loss :  26.784180470275878
Epoch :  11  Epoch time :  1.3439030777662992  Train L2 Loss :  26.349554608154296
Epoch :  12  Epoch time :  1.3480703374370933  Train L2 Loss :  25.51818833618164
Epoch :  13  Epoch time :  1.322921622544527  Train L2 Loss :  24.690969204711916
Epoch :  14  Epoch time :  1.3516224091872573  Train L2 Loss :  24.14196435470581
Epoch :  15  Epoch time :  1.3420468522235751  Train L2 Loss :  23.157796686172485
Epoch :  16  Epoch time :  1.3473076028749347  Train L2 Loss :  22.908996279907228
Epoch :  17  Epoch time :  1.3433766718953848  Train L2 Loss :  23.246305516052246
Epoch :  18  Epoch time :  1.3675187639892101  Train L2 Loss :  22.87174050064087
Epoch :  19  Epoch time :  1.3502386743202806  Train L2 Loss :  22.06577453918457
Epoch :  20  Epoch time :  1.371194084174931  Train L2 Loss :  21.749615486145018
Epoch :  21  Epoch time :  1.3467387706041336  Train L2 Loss :  21.94473596954346
Epoch :  22  Epoch time :  1.3470612252131104  Train L2 Loss :  21.097299015808105
Epoch :  23  Epoch time :  1.3517142878845334  Train L2 Loss :  21.520626328277586
Epoch :  24  Epoch time :  1.345451363362372  Train L2 Loss :  20.693064875793457
Epoch :  25  Epoch time :  1.324386273510754  Train L2 Loss :  20.43531004333496
Epoch :  26  Epoch time :  1.3532734075561166  Train L2 Loss :  19.973895910644533
Epoch :  27  Epoch time :  1.3586841383948922  Train L2 Loss :  20.165146325683594
Epoch :  28  Epoch time :  1.3584687309339643  Train L2 Loss :  20.243127644348146
Epoch :  29  Epoch time :  1.3494539428502321  Train L2 Loss :  20.07312681732178
Epoch :  30  Epoch time :  1.3668885417282581  Train L2 Loss :  19.38318829574585
Epoch :  31  Epoch time :  1.365602657198906  Train L2 Loss :  19.19205145263672
Epoch :  32  Epoch time :  1.3698108717799187  Train L2 Loss :  18.862420791625976
Epoch :  33  Epoch time :  1.3564907647669315  Train L2 Loss :  18.68934167175293
Epoch :  34  Epoch time :  1.3530231155455112  Train L2 Loss :  18.53601727142334
Epoch :  35  Epoch time :  1.3857644042000175  Train L2 Loss :  18.85187254638672
Epoch :  36  Epoch time :  1.3523218790069222  Train L2 Loss :  18.979150051879884
Epoch :  37  Epoch time :  1.3320108857005835  Train L2 Loss :  18.384788022613524
Epoch :  38  Epoch time :  1.3598171630874276  Train L2 Loss :  18.330345544433595
Epoch :  39  Epoch time :  1.3619441390037537  Train L2 Loss :  18.075269458007813
Epoch :  40  Epoch time :  1.368537925183773  Train L2 Loss :  18.235959494018555
Epoch :  41  Epoch time :  1.3557213610038161  Train L2 Loss :  18.335577682495117
Epoch :  42  Epoch time :  1.3587466701865196  Train L2 Loss :  18.117515115356444
Epoch :  43  Epoch time :  1.3800102667883039  Train L2 Loss :  17.518012488555907
Epoch :  44  Epoch time :  1.3805660726502538  Train L2 Loss :  17.891903350830077
Epoch :  45  Epoch time :  1.3586958898231387  Train L2 Loss :  17.635074572753908
Epoch :  46  Epoch time :  1.358265407383442  Train L2 Loss :  17.492713815307617
Epoch :  47  Epoch time :  1.3639951031655073  Train L2 Loss :  17.405191809844972
Epoch :  48  Epoch time :  1.3614875609055161  Train L2 Loss :  17.45917310180664
Epoch :  49  Epoch time :  1.340900600887835  Train L2 Loss :  16.94435991821289
Epoch :  50  Epoch time :  1.3620338877663016  Train L2 Loss :  16.97605050201416
Epoch :  51  Epoch time :  1.3671080255880952  Train L2 Loss :  16.975550814819336
Epoch :  52  Epoch time :  1.3927791938185692  Train L2 Loss :  16.830054148864747
Epoch :  53  Epoch time :  1.3687484161928296  Train L2 Loss :  16.85535383300781
Epoch :  54  Epoch time :  1.3709810227155685  Train L2 Loss :  16.920860580444337
Epoch :  55  Epoch time :  1.3752417648211122  Train L2 Loss :  16.428139419555663
Epoch :  56  Epoch time :  1.3883398482576013  Train L2 Loss :  16.38722615890503
Epoch :  57  Epoch time :  1.3741986006498337  Train L2 Loss :  16.465131575775146
Epoch :  58  Epoch time :  1.3716112999245524  Train L2 Loss :  16.5043002532959
Epoch :  59  Epoch time :  1.3714937129989266  Train L2 Loss :  16.405330850219727
Epoch :  60  Epoch time :  1.3704042788594961  Train L2 Loss :  16.146491946411132
Epoch :  61  Epoch time :  1.3519786847755313  Train L2 Loss :  16.19949310617447
Epoch :  62  Epoch time :  1.369971695356071  Train L2 Loss :  16.22042587890625
Epoch :  63  Epoch time :  1.3720009615644813  Train L2 Loss :  15.849621459960938
Epoch :  64  Epoch time :  1.3748304480686784  Train L2 Loss :  16.046223867416384
Epoch :  65  Epoch time :  1.367626833729446  Train L2 Loss :  15.664440467834472
Epoch :  66  Epoch time :  1.371449294500053  Train L2 Loss :  15.414247009277343
Epoch :  67  Epoch time :  1.3668113891035318  Train L2 Loss :  15.889988816833496
Epoch :  68  Epoch time :  1.3923002183437347  Train L2 Loss :  15.768129764556885
Epoch :  69  Epoch time :  1.3961182665079832  Train L2 Loss :  15.567500924682617
Epoch :  70  Epoch time :  1.369220576249063  Train L2 Loss :  15.174477631378174
Epoch :  71  Epoch time :  1.3715460356324911  Train L2 Loss :  15.837894403076172
Epoch :  72  Epoch time :  1.3760019419714808  Train L2 Loss :  14.986363171386719
Epoch :  73  Epoch time :  1.3528671823441982  Train L2 Loss :  14.998605642700195
Epoch :  74  Epoch time :  1.379015644080937  Train L2 Loss :  15.12945146408081
Epoch :  75  Epoch time :  1.3723549405112863  Train L2 Loss :  15.17657596282959
Epoch :  76  Epoch time :  1.3760558953508735  Train L2 Loss :  15.370352778625488
Epoch :  77  Epoch time :  1.3706927374005318  Train L2 Loss :  14.872058651733399
Epoch :  78  Epoch time :  1.3751521706581116  Train L2 Loss :  14.960536541748047
Epoch :  79  Epoch time :  1.372869722545147  Train L2 Loss :  14.903148832321166
Epoch :  80  Epoch time :  1.3997897552326322  Train L2 Loss :  14.750891998291015
Epoch :  81  Epoch time :  1.373970216140151  Train L2 Loss :  14.757975588989257
Epoch :  82  Epoch time :  1.3756210980936885  Train L2 Loss :  14.8947405254364
Epoch :  83  Epoch time :  1.3760704891756177  Train L2 Loss :  14.803791492843628
Epoch :  84  Epoch time :  1.3856080258265138  Train L2 Loss :  14.676637939453125
Epoch :  85  Epoch time :  1.3598255915567279  Train L2 Loss :  14.698528074645996
Epoch :  86  Epoch time :  1.409859312698245  Train L2 Loss :  14.409275449371338
Epoch :  87  Epoch time :  1.3816424300894141  Train L2 Loss :  14.246774029541015
Epoch :  88  Epoch time :  1.393645828589797  Train L2 Loss :  14.160732975006104
Epoch :  89  Epoch time :  1.3791218865662813  Train L2 Loss :  14.397964910888671
Epoch :  90  Epoch time :  1.3868449907749891  Train L2 Loss :  14.538505319213867
Epoch :  91  Epoch time :  1.3917644275352359  Train L2 Loss :  14.153272370910644
Epoch :  92  Epoch time :  1.4014443587511778  Train L2 Loss :  14.223356665039063
Epoch :  93  Epoch time :  1.380206422880292  Train L2 Loss :  14.309721229934693
Epoch :  94  Epoch time :  1.4122806238010526  Train L2 Loss :  14.0920251663208
Epoch :  95  Epoch time :  1.3920805901288986  Train L2 Loss :  14.319424732971191
Epoch :  96  Epoch time :  1.3850586926564574  Train L2 Loss :  14.174555209350586
Epoch :  97  Epoch time :  1.364119372330606  Train L2 Loss :  14.089410736846924
Epoch :  98  Epoch time :  1.3912347676232457  Train L2 Loss :  14.105773442077636
Epoch :  99  Epoch time :  1.3830778021365404  Train L2 Loss :  13.844214247512818
Epoch :  100  Epoch time :  1.3877291521057487  Train L2 Loss :  10.320378838157653
Epoch :  101  Epoch time :  1.3937863670289516  Train L2 Loss :  9.437403563690186
Epoch :  102  Epoch time :  1.384032835252583  Train L2 Loss :  9.573022939300538
Epoch :  103  Epoch time :  1.4092004084959626  Train L2 Loss :  9.338243901062011
Epoch :  104  Epoch time :  1.4109004996716976  Train L2 Loss :  9.323085940551758
Epoch :  105  Epoch time :  1.3888973705470562  Train L2 Loss :  9.443906009292602
Epoch :  106  Epoch time :  1.3867530738934875  Train L2 Loss :  9.352917800521851
Epoch :  107  Epoch time :  1.3908486161381006  Train L2 Loss :  9.456677339935302
Epoch :  108  Epoch time :  1.390659810975194  Train L2 Loss :  9.375465872955322
Epoch :  109  Epoch time :  1.3719413531944156  Train L2 Loss :  9.489136627197265
Epoch :  110  Epoch time :  1.3887035408988595  Train L2 Loss :  9.464896890830994
Epoch :  111  Epoch time :  1.3925882196053863  Train L2 Loss :  9.255046688747406
Epoch :  112  Epoch time :  1.3919318234547973  Train L2 Loss :  9.466871729278564
Epoch :  113  Epoch time :  1.3947053151205182  Train L2 Loss :  9.395837977600097
Epoch :  114  Epoch time :  1.3919767336919904  Train L2 Loss :  9.270146972846986
Epoch :  115  Epoch time :  1.392446555197239  Train L2 Loss :  9.316324688720703
Epoch :  116  Epoch time :  1.4292126940563321  Train L2 Loss :  9.446848218536378
Epoch :  117  Epoch time :  1.3969746371731162  Train L2 Loss :  9.280517808151245
Epoch :  118  Epoch time :  1.395258511416614  Train L2 Loss :  9.136027516174316
Epoch :  119  Epoch time :  1.403091087937355  Train L2 Loss :  9.246521846008301
Epoch :  120  Epoch time :  1.425435428507626  Train L2 Loss :  9.442169609069824
Epoch :  121  Epoch time :  1.376778663136065  Train L2 Loss :  9.15230707244873
Epoch :  122  Epoch time :  1.3971216501668096  Train L2 Loss :  9.000328046798707
Epoch :  123  Epoch time :  1.3973076790571213  Train L2 Loss :  9.236831322860718
Epoch :  124  Epoch time :  1.3943163314834237  Train L2 Loss :  9.014078276062012
Epoch :  125  Epoch time :  1.4008331969380379  Train L2 Loss :  9.062306203079224
Epoch :  126  Epoch time :  1.4053192287683487  Train L2 Loss :  9.155223891067505
Epoch :  127  Epoch time :  1.4082229332998395  Train L2 Loss :  9.36999161682129
Epoch :  128  Epoch time :  1.4194844514131546  Train L2 Loss :  9.00509068250656
Epoch :  129  Epoch time :  1.403628459200263  Train L2 Loss :  9.105376669311523
Epoch :  130  Epoch time :  1.4052827823907137  Train L2 Loss :  9.137338540649415
Epoch :  131  Epoch time :  1.401790120638907  Train L2 Loss :  9.021766025543213
Epoch :  132  Epoch time :  1.4137094961479306  Train L2 Loss :  8.884763082885742
Epoch :  133  Epoch time :  1.3822919875383377  Train L2 Loss :  9.166164936828613
Epoch :  134  Epoch time :  1.4009131658822298  Train L2 Loss :  8.95544408493042
Epoch :  135  Epoch time :  1.409362405538559  Train L2 Loss :  8.872129975891113
Epoch :  136  Epoch time :  1.4666524399071932  Train L2 Loss :  8.995690309906006
Epoch :  137  Epoch time :  1.4514369629323483  Train L2 Loss :  8.87588586807251
Epoch :  138  Epoch time :  1.438535787165165  Train L2 Loss :  8.754775242900848
Epoch :  139  Epoch time :  1.433047783561051  Train L2 Loss :  8.823514349746704
Epoch :  140  Epoch time :  1.4915611604228616  Train L2 Loss :  8.895958248138427
Epoch :  141  Epoch time :  1.4600865682587028  Train L2 Loss :  9.051158010101318
Epoch :  142  Epoch time :  1.459142460487783  Train L2 Loss :  8.875725218772889
Epoch :  143  Epoch time :  1.4273983500897884  Train L2 Loss :  8.721770131492615
Epoch :  144  Epoch time :  1.439402049407363  Train L2 Loss :  8.96438660030365
Epoch :  145  Epoch time :  1.4029884189367294  Train L2 Loss :  8.864923326873779
Epoch :  146  Epoch time :  1.4172135535627604  Train L2 Loss :  8.796193703269958
Epoch :  147  Epoch time :  1.4144631149247289  Train L2 Loss :  8.758875219631195
Epoch :  148  Epoch time :  1.418273501098156  Train L2 Loss :  8.675954097747804
Epoch :  149  Epoch time :  1.4206338953226805  Train L2 Loss :  9.11788029975891
Epoch :  150  Epoch time :  1.4206018513068557  Train L2 Loss :  8.571477591705323
Epoch :  151  Epoch time :  1.4384365705773234  Train L2 Loss :  8.75772924232483
Epoch :  152  Epoch time :  1.450754215940833  Train L2 Loss :  8.465934811401366
Epoch :  153  Epoch time :  1.4397685378789902  Train L2 Loss :  8.563142755889892
Epoch :  154  Epoch time :  1.4191364366561174  Train L2 Loss :  8.618795819282532
Epoch :  155  Epoch time :  1.421097930520773  Train L2 Loss :  8.74012438659668
Epoch :  156  Epoch time :  1.4363893056288362  Train L2 Loss :  8.550152641296387
Epoch :  157  Epoch time :  1.4036203315481544  Train L2 Loss :  8.825173853683472
Epoch :  158  Epoch time :  1.4219561265781522  Train L2 Loss :  8.617566245269776
Epoch :  159  Epoch time :  1.4291027877479792  Train L2 Loss :  8.681197538757324
Epoch :  160  Epoch time :  1.4238935951143503  Train L2 Loss :  8.609950075531005
Epoch :  161  Epoch time :  1.423095884732902  Train L2 Loss :  8.766986799621582
Epoch :  162  Epoch time :  1.4265723591670394  Train L2 Loss :  8.683160423660278
Epoch :  163  Epoch time :  1.419060911051929  Train L2 Loss :  8.4915444190979
Epoch :  164  Epoch time :  1.4515496995300055  Train L2 Loss :  8.474341366577148
Epoch :  165  Epoch time :  1.4385659266263247  Train L2 Loss :  8.848103806495667
Epoch :  166  Epoch time :  1.4288150435313582  Train L2 Loss :  8.615852734184266
Epoch :  167  Epoch time :  1.424450809136033  Train L2 Loss :  8.718318334507941
Epoch :  168  Epoch time :  1.4248220473527908  Train L2 Loss :  8.698869948577881
Epoch :  169  Epoch time :  1.435964798554778  Train L2 Loss :  8.797217496109008
Epoch :  170  Epoch time :  1.4243313930928707  Train L2 Loss :  8.526757636260987
Epoch :  171  Epoch time :  1.423745104111731  Train L2 Loss :  8.493965051269532
Epoch :  172  Epoch time :  1.4294919837266207  Train L2 Loss :  8.525172702789307
Epoch :  173  Epoch time :  1.4218631880357862  Train L2 Loss :  8.530556993103028
Epoch :  174  Epoch time :  1.4302475191652775  Train L2 Loss :  8.396588314819336
Epoch :  175  Epoch time :  1.4403664786368608  Train L2 Loss :  8.56906599225998
Epoch :  176  Epoch time :  1.4510800940915942  Train L2 Loss :  8.648419806671143
Epoch :  177  Epoch time :  1.4315066877752542  Train L2 Loss :  8.328847240447997
Epoch :  178  Epoch time :  1.4300285121425986  Train L2 Loss :  8.5769180519104
Epoch :  179  Epoch time :  1.4295665509998798  Train L2 Loss :  8.57567476196289
Epoch :  180  Epoch time :  1.4298253348097205  Train L2 Loss :  8.658987746429444
Epoch :  181  Epoch time :  1.4171875463798642  Train L2 Loss :  8.505141520690918
Epoch :  182  Epoch time :  1.431274713948369  Train L2 Loss :  8.533238095474243
Epoch :  183  Epoch time :  1.432122390717268  Train L2 Loss :  8.595487993335723
Epoch :  184  Epoch time :  1.4339172262698412  Train L2 Loss :  8.47987466506958
Epoch :  185  Epoch time :  1.461485767737031  Train L2 Loss :  8.366369460296632
Epoch :  186  Epoch time :  1.4449268663302064  Train L2 Loss :  8.604333186340332
Epoch :  187  Epoch time :  1.4390748916193843  Train L2 Loss :  8.292816681671143
Epoch :  188  Epoch time :  1.4595626099035144  Train L2 Loss :  8.62830672531128
Epoch :  189  Epoch time :  1.4284000685438514  Train L2 Loss :  8.190072214508056
Epoch :  190  Epoch time :  1.4462529318407178  Train L2 Loss :  8.341912115478516
Epoch :  191  Epoch time :  1.4342778781428933  Train L2 Loss :  8.399526621627807
Epoch :  192  Epoch time :  1.437951385974884  Train L2 Loss :  8.30834199142456
Epoch :  193  Epoch time :  1.4118349328637123  Train L2 Loss :  8.509828260040283
Epoch :  194  Epoch time :  1.4360114000737667  Train L2 Loss :  8.283669551849366
Epoch :  195  Epoch time :  1.4365411885082722  Train L2 Loss :  8.287213973999023
Epoch :  196  Epoch time :  1.4331168299540877  Train L2 Loss :  8.215690544319154
Epoch :  197  Epoch time :  1.4399395966902375  Train L2 Loss :  8.487638636016845
Epoch :  198  Epoch time :  1.4345569275319576  Train L2 Loss :  8.414890685653686
Epoch :  199  Epoch time :  1.4416847890242934  Train L2 Loss :  8.463425359153748
Total time is : 278.92045914474875 Total epoch is  200
