Input dim :  201  output dim :  1
Start training 
59009
Epoch :  0  Epoch time :  1.5756213627755642  Train L2 Loss :  171.9105560852051
Epoch :  1  Epoch time :  1.3469240358099341  Train L2 Loss :  75.65418259582519
Epoch :  2  Epoch time :  1.37149827927351  Train L2 Loss :  50.113885083007816
Epoch :  3  Epoch time :  1.3650405574589968  Train L2 Loss :  43.316130909729004
Epoch :  4  Epoch time :  1.3681770889088511  Train L2 Loss :  39.525210546875
Epoch :  5  Epoch time :  1.3844819189980626  Train L2 Loss :  36.43823160095215
Epoch :  6  Epoch time :  1.3626100178807974  Train L2 Loss :  35.11524128417969
Epoch :  7  Epoch time :  1.3602099381387234  Train L2 Loss :  32.86932761688232
Epoch :  8  Epoch time :  1.3838487062603235  Train L2 Loss :  31.81707770690918
Epoch :  9  Epoch time :  1.3583686845377088  Train L2 Loss :  30.08267279510498
Epoch :  10  Epoch time :  1.3606863869354129  Train L2 Loss :  29.086922082519532
Epoch :  11  Epoch time :  1.3615431832149625  Train L2 Loss :  28.483379595947266
Epoch :  12  Epoch time :  1.3654316682368517  Train L2 Loss :  27.68820521850586
Epoch :  13  Epoch time :  1.3401019992306828  Train L2 Loss :  26.89973474121094
Epoch :  14  Epoch time :  1.372806622646749  Train L2 Loss :  26.241817851257323
Epoch :  15  Epoch time :  1.3784370636567473  Train L2 Loss :  25.628351836395264
Epoch :  16  Epoch time :  1.3727628849446774  Train L2 Loss :  25.28793185119629
Epoch :  17  Epoch time :  1.3638409925624728  Train L2 Loss :  24.605006806945802
Epoch :  18  Epoch time :  1.3665152182802558  Train L2 Loss :  24.280312955474855
Epoch :  19  Epoch time :  1.3638625610619783  Train L2 Loss :  23.28168835144043
Epoch :  20  Epoch time :  1.3873241413384676  Train L2 Loss :  23.32949808654785
Epoch :  21  Epoch time :  1.3636152669787407  Train L2 Loss :  23.077292025756837
Epoch :  22  Epoch time :  1.3960525942966342  Train L2 Loss :  22.648626792144775
Epoch :  23  Epoch time :  1.3694325080141425  Train L2 Loss :  22.46593224487305
Epoch :  24  Epoch time :  1.3782656816765666  Train L2 Loss :  21.678382821655273
Epoch :  25  Epoch time :  1.3499081376940012  Train L2 Loss :  21.526105210876466
Epoch :  26  Epoch time :  1.3805643422529101  Train L2 Loss :  21.29903152923584
Epoch :  27  Epoch time :  1.380128875374794  Train L2 Loss :  21.02707767791748
Epoch :  28  Epoch time :  1.3817337648943067  Train L2 Loss :  21.458300982666017
Epoch :  29  Epoch time :  1.3903206959366798  Train L2 Loss :  20.239496238708497
Epoch :  30  Epoch time :  1.3825411824509501  Train L2 Loss :  20.371084191894532
Epoch :  31  Epoch time :  1.3813372254371643  Train L2 Loss :  20.32869062347412
Epoch :  32  Epoch time :  1.4032449591904879  Train L2 Loss :  19.976301375961302
Epoch :  33  Epoch time :  1.3795793214812875  Train L2 Loss :  19.87422281188965
Epoch :  34  Epoch time :  1.383201315999031  Train L2 Loss :  19.672458129119875
Epoch :  35  Epoch time :  1.3821444688364863  Train L2 Loss :  19.37621911315918
Epoch :  36  Epoch time :  1.3825238412246108  Train L2 Loss :  19.465374391174315
Epoch :  37  Epoch time :  1.3627604022622108  Train L2 Loss :  19.01223201828003
Epoch :  38  Epoch time :  1.3806009767577052  Train L2 Loss :  19.2352498298645
Epoch :  39  Epoch time :  1.4044575337320566  Train L2 Loss :  19.285521382141113
Epoch :  40  Epoch time :  1.377821640111506  Train L2 Loss :  18.9097966796875
Epoch :  41  Epoch time :  1.381030473858118  Train L2 Loss :  18.865650846862792
Epoch :  42  Epoch time :  1.385062837973237  Train L2 Loss :  18.949470495605468
Epoch :  43  Epoch time :  1.3837157906964421  Train L2 Loss :  18.49712392578125
Epoch :  44  Epoch time :  1.4148456305265427  Train L2 Loss :  18.651040257263183
Epoch :  45  Epoch time :  1.4033250706270337  Train L2 Loss :  18.184032113075258
Epoch :  46  Epoch time :  1.3880593348294497  Train L2 Loss :  18.275589000701903
Epoch :  47  Epoch time :  1.3897591335698962  Train L2 Loss :  18.190203422546386
Epoch :  48  Epoch time :  1.3999866675585508  Train L2 Loss :  17.75550859222412
Epoch :  49  Epoch time :  1.3736578673124313  Train L2 Loss :  18.017218228912352
Epoch :  50  Epoch time :  1.3885372830554843  Train L2 Loss :  17.712591111755373
Epoch :  51  Epoch time :  1.3890476943925023  Train L2 Loss :  17.590682678222656
Epoch :  52  Epoch time :  1.4001026777550578  Train L2 Loss :  17.951887171936036
Epoch :  53  Epoch time :  1.387102403678  Train L2 Loss :  17.60024339752197
Epoch :  54  Epoch time :  1.3846800401806831  Train L2 Loss :  17.403010565185546
Epoch :  55  Epoch time :  1.3936684792861342  Train L2 Loss :  17.38658390598297
Epoch :  56  Epoch time :  1.431474620476365  Train L2 Loss :  17.108037814331055
Epoch :  57  Epoch time :  1.3939726315438747  Train L2 Loss :  16.94427892150879
Epoch :  58  Epoch time :  1.3950665090233088  Train L2 Loss :  16.92332717552185
Epoch :  59  Epoch time :  1.399188643321395  Train L2 Loss :  17.23049418106079
Epoch :  60  Epoch time :  1.395851251669228  Train L2 Loss :  16.80963525238037
Epoch :  61  Epoch time :  1.373033563606441  Train L2 Loss :  16.777662090301515
Epoch :  62  Epoch time :  1.3949869005009532  Train L2 Loss :  16.64266637992859
Epoch :  63  Epoch time :  1.402678107842803  Train L2 Loss :  16.608716538238525
Epoch :  64  Epoch time :  1.3965443838387728  Train L2 Loss :  17.223172401428222
Epoch :  65  Epoch time :  1.394035548903048  Train L2 Loss :  16.660183686828614
Epoch :  66  Epoch time :  1.4014530293643475  Train L2 Loss :  16.598504191589356
Epoch :  67  Epoch time :  1.4142266847193241  Train L2 Loss :  16.262206089782715
Epoch :  68  Epoch time :  1.4203133936971426  Train L2 Loss :  16.32700186920166
Epoch :  69  Epoch time :  1.4007644103839993  Train L2 Loss :  16.427038597869874
Epoch :  70  Epoch time :  1.411296758800745  Train L2 Loss :  16.335118270874023
Epoch :  71  Epoch time :  1.4002696759998798  Train L2 Loss :  16.36268663635254
Epoch :  72  Epoch time :  1.4316794276237488  Train L2 Loss :  16.00378204498291
Epoch :  73  Epoch time :  1.3789151795208454  Train L2 Loss :  15.876612889099121
Epoch :  74  Epoch time :  1.399717583321035  Train L2 Loss :  16.115002782440186
Epoch :  75  Epoch time :  1.4024393307045102  Train L2 Loss :  15.9209552734375
Epoch :  76  Epoch time :  1.4029651368036866  Train L2 Loss :  16.175579647064207
Epoch :  77  Epoch time :  1.4101676987484097  Train L2 Loss :  15.782497967529297
Epoch :  78  Epoch time :  1.4030803656205535  Train L2 Loss :  15.950987237548828
Epoch :  79  Epoch time :  1.4051658948883414  Train L2 Loss :  15.844099383544922
Epoch :  80  Epoch time :  1.4349565673619509  Train L2 Loss :  15.687083491516113
Epoch :  81  Epoch time :  1.4040129547938704  Train L2 Loss :  15.361217166137696
Epoch :  82  Epoch time :  1.409292545169592  Train L2 Loss :  15.649911222839355
Epoch :  83  Epoch time :  1.4054587967693806  Train L2 Loss :  15.438697875976562
Epoch :  84  Epoch time :  1.4143267292529345  Train L2 Loss :  15.643949420928955
Epoch :  85  Epoch time :  1.387797299772501  Train L2 Loss :  15.469505882644654
Epoch :  86  Epoch time :  1.4068955089896917  Train L2 Loss :  15.408441169738769
Epoch :  87  Epoch time :  1.4200730537995696  Train L2 Loss :  15.307502439880372
Epoch :  88  Epoch time :  1.414876607246697  Train L2 Loss :  14.890956883621216
Epoch :  89  Epoch time :  1.453949180431664  Train L2 Loss :  14.943930755615234
Epoch :  90  Epoch time :  1.4056565845385194  Train L2 Loss :  15.013287172698975
Epoch :  91  Epoch time :  1.4080695351585746  Train L2 Loss :  15.151540435028076
Epoch :  92  Epoch time :  1.4352065175771713  Train L2 Loss :  15.289069161987305
Epoch :  93  Epoch time :  1.4055202146992087  Train L2 Loss :  14.937783202362061
Epoch :  94  Epoch time :  1.408497623167932  Train L2 Loss :  15.02632958984375
Epoch :  95  Epoch time :  1.4115354418754578  Train L2 Loss :  14.716835469055177
Epoch :  96  Epoch time :  1.4081383319571614  Train L2 Loss :  14.801455825805665
Epoch :  97  Epoch time :  1.389879791997373  Train L2 Loss :  14.964728885269166
Epoch :  98  Epoch time :  1.4118084060028195  Train L2 Loss :  15.303048881530762
Epoch :  99  Epoch time :  1.418121394701302  Train L2 Loss :  15.058174606704712
Epoch :  100  Epoch time :  1.4110371628776193  Train L2 Loss :  11.253219537353516
Epoch :  101  Epoch time :  1.4096087357029319  Train L2 Loss :  10.271301698684692
Epoch :  102  Epoch time :  1.4198998808860779  Train L2 Loss :  10.163598852539062
Epoch :  103  Epoch time :  1.4091468807309866  Train L2 Loss :  10.14910591430664
Epoch :  104  Epoch time :  1.4329912904649973  Train L2 Loss :  10.348244031524658
Epoch :  105  Epoch time :  1.4333614129573107  Train L2 Loss :  10.251841011428834
Epoch :  106  Epoch time :  1.4204191491007805  Train L2 Loss :  10.279026831054688
Epoch :  107  Epoch time :  1.4114945475012064  Train L2 Loss :  10.379288696289063
Epoch :  108  Epoch time :  1.415672761388123  Train L2 Loss :  10.234159353637695
Epoch :  109  Epoch time :  1.3902701800689101  Train L2 Loss :  10.164347568511962
Epoch :  110  Epoch time :  1.412618923932314  Train L2 Loss :  10.346717806053162
Epoch :  111  Epoch time :  1.411812985315919  Train L2 Loss :  10.324781645965576
Epoch :  112  Epoch time :  1.4170349463820457  Train L2 Loss :  10.376805799102783
Epoch :  113  Epoch time :  1.4148888606578112  Train L2 Loss :  10.153473583030701
Epoch :  114  Epoch time :  1.425081066787243  Train L2 Loss :  10.160328176879883
Epoch :  115  Epoch time :  1.415083022788167  Train L2 Loss :  10.20796972885132
Epoch :  116  Epoch time :  1.4437758373096585  Train L2 Loss :  10.22598187942505
Epoch :  117  Epoch time :  1.4201014498248696  Train L2 Loss :  10.180551861000062
Epoch :  118  Epoch time :  1.4182157013565302  Train L2 Loss :  9.974145014095306
Epoch :  119  Epoch time :  1.4183935774490237  Train L2 Loss :  9.97476688976288
Epoch :  120  Epoch time :  1.4202318601310253  Train L2 Loss :  10.148723149871826
Epoch :  121  Epoch time :  1.3969363905489445  Train L2 Loss :  9.885985832214356
Epoch :  122  Epoch time :  1.4437411716207862  Train L2 Loss :  9.931038414001465
Epoch :  123  Epoch time :  1.4196541719138622  Train L2 Loss :  9.862260150909425
Epoch :  124  Epoch time :  1.4226600406691432  Train L2 Loss :  10.173663004493713
Epoch :  125  Epoch time :  1.420609219931066  Train L2 Loss :  9.90343337097168
Epoch :  126  Epoch time :  1.4202915765345097  Train L2 Loss :  9.948479927444458
Epoch :  127  Epoch time :  1.4277527257800102  Train L2 Loss :  9.82868360824585
Epoch :  128  Epoch time :  1.443716712296009  Train L2 Loss :  9.698903819274902
Epoch :  129  Epoch time :  1.4248425709083676  Train L2 Loss :  9.860087811660767
Epoch :  130  Epoch time :  1.4261843860149384  Train L2 Loss :  9.789870710754395
Epoch :  131  Epoch time :  1.4237743271514773  Train L2 Loss :  9.821871395111083
Epoch :  132  Epoch time :  1.4223168231546879  Train L2 Loss :  9.840889470672607
Epoch :  133  Epoch time :  1.4220427153632045  Train L2 Loss :  9.83627945537567
Epoch :  134  Epoch time :  1.4327393509447575  Train L2 Loss :  9.75134907836914
Epoch :  135  Epoch time :  1.4279853329062462  Train L2 Loss :  9.918398572731018
Epoch :  136  Epoch time :  1.433513993397355  Train L2 Loss :  9.704704310131072
Epoch :  137  Epoch time :  1.4299292964860797  Train L2 Loss :  9.650990985107422
Epoch :  138  Epoch time :  1.457362225279212  Train L2 Loss :  9.781221128082276
Epoch :  139  Epoch time :  1.4307449385523796  Train L2 Loss :  9.737607709503173
Epoch :  140  Epoch time :  1.4560142708942294  Train L2 Loss :  9.652064342308044
Epoch :  141  Epoch time :  1.4406173676252365  Train L2 Loss :  9.63639380774498
Epoch :  142  Epoch time :  1.4333423394709826  Train L2 Loss :  9.532724636459351
Epoch :  143  Epoch time :  1.4310824843123555  Train L2 Loss :  9.469237306785583
Epoch :  144  Epoch time :  1.438606932759285  Train L2 Loss :  9.622199628829955
Epoch :  145  Epoch time :  1.4095332799479365  Train L2 Loss :  9.716634849739075
Epoch :  146  Epoch time :  1.4351959833875299  Train L2 Loss :  9.515414031982422
Epoch :  147  Epoch time :  1.4324379367753863  Train L2 Loss :  9.275700728464127
Epoch :  148  Epoch time :  1.4350250698626041  Train L2 Loss :  9.645661207103728
Epoch :  149  Epoch time :  1.4350371081382036  Train L2 Loss :  9.543047593688964
Epoch :  150  Epoch time :  1.4397066412493587  Train L2 Loss :  9.52836654510498
Epoch :  151  Epoch time :  1.439925237558782  Train L2 Loss :  9.628839212036134
Epoch :  152  Epoch time :  1.4619389930739999  Train L2 Loss :  9.62157036933899
Epoch :  153  Epoch time :  1.43558079469949  Train L2 Loss :  9.506642422485351
Epoch :  154  Epoch time :  1.459009594283998  Train L2 Loss :  9.365642716598511
Epoch :  155  Epoch time :  1.4485992593690753  Train L2 Loss :  9.404360778045655
Epoch :  156  Epoch time :  1.4406364420428872  Train L2 Loss :  9.524165016174317
Epoch :  157  Epoch time :  1.4142940249294043  Train L2 Loss :  9.552395268249512
Epoch :  158  Epoch time :  1.436051731929183  Train L2 Loss :  9.380610612487793
Epoch :  159  Epoch time :  1.4416481703519821  Train L2 Loss :  9.374623751831054
Epoch :  160  Epoch time :  1.4397478057071567  Train L2 Loss :  9.340014539718627
Epoch :  161  Epoch time :  1.469259557314217  Train L2 Loss :  9.400334187698364
Epoch :  162  Epoch time :  1.4831825196743011  Train L2 Loss :  9.407732059478759
Epoch :  163  Epoch time :  1.4708245489746332  Train L2 Loss :  9.322753517150879
Epoch :  164  Epoch time :  1.4891603589057922  Train L2 Loss :  9.317403605651856
Epoch :  165  Epoch time :  1.490376771427691  Train L2 Loss :  9.462206781387328
Epoch :  166  Epoch time :  1.5084670167416334  Train L2 Loss :  9.22166704711914
Epoch :  167  Epoch time :  1.4634366668760777  Train L2 Loss :  9.265885130310059
Epoch :  168  Epoch time :  1.4513196824118495  Train L2 Loss :  9.362985049438477
Epoch :  169  Epoch time :  1.437174047343433  Train L2 Loss :  9.376602629089355
Epoch :  170  Epoch time :  1.4807343129068613  Train L2 Loss :  9.448482794952392
Epoch :  171  Epoch time :  1.4601279264315963  Train L2 Loss :  9.254451025390624
Epoch :  172  Epoch time :  1.464132838882506  Train L2 Loss :  9.22861179084778
Epoch :  173  Epoch time :  1.4561311909928918  Train L2 Loss :  9.247249555778504
Epoch :  174  Epoch time :  1.454829989001155  Train L2 Loss :  9.388649591445922
Epoch :  175  Epoch time :  1.480658570304513  Train L2 Loss :  9.314029941940307
Epoch :  176  Epoch time :  1.481187617406249  Train L2 Loss :  9.385003904914855
Epoch :  177  Epoch time :  1.4497658237814903  Train L2 Loss :  9.215950671768189
Epoch :  178  Epoch time :  1.452425317838788  Train L2 Loss :  9.1853577501297
Epoch :  179  Epoch time :  1.4611892448738217  Train L2 Loss :  9.036703343582154
Epoch :  180  Epoch time :  1.4578605201095343  Train L2 Loss :  9.463482562255859
Epoch :  181  Epoch time :  1.4283888582140207  Train L2 Loss :  9.472762237739563
Epoch :  182  Epoch time :  1.4551875498145819  Train L2 Loss :  9.109304603004455
Epoch :  183  Epoch time :  1.4569382788613439  Train L2 Loss :  9.278670118713379
Epoch :  184  Epoch time :  1.4559973664581776  Train L2 Loss :  9.015119392013549
Epoch :  185  Epoch time :  1.457104790955782  Train L2 Loss :  9.186683375930786
Epoch :  186  Epoch time :  1.4633908616378903  Train L2 Loss :  9.265419887542725
Epoch :  187  Epoch time :  1.4761508833616972  Train L2 Loss :  9.07986435585022
Epoch :  188  Epoch time :  1.4819540660828352  Train L2 Loss :  9.023143070983886
Epoch :  189  Epoch time :  1.4596427837386727  Train L2 Loss :  9.262632592582703
Epoch :  190  Epoch time :  1.4653631141409278  Train L2 Loss :  9.036676733398437
Epoch :  191  Epoch time :  1.4577952111139894  Train L2 Loss :  9.137772017669677
Epoch :  192  Epoch time :  1.459412321448326  Train L2 Loss :  9.234958377456666
Epoch :  193  Epoch time :  1.4346310067921877  Train L2 Loss :  9.176076902198792
Epoch :  194  Epoch time :  1.4611621834337711  Train L2 Loss :  9.17490431509018
Epoch :  195  Epoch time :  1.457968250848353  Train L2 Loss :  9.123354958534241
Epoch :  196  Epoch time :  1.462710832245648  Train L2 Loss :  8.875524407958984
Epoch :  197  Epoch time :  1.4590708008036017  Train L2 Loss :  8.991083177947997
Epoch :  198  Epoch time :  1.4589016810059547  Train L2 Loss :  9.003286725234986
Epoch :  199  Epoch time :  1.4598299385979772  Train L2 Loss :  9.029947254180907
Total time is : 283.4997430257499 Total epoch is  200
