Input dim :  201  output dim :  1
Start training 
183553
Epoch :  0  Epoch time :  16.633849808946252  Train L2 Loss :  44.696391456222536
Epoch :  1  Epoch time :  16.521189831197262  Train L2 Loss :  22.520823170757293
Epoch :  2  Epoch time :  16.68848473019898  Train L2 Loss :  19.315947324371336
Epoch :  3  Epoch time :  16.780543574132025  Train L2 Loss :  17.54619811668396
Epoch :  4  Epoch time :  16.861853456124663  Train L2 Loss :  16.357475617408753
Epoch :  5  Epoch time :  16.862532685510814  Train L2 Loss :  15.360847538852692
Epoch :  6  Epoch time :  16.89298076555133  Train L2 Loss :  14.61002313451767
Epoch :  7  Epoch time :  17.065705438144505  Train L2 Loss :  13.917689625740051
Epoch :  8  Epoch time :  17.15145433973521  Train L2 Loss :  13.456922291374207
Epoch :  9  Epoch time :  17.288821944966912  Train L2 Loss :  12.978005503940583
Epoch :  10  Epoch time :  17.43433760199696  Train L2 Loss :  12.52470525841713
Epoch :  11  Epoch time :  17.441191007383168  Train L2 Loss :  12.182556751060487
Epoch :  12  Epoch time :  17.52557437401265  Train L2 Loss :  11.873773844528198
Epoch :  13  Epoch time :  17.55303611792624  Train L2 Loss :  11.576557516098022
Epoch :  14  Epoch time :  17.821300726383924  Train L2 Loss :  11.273141934967041
Epoch :  15  Epoch time :  17.610839845612645  Train L2 Loss :  11.08688240890503
Epoch :  16  Epoch time :  17.685828474350274  Train L2 Loss :  10.808546957969666
Epoch :  17  Epoch time :  17.665497423149645  Train L2 Loss :  10.56616668214798
Epoch :  18  Epoch time :  17.6591465016827  Train L2 Loss :  10.41073023710251
Epoch :  19  Epoch time :  17.737415679730475  Train L2 Loss :  10.252184140014649
Epoch :  20  Epoch time :  17.738062840886414  Train L2 Loss :  10.102423777914048
Epoch :  21  Epoch time :  17.738743637688458  Train L2 Loss :  9.925795746421814
Epoch :  22  Epoch time :  17.783104496076703  Train L2 Loss :  9.776783560943603
Epoch :  23  Epoch time :  17.81639805994928  Train L2 Loss :  9.626863153743743
Epoch :  24  Epoch time :  17.83165374211967  Train L2 Loss :  9.505027014160156
Epoch :  25  Epoch time :  17.829642177559435  Train L2 Loss :  9.373409312319756
Epoch :  26  Epoch time :  17.877360713668168  Train L2 Loss :  9.268532685899734
Epoch :  27  Epoch time :  17.93365969415754  Train L2 Loss :  9.135990431308747
Epoch :  28  Epoch time :  18.275054030120373  Train L2 Loss :  9.065749990463257
Epoch :  29  Epoch time :  18.21069902088493  Train L2 Loss :  8.955676031136512
Epoch :  30  Epoch time :  17.93622981850058  Train L2 Loss :  8.874184890937805
Epoch :  31  Epoch time :  18.054389680735767  Train L2 Loss :  8.743661216926574
Epoch :  32  Epoch time :  18.011008667759597  Train L2 Loss :  8.698743480992317
Epoch :  33  Epoch time :  18.089572281576693  Train L2 Loss :  8.551427022123336
Epoch :  34  Epoch time :  18.111988375894725  Train L2 Loss :  8.502860099220277
Epoch :  35  Epoch time :  18.09645707346499  Train L2 Loss :  8.409168513774873
Epoch :  36  Epoch time :  18.17040077596903  Train L2 Loss :  8.332015612125396
Epoch :  37  Epoch time :  18.19521524850279  Train L2 Loss :  8.23394783411026
Epoch :  38  Epoch time :  18.15682216733694  Train L2 Loss :  8.21981398897171
Epoch :  39  Epoch time :  18.202806746587157  Train L2 Loss :  8.120646932792663
Epoch :  40  Epoch time :  18.27518331632018  Train L2 Loss :  8.072202908611297
Epoch :  41  Epoch time :  18.17807679530233  Train L2 Loss :  8.047450214862824
Epoch :  42  Epoch time :  18.330382547341287  Train L2 Loss :  7.949517961215973
Epoch :  43  Epoch time :  18.205483407713473  Train L2 Loss :  7.922544654083252
Epoch :  44  Epoch time :  18.31467114482075  Train L2 Loss :  7.839111125612259
Epoch :  45  Epoch time :  18.261049817316234  Train L2 Loss :  7.787363195323944
Epoch :  46  Epoch time :  18.228010994382203  Train L2 Loss :  7.717706350791454
Epoch :  47  Epoch time :  18.26957732066512  Train L2 Loss :  7.7196944215774534
Epoch :  48  Epoch time :  18.38251335453242  Train L2 Loss :  7.6044783445119855
Epoch :  49  Epoch time :  18.249803110957146  Train L2 Loss :  7.576447825193405
Epoch :  50  Epoch time :  18.34629216697067  Train L2 Loss :  7.5483422296106815
Epoch :  51  Epoch time :  18.2989295553416  Train L2 Loss :  7.455726812362671
Epoch :  52  Epoch time :  18.324542362242937  Train L2 Loss :  7.439805730581283
Epoch :  53  Epoch time :  18.400462116114795  Train L2 Loss :  7.387359341955185
Epoch :  54  Epoch time :  18.36263768747449  Train L2 Loss :  7.3466141619682315
Epoch :  55  Epoch time :  18.405085719190538  Train L2 Loss :  7.322699075698853
Epoch :  56  Epoch time :  18.408360238187015  Train L2 Loss :  7.243145308685302
Epoch :  57  Epoch time :  18.343908049166203  Train L2 Loss :  7.2107203209877015
Epoch :  58  Epoch time :  18.44691686052829  Train L2 Loss :  7.177959754228592
Epoch :  59  Epoch time :  18.43755848892033  Train L2 Loss :  7.14867054066658
Epoch :  60  Epoch time :  18.351855031214654  Train L2 Loss :  7.1487295310020444
Epoch :  61  Epoch time :  18.41432339604944  Train L2 Loss :  7.085671147155762
Epoch :  62  Epoch time :  18.400642903521657  Train L2 Loss :  7.019697661161422
Epoch :  63  Epoch time :  18.421256685629487  Train L2 Loss :  6.9992372602939605
Epoch :  64  Epoch time :  18.403073485009372  Train L2 Loss :  6.969722973108292
Epoch :  65  Epoch time :  18.41652626544237  Train L2 Loss :  6.983819180297852
Epoch :  66  Epoch time :  18.431669160723686  Train L2 Loss :  6.9055701305389405
Epoch :  67  Epoch time :  18.466003579087555  Train L2 Loss :  6.862302233600617
Epoch :  68  Epoch time :  18.392035515978932  Train L2 Loss :  6.8154727356910705
Epoch :  69  Epoch time :  18.468635316938162  Train L2 Loss :  6.804604974359274
Epoch :  70  Epoch time :  18.40478372760117  Train L2 Loss :  6.829677172183991
Epoch :  71  Epoch time :  18.462651362642646  Train L2 Loss :  6.740415180635452
Epoch :  72  Epoch time :  18.46877313964069  Train L2 Loss :  6.716675372028351
Epoch :  73  Epoch time :  18.44586283247918  Train L2 Loss :  6.689820194244385
Epoch :  74  Epoch time :  18.423242585733533  Train L2 Loss :  6.658526526331902
Epoch :  75  Epoch time :  18.451364723034203  Train L2 Loss :  6.605006188976764
Epoch :  76  Epoch time :  18.469481731764972  Train L2 Loss :  6.591788108557463
Epoch :  77  Epoch time :  18.479392969980836  Train L2 Loss :  6.608429015827179
Epoch :  78  Epoch time :  18.492983887903392  Train L2 Loss :  6.535501378774643
Epoch :  79  Epoch time :  18.517587050795555  Train L2 Loss :  6.538326126003265
Epoch :  80  Epoch time :  18.49952492583543  Train L2 Loss :  6.494153991901874
Epoch :  81  Epoch time :  18.471538432873785  Train L2 Loss :  6.479297800922394
Epoch :  82  Epoch time :  18.479828853160143  Train L2 Loss :  6.452005496382713
Epoch :  83  Epoch time :  18.437410260550678  Train L2 Loss :  6.439166840219498
Epoch :  84  Epoch time :  18.52234224881977  Train L2 Loss :  6.400067298603058
Epoch :  85  Epoch time :  18.513923224061728  Train L2 Loss :  6.406758808600903
Epoch :  86  Epoch time :  18.48120721615851  Train L2 Loss :  6.340141215109825
Epoch :  87  Epoch time :  18.483567838557065  Train L2 Loss :  6.345258952760696
Epoch :  88  Epoch time :  18.61034411378205  Train L2 Loss :  6.309497256326676
Epoch :  89  Epoch time :  18.503013278357685  Train L2 Loss :  6.313273523497582
Epoch :  90  Epoch time :  18.536508494988084  Train L2 Loss :  6.287046198940277
Epoch :  91  Epoch time :  18.483188854530454  Train L2 Loss :  6.253064914238453
Epoch :  92  Epoch time :  18.54832371044904  Train L2 Loss :  6.2231705557823185
Epoch :  93  Epoch time :  19.1984240449965  Train L2 Loss :  6.224464697742462
Epoch :  94  Epoch time :  19.303971678949893  Train L2 Loss :  6.155862266635895
Epoch :  95  Epoch time :  19.326835275627673  Train L2 Loss :  6.169227650117874
Epoch :  96  Epoch time :  19.457753337919712  Train L2 Loss :  6.118736814701557
Epoch :  97  Epoch time :  19.29151642881334  Train L2 Loss :  6.093983165454865
Epoch :  98  Epoch time :  19.399572405032814  Train L2 Loss :  6.14403225877285
Epoch :  99  Epoch time :  19.326202425174415  Train L2 Loss :  6.097488986825943
Epoch :  100  Epoch time :  19.32073137909174  Train L2 Loss :  4.338587263727188
Epoch :  101  Epoch time :  19.34798069577664  Train L2 Loss :  4.114302514660358
Epoch :  102  Epoch time :  19.36599169485271  Train L2 Loss :  4.028605844867229
Epoch :  103  Epoch time :  19.30496935173869  Train L2 Loss :  3.9910687412977217
Epoch :  104  Epoch time :  19.323477325960994  Train L2 Loss :  3.9444554597735406
Epoch :  105  Epoch time :  19.301313160918653  Train L2 Loss :  3.9227760680913923
Epoch :  106  Epoch time :  19.332917604595423  Train L2 Loss :  3.922618058872223
Epoch :  107  Epoch time :  19.278637738898396  Train L2 Loss :  3.8797421800255774
Epoch :  108  Epoch time :  19.27690975088626  Train L2 Loss :  3.8757140941619874
Epoch :  109  Epoch time :  19.36980364844203  Train L2 Loss :  3.88978516189456
Epoch :  110  Epoch time :  19.296058531850576  Train L2 Loss :  3.8490951561406255
Epoch :  111  Epoch time :  19.33437659125775  Train L2 Loss :  3.8327430941224097
Epoch :  112  Epoch time :  19.385314204730093  Train L2 Loss :  3.8328108931064606
Epoch :  113  Epoch time :  19.284702967852354  Train L2 Loss :  3.8242070382118225
Epoch :  114  Epoch time :  19.35002003144473  Train L2 Loss :  3.830269076323509
Epoch :  115  Epoch time :  19.293340118601918  Train L2 Loss :  3.8262658808767798
Epoch :  116  Epoch time :  19.359326547943056  Train L2 Loss :  3.8223379200696943
Epoch :  117  Epoch time :  19.307060568593442  Train L2 Loss :  3.806629926156998
Epoch :  118  Epoch time :  19.425997672602534  Train L2 Loss :  3.808961691403389
Epoch :  119  Epoch time :  19.417544449679554  Train L2 Loss :  3.7757238209724426
Epoch :  120  Epoch time :  19.315310820005834  Train L2 Loss :  3.779572099202871
Epoch :  121  Epoch time :  19.276988382451236  Train L2 Loss :  3.7698080491065977
Epoch :  122  Epoch time :  19.29655194375664  Train L2 Loss :  3.7743080586612225
Epoch :  123  Epoch time :  19.297133345156908  Train L2 Loss :  3.7785474709823728
Epoch :  124  Epoch time :  19.305658768862486  Train L2 Loss :  3.76465715649724
Epoch :  125  Epoch time :  19.39800055976957  Train L2 Loss :  3.752335739606619
Epoch :  126  Epoch time :  19.336857402697206  Train L2 Loss :  3.7398212817966936
Epoch :  127  Epoch time :  19.319749772548676  Train L2 Loss :  3.755879735994339
Epoch :  128  Epoch time :  19.29233711026609  Train L2 Loss :  3.7303713389277458
Epoch :  129  Epoch time :  19.407730547711253  Train L2 Loss :  3.7375266008615493
Epoch :  130  Epoch time :  19.32200426887721  Train L2 Loss :  3.7245764196157456
Epoch :  131  Epoch time :  19.354066474363208  Train L2 Loss :  3.740752241663635
Epoch :  132  Epoch time :  19.342965100891888  Train L2 Loss :  3.7199167988419535
Epoch :  133  Epoch time :  19.34681524708867  Train L2 Loss :  3.7170208682179453
Epoch :  134  Epoch time :  19.37147594615817  Train L2 Loss :  3.6925556999564173
Epoch :  135  Epoch time :  19.340156871825457  Train L2 Loss :  3.7177817255318164
Epoch :  136  Epoch time :  19.311154385097325  Train L2 Loss :  3.6893080548405646
Epoch :  137  Epoch time :  19.390673969872296  Train L2 Loss :  3.6983028689146042
Epoch :  138  Epoch time :  19.33062319085002  Train L2 Loss :  3.6945446103811266
Epoch :  139  Epoch time :  19.362186941318214  Train L2 Loss :  3.6635679588317873
Epoch :  140  Epoch time :  19.32937189936638  Train L2 Loss :  3.7014728384256363
Epoch :  141  Epoch time :  19.350633629597723  Train L2 Loss :  3.6745055945053697
Epoch :  142  Epoch time :  19.33681533113122  Train L2 Loss :  3.6845006511330602
Epoch :  143  Epoch time :  19.411746026016772  Train L2 Loss :  3.6600089528918267
Epoch :  144  Epoch time :  19.357786945067346  Train L2 Loss :  3.698339709234238
Epoch :  145  Epoch time :  19.3636791203171  Train L2 Loss :  3.6608687649965286
Epoch :  146  Epoch time :  19.4070363054052  Train L2 Loss :  3.6625672055244447
Epoch :  147  Epoch time :  18.594802846200764  Train L2 Loss :  3.6745522362709044
Epoch :  148  Epoch time :  18.566079459153116  Train L2 Loss :  3.6578983528614044
Epoch :  149  Epoch time :  18.63844992313534  Train L2 Loss :  3.630591927266121
Epoch :  150  Epoch time :  18.56043682526797  Train L2 Loss :  3.6122262563943863
Epoch :  151  Epoch time :  18.54885604698211  Train L2 Loss :  3.6313494625568388
Epoch :  152  Epoch time :  18.660660417750478  Train L2 Loss :  3.6372057760715486
Epoch :  153  Epoch time :  18.588766102679074  Train L2 Loss :  3.623153293418884
Epoch :  154  Epoch time :  18.555629698559642  Train L2 Loss :  3.6450436723947526
Epoch :  155  Epoch time :  18.610642906278372  Train L2 Loss :  3.620777100414038
Epoch :  156  Epoch time :  18.59702873788774  Train L2 Loss :  3.616699216794968
Epoch :  157  Epoch time :  18.558636530302465  Train L2 Loss :  3.6214370805025102
Epoch :  158  Epoch time :  18.641423670575023  Train L2 Loss :  3.618955153340101
Epoch :  159  Epoch time :  18.604613387957215  Train L2 Loss :  3.602151809692383
Epoch :  160  Epoch time :  18.630030846223235  Train L2 Loss :  3.624509499335289
Epoch :  161  Epoch time :  18.622566611506045  Train L2 Loss :  3.6012613966464997
Epoch :  162  Epoch time :  18.57678140234202  Train L2 Loss :  3.587866883009672
Epoch :  163  Epoch time :  18.68257922306657  Train L2 Loss :  3.59001372218132
Epoch :  164  Epoch time :  18.610737924464047  Train L2 Loss :  3.577053180551529
Epoch :  165  Epoch time :  18.68510493915528  Train L2 Loss :  3.566298917913437
Epoch :  166  Epoch time :  18.60902488604188  Train L2 Loss :  3.5710958961963652
Epoch :  167  Epoch time :  18.64875163603574  Train L2 Loss :  3.5550469970703125
Epoch :  168  Epoch time :  18.606854250654578  Train L2 Loss :  3.5927479454755784
Epoch :  169  Epoch time :  18.73342104256153  Train L2 Loss :  3.5503114200115204
Epoch :  170  Epoch time :  18.692570307292044  Train L2 Loss :  3.5644775450348853
Epoch :  171  Epoch time :  18.62848023790866  Train L2 Loss :  3.544123662722111
Epoch :  172  Epoch time :  18.624329100362957  Train L2 Loss :  3.568554532456398
Epoch :  173  Epoch time :  18.7957671508193  Train L2 Loss :  3.5668859028816224
Epoch :  174  Epoch time :  18.657209136523306  Train L2 Loss :  3.5602580027490855
Epoch :  175  Epoch time :  19.28763414453715  Train L2 Loss :  3.5695264223337175
Epoch :  176  Epoch time :  19.455443119630218  Train L2 Loss :  3.543306908424199
Epoch :  177  Epoch time :  19.45773949008435  Train L2 Loss :  3.530680318939686
Epoch :  178  Epoch time :  19.127838692627847  Train L2 Loss :  3.5345425275325777
Epoch :  179  Epoch time :  18.674182316288352  Train L2 Loss :  3.5390438006699085
Epoch :  180  Epoch time :  18.709496275521815  Train L2 Loss :  3.505849407017231
Epoch :  181  Epoch time :  18.653681392781436  Train L2 Loss :  3.5023090111494066
Epoch :  182  Epoch time :  18.718805879354477  Train L2 Loss :  3.528873757648468
Epoch :  183  Epoch time :  18.79787674266845  Train L2 Loss :  3.5335224718809126
Epoch :  184  Epoch time :  18.67856117989868  Train L2 Loss :  3.4997636229634286
Epoch :  185  Epoch time :  18.72718082088977  Train L2 Loss :  3.5082777289390563
Epoch :  186  Epoch time :  18.740841458551586  Train L2 Loss :  3.5103728069067
Epoch :  187  Epoch time :  18.773754488676786  Train L2 Loss :  3.4922412289783358
Epoch :  188  Epoch time :  18.79740695282817  Train L2 Loss :  3.505692347192764
Epoch :  189  Epoch time :  18.750660629943013  Train L2 Loss :  3.488407247066498
Epoch :  190  Epoch time :  18.731851991266012  Train L2 Loss :  3.517084912276268
Epoch :  191  Epoch time :  18.699567557312548  Train L2 Loss :  3.500923098373413
Epoch :  192  Epoch time :  18.744081562384963  Train L2 Loss :  3.4870560728430746
Epoch :  193  Epoch time :  18.697704137302935  Train L2 Loss :  3.46260851739645
Epoch :  194  Epoch time :  18.698461056686938  Train L2 Loss :  3.478543759584427
Epoch :  195  Epoch time :  18.7842318136245  Train L2 Loss :  3.4553510322809218
Epoch :  196  Epoch time :  18.665132105350494  Train L2 Loss :  3.493109505802393
Epoch :  197  Epoch time :  18.734291614964604  Train L2 Loss :  3.4863270245313642
Epoch :  198  Epoch time :  18.732608260586858  Train L2 Loss :  3.4633312416553497
Epoch :  199  Epoch time :  18.705909700132906  Train L2 Loss :  3.4852052755713463
Total time is : 3717.125435784459 Total epoch is  200
