Input dim :  201  output dim :  1
Start training 
59009
Epoch :  0  Epoch time :  17.31070692371577  Train L2 Loss :  47.148076754379275
Epoch :  1  Epoch time :  17.16276109125465  Train L2 Loss :  21.923466620635985
Epoch :  2  Epoch time :  17.275814353488386  Train L2 Loss :  18.887334443950653
Epoch :  3  Epoch time :  17.41996829304844  Train L2 Loss :  17.197176188755037
Epoch :  4  Epoch time :  17.594562128186226  Train L2 Loss :  16.03426156253815
Epoch :  5  Epoch time :  17.69085834827274  Train L2 Loss :  15.195888697433471
Epoch :  6  Epoch time :  17.800495086237788  Train L2 Loss :  14.419745807623864
Epoch :  7  Epoch time :  17.847112994641066  Train L2 Loss :  13.904007432079315
Epoch :  8  Epoch time :  17.97076575923711  Train L2 Loss :  13.396943006038665
Epoch :  9  Epoch time :  17.98176767025143  Train L2 Loss :  12.990045746564865
Epoch :  10  Epoch time :  18.079950260929763  Train L2 Loss :  12.605931674957276
Epoch :  11  Epoch time :  18.035402928479016  Train L2 Loss :  12.179303220558166
Epoch :  12  Epoch time :  18.107262548990548  Train L2 Loss :  12.01423664073944
Epoch :  13  Epoch time :  18.08071500994265  Train L2 Loss :  11.65334738035202
Epoch :  14  Epoch time :  18.16751483734697  Train L2 Loss :  11.442511942958832
Epoch :  15  Epoch time :  18.14872721210122  Train L2 Loss :  11.200940607070923
Epoch :  16  Epoch time :  18.212524850852787  Train L2 Loss :  11.0057337120533
Epoch :  17  Epoch time :  18.276215052232146  Train L2 Loss :  10.788668411350251
Epoch :  18  Epoch time :  18.30200007557869  Train L2 Loss :  10.590440634155273
Epoch :  19  Epoch time :  18.34484464954585  Train L2 Loss :  10.455144224929809
Epoch :  20  Epoch time :  18.385309890843928  Train L2 Loss :  10.240331586837769
Epoch :  21  Epoch time :  18.427183544263244  Train L2 Loss :  10.137119432163239
Epoch :  22  Epoch time :  18.5058274557814  Train L2 Loss :  9.99272593650818
Epoch :  23  Epoch time :  18.537906403653324  Train L2 Loss :  9.878967204999924
Epoch :  24  Epoch time :  18.554020684212446  Train L2 Loss :  9.7110061357975
Epoch :  25  Epoch time :  18.584332237020135  Train L2 Loss :  9.652783848714828
Epoch :  26  Epoch time :  18.64427064638585  Train L2 Loss :  9.477927583980561
Epoch :  27  Epoch time :  18.70182190556079  Train L2 Loss :  9.391022924613953
Epoch :  28  Epoch time :  18.724825359880924  Train L2 Loss :  9.310199333953857
Epoch :  29  Epoch time :  18.761265556328  Train L2 Loss :  9.184255130195618
Epoch :  30  Epoch time :  18.746900063939393  Train L2 Loss :  9.073857257461547
Epoch :  31  Epoch time :  18.813363605178893  Train L2 Loss :  9.008350954604149
Epoch :  32  Epoch time :  18.832408595830202  Train L2 Loss :  8.94635698003769
Epoch :  33  Epoch time :  18.9980693962425  Train L2 Loss :  8.881438717937469
Epoch :  34  Epoch time :  19.166868198662996  Train L2 Loss :  8.754229317045212
Epoch :  35  Epoch time :  18.596884825266898  Train L2 Loss :  8.701272578811645
Epoch :  36  Epoch time :  18.55184391979128  Train L2 Loss :  8.629553260803222
Epoch :  37  Epoch time :  18.594584583304822  Train L2 Loss :  8.588567309570312
Epoch :  38  Epoch time :  18.6294487407431  Train L2 Loss :  8.517076063370705
Epoch :  39  Epoch time :  18.648566625081003  Train L2 Loss :  8.47596949300766
Epoch :  40  Epoch time :  18.645436426624656  Train L2 Loss :  8.350962075674534
Epoch :  41  Epoch time :  18.669705210253596  Train L2 Loss :  8.300328209543228
Epoch :  42  Epoch time :  18.695122226141393  Train L2 Loss :  8.199111205768585
Epoch :  43  Epoch time :  18.70990671403706  Train L2 Loss :  8.218243095970154
Epoch :  44  Epoch time :  18.864704984240234  Train L2 Loss :  8.092514718294144
Epoch :  45  Epoch time :  19.101062417030334  Train L2 Loss :  8.073931029367447
Epoch :  46  Epoch time :  18.753523589111865  Train L2 Loss :  7.997106272983551
Epoch :  47  Epoch time :  18.771836063824594  Train L2 Loss :  7.977204093086719
Epoch :  48  Epoch time :  18.790111418813467  Train L2 Loss :  7.917867909884452
Epoch :  49  Epoch time :  18.791030533611774  Train L2 Loss :  7.874286260724068
Epoch :  50  Epoch time :  18.8176726764068  Train L2 Loss :  7.861923073673248
Epoch :  51  Epoch time :  18.835910917259753  Train L2 Loss :  7.776201304626465
Epoch :  52  Epoch time :  18.855898624286056  Train L2 Loss :  7.658145941019058
Epoch :  53  Epoch time :  18.828118603676558  Train L2 Loss :  7.67114995174408
Epoch :  54  Epoch time :  18.8996926760301  Train L2 Loss :  7.693564656352997
Epoch :  55  Epoch time :  18.89778843522072  Train L2 Loss :  7.612644682312012
Epoch :  56  Epoch time :  18.991324943490326  Train L2 Loss :  7.532809987449646
Epoch :  57  Epoch time :  18.912533398717642  Train L2 Loss :  7.492719878578186
Epoch :  58  Epoch time :  18.894590214826167  Train L2 Loss :  7.499987043380737
Epoch :  59  Epoch time :  18.919182361103594  Train L2 Loss :  7.441345846432448
Epoch :  60  Epoch time :  18.912140000611544  Train L2 Loss :  7.457427401483059
Epoch :  61  Epoch time :  18.932270539924502  Train L2 Loss :  7.382237272024154
Epoch :  62  Epoch time :  18.924660528078675  Train L2 Loss :  7.366464497542381
Epoch :  63  Epoch time :  18.97666524350643  Train L2 Loss :  7.290895779633522
Epoch :  64  Epoch time :  18.914046674966812  Train L2 Loss :  7.2809643740177155
Epoch :  65  Epoch time :  18.927215511910617  Train L2 Loss :  7.1909361822128295
Epoch :  66  Epoch time :  18.937163149937987  Train L2 Loss :  7.191931970310211
Epoch :  67  Epoch time :  19.55181373935193  Train L2 Loss :  7.113813060951233
Epoch :  68  Epoch time :  19.62617472279817  Train L2 Loss :  7.175369098472595
Epoch :  69  Epoch time :  19.651979097165167  Train L2 Loss :  7.070497334051132
Epoch :  70  Epoch time :  19.665760254487395  Train L2 Loss :  7.104118432617187
Epoch :  71  Epoch time :  19.650382765568793  Train L2 Loss :  7.064563759851456
Epoch :  72  Epoch time :  19.645492396317422  Train L2 Loss :  7.02448662071228
Epoch :  73  Epoch time :  19.72447996214032  Train L2 Loss :  6.974995234680176
Epoch :  74  Epoch time :  19.660003785975277  Train L2 Loss :  6.9510663140058515
Epoch :  75  Epoch time :  19.63093297369778  Train L2 Loss :  6.9002711809873585
Epoch :  76  Epoch time :  19.629567687399685  Train L2 Loss :  6.884207619476318
Epoch :  77  Epoch time :  19.5812320811674  Train L2 Loss :  6.883731458163261
Epoch :  78  Epoch time :  20.08529238961637  Train L2 Loss :  6.825273067617417
Epoch :  79  Epoch time :  20.010555377230048  Train L2 Loss :  6.846027743816376
Epoch :  80  Epoch time :  19.642328751273453  Train L2 Loss :  6.827903198170662
Epoch :  81  Epoch time :  19.746415067464113  Train L2 Loss :  6.7536475839853285
Epoch :  82  Epoch time :  19.844463367015123  Train L2 Loss :  6.755020170116425
Epoch :  83  Epoch time :  19.598609248176217  Train L2 Loss :  6.745835990786553
Epoch :  84  Epoch time :  19.221849866211414  Train L2 Loss :  6.726538372325897
Epoch :  85  Epoch time :  18.33966966997832  Train L2 Loss :  6.665175006508827
Epoch :  86  Epoch time :  18.287581484764814  Train L2 Loss :  6.666960889148712
Epoch :  87  Epoch time :  18.255831046961248  Train L2 Loss :  6.617097181129456
Epoch :  88  Epoch time :  18.270252462476492  Train L2 Loss :  6.599285367202759
Epoch :  89  Epoch time :  18.29062887467444  Train L2 Loss :  6.584856326436997
Epoch :  90  Epoch time :  18.27714088279754  Train L2 Loss :  6.578123497998715
Epoch :  91  Epoch time :  18.51550887245685  Train L2 Loss :  6.536701828098297
Epoch :  92  Epoch time :  18.278186986222863  Train L2 Loss :  6.506392030715943
Epoch :  93  Epoch time :  18.327676467597485  Train L2 Loss :  6.506987526416778
Epoch :  94  Epoch time :  18.302787570282817  Train L2 Loss :  6.485516135501862
Epoch :  95  Epoch time :  18.55261276382953  Train L2 Loss :  6.472352493035793
Epoch :  96  Epoch time :  18.31730938795954  Train L2 Loss :  6.4407924746870995
Epoch :  97  Epoch time :  18.331957925111055  Train L2 Loss :  6.43769063630104
Epoch :  98  Epoch time :  18.302986793220043  Train L2 Loss :  6.420204117441178
Epoch :  99  Epoch time :  18.308917245827615  Train L2 Loss :  6.375951270294189
Epoch :  100  Epoch time :  18.286403523758054  Train L2 Loss :  4.67708191883564
Epoch :  101  Epoch time :  18.329267806373537  Train L2 Loss :  4.425418701505661
Epoch :  102  Epoch time :  18.319295880384743  Train L2 Loss :  4.367173693788051
Epoch :  103  Epoch time :  18.340777496807277  Train L2 Loss :  4.3166344135522845
Epoch :  104  Epoch time :  18.327064614742994  Train L2 Loss :  4.291435846567154
Epoch :  105  Epoch time :  18.320282442495227  Train L2 Loss :  4.252002370405197
Epoch :  106  Epoch time :  18.33198955282569  Train L2 Loss :  4.272470229333639
Epoch :  107  Epoch time :  18.317449714057148  Train L2 Loss :  4.233971462965012
Epoch :  108  Epoch time :  18.410687531344593  Train L2 Loss :  4.239423890805244
Epoch :  109  Epoch time :  18.295554135926068  Train L2 Loss :  4.232702137756347
Epoch :  110  Epoch time :  18.310173746198416  Train L2 Loss :  4.202401520872116
Epoch :  111  Epoch time :  18.28705857694149  Train L2 Loss :  4.183274653720856
Epoch :  112  Epoch time :  18.339688875712454  Train L2 Loss :  4.207119721198082
Epoch :  113  Epoch time :  18.293269520625472  Train L2 Loss :  4.171752649569512
Epoch :  114  Epoch time :  18.328523715026677  Train L2 Loss :  4.16764156704843
Epoch :  115  Epoch time :  18.42801755387336  Train L2 Loss :  4.141066803073883
Epoch :  116  Epoch time :  18.309384669177234  Train L2 Loss :  4.149694089102745
Epoch :  117  Epoch time :  18.323943718336523  Train L2 Loss :  4.124149387001991
Epoch :  118  Epoch time :  18.886648746207356  Train L2 Loss :  4.12727323063314
Epoch :  119  Epoch time :  18.992231795564294  Train L2 Loss :  4.11753953486681
Epoch :  120  Epoch time :  18.38688660506159  Train L2 Loss :  4.104865579378605
Epoch :  121  Epoch time :  18.31041125766933  Train L2 Loss :  4.124586855655909
Epoch :  122  Epoch time :  18.340374851599336  Train L2 Loss :  4.136120839333534
Epoch :  123  Epoch time :  18.436588819138706  Train L2 Loss :  4.089270182991028
Epoch :  124  Epoch time :  18.36915696039796  Train L2 Loss :  4.098206632322073
Epoch :  125  Epoch time :  18.33099501952529  Train L2 Loss :  4.086621661305427
Epoch :  126  Epoch time :  18.45273585151881  Train L2 Loss :  4.102416657745838
Epoch :  127  Epoch time :  18.333673583343625  Train L2 Loss :  4.091185337930917
Epoch :  128  Epoch time :  18.32655938062817  Train L2 Loss :  4.073936108016968
Epoch :  129  Epoch time :  18.388858498074114  Train L2 Loss :  4.068873699808121
Epoch :  130  Epoch time :  18.34220324177295  Train L2 Loss :  4.032843256020546
Epoch :  131  Epoch time :  18.354143291711807  Train L2 Loss :  4.076767525315285
Epoch :  132  Epoch time :  18.365537424571812  Train L2 Loss :  4.031279381299019
Epoch :  133  Epoch time :  18.329921477474272  Train L2 Loss :  4.049716771712899
Epoch :  134  Epoch time :  18.376663765870035  Train L2 Loss :  4.051603676652908
Epoch :  135  Epoch time :  18.386990159749985  Train L2 Loss :  4.0396933089733125
Epoch :  136  Epoch time :  18.378229584544897  Train L2 Loss :  4.025867578208446
Epoch :  137  Epoch time :  18.37585301604122  Train L2 Loss :  4.026466916835308
Epoch :  138  Epoch time :  18.385796098969877  Train L2 Loss :  4.026004291725159
Epoch :  139  Epoch time :  18.357365005649626  Train L2 Loss :  4.041814310789109
Epoch :  140  Epoch time :  18.364608105272055  Train L2 Loss :  3.9969178964018823
Epoch :  141  Epoch time :  18.390344062820077  Train L2 Loss :  3.9814282207489016
Epoch :  142  Epoch time :  18.854466455988586  Train L2 Loss :  3.988425718021393
Epoch :  143  Epoch time :  19.056756467558444  Train L2 Loss :  4.014391291165352
Epoch :  144  Epoch time :  18.87877470627427  Train L2 Loss :  3.9934563506126404
Epoch :  145  Epoch time :  18.351402434520423  Train L2 Loss :  3.9655779930114745
Epoch :  146  Epoch time :  18.412275100126863  Train L2 Loss :  3.9843341729581354
Epoch :  147  Epoch time :  18.375266558490694  Train L2 Loss :  3.9820372823596
Epoch :  148  Epoch time :  18.329532432369888  Train L2 Loss :  3.986908216238022
Epoch :  149  Epoch time :  18.34204226732254  Train L2 Loss :  3.983433468696475
Epoch :  150  Epoch time :  18.358841883949935  Train L2 Loss :  3.984976130414009
Epoch :  151  Epoch time :  18.337618843652308  Train L2 Loss :  3.9630823518812655
Epoch :  152  Epoch time :  18.375738656148314  Train L2 Loss :  3.949941276693344
Epoch :  153  Epoch time :  18.39176717493683  Train L2 Loss :  3.9699953406363724
Epoch :  154  Epoch time :  18.356611421331763  Train L2 Loss :  3.982572519493103
Epoch :  155  Epoch time :  18.357375103980303  Train L2 Loss :  3.937452946573496
Epoch :  156  Epoch time :  18.39457411505282  Train L2 Loss :  3.9642691438198088
Epoch :  157  Epoch time :  18.34870709106326  Train L2 Loss :  3.9615574913293123
Epoch :  158  Epoch time :  18.491923411376774  Train L2 Loss :  3.9391196233540775
Epoch :  159  Epoch time :  18.480910737998784  Train L2 Loss :  3.963261727201939
Epoch :  160  Epoch time :  18.52293930016458  Train L2 Loss :  3.922326993715763
Epoch :  161  Epoch time :  18.46770587656647  Train L2 Loss :  3.9064922297477724
Epoch :  162  Epoch time :  18.41630191076547  Train L2 Loss :  3.9276930900931357
Epoch :  163  Epoch time :  18.380366943776608  Train L2 Loss :  3.9019777260780333
Epoch :  164  Epoch time :  18.396825548261404  Train L2 Loss :  3.9147035352110864
Epoch :  165  Epoch time :  18.452162636443973  Train L2 Loss :  3.918180953407288
Epoch :  166  Epoch time :  18.39270003605634  Train L2 Loss :  3.9081018899440765
Epoch :  167  Epoch time :  18.372053950093687  Train L2 Loss :  3.88710877738893
Epoch :  168  Epoch time :  18.391894011758268  Train L2 Loss :  3.8922673762798308
Epoch :  169  Epoch time :  18.429424043744802  Train L2 Loss :  3.8726984714984893
Epoch :  170  Epoch time :  18.419399975799024  Train L2 Loss :  3.9093249681472777
Epoch :  171  Epoch time :  18.40181651432067  Train L2 Loss :  3.8763800686597825
Epoch :  172  Epoch time :  18.584135157987475  Train L2 Loss :  3.866924091255665
Epoch :  173  Epoch time :  18.38895572628826  Train L2 Loss :  3.896521253681183
Epoch :  174  Epoch time :  18.528543392196298  Train L2 Loss :  3.887247940349579
Epoch :  175  Epoch time :  18.45328505989164  Train L2 Loss :  3.8757565479278564
Epoch :  176  Epoch time :  18.399363692849874  Train L2 Loss :  3.8806572798728944
Epoch :  177  Epoch time :  18.441822736524045  Train L2 Loss :  3.8688203084647657
Epoch :  178  Epoch time :  18.44172608666122  Train L2 Loss :  3.8888133729934693
Epoch :  179  Epoch time :  18.391691309399903  Train L2 Loss :  3.8275785931110384
Epoch :  180  Epoch time :  18.45804454665631  Train L2 Loss :  3.8649104264497756
Epoch :  181  Epoch time :  18.432997168041766  Train L2 Loss :  3.8691651173353194
Epoch :  182  Epoch time :  18.413903336040676  Train L2 Loss :  3.8296085953712464
Epoch :  183  Epoch time :  18.485317337326705  Train L2 Loss :  3.8530293449401856
Epoch :  184  Epoch time :  18.484305848367512  Train L2 Loss :  3.8294379271268846
Epoch :  185  Epoch time :  18.455671104602516  Train L2 Loss :  3.847577388358116
Epoch :  186  Epoch time :  18.46931099705398  Train L2 Loss :  3.8475042634010315
Epoch :  187  Epoch time :  18.41564934141934  Train L2 Loss :  3.826942984890938
Epoch :  188  Epoch time :  18.51572144124657  Train L2 Loss :  3.8028045248508455
Epoch :  189  Epoch time :  18.939475202932954  Train L2 Loss :  3.817167342185974
Epoch :  190  Epoch time :  18.637325635179877  Train L2 Loss :  3.820226539564133
Epoch :  191  Epoch time :  18.47276345361024  Train L2 Loss :  3.798918601894379
Epoch :  192  Epoch time :  18.4731898996979  Train L2 Loss :  3.817316697263718
Epoch :  193  Epoch time :  18.421205431222916  Train L2 Loss :  3.8032292593479156
Epoch :  194  Epoch time :  18.48262614943087  Train L2 Loss :  3.801185409116745
Epoch :  195  Epoch time :  18.441388932056725  Train L2 Loss :  3.7885076172590257
Epoch :  196  Epoch time :  18.45418644323945  Train L2 Loss :  3.8209572269678116
Epoch :  197  Epoch time :  18.519306561909616  Train L2 Loss :  3.773550311613083
Epoch :  198  Epoch time :  18.558813005685806  Train L2 Loss :  3.765761891283095
Epoch :  199  Epoch time :  18.529468015767634  Train L2 Loss :  3.759404063796997
Total time is : 3712.630172593519 Total epoch is  200
