Input dim :  201  output dim :  1
Start training 
629249
Epoch :  0  Epoch time :  16.425693411380053  Train L2 Loss :  42.05483955535889
Epoch :  1  Epoch time :  16.18140722811222  Train L2 Loss :  21.51637020225525
Epoch :  2  Epoch time :  16.32151853106916  Train L2 Loss :  18.71748684682846
Epoch :  3  Epoch time :  16.46495633199811  Train L2 Loss :  16.96370121307373
Epoch :  4  Epoch time :  16.619784341193736  Train L2 Loss :  15.790444031047821
Epoch :  5  Epoch time :  16.797275613062084  Train L2 Loss :  14.79528660736084
Epoch :  6  Epoch time :  16.847431913018227  Train L2 Loss :  14.10680032749176
Epoch :  7  Epoch time :  16.89014883991331  Train L2 Loss :  13.431583238792419
Epoch :  8  Epoch time :  17.011903883889318  Train L2 Loss :  12.993739068222046
Epoch :  9  Epoch time :  16.990381306037307  Train L2 Loss :  12.571383095431328
Epoch :  10  Epoch time :  17.04867795854807  Train L2 Loss :  12.127009096050262
Epoch :  11  Epoch time :  17.01963689364493  Train L2 Loss :  11.795001965808869
Epoch :  12  Epoch time :  17.007168820127845  Train L2 Loss :  11.493074159145355
Epoch :  13  Epoch time :  17.022194580174983  Train L2 Loss :  11.206192311763763
Epoch :  14  Epoch time :  17.10995287168771  Train L2 Loss :  10.978106232261657
Epoch :  15  Epoch time :  17.12756138574332  Train L2 Loss :  10.743514472198486
Epoch :  16  Epoch time :  17.204915172420442  Train L2 Loss :  10.535195570373535
Epoch :  17  Epoch time :  17.21888037584722  Train L2 Loss :  10.298214307975769
Epoch :  18  Epoch time :  17.263538618572056  Train L2 Loss :  10.132167169237137
Epoch :  19  Epoch time :  17.292360213585198  Train L2 Loss :  10.035809442138671
Epoch :  20  Epoch time :  17.318021456710994  Train L2 Loss :  9.77428256931305
Epoch :  21  Epoch time :  17.34936042688787  Train L2 Loss :  9.663886976242065
Epoch :  22  Epoch time :  17.379358431324363  Train L2 Loss :  9.565880611605943
Epoch :  23  Epoch time :  17.368807135149837  Train L2 Loss :  9.409356373691558
Epoch :  24  Epoch time :  17.438224249519408  Train L2 Loss :  9.295130067157745
Epoch :  25  Epoch time :  17.44843281712383  Train L2 Loss :  9.15222920255661
Epoch :  26  Epoch time :  17.442432110197842  Train L2 Loss :  9.06165740404129
Epoch :  27  Epoch time :  17.524307577870786  Train L2 Loss :  8.91684509587288
Epoch :  28  Epoch time :  17.4969417816028  Train L2 Loss :  8.843627867364884
Epoch :  29  Epoch time :  17.500352036207914  Train L2 Loss :  8.763138487434388
Epoch :  30  Epoch time :  17.53042061533779  Train L2 Loss :  8.634300363349915
Epoch :  31  Epoch time :  17.518786447122693  Train L2 Loss :  8.604598123836517
Epoch :  32  Epoch time :  17.52214242517948  Train L2 Loss :  8.485686263370514
Epoch :  33  Epoch time :  17.57409346755594  Train L2 Loss :  8.384825964641571
Epoch :  34  Epoch time :  17.543064707890153  Train L2 Loss :  8.320243461322784
Epoch :  35  Epoch time :  17.566525286063552  Train L2 Loss :  8.277836803340913
Epoch :  36  Epoch time :  17.578068677335978  Train L2 Loss :  8.185348545646667
Epoch :  37  Epoch time :  17.576902387663722  Train L2 Loss :  8.119992268514633
Epoch :  38  Epoch time :  17.599084302783012  Train L2 Loss :  7.999500273627043
Epoch :  39  Epoch time :  17.57408463396132  Train L2 Loss :  8.022452821350099
Epoch :  40  Epoch time :  17.608200590126216  Train L2 Loss :  7.902418649673462
Epoch :  41  Epoch time :  17.59732623398304  Train L2 Loss :  7.858459346294403
Epoch :  42  Epoch time :  17.611540433950722  Train L2 Loss :  7.775324452495575
Epoch :  43  Epoch time :  17.61502944305539  Train L2 Loss :  7.758015578508377
Epoch :  44  Epoch time :  17.66126606054604  Train L2 Loss :  7.700633589553833
Epoch :  45  Epoch time :  17.677810048684478  Train L2 Loss :  7.639276243925095
Epoch :  46  Epoch time :  17.67235236056149  Train L2 Loss :  7.563878985309601
Epoch :  47  Epoch time :  17.684943683445454  Train L2 Loss :  7.557509373807907
Epoch :  48  Epoch time :  17.71710728481412  Train L2 Loss :  7.510175766074657
Epoch :  49  Epoch time :  17.684233248233795  Train L2 Loss :  7.454893962955475
Epoch :  50  Epoch time :  17.771380904130638  Train L2 Loss :  7.442764430570603
Epoch :  51  Epoch time :  17.708645497448742  Train L2 Loss :  7.3578205396175385
Epoch :  52  Epoch time :  17.646041800267994  Train L2 Loss :  7.29111409137249
Epoch :  53  Epoch time :  17.397206441499293  Train L2 Loss :  7.276007503890991
Epoch :  54  Epoch time :  17.189589529298246  Train L2 Loss :  7.208363845539093
Epoch :  55  Epoch time :  17.147603856399655  Train L2 Loss :  7.182555258846283
Epoch :  56  Epoch time :  17.138496505096555  Train L2 Loss :  7.1032740956306455
Epoch :  57  Epoch time :  17.141863169148564  Train L2 Loss :  7.101487107801438
Epoch :  58  Epoch time :  17.134250906296074  Train L2 Loss :  7.053734100151062
Epoch :  59  Epoch time :  17.099187965504825  Train L2 Loss :  7.04053321492672
Epoch :  60  Epoch time :  17.12100892420858  Train L2 Loss :  6.970770963096618
Epoch :  61  Epoch time :  17.151128728874028  Train L2 Loss :  6.961107811951638
Epoch :  62  Epoch time :  17.161293879151344  Train L2 Loss :  6.945452112483978
Epoch :  63  Epoch time :  17.128156368620694  Train L2 Loss :  6.904390395927429
Epoch :  64  Epoch time :  17.165139828808606  Train L2 Loss :  6.865096648359299
Epoch :  65  Epoch time :  17.22375496570021  Train L2 Loss :  6.850706602478027
Epoch :  66  Epoch time :  17.18607816565782  Train L2 Loss :  6.774253081226349
Epoch :  67  Epoch time :  17.233721762895584  Train L2 Loss :  6.779498122215271
Epoch :  68  Epoch time :  17.349139667116106  Train L2 Loss :  6.738345027446747
Epoch :  69  Epoch time :  17.22332247532904  Train L2 Loss :  6.691933985757828
Epoch :  70  Epoch time :  17.36676962673664  Train L2 Loss :  6.672087287425994
Epoch :  71  Epoch time :  17.2307606395334  Train L2 Loss :  6.601509377288818
Epoch :  72  Epoch time :  17.270552768372  Train L2 Loss :  6.621796210384369
Epoch :  73  Epoch time :  17.24866098538041  Train L2 Loss :  6.599331853359938
Epoch :  74  Epoch time :  17.28031046036631  Train L2 Loss :  6.529840139770508
Epoch :  75  Epoch time :  17.274931455031037  Train L2 Loss :  6.540779266357422
Epoch :  76  Epoch time :  17.299901811406016  Train L2 Loss :  6.512674142932892
Epoch :  77  Epoch time :  17.287968011572957  Train L2 Loss :  6.472529971456527
Epoch :  78  Epoch time :  17.336722406558692  Train L2 Loss :  6.419215071487427
Epoch :  79  Epoch time :  17.33711797185242  Train L2 Loss :  6.466449700450897
Epoch :  80  Epoch time :  17.321621702983975  Train L2 Loss :  6.393573542499542
Epoch :  81  Epoch time :  17.35009300056845  Train L2 Loss :  6.337812747573852
Epoch :  82  Epoch time :  17.362149953842163  Train L2 Loss :  6.338697172498703
Epoch :  83  Epoch time :  17.363717794418335  Train L2 Loss :  6.360791125446558
Epoch :  84  Epoch time :  17.41401123907417  Train L2 Loss :  6.282522908496857
Epoch :  85  Epoch time :  17.360214402899146  Train L2 Loss :  6.286238471317291
Epoch :  86  Epoch time :  17.39395739044994  Train L2 Loss :  6.2682562191009525
Epoch :  87  Epoch time :  17.399817279540002  Train L2 Loss :  6.253602365458011
Epoch :  88  Epoch time :  17.406013544648886  Train L2 Loss :  6.1938415153980255
Epoch :  89  Epoch time :  17.394008366391063  Train L2 Loss :  6.201916510486603
Epoch :  90  Epoch time :  17.423670852556825  Train L2 Loss :  6.1991530102491375
Epoch :  91  Epoch time :  17.42120891623199  Train L2 Loss :  6.117555959320068
Epoch :  92  Epoch time :  17.43486952688545  Train L2 Loss :  6.159642907905579
Epoch :  93  Epoch time :  17.437980697490275  Train L2 Loss :  6.077336344885826
Epoch :  94  Epoch time :  17.46789588779211  Train L2 Loss :  6.068212193441391
Epoch :  95  Epoch time :  17.492829436436296  Train L2 Loss :  6.065212946814299
Epoch :  96  Epoch time :  17.475488119758666  Train L2 Loss :  6.076297352719307
Epoch :  97  Epoch time :  17.513964373618364  Train L2 Loss :  6.044545541381836
Epoch :  98  Epoch time :  17.479712136089802  Train L2 Loss :  6.05455183801651
Epoch :  99  Epoch time :  17.463215079158545  Train L2 Loss :  5.961050961446762
Epoch :  100  Epoch time :  17.543035192415118  Train L2 Loss :  4.221746400785446
Epoch :  101  Epoch time :  17.53340562619269  Train L2 Loss :  3.9613602271556854
Epoch :  102  Epoch time :  17.585973744280636  Train L2 Loss :  3.863327834779024
Epoch :  103  Epoch time :  17.596299997530878  Train L2 Loss :  3.8188123727440835
Epoch :  104  Epoch time :  17.56313855201006  Train L2 Loss :  3.7821489220142364
Epoch :  105  Epoch time :  17.532413186505437  Train L2 Loss :  3.7426478127241136
Epoch :  106  Epoch time :  17.573331966996193  Train L2 Loss :  3.7479370522260664
Epoch :  107  Epoch time :  17.549553924240172  Train L2 Loss :  3.733286911714077
Epoch :  108  Epoch time :  17.538640812970698  Train L2 Loss :  3.7386208047389986
Epoch :  109  Epoch time :  17.53932934254408  Train L2 Loss :  3.7301851186275483
Epoch :  110  Epoch time :  17.544195816852152  Train L2 Loss :  3.704179048371315
Epoch :  111  Epoch time :  17.54524107463658  Train L2 Loss :  3.7192160073280336
Epoch :  112  Epoch time :  17.58179252780974  Train L2 Loss :  3.676595609664917
Epoch :  113  Epoch time :  17.57464132644236  Train L2 Loss :  3.6724826567173006
Epoch :  114  Epoch time :  17.589201197959483  Train L2 Loss :  3.670734275722504
Epoch :  115  Epoch time :  17.545853469520807  Train L2 Loss :  3.6907221727371216
Epoch :  116  Epoch time :  17.596317840740085  Train L2 Loss :  3.6706067843198777
Epoch :  117  Epoch time :  17.63083368819207  Train L2 Loss :  3.6568976766109467
Epoch :  118  Epoch time :  17.599354590289295  Train L2 Loss :  3.649450594043732
Epoch :  119  Epoch time :  17.64835619367659  Train L2 Loss :  3.647205616557598
Epoch :  120  Epoch time :  17.56518037710339  Train L2 Loss :  3.656246567195654
Epoch :  121  Epoch time :  17.561494999565184  Train L2 Loss :  3.649389295196533
Epoch :  122  Epoch time :  17.566976247355342  Train L2 Loss :  3.607161362195015
Epoch :  123  Epoch time :  17.638837732374668  Train L2 Loss :  3.6156602256983517
Epoch :  124  Epoch time :  17.57236030139029  Train L2 Loss :  3.660109178340435
Epoch :  125  Epoch time :  17.548975026234984  Train L2 Loss :  3.639672882461548
Epoch :  126  Epoch time :  17.529795221984386  Train L2 Loss :  3.640560733771324
Epoch :  127  Epoch time :  17.54003021027893  Train L2 Loss :  3.572966175854206
Epoch :  128  Epoch time :  17.55006209295243  Train L2 Loss :  3.6029435980319975
Epoch :  129  Epoch time :  17.576760875992477  Train L2 Loss :  3.5742870941758156
Epoch :  130  Epoch time :  17.55413969885558  Train L2 Loss :  3.578631731748581
Epoch :  131  Epoch time :  17.578001778572798  Train L2 Loss :  3.590212028089166
Epoch :  132  Epoch time :  17.541433063335717  Train L2 Loss :  3.5970644444823265
Epoch :  133  Epoch time :  17.564648809842765  Train L2 Loss :  3.587506263881922
Epoch :  134  Epoch time :  17.597115411423147  Train L2 Loss :  3.5718304487466814
Epoch :  135  Epoch time :  17.577743119560182  Train L2 Loss :  3.572905692720413
Epoch :  136  Epoch time :  17.555212957784534  Train L2 Loss :  3.5122843821465968
Epoch :  137  Epoch time :  17.54902182519436  Train L2 Loss :  3.586373512554169
Epoch :  138  Epoch time :  17.660503463819623  Train L2 Loss :  3.544262467110157
Epoch :  139  Epoch time :  17.660186645574868  Train L2 Loss :  3.5428590007781984
Epoch :  140  Epoch time :  17.55639921501279  Train L2 Loss :  3.558957170061022
Epoch :  141  Epoch time :  17.6050307136029  Train L2 Loss :  3.548570286786556
Epoch :  142  Epoch time :  17.692169124260545  Train L2 Loss :  3.550866602346301
Epoch :  143  Epoch time :  17.5639188895002  Train L2 Loss :  3.5651221337497234
Epoch :  144  Epoch time :  17.610418531112373  Train L2 Loss :  3.5088958680272104
Epoch :  145  Epoch time :  17.554870199412107  Train L2 Loss :  3.534855533255637
Epoch :  146  Epoch time :  17.607407863251865  Train L2 Loss :  3.551914466622472
Epoch :  147  Epoch time :  17.60464405361563  Train L2 Loss :  3.5259150119185447
Epoch :  148  Epoch time :  17.57934954110533  Train L2 Loss :  3.505724329799414
Epoch :  149  Epoch time :  17.719709522090852  Train L2 Loss :  3.5505922939896584
Epoch :  150  Epoch time :  17.61586349736899  Train L2 Loss :  3.507216881465912
Epoch :  151  Epoch time :  17.578205683268607  Train L2 Loss :  3.518958852340281
Epoch :  152  Epoch time :  17.62056464049965  Train L2 Loss :  3.4767783791065217
Epoch :  153  Epoch time :  17.8656639251858  Train L2 Loss :  3.4984280632972715
Epoch :  154  Epoch time :  17.638586139306426  Train L2 Loss :  3.5096617649555206
Epoch :  155  Epoch time :  17.617918367497623  Train L2 Loss :  3.4687896116256716
Epoch :  156  Epoch time :  17.639554483816028  Train L2 Loss :  3.480451698088646
Epoch :  157  Epoch time :  17.5824156049639  Train L2 Loss :  3.479276109611988
Epoch :  158  Epoch time :  17.701111785136163  Train L2 Loss :  3.510591343617439
Epoch :  159  Epoch time :  17.623475196771324  Train L2 Loss :  3.4883015787363054
Epoch :  160  Epoch time :  17.610371883958578  Train L2 Loss :  3.468081499505043
Epoch :  161  Epoch time :  17.612080289050937  Train L2 Loss :  3.474211029410362
Epoch :  162  Epoch time :  17.622620282694697  Train L2 Loss :  3.4673367949247362
Epoch :  163  Epoch time :  17.74762409273535  Train L2 Loss :  3.4549030822992326
Epoch :  164  Epoch time :  17.62483633030206  Train L2 Loss :  3.4733550412654877
Epoch :  165  Epoch time :  17.648572312667966  Train L2 Loss :  3.4539842473506925
Epoch :  166  Epoch time :  17.655875244177878  Train L2 Loss :  3.4524080738067626
Epoch :  167  Epoch time :  17.616911103017628  Train L2 Loss :  3.4616498472929003
Epoch :  168  Epoch time :  17.61232233606279  Train L2 Loss :  3.4503563999652864
Epoch :  169  Epoch time :  17.75362657662481  Train L2 Loss :  3.4293380247592924
Epoch :  170  Epoch time :  17.642726718448102  Train L2 Loss :  3.406384455502033
Epoch :  171  Epoch time :  17.62678920198232  Train L2 Loss :  3.432586901371181
Epoch :  172  Epoch time :  17.679190419614315  Train L2 Loss :  3.423213244128227
Epoch :  173  Epoch time :  17.635667020455003  Train L2 Loss :  3.432927450090647
Epoch :  174  Epoch time :  17.706963488832116  Train L2 Loss :  3.4397389811515806
Epoch :  175  Epoch time :  17.688089981675148  Train L2 Loss :  3.4409120891094207
Epoch :  176  Epoch time :  17.624746109358966  Train L2 Loss :  3.4110962649784984
Epoch :  177  Epoch time :  17.616154028102756  Train L2 Loss :  3.4030431684076787
Epoch :  178  Epoch time :  17.70873779244721  Train L2 Loss :  3.4559479568377136
Epoch :  179  Epoch time :  17.62396057229489  Train L2 Loss :  3.385021963810921
Epoch :  180  Epoch time :  17.687058325856924  Train L2 Loss :  3.422633106857538
Epoch :  181  Epoch time :  17.688431745395064  Train L2 Loss :  3.3922617112532256
Epoch :  182  Epoch time :  17.658214904367924  Train L2 Loss :  3.4059510479450226
Epoch :  183  Epoch time :  17.65379434451461  Train L2 Loss :  3.416985779762268
Epoch :  184  Epoch time :  17.77296274341643  Train L2 Loss :  3.372238844394684
Epoch :  185  Epoch time :  17.67079443950206  Train L2 Loss :  3.4023334388017656
Epoch :  186  Epoch time :  17.70461128745228  Train L2 Loss :  3.381236388963461
Epoch :  187  Epoch time :  17.746886786073446  Train L2 Loss :  3.3695945863723753
Epoch :  188  Epoch time :  17.67485334072262  Train L2 Loss :  3.3623026715517046
Epoch :  189  Epoch time :  17.764937236905098  Train L2 Loss :  3.3790812745809555
Epoch :  190  Epoch time :  17.67267470713705  Train L2 Loss :  3.4002480970591304
Epoch :  191  Epoch time :  17.70770177617669  Train L2 Loss :  3.359844809603691
Epoch :  192  Epoch time :  17.701337471604347  Train L2 Loss :  3.3497381628289817
Epoch :  193  Epoch time :  17.651098117232323  Train L2 Loss :  3.383263264131546
Epoch :  194  Epoch time :  17.736517892219126  Train L2 Loss :  3.391937710624933
Epoch :  195  Epoch time :  17.680757275782526  Train L2 Loss :  3.3587224912047384
Epoch :  196  Epoch time :  17.67762277275324  Train L2 Loss :  3.360076724347472
Epoch :  197  Epoch time :  17.771290600299835  Train L2 Loss :  3.3741128132522107
Epoch :  198  Epoch time :  17.747090329416096  Train L2 Loss :  3.3722831324100495
Epoch :  199  Epoch time :  17.685533856973052  Train L2 Loss :  3.3604585050582885
Total time is : 3493.5315490877256 Total epoch is  200
