Input dim :  201  output dim :  1
Start training 
21313
Epoch :  0  Epoch time :  17.20944039709866  Train L2 Loss :  50.89331101589203
Epoch :  1  Epoch time :  17.021179406903684  Train L2 Loss :  22.766719936561586
Epoch :  2  Epoch time :  17.249927797354758  Train L2 Loss :  19.673889425468445
Epoch :  3  Epoch time :  17.33257142920047  Train L2 Loss :  18.009209009838106
Epoch :  4  Epoch time :  17.42371852416545  Train L2 Loss :  16.899890187072753
Epoch :  5  Epoch time :  17.486759844236076  Train L2 Loss :  15.995721915626525
Epoch :  6  Epoch time :  17.602567117661238  Train L2 Loss :  15.236012147331238
Epoch :  7  Epoch time :  17.66837420593947  Train L2 Loss :  14.672712264633178
Epoch :  8  Epoch time :  17.795244755223393  Train L2 Loss :  14.094807794809341
Epoch :  9  Epoch time :  17.96576897148043  Train L2 Loss :  13.659661468696594
Epoch :  10  Epoch time :  18.17247042618692  Train L2 Loss :  13.337981535053252
Epoch :  11  Epoch time :  18.13398344255984  Train L2 Loss :  12.967060252857209
Epoch :  12  Epoch time :  18.1783059053123  Train L2 Loss :  12.652878042221069
Epoch :  13  Epoch time :  18.187903735786676  Train L2 Loss :  12.42843739490509
Epoch :  14  Epoch time :  18.217613697052002  Train L2 Loss :  12.098280915164947
Epoch :  15  Epoch time :  18.266788387671113  Train L2 Loss :  11.866327916145325
Epoch :  16  Epoch time :  18.37425369117409  Train L2 Loss :  11.626859584712982
Epoch :  17  Epoch time :  18.3939266493544  Train L2 Loss :  11.550033443546296
Epoch :  18  Epoch time :  18.364249859936535  Train L2 Loss :  11.316967166519165
Epoch :  19  Epoch time :  18.420469073578715  Train L2 Loss :  11.141750401449203
Epoch :  20  Epoch time :  18.486423811875284  Train L2 Loss :  11.04800104560852
Epoch :  21  Epoch time :  18.479855332523584  Train L2 Loss :  10.81162008972168
Epoch :  22  Epoch time :  18.674867662601173  Train L2 Loss :  10.715392338132858
Epoch :  23  Epoch time :  18.566179435700178  Train L2 Loss :  10.595854241919518
Epoch :  24  Epoch time :  18.652598499320447  Train L2 Loss :  10.432995273113251
Epoch :  25  Epoch time :  18.650918162427843  Train L2 Loss :  10.318341904211044
Epoch :  26  Epoch time :  18.69654042739421  Train L2 Loss :  10.238560680675507
Epoch :  27  Epoch time :  18.756232331506908  Train L2 Loss :  10.149608211278915
Epoch :  28  Epoch time :  18.784664186649024  Train L2 Loss :  10.00193146648407
Epoch :  29  Epoch time :  18.80341742746532  Train L2 Loss :  9.975500127792358
Epoch :  30  Epoch time :  18.873622929677367  Train L2 Loss :  9.825506006908416
Epoch :  31  Epoch time :  18.838011924177408  Train L2 Loss :  9.732777567315102
Epoch :  32  Epoch time :  18.864637710154057  Train L2 Loss :  9.654575634288788
Epoch :  33  Epoch time :  18.948469016700983  Train L2 Loss :  9.551016947984696
Epoch :  34  Epoch time :  18.883210754022002  Train L2 Loss :  9.517020866501332
Epoch :  35  Epoch time :  18.955974597483873  Train L2 Loss :  9.483832949376106
Epoch :  36  Epoch time :  18.944164720363915  Train L2 Loss :  9.35830003528595
Epoch :  37  Epoch time :  19.09677302185446  Train L2 Loss :  9.288254883575439
Epoch :  38  Epoch time :  19.083938704803586  Train L2 Loss :  9.270355283641814
Epoch :  39  Epoch time :  19.12662506662309  Train L2 Loss :  9.110502640843391
Epoch :  40  Epoch time :  19.12291034683585  Train L2 Loss :  9.069025702953338
Epoch :  41  Epoch time :  19.061853675171733  Train L2 Loss :  9.010506727838516
Epoch :  42  Epoch time :  19.189982739277184  Train L2 Loss :  8.962662434387207
Epoch :  43  Epoch time :  19.30803018808365  Train L2 Loss :  8.904734177544713
Epoch :  44  Epoch time :  19.369779255241156  Train L2 Loss :  8.837284336566926
Epoch :  45  Epoch time :  19.373050889000297  Train L2 Loss :  8.832468922710419
Epoch :  46  Epoch time :  19.438403251580894  Train L2 Loss :  8.760633337259293
Epoch :  47  Epoch time :  19.148840058594942  Train L2 Loss :  8.680450894331932
Epoch :  48  Epoch time :  19.468616034835577  Train L2 Loss :  8.626721355235576
Epoch :  49  Epoch time :  19.318473896943033  Train L2 Loss :  8.606015008544922
Epoch :  50  Epoch time :  19.12463838979602  Train L2 Loss :  8.566750296974183
Epoch :  51  Epoch time :  19.19526109471917  Train L2 Loss :  8.525150018072129
Epoch :  52  Epoch time :  19.3661404652521  Train L2 Loss :  8.470907731628419
Epoch :  53  Epoch time :  19.18461187928915  Train L2 Loss :  8.398486789345741
Epoch :  54  Epoch time :  19.351012992672622  Train L2 Loss :  8.365649538516998
Epoch :  55  Epoch time :  19.285878689959645  Train L2 Loss :  8.310790734624863
Epoch :  56  Epoch time :  19.520904049277306  Train L2 Loss :  8.277830429315568
Epoch :  57  Epoch time :  19.588825377635658  Train L2 Loss :  8.287926458644867
Epoch :  58  Epoch time :  19.748105595819652  Train L2 Loss :  8.164234148406983
Epoch :  59  Epoch time :  19.632334458641708  Train L2 Loss :  8.181760974264146
Epoch :  60  Epoch time :  19.712828550487757  Train L2 Loss :  8.136798288726807
Epoch :  61  Epoch time :  19.752379468642175  Train L2 Loss :  8.079094660568238
Epoch :  62  Epoch time :  19.78047510329634  Train L2 Loss :  8.089262591838837
Epoch :  63  Epoch time :  19.897397589869797  Train L2 Loss :  8.075598878717422
Epoch :  64  Epoch time :  20.60163223091513  Train L2 Loss :  8.018415912914277
Epoch :  65  Epoch time :  20.123001964762807  Train L2 Loss :  7.951469574928284
Epoch :  66  Epoch time :  20.19844567961991  Train L2 Loss :  7.924319280791282
Epoch :  67  Epoch time :  20.18130999710411  Train L2 Loss :  7.894327700090408
Epoch :  68  Epoch time :  20.133281777612865  Train L2 Loss :  7.866561581850052
Epoch :  69  Epoch time :  20.107355549931526  Train L2 Loss :  7.848675184583664
Epoch :  70  Epoch time :  20.147184010595083  Train L2 Loss :  7.807800600910187
Epoch :  71  Epoch time :  20.176448066718876  Train L2 Loss :  7.757896451473236
Epoch :  72  Epoch time :  20.367856905795634  Train L2 Loss :  7.701995499515533
Epoch :  73  Epoch time :  20.162227117456496  Train L2 Loss :  7.7155710377216336
Epoch :  74  Epoch time :  20.247689628973603  Train L2 Loss :  7.721618698978424
Epoch :  75  Epoch time :  20.129316188395023  Train L2 Loss :  7.654692548465729
Epoch :  76  Epoch time :  20.198027933947742  Train L2 Loss :  7.62729800606966
Epoch :  77  Epoch time :  20.20753329526633  Train L2 Loss :  7.6049106715202335
Epoch :  78  Epoch time :  20.218757489696145  Train L2 Loss :  7.586617032384872
Epoch :  79  Epoch time :  20.201078315265477  Train L2 Loss :  7.560267100405693
Epoch :  80  Epoch time :  20.22722563613206  Train L2 Loss :  7.523431765699387
Epoch :  81  Epoch time :  20.204861856997013  Train L2 Loss :  7.520427060317993
Epoch :  82  Epoch time :  20.29055123962462  Train L2 Loss :  7.484002534198761
Epoch :  83  Epoch time :  20.327157655730844  Train L2 Loss :  7.470638695168495
Epoch :  84  Epoch time :  20.311680681072176  Train L2 Loss :  7.415900161409378
Epoch :  85  Epoch time :  20.280561842024326  Train L2 Loss :  7.3944149167060855
Epoch :  86  Epoch time :  20.337664345279336  Train L2 Loss :  7.373495706629753
Epoch :  87  Epoch time :  20.32256773300469  Train L2 Loss :  7.350670499670506
Epoch :  88  Epoch time :  20.323261573910713  Train L2 Loss :  7.353167573833465
Epoch :  89  Epoch time :  20.33923896588385  Train L2 Loss :  7.3100617923736575
Epoch :  90  Epoch time :  20.29446830879897  Train L2 Loss :  7.289465588951111
Epoch :  91  Epoch time :  20.332755259238183  Train L2 Loss :  7.287996457028389
Epoch :  92  Epoch time :  20.35201913677156  Train L2 Loss :  7.232963449335098
Epoch :  93  Epoch time :  20.394658320583403  Train L2 Loss :  7.215989191961288
Epoch :  94  Epoch time :  20.429794866591692  Train L2 Loss :  7.180405084896088
Epoch :  95  Epoch time :  20.383215473033488  Train L2 Loss :  7.206475940752029
Epoch :  96  Epoch time :  20.376299294643104  Train L2 Loss :  7.199788362312317
Epoch :  97  Epoch time :  20.40760264545679  Train L2 Loss :  7.109745344638824
Epoch :  98  Epoch time :  20.34206846728921  Train L2 Loss :  7.090941749715805
Epoch :  99  Epoch time :  20.376669223420322  Train L2 Loss :  7.08495885386467
Epoch :  100  Epoch time :  20.445564079098403  Train L2 Loss :  5.565070985102653
Epoch :  101  Epoch time :  20.45626042969525  Train L2 Loss :  5.4164706277132035
Epoch :  102  Epoch time :  20.440932922065258  Train L2 Loss :  5.3875828536987305
Epoch :  103  Epoch time :  20.396221205592155  Train L2 Loss :  5.324515457820892
Epoch :  104  Epoch time :  20.399585417471826  Train L2 Loss :  5.3193882157802586
Epoch :  105  Epoch time :  20.497322220355272  Train L2 Loss :  5.310951358425617
Epoch :  106  Epoch time :  20.402830051258206  Train L2 Loss :  5.28851561832428
Epoch :  107  Epoch time :  20.402458121068776  Train L2 Loss :  5.281815243434906
Epoch :  108  Epoch time :  20.443103400059044  Train L2 Loss :  5.272983783531189
Epoch :  109  Epoch time :  20.33817000873387  Train L2 Loss :  5.262698634958268
Epoch :  110  Epoch time :  20.150319541804492  Train L2 Loss :  5.250399931621551
Epoch :  111  Epoch time :  19.790120617486537  Train L2 Loss :  5.2326170838832855
Epoch :  112  Epoch time :  19.602986871264875  Train L2 Loss :  5.249571178936958
Epoch :  113  Epoch time :  19.432572373189032  Train L2 Loss :  5.1914526276230815
Epoch :  114  Epoch time :  19.40093092713505  Train L2 Loss :  5.202764906835556
Epoch :  115  Epoch time :  19.4187438134104  Train L2 Loss :  5.206899288392067
Epoch :  116  Epoch time :  19.44588614627719  Train L2 Loss :  5.193018609142303
Epoch :  117  Epoch time :  19.43289312068373  Train L2 Loss :  5.187911678123474
Epoch :  118  Epoch time :  19.451467816717923  Train L2 Loss :  5.170778815507889
Epoch :  119  Epoch time :  19.419745945371687  Train L2 Loss :  5.1867724098205565
Epoch :  120  Epoch time :  19.416748497635126  Train L2 Loss :  5.175163885444403
Epoch :  121  Epoch time :  19.397070330567658  Train L2 Loss :  5.168004280322791
Epoch :  122  Epoch time :  19.492479030042887  Train L2 Loss :  5.167050267362595
Epoch :  123  Epoch time :  19.44300661701709  Train L2 Loss :  5.1653519373893735
Epoch :  124  Epoch time :  19.46021418273449  Train L2 Loss :  5.158258968102932
Epoch :  125  Epoch time :  19.43685793504119  Train L2 Loss :  5.153262369346619
Epoch :  126  Epoch time :  19.430107082240283  Train L2 Loss :  5.113309773409367
Epoch :  127  Epoch time :  19.536547237075865  Train L2 Loss :  5.154075530815125
Epoch :  128  Epoch time :  19.507020408287644  Train L2 Loss :  5.108944901633262
Epoch :  129  Epoch time :  19.55184260662645  Train L2 Loss :  5.109128947639466
Epoch :  130  Epoch time :  19.529093931429088  Train L2 Loss :  5.113863272023201
Epoch :  131  Epoch time :  19.518121948465705  Train L2 Loss :  5.100620437717438
Epoch :  132  Epoch time :  19.497557054273784  Train L2 Loss :  5.103210000324249
Epoch :  133  Epoch time :  19.78626587986946  Train L2 Loss :  5.08343950612545
Epoch :  134  Epoch time :  19.536828571930528  Train L2 Loss :  5.075700514751673
Epoch :  135  Epoch time :  19.54477610066533  Train L2 Loss :  5.085834169852734
Epoch :  136  Epoch time :  19.53330205474049  Train L2 Loss :  5.053554161727428
Epoch :  137  Epoch time :  19.53257052693516  Train L2 Loss :  5.057910891389847
Epoch :  138  Epoch time :  19.51590668875724  Train L2 Loss :  5.061860238814354
Epoch :  139  Epoch time :  19.549381041899323  Train L2 Loss :  5.051682518148422
Epoch :  140  Epoch time :  19.523802435956895  Train L2 Loss :  5.058785316562653
Epoch :  141  Epoch time :  19.61185767594725  Train L2 Loss :  5.023039456319809
Epoch :  142  Epoch time :  19.537892838008702  Train L2 Loss :  5.0454136293172835
Epoch :  143  Epoch time :  19.515726909041405  Train L2 Loss :  5.0406288984775545
Epoch :  144  Epoch time :  19.829809004440904  Train L2 Loss :  5.017010940408706
Epoch :  145  Epoch time :  19.520237118005753  Train L2 Loss :  5.005355827140808
Epoch :  146  Epoch time :  19.644261716865003  Train L2 Loss :  5.001247297894954
Epoch :  147  Epoch time :  19.54137679748237  Train L2 Loss :  5.01225786601305
Epoch :  148  Epoch time :  19.623219820670784  Train L2 Loss :  4.978399834907055
Epoch :  149  Epoch time :  19.54907439276576  Train L2 Loss :  5.030590890097618
Epoch :  150  Epoch time :  19.565422377549112  Train L2 Loss :  5.0185564091682435
Epoch :  151  Epoch time :  19.56897085160017  Train L2 Loss :  5.003236636209488
Epoch :  152  Epoch time :  19.64412606600672  Train L2 Loss :  4.988798357415199
Epoch :  153  Epoch time :  19.604334264993668  Train L2 Loss :  4.974384454745055
Epoch :  154  Epoch time :  19.60938059631735  Train L2 Loss :  4.995666896629333
Epoch :  155  Epoch time :  19.57718109805137  Train L2 Loss :  4.974764220869541
Epoch :  156  Epoch time :  19.778219730593264  Train L2 Loss :  4.967694663524628
Epoch :  157  Epoch time :  19.63516009785235  Train L2 Loss :  4.952766676163673
Epoch :  158  Epoch time :  19.669148051179945  Train L2 Loss :  4.986986366558075
Epoch :  159  Epoch time :  19.644007394090295  Train L2 Loss :  4.97508067741394
Epoch :  160  Epoch time :  19.656381521373987  Train L2 Loss :  4.943318204689026
Epoch :  161  Epoch time :  19.586804325692356  Train L2 Loss :  4.991190761601925
Epoch :  162  Epoch time :  19.616978446021676  Train L2 Loss :  4.946639920163155
Epoch :  163  Epoch time :  19.672958699055016  Train L2 Loss :  4.9272407913446425
Epoch :  164  Epoch time :  19.722442290745676  Train L2 Loss :  4.933014851164818
Epoch :  165  Epoch time :  19.61806484311819  Train L2 Loss :  4.94249977850914
Epoch :  166  Epoch time :  19.69344951491803  Train L2 Loss :  4.935066108322143
Epoch :  167  Epoch time :  19.694493915885687  Train L2 Loss :  4.9359217674732205
Epoch :  168  Epoch time :  19.67088557779789  Train L2 Loss :  4.9289553568124775
Epoch :  169  Epoch time :  19.699907517060637  Train L2 Loss :  4.928787648391723
Epoch :  170  Epoch time :  19.772775962017477  Train L2 Loss :  4.9544341404438015
Epoch :  171  Epoch time :  19.632416198030114  Train L2 Loss :  4.905756140613556
Epoch :  172  Epoch time :  19.711063720285892  Train L2 Loss :  4.916675256824494
Epoch :  173  Epoch time :  19.635898462496698  Train L2 Loss :  4.906613832855225
Epoch :  174  Epoch time :  19.67967154365033  Train L2 Loss :  4.913890949106216
Epoch :  175  Epoch time :  19.651046748273075  Train L2 Loss :  4.890305797040463
Epoch :  176  Epoch time :  19.730456286109984  Train L2 Loss :  4.886553816890717
Epoch :  177  Epoch time :  19.709951512515545  Train L2 Loss :  4.905288799762726
Epoch :  178  Epoch time :  19.657582266256213  Train L2 Loss :  4.896959315729141
Epoch :  179  Epoch time :  19.63450262695551  Train L2 Loss :  4.880873010730744
Epoch :  180  Epoch time :  19.738190171308815  Train L2 Loss :  4.896163348579407
Epoch :  181  Epoch time :  19.674130141735077  Train L2 Loss :  4.863496257472038
Epoch :  182  Epoch time :  19.75757722556591  Train L2 Loss :  4.875281007480622
Epoch :  183  Epoch time :  19.655494453385472  Train L2 Loss :  4.879201107561588
Epoch :  184  Epoch time :  19.67523099295795  Train L2 Loss :  4.874954811835289
Epoch :  185  Epoch time :  19.682607819326222  Train L2 Loss :  4.866451602649689
Epoch :  186  Epoch time :  19.784304614178836  Train L2 Loss :  4.835566735577583
Epoch :  187  Epoch time :  19.79868091735989  Train L2 Loss :  4.842439833068847
Epoch :  188  Epoch time :  20.221400699578226  Train L2 Loss :  4.841466993570328
Epoch :  189  Epoch time :  19.50736219715327  Train L2 Loss :  4.859135187888145
Epoch :  190  Epoch time :  19.518738602288067  Train L2 Loss :  4.842962472963333
Epoch :  191  Epoch time :  19.4712459621951  Train L2 Loss :  4.843228078329563
Epoch :  192  Epoch time :  19.43730063829571  Train L2 Loss :  4.820447823268175
Epoch :  193  Epoch time :  19.441224141046405  Train L2 Loss :  4.829647266912461
Epoch :  194  Epoch time :  19.525840174406767  Train L2 Loss :  4.8517644691228865
Epoch :  195  Epoch time :  19.545470361597836  Train L2 Loss :  4.818371932810545
Epoch :  196  Epoch time :  19.405550273135304  Train L2 Loss :  4.827630902338028
Epoch :  197  Epoch time :  19.572340914048254  Train L2 Loss :  4.828717830562591
Epoch :  198  Epoch time :  19.544725090265274  Train L2 Loss :  4.8269241028785705
Epoch :  199  Epoch time :  19.57833973597735  Train L2 Loss :  4.801206231379509
Total time is : 3897.859514097683 Total epoch is  200
