Input dim :  201  output dim :  1
Start training 
3793
Epoch :  0  Epoch time :  17.1555768372491  Train L2 Loss :  70.1306473619461
Epoch :  1  Epoch time :  17.0383281679824  Train L2 Loss :  30.93560713596344
Epoch :  2  Epoch time :  17.234929814003408  Train L2 Loss :  26.028431357479096
Epoch :  3  Epoch time :  17.361980192363262  Train L2 Loss :  23.456744694042207
Epoch :  4  Epoch time :  17.632406305521727  Train L2 Loss :  21.80182137336731
Epoch :  5  Epoch time :  17.670287515968084  Train L2 Loss :  20.5947500623703
Epoch :  6  Epoch time :  17.78409398999065  Train L2 Loss :  19.65075270290375
Epoch :  7  Epoch time :  17.818321404978633  Train L2 Loss :  18.984652802467345
Epoch :  8  Epoch time :  17.95770808123052  Train L2 Loss :  18.50963030452728
Epoch :  9  Epoch time :  17.975342218764126  Train L2 Loss :  18.03515461177826
Epoch :  10  Epoch time :  18.08745384309441  Train L2 Loss :  17.681554141521453
Epoch :  11  Epoch time :  18.01046491600573  Train L2 Loss :  17.288013237905503
Epoch :  12  Epoch time :  18.07726738229394  Train L2 Loss :  16.91523645877838
Epoch :  13  Epoch time :  18.070928337983787  Train L2 Loss :  16.628447190475462
Epoch :  14  Epoch time :  18.09746466204524  Train L2 Loss :  16.362467827510834
Epoch :  15  Epoch time :  18.086435304023325  Train L2 Loss :  16.144229413795472
Epoch :  16  Epoch time :  18.15210661664605  Train L2 Loss :  15.900401455497741
Epoch :  17  Epoch time :  18.070799541659653  Train L2 Loss :  15.76182140712738
Epoch :  18  Epoch time :  18.16012613568455  Train L2 Loss :  15.604535524749755
Epoch :  19  Epoch time :  18.124853861518204  Train L2 Loss :  15.445764045536517
Epoch :  20  Epoch time :  18.183021667413414  Train L2 Loss :  15.282370051956176
Epoch :  21  Epoch time :  18.133574329316616  Train L2 Loss :  15.170307682657242
Epoch :  22  Epoch time :  18.184589993208647  Train L2 Loss :  15.047280415344238
Epoch :  23  Epoch time :  18.49653831589967  Train L2 Loss :  14.900491677427292
Epoch :  24  Epoch time :  18.357689308933914  Train L2 Loss :  14.770211526870728
Epoch :  25  Epoch time :  17.899093565531075  Train L2 Loss :  14.62163515958786
Epoch :  26  Epoch time :  17.934791050851345  Train L2 Loss :  14.473058255887032
Epoch :  27  Epoch time :  17.91634581424296  Train L2 Loss :  14.410135256671905
Epoch :  28  Epoch time :  18.01541448198259  Train L2 Loss :  14.338266690921783
Epoch :  29  Epoch time :  17.91214606910944  Train L2 Loss :  14.181184362792969
Epoch :  30  Epoch time :  17.961848575621843  Train L2 Loss :  14.086484673786163
Epoch :  31  Epoch time :  18.059693031013012  Train L2 Loss :  13.992009072208404
Epoch :  32  Epoch time :  18.051956368610263  Train L2 Loss :  13.900823049259186
Epoch :  33  Epoch time :  18.01176571380347  Train L2 Loss :  13.788517328834534
Epoch :  34  Epoch time :  18.01359599456191  Train L2 Loss :  13.777448175048828
Epoch :  35  Epoch time :  17.95455112028867  Train L2 Loss :  13.646025887966156
Epoch :  36  Epoch time :  18.044483564794064  Train L2 Loss :  13.627119255447388
Epoch :  37  Epoch time :  17.970285499468446  Train L2 Loss :  13.568010852622987
Epoch :  38  Epoch time :  17.987237726338208  Train L2 Loss :  13.520986326694489
Epoch :  39  Epoch time :  17.986434869468212  Train L2 Loss :  13.48800162577629
Epoch :  40  Epoch time :  18.048121942207217  Train L2 Loss :  13.382992560005189
Epoch :  41  Epoch time :  18.10611437726766  Train L2 Loss :  13.306885431957244
Epoch :  42  Epoch time :  18.125031179748476  Train L2 Loss :  13.30178542485237
Epoch :  43  Epoch time :  18.032122961245477  Train L2 Loss :  13.227677825164795
Epoch :  44  Epoch time :  18.110068415291607  Train L2 Loss :  13.205348066186906
Epoch :  45  Epoch time :  18.049202465452254  Train L2 Loss :  13.149449897456169
Epoch :  46  Epoch time :  18.11872021574527  Train L2 Loss :  13.084750901222229
Epoch :  47  Epoch time :  18.115668651647866  Train L2 Loss :  13.050351159858703
Epoch :  48  Epoch time :  18.179473338648677  Train L2 Loss :  13.047352567005158
Epoch :  49  Epoch time :  18.23177688382566  Train L2 Loss :  12.965762854576111
Epoch :  50  Epoch time :  18.272738678380847  Train L2 Loss :  12.890532121038436
Epoch :  51  Epoch time :  18.230575227178633  Train L2 Loss :  12.844315679168702
Epoch :  52  Epoch time :  18.30887430626899  Train L2 Loss :  12.829991269779205
Epoch :  53  Epoch time :  18.283180540427566  Train L2 Loss :  12.77070906624794
Epoch :  54  Epoch time :  18.350390656851232  Train L2 Loss :  12.761841025590897
Epoch :  55  Epoch time :  18.368878728710115  Train L2 Loss :  12.670848908662796
Epoch :  56  Epoch time :  18.36219658050686  Train L2 Loss :  12.647682318806648
Epoch :  57  Epoch time :  18.336265644058585  Train L2 Loss :  12.586375809621812
Epoch :  58  Epoch time :  18.438844991847873  Train L2 Loss :  12.602486531352996
Epoch :  59  Epoch time :  18.36906460020691  Train L2 Loss :  12.557191419601441
Epoch :  60  Epoch time :  18.454022718593478  Train L2 Loss :  12.520900978970527
Epoch :  61  Epoch time :  18.446043117903173  Train L2 Loss :  12.493869874000548
Epoch :  62  Epoch time :  18.548957148566842  Train L2 Loss :  12.436879790496826
Epoch :  63  Epoch time :  18.46476825978607  Train L2 Loss :  12.406548900794983
Epoch :  64  Epoch time :  18.50167626142502  Train L2 Loss :  12.384873114776612
Epoch :  65  Epoch time :  18.51891278102994  Train L2 Loss :  12.349074191486835
Epoch :  66  Epoch time :  18.633192844688892  Train L2 Loss :  12.281219541549683
Epoch :  67  Epoch time :  18.635569690726697  Train L2 Loss :  12.235274628543854
Epoch :  68  Epoch time :  18.639807406812906  Train L2 Loss :  12.211723588943482
Epoch :  69  Epoch time :  18.58465877082199  Train L2 Loss :  12.137530836582183
Epoch :  70  Epoch time :  18.627385846339166  Train L2 Loss :  12.07829766831398
Epoch :  71  Epoch time :  18.646813221275806  Train L2 Loss :  12.02989230246544
Epoch :  72  Epoch time :  18.68907457124442  Train L2 Loss :  12.003508265686035
Epoch :  73  Epoch time :  18.661095132119954  Train L2 Loss :  11.959740692090989
Epoch :  74  Epoch time :  19.044228150509298  Train L2 Loss :  11.914873757123948
Epoch :  75  Epoch time :  18.66589300148189  Train L2 Loss :  11.885445590782165
Epoch :  76  Epoch time :  19.006610050797462  Train L2 Loss :  11.873827916574479
Epoch :  77  Epoch time :  18.769898118451238  Train L2 Loss :  11.804781390929222
Epoch :  78  Epoch time :  18.867693702690303  Train L2 Loss :  11.79213103017807
Epoch :  79  Epoch time :  18.799081296660006  Train L2 Loss :  11.709303972625733
Epoch :  80  Epoch time :  18.87903963867575  Train L2 Loss :  11.70309947605133
Epoch :  81  Epoch time :  18.776911546476185  Train L2 Loss :  11.653245354318619
Epoch :  82  Epoch time :  19.0786313675344  Train L2 Loss :  11.653396214818954
Epoch :  83  Epoch time :  18.75716485735029  Train L2 Loss :  11.60340974779129
Epoch :  84  Epoch time :  18.82736269570887  Train L2 Loss :  11.54309882903099
Epoch :  85  Epoch time :  18.278130466118455  Train L2 Loss :  11.478579296302795
Epoch :  86  Epoch time :  18.137554275803268  Train L2 Loss :  11.458352976989746
Epoch :  87  Epoch time :  19.162460240535438  Train L2 Loss :  11.407150513076783
Epoch :  88  Epoch time :  18.313948159106076  Train L2 Loss :  11.399069074654578
Epoch :  89  Epoch time :  18.210179190151393  Train L2 Loss :  11.38321775212288
Epoch :  90  Epoch time :  18.2942174077034  Train L2 Loss :  11.341853710746765
Epoch :  91  Epoch time :  18.609286254271865  Train L2 Loss :  11.273530166625976
Epoch :  92  Epoch time :  19.048928182572126  Train L2 Loss :  11.306244145584106
Epoch :  93  Epoch time :  18.989647755399346  Train L2 Loss :  11.268366004991531
Epoch :  94  Epoch time :  19.092793024145067  Train L2 Loss :  11.225022314071655
Epoch :  95  Epoch time :  19.044791939668357  Train L2 Loss :  11.190780826854706
Epoch :  96  Epoch time :  19.08744629099965  Train L2 Loss :  11.188569431829453
Epoch :  97  Epoch time :  19.03414417989552  Train L2 Loss :  11.094053446578979
Epoch :  98  Epoch time :  19.08193519152701  Train L2 Loss :  11.103041249084473
Epoch :  99  Epoch time :  19.078391298651695  Train L2 Loss :  11.04192183380127
Epoch :  100  Epoch time :  19.11992395389825  Train L2 Loss :  9.741506551647186
Epoch :  101  Epoch time :  19.097478014416993  Train L2 Loss :  9.644618959617615
Epoch :  102  Epoch time :  19.12930605467409  Train L2 Loss :  9.583591404342652
Epoch :  103  Epoch time :  19.133963346481323  Train L2 Loss :  9.562750226116181
Epoch :  104  Epoch time :  19.194129886105657  Train L2 Loss :  9.535052497673036
Epoch :  105  Epoch time :  19.175594328902662  Train L2 Loss :  9.501408003872633
Epoch :  106  Epoch time :  19.152529479935765  Train L2 Loss :  9.516877469539642
Epoch :  107  Epoch time :  19.16504484601319  Train L2 Loss :  9.49773718957901
Epoch :  108  Epoch time :  19.212681773118675  Train L2 Loss :  9.45456097278595
Epoch :  109  Epoch time :  19.171626890078187  Train L2 Loss :  9.457655934524537
Epoch :  110  Epoch time :  19.275816560722888  Train L2 Loss :  9.443849423289299
Epoch :  111  Epoch time :  19.242874399758875  Train L2 Loss :  9.450861558151246
Epoch :  112  Epoch time :  18.79417543299496  Train L2 Loss :  9.399074025440216
Epoch :  113  Epoch time :  18.705134335905313  Train L2 Loss :  9.398418685007096
Epoch :  114  Epoch time :  18.6668565236032  Train L2 Loss :  9.41991297197342
Epoch :  115  Epoch time :  18.61955782212317  Train L2 Loss :  9.389603352737426
Epoch :  116  Epoch time :  18.7472731070593  Train L2 Loss :  9.391536382055282
Epoch :  117  Epoch time :  18.61534394044429  Train L2 Loss :  9.381870017623902
Epoch :  118  Epoch time :  18.785518701188266  Train L2 Loss :  9.37359849395752
Epoch :  119  Epoch time :  18.675293947570026  Train L2 Loss :  9.394530463695526
Epoch :  120  Epoch time :  18.68895116262138  Train L2 Loss :  9.346579223442077
Epoch :  121  Epoch time :  18.633698389865458  Train L2 Loss :  9.349510449886322
Epoch :  122  Epoch time :  18.779149536974728  Train L2 Loss :  9.325947802829742
Epoch :  123  Epoch time :  18.699616977013648  Train L2 Loss :  9.33001415271759
Epoch :  124  Epoch time :  18.716575048863888  Train L2 Loss :  9.3270510948658
Epoch :  125  Epoch time :  18.747494504787028  Train L2 Loss :  9.308318626213074
Epoch :  126  Epoch time :  18.781546908430755  Train L2 Loss :  9.308904825639726
Epoch :  127  Epoch time :  18.7592472108081  Train L2 Loss :  9.333855445098877
Epoch :  128  Epoch time :  18.831299803219736  Train L2 Loss :  9.269422156310082
Epoch :  129  Epoch time :  18.781358611769974  Train L2 Loss :  9.271122437286376
Epoch :  130  Epoch time :  18.769484798423946  Train L2 Loss :  9.293152282810212
Epoch :  131  Epoch time :  18.78384532406926  Train L2 Loss :  9.272849134635925
Epoch :  132  Epoch time :  18.921303772367537  Train L2 Loss :  9.245750778186322
Epoch :  133  Epoch time :  18.78638766426593  Train L2 Loss :  9.260682464313508
Epoch :  134  Epoch time :  18.863206189125776  Train L2 Loss :  9.237410480690002
Epoch :  135  Epoch time :  18.839988248422742  Train L2 Loss :  9.256972522377968
Epoch :  136  Epoch time :  18.816470390185714  Train L2 Loss :  9.224431994342805
Epoch :  137  Epoch time :  18.81687294691801  Train L2 Loss :  9.229771710062026
Epoch :  138  Epoch time :  19.38940344005823  Train L2 Loss :  9.24560496287346
Epoch :  139  Epoch time :  19.481680571101606  Train L2 Loss :  9.232294209480285
Epoch :  140  Epoch time :  19.575270732864738  Train L2 Loss :  9.201561857557296
Epoch :  141  Epoch time :  19.541283789090812  Train L2 Loss :  9.179900183582307
Epoch :  142  Epoch time :  19.558237734250724  Train L2 Loss :  9.196067284870148
Epoch :  143  Epoch time :  19.528505421243608  Train L2 Loss :  9.17584910812378
Epoch :  144  Epoch time :  19.62255777232349  Train L2 Loss :  9.177152379131318
Epoch :  145  Epoch time :  19.544435852207243  Train L2 Loss :  9.15750288052559
Epoch :  146  Epoch time :  18.867810221388936  Train L2 Loss :  9.150429126358032
Epoch :  147  Epoch time :  18.82278878428042  Train L2 Loss :  9.192783859014511
Epoch :  148  Epoch time :  18.92019457835704  Train L2 Loss :  9.130453272151946
Epoch :  149  Epoch time :  18.93443835247308  Train L2 Loss :  9.13547748823166
Epoch :  150  Epoch time :  18.86757576558739  Train L2 Loss :  9.097525758457184
Epoch :  151  Epoch time :  19.02998760342598  Train L2 Loss :  9.091737944197655
Epoch :  152  Epoch time :  18.908264248631895  Train L2 Loss :  9.11016715555191
Epoch :  153  Epoch time :  19.095222408883274  Train L2 Loss :  9.110137492537499
Epoch :  154  Epoch time :  19.096482161432505  Train L2 Loss :  9.092620868492126
Epoch :  155  Epoch time :  19.022203356027603  Train L2 Loss :  9.114831534957887
Epoch :  156  Epoch time :  18.982234838418663  Train L2 Loss :  9.093852694702148
Epoch :  157  Epoch time :  19.09246451407671  Train L2 Loss :  9.101220132350921
Epoch :  158  Epoch time :  19.01110855769366  Train L2 Loss :  9.078653400421143
Epoch :  159  Epoch time :  18.992542315274477  Train L2 Loss :  9.096298861598969
Epoch :  160  Epoch time :  19.046701919287443  Train L2 Loss :  9.074883435058593
Epoch :  161  Epoch time :  18.92715059220791  Train L2 Loss :  9.060508868551254
Epoch :  162  Epoch time :  18.890563348308206  Train L2 Loss :  9.083184280872345
Epoch :  163  Epoch time :  19.029535297304392  Train L2 Loss :  9.043719247555734
Epoch :  164  Epoch time :  18.977682479657233  Train L2 Loss :  9.0694207777977
Epoch :  165  Epoch time :  18.99551199376583  Train L2 Loss :  9.014740857362748
Epoch :  166  Epoch time :  19.045444691553712  Train L2 Loss :  9.051523753356934
Epoch :  167  Epoch time :  19.1054085213691  Train L2 Loss :  9.020696538352967
Epoch :  168  Epoch time :  19.121015862561762  Train L2 Loss :  9.037936561632156
Epoch :  169  Epoch time :  19.132287106476724  Train L2 Loss :  9.012794873523712
Epoch :  170  Epoch time :  19.143149143084884  Train L2 Loss :  9.032799551868438
Epoch :  171  Epoch time :  19.14893272984773  Train L2 Loss :  9.013839634871482
Epoch :  172  Epoch time :  19.082828084938228  Train L2 Loss :  9.015381318759918
Epoch :  173  Epoch time :  19.182849342003465  Train L2 Loss :  9.00571313047409
Epoch :  174  Epoch time :  19.09817222226411  Train L2 Loss :  9.000082887029647
Epoch :  175  Epoch time :  19.152183583006263  Train L2 Loss :  8.96684117398262
Epoch :  176  Epoch time :  19.374228714965284  Train L2 Loss :  8.965742461585998
Epoch :  177  Epoch time :  19.82969002891332  Train L2 Loss :  9.002553313159943
Epoch :  178  Epoch time :  19.86445001605898  Train L2 Loss :  9.010685884666444
Epoch :  179  Epoch time :  19.392423229292035  Train L2 Loss :  8.961016164207459
Epoch :  180  Epoch time :  19.253360936418176  Train L2 Loss :  8.973547286128998
Epoch :  181  Epoch time :  19.17407039552927  Train L2 Loss :  8.942744675397872
Epoch :  182  Epoch time :  19.331857504323125  Train L2 Loss :  8.949561692547798
Epoch :  183  Epoch time :  19.27954094670713  Train L2 Loss :  8.935681971073151
Epoch :  184  Epoch time :  19.191951701417565  Train L2 Loss :  8.941739611315727
Epoch :  185  Epoch time :  19.176715832203627  Train L2 Loss :  8.950423785972594
Epoch :  186  Epoch time :  19.314497114159167  Train L2 Loss :  8.953307456064223
Epoch :  187  Epoch time :  19.054370873607695  Train L2 Loss :  8.926984041678905
Epoch :  188  Epoch time :  19.113512254320085  Train L2 Loss :  8.914769568824768
Epoch :  189  Epoch time :  19.175642985850573  Train L2 Loss :  8.916902922058105
Epoch :  190  Epoch time :  19.11780114285648  Train L2 Loss :  8.940737803554535
Epoch :  191  Epoch time :  19.187568112276495  Train L2 Loss :  8.919891222047806
Epoch :  192  Epoch time :  19.231413900852203  Train L2 Loss :  8.911321733736992
Epoch :  193  Epoch time :  19.215389302000403  Train L2 Loss :  8.913318527317047
Epoch :  194  Epoch time :  19.184240764938295  Train L2 Loss :  8.919432507514953
Epoch :  195  Epoch time :  19.267721853218973  Train L2 Loss :  8.883089323425294
Epoch :  196  Epoch time :  19.30101071484387  Train L2 Loss :  8.910791952550412
Epoch :  197  Epoch time :  19.203249227255583  Train L2 Loss :  8.868078999710082
Epoch :  198  Epoch time :  19.358382114209235  Train L2 Loss :  8.912467646694184
Epoch :  199  Epoch time :  19.204978947527707  Train L2 Loss :  8.895941696453095
Total time is : 3738.554230067879 Total epoch is  200
