Input dim :  201  output dim :  1
Start training 
3793
Epoch :  0  Epoch time :  2.2571920016780496  Train L2 Loss :  187.7466735534668
Epoch :  1  Epoch time :  2.0393265932798386  Train L2 Loss :  91.78091900634766
Epoch :  2  Epoch time :  2.0315047865733504  Train L2 Loss :  52.23663590698242
Epoch :  3  Epoch time :  2.021836968138814  Train L2 Loss :  44.531203869628904
Epoch :  4  Epoch time :  2.0530783645808697  Train L2 Loss :  40.06270968933106
Epoch :  5  Epoch time :  2.02333839610219  Train L2 Loss :  36.62266452636719
Epoch :  6  Epoch time :  2.0359929259866476  Train L2 Loss :  34.16892515258789
Epoch :  7  Epoch time :  2.041626292280853  Train L2 Loss :  32.201812512207034
Epoch :  8  Epoch time :  2.053196096792817  Train L2 Loss :  30.553849101257324
Epoch :  9  Epoch time :  2.0331310499459505  Train L2 Loss :  29.296686389160158
Epoch :  10  Epoch time :  2.054043808951974  Train L2 Loss :  28.086350506591796
Epoch :  11  Epoch time :  2.044325570575893  Train L2 Loss :  27.035613681030274
Epoch :  12  Epoch time :  2.0650893850252032  Train L2 Loss :  26.53473328552246
Epoch :  13  Epoch time :  2.048383843153715  Train L2 Loss :  25.974273291015624
Epoch :  14  Epoch time :  2.0502900518476963  Train L2 Loss :  25.09135217590332
Epoch :  15  Epoch time :  2.0677544185891747  Train L2 Loss :  24.759367416381835
Epoch :  16  Epoch time :  2.067167179659009  Train L2 Loss :  24.270170610046385
Epoch :  17  Epoch time :  2.050347271375358  Train L2 Loss :  23.824679791259765
Epoch :  18  Epoch time :  2.074640008620918  Train L2 Loss :  23.888939671325684
Epoch :  19  Epoch time :  2.05907697789371  Train L2 Loss :  23.231606650543213
Epoch :  20  Epoch time :  2.088410872966051  Train L2 Loss :  23.04835325164795
Epoch :  21  Epoch time :  2.075355843640864  Train L2 Loss :  22.95381784362793
Epoch :  22  Epoch time :  2.064611849375069  Train L2 Loss :  22.51384154586792
Epoch :  23  Epoch time :  2.080739219672978  Train L2 Loss :  22.35717745666504
Epoch :  24  Epoch time :  2.0949893724173307  Train L2 Loss :  21.943260777282713
Epoch :  25  Epoch time :  2.074752986431122  Train L2 Loss :  22.024402291870118
Epoch :  26  Epoch time :  2.0744270067662  Train L2 Loss :  21.720649565887452
Epoch :  27  Epoch time :  2.0756940068677068  Train L2 Loss :  21.576475079345702
Epoch :  28  Epoch time :  2.1057138200849295  Train L2 Loss :  21.39041506652832
Epoch :  29  Epoch time :  2.090826670639217  Train L2 Loss :  21.067035146331786
Epoch :  30  Epoch time :  2.086351778358221  Train L2 Loss :  20.96612841491699
Epoch :  31  Epoch time :  2.10648908931762  Train L2 Loss :  20.896752014160157
Epoch :  32  Epoch time :  2.0888226879760623  Train L2 Loss :  20.710555780029296
Epoch :  33  Epoch time :  2.1022289907559752  Train L2 Loss :  20.532723793792723
Epoch :  34  Epoch time :  2.109243889339268  Train L2 Loss :  20.431994633483885
Epoch :  35  Epoch time :  2.1076867319643497  Train L2 Loss :  20.23807586669922
Epoch :  36  Epoch time :  2.1378547167405486  Train L2 Loss :  19.997381044769288
Epoch :  37  Epoch time :  2.121136935427785  Train L2 Loss :  19.895203939819336
Epoch :  38  Epoch time :  2.122824820689857  Train L2 Loss :  19.86934949874878
Epoch :  39  Epoch time :  2.111401053145528  Train L2 Loss :  19.818697209167482
Epoch :  40  Epoch time :  2.205086645670235  Train L2 Loss :  19.76557534866333
Epoch :  41  Epoch time :  2.143479644320905  Train L2 Loss :  19.66096349029541
Epoch :  42  Epoch time :  2.140528996475041  Train L2 Loss :  19.519078188323974
Epoch :  43  Epoch time :  2.154070546850562  Train L2 Loss :  19.599252166748048
Epoch :  44  Epoch time :  2.1646570349112153  Train L2 Loss :  19.25519861831665
Epoch :  45  Epoch time :  2.130942049436271  Train L2 Loss :  19.155859704589844
Epoch :  46  Epoch time :  2.1273412788286805  Train L2 Loss :  19.158130011749268
Epoch :  47  Epoch time :  2.174739454872906  Train L2 Loss :  19.14624094390869
Epoch :  48  Epoch time :  2.1332862693816423  Train L2 Loss :  18.982107408142088
Epoch :  49  Epoch time :  2.1378155620768666  Train L2 Loss :  19.072038442993165
Epoch :  50  Epoch time :  2.1329468209296465  Train L2 Loss :  18.87667822036743
Epoch :  51  Epoch time :  2.1512747891247272  Train L2 Loss :  18.742721604919435
Epoch :  52  Epoch time :  2.1725995410233736  Train L2 Loss :  18.76384698562622
Epoch :  53  Epoch time :  2.1786183482035995  Train L2 Loss :  18.982216818237305
Epoch :  54  Epoch time :  2.1877964036539197  Train L2 Loss :  18.628191912078858
Epoch :  55  Epoch time :  2.1608194103464484  Train L2 Loss :  18.545870176696777
Epoch :  56  Epoch time :  2.175206311047077  Train L2 Loss :  18.603795792388915
Epoch :  57  Epoch time :  2.144042894244194  Train L2 Loss :  18.230723529815673
Epoch :  58  Epoch time :  2.1683271005749702  Train L2 Loss :  18.253229862976074
Epoch :  59  Epoch time :  2.1589929619804025  Train L2 Loss :  18.374250979614256
Epoch :  60  Epoch time :  2.1970745641738176  Train L2 Loss :  18.1788719039917
Epoch :  61  Epoch time :  2.2257284997031093  Train L2 Loss :  18.269093322753907
Epoch :  62  Epoch time :  2.1913601337000728  Train L2 Loss :  18.06878097381592
Epoch :  63  Epoch time :  2.1950035728514194  Train L2 Loss :  18.01925213623047
Epoch :  64  Epoch time :  2.179103611037135  Train L2 Loss :  18.027325400543212
Epoch :  65  Epoch time :  2.1759111434221268  Train L2 Loss :  17.896582447052
Epoch :  66  Epoch time :  2.1732605807483196  Train L2 Loss :  17.697987326049805
Epoch :  67  Epoch time :  2.18108166847378  Train L2 Loss :  17.832988098144533
Epoch :  68  Epoch time :  2.2162168687209487  Train L2 Loss :  17.72714192352295
Epoch :  69  Epoch time :  2.1735551925376058  Train L2 Loss :  17.56196220397949
Epoch :  70  Epoch time :  2.17787913326174  Train L2 Loss :  17.786117932128906
Epoch :  71  Epoch time :  2.1829955698922276  Train L2 Loss :  17.769584809112548
Epoch :  72  Epoch time :  2.212296604178846  Train L2 Loss :  17.554864801025392
Epoch :  73  Epoch time :  2.1947625037282705  Train L2 Loss :  17.561261450195314
Epoch :  74  Epoch time :  2.1996151925995946  Train L2 Loss :  17.431081200408936
Epoch :  75  Epoch time :  2.1931781321763992  Train L2 Loss :  17.344322775268555
Epoch :  76  Epoch time :  2.2211913587525487  Train L2 Loss :  17.51946413269043
Epoch :  77  Epoch time :  2.2009755121544003  Train L2 Loss :  17.404032978057863
Epoch :  78  Epoch time :  2.2004793053492904  Train L2 Loss :  17.037806297302247
Epoch :  79  Epoch time :  2.2200241396203637  Train L2 Loss :  17.261137686157227
Epoch :  80  Epoch time :  2.2119195107370615  Train L2 Loss :  17.374059898376466
Epoch :  81  Epoch time :  2.201923948712647  Train L2 Loss :  17.20933345413208
Epoch :  82  Epoch time :  2.2028238466009498  Train L2 Loss :  17.083913331604005
Epoch :  83  Epoch time :  2.2105134008452296  Train L2 Loss :  16.95019902801514
Epoch :  84  Epoch time :  2.2297532856464386  Train L2 Loss :  17.09133301773071
Epoch :  85  Epoch time :  2.203906675800681  Train L2 Loss :  17.035289915466308
Epoch :  86  Epoch time :  2.2037293249741197  Train L2 Loss :  16.87970153656006
Epoch :  87  Epoch time :  2.2062914902344346  Train L2 Loss :  17.1540207862854
Epoch :  88  Epoch time :  2.2270060181617737  Train L2 Loss :  17.10952329788208
Epoch :  89  Epoch time :  2.196660560555756  Train L2 Loss :  16.86879098968506
Epoch :  90  Epoch time :  2.2112969160079956  Train L2 Loss :  16.64930136413574
Epoch :  91  Epoch time :  2.1993641927838326  Train L2 Loss :  16.869999431610108
Epoch :  92  Epoch time :  2.2212382033467293  Train L2 Loss :  16.702168518066408
Epoch :  93  Epoch time :  2.2030265480279922  Train L2 Loss :  16.838633254241945
Epoch :  94  Epoch time :  2.2075472297146916  Train L2 Loss :  16.751043256378175
Epoch :  95  Epoch time :  2.2235169503837824  Train L2 Loss :  16.86260048599243
Epoch :  96  Epoch time :  2.201528095640242  Train L2 Loss :  16.661430471801758
Epoch :  97  Epoch time :  2.2041517039760947  Train L2 Loss :  16.513772381591796
Epoch :  98  Epoch time :  2.205942874774337  Train L2 Loss :  16.546299622154237
Epoch :  99  Epoch time :  2.1971465051174164  Train L2 Loss :  16.472336486816406
Epoch :  100  Epoch time :  2.230410140939057  Train L2 Loss :  14.16105115661621
Epoch :  101  Epoch time :  2.233102411031723  Train L2 Loss :  13.658410385131836
Epoch :  102  Epoch time :  2.2595587512478232  Train L2 Loss :  13.631059103393556
Epoch :  103  Epoch time :  2.239999727346003  Train L2 Loss :  13.62080382232666
Epoch :  104  Epoch time :  2.278967554681003  Train L2 Loss :  13.641960390853882
Epoch :  105  Epoch time :  2.2210478959605098  Train L2 Loss :  13.59041812133789
Epoch :  106  Epoch time :  2.1952671837061644  Train L2 Loss :  13.599905383300781
Epoch :  107  Epoch time :  2.1976284878328443  Train L2 Loss :  13.530339405822755
Epoch :  108  Epoch time :  2.224809220060706  Train L2 Loss :  13.552721409606933
Epoch :  109  Epoch time :  2.1946082320064306  Train L2 Loss :  13.515763626098632
Epoch :  110  Epoch time :  2.1971043022349477  Train L2 Loss :  13.517209461212158
Epoch :  111  Epoch time :  2.225305473431945  Train L2 Loss :  13.527104154586793
Epoch :  112  Epoch time :  2.217543337494135  Train L2 Loss :  13.47688114452362
Epoch :  113  Epoch time :  2.2034214045852423  Train L2 Loss :  13.42723455581665
Epoch :  114  Epoch time :  2.1928574787452817  Train L2 Loss :  13.389861667633056
Epoch :  115  Epoch time :  2.209507972933352  Train L2 Loss :  13.427905123901366
Epoch :  116  Epoch time :  2.223430591635406  Train L2 Loss :  13.420086848449706
Epoch :  117  Epoch time :  2.196458635851741  Train L2 Loss :  13.389827471923828
Epoch :  118  Epoch time :  2.2034832667559385  Train L2 Loss :  13.374461740875244
Epoch :  119  Epoch time :  2.1981642190366983  Train L2 Loss :  13.371930164718627
Epoch :  120  Epoch time :  2.2241663690656424  Train L2 Loss :  13.324202956390382
Epoch :  121  Epoch time :  2.2116617765277624  Train L2 Loss :  13.3189732131958
Epoch :  122  Epoch time :  2.2025544745847583  Train L2 Loss :  13.407930081176758
Epoch :  123  Epoch time :  2.2041552430018783  Train L2 Loss :  13.345361366271973
Epoch :  124  Epoch time :  2.2278504204005003  Train L2 Loss :  13.244005905151367
Epoch :  125  Epoch time :  2.214816702529788  Train L2 Loss :  13.244202940368652
Epoch :  126  Epoch time :  2.203705449588597  Train L2 Loss :  13.246554216766357
Epoch :  127  Epoch time :  2.2088262075558305  Train L2 Loss :  13.202651588439942
Epoch :  128  Epoch time :  2.1245106235146523  Train L2 Loss :  13.219310447692871
Epoch :  129  Epoch time :  2.1244162125512958  Train L2 Loss :  13.297623098754883
Epoch :  130  Epoch time :  2.1296401042491198  Train L2 Loss :  13.208728115844727
Epoch :  131  Epoch time :  2.127776035107672  Train L2 Loss :  13.143145007324218
Epoch :  132  Epoch time :  2.1536522656679153  Train L2 Loss :  13.15735170211792
Epoch :  133  Epoch time :  2.123817973770201  Train L2 Loss :  13.24414344406128
Epoch :  134  Epoch time :  2.1265274733304977  Train L2 Loss :  13.11684976348877
Epoch :  135  Epoch time :  2.1256985599175096  Train L2 Loss :  13.210018971252442
Epoch :  136  Epoch time :  2.1651072315871716  Train L2 Loss :  13.118988008117675
Epoch :  137  Epoch time :  2.14133951254189  Train L2 Loss :  13.234304232025146
Epoch :  138  Epoch time :  2.128282168880105  Train L2 Loss :  13.070630393218995
Epoch :  139  Epoch time :  2.128372731618583  Train L2 Loss :  13.067453452301026
Epoch :  140  Epoch time :  2.1492505660280585  Train L2 Loss :  13.068762911224365
Epoch :  141  Epoch time :  2.1335048358887434  Train L2 Loss :  13.055256282424926
Epoch :  142  Epoch time :  2.1356747187674046  Train L2 Loss :  13.046709287261963
Epoch :  143  Epoch time :  2.1505152052268386  Train L2 Loss :  12.972650564575195
Epoch :  144  Epoch time :  2.134137362241745  Train L2 Loss :  13.078585415649414
Epoch :  145  Epoch time :  2.1273515466600657  Train L2 Loss :  13.027215068054199
Epoch :  146  Epoch time :  2.1339453542605042  Train L2 Loss :  13.026660382843017
Epoch :  147  Epoch time :  2.142745471559465  Train L2 Loss :  12.983753287506104
Epoch :  148  Epoch time :  2.1604547863826156  Train L2 Loss :  12.973661142730712
Epoch :  149  Epoch time :  2.1355803832411766  Train L2 Loss :  12.961727410507201
Epoch :  150  Epoch time :  2.133901790715754  Train L2 Loss :  12.912396744537354
Epoch :  151  Epoch time :  2.1493183858692646  Train L2 Loss :  12.904719927215575
Epoch :  152  Epoch time :  2.155688322149217  Train L2 Loss :  12.966640652084351
Epoch :  153  Epoch time :  2.1426387429237366  Train L2 Loss :  13.022939966583252
Epoch :  154  Epoch time :  2.1365378219634295  Train L2 Loss :  12.970396543884277
Epoch :  155  Epoch time :  2.141793009825051  Train L2 Loss :  13.026832629394532
Epoch :  156  Epoch time :  2.1598195722326636  Train L2 Loss :  12.933959564208985
Epoch :  157  Epoch time :  2.1399068711325526  Train L2 Loss :  12.995741720199584
Epoch :  158  Epoch time :  2.1490970039740205  Train L2 Loss :  12.943960903930664
Epoch :  159  Epoch time :  2.1612719539552927  Train L2 Loss :  12.953080821990968
Epoch :  160  Epoch time :  2.1455766977742314  Train L2 Loss :  12.894165060424804
Epoch :  161  Epoch time :  2.1380414478480816  Train L2 Loss :  12.893511251068116
Epoch :  162  Epoch time :  2.139066587202251  Train L2 Loss :  12.976720568847655
Epoch :  163  Epoch time :  2.149274536408484  Train L2 Loss :  12.985194535827636
Epoch :  164  Epoch time :  2.1604795986786485  Train L2 Loss :  12.96223291015625
Epoch :  165  Epoch time :  2.1509016416966915  Train L2 Loss :  12.864271592712402
Epoch :  166  Epoch time :  2.142407742328942  Train L2 Loss :  13.00743122329712
Epoch :  167  Epoch time :  2.1390585424378514  Train L2 Loss :  12.86355092048645
Epoch :  168  Epoch time :  2.1621421640738845  Train L2 Loss :  12.876429071044923
Epoch :  169  Epoch time :  2.1517354045063257  Train L2 Loss :  12.854577422332763
Epoch :  170  Epoch time :  2.1435970421880484  Train L2 Loss :  12.821103664016723
Epoch :  171  Epoch time :  2.139227162115276  Train L2 Loss :  12.81827310295105
Epoch :  172  Epoch time :  2.1691813385114074  Train L2 Loss :  12.835963083648682
Epoch :  173  Epoch time :  2.1423660619184375  Train L2 Loss :  12.903673469543458
Epoch :  174  Epoch time :  2.147631990723312  Train L2 Loss :  12.78685071334839
Epoch :  175  Epoch time :  2.165240429341793  Train L2 Loss :  12.744723077392578
Epoch :  176  Epoch time :  2.1423423113301396  Train L2 Loss :  12.788364835357665
Epoch :  177  Epoch time :  2.146312078461051  Train L2 Loss :  12.778503916931152
Epoch :  178  Epoch time :  2.146051425486803  Train L2 Loss :  12.840935203552245
Epoch :  179  Epoch time :  2.1463432675227523  Train L2 Loss :  12.79603832950592
Epoch :  180  Epoch time :  2.175776479765773  Train L2 Loss :  12.785725993347167
Epoch :  181  Epoch time :  2.1479846155270934  Train L2 Loss :  12.767246515655518
Epoch :  182  Epoch time :  2.1454174695536494  Train L2 Loss :  12.726032039642334
Epoch :  183  Epoch time :  2.145271686837077  Train L2 Loss :  12.772779140090943
Epoch :  184  Epoch time :  2.1853228276595473  Train L2 Loss :  12.801585887145997
Epoch :  185  Epoch time :  2.145668082870543  Train L2 Loss :  12.810338132476806
Epoch :  186  Epoch time :  2.150467988103628  Train L2 Loss :  12.784240991210938
Epoch :  187  Epoch time :  2.146967469714582  Train L2 Loss :  12.729485150146484
Epoch :  188  Epoch time :  2.2034998862072825  Train L2 Loss :  12.684123123931885
Epoch :  189  Epoch time :  2.262101750820875  Train L2 Loss :  12.778233372306824
Epoch :  190  Epoch time :  2.2251336481422186  Train L2 Loss :  12.693533775901795
Epoch :  191  Epoch time :  2.170508110895753  Train L2 Loss :  12.556998831939698
Epoch :  192  Epoch time :  2.2306716991588473  Train L2 Loss :  12.641435392761231
Epoch :  193  Epoch time :  2.269785807467997  Train L2 Loss :  12.637646013069153
Epoch :  194  Epoch time :  2.2006463995203376  Train L2 Loss :  12.706741038513183
Epoch :  195  Epoch time :  2.1586084282025695  Train L2 Loss :  12.657289448356629
Epoch :  196  Epoch time :  2.1826140228658915  Train L2 Loss :  12.682952840805054
Epoch :  197  Epoch time :  2.162384738214314  Train L2 Loss :  12.754642732810973
Epoch :  198  Epoch time :  2.160251995548606  Train L2 Loss :  12.644976126098634
Epoch :  199  Epoch time :  2.166939754039049  Train L2 Loss :  12.592385974121093
Total time is : 431.4558644378558 Total epoch is  200
