Input dim :  201  output dim :  1
Start training 
629249
Epoch :  0  Epoch time :  2.164473433047533  Train L2 Loss :  115.54446783294678
Epoch :  1  Epoch time :  1.9662565737962723  Train L2 Loss :  44.42827670898438
Epoch :  2  Epoch time :  1.962189193814993  Train L2 Loss :  37.24790467224121
Epoch :  3  Epoch time :  1.970683236606419  Train L2 Loss :  33.27032977905274
Epoch :  4  Epoch time :  1.9931998290121555  Train L2 Loss :  30.133121336364745
Epoch :  5  Epoch time :  1.966660037636757  Train L2 Loss :  28.426605081176756
Epoch :  6  Epoch time :  1.975847183726728  Train L2 Loss :  26.502858508300783
Epoch :  7  Epoch time :  1.9707358172163367  Train L2 Loss :  25.27139835205078
Epoch :  8  Epoch time :  2.0018118005245924  Train L2 Loss :  24.127642303466796
Epoch :  9  Epoch time :  1.9766761269420385  Train L2 Loss :  23.21413713684082
Epoch :  10  Epoch time :  1.9888866767287254  Train L2 Loss :  22.94732595977783
Epoch :  11  Epoch time :  1.9790372168645263  Train L2 Loss :  22.30362428894043
Epoch :  12  Epoch time :  2.006167515181005  Train L2 Loss :  21.739800842285156
Epoch :  13  Epoch time :  1.98000867664814  Train L2 Loss :  21.492766953277588
Epoch :  14  Epoch time :  1.99074328225106  Train L2 Loss :  20.591841566467284
Epoch :  15  Epoch time :  2.0062887370586395  Train L2 Loss :  20.46946745147705
Epoch :  16  Epoch time :  1.9991670669987798  Train L2 Loss :  19.964039552307128
Epoch :  17  Epoch time :  1.99054045509547  Train L2 Loss :  19.80886720275879
Epoch :  18  Epoch time :  1.9949385495856404  Train L2 Loss :  19.06958335876465
Epoch :  19  Epoch time :  2.0070201037451625  Train L2 Loss :  18.986833473968506
Epoch :  20  Epoch time :  2.116608267650008  Train L2 Loss :  18.997095148468016
Epoch :  21  Epoch time :  2.062724935822189  Train L2 Loss :  18.310529595947266
Epoch :  22  Epoch time :  2.045469094067812  Train L2 Loss :  18.504193798828126
Epoch :  23  Epoch time :  2.0263561168685555  Train L2 Loss :  17.9348729927063
Epoch :  24  Epoch time :  2.05905582010746  Train L2 Loss :  17.84787652282715
Epoch :  25  Epoch time :  2.0285008987411857  Train L2 Loss :  17.538498107147216
Epoch :  26  Epoch time :  2.043058800511062  Train L2 Loss :  17.394357255554198
Epoch :  27  Epoch time :  2.136388217099011  Train L2 Loss :  17.20741891479492
Epoch :  28  Epoch time :  2.139652577228844  Train L2 Loss :  17.160994390869142
Epoch :  29  Epoch time :  2.0486079258844256  Train L2 Loss :  17.017949835205076
Epoch :  30  Epoch time :  2.0688961343839765  Train L2 Loss :  16.5138230758667
Epoch :  31  Epoch time :  2.0715830409899354  Train L2 Loss :  16.82189604949951
Epoch :  32  Epoch time :  2.0517798829823732  Train L2 Loss :  16.458840632629393
Epoch :  33  Epoch time :  2.0534906582906842  Train L2 Loss :  16.358510707092286
Epoch :  34  Epoch time :  2.0524284783750772  Train L2 Loss :  16.00491279602051
Epoch :  35  Epoch time :  2.0573138520121574  Train L2 Loss :  15.735478987121581
Epoch :  36  Epoch time :  2.08605635445565  Train L2 Loss :  15.674886137771606
Epoch :  37  Epoch time :  2.061909908428788  Train L2 Loss :  15.56278177871704
Epoch :  38  Epoch time :  2.0673933746293187  Train L2 Loss :  15.585047332763672
Epoch :  39  Epoch time :  2.0723545076325536  Train L2 Loss :  15.195205223464965
Epoch :  40  Epoch time :  2.0976568581536412  Train L2 Loss :  15.162921835327149
Epoch :  41  Epoch time :  2.08056515827775  Train L2 Loss :  15.017912561035157
Epoch :  42  Epoch time :  2.089717233553529  Train L2 Loss :  15.261133190917969
Epoch :  43  Epoch time :  2.0840115007013083  Train L2 Loss :  15.095674905395509
Epoch :  44  Epoch time :  2.099541747942567  Train L2 Loss :  14.714128708648682
Epoch :  45  Epoch time :  2.1306450832635164  Train L2 Loss :  14.583164121246337
Epoch :  46  Epoch time :  2.1022725496441126  Train L2 Loss :  14.732334050750733
Epoch :  47  Epoch time :  2.111235411837697  Train L2 Loss :  14.604310046386718
Epoch :  48  Epoch time :  2.105724425986409  Train L2 Loss :  14.500836116027832
Epoch :  49  Epoch time :  2.088022501207888  Train L2 Loss :  14.382078925323487
Epoch :  50  Epoch time :  2.096573797054589  Train L2 Loss :  14.513694480895996
Epoch :  51  Epoch time :  2.0930153094232082  Train L2 Loss :  14.204242529296875
Epoch :  52  Epoch time :  2.117548493668437  Train L2 Loss :  13.984505918884278
Epoch :  53  Epoch time :  2.100052106194198  Train L2 Loss :  13.9600421169281
Epoch :  54  Epoch time :  2.0989329386502504  Train L2 Loss :  13.905679177856445
Epoch :  55  Epoch time :  2.0973537312820554  Train L2 Loss :  13.691719580078125
Epoch :  56  Epoch time :  2.1209127763286233  Train L2 Loss :  13.652644067382813
Epoch :  57  Epoch time :  2.13839503005147  Train L2 Loss :  13.683861685180664
Epoch :  58  Epoch time :  2.1261854795739055  Train L2 Loss :  13.387878886795043
Epoch :  59  Epoch time :  2.099433991126716  Train L2 Loss :  13.482330935287475
Epoch :  60  Epoch time :  2.1362375169992447  Train L2 Loss :  13.35272628326416
Epoch :  61  Epoch time :  2.102262545377016  Train L2 Loss :  13.498495166397095
Epoch :  62  Epoch time :  2.1099638482555747  Train L2 Loss :  13.409291116333009
Epoch :  63  Epoch time :  2.130504955537617  Train L2 Loss :  13.123799447631836
Epoch :  64  Epoch time :  2.1112513625994325  Train L2 Loss :  13.043676991271973
Epoch :  65  Epoch time :  2.0972668202593923  Train L2 Loss :  13.22568812789917
Epoch :  66  Epoch time :  2.0308542419224977  Train L2 Loss :  13.067530967712402
Epoch :  67  Epoch time :  2.0226456355303526  Train L2 Loss :  12.968083993911744
Epoch :  68  Epoch time :  2.048389791510999  Train L2 Loss :  12.788940522766113
Epoch :  69  Epoch time :  2.017921478487551  Train L2 Loss :  12.845190377807617
Epoch :  70  Epoch time :  2.0280579375103116  Train L2 Loss :  12.796379512023925
Epoch :  71  Epoch time :  2.0214318465441465  Train L2 Loss :  12.655021237564087
Epoch :  72  Epoch time :  2.074153716675937  Train L2 Loss :  12.735420865631104
Epoch :  73  Epoch time :  2.025236561894417  Train L2 Loss :  12.644162715911865
Epoch :  74  Epoch time :  2.0343229360878468  Train L2 Loss :  12.563586086273194
Epoch :  75  Epoch time :  2.0308806747198105  Train L2 Loss :  12.447235118865967
Epoch :  76  Epoch time :  2.058652793057263  Train L2 Loss :  12.499895249938964
Epoch :  77  Epoch time :  2.0409171730279922  Train L2 Loss :  12.424225689697266
Epoch :  78  Epoch time :  2.043192279525101  Train L2 Loss :  12.193670794677734
Epoch :  79  Epoch time :  2.0650552790611982  Train L2 Loss :  12.304837718582153
Epoch :  80  Epoch time :  2.0523527655750513  Train L2 Loss :  12.159865069580079
Epoch :  81  Epoch time :  2.0559318708255887  Train L2 Loss :  12.165616379547119
Epoch :  82  Epoch time :  2.052238469943404  Train L2 Loss :  11.777907264709473
Epoch :  83  Epoch time :  2.0460243187844753  Train L2 Loss :  11.973448880004883
Epoch :  84  Epoch time :  2.0792819801717997  Train L2 Loss :  12.084185542297364
Epoch :  85  Epoch time :  2.0485331946983933  Train L2 Loss :  12.036631300354005
Epoch :  86  Epoch time :  2.0513475919142365  Train L2 Loss :  11.873081931495667
Epoch :  87  Epoch time :  2.069592008367181  Train L2 Loss :  11.81780781173706
Epoch :  88  Epoch time :  2.076479231007397  Train L2 Loss :  11.764451378250122
Epoch :  89  Epoch time :  2.0745769683271646  Train L2 Loss :  11.708743957138061
Epoch :  90  Epoch time :  2.064385810866952  Train L2 Loss :  11.824826507568359
Epoch :  91  Epoch time :  2.0492480313405395  Train L2 Loss :  11.9658730178833
Epoch :  92  Epoch time :  2.0777682112529874  Train L2 Loss :  11.751183221435546
Epoch :  93  Epoch time :  2.0526506174355745  Train L2 Loss :  11.641602196121216
Epoch :  94  Epoch time :  2.05796907376498  Train L2 Loss :  11.397333401870728
Epoch :  95  Epoch time :  2.0737409107387066  Train L2 Loss :  11.72779238204956
Epoch :  96  Epoch time :  2.0588229624554515  Train L2 Loss :  11.554827978515625
Epoch :  97  Epoch time :  2.0583895463496447  Train L2 Loss :  11.433984322357178
Epoch :  98  Epoch time :  2.0560067174956203  Train L2 Loss :  11.45938770828247
Epoch :  99  Epoch time :  2.0637795282527804  Train L2 Loss :  11.442893969726562
Epoch :  100  Epoch time :  2.079371047206223  Train L2 Loss :  8.304054887390137
Epoch :  101  Epoch time :  2.1460604444146156  Train L2 Loss :  7.714069178581238
Epoch :  102  Epoch time :  2.090385758318007  Train L2 Loss :  7.6888107837677
Epoch :  103  Epoch time :  2.0594034222885966  Train L2 Loss :  7.670815956878662
Epoch :  104  Epoch time :  2.0935683511197567  Train L2 Loss :  7.709525455474854
Epoch :  105  Epoch time :  2.0691791092976928  Train L2 Loss :  7.651287481117248
Epoch :  106  Epoch time :  2.08529473003  Train L2 Loss :  7.614949718475342
Epoch :  107  Epoch time :  2.0865600891411304  Train L2 Loss :  7.594381163215637
Epoch :  108  Epoch time :  2.085775217972696  Train L2 Loss :  7.509543473052979
Epoch :  109  Epoch time :  2.070696788839996  Train L2 Loss :  7.506220456886291
Epoch :  110  Epoch time :  2.066048343665898  Train L2 Loss :  7.435104103970527
Epoch :  111  Epoch time :  2.094581793062389  Train L2 Loss :  7.502119180297852
Epoch :  112  Epoch time :  2.0699320808053017  Train L2 Loss :  7.471046305084228
Epoch :  113  Epoch time :  2.064637480303645  Train L2 Loss :  7.533877533340454
Epoch :  114  Epoch time :  2.0753402346745133  Train L2 Loss :  7.276648146247863
Epoch :  115  Epoch time :  2.07011672668159  Train L2 Loss :  7.293621749877929
Epoch :  116  Epoch time :  2.0981280440464616  Train L2 Loss :  7.267306679153442
Epoch :  117  Epoch time :  2.0667673274874687  Train L2 Loss :  7.340576094818116
Epoch :  118  Epoch time :  2.1544057643041015  Train L2 Loss :  7.353988221740723
Epoch :  119  Epoch time :  2.0884477626532316  Train L2 Loss :  7.230479779052734
Epoch :  120  Epoch time :  2.0935501577332616  Train L2 Loss :  7.280566199874878
Epoch :  121  Epoch time :  2.0807636994868517  Train L2 Loss :  7.234223832702637
Epoch :  122  Epoch time :  2.0745755629613996  Train L2 Loss :  7.3099703748703
Epoch :  123  Epoch time :  2.0894378749653697  Train L2 Loss :  7.224336728668213
Epoch :  124  Epoch time :  2.106237861327827  Train L2 Loss :  7.070938400268554
Epoch :  125  Epoch time :  2.069942462258041  Train L2 Loss :  7.2163389343261715
Epoch :  126  Epoch time :  2.0990125369280577  Train L2 Loss :  7.288345044326782
Epoch :  127  Epoch time :  2.092833384871483  Train L2 Loss :  7.211375335741043
Epoch :  128  Epoch time :  2.0790882110595703  Train L2 Loss :  7.0868686683654785
Epoch :  129  Epoch time :  2.06761987041682  Train L2 Loss :  7.199613314437866
Epoch :  130  Epoch time :  2.071354624815285  Train L2 Loss :  7.2659243286132815
Epoch :  131  Epoch time :  2.0798893282189965  Train L2 Loss :  7.102369652938843
Epoch :  132  Epoch time :  2.099370675161481  Train L2 Loss :  7.070667498779297
Epoch :  133  Epoch time :  2.0973936365917325  Train L2 Loss :  6.9951857036590575
Epoch :  134  Epoch time :  2.077042320743203  Train L2 Loss :  7.224534600067138
Epoch :  135  Epoch time :  2.080185854807496  Train L2 Loss :  7.093027536773682
Epoch :  136  Epoch time :  2.103531440719962  Train L2 Loss :  7.210918453979493
Epoch :  137  Epoch time :  2.075564196333289  Train L2 Loss :  7.102077168273926
Epoch :  138  Epoch time :  2.0878182714805007  Train L2 Loss :  7.009151370239258
Epoch :  139  Epoch time :  2.07483749371022  Train L2 Loss :  7.155208664703369
Epoch :  140  Epoch time :  2.102496175095439  Train L2 Loss :  7.109771893310547
Epoch :  141  Epoch time :  2.076034991070628  Train L2 Loss :  7.025200866699219
Epoch :  142  Epoch time :  2.0791232278570533  Train L2 Loss :  7.010315699386597
Epoch :  143  Epoch time :  2.1141974786296487  Train L2 Loss :  7.057360887145996
Epoch :  144  Epoch time :  2.0841218885034323  Train L2 Loss :  6.966411396408081
Epoch :  145  Epoch time :  2.0952538643032312  Train L2 Loss :  7.00407981672287
Epoch :  146  Epoch time :  2.082291604951024  Train L2 Loss :  6.925329165649414
Epoch :  147  Epoch time :  2.124327233992517  Train L2 Loss :  6.9411013893127445
Epoch :  148  Epoch time :  2.134067793376744  Train L2 Loss :  7.042388651704788
Epoch :  149  Epoch time :  2.0783921061083674  Train L2 Loss :  6.946679359054565
Epoch :  150  Epoch time :  2.090521354228258  Train L2 Loss :  6.926015644836426
Epoch :  151  Epoch time :  2.0762734161689878  Train L2 Loss :  7.057713428497315
Epoch :  152  Epoch time :  2.1078440314158797  Train L2 Loss :  7.078564479827881
Epoch :  153  Epoch time :  2.0789648853242397  Train L2 Loss :  7.055529049682617
Epoch :  154  Epoch time :  2.083070789463818  Train L2 Loss :  6.918527259063721
Epoch :  155  Epoch time :  2.082272754982114  Train L2 Loss :  6.938692195892334
Epoch :  156  Epoch time :  2.104727178812027  Train L2 Loss :  6.846840119934082
Epoch :  157  Epoch time :  2.082858274690807  Train L2 Loss :  6.833062596893311
Epoch :  158  Epoch time :  2.0809782734140754  Train L2 Loss :  6.993236001491547
Epoch :  159  Epoch time :  2.0987421544268727  Train L2 Loss :  6.869477703857422
Epoch :  160  Epoch time :  2.102273242548108  Train L2 Loss :  6.826985054779053
Epoch :  161  Epoch time :  2.081143172457814  Train L2 Loss :  6.9700089447021485
Epoch :  162  Epoch time :  2.086092319339514  Train L2 Loss :  6.8740213687896725
Epoch :  163  Epoch time :  2.0861861016601324  Train L2 Loss :  6.899296929168701
Epoch :  164  Epoch time :  2.111584849655628  Train L2 Loss :  6.937966779899597
Epoch :  165  Epoch time :  2.0813648784533143  Train L2 Loss :  6.8529103660583495
Epoch :  166  Epoch time :  2.0891795651987195  Train L2 Loss :  6.85354818649292
Epoch :  167  Epoch time :  2.084326441399753  Train L2 Loss :  6.895091580963134
Epoch :  168  Epoch time :  2.1130660409107804  Train L2 Loss :  6.849550872802735
Epoch :  169  Epoch time :  2.091218886896968  Train L2 Loss :  6.888656691741943
Epoch :  170  Epoch time :  2.088996016420424  Train L2 Loss :  6.8042612956047055
Epoch :  171  Epoch time :  2.079874229617417  Train L2 Loss :  6.874861378479004
Epoch :  172  Epoch time :  2.1230533169582486  Train L2 Loss :  6.750932329940796
Epoch :  173  Epoch time :  2.088616698049009  Train L2 Loss :  6.876609343624115
Epoch :  174  Epoch time :  2.099975334480405  Train L2 Loss :  6.826842484283447
Epoch :  175  Epoch time :  2.113054190762341  Train L2 Loss :  6.817531706237793
Epoch :  176  Epoch time :  2.0902205472812057  Train L2 Loss :  6.69857811126709
Epoch :  177  Epoch time :  2.082780584692955  Train L2 Loss :  6.791669033050537
Epoch :  178  Epoch time :  2.0949075501412153  Train L2 Loss :  6.898658313751221
Epoch :  179  Epoch time :  2.0924854166805744  Train L2 Loss :  6.783690632629394
Epoch :  180  Epoch time :  2.112459591589868  Train L2 Loss :  6.748784116363526
Epoch :  181  Epoch time :  2.09457840397954  Train L2 Loss :  6.741568627166748
Epoch :  182  Epoch time :  2.0892953611910343  Train L2 Loss :  6.7181530158996585
Epoch :  183  Epoch time :  2.0832555647939444  Train L2 Loss :  6.781701291465759
Epoch :  184  Epoch time :  2.1172512797638774  Train L2 Loss :  6.643207046127319
Epoch :  185  Epoch time :  2.0864078840240836  Train L2 Loss :  6.618157972598076
Epoch :  186  Epoch time :  2.0895573310554028  Train L2 Loss :  6.745036563110352
Epoch :  187  Epoch time :  2.102259158156812  Train L2 Loss :  6.7983670265197755
Epoch :  188  Epoch time :  2.1149307852610946  Train L2 Loss :  6.707092308807373
Epoch :  189  Epoch time :  2.0887078968808055  Train L2 Loss :  6.741092041015625
Epoch :  190  Epoch time :  2.094248155131936  Train L2 Loss :  6.841531366920472
Epoch :  191  Epoch time :  2.1149945026263595  Train L2 Loss :  6.761129459857941
Epoch :  192  Epoch time :  2.0893852366134524  Train L2 Loss :  6.675043804168701
Epoch :  193  Epoch time :  2.1016941713169217  Train L2 Loss :  6.675952333068848
Epoch :  194  Epoch time :  2.0880898982286453  Train L2 Loss :  6.71765387840271
Epoch :  195  Epoch time :  2.0880132680758834  Train L2 Loss :  6.724761318969726
Epoch :  196  Epoch time :  2.1270198030397296  Train L2 Loss :  6.706590287017822
Epoch :  197  Epoch time :  2.0942831076681614  Train L2 Loss :  6.757225802612305
Epoch :  198  Epoch time :  2.0923795523121953  Train L2 Loss :  6.711133768081665
Epoch :  199  Epoch time :  2.0900563150644302  Train L2 Loss :  6.6117064636230465
Total time is : 414.9035960994661 Total epoch is  200
