Input dim :  201  output dim :  1
Start training 
21313
Epoch :  0  Epoch time :  2.315528375096619  Train L2 Loss :  139.83131929321289
Epoch :  1  Epoch time :  2.090560673736036  Train L2 Loss :  55.232825679016116
Epoch :  2  Epoch time :  2.086819830350578  Train L2 Loss :  42.7073498046875
Epoch :  3  Epoch time :  2.080206043086946  Train L2 Loss :  37.115704801940915
Epoch :  4  Epoch time :  2.1037039449438453  Train L2 Loss :  34.0955390625
Epoch :  5  Epoch time :  2.0866931099444628  Train L2 Loss :  31.5743037109375
Epoch :  6  Epoch time :  2.082851253449917  Train L2 Loss :  30.000443920898437
Epoch :  7  Epoch time :  2.0833640517666936  Train L2 Loss :  28.32096166381836
Epoch :  8  Epoch time :  2.1173108983784914  Train L2 Loss :  27.444151065063476
Epoch :  9  Epoch time :  2.1140082851052284  Train L2 Loss :  26.453619604492186
Epoch :  10  Epoch time :  2.091126031242311  Train L2 Loss :  25.690704153442383
Epoch :  11  Epoch time :  2.104857542552054  Train L2 Loss :  24.972251013183595
Epoch :  12  Epoch time :  2.1313457330688834  Train L2 Loss :  24.297212851715088
Epoch :  13  Epoch time :  2.115077772177756  Train L2 Loss :  23.641901263427734
Epoch :  14  Epoch time :  2.124282973818481  Train L2 Loss :  23.556565908813475
Epoch :  15  Epoch time :  2.1370405992493033  Train L2 Loss :  22.802018452453613
Epoch :  16  Epoch time :  2.1236040955409408  Train L2 Loss :  22.363213221740722
Epoch :  17  Epoch time :  2.127044152468443  Train L2 Loss :  22.146816831970217
Epoch :  18  Epoch time :  2.1237985072657466  Train L2 Loss :  21.771743788146974
Epoch :  19  Epoch time :  2.1413893308490515  Train L2 Loss :  21.41071879577637
Epoch :  20  Epoch time :  2.1677568946033716  Train L2 Loss :  21.070817567443846
Epoch :  21  Epoch time :  2.1305019790306687  Train L2 Loss :  20.73566209106445
Epoch :  22  Epoch time :  2.141761327162385  Train L2 Loss :  20.640259297180176
Epoch :  23  Epoch time :  2.133684211410582  Train L2 Loss :  20.15199016418457
Epoch :  24  Epoch time :  2.162258582189679  Train L2 Loss :  19.944774369812013
Epoch :  25  Epoch time :  2.151522190310061  Train L2 Loss :  19.86535525817871
Epoch :  26  Epoch time :  2.14442368876189  Train L2 Loss :  19.683727632141114
Epoch :  27  Epoch time :  2.148602981120348  Train L2 Loss :  19.46557130432129
Epoch :  28  Epoch time :  2.176574781537056  Train L2 Loss :  18.98339914894104
Epoch :  29  Epoch time :  2.157413844950497  Train L2 Loss :  18.852924108886718
Epoch :  30  Epoch time :  2.156609319150448  Train L2 Loss :  18.5249321182251
Epoch :  31  Epoch time :  2.192315994761884  Train L2 Loss :  18.293152154541016
Epoch :  32  Epoch time :  2.1598420375958085  Train L2 Loss :  18.354305533599852
Epoch :  33  Epoch time :  2.1710797483101487  Train L2 Loss :  18.072043920898437
Epoch :  34  Epoch time :  2.1591380890458822  Train L2 Loss :  17.85995843963623
Epoch :  35  Epoch time :  2.1710116462782025  Train L2 Loss :  17.76900347290039
Epoch :  36  Epoch time :  2.1928399028256536  Train L2 Loss :  17.668849855041504
Epoch :  37  Epoch time :  2.208213072270155  Train L2 Loss :  17.52978435058594
Epoch :  38  Epoch time :  2.1774259246885777  Train L2 Loss :  17.254425495147704
Epoch :  39  Epoch time :  2.178207871504128  Train L2 Loss :  17.13382699737549
Epoch :  40  Epoch time :  2.2126585384830832  Train L2 Loss :  16.972237843322755
Epoch :  41  Epoch time :  2.194687968119979  Train L2 Loss :  16.78179713745117
Epoch :  42  Epoch time :  2.1822863072156906  Train L2 Loss :  16.850149000549315
Epoch :  43  Epoch time :  2.187529746443033  Train L2 Loss :  16.741769873046874
Epoch :  44  Epoch time :  2.2077547274529934  Train L2 Loss :  16.419310664367675
Epoch :  45  Epoch time :  2.18735184147954  Train L2 Loss :  16.378923198318482
Epoch :  46  Epoch time :  2.185128375887871  Train L2 Loss :  16.263121493530274
Epoch :  47  Epoch time :  2.230630445294082  Train L2 Loss :  16.039818437957763
Epoch :  48  Epoch time :  2.1926798103377223  Train L2 Loss :  15.81789249420166
Epoch :  49  Epoch time :  2.196048643440008  Train L2 Loss :  15.876602056884765
Epoch :  50  Epoch time :  2.1926050884649158  Train L2 Loss :  15.991668727111817
Epoch :  51  Epoch time :  2.194256762973964  Train L2 Loss :  15.60915394821167
Epoch :  52  Epoch time :  2.2191755278036  Train L2 Loss :  15.495711489868164
Epoch :  53  Epoch time :  2.1971425050869584  Train L2 Loss :  15.466238540649414
Epoch :  54  Epoch time :  2.1933945240452886  Train L2 Loss :  15.415990716934203
Epoch :  55  Epoch time :  2.1995352478697896  Train L2 Loss :  15.394499470520019
Epoch :  56  Epoch time :  2.261295782402158  Train L2 Loss :  15.248846682739257
Epoch :  57  Epoch time :  2.2141845151782036  Train L2 Loss :  15.282780599975586
Epoch :  58  Epoch time :  2.2129270639270544  Train L2 Loss :  15.096869230651855
Epoch :  59  Epoch time :  2.2122435877099633  Train L2 Loss :  15.019301815795899
Epoch :  60  Epoch time :  2.2316470202058554  Train L2 Loss :  14.970479722595215
Epoch :  61  Epoch time :  2.209362759254873  Train L2 Loss :  14.669269220733643
Epoch :  62  Epoch time :  2.2074382081627846  Train L2 Loss :  14.567507250976563
Epoch :  63  Epoch time :  2.2390662878751755  Train L2 Loss :  14.755035653686523
Epoch :  64  Epoch time :  2.213945170864463  Train L2 Loss :  14.60833543548584
Epoch :  65  Epoch time :  2.2127607353031635  Train L2 Loss :  14.679994924926758
Epoch :  66  Epoch time :  2.213167860172689  Train L2 Loss :  14.24984091796875
Epoch :  67  Epoch time :  2.214524557814002  Train L2 Loss :  14.35847350769043
Epoch :  68  Epoch time :  2.2355964425951242  Train L2 Loss :  14.416464288330078
Epoch :  69  Epoch time :  2.2272734278813004  Train L2 Loss :  14.1249864112854
Epoch :  70  Epoch time :  2.2178494185209274  Train L2 Loss :  14.06174935836792
Epoch :  71  Epoch time :  2.214219088666141  Train L2 Loss :  14.083042401123047
Epoch :  72  Epoch time :  2.2393444599583745  Train L2 Loss :  14.102673083496093
Epoch :  73  Epoch time :  2.219951229169965  Train L2 Loss :  13.794950482177734
Epoch :  74  Epoch time :  2.214909485541284  Train L2 Loss :  13.795959760284424
Epoch :  75  Epoch time :  2.217651441693306  Train L2 Loss :  13.873771952819824
Epoch :  76  Epoch time :  2.237280495464802  Train L2 Loss :  13.810144903564453
Epoch :  77  Epoch time :  2.214745515026152  Train L2 Loss :  13.781747284317017
Epoch :  78  Epoch time :  2.2261573746800423  Train L2 Loss :  13.578868133544923
Epoch :  79  Epoch time :  2.246927429921925  Train L2 Loss :  13.545059242248534
Epoch :  80  Epoch time :  2.2292171651497483  Train L2 Loss :  13.385635556030273
Epoch :  81  Epoch time :  2.238453023135662  Train L2 Loss :  13.48738165512085
Epoch :  82  Epoch time :  2.224066968075931  Train L2 Loss :  13.48683438873291
Epoch :  83  Epoch time :  2.227802626788616  Train L2 Loss :  13.291952055358887
Epoch :  84  Epoch time :  2.258685600012541  Train L2 Loss :  13.291840342712403
Epoch :  85  Epoch time :  2.2320661041885614  Train L2 Loss :  13.244521437835694
Epoch :  86  Epoch time :  2.233696084469557  Train L2 Loss :  13.185005854415893
Epoch :  87  Epoch time :  2.2275234246626496  Train L2 Loss :  12.804692333984375
Epoch :  88  Epoch time :  2.28379591088742  Train L2 Loss :  13.104339837646485
Epoch :  89  Epoch time :  2.3365695979446173  Train L2 Loss :  12.923593201446533
Epoch :  90  Epoch time :  2.3010160634294152  Train L2 Loss :  13.086115505981445
Epoch :  91  Epoch time :  2.342053118161857  Train L2 Loss :  13.11614729309082
Epoch :  92  Epoch time :  2.312811704352498  Train L2 Loss :  12.821067192077637
Epoch :  93  Epoch time :  2.2674561673775315  Train L2 Loss :  12.878024812316895
Epoch :  94  Epoch time :  2.2765166023746133  Train L2 Loss :  12.716681554794311
Epoch :  95  Epoch time :  2.286453883163631  Train L2 Loss :  12.86714744644165
Epoch :  96  Epoch time :  2.265723125077784  Train L2 Loss :  12.634235439300538
Epoch :  97  Epoch time :  2.273110686801374  Train L2 Loss :  12.706447679138183
Epoch :  98  Epoch time :  2.268511955626309  Train L2 Loss :  12.570318480300903
Epoch :  99  Epoch time :  2.2788346391171217  Train L2 Loss :  12.517035529518127
Epoch :  100  Epoch time :  2.3104491932317615  Train L2 Loss :  9.388343394470215
Epoch :  101  Epoch time :  2.27265608869493  Train L2 Loss :  8.654785098075866
Epoch :  102  Epoch time :  2.2778305523097515  Train L2 Loss :  8.658858405685425
Epoch :  103  Epoch time :  2.275146729312837  Train L2 Loss :  8.773505654907227
Epoch :  104  Epoch time :  2.304640172049403  Train L2 Loss :  8.755983093261719
Epoch :  105  Epoch time :  2.2872118689119816  Train L2 Loss :  8.777037443542481
Epoch :  106  Epoch time :  2.2931589828804135  Train L2 Loss :  8.666132805633545
Epoch :  107  Epoch time :  2.2791436286643147  Train L2 Loss :  8.60867021408081
Epoch :  108  Epoch time :  2.304732957854867  Train L2 Loss :  8.718357263565064
Epoch :  109  Epoch time :  2.283230730332434  Train L2 Loss :  8.62133889465332
Epoch :  110  Epoch time :  2.2958978740498424  Train L2 Loss :  8.556862538909913
Epoch :  111  Epoch time :  2.307068224065006  Train L2 Loss :  8.757429364013673
Epoch :  112  Epoch time :  2.288692383095622  Train L2 Loss :  8.570152479171753
Epoch :  113  Epoch time :  2.2814342565834522  Train L2 Loss :  8.5908886510849
Epoch :  114  Epoch time :  2.2816161205992103  Train L2 Loss :  8.48694709033966
Epoch :  115  Epoch time :  2.2806281419470906  Train L2 Loss :  8.376197547912598
Epoch :  116  Epoch time :  2.323374543339014  Train L2 Loss :  8.307253479766846
Epoch :  117  Epoch time :  2.288800655864179  Train L2 Loss :  8.423951069259644
Epoch :  118  Epoch time :  2.2999499700963497  Train L2 Loss :  8.460030121612549
Epoch :  119  Epoch time :  2.287485633045435  Train L2 Loss :  8.300890718078612
Epoch :  120  Epoch time :  2.3256190083920956  Train L2 Loss :  8.249742155456543
Epoch :  121  Epoch time :  2.3182018604129553  Train L2 Loss :  8.2567833984375
Epoch :  122  Epoch time :  2.298651834949851  Train L2 Loss :  8.230419352722167
Epoch :  123  Epoch time :  2.3011416755616665  Train L2 Loss :  8.444452100944519
Epoch :  124  Epoch time :  2.346956747584045  Train L2 Loss :  8.260029132080078
Epoch :  125  Epoch time :  2.293629820458591  Train L2 Loss :  8.3763131149292
Epoch :  126  Epoch time :  2.291643134318292  Train L2 Loss :  8.237159459686278
Epoch :  127  Epoch time :  2.3262359192594886  Train L2 Loss :  8.202231815338134
Epoch :  128  Epoch time :  2.310309729538858  Train L2 Loss :  8.352368640518188
Epoch :  129  Epoch time :  2.309979422017932  Train L2 Loss :  8.14673631515503
Epoch :  130  Epoch time :  2.3061045641079545  Train L2 Loss :  8.246030491638184
Epoch :  131  Epoch time :  2.310700728558004  Train L2 Loss :  8.231597197723389
Epoch :  132  Epoch time :  2.339225093834102  Train L2 Loss :  8.261015404129028
Epoch :  133  Epoch time :  2.31472038757056  Train L2 Loss :  8.300196529769897
Epoch :  134  Epoch time :  2.310201353393495  Train L2 Loss :  8.1412546792984
Epoch :  135  Epoch time :  2.3104823790490627  Train L2 Loss :  8.12828112487793
Epoch :  136  Epoch time :  2.339583824388683  Train L2 Loss :  7.984704375457763
Epoch :  137  Epoch time :  2.3144286405295134  Train L2 Loss :  8.184594255447388
Epoch :  138  Epoch time :  2.3329455386847258  Train L2 Loss :  8.08061114463806
Epoch :  139  Epoch time :  2.3220921754837036  Train L2 Loss :  8.06145478515625
Epoch :  140  Epoch time :  2.3415080346167088  Train L2 Loss :  8.085012435913086
Epoch :  141  Epoch time :  2.3199137607589364  Train L2 Loss :  8.13218283958435
Epoch :  142  Epoch time :  2.319526618346572  Train L2 Loss :  8.100681343269349
Epoch :  143  Epoch time :  2.3438301077112556  Train L2 Loss :  8.15089815673828
Epoch :  144  Epoch time :  2.3214391516521573  Train L2 Loss :  8.14789413909912
Epoch :  145  Epoch time :  2.322883198969066  Train L2 Loss :  7.954484945678711
Epoch :  146  Epoch time :  2.3232652032747865  Train L2 Loss :  8.202888812065124
Epoch :  147  Epoch time :  2.3268942199647427  Train L2 Loss :  7.92819089603424
Epoch :  148  Epoch time :  2.3595677176490426  Train L2 Loss :  8.111399857139588
Epoch :  149  Epoch time :  2.3246129509061575  Train L2 Loss :  7.9927676391601565
Epoch :  150  Epoch time :  2.3342499462887645  Train L2 Loss :  7.860898707962036
Epoch :  151  Epoch time :  2.3391574108973145  Train L2 Loss :  8.052267133522033
Epoch :  152  Epoch time :  2.3690533405169845  Train L2 Loss :  8.018136374664307
Epoch :  153  Epoch time :  2.3424781057983637  Train L2 Loss :  7.990465245056153
Epoch :  154  Epoch time :  2.34828236233443  Train L2 Loss :  7.927027755355835
Epoch :  155  Epoch time :  2.333500174805522  Train L2 Loss :  7.929579074096679
Epoch :  156  Epoch time :  2.361987548880279  Train L2 Loss :  8.060808348846436
Epoch :  157  Epoch time :  2.3342035179957747  Train L2 Loss :  7.901441492462158
Epoch :  158  Epoch time :  2.3399856137111783  Train L2 Loss :  8.034483199882507
Epoch :  159  Epoch time :  2.363140854984522  Train L2 Loss :  7.916119705581665
Epoch :  160  Epoch time :  2.341060236096382  Train L2 Loss :  7.875384345626831
Epoch :  161  Epoch time :  2.3422196190804243  Train L2 Loss :  7.94772749633789
Epoch :  162  Epoch time :  2.339953645132482  Train L2 Loss :  7.834655035781861
Epoch :  163  Epoch time :  2.3378073992207646  Train L2 Loss :  7.876921345520019
Epoch :  164  Epoch time :  2.370049783959985  Train L2 Loss :  7.946457727050781
Epoch :  165  Epoch time :  2.3288420401513577  Train L2 Loss :  7.886436657714844
Epoch :  166  Epoch time :  2.337685997597873  Train L2 Loss :  7.754721911621094
Epoch :  167  Epoch time :  2.3316828310489655  Train L2 Loss :  7.947589399719238
Epoch :  168  Epoch time :  2.3651023879647255  Train L2 Loss :  7.880232766342163
Epoch :  169  Epoch time :  2.345140499062836  Train L2 Loss :  7.829645059204101
Epoch :  170  Epoch time :  2.335470118559897  Train L2 Loss :  7.729750910186768
Epoch :  171  Epoch time :  2.351648516021669  Train L2 Loss :  7.9660128955841065
Epoch :  172  Epoch time :  2.378126918338239  Train L2 Loss :  7.833464119529724
Epoch :  173  Epoch time :  2.35014218557626  Train L2 Loss :  7.790274864578247
Epoch :  174  Epoch time :  2.3408274445682764  Train L2 Loss :  7.8303686668395995
Epoch :  175  Epoch time :  2.3777704322710633  Train L2 Loss :  7.716585890197754
Epoch :  176  Epoch time :  2.353165678679943  Train L2 Loss :  7.767917518424988
Epoch :  177  Epoch time :  2.3445846159011126  Train L2 Loss :  7.7667170391082765
Epoch :  178  Epoch time :  2.3653055038303137  Train L2 Loss :  7.834391523742676
Epoch :  179  Epoch time :  2.351007425226271  Train L2 Loss :  7.779579179382324
Epoch :  180  Epoch time :  2.3709110021591187  Train L2 Loss :  7.7023259628295895
Epoch :  181  Epoch time :  2.363091534934938  Train L2 Loss :  7.823894632720947
Epoch :  182  Epoch time :  2.358923500403762  Train L2 Loss :  7.700603730773926
Epoch :  183  Epoch time :  2.356985409744084  Train L2 Loss :  7.755888854217529
Epoch :  184  Epoch time :  2.3782717306166887  Train L2 Loss :  7.709205406188965
Epoch :  185  Epoch time :  2.365400068461895  Train L2 Loss :  7.714827255439758
Epoch :  186  Epoch time :  2.3603973956778646  Train L2 Loss :  7.646156630706787
Epoch :  187  Epoch time :  2.3582178745418787  Train L2 Loss :  7.693027248001099
Epoch :  188  Epoch time :  2.4894996462389827  Train L2 Loss :  7.742951976394654
Epoch :  189  Epoch time :  2.4725595116615295  Train L2 Loss :  7.6489269790649415
Epoch :  190  Epoch time :  2.3739295480772853  Train L2 Loss :  7.676025286865235
Epoch :  191  Epoch time :  2.375241153873503  Train L2 Loss :  7.614102561187744
Epoch :  192  Epoch time :  2.422807103022933  Train L2 Loss :  7.839545373916626
Epoch :  193  Epoch time :  2.3602575473487377  Train L2 Loss :  7.534349326705932
Epoch :  194  Epoch time :  2.3098169090226293  Train L2 Loss :  7.587134046936035
Epoch :  195  Epoch time :  2.3037064038217068  Train L2 Loss :  7.591491969299317
Epoch :  196  Epoch time :  2.340877461247146  Train L2 Loss :  7.578630781555176
Epoch :  197  Epoch time :  2.3023807844147086  Train L2 Loss :  7.615930383300781
Epoch :  198  Epoch time :  2.3015694292262197  Train L2 Loss :  7.660534994888305
Epoch :  199  Epoch time :  2.304719007574022  Train L2 Loss :  7.62926067276001
Total time is : 452.7518244944513 Total epoch is  200
