Input dim :  201  output dim :  1
Start training 
59009
Epoch :  0  Epoch time :  2.2407583640888333  Train L2 Loss :  128.58185404663087
Epoch :  1  Epoch time :  2.032898056320846  Train L2 Loss :  51.723252331542966
Epoch :  2  Epoch time :  2.0668006744235754  Train L2 Loss :  40.66359820251465
Epoch :  3  Epoch time :  2.04742971714586  Train L2 Loss :  35.2011899597168
Epoch :  4  Epoch time :  2.078066353686154  Train L2 Loss :  31.782433853149413
Epoch :  5  Epoch time :  2.1246564919129014  Train L2 Loss :  29.625292459869385
Epoch :  6  Epoch time :  2.0991658065468073  Train L2 Loss :  28.01977367248535
Epoch :  7  Epoch time :  2.078755590133369  Train L2 Loss :  26.803608029174804
Epoch :  8  Epoch time :  2.0935020595788956  Train L2 Loss :  25.453605950927734
Epoch :  9  Epoch time :  2.0546319345012307  Train L2 Loss :  24.734752146148683
Epoch :  10  Epoch time :  2.138602426275611  Train L2 Loss :  23.72215863647461
Epoch :  11  Epoch time :  2.116476269438863  Train L2 Loss :  23.337855725097658
Epoch :  12  Epoch time :  2.1023460244759917  Train L2 Loss :  22.410496324157716
Epoch :  13  Epoch time :  2.1597737185657024  Train L2 Loss :  22.037116831207275
Epoch :  14  Epoch time :  2.1356384260579944  Train L2 Loss :  21.46479864654541
Epoch :  15  Epoch time :  2.122367477044463  Train L2 Loss :  20.970986764526366
Epoch :  16  Epoch time :  2.1654961043968797  Train L2 Loss :  20.89009972229004
Epoch :  17  Epoch time :  2.149063770659268  Train L2 Loss :  20.29258836212158
Epoch :  18  Epoch time :  2.15391412563622  Train L2 Loss :  20.089418507385254
Epoch :  19  Epoch time :  2.138748654164374  Train L2 Loss :  19.585016355133057
Epoch :  20  Epoch time :  2.149809875525534  Train L2 Loss :  19.40460419921875
Epoch :  21  Epoch time :  2.1643638778477907  Train L2 Loss :  19.212555990600585
Epoch :  22  Epoch time :  2.1572509510442615  Train L2 Loss :  18.873197332000732
Epoch :  23  Epoch time :  2.184445238672197  Train L2 Loss :  18.60879390640259
Epoch :  24  Epoch time :  2.1789119578897953  Train L2 Loss :  18.44140665435791
Epoch :  25  Epoch time :  2.1132469791918993  Train L2 Loss :  18.312095634460448
Epoch :  26  Epoch time :  2.2209069477394223  Train L2 Loss :  18.22037649688721
Epoch :  27  Epoch time :  2.1657315026968718  Train L2 Loss :  17.876268464660644
Epoch :  28  Epoch time :  2.1233430663123727  Train L2 Loss :  17.8024729637146
Epoch :  29  Epoch time :  2.1751325065270066  Train L2 Loss :  17.418009197998046
Epoch :  30  Epoch time :  2.1565154641866684  Train L2 Loss :  17.287737045288086
Epoch :  31  Epoch time :  2.136325399391353  Train L2 Loss :  17.29828391418457
Epoch :  32  Epoch time :  2.1867160415276885  Train L2 Loss :  16.886480650329588
Epoch :  33  Epoch time :  2.167974120937288  Train L2 Loss :  16.85086630401611
Epoch :  34  Epoch time :  2.1590994633734226  Train L2 Loss :  16.671072330474853
Epoch :  35  Epoch time :  2.151374127715826  Train L2 Loss :  16.670056896209715
Epoch :  36  Epoch time :  2.151973608881235  Train L2 Loss :  16.35073176727295
Epoch :  37  Epoch time :  2.1709137726575136  Train L2 Loss :  16.582979763793944
Epoch :  38  Epoch time :  2.155477742664516  Train L2 Loss :  16.160497570800782
Epoch :  39  Epoch time :  2.1280271923169494  Train L2 Loss :  16.084826179504393
Epoch :  40  Epoch time :  2.1357650263234973  Train L2 Loss :  16.227146630859377
Epoch :  41  Epoch time :  2.1030334224924445  Train L2 Loss :  15.634286904907226
Epoch :  42  Epoch time :  2.1834433991461992  Train L2 Loss :  15.899970979309082
Epoch :  43  Epoch time :  2.1619409983977675  Train L2 Loss :  15.539834466552735
Epoch :  44  Epoch time :  2.1529423287138343  Train L2 Loss :  15.69602267150879
Epoch :  45  Epoch time :  2.2030616654083133  Train L2 Loss :  15.341356489562989
Epoch :  46  Epoch time :  2.1824080385267735  Train L2 Loss :  15.4358552444458
Epoch :  47  Epoch time :  2.193805258721113  Train L2 Loss :  15.178157540893555
Epoch :  48  Epoch time :  2.2119234949350357  Train L2 Loss :  15.001766847229003
Epoch :  49  Epoch time :  2.188653903082013  Train L2 Loss :  15.192705200195313
Epoch :  50  Epoch time :  2.193524857982993  Train L2 Loss :  15.140432049560546
Epoch :  51  Epoch time :  2.1559070264920592  Train L2 Loss :  14.935089869689941
Epoch :  52  Epoch time :  2.1606117635965347  Train L2 Loss :  14.822714881134033
Epoch :  53  Epoch time :  2.186883181333542  Train L2 Loss :  14.799291941833497
Epoch :  54  Epoch time :  2.166815116070211  Train L2 Loss :  14.747656745910644
Epoch :  55  Epoch time :  2.1632169550284743  Train L2 Loss :  14.615004335784912
Epoch :  56  Epoch time :  2.1636778358370066  Train L2 Loss :  14.641168873596191
Epoch :  57  Epoch time :  2.120706683024764  Train L2 Loss :  14.543549964523315
Epoch :  58  Epoch time :  2.2164048654958606  Train L2 Loss :  14.462908190917968
Epoch :  59  Epoch time :  2.184175523929298  Train L2 Loss :  14.190580743408203
Epoch :  60  Epoch time :  2.1724369563162327  Train L2 Loss :  14.222769357681274
Epoch :  61  Epoch time :  2.2159751262515783  Train L2 Loss :  14.002633868408203
Epoch :  62  Epoch time :  2.20717288646847  Train L2 Loss :  13.751814895629883
Epoch :  63  Epoch time :  2.1930435970425606  Train L2 Loss :  13.996511182403564
Epoch :  64  Epoch time :  2.1139005394652486  Train L2 Loss :  13.878505072402954
Epoch :  65  Epoch time :  2.1078546224161983  Train L2 Loss :  13.911757662200928
Epoch :  66  Epoch time :  2.1193807292729616  Train L2 Loss :  13.836455562973022
Epoch :  67  Epoch time :  2.120671669021249  Train L2 Loss :  13.825023896789551
Epoch :  68  Epoch time :  2.138488996773958  Train L2 Loss :  13.57412477722168
Epoch :  69  Epoch time :  2.115328944288194  Train L2 Loss :  13.523204276275635
Epoch :  70  Epoch time :  2.1217254735529423  Train L2 Loss :  13.512786228942872
Epoch :  71  Epoch time :  2.1434458503499627  Train L2 Loss :  13.322435298156739
Epoch :  72  Epoch time :  2.2132451981306076  Train L2 Loss :  13.14034839630127
Epoch :  73  Epoch time :  2.1541873831301928  Train L2 Loss :  13.181938122558593
Epoch :  74  Epoch time :  2.124691089615226  Train L2 Loss :  13.150788872528077
Epoch :  75  Epoch time :  2.12486385833472  Train L2 Loss :  13.049047234344483
Epoch :  76  Epoch time :  2.1551640098914504  Train L2 Loss :  13.218843279266357
Epoch :  77  Epoch time :  2.131006594747305  Train L2 Loss :  13.026494152832031
Epoch :  78  Epoch time :  2.166902449913323  Train L2 Loss :  12.990348498535155
Epoch :  79  Epoch time :  2.231016089208424  Train L2 Loss :  12.859707981872559
Epoch :  80  Epoch time :  2.186915911734104  Train L2 Loss :  12.727093705749512
Epoch :  81  Epoch time :  2.1725235618650913  Train L2 Loss :  12.913601358032226
Epoch :  82  Epoch time :  2.2023526821285486  Train L2 Loss :  12.92045019683838
Epoch :  83  Epoch time :  2.2066566180437803  Train L2 Loss :  12.684814923095702
Epoch :  84  Epoch time :  2.230020998045802  Train L2 Loss :  12.55317368774414
Epoch :  85  Epoch time :  2.1809562211856246  Train L2 Loss :  12.545856552124024
Epoch :  86  Epoch time :  2.1697588162496686  Train L2 Loss :  12.440831954193115
Epoch :  87  Epoch time :  2.1565492656081915  Train L2 Loss :  12.535389749145509
Epoch :  88  Epoch time :  2.1846161792054772  Train L2 Loss :  12.47150249633789
Epoch :  89  Epoch time :  2.1724239317700267  Train L2 Loss :  12.408557654571533
Epoch :  90  Epoch time :  2.156355746090412  Train L2 Loss :  12.326975408172608
Epoch :  91  Epoch time :  2.1594319008290768  Train L2 Loss :  12.288161060333252
Epoch :  92  Epoch time :  2.1900348821654916  Train L2 Loss :  12.256559576416016
Epoch :  93  Epoch time :  2.174161727540195  Train L2 Loss :  12.159395520019531
Epoch :  94  Epoch time :  2.1707493383437395  Train L2 Loss :  12.236080652618408
Epoch :  95  Epoch time :  2.1826115557923913  Train L2 Loss :  12.082390650939942
Epoch :  96  Epoch time :  2.163195487111807  Train L2 Loss :  11.94660382232666
Epoch :  97  Epoch time :  2.1595049742609262  Train L2 Loss :  12.307174249267579
Epoch :  98  Epoch time :  2.1581867476925254  Train L2 Loss :  12.173705833435058
Epoch :  99  Epoch time :  2.160687044262886  Train L2 Loss :  12.058046577453613
Epoch :  100  Epoch time :  2.187361676245928  Train L2 Loss :  8.856730116653443
Epoch :  101  Epoch time :  2.1628297669813037  Train L2 Loss :  8.211139995765686
Epoch :  102  Epoch time :  2.1649792939424515  Train L2 Loss :  8.328157654571534
Epoch :  103  Epoch time :  2.16214082762599  Train L2 Loss :  8.24039425315857
Epoch :  104  Epoch time :  2.1941495100036263  Train L2 Loss :  8.22372413482666
Epoch :  105  Epoch time :  2.1800313694402575  Train L2 Loss :  8.280586328887939
Epoch :  106  Epoch time :  2.1730859456583858  Train L2 Loss :  8.191346992492676
Epoch :  107  Epoch time :  2.166957720182836  Train L2 Loss :  8.265854238510132
Epoch :  108  Epoch time :  2.1948599433526397  Train L2 Loss :  8.236039429473877
Epoch :  109  Epoch time :  2.1693868776783347  Train L2 Loss :  8.096009595489502
Epoch :  110  Epoch time :  2.1718779411166906  Train L2 Loss :  8.052652040100098
Epoch :  111  Epoch time :  2.1928923055529594  Train L2 Loss :  8.105327596473694
Epoch :  112  Epoch time :  2.1858188714832067  Train L2 Loss :  8.134738285827638
Epoch :  113  Epoch time :  2.173660822212696  Train L2 Loss :  8.085168391418456
Epoch :  114  Epoch time :  2.1795967370271683  Train L2 Loss :  7.900293393993378
Epoch :  115  Epoch time :  2.179011281579733  Train L2 Loss :  8.051982272338867
Epoch :  116  Epoch time :  2.198805568739772  Train L2 Loss :  7.946033289718628
Epoch :  117  Epoch time :  2.173723882995546  Train L2 Loss :  7.881587882614136
Epoch :  118  Epoch time :  2.175831861793995  Train L2 Loss :  7.977131496429443
Epoch :  119  Epoch time :  2.176885887980461  Train L2 Loss :  7.804216300201416
Epoch :  120  Epoch time :  2.2117541721090674  Train L2 Loss :  7.783109516906738
Epoch :  121  Epoch time :  2.1877691205590963  Train L2 Loss :  7.829240319061279
Epoch :  122  Epoch time :  2.191948741674423  Train L2 Loss :  7.861549900054932
Epoch :  123  Epoch time :  2.1732568070292473  Train L2 Loss :  7.964293509674072
Epoch :  124  Epoch time :  2.199473137035966  Train L2 Loss :  7.7455043182373045
Epoch :  125  Epoch time :  2.1876599360257387  Train L2 Loss :  7.879190566253662
Epoch :  126  Epoch time :  2.1802117926999927  Train L2 Loss :  7.754795874404907
Epoch :  127  Epoch time :  2.2016156297177076  Train L2 Loss :  7.770551181030274
Epoch :  128  Epoch time :  2.1814832715317607  Train L2 Loss :  7.672996255111694
Epoch :  129  Epoch time :  2.18766663223505  Train L2 Loss :  7.690751913452148
Epoch :  130  Epoch time :  2.1802852833643556  Train L2 Loss :  7.644371482849121
Epoch :  131  Epoch time :  2.187874105758965  Train L2 Loss :  7.746199604797363
Epoch :  132  Epoch time :  2.2086166758090258  Train L2 Loss :  7.559979940795898
Epoch :  133  Epoch time :  2.1849652491509914  Train L2 Loss :  7.682936398315429
Epoch :  134  Epoch time :  2.1897714622318745  Train L2 Loss :  7.785367514801026
Epoch :  135  Epoch time :  2.183715585619211  Train L2 Loss :  7.692402712249756
Epoch :  136  Epoch time :  2.210018684156239  Train L2 Loss :  7.5283885597229006
Epoch :  137  Epoch time :  2.19322663359344  Train L2 Loss :  7.63451796875
Epoch :  138  Epoch time :  2.1854729540646076  Train L2 Loss :  7.57141830368042
Epoch :  139  Epoch time :  2.1856216909363866  Train L2 Loss :  7.603674171829224
Epoch :  140  Epoch time :  2.2122303266078234  Train L2 Loss :  7.755010280609131
Epoch :  141  Epoch time :  2.2026970349252224  Train L2 Loss :  7.584910552215576
Epoch :  142  Epoch time :  2.1993947103619576  Train L2 Loss :  7.6119534778594975
Epoch :  143  Epoch time :  2.207661480642855  Train L2 Loss :  7.551883326721192
Epoch :  144  Epoch time :  2.190931954421103  Train L2 Loss :  7.621173029708863
Epoch :  145  Epoch time :  2.187517635524273  Train L2 Loss :  7.641147667694092
Epoch :  146  Epoch time :  2.1905765449628234  Train L2 Loss :  7.493829276275635
Epoch :  147  Epoch time :  2.192012019455433  Train L2 Loss :  7.617527372074127
Epoch :  148  Epoch time :  2.2258517695590854  Train L2 Loss :  7.561556188583374
Epoch :  149  Epoch time :  2.187744965776801  Train L2 Loss :  7.568445460510254
Epoch :  150  Epoch time :  2.195382191799581  Train L2 Loss :  7.584195631408692
Epoch :  151  Epoch time :  2.188535463064909  Train L2 Loss :  7.374558701705933
Epoch :  152  Epoch time :  2.2144966004416347  Train L2 Loss :  7.469358917188645
Epoch :  153  Epoch time :  2.2018588753417134  Train L2 Loss :  7.466797350311279
Epoch :  154  Epoch time :  2.1976422164589167  Train L2 Loss :  7.502284703063965
Epoch :  155  Epoch time :  2.1902469052001834  Train L2 Loss :  7.5035365814208985
Epoch :  156  Epoch time :  2.2187881749123335  Train L2 Loss :  7.520618402481079
Epoch :  157  Epoch time :  2.199595863930881  Train L2 Loss :  7.4430607944488525
Epoch :  158  Epoch time :  2.1949467891827226  Train L2 Loss :  7.461793803787232
Epoch :  159  Epoch time :  2.2185967369005084  Train L2 Loss :  7.495331474685669
Epoch :  160  Epoch time :  2.198503782041371  Train L2 Loss :  7.467955984306336
Epoch :  161  Epoch time :  2.1954346131533384  Train L2 Loss :  7.531744477081299
Epoch :  162  Epoch time :  2.196402210742235  Train L2 Loss :  7.50548229637146
Epoch :  163  Epoch time :  2.2116399751976132  Train L2 Loss :  7.36304733543396
Epoch :  164  Epoch time :  2.2273270580917597  Train L2 Loss :  7.301136425209045
Epoch :  165  Epoch time :  2.193564200773835  Train L2 Loss :  7.48230558013916
Epoch :  166  Epoch time :  2.2000981718301773  Train L2 Loss :  7.324957621002198
Epoch :  167  Epoch time :  2.197629611939192  Train L2 Loss :  7.341921999788284
Epoch :  168  Epoch time :  2.230332713574171  Train L2 Loss :  7.47525930557251
Epoch :  169  Epoch time :  2.2028381060808897  Train L2 Loss :  7.241540855789185
Epoch :  170  Epoch time :  2.2056350177153945  Train L2 Loss :  7.336042511367798
Epoch :  171  Epoch time :  2.261316303163767  Train L2 Loss :  7.388236879730225
Epoch :  172  Epoch time :  2.311825079843402  Train L2 Loss :  7.43310788269043
Epoch :  173  Epoch time :  2.2277583349496126  Train L2 Loss :  7.260883104705811
Epoch :  174  Epoch time :  2.234914757311344  Train L2 Loss :  7.340916856002807
Epoch :  175  Epoch time :  2.3118125526234508  Train L2 Loss :  7.307437822723388
Epoch :  176  Epoch time :  2.2769274432212114  Train L2 Loss :  7.36262269821167
Epoch :  177  Epoch time :  2.2040576115250587  Train L2 Loss :  7.268127173233032
Epoch :  178  Epoch time :  2.2021348159760237  Train L2 Loss :  7.258104602813721
Epoch :  179  Epoch time :  2.200362319126725  Train L2 Loss :  7.2921081687927245
Epoch :  180  Epoch time :  2.234769828617573  Train L2 Loss :  7.285296892547607
Epoch :  181  Epoch time :  2.208740965463221  Train L2 Loss :  7.38923138923645
Epoch :  182  Epoch time :  2.209398972801864  Train L2 Loss :  7.2425306755065915
Epoch :  183  Epoch time :  2.211034727282822  Train L2 Loss :  7.324484243774414
Epoch :  184  Epoch time :  2.2382054096087813  Train L2 Loss :  7.25509899635315
Epoch :  185  Epoch time :  2.2108532758429646  Train L2 Loss :  7.082507437515258
Epoch :  186  Epoch time :  2.213342886418104  Train L2 Loss :  7.225977947998047
Epoch :  187  Epoch time :  2.2008956130594015  Train L2 Loss :  7.2483872749328615
Epoch :  188  Epoch time :  2.2368964944034815  Train L2 Loss :  7.302227665710449
Epoch :  189  Epoch time :  2.2129126945510507  Train L2 Loss :  7.110811061859131
Epoch :  190  Epoch time :  2.218407841399312  Train L2 Loss :  7.279754305267334
Epoch :  191  Epoch time :  2.233696416951716  Train L2 Loss :  7.336748583030701
Epoch :  192  Epoch time :  2.2069605998694897  Train L2 Loss :  7.266456078338623
Epoch :  193  Epoch time :  2.2058675810694695  Train L2 Loss :  7.037280471038819
Epoch :  194  Epoch time :  2.2045989725738764  Train L2 Loss :  7.226830926513672
Epoch :  195  Epoch time :  2.2188499439507723  Train L2 Loss :  7.1140968849182125
Epoch :  196  Epoch time :  2.2304036943241954  Train L2 Loss :  7.20560263671875
Epoch :  197  Epoch time :  2.203709291294217  Train L2 Loss :  7.316286275482177
Epoch :  198  Epoch time :  2.21031491458416  Train L2 Loss :  7.092703583908081
Epoch :  199  Epoch time :  2.207256671972573  Train L2 Loss :  7.201334285545349
Total time is : 435.75999658647925 Total epoch is  200
