Input dim :  201  output dim :  1
Start training 
183553
Epoch :  0  Epoch time :  2.1110483342781663  Train L2 Loss :  119.3769537109375
Epoch :  1  Epoch time :  1.9289735285565257  Train L2 Loss :  46.17186217041016
Epoch :  2  Epoch time :  1.9497707653790712  Train L2 Loss :  36.89966042022705
Epoch :  3  Epoch time :  1.9214007891714573  Train L2 Loss :  32.66532073669433
Epoch :  4  Epoch time :  1.9414585586637259  Train L2 Loss :  29.2897733001709
Epoch :  5  Epoch time :  1.923572582192719  Train L2 Loss :  27.854013195800782
Epoch :  6  Epoch time :  1.9322839342057705  Train L2 Loss :  25.98537944946289
Epoch :  7  Epoch time :  1.9322038581594825  Train L2 Loss :  25.06729451446533
Epoch :  8  Epoch time :  2.0358933908864856  Train L2 Loss :  23.98903771209717
Epoch :  9  Epoch time :  1.9494823478162289  Train L2 Loss :  23.23530527038574
Epoch :  10  Epoch time :  1.9620635947212577  Train L2 Loss :  22.621902088928223
Epoch :  11  Epoch time :  1.9335575168952346  Train L2 Loss :  22.06950973968506
Epoch :  12  Epoch time :  1.9630094915628433  Train L2 Loss :  21.613526886749266
Epoch :  13  Epoch time :  1.96204540040344  Train L2 Loss :  20.824274241638182
Epoch :  14  Epoch time :  1.9464397355914116  Train L2 Loss :  20.645144163513184
Epoch :  15  Epoch time :  1.9804839063435793  Train L2 Loss :  20.338225416564942
Epoch :  16  Epoch time :  1.9482885738834739  Train L2 Loss :  19.783836936950685
Epoch :  17  Epoch time :  1.9570673163980246  Train L2 Loss :  19.503380740356445
Epoch :  18  Epoch time :  1.9616872761398554  Train L2 Loss :  19.08588233795166
Epoch :  19  Epoch time :  1.9634729847311974  Train L2 Loss :  18.861426204681397
Epoch :  20  Epoch time :  2.000702037476003  Train L2 Loss :  18.81319531021118
Epoch :  21  Epoch time :  1.9668964054435492  Train L2 Loss :  18.583069442749025
Epoch :  22  Epoch time :  1.9785284912213683  Train L2 Loss :  18.185155595397948
Epoch :  23  Epoch time :  1.9807039005681872  Train L2 Loss :  18.057988875579834
Epoch :  24  Epoch time :  2.0071304216980934  Train L2 Loss :  17.849507624053956
Epoch :  25  Epoch time :  1.9890563385561109  Train L2 Loss :  17.541734365844725
Epoch :  26  Epoch time :  1.99809683393687  Train L2 Loss :  17.212982916259765
Epoch :  27  Epoch time :  1.9960551392287016  Train L2 Loss :  17.278488763427735
Epoch :  28  Epoch time :  2.016217578202486  Train L2 Loss :  16.92735369567871
Epoch :  29  Epoch time :  1.9935050895437598  Train L2 Loss :  16.797488946914672
Epoch :  30  Epoch time :  1.999871101230383  Train L2 Loss :  16.661018648910524
Epoch :  31  Epoch time :  2.0508348727598786  Train L2 Loss :  16.426140962982178
Epoch :  32  Epoch time :  2.017740497365594  Train L2 Loss :  16.51901424560547
Epoch :  33  Epoch time :  2.0106431925669312  Train L2 Loss :  16.28695320892334
Epoch :  34  Epoch time :  2.0099543128162622  Train L2 Loss :  16.202528985595702
Epoch :  35  Epoch time :  2.0124543737620115  Train L2 Loss :  15.924435334777833
Epoch :  36  Epoch time :  2.0689703300595284  Train L2 Loss :  15.94717173614502
Epoch :  37  Epoch time :  2.029881739988923  Train L2 Loss :  15.76772580871582
Epoch :  38  Epoch time :  2.0472514163702726  Train L2 Loss :  15.684058907318116
Epoch :  39  Epoch time :  2.0268266750499606  Train L2 Loss :  15.428216121673584
Epoch :  40  Epoch time :  2.0755113419145346  Train L2 Loss :  15.41001570892334
Epoch :  41  Epoch time :  2.0417568581178784  Train L2 Loss :  15.061432510375976
Epoch :  42  Epoch time :  2.0407666489481926  Train L2 Loss :  15.221734797668457
Epoch :  43  Epoch time :  2.0866145063191652  Train L2 Loss :  15.03560892791748
Epoch :  44  Epoch time :  2.1680897437036037  Train L2 Loss :  14.919567175292968
Epoch :  45  Epoch time :  2.042282512411475  Train L2 Loss :  14.6821735496521
Epoch :  46  Epoch time :  2.042254230938852  Train L2 Loss :  15.071662971496583
Epoch :  47  Epoch time :  2.076555874198675  Train L2 Loss :  14.586884182739258
Epoch :  48  Epoch time :  2.0559605127200484  Train L2 Loss :  14.438800872039796
Epoch :  49  Epoch time :  2.046133474446833  Train L2 Loss :  14.557126313781739
Epoch :  50  Epoch time :  2.050089970231056  Train L2 Loss :  14.33302979888916
Epoch :  51  Epoch time :  2.0482900720089674  Train L2 Loss :  14.33072950592041
Epoch :  52  Epoch time :  2.067769853398204  Train L2 Loss :  14.148835175323486
Epoch :  53  Epoch time :  2.051599939353764  Train L2 Loss :  14.082638345336914
Epoch :  54  Epoch time :  2.0665828650817275  Train L2 Loss :  14.138284090423584
Epoch :  55  Epoch time :  2.0667404904961586  Train L2 Loss :  13.80866591796875
Epoch :  56  Epoch time :  2.0691240690648556  Train L2 Loss :  13.852797717285156
Epoch :  57  Epoch time :  2.0512938844040036  Train L2 Loss :  13.860028518676758
Epoch :  58  Epoch time :  2.0483064875006676  Train L2 Loss :  13.773268278503418
Epoch :  59  Epoch time :  2.0549077140167356  Train L2 Loss :  13.681130653381347
Epoch :  60  Epoch time :  2.0784435058012605  Train L2 Loss :  13.692706127929688
Epoch :  61  Epoch time :  2.0529262349009514  Train L2 Loss :  13.35352901916504
Epoch :  62  Epoch time :  2.0531404120847583  Train L2 Loss :  13.357124195861816
Epoch :  63  Epoch time :  2.0881101144477725  Train L2 Loss :  13.391498097991944
Epoch :  64  Epoch time :  2.062927357852459  Train L2 Loss :  13.155923538589478
Epoch :  65  Epoch time :  2.064287768676877  Train L2 Loss :  13.277512434387207
Epoch :  66  Epoch time :  2.0645137522369623  Train L2 Loss :  13.161336598205567
Epoch :  67  Epoch time :  2.0784265752881765  Train L2 Loss :  12.96866809539795
Epoch :  68  Epoch time :  2.0939072761684656  Train L2 Loss :  13.017190209960937
Epoch :  69  Epoch time :  2.064467901363969  Train L2 Loss :  12.972660041809082
Epoch :  70  Epoch time :  2.06855773832649  Train L2 Loss :  12.738717192077637
Epoch :  71  Epoch time :  2.07556910533458  Train L2 Loss :  12.722375877761841
Epoch :  72  Epoch time :  2.1006656298413873  Train L2 Loss :  12.826407691192626
Epoch :  73  Epoch time :  2.0670676780864596  Train L2 Loss :  12.646074402618408
Epoch :  74  Epoch time :  2.065532509237528  Train L2 Loss :  12.625418905639648
Epoch :  75  Epoch time :  2.0686390353366733  Train L2 Loss :  12.517239715576173
Epoch :  76  Epoch time :  2.0985389724373817  Train L2 Loss :  12.582512358856201
Epoch :  77  Epoch time :  2.072366618551314  Train L2 Loss :  12.534109033203125
Epoch :  78  Epoch time :  2.0705306567251682  Train L2 Loss :  12.322977796936035
Epoch :  79  Epoch time :  2.0955307064577937  Train L2 Loss :  12.377819310760499
Epoch :  80  Epoch time :  2.077151110395789  Train L2 Loss :  12.148343553543091
Epoch :  81  Epoch time :  2.073214292526245  Train L2 Loss :  12.416212605285645
Epoch :  82  Epoch time :  2.0777585906907916  Train L2 Loss :  12.275476916503907
Epoch :  83  Epoch time :  2.070277923718095  Train L2 Loss :  12.10891114883423
Epoch :  84  Epoch time :  2.103238394483924  Train L2 Loss :  12.14222846069336
Epoch :  85  Epoch time :  2.0716312546283007  Train L2 Loss :  12.050945675659179
Epoch :  86  Epoch time :  2.0734795909374952  Train L2 Loss :  12.238372807884216
Epoch :  87  Epoch time :  2.087231603451073  Train L2 Loss :  12.012078646850586
Epoch :  88  Epoch time :  2.096968905068934  Train L2 Loss :  11.738913359069825
Epoch :  89  Epoch time :  2.074402578175068  Train L2 Loss :  11.81167172393799
Epoch :  90  Epoch time :  2.074978065676987  Train L2 Loss :  11.892878829193116
Epoch :  91  Epoch time :  2.0767121659591794  Train L2 Loss :  11.713720021820068
Epoch :  92  Epoch time :  2.093997858464718  Train L2 Loss :  11.694329881668091
Epoch :  93  Epoch time :  2.075419000349939  Train L2 Loss :  11.624020022583007
Epoch :  94  Epoch time :  2.079048354178667  Train L2 Loss :  11.633530799484253
Epoch :  95  Epoch time :  2.108808278106153  Train L2 Loss :  11.47444345035553
Epoch :  96  Epoch time :  2.0799144562333822  Train L2 Loss :  11.547273640441894
Epoch :  97  Epoch time :  2.083074912428856  Train L2 Loss :  11.701499716186524
Epoch :  98  Epoch time :  2.090195163153112  Train L2 Loss :  11.501015019226074
Epoch :  99  Epoch time :  2.0992254270240664  Train L2 Loss :  11.312360221862793
Epoch :  100  Epoch time :  2.1145547311753035  Train L2 Loss :  8.424409508895874
Epoch :  101  Epoch time :  2.090526256710291  Train L2 Loss :  7.841282222270966
Epoch :  102  Epoch time :  2.0850353008136153  Train L2 Loss :  7.720964895629883
Epoch :  103  Epoch time :  2.0857030851766467  Train L2 Loss :  7.841427172851563
Epoch :  104  Epoch time :  2.1194599894806743  Train L2 Loss :  7.8187692653656
Epoch :  105  Epoch time :  2.097236660309136  Train L2 Loss :  7.826706208229065
Epoch :  106  Epoch time :  2.0856240605935454  Train L2 Loss :  7.725733772850036
Epoch :  107  Epoch time :  2.095134503208101  Train L2 Loss :  7.6471401298522945
Epoch :  108  Epoch time :  2.116481860168278  Train L2 Loss :  7.576636156082153
Epoch :  109  Epoch time :  2.089489594101906  Train L2 Loss :  7.621866656494141
Epoch :  110  Epoch time :  2.102695981040597  Train L2 Loss :  7.440511729431153
Epoch :  111  Epoch time :  2.1317387809976935  Train L2 Loss :  7.644100659942627
Epoch :  112  Epoch time :  2.0928703965619206  Train L2 Loss :  7.55903793182373
Epoch :  113  Epoch time :  2.1046162201091647  Train L2 Loss :  7.689750258255005
Epoch :  114  Epoch time :  2.100528819486499  Train L2 Loss :  7.495497531890869
Epoch :  115  Epoch time :  2.1035490557551384  Train L2 Loss :  7.474772290229797
Epoch :  116  Epoch time :  2.139359594322741  Train L2 Loss :  7.34153724269867
Epoch :  117  Epoch time :  2.0965986605733633  Train L2 Loss :  7.453450701713562
Epoch :  118  Epoch time :  2.1069713812321424  Train L2 Loss :  7.372146586608887
Epoch :  119  Epoch time :  2.1045511988922954  Train L2 Loss :  7.430132099914551
Epoch :  120  Epoch time :  2.129437444731593  Train L2 Loss :  7.314114002227783
Epoch :  121  Epoch time :  2.1311973659321666  Train L2 Loss :  7.324728302001953
Epoch :  122  Epoch time :  2.1047668224200606  Train L2 Loss :  7.425312354278565
Epoch :  123  Epoch time :  2.139684647321701  Train L2 Loss :  7.308525764083862
Epoch :  124  Epoch time :  2.131721363402903  Train L2 Loss :  7.257850564575195
Epoch :  125  Epoch time :  2.1150376172736287  Train L2 Loss :  7.362088361167908
Epoch :  126  Epoch time :  2.1096868375316262  Train L2 Loss :  7.360865238189697
Epoch :  127  Epoch time :  2.1372632309794426  Train L2 Loss :  7.28507504863739
Epoch :  128  Epoch time :  2.1174401864409447  Train L2 Loss :  7.159763754272461
Epoch :  129  Epoch time :  2.108873527497053  Train L2 Loss :  7.3472413665771485
Epoch :  130  Epoch time :  2.137388188391924  Train L2 Loss :  7.220447169494629
Epoch :  131  Epoch time :  2.110761597752571  Train L2 Loss :  7.308138888549805
Epoch :  132  Epoch time :  2.1418205350637436  Train L2 Loss :  7.211048016738892
Epoch :  133  Epoch time :  2.1270712576806545  Train L2 Loss :  7.228474674987793
Epoch :  134  Epoch time :  2.109963569790125  Train L2 Loss :  7.1668242073059085
Epoch :  135  Epoch time :  2.1175923170521855  Train L2 Loss :  7.191688789367676
Epoch :  136  Epoch time :  2.1396195059642196  Train L2 Loss :  7.152101422119141
Epoch :  137  Epoch time :  2.117973856627941  Train L2 Loss :  7.23848125
Epoch :  138  Epoch time :  2.1163448244333267  Train L2 Loss :  7.194400135803223
Epoch :  139  Epoch time :  2.1182277807965875  Train L2 Loss :  7.188413311767578
Epoch :  140  Epoch time :  2.1721654487773776  Train L2 Loss :  7.253722977447509
Epoch :  141  Epoch time :  2.133218437433243  Train L2 Loss :  7.181368055343628
Epoch :  142  Epoch time :  2.140333562158048  Train L2 Loss :  7.032746926879883
Epoch :  143  Epoch time :  2.1480072382837534  Train L2 Loss :  7.16151990814209
Epoch :  144  Epoch time :  2.1500847674906254  Train L2 Loss :  6.984160665893555
Epoch :  145  Epoch time :  2.139482810162008  Train L2 Loss :  7.08219202041626
Epoch :  146  Epoch time :  2.1176958763971925  Train L2 Loss :  7.158723235034943
Epoch :  147  Epoch time :  2.131836042739451  Train L2 Loss :  7.18022367515564
Epoch :  148  Epoch time :  2.151874890550971  Train L2 Loss :  7.156235824775695
Epoch :  149  Epoch time :  2.1251657539978623  Train L2 Loss :  7.197900601959229
Epoch :  150  Epoch time :  2.1210451601073146  Train L2 Loss :  6.953511655616761
Epoch :  151  Epoch time :  2.1246579065918922  Train L2 Loss :  6.953191707611084
Epoch :  152  Epoch time :  2.1479179048910737  Train L2 Loss :  7.011186155891418
Epoch :  153  Epoch time :  2.1277538500726223  Train L2 Loss :  7.043133222198486
Epoch :  154  Epoch time :  2.123134857043624  Train L2 Loss :  7.169458368682862
Epoch :  155  Epoch time :  2.1336367884650826  Train L2 Loss :  6.924627964782715
Epoch :  156  Epoch time :  2.1615966949611902  Train L2 Loss :  6.992392308044433
Epoch :  157  Epoch time :  2.1331449914723635  Train L2 Loss :  7.007125677490234
Epoch :  158  Epoch time :  2.129054925404489  Train L2 Loss :  7.139186100387573
Epoch :  159  Epoch time :  2.151199085637927  Train L2 Loss :  6.961491787719726
Epoch :  160  Epoch time :  2.124023864045739  Train L2 Loss :  6.970791656112671
Epoch :  161  Epoch time :  2.1311321081593633  Train L2 Loss :  6.953968261146545
Epoch :  162  Epoch time :  2.1298008048906922  Train L2 Loss :  7.068863917541504
Epoch :  163  Epoch time :  2.1331177232787013  Train L2 Loss :  7.003282820892334
Epoch :  164  Epoch time :  2.1500945426523685  Train L2 Loss :  6.990160404205322
Epoch :  165  Epoch time :  2.145995944738388  Train L2 Loss :  6.887423321533203
Epoch :  166  Epoch time :  2.243437643162906  Train L2 Loss :  6.86302746925354
Epoch :  167  Epoch time :  2.3494979133829474  Train L2 Loss :  6.889158753585815
Epoch :  168  Epoch time :  2.1759008821099997  Train L2 Loss :  6.982616682434082
Epoch :  169  Epoch time :  2.141418213956058  Train L2 Loss :  6.9881572372436525
Epoch :  170  Epoch time :  2.2115530613809824  Train L2 Loss :  6.991553296661377
Epoch :  171  Epoch time :  2.230336816981435  Train L2 Loss :  6.8150918634414674
Epoch :  172  Epoch time :  2.125066790729761  Train L2 Loss :  6.865596335029602
Epoch :  173  Epoch time :  2.1001206701621413  Train L2 Loss :  6.92367112903595
Epoch :  174  Epoch time :  2.0998557209968567  Train L2 Loss :  6.873956099700928
Epoch :  175  Epoch time :  2.1482919128611684  Train L2 Loss :  6.86976804599762
Epoch :  176  Epoch time :  2.0975044388324022  Train L2 Loss :  6.9412745677948
Epoch :  177  Epoch time :  2.1270569348707795  Train L2 Loss :  6.935365934371948
Epoch :  178  Epoch time :  2.092232626862824  Train L2 Loss :  6.958365218353271
Epoch :  179  Epoch time :  2.0945250568911433  Train L2 Loss :  6.928167297744751
Epoch :  180  Epoch time :  2.1217875462025404  Train L2 Loss :  6.822667792510987
Epoch :  181  Epoch time :  2.0950347622856498  Train L2 Loss :  6.8878084167480464
Epoch :  182  Epoch time :  2.104692267253995  Train L2 Loss :  6.861214631652832
Epoch :  183  Epoch time :  2.1004414027556777  Train L2 Loss :  6.79123806400299
Epoch :  184  Epoch time :  2.1188137633726  Train L2 Loss :  6.884741249465942
Epoch :  185  Epoch time :  2.099326473660767  Train L2 Loss :  6.924763319396972
Epoch :  186  Epoch time :  2.0957385571673512  Train L2 Loss :  6.793952124118805
Epoch :  187  Epoch time :  2.0991678135469556  Train L2 Loss :  6.947716233062744
Epoch :  188  Epoch time :  2.120185574516654  Train L2 Loss :  6.835709230422974
Epoch :  189  Epoch time :  2.131464515812695  Train L2 Loss :  6.937783787536621
Epoch :  190  Epoch time :  2.097972854040563  Train L2 Loss :  6.845876627159119
Epoch :  191  Epoch time :  2.1219297600910068  Train L2 Loss :  6.780716135025024
Epoch :  192  Epoch time :  2.1142833279445767  Train L2 Loss :  6.7577913230896
Epoch :  193  Epoch time :  2.0980141293257475  Train L2 Loss :  6.796779851150513
Epoch :  194  Epoch time :  2.1006880598142743  Train L2 Loss :  6.719941948318481
Epoch :  195  Epoch time :  2.111502560786903  Train L2 Loss :  6.95390023651123
Epoch :  196  Epoch time :  2.128935184329748  Train L2 Loss :  6.7557190288543705
Epoch :  197  Epoch time :  2.101916500367224  Train L2 Loss :  6.76204431476593
Epoch :  198  Epoch time :  2.10105012729764  Train L2 Loss :  6.8094920188903805
Epoch :  199  Epoch time :  2.1260512294247746  Train L2 Loss :  6.825736728668213
Total time is : 416.35887590330094 Total epoch is  200
