Input dim :  201  output dim :  1
Start training 
183553
Epoch :  0  Epoch time :  0.41804081201553345  Train L2 Loss :  196.3068579649314
Epoch :  1  Epoch time :  0.2665231041610241  Train L2 Loss :  164.2343045748197
Epoch :  2  Epoch time :  0.24225576873868704  Train L2 Loss :  94.05902334359976
Epoch :  3  Epoch time :  0.23901375383138657  Train L2 Loss :  62.1982295696552
Epoch :  4  Epoch time :  0.24007888790220022  Train L2 Loss :  52.430204440385864
Epoch :  5  Epoch time :  0.2414957582950592  Train L2 Loss :  46.85953003320939
Epoch :  6  Epoch time :  0.24311740789562464  Train L2 Loss :  43.30965707240961
Epoch :  7  Epoch time :  0.24237743206322193  Train L2 Loss :  39.881841072669395
Epoch :  8  Epoch time :  0.24682324193418026  Train L2 Loss :  38.21717697534806
Epoch :  9  Epoch time :  0.24605647008866072  Train L2 Loss :  35.683172177045776
Epoch :  10  Epoch time :  0.24195405095815659  Train L2 Loss :  34.82215235783504
Epoch :  11  Epoch time :  0.24219860881567  Train L2 Loss :  34.00560819185697
Epoch :  12  Epoch time :  0.2399061592295766  Train L2 Loss :  32.514952928591995
Epoch :  13  Epoch time :  0.23722082935273647  Train L2 Loss :  32.25822512308756
Epoch :  14  Epoch time :  0.24131992179900408  Train L2 Loss :  31.649193201309597
Epoch :  15  Epoch time :  0.2379175527021289  Train L2 Loss :  31.061581489367363
Epoch :  16  Epoch time :  0.24145144410431385  Train L2 Loss :  29.903919415596203
Epoch :  17  Epoch time :  0.23821870889514685  Train L2 Loss :  29.024953768803524
Epoch :  18  Epoch time :  0.2382446462288499  Train L2 Loss :  28.684034054095928
Epoch :  19  Epoch time :  0.23988844640552998  Train L2 Loss :  28.12303332793407
Epoch :  20  Epoch time :  0.2383433012291789  Train L2 Loss :  27.719524383544922
Epoch :  21  Epoch time :  0.23843996692448854  Train L2 Loss :  26.4788366709
Epoch :  22  Epoch time :  0.23905830830335617  Train L2 Loss :  26.62847117888622
Epoch :  23  Epoch time :  0.23996739462018013  Train L2 Loss :  25.152833107190254
Epoch :  24  Epoch time :  0.24847418162971735  Train L2 Loss :  27.525294181628105
Epoch :  25  Epoch time :  0.23950671590864658  Train L2 Loss :  25.888585555247772
Epoch :  26  Epoch time :  0.23861252702772617  Train L2 Loss :  25.109127827179737
Epoch :  27  Epoch time :  0.2432068893685937  Train L2 Loss :  24.81968635167831
Epoch :  28  Epoch time :  0.2439528713002801  Train L2 Loss :  24.88025748424041
Epoch :  29  Epoch time :  0.2420561658218503  Train L2 Loss :  23.994575109237278
Epoch :  30  Epoch time :  0.23819933272898197  Train L2 Loss :  24.39048977387257
Epoch :  31  Epoch time :  0.24222947843372822  Train L2 Loss :  24.948114688579853
Epoch :  32  Epoch time :  0.2405402073636651  Train L2 Loss :  23.953258563310673
Epoch :  33  Epoch time :  0.23876001685857773  Train L2 Loss :  25.185591966677936
Epoch :  34  Epoch time :  0.23922935221344233  Train L2 Loss :  23.355267989329803
Epoch :  35  Epoch time :  0.2425719080492854  Train L2 Loss :  23.988343923519817
Epoch :  36  Epoch time :  0.2397779542952776  Train L2 Loss :  23.192606583619728
Epoch :  37  Epoch time :  0.24253876134753227  Train L2 Loss :  23.64702185606345
Epoch :  38  Epoch time :  0.23971452191472054  Train L2 Loss :  22.3240110935309
Epoch :  39  Epoch time :  0.24032544158399105  Train L2 Loss :  22.378851792751213
Epoch :  40  Epoch time :  0.23825268354266882  Train L2 Loss :  21.801980507679474
Epoch :  41  Epoch time :  0.238713800907135  Train L2 Loss :  24.712610758267918
Epoch :  42  Epoch time :  0.24151269253343344  Train L2 Loss :  22.837060121389534
Epoch :  43  Epoch time :  0.24091439228504896  Train L2 Loss :  20.937562942504883
Epoch :  44  Epoch time :  0.24346818402409554  Train L2 Loss :  20.83344190548628
Epoch :  45  Epoch time :  0.2390737822279334  Train L2 Loss :  21.41311364296155
Epoch :  46  Epoch time :  0.23972775507718325  Train L2 Loss :  20.163764586815468
Epoch :  47  Epoch time :  0.24384793732315302  Train L2 Loss :  20.73368282807179
Epoch :  48  Epoch time :  0.23910568561404943  Train L2 Loss :  20.19450143667368
Epoch :  49  Epoch time :  0.24439896829426289  Train L2 Loss :  21.068791902982273
Epoch :  50  Epoch time :  0.24370096065104008  Train L2 Loss :  20.01739501953125
Epoch :  51  Epoch time :  0.24066033866256475  Train L2 Loss :  20.46218764476287
Epoch :  52  Epoch time :  0.23881058860570192  Train L2 Loss :  20.438203664926384
Epoch :  53  Epoch time :  0.23948004096746445  Train L2 Loss :  20.46918822557498
Epoch :  54  Epoch time :  0.24081483390182257  Train L2 Loss :  19.052770834702713
Epoch :  55  Epoch time :  0.240251699462533  Train L2 Loss :  19.770355909298626
Epoch :  56  Epoch time :  0.2425424074754119  Train L2 Loss :  19.611471127241085
Epoch :  57  Epoch time :  0.23971541225910187  Train L2 Loss :  19.085305776351536
Epoch :  58  Epoch time :  0.240815625526011  Train L2 Loss :  19.039444532149876
Epoch :  59  Epoch time :  0.2398222479969263  Train L2 Loss :  19.789934940827198
Epoch :  60  Epoch time :  0.2430528299883008  Train L2 Loss :  20.369491112537872
Epoch :  61  Epoch time :  0.24550419300794601  Train L2 Loss :  20.36174111488538
Epoch :  62  Epoch time :  0.23987572453916073  Train L2 Loss :  19.553473056891026
Epoch :  63  Epoch time :  0.2396192979067564  Train L2 Loss :  20.120428916735527
Epoch :  64  Epoch time :  0.24082039389759302  Train L2 Loss :  19.645469641074158
Epoch :  65  Epoch time :  0.24128411803394556  Train L2 Loss :  18.49412592863425
Epoch :  66  Epoch time :  0.24178428947925568  Train L2 Loss :  19.107573044605743
Epoch :  67  Epoch time :  0.2431722106412053  Train L2 Loss :  18.994326958289513
Epoch :  68  Epoch time :  0.24179936945438385  Train L2 Loss :  18.512060947907276
Epoch :  69  Epoch time :  0.24443871900439262  Train L2 Loss :  18.250748560978817
Epoch :  70  Epoch time :  0.24027958698570728  Train L2 Loss :  19.235705155592697
Epoch :  71  Epoch time :  0.2398518780246377  Train L2 Loss :  18.483183787419247
Epoch :  72  Epoch time :  0.23969791643321514  Train L2 Loss :  18.594639484698956
Epoch :  73  Epoch time :  0.2389434464275837  Train L2 Loss :  18.237428640707947
Epoch :  74  Epoch time :  0.23896065540611744  Train L2 Loss :  18.579089286999825
Epoch :  75  Epoch time :  0.24459092505276203  Train L2 Loss :  18.490993891006863
Epoch :  76  Epoch time :  0.24729270581156015  Train L2 Loss :  18.10791727212759
Epoch :  77  Epoch time :  0.24006027821451426  Train L2 Loss :  18.154719108190292
Epoch :  78  Epoch time :  0.2421194426715374  Train L2 Loss :  17.978080309354343
Epoch :  79  Epoch time :  0.24636368453502655  Train L2 Loss :  18.37906487782796
Epoch :  80  Epoch time :  0.2410281142219901  Train L2 Loss :  17.442801695603592
Epoch :  81  Epoch time :  0.2417718842625618  Train L2 Loss :  17.552538725046013
Epoch :  82  Epoch time :  0.2396069560199976  Train L2 Loss :  18.341589878766964
Epoch :  83  Epoch time :  0.24223693367093801  Train L2 Loss :  16.569742642916164
Epoch :  84  Epoch time :  0.24086142051964998  Train L2 Loss :  17.694431476103954
Epoch :  85  Epoch time :  0.24013043474406004  Train L2 Loss :  17.98385370694674
Epoch :  86  Epoch time :  0.24100304581224918  Train L2 Loss :  16.863262347685986
Epoch :  87  Epoch time :  0.24293455574661493  Train L2 Loss :  17.351268205887234
Epoch :  88  Epoch time :  0.24677476845681667  Train L2 Loss :  17.647653384086414
Epoch :  89  Epoch time :  0.24061898794025183  Train L2 Loss :  17.68510974981846
Epoch :  90  Epoch time :  0.24576323572546244  Train L2 Loss :  18.05800794943785
Epoch :  91  Epoch time :  0.24651072826236486  Train L2 Loss :  17.045318383436936
Epoch :  92  Epoch time :  0.24070176109671593  Train L2 Loss :  16.45253044519669
Epoch :  93  Epoch time :  0.24307506158947945  Train L2 Loss :  17.101150194803875
Epoch :  94  Epoch time :  0.24002623185515404  Train L2 Loss :  16.240209775093273
Epoch :  95  Epoch time :  0.2405849164351821  Train L2 Loss :  16.652168004940716
Epoch :  96  Epoch time :  0.2438255911692977  Train L2 Loss :  17.232028569930637
Epoch :  97  Epoch time :  0.24059269204735756  Train L2 Loss :  17.05158896323962
Epoch :  98  Epoch time :  0.24097658973187208  Train L2 Loss :  18.019016730479706
Epoch :  99  Epoch time :  0.2418345920741558  Train L2 Loss :  16.7554334126986
Epoch :  100  Epoch time :  0.2435122961178422  Train L2 Loss :  14.188025230016464
Epoch :  101  Epoch time :  0.24213466979563236  Train L2 Loss :  11.781489433386387
Epoch :  102  Epoch time :  0.24155031144618988  Train L2 Loss :  11.752165721012997
Epoch :  103  Epoch time :  0.24111105222254992  Train L2 Loss :  10.967000325520834
Epoch :  104  Epoch time :  0.2422832055017352  Train L2 Loss :  11.37756756024483
Epoch :  105  Epoch time :  0.24184319470077753  Train L2 Loss :  11.219057841178698
Epoch :  106  Epoch time :  0.2417044434696436  Train L2 Loss :  11.462141452691494
Epoch :  107  Epoch time :  0.24113507103174925  Train L2 Loss :  11.512962304628813
Epoch :  108  Epoch time :  0.24261983390897512  Train L2 Loss :  11.526170865083353
Epoch :  109  Epoch time :  0.2446772400289774  Train L2 Loss :  11.559968422620724
Epoch :  110  Epoch time :  0.2444002889096737  Train L2 Loss :  11.4935791798127
Epoch :  111  Epoch time :  0.24450731184333563  Train L2 Loss :  11.348758110633263
Epoch :  112  Epoch time :  0.24360385537147522  Train L2 Loss :  11.53997966570732
Epoch :  113  Epoch time :  0.2473769886419177  Train L2 Loss :  11.367401294219189
Epoch :  114  Epoch time :  0.2412880528718233  Train L2 Loss :  11.345509920364771
Epoch :  115  Epoch time :  0.24113629292696714  Train L2 Loss :  11.60713117550581
Epoch :  116  Epoch time :  0.24507924541831017  Train L2 Loss :  11.02366294616308
Epoch :  117  Epoch time :  0.241642527282238  Train L2 Loss :  11.599668747339493
Epoch :  118  Epoch time :  0.24349092599004507  Train L2 Loss :  11.660553174141127
Epoch :  119  Epoch time :  0.24397181812673807  Train L2 Loss :  11.117821216583252
Epoch :  120  Epoch time :  0.2418013894930482  Train L2 Loss :  11.87427246876252
Epoch :  121  Epoch time :  0.2467561773955822  Train L2 Loss :  11.090528879410181
Epoch :  122  Epoch time :  0.24517839308828115  Train L2 Loss :  11.500460502428886
Epoch :  123  Epoch time :  0.24130168370902538  Train L2 Loss :  11.397799846453545
Epoch :  124  Epoch time :  0.25417975429445505  Train L2 Loss :  11.745924167143993
Epoch :  125  Epoch time :  0.2526304665952921  Train L2 Loss :  11.39774146446815
Epoch :  126  Epoch time :  0.24419928342103958  Train L2 Loss :  11.877359194633287
Epoch :  127  Epoch time :  0.2428203308954835  Train L2 Loss :  11.477807741898756
Epoch :  128  Epoch time :  0.24559153988957405  Train L2 Loss :  11.229835119002905
Epoch :  129  Epoch time :  0.24246734101325274  Train L2 Loss :  11.70187710493039
Epoch :  130  Epoch time :  0.2408752841874957  Train L2 Loss :  10.993923138349484
Epoch :  131  Epoch time :  0.262849404476583  Train L2 Loss :  11.381793278914232
Epoch :  132  Epoch time :  0.2527622263878584  Train L2 Loss :  12.118429379585463
Epoch :  133  Epoch time :  0.2531506475061178  Train L2 Loss :  11.389845236753805
Epoch :  134  Epoch time :  0.25373188965022564  Train L2 Loss :  11.120291294195713
Epoch :  135  Epoch time :  0.25361716002225876  Train L2 Loss :  11.38269236148932
Epoch :  136  Epoch time :  0.25389298144727945  Train L2 Loss :  11.504980637476994
Epoch :  137  Epoch time :  0.24661034904420376  Train L2 Loss :  11.36477859203632
Epoch :  138  Epoch time :  0.24770434759557247  Train L2 Loss :  11.33414354079809
Epoch :  139  Epoch time :  0.2465852154418826  Train L2 Loss :  10.930798286046738
Epoch :  140  Epoch time :  0.24744583666324615  Train L2 Loss :  11.655928709568121
Epoch :  141  Epoch time :  0.2455495074391365  Train L2 Loss :  11.627673894931108
Epoch :  142  Epoch time :  0.25274261087179184  Train L2 Loss :  11.788304866888584
Epoch :  143  Epoch time :  0.25654241256415844  Train L2 Loss :  11.79579705458421
Epoch :  144  Epoch time :  0.25666605588048697  Train L2 Loss :  11.888769920055683
Epoch :  145  Epoch time :  0.25615593418478966  Train L2 Loss :  10.879012560233091
Epoch :  146  Epoch time :  0.2552933916449547  Train L2 Loss :  10.875507281376766
Epoch :  147  Epoch time :  0.2542570037767291  Train L2 Loss :  10.67768694804265
Epoch :  148  Epoch time :  0.2534216847270727  Train L2 Loss :  10.532006532717974
Epoch :  149  Epoch time :  0.24905592016875744  Train L2 Loss :  11.127337015592135
Epoch :  150  Epoch time :  0.2490508370101452  Train L2 Loss :  11.022834190955528
Epoch :  151  Epoch time :  0.24791852571070194  Train L2 Loss :  10.976540956741724
Epoch :  152  Epoch time :  0.24974140897393227  Train L2 Loss :  11.042968322069218
Epoch :  153  Epoch time :  0.2493908479809761  Train L2 Loss :  10.847692049466646
Epoch :  154  Epoch time :  0.24640305619686842  Train L2 Loss :  10.969482996524908
Epoch :  155  Epoch time :  0.24737728759646416  Train L2 Loss :  10.806027632493238
Epoch :  156  Epoch time :  0.24702114704996347  Train L2 Loss :  10.653651958856827
Epoch :  157  Epoch time :  0.2421115031465888  Train L2 Loss :  10.898167683528019
Epoch :  158  Epoch time :  0.24593153037130833  Train L2 Loss :  10.88284644102439
Epoch :  159  Epoch time :  0.2556966124102473  Train L2 Loss :  11.14678272834191
Epoch :  160  Epoch time :  0.24356206320226192  Train L2 Loss :  10.967885066301395
Epoch :  161  Epoch time :  0.2433756673708558  Train L2 Loss :  11.03741423288981
Epoch :  162  Epoch time :  0.24346505850553513  Train L2 Loss :  11.061287562052408
Epoch :  163  Epoch time :  0.24261381104588509  Train L2 Loss :  10.863782026828863
Epoch :  164  Epoch time :  0.24461432546377182  Train L2 Loss :  10.572306217291416
Epoch :  165  Epoch time :  0.2433158503845334  Train L2 Loss :  11.001694422501783
Epoch :  166  Epoch time :  0.24261803459376097  Train L2 Loss :  10.666908313066532
Epoch :  167  Epoch time :  0.2459652228280902  Train L2 Loss :  10.509565194447836
Epoch :  168  Epoch time :  0.24471444264054298  Train L2 Loss :  11.16635870322203
Epoch :  169  Epoch time :  0.24443073011934757  Train L2 Loss :  11.433279135288336
Epoch :  170  Epoch time :  0.24347767978906631  Train L2 Loss :  10.583839893341064
Epoch :  171  Epoch time :  0.24362647626549006  Train L2 Loss :  11.31171153141902
Epoch :  172  Epoch time :  0.24373078625649214  Train L2 Loss :  11.378523802145933
Epoch :  173  Epoch time :  0.25119543820619583  Train L2 Loss :  10.660274187723795
Epoch :  174  Epoch time :  0.25164060294628143  Train L2 Loss :  10.727483773842836
Epoch :  175  Epoch time :  0.2555218730121851  Train L2 Loss :  11.252279037084335
Epoch :  176  Epoch time :  0.255774300545454  Train L2 Loss :  10.839206964541704
Epoch :  177  Epoch time :  0.24896519631147385  Train L2 Loss :  10.766348692087027
Epoch :  178  Epoch time :  0.2470905389636755  Train L2 Loss :  10.459029099880121
Epoch :  179  Epoch time :  0.24389113206416368  Train L2 Loss :  10.724605486943172
Epoch :  180  Epoch time :  0.24315457697957754  Train L2 Loss :  10.866022599049103
Epoch :  181  Epoch time :  0.24282237514853477  Train L2 Loss :  10.96023146311442
Epoch :  182  Epoch time :  0.24465853162109852  Train L2 Loss :  10.50252872858292
Epoch :  183  Epoch time :  0.24580905307084322  Train L2 Loss :  10.587429743546705
Epoch :  184  Epoch time :  0.2431640001013875  Train L2 Loss :  10.769072679372934
Epoch :  185  Epoch time :  0.24420359171926975  Train L2 Loss :  10.669911311222958
Epoch :  186  Epoch time :  0.24378967750817537  Train L2 Loss :  10.472247001452324
Epoch :  187  Epoch time :  0.2431787308305502  Train L2 Loss :  10.160462941878881
Epoch :  188  Epoch time :  0.24382299836724997  Train L2 Loss :  10.489583088801457
Epoch :  189  Epoch time :  0.24627141188830137  Train L2 Loss :  10.180923290741749
Epoch :  190  Epoch time :  0.24380431789904833  Train L2 Loss :  10.763749464964254
Epoch :  191  Epoch time :  0.2506540762260556  Train L2 Loss :  10.61764276944674
Epoch :  192  Epoch time :  0.2458798261359334  Train L2 Loss :  10.484443542284843
Epoch :  193  Epoch time :  0.29270791821181774  Train L2 Loss :  10.473481263869848
Epoch :  194  Epoch time :  0.27207846380770206  Train L2 Loss :  10.78170852172069
Epoch :  195  Epoch time :  0.2443796442821622  Train L2 Loss :  10.857553261976976
Epoch :  196  Epoch time :  0.24449019227176905  Train L2 Loss :  10.051252719683525
Epoch :  197  Epoch time :  0.2442349037155509  Train L2 Loss :  10.93942480820876
Epoch :  198  Epoch time :  0.24480039533227682  Train L2 Loss :  10.75570979485145
Epoch :  199  Epoch time :  0.24372626468539238  Train L2 Loss :  10.333013400053366
Total time is : 49.08619275037199 Total epoch is  200
