Input dim :  201  output dim :  1
Start training 
3793
Epoch :  0  Epoch time :  0.410216486081481  Train L2 Loss :  200.2296449710161
Epoch :  1  Epoch time :  0.26222890708595514  Train L2 Loss :  198.08916551638873
Epoch :  2  Epoch time :  0.24326385278254747  Train L2 Loss :  195.6679881169246
Epoch :  3  Epoch time :  0.24332348071038723  Train L2 Loss :  190.2426495674329
Epoch :  4  Epoch time :  0.24145326111465693  Train L2 Loss :  177.9922549907978
Epoch :  5  Epoch time :  0.2441965639591217  Train L2 Loss :  156.79366830679086
Epoch :  6  Epoch time :  0.24077903013676405  Train L2 Loss :  129.9929676544972
Epoch :  7  Epoch time :  0.24125136621296406  Train L2 Loss :  105.21720446073093
Epoch :  8  Epoch time :  0.24437886103987694  Train L2 Loss :  87.06636624458508
Epoch :  9  Epoch time :  0.24995214026421309  Train L2 Loss :  74.0872061313727
Epoch :  10  Epoch time :  0.24252628907561302  Train L2 Loss :  65.73931219638922
Epoch :  11  Epoch time :  0.24106981977820396  Train L2 Loss :  60.0439086327186
Epoch :  12  Epoch time :  0.2411641562357545  Train L2 Loss :  55.49589147323217
Epoch :  13  Epoch time :  0.24010924063622952  Train L2 Loss :  52.2189927712465
Epoch :  14  Epoch time :  0.24277078732848167  Train L2 Loss :  50.335342994103065
Epoch :  15  Epoch time :  0.24207119643688202  Train L2 Loss :  48.15709696060572
Epoch :  16  Epoch time :  0.24063013773411512  Train L2 Loss :  46.22062526605068
Epoch :  17  Epoch time :  0.2413433576002717  Train L2 Loss :  44.25109374217498
Epoch :  18  Epoch time :  0.2416359856724739  Train L2 Loss :  43.32477041391226
Epoch :  19  Epoch time :  0.2480093939229846  Train L2 Loss :  42.143842256986176
Epoch :  20  Epoch time :  0.24380242452025414  Train L2 Loss :  41.120340689634666
Epoch :  21  Epoch time :  0.2438537748530507  Train L2 Loss :  39.900462566277916
Epoch :  22  Epoch time :  0.23839217517524958  Train L2 Loss :  39.59617213713817
Epoch :  23  Epoch time :  0.25383807346224785  Train L2 Loss :  38.39692233158992
Epoch :  24  Epoch time :  0.2467788401991129  Train L2 Loss :  37.3112061329377
Epoch :  25  Epoch time :  0.24052741285413504  Train L2 Loss :  37.22180356734838
Epoch :  26  Epoch time :  0.24398472625762224  Train L2 Loss :  36.266566545535355
Epoch :  27  Epoch time :  0.24398722499608994  Train L2 Loss :  35.91909682445037
Epoch :  28  Epoch time :  0.24067223351448774  Train L2 Loss :  35.437048496344154
Epoch :  29  Epoch time :  0.24839422293007374  Train L2 Loss :  34.8576843555157
Epoch :  30  Epoch time :  0.24171321094036102  Train L2 Loss :  34.31199704683744
Epoch :  31  Epoch time :  0.24347734823822975  Train L2 Loss :  34.30590057373047
Epoch :  32  Epoch time :  0.2413117429241538  Train L2 Loss :  33.353115864289116
Epoch :  33  Epoch time :  0.24178024102002382  Train L2 Loss :  33.223465992854194
Epoch :  34  Epoch time :  0.24059221986681223  Train L2 Loss :  32.7917786133595
Epoch :  35  Epoch time :  0.24196295626461506  Train L2 Loss :  32.435720394819214
Epoch :  36  Epoch time :  0.24335673172026873  Train L2 Loss :  32.173053154578575
Epoch :  37  Epoch time :  0.24015162233263254  Train L2 Loss :  31.71941801217886
Epoch :  38  Epoch time :  0.24333186447620392  Train L2 Loss :  31.421661083514874
Epoch :  39  Epoch time :  0.24142276402562857  Train L2 Loss :  31.210736739329803
Epoch :  40  Epoch time :  0.2429395131766796  Train L2 Loss :  30.754853077423878
Epoch :  41  Epoch time :  0.2417866876348853  Train L2 Loss :  30.538836259108322
Epoch :  42  Epoch time :  0.2415453279390931  Train L2 Loss :  30.57038351205679
Epoch :  43  Epoch time :  0.24105133768171072  Train L2 Loss :  30.571249057085087
Epoch :  44  Epoch time :  0.2412221161648631  Train L2 Loss :  29.700461656619343
Epoch :  45  Epoch time :  0.24189927522093058  Train L2 Loss :  29.96278312878731
Epoch :  46  Epoch time :  0.24237405136227608  Train L2 Loss :  29.10618711129213
Epoch :  47  Epoch time :  0.24863132648169994  Train L2 Loss :  29.03929920685597
Epoch :  48  Epoch time :  0.24782899860292673  Train L2 Loss :  28.719080215845352
Epoch :  49  Epoch time :  0.24045981746166945  Train L2 Loss :  28.66799413240873
Epoch :  50  Epoch time :  0.24177862238138914  Train L2 Loss :  28.394048299544895
Epoch :  51  Epoch time :  0.24182322528213263  Train L2 Loss :  27.985590225610977
Epoch :  52  Epoch time :  0.24126995168626308  Train L2 Loss :  27.566989067273262
Epoch :  53  Epoch time :  0.24309938214719296  Train L2 Loss :  27.8229308006091
Epoch :  54  Epoch time :  0.24156757537275553  Train L2 Loss :  27.9346738472963
Epoch :  55  Epoch time :  0.24081035424023867  Train L2 Loss :  27.575376021556366
Epoch :  56  Epoch time :  0.24199302401393652  Train L2 Loss :  27.532370053804836
Epoch :  57  Epoch time :  0.2416611835360527  Train L2 Loss :  27.411101316794372
Epoch :  58  Epoch time :  0.24110448360443115  Train L2 Loss :  27.682012264545147
Epoch :  59  Epoch time :  0.24224649276584387  Train L2 Loss :  27.083725317930565
Epoch :  60  Epoch time :  0.24146996345371008  Train L2 Loss :  26.77204327705579
Epoch :  61  Epoch time :  0.2466792268678546  Train L2 Loss :  26.268641202877728
Epoch :  62  Epoch time :  0.24248392786830664  Train L2 Loss :  26.529663428282127
Epoch :  63  Epoch time :  0.2422487372532487  Train L2 Loss :  26.428316556490383
Epoch :  64  Epoch time :  0.24230107106268406  Train L2 Loss :  26.580263431255634
Epoch :  65  Epoch time :  0.2450179811567068  Train L2 Loss :  26.402309760069237
Epoch :  66  Epoch time :  0.24181673303246498  Train L2 Loss :  26.32257407750839
Epoch :  67  Epoch time :  0.24089040234684944  Train L2 Loss :  25.665785373785557
Epoch :  68  Epoch time :  0.25066541973501444  Train L2 Loss :  26.101748393132137
Epoch :  69  Epoch time :  0.25123283080756664  Train L2 Loss :  25.865909087352264
Epoch :  70  Epoch time :  0.2500181468203664  Train L2 Loss :  25.5037106244992
Epoch :  71  Epoch time :  0.25084660295397043  Train L2 Loss :  25.433626370552258
Epoch :  72  Epoch time :  0.25122204516083  Train L2 Loss :  24.878605622511643
Epoch :  73  Epoch time :  0.25110090617090464  Train L2 Loss :  25.048195227598534
Epoch :  74  Epoch time :  0.2506704553961754  Train L2 Loss :  24.814478605221478
Epoch :  75  Epoch time :  0.2521460382267833  Train L2 Loss :  24.99521490243765
Epoch :  76  Epoch time :  0.2688665622845292  Train L2 Loss :  25.29666988666241
Epoch :  77  Epoch time :  0.2509720055386424  Train L2 Loss :  25.0158878717667
Epoch :  78  Epoch time :  0.2514447569847107  Train L2 Loss :  24.991782897557968
Epoch :  79  Epoch time :  0.2508735042065382  Train L2 Loss :  25.00033774742713
Epoch :  80  Epoch time :  0.25049236603081226  Train L2 Loss :  25.33020195594201
Epoch :  81  Epoch time :  0.2535462435334921  Train L2 Loss :  24.281054350046013
Epoch :  82  Epoch time :  0.25544448383152485  Train L2 Loss :  24.410204911843323
Epoch :  83  Epoch time :  0.25135731138288975  Train L2 Loss :  24.442041837252102
Epoch :  84  Epoch time :  0.25173913314938545  Train L2 Loss :  24.073045828403572
Epoch :  85  Epoch time :  0.25337483175098896  Train L2 Loss :  23.940555181258762
Epoch :  86  Epoch time :  0.2515589352697134  Train L2 Loss :  23.856359579624275
Epoch :  87  Epoch time :  0.25475569535046816  Train L2 Loss :  23.853406343704616
Epoch :  88  Epoch time :  0.2511584097519517  Train L2 Loss :  24.01818950359638
Epoch :  89  Epoch time :  0.2513605114072561  Train L2 Loss :  23.49287233597193
Epoch :  90  Epoch time :  0.2535464409738779  Train L2 Loss :  23.747449605892864
Epoch :  91  Epoch time :  0.25102635379880667  Train L2 Loss :  23.792452738835262
Epoch :  92  Epoch time :  0.2426139758899808  Train L2 Loss :  23.302458102886494
Epoch :  93  Epoch time :  0.2481405260041356  Train L2 Loss :  23.714726912669647
Epoch :  94  Epoch time :  0.24767933692783117  Train L2 Loss :  23.700028174962753
Epoch :  95  Epoch time :  0.24363239016383886  Train L2 Loss :  23.231045918586926
Epoch :  96  Epoch time :  0.24415315967053175  Train L2 Loss :  23.67761034843249
Epoch :  97  Epoch time :  0.24411751423031092  Train L2 Loss :  22.977192756457207
Epoch :  98  Epoch time :  0.2445636922493577  Train L2 Loss :  22.949678861177883
Epoch :  99  Epoch time :  0.2432534983381629  Train L2 Loss :  22.892334864689754
Epoch :  100  Epoch time :  0.24336632061749697  Train L2 Loss :  21.254756829677483
Epoch :  101  Epoch time :  0.24456956889480352  Train L2 Loss :  20.360185329730694
Epoch :  102  Epoch time :  0.24765733908861876  Train L2 Loss :  20.27396519978841
Epoch :  103  Epoch time :  0.24354869406670332  Train L2 Loss :  20.21486668708997
Epoch :  104  Epoch time :  0.2432903191074729  Train L2 Loss :  19.95383450923822
Epoch :  105  Epoch time :  0.24408537708222866  Train L2 Loss :  19.96088431431697
Epoch :  106  Epoch time :  0.24295343924313784  Train L2 Loss :  20.06653629205166
Epoch :  107  Epoch time :  0.2434800248593092  Train L2 Loss :  20.032520929972332
Epoch :  108  Epoch time :  0.24329355731606483  Train L2 Loss :  20.06507528745211
Epoch :  109  Epoch time :  0.2427010340616107  Train L2 Loss :  20.05124617845584
Epoch :  110  Epoch time :  0.24656056612730026  Train L2 Loss :  19.939289704347267
Epoch :  111  Epoch time :  0.2447584317997098  Train L2 Loss :  19.782522079272148
Epoch :  112  Epoch time :  0.24264130089432  Train L2 Loss :  19.92263307326879
Epoch :  113  Epoch time :  0.24324570689350367  Train L2 Loss :  19.841276364448742
Epoch :  114  Epoch time :  0.24367085844278336  Train L2 Loss :  19.730019251505535
Epoch :  115  Epoch time :  0.24367396626621485  Train L2 Loss :  19.677657005114433
Epoch :  116  Epoch time :  0.24348571710288525  Train L2 Loss :  19.631470460158127
Epoch :  117  Epoch time :  0.2437824895605445  Train L2 Loss :  19.743030963799892
Epoch :  118  Epoch time :  0.24303630739450455  Train L2 Loss :  19.532244853484325
Epoch :  119  Epoch time :  0.24416202120482922  Train L2 Loss :  19.72375263311924
Epoch :  120  Epoch time :  0.2438133182004094  Train L2 Loss :  19.72227688324757
Epoch :  121  Epoch time :  0.24414633587002754  Train L2 Loss :  19.325597151731834
Epoch :  122  Epoch time :  0.24701791070401669  Train L2 Loss :  19.31680141351162
Epoch :  123  Epoch time :  0.2466257344931364  Train L2 Loss :  19.410221588917267
Epoch :  124  Epoch time :  0.2429365273565054  Train L2 Loss :  19.34226080087515
Epoch :  125  Epoch time :  0.24361710529774427  Train L2 Loss :  19.36814645620493
Epoch :  126  Epoch time :  0.24391474667936563  Train L2 Loss :  19.405289356525127
Epoch :  127  Epoch time :  0.24536503478884697  Train L2 Loss :  19.371148427327473
Epoch :  128  Epoch time :  0.24405841063708067  Train L2 Loss :  19.379838454417694
Epoch :  129  Epoch time :  0.2447231663390994  Train L2 Loss :  19.346661494328426
Epoch :  130  Epoch time :  0.2436109147965908  Train L2 Loss :  19.36239098279904
Epoch :  131  Epoch time :  0.24405716452747583  Train L2 Loss :  19.203677152976013
Epoch :  132  Epoch time :  0.24574383441358805  Train L2 Loss :  19.188197820614544
Epoch :  133  Epoch time :  0.2438124231994152  Train L2 Loss :  19.221066303742237
Epoch :  134  Epoch time :  0.2444854648783803  Train L2 Loss :  19.034872641930214
Epoch :  135  Epoch time :  0.24473056383430958  Train L2 Loss :  19.04476911593706
Epoch :  136  Epoch time :  0.24343505781143904  Train L2 Loss :  19.15565319550343
Epoch :  137  Epoch time :  0.24558180011808872  Train L2 Loss :  19.000302583743366
Epoch :  138  Epoch time :  0.24622187949717045  Train L2 Loss :  19.169403198437813
Epoch :  139  Epoch time :  0.24630619026720524  Train L2 Loss :  19.115461031595867
Epoch :  140  Epoch time :  0.24465575255453587  Train L2 Loss :  18.69531780634171
Epoch :  141  Epoch time :  0.24756599124521017  Train L2 Loss :  18.849819623506985
Epoch :  142  Epoch time :  0.24517103098332882  Train L2 Loss :  18.851858016772148
Epoch :  143  Epoch time :  0.2473287433385849  Train L2 Loss :  18.764670420915653
Epoch :  144  Epoch time :  0.24526763521134853  Train L2 Loss :  18.893342507191193
Epoch :  145  Epoch time :  0.24439272470772266  Train L2 Loss :  18.68758661319048
Epoch :  146  Epoch time :  0.2543362258002162  Train L2 Loss :  18.660169161283054
Epoch :  147  Epoch time :  0.24703435599803925  Train L2 Loss :  18.514123427562225
Epoch :  148  Epoch time :  0.24551858101040125  Train L2 Loss :  18.572402122693184
Epoch :  149  Epoch time :  0.24656060338020325  Train L2 Loss :  18.50974757854755
Epoch :  150  Epoch time :  0.24677018355578184  Train L2 Loss :  18.669702529907227
Epoch :  151  Epoch time :  0.24613557569682598  Train L2 Loss :  18.770113333677635
Epoch :  152  Epoch time :  0.24801833368837833  Train L2 Loss :  18.542743193797577
Epoch :  153  Epoch time :  0.24795088358223438  Train L2 Loss :  18.6239230571649
Epoch :  154  Epoch time :  0.24695777893066406  Train L2 Loss :  18.556912030929173
Epoch :  155  Epoch time :  0.2478991225361824  Train L2 Loss :  18.492984184852013
Epoch :  156  Epoch time :  0.24846011027693748  Train L2 Loss :  18.52205856029804
Epoch :  157  Epoch time :  0.25499514676630497  Train L2 Loss :  18.395817438761394
Epoch :  158  Epoch time :  0.24731849040836096  Train L2 Loss :  18.48291455782377
Epoch :  159  Epoch time :  0.24802441988140345  Train L2 Loss :  18.372192431718876
Epoch :  160  Epoch time :  0.24688068591058254  Train L2 Loss :  18.293604924128605
Epoch :  161  Epoch time :  0.24974602926522493  Train L2 Loss :  18.330991133665428
Epoch :  162  Epoch time :  0.25022423081099987  Train L2 Loss :  18.28406167641664
Epoch :  163  Epoch time :  0.24942590296268463  Train L2 Loss :  18.3265741788424
Epoch :  164  Epoch time :  0.24732759781181812  Train L2 Loss :  18.35236664307423
Epoch :  165  Epoch time :  0.24813382420688868  Train L2 Loss :  18.06613692259177
Epoch :  166  Epoch time :  0.2470992924645543  Train L2 Loss :  18.31321354401417
Epoch :  167  Epoch time :  0.2486576847732067  Train L2 Loss :  18.108495223216522
Epoch :  168  Epoch time :  0.24800178967416286  Train L2 Loss :  18.051899005205204
Epoch :  169  Epoch time :  0.24729941319674253  Train L2 Loss :  18.044063934913048
Epoch :  170  Epoch time :  0.25042069889605045  Train L2 Loss :  18.044016373463165
Epoch :  171  Epoch time :  0.24858917482197285  Train L2 Loss :  18.106949268243252
Epoch :  172  Epoch time :  0.24736808612942696  Train L2 Loss :  18.053342110071426
Epoch :  173  Epoch time :  0.24820570833981037  Train L2 Loss :  17.814628870059284
Epoch :  174  Epoch time :  0.2486295998096466  Train L2 Loss :  17.879816153110603
Epoch :  175  Epoch time :  0.25097081158310175  Train L2 Loss :  17.771474838256836
Epoch :  176  Epoch time :  0.25060550309717655  Train L2 Loss :  17.763470136202297
Epoch :  177  Epoch time :  0.24804179929196835  Train L2 Loss :  17.838370910057655
Epoch :  178  Epoch time :  0.24733956716954708  Train L2 Loss :  17.86025996085925
Epoch :  179  Epoch time :  0.24800652917474508  Train L2 Loss :  17.94383697020702
Epoch :  180  Epoch time :  0.24805170856416225  Train L2 Loss :  17.78941587301401
Epoch :  181  Epoch time :  0.2477501416578889  Train L2 Loss :  17.795607200035683
Epoch :  182  Epoch time :  0.2513094637542963  Train L2 Loss :  17.681693028181027
Epoch :  183  Epoch time :  0.24859530199319124  Train L2 Loss :  17.810913868439503
Epoch :  184  Epoch time :  0.24801155366003513  Train L2 Loss :  17.738246771005485
Epoch :  185  Epoch time :  0.2478309441357851  Train L2 Loss :  17.60191516387157
Epoch :  186  Epoch time :  0.24968192540109158  Train L2 Loss :  17.807989731813088
Epoch :  187  Epoch time :  0.250906634144485  Train L2 Loss :  17.729510405124763
Epoch :  188  Epoch time :  0.25499087385833263  Train L2 Loss :  17.83276457664294
Epoch :  189  Epoch time :  0.2531913686543703  Train L2 Loss :  17.814515431722004
Epoch :  190  Epoch time :  0.24723638221621513  Train L2 Loss :  17.374815109448555
Epoch :  191  Epoch time :  0.2630091393366456  Train L2 Loss :  17.68381250821627
Epoch :  192  Epoch time :  0.2623173277825117  Train L2 Loss :  17.63656816727076
Epoch :  193  Epoch time :  0.2627611290663481  Train L2 Loss :  17.581264446943234
Epoch :  194  Epoch time :  0.2687226962298155  Train L2 Loss :  17.344101172227127
Epoch :  195  Epoch time :  0.26292859576642513  Train L2 Loss :  17.561889892969376
Epoch :  196  Epoch time :  0.2546262163668871  Train L2 Loss :  17.355194678673378
Epoch :  197  Epoch time :  0.25803638622164726  Train L2 Loss :  17.44579496139135
Epoch :  198  Epoch time :  0.25807273853570223  Train L2 Loss :  17.387835086920322
Epoch :  199  Epoch time :  0.25259287748485804  Train L2 Loss :  17.28201665633764
Total time is : 49.52094291429967 Total epoch is  200
