Input dim :  201  output dim :  1
Start training 
59009
Epoch :  0  Epoch time :  0.4080469347536564  Train L2 Loss :  197.640381641877
Epoch :  1  Epoch time :  0.2623215466737747  Train L2 Loss :  185.0638640966171
Epoch :  2  Epoch time :  0.24837071914225817  Train L2 Loss :  130.38088734944662
Epoch :  3  Epoch time :  0.24675619136542082  Train L2 Loss :  79.30933164938902
Epoch :  4  Epoch time :  0.23922343458980322  Train L2 Loss :  59.59933902055789
Epoch :  5  Epoch time :  0.24372080899775028  Train L2 Loss :  52.59076651548728
Epoch :  6  Epoch time :  0.24297798052430153  Train L2 Loss :  47.83347154274965
Epoch :  7  Epoch time :  0.2391464738175273  Train L2 Loss :  45.36502940838154
Epoch :  8  Epoch time :  0.24131240043789148  Train L2 Loss :  41.51813321235852
Epoch :  9  Epoch time :  0.2422018377110362  Train L2 Loss :  40.62340574998122
Epoch :  10  Epoch time :  0.24501848965883255  Train L2 Loss :  39.31341958657289
Epoch :  11  Epoch time :  0.24271495547145605  Train L2 Loss :  37.502535159771256
Epoch :  12  Epoch time :  0.24156557209789753  Train L2 Loss :  36.26989570030799
Epoch :  13  Epoch time :  0.23981198575347662  Train L2 Loss :  35.512008618085815
Epoch :  14  Epoch time :  0.24444183707237244  Train L2 Loss :  34.84111683185284
Epoch :  15  Epoch time :  0.24239220097661018  Train L2 Loss :  34.40617409730569
Epoch :  16  Epoch time :  0.24005445651710033  Train L2 Loss :  31.840003184783154
Epoch :  17  Epoch time :  0.24553385470062494  Train L2 Loss :  30.857437329414562
Epoch :  18  Epoch time :  0.2480715550482273  Train L2 Loss :  31.32093405112242
Epoch :  19  Epoch time :  0.2430597646161914  Train L2 Loss :  30.292268997583633
Epoch :  20  Epoch time :  0.2458000397309661  Train L2 Loss :  30.0783328520946
Epoch :  21  Epoch time :  0.2424762537702918  Train L2 Loss :  29.35373971401117
Epoch :  22  Epoch time :  0.2399132177233696  Train L2 Loss :  28.140876378768528
Epoch :  23  Epoch time :  0.2659060349687934  Train L2 Loss :  28.14109851152469
Epoch :  24  Epoch time :  0.24431637860834599  Train L2 Loss :  28.192516033466045
Epoch :  25  Epoch time :  0.2396728228777647  Train L2 Loss :  29.529743439111954
Epoch :  26  Epoch time :  0.24193592183291912  Train L2 Loss :  28.965892155965168
Epoch :  27  Epoch time :  0.24198600370436907  Train L2 Loss :  27.166448104075897
Epoch :  28  Epoch time :  0.23962864559143782  Train L2 Loss :  26.563962007180237
Epoch :  29  Epoch time :  0.24229284934699535  Train L2 Loss :  26.29885502350636
Epoch :  30  Epoch time :  0.2443532608449459  Train L2 Loss :  25.959504396487507
Epoch :  31  Epoch time :  0.24087367206811905  Train L2 Loss :  26.8975311426016
Epoch :  32  Epoch time :  0.24192231614142656  Train L2 Loss :  27.089090396196415
Epoch :  33  Epoch time :  0.24637863971292973  Train L2 Loss :  25.48046826093625
Epoch :  34  Epoch time :  0.24080812372267246  Train L2 Loss :  25.02775030869704
Epoch :  35  Epoch time :  0.2505220863968134  Train L2 Loss :  24.872004973582733
Epoch :  36  Epoch time :  0.2549816519021988  Train L2 Loss :  24.72862637348664
Epoch :  37  Epoch time :  0.25438990630209446  Train L2 Loss :  24.319017043480507
Epoch :  38  Epoch time :  0.25492121558636427  Train L2 Loss :  23.974808815198067
Epoch :  39  Epoch time :  0.2533738762140274  Train L2 Loss :  24.180144138825245
Epoch :  40  Epoch time :  0.24516433756798506  Train L2 Loss :  23.079316603831757
Epoch :  41  Epoch time :  0.24401784501969814  Train L2 Loss :  23.12617610051082
Epoch :  42  Epoch time :  0.2493581511080265  Train L2 Loss :  23.180784225463867
Epoch :  43  Epoch time :  0.2464051367715001  Train L2 Loss :  23.12254054729755
Epoch :  44  Epoch time :  0.24966795276850462  Train L2 Loss :  22.604892975244766
Epoch :  45  Epoch time :  0.25307498034089804  Train L2 Loss :  22.013278325398762
Epoch :  46  Epoch time :  0.2512941546738148  Train L2 Loss :  21.803145359723995
Epoch :  47  Epoch time :  0.2452242411673069  Train L2 Loss :  22.222905868139023
Epoch :  48  Epoch time :  0.24695949908345938  Train L2 Loss :  22.490153924012795
Epoch :  49  Epoch time :  0.24580377526581287  Train L2 Loss :  21.449908329890324
Epoch :  50  Epoch time :  0.24532409571111202  Train L2 Loss :  22.564200181227463
Epoch :  51  Epoch time :  0.24312767665833235  Train L2 Loss :  22.61372050260886
Epoch :  52  Epoch time :  0.24364773090928793  Train L2 Loss :  21.306490971491886
Epoch :  53  Epoch time :  0.24212893564254045  Train L2 Loss :  21.1164738092667
Epoch :  54  Epoch time :  0.2426497656852007  Train L2 Loss :  21.63928936689328
Epoch :  55  Epoch time :  0.2407158575952053  Train L2 Loss :  21.47361405690511
Epoch :  56  Epoch time :  0.2404734045267105  Train L2 Loss :  20.892258815276318
Epoch :  57  Epoch time :  0.25154006760567427  Train L2 Loss :  20.475511844341572
Epoch :  58  Epoch time :  0.2493771519511938  Train L2 Loss :  20.86579110072209
Epoch :  59  Epoch time :  0.25633933674544096  Train L2 Loss :  20.91547545408591
Epoch :  60  Epoch time :  0.25735248252749443  Train L2 Loss :  20.79297804221129
Epoch :  61  Epoch time :  0.25561875849962234  Train L2 Loss :  20.596418282924553
Epoch :  62  Epoch time :  0.2523054098710418  Train L2 Loss :  19.9895997658754
Epoch :  63  Epoch time :  0.24248921498656273  Train L2 Loss :  20.653490873483513
Epoch :  64  Epoch time :  0.24296285770833492  Train L2 Loss :  21.687643540211212
Epoch :  65  Epoch time :  0.2549670347943902  Train L2 Loss :  19.723050141945862
Epoch :  66  Epoch time :  0.24633518140763044  Train L2 Loss :  20.90918968885373
Epoch :  67  Epoch time :  0.24913107883185148  Train L2 Loss :  19.440036186805138
Epoch :  68  Epoch time :  0.24626210797578096  Train L2 Loss :  20.05155421526004
Epoch :  69  Epoch time :  0.249409350566566  Train L2 Loss :  19.46960957845052
Epoch :  70  Epoch time :  0.24631616286933422  Train L2 Loss :  20.77935913281563
Epoch :  71  Epoch time :  0.24739909172058105  Train L2 Loss :  19.768411587446163
Epoch :  72  Epoch time :  0.24706521909683943  Train L2 Loss :  20.23836815662873
Epoch :  73  Epoch time :  0.24508780427277088  Train L2 Loss :  19.468558384821964
Epoch :  74  Epoch time :  0.24333273246884346  Train L2 Loss :  19.432518518888035
Epoch :  75  Epoch time :  0.25685441493988037  Train L2 Loss :  18.942927629519733
Epoch :  76  Epoch time :  0.2434494849294424  Train L2 Loss :  19.050960932022488
Epoch :  77  Epoch time :  0.2430383274331689  Train L2 Loss :  18.713415243686775
Epoch :  78  Epoch time :  0.2438956843689084  Train L2 Loss :  18.711898999336437
Epoch :  79  Epoch time :  0.24344494752585888  Train L2 Loss :  18.771207858354618
Epoch :  80  Epoch time :  0.24407897423952818  Train L2 Loss :  18.920477329156338
Epoch :  81  Epoch time :  0.24446523003280163  Train L2 Loss :  18.335646653786682
Epoch :  82  Epoch time :  0.24370082188397646  Train L2 Loss :  18.629970501630734
Epoch :  83  Epoch time :  0.24261509906500578  Train L2 Loss :  18.302605946858723
Epoch :  84  Epoch time :  0.2435562191531062  Train L2 Loss :  18.280915969457382
Epoch :  85  Epoch time :  0.24923116341233253  Train L2 Loss :  19.090289287078075
Epoch :  86  Epoch time :  0.24683134444057941  Train L2 Loss :  18.61739296790881
Epoch :  87  Epoch time :  0.24396313074976206  Train L2 Loss :  18.462127343202248
Epoch :  88  Epoch time :  0.2434693295508623  Train L2 Loss :  17.745302591568386
Epoch :  89  Epoch time :  0.24075890984386206  Train L2 Loss :  20.226252482487606
Epoch :  90  Epoch time :  0.24473390821367502  Train L2 Loss :  19.23307675581712
Epoch :  91  Epoch time :  0.24297683406621218  Train L2 Loss :  17.77785068903214
Epoch :  92  Epoch time :  0.2444369662553072  Train L2 Loss :  17.23837282718756
Epoch :  93  Epoch time :  0.24246795196086168  Train L2 Loss :  17.52898793342786
Epoch :  94  Epoch time :  0.24162563309073448  Train L2 Loss :  16.745920327993538
Epoch :  95  Epoch time :  0.24343060050159693  Train L2 Loss :  17.815256925729607
Epoch :  96  Epoch time :  0.24502336513251066  Train L2 Loss :  17.831391505706005
Epoch :  97  Epoch time :  0.24340621288865805  Train L2 Loss :  17.39329567933694
Epoch :  98  Epoch time :  0.24520584382116795  Train L2 Loss :  17.858483338967346
Epoch :  99  Epoch time :  0.25086743105202913  Train L2 Loss :  17.45214589436849
Epoch :  100  Epoch time :  0.24984936602413654  Train L2 Loss :  14.458176025977501
Epoch :  101  Epoch time :  0.25045663956552744  Train L2 Loss :  13.120093516814404
Epoch :  102  Epoch time :  0.25262345746159554  Train L2 Loss :  12.961282436664288
Epoch :  103  Epoch time :  0.25004636868834496  Train L2 Loss :  12.680896269969452
Epoch :  104  Epoch time :  0.25081255193799734  Train L2 Loss :  12.633399168650309
Epoch :  105  Epoch time :  0.25551728066056967  Train L2 Loss :  12.99186836144863
Epoch :  106  Epoch time :  0.24356423132121563  Train L2 Loss :  12.782905969864283
Epoch :  107  Epoch time :  0.24406125862151384  Train L2 Loss :  13.045659040793394
Epoch :  108  Epoch time :  0.2460457719862461  Train L2 Loss :  13.117174759889261
Epoch :  109  Epoch time :  0.24317975528538227  Train L2 Loss :  12.811590316968086
Epoch :  110  Epoch time :  0.2447528224438429  Train L2 Loss :  12.548833235716208
Epoch :  111  Epoch time :  0.24468957260251045  Train L2 Loss :  12.786792290516388
Epoch :  112  Epoch time :  0.25013019144535065  Train L2 Loss :  12.79154798312065
Epoch :  113  Epoch time :  0.242921132594347  Train L2 Loss :  12.841213152958797
Epoch :  114  Epoch time :  0.24514482077211142  Train L2 Loss :  12.577203591664633
Epoch :  115  Epoch time :  0.24271847680211067  Train L2 Loss :  12.548485878186348
Epoch :  116  Epoch time :  0.2440875330939889  Train L2 Loss :  12.48827002598689
Epoch :  117  Epoch time :  0.24380252975970507  Train L2 Loss :  12.617371229025034
Epoch :  118  Epoch time :  0.2427072897553444  Train L2 Loss :  12.910190973526392
Epoch :  119  Epoch time :  0.24496404640376568  Train L2 Loss :  12.457415788601606
Epoch :  120  Epoch time :  0.24874769989401102  Train L2 Loss :  12.778174180250902
Epoch :  121  Epoch time :  0.2453968869522214  Train L2 Loss :  13.100759310600084
Epoch :  122  Epoch time :  0.24711584486067295  Train L2 Loss :  13.110906405326647
Epoch :  123  Epoch time :  0.24462113715708256  Train L2 Loss :  12.87920408982497
Epoch :  124  Epoch time :  0.2458473825827241  Train L2 Loss :  12.739837964375814
Epoch :  125  Epoch time :  0.2446950413286686  Train L2 Loss :  12.661193101834028
Epoch :  126  Epoch time :  0.2505684057250619  Train L2 Loss :  12.776898371867645
Epoch :  127  Epoch time :  0.24456349294632673  Train L2 Loss :  12.453479913564829
Epoch :  128  Epoch time :  0.24554784409701824  Train L2 Loss :  12.536470559927134
Epoch :  129  Epoch time :  0.2466654134914279  Train L2 Loss :  12.42571429717235
Epoch :  130  Epoch time :  0.24472480360418558  Train L2 Loss :  12.492843848008375
Epoch :  131  Epoch time :  0.2448397669941187  Train L2 Loss :  12.336399738605206
Epoch :  132  Epoch time :  0.24443482793867588  Train L2 Loss :  12.449992864559858
Epoch :  133  Epoch time :  0.2437151949852705  Train L2 Loss :  12.286841221344776
Epoch :  134  Epoch time :  0.24629355128854513  Train L2 Loss :  12.180965594756298
Epoch :  135  Epoch time :  0.24699709936976433  Train L2 Loss :  12.180115051758595
Epoch :  136  Epoch time :  0.24736347794532776  Train L2 Loss :  12.062417299319536
Epoch :  137  Epoch time :  0.2482504490762949  Train L2 Loss :  11.921569225115654
Epoch :  138  Epoch time :  0.24547306168824434  Train L2 Loss :  12.035580048194298
Epoch :  139  Epoch time :  0.24502104241400957  Train L2 Loss :  12.485686754569029
Epoch :  140  Epoch time :  0.24643784388899803  Train L2 Loss :  12.028440133119242
Epoch :  141  Epoch time :  0.24742343742400408  Train L2 Loss :  12.140323663369204
Epoch :  142  Epoch time :  0.24456146825104952  Train L2 Loss :  12.240198013110039
Epoch :  143  Epoch time :  0.24549400806427002  Train L2 Loss :  11.99307725368402
Epoch :  144  Epoch time :  0.2442909823730588  Train L2 Loss :  11.704479828858988
Epoch :  145  Epoch time :  0.2479827180504799  Train L2 Loss :  11.888737433995956
Epoch :  146  Epoch time :  0.2478095581755042  Train L2 Loss :  11.57966838738857
Epoch :  147  Epoch time :  0.24692330043762922  Train L2 Loss :  12.053257599855081
Epoch :  148  Epoch time :  0.24453419540077448  Train L2 Loss :  12.05545415633764
Epoch :  149  Epoch time :  0.24710130039602518  Train L2 Loss :  12.023856811034374
Epoch :  150  Epoch time :  0.2455887757241726  Train L2 Loss :  11.944421120179005
Epoch :  151  Epoch time :  0.2459853570908308  Train L2 Loss :  12.36336541787172
Epoch :  152  Epoch time :  0.2479219464585185  Train L2 Loss :  11.742702997647799
Epoch :  153  Epoch time :  0.25032955687493086  Train L2 Loss :  12.631927869258783
Epoch :  154  Epoch time :  0.24527033977210522  Train L2 Loss :  12.216800469618578
Epoch :  155  Epoch time :  0.2479333570227027  Train L2 Loss :  11.651211506281143
Epoch :  156  Epoch time :  0.24639361165463924  Train L2 Loss :  12.649002441993126
Epoch :  157  Epoch time :  0.25563796050846577  Train L2 Loss :  11.838295912131285
Epoch :  158  Epoch time :  0.24635760579258204  Train L2 Loss :  11.571972113389235
Epoch :  159  Epoch time :  0.2463842760771513  Train L2 Loss :  11.897357402703701
Epoch :  160  Epoch time :  0.2451769644394517  Train L2 Loss :  11.77087714121892
Epoch :  161  Epoch time :  0.24611240904778242  Train L2 Loss :  12.19928213266226
Epoch :  162  Epoch time :  0.24615685269236565  Train L2 Loss :  11.650955958244127
Epoch :  163  Epoch time :  0.2450948366895318  Train L2 Loss :  11.842489120287773
Epoch :  164  Epoch time :  0.2463426748290658  Train L2 Loss :  12.288072023636255
Epoch :  165  Epoch time :  0.24652034975588322  Train L2 Loss :  11.690815607706705
Epoch :  166  Epoch time :  0.24525856040418148  Train L2 Loss :  11.474273975078876
Epoch :  167  Epoch time :  0.2486087018623948  Train L2 Loss :  12.36288080459986
Epoch :  168  Epoch time :  0.24671962205320597  Train L2 Loss :  11.773057962075258
Epoch :  169  Epoch time :  0.2467840975150466  Train L2 Loss :  11.2750948147896
Epoch :  170  Epoch time :  0.24800363276153803  Train L2 Loss :  11.231189385438578
Epoch :  171  Epoch time :  0.24825376830995083  Train L2 Loss :  11.61742990444868
Epoch :  172  Epoch time :  0.24549058731645346  Train L2 Loss :  11.814390793824808
Epoch :  173  Epoch time :  0.24709558580070734  Train L2 Loss :  11.030718950124887
Epoch :  174  Epoch time :  0.24701484385877848  Train L2 Loss :  12.16710723974766
Epoch :  175  Epoch time :  0.24862640537321568  Train L2 Loss :  12.102834677084898
Epoch :  176  Epoch time :  0.2480860659852624  Train L2 Loss :  11.13243000323956
Epoch :  177  Epoch time :  0.2474845815449953  Train L2 Loss :  11.417842620458359
Epoch :  178  Epoch time :  0.24737463146448135  Train L2 Loss :  11.683567682902018
Epoch :  179  Epoch time :  0.24738797638565302  Train L2 Loss :  11.965974196409567
Epoch :  180  Epoch time :  0.2460813894867897  Train L2 Loss :  11.499145348866781
Epoch :  181  Epoch time :  0.24588936567306519  Train L2 Loss :  11.346410824702335
Epoch :  182  Epoch time :  0.24718163814395666  Train L2 Loss :  11.265451553540352
Epoch :  183  Epoch time :  0.25008883234113455  Train L2 Loss :  11.507450519463955
Epoch :  184  Epoch time :  0.24662330094724894  Train L2 Loss :  10.996523588131636
Epoch :  185  Epoch time :  0.24977230373769999  Train L2 Loss :  11.267877664321508
Epoch :  186  Epoch time :  0.2481726035475731  Train L2 Loss :  11.311606083160791
Epoch :  187  Epoch time :  0.24912477657198906  Train L2 Loss :  11.137210014538887
Epoch :  188  Epoch time :  0.2478170869871974  Train L2 Loss :  11.218953927357992
Epoch :  189  Epoch time :  0.24794574547559023  Train L2 Loss :  11.298686858935234
Epoch :  190  Epoch time :  0.2475695200264454  Train L2 Loss :  11.555219283470741
Epoch :  191  Epoch time :  0.2475116066634655  Train L2 Loss :  11.399883172450922
Epoch :  192  Epoch time :  0.24751880019903183  Train L2 Loss :  11.44437390107375
Epoch :  193  Epoch time :  0.24653587583452463  Train L2 Loss :  11.077081411312788
Epoch :  194  Epoch time :  0.24918961245566607  Train L2 Loss :  10.960098144335625
Epoch :  195  Epoch time :  0.24894461687654257  Train L2 Loss :  10.806263006650484
Epoch :  196  Epoch time :  0.24907617922872305  Train L2 Loss :  11.26651260180351
Epoch :  197  Epoch time :  0.24939436092972755  Train L2 Loss :  11.19755664238563
Epoch :  198  Epoch time :  0.2522615185007453  Train L2 Loss :  11.152234236399332
Epoch :  199  Epoch time :  0.24980747140944004  Train L2 Loss :  11.386168602185371
Total time is : 49.4687788952142 Total epoch is  200
