Input dim :  201  output dim :  1
Start training 
629249
Epoch :  0  Epoch time :  0.4262694790959358  Train L2 Loss :  195.17061399802182
Epoch :  1  Epoch time :  0.2705310666933656  Train L2 Loss :  136.13609313964844
Epoch :  2  Epoch time :  0.25271983817219734  Train L2 Loss :  73.23885130270934
Epoch :  3  Epoch time :  0.25277954898774624  Train L2 Loss :  58.07123154860277
Epoch :  4  Epoch time :  0.25599193200469017  Train L2 Loss :  48.615724661411384
Epoch :  5  Epoch time :  0.2555931340903044  Train L2 Loss :  43.84072748819987
Epoch :  6  Epoch time :  0.25835238210856915  Train L2 Loss :  41.88262391701723
Epoch :  7  Epoch time :  0.24884528946131468  Train L2 Loss :  38.46151987711588
Epoch :  8  Epoch time :  0.2625395627692342  Train L2 Loss :  36.22704026637933
Epoch :  9  Epoch time :  0.26403914485126734  Train L2 Loss :  34.080562151395355
Epoch :  10  Epoch time :  0.259238219819963  Train L2 Loss :  35.87773191011869
Epoch :  11  Epoch time :  0.2615571329370141  Train L2 Loss :  32.87729004101875
Epoch :  12  Epoch time :  0.25090719759464264  Train L2 Loss :  32.220554938683144
Epoch :  13  Epoch time :  0.2507077008485794  Train L2 Loss :  31.167235349997497
Epoch :  14  Epoch time :  0.2575959712266922  Train L2 Loss :  29.917267188047752
Epoch :  15  Epoch time :  0.2600084636360407  Train L2 Loss :  30.378921802227314
Epoch :  16  Epoch time :  0.2494048597291112  Train L2 Loss :  30.549264565492287
Epoch :  17  Epoch time :  0.2510252417996526  Train L2 Loss :  29.427267759274212
Epoch :  18  Epoch time :  0.25581979751586914  Train L2 Loss :  28.618365092155262
Epoch :  19  Epoch time :  0.24961946345865726  Train L2 Loss :  29.677656564957058
Epoch :  20  Epoch time :  0.25274263694882393  Train L2 Loss :  28.848796893388798
Epoch :  21  Epoch time :  0.2510131821036339  Train L2 Loss :  27.270043397561096
Epoch :  22  Epoch time :  0.25837781745940447  Train L2 Loss :  26.211314274714542
Epoch :  23  Epoch time :  0.25061981193721294  Train L2 Loss :  27.92144164060935
Epoch :  24  Epoch time :  0.25418489519506693  Train L2 Loss :  25.39900107261462
Epoch :  25  Epoch time :  0.2492834571748972  Train L2 Loss :  25.281030165843475
Epoch :  26  Epoch time :  0.24780320655554533  Train L2 Loss :  23.790809680254032
Epoch :  27  Epoch time :  0.24737049732357264  Train L2 Loss :  25.02939400306115
Epoch :  28  Epoch time :  0.24684578645974398  Train L2 Loss :  24.896342791043796
Epoch :  29  Epoch time :  0.2568413568660617  Train L2 Loss :  25.821913499098557
Epoch :  30  Epoch time :  0.25044873636215925  Train L2 Loss :  26.71757360605093
Epoch :  31  Epoch time :  0.24765219166874886  Train L2 Loss :  22.03064140906701
Epoch :  32  Epoch time :  0.24761845730245113  Train L2 Loss :  22.8968202150785
Epoch :  33  Epoch time :  0.24881205800920725  Train L2 Loss :  22.96102704757299
Epoch :  34  Epoch time :  0.25358322635293007  Train L2 Loss :  23.13675014789288
Epoch :  35  Epoch time :  0.24834243766963482  Train L2 Loss :  24.3753050779685
Epoch :  36  Epoch time :  0.24988686759024858  Train L2 Loss :  22.625348213391426
Epoch :  37  Epoch time :  0.24951625242829323  Train L2 Loss :  21.44315306345622
Epoch :  38  Epoch time :  0.24813105445355177  Train L2 Loss :  22.072341649960247
Epoch :  39  Epoch time :  0.2496214946731925  Train L2 Loss :  21.7362094047742
Epoch :  40  Epoch time :  0.24706604704260826  Train L2 Loss :  24.13825807815943
Epoch :  41  Epoch time :  0.2487626140937209  Train L2 Loss :  22.880232077378494
Epoch :  42  Epoch time :  0.24868348147720098  Train L2 Loss :  21.267974217732746
Epoch :  43  Epoch time :  0.25204954855144024  Train L2 Loss :  20.820465087890625
Epoch :  44  Epoch time :  0.25662682577967644  Train L2 Loss :  19.603097230960163
Epoch :  45  Epoch time :  0.25277415104210377  Train L2 Loss :  20.377479797754532
Epoch :  46  Epoch time :  0.2487507238984108  Train L2 Loss :  21.810438694098057
Epoch :  47  Epoch time :  0.2546293828636408  Train L2 Loss :  20.495531473404323
Epoch :  48  Epoch time :  0.24843502882868052  Train L2 Loss :  20.75644639822153
Epoch :  49  Epoch time :  0.2488445434719324  Train L2 Loss :  20.623626611171623
Epoch :  50  Epoch time :  0.24859743006527424  Train L2 Loss :  20.82888686351287
Epoch :  51  Epoch time :  0.25720332749187946  Train L2 Loss :  18.489977323091946
Epoch :  52  Epoch time :  0.2548856260254979  Train L2 Loss :  19.496662384424454
Epoch :  53  Epoch time :  0.24932573083788157  Train L2 Loss :  19.89033946012839
Epoch :  54  Epoch time :  0.2507122037932277  Train L2 Loss :  19.416617686931904
Epoch :  55  Epoch time :  0.24891169741749763  Train L2 Loss :  20.26174770257412
Epoch :  56  Epoch time :  0.2497398452833295  Train L2 Loss :  19.795250770373222
Epoch :  57  Epoch time :  0.25052619352936745  Train L2 Loss :  19.64529597453582
Epoch :  58  Epoch time :  0.2521288488060236  Train L2 Loss :  18.868752259474533
Epoch :  59  Epoch time :  0.249891871586442  Train L2 Loss :  20.43791856521215
Epoch :  60  Epoch time :  0.24984663724899292  Train L2 Loss :  20.141845360780373
Epoch :  61  Epoch time :  0.24973428715020418  Train L2 Loss :  18.225753392928684
Epoch :  62  Epoch time :  0.2511789770796895  Train L2 Loss :  18.443553631122295
Epoch :  63  Epoch time :  0.2957614567130804  Train L2 Loss :  19.20497835599459
Epoch :  64  Epoch time :  0.2774343118071556  Train L2 Loss :  20.44998144492125
Epoch :  65  Epoch time :  0.2555758757516742  Train L2 Loss :  19.175550778706867
Epoch :  66  Epoch time :  0.2569543970748782  Train L2 Loss :  19.13862111018254
Epoch :  67  Epoch time :  0.2512324033305049  Train L2 Loss :  19.09793540758964
Epoch :  68  Epoch time :  0.2527469517663121  Train L2 Loss :  18.174589597261868
Epoch :  69  Epoch time :  0.2510765017941594  Train L2 Loss :  18.41485708187788
Epoch :  70  Epoch time :  0.25008526537567377  Train L2 Loss :  19.7814878317026
Epoch :  71  Epoch time :  0.2504476821050048  Train L2 Loss :  18.726273658948067
Epoch :  72  Epoch time :  0.2517185304313898  Train L2 Loss :  17.72818822127122
Epoch :  73  Epoch time :  0.2604565303772688  Train L2 Loss :  18.882129767002205
Epoch :  74  Epoch time :  0.25104178953915834  Train L2 Loss :  17.872784443390675
Epoch :  75  Epoch time :  0.2503161942586303  Train L2 Loss :  17.850500180171085
Epoch :  76  Epoch time :  0.24896649550646544  Train L2 Loss :  18.05046565716083
Epoch :  77  Epoch time :  0.2513217804953456  Train L2 Loss :  18.327658971150715
Epoch :  78  Epoch time :  0.25058977771550417  Train L2 Loss :  18.281909184578137
Epoch :  79  Epoch time :  0.25356100406497717  Train L2 Loss :  18.830434921460274
Epoch :  80  Epoch time :  0.25407326221466064  Train L2 Loss :  18.176845892881737
Epoch :  81  Epoch time :  0.25594535283744335  Train L2 Loss :  17.870312250577488
Epoch :  82  Epoch time :  0.2507511302828789  Train L2 Loss :  17.620547465789013
Epoch :  83  Epoch time :  0.2541104545816779  Train L2 Loss :  18.498221177321213
Epoch :  84  Epoch time :  0.2558881724253297  Train L2 Loss :  17.44514854137714
Epoch :  85  Epoch time :  0.2520477809011936  Train L2 Loss :  17.580937165480393
Epoch :  86  Epoch time :  0.2514080237597227  Train L2 Loss :  18.30600264133551
Epoch :  87  Epoch time :  0.25177691224962473  Train L2 Loss :  17.613791490212463
Epoch :  88  Epoch time :  0.25064221024513245  Train L2 Loss :  16.914086390764286
Epoch :  89  Epoch time :  0.2517281137406826  Train L2 Loss :  17.066351083608772
Epoch :  90  Epoch time :  0.25235691014677286  Train L2 Loss :  17.062625958369328
Epoch :  91  Epoch time :  0.2512801606208086  Train L2 Loss :  18.353451875539925
Epoch :  92  Epoch time :  0.2514073234051466  Train L2 Loss :  16.6651972257174
Epoch :  93  Epoch time :  0.2555601689964533  Train L2 Loss :  18.30177554106101
Epoch :  94  Epoch time :  0.2555651171132922  Train L2 Loss :  16.65189240528987
Epoch :  95  Epoch time :  0.25682503171265125  Train L2 Loss :  17.287375914744842
Epoch :  96  Epoch time :  0.25864754524081945  Train L2 Loss :  17.371139942071377
Epoch :  97  Epoch time :  0.2566785244271159  Train L2 Loss :  16.445913657163963
Epoch :  98  Epoch time :  0.2571861669421196  Train L2 Loss :  16.56167130592542
Epoch :  99  Epoch time :  0.25770234409719706  Train L2 Loss :  16.55747980949206
Epoch :  100  Epoch time :  0.25716186687350273  Train L2 Loss :  12.558688432742388
Epoch :  101  Epoch time :  0.2581605212762952  Train L2 Loss :  11.053661639873798
Epoch :  102  Epoch time :  0.2587372111156583  Train L2 Loss :  10.594003762954321
Epoch :  103  Epoch time :  0.26479553896933794  Train L2 Loss :  10.812696628081493
Epoch :  104  Epoch time :  0.256393670104444  Train L2 Loss :  10.77045257274921
Epoch :  105  Epoch time :  0.25656077172607183  Train L2 Loss :  11.425848924196684
Epoch :  106  Epoch time :  0.25185433868318796  Train L2 Loss :  11.320393586770082
Epoch :  107  Epoch time :  0.25456484872847795  Train L2 Loss :  11.42586255684877
Epoch :  108  Epoch time :  0.2540818639099598  Train L2 Loss :  11.189136456220577
Epoch :  109  Epoch time :  0.25061487685889006  Train L2 Loss :  11.140292962392172
Epoch :  110  Epoch time :  0.25120562594383955  Train L2 Loss :  11.335474234360914
Epoch :  111  Epoch time :  0.25137911550700665  Train L2 Loss :  11.54059938284067
Epoch :  112  Epoch time :  0.2509617870673537  Train L2 Loss :  11.421699670644907
Epoch :  113  Epoch time :  0.25160963274538517  Train L2 Loss :  11.952827588105814
Epoch :  114  Epoch time :  0.2530790027230978  Train L2 Loss :  11.256405463585487
Epoch :  115  Epoch time :  0.2515355693176389  Train L2 Loss :  11.090951992915226
Epoch :  116  Epoch time :  0.25261625181883574  Train L2 Loss :  10.922003868298653
Epoch :  117  Epoch time :  0.25264878664165735  Train L2 Loss :  11.08247500199538
Epoch :  118  Epoch time :  0.25276043359190226  Train L2 Loss :  11.279494799100435
Epoch :  119  Epoch time :  0.2531129093840718  Train L2 Loss :  11.076228496355888
Epoch :  120  Epoch time :  0.25331519916653633  Train L2 Loss :  10.97967799504598
Epoch :  121  Epoch time :  0.2532032225281  Train L2 Loss :  11.590309534317408
Epoch :  122  Epoch time :  0.31149692740291357  Train L2 Loss :  11.276434825016903
Epoch :  123  Epoch time :  0.3045812174677849  Train L2 Loss :  11.419453278566019
Epoch :  124  Epoch time :  0.25304834730923176  Train L2 Loss :  10.811862309773764
Epoch :  125  Epoch time :  0.25282347574830055  Train L2 Loss :  11.228783265138285
Epoch :  126  Epoch time :  0.252790667116642  Train L2 Loss :  11.324781026595678
Epoch :  127  Epoch time :  0.2535176733508706  Train L2 Loss :  11.429773709712885
Epoch :  128  Epoch time :  0.2518727779388428  Train L2 Loss :  10.773781629709097
Epoch :  129  Epoch time :  0.25360903423279524  Train L2 Loss :  11.384493094224196
Epoch :  130  Epoch time :  0.2530593881383538  Train L2 Loss :  11.195219541207338
Epoch :  131  Epoch time :  0.25284715462476015  Train L2 Loss :  11.349784875527407
Epoch :  132  Epoch time :  0.25281455647200346  Train L2 Loss :  10.876476948077862
Epoch :  133  Epoch time :  0.25212750025093555  Train L2 Loss :  10.932394810211964
Epoch :  134  Epoch time :  0.2531100055202842  Train L2 Loss :  11.158305950653858
Epoch :  135  Epoch time :  0.25367352180182934  Train L2 Loss :  10.83610246120355
Epoch :  136  Epoch time :  0.2527316566556692  Train L2 Loss :  11.14327711936755
Epoch :  137  Epoch time :  0.25388386007398367  Train L2 Loss :  11.00455421056503
Epoch :  138  Epoch time :  0.2538807578384876  Train L2 Loss :  10.448161907685108
Epoch :  139  Epoch time :  0.2530757151544094  Train L2 Loss :  10.797999100807386
Epoch :  140  Epoch time :  0.2539071012288332  Train L2 Loss :  11.42609141423152
Epoch :  141  Epoch time :  0.2575602447614074  Train L2 Loss :  11.331497229062593
Epoch :  142  Epoch time :  0.25379911437630653  Train L2 Loss :  11.281394665057842
Epoch :  143  Epoch time :  0.25403877068310976  Train L2 Loss :  11.204421141208746
Epoch :  144  Epoch time :  0.25507284514606  Train L2 Loss :  10.993897535862066
Epoch :  145  Epoch time :  0.2566231582313776  Train L2 Loss :  10.867793645614233
Epoch :  146  Epoch time :  0.2518900418654084  Train L2 Loss :  10.446581326998198
Epoch :  147  Epoch time :  0.25252328999340534  Train L2 Loss :  11.2844054882343
Epoch :  148  Epoch time :  0.25106252543628216  Train L2 Loss :  10.935085418896797
Epoch :  149  Epoch time :  0.25220141001045704  Train L2 Loss :  10.298124068822617
Epoch :  150  Epoch time :  0.25216598715633154  Train L2 Loss :  11.240347715524527
Epoch :  151  Epoch time :  0.25180493760854006  Train L2 Loss :  11.44249230164748
Epoch :  152  Epoch time :  0.25315596256405115  Train L2 Loss :  11.189997721941044
Epoch :  153  Epoch time :  0.2628537770360708  Train L2 Loss :  10.478809625674517
Epoch :  154  Epoch time :  0.25262081902474165  Train L2 Loss :  10.664141899500137
Epoch :  155  Epoch time :  0.2537381099537015  Train L2 Loss :  11.239697920970428
Epoch :  156  Epoch time :  0.25445826817303896  Train L2 Loss :  10.632045953701704
Epoch :  157  Epoch time :  0.25340651348233223  Train L2 Loss :  11.029741580669697
Epoch :  158  Epoch time :  0.25419212877750397  Train L2 Loss :  10.802241423191168
Epoch :  159  Epoch time :  0.25486740097403526  Train L2 Loss :  10.69883822172116
Epoch :  160  Epoch time :  0.2535378569737077  Train L2 Loss :  10.442045541910025
Epoch :  161  Epoch time :  0.2548287259414792  Train L2 Loss :  10.878148714701334
Epoch :  162  Epoch time :  0.2624678947031498  Train L2 Loss :  11.635506214239658
Epoch :  163  Epoch time :  0.2546059740707278  Train L2 Loss :  10.646164307227501
Epoch :  164  Epoch time :  0.25498724915087223  Train L2 Loss :  10.308596073052822
Epoch :  165  Epoch time :  0.2552953939884901  Train L2 Loss :  10.763656200506748
Epoch :  166  Epoch time :  0.2544011250138283  Train L2 Loss :  11.212371948437813
Epoch :  167  Epoch time :  0.25525018759071827  Train L2 Loss :  10.5062283491477
Epoch :  168  Epoch time :  0.25551329646259546  Train L2 Loss :  10.538718565916403
Epoch :  169  Epoch time :  0.2540320670232177  Train L2 Loss :  10.640361260145138
Epoch :  170  Epoch time :  0.2544328644871712  Train L2 Loss :  10.982269678360376
Epoch :  171  Epoch time :  0.25941187981516123  Train L2 Loss :  10.622824607751308
Epoch :  172  Epoch time :  0.256363014690578  Train L2 Loss :  10.450156884315687
Epoch :  173  Epoch time :  0.25847005657851696  Train L2 Loss :  10.954517022157328
Epoch :  174  Epoch time :  0.2554029282182455  Train L2 Loss :  11.020464970515324
Epoch :  175  Epoch time :  0.25717823300510645  Train L2 Loss :  10.852589313800518
Epoch :  176  Epoch time :  0.25818789564073086  Train L2 Loss :  10.096432270147861
Epoch :  177  Epoch time :  0.2592052761465311  Train L2 Loss :  10.399668363424448
Epoch :  178  Epoch time :  0.2544102882966399  Train L2 Loss :  10.958494883317213
Epoch :  179  Epoch time :  0.25554941315203905  Train L2 Loss :  10.671544784154648
Epoch :  180  Epoch time :  0.2550381999462843  Train L2 Loss :  10.684054411374605
Epoch :  181  Epoch time :  0.3516165902838111  Train L2 Loss :  10.492956454937275
Epoch :  182  Epoch time :  0.30213210452347994  Train L2 Loss :  10.123458691132374
Epoch :  183  Epoch time :  0.2563123209401965  Train L2 Loss :  10.301013946533203
Epoch :  184  Epoch time :  0.25832662731409073  Train L2 Loss :  11.1738496193519
Epoch :  185  Epoch time :  0.2578712096437812  Train L2 Loss :  10.311871443039331
Epoch :  186  Epoch time :  0.2589614186435938  Train L2 Loss :  9.983044868860489
Epoch :  187  Epoch time :  0.25750661827623844  Train L2 Loss :  10.306202961848332
Epoch :  188  Epoch time :  0.25522285234183073  Train L2 Loss :  10.571687551645132
Epoch :  189  Epoch time :  0.2573033170774579  Train L2 Loss :  10.45448418152638
Epoch :  190  Epoch time :  0.25460456497967243  Train L2 Loss :  10.486705731122921
Epoch :  191  Epoch time :  0.2555498508736491  Train L2 Loss :  10.205804140139849
Epoch :  192  Epoch time :  0.2552829161286354  Train L2 Loss :  10.16322126144018
Epoch :  193  Epoch time :  0.25505921617150307  Train L2 Loss :  9.651706866728954
Epoch :  194  Epoch time :  0.25590308755636215  Train L2 Loss :  9.841381647647955
Epoch :  195  Epoch time :  0.25614461954683065  Train L2 Loss :  10.418254265418419
Epoch :  196  Epoch time :  0.25483828224241734  Train L2 Loss :  9.912087318224785
Epoch :  197  Epoch time :  0.25563671067357063  Train L2 Loss :  10.135435740152994
Epoch :  198  Epoch time :  0.2561212796717882  Train L2 Loss :  10.506228960477388
Epoch :  199  Epoch time :  0.25464473851025105  Train L2 Loss :  10.401467225490473
Total time is : 51.26127628143877 Total epoch is  200
