Input dim :  201  output dim :  1
Start training 
21313
Epoch :  0  Epoch time :  0.41453142650425434  Train L2 Loss :  198.59581345778244
Epoch :  1  Epoch time :  0.2688655583187938  Train L2 Loss :  194.12679858085437
Epoch :  2  Epoch time :  0.24695981480181217  Train L2 Loss :  180.79913799579327
Epoch :  3  Epoch time :  0.2507510809227824  Train L2 Loss :  134.28045419546274
Epoch :  4  Epoch time :  0.25174473598599434  Train L2 Loss :  95.98560802753155
Epoch :  5  Epoch time :  0.2547373687848449  Train L2 Loss :  72.95069357065054
Epoch :  6  Epoch time :  0.24961410090327263  Train L2 Loss :  61.06737547654372
Epoch :  7  Epoch time :  0.2440767902880907  Train L2 Loss :  54.04906189747346
Epoch :  8  Epoch time :  0.24676017742604017  Train L2 Loss :  49.22140786586664
Epoch :  9  Epoch time :  0.24717870261520147  Train L2 Loss :  46.227001483623795
Epoch :  10  Epoch time :  0.24652056861668825  Train L2 Loss :  44.3408871675149
Epoch :  11  Epoch time :  0.24714392609894276  Train L2 Loss :  42.487640380859375
Epoch :  12  Epoch time :  0.24719142355024815  Train L2 Loss :  40.55782714256873
Epoch :  13  Epoch time :  0.2448082910850644  Train L2 Loss :  39.2252428103716
Epoch :  14  Epoch time :  0.24880847334861755  Train L2 Loss :  37.55983196160732
Epoch :  15  Epoch time :  0.24760493263602257  Train L2 Loss :  36.88378162873097
Epoch :  16  Epoch time :  0.24749854765832424  Train L2 Loss :  35.097007849277595
Epoch :  17  Epoch time :  0.2486459705978632  Train L2 Loss :  35.20805402902457
Epoch :  18  Epoch time :  0.2536975247785449  Train L2 Loss :  34.37179531195225
Epoch :  19  Epoch time :  0.25064296647906303  Train L2 Loss :  33.66526373838767
Epoch :  20  Epoch time :  0.2475964529439807  Train L2 Loss :  33.20249129564334
Epoch :  21  Epoch time :  0.24808098282665014  Train L2 Loss :  32.76223158225035
Epoch :  22  Epoch time :  0.2489737682044506  Train L2 Loss :  31.79404283181215
Epoch :  23  Epoch time :  0.2645783005282283  Train L2 Loss :  31.14708626575959
Epoch :  24  Epoch time :  0.2475025737658143  Train L2 Loss :  31.457480846307217
Epoch :  25  Epoch time :  0.24588586017489433  Train L2 Loss :  30.66099382058168
Epoch :  26  Epoch time :  0.24752965569496155  Train L2 Loss :  30.760193457970253
Epoch :  27  Epoch time :  0.2507449872791767  Train L2 Loss :  29.83543650309245
Epoch :  28  Epoch time :  0.245904678478837  Train L2 Loss :  30.587216108273235
Epoch :  29  Epoch time :  0.24956573266535997  Train L2 Loss :  28.69042834257468
Epoch :  30  Epoch time :  0.2538499580696225  Train L2 Loss :  28.783705344566933
Epoch :  31  Epoch time :  0.2457706406712532  Train L2 Loss :  28.525159517923992
Epoch :  32  Epoch time :  0.25483752880245447  Train L2 Loss :  27.495074345515324
Epoch :  33  Epoch time :  0.2483111647889018  Train L2 Loss :  26.81406417259803
Epoch :  34  Epoch time :  0.24666599556803703  Train L2 Loss :  27.07595228537535
Epoch :  35  Epoch time :  0.24649749509990215  Train L2 Loss :  27.77946051573142
Epoch :  36  Epoch time :  0.24659783020615578  Train L2 Loss :  26.89255538353553
Epoch :  37  Epoch time :  0.2472785422578454  Train L2 Loss :  26.18522966825045
Epoch :  38  Epoch time :  0.24823958985507488  Train L2 Loss :  25.78888736627041
Epoch :  39  Epoch time :  0.24907874036580324  Train L2 Loss :  25.340845010219475
Epoch :  40  Epoch time :  0.24581452459096909  Train L2 Loss :  25.847483903933796
Epoch :  41  Epoch time :  0.24647184647619724  Train L2 Loss :  25.64327039474096
Epoch :  42  Epoch time :  0.24677118752151728  Train L2 Loss :  25.632918431208683
Epoch :  43  Epoch time :  0.245011854916811  Train L2 Loss :  25.150403609642616
Epoch :  44  Epoch time :  0.2467433661222458  Train L2 Loss :  24.648048009627903
Epoch :  45  Epoch time :  0.2480103326961398  Train L2 Loss :  24.281442568852352
Epoch :  46  Epoch time :  0.24750668182969093  Train L2 Loss :  24.68348522675343
Epoch :  47  Epoch time :  0.25315238256007433  Train L2 Loss :  25.14832369486491
Epoch :  48  Epoch time :  0.24762218445539474  Train L2 Loss :  24.13853867848714
Epoch :  49  Epoch time :  0.24688200280070305  Train L2 Loss :  24.24406971075596
Epoch :  50  Epoch time :  0.24754808004945517  Train L2 Loss :  23.80952414488181
Epoch :  51  Epoch time :  0.2471023639664054  Train L2 Loss :  24.036417594322792
Epoch :  52  Epoch time :  0.2477892804890871  Train L2 Loss :  23.692129770914715
Epoch :  53  Epoch time :  0.2467876048758626  Train L2 Loss :  22.82291094462077
Epoch :  54  Epoch time :  0.24921051133424044  Train L2 Loss :  23.09873776558118
Epoch :  55  Epoch time :  0.246238281019032  Train L2 Loss :  22.772017845740685
Epoch :  56  Epoch time :  0.24776618368923664  Train L2 Loss :  23.018586232112003
Epoch :  57  Epoch time :  0.24781012628227472  Train L2 Loss :  23.172100116045048
Epoch :  58  Epoch time :  0.2513365298509598  Train L2 Loss :  22.162842237032375
Epoch :  59  Epoch time :  0.24762393161654472  Train L2 Loss :  22.80788098848783
Epoch :  60  Epoch time :  0.25134542398154736  Train L2 Loss :  22.582746921441494
Epoch :  61  Epoch time :  0.2470863377675414  Train L2 Loss :  22.394655838990822
Epoch :  62  Epoch time :  0.248021119274199  Train L2 Loss :  22.81696676596617
Epoch :  63  Epoch time :  0.247240643016994  Train L2 Loss :  21.987130067287346
Epoch :  64  Epoch time :  0.24677155259996653  Train L2 Loss :  22.057614155304737
Epoch :  65  Epoch time :  0.24736547842621803  Train L2 Loss :  21.518196252676155
Epoch :  66  Epoch time :  0.25114128086715937  Train L2 Loss :  21.550942689944538
Epoch :  67  Epoch time :  0.2500528460368514  Train L2 Loss :  22.652872623541416
Epoch :  68  Epoch time :  0.24740445893257856  Train L2 Loss :  22.383577102269882
Epoch :  69  Epoch time :  0.25319100730121136  Train L2 Loss :  21.497874700106106
Epoch :  70  Epoch time :  0.24882156867533922  Train L2 Loss :  20.578799614539513
Epoch :  71  Epoch time :  0.24783370830118656  Train L2 Loss :  20.72018792079045
Epoch :  72  Epoch time :  0.24778649862855673  Train L2 Loss :  20.797020789904472
Epoch :  73  Epoch time :  0.24926307424902916  Train L2 Loss :  21.152836530636517
Epoch :  74  Epoch time :  0.2557370653375983  Train L2 Loss :  19.98585696098132
Epoch :  75  Epoch time :  0.25636397302150726  Train L2 Loss :  20.51318427843925
Epoch :  76  Epoch time :  0.2605681512504816  Train L2 Loss :  20.905226731911682
Epoch :  77  Epoch time :  0.2529829302802682  Train L2 Loss :  21.063997317583134
Epoch :  78  Epoch time :  0.2579694213345647  Train L2 Loss :  20.46453387920673
Epoch :  79  Epoch time :  0.24635084811598063  Train L2 Loss :  20.25773415198693
Epoch :  80  Epoch time :  0.24607005435973406  Train L2 Loss :  20.003187424097305
Epoch :  81  Epoch time :  0.2536592446267605  Train L2 Loss :  19.85052216358674
Epoch :  82  Epoch time :  0.2596043311059475  Train L2 Loss :  20.30444509555132
Epoch :  83  Epoch time :  0.25199303589761257  Train L2 Loss :  20.247696485274876
Epoch :  84  Epoch time :  0.25357303488999605  Train L2 Loss :  19.939241164769882
Epoch :  85  Epoch time :  0.24987414944916964  Train L2 Loss :  20.689957447541065
Epoch :  86  Epoch time :  0.25514767225831747  Train L2 Loss :  20.616316942068245
Epoch :  87  Epoch time :  0.2499546092003584  Train L2 Loss :  20.212126560700245
Epoch :  88  Epoch time :  0.2504661465063691  Train L2 Loss :  20.930682842548077
Epoch :  89  Epoch time :  0.2513440987095237  Train L2 Loss :  20.376071783212517
Epoch :  90  Epoch time :  0.2502484852448106  Train L2 Loss :  19.348165047474396
Epoch :  91  Epoch time :  0.24776951875537634  Train L2 Loss :  19.634208214588654
Epoch :  92  Epoch time :  0.25009876023977995  Train L2 Loss :  19.199803792513332
Epoch :  93  Epoch time :  0.2506580287590623  Train L2 Loss :  19.600776256659092
Epoch :  94  Epoch time :  0.2552194111049175  Train L2 Loss :  18.9848565810766
Epoch :  95  Epoch time :  0.26083365455269814  Train L2 Loss :  18.880697837242714
Epoch :  96  Epoch time :  0.2622058754786849  Train L2 Loss :  19.48917071024577
Epoch :  97  Epoch time :  0.2575106704607606  Train L2 Loss :  19.243015460478954
Epoch :  98  Epoch time :  0.25707827787846327  Train L2 Loss :  18.653695130959534
Epoch :  99  Epoch time :  0.24753035325556993  Train L2 Loss :  18.677142705672825
Epoch :  100  Epoch time :  0.249436030164361  Train L2 Loss :  16.1390205285488
Epoch :  101  Epoch time :  0.2592857964336872  Train L2 Loss :  15.205893858885153
Epoch :  102  Epoch time :  0.251910082064569  Train L2 Loss :  15.265611624106382
Epoch :  103  Epoch time :  0.2513546831905842  Train L2 Loss :  14.987847768343412
Epoch :  104  Epoch time :  0.2530994024127722  Train L2 Loss :  14.912176083295773
Epoch :  105  Epoch time :  0.25217844545841217  Train L2 Loss :  14.927475880353878
Epoch :  106  Epoch time :  0.25147818867117167  Train L2 Loss :  14.94411248427171
Epoch :  107  Epoch time :  0.2530179154127836  Train L2 Loss :  15.057515633411896
Epoch :  108  Epoch time :  0.2514341687783599  Train L2 Loss :  14.855546315511068
Epoch :  109  Epoch time :  0.24829395674169064  Train L2 Loss :  14.88982697022267
Epoch :  110  Epoch time :  0.24700228590518236  Train L2 Loss :  14.807068849221254
Epoch :  111  Epoch time :  0.2518932931125164  Train L2 Loss :  14.85140497256548
Epoch :  112  Epoch time :  0.24654692597687244  Train L2 Loss :  14.704267624096993
Epoch :  113  Epoch time :  0.24701252672821283  Train L2 Loss :  14.631526531317295
Epoch :  114  Epoch time :  0.2468988047912717  Train L2 Loss :  14.890674664424015
Epoch :  115  Epoch time :  0.24879327695816755  Train L2 Loss :  14.923292477925619
Epoch :  116  Epoch time :  0.2464488735422492  Train L2 Loss :  14.6834349999061
Epoch :  117  Epoch time :  0.25102202128618956  Train L2 Loss :  14.707940688500038
Epoch :  118  Epoch time :  0.24674367159605026  Train L2 Loss :  14.739458401997885
Epoch :  119  Epoch time :  0.24684396013617516  Train L2 Loss :  14.630960513383915
Epoch :  120  Epoch time :  0.24787791538983583  Train L2 Loss :  14.585257371266684
Epoch :  121  Epoch time :  0.2467363653704524  Train L2 Loss :  14.370173087486855
Epoch :  122  Epoch time :  0.24731699842959642  Train L2 Loss :  14.295056147453112
Epoch :  123  Epoch time :  0.24882704857736826  Train L2 Loss :  14.31890135544997
Epoch :  124  Epoch time :  0.2472207136452198  Train L2 Loss :  14.467028397780199
Epoch :  125  Epoch time :  0.24776281509548426  Train L2 Loss :  14.647853264441856
Epoch :  126  Epoch time :  0.2473150584846735  Train L2 Loss :  14.694016114259378
Epoch :  127  Epoch time :  0.24674766138195992  Train L2 Loss :  14.654859469487118
Epoch :  128  Epoch time :  0.2468162216246128  Train L2 Loss :  14.264444180023975
Epoch :  129  Epoch time :  0.24767454154789448  Train L2 Loss :  14.662169945545685
Epoch :  130  Epoch time :  0.24673760496079922  Train L2 Loss :  14.700758909567808
Epoch :  131  Epoch time :  0.2471152013167739  Train L2 Loss :  14.203933324569311
Epoch :  132  Epoch time :  0.24881904292851686  Train L2 Loss :  14.016251429533346
Epoch :  133  Epoch time :  0.24904110562056303  Train L2 Loss :  14.636461624732384
Epoch :  134  Epoch time :  0.24780900683254004  Train L2 Loss :  13.989278475443522
Epoch :  135  Epoch time :  0.24839355424046516  Train L2 Loss :  13.926631120535044
Epoch :  136  Epoch time :  0.24713968764990568  Train L2 Loss :  13.976567659622583
Epoch :  137  Epoch time :  0.24962854199111462  Train L2 Loss :  13.77355773632343
Epoch :  138  Epoch time :  0.2477843426167965  Train L2 Loss :  13.978613070952587
Epoch :  139  Epoch time :  0.24739185441285372  Train L2 Loss :  13.746669157957419
Epoch :  140  Epoch time :  0.2475368743762374  Train L2 Loss :  13.843660990397135
Epoch :  141  Epoch time :  0.24892824981361628  Train L2 Loss :  13.936595794482109
Epoch :  142  Epoch time :  0.24767794739454985  Train L2 Loss :  13.964105398227007
Epoch :  143  Epoch time :  0.24810324236750603  Train L2 Loss :  13.737574076041197
Epoch :  144  Epoch time :  0.2515798769891262  Train L2 Loss :  13.581948133615347
Epoch :  145  Epoch time :  0.24719118885695934  Train L2 Loss :  13.64162228657649
Epoch :  146  Epoch time :  0.24666854366660118  Train L2 Loss :  13.817403035286146
Epoch :  147  Epoch time :  0.24818895757198334  Train L2 Loss :  13.697886100182167
Epoch :  148  Epoch time :  0.2472108704969287  Train L2 Loss :  13.857855307750214
Epoch :  149  Epoch time :  0.24823408480733633  Train L2 Loss :  13.719010695433004
Epoch :  150  Epoch time :  0.2557014115154743  Train L2 Loss :  13.728178171011118
Epoch :  151  Epoch time :  0.2516799457371235  Train L2 Loss :  13.55493376805232
Epoch :  152  Epoch time :  0.24830085784196854  Train L2 Loss :  14.003677661602314
Epoch :  153  Epoch time :  0.24878696631640196  Train L2 Loss :  13.59975039653289
Epoch :  154  Epoch time :  0.24745924957096577  Train L2 Loss :  13.754957468081743
Epoch :  155  Epoch time :  0.25718184374272823  Train L2 Loss :  13.278463620405931
Epoch :  156  Epoch time :  0.24930002260953188  Train L2 Loss :  13.283004467303936
Epoch :  157  Epoch time :  0.24776807613670826  Train L2 Loss :  13.542781120691544
Epoch :  158  Epoch time :  0.2510581202805042  Train L2 Loss :  13.86108855712108
Epoch :  159  Epoch time :  0.2516981866210699  Train L2 Loss :  13.85577708024245
Epoch :  160  Epoch time :  0.24809647351503372  Train L2 Loss :  13.477123505029923
Epoch :  161  Epoch time :  0.24807653855532408  Train L2 Loss :  13.363439046419584
Epoch :  162  Epoch time :  0.24893006961792707  Train L2 Loss :  13.707801525409405
Epoch :  163  Epoch time :  0.24669703841209412  Train L2 Loss :  13.924524625142416
Epoch :  164  Epoch time :  0.2488483777269721  Train L2 Loss :  13.195778748927973
Epoch :  165  Epoch time :  0.2492138920351863  Train L2 Loss :  12.972785362830528
Epoch :  166  Epoch time :  0.24955972470343113  Train L2 Loss :  13.448463537754156
Epoch :  167  Epoch time :  0.24947178084403276  Train L2 Loss :  13.493602899404673
Epoch :  168  Epoch time :  0.2490337062627077  Train L2 Loss :  13.335249680739183
Epoch :  169  Epoch time :  0.2480205176398158  Train L2 Loss :  13.387635475549942
Epoch :  170  Epoch time :  0.24903891328722239  Train L2 Loss :  13.273034853812975
Epoch :  171  Epoch time :  0.24912369064986706  Train L2 Loss :  13.456214391268217
Epoch :  172  Epoch time :  0.24989734403789043  Train L2 Loss :  13.21387696877504
Epoch :  173  Epoch time :  0.24931566044688225  Train L2 Loss :  13.023285205547626
Epoch :  174  Epoch time :  0.25235031452029943  Train L2 Loss :  12.782179111089462
Epoch :  175  Epoch time :  0.24882569164037704  Train L2 Loss :  13.155849236708422
Epoch :  176  Epoch time :  0.25033313408493996  Train L2 Loss :  13.147141774495443
Epoch :  177  Epoch time :  0.24979656375944614  Train L2 Loss :  13.288966435652513
Epoch :  178  Epoch time :  0.25883140321820974  Train L2 Loss :  13.089533830300356
Epoch :  179  Epoch time :  0.25061844661831856  Train L2 Loss :  12.87483440301357
Epoch :  180  Epoch time :  0.2504882523790002  Train L2 Loss :  12.804510067670773
Epoch :  181  Epoch time :  0.24960186518728733  Train L2 Loss :  12.839135964711508
Epoch :  182  Epoch time :  0.25050478149205446  Train L2 Loss :  12.808988766792494
Epoch :  183  Epoch time :  0.2513885200023651  Train L2 Loss :  12.57875420497014
Epoch :  184  Epoch time :  0.25037913862615824  Train L2 Loss :  13.219503549429087
Epoch :  185  Epoch time :  0.2500444892793894  Train L2 Loss :  12.81681831066425
Epoch :  186  Epoch time :  0.2524750931188464  Train L2 Loss :  12.858889555319761
Epoch :  187  Epoch time :  0.24972370360046625  Train L2 Loss :  12.727883534553724
Epoch :  188  Epoch time :  0.25027572736144066  Train L2 Loss :  13.04108032813439
Epoch :  189  Epoch time :  0.2520511355251074  Train L2 Loss :  12.615317100133652
Epoch :  190  Epoch time :  0.24928729142993689  Train L2 Loss :  13.039872438479692
Epoch :  191  Epoch time :  0.25094153452664614  Train L2 Loss :  12.617448635590382
Epoch :  192  Epoch time :  0.25417273584753275  Train L2 Loss :  12.726223260928423
Epoch :  193  Epoch time :  0.24975893646478653  Train L2 Loss :  12.971833987113756
Epoch :  194  Epoch time :  0.2502710307016969  Train L2 Loss :  12.934739186213566
Epoch :  195  Epoch time :  0.2503637317568064  Train L2 Loss :  12.504427579733042
Epoch :  196  Epoch time :  0.2502697352319956  Train L2 Loss :  12.529133356534517
Epoch :  197  Epoch time :  0.2503380151465535  Train L2 Loss :  12.61001784984882
Epoch :  198  Epoch time :  0.2537035094574094  Train L2 Loss :  12.60170158973107
Epoch :  199  Epoch time :  0.253754542209208  Train L2 Loss :  12.734451465117626
Total time is : 50.15144522115588 Total epoch is  200
