Input dim :  201  output dim :  1
Start training 
183553
Epoch :  0  Epoch time :  35.916100022383034  Train L2 Loss :  33.913396195983886
Epoch :  1  Epoch time :  36.0266088815406  Train L2 Loss :  18.70704728870392
Epoch :  2  Epoch time :  36.4091932028532  Train L2 Loss :  16.03414211816788
Epoch :  3  Epoch time :  36.644522809423506  Train L2 Loss :  14.428567771148682
Epoch :  4  Epoch time :  37.273517267778516  Train L2 Loss :  13.334758610153198
Epoch :  5  Epoch time :  38.32304371800274  Train L2 Loss :  12.497803901576996
Epoch :  6  Epoch time :  37.615588505752385  Train L2 Loss :  11.835207053470612
Epoch :  7  Epoch time :  37.41144117433578  Train L2 Loss :  11.298502724266053
Epoch :  8  Epoch time :  37.56301647052169  Train L2 Loss :  10.863196944379807
Epoch :  9  Epoch time :  37.58631441555917  Train L2 Loss :  10.514418262577056
Epoch :  10  Epoch time :  37.70953480899334  Train L2 Loss :  10.169931685829162
Epoch :  11  Epoch time :  37.91149687487632  Train L2 Loss :  9.918130652332305
Epoch :  12  Epoch time :  38.040604684501886  Train L2 Loss :  9.64864590034485
Epoch :  13  Epoch time :  38.1491870181635  Train L2 Loss :  9.41678666973114
Epoch :  14  Epoch time :  38.27422496583313  Train L2 Loss :  9.198905695819855
Epoch :  15  Epoch time :  38.235167880542576  Train L2 Loss :  9.026637245178224
Epoch :  16  Epoch time :  38.424451381899416  Train L2 Loss :  8.855059423542023
Epoch :  17  Epoch time :  38.45659448392689  Train L2 Loss :  8.7073912689209
Epoch :  18  Epoch time :  38.512023439630866  Train L2 Loss :  8.558615768814088
Epoch :  19  Epoch time :  38.64833671785891  Train L2 Loss :  8.424766801691055
Epoch :  20  Epoch time :  38.656066777184606  Train L2 Loss :  8.28647454867363
Epoch :  21  Epoch time :  38.73230138979852  Train L2 Loss :  8.180630904245376
Epoch :  22  Epoch time :  38.79424204304814  Train L2 Loss :  8.057897886037827
Epoch :  23  Epoch time :  38.79876744747162  Train L2 Loss :  7.940459747934342
Epoch :  24  Epoch time :  38.9150511585176  Train L2 Loss :  7.855278561973572
Epoch :  25  Epoch time :  38.876041890121996  Train L2 Loss :  7.7647770977020265
Epoch :  26  Epoch time :  38.90323394257575  Train L2 Loss :  7.678157490825653
Epoch :  27  Epoch time :  38.86443284340203  Train L2 Loss :  7.601642030143738
Epoch :  28  Epoch time :  38.96434407681227  Train L2 Loss :  7.5112882671833034
Epoch :  29  Epoch time :  39.23728301003575  Train L2 Loss :  7.413551767158508
Epoch :  30  Epoch time :  38.49982240609825  Train L2 Loss :  7.341569667863846
Epoch :  31  Epoch time :  38.339493106119335  Train L2 Loss :  7.311391077709198
Epoch :  32  Epoch time :  38.578065485693514  Train L2 Loss :  7.222260100841522
Epoch :  33  Epoch time :  38.54341212194413  Train L2 Loss :  7.1497454921484
Epoch :  34  Epoch time :  38.533226082101464  Train L2 Loss :  7.1089886742591855
Epoch :  35  Epoch time :  38.546218659728765  Train L2 Loss :  7.038856270647049
Epoch :  36  Epoch time :  38.42670879140496  Train L2 Loss :  6.995543481397629
Epoch :  37  Epoch time :  38.50613493844867  Train L2 Loss :  6.936466444969177
Epoch :  38  Epoch time :  38.61493343953043  Train L2 Loss :  6.8666092066288
Epoch :  39  Epoch time :  38.504133441485465  Train L2 Loss :  6.802876146364212
Epoch :  40  Epoch time :  38.6131547363475  Train L2 Loss :  6.779426204252243
Epoch :  41  Epoch time :  38.63382929377258  Train L2 Loss :  6.705932836771011
Epoch :  42  Epoch time :  38.82427407801151  Train L2 Loss :  6.656681665658951
Epoch :  43  Epoch time :  38.49956221692264  Train L2 Loss :  6.642180647134781
Epoch :  44  Epoch time :  38.495166793465614  Train L2 Loss :  6.565686916732788
Epoch :  45  Epoch time :  38.499691667966545  Train L2 Loss :  6.557339938521385
Epoch :  46  Epoch time :  38.39053896535188  Train L2 Loss :  6.518291237258911
Epoch :  47  Epoch time :  38.31075048074126  Train L2 Loss :  6.4418865569353105
Epoch :  48  Epoch time :  38.55071299802512  Train L2 Loss :  6.4461084759235385
Epoch :  49  Epoch time :  38.35436808690429  Train L2 Loss :  6.400838289165497
Epoch :  50  Epoch time :  38.398123010993004  Train L2 Loss :  6.360597412538528
Epoch :  51  Epoch time :  38.37140756007284  Train L2 Loss :  6.3184909101009366
Epoch :  52  Epoch time :  38.62734296452254  Train L2 Loss :  6.268503598499298
Epoch :  53  Epoch time :  38.544422562234104  Train L2 Loss :  6.25589775056839
Epoch :  54  Epoch time :  38.43825782183558  Train L2 Loss :  6.223359181463718
Epoch :  55  Epoch time :  38.40441510081291  Train L2 Loss :  6.197970938253403
Epoch :  56  Epoch time :  38.36534284800291  Train L2 Loss :  6.150594664525986
Epoch :  57  Epoch time :  38.351767043583095  Train L2 Loss :  6.130477809357643
Epoch :  58  Epoch time :  38.44071072805673  Train L2 Loss :  6.099409051275253
Epoch :  59  Epoch time :  38.42679634038359  Train L2 Loss :  6.0850610273361205
Epoch :  60  Epoch time :  38.37407683581114  Train L2 Loss :  6.050864554214478
Epoch :  61  Epoch time :  38.45030592661351  Train L2 Loss :  6.021644282102585
Epoch :  62  Epoch time :  38.41708518471569  Train L2 Loss :  5.988604460811615
Epoch :  63  Epoch time :  38.41834053397179  Train L2 Loss :  5.974598152494431
Epoch :  64  Epoch time :  38.480052003636956  Train L2 Loss :  5.9495113107323645
Epoch :  65  Epoch time :  38.265464844182134  Train L2 Loss :  5.92561726155281
Epoch :  66  Epoch time :  38.48206791188568  Train L2 Loss :  5.899981423187256
Epoch :  67  Epoch time :  38.137878676876426  Train L2 Loss :  5.879382519006729
Epoch :  68  Epoch time :  38.00779973063618  Train L2 Loss :  5.827620567679405
Epoch :  69  Epoch time :  38.025397217832506  Train L2 Loss :  5.8084993343830105
Epoch :  70  Epoch time :  37.99446418508887  Train L2 Loss :  5.745023735713959
Epoch :  71  Epoch time :  37.949547103606164  Train L2 Loss :  5.750984772777557
Epoch :  72  Epoch time :  38.01803656760603  Train L2 Loss :  5.7113527844429015
Epoch :  73  Epoch time :  37.9600188229233  Train L2 Loss :  5.72661492819786
Epoch :  74  Epoch time :  38.019446407444775  Train L2 Loss :  5.686362739133835
Epoch :  75  Epoch time :  38.00475761387497  Train L2 Loss :  5.669429445123672
Epoch :  76  Epoch time :  38.8415341116488  Train L2 Loss :  5.6352297518253325
Epoch :  77  Epoch time :  39.353714138269424  Train L2 Loss :  5.61887186255455
Epoch :  78  Epoch time :  39.30802092049271  Train L2 Loss :  5.613573494386673
Epoch :  79  Epoch time :  39.3458791943267  Train L2 Loss :  5.594425645089149
Epoch :  80  Epoch time :  39.40805972646922  Train L2 Loss :  5.575560978794098
Epoch :  81  Epoch time :  38.60867768339813  Train L2 Loss :  5.553324504303932
Epoch :  82  Epoch time :  38.07787376828492  Train L2 Loss :  5.540313988399506
Epoch :  83  Epoch time :  37.979716851376  Train L2 Loss :  5.523365227651596
Epoch :  84  Epoch time :  37.93442454561591  Train L2 Loss :  5.481398773670197
Epoch :  85  Epoch time :  38.01113994792104  Train L2 Loss :  5.469585610294342
Epoch :  86  Epoch time :  37.938186191022396  Train L2 Loss :  5.480081538820267
Epoch :  87  Epoch time :  37.96150514855981  Train L2 Loss :  5.453652766728402
Epoch :  88  Epoch time :  37.99677598197013  Train L2 Loss :  5.448866714119911
Epoch :  89  Epoch time :  37.87467617634684  Train L2 Loss :  5.436816893815994
Epoch :  90  Epoch time :  38.14542748313397  Train L2 Loss :  5.400794447112084
Epoch :  91  Epoch time :  38.06141484156251  Train L2 Loss :  5.37718083357811
Epoch :  92  Epoch time :  37.98060221131891  Train L2 Loss :  5.363528950858116
Epoch :  93  Epoch time :  37.98664233088493  Train L2 Loss :  5.322631274318695
Epoch :  94  Epoch time :  37.91224314365536  Train L2 Loss :  5.304341151285172
Epoch :  95  Epoch time :  37.948508952744305  Train L2 Loss :  5.295492953801155
Epoch :  96  Epoch time :  38.0398515611887  Train L2 Loss :  5.295246777749061
Epoch :  97  Epoch time :  37.97546968795359  Train L2 Loss :  5.277636047005654
Epoch :  98  Epoch time :  37.996940723620355  Train L2 Loss :  5.264907101440429
Epoch :  99  Epoch time :  38.88044411037117  Train L2 Loss :  5.222898136091232
Epoch :  100  Epoch time :  38.57363229431212  Train L2 Loss :  3.8498199126839636
Epoch :  101  Epoch time :  38.57791195157915  Train L2 Loss :  3.669394199848175
Epoch :  102  Epoch time :  38.50730569008738  Train L2 Loss :  3.6017377517461777
Epoch :  103  Epoch time :  38.54506038874388  Train L2 Loss :  3.5820773578703404
Epoch :  104  Epoch time :  38.53031079284847  Train L2 Loss :  3.560978841137886
Epoch :  105  Epoch time :  38.50505300797522  Train L2 Loss :  3.5349367583751676
Epoch :  106  Epoch time :  38.55979989934713  Train L2 Loss :  3.5222829916238787
Epoch :  107  Epoch time :  38.48985283635557  Train L2 Loss :  3.507051488482952
Epoch :  108  Epoch time :  38.538507709279656  Train L2 Loss :  3.4947674489140512
Epoch :  109  Epoch time :  38.52211868297309  Train L2 Loss :  3.4733705377101898
Epoch :  110  Epoch time :  38.51663646660745  Train L2 Loss :  3.4777445803284643
Epoch :  111  Epoch time :  38.58907896466553  Train L2 Loss :  3.4720896255493163
Epoch :  112  Epoch time :  38.63925488293171  Train L2 Loss :  3.4729052067279818
Epoch :  113  Epoch time :  38.47416229918599  Train L2 Loss :  3.4638757843971253
Epoch :  114  Epoch time :  38.57079794816673  Train L2 Loss :  3.468127976232767
Epoch :  115  Epoch time :  38.480315637774765  Train L2 Loss :  3.448076143181324
Epoch :  116  Epoch time :  38.560194813646376  Train L2 Loss :  3.4520250163555146
Epoch :  117  Epoch time :  38.65207713190466  Train L2 Loss :  3.431697266972065
Epoch :  118  Epoch time :  38.51704524457455  Train L2 Loss :  3.42214466342479
Epoch :  119  Epoch time :  38.50371709745377  Train L2 Loss :  3.4249141755461694
Epoch :  120  Epoch time :  38.58553730417043  Train L2 Loss :  3.4330719900369644
Epoch :  121  Epoch time :  38.645263384096324  Train L2 Loss :  3.4307437039375306
Epoch :  122  Epoch time :  38.543487157672644  Train L2 Loss :  3.4097074632048607
Epoch :  123  Epoch time :  38.418297049589455  Train L2 Loss :  3.409805797699094
Epoch :  124  Epoch time :  38.225530001334846  Train L2 Loss :  3.412628641629219
Epoch :  125  Epoch time :  38.30256593134254  Train L2 Loss :  3.403000102329254
Epoch :  126  Epoch time :  38.44134665466845  Train L2 Loss :  3.3917486395835876
Epoch :  127  Epoch time :  38.640391713008285  Train L2 Loss :  3.384590309035778
Epoch :  128  Epoch time :  38.70569162350148  Train L2 Loss :  3.392182255280018
Epoch :  129  Epoch time :  38.63149628881365  Train L2 Loss :  3.3730476699590684
Epoch :  130  Epoch time :  38.945556627586484  Train L2 Loss :  3.3752164742588997
Epoch :  131  Epoch time :  39.43928699940443  Train L2 Loss :  3.3660248151183128
Epoch :  132  Epoch time :  39.27327680028975  Train L2 Loss :  3.3721034581542013
Epoch :  133  Epoch time :  39.23407665360719  Train L2 Loss :  3.356656160449982
Epoch :  134  Epoch time :  39.289162947796285  Train L2 Loss :  3.3531488879323006
Epoch :  135  Epoch time :  39.231898996979  Train L2 Loss :  3.3640382041215897
Epoch :  136  Epoch time :  39.28110520169139  Train L2 Loss :  3.374612750387192
Epoch :  137  Epoch time :  39.24557191785425  Train L2 Loss :  3.3402962557435036
Epoch :  138  Epoch time :  39.324232280254364  Train L2 Loss :  3.3608683606147767
Epoch :  139  Epoch time :  39.24826945923269  Train L2 Loss :  3.340941086268425
Epoch :  140  Epoch time :  39.2421083599329  Train L2 Loss :  3.3484608178496362
Epoch :  141  Epoch time :  39.261075772345066  Train L2 Loss :  3.3305879398584364
Epoch :  142  Epoch time :  39.29611134715378  Train L2 Loss :  3.3213506650328637
Epoch :  143  Epoch time :  39.350074864923954  Train L2 Loss :  3.3171484951853754
Epoch :  144  Epoch time :  39.275182333774865  Train L2 Loss :  3.3189627009630205
Epoch :  145  Epoch time :  39.376050599850714  Train L2 Loss :  3.3171717806935312
Epoch :  146  Epoch time :  39.337240263819695  Train L2 Loss :  3.3116965226888655
Epoch :  147  Epoch time :  39.28580119088292  Train L2 Loss :  3.29838565710783
Epoch :  148  Epoch time :  39.35209941584617  Train L2 Loss :  3.2917435239180923
Epoch :  149  Epoch time :  39.28890704549849  Train L2 Loss :  3.324566330361366
Epoch :  150  Epoch time :  39.23797222971916  Train L2 Loss :  3.3009381612896918
Epoch :  151  Epoch time :  39.36373519990593  Train L2 Loss :  3.2988427851319315
Epoch :  152  Epoch time :  39.34244651161134  Train L2 Loss :  3.3039147138476372
Epoch :  153  Epoch time :  39.37709581386298  Train L2 Loss :  3.291123213195801
Epoch :  154  Epoch time :  39.514822385273874  Train L2 Loss :  3.2880843977570535
Epoch :  155  Epoch time :  39.301984103396535  Train L2 Loss :  3.285334401834011
Epoch :  156  Epoch time :  39.56785143259913  Train L2 Loss :  3.269195552790165
Epoch :  157  Epoch time :  39.22633290011436  Train L2 Loss :  3.277427080875635
Epoch :  158  Epoch time :  39.26969006471336  Train L2 Loss :  3.2746847241044046
Epoch :  159  Epoch time :  39.260541481897235  Train L2 Loss :  3.2782478149414063
Epoch :  160  Epoch time :  39.485504964366555  Train L2 Loss :  3.2719559512257574
Epoch :  161  Epoch time :  39.2707884516567  Train L2 Loss :  3.262858628475666
Epoch :  162  Epoch time :  39.28749859891832  Train L2 Loss :  3.2573291120529175
Epoch :  163  Epoch time :  39.30750609189272  Train L2 Loss :  3.2675018421947954
Epoch :  164  Epoch time :  39.46787226758897  Train L2 Loss :  3.250644569581747
Epoch :  165  Epoch time :  39.409604009240866  Train L2 Loss :  3.2528166253685953
Epoch :  166  Epoch time :  39.67945906240493  Train L2 Loss :  3.2472065245628357
Epoch :  167  Epoch time :  39.445449138991535  Train L2 Loss :  3.2524792539834975
Epoch :  168  Epoch time :  39.43327439017594  Train L2 Loss :  3.2519380525767803
Epoch :  169  Epoch time :  39.41784260235727  Train L2 Loss :  3.2293166235566138
Epoch :  170  Epoch time :  39.56058556679636  Train L2 Loss :  3.2545674315690993
Epoch :  171  Epoch time :  39.603556187823415  Train L2 Loss :  3.2318466888189317
Epoch :  172  Epoch time :  39.5579147124663  Train L2 Loss :  3.2351857842445373
Epoch :  173  Epoch time :  39.54293898586184  Train L2 Loss :  3.22640363945961
Epoch :  174  Epoch time :  39.4820571700111  Train L2 Loss :  3.2441489584803582
Epoch :  175  Epoch time :  39.586507867090404  Train L2 Loss :  3.2308475658774376
Epoch :  176  Epoch time :  39.634702124632895  Train L2 Loss :  3.221806922912598
Epoch :  177  Epoch time :  39.677029164507985  Train L2 Loss :  3.2237653675436975
Epoch :  178  Epoch time :  39.66635066643357  Train L2 Loss :  3.22947750813961
Epoch :  179  Epoch time :  39.70142883528024  Train L2 Loss :  3.2245702049136162
Epoch :  180  Epoch time :  39.57303385902196  Train L2 Loss :  3.204374116396904
Epoch :  181  Epoch time :  39.62804012838751  Train L2 Loss :  3.2205568653583527
Epoch :  182  Epoch time :  39.83517438266426  Train L2 Loss :  3.2097106528282167
Epoch :  183  Epoch time :  39.74849561974406  Train L2 Loss :  3.2063142512559892
Epoch :  184  Epoch time :  39.686293656006455  Train L2 Loss :  3.21951195127964
Epoch :  185  Epoch time :  39.853396070189774  Train L2 Loss :  3.2049263368964196
Epoch :  186  Epoch time :  39.68015951663256  Train L2 Loss :  3.203294158709049
Epoch :  187  Epoch time :  39.69795293267816  Train L2 Loss :  3.2004756334781645
Epoch :  188  Epoch time :  39.7799787344411  Train L2 Loss :  3.1906279966235163
Epoch :  189  Epoch time :  39.711461409926414  Train L2 Loss :  3.189749757254124
Epoch :  190  Epoch time :  39.714013951830566  Train L2 Loss :  3.1801436467766764
Epoch :  191  Epoch time :  39.84946832060814  Train L2 Loss :  3.192673088169098
Epoch :  192  Epoch time :  39.75890592765063  Train L2 Loss :  3.189319370383024
Epoch :  193  Epoch time :  40.2687749620527  Train L2 Loss :  3.1832974488019943
Epoch :  194  Epoch time :  39.305421866476536  Train L2 Loss :  3.1826660046815873
Epoch :  195  Epoch time :  39.22917012497783  Train L2 Loss :  3.1832397079586983
Epoch :  196  Epoch time :  39.099824195727706  Train L2 Loss :  3.175651253348589
Epoch :  197  Epoch time :  39.03948679473251  Train L2 Loss :  3.1861102943181994
Epoch :  198  Epoch time :  39.33613852504641  Train L2 Loss :  3.176627127611637
Epoch :  199  Epoch time :  39.847192130982876  Train L2 Loss :  3.1734856981754302
Total time is : 7745.000322861597 Total epoch is  200
