Input dim :  201  output dim :  1
Start training 
59009
Epoch :  0  Epoch time :  45.43966063577682  Train L2 Loss :  34.43501823425293
Epoch :  1  Epoch time :  46.10451641026884  Train L2 Loss :  18.272759100532532
Epoch :  2  Epoch time :  45.749834972433746  Train L2 Loss :  15.8649832239151
Epoch :  3  Epoch time :  46.04599998053163  Train L2 Loss :  14.440127618122101
Epoch :  4  Epoch time :  47.306795474141836  Train L2 Loss :  13.425275112915038
Epoch :  5  Epoch time :  48.28850247617811  Train L2 Loss :  12.656014218521118
Epoch :  6  Epoch time :  48.54123692866415  Train L2 Loss :  12.046113782930375
Epoch :  7  Epoch time :  48.20366147253662  Train L2 Loss :  11.541132125854492
Epoch :  8  Epoch time :  48.6570606417954  Train L2 Loss :  11.09593641872406
Epoch :  9  Epoch time :  48.12934297416359  Train L2 Loss :  10.735368786430358
Epoch :  10  Epoch time :  49.255401969887316  Train L2 Loss :  10.421861219549179
Epoch :  11  Epoch time :  49.51625653076917  Train L2 Loss :  10.160945373535156
Epoch :  12  Epoch time :  49.54416229855269  Train L2 Loss :  9.875034295654297
Epoch :  13  Epoch time :  50.2042929911986  Train L2 Loss :  9.666788055801392
Epoch :  14  Epoch time :  50.88245550263673  Train L2 Loss :  9.457063161230087
Epoch :  15  Epoch time :  51.28358392510563  Train L2 Loss :  9.250157662057877
Epoch :  16  Epoch time :  51.02873484604061  Train L2 Loss :  9.077025594043732
Epoch :  17  Epoch time :  51.22589563485235  Train L2 Loss :  8.929114510345459
Epoch :  18  Epoch time :  51.05652733705938  Train L2 Loss :  8.79677968122959
Epoch :  19  Epoch time :  50.887195721268654  Train L2 Loss :  8.670863830947876
Epoch :  20  Epoch time :  52.36844757851213  Train L2 Loss :  8.499141316032409
Epoch :  21  Epoch time :  52.79559897258878  Train L2 Loss :  8.376439037895203
Epoch :  22  Epoch time :  52.459560023620725  Train L2 Loss :  8.301141592788696
Epoch :  23  Epoch time :  53.2500481326133  Train L2 Loss :  8.185911688613892
Epoch :  24  Epoch time :  51.89458894263953  Train L2 Loss :  8.093423257017136
Epoch :  25  Epoch time :  51.28499312605709  Train L2 Loss :  7.973836696910858
Epoch :  26  Epoch time :  52.88758259732276  Train L2 Loss :  7.903436660289764
Epoch :  27  Epoch time :  51.850829794071615  Train L2 Loss :  7.8166231799960135
Epoch :  28  Epoch time :  52.648335898295045  Train L2 Loss :  7.7628702940940855
Epoch :  29  Epoch time :  53.15565796289593  Train L2 Loss :  7.658918415355682
Epoch :  30  Epoch time :  53.32125974725932  Train L2 Loss :  7.624465016651153
Epoch :  31  Epoch time :  52.741372846998274  Train L2 Loss :  7.547359327125549
Epoch :  32  Epoch time :  53.11099529825151  Train L2 Loss :  7.459534017658234
Epoch :  33  Epoch time :  53.324988081119955  Train L2 Loss :  7.3811358191490175
Epoch :  34  Epoch time :  53.00489774532616  Train L2 Loss :  7.317573647928238
Epoch :  35  Epoch time :  52.27595464233309  Train L2 Loss :  7.26396955575943
Epoch :  36  Epoch time :  52.85711185168475  Train L2 Loss :  7.216144538497924
Epoch :  37  Epoch time :  52.500135152600706  Train L2 Loss :  7.172812019968033
Epoch :  38  Epoch time :  52.65723020024598  Train L2 Loss :  7.101659518170357
Epoch :  39  Epoch time :  52.808237303979695  Train L2 Loss :  7.057832258462906
Epoch :  40  Epoch time :  53.208475342951715  Train L2 Loss :  7.007450123023987
Epoch :  41  Epoch time :  52.24193271342665  Train L2 Loss :  6.987459809446335
Epoch :  42  Epoch time :  51.57201437372714  Train L2 Loss :  6.9258247979164125
Epoch :  43  Epoch time :  52.45870574750006  Train L2 Loss :  6.89285390458107
Epoch :  44  Epoch time :  52.770127885974944  Train L2 Loss :  6.859735676026344
Epoch :  45  Epoch time :  52.77068060170859  Train L2 Loss :  6.8185519180774685
Epoch :  46  Epoch time :  50.60139087494463  Train L2 Loss :  6.746517613363266
Epoch :  47  Epoch time :  49.32501584850252  Train L2 Loss :  6.726371749305725
Epoch :  48  Epoch time :  51.506387712433934  Train L2 Loss :  6.697814085245133
Epoch :  49  Epoch time :  51.07364200800657  Train L2 Loss :  6.646093289613724
Epoch :  50  Epoch time :  50.85067107528448  Train L2 Loss :  6.592618564796448
Epoch :  51  Epoch time :  51.05395461525768  Train L2 Loss :  6.586904674577713
Epoch :  52  Epoch time :  51.22843912243843  Train L2 Loss :  6.541164713191986
Epoch :  53  Epoch time :  51.78105274774134  Train L2 Loss :  6.495275610375405
Epoch :  54  Epoch time :  49.78195280395448  Train L2 Loss :  6.473539312815666
Epoch :  55  Epoch time :  51.27398836892098  Train L2 Loss :  6.458505879187584
Epoch :  56  Epoch time :  50.62470052577555  Train L2 Loss :  6.404494013404846
Epoch :  57  Epoch time :  50.53192529268563  Train L2 Loss :  6.383843457984924
Epoch :  58  Epoch time :  51.18539392016828  Train L2 Loss :  6.338607876443863
Epoch :  59  Epoch time :  51.07878796197474  Train L2 Loss :  6.3408009956121445
Epoch :  60  Epoch time :  50.903755891136825  Train L2 Loss :  6.303498682975769
Epoch :  61  Epoch time :  51.24911528546363  Train L2 Loss :  6.271292693567276
Epoch :  62  Epoch time :  51.95250223018229  Train L2 Loss :  6.237282457375526
Epoch :  63  Epoch time :  51.6979046985507  Train L2 Loss :  6.247917716360092
Epoch :  64  Epoch time :  50.76110241282731  Train L2 Loss :  6.187025729417801
Epoch :  65  Epoch time :  51.379621968604624  Train L2 Loss :  6.173030700922013
Epoch :  66  Epoch time :  51.63205941673368  Train L2 Loss :  6.1651889080941675
Epoch :  67  Epoch time :  51.89464850258082  Train L2 Loss :  6.125845102834702
Epoch :  68  Epoch time :  51.69802281726152  Train L2 Loss :  6.11559017059803
Epoch :  69  Epoch time :  51.62273338343948  Train L2 Loss :  6.102367214071751
Epoch :  70  Epoch time :  51.40980153158307  Train L2 Loss :  6.091114766097069
Epoch :  71  Epoch time :  51.42299737315625  Train L2 Loss :  6.0482652260065075
Epoch :  72  Epoch time :  51.63636922929436  Train L2 Loss :  6.01705287489891
Epoch :  73  Epoch time :  51.88006014097482  Train L2 Loss :  6.018110363340377
Epoch :  74  Epoch time :  50.78119470272213  Train L2 Loss :  6.010924266624451
Epoch :  75  Epoch time :  51.83276398759335  Train L2 Loss :  5.9769344900131225
Epoch :  76  Epoch time :  51.74329462274909  Train L2 Loss :  5.934374046659469
Epoch :  77  Epoch time :  51.55021851230413  Train L2 Loss :  5.909453680181503
Epoch :  78  Epoch time :  51.5592668922618  Train L2 Loss :  5.934333174359798
Epoch :  79  Epoch time :  51.16866285447031  Train L2 Loss :  5.901664956831932
Epoch :  80  Epoch time :  50.908653523772955  Train L2 Loss :  5.850075620985031
Epoch :  81  Epoch time :  51.08098752424121  Train L2 Loss :  5.841662463092804
Epoch :  82  Epoch time :  51.65852142404765  Train L2 Loss :  5.845558383154869
Epoch :  83  Epoch time :  53.75677871983498  Train L2 Loss :  5.828049226379394
Epoch :  84  Epoch time :  53.77422993071377  Train L2 Loss :  5.807324293076992
Epoch :  85  Epoch time :  53.470089834183455  Train L2 Loss :  5.803826494932174
Epoch :  86  Epoch time :  53.44746929593384  Train L2 Loss :  5.7697860954046245
Epoch :  87  Epoch time :  54.14621488098055  Train L2 Loss :  5.764107367992401
Epoch :  88  Epoch time :  53.72533837519586  Train L2 Loss :  5.749883064842225
Epoch :  89  Epoch time :  52.40228465106338  Train L2 Loss :  5.75326955293417
Epoch :  90  Epoch time :  54.16292870789766  Train L2 Loss :  5.7018893038272855
Epoch :  91  Epoch time :  53.015365093015134  Train L2 Loss :  5.701116670894622
Epoch :  92  Epoch time :  53.11607272736728  Train L2 Loss :  5.684297481966019
Epoch :  93  Epoch time :  52.618052755482495  Train L2 Loss :  5.687571865653991
Epoch :  94  Epoch time :  51.858631073497236  Train L2 Loss :  5.661371296215058
Epoch :  95  Epoch time :  52.01910489983857  Train L2 Loss :  5.648175915002823
Epoch :  96  Epoch time :  50.384813003242016  Train L2 Loss :  5.629191882562638
Epoch :  97  Epoch time :  51.84651842713356  Train L2 Loss :  5.631977228546143
Epoch :  98  Epoch time :  51.41608395148069  Train L2 Loss :  5.610170635271072
Epoch :  99  Epoch time :  51.62678451370448  Train L2 Loss :  5.590310344672203
Epoch :  100  Epoch time :  52.4155924487859  Train L2 Loss :  4.2533034660100935
Epoch :  101  Epoch time :  52.36984225269407  Train L2 Loss :  4.100523190927506
Epoch :  102  Epoch time :  52.857270495034754  Train L2 Loss :  4.046402733206749
Epoch :  103  Epoch time :  52.15057050436735  Train L2 Loss :  4.039762903523445
Epoch :  104  Epoch time :  52.33950795978308  Train L2 Loss :  4.010231491911411
Epoch :  105  Epoch time :  52.1270493613556  Train L2 Loss :  3.9991202618837356
Epoch :  106  Epoch time :  52.09184693079442  Train L2 Loss :  3.9786180820941923
Epoch :  107  Epoch time :  51.321996074169874  Train L2 Loss :  3.981809812450409
Epoch :  108  Epoch time :  51.59875383321196  Train L2 Loss :  3.9732982078790666
Epoch :  109  Epoch time :  52.01341567095369  Train L2 Loss :  3.957325672459602
Epoch :  110  Epoch time :  52.0298827867955  Train L2 Loss :  3.9525145425379278
Epoch :  111  Epoch time :  51.52703242376447  Train L2 Loss :  3.934450790166855
Epoch :  112  Epoch time :  51.42078457586467  Train L2 Loss :  3.940170865225792
Epoch :  113  Epoch time :  51.60755297169089  Train L2 Loss :  3.9404162471055986
Epoch :  114  Epoch time :  52.34722958970815  Train L2 Loss :  3.931011708498001
Epoch :  115  Epoch time :  52.29244186356664  Train L2 Loss :  3.9202569738388062
Epoch :  116  Epoch time :  52.46869822591543  Train L2 Loss :  3.9302231592655184
Epoch :  117  Epoch time :  52.27690643444657  Train L2 Loss :  3.9085270790338518
Epoch :  118  Epoch time :  52.00880875997245  Train L2 Loss :  3.89865481967926
Epoch :  119  Epoch time :  52.400151387788355  Train L2 Loss :  3.9024166377305987
Epoch :  120  Epoch time :  52.46697754692286  Train L2 Loss :  3.8853584654808047
Epoch :  121  Epoch time :  52.14904769323766  Train L2 Loss :  3.890539726370573
Epoch :  122  Epoch time :  52.06867683771998  Train L2 Loss :  3.8998325701355934
Epoch :  123  Epoch time :  51.93973229918629  Train L2 Loss :  3.8761993779182435
Epoch :  124  Epoch time :  52.42943285405636  Train L2 Loss :  3.8889909428596496
Epoch :  125  Epoch time :  51.88790826033801  Train L2 Loss :  3.8689225513696672
Epoch :  126  Epoch time :  52.49322861246765  Train L2 Loss :  3.862439734244347
Epoch :  127  Epoch time :  51.94842981453985  Train L2 Loss :  3.877665097165108
Epoch :  128  Epoch time :  52.21122206002474  Train L2 Loss :  3.8570267463684083
Epoch :  129  Epoch time :  51.69623882975429  Train L2 Loss :  3.8473275312423705
Epoch :  130  Epoch time :  52.11846268270165  Train L2 Loss :  3.855242401713133
Epoch :  131  Epoch time :  51.87995728943497  Train L2 Loss :  3.8543816658735275
Epoch :  132  Epoch time :  52.325678314082325  Train L2 Loss :  3.830260069894791
Epoch :  133  Epoch time :  52.248182657174766  Train L2 Loss :  3.838146413397789
Epoch :  134  Epoch time :  52.59955443069339  Train L2 Loss :  3.8302860716819764
Epoch :  135  Epoch time :  51.43031273595989  Train L2 Loss :  3.8321428272664546
Epoch :  136  Epoch time :  51.53474085684866  Train L2 Loss :  3.8210182139873505
Epoch :  137  Epoch time :  53.792194951325655  Train L2 Loss :  3.805074490761757
Epoch :  138  Epoch time :  54.15230765286833  Train L2 Loss :  3.8209657428503037
Epoch :  139  Epoch time :  54.18784153740853  Train L2 Loss :  3.804541324687004
Epoch :  140  Epoch time :  55.024597003124654  Train L2 Loss :  3.809195687842369
Epoch :  141  Epoch time :  54.233535471372306  Train L2 Loss :  3.7951527488708496
Epoch :  142  Epoch time :  55.032411359250546  Train L2 Loss :  3.8188450969457626
Epoch :  143  Epoch time :  54.08535715844482  Train L2 Loss :  3.807175535416603
Epoch :  144  Epoch time :  54.42863510828465  Train L2 Loss :  3.7969890328884124
Epoch :  145  Epoch time :  54.90383671596646  Train L2 Loss :  3.7876695765972137
Epoch :  146  Epoch time :  53.192040669731796  Train L2 Loss :  3.7844733935832977
Epoch :  147  Epoch time :  53.48326385207474  Train L2 Loss :  3.7896664184093476
Epoch :  148  Epoch time :  53.43875128030777  Train L2 Loss :  3.7877089740753176
Epoch :  149  Epoch time :  52.3107026303187  Train L2 Loss :  3.7840534977674483
Epoch :  150  Epoch time :  52.35101242456585  Train L2 Loss :  3.7729160286426544
Epoch :  151  Epoch time :  52.272583541460335  Train L2 Loss :  3.7771284040808677
Epoch :  152  Epoch time :  51.748614015989006  Train L2 Loss :  3.7734816046953203
Epoch :  153  Epoch time :  51.736542062833905  Train L2 Loss :  3.7680441883563995
Epoch :  154  Epoch time :  52.42755878623575  Train L2 Loss :  3.785036991882324
Epoch :  155  Epoch time :  50.936674328520894  Train L2 Loss :  3.751443591070175
Epoch :  156  Epoch time :  52.038594799116254  Train L2 Loss :  3.7717662075161935
Epoch :  157  Epoch time :  51.66762303002179  Train L2 Loss :  3.747701671612263
Epoch :  158  Epoch time :  51.98376385960728  Train L2 Loss :  3.7613581278443338
Epoch :  159  Epoch time :  51.41451125126332  Train L2 Loss :  3.7447914956867696
Epoch :  160  Epoch time :  51.88944027852267  Train L2 Loss :  3.744940603542328
Epoch :  161  Epoch time :  52.36646913085133  Train L2 Loss :  3.7467432386398314
Epoch :  162  Epoch time :  52.27416499983519  Train L2 Loss :  3.741623000907898
Epoch :  163  Epoch time :  51.8488154578954  Train L2 Loss :  3.73684851565361
Epoch :  164  Epoch time :  51.35193644557148  Train L2 Loss :  3.7290633318424224
Epoch :  165  Epoch time :  52.46034605707973  Train L2 Loss :  3.7267527954816817
Epoch :  166  Epoch time :  52.24674088507891  Train L2 Loss :  3.7261363644599914
Epoch :  167  Epoch time :  51.50247878488153  Train L2 Loss :  3.723593364620209
Epoch :  168  Epoch time :  52.746819058433175  Train L2 Loss :  3.721203523492813
Epoch :  169  Epoch time :  51.86936573125422  Train L2 Loss :  3.72275698428154
Epoch :  170  Epoch time :  51.82691706623882  Train L2 Loss :  3.71562500936985
Epoch :  171  Epoch time :  54.18557067587972  Train L2 Loss :  3.7064895052194595
Epoch :  172  Epoch time :  53.63321693986654  Train L2 Loss :  3.694720162153244
Epoch :  173  Epoch time :  54.699403713457286  Train L2 Loss :  3.7048666293263435
Epoch :  174  Epoch time :  54.540306482464075  Train L2 Loss :  3.684147322165966
Epoch :  175  Epoch time :  53.976019718684256  Train L2 Loss :  3.7112859886646272
Epoch :  176  Epoch time :  54.006397161632776  Train L2 Loss :  3.69360469353199
Epoch :  177  Epoch time :  54.423831784166396  Train L2 Loss :  3.6949640018463135
Epoch :  178  Epoch time :  54.55202626623213  Train L2 Loss :  3.687359964573383
Epoch :  179  Epoch time :  54.34136817231774  Train L2 Loss :  3.6819494260072707
Epoch :  180  Epoch time :  54.57152065914124  Train L2 Loss :  3.6882252902388575
Epoch :  181  Epoch time :  54.065999762155116  Train L2 Loss :  3.6939740095436573
Epoch :  182  Epoch time :  54.4945706827566  Train L2 Loss :  3.677941314733028
Epoch :  183  Epoch time :  54.99108140077442  Train L2 Loss :  3.686601352930069
Epoch :  184  Epoch time :  55.121195785701275  Train L2 Loss :  3.702165889310837
Epoch :  185  Epoch time :  54.91403447184712  Train L2 Loss :  3.6651491827726366
Epoch :  186  Epoch time :  55.037114282138646  Train L2 Loss :  3.661305065870285
Epoch :  187  Epoch time :  54.724195326678455  Train L2 Loss :  3.6744089146316052
Epoch :  188  Epoch time :  54.58956402447075  Train L2 Loss :  3.676084986615181
Epoch :  189  Epoch time :  54.63791137654334  Train L2 Loss :  3.652750840342045
Epoch :  190  Epoch time :  54.389324713498354  Train L2 Loss :  3.6614317699193952
Epoch :  191  Epoch time :  55.11029038950801  Train L2 Loss :  3.6598809844374656
Epoch :  192  Epoch time :  54.78785378951579  Train L2 Loss :  3.652638590669632
Epoch :  193  Epoch time :  52.85421864874661  Train L2 Loss :  3.6728867032766344
Epoch :  194  Epoch time :  52.41129583492875  Train L2 Loss :  3.653491087436676
Epoch :  195  Epoch time :  52.40607992745936  Train L2 Loss :  3.649231973004341
Epoch :  196  Epoch time :  52.81692443881184  Train L2 Loss :  3.6560035591483118
Epoch :  197  Epoch time :  52.358147415332496  Train L2 Loss :  3.62503741979599
Epoch :  198  Epoch time :  53.32598403096199  Train L2 Loss :  3.6452507906794547
Epoch :  199  Epoch time :  53.11504427716136  Train L2 Loss :  3.6352221021652222
Total time is : 10427.115294827148 Total epoch is  200
