Input dim :  201  output dim :  1
Start training 
629249
Epoch :  0  Epoch time :  36.326579632237554  Train L2 Loss :  32.14692927808762
Epoch :  1  Epoch time :  36.623359710909426  Train L2 Loss :  18.106339071273805
Epoch :  2  Epoch time :  37.00586336944252  Train L2 Loss :  15.571381442165375
Epoch :  3  Epoch time :  37.287570531480014  Train L2 Loss :  14.104712588596344
Epoch :  4  Epoch time :  37.63918923586607  Train L2 Loss :  13.041911528873444
Epoch :  5  Epoch time :  37.360701870173216  Train L2 Loss :  12.314800901412964
Epoch :  6  Epoch time :  37.83408844470978  Train L2 Loss :  11.67542257862091
Epoch :  7  Epoch time :  37.802563374862075  Train L2 Loss :  11.184483041477204
Epoch :  8  Epoch time :  38.67763390671462  Train L2 Loss :  10.713944717121125
Epoch :  9  Epoch time :  37.98098108917475  Train L2 Loss :  10.361667405223846
Epoch :  10  Epoch time :  38.09835468232632  Train L2 Loss :  10.031918871736526
Epoch :  11  Epoch time :  38.20704294461757  Train L2 Loss :  9.778576212048531
Epoch :  12  Epoch time :  38.26454666815698  Train L2 Loss :  9.520481770133973
Epoch :  13  Epoch time :  38.411295351572335  Train L2 Loss :  9.293866831493379
Epoch :  14  Epoch time :  39.66679849475622  Train L2 Loss :  9.125056585741044
Epoch :  15  Epoch time :  40.022977941669524  Train L2 Loss :  8.93134803290367
Epoch :  16  Epoch time :  40.186957489699125  Train L2 Loss :  8.762992517757416
Epoch :  17  Epoch time :  40.32902494817972  Train L2 Loss :  8.62709694724083
Epoch :  18  Epoch time :  40.02144639007747  Train L2 Loss :  8.476172620677948
Epoch :  19  Epoch time :  39.14305494911969  Train L2 Loss :  8.325681056118011
Epoch :  20  Epoch time :  39.194920778274536  Train L2 Loss :  8.224936762237549
Epoch :  21  Epoch time :  39.315433231182396  Train L2 Loss :  8.112319224500656
Epoch :  22  Epoch time :  40.74720092304051  Train L2 Loss :  7.990581642961502
Epoch :  23  Epoch time :  41.143295909278095  Train L2 Loss :  7.871309056663513
Epoch :  24  Epoch time :  39.08629324473441  Train L2 Loss :  7.776385806894303
Epoch :  25  Epoch time :  38.7616297500208  Train L2 Loss :  7.68231360168457
Epoch :  26  Epoch time :  38.72611562162638  Train L2 Loss :  7.601169391155243
Epoch :  27  Epoch time :  38.69589867722243  Train L2 Loss :  7.486494541454316
Epoch :  28  Epoch time :  38.74034249037504  Train L2 Loss :  7.427410001564026
Epoch :  29  Epoch time :  38.95383669435978  Train L2 Loss :  7.3509658814907075
Epoch :  30  Epoch time :  39.0051764883101  Train L2 Loss :  7.311965611362457
Epoch :  31  Epoch time :  39.126603229902685  Train L2 Loss :  7.215206302118301
Epoch :  32  Epoch time :  39.19982898980379  Train L2 Loss :  7.139700786018372
Epoch :  33  Epoch time :  39.108066434040666  Train L2 Loss :  7.092780690336228
Epoch :  34  Epoch time :  39.277483879588544  Train L2 Loss :  7.002153592348098
Epoch :  35  Epoch time :  39.42169499211013  Train L2 Loss :  6.977888368892669
Epoch :  36  Epoch time :  39.31408974342048  Train L2 Loss :  6.906108653688431
Epoch :  37  Epoch time :  39.41675113234669  Train L2 Loss :  6.873716262459755
Epoch :  38  Epoch time :  39.300260874442756  Train L2 Loss :  6.784761547756195
Epoch :  39  Epoch time :  39.63521976675838  Train L2 Loss :  6.744374570822716
Epoch :  40  Epoch time :  39.1374334320426  Train L2 Loss :  6.704419049859047
Epoch :  41  Epoch time :  39.14433079585433  Train L2 Loss :  6.6160749851226806
Epoch :  42  Epoch time :  39.22639548312873  Train L2 Loss :  6.600467642688751
Epoch :  43  Epoch time :  39.2867304161191  Train L2 Loss :  6.539970436108113
Epoch :  44  Epoch time :  39.29182387702167  Train L2 Loss :  6.527226930475235
Epoch :  45  Epoch time :  39.36099732015282  Train L2 Loss :  6.493259512233734
Epoch :  46  Epoch time :  39.26363834552467  Train L2 Loss :  6.4228418421268465
Epoch :  47  Epoch time :  39.26796266064048  Train L2 Loss :  6.4167403119564055
Epoch :  48  Epoch time :  37.94993114937097  Train L2 Loss :  6.34070140132904
Epoch :  49  Epoch time :  37.62778902053833  Train L2 Loss :  6.330017652750016
Epoch :  50  Epoch time :  37.80364929698408  Train L2 Loss :  6.274671891403198
Epoch :  51  Epoch time :  37.80142492428422  Train L2 Loss :  6.236954753065109
Epoch :  52  Epoch time :  37.74862746335566  Train L2 Loss :  6.20574332268238
Epoch :  53  Epoch time :  38.22770701069385  Train L2 Loss :  6.169047728109359
Epoch :  54  Epoch time :  39.35457145515829  Train L2 Loss :  6.150692328071594
Epoch :  55  Epoch time :  39.22859476041049  Train L2 Loss :  6.124594803905487
Epoch :  56  Epoch time :  39.36084880307317  Train L2 Loss :  6.094831069374084
Epoch :  57  Epoch time :  39.39857226796448  Train L2 Loss :  6.045115791082382
Epoch :  58  Epoch time :  39.48739944305271  Train L2 Loss :  6.008979810190201
Epoch :  59  Epoch time :  39.44424562621862  Train L2 Loss :  5.982583413028717
Epoch :  60  Epoch time :  39.11656951904297  Train L2 Loss :  5.9617261743545535
Epoch :  61  Epoch time :  37.79746421147138  Train L2 Loss :  5.931411414003372
Epoch :  62  Epoch time :  37.844565213657916  Train L2 Loss :  5.899104281330109
Epoch :  63  Epoch time :  37.78157487977296  Train L2 Loss :  5.916351792430878
Epoch :  64  Epoch time :  37.86834245827049  Train L2 Loss :  5.851064424490929
Epoch :  65  Epoch time :  37.679696798324585  Train L2 Loss :  5.828319389057159
Epoch :  66  Epoch time :  37.82832328695804  Train L2 Loss :  5.814342867159843
Epoch :  67  Epoch time :  37.75786687619984  Train L2 Loss :  5.816630659008026
Epoch :  68  Epoch time :  37.9842389235273  Train L2 Loss :  5.752721262598038
Epoch :  69  Epoch time :  37.862358468584716  Train L2 Loss :  5.76935049366951
Epoch :  70  Epoch time :  37.73512894101441  Train L2 Loss :  5.735971927022934
Epoch :  71  Epoch time :  37.79904995020479  Train L2 Loss :  5.685364845323563
Epoch :  72  Epoch time :  37.75581723079085  Train L2 Loss :  5.699985911512375
Epoch :  73  Epoch time :  37.71621581260115  Train L2 Loss :  5.645034788751603
Epoch :  74  Epoch time :  37.8493763403967  Train L2 Loss :  5.6500008092880245
Epoch :  75  Epoch time :  37.69257744401693  Train L2 Loss :  5.624098724937439
Epoch :  76  Epoch time :  37.7390253925696  Train L2 Loss :  5.629889092803001
Epoch :  77  Epoch time :  37.760432130657136  Train L2 Loss :  5.561428367233276
Epoch :  78  Epoch time :  37.646232234314084  Train L2 Loss :  5.551491448259354
Epoch :  79  Epoch time :  37.69420895073563  Train L2 Loss :  5.529152246332169
Epoch :  80  Epoch time :  37.857669041492045  Train L2 Loss :  5.504525872421264
Epoch :  81  Epoch time :  37.619875892065465  Train L2 Loss :  5.494198439908027
Epoch :  82  Epoch time :  37.72801806498319  Train L2 Loss :  5.470930703067779
Epoch :  83  Epoch time :  37.66560456994921  Train L2 Loss :  5.44896679816246
Epoch :  84  Epoch time :  37.71545157767832  Train L2 Loss :  5.427895098495483
Epoch :  85  Epoch time :  37.63974590227008  Train L2 Loss :  5.413094664239884
Epoch :  86  Epoch time :  37.535082462243736  Train L2 Loss :  5.40932650809288
Epoch :  87  Epoch time :  37.63730280473828  Train L2 Loss :  5.399706233727932
Epoch :  88  Epoch time :  37.60809447616339  Train L2 Loss :  5.349580794763565
Epoch :  89  Epoch time :  37.52572842128575  Train L2 Loss :  5.361401668548584
Epoch :  90  Epoch time :  37.68053238932043  Train L2 Loss :  5.3452524639129635
Epoch :  91  Epoch time :  37.605573082342744  Train L2 Loss :  5.321136753082276
Epoch :  92  Epoch time :  38.64571536984295  Train L2 Loss :  5.31628174173832
Epoch :  93  Epoch time :  38.15271199122071  Train L2 Loss :  5.278526447892189
Epoch :  94  Epoch time :  37.98626550287008  Train L2 Loss :  5.2721190420627595
Epoch :  95  Epoch time :  38.08450241666287  Train L2 Loss :  5.259580149459839
Epoch :  96  Epoch time :  38.12864510528743  Train L2 Loss :  5.262932266139984
Epoch :  97  Epoch time :  37.97264774143696  Train L2 Loss :  5.224240612006187
Epoch :  98  Epoch time :  38.16670718975365  Train L2 Loss :  5.219797387218476
Epoch :  99  Epoch time :  38.12535349559039  Train L2 Loss :  5.182594130277634
Epoch :  100  Epoch time :  38.06472167093307  Train L2 Loss :  3.7318402991592885
Epoch :  101  Epoch time :  38.07731172814965  Train L2 Loss :  3.5088677914977073
Epoch :  102  Epoch time :  38.01596701424569  Train L2 Loss :  3.429769130766392
Epoch :  103  Epoch time :  38.00961866695434  Train L2 Loss :  3.4066203635573387
Epoch :  104  Epoch time :  38.078626435250044  Train L2 Loss :  3.3746608442783357
Epoch :  105  Epoch time :  38.65555355977267  Train L2 Loss :  3.3718890955358742
Epoch :  106  Epoch time :  38.12563587818295  Train L2 Loss :  3.374748375558853
Epoch :  107  Epoch time :  38.022233134135604  Train L2 Loss :  3.3668240223944186
Epoch :  108  Epoch time :  38.0603315923363  Train L2 Loss :  3.3352399931907653
Epoch :  109  Epoch time :  38.00063380878419  Train L2 Loss :  3.33287888174057
Epoch :  110  Epoch time :  37.99448777642101  Train L2 Loss :  3.3324754735708235
Epoch :  111  Epoch time :  38.15545780118555  Train L2 Loss :  3.3071198681116103
Epoch :  112  Epoch time :  38.08153852634132  Train L2 Loss :  3.3033648406267164
Epoch :  113  Epoch time :  38.056068601086736  Train L2 Loss :  3.307929474914074
Epoch :  114  Epoch time :  38.16564457397908  Train L2 Loss :  3.300308331847191
Epoch :  115  Epoch time :  38.19732842501253  Train L2 Loss :  3.2975012125253675
Epoch :  116  Epoch time :  38.27342134620994  Train L2 Loss :  3.292337263059616
Epoch :  117  Epoch time :  38.28382664453238  Train L2 Loss :  3.2792356522917747
Epoch :  118  Epoch time :  38.114490003325045  Train L2 Loss :  3.2849325003504752
Epoch :  119  Epoch time :  38.24655285477638  Train L2 Loss :  3.2673989488244057
Epoch :  120  Epoch time :  38.294098518788815  Train L2 Loss :  3.27468579890728
Epoch :  121  Epoch time :  38.13090528547764  Train L2 Loss :  3.27208709192276
Epoch :  122  Epoch time :  38.20088889822364  Train L2 Loss :  3.255501024645567
Epoch :  123  Epoch time :  38.13819941878319  Train L2 Loss :  3.2775935101270677
Epoch :  124  Epoch time :  38.21296268329024  Train L2 Loss :  3.264339868307114
Epoch :  125  Epoch time :  38.275800090283155  Train L2 Loss :  3.2483121163249016
Epoch :  126  Epoch time :  38.30568511411548  Train L2 Loss :  3.238102430033684
Epoch :  127  Epoch time :  38.24177334923297  Train L2 Loss :  3.251615848827362
Epoch :  128  Epoch time :  38.27778098266572  Train L2 Loss :  3.241998212492466
Epoch :  129  Epoch time :  38.37269520480186  Train L2 Loss :  3.232179331368208
Epoch :  130  Epoch time :  38.29968812037259  Train L2 Loss :  3.241925193798542
Epoch :  131  Epoch time :  38.28259141650051  Train L2 Loss :  3.248653683191538
Epoch :  132  Epoch time :  38.39480111002922  Train L2 Loss :  3.209450765991211
Epoch :  133  Epoch time :  38.27071605529636  Train L2 Loss :  3.2330319778442385
Epoch :  134  Epoch time :  38.420533733442426  Train L2 Loss :  3.2143674259543418
Epoch :  135  Epoch time :  38.36242705117911  Train L2 Loss :  3.21822110581398
Epoch :  136  Epoch time :  38.895347034558654  Train L2 Loss :  3.210099309551716
Epoch :  137  Epoch time :  39.940259595401585  Train L2 Loss :  3.2126144954323768
Epoch :  138  Epoch time :  40.14338574651629  Train L2 Loss :  3.2109535122513773
Epoch :  139  Epoch time :  39.934572676196694  Train L2 Loss :  3.2001626854479315
Epoch :  140  Epoch time :  39.95189445000142  Train L2 Loss :  3.1980106124192478
Epoch :  141  Epoch time :  39.98167074471712  Train L2 Loss :  3.1991077771067618
Epoch :  142  Epoch time :  39.98103639483452  Train L2 Loss :  3.1733030923604963
Epoch :  143  Epoch time :  39.885492673143744  Train L2 Loss :  3.1860549223065378
Epoch :  144  Epoch time :  40.03871238324791  Train L2 Loss :  3.185176095622778
Epoch :  145  Epoch time :  40.15487612877041  Train L2 Loss :  3.1842328042507173
Epoch :  146  Epoch time :  39.9841394033283  Train L2 Loss :  3.194616834282875
Epoch :  147  Epoch time :  40.02253136411309  Train L2 Loss :  3.1655625297427177
Epoch :  148  Epoch time :  40.15297121554613  Train L2 Loss :  3.1661980127215386
Epoch :  149  Epoch time :  40.02325463294983  Train L2 Loss :  3.1809898641228678
Epoch :  150  Epoch time :  40.029043888673186  Train L2 Loss :  3.169761490547657
Epoch :  151  Epoch time :  39.95909544825554  Train L2 Loss :  3.1611159564852715
Epoch :  152  Epoch time :  40.00622223224491  Train L2 Loss :  3.1593780621767045
Epoch :  153  Epoch time :  39.9970859317109  Train L2 Loss :  3.1720118227094414
Epoch :  154  Epoch time :  40.04401671141386  Train L2 Loss :  3.149250152182579
Epoch :  155  Epoch time :  39.84951235726476  Train L2 Loss :  3.1445458150267602
Epoch :  156  Epoch time :  40.05983289796859  Train L2 Loss :  3.1489652239739896
Epoch :  157  Epoch time :  39.975923146121204  Train L2 Loss :  3.1526452442765236
Epoch :  158  Epoch time :  40.011145376600325  Train L2 Loss :  3.148226768887043
Epoch :  159  Epoch time :  40.030958876013756  Train L2 Loss :  3.1540313381910323
Epoch :  160  Epoch time :  39.99606517609209  Train L2 Loss :  3.1373355850100517
Epoch :  161  Epoch time :  39.943970208987594  Train L2 Loss :  3.147820185947418
Epoch :  162  Epoch time :  39.45557008031756  Train L2 Loss :  3.1480559982538225
Epoch :  163  Epoch time :  38.4058818584308  Train L2 Loss :  3.150108135831356
Epoch :  164  Epoch time :  38.46405452117324  Train L2 Loss :  3.1371658449351787
Epoch :  165  Epoch time :  38.35962932463735  Train L2 Loss :  3.1371009928822517
Epoch :  166  Epoch time :  38.48497582320124  Train L2 Loss :  3.1179142099440096
Epoch :  167  Epoch time :  38.459867601282895  Train L2 Loss :  3.1344683157324793
Epoch :  168  Epoch time :  38.47642137017101  Train L2 Loss :  3.1215244384229184
Epoch :  169  Epoch time :  38.4026995152235  Train L2 Loss :  3.123972811460495
Epoch :  170  Epoch time :  38.513032485730946  Train L2 Loss :  3.113013633698225
Epoch :  171  Epoch time :  38.56561228726059  Train L2 Loss :  3.1060180305838583
Epoch :  172  Epoch time :  38.37185451388359  Train L2 Loss :  3.1131308424949644
Epoch :  173  Epoch time :  38.50758231896907  Train L2 Loss :  3.111577654802799
Epoch :  174  Epoch time :  38.52603333070874  Train L2 Loss :  3.115128317308426
Epoch :  175  Epoch time :  38.47718520369381  Train L2 Loss :  3.1210743634462355
Epoch :  176  Epoch time :  39.66603806242347  Train L2 Loss :  3.116024615931511
Epoch :  177  Epoch time :  40.08446225523949  Train L2 Loss :  3.0924515083193778
Epoch :  178  Epoch time :  38.45671785250306  Train L2 Loss :  3.0938488329172134
Epoch :  179  Epoch time :  38.54048897884786  Train L2 Loss :  3.079433182144165
Epoch :  180  Epoch time :  38.69173089042306  Train L2 Loss :  3.096431298458576
Epoch :  181  Epoch time :  38.43714167736471  Train L2 Loss :  3.0716087816357613
Epoch :  182  Epoch time :  38.83591803442687  Train L2 Loss :  3.089121326363087
Epoch :  183  Epoch time :  38.51213437784463  Train L2 Loss :  3.0691170571684836
Epoch :  184  Epoch time :  38.49603171274066  Train L2 Loss :  3.06618557523489
Epoch :  185  Epoch time :  38.58168806042522  Train L2 Loss :  3.0658886049866676
Epoch :  186  Epoch time :  38.49308626353741  Train L2 Loss :  3.0906846631884575
Epoch :  187  Epoch time :  38.55653354525566  Train L2 Loss :  3.0866313488125803
Epoch :  188  Epoch time :  39.24999267421663  Train L2 Loss :  3.063300021147728
Epoch :  189  Epoch time :  38.13451240025461  Train L2 Loss :  3.086346435749531
Epoch :  190  Epoch time :  38.013521226122975  Train L2 Loss :  3.0731354283332823
Epoch :  191  Epoch time :  37.88401564117521  Train L2 Loss :  3.055240254354477
Epoch :  192  Epoch time :  37.85024530347437  Train L2 Loss :  3.0706969546854497
Epoch :  193  Epoch time :  37.886310109868646  Train L2 Loss :  3.0541551356077195
Epoch :  194  Epoch time :  37.95026250369847  Train L2 Loss :  3.0682291548371317
Epoch :  195  Epoch time :  37.9166410760954  Train L2 Loss :  3.0607560932040214
Epoch :  196  Epoch time :  38.050139958038926  Train L2 Loss :  3.052849524331093
Epoch :  197  Epoch time :  37.773486180230975  Train L2 Loss :  3.0482619337379933
Epoch :  198  Epoch time :  37.94384783226997  Train L2 Loss :  3.0408415616989135
Epoch :  199  Epoch time :  37.91893443465233  Train L2 Loss :  3.0464045125603674
Total time is : 7720.039880511351 Total epoch is  200
