Input dim :  201  output dim :  1
Start training 
21313
Epoch :  0  Epoch time :  45.45092904660851  Train L2 Loss :  38.98361881904602
Epoch :  1  Epoch time :  44.561545114032924  Train L2 Loss :  19.5357790681839
Epoch :  2  Epoch time :  45.20367573108524  Train L2 Loss :  16.997237572669984
Epoch :  3  Epoch time :  45.2433684496209  Train L2 Loss :  15.620888257408142
Epoch :  4  Epoch time :  45.71839923225343  Train L2 Loss :  14.7257999751091
Epoch :  5  Epoch time :  46.8703048536554  Train L2 Loss :  13.95809588317871
Epoch :  6  Epoch time :  46.99328532349318  Train L2 Loss :  13.331178807640075
Epoch :  7  Epoch time :  46.73583014681935  Train L2 Loss :  12.841051182556152
Epoch :  8  Epoch time :  46.303301389329135  Train L2 Loss :  12.406069145965576
Epoch :  9  Epoch time :  46.7394448146224  Train L2 Loss :  12.032934694671631
Epoch :  10  Epoch time :  47.739849482662976  Train L2 Loss :  11.73564124507904
Epoch :  11  Epoch time :  47.23895151540637  Train L2 Loss :  11.460669604682922
Epoch :  12  Epoch time :  48.04350607935339  Train L2 Loss :  11.203358924388885
Epoch :  13  Epoch time :  47.768280503340065  Train L2 Loss :  10.971132209205628
Epoch :  14  Epoch time :  48.01980374567211  Train L2 Loss :  10.767790940713882
Epoch :  15  Epoch time :  48.17940364032984  Train L2 Loss :  10.545817122411728
Epoch :  16  Epoch time :  48.09320525918156  Train L2 Loss :  10.387576847791673
Epoch :  17  Epoch time :  48.29058885201812  Train L2 Loss :  10.235278999900817
Epoch :  18  Epoch time :  48.18790350947529  Train L2 Loss :  10.021453783988953
Epoch :  19  Epoch time :  48.5250638211146  Train L2 Loss :  9.89944096312523
Epoch :  20  Epoch time :  47.234514094889164  Train L2 Loss :  9.781350319099426
Epoch :  21  Epoch time :  47.787768330425024  Train L2 Loss :  9.632074086761474
Epoch :  22  Epoch time :  47.86197948735207  Train L2 Loss :  9.501543033218384
Epoch :  23  Epoch time :  47.24086802452803  Train L2 Loss :  9.37662719321251
Epoch :  24  Epoch time :  47.660075773485005  Train L2 Loss :  9.240894454574585
Epoch :  25  Epoch time :  47.62181791383773  Train L2 Loss :  9.14152676267624
Epoch :  26  Epoch time :  48.1920621721074  Train L2 Loss :  9.041372432613374
Epoch :  27  Epoch time :  48.472558175213635  Train L2 Loss :  8.929944550466537
Epoch :  28  Epoch time :  48.23709146492183  Train L2 Loss :  8.830283524990081
Epoch :  29  Epoch time :  47.48259372077882  Train L2 Loss :  8.759860313796997
Epoch :  30  Epoch time :  48.192825524136424  Train L2 Loss :  8.63720766863823
Epoch :  31  Epoch time :  48.14080142322928  Train L2 Loss :  8.576728108119964
Epoch :  32  Epoch time :  47.58898110128939  Train L2 Loss :  8.517139834523201
Epoch :  33  Epoch time :  47.91887275315821  Train L2 Loss :  8.418824586105346
Epoch :  34  Epoch time :  48.11651016399264  Train L2 Loss :  8.354197749710083
Epoch :  35  Epoch time :  48.63773282151669  Train L2 Loss :  8.311026363420487
Epoch :  36  Epoch time :  47.81715562753379  Train L2 Loss :  8.251444065999985
Epoch :  37  Epoch time :  48.14276104141027  Train L2 Loss :  8.209935317206384
Epoch :  38  Epoch time :  48.209225931204855  Train L2 Loss :  8.136014831447602
Epoch :  39  Epoch time :  48.7985151167959  Train L2 Loss :  8.095405718231202
Epoch :  40  Epoch time :  47.94632670097053  Train L2 Loss :  8.003943269824981
Epoch :  41  Epoch time :  48.16691439319402  Train L2 Loss :  7.962515010261535
Epoch :  42  Epoch time :  48.0146083496511  Train L2 Loss :  7.925575790309906
Epoch :  43  Epoch time :  47.87439525406808  Train L2 Loss :  7.822697263050079
Epoch :  44  Epoch time :  48.16162803210318  Train L2 Loss :  7.799683333539963
Epoch :  45  Epoch time :  47.75320356152952  Train L2 Loss :  7.799911163806915
Epoch :  46  Epoch time :  47.91488806437701  Train L2 Loss :  7.702948714828492
Epoch :  47  Epoch time :  47.7065071426332  Train L2 Loss :  7.661983779239654
Epoch :  48  Epoch time :  47.93421761132777  Train L2 Loss :  7.584847382926941
Epoch :  49  Epoch time :  48.107880767434835  Train L2 Loss :  7.564651553869248
Epoch :  50  Epoch time :  48.126579529605806  Train L2 Loss :  7.539859455680848
Epoch :  51  Epoch time :  48.91191778052598  Train L2 Loss :  7.471533166122437
Epoch :  52  Epoch time :  48.4748249463737  Train L2 Loss :  7.4291060388565064
Epoch :  53  Epoch time :  48.17764278873801  Train L2 Loss :  7.4123958444595335
Epoch :  54  Epoch time :  48.85720066353679  Train L2 Loss :  7.359272699308395
Epoch :  55  Epoch time :  48.10101182106882  Train L2 Loss :  7.2854996001720425
Epoch :  56  Epoch time :  48.751304174773395  Train L2 Loss :  7.2691152854442596
Epoch :  57  Epoch time :  48.63660407718271  Train L2 Loss :  7.229926702952385
Epoch :  58  Epoch time :  48.736708000302315  Train L2 Loss :  7.214087671279907
Epoch :  59  Epoch time :  48.29081907495856  Train L2 Loss :  7.182559239435196
Epoch :  60  Epoch time :  47.88268211297691  Train L2 Loss :  7.147143859910965
Epoch :  61  Epoch time :  48.25829043891281  Train L2 Loss :  7.136216011762619
Epoch :  62  Epoch time :  48.496636596508324  Train L2 Loss :  7.073671960353852
Epoch :  63  Epoch time :  48.64454117976129  Train L2 Loss :  7.054831621599197
Epoch :  64  Epoch time :  48.697709751315415  Train L2 Loss :  7.042004489088058
Epoch :  65  Epoch time :  48.34839142207056  Train L2 Loss :  6.989160671710968
Epoch :  66  Epoch time :  50.44698230922222  Train L2 Loss :  6.953315516805649
Epoch :  67  Epoch time :  50.21764427702874  Train L2 Loss :  6.9289895175457
Epoch :  68  Epoch time :  49.795654110610485  Train L2 Loss :  6.932892463803292
Epoch :  69  Epoch time :  49.71137615107  Train L2 Loss :  6.862060621595383
Epoch :  70  Epoch time :  50.089099027216434  Train L2 Loss :  6.851521292972564
Epoch :  71  Epoch time :  50.53054161649197  Train L2 Loss :  6.825457199859619
Epoch :  72  Epoch time :  49.893607527948916  Train L2 Loss :  6.808737555217743
Epoch :  73  Epoch time :  50.79716446157545  Train L2 Loss :  6.769675597620011
Epoch :  74  Epoch time :  50.38317322451621  Train L2 Loss :  6.782684169244766
Epoch :  75  Epoch time :  50.54492022097111  Train L2 Loss :  6.710978097343445
Epoch :  76  Epoch time :  50.60740080755204  Train L2 Loss :  6.699179720497131
Epoch :  77  Epoch time :  50.464631848968565  Train L2 Loss :  6.6743862899780275
Epoch :  78  Epoch time :  49.5986808873713  Train L2 Loss :  6.673857065916061
Epoch :  79  Epoch time :  50.90338431112468  Train L2 Loss :  6.61209428024292
Epoch :  80  Epoch time :  49.84614078979939  Train L2 Loss :  6.63523715429306
Epoch :  81  Epoch time :  50.146160525269806  Train L2 Loss :  6.591451616001129
Epoch :  82  Epoch time :  49.57784975133836  Train L2 Loss :  6.57981306926012
Epoch :  83  Epoch time :  50.27909622620791  Train L2 Loss :  6.557249173116684
Epoch :  84  Epoch time :  51.09001733548939  Train L2 Loss :  6.530313640117646
Epoch :  85  Epoch time :  50.802898679859936  Train L2 Loss :  6.512645033407211
Epoch :  86  Epoch time :  50.80155898351222  Train L2 Loss :  6.476816727423668
Epoch :  87  Epoch time :  50.61095760203898  Train L2 Loss :  6.484996447587013
Epoch :  88  Epoch time :  48.78146816045046  Train L2 Loss :  6.465642297112942
Epoch :  89  Epoch time :  49.18174928613007  Train L2 Loss :  6.437152596521377
Epoch :  90  Epoch time :  49.05086357705295  Train L2 Loss :  6.44096773622036
Epoch :  91  Epoch time :  48.136159802787006  Train L2 Loss :  6.397832085847854
Epoch :  92  Epoch time :  50.37852198444307  Train L2 Loss :  6.3862706946372985
Epoch :  93  Epoch time :  50.860663243569434  Train L2 Loss :  6.373665243697166
Epoch :  94  Epoch time :  51.53468466363847  Train L2 Loss :  6.345461348962784
Epoch :  95  Epoch time :  51.21298968140036  Train L2 Loss :  6.329881383228302
Epoch :  96  Epoch time :  50.92785691097379  Train L2 Loss :  6.346457934880257
Epoch :  97  Epoch time :  50.26861717738211  Train L2 Loss :  6.3006602643013
Epoch :  98  Epoch time :  50.717301395721734  Train L2 Loss :  6.29230385723114
Epoch :  99  Epoch time :  50.06884619221091  Train L2 Loss :  6.263818980360031
Epoch :  100  Epoch time :  50.829599856399  Train L2 Loss :  5.105791800194979
Epoch :  101  Epoch time :  50.50021998118609  Train L2 Loss :  4.99526279938221
Epoch :  102  Epoch time :  48.410864897072315  Train L2 Loss :  4.949223724079132
Epoch :  103  Epoch time :  49.27501112408936  Train L2 Loss :  4.948707367002964
Epoch :  104  Epoch time :  48.734871410764754  Train L2 Loss :  4.937511566448212
Epoch :  105  Epoch time :  48.43286659009755  Train L2 Loss :  4.910907527327537
Epoch :  106  Epoch time :  48.43398938141763  Train L2 Loss :  4.9042246160268785
Epoch :  107  Epoch time :  48.96414047665894  Train L2 Loss :  4.894700284576416
Epoch :  108  Epoch time :  49.58698249422014  Train L2 Loss :  4.911374574232101
Epoch :  109  Epoch time :  49.24592957738787  Train L2 Loss :  4.887080334198475
Epoch :  110  Epoch time :  49.07131655421108  Train L2 Loss :  4.880318890833855
Epoch :  111  Epoch time :  49.642079358920455  Train L2 Loss :  4.868192088913918
Epoch :  112  Epoch time :  49.290660213679075  Train L2 Loss :  4.858876039171219
Epoch :  113  Epoch time :  48.76835969276726  Train L2 Loss :  4.857833973264694
Epoch :  114  Epoch time :  49.53645215090364  Train L2 Loss :  4.8493050094604495
Epoch :  115  Epoch time :  48.90040184929967  Train L2 Loss :  4.869473502469063
Epoch :  116  Epoch time :  49.441143612377346  Train L2 Loss :  4.8470406193614
Epoch :  117  Epoch time :  48.873522258363664  Train L2 Loss :  4.8341885464668275
Epoch :  118  Epoch time :  48.92357095424086  Train L2 Loss :  4.8355456932544705
Epoch :  119  Epoch time :  48.17321228701621  Train L2 Loss :  4.839443635034561
Epoch :  120  Epoch time :  49.69083891902119  Train L2 Loss :  4.823222987490892
Epoch :  121  Epoch time :  49.57229172810912  Train L2 Loss :  4.832378836011887
Epoch :  122  Epoch time :  48.71885543130338  Train L2 Loss :  4.8219372375249865
Epoch :  123  Epoch time :  48.96399032790214  Train L2 Loss :  4.8000781226158145
Epoch :  124  Epoch time :  49.13431185670197  Train L2 Loss :  4.810367009735107
Epoch :  125  Epoch time :  49.313210640102625  Train L2 Loss :  4.818348969459533
Epoch :  126  Epoch time :  49.22593187727034  Train L2 Loss :  4.820983162021637
Epoch :  127  Epoch time :  49.55906471423805  Train L2 Loss :  4.793621024560928
Epoch :  128  Epoch time :  49.226499900221825  Train L2 Loss :  4.7901464619994165
Epoch :  129  Epoch time :  50.18987935781479  Train L2 Loss :  4.785885381221771
Epoch :  130  Epoch time :  50.43552191462368  Train L2 Loss :  4.787696341371536
Epoch :  131  Epoch time :  50.0027721375227  Train L2 Loss :  4.7824870838165285
Epoch :  132  Epoch time :  49.42224640306085  Train L2 Loss :  4.776311182999611
Epoch :  133  Epoch time :  49.804689639247954  Train L2 Loss :  4.77854098829031
Epoch :  134  Epoch time :  50.09253594279289  Train L2 Loss :  4.7737951602458955
Epoch :  135  Epoch time :  49.68346843775362  Train L2 Loss :  4.7795956744909285
Epoch :  136  Epoch time :  50.26605838350952  Train L2 Loss :  4.770822435498237
Epoch :  137  Epoch time :  49.65490613039583  Train L2 Loss :  4.752403764152527
Epoch :  138  Epoch time :  49.93081886600703  Train L2 Loss :  4.746054204797745
Epoch :  139  Epoch time :  50.379688169807196  Train L2 Loss :  4.758718997454643
Epoch :  140  Epoch time :  49.8737110896036  Train L2 Loss :  4.757417712771892
Epoch :  141  Epoch time :  49.241530414670706  Train L2 Loss :  4.758307660722733
Epoch :  142  Epoch time :  50.129347298294306  Train L2 Loss :  4.748032215547561
Epoch :  143  Epoch time :  49.99402740970254  Train L2 Loss :  4.766167911458015
Epoch :  144  Epoch time :  49.70523109007627  Train L2 Loss :  4.737975089597702
Epoch :  145  Epoch time :  50.02641695551574  Train L2 Loss :  4.739516106069088
Epoch :  146  Epoch time :  49.32322360947728  Train L2 Loss :  4.737468240268528
Epoch :  147  Epoch time :  50.59345794748515  Train L2 Loss :  4.72264087266922
Epoch :  148  Epoch time :  50.15682862792164  Train L2 Loss :  4.7332815803527835
Epoch :  149  Epoch time :  49.5883791744709  Train L2 Loss :  4.719056003665924
Epoch :  150  Epoch time :  50.88660374749452  Train L2 Loss :  4.7232621693611145
Epoch :  151  Epoch time :  50.6407110420987  Train L2 Loss :  4.711485993361473
Epoch :  152  Epoch time :  50.43471347074956  Train L2 Loss :  4.715271866726876
Epoch :  153  Epoch time :  50.50168172176927  Train L2 Loss :  4.710462037813664
Epoch :  154  Epoch time :  50.883218326605856  Train L2 Loss :  4.708443571805954
Epoch :  155  Epoch time :  50.13292413484305  Train L2 Loss :  4.7172823576450345
Epoch :  156  Epoch time :  50.4483379246667  Train L2 Loss :  4.720312384921312
Epoch :  157  Epoch time :  50.44011227414012  Train L2 Loss :  4.699654279255867
Epoch :  158  Epoch time :  49.88982435129583  Train L2 Loss :  4.709508722639084
Epoch :  159  Epoch time :  50.516838810406625  Train L2 Loss :  4.711485674476624
Epoch :  160  Epoch time :  49.92010083049536  Train L2 Loss :  4.691787254619598
Epoch :  161  Epoch time :  50.681140082888305  Train L2 Loss :  4.692856485033035
Epoch :  162  Epoch time :  50.69378732983023  Train L2 Loss :  4.693545303654671
Epoch :  163  Epoch time :  50.191940216347575  Train L2 Loss :  4.696432631850243
Epoch :  164  Epoch time :  50.81950847711414  Train L2 Loss :  4.675738788294792
Epoch :  165  Epoch time :  50.22151867020875  Train L2 Loss :  4.677951797175408
Epoch :  166  Epoch time :  50.204414861276746  Train L2 Loss :  4.6726293799877165
Epoch :  167  Epoch time :  50.15807293448597  Train L2 Loss :  4.681908180117607
Epoch :  168  Epoch time :  49.96262421272695  Train L2 Loss :  4.66210629491806
Epoch :  169  Epoch time :  50.22903166804463  Train L2 Loss :  4.657423804211617
Epoch :  170  Epoch time :  50.56796794105321  Train L2 Loss :  4.663013092875481
Epoch :  171  Epoch time :  50.24529140908271  Train L2 Loss :  4.6598380525112155
Epoch :  172  Epoch time :  49.4038108503446  Train L2 Loss :  4.65718256534338
Epoch :  173  Epoch time :  50.10661414731294  Train L2 Loss :  4.660852725338936
Epoch :  174  Epoch time :  50.3948063198477  Train L2 Loss :  4.657346011042595
Epoch :  175  Epoch time :  51.00873121526092  Train L2 Loss :  4.660563044756651
Epoch :  176  Epoch time :  51.36223841458559  Train L2 Loss :  4.6581592602729796
Epoch :  177  Epoch time :  51.28420007135719  Train L2 Loss :  4.653066951799393
Epoch :  178  Epoch time :  51.6147826006636  Train L2 Loss :  4.630530197525024
Epoch :  179  Epoch time :  51.253439981490374  Train L2 Loss :  4.624418338727951
Epoch :  180  Epoch time :  51.22990912385285  Train L2 Loss :  4.65181062155962
Epoch :  181  Epoch time :  51.279916680417955  Train L2 Loss :  4.637079845875502
Epoch :  182  Epoch time :  50.93491690047085  Train L2 Loss :  4.641542705392838
Epoch :  183  Epoch time :  51.00533498637378  Train L2 Loss :  4.634794280958175
Epoch :  184  Epoch time :  51.73478526901454  Train L2 Loss :  4.629927450442314
Epoch :  185  Epoch time :  51.24358731787652  Train L2 Loss :  4.632175820064544
Epoch :  186  Epoch time :  51.45280583202839  Train L2 Loss :  4.638508460617065
Epoch :  187  Epoch time :  51.69820423517376  Train L2 Loss :  4.623680482769013
Epoch :  188  Epoch time :  52.34263787698001  Train L2 Loss :  4.616357943177223
Epoch :  189  Epoch time :  51.289097734726965  Train L2 Loss :  4.634835850191116
Epoch :  190  Epoch time :  51.43638862669468  Train L2 Loss :  4.612966858005524
Epoch :  191  Epoch time :  51.05960856098682  Train L2 Loss :  4.627192638206482
Epoch :  192  Epoch time :  51.86854226794094  Train L2 Loss :  4.617752483034134
Epoch :  193  Epoch time :  51.85085584037006  Train L2 Loss :  4.606010288834572
Epoch :  194  Epoch time :  51.33681264799088  Train L2 Loss :  4.60938399952054
Epoch :  195  Epoch time :  52.33188456110656  Train L2 Loss :  4.611596021866799
Epoch :  196  Epoch time :  51.821506541222334  Train L2 Loss :  4.604269125366211
Epoch :  197  Epoch time :  52.37521096225828  Train L2 Loss :  4.610062117767334
Epoch :  198  Epoch time :  52.14402266591787  Train L2 Loss :  4.593773161649704
Epoch :  199  Epoch time :  52.2812736062333  Train L2 Loss :  4.595132684111595
Total time is : 9885.312626552768 Total epoch is  200
