Input dim :  201  output dim :  1
Start training 
3793
Epoch :  0  Epoch time :  45.60650144517422  Train L2 Loss :  47.07987096214294
Epoch :  1  Epoch time :  45.91057468671352  Train L2 Loss :  24.117581155014037
Epoch :  2  Epoch time :  46.8611173806712  Train L2 Loss :  21.38993010110855
Epoch :  3  Epoch time :  47.53054228797555  Train L2 Loss :  20.05448827266693
Epoch :  4  Epoch time :  47.35003122501075  Train L2 Loss :  19.010130519914625
Epoch :  5  Epoch time :  47.85772665031254  Train L2 Loss :  18.005886041259764
Epoch :  6  Epoch time :  48.649368858896196  Train L2 Loss :  17.12208299074173
Epoch :  7  Epoch time :  47.5046026725322  Train L2 Loss :  16.356158053016664
Epoch :  8  Epoch time :  48.05344583187252  Train L2 Loss :  15.734708372306823
Epoch :  9  Epoch time :  49.37314764037728  Train L2 Loss :  15.266397034358977
Epoch :  10  Epoch time :  48.998282925225794  Train L2 Loss :  14.854900338745118
Epoch :  11  Epoch time :  49.30063002649695  Train L2 Loss :  14.518215491485595
Epoch :  12  Epoch time :  48.752228889614344  Train L2 Loss :  14.244400318527221
Epoch :  13  Epoch time :  48.22128551546484  Train L2 Loss :  14.001026123809815
Epoch :  14  Epoch time :  49.386485232040286  Train L2 Loss :  13.788013672351838
Epoch :  15  Epoch time :  49.035287914797664  Train L2 Loss :  13.57834804944992
Epoch :  16  Epoch time :  49.72119240090251  Train L2 Loss :  13.386067442131042
Epoch :  17  Epoch time :  49.84599061869085  Train L2 Loss :  13.207863883209228
Epoch :  18  Epoch time :  50.375627076253295  Train L2 Loss :  13.037428706264496
Epoch :  19  Epoch time :  49.62872821185738  Train L2 Loss :  12.852457395839691
Epoch :  20  Epoch time :  49.760443571954966  Train L2 Loss :  12.743316333961486
Epoch :  21  Epoch time :  49.43169595953077  Train L2 Loss :  12.578465359783173
Epoch :  22  Epoch time :  50.39472800400108  Train L2 Loss :  12.513484283971787
Epoch :  23  Epoch time :  52.10138231795281  Train L2 Loss :  12.392694982242585
Epoch :  24  Epoch time :  51.10708003118634  Train L2 Loss :  12.303363834095002
Epoch :  25  Epoch time :  52.48131828196347  Train L2 Loss :  12.210853548431396
Epoch :  26  Epoch time :  51.419671851210296  Train L2 Loss :  12.111022542572021
Epoch :  27  Epoch time :  48.77958684973419  Train L2 Loss :  12.02889158115387
Epoch :  28  Epoch time :  49.28841025661677  Train L2 Loss :  11.988630667209625
Epoch :  29  Epoch time :  50.29301286768168  Train L2 Loss :  11.912117109155655
Epoch :  30  Epoch time :  50.005014680325985  Train L2 Loss :  11.818248514032364
Epoch :  31  Epoch time :  49.68909062165767  Train L2 Loss :  11.750309201097489
Epoch :  32  Epoch time :  49.23927192669362  Train L2 Loss :  11.681399064278603
Epoch :  33  Epoch time :  50.313612626865506  Train L2 Loss :  11.570245603084564
Epoch :  34  Epoch time :  50.03928079735488  Train L2 Loss :  11.41934276652336
Epoch :  35  Epoch time :  50.35316967405379  Train L2 Loss :  11.319775572443008
Epoch :  36  Epoch time :  50.30089600197971  Train L2 Loss :  11.199658049535751
Epoch :  37  Epoch time :  50.81589729618281  Train L2 Loss :  11.151847369670868
Epoch :  38  Epoch time :  50.63900563586503  Train L2 Loss :  11.07982882373333
Epoch :  39  Epoch time :  50.24986768513918  Train L2 Loss :  11.013896686267852
Epoch :  40  Epoch time :  50.581583921797574  Train L2 Loss :  10.958078085422516
Epoch :  41  Epoch time :  49.759078418836  Train L2 Loss :  10.883897776031494
Epoch :  42  Epoch time :  50.0852986574173  Train L2 Loss :  10.816927376937866
Epoch :  43  Epoch time :  50.8650163449347  Train L2 Loss :  10.799755627822876
Epoch :  44  Epoch time :  49.92665343824774  Train L2 Loss :  10.758059614038467
Epoch :  45  Epoch time :  50.53375606331974  Train L2 Loss :  10.749173371243478
Epoch :  46  Epoch time :  50.25947733223438  Train L2 Loss :  10.678524860525132
Epoch :  47  Epoch time :  50.15655544959009  Train L2 Loss :  10.629339686965942
Epoch :  48  Epoch time :  50.58116754516959  Train L2 Loss :  10.612440724754334
Epoch :  49  Epoch time :  49.942467420361936  Train L2 Loss :  10.554653779935837
Epoch :  50  Epoch time :  50.0808429075405  Train L2 Loss :  10.535400998783112
Epoch :  51  Epoch time :  49.33577167149633  Train L2 Loss :  10.49382455072403
Epoch :  52  Epoch time :  50.07500136643648  Train L2 Loss :  10.453129580593108
Epoch :  53  Epoch time :  50.3625632962212  Train L2 Loss :  10.392935611963273
Epoch :  54  Epoch time :  50.91277474164963  Train L2 Loss :  10.393503167533874
Epoch :  55  Epoch time :  49.42159276083112  Train L2 Loss :  10.356663361263275
Epoch :  56  Epoch time :  49.25520705059171  Train L2 Loss :  10.318957566165924
Epoch :  57  Epoch time :  50.43515595141798  Train L2 Loss :  10.328708064603806
Epoch :  58  Epoch time :  50.722678661346436  Train L2 Loss :  10.249783664131165
Epoch :  59  Epoch time :  50.788520521484315  Train L2 Loss :  10.232727013969422
Epoch :  60  Epoch time :  50.51749298162758  Train L2 Loss :  10.200271041440963
Epoch :  61  Epoch time :  50.6848717648536  Train L2 Loss :  10.190975893306732
Epoch :  62  Epoch time :  50.31049169879407  Train L2 Loss :  10.11996961467266
Epoch :  63  Epoch time :  50.70991614740342  Train L2 Loss :  10.117850093841552
Epoch :  64  Epoch time :  50.594332076609135  Train L2 Loss :  10.09216335630417
Epoch :  65  Epoch time :  50.428286246955395  Train L2 Loss :  10.036085595703126
Epoch :  66  Epoch time :  52.479361274279654  Train L2 Loss :  9.990981441116332
Epoch :  67  Epoch time :  52.06989579554647  Train L2 Loss :  9.994624781274796
Epoch :  68  Epoch time :  52.489486526697874  Train L2 Loss :  9.939259807109833
Epoch :  69  Epoch time :  52.023437136784196  Train L2 Loss :  9.933738598442078
Epoch :  70  Epoch time :  50.545346398837864  Train L2 Loss :  9.922464273643493
Epoch :  71  Epoch time :  50.11576222255826  Train L2 Loss :  9.900429209804535
Epoch :  72  Epoch time :  49.539136964827776  Train L2 Loss :  9.906527950811386
Epoch :  73  Epoch time :  50.05202449206263  Train L2 Loss :  9.862278169441224
Epoch :  74  Epoch time :  50.33175000734627  Train L2 Loss :  9.853646561717987
Epoch :  75  Epoch time :  50.571618310175836  Train L2 Loss :  9.81418096394539
Epoch :  76  Epoch time :  49.92820880189538  Train L2 Loss :  9.809598939371108
Epoch :  77  Epoch time :  49.93686893675476  Train L2 Loss :  9.778169142532349
Epoch :  78  Epoch time :  49.81904827803373  Train L2 Loss :  9.764536873912812
Epoch :  79  Epoch time :  49.68061814084649  Train L2 Loss :  9.751067986726762
Epoch :  80  Epoch time :  50.670804526656866  Train L2 Loss :  9.720157230758668
Epoch :  81  Epoch time :  50.07270631939173  Train L2 Loss :  9.716021297860145
Epoch :  82  Epoch time :  50.6441205162555  Train L2 Loss :  9.7427997443676
Epoch :  83  Epoch time :  50.21856653969735  Train L2 Loss :  9.651958761787414
Epoch :  84  Epoch time :  50.20929214172065  Train L2 Loss :  9.675597591447831
Epoch :  85  Epoch time :  50.11638291645795  Train L2 Loss :  9.617849160766601
Epoch :  86  Epoch time :  49.80672006402165  Train L2 Loss :  9.617714171981811
Epoch :  87  Epoch time :  50.44144852925092  Train L2 Loss :  9.633782706212997
Epoch :  88  Epoch time :  50.33067662920803  Train L2 Loss :  9.587505692481995
Epoch :  89  Epoch time :  50.39116125460714  Train L2 Loss :  9.600465110588074
Epoch :  90  Epoch time :  50.392835887148976  Train L2 Loss :  9.563760240221024
Epoch :  91  Epoch time :  50.246260083280504  Train L2 Loss :  9.544980736732484
Epoch :  92  Epoch time :  50.58999682869762  Train L2 Loss :  9.537512478590012
Epoch :  93  Epoch time :  49.701423722319305  Train L2 Loss :  9.532798494052887
Epoch :  94  Epoch time :  50.42666084039956  Train L2 Loss :  9.475853654241561
Epoch :  95  Epoch time :  49.90788434911519  Train L2 Loss :  9.458936061286927
Epoch :  96  Epoch time :  50.408200811594725  Train L2 Loss :  9.463101954841614
Epoch :  97  Epoch time :  50.00078995153308  Train L2 Loss :  9.455384509944915
Epoch :  98  Epoch time :  50.90771999210119  Train L2 Loss :  9.46473009700775
Epoch :  99  Epoch time :  50.526753813028336  Train L2 Loss :  9.408633096313476
Epoch :  100  Epoch time :  50.373039106838405  Train L2 Loss :  8.29833487291336
Epoch :  101  Epoch time :  51.168455611914396  Train L2 Loss :  8.227304576945304
Epoch :  102  Epoch time :  51.09834164287895  Train L2 Loss :  8.20064155664444
Epoch :  103  Epoch time :  51.112993620336056  Train L2 Loss :  8.175820766258239
Epoch :  104  Epoch time :  51.24194169882685  Train L2 Loss :  8.165862695598602
Epoch :  105  Epoch time :  50.717958176508546  Train L2 Loss :  8.162502469229699
Epoch :  106  Epoch time :  50.9747431371361  Train L2 Loss :  8.151142826747895
Epoch :  107  Epoch time :  50.92192538268864  Train L2 Loss :  8.144108499336243
Epoch :  108  Epoch time :  50.02418328728527  Train L2 Loss :  8.13866164894104
Epoch :  109  Epoch time :  50.238856146112084  Train L2 Loss :  8.12789410328865
Epoch :  110  Epoch time :  50.61903331428766  Train L2 Loss :  8.129595752763748
Epoch :  111  Epoch time :  50.46567525714636  Train L2 Loss :  8.114256492757796
Epoch :  112  Epoch time :  50.55319753754884  Train L2 Loss :  8.122896360111236
Epoch :  113  Epoch time :  50.75344893336296  Train L2 Loss :  8.10071140358448
Epoch :  114  Epoch time :  50.99884823616594  Train L2 Loss :  8.106311748933791
Epoch :  115  Epoch time :  50.89094491396099  Train L2 Loss :  8.089272407150268
Epoch :  116  Epoch time :  50.805841899476945  Train L2 Loss :  8.077699834346772
Epoch :  117  Epoch time :  50.96979190967977  Train L2 Loss :  8.08679392399788
Epoch :  118  Epoch time :  50.74107275158167  Train L2 Loss :  8.09072698135376
Epoch :  119  Epoch time :  50.96361386589706  Train L2 Loss :  8.081736463356018
Epoch :  120  Epoch time :  51.075746808201075  Train L2 Loss :  8.062368046855926
Epoch :  121  Epoch time :  50.62747976183891  Train L2 Loss :  8.049033398914338
Epoch :  122  Epoch time :  50.36114387959242  Train L2 Loss :  8.059414804661275
Epoch :  123  Epoch time :  50.17440658714622  Train L2 Loss :  8.050368926739692
Epoch :  124  Epoch time :  51.09603340178728  Train L2 Loss :  8.059022388887405
Epoch :  125  Epoch time :  50.19061567541212  Train L2 Loss :  8.045867377090454
Epoch :  126  Epoch time :  50.865343794226646  Train L2 Loss :  8.024273180103302
Epoch :  127  Epoch time :  51.13019524142146  Train L2 Loss :  8.032064462530613
Epoch :  128  Epoch time :  50.76226803660393  Train L2 Loss :  8.021652626085281
Epoch :  129  Epoch time :  50.634823743253946  Train L2 Loss :  8.010437338590622
Epoch :  130  Epoch time :  51.291469880379736  Train L2 Loss :  8.033076714849472
Epoch :  131  Epoch time :  51.075478287413716  Train L2 Loss :  8.008043657684325
Epoch :  132  Epoch time :  50.74406166933477  Train L2 Loss :  8.02711286020279
Epoch :  133  Epoch time :  50.28502045478672  Train L2 Loss :  8.009648151874542
Epoch :  134  Epoch time :  50.93321032077074  Train L2 Loss :  8.011002461242676
Epoch :  135  Epoch time :  51.05802792403847  Train L2 Loss :  7.992687604856491
Epoch :  136  Epoch time :  51.043241657316685  Train L2 Loss :  8.008743430185318
Epoch :  137  Epoch time :  51.82953805010766  Train L2 Loss :  8.008761971211433
Epoch :  138  Epoch time :  50.583707328885794  Train L2 Loss :  7.9824593290448185
Epoch :  139  Epoch time :  47.93759987410158  Train L2 Loss :  8.001702972269058
Epoch :  140  Epoch time :  49.39377318974584  Train L2 Loss :  7.998458567380905
Epoch :  141  Epoch time :  50.20075195282698  Train L2 Loss :  7.9983893975734714
Epoch :  142  Epoch time :  50.417151188477874  Train L2 Loss :  7.987087286806107
Epoch :  143  Epoch time :  49.65479883272201  Train L2 Loss :  7.981561721897125
Epoch :  144  Epoch time :  49.6998158916831  Train L2 Loss :  7.979616786098481
Epoch :  145  Epoch time :  50.93902911338955  Train L2 Loss :  7.966463810634613
Epoch :  146  Epoch time :  50.786257923580706  Train L2 Loss :  7.976585577392578
Epoch :  147  Epoch time :  50.560814782977104  Train L2 Loss :  7.975172885370254
Epoch :  148  Epoch time :  50.29476389847696  Train L2 Loss :  7.958084839224815
Epoch :  149  Epoch time :  51.98251919914037  Train L2 Loss :  7.959654332065583
Epoch :  150  Epoch time :  56.78780133277178  Train L2 Loss :  7.9626459341526035
Epoch :  151  Epoch time :  55.348442079499364  Train L2 Loss :  7.957172945547104
Epoch :  152  Epoch time :  54.67055377177894  Train L2 Loss :  7.9549043440818785
Epoch :  153  Epoch time :  55.99668294657022  Train L2 Loss :  7.956288943099976
Epoch :  154  Epoch time :  52.30069612059742  Train L2 Loss :  7.954205966758728
Epoch :  155  Epoch time :  53.46249217540026  Train L2 Loss :  7.952964500045776
Epoch :  156  Epoch time :  50.34791269805282  Train L2 Loss :  7.953268451571464
Epoch :  157  Epoch time :  53.39672515913844  Train L2 Loss :  7.943418519902229
Epoch :  158  Epoch time :  53.420110162347555  Train L2 Loss :  7.939978670167923
Epoch :  159  Epoch time :  50.33249403163791  Train L2 Loss :  7.91695725402832
Epoch :  160  Epoch time :  52.53628959786147  Train L2 Loss :  7.942366193437576
Epoch :  161  Epoch time :  51.655483176000416  Train L2 Loss :  7.935839773249626
Epoch :  162  Epoch time :  52.210390652529895  Train L2 Loss :  7.933269040203094
Epoch :  163  Epoch time :  53.47742614708841  Train L2 Loss :  7.922399333953857
Epoch :  164  Epoch time :  52.579733974300325  Train L2 Loss :  7.917809683740139
Epoch :  165  Epoch time :  51.016658312641084  Train L2 Loss :  7.89780421590805
Epoch :  166  Epoch time :  51.75819075200707  Train L2 Loss :  7.9096428315162655
Epoch :  167  Epoch time :  52.35866751242429  Train L2 Loss :  7.894071688747406
Epoch :  168  Epoch time :  51.70511200558394  Train L2 Loss :  7.908146596050263
Epoch :  169  Epoch time :  51.28001547604799  Train L2 Loss :  7.882972734570504
Epoch :  170  Epoch time :  51.756182306446135  Train L2 Loss :  7.894277226281166
Epoch :  171  Epoch time :  51.29015715792775  Train L2 Loss :  7.887702541160584
Epoch :  172  Epoch time :  51.22957022115588  Train L2 Loss :  7.868962643051147
Epoch :  173  Epoch time :  51.48466602806002  Train L2 Loss :  7.867657447552681
Epoch :  174  Epoch time :  50.4947475772351  Train L2 Loss :  7.877713990020752
Epoch :  175  Epoch time :  50.28840711340308  Train L2 Loss :  7.871420900201797
Epoch :  176  Epoch time :  49.75489871390164  Train L2 Loss :  7.858407891654968
Epoch :  177  Epoch time :  50.25667763967067  Train L2 Loss :  7.8574244313716886
Epoch :  178  Epoch time :  50.358954545110464  Train L2 Loss :  7.87292570745945
Epoch :  179  Epoch time :  49.57644660118967  Train L2 Loss :  7.85728955335617
Epoch :  180  Epoch time :  49.79092660546303  Train L2 Loss :  7.840492338466644
Epoch :  181  Epoch time :  50.29998272098601  Train L2 Loss :  7.854079952740669
Epoch :  182  Epoch time :  49.80161068402231  Train L2 Loss :  7.849674947881699
Epoch :  183  Epoch time :  50.22227196674794  Train L2 Loss :  7.843224992322922
Epoch :  184  Epoch time :  49.516880369745195  Train L2 Loss :  7.8356126986145975
Epoch :  185  Epoch time :  50.071885482408106  Train L2 Loss :  7.827277675151825
Epoch :  186  Epoch time :  49.998023295775056  Train L2 Loss :  7.828677118349075
Epoch :  187  Epoch time :  49.8591916449368  Train L2 Loss :  7.835706239795685
Epoch :  188  Epoch time :  50.338865091092885  Train L2 Loss :  7.814948033618927
Epoch :  189  Epoch time :  50.28066581208259  Train L2 Loss :  7.831724769020081
Epoch :  190  Epoch time :  50.17022953927517  Train L2 Loss :  7.822338443136215
Epoch :  191  Epoch time :  50.70737093593925  Train L2 Loss :  7.8040899969339375
Epoch :  192  Epoch time :  50.30896525550634  Train L2 Loss :  7.8009113656044
Epoch :  193  Epoch time :  49.389820855110884  Train L2 Loss :  7.798292248439789
Epoch :  194  Epoch time :  49.376761387102306  Train L2 Loss :  7.795210739517212
Epoch :  195  Epoch time :  49.972076947800815  Train L2 Loss :  7.822894201946259
Epoch :  196  Epoch time :  49.8612661305815  Train L2 Loss :  7.794256343126297
Epoch :  197  Epoch time :  50.47402011603117  Train L2 Loss :  7.798612595748901
Epoch :  198  Epoch time :  50.473268686793745  Train L2 Loss :  7.796970322036743
Epoch :  199  Epoch time :  49.860810436308384  Train L2 Loss :  7.797682063961029
Total time is : 10094.80304399319 Total epoch is  200
