Input dim :  201  output dim :  1
Start training 
183553
Epoch :  0  Epoch time :  3.929550458677113  Train L2 Loss :  83.82330621948242
Epoch :  1  Epoch time :  3.7489210721105337  Train L2 Loss :  34.45166070251465
Epoch :  2  Epoch time :  3.7532779779285192  Train L2 Loss :  28.212900657653808
Epoch :  3  Epoch time :  3.754576194100082  Train L2 Loss :  25.402724522399904
Epoch :  4  Epoch time :  3.807415062561631  Train L2 Loss :  23.434851631164552
Epoch :  5  Epoch time :  3.8104325691238046  Train L2 Loss :  22.22546534576416
Epoch :  6  Epoch time :  3.8042086744681  Train L2 Loss :  21.183174433898927
Epoch :  7  Epoch time :  3.779903432354331  Train L2 Loss :  20.25939499053955
Epoch :  8  Epoch time :  3.84622672945261  Train L2 Loss :  19.59604883880615
Epoch :  9  Epoch time :  3.81833185069263  Train L2 Loss :  19.05147886505127
Epoch :  10  Epoch time :  3.861735550686717  Train L2 Loss :  18.372689643096923
Epoch :  11  Epoch time :  3.830957394093275  Train L2 Loss :  17.871271406555177
Epoch :  12  Epoch time :  3.850285494700074  Train L2 Loss :  17.61534868774414
Epoch :  13  Epoch time :  3.851551529020071  Train L2 Loss :  17.087577224731444
Epoch :  14  Epoch time :  3.844626424834132  Train L2 Loss :  16.81780819244385
Epoch :  15  Epoch time :  3.853271852247417  Train L2 Loss :  16.51246093673706
Epoch :  16  Epoch time :  3.8839386366307735  Train L2 Loss :  16.187283391571047
Epoch :  17  Epoch time :  3.851559342816472  Train L2 Loss :  15.971499405670166
Epoch :  18  Epoch time :  3.862463453784585  Train L2 Loss :  15.793962920379638
Epoch :  19  Epoch time :  3.869282557629049  Train L2 Loss :  15.34465897064209
Epoch :  20  Epoch time :  3.847994883544743  Train L2 Loss :  15.277329977416992
Epoch :  21  Epoch time :  3.872602009214461  Train L2 Loss :  15.107745630645752
Epoch :  22  Epoch time :  3.906324968673289  Train L2 Loss :  14.72635922164917
Epoch :  23  Epoch time :  3.9037758633494377  Train L2 Loss :  14.56576065750122
Epoch :  24  Epoch time :  3.8734011594206095  Train L2 Loss :  14.52666361694336
Epoch :  25  Epoch time :  3.9024001313373446  Train L2 Loss :  14.115358997344972
Epoch :  26  Epoch time :  3.9105285676196218  Train L2 Loss :  14.206683052062989
Epoch :  27  Epoch time :  3.9379839971661568  Train L2 Loss :  13.943829672241211
Epoch :  28  Epoch time :  3.915448769927025  Train L2 Loss :  13.714120498657227
Epoch :  29  Epoch time :  3.940067371353507  Train L2 Loss :  13.615416834259033
Epoch :  30  Epoch time :  3.948950342833996  Train L2 Loss :  13.426820222473145
Epoch :  31  Epoch time :  3.9675351064652205  Train L2 Loss :  13.273563799285888
Epoch :  32  Epoch time :  3.959307092241943  Train L2 Loss :  13.189168615722656
Epoch :  33  Epoch time :  3.971384429372847  Train L2 Loss :  13.142863942718506
Epoch :  34  Epoch time :  4.0010576313361526  Train L2 Loss :  13.003582301330566
Epoch :  35  Epoch time :  4.029669190756977  Train L2 Loss :  12.859831386566162
Epoch :  36  Epoch time :  3.9572098115459085  Train L2 Loss :  12.74689736328125
Epoch :  37  Epoch time :  3.9358214158564806  Train L2 Loss :  12.61092030029297
Epoch :  38  Epoch time :  3.9474837090820074  Train L2 Loss :  12.384231513977051
Epoch :  39  Epoch time :  3.962558353319764  Train L2 Loss :  12.423834044647217
Epoch :  40  Epoch time :  3.9527389351278543  Train L2 Loss :  12.3670033203125
Epoch :  41  Epoch time :  3.95530117303133  Train L2 Loss :  12.224630078125
Epoch :  42  Epoch time :  3.9836556669324636  Train L2 Loss :  12.093829167938232
Epoch :  43  Epoch time :  3.9713528035208583  Train L2 Loss :  11.965802122497559
Epoch :  44  Epoch time :  4.007655034773052  Train L2 Loss :  11.977353003692627
Epoch :  45  Epoch time :  3.968794848769903  Train L2 Loss :  11.763002571105957
Epoch :  46  Epoch time :  4.016312391497195  Train L2 Loss :  11.795212377929687
Epoch :  47  Epoch time :  4.017327651381493  Train L2 Loss :  11.663077452087402
Epoch :  48  Epoch time :  4.0170812932774425  Train L2 Loss :  11.554578662109375
Epoch :  49  Epoch time :  3.9958391645923257  Train L2 Loss :  11.625935810470581
Epoch :  50  Epoch time :  4.02387988101691  Train L2 Loss :  11.356708392333985
Epoch :  51  Epoch time :  4.045043376274407  Train L2 Loss :  11.287194932556153
Epoch :  52  Epoch time :  4.040073133073747  Train L2 Loss :  11.299234326934814
Epoch :  53  Epoch time :  4.021145850419998  Train L2 Loss :  11.234548105621338
Epoch :  54  Epoch time :  4.060605296865106  Train L2 Loss :  11.010273169708253
Epoch :  55  Epoch time :  4.065337497740984  Train L2 Loss :  11.195345521545411
Epoch :  56  Epoch time :  4.061687587760389  Train L2 Loss :  10.927563401794433
Epoch :  57  Epoch time :  4.050720741041005  Train L2 Loss :  11.071021555709839
Epoch :  58  Epoch time :  4.06458902079612  Train L2 Loss :  10.768873294067383
Epoch :  59  Epoch time :  4.072205721400678  Train L2 Loss :  10.8554120552063
Epoch :  60  Epoch time :  4.09091133531183  Train L2 Loss :  10.822195362472534
Epoch :  61  Epoch time :  4.0593595169484615  Train L2 Loss :  10.749203201293945
Epoch :  62  Epoch time :  4.079011581838131  Train L2 Loss :  10.652191214752197
Epoch :  63  Epoch time :  4.082897857762873  Train L2 Loss :  10.475892471313477
Epoch :  64  Epoch time :  4.098227720707655  Train L2 Loss :  10.703841652679444
Epoch :  65  Epoch time :  4.062641624361277  Train L2 Loss :  10.58131662826538
Epoch :  66  Epoch time :  4.108795405365527  Train L2 Loss :  10.510082986831666
Epoch :  67  Epoch time :  4.091241627931595  Train L2 Loss :  10.345106074523926
Epoch :  68  Epoch time :  4.097086043097079  Train L2 Loss :  10.300193842315673
Epoch :  69  Epoch time :  4.098554193973541  Train L2 Loss :  10.334681651306152
Epoch :  70  Epoch time :  4.127486704848707  Train L2 Loss :  10.19655742301941
Epoch :  71  Epoch time :  4.122562900185585  Train L2 Loss :  10.186820933532715
Epoch :  72  Epoch time :  4.114474821835756  Train L2 Loss :  10.14031474533081
Epoch :  73  Epoch time :  4.124275526963174  Train L2 Loss :  10.144128588867188
Epoch :  74  Epoch time :  4.135078425519168  Train L2 Loss :  10.082601629638672
Epoch :  75  Epoch time :  4.124808373861015  Train L2 Loss :  10.029251554870605
Epoch :  76  Epoch time :  4.12251752614975  Train L2 Loss :  10.046473332214356
Epoch :  77  Epoch time :  4.111050994135439  Train L2 Loss :  9.962947915840148
Epoch :  78  Epoch time :  4.094190194271505  Train L2 Loss :  9.89464621887207
Epoch :  79  Epoch time :  4.113290971145034  Train L2 Loss :  9.848703176879884
Epoch :  80  Epoch time :  4.135162697173655  Train L2 Loss :  9.734269860076905
Epoch :  81  Epoch time :  4.130181540735066  Train L2 Loss :  9.644159594726563
Epoch :  82  Epoch time :  4.104167956858873  Train L2 Loss :  9.708464640808106
Epoch :  83  Epoch time :  4.121556538157165  Train L2 Loss :  9.685189315032959
Epoch :  84  Epoch time :  4.135369738563895  Train L2 Loss :  9.619363987350464
Epoch :  85  Epoch time :  4.133438249118626  Train L2 Loss :  9.601457602691651
Epoch :  86  Epoch time :  4.121468743309379  Train L2 Loss :  9.509564234161378
Epoch :  87  Epoch time :  4.141740538179874  Train L2 Loss :  9.558329660034179
Epoch :  88  Epoch time :  4.142728295177221  Train L2 Loss :  9.554476448059082
Epoch :  89  Epoch time :  4.139210448600352  Train L2 Loss :  9.489095097351074
Epoch :  90  Epoch time :  4.113739710301161  Train L2 Loss :  9.4075779006958
Epoch :  91  Epoch time :  4.132327515631914  Train L2 Loss :  9.440794497680663
Epoch :  92  Epoch time :  4.147543242201209  Train L2 Loss :  9.3738776927948
Epoch :  93  Epoch time :  4.145520588383079  Train L2 Loss :  9.30173494796753
Epoch :  94  Epoch time :  4.121442246250808  Train L2 Loss :  9.32834549484253
Epoch :  95  Epoch time :  4.146806942299008  Train L2 Loss :  9.299783645629883
Epoch :  96  Epoch time :  4.149314487352967  Train L2 Loss :  9.177006636810303
Epoch :  97  Epoch time :  4.154882217757404  Train L2 Loss :  9.188731941986084
Epoch :  98  Epoch time :  4.1587687795981765  Train L2 Loss :  9.255835815620422
Epoch :  99  Epoch time :  4.1264208955690265  Train L2 Loss :  9.075694439506531
Epoch :  100  Epoch time :  4.157600933685899  Train L2 Loss :  6.589380323028564
Epoch :  101  Epoch time :  4.157075585797429  Train L2 Loss :  6.277434720611573
Epoch :  102  Epoch time :  4.172595280222595  Train L2 Loss :  6.203715982627869
Epoch :  103  Epoch time :  4.175520093180239  Train L2 Loss :  6.136050630950928
Epoch :  104  Epoch time :  4.162764457985759  Train L2 Loss :  6.10412333946228
Epoch :  105  Epoch time :  4.15803278516978  Train L2 Loss :  6.0694703823089595
Epoch :  106  Epoch time :  4.154785027727485  Train L2 Loss :  6.019942651367187
Epoch :  107  Epoch time :  4.132300905883312  Train L2 Loss :  5.980024785614014
Epoch :  108  Epoch time :  4.16332717332989  Train L2 Loss :  5.920159887695313
Epoch :  109  Epoch time :  4.163929956033826  Train L2 Loss :  5.956829333877564
Epoch :  110  Epoch time :  4.166632609441876  Train L2 Loss :  5.891207488250733
Epoch :  111  Epoch time :  4.132150590419769  Train L2 Loss :  5.896005969619751
Epoch :  112  Epoch time :  4.1747455867007375  Train L2 Loss :  5.857100748825073
Epoch :  113  Epoch time :  4.169772231020033  Train L2 Loss :  5.860594662284851
Epoch :  114  Epoch time :  4.163336169905961  Train L2 Loss :  5.8955447902679445
Epoch :  115  Epoch time :  4.150754033587873  Train L2 Loss :  5.8647786800384525
Epoch :  116  Epoch time :  4.175541419535875  Train L2 Loss :  5.799262614822387
Epoch :  117  Epoch time :  4.169052494689822  Train L2 Loss :  5.6759919235229495
Epoch :  118  Epoch time :  4.1689605405554175  Train L2 Loss :  5.797618961334228
Epoch :  119  Epoch time :  4.154149943031371  Train L2 Loss :  5.78848630027771
Epoch :  120  Epoch time :  4.177031360566616  Train L2 Loss :  5.795429408836365
Epoch :  121  Epoch time :  4.1714348047971725  Train L2 Loss :  5.761367951965332
Epoch :  122  Epoch time :  4.169752788729966  Train L2 Loss :  5.75921982421875
Epoch :  123  Epoch time :  4.14745669066906  Train L2 Loss :  5.77267568359375
Epoch :  124  Epoch time :  4.175388652831316  Train L2 Loss :  5.753629465103149
Epoch :  125  Epoch time :  4.183609236031771  Train L2 Loss :  5.756115393447876
Epoch :  126  Epoch time :  4.176901339553297  Train L2 Loss :  5.766504561042786
Epoch :  127  Epoch time :  4.174859301187098  Train L2 Loss :  5.675157444763183
Epoch :  128  Epoch time :  4.163608286529779  Train L2 Loss :  5.703643286895752
Epoch :  129  Epoch time :  4.1840896448120475  Train L2 Loss :  5.674993209838867
Epoch :  130  Epoch time :  4.198166327551007  Train L2 Loss :  5.725613723754883
Epoch :  131  Epoch time :  4.194260605610907  Train L2 Loss :  5.687738953495026
Epoch :  132  Epoch time :  4.168195530772209  Train L2 Loss :  5.639511240005493
Epoch :  133  Epoch time :  4.18658718559891  Train L2 Loss :  5.749535277557373
Epoch :  134  Epoch time :  4.181628120131791  Train L2 Loss :  5.63948185749054
Epoch :  135  Epoch time :  4.18499234970659  Train L2 Loss :  5.66049730052948
Epoch :  136  Epoch time :  4.169662621803582  Train L2 Loss :  5.620657639694214
Epoch :  137  Epoch time :  4.187808005139232  Train L2 Loss :  5.688960538101196
Epoch :  138  Epoch time :  4.192045453004539  Train L2 Loss :  5.676931006622315
Epoch :  139  Epoch time :  4.201646799221635  Train L2 Loss :  5.5779954650878905
Epoch :  140  Epoch time :  4.1642766715958714  Train L2 Loss :  5.6311906036376955
Epoch :  141  Epoch time :  4.183673060499132  Train L2 Loss :  5.746169747924805
Epoch :  142  Epoch time :  4.203433668240905  Train L2 Loss :  5.625685256385803
Epoch :  143  Epoch time :  4.212943811900914  Train L2 Loss :  5.616311697006226
Epoch :  144  Epoch time :  4.1869007255882025  Train L2 Loss :  5.640658280181885
Epoch :  145  Epoch time :  4.19955288246274  Train L2 Loss :  5.561558995819092
Epoch :  146  Epoch time :  4.191941116936505  Train L2 Loss :  5.599068125534058
Epoch :  147  Epoch time :  4.1882303562015295  Train L2 Loss :  5.540337509155274
Epoch :  148  Epoch time :  4.178548761643469  Train L2 Loss :  5.633878496551514
Epoch :  149  Epoch time :  4.218971310183406  Train L2 Loss :  5.6383709033966065
Epoch :  150  Epoch time :  4.193663056008518  Train L2 Loss :  5.633585710334778
Epoch :  151  Epoch time :  4.196221925318241  Train L2 Loss :  5.565603955841064
Epoch :  152  Epoch time :  4.189404176548123  Train L2 Loss :  5.583136548233032
Epoch :  153  Epoch time :  4.203116728924215  Train L2 Loss :  5.507428406906128
Epoch :  154  Epoch time :  4.211587362922728  Train L2 Loss :  5.491632264328003
Epoch :  155  Epoch time :  4.2066788943484426  Train L2 Loss :  5.532183396911621
Epoch :  156  Epoch time :  4.189753859303892  Train L2 Loss :  5.5284801189422605
Epoch :  157  Epoch time :  4.188813821412623  Train L2 Loss :  5.574284328460694
Epoch :  158  Epoch time :  4.215449973940849  Train L2 Loss :  5.491366019058227
Epoch :  159  Epoch time :  4.202069032005966  Train L2 Loss :  5.5327977993011475
Epoch :  160  Epoch time :  4.210362861864269  Train L2 Loss :  5.5169481859207155
Epoch :  161  Epoch time :  4.182619481347501  Train L2 Loss :  5.463887979888916
Epoch :  162  Epoch time :  4.214285532012582  Train L2 Loss :  5.52615856590271
Epoch :  163  Epoch time :  4.203919664025307  Train L2 Loss :  5.5111177597045895
Epoch :  164  Epoch time :  4.217574924230576  Train L2 Loss :  5.515673187255859
Epoch :  165  Epoch time :  4.19155675265938  Train L2 Loss :  5.4275416591644285
Epoch :  166  Epoch time :  4.229420428164303  Train L2 Loss :  5.511402415657043
Epoch :  167  Epoch time :  4.218927089124918  Train L2 Loss :  5.434190292358398
Epoch :  168  Epoch time :  4.214524230919778  Train L2 Loss :  5.417325342178345
Epoch :  169  Epoch time :  4.187582777813077  Train L2 Loss :  5.4825865167617795
Epoch :  170  Epoch time :  4.217601125128567  Train L2 Loss :  5.467761568641663
Epoch :  171  Epoch time :  4.207672420889139  Train L2 Loss :  5.432333832931518
Epoch :  172  Epoch time :  4.235048801638186  Train L2 Loss :  5.481055944824218
Epoch :  173  Epoch time :  4.184839851222932  Train L2 Loss :  5.42605092086792
Epoch :  174  Epoch time :  4.2270872090011835  Train L2 Loss :  5.492229379272461
Epoch :  175  Epoch time :  4.213065422140062  Train L2 Loss :  5.44992954711914
Epoch :  176  Epoch time :  4.213078488595784  Train L2 Loss :  5.462660292434692
Epoch :  177  Epoch time :  4.18580258730799  Train L2 Loss :  5.385593234634399
Epoch :  178  Epoch time :  4.222457427531481  Train L2 Loss :  5.385366581916809
Epoch :  179  Epoch time :  4.222042076289654  Train L2 Loss :  5.402763623809815
Epoch :  180  Epoch time :  4.239700550213456  Train L2 Loss :  5.419155114173889
Epoch :  181  Epoch time :  4.199690553359687  Train L2 Loss :  5.404796655464172
Epoch :  182  Epoch time :  4.235804527997971  Train L2 Loss :  5.392725091171265
Epoch :  183  Epoch time :  4.216863113455474  Train L2 Loss :  5.4053518623352055
Epoch :  184  Epoch time :  4.23177491966635  Train L2 Loss :  5.274028006744385
Epoch :  185  Epoch time :  4.210031141526997  Train L2 Loss :  5.4393304204940796
Epoch :  186  Epoch time :  4.2081717094406486  Train L2 Loss :  5.3707250705719
Epoch :  187  Epoch time :  4.218985513783991  Train L2 Loss :  5.343850642585754
Epoch :  188  Epoch time :  4.232696549035609  Train L2 Loss :  5.405620267677307
Epoch :  189  Epoch time :  4.218932027928531  Train L2 Loss :  5.417101067352295
Epoch :  190  Epoch time :  4.198765113949776  Train L2 Loss :  5.288871934509277
Epoch :  191  Epoch time :  4.23827070184052  Train L2 Loss :  5.3618191009521485
Epoch :  192  Epoch time :  4.2266779989004135  Train L2 Loss :  5.321323240661621
Epoch :  193  Epoch time :  4.244115406647325  Train L2 Loss :  5.336658784294128
Epoch :  194  Epoch time :  4.210436698049307  Train L2 Loss :  5.383053730010986
Epoch :  195  Epoch time :  4.227475400082767  Train L2 Loss :  5.276101660919189
Epoch :  196  Epoch time :  4.243877248838544  Train L2 Loss :  5.3831490158081055
Epoch :  197  Epoch time :  4.239672217518091  Train L2 Loss :  5.30384271068573
Epoch :  198  Epoch time :  4.211227745749056  Train L2 Loss :  5.292044551467895
Epoch :  199  Epoch time :  4.231174192391336  Train L2 Loss :  5.351404233837128
Total time is : 819.9019836131483 Total epoch is  200
