Input dim :  201  output dim :  1
Start training 
629249
Epoch :  0  Epoch time :  3.998296889476478  Train L2 Loss :  79.91433170166016
Epoch :  1  Epoch time :  3.784161487594247  Train L2 Loss :  32.70636345977783
Epoch :  2  Epoch time :  3.7879627775400877  Train L2 Loss :  27.42835149078369
Epoch :  3  Epoch time :  3.7774173505604267  Train L2 Loss :  24.59206722717285
Epoch :  4  Epoch time :  3.8127144826576114  Train L2 Loss :  22.735552258300782
Epoch :  5  Epoch time :  3.816115071065724  Train L2 Loss :  21.46254066772461
Epoch :  6  Epoch time :  3.816514238715172  Train L2 Loss :  20.63947699584961
Epoch :  7  Epoch time :  3.796855275519192  Train L2 Loss :  19.759712409973144
Epoch :  8  Epoch time :  3.8757140757516026  Train L2 Loss :  18.944739863586427
Epoch :  9  Epoch time :  3.8543814877048135  Train L2 Loss :  18.538860087585448
Epoch :  10  Epoch time :  3.8649758771061897  Train L2 Loss :  17.97831742248535
Epoch :  11  Epoch time :  3.8711948776617646  Train L2 Loss :  17.592346412658692
Epoch :  12  Epoch time :  3.8488437784835696  Train L2 Loss :  17.188753228759765
Epoch :  13  Epoch time :  3.8874530410394073  Train L2 Loss :  16.604536001586915
Epoch :  14  Epoch time :  3.9055479895323515  Train L2 Loss :  16.57123449859619
Epoch :  15  Epoch time :  3.897564113140106  Train L2 Loss :  15.994278659057617
Epoch :  16  Epoch time :  3.8993954695761204  Train L2 Loss :  15.773309140014648
Epoch :  17  Epoch time :  3.9905389454215765  Train L2 Loss :  15.600685724639893
Epoch :  18  Epoch time :  3.989662296138704  Train L2 Loss :  15.168531175994874
Epoch :  19  Epoch time :  3.939033957198262  Train L2 Loss :  14.995712477111816
Epoch :  20  Epoch time :  3.9326252713799477  Train L2 Loss :  14.771171977233887
Epoch :  21  Epoch time :  3.946652346290648  Train L2 Loss :  14.54252645111084
Epoch :  22  Epoch time :  3.959494272246957  Train L2 Loss :  14.286332760620118
Epoch :  23  Epoch time :  3.9598376639187336  Train L2 Loss :  14.12047134399414
Epoch :  24  Epoch time :  3.9507173597812653  Train L2 Loss :  13.97732520904541
Epoch :  25  Epoch time :  3.9783457601442933  Train L2 Loss :  13.796811294555663
Epoch :  26  Epoch time :  3.9884897973388433  Train L2 Loss :  13.592271619796753
Epoch :  27  Epoch time :  3.998716433532536  Train L2 Loss :  13.349972351074218
Epoch :  28  Epoch time :  3.984184960834682  Train L2 Loss :  13.424987036895752
Epoch :  29  Epoch time :  4.014264138415456  Train L2 Loss :  13.1350178981781
Epoch :  30  Epoch time :  4.022409940138459  Train L2 Loss :  13.011027210235596
Epoch :  31  Epoch time :  4.023686373606324  Train L2 Loss :  12.947576072692872
Epoch :  32  Epoch time :  4.00060988869518  Train L2 Loss :  12.726301290893554
Epoch :  33  Epoch time :  4.025625720620155  Train L2 Loss :  12.6688667137146
Epoch :  34  Epoch time :  4.032526430673897  Train L2 Loss :  12.509411723327636
Epoch :  35  Epoch time :  4.022182991728187  Train L2 Loss :  12.44927894592285
Epoch :  36  Epoch time :  4.006971906870604  Train L2 Loss :  12.326223155212402
Epoch :  37  Epoch time :  4.025596986524761  Train L2 Loss :  12.18751051940918
Epoch :  38  Epoch time :  4.027531803585589  Train L2 Loss :  12.00573927230835
Epoch :  39  Epoch time :  4.035015998408198  Train L2 Loss :  12.060527565002442
Epoch :  40  Epoch time :  4.030557916499674  Train L2 Loss :  11.964712912750244
Epoch :  41  Epoch time :  4.022913593798876  Train L2 Loss :  11.803739111328126
Epoch :  42  Epoch time :  4.050285493023694  Train L2 Loss :  11.78284599533081
Epoch :  43  Epoch time :  4.047655226662755  Train L2 Loss :  11.57148443069458
Epoch :  44  Epoch time :  4.061834804713726  Train L2 Loss :  11.500737261962891
Epoch :  45  Epoch time :  4.0318896900862455  Train L2 Loss :  11.360503691482544
Epoch :  46  Epoch time :  4.061982593499124  Train L2 Loss :  11.419396237945557
Epoch :  47  Epoch time :  4.064692044630647  Train L2 Loss :  11.390809300994873
Epoch :  48  Epoch time :  4.066379953175783  Train L2 Loss :  11.141218821716308
Epoch :  49  Epoch time :  4.040051395073533  Train L2 Loss :  11.154575957870483
Epoch :  50  Epoch time :  4.072124322876334  Train L2 Loss :  10.974877970886231
Epoch :  51  Epoch time :  4.06749236676842  Train L2 Loss :  10.913372914123535
Epoch :  52  Epoch time :  4.07858623098582  Train L2 Loss :  10.940974587249755
Epoch :  53  Epoch time :  4.0561928655952215  Train L2 Loss :  10.891895597076417
Epoch :  54  Epoch time :  4.081407985650003  Train L2 Loss :  10.594649878692627
Epoch :  55  Epoch time :  4.0799661027267575  Train L2 Loss :  10.655957636260986
Epoch :  56  Epoch time :  4.091885362751782  Train L2 Loss :  10.561289967346191
Epoch :  57  Epoch time :  4.057669665664434  Train L2 Loss :  10.647761670684815
Epoch :  58  Epoch time :  4.091589754447341  Train L2 Loss :  10.546374821472169
Epoch :  59  Epoch time :  4.086086819879711  Train L2 Loss :  10.432527104187011
Epoch :  60  Epoch time :  4.089761968702078  Train L2 Loss :  10.434885289001464
Epoch :  61  Epoch time :  4.07930423412472  Train L2 Loss :  10.359348428344726
Epoch :  62  Epoch time :  4.095862163230777  Train L2 Loss :  10.222988939666749
Epoch :  63  Epoch time :  4.087138898670673  Train L2 Loss :  10.262412859344483
Epoch :  64  Epoch time :  4.096084984950721  Train L2 Loss :  10.230337187957764
Epoch :  65  Epoch time :  4.071071337908506  Train L2 Loss :  10.159655240631103
Epoch :  66  Epoch time :  4.108036914840341  Train L2 Loss :  9.931349837112426
Epoch :  67  Epoch time :  4.097534574568272  Train L2 Loss :  10.059578441619873
Epoch :  68  Epoch time :  4.1055835681036115  Train L2 Loss :  9.892446674728394
Epoch :  69  Epoch time :  4.089040790684521  Train L2 Loss :  10.024383573913575
Epoch :  70  Epoch time :  4.0857531344518065  Train L2 Loss :  9.863525176239014
Epoch :  71  Epoch time :  4.101858799345791  Train L2 Loss :  9.783319308471679
Epoch :  72  Epoch time :  4.108853763900697  Train L2 Loss :  9.793840206909179
Epoch :  73  Epoch time :  4.111227554269135  Train L2 Loss :  9.713654219055176
Epoch :  74  Epoch time :  4.089295402169228  Train L2 Loss :  9.67482597503662
Epoch :  75  Epoch time :  4.1295771058648825  Train L2 Loss :  9.722668189239503
Epoch :  76  Epoch time :  4.11789395660162  Train L2 Loss :  9.595864350891114
Epoch :  77  Epoch time :  4.112493807449937  Train L2 Loss :  9.546914315795899
Epoch :  78  Epoch time :  4.101302065886557  Train L2 Loss :  9.511118545532227
Epoch :  79  Epoch time :  4.121718523092568  Train L2 Loss :  9.465496015167236
Epoch :  80  Epoch time :  4.122986922971904  Train L2 Loss :  9.448472908782959
Epoch :  81  Epoch time :  4.130538105033338  Train L2 Loss :  9.28113402633667
Epoch :  82  Epoch time :  4.109314903616905  Train L2 Loss :  9.390515372467041
Epoch :  83  Epoch time :  4.136178070679307  Train L2 Loss :  9.323684716033936
Epoch :  84  Epoch time :  4.138687240891159  Train L2 Loss :  9.259618929290772
Epoch :  85  Epoch time :  4.128469517454505  Train L2 Loss :  9.210661112976075
Epoch :  86  Epoch time :  4.113000308163464  Train L2 Loss :  9.369213899230957
Epoch :  87  Epoch time :  4.140035337768495  Train L2 Loss :  9.203918740081788
Epoch :  88  Epoch time :  4.151943271048367  Train L2 Loss :  9.091575746154785
Epoch :  89  Epoch time :  4.138168856501579  Train L2 Loss :  9.148223920440675
Epoch :  90  Epoch time :  4.1283629992976785  Train L2 Loss :  9.04003546295166
Epoch :  91  Epoch time :  4.139701385982335  Train L2 Loss :  9.15046244506836
Epoch :  92  Epoch time :  4.15924727730453  Train L2 Loss :  8.90523271408081
Epoch :  93  Epoch time :  4.153251736424863  Train L2 Loss :  9.015884300994873
Epoch :  94  Epoch time :  4.129462517797947  Train L2 Loss :  8.966147120666504
Epoch :  95  Epoch time :  4.146248885430396  Train L2 Loss :  8.873051488494873
Epoch :  96  Epoch time :  4.152529696933925  Train L2 Loss :  8.94643505897522
Epoch :  97  Epoch time :  4.154902374371886  Train L2 Loss :  8.829207321166992
Epoch :  98  Epoch time :  4.154726427048445  Train L2 Loss :  8.763099070739747
Epoch :  99  Epoch time :  4.134442949667573  Train L2 Loss :  8.7382785446167
Epoch :  100  Epoch time :  4.163735436275601  Train L2 Loss :  6.305994261932373
Epoch :  101  Epoch time :  4.164580739103258  Train L2 Loss :  5.9362716892242435
Epoch :  102  Epoch time :  4.18609503377229  Train L2 Loss :  5.7894379432678225
Epoch :  103  Epoch time :  4.1810108833014965  Train L2 Loss :  5.856167865371704
Epoch :  104  Epoch time :  4.184778928756714  Train L2 Loss :  5.786827807617187
Epoch :  105  Epoch time :  4.182181127369404  Train L2 Loss :  5.797512770462036
Epoch :  106  Epoch time :  4.183307585306466  Train L2 Loss :  5.745558102607727
Epoch :  107  Epoch time :  4.151564582251012  Train L2 Loss :  5.667698736190796
Epoch :  108  Epoch time :  4.185983411036432  Train L2 Loss :  5.640437767791748
Epoch :  109  Epoch time :  4.18518680986017  Train L2 Loss :  5.602906827163697
Epoch :  110  Epoch time :  4.190037852153182  Train L2 Loss :  5.63064236831665
Epoch :  111  Epoch time :  4.170162706635892  Train L2 Loss :  5.625934865951538
Epoch :  112  Epoch time :  4.193021421320736  Train L2 Loss :  5.608608591842652
Epoch :  113  Epoch time :  4.18552593421191  Train L2 Loss :  5.580875617218018
Epoch :  114  Epoch time :  4.1946498192846775  Train L2 Loss :  5.52441183719635
Epoch :  115  Epoch time :  4.162790469825268  Train L2 Loss :  5.561668711090088
Epoch :  116  Epoch time :  4.2016838593408465  Train L2 Loss :  5.548365030670166
Epoch :  117  Epoch time :  4.200823199935257  Train L2 Loss :  5.526116436767578
Epoch :  118  Epoch time :  4.192300430499017  Train L2 Loss :  5.523261450004577
Epoch :  119  Epoch time :  4.17334165237844  Train L2 Loss :  5.429321106815338
Epoch :  120  Epoch time :  4.189184186980128  Train L2 Loss :  5.516869195556641
Epoch :  121  Epoch time :  4.193453191779554  Train L2 Loss :  5.509254159164429
Epoch :  122  Epoch time :  4.202135940082371  Train L2 Loss :  5.4657638916969296
Epoch :  123  Epoch time :  4.1723982486873865  Train L2 Loss :  5.442195223999024
Epoch :  124  Epoch time :  4.199692090041935  Train L2 Loss :  5.493375797319413
Epoch :  125  Epoch time :  4.20361149776727  Train L2 Loss :  5.389840225982666
Epoch :  126  Epoch time :  4.204739163629711  Train L2 Loss :  5.484889003372192
Epoch :  127  Epoch time :  4.191741452552378  Train L2 Loss :  5.392825393676758
Epoch :  128  Epoch time :  4.186138471588492  Train L2 Loss :  5.389499340820312
Epoch :  129  Epoch time :  4.220905889756978  Train L2 Loss :  5.424512367630005
Epoch :  130  Epoch time :  4.214083421975374  Train L2 Loss :  5.37086544342041
Epoch :  131  Epoch time :  4.2248046807944775  Train L2 Loss :  5.363946234512329
Epoch :  132  Epoch time :  4.1917353654280305  Train L2 Loss :  5.40433964138031
Epoch :  133  Epoch time :  4.225094577297568  Train L2 Loss :  5.306271531295776
Epoch :  134  Epoch time :  4.227331546135247  Train L2 Loss :  5.382268560409546
Epoch :  135  Epoch time :  4.220816606655717  Train L2 Loss :  5.457383726119995
Epoch :  136  Epoch time :  4.205056719481945  Train L2 Loss :  5.402294572067261
Epoch :  137  Epoch time :  4.221738466992974  Train L2 Loss :  5.340279456329346
Epoch :  138  Epoch time :  4.233426267281175  Train L2 Loss :  5.349704118347168
Epoch :  139  Epoch time :  4.220645586028695  Train L2 Loss :  5.355389610290527
Epoch :  140  Epoch time :  4.224822907708585  Train L2 Loss :  5.288339861297607
Epoch :  141  Epoch time :  4.241644909605384  Train L2 Loss :  5.293381204032898
Epoch :  142  Epoch time :  4.236326915211976  Train L2 Loss :  5.30675344696045
Epoch :  143  Epoch time :  4.243499192409217  Train L2 Loss :  5.33069599609375
Epoch :  144  Epoch time :  4.2173683336004615  Train L2 Loss :  5.359269877433777
Epoch :  145  Epoch time :  4.241334491409361  Train L2 Loss :  5.316011549568176
Epoch :  146  Epoch time :  4.240888091735542  Train L2 Loss :  5.30760109615326
Epoch :  147  Epoch time :  4.243856746703386  Train L2 Loss :  5.325798167800904
Epoch :  148  Epoch time :  4.2194435857236385  Train L2 Loss :  5.274147108268738
Epoch :  149  Epoch time :  4.237835423089564  Train L2 Loss :  5.300067672348023
Epoch :  150  Epoch time :  4.245560645125806  Train L2 Loss :  5.343272148895264
Epoch :  151  Epoch time :  4.239453999325633  Train L2 Loss :  5.317728824996948
Epoch :  152  Epoch time :  4.230463275685906  Train L2 Loss :  5.270942889022827
Epoch :  153  Epoch time :  4.25993384141475  Train L2 Loss :  5.35580986289978
Epoch :  154  Epoch time :  4.259048148058355  Train L2 Loss :  5.284350722122192
Epoch :  155  Epoch time :  4.248238439671695  Train L2 Loss :  5.3159873561859134
Epoch :  156  Epoch time :  4.249309499748051  Train L2 Loss :  5.234203819656372
Epoch :  157  Epoch time :  4.229719500988722  Train L2 Loss :  5.37989829788208
Epoch :  158  Epoch time :  4.2521168906241655  Train L2 Loss :  5.264643690490723
Epoch :  159  Epoch time :  4.27248843293637  Train L2 Loss :  5.226590634536743
Epoch :  160  Epoch time :  4.25508426502347  Train L2 Loss :  5.199758191299439
Epoch :  161  Epoch time :  4.266497174277902  Train L2 Loss :  5.278748680305481
Epoch :  162  Epoch time :  4.2531596487388015  Train L2 Loss :  5.289580563735962
Epoch :  163  Epoch time :  4.257728215306997  Train L2 Loss :  5.223629509735107
Epoch :  164  Epoch time :  4.2572913356125355  Train L2 Loss :  5.2017902000427245
Epoch :  165  Epoch time :  4.245602312497795  Train L2 Loss :  5.1581808242797855
Epoch :  166  Epoch time :  4.262124802917242  Train L2 Loss :  5.196003485870361
Epoch :  167  Epoch time :  4.2480760011821985  Train L2 Loss :  5.258447711181641
Epoch :  168  Epoch time :  4.258853740058839  Train L2 Loss :  5.1804393161773685
Epoch :  169  Epoch time :  4.238525228574872  Train L2 Loss :  5.135317193222046
Epoch :  170  Epoch time :  4.253558989614248  Train L2 Loss :  5.291273700428009
Epoch :  171  Epoch time :  4.252382063306868  Train L2 Loss :  5.192161114311218
Epoch :  172  Epoch time :  4.265294890850782  Train L2 Loss :  5.1321827514648435
Epoch :  173  Epoch time :  4.26778912357986  Train L2 Loss :  5.257271443176269
Epoch :  174  Epoch time :  4.259780878201127  Train L2 Loss :  5.122166118240356
Epoch :  175  Epoch time :  4.2492522448301315  Train L2 Loss :  5.1683149230957035
Epoch :  176  Epoch time :  4.268736788071692  Train L2 Loss :  5.090404388046265
Epoch :  177  Epoch time :  4.254563425667584  Train L2 Loss :  5.074228728103638
Epoch :  178  Epoch time :  4.27579789981246  Train L2 Loss :  5.121692448425293
Epoch :  179  Epoch time :  4.262932503595948  Train L2 Loss :  5.09615978565216
Epoch :  180  Epoch time :  4.272174981422722  Train L2 Loss :  5.13009280128479
Epoch :  181  Epoch time :  4.236525523476303  Train L2 Loss :  5.22223601474762
Epoch :  182  Epoch time :  4.266897939145565  Train L2 Loss :  5.082077376174927
Epoch :  183  Epoch time :  4.288742816075683  Train L2 Loss :  5.108876147079468
Epoch :  184  Epoch time :  4.266503596678376  Train L2 Loss :  5.07633892326355
Epoch :  185  Epoch time :  4.257269606925547  Train L2 Loss :  5.158335879898071
Epoch :  186  Epoch time :  4.250694261863828  Train L2 Loss :  5.191501912689209
Epoch :  187  Epoch time :  4.274146544747055  Train L2 Loss :  5.094276079559326
Epoch :  188  Epoch time :  4.274889382533729  Train L2 Loss :  5.045876452636719
Epoch :  189  Epoch time :  4.266905643045902  Train L2 Loss :  5.100699395179748
Epoch :  190  Epoch time :  4.2582490015774965  Train L2 Loss :  5.077778830337524
Epoch :  191  Epoch time :  4.267828403972089  Train L2 Loss :  5.062173371601105
Epoch :  192  Epoch time :  4.296599445864558  Train L2 Loss :  5.075647721099854
Epoch :  193  Epoch time :  4.269224084913731  Train L2 Loss :  5.082793029785156
Epoch :  194  Epoch time :  4.256297815591097  Train L2 Loss :  5.047852785491943
Epoch :  195  Epoch time :  4.2681305492296815  Train L2 Loss :  4.978427714920044
Epoch :  196  Epoch time :  4.288694644346833  Train L2 Loss :  5.07429557723999
Epoch :  197  Epoch time :  4.271311123855412  Train L2 Loss :  4.978610588073731
Epoch :  198  Epoch time :  4.244118198752403  Train L2 Loss :  5.106764010429382
Epoch :  199  Epoch time :  4.271839074790478  Train L2 Loss :  5.02970456161499
Total time is : 826.4930680794641 Total epoch is  200
