Input dim :  201  output dim :  1
Start training 
59009
Epoch :  0  Epoch time :  4.426330639049411  Train L2 Loss :  90.59135411987305
Epoch :  1  Epoch time :  4.263935609720647  Train L2 Loss :  34.926360446166996
Epoch :  2  Epoch time :  4.227076284587383  Train L2 Loss :  28.10242292327881
Epoch :  3  Epoch time :  4.237335544079542  Train L2 Loss :  25.072763461303712
Epoch :  4  Epoch time :  4.258028578013182  Train L2 Loss :  23.243419149780273
Epoch :  5  Epoch time :  4.271401369012892  Train L2 Loss :  21.827276165771483
Epoch :  6  Epoch time :  4.292707190848887  Train L2 Loss :  20.75142087173462
Epoch :  7  Epoch time :  4.270450540818274  Train L2 Loss :  19.978297344970702
Epoch :  8  Epoch time :  4.308684797026217  Train L2 Loss :  19.425599575805663
Epoch :  9  Epoch time :  4.330696206539869  Train L2 Loss :  18.703393460083007
Epoch :  10  Epoch time :  4.321969331242144  Train L2 Loss :  18.181908979797363
Epoch :  11  Epoch time :  4.321239563636482  Train L2 Loss :  17.80182626800537
Epoch :  12  Epoch time :  4.351868901401758  Train L2 Loss :  17.254713833618165
Epoch :  13  Epoch time :  4.3299396662041545  Train L2 Loss :  17.019144306182863
Epoch :  14  Epoch time :  4.365857911296189  Train L2 Loss :  16.870619688415527
Epoch :  15  Epoch time :  4.3444368382915854  Train L2 Loss :  16.361463172912597
Epoch :  16  Epoch time :  4.360901050269604  Train L2 Loss :  16.1216244430542
Epoch :  17  Epoch time :  4.358195525594056  Train L2 Loss :  15.83432818145752
Epoch :  18  Epoch time :  4.358173667453229  Train L2 Loss :  15.513036581420899
Epoch :  19  Epoch time :  4.379164128564298  Train L2 Loss :  15.436507454681397
Epoch :  20  Epoch time :  4.356445260345936  Train L2 Loss :  15.111601559448243
Epoch :  21  Epoch time :  4.381483077071607  Train L2 Loss :  14.775378565216064
Epoch :  22  Epoch time :  4.393590236082673  Train L2 Loss :  14.69309885635376
Epoch :  23  Epoch time :  4.406677719205618  Train L2 Loss :  14.58257720336914
Epoch :  24  Epoch time :  4.386454923078418  Train L2 Loss :  14.298775938415528
Epoch :  25  Epoch time :  4.416557919234037  Train L2 Loss :  14.279610048675536
Epoch :  26  Epoch time :  4.423156539909542  Train L2 Loss :  14.158768068695068
Epoch :  27  Epoch time :  4.425514672882855  Train L2 Loss :  13.871311351013183
Epoch :  28  Epoch time :  4.400716717354953  Train L2 Loss :  13.722234108734131
Epoch :  29  Epoch time :  4.442115957848728  Train L2 Loss :  13.58358405532837
Epoch :  30  Epoch time :  4.470506236888468  Train L2 Loss :  13.526071662902831
Epoch :  31  Epoch time :  4.461622008122504  Train L2 Loss :  13.185312397766113
Epoch :  32  Epoch time :  4.443546994589269  Train L2 Loss :  13.17089267730713
Epoch :  33  Epoch time :  4.48199075460434  Train L2 Loss :  12.991239495849609
Epoch :  34  Epoch time :  4.5098704202100635  Train L2 Loss :  13.002593103790284
Epoch :  35  Epoch time :  11.481260501779616  Train L2 Loss :  12.84761654586792
Epoch :  36  Epoch time :  4.619629838503897  Train L2 Loss :  12.666136313629151
Epoch :  37  Epoch time :  4.510195069015026  Train L2 Loss :  12.474671351623535
Epoch :  38  Epoch time :  4.507949583232403  Train L2 Loss :  12.526427265930176
Epoch :  39  Epoch time :  4.510490849614143  Train L2 Loss :  12.37778056640625
Epoch :  40  Epoch time :  4.487872957251966  Train L2 Loss :  12.321160528564453
Epoch :  41  Epoch time :  4.525582181289792  Train L2 Loss :  12.301788275146484
Epoch :  42  Epoch time :  4.527982045896351  Train L2 Loss :  12.180486354064941
Epoch :  43  Epoch time :  4.515074061229825  Train L2 Loss :  12.038045672607423
Epoch :  44  Epoch time :  4.530560680665076  Train L2 Loss :  11.93857854385376
Epoch :  45  Epoch time :  4.54690096154809  Train L2 Loss :  12.045267889404297
Epoch :  46  Epoch time :  4.626601132564247  Train L2 Loss :  11.712844848632812
Epoch :  47  Epoch time :  4.536133389919996  Train L2 Loss :  11.638256732177734
Epoch :  48  Epoch time :  4.6541480999439955  Train L2 Loss :  11.641886318969727
Epoch :  49  Epoch time :  4.298590703867376  Train L2 Loss :  11.601247732925415
Epoch :  50  Epoch time :  4.465132052078843  Train L2 Loss :  11.564122137451172
Epoch :  51  Epoch time :  4.311243949458003  Train L2 Loss :  11.549799167633056
Epoch :  52  Epoch time :  4.546802086755633  Train L2 Loss :  11.310210428619385
Epoch :  53  Epoch time :  4.521874498575926  Train L2 Loss :  11.233279613494872
Epoch :  54  Epoch time :  4.567768462002277  Train L2 Loss :  11.342459126663208
Epoch :  55  Epoch time :  4.557066139765084  Train L2 Loss :  11.204753163909912
Epoch :  56  Epoch time :  4.54441212490201  Train L2 Loss :  11.153783889389038
Epoch :  57  Epoch time :  4.533117954619229  Train L2 Loss :  10.92645295791626
Epoch :  58  Epoch time :  4.555496225133538  Train L2 Loss :  11.02848815765381
Epoch :  59  Epoch time :  4.563978398218751  Train L2 Loss :  10.85364568786621
Epoch :  60  Epoch time :  4.557211903855205  Train L2 Loss :  10.832684467315675
Epoch :  61  Epoch time :  4.544280336238444  Train L2 Loss :  10.86497391052246
Epoch :  62  Epoch time :  7.684542396105826  Train L2 Loss :  10.740410708236695
Epoch :  63  Epoch time :  6.582627528347075  Train L2 Loss :  10.628387830352784
Epoch :  64  Epoch time :  4.616340162232518  Train L2 Loss :  10.671739324188232
Epoch :  65  Epoch time :  4.577447321265936  Train L2 Loss :  10.612750969696044
Epoch :  66  Epoch time :  4.714634790085256  Train L2 Loss :  10.631783811187745
Epoch :  67  Epoch time :  4.835549990646541  Train L2 Loss :  10.50634006576538
Epoch :  68  Epoch time :  4.62526620645076  Train L2 Loss :  10.430271948242188
Epoch :  69  Epoch time :  4.555660764686763  Train L2 Loss :  10.35029176979065
Epoch :  70  Epoch time :  4.586083140224218  Train L2 Loss :  10.406739596557617
Epoch :  71  Epoch time :  4.5810567596927285  Train L2 Loss :  10.403998567581176
Epoch :  72  Epoch time :  4.572855309583247  Train L2 Loss :  10.228201738739013
Epoch :  73  Epoch time :  4.577200682833791  Train L2 Loss :  10.359994452667236
Epoch :  74  Epoch time :  4.5924871833994985  Train L2 Loss :  10.099317942810059
Epoch :  75  Epoch time :  4.576287060976028  Train L2 Loss :  10.125758277893066
Epoch :  76  Epoch time :  4.590714986436069  Train L2 Loss :  10.088625508117676
Epoch :  77  Epoch time :  4.594566692598164  Train L2 Loss :  10.073744888687134
Epoch :  78  Epoch time :  4.5681530861184  Train L2 Loss :  9.98803265991211
Epoch :  79  Epoch time :  4.590791995637119  Train L2 Loss :  9.920097582244873
Epoch :  80  Epoch time :  4.599729016423225  Train L2 Loss :  9.962461936950683
Epoch :  81  Epoch time :  4.599156108684838  Train L2 Loss :  9.969649266433716
Epoch :  82  Epoch time :  4.565418747253716  Train L2 Loss :  9.820764640808106
Epoch :  83  Epoch time :  4.604855777695775  Train L2 Loss :  9.801646134185791
Epoch :  84  Epoch time :  4.612025904469192  Train L2 Loss :  9.716937316894532
Epoch :  85  Epoch time :  4.596060845069587  Train L2 Loss :  9.796554177856445
Epoch :  86  Epoch time :  4.5767577309161425  Train L2 Loss :  9.701899161529541
Epoch :  87  Epoch time :  4.605432530865073  Train L2 Loss :  9.593337449645997
Epoch :  88  Epoch time :  4.610411522909999  Train L2 Loss :  9.640358381652833
Epoch :  89  Epoch time :  4.6176105458289385  Train L2 Loss :  9.62957188949585
Epoch :  90  Epoch time :  4.5840128287673  Train L2 Loss :  9.553868887329102
Epoch :  91  Epoch time :  4.612205014564097  Train L2 Loss :  9.530290782928466
Epoch :  92  Epoch time :  4.623286849819124  Train L2 Loss :  9.349296174621582
Epoch :  93  Epoch time :  4.611519412137568  Train L2 Loss :  9.408207652664185
Epoch :  94  Epoch time :  4.598413529805839  Train L2 Loss :  9.436540404129028
Epoch :  95  Epoch time :  4.608840045519173  Train L2 Loss :  9.333707406616211
Epoch :  96  Epoch time :  4.61308515816927  Train L2 Loss :  9.374063568115234
Epoch :  97  Epoch time :  4.605232132598758  Train L2 Loss :  9.224923871994019
Epoch :  98  Epoch time :  4.598676942288876  Train L2 Loss :  9.277498126983643
Epoch :  99  Epoch time :  4.643031406216323  Train L2 Loss :  9.314719396209718
Epoch :  100  Epoch time :  4.620990231633186  Train L2 Loss :  6.645607007980347
Epoch :  101  Epoch time :  4.623297694139183  Train L2 Loss :  6.312050712013245
Epoch :  102  Epoch time :  4.6236772714182734  Train L2 Loss :  6.238148857879638
Epoch :  103  Epoch time :  4.633683766238391  Train L2 Loss :  6.236686027145386
Epoch :  104  Epoch time :  4.672513904049993  Train L2 Loss :  6.1752389091491695
Epoch :  105  Epoch time :  4.656415867619216  Train L2 Loss :  6.148364252853393
Epoch :  106  Epoch time :  4.642057889141142  Train L2 Loss :  6.116679357910156
Epoch :  107  Epoch time :  4.595106822438538  Train L2 Loss :  6.127138958740234
Epoch :  108  Epoch time :  4.62919294834137  Train L2 Loss :  6.108974968147278
Epoch :  109  Epoch time :  4.709506495855749  Train L2 Loss :  6.0334296211242675
Epoch :  110  Epoch time :  4.94008781760931  Train L2 Loss :  5.994413900756836
Epoch :  111  Epoch time :  4.891587540507317  Train L2 Loss :  6.063214603042603
Epoch :  112  Epoch time :  4.837252681143582  Train L2 Loss :  5.97450075416565
Epoch :  113  Epoch time :  4.76800867728889  Train L2 Loss :  5.8657450748443605
Epoch :  114  Epoch time :  4.72696734406054  Train L2 Loss :  6.018078202438354
Epoch :  115  Epoch time :  4.698929398320615  Train L2 Loss :  5.925039988708496
Epoch :  116  Epoch time :  4.715880231000483  Train L2 Loss :  5.941971090698242
Epoch :  117  Epoch time :  4.73141551297158  Train L2 Loss :  5.851782933425904
Epoch :  118  Epoch time :  4.7363175163045526  Train L2 Loss :  5.828547668457031
Epoch :  119  Epoch time :  4.703132972121239  Train L2 Loss :  5.902218814086914
Epoch :  120  Epoch time :  4.723101218231022  Train L2 Loss :  5.826488650131226
Epoch :  121  Epoch time :  4.72548951394856  Train L2 Loss :  5.8871389091491695
Epoch :  122  Epoch time :  4.73074849601835  Train L2 Loss :  5.915751235961914
Epoch :  123  Epoch time :  4.703606949187815  Train L2 Loss :  5.7959862657547
Epoch :  124  Epoch time :  4.735358129255474  Train L2 Loss :  5.7620342781066896
Epoch :  125  Epoch time :  4.753928822465241  Train L2 Loss :  5.8225844942092895
Epoch :  126  Epoch time :  4.738744026049972  Train L2 Loss :  5.760833270835876
Epoch :  127  Epoch time :  4.730155058205128  Train L2 Loss :  5.80328231048584
Epoch :  128  Epoch time :  4.739121128804982  Train L2 Loss :  5.821361946487427
Epoch :  129  Epoch time :  4.759139028377831  Train L2 Loss :  5.845158683776855
Epoch :  130  Epoch time :  4.75462194532156  Train L2 Loss :  5.692561397171021
Epoch :  131  Epoch time :  4.749232387170196  Train L2 Loss :  5.854411651611328
Epoch :  132  Epoch time :  4.71714040171355  Train L2 Loss :  5.71063697052002
Epoch :  133  Epoch time :  4.767583281733096  Train L2 Loss :  5.717192684555053
Epoch :  134  Epoch time :  4.760709032416344  Train L2 Loss :  5.723655527114868
Epoch :  135  Epoch time :  4.754881870932877  Train L2 Loss :  5.7973016853332515
Epoch :  136  Epoch time :  4.722898071631789  Train L2 Loss :  5.709470237922669
Epoch :  137  Epoch time :  4.787490616552532  Train L2 Loss :  5.7160313579559325
Epoch :  138  Epoch time :  4.760226407088339  Train L2 Loss :  5.647294691848755
Epoch :  139  Epoch time :  4.748945797793567  Train L2 Loss :  5.747856056594848
Epoch :  140  Epoch time :  4.7271241415292025  Train L2 Loss :  5.684816430473328
Epoch :  141  Epoch time :  4.7548739686608315  Train L2 Loss :  5.673907950019837
Epoch :  142  Epoch time :  4.769578359089792  Train L2 Loss :  5.673412976837159
Epoch :  143  Epoch time :  4.775565226562321  Train L2 Loss :  5.773306019592285
Epoch :  144  Epoch time :  4.733589805662632  Train L2 Loss :  5.646808126449585
Epoch :  145  Epoch time :  4.769812487065792  Train L2 Loss :  5.712034302902222
Epoch :  146  Epoch time :  4.757366086356342  Train L2 Loss :  5.640493302536011
Epoch :  147  Epoch time :  4.75973544549197  Train L2 Loss :  5.673978340530396
Epoch :  148  Epoch time :  4.737450875341892  Train L2 Loss :  5.572612273025513
Epoch :  149  Epoch time :  4.7621486485004425  Train L2 Loss :  5.660028666305542
Epoch :  150  Epoch time :  4.762876000255346  Train L2 Loss :  5.669864220046997
Epoch :  151  Epoch time :  4.765961514785886  Train L2 Loss :  5.5945785923957825
Epoch :  152  Epoch time :  4.789520998485386  Train L2 Loss :  5.653631984710693
Epoch :  153  Epoch time :  4.95708561129868  Train L2 Loss :  5.705669533538819
Epoch :  154  Epoch time :  4.930718996562064  Train L2 Loss :  5.611993688583374
Epoch :  155  Epoch time :  4.875053767114878  Train L2 Loss :  5.622063607406616
Epoch :  156  Epoch time :  4.834483743645251  Train L2 Loss :  5.52971895236969
Epoch :  157  Epoch time :  4.815972547978163  Train L2 Loss :  5.606966760635376
Epoch :  158  Epoch time :  4.859707251191139  Train L2 Loss :  5.6849357044219975
Epoch :  159  Epoch time :  4.83863337058574  Train L2 Loss :  5.670258237457276
Epoch :  160  Epoch time :  4.855345654301345  Train L2 Loss :  5.6123454391479495
Epoch :  161  Epoch time :  4.811494887806475  Train L2 Loss :  5.537536128425598
Epoch :  162  Epoch time :  4.837384939193726  Train L2 Loss :  5.6249032264709475
Epoch :  163  Epoch time :  4.86312934756279  Train L2 Loss :  5.574990121459961
Epoch :  164  Epoch time :  4.838830572552979  Train L2 Loss :  5.536659036636353
Epoch :  165  Epoch time :  4.800411118194461  Train L2 Loss :  5.651601346206665
Epoch :  166  Epoch time :  4.848869213834405  Train L2 Loss :  5.559617147445679
Epoch :  167  Epoch time :  4.848014838062227  Train L2 Loss :  5.520952597045898
Epoch :  168  Epoch time :  4.864642386324704  Train L2 Loss :  5.496704076766968
Epoch :  169  Epoch time :  4.841072162613273  Train L2 Loss :  5.537678017234803
Epoch :  170  Epoch time :  4.835207795724273  Train L2 Loss :  5.500199034118652
Epoch :  171  Epoch time :  4.8549180049449205  Train L2 Loss :  5.5639274160385135
Epoch :  172  Epoch time :  4.872461415827274  Train L2 Loss :  5.4661465814590455
Epoch :  173  Epoch time :  4.82285095192492  Train L2 Loss :  5.565714535903931
Epoch :  174  Epoch time :  4.846252447925508  Train L2 Loss :  5.524992665863037
Epoch :  175  Epoch time :  4.8575028497725725  Train L2 Loss :  5.501516941833496
Epoch :  176  Epoch time :  4.886796382255852  Train L2 Loss :  5.534809712219238
Epoch :  177  Epoch time :  4.835686915554106  Train L2 Loss :  5.4813486846923825
Epoch :  178  Epoch time :  4.851368158124387  Train L2 Loss :  5.431068369674683
Epoch :  179  Epoch time :  4.850535276345909  Train L2 Loss :  5.504802149200439
Epoch :  180  Epoch time :  4.864030322059989  Train L2 Loss :  5.503024393081665
Epoch :  181  Epoch time :  4.8308087177574635  Train L2 Loss :  5.442512471580505
Epoch :  182  Epoch time :  4.882507205940783  Train L2 Loss :  5.4012281652450564
Epoch :  183  Epoch time :  4.865034764632583  Train L2 Loss :  5.504658290481568
Epoch :  184  Epoch time :  4.876716235652566  Train L2 Loss :  5.483283745193481
Epoch :  185  Epoch time :  4.851527829654515  Train L2 Loss :  5.4737568967819215
Epoch :  186  Epoch time :  4.835154946893454  Train L2 Loss :  5.49280849571228
Epoch :  187  Epoch time :  4.864228981547058  Train L2 Loss :  5.4369145652771
Epoch :  188  Epoch time :  4.87599962297827  Train L2 Loss :  5.367890631866455
Epoch :  189  Epoch time :  4.849765478633344  Train L2 Loss :  5.426712014389038
Epoch :  190  Epoch time :  4.833855549804866  Train L2 Loss :  5.449681415748596
Epoch :  191  Epoch time :  4.857117953710258  Train L2 Loss :  5.406184593582154
Epoch :  192  Epoch time :  4.864293531514704  Train L2 Loss :  5.415619733428955
Epoch :  193  Epoch time :  4.867615936324  Train L2 Loss :  5.417926716804504
Epoch :  194  Epoch time :  4.841851741075516  Train L2 Loss :  5.383490436553955
Epoch :  195  Epoch time :  4.879518296569586  Train L2 Loss :  5.416319746780395
Epoch :  196  Epoch time :  4.888675685971975  Train L2 Loss :  5.367878833961487
Epoch :  197  Epoch time :  4.866919882595539  Train L2 Loss :  5.306905236053467
Epoch :  198  Epoch time :  4.838322832249105  Train L2 Loss :  5.409995996856689
Epoch :  199  Epoch time :  4.875668575055897  Train L2 Loss :  5.348309662246704
Total time is : 941.2033053394407 Total epoch is  200
