Input dim :  201  output dim :  1
Start training 
3793
Epoch :  0  Epoch time :  3.9001953303813934  Train L2 Loss :  128.67849470825195
Epoch :  1  Epoch time :  3.733246832154691  Train L2 Loss :  49.94606713256836
Epoch :  2  Epoch time :  3.7087044091895223  Train L2 Loss :  38.709421459960936
Epoch :  3  Epoch time :  3.710361475124955  Train L2 Loss :  33.71778620605469
Epoch :  4  Epoch time :  3.768406219780445  Train L2 Loss :  30.98231456604004
Epoch :  5  Epoch time :  3.760893211700022  Train L2 Loss :  29.11121194152832
Epoch :  6  Epoch time :  3.757756327278912  Train L2 Loss :  27.783859732055664
Epoch :  7  Epoch time :  3.754316854290664  Train L2 Loss :  26.585922616577147
Epoch :  8  Epoch time :  3.789601480588317  Train L2 Loss :  25.701141831970215
Epoch :  9  Epoch time :  3.783364179544151  Train L2 Loss :  24.878289591979982
Epoch :  10  Epoch time :  3.794897139072418  Train L2 Loss :  24.247603160095213
Epoch :  11  Epoch time :  3.795911440625787  Train L2 Loss :  23.677252571487426
Epoch :  12  Epoch time :  3.8298792392015457  Train L2 Loss :  23.29646028289795
Epoch :  13  Epoch time :  3.8367670904845  Train L2 Loss :  22.840595013427734
Epoch :  14  Epoch time :  3.8428954407572746  Train L2 Loss :  22.463314724731447
Epoch :  15  Epoch time :  3.8322036415338516  Train L2 Loss :  21.90818557739258
Epoch :  16  Epoch time :  3.861333727836609  Train L2 Loss :  21.760173207855225
Epoch :  17  Epoch time :  3.8475253405049443  Train L2 Loss :  21.518085740661622
Epoch :  18  Epoch time :  3.8619941864162683  Train L2 Loss :  21.120609567260743
Epoch :  19  Epoch time :  3.8656049678102136  Train L2 Loss :  20.93122765197754
Epoch :  20  Epoch time :  3.85513087362051  Train L2 Loss :  20.676306784820557
Epoch :  21  Epoch time :  3.8884316319599748  Train L2 Loss :  20.47348723678589
Epoch :  22  Epoch time :  3.8833516044542193  Train L2 Loss :  20.324944905853272
Epoch :  23  Epoch time :  3.8800951186567545  Train L2 Loss :  20.051442578125
Epoch :  24  Epoch time :  3.8726575691252947  Train L2 Loss :  19.87401322631836
Epoch :  25  Epoch time :  3.8937576105818152  Train L2 Loss :  19.741083944702147
Epoch :  26  Epoch time :  3.900781628675759  Train L2 Loss :  19.61822826385498
Epoch :  27  Epoch time :  3.9074230398982763  Train L2 Loss :  19.516479946899413
Epoch :  28  Epoch time :  3.894860489293933  Train L2 Loss :  19.376490046691895
Epoch :  29  Epoch time :  3.9261547522619367  Train L2 Loss :  19.123574880981444
Epoch :  30  Epoch time :  3.9130935231223702  Train L2 Loss :  19.031822402954102
Epoch :  31  Epoch time :  3.908460069447756  Train L2 Loss :  18.990863692474367
Epoch :  32  Epoch time :  3.898728567175567  Train L2 Loss :  18.736498695373534
Epoch :  33  Epoch time :  3.93528048787266  Train L2 Loss :  18.7513655128479
Epoch :  34  Epoch time :  3.948308054357767  Train L2 Loss :  18.45967755584717
Epoch :  35  Epoch time :  3.9563755989074707  Train L2 Loss :  18.35045029296875
Epoch :  36  Epoch time :  3.937143317423761  Train L2 Loss :  18.388307495880127
Epoch :  37  Epoch time :  3.9618237372487783  Train L2 Loss :  18.261019177246094
Epoch :  38  Epoch time :  3.975492331199348  Train L2 Loss :  18.173401812744142
Epoch :  39  Epoch time :  3.9719247221946716  Train L2 Loss :  18.037595317840577
Epoch :  40  Epoch time :  3.971674347296357  Train L2 Loss :  17.821830657958984
Epoch :  41  Epoch time :  3.9632778530940413  Train L2 Loss :  17.82381918029785
Epoch :  42  Epoch time :  3.9910660348832607  Train L2 Loss :  17.70008459777832
Epoch :  43  Epoch time :  3.9931447291746736  Train L2 Loss :  17.70881594543457
Epoch :  44  Epoch time :  3.9881105488166213  Train L2 Loss :  17.560389018249513
Epoch :  45  Epoch time :  3.9607937801629305  Train L2 Loss :  17.514003871917726
Epoch :  46  Epoch time :  3.990397800691426  Train L2 Loss :  17.517860986328124
Epoch :  47  Epoch time :  3.989321943372488  Train L2 Loss :  17.272986080169677
Epoch :  48  Epoch time :  4.006268723867834  Train L2 Loss :  17.339303550720214
Epoch :  49  Epoch time :  3.972488476894796  Train L2 Loss :  17.181532847595214
Epoch :  50  Epoch time :  4.013182645663619  Train L2 Loss :  17.00305764312744
Epoch :  51  Epoch time :  4.010447086766362  Train L2 Loss :  17.126121521759032
Epoch :  52  Epoch time :  4.016610880382359  Train L2 Loss :  16.859151329803467
Epoch :  53  Epoch time :  3.9883268931880593  Train L2 Loss :  16.946934188842775
Epoch :  54  Epoch time :  4.0204347828403115  Train L2 Loss :  16.96217208251953
Epoch :  55  Epoch time :  4.014258814975619  Train L2 Loss :  16.76432689819336
Epoch :  56  Epoch time :  4.021350360475481  Train L2 Loss :  16.723544395446776
Epoch :  57  Epoch time :  4.004575403407216  Train L2 Loss :  16.722785791015625
Epoch :  58  Epoch time :  4.031680935993791  Train L2 Loss :  16.53955509490967
Epoch :  59  Epoch time :  4.0283289002254605  Train L2 Loss :  16.583942010498046
Epoch :  60  Epoch time :  4.034096941351891  Train L2 Loss :  16.554205973815918
Epoch :  61  Epoch time :  4.0138506926596165  Train L2 Loss :  16.34975493774414
Epoch :  62  Epoch time :  4.045434447936714  Train L2 Loss :  16.256910664367677
Epoch :  63  Epoch time :  4.0364846047014  Train L2 Loss :  16.299017802429198
Epoch :  64  Epoch time :  4.040472965687513  Train L2 Loss :  16.196047413635252
Epoch :  65  Epoch time :  4.024895791895688  Train L2 Loss :  16.184612324523926
Epoch :  66  Epoch time :  4.050082825124264  Train L2 Loss :  16.16151929855347
Epoch :  67  Epoch time :  4.048636818304658  Train L2 Loss :  16.0514537109375
Epoch :  68  Epoch time :  4.054115765728056  Train L2 Loss :  15.96759362411499
Epoch :  69  Epoch time :  4.0451466757804155  Train L2 Loss :  15.934433438873292
Epoch :  70  Epoch time :  4.074849978089333  Train L2 Loss :  15.766776387023926
Epoch :  71  Epoch time :  4.0607851184904575  Train L2 Loss :  15.966795820617676
Epoch :  72  Epoch time :  4.063779381103814  Train L2 Loss :  15.727020085144042
Epoch :  73  Epoch time :  4.063973606564105  Train L2 Loss :  15.748804302978515
Epoch :  74  Epoch time :  4.083044273778796  Train L2 Loss :  15.711151399230957
Epoch :  75  Epoch time :  4.068527931347489  Train L2 Loss :  15.657992413330078
Epoch :  76  Epoch time :  4.081870619207621  Train L2 Loss :  15.669960543060302
Epoch :  77  Epoch time :  4.0714354030787945  Train L2 Loss :  15.59181690673828
Epoch :  78  Epoch time :  4.0551778841763735  Train L2 Loss :  15.469837701416015
Epoch :  79  Epoch time :  4.07905578520149  Train L2 Loss :  15.498360079193116
Epoch :  80  Epoch time :  4.090095010586083  Train L2 Loss :  15.392317962646484
Epoch :  81  Epoch time :  4.084657557308674  Train L2 Loss :  15.377904257965088
Epoch :  82  Epoch time :  4.06647075060755  Train L2 Loss :  15.373390858459473
Epoch :  83  Epoch time :  4.087800479494035  Train L2 Loss :  15.292392736053467
Epoch :  84  Epoch time :  4.093625613488257  Train L2 Loss :  15.20600152130127
Epoch :  85  Epoch time :  4.092922563664615  Train L2 Loss :  15.198503923034668
Epoch :  86  Epoch time :  4.06949419900775  Train L2 Loss :  15.2034169921875
Epoch :  87  Epoch time :  4.0991015043109655  Train L2 Loss :  15.180033292388917
Epoch :  88  Epoch time :  4.101180859841406  Train L2 Loss :  15.074339800262452
Epoch :  89  Epoch time :  4.095061420463026  Train L2 Loss :  15.12887889251709
Epoch :  90  Epoch time :  4.081217482686043  Train L2 Loss :  14.99819154510498
Epoch :  91  Epoch time :  4.094543415121734  Train L2 Loss :  14.875526755523682
Epoch :  92  Epoch time :  4.103170419111848  Train L2 Loss :  14.898479124450684
Epoch :  93  Epoch time :  4.098546281456947  Train L2 Loss :  14.982246778869628
Epoch :  94  Epoch time :  4.081723689101636  Train L2 Loss :  14.96534132156372
Epoch :  95  Epoch time :  4.108225976116955  Train L2 Loss :  14.83841206741333
Epoch :  96  Epoch time :  4.1116131180897355  Train L2 Loss :  14.807953606414795
Epoch :  97  Epoch time :  4.104242864996195  Train L2 Loss :  14.773093393707276
Epoch :  98  Epoch time :  4.100275748409331  Train L2 Loss :  14.83957130432129
Epoch :  99  Epoch time :  4.09474631678313  Train L2 Loss :  14.737172092437744
Epoch :  100  Epoch time :  4.109462772496045  Train L2 Loss :  12.903210800170898
Epoch :  101  Epoch time :  4.106521648354828  Train L2 Loss :  12.653520826721191
Epoch :  102  Epoch time :  4.118154515512288  Train L2 Loss :  12.61830951461792
Epoch :  103  Epoch time :  4.136366648599505  Train L2 Loss :  12.627720044708251
Epoch :  104  Epoch time :  4.127399269491434  Train L2 Loss :  12.631215266418456
Epoch :  105  Epoch time :  4.1182256899774075  Train L2 Loss :  12.566476374435425
Epoch :  106  Epoch time :  4.116547710262239  Train L2 Loss :  12.579092582702637
Epoch :  107  Epoch time :  4.093783708289266  Train L2 Loss :  12.617326139831542
Epoch :  108  Epoch time :  4.126907971687615  Train L2 Loss :  12.51402650756836
Epoch :  109  Epoch time :  4.130429422482848  Train L2 Loss :  12.526007804870606
Epoch :  110  Epoch time :  4.131459371186793  Train L2 Loss :  12.502675383758545
Epoch :  111  Epoch time :  4.0981067083776  Train L2 Loss :  12.534891510772706
Epoch :  112  Epoch time :  4.125189710408449  Train L2 Loss :  12.42938497390747
Epoch :  113  Epoch time :  4.135255926288664  Train L2 Loss :  12.505415461730957
Epoch :  114  Epoch time :  4.130941266193986  Train L2 Loss :  12.474181944274902
Epoch :  115  Epoch time :  4.101082665845752  Train L2 Loss :  12.438463191223144
Epoch :  116  Epoch time :  4.135170629248023  Train L2 Loss :  12.47264504814148
Epoch :  117  Epoch time :  4.134249622002244  Train L2 Loss :  12.450174415588378
Epoch :  118  Epoch time :  4.143030673265457  Train L2 Loss :  12.331642319488525
Epoch :  119  Epoch time :  4.107615211047232  Train L2 Loss :  12.464792637634277
Epoch :  120  Epoch time :  4.1358254831284285  Train L2 Loss :  12.374682622528077
Epoch :  121  Epoch time :  4.131825357675552  Train L2 Loss :  12.351298864746093
Epoch :  122  Epoch time :  4.13335438631475  Train L2 Loss :  12.341115889358521
Epoch :  123  Epoch time :  4.102049781009555  Train L2 Loss :  12.31779754562378
Epoch :  124  Epoch time :  4.142261194065213  Train L2 Loss :  12.308616927337647
Epoch :  125  Epoch time :  4.139136724174023  Train L2 Loss :  12.310891911315919
Epoch :  126  Epoch time :  4.133031358011067  Train L2 Loss :  12.356410720062255
Epoch :  127  Epoch time :  4.134414312429726  Train L2 Loss :  12.325291330337524
Epoch :  128  Epoch time :  4.120622355490923  Train L2 Loss :  12.284910335540772
Epoch :  129  Epoch time :  4.131151135079563  Train L2 Loss :  12.258508399963379
Epoch :  130  Epoch time :  4.146447876468301  Train L2 Loss :  12.282176651000977
Epoch :  131  Epoch time :  4.161026635207236  Train L2 Loss :  12.228051388549805
Epoch :  132  Epoch time :  4.122419050894678  Train L2 Loss :  12.264451503753662
Epoch :  133  Epoch time :  4.14101049490273  Train L2 Loss :  12.235546784591675
Epoch :  134  Epoch time :  4.149239276535809  Train L2 Loss :  12.210148603820802
Epoch :  135  Epoch time :  4.144123187288642  Train L2 Loss :  12.26717254638672
Epoch :  136  Epoch time :  4.121523592621088  Train L2 Loss :  12.240027074432373
Epoch :  137  Epoch time :  4.14141655433923  Train L2 Loss :  12.274738891601562
Epoch :  138  Epoch time :  4.155582902021706  Train L2 Loss :  12.144335235595703
Epoch :  139  Epoch time :  4.14809587970376  Train L2 Loss :  12.230759099578858
Epoch :  140  Epoch time :  4.135370530188084  Train L2 Loss :  12.197530206298827
Epoch :  141  Epoch time :  4.149766779504716  Train L2 Loss :  12.279993541717529
Epoch :  142  Epoch time :  4.157458952628076  Train L2 Loss :  12.18775793762207
Epoch :  143  Epoch time :  4.155378146097064  Train L2 Loss :  12.174226679992676
Epoch :  144  Epoch time :  4.126991469413042  Train L2 Loss :  12.130596969604492
Epoch :  145  Epoch time :  4.154048256576061  Train L2 Loss :  12.170595330810547
Epoch :  146  Epoch time :  4.15120414737612  Train L2 Loss :  12.231553950500489
Epoch :  147  Epoch time :  4.154583342373371  Train L2 Loss :  12.214112990188598
Epoch :  148  Epoch time :  4.127671370282769  Train L2 Loss :  12.151509587097168
Epoch :  149  Epoch time :  4.146030250936747  Train L2 Loss :  12.116331300354004
Epoch :  150  Epoch time :  4.151445837691426  Train L2 Loss :  12.109279389572144
Epoch :  151  Epoch time :  4.147965391166508  Train L2 Loss :  12.117606717681884
Epoch :  152  Epoch time :  4.130227110348642  Train L2 Loss :  12.158390716552734
Epoch :  153  Epoch time :  4.158720060251653  Train L2 Loss :  12.100499980163574
Epoch :  154  Epoch time :  4.174719761125743  Train L2 Loss :  12.102753515625
Epoch :  155  Epoch time :  4.152102491818368  Train L2 Loss :  12.044485762023927
Epoch :  156  Epoch time :  4.141098166815937  Train L2 Loss :  12.107963381958008
Epoch :  157  Epoch time :  4.134462934918702  Train L2 Loss :  12.069610215759278
Epoch :  158  Epoch time :  4.157741359435022  Train L2 Loss :  12.046274713897706
Epoch :  159  Epoch time :  4.1645771227777  Train L2 Loss :  12.074487731170654
Epoch :  160  Epoch time :  4.162399229593575  Train L2 Loss :  12.08385599975586
Epoch :  161  Epoch time :  4.138779327273369  Train L2 Loss :  12.029290770721435
Epoch :  162  Epoch time :  4.159136557020247  Train L2 Loss :  12.121432557678222
Epoch :  163  Epoch time :  4.157831304706633  Train L2 Loss :  12.072167498016357
Epoch :  164  Epoch time :  4.16244781948626  Train L2 Loss :  12.071956104660034
Epoch :  165  Epoch time :  4.135049558244646  Train L2 Loss :  12.063190911865235
Epoch :  166  Epoch time :  4.168061748147011  Train L2 Loss :  12.06644377822876
Epoch :  167  Epoch time :  4.16655220463872  Train L2 Loss :  12.118438075256348
Epoch :  168  Epoch time :  4.186697376891971  Train L2 Loss :  11.983898833084107
Epoch :  169  Epoch time :  4.13745890930295  Train L2 Loss :  12.00520542831421
Epoch :  170  Epoch time :  4.163931120187044  Train L2 Loss :  11.994336643981933
Epoch :  171  Epoch time :  4.1635287357494235  Train L2 Loss :  12.0083111328125
Epoch :  172  Epoch time :  4.1718346029520035  Train L2 Loss :  12.024770608520507
Epoch :  173  Epoch time :  4.131817320361733  Train L2 Loss :  12.03554712753296
Epoch :  174  Epoch time :  4.164845438674092  Train L2 Loss :  11.954244094467164
Epoch :  175  Epoch time :  4.165005853399634  Train L2 Loss :  11.983958028793335
Epoch :  176  Epoch time :  4.174111474305391  Train L2 Loss :  11.920884237670899
Epoch :  177  Epoch time :  4.138665649108589  Train L2 Loss :  11.955398027038575
Epoch :  178  Epoch time :  4.165795114822686  Train L2 Loss :  11.967449268341065
Epoch :  179  Epoch time :  4.16762188822031  Train L2 Loss :  12.006408625030518
Epoch :  180  Epoch time :  4.1662831930443645  Train L2 Loss :  11.986193435287475
Epoch :  181  Epoch time :  4.156960681080818  Train L2 Loss :  11.979212283325195
Epoch :  182  Epoch time :  4.176828570663929  Train L2 Loss :  12.021770573425293
Epoch :  183  Epoch time :  4.171822029165924  Train L2 Loss :  11.909787512207032
Epoch :  184  Epoch time :  4.1679466450586915  Train L2 Loss :  11.912694443893432
Epoch :  185  Epoch time :  4.148683975450695  Train L2 Loss :  11.886044046401977
Epoch :  186  Epoch time :  4.152555437758565  Train L2 Loss :  11.949193940734864
Epoch :  187  Epoch time :  4.163718382827938  Train L2 Loss :  11.897948863983155
Epoch :  188  Epoch time :  4.1685429979115725  Train L2 Loss :  12.002078585052491
Epoch :  189  Epoch time :  4.1615522764623165  Train L2 Loss :  11.933839566040039
Epoch :  190  Epoch time :  4.147034871391952  Train L2 Loss :  11.892886640930175
Epoch :  191  Epoch time :  4.158260276541114  Train L2 Loss :  11.96029821510315
Epoch :  192  Epoch time :  4.165790349245071  Train L2 Loss :  11.881824259948731
Epoch :  193  Epoch time :  4.162801742553711  Train L2 Loss :  11.94167525024414
Epoch :  194  Epoch time :  4.1380991488695145  Train L2 Loss :  11.879893766784669
Epoch :  195  Epoch time :  4.178832791745663  Train L2 Loss :  11.903942918395996
Epoch :  196  Epoch time :  4.173673468641937  Train L2 Loss :  11.884440242004395
Epoch :  197  Epoch time :  4.170103371143341  Train L2 Loss :  11.86557692565918
Epoch :  198  Epoch time :  4.1488299034535885  Train L2 Loss :  11.875033156585694
Epoch :  199  Epoch time :  4.170365787111223  Train L2 Loss :  11.916504698944092
Total time is : 811.8670803457499 Total epoch is  200
