Input dim :  201  output dim :  1
Start training 
21313
Epoch :  0  Epoch time :  4.205335998907685  Train L2 Loss :  105.39547202148438
Epoch :  1  Epoch time :  4.048805714584887  Train L2 Loss :  39.61732243499756
Epoch :  2  Epoch time :  4.038824615068734  Train L2 Loss :  31.385440040588378
Epoch :  3  Epoch time :  4.01558580622077  Train L2 Loss :  27.591359811401368
Epoch :  4  Epoch time :  4.064924801699817  Train L2 Loss :  25.40799523925781
Epoch :  5  Epoch time :  4.066183388233185  Train L2 Loss :  23.832197322082518
Epoch :  6  Epoch time :  4.08654326479882  Train L2 Loss :  22.436092471313476
Epoch :  7  Epoch time :  4.057570188306272  Train L2 Loss :  21.477406967163088
Epoch :  8  Epoch time :  4.092877903021872  Train L2 Loss :  20.79863037109375
Epoch :  9  Epoch time :  4.098110360093415  Train L2 Loss :  20.31973730316162
Epoch :  10  Epoch time :  4.112493743188679  Train L2 Loss :  19.51213429412842
Epoch :  11  Epoch time :  4.087256398051977  Train L2 Loss :  19.04886215515137
Epoch :  12  Epoch time :  4.1227395152673125  Train L2 Loss :  18.543851963043213
Epoch :  13  Epoch time :  4.11005502846092  Train L2 Loss :  18.262851531219482
Epoch :  14  Epoch time :  4.135654045268893  Train L2 Loss :  17.864600011444093
Epoch :  15  Epoch time :  4.103683151304722  Train L2 Loss :  17.606566821289064
Epoch :  16  Epoch time :  4.141741992905736  Train L2 Loss :  17.222644514465333
Epoch :  17  Epoch time :  4.12297014798969  Train L2 Loss :  17.111160298156737
Epoch :  18  Epoch time :  4.155566114000976  Train L2 Loss :  16.692932882690428
Epoch :  19  Epoch time :  4.129848601296544  Train L2 Loss :  16.323805925750733
Epoch :  20  Epoch time :  4.105134902521968  Train L2 Loss :  16.118558203125
Epoch :  21  Epoch time :  4.131701841950417  Train L2 Loss :  15.965301849365234
Epoch :  22  Epoch time :  4.1363227143883705  Train L2 Loss :  15.691945974731444
Epoch :  23  Epoch time :  4.1313402922824025  Train L2 Loss :  15.488245079040528
Epoch :  24  Epoch time :  4.14443243201822  Train L2 Loss :  15.416662547302247
Epoch :  25  Epoch time :  4.169476077891886  Train L2 Loss :  15.228671481323243
Epoch :  26  Epoch time :  4.167335822246969  Train L2 Loss :  15.036153854370117
Epoch :  27  Epoch time :  4.1719117714092135  Train L2 Loss :  14.93324532623291
Epoch :  28  Epoch time :  4.153867844492197  Train L2 Loss :  14.701958074951172
Epoch :  29  Epoch time :  4.1840760968625546  Train L2 Loss :  14.495710337829589
Epoch :  30  Epoch time :  4.193352887406945  Train L2 Loss :  14.529630561828613
Epoch :  31  Epoch time :  4.203288278542459  Train L2 Loss :  14.37503032951355
Epoch :  32  Epoch time :  4.190013851039112  Train L2 Loss :  14.154897714996338
Epoch :  33  Epoch time :  4.208604094572365  Train L2 Loss :  13.963909088897704
Epoch :  34  Epoch time :  4.217606037855148  Train L2 Loss :  14.00177903137207
Epoch :  35  Epoch time :  4.2283467175439  Train L2 Loss :  13.90397434539795
Epoch :  36  Epoch time :  4.214733116328716  Train L2 Loss :  13.628482921218872
Epoch :  37  Epoch time :  4.231171468272805  Train L2 Loss :  13.54059236984253
Epoch :  38  Epoch time :  4.250276392325759  Train L2 Loss :  13.450013549804687
Epoch :  39  Epoch time :  4.251561119221151  Train L2 Loss :  13.414900765991211
Epoch :  40  Epoch time :  4.2490463349968195  Train L2 Loss :  13.403911109924316
Epoch :  41  Epoch time :  4.247890055179596  Train L2 Loss :  13.175154194641113
Epoch :  42  Epoch time :  4.303028815425932  Train L2 Loss :  13.059031854248047
Epoch :  43  Epoch time :  4.298814579844475  Train L2 Loss :  13.015071209716798
Epoch :  44  Epoch time :  4.332209728658199  Train L2 Loss :  12.849989261245728
Epoch :  45  Epoch time :  4.307035518810153  Train L2 Loss :  12.807053594970704
Epoch :  46  Epoch time :  4.351790920831263  Train L2 Loss :  12.696656474304199
Epoch :  47  Epoch time :  4.371232181787491  Train L2 Loss :  12.700646141052246
Epoch :  48  Epoch time :  4.354472901672125  Train L2 Loss :  12.699457725524903
Epoch :  49  Epoch time :  4.33643058873713  Train L2 Loss :  12.459119912719727
Epoch :  50  Epoch time :  4.373252282850444  Train L2 Loss :  12.363264817810059
Epoch :  51  Epoch time :  4.3606175715103745  Train L2 Loss :  12.377499644470214
Epoch :  52  Epoch time :  4.367845177650452  Train L2 Loss :  12.254409325408936
Epoch :  53  Epoch time :  4.341292476281524  Train L2 Loss :  12.163507518005371
Epoch :  54  Epoch time :  4.45141825824976  Train L2 Loss :  12.277550646972657
Epoch :  55  Epoch time :  4.500587038695812  Train L2 Loss :  12.170592235565186
Epoch :  56  Epoch time :  4.386469533666968  Train L2 Loss :  12.030464469909669
Epoch :  57  Epoch time :  4.154316697269678  Train L2 Loss :  11.935512630462647
Epoch :  58  Epoch time :  4.3707694131881  Train L2 Loss :  11.898298695373535
Epoch :  59  Epoch time :  4.181140619330108  Train L2 Loss :  11.857270419311524
Epoch :  60  Epoch time :  4.197652580216527  Train L2 Loss :  11.67403843688965
Epoch :  61  Epoch time :  4.168196341022849  Train L2 Loss :  11.594042404937744
Epoch :  62  Epoch time :  4.190068371593952  Train L2 Loss :  11.600284414672851
Epoch :  63  Epoch time :  4.187195639126003  Train L2 Loss :  11.569211689758301
Epoch :  64  Epoch time :  4.201040968298912  Train L2 Loss :  11.559863230514527
Epoch :  65  Epoch time :  4.160213086754084  Train L2 Loss :  11.466088803100586
Epoch :  66  Epoch time :  4.183135567232966  Train L2 Loss :  11.37306219329834
Epoch :  67  Epoch time :  4.171590120531619  Train L2 Loss :  11.517306562042236
Epoch :  68  Epoch time :  4.192619253881276  Train L2 Loss :  11.33450883026123
Epoch :  69  Epoch time :  4.16851307079196  Train L2 Loss :  11.29195434036255
Epoch :  70  Epoch time :  4.197279571555555  Train L2 Loss :  11.23418962020874
Epoch :  71  Epoch time :  4.183213985525072  Train L2 Loss :  11.213336796569823
Epoch :  72  Epoch time :  4.201441178098321  Train L2 Loss :  11.161910716247558
Epoch :  73  Epoch time :  4.176578914746642  Train L2 Loss :  11.041095599365235
Epoch :  74  Epoch time :  4.212018619291484  Train L2 Loss :  11.116180960083009
Epoch :  75  Epoch time :  4.187603330239654  Train L2 Loss :  10.99455175151825
Epoch :  76  Epoch time :  4.1963214809075  Train L2 Loss :  10.926325825500488
Epoch :  77  Epoch time :  4.179080341011286  Train L2 Loss :  10.869142632293702
Epoch :  78  Epoch time :  4.1849859384819865  Train L2 Loss :  10.999069318389893
Epoch :  79  Epoch time :  4.195952212437987  Train L2 Loss :  10.85547571182251
Epoch :  80  Epoch time :  4.200155404396355  Train L2 Loss :  10.848805503082275
Epoch :  81  Epoch time :  4.184214737266302  Train L2 Loss :  10.69004214553833
Epoch :  82  Epoch time :  4.178895263932645  Train L2 Loss :  10.684891593933106
Epoch :  83  Epoch time :  4.187100432813168  Train L2 Loss :  10.689015423583985
Epoch :  84  Epoch time :  4.205609067343175  Train L2 Loss :  10.67172601852417
Epoch :  85  Epoch time :  4.199046400375664  Train L2 Loss :  10.548395097351074
Epoch :  86  Epoch time :  4.180602822452784  Train L2 Loss :  10.578025234222412
Epoch :  87  Epoch time :  4.300790603272617  Train L2 Loss :  10.52400867614746
Epoch :  88  Epoch time :  4.732205699197948  Train L2 Loss :  10.47056344833374
Epoch :  89  Epoch time :  4.909971269778907  Train L2 Loss :  10.443136545562744
Epoch :  90  Epoch time :  4.8871878534555435  Train L2 Loss :  10.331828247070312
Epoch :  91  Epoch time :  4.932094997726381  Train L2 Loss :  10.346269594573975
Epoch :  92  Epoch time :  4.933525800704956  Train L2 Loss :  10.240874320983886
Epoch :  93  Epoch time :  4.810090957209468  Train L2 Loss :  10.291024072265625
Epoch :  94  Epoch time :  4.923186374828219  Train L2 Loss :  10.176681412506104
Epoch :  95  Epoch time :  4.959746979176998  Train L2 Loss :  10.175416804504394
Epoch :  96  Epoch time :  4.952848967164755  Train L2 Loss :  10.19582593536377
Epoch :  97  Epoch time :  4.965687368996441  Train L2 Loss :  10.167305465698242
Epoch :  98  Epoch time :  4.915412796661258  Train L2 Loss :  10.077349198913574
Epoch :  99  Epoch time :  4.85667010769248  Train L2 Loss :  10.057469106292725
Epoch :  100  Epoch time :  4.96503269392997  Train L2 Loss :  7.6344861373901365
Epoch :  101  Epoch time :  4.95294651761651  Train L2 Loss :  7.166193814849853
Epoch :  102  Epoch time :  4.9923608265817165  Train L2 Loss :  7.195545435333252
Epoch :  103  Epoch time :  4.635283382609487  Train L2 Loss :  7.097072994995117
Epoch :  104  Epoch time :  4.283737103454769  Train L2 Loss :  7.1289945896148685
Epoch :  105  Epoch time :  4.311131082475185  Train L2 Loss :  7.0087318534851075
Epoch :  106  Epoch time :  4.289115766994655  Train L2 Loss :  7.0661295314788815
Epoch :  107  Epoch time :  4.279126009903848  Train L2 Loss :  7.010067897796631
Epoch :  108  Epoch time :  4.249740356579423  Train L2 Loss :  6.926861312866211
Epoch :  109  Epoch time :  4.266282523050904  Train L2 Loss :  6.902599816894531
Epoch :  110  Epoch time :  4.264698003418744  Train L2 Loss :  6.89283567199707
Epoch :  111  Epoch time :  4.209142347797751  Train L2 Loss :  6.9212277839660645
Epoch :  112  Epoch time :  4.282597068697214  Train L2 Loss :  6.9383006744384765
Epoch :  113  Epoch time :  4.244751951657236  Train L2 Loss :  6.834184392929077
Epoch :  114  Epoch time :  4.253227012231946  Train L2 Loss :  6.801929957389832
Epoch :  115  Epoch time :  4.227670378983021  Train L2 Loss :  6.849715468978882
Epoch :  116  Epoch time :  4.268942108377814  Train L2 Loss :  6.830108536529541
Epoch :  117  Epoch time :  4.276593930087984  Train L2 Loss :  6.887443249893188
Epoch :  118  Epoch time :  4.312704361975193  Train L2 Loss :  6.754286139678955
Epoch :  119  Epoch time :  4.436751677654684  Train L2 Loss :  6.751230596160888
Epoch :  120  Epoch time :  4.5678998082876205  Train L2 Loss :  6.800050720596314
Epoch :  121  Epoch time :  4.33519343379885  Train L2 Loss :  6.748691975784301
Epoch :  122  Epoch time :  4.30327280331403  Train L2 Loss :  6.735632078170776
Epoch :  123  Epoch time :  4.259867919608951  Train L2 Loss :  6.732022577476502
Epoch :  124  Epoch time :  4.373310922645032  Train L2 Loss :  6.759300771331787
Epoch :  125  Epoch time :  4.32241946645081  Train L2 Loss :  6.6055139015197755
Epoch :  126  Epoch time :  4.314592177979648  Train L2 Loss :  6.703401244354248
Epoch :  127  Epoch time :  4.288124141283333  Train L2 Loss :  6.644119186019897
Epoch :  128  Epoch time :  4.30458621121943  Train L2 Loss :  6.760085360717773
Epoch :  129  Epoch time :  4.300599597394466  Train L2 Loss :  6.580463250732421
Epoch :  130  Epoch time :  4.319367378950119  Train L2 Loss :  6.669658213806152
Epoch :  131  Epoch time :  4.313098111189902  Train L2 Loss :  6.6146518983840945
Epoch :  132  Epoch time :  4.30665726121515  Train L2 Loss :  6.635699794006348
Epoch :  133  Epoch time :  4.323748461902142  Train L2 Loss :  6.635373474884033
Epoch :  134  Epoch time :  4.325088358484209  Train L2 Loss :  6.538071881866455
Epoch :  135  Epoch time :  4.335062764585018  Train L2 Loss :  6.550390538406372
Epoch :  136  Epoch time :  4.2926584258675575  Train L2 Loss :  6.659441678237915
Epoch :  137  Epoch time :  4.3385797040537  Train L2 Loss :  6.591911890792847
Epoch :  138  Epoch time :  4.339748689904809  Train L2 Loss :  6.622908096313477
Epoch :  139  Epoch time :  4.319477694109082  Train L2 Loss :  6.5383963153839115
Epoch :  140  Epoch time :  4.30407802388072  Train L2 Loss :  6.613274537658691
Epoch :  141  Epoch time :  4.445764822885394  Train L2 Loss :  6.582897869491577
Epoch :  142  Epoch time :  4.330353561788797  Train L2 Loss :  6.548261457633973
Epoch :  143  Epoch time :  4.336698013357818  Train L2 Loss :  6.553435148620605
Epoch :  144  Epoch time :  4.301097602583468  Train L2 Loss :  6.533374269866943
Epoch :  145  Epoch time :  4.325491505675018  Train L2 Loss :  6.536622707748413
Epoch :  146  Epoch time :  4.3284280356019735  Train L2 Loss :  6.484752533721924
Epoch :  147  Epoch time :  4.320935913361609  Train L2 Loss :  6.492941243171692
Epoch :  148  Epoch time :  4.293402222916484  Train L2 Loss :  6.468405989456177
Epoch :  149  Epoch time :  4.328284685499966  Train L2 Loss :  6.4734470054626465
Epoch :  150  Epoch time :  4.348425260744989  Train L2 Loss :  6.482597424507141
Epoch :  151  Epoch time :  4.340156091377139  Train L2 Loss :  6.528172964859009
Epoch :  152  Epoch time :  4.302858291193843  Train L2 Loss :  6.466739839172363
Epoch :  153  Epoch time :  4.325023083947599  Train L2 Loss :  6.4491469791412355
Epoch :  154  Epoch time :  4.3389236852526665  Train L2 Loss :  6.498768971252441
Epoch :  155  Epoch time :  4.3393939305096865  Train L2 Loss :  6.44234278793335
Epoch :  156  Epoch time :  4.336547082290053  Train L2 Loss :  6.409637808895111
Epoch :  157  Epoch time :  4.3152069775387645  Train L2 Loss :  6.4322681640625
Epoch :  158  Epoch time :  4.327738342806697  Train L2 Loss :  6.452260590744019
Epoch :  159  Epoch time :  4.343393086455762  Train L2 Loss :  6.40448828086853
Epoch :  160  Epoch time :  4.347467379644513  Train L2 Loss :  6.368828717041016
Epoch :  161  Epoch time :  4.303013579919934  Train L2 Loss :  6.424387946701049
Epoch :  162  Epoch time :  4.352968832477927  Train L2 Loss :  6.42826211528778
Epoch :  163  Epoch time :  4.342134331353009  Train L2 Loss :  6.4419365364074705
Epoch :  164  Epoch time :  4.3409461453557014  Train L2 Loss :  6.404663473129273
Epoch :  165  Epoch time :  4.3075775019824505  Train L2 Loss :  6.3248243309021
Epoch :  166  Epoch time :  4.356581370346248  Train L2 Loss :  6.3921645011901855
Epoch :  167  Epoch time :  4.384922537021339  Train L2 Loss :  6.330900618171692
Epoch :  168  Epoch time :  4.349146758206189  Train L2 Loss :  6.416548711776733
Epoch :  169  Epoch time :  4.336641509085894  Train L2 Loss :  6.3493101589202885
Epoch :  170  Epoch time :  4.375366127118468  Train L2 Loss :  6.304069201278686
Epoch :  171  Epoch time :  4.339251318015158  Train L2 Loss :  6.2869891227722166
Epoch :  172  Epoch time :  4.3787247920408845  Train L2 Loss :  6.385835476112366
Epoch :  173  Epoch time :  4.333232854492962  Train L2 Loss :  6.290206935882568
Epoch :  174  Epoch time :  4.367659299634397  Train L2 Loss :  6.344379899215698
Epoch :  175  Epoch time :  4.383853516541421  Train L2 Loss :  6.345592197036743
Epoch :  176  Epoch time :  4.365096549503505  Train L2 Loss :  6.343360977935791
Epoch :  177  Epoch time :  4.319946658797562  Train L2 Loss :  6.240322412490845
Epoch :  178  Epoch time :  4.354486563242972  Train L2 Loss :  6.326967506027222
Epoch :  179  Epoch time :  4.405943473801017  Train L2 Loss :  6.284691331863403
Epoch :  180  Epoch time :  4.4006349658593535  Train L2 Loss :  6.268709643173218
Epoch :  181  Epoch time :  4.316717278212309  Train L2 Loss :  6.257540536117554
Epoch :  182  Epoch time :  4.385852853767574  Train L2 Loss :  6.288795956039428
Epoch :  183  Epoch time :  4.378129665739834  Train L2 Loss :  6.305852687072754
Epoch :  184  Epoch time :  4.41005935613066  Train L2 Loss :  6.319222353363037
Epoch :  185  Epoch time :  4.3712264178320765  Train L2 Loss :  6.227584027862549
Epoch :  186  Epoch time :  4.355881522409618  Train L2 Loss :  6.212304560470581
Epoch :  187  Epoch time :  4.432294504716992  Train L2 Loss :  6.2423501371383665
Epoch :  188  Epoch time :  4.4290348356589675  Train L2 Loss :  6.192982808303833
Epoch :  189  Epoch time :  4.40763346478343  Train L2 Loss :  6.208576093292236
Epoch :  190  Epoch time :  4.357843612320721  Train L2 Loss :  6.135437638473511
Epoch :  191  Epoch time :  4.395439615473151  Train L2 Loss :  6.280798988342285
Epoch :  192  Epoch time :  4.41568418033421  Train L2 Loss :  6.210788607025147
Epoch :  193  Epoch time :  4.4183760192245245  Train L2 Loss :  6.168609007644653
Epoch :  194  Epoch time :  4.360601963475347  Train L2 Loss :  6.258854669952393
Epoch :  195  Epoch time :  4.415214831009507  Train L2 Loss :  6.144445538806916
Epoch :  196  Epoch time :  4.426125131547451  Train L2 Loss :  6.147086664199829
Epoch :  197  Epoch time :  4.402508879080415  Train L2 Loss :  6.147220685195923
Epoch :  198  Epoch time :  4.366764022037387  Train L2 Loss :  6.140758895111084
Epoch :  199  Epoch time :  4.418567508459091  Train L2 Loss :  6.213090935516357
Total time is : 864.624470516108 Total epoch is  200
