Input dim :  201  output dim :  1
Start training 
183553
Epoch :  0  Epoch time :  0.6316905254498124  Train L2 Loss :  190.4036857409355
Epoch :  1  Epoch time :  0.4564537527039647  Train L2 Loss :  104.70187798524515
Epoch :  2  Epoch time :  0.4906335277482867  Train L2 Loss :  60.7252816420335
Epoch :  3  Epoch time :  0.4572452353313565  Train L2 Loss :  50.41204374264448
Epoch :  4  Epoch time :  0.4777949471026659  Train L2 Loss :  44.72790346390162
Epoch :  5  Epoch time :  0.4661200037226081  Train L2 Loss :  42.17060094001965
Epoch :  6  Epoch time :  0.4565648855641484  Train L2 Loss :  39.14125173519819
Epoch :  7  Epoch time :  0.4619958633556962  Train L2 Loss :  37.14682530134152
Epoch :  8  Epoch time :  0.4560576919466257  Train L2 Loss :  35.75108122214293
Epoch :  9  Epoch time :  0.4548986628651619  Train L2 Loss :  35.588188415918594
Epoch :  10  Epoch time :  0.4590778974816203  Train L2 Loss :  33.57200001447629
Epoch :  11  Epoch time :  0.4563535964116454  Train L2 Loss :  31.82321568024464
Epoch :  12  Epoch time :  0.4662112854421139  Train L2 Loss :  31.796150990021534
Epoch :  13  Epoch time :  0.45800170954316854  Train L2 Loss :  30.53420771085299
Epoch :  14  Epoch time :  0.4578651497140527  Train L2 Loss :  29.345453335688664
Epoch :  15  Epoch time :  0.4611374940723181  Train L2 Loss :  29.75072557498247
Epoch :  16  Epoch time :  0.4764716699719429  Train L2 Loss :  29.33108351780818
Epoch :  17  Epoch time :  0.46032023429870605  Train L2 Loss :  28.093078295389812
Epoch :  18  Epoch time :  0.4617716437205672  Train L2 Loss :  27.655943381480682
Epoch :  19  Epoch time :  0.4563207682222128  Train L2 Loss :  26.42711453560071
Epoch :  20  Epoch time :  0.46186988335102797  Train L2 Loss :  25.989698948004307
Epoch :  21  Epoch time :  0.4571766695007682  Train L2 Loss :  26.459083581582092
Epoch :  22  Epoch time :  0.45832762587815523  Train L2 Loss :  25.72174898783366
Epoch :  23  Epoch time :  0.4577470002695918  Train L2 Loss :  24.939942873441257
Epoch :  24  Epoch time :  0.4610084882006049  Train L2 Loss :  24.47236748230763
Epoch :  25  Epoch time :  0.45692953560501337  Train L2 Loss :  24.8544588578053
Epoch :  26  Epoch time :  0.45905337389558554  Train L2 Loss :  24.94274750733987
Epoch :  27  Epoch time :  0.4580807751044631  Train L2 Loss :  24.445982028276493
Epoch :  28  Epoch time :  0.46152171213179827  Train L2 Loss :  23.78473773369422
Epoch :  29  Epoch time :  0.4588722540065646  Train L2 Loss :  23.45533713316306
Epoch :  30  Epoch time :  0.45970974676311016  Train L2 Loss :  23.045590058351173
Epoch :  31  Epoch time :  0.47480983566492796  Train L2 Loss :  23.358343662359776
Epoch :  32  Epoch time :  0.4608494285494089  Train L2 Loss :  23.166617540212776
Epoch :  33  Epoch time :  0.45934718009084463  Train L2 Loss :  22.149984946617714
Epoch :  34  Epoch time :  0.460511215031147  Train L2 Loss :  22.082694029196716
Epoch :  35  Epoch time :  0.46012762654572725  Train L2 Loss :  21.94083666190123
Epoch :  36  Epoch time :  0.4637986635789275  Train L2 Loss :  21.766044127635467
Epoch :  37  Epoch time :  0.4730542851611972  Train L2 Loss :  21.9294611123892
Epoch :  38  Epoch time :  0.4619598910212517  Train L2 Loss :  21.20371058048346
Epoch :  39  Epoch time :  0.4604370081797242  Train L2 Loss :  21.36785245553041
Epoch :  40  Epoch time :  0.47193664126098156  Train L2 Loss :  22.491593189728565
Epoch :  41  Epoch time :  0.46118271443992853  Train L2 Loss :  20.648056568243565
Epoch :  42  Epoch time :  0.4605026338249445  Train L2 Loss :  21.38532501611954
Epoch :  43  Epoch time :  0.4603764433413744  Train L2 Loss :  20.620423928285255
Epoch :  44  Epoch time :  0.46183225605636835  Train L2 Loss :  21.11039993090507
Epoch :  45  Epoch time :  0.4609257457777858  Train L2 Loss :  20.273538075960598
Epoch :  46  Epoch time :  0.4664714839309454  Train L2 Loss :  20.569831212361652
Epoch :  47  Epoch time :  0.46422326285392046  Train L2 Loss :  19.969143696320362
Epoch :  48  Epoch time :  0.49049706663936377  Train L2 Loss :  19.596342184604744
Epoch :  49  Epoch time :  0.4842731198295951  Train L2 Loss :  20.06188700749324
Epoch :  50  Epoch time :  0.4644666872918606  Train L2 Loss :  19.88507610712296
Epoch :  51  Epoch time :  0.46318106912076473  Train L2 Loss :  19.367451887864334
Epoch :  52  Epoch time :  0.4639018941670656  Train L2 Loss :  19.606058145180725
Epoch :  53  Epoch time :  0.46173426788300276  Train L2 Loss :  19.38138822408823
Epoch :  54  Epoch time :  0.47413392271846533  Train L2 Loss :  19.49983648153452
Epoch :  55  Epoch time :  0.48444467410445213  Train L2 Loss :  19.946997618063904
Epoch :  56  Epoch time :  0.485526273958385  Train L2 Loss :  18.86594092540252
Epoch :  57  Epoch time :  0.48444282822310925  Train L2 Loss :  18.873685298821865
Epoch :  58  Epoch time :  0.4878620756790042  Train L2 Loss :  19.57480902549548
Epoch :  59  Epoch time :  0.4702302096411586  Train L2 Loss :  18.535537915352062
Epoch :  60  Epoch time :  0.4619213920086622  Train L2 Loss :  18.789093090937687
Epoch :  61  Epoch time :  0.4737257696688175  Train L2 Loss :  18.681903129968887
Epoch :  62  Epoch time :  0.4856219692155719  Train L2 Loss :  19.115697249388084
Epoch :  63  Epoch time :  0.4623730080202222  Train L2 Loss :  18.35409751305213
Epoch :  64  Epoch time :  0.46436825674027205  Train L2 Loss :  18.612211789840305
Epoch :  65  Epoch time :  0.46296472754329443  Train L2 Loss :  18.632155002691807
Epoch :  66  Epoch time :  0.4624953009188175  Train L2 Loss :  17.92500561934251
Epoch :  67  Epoch time :  0.46322377771139145  Train L2 Loss :  18.400731208996895
Epoch :  68  Epoch time :  0.46299422066658735  Train L2 Loss :  17.753683041303585
Epoch :  69  Epoch time :  0.4621433848515153  Train L2 Loss :  18.06112930102226
Epoch :  70  Epoch time :  0.4647473180666566  Train L2 Loss :  17.829568838461853
Epoch :  71  Epoch time :  0.4647158244624734  Train L2 Loss :  18.387571530464367
Epoch :  72  Epoch time :  0.46663255244493484  Train L2 Loss :  17.966711435562527
Epoch :  73  Epoch time :  0.4629648793488741  Train L2 Loss :  17.951917061438927
Epoch :  74  Epoch time :  0.46355284564197063  Train L2 Loss :  17.53089865660056
Epoch :  75  Epoch time :  0.462665812112391  Train L2 Loss :  17.432967687264465
Epoch :  76  Epoch time :  0.4638441689312458  Train L2 Loss :  18.34685372083615
Epoch :  77  Epoch time :  0.4673573933541775  Train L2 Loss :  17.36227560043335
Epoch :  78  Epoch time :  0.46281217876821756  Train L2 Loss :  17.49979502115494
Epoch :  79  Epoch time :  0.46430522575974464  Train L2 Loss :  18.00783502138578
Epoch :  80  Epoch time :  0.46475622802972794  Train L2 Loss :  16.712363328689182
Epoch :  81  Epoch time :  0.46279299911111593  Train L2 Loss :  17.411590808477158
Epoch :  82  Epoch time :  0.4636963391676545  Train L2 Loss :  17.211450955806633
Epoch :  83  Epoch time :  0.475220650434494  Train L2 Loss :  16.85571392988547
Epoch :  84  Epoch time :  0.4635190814733505  Train L2 Loss :  17.076262449606872
Epoch :  85  Epoch time :  0.4629741311073303  Train L2 Loss :  16.891958530132587
Epoch :  86  Epoch time :  0.4640756119042635  Train L2 Loss :  16.875432038918518
Epoch :  87  Epoch time :  0.46368718706071377  Train L2 Loss :  16.922653613946377
Epoch :  88  Epoch time :  0.46419788617640734  Train L2 Loss :  17.01235712491549
Epoch :  89  Epoch time :  0.4639547234401107  Train L2 Loss :  16.579359225737743
Epoch :  90  Epoch time :  0.4640957089141011  Train L2 Loss :  16.823784754826473
Epoch :  91  Epoch time :  0.46598712634295225  Train L2 Loss :  17.072149619078026
Epoch :  92  Epoch time :  0.4649547338485718  Train L2 Loss :  16.710377522003956
Epoch :  93  Epoch time :  0.4648174177855253  Train L2 Loss :  16.992267828721268
Epoch :  94  Epoch time :  0.4728678474202752  Train L2 Loss :  16.596634950393284
Epoch :  95  Epoch time :  0.46265057381242514  Train L2 Loss :  15.988832437075102
Epoch :  96  Epoch time :  0.4618951082229614  Train L2 Loss :  16.41701708084498
Epoch :  97  Epoch time :  0.4776501664891839  Train L2 Loss :  16.096217131003357
Epoch :  98  Epoch time :  0.46290851663798094  Train L2 Loss :  17.009495441730206
Epoch :  99  Epoch time :  0.46487210784107447  Train L2 Loss :  16.173170615465214
Epoch :  100  Epoch time :  0.46313679218292236  Train L2 Loss :  12.526700374407646
Epoch :  101  Epoch time :  0.46641231048852205  Train L2 Loss :  11.111370098896515
Epoch :  102  Epoch time :  0.4634335804730654  Train L2 Loss :  11.12076676197541
Epoch :  103  Epoch time :  0.46796008571982384  Train L2 Loss :  11.104620309976431
Epoch :  104  Epoch time :  0.4763837717473507  Train L2 Loss :  11.209843647785675
Epoch :  105  Epoch time :  0.4795758444815874  Train L2 Loss :  11.485187432704828
Epoch :  106  Epoch time :  0.4663748536258936  Train L2 Loss :  10.8780884375939
Epoch :  107  Epoch time :  0.4672761457040906  Train L2 Loss :  11.242890883714725
Epoch :  108  Epoch time :  0.4681745870038867  Train L2 Loss :  11.171555519104004
Epoch :  109  Epoch time :  0.46544070914387703  Train L2 Loss :  11.464126134530092
Epoch :  110  Epoch time :  0.46625200659036636  Train L2 Loss :  11.418821628277119
Epoch :  111  Epoch time :  0.4723635381087661  Train L2 Loss :  11.321541321583283
Epoch :  112  Epoch time :  0.4908157866448164  Train L2 Loss :  11.07153391226744
Epoch :  113  Epoch time :  0.493041118606925  Train L2 Loss :  11.010904654478415
Epoch :  114  Epoch time :  0.4718513786792755  Train L2 Loss :  11.369937175359482
Epoch :  115  Epoch time :  0.46751710772514343  Train L2 Loss :  11.149518991127993
Epoch :  116  Epoch time :  0.4668868314474821  Train L2 Loss :  10.89879243190472
Epoch :  117  Epoch time :  0.46551655791699886  Train L2 Loss :  11.115787371610983
Epoch :  118  Epoch time :  0.4683270687237382  Train L2 Loss :  11.03646350518251
Epoch :  119  Epoch time :  0.46859830990433693  Train L2 Loss :  11.057320191310001
Epoch :  120  Epoch time :  0.468902830965817  Train L2 Loss :  10.908805480370155
Epoch :  121  Epoch time :  0.4660296682268381  Train L2 Loss :  11.214878779191237
Epoch :  122  Epoch time :  0.46911378018558025  Train L2 Loss :  11.492563467759352
Epoch :  123  Epoch time :  0.46994392666965723  Train L2 Loss :  10.80199747819167
Epoch :  124  Epoch time :  0.4699211176484823  Train L2 Loss :  11.209316950577955
Epoch :  125  Epoch time :  0.47008278500288725  Train L2 Loss :  11.133731206258139
Epoch :  126  Epoch time :  0.4692645100876689  Train L2 Loss :  11.067090548001802
Epoch :  127  Epoch time :  0.4665057398378849  Train L2 Loss :  11.320520034203163
Epoch :  128  Epoch time :  0.46778147481381893  Train L2 Loss :  10.874294757843018
Epoch :  129  Epoch time :  0.47405609861016273  Train L2 Loss :  10.6399933497111
Epoch :  130  Epoch time :  0.46801783330738544  Train L2 Loss :  10.704705629593287
Epoch :  131  Epoch time :  0.4690074622631073  Train L2 Loss :  11.01400501300127
Epoch :  132  Epoch time :  0.4698030846193433  Train L2 Loss :  10.800508682544415
Epoch :  133  Epoch time :  0.47026150301098824  Train L2 Loss :  10.718445044297438
Epoch :  134  Epoch time :  0.4729938833042979  Train L2 Loss :  11.060316464839838
Epoch :  135  Epoch time :  0.4719059066846967  Train L2 Loss :  10.880754593091133
Epoch :  136  Epoch time :  0.4711061781272292  Train L2 Loss :  10.485007249391996
Epoch :  137  Epoch time :  0.47180944588035345  Train L2 Loss :  10.809588016607822
Epoch :  138  Epoch time :  0.470473756082356  Train L2 Loss :  10.948140058761988
Epoch :  139  Epoch time :  0.46927281469106674  Train L2 Loss :  10.909544846950434
Epoch :  140  Epoch time :  0.470590740442276  Train L2 Loss :  10.721913570012802
Epoch :  141  Epoch time :  0.4698734562844038  Train L2 Loss :  11.069036642710367
Epoch :  142  Epoch time :  0.47423237655311823  Train L2 Loss :  10.816734485137157
Epoch :  143  Epoch time :  0.47080676071345806  Train L2 Loss :  10.972652154091078
Epoch :  144  Epoch time :  0.4695744030177593  Train L2 Loss :  10.533893890869923
Epoch :  145  Epoch time :  0.4693594900891185  Train L2 Loss :  10.413597094707
Epoch :  146  Epoch time :  0.47284960001707077  Train L2 Loss :  10.81215972166795
Epoch :  147  Epoch time :  0.49603597447276115  Train L2 Loss :  10.774849084707407
Epoch :  148  Epoch time :  0.4778302563354373  Train L2 Loss :  10.784966688889723
Epoch :  149  Epoch time :  0.4703987007960677  Train L2 Loss :  10.51056204086695
Epoch :  150  Epoch time :  0.47078835498541594  Train L2 Loss :  10.288254621701363
Epoch :  151  Epoch time :  0.47120765037834644  Train L2 Loss :  10.244193871816
Epoch :  152  Epoch time :  0.4802951542660594  Train L2 Loss :  10.444256489093487
Epoch :  153  Epoch time :  0.470785079523921  Train L2 Loss :  10.657219348809658
Epoch :  154  Epoch time :  0.4713687775656581  Train L2 Loss :  10.604614361738546
Epoch :  155  Epoch time :  0.4843910364434123  Train L2 Loss :  10.485141375125982
Epoch :  156  Epoch time :  0.4913729075342417  Train L2 Loss :  10.44526613675631
Epoch :  157  Epoch time :  0.4917530659586191  Train L2 Loss :  10.495426459190172
Epoch :  158  Epoch time :  0.4956682678312063  Train L2 Loss :  10.325325452364408
Epoch :  159  Epoch time :  0.4906189292669296  Train L2 Loss :  10.578294466703365
Epoch :  160  Epoch time :  0.4922666419297457  Train L2 Loss :  10.361658255259195
Epoch :  161  Epoch time :  0.4915740191936493  Train L2 Loss :  10.578662798954891
Epoch :  162  Epoch time :  0.49077011924237013  Train L2 Loss :  10.396002573844713
Epoch :  163  Epoch time :  0.4948992505669594  Train L2 Loss :  10.465376132573837
Epoch :  164  Epoch time :  0.49386985320597887  Train L2 Loss :  10.367849667867025
Epoch :  165  Epoch time :  0.4915746636688709  Train L2 Loss :  10.518112524961813
Epoch :  166  Epoch time :  0.503749743103981  Train L2 Loss :  10.422868691957914
Epoch :  167  Epoch time :  0.5130710247904062  Train L2 Loss :  10.214592004433657
Epoch :  168  Epoch time :  0.5049384096637368  Train L2 Loss :  9.878128504141783
Epoch :  169  Epoch time :  0.49317125603556633  Train L2 Loss :  10.206771239256247
Epoch :  170  Epoch time :  0.4932338586077094  Train L2 Loss :  10.260947851034311
Epoch :  171  Epoch time :  0.4942767648026347  Train L2 Loss :  10.361762768182999
Epoch :  172  Epoch time :  0.5113790798932314  Train L2 Loss :  10.208030541737875
Epoch :  173  Epoch time :  0.514464907348156  Train L2 Loss :  10.330304720462896
Epoch :  174  Epoch time :  0.5148734096437693  Train L2 Loss :  10.172979367084992
Epoch :  175  Epoch time :  0.5144254686310887  Train L2 Loss :  10.426334050985483
Epoch :  176  Epoch time :  0.5079180542379618  Train L2 Loss :  10.257401124025003
Epoch :  177  Epoch time :  0.4927049186080694  Train L2 Loss :  10.34048147690602
Epoch :  178  Epoch time :  0.5103139411658049  Train L2 Loss :  10.288321054898775
Epoch :  179  Epoch time :  0.5144739262759686  Train L2 Loss :  9.839626336709047
Epoch :  180  Epoch time :  0.5041794050484896  Train L2 Loss :  10.072407918098646
Epoch :  181  Epoch time :  0.4936757916584611  Train L2 Loss :  9.981728602678348
Epoch :  182  Epoch time :  0.49498987570405006  Train L2 Loss :  10.133310745923946
Epoch :  183  Epoch time :  0.4933584127575159  Train L2 Loss :  10.086496365376007
Epoch :  184  Epoch time :  0.49440637696534395  Train L2 Loss :  10.387754110189585
Epoch :  185  Epoch time :  0.4943233923986554  Train L2 Loss :  10.112326707595434
Epoch :  186  Epoch time :  0.49408216029405594  Train L2 Loss :  10.332752276689579
Epoch :  187  Epoch time :  0.4963878821581602  Train L2 Loss :  10.152460452837822
Epoch :  188  Epoch time :  0.49715200159698725  Train L2 Loss :  10.148371439713697
Epoch :  189  Epoch time :  0.4937444347888231  Train L2 Loss :  10.438213091630201
Epoch :  190  Epoch time :  0.495154426433146  Train L2 Loss :  10.382461229960123
Epoch :  191  Epoch time :  0.4949683230370283  Train L2 Loss :  10.326422379567074
Epoch :  192  Epoch time :  0.49507947266101837  Train L2 Loss :  10.203823511417095
Epoch :  193  Epoch time :  0.49456790648400784  Train L2 Loss :  9.987720391689203
Epoch :  194  Epoch time :  0.506539891473949  Train L2 Loss :  10.35639766546396
Epoch :  195  Epoch time :  0.4942409386858344  Train L2 Loss :  9.862905685718243
Epoch :  196  Epoch time :  0.4954052912071347  Train L2 Loss :  9.713280732815083
Epoch :  197  Epoch time :  0.4948359811678529  Train L2 Loss :  10.014456467750746
Epoch :  198  Epoch time :  0.5397170037031174  Train L2 Loss :  10.158994130599194
Epoch :  199  Epoch time :  0.5096876956522465  Train L2 Loss :  10.014811748113388
Total time is : 95.09751333575696 Total epoch is  200
