Input dim :  201  output dim :  1
Start training 
59009
Epoch :  0  Epoch time :  0.6560282818973064  Train L2 Loss :  196.23287924742087
Epoch :  1  Epoch time :  0.4983094958588481  Train L2 Loss :  141.59921812399838
Epoch :  2  Epoch time :  0.5090424465015531  Train L2 Loss :  78.32459572034004
Epoch :  3  Epoch time :  0.49787041544914246  Train L2 Loss :  58.12789721366687
Epoch :  4  Epoch time :  0.490641076117754  Train L2 Loss :  49.996691434811325
Epoch :  5  Epoch time :  0.4888841537758708  Train L2 Loss :  46.085291251158104
Epoch :  6  Epoch time :  0.48901004530489445  Train L2 Loss :  43.64709012936323
Epoch :  7  Epoch time :  0.49396741669625044  Train L2 Loss :  40.780731347891
Epoch :  8  Epoch time :  0.4918022211641073  Train L2 Loss :  39.17991212698129
Epoch :  9  Epoch time :  0.4950512768700719  Train L2 Loss :  37.51792223025591
Epoch :  10  Epoch time :  0.49060161132365465  Train L2 Loss :  36.0534898806841
Epoch :  11  Epoch time :  0.5012297267094254  Train L2 Loss :  35.328638419126854
Epoch :  12  Epoch time :  0.4888594402000308  Train L2 Loss :  34.324902852376304
Epoch :  13  Epoch time :  0.4908997407183051  Train L2 Loss :  32.98156200311123
Epoch :  14  Epoch time :  0.49058452621102333  Train L2 Loss :  32.34158080663436
Epoch :  15  Epoch time :  0.4942945269867778  Train L2 Loss :  31.49818293253581
Epoch :  16  Epoch time :  0.5094283223152161  Train L2 Loss :  30.871419173020584
Epoch :  17  Epoch time :  0.4930709172040224  Train L2 Loss :  30.800776457175232
Epoch :  18  Epoch time :  0.495059116743505  Train L2 Loss :  30.26406041169778
Epoch :  19  Epoch time :  0.49272551108151674  Train L2 Loss :  29.201098906688202
Epoch :  20  Epoch time :  0.4938739528879523  Train L2 Loss :  28.742550727648613
Epoch :  21  Epoch time :  0.493750867433846  Train L2 Loss :  29.07021906437018
Epoch :  22  Epoch time :  0.4959763176739216  Train L2 Loss :  28.931370441730206
Epoch :  23  Epoch time :  0.4942359672859311  Train L2 Loss :  27.58291599078056
Epoch :  24  Epoch time :  0.4944135006517172  Train L2 Loss :  27.059299640166454
Epoch :  25  Epoch time :  0.4939934276044369  Train L2 Loss :  26.920490264892578
Epoch :  26  Epoch time :  0.4978228621184826  Train L2 Loss :  26.809885734166855
Epoch :  27  Epoch time :  0.4922712529078126  Train L2 Loss :  25.78323532984807
Epoch :  28  Epoch time :  0.4934046966955066  Train L2 Loss :  26.997390551444813
Epoch :  29  Epoch time :  0.49630394484847784  Train L2 Loss :  25.702527119563175
Epoch :  30  Epoch time :  0.4992363387718797  Train L2 Loss :  25.224046560434196
Epoch :  31  Epoch time :  0.5117628127336502  Train L2 Loss :  24.85981334784092
Epoch :  32  Epoch time :  0.49289488699287176  Train L2 Loss :  25.1889555759919
Epoch :  33  Epoch time :  0.49487022031098604  Train L2 Loss :  24.9860380368355
Epoch :  34  Epoch time :  0.4971217215061188  Train L2 Loss :  24.46982633150541
Epoch :  35  Epoch time :  0.49681935738772154  Train L2 Loss :  24.04125580420861
Epoch :  36  Epoch time :  0.4960237070918083  Train L2 Loss :  23.49232962192633
Epoch :  37  Epoch time :  0.5072596650570631  Train L2 Loss :  23.528774726085175
Epoch :  38  Epoch time :  0.4981519477441907  Train L2 Loss :  23.6381615125216
Epoch :  39  Epoch time :  0.4967698762193322  Train L2 Loss :  23.25841531998072
Epoch :  40  Epoch time :  0.49635624047368765  Train L2 Loss :  23.487631015288525
Epoch :  41  Epoch time :  0.49697996210306883  Train L2 Loss :  22.868843054160095
Epoch :  42  Epoch time :  0.4980801986530423  Train L2 Loss :  22.56356298006498
Epoch :  43  Epoch time :  0.4965873043984175  Train L2 Loss :  22.0092994249784
Epoch :  44  Epoch time :  0.4953948771581054  Train L2 Loss :  22.69632848103841
Epoch :  45  Epoch time :  0.49566438514739275  Train L2 Loss :  22.771437253707493
Epoch :  46  Epoch time :  0.4984038583934307  Train L2 Loss :  22.281265845665565
Epoch :  47  Epoch time :  0.501462378539145  Train L2 Loss :  22.28777423271766
Epoch :  48  Epoch time :  0.5090388581156731  Train L2 Loss :  21.76440253624549
Epoch :  49  Epoch time :  0.49592573940753937  Train L2 Loss :  21.840478946001102
Epoch :  50  Epoch time :  0.5022381702437997  Train L2 Loss :  21.817283605917908
Epoch :  51  Epoch time :  0.4937562821432948  Train L2 Loss :  21.45031371483436
Epoch :  52  Epoch time :  0.49484130181372166  Train L2 Loss :  21.050651036776028
Epoch :  53  Epoch time :  0.49499866645783186  Train L2 Loss :  21.266445722335423
Epoch :  54  Epoch time :  0.49970091599971056  Train L2 Loss :  21.194125957978077
Epoch :  55  Epoch time :  0.49526299349963665  Train L2 Loss :  21.03489406292255
Epoch :  56  Epoch time :  0.49521858617663383  Train L2 Loss :  21.24335814744998
Epoch :  57  Epoch time :  0.494742676615715  Train L2 Loss :  21.042886269398224
Epoch :  58  Epoch time :  0.49528021924197674  Train L2 Loss :  20.529895464579266
Epoch :  59  Epoch time :  0.49470200669020414  Train L2 Loss :  20.465245784857334
Epoch :  60  Epoch time :  0.4967433651909232  Train L2 Loss :  20.4055420313126
Epoch :  61  Epoch time :  0.5013282587751746  Train L2 Loss :  20.58475369673509
Epoch :  62  Epoch time :  0.5160455331206322  Train L2 Loss :  20.239991872738567
Epoch :  63  Epoch time :  0.5131051857024431  Train L2 Loss :  20.258217542599407
Epoch :  64  Epoch time :  0.5257038045674562  Train L2 Loss :  19.851435979207356
Epoch :  65  Epoch time :  0.5074813701212406  Train L2 Loss :  19.816860125615047
Epoch :  66  Epoch time :  0.5057338997721672  Train L2 Loss :  20.12000135275034
Epoch :  67  Epoch time :  0.5081334030255675  Train L2 Loss :  19.94472753084623
Epoch :  68  Epoch time :  0.5098163355141878  Train L2 Loss :  19.932324482844425
Epoch :  69  Epoch time :  0.5045149540528655  Train L2 Loss :  19.984689834790352
Epoch :  70  Epoch time :  0.4954058490693569  Train L2 Loss :  19.477306806124172
Epoch :  71  Epoch time :  0.5052088042721152  Train L2 Loss :  19.422888364547337
Epoch :  72  Epoch time :  0.5105908643454313  Train L2 Loss :  19.352856293702736
Epoch :  73  Epoch time :  0.5090437205508351  Train L2 Loss :  19.059478368514622
Epoch :  74  Epoch time :  0.5131620997563004  Train L2 Loss :  18.947231268271423
Epoch :  75  Epoch time :  0.5024369023740292  Train L2 Loss :  18.690676200084198
Epoch :  76  Epoch time :  0.5125941839069128  Train L2 Loss :  18.500557532677284
Epoch :  77  Epoch time :  0.5191294932737947  Train L2 Loss :  18.87468770834116
Epoch :  78  Epoch time :  0.5066396370530128  Train L2 Loss :  18.448852294530624
Epoch :  79  Epoch time :  0.508120983839035  Train L2 Loss :  18.784440016135193
Epoch :  80  Epoch time :  0.5035429820418358  Train L2 Loss :  18.585446088741985
Epoch :  81  Epoch time :  0.5017827805131674  Train L2 Loss :  18.639525584685497
Epoch :  82  Epoch time :  0.5028164749965072  Train L2 Loss :  18.87802681556115
Epoch :  83  Epoch time :  0.5032645110040903  Train L2 Loss :  18.516185369247044
Epoch :  84  Epoch time :  0.49920789804309607  Train L2 Loss :  18.30117509303949
Epoch :  85  Epoch time :  0.5056037828326225  Train L2 Loss :  18.44060127551739
Epoch :  86  Epoch time :  0.5066851219162345  Train L2 Loss :  18.486980731670673
Epoch :  87  Epoch time :  0.4997707661241293  Train L2 Loss :  18.542123183225975
Epoch :  88  Epoch time :  0.5026533817872405  Train L2 Loss :  17.930104426848583
Epoch :  89  Epoch time :  0.49887662939727306  Train L2 Loss :  17.965060869852703
Epoch :  90  Epoch time :  0.4962511267513037  Train L2 Loss :  17.961432139078777
Epoch :  91  Epoch time :  0.5005859546363354  Train L2 Loss :  17.58292251978165
Epoch :  92  Epoch time :  0.5031698914244771  Train L2 Loss :  18.210737448472244
Epoch :  93  Epoch time :  0.5057366089895368  Train L2 Loss :  18.2933416611109
Epoch :  94  Epoch time :  0.49960821960121393  Train L2 Loss :  17.655348068628555
Epoch :  95  Epoch time :  0.49966052640229464  Train L2 Loss :  17.470015696990185
Epoch :  96  Epoch time :  0.49886181857436895  Train L2 Loss :  17.94165479219877
Epoch :  97  Epoch time :  0.49512686114758253  Train L2 Loss :  17.71048396672958
Epoch :  98  Epoch time :  0.4989062203094363  Train L2 Loss :  17.800865686856785
Epoch :  99  Epoch time :  0.5001733191311359  Train L2 Loss :  17.600044079315968
Epoch :  100  Epoch time :  0.501475153490901  Train L2 Loss :  14.03291001686683
Epoch :  101  Epoch time :  0.4992659892886877  Train L2 Loss :  12.711079377394457
Epoch :  102  Epoch time :  0.5037117302417755  Train L2 Loss :  12.730231382907965
Epoch :  103  Epoch time :  0.5017096186056733  Train L2 Loss :  12.902948465102758
Epoch :  104  Epoch time :  0.4984329817816615  Train L2 Loss :  12.862256221282177
Epoch :  105  Epoch time :  0.5016594501212239  Train L2 Loss :  12.824294444842216
Epoch :  106  Epoch time :  0.5014307489618659  Train L2 Loss :  12.63938901363275
Epoch :  107  Epoch time :  0.5061495900154114  Train L2 Loss :  12.707456735464243
Epoch :  108  Epoch time :  0.5024656783789396  Train L2 Loss :  12.547075455005352
Epoch :  109  Epoch time :  0.5000499440357089  Train L2 Loss :  12.72021876848661
Epoch :  110  Epoch time :  0.5027114460244775  Train L2 Loss :  12.815298202710274
Epoch :  111  Epoch time :  0.49812848679721355  Train L2 Loss :  12.684079109094082
Epoch :  112  Epoch time :  0.5061125876381993  Train L2 Loss :  12.93092113886124
Epoch :  113  Epoch time :  0.5033573005348444  Train L2 Loss :  12.546692835978973
Epoch :  114  Epoch time :  0.5020915791392326  Train L2 Loss :  12.591560119237656
Epoch :  115  Epoch time :  0.5009715696796775  Train L2 Loss :  12.839901483975924
Epoch :  116  Epoch time :  0.505595981143415  Train L2 Loss :  12.650330470158504
Epoch :  117  Epoch time :  0.512219968251884  Train L2 Loss :  12.601048616262583
Epoch :  118  Epoch time :  0.5017870916053653  Train L2 Loss :  12.547577271094688
Epoch :  119  Epoch time :  0.5007308833301067  Train L2 Loss :  12.2943314405588
Epoch :  120  Epoch time :  0.5011528879404068  Train L2 Loss :  12.550767702934069
Epoch :  121  Epoch time :  0.4990489613264799  Train L2 Loss :  12.46380437948765
Epoch :  122  Epoch time :  0.5066228490322828  Train L2 Loss :  12.24307519961626
Epoch :  123  Epoch time :  0.5014695869758725  Train L2 Loss :  12.363443142328506
Epoch :  124  Epoch time :  0.5029235100373626  Train L2 Loss :  12.160152765420767
Epoch :  125  Epoch time :  0.501505627296865  Train L2 Loss :  12.230433011666323
Epoch :  126  Epoch time :  0.5037565883249044  Train L2 Loss :  12.193266856364716
Epoch :  127  Epoch time :  0.49987777415663004  Train L2 Loss :  12.271207369290865
Epoch :  128  Epoch time :  0.50325639359653  Train L2 Loss :  12.18905747242463
Epoch :  129  Epoch time :  0.49978874810039997  Train L2 Loss :  12.326885137802515
Epoch :  130  Epoch time :  0.4999073650687933  Train L2 Loss :  12.307065535814335
Epoch :  131  Epoch time :  0.49985318165272474  Train L2 Loss :  12.27614866158901
Epoch :  132  Epoch time :  0.5066388258710504  Train L2 Loss :  12.093373286418426
Epoch :  133  Epoch time :  0.5048590954393148  Train L2 Loss :  12.189565279544928
Epoch :  134  Epoch time :  0.5038675256073475  Train L2 Loss :  12.111995978233141
Epoch :  135  Epoch time :  0.5036607589572668  Train L2 Loss :  12.154128930507563
Epoch :  136  Epoch time :  0.5024060113355517  Train L2 Loss :  12.402000072674873
Epoch :  137  Epoch time :  0.4991300618276  Train L2 Loss :  11.899765772697252
Epoch :  138  Epoch time :  0.5020637307316065  Train L2 Loss :  11.982697071173252
Epoch :  139  Epoch time :  0.5030176769942045  Train L2 Loss :  11.838529990269588
Epoch :  140  Epoch time :  0.5032056076452136  Train L2 Loss :  11.960999721135849
Epoch :  141  Epoch time :  0.5137922400608659  Train L2 Loss :  11.729566305111616
Epoch :  142  Epoch time :  0.5078314403072  Train L2 Loss :  11.959383451021635
Epoch :  143  Epoch time :  0.5033279219642282  Train L2 Loss :  11.94905047538953
Epoch :  144  Epoch time :  0.5043108407407999  Train L2 Loss :  11.562296219361134
Epoch :  145  Epoch time :  0.5053340261802077  Train L2 Loss :  12.089166531196007
Epoch :  146  Epoch time :  0.5061922520399094  Train L2 Loss :  11.664630608680921
Epoch :  147  Epoch time :  0.5072125578299165  Train L2 Loss :  11.722622871398926
Epoch :  148  Epoch time :  0.5261687077581882  Train L2 Loss :  11.770753065745035
Epoch :  149  Epoch time :  0.5188251743093133  Train L2 Loss :  11.980249527173164
Epoch :  150  Epoch time :  0.5010640686377883  Train L2 Loss :  11.660608401665321
Epoch :  151  Epoch time :  0.5194057729095221  Train L2 Loss :  11.839238350207989
Epoch :  152  Epoch time :  0.5150204915553331  Train L2 Loss :  11.681145790295723
Epoch :  153  Epoch time :  0.5222595296800137  Train L2 Loss :  11.80732903113732
Epoch :  154  Epoch time :  0.5116738313809037  Train L2 Loss :  11.506703596848707
Epoch :  155  Epoch time :  0.5174258360639215  Train L2 Loss :  11.576674498044527
Epoch :  156  Epoch time :  0.5148859769105911  Train L2 Loss :  11.919366665375538
Epoch :  157  Epoch time :  0.5307530229911208  Train L2 Loss :  11.481402018131353
Epoch :  158  Epoch time :  0.5244753882288933  Train L2 Loss :  11.688569117815067
Epoch :  159  Epoch time :  0.5117681128904223  Train L2 Loss :  11.541725696661533
Epoch :  160  Epoch time :  0.5183029472827911  Train L2 Loss :  11.71214851966271
Epoch :  161  Epoch time :  0.5163820013403893  Train L2 Loss :  11.374744390830015
Epoch :  162  Epoch time :  0.5158768007531762  Train L2 Loss :  11.31376136877598
Epoch :  163  Epoch time :  0.5239649936556816  Train L2 Loss :  11.482295635419014
Epoch :  164  Epoch time :  0.5076974341645837  Train L2 Loss :  11.400265351319925
Epoch :  165  Epoch time :  0.504476617090404  Train L2 Loss :  11.452874538226006
Epoch :  166  Epoch time :  0.5193257834762335  Train L2 Loss :  11.507610003153482
Epoch :  167  Epoch time :  0.5121409371495247  Train L2 Loss :  11.494586259890825
Epoch :  168  Epoch time :  0.5050941882655025  Train L2 Loss :  11.320831066522842
Epoch :  169  Epoch time :  0.5077162524685264  Train L2 Loss :  11.622298583006247
Epoch :  170  Epoch time :  0.5061344131827354  Train L2 Loss :  11.598472387362749
Epoch :  171  Epoch time :  0.5061300862580538  Train L2 Loss :  11.705030588003305
Epoch :  172  Epoch time :  0.5101889176294208  Train L2 Loss :  11.744108701363588
Epoch :  173  Epoch time :  0.5151898125186563  Train L2 Loss :  11.383410539382544
Epoch :  174  Epoch time :  0.5062119280919433  Train L2 Loss :  11.41925080617269
Epoch :  175  Epoch time :  0.5157470935955644  Train L2 Loss :  11.59481346912873
Epoch :  176  Epoch time :  0.5074652777984738  Train L2 Loss :  11.42263850187644
Epoch :  177  Epoch time :  0.5097826877608895  Train L2 Loss :  11.294457166622847
Epoch :  178  Epoch time :  0.5077570527791977  Train L2 Loss :  11.159906668540758
Epoch :  179  Epoch time :  0.5097539983689785  Train L2 Loss :  11.46659807058481
Epoch :  180  Epoch time :  0.5115112960338593  Train L2 Loss :  11.43424654006958
Epoch :  181  Epoch time :  0.5087080178782344  Train L2 Loss :  11.181833523970385
Epoch :  182  Epoch time :  0.5114819156005979  Train L2 Loss :  11.310796187474178
Epoch :  183  Epoch time :  0.5090077063068748  Train L2 Loss :  11.313426836943014
Epoch :  184  Epoch time :  0.5075369980186224  Train L2 Loss :  11.44625364205776
Epoch :  185  Epoch time :  0.5070244744420052  Train L2 Loss :  11.103355224315937
Epoch :  186  Epoch time :  0.5069950418546796  Train L2 Loss :  11.452299448160025
Epoch :  187  Epoch time :  0.515271526761353  Train L2 Loss :  11.319627541762133
Epoch :  188  Epoch time :  0.5088775428012013  Train L2 Loss :  11.156827841049585
Epoch :  189  Epoch time :  0.5089313611388206  Train L2 Loss :  10.92020089809711
Epoch :  190  Epoch time :  0.5073937298730016  Train L2 Loss :  11.169220973283817
Epoch :  191  Epoch time :  0.5085817072540522  Train L2 Loss :  11.089429011711708
Epoch :  192  Epoch time :  0.5133881410583854  Train L2 Loss :  11.028597489381449
Epoch :  193  Epoch time :  0.5085837598890066  Train L2 Loss :  11.27219723432492
Epoch :  194  Epoch time :  0.5098424712195992  Train L2 Loss :  11.06895846586961
Epoch :  195  Epoch time :  0.5081075364723802  Train L2 Loss :  11.147364298502604
Epoch :  196  Epoch time :  0.5114702247083187  Train L2 Loss :  11.18903488990588
Epoch :  197  Epoch time :  0.5086019393056631  Train L2 Loss :  10.882831995303814
Epoch :  198  Epoch time :  0.5132217379286885  Train L2 Loss :  11.117150869124975
Epoch :  199  Epoch time :  0.50930549018085  Train L2 Loss :  11.205770614819649
Total time is : 100.9342724783346 Total epoch is  200
