Input dim :  201  output dim :  1
Start training 
629249
Epoch :  0  Epoch time :  0.6449940567836165  Train L2 Loss :  189.41892966245993
Epoch :  1  Epoch time :  0.4808982014656067  Train L2 Loss :  97.20206744854266
Epoch :  2  Epoch time :  0.49998774379491806  Train L2 Loss :  57.161597667596276
Epoch :  3  Epoch time :  0.47873308323323727  Train L2 Loss :  48.33267446664664
Epoch :  4  Epoch time :  0.48023654520511627  Train L2 Loss :  43.05296384371244
Epoch :  5  Epoch time :  0.48959552124142647  Train L2 Loss :  39.74692207727677
Epoch :  6  Epoch time :  0.4828117722645402  Train L2 Loss :  37.54446709461701
Epoch :  7  Epoch time :  0.48060750868171453  Train L2 Loss :  35.84741577735314
Epoch :  8  Epoch time :  0.4789462620392442  Train L2 Loss :  34.90976157555213
Epoch :  9  Epoch time :  0.48347825929522514  Train L2 Loss :  33.48948674324231
Epoch :  10  Epoch time :  0.48496994376182556  Train L2 Loss :  31.479372904850887
Epoch :  11  Epoch time :  0.4808609653264284  Train L2 Loss :  31.00900711157383
Epoch :  12  Epoch time :  0.48755546379834414  Train L2 Loss :  31.760375389685997
Epoch :  13  Epoch time :  0.48995254281908274  Train L2 Loss :  29.85923950488751
Epoch :  14  Epoch time :  0.4797960966825485  Train L2 Loss :  29.02656232393705
Epoch :  15  Epoch time :  0.4817815851420164  Train L2 Loss :  28.02036412556966
Epoch :  16  Epoch time :  0.4976841313764453  Train L2 Loss :  27.727591905838405
Epoch :  17  Epoch time :  0.4773962218314409  Train L2 Loss :  26.47693656041072
Epoch :  18  Epoch time :  0.47904776129871607  Train L2 Loss :  27.5443054101406
Epoch :  19  Epoch time :  0.4809316014871001  Train L2 Loss :  27.409504401378143
Epoch :  20  Epoch time :  0.48752751015126705  Train L2 Loss :  25.853101143470177
Epoch :  21  Epoch time :  0.4804538944736123  Train L2 Loss :  25.035049193944687
Epoch :  22  Epoch time :  0.4807304982095957  Train L2 Loss :  24.36790767082801
Epoch :  23  Epoch time :  0.4804643476381898  Train L2 Loss :  25.159087719061436
Epoch :  24  Epoch time :  0.4808355225250125  Train L2 Loss :  24.237864592136482
Epoch :  25  Epoch time :  0.4798986641690135  Train L2 Loss :  24.039482997013973
Epoch :  26  Epoch time :  0.483953800983727  Train L2 Loss :  23.899261254530686
Epoch :  27  Epoch time :  0.48028540052473545  Train L2 Loss :  23.916302534250114
Epoch :  28  Epoch time :  0.4816717440262437  Train L2 Loss :  23.50534104078244
Epoch :  29  Epoch time :  0.4805950624868274  Train L2 Loss :  22.87483442746676
Epoch :  30  Epoch time :  0.4898918326944113  Train L2 Loss :  22.533734052609173
Epoch :  31  Epoch time :  0.49854049272835255  Train L2 Loss :  22.196545478625175
Epoch :  32  Epoch time :  0.48152434453368187  Train L2 Loss :  21.998074433742424
Epoch :  33  Epoch time :  0.48269805684685707  Train L2 Loss :  21.77516514215714
Epoch :  34  Epoch time :  0.4874409856274724  Train L2 Loss :  21.98754342397054
Epoch :  35  Epoch time :  0.48679778818041086  Train L2 Loss :  21.178531133211575
Epoch :  36  Epoch time :  0.48391396179795265  Train L2 Loss :  21.53965866871369
Epoch :  37  Epoch time :  0.48885626066476107  Train L2 Loss :  21.94101761548947
Epoch :  38  Epoch time :  0.5084466990083456  Train L2 Loss :  21.192907284467648
Epoch :  39  Epoch time :  0.48747323267161846  Train L2 Loss :  20.968666003300594
Epoch :  40  Epoch time :  0.48418162669986486  Train L2 Loss :  20.104864462828026
Epoch :  41  Epoch time :  0.4896363243460655  Train L2 Loss :  20.790441390795586
Epoch :  42  Epoch time :  0.4845826169475913  Train L2 Loss :  20.033690672654373
Epoch :  43  Epoch time :  0.4841706966981292  Train L2 Loss :  20.200381034459824
Epoch :  44  Epoch time :  0.4881860604509711  Train L2 Loss :  20.96503817729461
Epoch :  45  Epoch time :  0.4845292065292597  Train L2 Loss :  20.181158408140526
Epoch :  46  Epoch time :  0.4857750115916133  Train L2 Loss :  19.988423347473145
Epoch :  47  Epoch time :  0.4960208870470524  Train L2 Loss :  20.147392248496033
Epoch :  48  Epoch time :  0.5122791510075331  Train L2 Loss :  19.529098975352753
Epoch :  49  Epoch time :  0.4856177903711796  Train L2 Loss :  19.820120591383713
Epoch :  50  Epoch time :  0.4874607352539897  Train L2 Loss :  20.448325206071903
Epoch :  51  Epoch time :  0.4852985478937626  Train L2 Loss :  19.933148335187862
Epoch :  52  Epoch time :  0.48641545977443457  Train L2 Loss :  19.049152129735702
Epoch :  53  Epoch time :  0.4867421807721257  Train L2 Loss :  18.837767160855808
Epoch :  54  Epoch time :  0.4862476857379079  Train L2 Loss :  19.4148771579449
Epoch :  55  Epoch time :  0.4878811426460743  Train L2 Loss :  19.170945045275566
Epoch :  56  Epoch time :  0.4882884370163083  Train L2 Loss :  18.714078683119553
Epoch :  57  Epoch time :  0.5532122785225511  Train L2 Loss :  18.92301654815674
Epoch :  58  Epoch time :  0.5356946941465139  Train L2 Loss :  18.936746450570915
Epoch :  59  Epoch time :  0.4872079687193036  Train L2 Loss :  19.008291660211025
Epoch :  60  Epoch time :  0.48703697230666876  Train L2 Loss :  18.706033608852287
Epoch :  61  Epoch time :  0.49761585891246796  Train L2 Loss :  18.756942504491562
Epoch :  62  Epoch time :  0.4885538313537836  Train L2 Loss :  18.52404946547288
Epoch :  63  Epoch time :  0.48830715846270323  Train L2 Loss :  18.420490167079826
Epoch :  64  Epoch time :  0.4872103175148368  Train L2 Loss :  18.522614576877693
Epoch :  65  Epoch time :  0.48750773165374994  Train L2 Loss :  17.850119615212463
Epoch :  66  Epoch time :  0.48948219791054726  Train L2 Loss :  17.981857422070625
Epoch :  67  Epoch time :  0.4909654753282666  Train L2 Loss :  18.041798420441456
Epoch :  68  Epoch time :  0.4889877690002322  Train L2 Loss :  17.42113829881717
Epoch :  69  Epoch time :  0.48660323955118656  Train L2 Loss :  17.86145047652416
Epoch :  70  Epoch time :  0.4891464654356241  Train L2 Loss :  18.01189725826948
Epoch :  71  Epoch time :  0.49448616802692413  Train L2 Loss :  18.29562962360871
Epoch :  72  Epoch time :  0.49284415133297443  Train L2 Loss :  17.5232834815979
Epoch :  73  Epoch time :  0.49294251669198275  Train L2 Loss :  17.465934484432903
Epoch :  74  Epoch time :  0.5032366570085287  Train L2 Loss :  17.279464941758377
Epoch :  75  Epoch time :  0.48863884899765253  Train L2 Loss :  18.108775371160263
Epoch :  76  Epoch time :  0.4896437041461468  Train L2 Loss :  17.641707567068245
Epoch :  77  Epoch time :  0.4906486012041569  Train L2 Loss :  17.419257726424778
Epoch :  78  Epoch time :  0.5017156274989247  Train L2 Loss :  16.96525500370906
Epoch :  79  Epoch time :  0.49907154869288206  Train L2 Loss :  17.08819740246504
Epoch :  80  Epoch time :  0.4900102159008384  Train L2 Loss :  17.594911196292976
Epoch :  81  Epoch time :  0.48802355397492647  Train L2 Loss :  17.26057191995474
Epoch :  82  Epoch time :  0.48944256640970707  Train L2 Loss :  16.933062382233448
Epoch :  83  Epoch time :  0.48934679105877876  Train L2 Loss :  16.472456076206306
Epoch :  84  Epoch time :  0.48859930876642466  Train L2 Loss :  16.892508311149403
Epoch :  85  Epoch time :  0.4940238809213042  Train L2 Loss :  16.668912691947742
Epoch :  86  Epoch time :  0.48984564282000065  Train L2 Loss :  16.807182336464905
Epoch :  87  Epoch time :  0.49394428078085184  Train L2 Loss :  16.58614093829424
Epoch :  88  Epoch time :  0.4928647009655833  Train L2 Loss :  16.490824919480545
Epoch :  89  Epoch time :  0.49108716379851103  Train L2 Loss :  17.10494907085712
Epoch :  90  Epoch time :  0.5003899112343788  Train L2 Loss :  16.416236070486214
Epoch :  91  Epoch time :  0.49104971531778574  Train L2 Loss :  16.159364504691883
Epoch :  92  Epoch time :  0.4908769205212593  Train L2 Loss :  16.573564492739163
Epoch :  93  Epoch time :  0.4896640293300152  Train L2 Loss :  16.557356443160618
Epoch :  94  Epoch time :  0.49058551620692015  Train L2 Loss :  16.701169185149364
Epoch :  95  Epoch time :  0.4989690938964486  Train L2 Loss :  16.362957526475956
Epoch :  96  Epoch time :  0.4923850195482373  Train L2 Loss :  15.941781875414726
Epoch :  97  Epoch time :  0.49169106781482697  Train L2 Loss :  16.126241280482365
Epoch :  98  Epoch time :  0.5123781738802791  Train L2 Loss :  15.954780566386688
Epoch :  99  Epoch time :  0.49340694956481457  Train L2 Loss :  16.01555929428492
Epoch :  100  Epoch time :  0.4925041701644659  Train L2 Loss :  12.454251484993177
Epoch :  101  Epoch time :  0.49178078584373  Train L2 Loss :  10.655071075146015
Epoch :  102  Epoch time :  0.4921435974538326  Train L2 Loss :  10.80291233307276
Epoch :  103  Epoch time :  0.49277951288968325  Train L2 Loss :  10.942758364555162
Epoch :  104  Epoch time :  0.4930883748456836  Train L2 Loss :  11.035134413303473
Epoch :  105  Epoch time :  0.4917972208932042  Train L2 Loss :  10.899284937442877
Epoch :  106  Epoch time :  0.493406193330884  Train L2 Loss :  10.970305247184557
Epoch :  107  Epoch time :  0.49541172105818987  Train L2 Loss :  10.886987881782728
Epoch :  108  Epoch time :  0.5831300672143698  Train L2 Loss :  11.11051810093415
Epoch :  109  Epoch time :  0.5411304188892245  Train L2 Loss :  11.230773632342999
Epoch :  110  Epoch time :  0.4937043013051152  Train L2 Loss :  11.088677559143457
Epoch :  111  Epoch time :  0.49296065513044596  Train L2 Loss :  10.940551195389185
Epoch :  112  Epoch time :  0.4942405689507723  Train L2 Loss :  10.88960101054265
Epoch :  113  Epoch time :  0.49347131606191397  Train L2 Loss :  11.008220501435108
Epoch :  114  Epoch time :  0.4935121024027467  Train L2 Loss :  10.83136362907214
Epoch :  115  Epoch time :  0.49405831564217806  Train L2 Loss :  10.788884786459116
Epoch :  116  Epoch time :  0.4957878040149808  Train L2 Loss :  10.776087956550795
Epoch :  117  Epoch time :  0.4939426211640239  Train L2 Loss :  10.567686631129337
Epoch :  118  Epoch time :  0.5324564203619957  Train L2 Loss :  10.691623638837765
Epoch :  119  Epoch time :  0.5127963861450553  Train L2 Loss :  10.937389581631392
Epoch :  120  Epoch time :  0.4952274514362216  Train L2 Loss :  10.66648826843653
Epoch :  121  Epoch time :  0.49545914586633444  Train L2 Loss :  10.78621968244895
Epoch :  122  Epoch time :  0.4966973876580596  Train L2 Loss :  11.118340064317753
Epoch :  123  Epoch time :  0.4958336232230067  Train L2 Loss :  10.74821096811539
Epoch :  124  Epoch time :  0.4970208266749978  Train L2 Loss :  11.25197809170454
Epoch :  125  Epoch time :  0.498202140443027  Train L2 Loss :  10.604121416043013
Epoch :  126  Epoch time :  0.4973761895671487  Train L2 Loss :  10.37839499498025
Epoch :  127  Epoch time :  0.502754170447588  Train L2 Loss :  10.419477010384584
Epoch :  128  Epoch time :  0.5688101537525654  Train L2 Loss :  10.486606707939735
Epoch :  129  Epoch time :  0.5261022048071027  Train L2 Loss :  10.557681401570639
Epoch :  130  Epoch time :  0.4985445234924555  Train L2 Loss :  10.653693223610903
Epoch :  131  Epoch time :  0.49766083527356386  Train L2 Loss :  10.57043855618208
Epoch :  132  Epoch time :  0.49835784640163183  Train L2 Loss :  10.64860068834745
Epoch :  133  Epoch time :  0.4992930330336094  Train L2 Loss :  10.208384147057167
Epoch :  134  Epoch time :  0.5014827447012067  Train L2 Loss :  10.698797702789307
Epoch :  135  Epoch time :  0.5025216033682227  Train L2 Loss :  10.24396465986203
Epoch :  136  Epoch time :  0.4990347661077976  Train L2 Loss :  10.747850711529072
Epoch :  137  Epoch time :  0.5047252411022782  Train L2 Loss :  10.397726548023712
Epoch :  138  Epoch time :  0.5132003864273429  Train L2 Loss :  10.287459128942245
Epoch :  139  Epoch time :  0.4992007641121745  Train L2 Loss :  10.704588156480055
Epoch :  140  Epoch time :  0.4992857137694955  Train L2 Loss :  10.575070564563458
Epoch :  141  Epoch time :  0.4981445809826255  Train L2 Loss :  10.649020011608417
Epoch :  142  Epoch time :  0.49949390161782503  Train L2 Loss :  10.363005662575747
Epoch :  143  Epoch time :  0.5008158786222339  Train L2 Loss :  10.41266087996654
Epoch :  144  Epoch time :  0.5136418733745813  Train L2 Loss :  10.474032707703419
Epoch :  145  Epoch time :  0.505426618270576  Train L2 Loss :  10.18593371220124
Epoch :  146  Epoch time :  0.5132618006318808  Train L2 Loss :  10.23797771258232
Epoch :  147  Epoch time :  0.5002010520547628  Train L2 Loss :  10.098539755894588
Epoch :  148  Epoch time :  0.5330515028908849  Train L2 Loss :  10.169949824993427
Epoch :  149  Epoch time :  0.5156438034027815  Train L2 Loss :  10.29753488760728
Epoch :  150  Epoch time :  0.5002873269841075  Train L2 Loss :  10.082402241535675
Epoch :  151  Epoch time :  0.5008527869358659  Train L2 Loss :  10.200471780239008
Epoch :  152  Epoch time :  0.5011076349765062  Train L2 Loss :  10.1459671044961
Epoch :  153  Epoch time :  0.5015400378033519  Train L2 Loss :  10.286883293054043
Epoch :  154  Epoch time :  0.5018977057188749  Train L2 Loss :  10.477713597126495
Epoch :  155  Epoch time :  0.509707941673696  Train L2 Loss :  9.969636684808975
Epoch :  156  Epoch time :  0.5006818417459726  Train L2 Loss :  10.287827907464443
Epoch :  157  Epoch time :  0.5011562248691916  Train L2 Loss :  9.866104260469095
Epoch :  158  Epoch time :  0.5074466858059168  Train L2 Loss :  10.134890177311041
Epoch :  159  Epoch time :  0.5112413186579943  Train L2 Loss :  10.32194922520564
Epoch :  160  Epoch time :  0.5017803618684411  Train L2 Loss :  10.251931239397098
Epoch :  161  Epoch time :  0.5022062947973609  Train L2 Loss :  10.08496286930182
Epoch :  162  Epoch time :  0.5013575861230493  Train L2 Loss :  10.137331143403665
Epoch :  163  Epoch time :  0.5019758101552725  Train L2 Loss :  10.32676649093628
Epoch :  164  Epoch time :  0.5032428940758109  Train L2 Loss :  9.936695392315205
Epoch :  165  Epoch time :  0.500565791502595  Train L2 Loss :  9.942102811275385
Epoch :  166  Epoch time :  0.50250075571239  Train L2 Loss :  10.206119415087578
Epoch :  167  Epoch time :  0.5024301270022988  Train L2 Loss :  9.86590398886265
Epoch :  168  Epoch time :  0.5020699929445982  Train L2 Loss :  9.942611095232841
Epoch :  169  Epoch time :  0.5023191506043077  Train L2 Loss :  10.097725067383204
Epoch :  170  Epoch time :  0.5071478169411421  Train L2 Loss :  9.662725142943554
Epoch :  171  Epoch time :  0.5033195866271853  Train L2 Loss :  9.942484060923258
Epoch :  172  Epoch time :  0.5048123188316822  Train L2 Loss :  9.930712699890137
Epoch :  173  Epoch time :  0.502797526307404  Train L2 Loss :  10.041827507508106
Epoch :  174  Epoch time :  0.5027804225683212  Train L2 Loss :  9.958338028345352
Epoch :  175  Epoch time :  0.5027769757434726  Train L2 Loss :  9.708460954519419
Epoch :  176  Epoch time :  0.5022373609244823  Train L2 Loss :  9.980713734259972
Epoch :  177  Epoch time :  0.5021733539178967  Train L2 Loss :  10.122065715300732
Epoch :  178  Epoch time :  0.5455445852130651  Train L2 Loss :  9.9704205317375
Epoch :  179  Epoch time :  0.5401717070490122  Train L2 Loss :  9.674629278672047
Epoch :  180  Epoch time :  0.5024792905896902  Train L2 Loss :  10.02212186348744
Epoch :  181  Epoch time :  0.5030728448182344  Train L2 Loss :  9.834623031127148
Epoch :  182  Epoch time :  0.5047553740441799  Train L2 Loss :  9.73283569018046
Epoch :  183  Epoch time :  0.503061393275857  Train L2 Loss :  9.790394581281221
Epoch :  184  Epoch time :  0.5029825428500772  Train L2 Loss :  9.930366247128218
Epoch :  185  Epoch time :  0.5036109378561378  Train L2 Loss :  9.656313358209072
Epoch :  186  Epoch time :  0.5170365823432803  Train L2 Loss :  9.959333163041334
Epoch :  187  Epoch time :  0.5039029959589243  Train L2 Loss :  9.890224016629732
Epoch :  188  Epoch time :  0.5073989322409034  Train L2 Loss :  9.67096629509559
Epoch :  189  Epoch time :  0.5028578713536263  Train L2 Loss :  9.84642227490743
Epoch :  190  Epoch time :  0.5044736163690686  Train L2 Loss :  9.754763175279667
Epoch :  191  Epoch time :  0.5038189431652427  Train L2 Loss :  10.147783817389072
Epoch :  192  Epoch time :  0.5148652419447899  Train L2 Loss :  10.020224045484493
Epoch :  193  Epoch time :  0.5248322682455182  Train L2 Loss :  10.003362802358774
Epoch :  194  Epoch time :  0.5183698842301965  Train L2 Loss :  9.613433519999186
Epoch :  195  Epoch time :  0.5044037513434887  Train L2 Loss :  10.301506054707062
Epoch :  196  Epoch time :  0.5050719473510981  Train L2 Loss :  9.392907160979052
Epoch :  197  Epoch time :  0.5045746685937047  Train L2 Loss :  9.86902054762229
Epoch :  198  Epoch time :  0.5104815913364291  Train L2 Loss :  9.846437417543852
Epoch :  199  Epoch time :  0.5086667668074369  Train L2 Loss :  9.533102151675102
Total time is : 99.70174348633736 Total epoch is  200
