Input dim :  201  output dim :  1
Start training 
21313
Epoch :  0  Epoch time :  0.6689423136413097  Train L2 Loss :  197.74767636030148
Epoch :  1  Epoch time :  0.4935529846698046  Train L2 Loss :  165.98373863024588
Epoch :  2  Epoch time :  0.5038846405223012  Train L2 Loss :  96.7142452337803
Epoch :  3  Epoch time :  0.48016964085400105  Train L2 Loss :  64.80185249524239
Epoch :  4  Epoch time :  0.4817964369431138  Train L2 Loss :  54.52510462051783
Epoch :  5  Epoch time :  0.4775389926508069  Train L2 Loss :  49.39757024324857
Epoch :  6  Epoch time :  0.48541418462991714  Train L2 Loss :  46.30209379929762
Epoch :  7  Epoch time :  0.4776463406160474  Train L2 Loss :  43.858430764614006
Epoch :  8  Epoch time :  0.47949171252548695  Train L2 Loss :  41.42856309352777
Epoch :  9  Epoch time :  0.48174282163381577  Train L2 Loss :  40.042842962802986
Epoch :  10  Epoch time :  0.4760657390579581  Train L2 Loss :  38.88429734645746
Epoch :  11  Epoch time :  0.4886433593928814  Train L2 Loss :  37.42275942288912
Epoch :  12  Epoch time :  0.4773450577631593  Train L2 Loss :  36.45845633286696
Epoch :  13  Epoch time :  0.4773595901206136  Train L2 Loss :  35.56600340818748
Epoch :  14  Epoch time :  0.4792991168797016  Train L2 Loss :  34.668668013352615
Epoch :  15  Epoch time :  0.4850570522248745  Train L2 Loss :  34.230591994065506
Epoch :  16  Epoch time :  0.4994458118453622  Train L2 Loss :  33.445681107349884
Epoch :  17  Epoch time :  0.47707065660506487  Train L2 Loss :  32.42631628574469
Epoch :  18  Epoch time :  0.47985189128667116  Train L2 Loss :  31.85798464065943
Epoch :  19  Epoch time :  0.4794986993074417  Train L2 Loss :  31.398834570860252
Epoch :  20  Epoch time :  0.47940308786928654  Train L2 Loss :  31.24146089798365
Epoch :  21  Epoch time :  0.47876996733248234  Train L2 Loss :  30.466833946032402
Epoch :  22  Epoch time :  0.4823022298514843  Train L2 Loss :  30.010919522016476
Epoch :  23  Epoch time :  0.4822795959189534  Train L2 Loss :  29.488751753782616
Epoch :  24  Epoch time :  0.48259575199335814  Train L2 Loss :  29.108557383219402
Epoch :  25  Epoch time :  0.48992198426276445  Train L2 Loss :  28.63392399518918
Epoch :  26  Epoch time :  0.4817239511758089  Train L2 Loss :  28.276345057365223
Epoch :  27  Epoch time :  0.4893827121704817  Train L2 Loss :  28.701346275133965
Epoch :  28  Epoch time :  0.4815037650987506  Train L2 Loss :  26.979249514066257
Epoch :  29  Epoch time :  0.4805244477465749  Train L2 Loss :  27.610048245161007
Epoch :  30  Epoch time :  0.48312942776829004  Train L2 Loss :  27.33435212648832
Epoch :  31  Epoch time :  0.4986076969653368  Train L2 Loss :  26.594051238818047
Epoch :  32  Epoch time :  0.480334747582674  Train L2 Loss :  26.15874581459241
Epoch :  33  Epoch time :  0.48445957619696856  Train L2 Loss :  25.91436703999837
Epoch :  34  Epoch time :  0.48651731573045254  Train L2 Loss :  25.879358585064228
Epoch :  35  Epoch time :  0.480221888050437  Train L2 Loss :  25.76484271807548
Epoch :  36  Epoch time :  0.48259057104587555  Train L2 Loss :  25.78802715203701
Epoch :  37  Epoch time :  0.5014584166929126  Train L2 Loss :  25.532002522395207
Epoch :  38  Epoch time :  0.48378180991858244  Train L2 Loss :  24.927454679440228
Epoch :  39  Epoch time :  0.4819801663979888  Train L2 Loss :  24.272030365772736
Epoch :  40  Epoch time :  0.483852862380445  Train L2 Loss :  24.631742746402058
Epoch :  41  Epoch time :  0.48448833730071783  Train L2 Loss :  24.680868173256897
Epoch :  42  Epoch time :  0.4903270145878196  Train L2 Loss :  24.326104482014973
Epoch :  43  Epoch time :  0.4889642233029008  Train L2 Loss :  23.722276565356132
Epoch :  44  Epoch time :  0.4865462966263294  Train L2 Loss :  24.108963697384564
Epoch :  45  Epoch time :  0.4849107014015317  Train L2 Loss :  24.082243234683308
Epoch :  46  Epoch time :  0.4868783773854375  Train L2 Loss :  23.961769446348534
Epoch :  47  Epoch time :  0.49782578460872173  Train L2 Loss :  23.651733960860813
Epoch :  48  Epoch time :  0.48788998555392027  Train L2 Loss :  23.39236658047407
Epoch :  49  Epoch time :  0.48642607498914003  Train L2 Loss :  23.38435613192045
Epoch :  50  Epoch time :  0.4854741282761097  Train L2 Loss :  22.918749246841823
Epoch :  51  Epoch time :  0.4898877264931798  Train L2 Loss :  22.74985540830172
Epoch :  52  Epoch time :  0.5020036222413182  Train L2 Loss :  23.065162365253155
Epoch :  53  Epoch time :  0.5087403152137995  Train L2 Loss :  22.37627929296249
Epoch :  54  Epoch time :  0.489053450524807  Train L2 Loss :  22.380892949226574
Epoch :  55  Epoch time :  0.4983342168852687  Train L2 Loss :  22.93044347029466
Epoch :  56  Epoch time :  0.48748671915382147  Train L2 Loss :  22.201563419439854
Epoch :  57  Epoch time :  0.488644365221262  Train L2 Loss :  22.09826039045285
Epoch :  58  Epoch time :  0.5035744141787291  Train L2 Loss :  22.349815857716095
Epoch :  59  Epoch time :  0.4873491646721959  Train L2 Loss :  22.079595932593712
Epoch :  60  Epoch time :  0.4880105843767524  Train L2 Loss :  21.84359225248679
Epoch :  61  Epoch time :  0.5004792492836714  Train L2 Loss :  22.085356198824368
Epoch :  62  Epoch time :  0.49942432530224323  Train L2 Loss :  21.492930387839294
Epoch :  63  Epoch time :  0.49940032325685024  Train L2 Loss :  20.923256654005783
Epoch :  64  Epoch time :  0.49447567854076624  Train L2 Loss :  21.468665025173088
Epoch :  65  Epoch time :  0.4873231202363968  Train L2 Loss :  20.902394343645145
Epoch :  66  Epoch time :  0.502926548011601  Train L2 Loss :  21.30619340065198
Epoch :  67  Epoch time :  0.48891417123377323  Train L2 Loss :  21.185770915104793
Epoch :  68  Epoch time :  0.5041007101535797  Train L2 Loss :  20.76984958159618
Epoch :  69  Epoch time :  0.4974291119724512  Train L2 Loss :  21.069961914649376
Epoch :  70  Epoch time :  0.4859111588448286  Train L2 Loss :  21.021632683582794
Epoch :  71  Epoch time :  0.4851861782371998  Train L2 Loss :  21.04354171263866
Epoch :  72  Epoch time :  0.4841043958440423  Train L2 Loss :  20.715708757058167
Epoch :  73  Epoch time :  0.49241382349282503  Train L2 Loss :  20.32567249200283
Epoch :  74  Epoch time :  0.4817401682958007  Train L2 Loss :  20.727899600297977
Epoch :  75  Epoch time :  0.4835567716509104  Train L2 Loss :  20.147209778810158
Epoch :  76  Epoch time :  0.4813954383134842  Train L2 Loss :  20.42344702207125
Epoch :  77  Epoch time :  0.48412727657705545  Train L2 Loss :  20.732285181681316
Epoch :  78  Epoch time :  0.49945876747369766  Train L2 Loss :  20.13670275761531
Epoch :  79  Epoch time :  0.4821127615869045  Train L2 Loss :  20.499239628131573
Epoch :  80  Epoch time :  0.4831588873639703  Train L2 Loss :  20.518020507616875
Epoch :  81  Epoch time :  0.4818210285156965  Train L2 Loss :  21.137701914860653
Epoch :  82  Epoch time :  0.48386683221906424  Train L2 Loss :  19.79217773828751
Epoch :  83  Epoch time :  0.4847743073478341  Train L2 Loss :  19.78204521766076
Epoch :  84  Epoch time :  0.480380873195827  Train L2 Loss :  19.526134099715794
Epoch :  85  Epoch time :  0.4861505227163434  Train L2 Loss :  20.111544804695324
Epoch :  86  Epoch time :  0.4847741751000285  Train L2 Loss :  19.97952162913787
Epoch :  87  Epoch time :  0.4829185279086232  Train L2 Loss :  19.739075587346004
Epoch :  88  Epoch time :  0.4891592748463154  Train L2 Loss :  19.653410960466434
Epoch :  89  Epoch time :  0.48599574249237776  Train L2 Loss :  19.285455850454476
Epoch :  90  Epoch time :  0.48322602827101946  Train L2 Loss :  19.498593208117363
Epoch :  91  Epoch time :  0.48465491831302643  Train L2 Loss :  19.56657822926839
Epoch :  92  Epoch time :  0.484315344132483  Train L2 Loss :  19.24259721315824
Epoch :  93  Epoch time :  0.4839455122128129  Train L2 Loss :  19.35358776190342
Epoch :  94  Epoch time :  0.48589105159044266  Train L2 Loss :  18.925806167798164
Epoch :  95  Epoch time :  0.48522180411964655  Train L2 Loss :  18.89552901341365
Epoch :  96  Epoch time :  0.48470932338386774  Train L2 Loss :  19.908241883302345
Epoch :  97  Epoch time :  0.4858854031190276  Train L2 Loss :  19.105196219224197
Epoch :  98  Epoch time :  0.4880343871191144  Train L2 Loss :  19.51433978936611
Epoch :  99  Epoch time :  0.48876046296209097  Train L2 Loss :  18.918377582843487
Epoch :  100  Epoch time :  0.48570369835942984  Train L2 Loss :  16.094907296009552
Epoch :  101  Epoch time :  0.48712977208197117  Train L2 Loss :  15.207162514711039
Epoch :  102  Epoch time :  0.4858825886622071  Train L2 Loss :  15.120805899302164
Epoch :  103  Epoch time :  0.4854481900110841  Train L2 Loss :  14.897137103936611
Epoch :  104  Epoch time :  0.48736569564789534  Train L2 Loss :  15.103580487080109
Epoch :  105  Epoch time :  0.4857034320011735  Train L2 Loss :  14.885672361422808
Epoch :  106  Epoch time :  0.4865542370826006  Train L2 Loss :  14.922788069798397
Epoch :  107  Epoch time :  0.48843961395323277  Train L2 Loss :  14.939945502158922
Epoch :  108  Epoch time :  0.4884819658473134  Train L2 Loss :  14.800757738260122
Epoch :  109  Epoch time :  0.48925923090428114  Train L2 Loss :  14.855319120945074
Epoch :  110  Epoch time :  0.4913578648120165  Train L2 Loss :  14.762982515188364
Epoch :  111  Epoch time :  0.48624905198812485  Train L2 Loss :  14.977701101547632
Epoch :  112  Epoch time :  0.48819979187101126  Train L2 Loss :  15.063278907384628
Epoch :  113  Epoch time :  0.48737992718815804  Train L2 Loss :  14.797950964707594
Epoch :  114  Epoch time :  0.4871303644031286  Train L2 Loss :  14.67779020162729
Epoch :  115  Epoch time :  0.4874802390113473  Train L2 Loss :  14.766553279681084
Epoch :  116  Epoch time :  0.4894905146211386  Train L2 Loss :  14.56147321065267
Epoch :  117  Epoch time :  0.48686480335891247  Train L2 Loss :  14.55768346786499
Epoch :  118  Epoch time :  0.48972930386662483  Train L2 Loss :  14.750375331976475
Epoch :  119  Epoch time :  0.5021685613319278  Train L2 Loss :  14.462310852148594
Epoch :  120  Epoch time :  0.49483819026499987  Train L2 Loss :  14.43144493836623
Epoch :  121  Epoch time :  0.49478377029299736  Train L2 Loss :  14.483725388844809
Epoch :  122  Epoch time :  0.48864184133708477  Train L2 Loss :  14.553898273370205
Epoch :  123  Epoch time :  0.48801864590495825  Train L2 Loss :  14.443665920159756
Epoch :  124  Epoch time :  0.4890792826190591  Train L2 Loss :  14.639745981265337
Epoch :  125  Epoch time :  0.49117430578917265  Train L2 Loss :  14.636906061417017
Epoch :  126  Epoch time :  0.4924966115504503  Train L2 Loss :  14.203332338577662
Epoch :  127  Epoch time :  0.4885689178481698  Train L2 Loss :  14.529072883801582
Epoch :  128  Epoch time :  0.49051334150135517  Train L2 Loss :  14.248020526690361
Epoch :  129  Epoch time :  0.4889724971726537  Train L2 Loss :  14.278270232371796
Epoch :  130  Epoch time :  0.4929462606087327  Train L2 Loss :  14.256228239108355
Epoch :  131  Epoch time :  0.4900203989818692  Train L2 Loss :  14.276912395770733
Epoch :  132  Epoch time :  0.49011343996971846  Train L2 Loss :  14.219026553325165
Epoch :  133  Epoch time :  0.4898733738809824  Train L2 Loss :  13.893324472965338
Epoch :  134  Epoch time :  0.4921605968847871  Train L2 Loss :  14.010166926261705
Epoch :  135  Epoch time :  0.4935734672471881  Train L2 Loss :  14.233002283634283
Epoch :  136  Epoch time :  0.4915159232914448  Train L2 Loss :  14.00172681074876
Epoch :  137  Epoch time :  0.49069707933813334  Train L2 Loss :  14.372863696171688
Epoch :  138  Epoch time :  0.49497270304709673  Train L2 Loss :  14.32570810807057
Epoch :  139  Epoch time :  0.5010505951941013  Train L2 Loss :  14.008371279789852
Epoch :  140  Epoch time :  0.5081912679597735  Train L2 Loss :  14.19498602549235
Epoch :  141  Epoch time :  0.5126422652974725  Train L2 Loss :  14.043277544853014
Epoch :  142  Epoch time :  0.49951644241809845  Train L2 Loss :  13.898795445760092
Epoch :  143  Epoch time :  0.5089654661715031  Train L2 Loss :  14.134483447441688
Epoch :  144  Epoch time :  0.5099525088444352  Train L2 Loss :  13.690831820170084
Epoch :  145  Epoch time :  0.5030053071677685  Train L2 Loss :  14.01713160979442
Epoch :  146  Epoch time :  0.5074262712150812  Train L2 Loss :  13.82496040295332
Epoch :  147  Epoch time :  0.49508851394057274  Train L2 Loss :  13.76408754250942
Epoch :  148  Epoch time :  0.49953003134578466  Train L2 Loss :  13.822756926218668
Epoch :  149  Epoch time :  0.4963896945118904  Train L2 Loss :  13.825887924585587
Epoch :  150  Epoch time :  0.5191189609467983  Train L2 Loss :  13.593299181033403
Epoch :  151  Epoch time :  0.5112535385414958  Train L2 Loss :  13.885794517321465
Epoch :  152  Epoch time :  0.5119726937264204  Train L2 Loss :  13.69347150509174
Epoch :  153  Epoch time :  0.5174156473949552  Train L2 Loss :  13.587276140848795
Epoch :  154  Epoch time :  0.501842855475843  Train L2 Loss :  13.56180155582917
Epoch :  155  Epoch time :  0.5010074153542519  Train L2 Loss :  13.68209705597315
Epoch :  156  Epoch time :  0.5042998120188713  Train L2 Loss :  13.79976704181769
Epoch :  157  Epoch time :  0.5013043992221355  Train L2 Loss :  13.46433841265165
Epoch :  158  Epoch time :  0.5025887554511428  Train L2 Loss :  13.635658704317533
Epoch :  159  Epoch time :  0.5016596028581262  Train L2 Loss :  13.365969926883013
Epoch :  160  Epoch time :  0.5091543858870864  Train L2 Loss :  13.632332862951817
Epoch :  161  Epoch time :  0.4999084519222379  Train L2 Loss :  13.429939208886562
Epoch :  162  Epoch time :  0.5002158107236028  Train L2 Loss :  13.408024677863487
Epoch :  163  Epoch time :  0.5041428543627262  Train L2 Loss :  13.439130905346993
Epoch :  164  Epoch time :  0.5042544594034553  Train L2 Loss :  13.395761966705322
Epoch :  165  Epoch time :  0.5030311038717628  Train L2 Loss :  13.415623200245392
Epoch :  166  Epoch time :  0.5042442856356502  Train L2 Loss :  13.596104707473364
Epoch :  167  Epoch time :  0.5136459255591035  Train L2 Loss :  13.216314694820307
Epoch :  168  Epoch time :  0.5088600171729922  Train L2 Loss :  13.29934079830463
Epoch :  169  Epoch time :  0.5069105383008718  Train L2 Loss :  13.223015345059908
Epoch :  170  Epoch time :  0.5089780194684863  Train L2 Loss :  13.574743014115553
Epoch :  171  Epoch time :  0.500636626034975  Train L2 Loss :  13.433278352786333
Epoch :  172  Epoch time :  0.5078916549682617  Train L2 Loss :  13.34853754288111
Epoch :  173  Epoch time :  0.5042927144095302  Train L2 Loss :  13.66015554085756
Epoch :  174  Epoch time :  0.5050960602238774  Train L2 Loss :  13.359454154968262
Epoch :  175  Epoch time :  0.503793035633862  Train L2 Loss :  13.393701956822323
Epoch :  176  Epoch time :  0.5059076314792037  Train L2 Loss :  13.012803016564785
Epoch :  177  Epoch time :  0.5047955447807908  Train L2 Loss :  13.727300289349678
Epoch :  178  Epoch time :  0.5057267639786005  Train L2 Loss :  13.254439904139591
Epoch :  179  Epoch time :  0.5023814477026463  Train L2 Loss :  13.443263983115171
Epoch :  180  Epoch time :  0.5027806600555778  Train L2 Loss :  13.137875324640518
Epoch :  181  Epoch time :  0.5062836613506079  Train L2 Loss :  13.234949747721354
Epoch :  182  Epoch time :  0.5034683216363192  Train L2 Loss :  13.0846314063439
Epoch :  183  Epoch time :  0.5005976054817438  Train L2 Loss :  13.177618919274746
Epoch :  184  Epoch time :  0.5088189374655485  Train L2 Loss :  13.122410003955547
Epoch :  185  Epoch time :  0.507161058485508  Train L2 Loss :  13.076537511287592
Epoch :  186  Epoch time :  0.5096122911199927  Train L2 Loss :  13.329242706298828
Epoch :  187  Epoch time :  0.5051633333787322  Train L2 Loss :  13.159638258127066
Epoch :  188  Epoch time :  0.509452112019062  Train L2 Loss :  12.793707859821808
Epoch :  189  Epoch time :  0.5045044114813209  Train L2 Loss :  13.02764551456158
Epoch :  190  Epoch time :  0.5068421913310885  Train L2 Loss :  12.972710242638222
Epoch :  191  Epoch time :  0.5071746166795492  Train L2 Loss :  13.004908830691607
Epoch :  192  Epoch time :  0.5062896823510528  Train L2 Loss :  13.357592374850542
Epoch :  193  Epoch time :  0.5054041817784309  Train L2 Loss :  12.83815294656998
Epoch :  194  Epoch time :  0.5059660663828254  Train L2 Loss :  13.008186939435127
Epoch :  195  Epoch time :  0.5070302030071616  Train L2 Loss :  12.903134614993364
Epoch :  196  Epoch time :  0.5078720552846789  Train L2 Loss :  12.961261847080328
Epoch :  197  Epoch time :  0.5061096753925085  Train L2 Loss :  13.03719801780505
Epoch :  198  Epoch time :  0.5062303841114044  Train L2 Loss :  12.720753070635674
Epoch :  199  Epoch time :  0.5056541692465544  Train L2 Loss :  12.907510769672882
Total time is : 98.8431884739548 Total epoch is  200
