Input dim :  201  output dim :  1
Start training 
3793
Epoch :  0  Epoch time :  0.6526783127337694  Train L2 Loss :  199.53980607252853
Epoch :  1  Epoch time :  0.48222888447344303  Train L2 Loss :  195.44277015099158
Epoch :  2  Epoch time :  0.5044454159215093  Train L2 Loss :  173.24078838641827
Epoch :  3  Epoch time :  0.4848227770999074  Train L2 Loss :  126.08257919702774
Epoch :  4  Epoch time :  0.4807041743770242  Train L2 Loss :  99.76511392837915
Epoch :  5  Epoch time :  0.4876094153150916  Train L2 Loss :  85.07625354864659
Epoch :  6  Epoch time :  0.48238881304860115  Train L2 Loss :  75.74236571483122
Epoch :  7  Epoch time :  0.48318752367049456  Train L2 Loss :  68.81258597740761
Epoch :  8  Epoch time :  0.4825886031612754  Train L2 Loss :  64.1303000816932
Epoch :  9  Epoch time :  0.48640004079788923  Train L2 Loss :  60.45060612605168
Epoch :  10  Epoch time :  0.4936076384037733  Train L2 Loss :  57.83027492425381
Epoch :  11  Epoch time :  0.48907398991286755  Train L2 Loss :  55.58967247987405
Epoch :  12  Epoch time :  0.49731743056327105  Train L2 Loss :  53.92920826642941
Epoch :  13  Epoch time :  0.48124087508767843  Train L2 Loss :  52.45530847402719
Epoch :  14  Epoch time :  0.4933089083060622  Train L2 Loss :  51.46065677740635
Epoch :  15  Epoch time :  0.48717960342764854  Train L2 Loss :  50.100843233939926
Epoch :  16  Epoch time :  0.5004611453041434  Train L2 Loss :  48.92245952899639
Epoch :  17  Epoch time :  0.4839694546535611  Train L2 Loss :  48.322184342604416
Epoch :  18  Epoch time :  0.48505138605833054  Train L2 Loss :  47.43046716543344
Epoch :  19  Epoch time :  0.48539858404546976  Train L2 Loss :  46.7217530470628
Epoch :  20  Epoch time :  0.48759396374225616  Train L2 Loss :  46.24222002273951
Epoch :  21  Epoch time :  0.49107792135328054  Train L2 Loss :  45.307478342300804
Epoch :  22  Epoch time :  0.4905835809186101  Train L2 Loss :  44.778493832319214
Epoch :  23  Epoch time :  0.4854891896247864  Train L2 Loss :  44.53119742564666
Epoch :  24  Epoch time :  0.48552299570292234  Train L2 Loss :  43.86464260786008
Epoch :  25  Epoch time :  0.4840806918218732  Train L2 Loss :  43.521529173239685
Epoch :  26  Epoch time :  0.48819934763014317  Train L2 Loss :  43.079406102498375
Epoch :  27  Epoch time :  0.4859088147059083  Train L2 Loss :  42.45798154977652
Epoch :  28  Epoch time :  0.4870162308216095  Train L2 Loss :  42.3157467964368
Epoch :  29  Epoch time :  0.49143038876354694  Train L2 Loss :  42.0607131077693
Epoch :  30  Epoch time :  0.49246860295534134  Train L2 Loss :  41.619118128067406
Epoch :  31  Epoch time :  0.5034802136942744  Train L2 Loss :  41.25011991843199
Epoch :  32  Epoch time :  0.48608550801873207  Train L2 Loss :  40.99089143215082
Epoch :  33  Epoch time :  0.4891308965161443  Train L2 Loss :  40.66428795838967
Epoch :  34  Epoch time :  0.4879563366994262  Train L2 Loss :  40.45717371427096
Epoch :  35  Epoch time :  0.4877740731462836  Train L2 Loss :  39.99655611087115
Epoch :  36  Epoch time :  0.5001997267827392  Train L2 Loss :  39.8030948638916
Epoch :  37  Epoch time :  0.511774224229157  Train L2 Loss :  39.544385665502304
Epoch :  38  Epoch time :  0.5037265717983246  Train L2 Loss :  39.31840065198067
Epoch :  39  Epoch time :  0.5030911825597286  Train L2 Loss :  39.139773393288635
Epoch :  40  Epoch time :  0.5017128782346845  Train L2 Loss :  38.812933212671524
Epoch :  41  Epoch time :  0.4981962712481618  Train L2 Loss :  38.727140133197494
Epoch :  42  Epoch time :  0.49259279016405344  Train L2 Loss :  38.612402989314155
Epoch :  43  Epoch time :  0.49319774378091097  Train L2 Loss :  38.517405925652916
Epoch :  44  Epoch time :  0.49011737294495106  Train L2 Loss :  38.10737370222043
Epoch :  45  Epoch time :  0.4885785486549139  Train L2 Loss :  37.897409487993286
Epoch :  46  Epoch time :  0.49006665498018265  Train L2 Loss :  37.9074961344401
Epoch :  47  Epoch time :  0.4923915136605501  Train L2 Loss :  37.8492869352683
Epoch :  48  Epoch time :  0.49005102925002575  Train L2 Loss :  37.2110398610433
Epoch :  49  Epoch time :  0.4912223871797323  Train L2 Loss :  37.320547103881836
Epoch :  50  Epoch time :  0.48973147850483656  Train L2 Loss :  37.00106581663474
Epoch :  51  Epoch time :  0.49360759742558  Train L2 Loss :  36.88427861531576
Epoch :  52  Epoch time :  0.4860487449914217  Train L2 Loss :  36.65100616063827
Epoch :  53  Epoch time :  0.4859558008611202  Train L2 Loss :  36.60327676626352
Epoch :  54  Epoch time :  0.48652908857911825  Train L2 Loss :  36.69982469998873
Epoch :  55  Epoch time :  0.491538287140429  Train L2 Loss :  36.368071384919
Epoch :  56  Epoch time :  0.48984033800661564  Train L2 Loss :  36.212046696589546
Epoch :  57  Epoch time :  0.48516348004341125  Train L2 Loss :  36.283615845900314
Epoch :  58  Epoch time :  0.4862973587587476  Train L2 Loss :  35.971167637751655
Epoch :  59  Epoch time :  0.4850847851485014  Train L2 Loss :  35.836184575007515
Epoch :  60  Epoch time :  0.4852124946191907  Train L2 Loss :  35.608640621869995
Epoch :  61  Epoch time :  0.4874104540795088  Train L2 Loss :  35.482724263117866
Epoch :  62  Epoch time :  0.48793135583400726  Train L2 Loss :  35.28602321331318
Epoch :  63  Epoch time :  0.48916029278188944  Train L2 Loss :  35.18008765196189
Epoch :  64  Epoch time :  0.48604796547442675  Train L2 Loss :  34.9257759192051
Epoch :  65  Epoch time :  0.4854880003258586  Train L2 Loss :  34.77264497218988
Epoch :  66  Epoch time :  0.48757139034569263  Train L2 Loss :  34.6851023649558
Epoch :  67  Epoch time :  0.4874071618542075  Train L2 Loss :  34.93109355828701
Epoch :  68  Epoch time :  0.48937995824962854  Train L2 Loss :  34.794878397232445
Epoch :  69  Epoch time :  0.487731303088367  Train L2 Loss :  34.32247073833759
Epoch :  70  Epoch time :  0.49070867896080017  Train L2 Loss :  34.40859173505734
Epoch :  71  Epoch time :  0.49480521120131016  Train L2 Loss :  34.66457293583797
Epoch :  72  Epoch time :  0.5004537384957075  Train L2 Loss :  34.27901175083258
Epoch :  73  Epoch time :  0.49362168554216623  Train L2 Loss :  33.9940848228259
Epoch :  74  Epoch time :  0.49457028415054083  Train L2 Loss :  33.92808004525992
Epoch :  75  Epoch time :  0.4928216300904751  Train L2 Loss :  34.071909439869415
Epoch :  76  Epoch time :  0.4942840849980712  Train L2 Loss :  33.90050286513109
Epoch :  77  Epoch time :  0.49987284280359745  Train L2 Loss :  33.846554340460365
Epoch :  78  Epoch time :  0.5068821320310235  Train L2 Loss :  33.8668640821408
Epoch :  79  Epoch time :  0.50005551148206  Train L2 Loss :  33.29744881850023
Epoch :  80  Epoch time :  0.4944004015997052  Train L2 Loss :  33.58325249109513
Epoch :  81  Epoch time :  0.4877041522413492  Train L2 Loss :  33.43840408325195
Epoch :  82  Epoch time :  0.4934764811769128  Train L2 Loss :  33.32322751558744
Epoch :  83  Epoch time :  0.49372052028775215  Train L2 Loss :  33.06035882998736
Epoch :  84  Epoch time :  0.49692042637616396  Train L2 Loss :  33.246257977607925
Epoch :  85  Epoch time :  0.49516485817730427  Train L2 Loss :  32.92523144453
Epoch :  86  Epoch time :  0.4937085947021842  Train L2 Loss :  32.86085671644945
Epoch :  87  Epoch time :  0.49698971677571535  Train L2 Loss :  32.93929139161721
Epoch :  88  Epoch time :  0.49476751778274775  Train L2 Loss :  32.82914821918194
Epoch :  89  Epoch time :  0.49484360311180353  Train L2 Loss :  32.694816442636345
Epoch :  90  Epoch time :  0.494680842384696  Train L2 Loss :  32.76356990520771
Epoch :  91  Epoch time :  0.49659240525215864  Train L2 Loss :  32.52124346219576
Epoch :  92  Epoch time :  0.5002359300851822  Train L2 Loss :  32.46081459827912
Epoch :  93  Epoch time :  0.5182618461549282  Train L2 Loss :  32.369868400769356
Epoch :  94  Epoch time :  0.5167487440630794  Train L2 Loss :  32.481616631532326
Epoch :  95  Epoch time :  0.5046976916491985  Train L2 Loss :  32.24543444315592
Epoch :  96  Epoch time :  0.5092736501246691  Train L2 Loss :  32.27222696940104
Epoch :  97  Epoch time :  0.5152106340974569  Train L2 Loss :  32.04117867885492
Epoch :  98  Epoch time :  0.5022738538682461  Train L2 Loss :  32.074585596720375
Epoch :  99  Epoch time :  0.5017728433012962  Train L2 Loss :  32.23046845656175
Epoch :  100  Epoch time :  0.5054517379030585  Train L2 Loss :  30.301078943105843
Epoch :  101  Epoch time :  0.5007416037842631  Train L2 Loss :  29.837635235908703
Epoch :  102  Epoch time :  0.46904122456908226  Train L2 Loss :  29.733366599449745
Epoch :  103  Epoch time :  0.4617529958486557  Train L2 Loss :  29.714320647410858
Epoch :  104  Epoch time :  0.4882850991562009  Train L2 Loss :  29.657669849884815
Epoch :  105  Epoch time :  0.46204940881580114  Train L2 Loss :  29.643119567479843
Epoch :  106  Epoch time :  0.4667405178770423  Train L2 Loss :  29.657858677399464
Epoch :  107  Epoch time :  0.4655762370675802  Train L2 Loss :  29.576622204902844
Epoch :  108  Epoch time :  0.4662293018773198  Train L2 Loss :  29.54846519078964
Epoch :  109  Epoch time :  0.4669090211391449  Train L2 Loss :  29.637496263552936
Epoch :  110  Epoch time :  0.4673496475443244  Train L2 Loss :  29.530233529897835
Epoch :  111  Epoch time :  0.4667819133028388  Train L2 Loss :  29.372088212233322
Epoch :  112  Epoch time :  0.46884146984666586  Train L2 Loss :  29.462654064863155
Epoch :  113  Epoch time :  0.4905092641711235  Train L2 Loss :  29.372189570695927
Epoch :  114  Epoch time :  0.4670088477432728  Train L2 Loss :  29.41230157705454
Epoch :  115  Epoch time :  0.46233518328517675  Train L2 Loss :  29.289662630130085
Epoch :  116  Epoch time :  0.4753055367618799  Train L2 Loss :  29.268509400196564
Epoch :  117  Epoch time :  0.461755539290607  Train L2 Loss :  29.332163150493916
Epoch :  118  Epoch time :  0.4626142205670476  Train L2 Loss :  29.240613595033302
Epoch :  119  Epoch time :  0.4621734609827399  Train L2 Loss :  29.33045411721254
Epoch :  120  Epoch time :  0.4616695521399379  Train L2 Loss :  29.26232012724265
Epoch :  121  Epoch time :  0.4632188146933913  Train L2 Loss :  29.09101747855162
Epoch :  122  Epoch time :  0.4630082454532385  Train L2 Loss :  29.084430743486454
Epoch :  123  Epoch time :  0.46383773908019066  Train L2 Loss :  29.132062374017178
Epoch :  124  Epoch time :  0.4628720171749592  Train L2 Loss :  29.068846873747997
Epoch :  125  Epoch time :  0.4624297311529517  Train L2 Loss :  29.017448694278034
Epoch :  126  Epoch time :  0.4641301231458783  Train L2 Loss :  29.122314502031376
Epoch :  127  Epoch time :  0.46282575838267803  Train L2 Loss :  28.952859193850788
Epoch :  128  Epoch time :  0.46345179714262486  Train L2 Loss :  29.05777911650829
Epoch :  129  Epoch time :  0.46231709886342287  Train L2 Loss :  29.04376352750338
Epoch :  130  Epoch time :  0.46421970147639513  Train L2 Loss :  28.98268956404466
Epoch :  131  Epoch time :  0.46390593238174915  Train L2 Loss :  28.960698225559334
Epoch :  132  Epoch time :  0.4699641913175583  Train L2 Loss :  28.87877053480882
Epoch :  133  Epoch time :  0.46413508895784616  Train L2 Loss :  28.830520580976437
Epoch :  134  Epoch time :  0.4765470549464226  Train L2 Loss :  28.909660583887344
Epoch :  135  Epoch time :  0.4633508985862136  Train L2 Loss :  28.878904391557743
Epoch :  136  Epoch time :  0.46829556208103895  Train L2 Loss :  28.838148703941933
Epoch :  137  Epoch time :  0.4646649854257703  Train L2 Loss :  28.71657464443109
Epoch :  138  Epoch time :  0.4638010645285249  Train L2 Loss :  28.750485151241985
Epoch :  139  Epoch time :  0.46389094926416874  Train L2 Loss :  28.729090666159607
Epoch :  140  Epoch time :  0.4648044528439641  Train L2 Loss :  28.869763252062675
Epoch :  141  Epoch time :  0.46358596067875624  Train L2 Loss :  28.637657141074158
Epoch :  142  Epoch time :  0.46420482639223337  Train L2 Loss :  28.677999520913147
Epoch :  143  Epoch time :  0.4662053156644106  Train L2 Loss :  28.678960751264523
Epoch :  144  Epoch time :  0.46364411152899265  Train L2 Loss :  28.604763886867424
Epoch :  145  Epoch time :  0.47350581642240286  Train L2 Loss :  28.362036387125652
Epoch :  146  Epoch time :  0.4728814363479614  Train L2 Loss :  28.50556182861328
Epoch :  147  Epoch time :  0.4643302271142602  Train L2 Loss :  28.478559273939865
Epoch :  148  Epoch time :  0.46491269301623106  Train L2 Loss :  28.457409614171738
Epoch :  149  Epoch time :  0.464848299510777  Train L2 Loss :  28.450193013900364
Epoch :  150  Epoch time :  0.46446025185287  Train L2 Loss :  28.35881661146115
Epoch :  151  Epoch time :  0.46454677544534206  Train L2 Loss :  28.45229351826203
Epoch :  152  Epoch time :  0.4655559817329049  Train L2 Loss :  28.351946561764446
Epoch :  153  Epoch time :  0.4648005422204733  Train L2 Loss :  28.44283319130922
Epoch :  154  Epoch time :  0.46592547185719013  Train L2 Loss :  28.308761449960564
Epoch :  155  Epoch time :  0.4659411124885082  Train L2 Loss :  28.308413530007385
Epoch :  156  Epoch time :  0.4670330658555031  Train L2 Loss :  28.245081877097107
Epoch :  157  Epoch time :  0.46538637205958366  Train L2 Loss :  28.3454649020464
Epoch :  158  Epoch time :  0.465547957457602  Train L2 Loss :  28.280091774769318
Epoch :  159  Epoch time :  0.46447406616061926  Train L2 Loss :  28.234580260056717
Epoch :  160  Epoch time :  0.46598043106496334  Train L2 Loss :  28.26318330031175
Epoch :  161  Epoch time :  0.46866576839238405  Train L2 Loss :  28.213323446420524
Epoch :  162  Epoch time :  0.4649210600182414  Train L2 Loss :  28.17721070998754
Epoch :  163  Epoch time :  0.46708996687084436  Train L2 Loss :  28.11001053834573
Epoch :  164  Epoch time :  0.4661034205928445  Train L2 Loss :  28.13549428108411
Epoch :  165  Epoch time :  0.46534424368292093  Train L2 Loss :  28.152023584414753
Epoch :  166  Epoch time :  0.4661231329664588  Train L2 Loss :  28.018178939819336
Epoch :  167  Epoch time :  0.4683328755199909  Train L2 Loss :  28.050969637357273
Epoch :  168  Epoch time :  0.46676868200302124  Train L2 Loss :  28.123378093426044
Epoch :  169  Epoch time :  0.46840424090623856  Train L2 Loss :  27.962529671497833
Epoch :  170  Epoch time :  0.4672803459689021  Train L2 Loss :  27.850316756810898
Epoch :  171  Epoch time :  0.4692539721727371  Train L2 Loss :  28.106185228396686
Epoch :  172  Epoch time :  0.46697625424712896  Train L2 Loss :  27.94649977561755
Epoch :  173  Epoch time :  0.4675265336409211  Train L2 Loss :  28.041066927787586
Epoch :  174  Epoch time :  0.4704339634627104  Train L2 Loss :  27.937389691670734
Epoch :  175  Epoch time :  0.46774483006447554  Train L2 Loss :  27.880643917964054
Epoch :  176  Epoch time :  0.4686970319598913  Train L2 Loss :  27.81162269298847
Epoch :  177  Epoch time :  0.47037921100854874  Train L2 Loss :  27.8910915912726
Epoch :  178  Epoch time :  0.46799537260085344  Train L2 Loss :  27.95423158009847
Epoch :  179  Epoch time :  0.4671196173876524  Train L2 Loss :  27.823563526838253
Epoch :  180  Epoch time :  0.48365003522485495  Train L2 Loss :  27.732615128541603
Epoch :  181  Epoch time :  0.4680491629987955  Train L2 Loss :  27.739439768668934
Epoch :  182  Epoch time :  0.4683845406398177  Train L2 Loss :  27.791696915259728
Epoch :  183  Epoch time :  0.46624315343797207  Train L2 Loss :  27.8340084369366
Epoch :  184  Epoch time :  0.4684196813032031  Train L2 Loss :  27.73876464061248
Epoch :  185  Epoch time :  0.46795240230858326  Train L2 Loss :  27.523071166796562
Epoch :  186  Epoch time :  0.46792645286768675  Train L2 Loss :  27.72876893557035
Epoch :  187  Epoch time :  0.4674458485096693  Train L2 Loss :  27.583279414054676
Epoch :  188  Epoch time :  0.47150333039462566  Train L2 Loss :  27.605235637762608
Epoch :  189  Epoch time :  0.46732842549681664  Train L2 Loss :  27.54664369729849
Epoch :  190  Epoch time :  0.4762420877814293  Train L2 Loss :  27.650117067190315
Epoch :  191  Epoch time :  0.4696348290890455  Train L2 Loss :  27.580152389330742
Epoch :  192  Epoch time :  0.46767699252814054  Train L2 Loss :  27.675027969555977
Epoch :  193  Epoch time :  0.4696700219064951  Train L2 Loss :  27.457163492838543
Epoch :  194  Epoch time :  0.4696145225316286  Train L2 Loss :  27.427163931039665
Epoch :  195  Epoch time :  0.4674835056066513  Train L2 Loss :  27.441739987104366
Epoch :  196  Epoch time :  0.4682810576632619  Train L2 Loss :  27.42858089544834
Epoch :  197  Epoch time :  0.46963261999189854  Train L2 Loss :  27.415916149432842
Epoch :  198  Epoch time :  0.4679746264591813  Train L2 Loss :  27.41578146127554
Epoch :  199  Epoch time :  0.46920028422027826  Train L2 Loss :  27.479978781480057
Total time is : 96.23095947410911 Total epoch is  200
