Input dim :  103  output dim :  1
Start training 
158465
Epoch :  0  Epoch time :  1534.7188242880002  Train L2 Loss :  1.1939666138738394
Epoch :  1  Epoch time :  1524.0918385319992  Train L2 Loss :  0.44051542088240386
Epoch :  2  Epoch time :  1548.1211865549994  Train L2 Loss :  0.258074614726007
Epoch :  3  Epoch time :  1560.8575389279995  Train L2 Loss :  0.21531409772858023
Epoch :  4  Epoch time :  1570.028182731001  Train L2 Loss :  0.19155284133255482
Epoch :  5  Epoch time :  1584.7651758760003  Train L2 Loss :  0.17161388133652508
Epoch :  6  Epoch time :  1593.0329539769991  Train L2 Loss :  0.15380215132683517
Epoch :  7  Epoch time :  1602.5019527859986  Train L2 Loss :  0.14302443184256552
Epoch :  8  Epoch time :  1611.478405212998  Train L2 Loss :  0.13570483895093202
Epoch :  9  Epoch time :  1625.4145918629983  Train L2 Loss :  0.13007955484353007
Epoch :  10  Epoch time :  1635.2559941830004  Train L2 Loss :  0.12405357038863003
Epoch :  11  Epoch time :  1643.9212471409992  Train L2 Loss :  0.11854728903844952
Epoch :  12  Epoch time :  1656.1529483949998  Train L2 Loss :  0.11442181990891695
Epoch :  13  Epoch time :  1688.2967898280003  Train L2 Loss :  0.1112959876384586
Epoch :  14  Epoch time :  1665.3466392049995  Train L2 Loss :  0.10809586453288794
Epoch :  15  Epoch time :  1686.1566617520002  Train L2 Loss :  0.10565245386436582
Epoch :  16  Epoch time :  1697.6603868799975  Train L2 Loss :  0.102625569069013
Epoch :  17  Epoch time :  1701.7816675000067  Train L2 Loss :  0.09893769498169422
Epoch :  18  Epoch time :  1732.9881050740005  Train L2 Loss :  0.09563288045078516
Epoch :  19  Epoch time :  1742.2812655450034  Train L2 Loss :  0.0933478790462017
Epoch :  20  Epoch time :  1747.1635469620014  Train L2 Loss :  0.09171229484565556
Epoch :  21  Epoch time :  1766.5766341909984  Train L2 Loss :  0.09004815012477338
Epoch :  22  Epoch time :  1781.209501049998  Train L2 Loss :  0.08784746846798808
Epoch :  23  Epoch time :  1780.3537258939978  Train L2 Loss :  0.08610114017073064
Epoch :  24  Epoch time :  1801.695228001001  Train L2 Loss :  0.08487271192912012
Epoch :  25  Epoch time :  1780.644838788001  Train L2 Loss :  0.081773759618029
Epoch :  26  Epoch time :  1800.5215488219983  Train L2 Loss :  0.08058273072745652
Epoch :  27  Epoch time :  1835.7420634129958  Train L2 Loss :  0.07874500569775701
Epoch :  28  Epoch time :  1835.2964932090035  Train L2 Loss :  0.0780270863916725
Epoch :  29  Epoch time :  1799.8366404780027  Train L2 Loss :  0.07636601121183485
Epoch :  30  Epoch time :  1777.6827011850037  Train L2 Loss :  0.0746970940830186
Epoch :  31  Epoch time :  1778.0873619470003  Train L2 Loss :  0.07405301151964813
Epoch :  32  Epoch time :  1777.1511339060016  Train L2 Loss :  0.07381126229129732
Epoch :  33  Epoch time :  1779.849827839993  Train L2 Loss :  0.07208769310396165
Epoch :  34  Epoch time :  1779.9193040840037  Train L2 Loss :  0.07194455918911845
Epoch :  35  Epoch time :  1782.8139003599936  Train L2 Loss :  0.07072826883532107
Epoch :  36  Epoch time :  1783.0636996800022  Train L2 Loss :  0.07017181451395153
Epoch :  37  Epoch time :  1785.7629628319992  Train L2 Loss :  0.06991550851501524
Epoch :  38  Epoch time :  1892.2361796220066  Train L2 Loss :  0.06944000342786312
Epoch :  39  Epoch time :  1779.9473306760046  Train L2 Loss :  0.06887353190314024
Epoch :  40  Epoch time :  1785.1042238000082  Train L2 Loss :  0.06877228994686156
Epoch :  41  Epoch time :  1785.5604510619887  Train L2 Loss :  0.0678031263994053
Epoch :  42  Epoch time :  1771.819387259995  Train L2 Loss :  0.06719224247392266
Epoch :  43  Epoch time :  1763.9885521269898  Train L2 Loss :  0.06683673730269074
Epoch :  44  Epoch time :  1773.8274007479922  Train L2 Loss :  0.066590736685507
Epoch :  45  Epoch time :  1778.1212938829995  Train L2 Loss :  0.06664861682504415
Epoch :  46  Epoch time :  1780.1399807769922  Train L2 Loss :  0.06595587103813887
Epoch :  47  Epoch time :  1782.9615629629989  Train L2 Loss :  0.06541444722935558
Epoch :  48  Epoch time :  1784.4035627779958  Train L2 Loss :  0.06511138149350881
Epoch :  49  Epoch time :  1788.039625188001  Train L2 Loss :  0.06428318801205606
Epoch :  50  Epoch time :  1796.3654860460083  Train L2 Loss :  0.06383080715760589
Epoch :  51  Epoch time :  1809.3989486859937  Train L2 Loss :  0.06342083028517663
Epoch :  52  Epoch time :  1800.107896417001  Train L2 Loss :  0.06333708781283348
Epoch :  53  Epoch time :  1788.499420645996  Train L2 Loss :  0.06299057651236653
Epoch :  54  Epoch time :  1793.7168262189953  Train L2 Loss :  0.06267313169632106
Epoch :  55  Epoch time :  1795.542361159998  Train L2 Loss :  0.06280088155381382
Epoch :  56  Epoch time :  1797.3917725139909  Train L2 Loss :  0.06218836050126702
Epoch :  57  Epoch time :  1806.3402928019932  Train L2 Loss :  0.06212140530757606
Epoch :  58  Epoch time :  1806.146263061004  Train L2 Loss :  0.06174509141407907
Epoch :  59  Epoch time :  1808.259986893987  Train L2 Loss :  0.06156628006044775
Epoch :  60  Epoch time :  1809.0025736259995  Train L2 Loss :  0.06149973603412509
Epoch :  61  Epoch time :  1813.2633086090063  Train L2 Loss :  0.061707087977416815
Epoch :  62  Epoch time :  1813.0053474830056  Train L2 Loss :  0.06123651406075806
Epoch :  63  Epoch time :  1814.8013589890033  Train L2 Loss :  0.0609905353622511
Epoch :  64  Epoch time :  1817.6536878750048  Train L2 Loss :  0.06093528917431831
Epoch :  65  Epoch time :  1816.8811759210075  Train L2 Loss :  0.06113857005350292
Epoch :  66  Epoch time :  1816.2426336909994  Train L2 Loss :  0.06069977678302675
Epoch :  67  Epoch time :  1818.1649804719927  Train L2 Loss :  0.060379926191456615
Epoch :  68  Epoch time :  1804.997780131991  Train L2 Loss :  0.06018827367648482
Epoch :  69  Epoch time :  1799.6938673289987  Train L2 Loss :  0.05959795043319464
Epoch :  70  Epoch time :  1789.519363325002  Train L2 Loss :  0.05950717547796667
Epoch :  71  Epoch time :  1790.0152558299887  Train L2 Loss :  0.05925690110325813
Epoch :  72  Epoch time :  1792.0490103299962  Train L2 Loss :  0.05932071156986058
Epoch :  73  Epoch time :  1794.1392533509934  Train L2 Loss :  0.05900676422379911
Epoch :  74  Epoch time :  1796.5602100690012  Train L2 Loss :  0.05886832183431834
Epoch :  75  Epoch time :  1795.7252480250027  Train L2 Loss :  0.058958822551555934
Epoch :  76  Epoch time :  1797.014130282012  Train L2 Loss :  0.05877724369969219
Epoch :  77  Epoch time :  1794.0880598929944  Train L2 Loss :  0.05852041611820459
Epoch :  78  Epoch time :  1793.3965712509817  Train L2 Loss :  0.05872877148874104
Epoch :  79  Epoch time :  1794.8165650650044  Train L2 Loss :  0.05803807458709925
Epoch :  80  Epoch time :  1796.243970488984  Train L2 Loss :  0.057701079059951005
Epoch :  81  Epoch time :  1796.3299929160275  Train L2 Loss :  0.05768639517687261
Epoch :  82  Epoch time :  1794.8977053510025  Train L2 Loss :  0.05776023897528648
Epoch :  83  Epoch time :  1796.7089675060124  Train L2 Loss :  0.05764426309876144
Epoch :  84  Epoch time :  1794.5766447880014  Train L2 Loss :  0.05705775706972927
Epoch :  85  Epoch time :  1798.3568820259825  Train L2 Loss :  0.05698050210885704
Epoch :  86  Epoch time :  1644.4395795490127  Train L2 Loss :  0.056615157337859275
Epoch :  87  Epoch time :  1612.3087876299978  Train L2 Loss :  0.05657962747514248
Epoch :  88  Epoch time :  1715.2753886459977  Train L2 Loss :  0.05638698405399919
Epoch :  89  Epoch time :  1617.202734432998  Train L2 Loss :  0.05627088190354407
Epoch :  90  Epoch time :  1617.9206375289941  Train L2 Loss :  0.056310537634603676
Epoch :  91  Epoch time :  1608.931952790008  Train L2 Loss :  0.05627492816969752
Epoch :  92  Epoch time :  1602.1165567910066  Train L2 Loss :  0.05596367881502956
Epoch :  93  Epoch time :  1612.4567975710088  Train L2 Loss :  0.05618083766782656
Epoch :  94  Epoch time :  1613.2424532730074  Train L2 Loss :  0.0559892546467483
Epoch :  95  Epoch time :  1625.6822340319923  Train L2 Loss :  0.055790821450017396
Epoch :  96  Epoch time :  1629.0605614380038  Train L2 Loss :  0.05516797401420772
Epoch :  97  Epoch time :  1603.448850287008  Train L2 Loss :  0.05525656299740076
Epoch :  98  Epoch time :  1615.6879109069996  Train L2 Loss :  0.05489615247640759
Epoch :  99  Epoch time :  1616.5015583900094  Train L2 Loss :  0.05480663999132812
Epoch :  100  Epoch time :  1775.3695941839833  Train L2 Loss :  0.045176928948052225
Epoch :  101  Epoch time :  1614.9034595680132  Train L2 Loss :  0.044668086651805786
Epoch :  102  Epoch time :  1621.688348103984  Train L2 Loss :  0.044321417111717165
Epoch :  103  Epoch time :  1647.007071844011  Train L2 Loss :  0.04410321515891701
Epoch :  104  Epoch time :  1735.917317294021  Train L2 Loss :  0.04389815483465791
Epoch :  105  Epoch time :  1784.5981169099978  Train L2 Loss :  0.04351637024506926
Epoch :  106  Epoch time :  1853.9043888480228  Train L2 Loss :  0.04333022237792611
Epoch :  107  Epoch time :  1820.2155910220172  Train L2 Loss :  0.04311078603593633
Epoch :  108  Epoch time :  1861.273029999982  Train L2 Loss :  0.04295756871793419
Epoch :  109  Epoch time :  1766.3206332059926  Train L2 Loss :  0.04260958002991974
Epoch :  110  Epoch time :  1800.334184686013  Train L2 Loss :  0.04215199080156162
Epoch :  111  Epoch time :  1735.1697975389834  Train L2 Loss :  0.04175289679318667
Epoch :  112  Epoch time :  1686.0821964339993  Train L2 Loss :  0.04142844638898969
Epoch :  113  Epoch time :  1639.0071950330166  Train L2 Loss :  0.04116527268271893
Epoch :  114  Epoch time :  1637.6053851959878  Train L2 Loss :  0.040860586079210046
Epoch :  115  Epoch time :  1650.4102444860036  Train L2 Loss :  0.04047472737450153
Epoch :  116  Epoch time :  1649.707088383002  Train L2 Loss :  0.040245138251595196
Epoch :  117  Epoch time :  1642.3760894210136  Train L2 Loss :  0.04006787528321147
Epoch :  118  Epoch time :  1743.1295783900132  Train L2 Loss :  0.0398507329034619
Epoch :  119  Epoch time :  1647.4146022429923  Train L2 Loss :  0.03967583263050765
Epoch :  120  Epoch time :  1502.3392880829924  Train L2 Loss :  0.03947730208728462
Epoch :  121  Epoch time :  1324.3305405639985  Train L2 Loss :  0.039284065105021
Epoch :  122  Epoch time :  1276.935635206988  Train L2 Loss :  0.039071694862563164
Epoch :  123  Epoch time :  1275.8925189970178  Train L2 Loss :  0.03882943990528583
Epoch :  124  Epoch time :  1277.314146727993  Train L2 Loss :  0.03857774435766041
Epoch :  125  Epoch time :  1329.8699541559909  Train L2 Loss :  0.03845414678817615
Epoch :  126  Epoch time :  1304.5621477479872  Train L2 Loss :  0.03833038605190814
Epoch :  127  Epoch time :  1353.0477843609988  Train L2 Loss :  0.038228870625514534
Epoch :  128  Epoch time :  1353.6155847090122  Train L2 Loss :  0.03801882078219205
Epoch :  129  Epoch time :  1346.1990793040022  Train L2 Loss :  0.037878202646318825
Epoch :  130  Epoch time :  1348.7333575340162  Train L2 Loss :  0.03769133448619395
Epoch :  131  Epoch time :  1347.2223665370257  Train L2 Loss :  0.03745452762320638
Epoch :  132  Epoch time :  1349.9298671879806  Train L2 Loss :  0.037231722488440575
Epoch :  133  Epoch time :  1386.4954049389926  Train L2 Loss :  0.03701161354864016
Epoch :  134  Epoch time :  1392.0867233039753  Train L2 Loss :  0.03683164206780493
Epoch :  135  Epoch time :  1374.4401899959776  Train L2 Loss :  0.03669596052672714
Epoch :  136  Epoch time :  1367.1753317480034  Train L2 Loss :  0.036550572805292905
Epoch :  137  Epoch time :  1352.0719057039823  Train L2 Loss :  0.03640086826691404
Epoch :  138  Epoch time :  1356.0806398190034  Train L2 Loss :  0.036267097837198524
Epoch :  139  Epoch time :  1326.631941041007  Train L2 Loss :  0.0360902295878157
Epoch :  140  Epoch time :  1340.355249078013  Train L2 Loss :  0.03592059203349054
Epoch :  141  Epoch time :  1337.9618766250205  Train L2 Loss :  0.03577937129000202
Epoch :  142  Epoch time :  1290.5940564729972  Train L2 Loss :  0.03564324650047347
Epoch :  143  Epoch time :  1300.9882034350012  Train L2 Loss :  0.03546017827503383
Epoch :  144  Epoch time :  1316.8962025359797  Train L2 Loss :  0.03530993907693773
Epoch :  145  Epoch time :  1290.386103214987  Train L2 Loss :  0.035165257119759916
Epoch :  146  Epoch time :  1298.787714864011  Train L2 Loss :  0.0350892862888053
Epoch :  147  Epoch time :  1274.2972208819992  Train L2 Loss :  0.03501397911310196
Epoch :  148  Epoch time :  1287.5679780270148  Train L2 Loss :  0.0349373844563961
Epoch :  149  Epoch time :  1280.2879067070025  Train L2 Loss :  0.03485255402168259
Epoch :  150  Epoch time :  1284.766424086003  Train L2 Loss :  0.03473586193788797
Epoch :  151  Epoch time :  1302.4788988650253  Train L2 Loss :  0.03468626757450402
Epoch :  152  Epoch time :  1229.0284091240028  Train L2 Loss :  0.03460000330135226
Epoch :  153  Epoch time :  1287.0720830939827  Train L2 Loss :  0.03451260831784457
Epoch :  154  Epoch time :  1328.381377652986  Train L2 Loss :  0.03439153762226924
Epoch :  155  Epoch time :  1345.9086175109842  Train L2 Loss :  0.03425615673586726
Epoch :  156  Epoch time :  1197.089994708018  Train L2 Loss :  0.03414694953728467
Epoch :  157  Epoch time :  1179.9096791960183  Train L2 Loss :  0.03405148267764598
Epoch :  158  Epoch time :  1179.9790664290194  Train L2 Loss :  0.03396336537189781
Epoch :  159  Epoch time :  1179.2948438310414  Train L2 Loss :  0.03387420619344339
Epoch :  160  Epoch time :  1179.7889274430345  Train L2 Loss :  0.03375315797198564
Epoch :  161  Epoch time :  1179.8527474289876  Train L2 Loss :  0.03370575929461047
Epoch :  162  Epoch time :  1180.3990240850253  Train L2 Loss :  0.033591766479238866
Epoch :  163  Epoch time :  1180.3674027500092  Train L2 Loss :  0.033531825069524346
Epoch :  164  Epoch time :  1180.093356155965  Train L2 Loss :  0.033356638070661575
Epoch :  165  Epoch time :  1181.3358529810212  Train L2 Loss :  0.03326190421264619
Epoch :  166  Epoch time :  1176.7486038599745  Train L2 Loss :  0.03321459196871147
Epoch :  167  Epoch time :  1181.1743333869963  Train L2 Loss :  0.0330787785358727
Epoch :  168  Epoch time :  1181.2016516969888  Train L2 Loss :  0.033033384215272965
Epoch :  169  Epoch time :  1181.5965417880216  Train L2 Loss :  0.03295186797818169
Epoch :  170  Epoch time :  1181.6912956599845  Train L2 Loss :  0.03289698910592124
Epoch :  171  Epoch time :  1181.589272387966  Train L2 Loss :  0.032823994747549295
Epoch :  172  Epoch time :  1181.9712006250047  Train L2 Loss :  0.032712676646374166
Epoch :  173  Epoch time :  1182.1411721129552  Train L2 Loss :  0.0325615894026123
Epoch :  174  Epoch time :  1182.6343773980043  Train L2 Loss :  0.0324403909124434
Epoch :  175  Epoch time :  1179.9143543730024  Train L2 Loss :  0.032361322587355974
Epoch :  176  Epoch time :  1178.560980268987  Train L2 Loss :  0.03225149727780372
Epoch :  177  Epoch time :  1179.9243601409835  Train L2 Loss :  0.032173264552932235
Epoch :  178  Epoch time :  1179.5489380650106  Train L2 Loss :  0.03206743019847199
Epoch :  179  Epoch time :  1179.2924795110011  Train L2 Loss :  0.032032698075287046
Epoch :  180  Epoch time :  1178.7119251730037  Train L2 Loss :  0.03193234946876764
Epoch :  181  Epoch time :  1180.2867334140465  Train L2 Loss :  0.03182265894468874
Epoch :  182  Epoch time :  1180.3832730940194  Train L2 Loss :  0.03168743306323886
Epoch :  183  Epoch time :  1180.9921111069852  Train L2 Loss :  0.031531285374145956
Epoch :  184  Epoch time :  1180.5426457350259  Train L2 Loss :  0.03141512285033241
Epoch :  185  Epoch time :  1276.1177010979736  Train L2 Loss :  0.03131427191346884
Epoch :  186  Epoch time :  1179.9453054689802  Train L2 Loss :  0.031120768832881004
Epoch :  187  Epoch time :  1181.6933908709907  Train L2 Loss :  0.031027466005459428
Epoch :  188  Epoch time :  1183.023302683956  Train L2 Loss :  0.030919123235344886
Epoch :  189  Epoch time :  1182.104224884999  Train L2 Loss :  0.030810318891797216
Epoch :  190  Epoch time :  1186.432145335013  Train L2 Loss :  0.03073201247556135
Epoch :  191  Epoch time :  1188.5413446840248  Train L2 Loss :  0.030580372338555754
Epoch :  192  Epoch time :  1188.688253831002  Train L2 Loss :  0.03046708082971163
Epoch :  193  Epoch time :  1187.901812275988  Train L2 Loss :  0.030364651631191373
Epoch :  194  Epoch time :  1187.6627543619834  Train L2 Loss :  0.030270980759244413
Epoch :  195  Epoch time :  1187.1643441700144  Train L2 Loss :  0.030074502736143767
Epoch :  196  Epoch time :  1185.8026931759669  Train L2 Loss :  0.029975680069439112
Epoch :  197  Epoch time :  1184.4828944720211  Train L2 Loss :  0.029926948210597038
Epoch :  198  Epoch time :  1185.4028827029979  Train L2 Loss :  0.029795811165869237
Epoch :  199  Epoch time :  1183.4707935589831  Train L2 Loss :  0.029714469099231065
Total time is : 307987.790492769 Total epoch is  200
