Input dim :  103  output dim :  1
Start training 
15041
Epoch :  0  Epoch time :  1666.8129178400004  Train L2 Loss :  1.1090139325976371
Epoch :  1  Epoch time :  1688.3882033929995  Train L2 Loss :  0.605336607131362
Epoch :  2  Epoch time :  1711.9279490549998  Train L2 Loss :  0.4630612069875002
Epoch :  3  Epoch time :  1723.8500978440006  Train L2 Loss :  0.3386857157327235
Epoch :  4  Epoch time :  1741.1485667830002  Train L2 Loss :  0.2872414891690016
Epoch :  5  Epoch time :  1740.6387374580008  Train L2 Loss :  0.2546525345012546
Epoch :  6  Epoch time :  1752.0698376459986  Train L2 Loss :  0.2284232624039054
Epoch :  7  Epoch time :  1764.026827193  Train L2 Loss :  0.21015286879092454
Epoch :  8  Epoch time :  1764.597438323999  Train L2 Loss :  0.19674662182629107
Epoch :  9  Epoch time :  1772.0766354029984  Train L2 Loss :  0.18502481033056975
Epoch :  10  Epoch time :  1786.3048481580008  Train L2 Loss :  0.17712881698198615
Epoch :  11  Epoch time :  1799.2058463569992  Train L2 Loss :  0.17154673929847777
Epoch :  12  Epoch time :  1815.2963489680005  Train L2 Loss :  0.166927059315145
Epoch :  13  Epoch time :  1825.180061492003  Train L2 Loss :  0.16313718107119202
Epoch :  14  Epoch time :  1824.7045985179975  Train L2 Loss :  0.1597219471640885
Epoch :  15  Epoch time :  1837.0150133949974  Train L2 Loss :  0.15638244080021976
Epoch :  16  Epoch time :  1857.283957515996  Train L2 Loss :  0.15303474060595035
Epoch :  17  Epoch time :  1862.5084186630047  Train L2 Loss :  0.1499442342311144
Epoch :  18  Epoch time :  1875.0408788869972  Train L2 Loss :  0.1470563317127526
Epoch :  19  Epoch time :  1895.4993024849973  Train L2 Loss :  0.1446915599551052
Epoch :  20  Epoch time :  1897.7763074090035  Train L2 Loss :  0.14255482812933623
Epoch :  21  Epoch time :  1905.0720163040023  Train L2 Loss :  0.14086222611479463
Epoch :  22  Epoch time :  1918.4235983869949  Train L2 Loss :  0.13928420602679253
Epoch :  23  Epoch time :  1930.8226312920015  Train L2 Loss :  0.13815043940246105
Epoch :  24  Epoch time :  1941.3712815949984  Train L2 Loss :  0.13685761415734887
Epoch :  25  Epoch time :  1946.3999531289955  Train L2 Loss :  0.1358193153731525
Epoch :  26  Epoch time :  1960.8540735479983  Train L2 Loss :  0.1348106899909675
Epoch :  27  Epoch time :  1984.0663175759983  Train L2 Loss :  0.13388065717369318
Epoch :  28  Epoch time :  1997.0683229959977  Train L2 Loss :  0.13302995110601187
Epoch :  29  Epoch time :  2011.5615465690062  Train L2 Loss :  0.13202734798640012
Epoch :  30  Epoch time :  2027.9058684819975  Train L2 Loss :  0.13111892680041493
Epoch :  31  Epoch time :  2031.7720659589977  Train L2 Loss :  0.13009290152862668
Epoch :  32  Epoch time :  2025.0697557690073  Train L2 Loss :  0.1286106720931828
Epoch :  33  Epoch time :  2033.2388773720013  Train L2 Loss :  0.12771200917698444
Epoch :  34  Epoch time :  2026.0336847449944  Train L2 Loss :  0.12701136791184545
Epoch :  35  Epoch time :  2019.8597086529917  Train L2 Loss :  0.1263576325144619
Epoch :  36  Epoch time :  2031.2891888979939  Train L2 Loss :  0.12567786620296537
Epoch :  37  Epoch time :  2030.5205702139938  Train L2 Loss :  0.12512556089125573
Epoch :  38  Epoch time :  2033.8573386200005  Train L2 Loss :  0.12462188429012895
Epoch :  39  Epoch time :  2034.2136501559871  Train L2 Loss :  0.12325062470212579
Epoch :  40  Epoch time :  2037.9205026239943  Train L2 Loss :  0.12225295066945255
Epoch :  41  Epoch time :  2035.1045393690001  Train L2 Loss :  0.12143782926872372
Epoch :  42  Epoch time :  2036.820895455996  Train L2 Loss :  0.12085947250388562
Epoch :  43  Epoch time :  2037.6947865539987  Train L2 Loss :  0.12036158647090196
Epoch :  44  Epoch time :  2037.1090797819925  Train L2 Loss :  0.11956213930100203
Epoch :  45  Epoch time :  2039.4994108300016  Train L2 Loss :  0.11852443669736386
Epoch :  46  Epoch time :  2041.8118549680075  Train L2 Loss :  0.11784498443193733
Epoch :  47  Epoch time :  2036.1970645100082  Train L2 Loss :  0.117248885101825
Epoch :  48  Epoch time :  2041.539199758001  Train L2 Loss :  0.11675677447989583
Epoch :  49  Epoch time :  2038.019649622991  Train L2 Loss :  0.11628209104724228
Epoch :  50  Epoch time :  2040.4275533509935  Train L2 Loss :  0.11577424508146941
Epoch :  51  Epoch time :  2040.6111928789906  Train L2 Loss :  0.11537687316834927
Epoch :  52  Epoch time :  2036.2061720780039  Train L2 Loss :  0.11479477421939373
Epoch :  53  Epoch time :  2036.7592027970095  Train L2 Loss :  0.11439049039371312
Epoch :  54  Epoch time :  2035.5928232540027  Train L2 Loss :  0.1131160051137209
Epoch :  55  Epoch time :  2033.219588242995  Train L2 Loss :  0.11192259210497141
Epoch :  56  Epoch time :  2032.8971166720003  Train L2 Loss :  0.11123392990790308
Epoch :  57  Epoch time :  2035.7266753400036  Train L2 Loss :  0.11058244036361575
Epoch :  58  Epoch time :  2037.3425495289994  Train L2 Loss :  0.10986490846015513
Epoch :  59  Epoch time :  2042.0108542340022  Train L2 Loss :  0.10918839473351837
Epoch :  60  Epoch time :  2029.1460188549972  Train L2 Loss :  0.10852021483369172
Epoch :  61  Epoch time :  1962.9421337090025  Train L2 Loss :  0.10783422119505703
Epoch :  62  Epoch time :  1965.192052538012  Train L2 Loss :  0.10735483142137528
Epoch :  63  Epoch time :  1964.7487406980072  Train L2 Loss :  0.10668716209568083
Epoch :  64  Epoch time :  1969.5266371400066  Train L2 Loss :  0.10597627747282386
Epoch :  65  Epoch time :  1972.5844428369892  Train L2 Loss :  0.10545105959251523
Epoch :  66  Epoch time :  1970.7073580620054  Train L2 Loss :  0.10499815401658416
Epoch :  67  Epoch time :  1973.7805051769828  Train L2 Loss :  0.10471631078012288
Epoch :  68  Epoch time :  1979.5887497810181  Train L2 Loss :  0.10420616130903364
Epoch :  69  Epoch time :  1986.1426236199914  Train L2 Loss :  0.10362277390509844
Epoch :  70  Epoch time :  1982.1251208560134  Train L2 Loss :  0.10295375485830009
Epoch :  71  Epoch time :  2005.199785875011  Train L2 Loss :  0.10225317579358816
Epoch :  72  Epoch time :  1996.6583857539808  Train L2 Loss :  0.10110409687757492
Epoch :  73  Epoch time :  1987.117279625003  Train L2 Loss :  0.10030442998949439
Epoch :  74  Epoch time :  1984.4893545630039  Train L2 Loss :  0.09957327769324184
Epoch :  75  Epoch time :  1984.2796778699849  Train L2 Loss :  0.09903953665457665
Epoch :  76  Epoch time :  1972.3973582009785  Train L2 Loss :  0.09868485782425851
Epoch :  77  Epoch time :  1750.8959083170048  Train L2 Loss :  0.09826749439015985
Epoch :  78  Epoch time :  1706.9791863879946  Train L2 Loss :  0.09784643507823348
Epoch :  79  Epoch time :  1694.1821952570172  Train L2 Loss :  0.0976947339400649
Epoch :  80  Epoch time :  1700.4879440880031  Train L2 Loss :  0.09732019091621041
Epoch :  81  Epoch time :  1699.5891414360085  Train L2 Loss :  0.0971319949908182
Epoch :  82  Epoch time :  1705.6485189560044  Train L2 Loss :  0.09690224966928362
Epoch :  83  Epoch time :  1691.099450786016  Train L2 Loss :  0.09669071743413805
Epoch :  84  Epoch time :  1706.2919842780102  Train L2 Loss :  0.09644052573218942
Epoch :  85  Epoch time :  1706.5949923570151  Train L2 Loss :  0.09619365669544787
Epoch :  86  Epoch time :  1711.6765225690033  Train L2 Loss :  0.09593512194473297
Epoch :  87  Epoch time :  1724.5639079069952  Train L2 Loss :  0.0956619837190956
Epoch :  88  Epoch time :  1689.9400273830106  Train L2 Loss :  0.09554829853158445
Epoch :  89  Epoch time :  1701.4572165489953  Train L2 Loss :  0.09534106865860521
Epoch :  90  Epoch time :  1711.4542131979833  Train L2 Loss :  0.09503881950192153
Epoch :  91  Epoch time :  1715.1238414779946  Train L2 Loss :  0.09493750713486225
Epoch :  92  Epoch time :  1720.4291886099963  Train L2 Loss :  0.0947430986776948
Epoch :  93  Epoch time :  1710.7498598429956  Train L2 Loss :  0.09450481480434537
Epoch :  94  Epoch time :  1724.7362767960003  Train L2 Loss :  0.09434376164712012
Epoch :  95  Epoch time :  1720.5955544879835  Train L2 Loss :  0.09414140130765736
Epoch :  96  Epoch time :  1723.9821469069866  Train L2 Loss :  0.09392185361348093
Epoch :  97  Epoch time :  1745.0808489689953  Train L2 Loss :  0.0937817129632458
Epoch :  98  Epoch time :  1751.3393878839852  Train L2 Loss :  0.09367866072803736
Epoch :  99  Epoch time :  1749.3886217149848  Train L2 Loss :  0.093441050157696
Epoch :  100  Epoch time :  1754.2279024510062  Train L2 Loss :  0.085500704645738
Epoch :  101  Epoch time :  1753.620461102022  Train L2 Loss :  0.08512318526040763
Epoch :  102  Epoch time :  1756.1866094459838  Train L2 Loss :  0.08487210560403764
Epoch :  103  Epoch time :  1758.8736076509813  Train L2 Loss :  0.08469631697684527
Epoch :  104  Epoch time :  1763.4504250710015  Train L2 Loss :  0.08454001162201166
Epoch :  105  Epoch time :  1760.8492034210067  Train L2 Loss :  0.08442308209501206
Epoch :  106  Epoch time :  1745.0975305789907  Train L2 Loss :  0.08434118244480342
Epoch :  107  Epoch time :  1742.2791428119817  Train L2 Loss :  0.08427264518812298
Epoch :  108  Epoch time :  1748.5912959869893  Train L2 Loss :  0.0841556697037071
Epoch :  109  Epoch time :  1755.586186621018  Train L2 Loss :  0.0840845541395247
Epoch :  110  Epoch time :  1755.2443728590151  Train L2 Loss :  0.08400705915316939
Epoch :  111  Epoch time :  1752.2620952830184  Train L2 Loss :  0.08391623849309982
Epoch :  112  Epoch time :  1742.9071772099996  Train L2 Loss :  0.08382498006280512
Epoch :  113  Epoch time :  1753.5942542869889  Train L2 Loss :  0.08377189328521491
Epoch :  114  Epoch time :  1734.048508598993  Train L2 Loss :  0.0836872466545552
Epoch :  115  Epoch time :  1727.0706194840022  Train L2 Loss :  0.08362306623533368
Epoch :  116  Epoch time :  1783.4727342370024  Train L2 Loss :  0.08356883667707443
Epoch :  117  Epoch time :  1807.2101545380137  Train L2 Loss :  0.08350273876935244
Epoch :  118  Epoch time :  1768.7549386599858  Train L2 Loss :  0.08336125221550465
Epoch :  119  Epoch time :  1736.8949169380066  Train L2 Loss :  0.0833129306750372
Epoch :  120  Epoch time :  1745.2298729559989  Train L2 Loss :  0.08325942751001567
Epoch :  121  Epoch time :  1744.185352880013  Train L2 Loss :  0.08320302750933915
Epoch :  122  Epoch time :  1743.2487550950027  Train L2 Loss :  0.08315730717200785
Epoch :  123  Epoch time :  1744.4546547989885  Train L2 Loss :  0.0831004015646875
Epoch :  124  Epoch time :  1748.0595636539801  Train L2 Loss :  0.08288434581384063
Epoch :  125  Epoch time :  1739.5948957369837  Train L2 Loss :  0.08178213932774961
Epoch :  126  Epoch time :  1739.1031581760035  Train L2 Loss :  0.08132560688629746
Epoch :  127  Epoch time :  1717.6406803760037  Train L2 Loss :  0.08106443760208785
Epoch :  128  Epoch time :  1706.3252578749962  Train L2 Loss :  0.0807984934590757
Epoch :  129  Epoch time :  1717.0037326050224  Train L2 Loss :  0.0805810091599822
Epoch :  130  Epoch time :  1702.1222072399978  Train L2 Loss :  0.08040459946729243
Epoch :  131  Epoch time :  1714.7861717350024  Train L2 Loss :  0.08023339425362647
Epoch :  132  Epoch time :  1717.6708523650013  Train L2 Loss :  0.08007166347000748
Epoch :  133  Epoch time :  1710.777881608985  Train L2 Loss :  0.07992591054439545
Epoch :  134  Epoch time :  1717.7242741429945  Train L2 Loss :  0.07978724519927055
Epoch :  135  Epoch time :  1720.8556250620168  Train L2 Loss :  0.07950950500294567
Epoch :  136  Epoch time :  1714.8311904819857  Train L2 Loss :  0.07908725932817906
Epoch :  137  Epoch time :  1367.5625872740056  Train L2 Loss :  0.07885975539125502
Epoch :  138  Epoch time :  1328.9584949110285  Train L2 Loss :  0.0786644633570686
Epoch :  139  Epoch time :  1248.869509889977  Train L2 Loss :  0.07850721725970507
Epoch :  140  Epoch time :  1385.7727297950187  Train L2 Loss :  0.07837475640196354
Epoch :  141  Epoch time :  1251.4315816360177  Train L2 Loss :  0.07818071746341884
Epoch :  142  Epoch time :  1250.4868185930536  Train L2 Loss :  0.07803992074020207
Epoch :  143  Epoch time :  1257.6786646280088  Train L2 Loss :  0.07789864054359495
Epoch :  144  Epoch time :  1259.0226221839548  Train L2 Loss :  0.07776610809341072
Epoch :  145  Epoch time :  1260.9804455140256  Train L2 Loss :  0.07766735576987266
Epoch :  146  Epoch time :  1260.3456920899916  Train L2 Loss :  0.0775275617606938
Epoch :  147  Epoch time :  1246.2659641149803  Train L2 Loss :  0.07708758212514222
Epoch :  148  Epoch time :  1243.4187104220036  Train L2 Loss :  0.07655885662958026
Epoch :  149  Epoch time :  1246.4851513020112  Train L2 Loss :  0.07630288815759122
Epoch :  150  Epoch time :  1246.750245468982  Train L2 Loss :  0.07607727943658829
Epoch :  151  Epoch time :  1249.5165011180216  Train L2 Loss :  0.0758737244386226
Epoch :  152  Epoch time :  1276.5700396950124  Train L2 Loss :  0.07572780729625374
Epoch :  153  Epoch time :  1255.3623047180008  Train L2 Loss :  0.07553271251451224
Epoch :  154  Epoch time :  1257.0106089360197  Train L2 Loss :  0.07542198204100133
Epoch :  155  Epoch time :  1257.5191312539973  Train L2 Loss :  0.07529684665836393
Epoch :  156  Epoch time :  1253.8718021830427  Train L2 Loss :  0.07516839982923121
Epoch :  157  Epoch time :  1251.2563029320445  Train L2 Loss :  0.07500564495138824
Epoch :  158  Epoch time :  1245.826696752978  Train L2 Loss :  0.0748506923560053
Epoch :  159  Epoch time :  1277.500671754009  Train L2 Loss :  0.074664639464207
Epoch :  160  Epoch time :  1319.8338022149983  Train L2 Loss :  0.0745069033280015
Epoch :  161  Epoch time :  1280.8217364199809  Train L2 Loss :  0.07433996172640472
Epoch :  162  Epoch time :  1249.6020188960247  Train L2 Loss :  0.07421064568627626
Epoch :  163  Epoch time :  1266.806711933983  Train L2 Loss :  0.07404755150377751
Epoch :  164  Epoch time :  1302.1854241889669  Train L2 Loss :  0.07388383684214204
Epoch :  165  Epoch time :  1435.1804114920087  Train L2 Loss :  0.0737594211127609
Epoch :  166  Epoch time :  1269.0283158799866  Train L2 Loss :  0.07361666644103824
Epoch :  167  Epoch time :  1287.4047448159545  Train L2 Loss :  0.07352467209193855
Epoch :  168  Epoch time :  1264.716690997011  Train L2 Loss :  0.07343702016025781
Epoch :  169  Epoch time :  1262.4207610979793  Train L2 Loss :  0.07330718820020557
Epoch :  170  Epoch time :  1295.7889916129643  Train L2 Loss :  0.07321783102396875
Epoch :  171  Epoch time :  1265.3157057189965  Train L2 Loss :  0.0731793472006917
Epoch :  172  Epoch time :  1299.6941685890197  Train L2 Loss :  0.07298792339600622
Epoch :  173  Epoch time :  1257.317101431021  Train L2 Loss :  0.07239155063834041
Epoch :  174  Epoch time :  1302.775140288053  Train L2 Loss :  0.07209614208899438
Epoch :  175  Epoch time :  1295.316037163022  Train L2 Loss :  0.07178942669592797
Epoch :  176  Epoch time :  1255.2607543779886  Train L2 Loss :  0.0715273328077048
Epoch :  177  Epoch time :  1273.0530311160255  Train L2 Loss :  0.07132042364105583
Epoch :  178  Epoch time :  1268.2207279360155  Train L2 Loss :  0.07116584205757827
Epoch :  179  Epoch time :  1265.16703255201  Train L2 Loss :  0.07099306024052203
Epoch :  180  Epoch time :  1263.2974762539961  Train L2 Loss :  0.07085780427232384
Epoch :  181  Epoch time :  1258.9230420470121  Train L2 Loss :  0.0707109096609056
Epoch :  182  Epoch time :  1263.743758650031  Train L2 Loss :  0.07058621454425155
Epoch :  183  Epoch time :  1263.7316960740136  Train L2 Loss :  0.07039871769733727
Epoch :  184  Epoch time :  1276.3347778029856  Train L2 Loss :  0.06996366413924843
Epoch :  185  Epoch time :  1267.7623829199583  Train L2 Loss :  0.06967483542114496
Epoch :  186  Epoch time :  1268.310356248985  Train L2 Loss :  0.06949879511352629
Epoch :  187  Epoch time :  1279.1349704150343  Train L2 Loss :  0.0693570683721453
Epoch :  188  Epoch time :  1287.3595193140209  Train L2 Loss :  0.06921691411677748
Epoch :  189  Epoch time :  1271.3633659280022  Train L2 Loss :  0.06914286112356931
Epoch :  190  Epoch time :  1282.0972754940158  Train L2 Loss :  0.06899717010762542
Epoch :  191  Epoch time :  1264.1382691719919  Train L2 Loss :  0.0689585170796141
Epoch :  192  Epoch time :  1260.8166870099958  Train L2 Loss :  0.06886096362546086
Epoch :  193  Epoch time :  1259.2929523690254  Train L2 Loss :  0.06880165945030749
Epoch :  194  Epoch time :  1260.3210412950139  Train L2 Loss :  0.06872276418320834
Epoch :  195  Epoch time :  1253.8605113619706  Train L2 Loss :  0.06867482414357365
Epoch :  196  Epoch time :  1247.9982324099983  Train L2 Loss :  0.06851665691696107
Epoch :  197  Epoch time :  1245.361565486004  Train L2 Loss :  0.06834723057225346
Epoch :  198  Epoch time :  1216.1452477909625  Train L2 Loss :  0.06824357068240643
Epoch :  199  Epoch time :  1158.6573031410226  Train L2 Loss :  0.06812848661933094
Total time is : 333879.609836821 Total epoch is  200
