Input dim :  103  output dim :  1
Start training 
46465
Epoch :  0  Epoch time :  1668.0819535789997  Train L2 Loss :  1.0409177523747086
Epoch :  1  Epoch time :  1695.6867045460003  Train L2 Loss :  0.39136761202216147
Epoch :  2  Epoch time :  1720.0008435789987  Train L2 Loss :  0.28456272960156204
Epoch :  3  Epoch time :  1729.6543532720007  Train L2 Loss :  0.24470613036751748
Epoch :  4  Epoch time :  1748.096273037001  Train L2 Loss :  0.2135824624657631
Epoch :  5  Epoch time :  1750.1342235480006  Train L2 Loss :  0.19285205353721976
Epoch :  6  Epoch time :  1759.0556979379999  Train L2 Loss :  0.17921235375404357
Epoch :  7  Epoch time :  1768.751543287999  Train L2 Loss :  0.16799114513210953
Epoch :  8  Epoch time :  1776.0835847939998  Train L2 Loss :  0.15983982137665154
Epoch :  9  Epoch time :  1792.676033030999  Train L2 Loss :  0.15286783131361006
Epoch :  10  Epoch time :  1801.2933302109996  Train L2 Loss :  0.14610982481986284
Epoch :  11  Epoch time :  1810.0595369840012  Train L2 Loss :  0.13976633301749825
Epoch :  12  Epoch time :  1822.572750618001  Train L2 Loss :  0.13445916355401277
Epoch :  13  Epoch time :  1804.3322125589984  Train L2 Loss :  0.12984844698905945
Epoch :  14  Epoch time :  1812.9864056549995  Train L2 Loss :  0.12497506846114993
Epoch :  15  Epoch time :  1825.2996724250006  Train L2 Loss :  0.1208777827091515
Epoch :  16  Epoch time :  1839.2634114739994  Train L2 Loss :  0.11740342672429979
Epoch :  17  Epoch time :  1843.2732099690038  Train L2 Loss :  0.11440195357948542
Epoch :  18  Epoch time :  1853.7020961200033  Train L2 Loss :  0.11153364923335612
Epoch :  19  Epoch time :  1871.9706227749994  Train L2 Loss :  0.10771098654419184
Epoch :  20  Epoch time :  1870.4471868969995  Train L2 Loss :  0.10431414406821132
Epoch :  21  Epoch time :  1880.8958713350003  Train L2 Loss :  0.10087381810210645
Epoch :  22  Epoch time :  1902.2882670420004  Train L2 Loss :  0.09759931553024799
Epoch :  23  Epoch time :  1910.2457679469953  Train L2 Loss :  0.09559384975470603
Epoch :  24  Epoch time :  1923.7810926380043  Train L2 Loss :  0.09362456539347767
Epoch :  25  Epoch time :  1923.6096585209962  Train L2 Loss :  0.09204057468101383
Epoch :  26  Epoch time :  1935.1100383099983  Train L2 Loss :  0.09059035851210356
Epoch :  27  Epoch time :  1949.9086659240056  Train L2 Loss :  0.08930836673900484
Epoch :  28  Epoch time :  1969.2330024620023  Train L2 Loss :  0.08808207795768976
Epoch :  29  Epoch time :  1979.2360189020037  Train L2 Loss :  0.08705564447902144
Epoch :  30  Epoch time :  1981.5059500299976  Train L2 Loss :  0.08600962665341795
Epoch :  31  Epoch time :  1952.6593455620023  Train L2 Loss :  0.08487006838805973
Epoch :  32  Epoch time :  1952.672595464006  Train L2 Loss :  0.08389846618063748
Epoch :  33  Epoch time :  1964.932106801003  Train L2 Loss :  0.08287797803841532
Epoch :  34  Epoch time :  1963.382604473998  Train L2 Loss :  0.08186734111141414
Epoch :  35  Epoch time :  1963.7759762280039  Train L2 Loss :  0.08124689438790082
Epoch :  36  Epoch time :  1959.1994527170027  Train L2 Loss :  0.08035417733676732
Epoch :  37  Epoch time :  1957.3054930910002  Train L2 Loss :  0.07961692318767309
Epoch :  38  Epoch time :  1961.7495842630015  Train L2 Loss :  0.07875344846956432
Epoch :  39  Epoch time :  1958.152532802007  Train L2 Loss :  0.07822686000801622
Epoch :  40  Epoch time :  1958.1679915429995  Train L2 Loss :  0.0772590150680393
Epoch :  41  Epoch time :  1955.2320840489992  Train L2 Loss :  0.07669685965739191
Epoch :  42  Epoch time :  1956.8495411699987  Train L2 Loss :  0.07609633024353533
Epoch :  43  Epoch time :  1958.6523066630034  Train L2 Loss :  0.07567819914706052
Epoch :  44  Epoch time :  1961.7553976510098  Train L2 Loss :  0.07521014628447592
Epoch :  45  Epoch time :  1968.536213882995  Train L2 Loss :  0.07476250367052853
Epoch :  46  Epoch time :  1964.971818754988  Train L2 Loss :  0.07444101801365614
Epoch :  47  Epoch time :  1968.5682411750022  Train L2 Loss :  0.07399415018651634
Epoch :  48  Epoch time :  1966.7628371809988  Train L2 Loss :  0.0734068454483524
Epoch :  49  Epoch time :  1967.808080917006  Train L2 Loss :  0.0729463457942009
Epoch :  50  Epoch time :  1964.8040403689956  Train L2 Loss :  0.07241125442013145
Epoch :  51  Epoch time :  1963.3471301420068  Train L2 Loss :  0.07198751293607056
Epoch :  52  Epoch time :  1970.745211772999  Train L2 Loss :  0.07164843029696494
Epoch :  53  Epoch time :  1970.5607126579998  Train L2 Loss :  0.07133309894874693
Epoch :  54  Epoch time :  1970.995523880003  Train L2 Loss :  0.07107143772710114
Epoch :  55  Epoch time :  1961.7517932549963  Train L2 Loss :  0.0707417681582272
Epoch :  56  Epoch time :  1959.8933652900014  Train L2 Loss :  0.07033198033105582
Epoch :  57  Epoch time :  1964.2630050829903  Train L2 Loss :  0.07009150110669433
Epoch :  58  Epoch time :  1964.556143395006  Train L2 Loss :  0.06967901242524385
Epoch :  59  Epoch time :  1966.813228493993  Train L2 Loss :  0.06907401250563562
Epoch :  60  Epoch time :  1971.3465167959948  Train L2 Loss :  0.06848802427984774
Epoch :  61  Epoch time :  1957.696449066003  Train L2 Loss :  0.0678773865841329
Epoch :  62  Epoch time :  1970.7501292209927  Train L2 Loss :  0.0672806616395712
Epoch :  63  Epoch time :  1960.416426529002  Train L2 Loss :  0.06682648107837885
Epoch :  64  Epoch time :  1969.6398222549906  Train L2 Loss :  0.06645882358215749
Epoch :  65  Epoch time :  1964.3814953039982  Train L2 Loss :  0.06599538312517106
Epoch :  66  Epoch time :  1973.9883023420116  Train L2 Loss :  0.06558410406783223
Epoch :  67  Epoch time :  1975.2854738890019  Train L2 Loss :  0.06517694882452488
Epoch :  68  Epoch time :  1975.5007064479869  Train L2 Loss :  0.0647827597912401
Epoch :  69  Epoch time :  1981.1913633510121  Train L2 Loss :  0.06432249933220446
Epoch :  70  Epoch time :  1979.2102923380153  Train L2 Loss :  0.06395458998251706
Epoch :  71  Epoch time :  1966.6573222239967  Train L2 Loss :  0.06351840199660509
Epoch :  72  Epoch time :  1981.9706604630046  Train L2 Loss :  0.06325482433438301
Epoch :  73  Epoch time :  1984.4637742569903  Train L2 Loss :  0.06309471422694624
Epoch :  74  Epoch time :  1970.8803044579981  Train L2 Loss :  0.06281295420974493
Epoch :  75  Epoch time :  1968.0631269419973  Train L2 Loss :  0.06258630317449569
Epoch :  76  Epoch time :  1973.3632467739808  Train L2 Loss :  0.06245071786046028
Epoch :  77  Epoch time :  1977.782345404994  Train L2 Loss :  0.06207941141165793
Epoch :  78  Epoch time :  1834.5627118420089  Train L2 Loss :  0.061779191153496504
Epoch :  79  Epoch time :  1717.5030164700001  Train L2 Loss :  0.06147030706480146
Epoch :  80  Epoch time :  1695.075020588003  Train L2 Loss :  0.06125517405997962
Epoch :  81  Epoch time :  1693.8010786589875  Train L2 Loss :  0.061027411492168906
Epoch :  82  Epoch time :  1699.2155757879955  Train L2 Loss :  0.0606638173462823
Epoch :  83  Epoch time :  1700.484998230997  Train L2 Loss :  0.060511415381729605
Epoch :  84  Epoch time :  1697.6046780860052  Train L2 Loss :  0.06026396802756935
Epoch :  85  Epoch time :  1695.143525004998  Train L2 Loss :  0.06011919258199632
Epoch :  86  Epoch time :  1689.4510083799833  Train L2 Loss :  0.059948835967853664
Epoch :  87  Epoch time :  1698.032183770003  Train L2 Loss :  0.05979231221191585
Epoch :  88  Epoch time :  1716.9115727109893  Train L2 Loss :  0.05953838352393359
Epoch :  89  Epoch time :  1694.5865324740007  Train L2 Loss :  0.059381529787555336
Epoch :  90  Epoch time :  1699.6374459840008  Train L2 Loss :  0.05932519697397947
Epoch :  91  Epoch time :  1700.5061313619954  Train L2 Loss :  0.05913359588719905
Epoch :  92  Epoch time :  1706.099772407004  Train L2 Loss :  0.059012802325375376
Epoch :  93  Epoch time :  1724.5115407840058  Train L2 Loss :  0.058726486359164116
Epoch :  94  Epoch time :  1712.336679902015  Train L2 Loss :  0.05843278920575976
Epoch :  95  Epoch time :  1723.0053309369832  Train L2 Loss :  0.058272852526791395
Epoch :  96  Epoch time :  1725.5528620829864  Train L2 Loss :  0.058179887579753994
Epoch :  97  Epoch time :  1733.7850574869954  Train L2 Loss :  0.05784793549925089
Epoch :  98  Epoch time :  1738.2064445620053  Train L2 Loss :  0.05758556899279356
Epoch :  99  Epoch time :  1758.3971435639833  Train L2 Loss :  0.05737899367231876
Epoch :  100  Epoch time :  1742.4941601790197  Train L2 Loss :  0.049279291454236956
Epoch :  101  Epoch time :  1747.210245167982  Train L2 Loss :  0.04904274311624467
Epoch :  102  Epoch time :  1744.2785150580166  Train L2 Loss :  0.04882704629786313
Epoch :  103  Epoch time :  1750.0783191969967  Train L2 Loss :  0.04869944735411554
Epoch :  104  Epoch time :  1751.2404270620027  Train L2 Loss :  0.04852183818165213
Epoch :  105  Epoch time :  1753.9080591519887  Train L2 Loss :  0.048317225806973875
Epoch :  106  Epoch time :  1750.6946802530147  Train L2 Loss :  0.0480656406160444
Epoch :  107  Epoch time :  1739.0970676789875  Train L2 Loss :  0.04789966109506786
Epoch :  108  Epoch time :  1734.6420030959998  Train L2 Loss :  0.04776869494374841
Epoch :  109  Epoch time :  1737.4150047389849  Train L2 Loss :  0.04764535032007843
Epoch :  110  Epoch time :  1741.0178358200064  Train L2 Loss :  0.0475669229850173
Epoch :  111  Epoch time :  1754.750128626998  Train L2 Loss :  0.04741482192054391
Epoch :  112  Epoch time :  1735.026922029996  Train L2 Loss :  0.04729296542396769
Epoch :  113  Epoch time :  1739.2313553070126  Train L2 Loss :  0.04719886232195422
Epoch :  114  Epoch time :  1745.7726361579844  Train L2 Loss :  0.04708002298418432
Epoch :  115  Epoch time :  1720.0071809880028  Train L2 Loss :  0.046993923859577624
Epoch :  116  Epoch time :  1731.4793861530197  Train L2 Loss :  0.04691638204911724
Epoch :  117  Epoch time :  1737.364135558979  Train L2 Loss :  0.046797971818223594
Epoch :  118  Epoch time :  1804.508954113  Train L2 Loss :  0.04667049121093005
Epoch :  119  Epoch time :  1790.5082455500087  Train L2 Loss :  0.04656022259816527
Epoch :  120  Epoch time :  1728.571944797004  Train L2 Loss :  0.04638474312350154
Epoch :  121  Epoch time :  1715.906770083995  Train L2 Loss :  0.046285986055340615
Epoch :  122  Epoch time :  1724.1305529259844  Train L2 Loss :  0.046171325759775936
Epoch :  123  Epoch time :  1721.0700483580003  Train L2 Loss :  0.04613667966360226
Epoch :  124  Epoch time :  1718.6437620230136  Train L2 Loss :  0.04605912072677165
Epoch :  125  Epoch time :  1721.4563698449929  Train L2 Loss :  0.045939589289948346
Epoch :  126  Epoch time :  1710.932246256998  Train L2 Loss :  0.04589311904683709
Epoch :  127  Epoch time :  1713.3265348300047  Train L2 Loss :  0.0457760759501718
Epoch :  128  Epoch time :  1710.253591803019  Train L2 Loss :  0.04573598425462842
Epoch :  129  Epoch time :  1711.9517307060014  Train L2 Loss :  0.045635834801010786
Epoch :  130  Epoch time :  1721.1840581230063  Train L2 Loss :  0.04558076853118837
Epoch :  131  Epoch time :  1722.0117463909846  Train L2 Loss :  0.045505284337420016
Epoch :  132  Epoch time :  1708.3080107370042  Train L2 Loss :  0.04547276777466759
Epoch :  133  Epoch time :  1722.3959207620064  Train L2 Loss :  0.04542708174232393
Epoch :  134  Epoch time :  1716.9577007459884  Train L2 Loss :  0.0453555176791735
Epoch :  135  Epoch time :  1722.9563725930057  Train L2 Loss :  0.04531139473170042
Epoch :  136  Epoch time :  1717.8648100110004  Train L2 Loss :  0.04523437650697306
Epoch :  137  Epoch time :  1716.4457868380123  Train L2 Loss :  0.045187333989143375
Epoch :  138  Epoch time :  1546.7285762709798  Train L2 Loss :  0.04513809325322509
Epoch :  139  Epoch time :  1382.0678092999733  Train L2 Loss :  0.04508609595410526
Epoch :  140  Epoch time :  1250.8507811300224  Train L2 Loss :  0.04505403699306771
Epoch :  141  Epoch time :  1265.8660419390071  Train L2 Loss :  0.045022454155795276
Epoch :  142  Epoch time :  1268.9689207460033  Train L2 Loss :  0.04490735393054783
Epoch :  143  Epoch time :  1252.9161190000013  Train L2 Loss :  0.044862913761101665
Epoch :  144  Epoch time :  1251.0452427829732  Train L2 Loss :  0.04471496479995549
Epoch :  145  Epoch time :  1261.1026406129822  Train L2 Loss :  0.04456578027680516
Epoch :  146  Epoch time :  1258.2711268570274  Train L2 Loss :  0.044506020218040794
Epoch :  147  Epoch time :  1263.624312283995  Train L2 Loss :  0.04438151295669377
Epoch :  148  Epoch time :  1251.601713660988  Train L2 Loss :  0.044259638759493826
Epoch :  149  Epoch time :  1245.9378386980388  Train L2 Loss :  0.04422246163086966
Epoch :  150  Epoch time :  1244.1814760850393  Train L2 Loss :  0.04413650695430115
Epoch :  151  Epoch time :  1246.6309640609543  Train L2 Loss :  0.044057347138319165
Epoch :  152  Epoch time :  1247.2896249289624  Train L2 Loss :  0.04401123246876523
Epoch :  153  Epoch time :  1255.1860132080037  Train L2 Loss :  0.04400217909980565
Epoch :  154  Epoch time :  1275.7329184549744  Train L2 Loss :  0.043848053990863264
Epoch :  155  Epoch time :  1254.0401402440039  Train L2 Loss :  0.04367177430614829
Epoch :  156  Epoch time :  1255.926454045053  Train L2 Loss :  0.04360945857325569
Epoch :  157  Epoch time :  1257.6651700169896  Train L2 Loss :  0.043527836337219926
Epoch :  158  Epoch time :  1251.3098293479998  Train L2 Loss :  0.04348059774069116
Epoch :  159  Epoch time :  1247.963026776968  Train L2 Loss :  0.04335772356390953
Epoch :  160  Epoch time :  1250.7341217080248  Train L2 Loss :  0.04329180953148752
Epoch :  161  Epoch time :  1303.976877181034  Train L2 Loss :  0.043249167961534114
Epoch :  162  Epoch time :  1321.2395686540403  Train L2 Loss :  0.04312087131161243
Epoch :  163  Epoch time :  1246.8523359029787  Train L2 Loss :  0.04303212215155363
Epoch :  164  Epoch time :  1258.284506059019  Train L2 Loss :  0.042946991933975366
Epoch :  165  Epoch time :  1275.9019506830373  Train L2 Loss :  0.04290125865340233
Epoch :  166  Epoch time :  1320.853978612984  Train L2 Loss :  0.0428759830372408
Epoch :  167  Epoch time :  1314.7471701559843  Train L2 Loss :  0.04277276679147035
Epoch :  168  Epoch time :  1272.922418236034  Train L2 Loss :  0.042694294086750594
Epoch :  169  Epoch time :  1288.3762589130201  Train L2 Loss :  0.042658640579134224
Epoch :  170  Epoch time :  1265.1638686449733  Train L2 Loss :  0.04252861299160868
Epoch :  171  Epoch time :  1261.3034636509838  Train L2 Loss :  0.042479418596066534
Epoch :  172  Epoch time :  1292.5440574260429  Train L2 Loss :  0.04243701814645901
Epoch :  173  Epoch time :  1273.852205749019  Train L2 Loss :  0.042360806634742766
Epoch :  174  Epoch time :  1282.982143183006  Train L2 Loss :  0.04224866639412939
Epoch :  175  Epoch time :  1274.6109769599861  Train L2 Loss :  0.042113751852698625
Epoch :  176  Epoch time :  1302.1285817099852  Train L2 Loss :  0.042020845260936766
Epoch :  177  Epoch time :  1280.7827357600327  Train L2 Loss :  0.041993650475889446
Epoch :  178  Epoch time :  1261.333754546009  Train L2 Loss :  0.041904416171461345
Epoch :  179  Epoch time :  1268.6564205280156  Train L2 Loss :  0.04183433921672404
Epoch :  180  Epoch time :  1269.5043417999987  Train L2 Loss :  0.04177203199751675
Epoch :  181  Epoch time :  1268.191006357025  Train L2 Loss :  0.04169417994506657
Epoch :  182  Epoch time :  1259.4294103200082  Train L2 Loss :  0.04162929044086486
Epoch :  183  Epoch time :  1259.651994492975  Train L2 Loss :  0.04161796336993575
Epoch :  184  Epoch time :  1262.5161370600108  Train L2 Loss :  0.04155036760335788
Epoch :  185  Epoch time :  1264.9173019190202  Train L2 Loss :  0.04154061138201505
Epoch :  186  Epoch time :  1275.387323233008  Train L2 Loss :  0.04148227331060916
Epoch :  187  Epoch time :  1267.4044360279804  Train L2 Loss :  0.041419436907954514
Epoch :  188  Epoch time :  1266.5081949400483  Train L2 Loss :  0.04136141633670777
Epoch :  189  Epoch time :  1288.6638452109764  Train L2 Loss :  0.04125069732991978
Epoch :  190  Epoch time :  1287.723913112015  Train L2 Loss :  0.041214906555600464
Epoch :  191  Epoch time :  1271.6754317040322  Train L2 Loss :  0.041129770156927405
Epoch :  192  Epoch time :  1275.8246334279538  Train L2 Loss :  0.04110702399490401
Epoch :  193  Epoch time :  1263.8487704879954  Train L2 Loss :  0.041045902137458325
Epoch :  194  Epoch time :  1260.4644156140275  Train L2 Loss :  0.04103631340237334
Epoch :  195  Epoch time :  1258.3861993559985  Train L2 Loss :  0.04098149230182171
Epoch :  196  Epoch time :  1260.5525628110045  Train L2 Loss :  0.040920381551794706
Epoch :  197  Epoch time :  1251.5583135230117  Train L2 Loss :  0.04091149360537529
Epoch :  198  Epoch time :  1246.849770610046  Train L2 Loss :  0.04081252404227853
Epoch :  199  Epoch time :  1244.5930536300293  Train L2 Loss :  0.04079729732880369
Total time is : 331926.680759523 Total epoch is  200
