Input dim :  103  output dim :  1
Start training 
2225
Epoch :  0  Epoch time :  1249.2290891370003  Train L2 Loss :  1.286054891514778
Epoch :  1  Epoch time :  1260.4888234910004  Train L2 Loss :  0.9710095335602761
Epoch :  2  Epoch time :  1264.973611047999  Train L2 Loss :  0.8987203495889902
Epoch :  3  Epoch time :  1281.3561453349994  Train L2 Loss :  0.8163465585559606
Epoch :  4  Epoch time :  1285.512807475001  Train L2 Loss :  0.7475655885711312
Epoch :  5  Epoch time :  1293.029645778999  Train L2 Loss :  0.7266870372891426
Epoch :  6  Epoch time :  1296.4810762400011  Train L2 Loss :  0.7129025104537606
Epoch :  7  Epoch time :  1302.8717500849998  Train L2 Loss :  0.7023685684740544
Epoch :  8  Epoch time :  1311.0543086079979  Train L2 Loss :  0.6934424846291543
Epoch :  9  Epoch time :  1314.3787957109998  Train L2 Loss :  0.6878281080275774
Epoch :  10  Epoch time :  1317.2350074399983  Train L2 Loss :  0.6835928112536669
Epoch :  11  Epoch time :  1310.7514328899997  Train L2 Loss :  0.6800067763060331
Epoch :  12  Epoch time :  1335.598315575  Train L2 Loss :  0.6771934071630239
Epoch :  13  Epoch time :  1327.325881992001  Train L2 Loss :  0.6745347770422697
Epoch :  14  Epoch time :  1335.2898456960029  Train L2 Loss :  0.6720874826699496
Epoch :  15  Epoch time :  1348.8038461960023  Train L2 Loss :  0.6699666538447142
Epoch :  16  Epoch time :  1349.4959503130012  Train L2 Loss :  0.6684510988622904
Epoch :  17  Epoch time :  1351.9175933959996  Train L2 Loss :  0.6671383294731379
Epoch :  18  Epoch time :  1362.0909614509983  Train L2 Loss :  0.6657617567241192
Epoch :  19  Epoch time :  1355.5516211520007  Train L2 Loss :  0.6641685565948486
Epoch :  20  Epoch time :  1378.5465517579978  Train L2 Loss :  0.662239919038117
Epoch :  21  Epoch time :  1376.3107715750011  Train L2 Loss :  0.6596775989085436
Epoch :  22  Epoch time :  1386.7282909370042  Train L2 Loss :  0.6562614504769444
Epoch :  23  Epoch time :  1379.4780265129957  Train L2 Loss :  0.6529060113489628
Epoch :  24  Epoch time :  1389.7878904750032  Train L2 Loss :  0.6441841402500867
Epoch :  25  Epoch time :  1393.947611787  Train L2 Loss :  0.6363875279471278
Epoch :  26  Epoch time :  1404.7467362949974  Train L2 Loss :  0.6163301510900259
Epoch :  27  Epoch time :  1403.7306882919947  Train L2 Loss :  0.6060126290395856
Epoch :  28  Epoch time :  1415.490383262004  Train L2 Loss :  0.5967032547652722
Epoch :  29  Epoch time :  1444.2753524360014  Train L2 Loss :  0.5852987412467598
Epoch :  30  Epoch time :  1432.9217366169978  Train L2 Loss :  0.5760893670126795
Epoch :  31  Epoch time :  1447.7085430480001  Train L2 Loss :  0.5692829991191626
Epoch :  32  Epoch time :  1435.2095859960027  Train L2 Loss :  0.564029745182395
Epoch :  33  Epoch time :  1420.6782858970037  Train L2 Loss :  0.5594044580355286
Epoch :  34  Epoch time :  1443.030743662006  Train L2 Loss :  0.5549653927326202
Epoch :  35  Epoch time :  1433.0543506359973  Train L2 Loss :  0.5514557367011905
Epoch :  36  Epoch time :  1454.7821984149996  Train L2 Loss :  0.5489941965565085
Epoch :  37  Epoch time :  1458.8996688430052  Train L2 Loss :  0.5470492664426565
Epoch :  38  Epoch time :  1455.0837296409954  Train L2 Loss :  0.5449836318969726
Epoch :  39  Epoch time :  1469.7233932669988  Train L2 Loss :  0.5422559605419636
Epoch :  40  Epoch time :  1457.5844191159995  Train L2 Loss :  0.5385091762900353
Epoch :  41  Epoch time :  1444.7325801859988  Train L2 Loss :  0.5329299290940166
Epoch :  42  Epoch time :  1437.9300249020016  Train L2 Loss :  0.5275838284432888
Epoch :  43  Epoch time :  1434.1816412000044  Train L2 Loss :  0.5230823690265417
Epoch :  44  Epoch time :  1435.6699328649993  Train L2 Loss :  0.5182734020322561
Epoch :  45  Epoch time :  1433.5719712889986  Train L2 Loss :  0.5139806889206171
Epoch :  46  Epoch time :  1436.6974192780035  Train L2 Loss :  0.5089266112476587
Epoch :  47  Epoch time :  1439.929781319006  Train L2 Loss :  0.504574694980681
Epoch :  48  Epoch time :  1420.2493010850012  Train L2 Loss :  0.5017031478703022
Epoch :  49  Epoch time :  1427.4397954949964  Train L2 Loss :  0.4998045934706926
Epoch :  50  Epoch time :  1459.604332827992  Train L2 Loss :  0.49755675459653137
Epoch :  51  Epoch time :  1424.9796233509987  Train L2 Loss :  0.4952704270362854
Epoch :  52  Epoch time :  1436.0758755019924  Train L2 Loss :  0.4935767681539059
Epoch :  53  Epoch time :  1436.1218710950052  Train L2 Loss :  0.49209515342116356
Epoch :  54  Epoch time :  1435.0791647610022  Train L2 Loss :  0.49051494773626325
Epoch :  55  Epoch time :  1453.3120834500005  Train L2 Loss :  0.4888394139111042
Epoch :  56  Epoch time :  1423.2801828459924  Train L2 Loss :  0.48759898648262023
Epoch :  57  Epoch time :  1429.793918741998  Train L2 Loss :  0.4863164388805628
Epoch :  58  Epoch time :  1433.6618531400018  Train L2 Loss :  0.48517266924977304
Epoch :  59  Epoch time :  1444.032773066996  Train L2 Loss :  0.4839347276240587
Epoch :  60  Epoch time :  1428.3934359780105  Train L2 Loss :  0.48170576717704533
Epoch :  61  Epoch time :  1447.049964958991  Train L2 Loss :  0.48028193339705466
Epoch :  62  Epoch time :  1441.1255204129993  Train L2 Loss :  0.47942833501398563
Epoch :  63  Epoch time :  1444.8653297099954  Train L2 Loss :  0.4787519735857844
Epoch :  64  Epoch time :  1390.455336340994  Train L2 Loss :  0.47810879857987165
Epoch :  65  Epoch time :  1385.797704919998  Train L2 Loss :  0.47744123901426794
Epoch :  66  Epoch time :  1391.5521299780085  Train L2 Loss :  0.47698505858182905
Epoch :  67  Epoch time :  1395.2784054009971  Train L2 Loss :  0.4765031226962805
Epoch :  68  Epoch time :  1426.793343125988  Train L2 Loss :  0.47608540670871735
Epoch :  69  Epoch time :  1447.4217108640005  Train L2 Loss :  0.4754764383792877
Epoch :  70  Epoch time :  1272.5120951779973  Train L2 Loss :  0.4700260091573
Epoch :  71  Epoch time :  1261.9284833269921  Train L2 Loss :  0.4631581028729677
Epoch :  72  Epoch time :  1265.447725621998  Train L2 Loss :  0.45963679932057855
Epoch :  73  Epoch time :  1266.5128520979924  Train L2 Loss :  0.45752307738512754
Epoch :  74  Epoch time :  1193.8860350179893  Train L2 Loss :  0.45549648732692005
Epoch :  75  Epoch time :  1152.3765864190063  Train L2 Loss :  0.45316755868792535
Epoch :  76  Epoch time :  1119.2502579930006  Train L2 Loss :  0.4508876755088568
Epoch :  77  Epoch time :  1163.2065940630127  Train L2 Loss :  0.44846771418750286
Epoch :  78  Epoch time :  1164.830944543006  Train L2 Loss :  0.4461418486878276
Epoch :  79  Epoch time :  1160.1124395859952  Train L2 Loss :  0.444481896212697
Epoch :  80  Epoch time :  1125.2321284960053  Train L2 Loss :  0.44323421972841026
Epoch :  81  Epoch time :  1125.111783571003  Train L2 Loss :  0.4418071060836315
Epoch :  82  Epoch time :  1126.9051840040047  Train L2 Loss :  0.4360602363139391
Epoch :  83  Epoch time :  1130.7989620200096  Train L2 Loss :  0.43391706385016443
Epoch :  84  Epoch time :  1173.4034725899983  Train L2 Loss :  0.43237812053263186
Epoch :  85  Epoch time :  1130.6862007589953  Train L2 Loss :  0.42982431494146583
Epoch :  86  Epoch time :  1129.512369175005  Train L2 Loss :  0.4274790930122137
Epoch :  87  Epoch time :  1133.0824889130017  Train L2 Loss :  0.42542893434613943
Epoch :  88  Epoch time :  1165.833353805996  Train L2 Loss :  0.4238958926945925
Epoch :  89  Epoch time :  1194.5588880900032  Train L2 Loss :  0.4224876254528761
Epoch :  90  Epoch time :  1222.245784875995  Train L2 Loss :  0.42000579270124433
Epoch :  91  Epoch time :  1213.4499607439939  Train L2 Loss :  0.4187293416440487
Epoch :  92  Epoch time :  1181.9492683670105  Train L2 Loss :  0.4177265496000648
Epoch :  93  Epoch time :  1184.0978903360083  Train L2 Loss :  0.4170914733290672
Epoch :  94  Epoch time :  1219.4454372699838  Train L2 Loss :  0.41657178395092487
Epoch :  95  Epoch time :  1223.389437816979  Train L2 Loss :  0.4161883810698986
Epoch :  96  Epoch time :  1192.9833792950085  Train L2 Loss :  0.41588663026988504
Epoch :  97  Epoch time :  1199.822052381991  Train L2 Loss :  0.4156493250966072
Epoch :  98  Epoch time :  1235.6849861710216  Train L2 Loss :  0.4154385683208704
Epoch :  99  Epoch time :  1226.7323455630103  Train L2 Loss :  0.415240460062027
Epoch :  100  Epoch time :  1228.2455013799772  Train L2 Loss :  0.4086173832267523
Epoch :  101  Epoch time :  1220.6623974789982  Train L2 Loss :  0.40841650675833224
Epoch :  102  Epoch time :  1221.790411822003  Train L2 Loss :  0.4082387666001916
Epoch :  103  Epoch time :  1200.5673727060203  Train L2 Loss :  0.4080976793333888
Epoch :  104  Epoch time :  1198.151639861986  Train L2 Loss :  0.4081181162983179
Epoch :  105  Epoch time :  1175.5106501370028  Train L2 Loss :  0.4079581455275416
Epoch :  106  Epoch time :  1182.8973765429982  Train L2 Loss :  0.40792756696641447
Epoch :  107  Epoch time :  1211.2917462979967  Train L2 Loss :  0.40789809303879737
Epoch :  108  Epoch time :  1225.0741941150045  Train L2 Loss :  0.40784388344436884
Epoch :  109  Epoch time :  1230.8696687209886  Train L2 Loss :  0.407760253444314
Epoch :  110  Epoch time :  1240.012900820002  Train L2 Loss :  0.40773301535695794
Epoch :  111  Epoch time :  1204.350941435987  Train L2 Loss :  0.40767206175774334
Epoch :  112  Epoch time :  1221.7714235699968  Train L2 Loss :  0.40764301930367947
Epoch :  113  Epoch time :  1230.2461010059924  Train L2 Loss :  0.40763746959865094
Epoch :  114  Epoch time :  1192.7182534640015  Train L2 Loss :  0.40754592935293915
Epoch :  115  Epoch time :  1215.2720474860107  Train L2 Loss :  0.407549546700716
Epoch :  116  Epoch time :  1239.8356574229838  Train L2 Loss :  0.4075291200786829
Epoch :  117  Epoch time :  1230.2177275060094  Train L2 Loss :  0.40747541925758124
Epoch :  118  Epoch time :  1221.849662616005  Train L2 Loss :  0.4074436452522874
Epoch :  119  Epoch time :  1233.0683426049945  Train L2 Loss :  0.40740706108510494
Epoch :  120  Epoch time :  1241.5452943599958  Train L2 Loss :  0.40740520434975624
Epoch :  121  Epoch time :  1230.8011992160173  Train L2 Loss :  0.40737788157463073
Epoch :  122  Epoch time :  1154.760053770995  Train L2 Loss :  0.4073289019718766
Epoch :  123  Epoch time :  1162.2336919149966  Train L2 Loss :  0.4072925074599683
Epoch :  124  Epoch time :  1198.6874332659936  Train L2 Loss :  0.40731772889494894
Epoch :  125  Epoch time :  1233.4780715450179  Train L2 Loss :  0.4073058266878128
Epoch :  126  Epoch time :  1241.246136760019  Train L2 Loss :  0.4072833700299263
Epoch :  127  Epoch time :  1205.9932864330185  Train L2 Loss :  0.4072466816022992
Epoch :  128  Epoch time :  1211.4294450150046  Train L2 Loss :  0.40726541955024004
Epoch :  129  Epoch time :  1179.5044420429913  Train L2 Loss :  0.4072713622301817
Epoch :  130  Epoch time :  1184.756023725  Train L2 Loss :  0.40721976848691704
Epoch :  131  Epoch time :  1183.3056309590174  Train L2 Loss :  0.4072373630464077
Epoch :  132  Epoch time :  1176.9327982649847  Train L2 Loss :  0.4072305263161659
Epoch :  133  Epoch time :  1209.8133252600092  Train L2 Loss :  0.40719018364846704
Epoch :  134  Epoch time :  1212.1602416249807  Train L2 Loss :  0.40719912070035935
Epoch :  135  Epoch time :  1220.2960871170217  Train L2 Loss :  0.4071858221337199
Epoch :  136  Epoch time :  1260.1093730870052  Train L2 Loss :  0.4071631980001926
Epoch :  137  Epoch time :  1240.7281123769935  Train L2 Loss :  0.40718753537237645
Epoch :  138  Epoch time :  1202.3037587  Train L2 Loss :  0.40715015639960767
Epoch :  139  Epoch time :  1244.2947824060102  Train L2 Loss :  0.4071894124999642
Epoch :  140  Epoch time :  1252.126464342  Train L2 Loss :  0.40715642697513105
Epoch :  141  Epoch time :  1256.8302907540055  Train L2 Loss :  0.40718851315081117
Epoch :  142  Epoch time :  1258.7887812370027  Train L2 Loss :  0.4072079971015453
Epoch :  143  Epoch time :  1265.4999503169965  Train L2 Loss :  0.4071858317181468
Epoch :  144  Epoch time :  1264.0293150100042  Train L2 Loss :  0.40718234638273715
Epoch :  145  Epoch time :  1263.762952538993  Train L2 Loss :  0.40718557427078483
Epoch :  146  Epoch time :  1264.008506201004  Train L2 Loss :  0.4071410602837801
Epoch :  147  Epoch time :  1265.8540153680078  Train L2 Loss :  0.40719398249536753
Epoch :  148  Epoch time :  1266.6928262439906  Train L2 Loss :  0.4071999953776598
Epoch :  149  Epoch time :  1265.0297156409943  Train L2 Loss :  0.40719051629751923
Epoch :  150  Epoch time :  1270.9816618699988  Train L2 Loss :  0.40716006692051887
Epoch :  151  Epoch time :  1263.8421902179834  Train L2 Loss :  0.40718593679964543
Epoch :  152  Epoch time :  1264.639566997008  Train L2 Loss :  0.4072002144232392
Epoch :  153  Epoch time :  1264.7525159860088  Train L2 Loss :  0.4071683813750744
Epoch :  154  Epoch time :  1271.4693647030217  Train L2 Loss :  0.40720955788642166
Epoch :  155  Epoch time :  1270.2892684350081  Train L2 Loss :  0.4071405640475452
Epoch :  156  Epoch time :  1266.5499844189908  Train L2 Loss :  0.40719104866981504
Epoch :  157  Epoch time :  1262.1462238189997  Train L2 Loss :  0.40717466370761396
Epoch :  158  Epoch time :  1254.3176535269886  Train L2 Loss :  0.40715077578127384
Epoch :  159  Epoch time :  1265.8076727120206  Train L2 Loss :  0.4072056780964136
Epoch :  160  Epoch time :  1259.4031993429817  Train L2 Loss :  0.40718818419128655
Epoch :  161  Epoch time :  1264.5830131969997  Train L2 Loss :  0.4071656988590956
Epoch :  162  Epoch time :  1264.0322643489926  Train L2 Loss :  0.4071943771272898
Epoch :  163  Epoch time :  1247.8328360450105  Train L2 Loss :  0.40719799376130106
Epoch :  164  Epoch time :  1248.6698067180114  Train L2 Loss :  0.4072140779271722
Epoch :  165  Epoch time :  1250.8364817679976  Train L2 Loss :  0.4072107269793749
Epoch :  166  Epoch time :  1241.400766642997  Train L2 Loss :  0.407168382050097
Epoch :  167  Epoch time :  1243.030463714007  Train L2 Loss :  0.40720451487600806
Epoch :  168  Epoch time :  1244.8502560670022  Train L2 Loss :  0.4072113439828157
Epoch :  169  Epoch time :  1244.8847433859773  Train L2 Loss :  0.4071939004406333
Epoch :  170  Epoch time :  1245.6456460679765  Train L2 Loss :  0.40720141867995263
Epoch :  171  Epoch time :  1244.2139991600125  Train L2 Loss :  0.4071961593270302
Epoch :  172  Epoch time :  1246.490452972008  Train L2 Loss :  0.40712510285973547
Epoch :  173  Epoch time :  1244.1164236170007  Train L2 Loss :  0.407108181399107
Epoch :  174  Epoch time :  1240.8252680970181  Train L2 Loss :  0.4071296078816056
Epoch :  175  Epoch time :  1241.7869229229982  Train L2 Loss :  0.4071282906383276
Epoch :  176  Epoch time :  1242.022350164014  Train L2 Loss :  0.40710759460479023
Epoch :  177  Epoch time :  1244.5295846149966  Train L2 Loss :  0.40709058155417444
Epoch :  178  Epoch time :  1239.8899040920078  Train L2 Loss :  0.4070855107650161
Epoch :  179  Epoch time :  1240.2848614070099  Train L2 Loss :  0.40706761320382356
Epoch :  180  Epoch time :  1243.7974577099958  Train L2 Loss :  0.4070680002301931
Epoch :  181  Epoch time :  1243.5837622290128  Train L2 Loss :  0.4070620116569102
Epoch :  182  Epoch time :  1241.787571569992  Train L2 Loss :  0.4070586087450385
Epoch :  183  Epoch time :  1242.7978549659892  Train L2 Loss :  0.4070830229431391
Epoch :  184  Epoch time :  1242.098120515002  Train L2 Loss :  0.40703303933888674
Epoch :  185  Epoch time :  1249.3205003559997  Train L2 Loss :  0.4070550231307745
Epoch :  186  Epoch time :  1239.840137007006  Train L2 Loss :  0.407027157522738
Epoch :  187  Epoch time :  1234.0188323860057  Train L2 Loss :  0.407090592867136
Epoch :  188  Epoch time :  1240.8334614690102  Train L2 Loss :  0.40702985586673024
Epoch :  189  Epoch time :  1256.1963860289834  Train L2 Loss :  0.4070643832720816
Epoch :  190  Epoch time :  1251.2104153730033  Train L2 Loss :  0.40707375190407036
Epoch :  191  Epoch time :  1243.765959202021  Train L2 Loss :  0.4070318921715021
Epoch :  192  Epoch time :  1241.780613954994  Train L2 Loss :  0.40706118406802416
Epoch :  193  Epoch time :  1230.0840888370003  Train L2 Loss :  0.40705138241648675
Epoch :  194  Epoch time :  1244.8830089709954  Train L2 Loss :  0.40704737377762795
Epoch :  195  Epoch time :  1256.7165164659964  Train L2 Loss :  0.4070514680027962
Epoch :  196  Epoch time :  1216.6138639650017  Train L2 Loss :  0.40701562747359277
Epoch :  197  Epoch time :  1213.7793490370095  Train L2 Loss :  0.4070310185752809
Epoch :  198  Epoch time :  1205.341425991006  Train L2 Loss :  0.4070389609053731
Epoch :  199  Epoch time :  1214.189475184976  Train L2 Loss :  0.4070170801781118
Total time is : 256663.86689724098 Total epoch is  200
