Input dim :  103  output dim :  1
Start training 
579073
Epoch :  0  Epoch time :  1321.308172436  Train L2 Loss :  1.1431678192824126
Epoch :  1  Epoch time :  1327.259064111001  Train L2 Loss :  0.36957122241035106
Epoch :  2  Epoch time :  1314.8449197310001  Train L2 Loss :  0.24271734346151352
Epoch :  3  Epoch time :  1307.652944513  Train L2 Loss :  0.18778567461445927
Epoch :  4  Epoch time :  1327.5255490849995  Train L2 Loss :  0.1614887405157089
Epoch :  5  Epoch time :  1355.086723669001  Train L2 Loss :  0.14778752033933998
Epoch :  6  Epoch time :  1359.136549312001  Train L2 Loss :  0.13926154658049344
Epoch :  7  Epoch time :  1404.856352413999  Train L2 Loss :  0.1316441681563854
Epoch :  8  Epoch time :  1356.4456945860002  Train L2 Loss :  0.12604500160887838
Epoch :  9  Epoch time :  1358.4788141870013  Train L2 Loss :  0.12075386763587594
Epoch :  10  Epoch time :  1363.0145776400022  Train L2 Loss :  0.11469104625545443
Epoch :  11  Epoch time :  1268.495763611998  Train L2 Loss :  0.110088097923249
Epoch :  12  Epoch time :  1249.6500102000027  Train L2 Loss :  0.10636418720521033
Epoch :  13  Epoch time :  1264.1571447669994  Train L2 Loss :  0.10378923110254108
Epoch :  14  Epoch time :  1312.1542165699975  Train L2 Loss :  0.10190623095165938
Epoch :  15  Epoch time :  1280.3642879030012  Train L2 Loss :  0.0990526352390647
Epoch :  16  Epoch time :  1286.0085659099968  Train L2 Loss :  0.09732639916017652
Epoch :  17  Epoch time :  1256.7246273889978  Train L2 Loss :  0.09547182793691754
Epoch :  18  Epoch time :  1310.9160464849992  Train L2 Loss :  0.0938598540423438
Epoch :  19  Epoch time :  1304.5929414589991  Train L2 Loss :  0.09262164159454406
Epoch :  20  Epoch time :  1287.049456253997  Train L2 Loss :  0.09217836368642747
Epoch :  21  Epoch time :  1295.2767695900038  Train L2 Loss :  0.09075944043919444
Epoch :  22  Epoch time :  1295.369065646999  Train L2 Loss :  0.08955702010914683
Epoch :  23  Epoch time :  1328.0560877409953  Train L2 Loss :  0.08783547105528414
Epoch :  24  Epoch time :  1294.8075673159983  Train L2 Loss :  0.08684940347094089
Epoch :  25  Epoch time :  1327.5397940149996  Train L2 Loss :  0.08657306372858584
Epoch :  26  Epoch time :  1364.6691302899999  Train L2 Loss :  0.08499367808457464
Epoch :  27  Epoch time :  1341.0180104710016  Train L2 Loss :  0.08452016462162137
Epoch :  28  Epoch time :  1349.5227514340004  Train L2 Loss :  0.08320167489126325
Epoch :  29  Epoch time :  1211.5295317269993  Train L2 Loss :  0.082258614728041
Epoch :  30  Epoch time :  1276.8254112110008  Train L2 Loss :  0.0818275899760425
Epoch :  31  Epoch time :  1267.074761748001  Train L2 Loss :  0.08141920481454581
Epoch :  32  Epoch time :  1287.5117591960006  Train L2 Loss :  0.08049820535182953
Epoch :  33  Epoch time :  1284.0630345149984  Train L2 Loss :  0.08031174274366348
Epoch :  34  Epoch time :  1296.8377571439996  Train L2 Loss :  0.07991543782334774
Epoch :  35  Epoch time :  1363.054513903  Train L2 Loss :  0.07934154664352536
Epoch :  36  Epoch time :  1274.2549688569998  Train L2 Loss :  0.07918702384810895
Epoch :  37  Epoch time :  1290.0442608260055  Train L2 Loss :  0.07847811679691076
Epoch :  38  Epoch time :  1255.0028525520029  Train L2 Loss :  0.07828176035881043
Epoch :  39  Epoch time :  1287.6046292890023  Train L2 Loss :  0.07777015258781612
Epoch :  40  Epoch time :  1329.5594267240012  Train L2 Loss :  0.07754768447689712
Epoch :  41  Epoch time :  1293.2453522289943  Train L2 Loss :  0.07733429367356003
Epoch :  42  Epoch time :  1327.7463060240043  Train L2 Loss :  0.07692407572828233
Epoch :  43  Epoch time :  1267.3815291499996  Train L2 Loss :  0.07658635446410626
Epoch :  44  Epoch time :  1273.1415947409987  Train L2 Loss :  0.07633174820244312
Epoch :  45  Epoch time :  1229.363498894003  Train L2 Loss :  0.0761651995997876
Epoch :  46  Epoch time :  1222.8712026419962  Train L2 Loss :  0.07607112534549088
Epoch :  47  Epoch time :  1323.9755143170041  Train L2 Loss :  0.0758846283171326
Epoch :  48  Epoch time :  1237.811521014999  Train L2 Loss :  0.07558573080897331
Epoch :  49  Epoch time :  1278.1260316469998  Train L2 Loss :  0.07549585179388522
Epoch :  50  Epoch time :  1265.2460430749925  Train L2 Loss :  0.07519146565683187
Epoch :  51  Epoch time :  1245.9923879910057  Train L2 Loss :  0.07509806523397565
Epoch :  52  Epoch time :  1215.1496653369977  Train L2 Loss :  0.07505376236997545
Epoch :  53  Epoch time :  1215.7483899810031  Train L2 Loss :  0.07477776276096702
Epoch :  54  Epoch time :  1243.9000913530035  Train L2 Loss :  0.07466816325187683
Epoch :  55  Epoch time :  1216.7925976749975  Train L2 Loss :  0.0744923619242385
Epoch :  56  Epoch time :  1304.284504256997  Train L2 Loss :  0.07409821509420872
Epoch :  57  Epoch time :  1207.211164592998  Train L2 Loss :  0.07241706171371043
Epoch :  58  Epoch time :  1234.5850228950003  Train L2 Loss :  0.07227581552751362
Epoch :  59  Epoch time :  1220.1388824949972  Train L2 Loss :  0.07162265912387521
Epoch :  60  Epoch time :  1225.6875442949968  Train L2 Loss :  0.07115846964847296
Epoch :  61  Epoch time :  1296.0649310290028  Train L2 Loss :  0.0708898603733629
Epoch :  62  Epoch time :  1248.6124485990003  Train L2 Loss :  0.0707486191406846
Epoch :  63  Epoch time :  1297.6712368950102  Train L2 Loss :  0.07025235045701266
Epoch :  64  Epoch time :  1282.1675212639966  Train L2 Loss :  0.0697697400726378
Epoch :  65  Epoch time :  1242.845838565001  Train L2 Loss :  0.06948718739449977
Epoch :  66  Epoch time :  1219.639291318992  Train L2 Loss :  0.06946071321479977
Epoch :  67  Epoch time :  1281.0244507540046  Train L2 Loss :  0.06916685244105757
Epoch :  68  Epoch time :  1321.2582701599895  Train L2 Loss :  0.06874628943633287
Epoch :  69  Epoch time :  1236.956948965002  Train L2 Loss :  0.06837258107922971
Epoch :  70  Epoch time :  1249.755814529999  Train L2 Loss :  0.06801780807487666
Epoch :  71  Epoch time :  1245.331675886002  Train L2 Loss :  0.06792484493330121
Epoch :  72  Epoch time :  1212.4974100959953  Train L2 Loss :  0.06760456058867276
Epoch :  73  Epoch time :  1210.0706398699986  Train L2 Loss :  0.06747789090834558
Epoch :  74  Epoch time :  1211.8561552399915  Train L2 Loss :  0.06716369412690401
Epoch :  75  Epoch time :  1235.9622475490032  Train L2 Loss :  0.06698768675737082
Epoch :  76  Epoch time :  1223.5795442149974  Train L2 Loss :  0.06681607097852975
Epoch :  77  Epoch time :  1215.4536789620033  Train L2 Loss :  0.06674309471901506
Epoch :  78  Epoch time :  1216.6008804510057  Train L2 Loss :  0.06660386163033545
Epoch :  79  Epoch time :  1272.215258340002  Train L2 Loss :  0.06641055803000927
Epoch :  80  Epoch time :  1257.7421705169982  Train L2 Loss :  0.06623592702951282
Epoch :  81  Epoch time :  1222.2868930300028  Train L2 Loss :  0.06605929125677794
Epoch :  82  Epoch time :  1293.6866978459875  Train L2 Loss :  0.06579910216331482
Epoch :  83  Epoch time :  1345.9178415830102  Train L2 Loss :  0.06578493617400527
Epoch :  84  Epoch time :  1345.0402136300108  Train L2 Loss :  0.06572321969643236
Epoch :  85  Epoch time :  1404.5494077159965  Train L2 Loss :  0.065356769483909
Epoch :  86  Epoch time :  1345.498780089998  Train L2 Loss :  0.06513154049925506
Epoch :  87  Epoch time :  1366.7854814239981  Train L2 Loss :  0.06506546161547304
Epoch :  88  Epoch time :  1376.8728391100012  Train L2 Loss :  0.06480787508115173
Epoch :  89  Epoch time :  1331.310071141008  Train L2 Loss :  0.06471375428773463
Epoch :  90  Epoch time :  1337.314939967997  Train L2 Loss :  0.0645740236664191
Epoch :  91  Epoch time :  1342.9964649070025  Train L2 Loss :  0.06446479869522154
Epoch :  92  Epoch time :  1383.0000396329997  Train L2 Loss :  0.06442724903188646
Epoch :  93  Epoch time :  1367.4853921850008  Train L2 Loss :  0.06417456447090954
Epoch :  94  Epoch time :  1366.3293695610046  Train L2 Loss :  0.06440395376048982
Epoch :  95  Epoch time :  1334.8696983990085  Train L2 Loss :  0.06394813819658011
Epoch :  96  Epoch time :  1340.892922895  Train L2 Loss :  0.06392610594443977
Epoch :  97  Epoch time :  1340.0045778349886  Train L2 Loss :  0.063945338659361
Epoch :  98  Epoch time :  1342.5281074360246  Train L2 Loss :  0.06364999288991094
Epoch :  99  Epoch time :  1343.5336478850222  Train L2 Loss :  0.0635870371364057
Epoch :  100  Epoch time :  1347.3475172570033  Train L2 Loss :  0.05258796283304691
Epoch :  101  Epoch time :  1347.346466869989  Train L2 Loss :  0.05147257922198623
Epoch :  102  Epoch time :  1342.828539626993  Train L2 Loss :  0.04947907534334808
Epoch :  103  Epoch time :  1342.8108816320018  Train L2 Loss :  0.048027083349972965
Epoch :  104  Epoch time :  1377.550306028017  Train L2 Loss :  0.04685134570132941
Epoch :  105  Epoch time :  1352.2412002559868  Train L2 Loss :  0.04622835072241724
Epoch :  106  Epoch time :  1400.1543176879932  Train L2 Loss :  0.04578802156951278
Epoch :  107  Epoch time :  1379.863713756  Train L2 Loss :  0.04543466987162829
Epoch :  108  Epoch time :  1430.2670765020011  Train L2 Loss :  0.045099215575959535
Epoch :  109  Epoch time :  1351.4433705919946  Train L2 Loss :  0.044809574043378236
Epoch :  110  Epoch time :  1347.1658355800027  Train L2 Loss :  0.044241683323681356
Epoch :  111  Epoch time :  1338.882739173976  Train L2 Loss :  0.04364617381263524
Epoch :  112  Epoch time :  1373.0112649470102  Train L2 Loss :  0.0432575821550563
Epoch :  113  Epoch time :  1377.229772843013  Train L2 Loss :  0.04255420792577788
Epoch :  114  Epoch time :  1359.8581178659806  Train L2 Loss :  0.04168518298668787
Epoch :  115  Epoch time :  1360.504390536982  Train L2 Loss :  0.04078539205286652
Epoch :  116  Epoch time :  1371.6550239710195  Train L2 Loss :  0.040122082095965746
Epoch :  117  Epoch time :  1402.233199712995  Train L2 Loss :  0.03948082381077111
Epoch :  118  Epoch time :  1370.4476675369951  Train L2 Loss :  0.038708397412858905
Epoch :  119  Epoch time :  1391.4738031580055  Train L2 Loss :  0.038246881571784616
Epoch :  120  Epoch time :  1363.4179751220217  Train L2 Loss :  0.037845419086143375
Epoch :  121  Epoch time :  1390.8926999749965  Train L2 Loss :  0.03713601503362879
Epoch :  122  Epoch time :  1377.2256013820006  Train L2 Loss :  0.03637256934856996
Epoch :  123  Epoch time :  1387.753192002012  Train L2 Loss :  0.03575510815046728
Epoch :  124  Epoch time :  1374.0966779199953  Train L2 Loss :  0.03527715203799307
Epoch :  125  Epoch time :  1393.5435877900163  Train L2 Loss :  0.034947871156223116
Epoch :  126  Epoch time :  1391.4618201720004  Train L2 Loss :  0.03469736047163606
Epoch :  127  Epoch time :  1383.840327015001  Train L2 Loss :  0.034363509609084575
Epoch :  128  Epoch time :  1386.6847436740063  Train L2 Loss :  0.034087650310993194
Epoch :  129  Epoch time :  1397.905657188996  Train L2 Loss :  0.03383782132640481
Epoch :  130  Epoch time :  1377.4740102640062  Train L2 Loss :  0.03356531346105039
Epoch :  131  Epoch time :  1372.7242626799853  Train L2 Loss :  0.03336288114059716
Epoch :  132  Epoch time :  1388.1502116899937  Train L2 Loss :  0.0330801822822541
Epoch :  133  Epoch time :  1380.1660796829965  Train L2 Loss :  0.0327305542553775
Epoch :  134  Epoch time :  1394.378519980004  Train L2 Loss :  0.03243441424760968
Epoch :  135  Epoch time :  1384.8677475980076  Train L2 Loss :  0.032207112686894836
Epoch :  136  Epoch time :  1416.8564088740095  Train L2 Loss :  0.03201612875740975
Epoch :  137  Epoch time :  1395.6268429380143  Train L2 Loss :  0.03175064614610747
Epoch :  138  Epoch time :  1484.0641829240194  Train L2 Loss :  0.031534002864640205
Epoch :  139  Epoch time :  1477.6733411809837  Train L2 Loss :  0.03134966060519218
Epoch :  140  Epoch time :  1491.8825950519822  Train L2 Loss :  0.031091533293016255
Epoch :  141  Epoch time :  1491.163899082021  Train L2 Loss :  0.0308807442355901
Epoch :  142  Epoch time :  1477.749316661997  Train L2 Loss :  0.030637507838662714
Epoch :  143  Epoch time :  1506.9336312099767  Train L2 Loss :  0.030158663106616586
Epoch :  144  Epoch time :  1441.3631695090153  Train L2 Loss :  0.02990493966359645
Epoch :  145  Epoch time :  1477.0126552889997  Train L2 Loss :  0.0295945467159152
Epoch :  146  Epoch time :  1403.4514442709915  Train L2 Loss :  0.029349333512224258
Epoch :  147  Epoch time :  1449.0626330309897  Train L2 Loss :  0.02913530072476715
Epoch :  148  Epoch time :  1452.1962830499979  Train L2 Loss :  0.028922389817424118
Epoch :  149  Epoch time :  1458.4915163950063  Train L2 Loss :  0.028738324305787682
Epoch :  150  Epoch time :  1444.2570356189972  Train L2 Loss :  0.028537108663097024
Epoch :  151  Epoch time :  1451.6859877909883  Train L2 Loss :  0.028340295187570155
Epoch :  152  Epoch time :  1453.7516985560069  Train L2 Loss :  0.02818143463181332
Epoch :  153  Epoch time :  1434.3127746389946  Train L2 Loss :  0.027997739235730842
Epoch :  154  Epoch time :  1431.4576576210093  Train L2 Loss :  0.027811130756977945
Epoch :  155  Epoch time :  1440.3362265730102  Train L2 Loss :  0.0276515192264691
Epoch :  156  Epoch time :  1443.6828267340024  Train L2 Loss :  0.027497882279008626
Epoch :  157  Epoch time :  1421.7963790830108  Train L2 Loss :  0.02730573684992269
Epoch :  158  Epoch time :  1448.5955807029968  Train L2 Loss :  0.027117767615709453
Epoch :  159  Epoch time :  1441.4637981449778  Train L2 Loss :  0.026972574784606695
Epoch :  160  Epoch time :  1443.7262165810098  Train L2 Loss :  0.0268363511685282
Epoch :  161  Epoch time :  1439.6469643050223  Train L2 Loss :  0.02670185972750187
Epoch :  162  Epoch time :  1442.2453033579804  Train L2 Loss :  0.02656548257637769
Epoch :  163  Epoch time :  1442.4508774190035  Train L2 Loss :  0.02644227449623868
Epoch :  164  Epoch time :  1451.4074581589957  Train L2 Loss :  0.026321483146026732
Epoch :  165  Epoch time :  1436.8529148759844  Train L2 Loss :  0.026223790488950908
Epoch :  166  Epoch time :  1436.5887372409925  Train L2 Loss :  0.026113630540668963
Epoch :  167  Epoch time :  1429.2145850750094  Train L2 Loss :  0.02600025438196026
Epoch :  168  Epoch time :  1433.682253862993  Train L2 Loss :  0.02595470224134624
Epoch :  169  Epoch time :  1423.7159691489942  Train L2 Loss :  0.025837182283215226
Epoch :  170  Epoch time :  1421.7889788869943  Train L2 Loss :  0.025766593723744152
Epoch :  171  Epoch time :  1425.543600036006  Train L2 Loss :  0.025672614548821002
Epoch :  172  Epoch time :  1419.658564441983  Train L2 Loss :  0.025583233064459636
Epoch :  173  Epoch time :  1417.9258213800204  Train L2 Loss :  0.02551094451546669
Epoch :  174  Epoch time :  1420.5171463389997  Train L2 Loss :  0.02542927132938057
Epoch :  175  Epoch time :  1420.8409962109872  Train L2 Loss :  0.02526896407213062
Epoch :  176  Epoch time :  1415.5153564400098  Train L2 Loss :  0.025162080306746066
Epoch :  177  Epoch time :  1420.9666672570165  Train L2 Loss :  0.02510994318705052
Epoch :  178  Epoch time :  1418.1270334330038  Train L2 Loss :  0.024994247503206134
Epoch :  179  Epoch time :  1417.8438531570137  Train L2 Loss :  0.024918210695544257
Epoch :  180  Epoch time :  1416.7238589149783  Train L2 Loss :  0.024867895552609116
Epoch :  181  Epoch time :  1418.5750582879991  Train L2 Loss :  0.024795285966340452
Epoch :  182  Epoch time :  1417.4534183630021  Train L2 Loss :  0.02472540128408
Epoch :  183  Epoch time :  1355.5144912189862  Train L2 Loss :  0.024652316717151554
Epoch :  184  Epoch time :  1344.017761272  Train L2 Loss :  0.024481740475259722
Epoch :  185  Epoch time :  1334.747747233021  Train L2 Loss :  0.024298819795064628
Epoch :  186  Epoch time :  1342.258864450996  Train L2 Loss :  0.024186806715233253
Epoch :  187  Epoch time :  1352.936103916989  Train L2 Loss :  0.024116486013308167
Epoch :  188  Epoch time :  1345.5590550990019  Train L2 Loss :  0.02406047637378797
Epoch :  189  Epoch time :  1342.2744174829859  Train L2 Loss :  0.02398067315462977
Epoch :  190  Epoch time :  1383.8803637520177  Train L2 Loss :  0.0239129464823287
Epoch :  191  Epoch time :  1423.1098074940383  Train L2 Loss :  0.023816873819939792
Epoch :  192  Epoch time :  1425.4008617239888  Train L2 Loss :  0.0237545218876563
Epoch :  193  Epoch time :  1362.8868641920271  Train L2 Loss :  0.023700101895164697
Epoch :  194  Epoch time :  1408.267578574014  Train L2 Loss :  0.023628672131802888
Epoch :  195  Epoch time :  1390.505704901996  Train L2 Loss :  0.023548476573824882
Epoch :  196  Epoch time :  1379.5915739519987  Train L2 Loss :  0.02353020688854158
Epoch :  197  Epoch time :  1376.5624865930295  Train L2 Loss :  0.023472480665612964
Epoch :  198  Epoch time :  1381.8358284989954  Train L2 Loss :  0.023389946536859496
Epoch :  199  Epoch time :  1379.1078159000026  Train L2 Loss :  0.023349480849783867
Total time is : 269695.627920062 Total epoch is  200
