Input dim :  103  output dim :  1
Start training 
579073
Epoch :  0  Epoch time :  63.849429370995495  Train L2 Loss :  1.4049439885139465
Epoch :  1  Epoch time :  64.20010915899911  Train L2 Loss :  1.4042722759246826
Epoch :  2  Epoch time :  63.92635023599723  Train L2 Loss :  1.374957774925232
Epoch :  3  Epoch time :  64.54010766500141  Train L2 Loss :  1.0866489000797273
Epoch :  4  Epoch time :  64.99157268599811  Train L2 Loss :  0.6654231030225753
Epoch :  5  Epoch time :  65.18274295899755  Train L2 Loss :  0.3709612709403038
Epoch :  6  Epoch time :  64.84269146800216  Train L2 Loss :  0.26996442552804945
Epoch :  7  Epoch time :  64.56195292699704  Train L2 Loss :  0.2332168633699417
Epoch :  8  Epoch time :  65.52521255100146  Train L2 Loss :  0.2112740424335003
Epoch :  9  Epoch time :  64.87805344300432  Train L2 Loss :  0.19267319861054422
Epoch :  10  Epoch time :  64.52667308500531  Train L2 Loss :  0.1805526062130928
Epoch :  11  Epoch time :  70.33705985399865  Train L2 Loss :  0.16695908903479575
Epoch :  12  Epoch time :  65.49552918200061  Train L2 Loss :  0.15748070698976516
Epoch :  13  Epoch time :  65.34072719400137  Train L2 Loss :  0.14905131860971452
Epoch :  14  Epoch time :  66.71458323000115  Train L2 Loss :  0.14323925676345825
Epoch :  15  Epoch time :  66.44680892700126  Train L2 Loss :  0.1359517176270485
Epoch :  16  Epoch time :  65.71188954099489  Train L2 Loss :  0.13350574268102647
Epoch :  17  Epoch time :  66.19329400599963  Train L2 Loss :  0.12603318190574647
Epoch :  18  Epoch time :  66.93190855700232  Train L2 Loss :  0.12413268984556199
Epoch :  19  Epoch time :  66.23736216199904  Train L2 Loss :  0.12131852143406868
Epoch :  20  Epoch time :  64.3984987119984  Train L2 Loss :  0.11581112483143806
Epoch :  21  Epoch time :  65.84438698699523  Train L2 Loss :  0.1138839441806078
Epoch :  22  Epoch time :  65.97825306199957  Train L2 Loss :  0.11344885849654675
Epoch :  23  Epoch time :  70.12841551299789  Train L2 Loss :  0.10751062583625316
Epoch :  24  Epoch time :  75.03249999800028  Train L2 Loss :  0.10927272222042084
Epoch :  25  Epoch time :  62.28347856600158  Train L2 Loss :  0.10361353064179421
Epoch :  26  Epoch time :  67.3520932179963  Train L2 Loss :  0.10329181039333343
Epoch :  27  Epoch time :  66.69173919199966  Train L2 Loss :  0.09844880436956882
Epoch :  28  Epoch time :  68.57871604200045  Train L2 Loss :  0.09636410521566868
Epoch :  29  Epoch time :  68.83947526200063  Train L2 Loss :  0.09551589856147766
Epoch :  30  Epoch time :  67.81271626499802  Train L2 Loss :  0.09366884634792805
Epoch :  31  Epoch time :  67.39036050700088  Train L2 Loss :  0.09436246450245381
Epoch :  32  Epoch time :  67.83906345599826  Train L2 Loss :  0.08952862385809422
Epoch :  33  Epoch time :  68.43130246999499  Train L2 Loss :  0.09237693084478378
Epoch :  34  Epoch time :  67.02879954099626  Train L2 Loss :  0.08694020442962647
Epoch :  35  Epoch time :  67.61334556800284  Train L2 Loss :  0.08495468066632747
Epoch :  36  Epoch time :  68.11650999699486  Train L2 Loss :  0.08539898384511471
Epoch :  37  Epoch time :  73.79533267299848  Train L2 Loss :  0.0834933946788311
Epoch :  38  Epoch time :  76.70293163699534  Train L2 Loss :  0.08178764148354531
Epoch :  39  Epoch time :  63.977573717005725  Train L2 Loss :  0.08136099805235862
Epoch :  40  Epoch time :  70.35566589298833  Train L2 Loss :  0.08208216472268104
Epoch :  41  Epoch time :  70.27754148599342  Train L2 Loss :  0.0799581229686737
Epoch :  42  Epoch time :  68.86050023999996  Train L2 Loss :  0.07831367501616478
Epoch :  43  Epoch time :  75.3405962149991  Train L2 Loss :  0.07968689796924591
Epoch :  44  Epoch time :  68.6874484539876  Train L2 Loss :  0.07699771642684937
Epoch :  45  Epoch time :  69.31025210498774  Train L2 Loss :  0.07606301212012767
Epoch :  46  Epoch time :  70.12713698299194  Train L2 Loss :  0.07535830871760846
Epoch :  47  Epoch time :  69.66755801299587  Train L2 Loss :  0.07544298661053181
Epoch :  48  Epoch time :  71.07647732899932  Train L2 Loss :  0.07355753472298383
Epoch :  49  Epoch time :  70.22764210199239  Train L2 Loss :  0.07837387174665927
Epoch :  50  Epoch time :  69.06532526499359  Train L2 Loss :  0.07146494717001915
Epoch :  51  Epoch time :  69.11430460000702  Train L2 Loss :  0.07390319727063178
Epoch :  52  Epoch time :  71.59102901500592  Train L2 Loss :  0.06950367632210255
Epoch :  53  Epoch time :  69.08267496699409  Train L2 Loss :  0.06998787479549647
Epoch :  54  Epoch time :  70.00240157500957  Train L2 Loss :  0.07012126546502113
Epoch :  55  Epoch time :  69.36170342900732  Train L2 Loss :  0.06890294426381588
Epoch :  56  Epoch time :  73.87240505499358  Train L2 Loss :  0.07066970268487931
Epoch :  57  Epoch time :  77.36389716299891  Train L2 Loss :  0.06877283825129271
Epoch :  58  Epoch time :  64.60978136399353  Train L2 Loss :  0.06992662415504455
Epoch :  59  Epoch time :  70.95122818098753  Train L2 Loss :  0.0661199535548687
Epoch :  60  Epoch time :  71.03294405600172  Train L2 Loss :  0.06728729178905488
Epoch :  61  Epoch time :  70.37653615699674  Train L2 Loss :  0.06700194343328476
Epoch :  62  Epoch time :  72.18677054200089  Train L2 Loss :  0.06700161187648773
Epoch :  63  Epoch time :  71.01652674700017  Train L2 Loss :  0.06756716205477714
Epoch :  64  Epoch time :  72.18396353400021  Train L2 Loss :  0.06304777698814869
Epoch :  65  Epoch time :  72.21743220399367  Train L2 Loss :  0.06542491043061018
Epoch :  66  Epoch time :  69.83783434198995  Train L2 Loss :  0.06493429879248143
Epoch :  67  Epoch time :  68.93787473000702  Train L2 Loss :  0.06491591722220183
Epoch :  68  Epoch time :  69.33036563800124  Train L2 Loss :  0.0641491746366024
Epoch :  69  Epoch time :  68.40954965700803  Train L2 Loss :  0.06351057768762111
Epoch :  70  Epoch time :  74.32767512000282  Train L2 Loss :  0.06502417716532946
Epoch :  71  Epoch time :  81.45721341999888  Train L2 Loss :  0.06316719877421856
Epoch :  72  Epoch time :  69.63888529599353  Train L2 Loss :  0.06398039720207453
Epoch :  73  Epoch time :  72.05833403200086  Train L2 Loss :  0.06142636148035526
Epoch :  74  Epoch time :  73.26635555300163  Train L2 Loss :  0.06318150933086872
Epoch :  75  Epoch time :  72.03924601899053  Train L2 Loss :  0.060905872705578804
Epoch :  76  Epoch time :  73.92393066101067  Train L2 Loss :  0.06429099154770375
Epoch :  77  Epoch time :  71.23815183599072  Train L2 Loss :  0.06032901370972395
Epoch :  78  Epoch time :  73.20723126499797  Train L2 Loss :  0.062186558452248575
Epoch :  79  Epoch time :  72.30261095800961  Train L2 Loss :  0.06094214437454939
Epoch :  80  Epoch time :  70.74779798000236  Train L2 Loss :  0.06034358701705932
Epoch :  81  Epoch time :  69.92560594598763  Train L2 Loss :  0.060091481271386145
Epoch :  82  Epoch time :  75.58657450099417  Train L2 Loss :  0.06081581340432167
Epoch :  83  Epoch time :  83.88618774400675  Train L2 Loss :  0.059210358023643495
Epoch :  84  Epoch time :  71.86748005400295  Train L2 Loss :  0.059859904524683955
Epoch :  85  Epoch time :  74.17880425800104  Train L2 Loss :  0.05811990239322185
Epoch :  86  Epoch time :  74.88309681300598  Train L2 Loss :  0.058783595284819606
Epoch :  87  Epoch time :  73.53633874400111  Train L2 Loss :  0.05981464919745922
Epoch :  88  Epoch time :  71.66937900299672  Train L2 Loss :  0.0570748842984438
Epoch :  89  Epoch time :  70.2689599209989  Train L2 Loss :  0.059543427431583404
Epoch :  90  Epoch time :  70.37670141000126  Train L2 Loss :  0.057467589828372
Epoch :  91  Epoch time :  71.35074907699891  Train L2 Loss :  0.058284832797944545
Epoch :  92  Epoch time :  71.31029118598963  Train L2 Loss :  0.057586461299657825
Epoch :  93  Epoch time :  73.11843128901091  Train L2 Loss :  0.0564650311678648
Epoch :  94  Epoch time :  72.57188504999795  Train L2 Loss :  0.057840700232982635
Epoch :  95  Epoch time :  71.82336978300009  Train L2 Loss :  0.05602048642337322
Epoch :  96  Epoch time :  73.23702651100757  Train L2 Loss :  0.058320341336727144
Epoch :  97  Epoch time :  72.66342168100527  Train L2 Loss :  0.058984981375932694
Epoch :  98  Epoch time :  69.72099348499614  Train L2 Loss :  0.054440285730361936
Epoch :  99  Epoch time :  69.78201496700058  Train L2 Loss :  0.05537723847329617
Epoch :  100  Epoch time :  69.87862106999091  Train L2 Loss :  0.04342487272024154
Epoch :  101  Epoch time :  78.41301673901035  Train L2 Loss :  0.04384990540444851
Epoch :  102  Epoch time :  83.67964467300044  Train L2 Loss :  0.04443630714416504
Epoch :  103  Epoch time :  66.61110860100598  Train L2 Loss :  0.04425912100970745
Epoch :  104  Epoch time :  75.84338068500801  Train L2 Loss :  0.04407042816132307
Epoch :  105  Epoch time :  74.32729874100187  Train L2 Loss :  0.04416610808968544
Epoch :  106  Epoch time :  73.76933237101184  Train L2 Loss :  0.043813073855638505
Epoch :  107  Epoch time :  77.8657561680011  Train L2 Loss :  0.043540674456954004
Epoch :  108  Epoch time :  74.79990202200133  Train L2 Loss :  0.04339541979134083
Epoch :  109  Epoch time :  74.25181737399544  Train L2 Loss :  0.04327781233489513
Epoch :  110  Epoch time :  74.9064071909961  Train L2 Loss :  0.043189554212987424
Epoch :  111  Epoch time :  75.08819261900499  Train L2 Loss :  0.04288606225550175
Epoch :  112  Epoch time :  76.49511695999536  Train L2 Loss :  0.04286489029228687
Epoch :  113  Epoch time :  73.38576039898908  Train L2 Loss :  0.04236845417320728
Epoch :  114  Epoch time :  75.01090845999715  Train L2 Loss :  0.04238380795419216
Epoch :  115  Epoch time :  76.01942582300398  Train L2 Loss :  0.042255092595517636
Epoch :  116  Epoch time :  72.08543226699112  Train L2 Loss :  0.04190627277046442
Epoch :  117  Epoch time :  72.21445768600097  Train L2 Loss :  0.04170944623947143
Epoch :  118  Epoch time :  81.00990929300315  Train L2 Loss :  0.04147131616771221
Epoch :  119  Epoch time :  85.80729393400543  Train L2 Loss :  0.04162554907202721
Epoch :  120  Epoch time :  69.6873838330066  Train L2 Loss :  0.04109545069336891
Epoch :  121  Epoch time :  77.71969415800413  Train L2 Loss :  0.04123031247109175
Epoch :  122  Epoch time :  78.06974277801055  Train L2 Loss :  0.04087687482237816
Epoch :  123  Epoch time :  75.88440102399909  Train L2 Loss :  0.040927241319417954
Epoch :  124  Epoch time :  77.0948735359998  Train L2 Loss :  0.04094556288421154
Epoch :  125  Epoch time :  76.53990976400382  Train L2 Loss :  0.040582577748596665
Epoch :  126  Epoch time :  78.81453525798861  Train L2 Loss :  0.040524914644658565
Epoch :  127  Epoch time :  75.65897992599639  Train L2 Loss :  0.04033655856847763
Epoch :  128  Epoch time :  78.65347577100329  Train L2 Loss :  0.040426176039874556
Epoch :  129  Epoch time :  74.61263341999438  Train L2 Loss :  0.04000743533968926
Epoch :  130  Epoch time :  73.71330440300517  Train L2 Loss :  0.04017246912419796
Epoch :  131  Epoch time :  75.54845241199655  Train L2 Loss :  0.039914530849456786
Epoch :  132  Epoch time :  86.2725453919993  Train L2 Loss :  0.04006281463354826
Epoch :  133  Epoch time :  82.21551271900535  Train L2 Loss :  0.039715687581151723
Epoch :  134  Epoch time :  75.46264990400232  Train L2 Loss :  0.039656795360147955
Epoch :  135  Epoch time :  78.4967656910012  Train L2 Loss :  0.03955885621160269
Epoch :  136  Epoch time :  77.47006957800477  Train L2 Loss :  0.03940267449915409
Epoch :  137  Epoch time :  79.01334210998903  Train L2 Loss :  0.039444644910097124
Epoch :  138  Epoch time :  77.32425054900523  Train L2 Loss :  0.03925813050270081
Epoch :  139  Epoch time :  76.81602647200634  Train L2 Loss :  0.03903123281896114
Epoch :  140  Epoch time :  70.68408938600624  Train L2 Loss :  0.039114269745349886
Epoch :  141  Epoch time :  79.80447448999621  Train L2 Loss :  0.03872937850058079
Epoch :  142  Epoch time :  89.24340745499649  Train L2 Loss :  0.038912089489400385
Epoch :  143  Epoch time :  72.51016592000087  Train L2 Loss :  0.038500802594423296
Epoch :  144  Epoch time :  79.67936091899173  Train L2 Loss :  0.03857669268548489
Epoch :  145  Epoch time :  79.83089190600731  Train L2 Loss :  0.038387604628503325
Epoch :  146  Epoch time :  79.06229002898908  Train L2 Loss :  0.03842905656099319
Epoch :  147  Epoch time :  81.00524890499946  Train L2 Loss :  0.038251089379191396
Epoch :  148  Epoch time :  79.63084630700178  Train L2 Loss :  0.03819501217752695
Epoch :  149  Epoch time :  82.1081066600018  Train L2 Loss :  0.03802602110505104
Epoch :  150  Epoch time :  80.1861559980025  Train L2 Loss :  0.03801641509234905
Epoch :  151  Epoch time :  80.76536582200788  Train L2 Loss :  0.038303124460577966
Epoch :  152  Epoch time :  74.91123452800093  Train L2 Loss :  0.03758179644197226
Epoch :  153  Epoch time :  76.33262974400714  Train L2 Loss :  0.03765596085488796
Epoch :  154  Epoch time :  87.1076189650048  Train L2 Loss :  0.03767991863489151
Epoch :  155  Epoch time :  86.02091349099646  Train L2 Loss :  0.03791161348670721
Epoch :  156  Epoch time :  77.21227702999022  Train L2 Loss :  0.03732849761992693
Epoch :  157  Epoch time :  81.25320138299139  Train L2 Loss :  0.03749491513669491
Epoch :  158  Epoch time :  80.45247934300278  Train L2 Loss :  0.0373606376439333
Epoch :  159  Epoch time :  82.52609082400159  Train L2 Loss :  0.037322520588338376
Epoch :  160  Epoch time :  80.68453697799123  Train L2 Loss :  0.03712098695784807
Epoch :  161  Epoch time :  81.26468475699949  Train L2 Loss :  0.03727545201778412
Epoch :  162  Epoch time :  77.40610043999914  Train L2 Loss :  0.037104252061247824
Epoch :  163  Epoch time :  74.05020427200361  Train L2 Loss :  0.03718768518939614
Epoch :  164  Epoch time :  79.65782735501125  Train L2 Loss :  0.03691243512332439
Epoch :  165  Epoch time :  91.01068614699761  Train L2 Loss :  0.03697198726832867
Epoch :  166  Epoch time :  79.53732347399637  Train L2 Loss :  0.036714136329293254
Epoch :  167  Epoch time :  79.77429205899534  Train L2 Loss :  0.03732783746868372
Epoch :  168  Epoch time :  81.74891807899985  Train L2 Loss :  0.03671801033616066
Epoch :  169  Epoch time :  83.15724712899828  Train L2 Loss :  0.03663267328664661
Epoch :  170  Epoch time :  80.99120134201075  Train L2 Loss :  0.03675675465762615
Epoch :  171  Epoch time :  81.89570334600285  Train L2 Loss :  0.036638102827966215
Epoch :  172  Epoch time :  80.78938364500937  Train L2 Loss :  0.03647123631387949
Epoch :  173  Epoch time :  83.31197199200687  Train L2 Loss :  0.036657126289606094
Epoch :  174  Epoch time :  79.44699256999593  Train L2 Loss :  0.03652496457993984
Epoch :  175  Epoch time :  80.69913680599711  Train L2 Loss :  0.03615469897538424
Epoch :  176  Epoch time :  96.33269539500179  Train L2 Loss :  0.03640065944343805
Epoch :  177  Epoch time :  84.26714787400851  Train L2 Loss :  0.0362645329862833
Epoch :  178  Epoch time :  83.8050647580094  Train L2 Loss :  0.03625017559379339
Epoch :  179  Epoch time :  83.77992206899216  Train L2 Loss :  0.036339343044161795
Epoch :  180  Epoch time :  86.6250394259987  Train L2 Loss :  0.03608174839913845
Epoch :  181  Epoch time :  85.06859954900574  Train L2 Loss :  0.03598315007314086
Epoch :  182  Epoch time :  79.90852807900228  Train L2 Loss :  0.03608581321761012
Epoch :  183  Epoch time :  79.63361043599434  Train L2 Loss :  0.03605074325948954
Epoch :  184  Epoch time :  82.43033453800308  Train L2 Loss :  0.03587293015569448
Epoch :  185  Epoch time :  94.79755139500776  Train L2 Loss :  0.03601134630292654
Epoch :  186  Epoch time :  78.19469763700909  Train L2 Loss :  0.035738698169589043
Epoch :  187  Epoch time :  83.76304299700132  Train L2 Loss :  0.03652427710741758
Epoch :  188  Epoch time :  84.11462310599745  Train L2 Loss :  0.035444769538939
Epoch :  189  Epoch time :  84.85700818699843  Train L2 Loss :  0.03572157065793872
Epoch :  190  Epoch time :  78.48064427099598  Train L2 Loss :  0.03559651987999678
Epoch :  191  Epoch time :  79.02363521700318  Train L2 Loss :  0.03573453758060932
Epoch :  192  Epoch time :  83.44785483699525  Train L2 Loss :  0.03553624021410942
Epoch :  193  Epoch time :  95.31339318100072  Train L2 Loss :  0.03552681929022074
Epoch :  194  Epoch time :  79.48131066899805  Train L2 Loss :  0.0355584374666214
Epoch :  195  Epoch time :  83.5901720119873  Train L2 Loss :  0.035256228709220884
Epoch :  196  Epoch time :  84.80431710899575  Train L2 Loss :  0.035184115189313886
Epoch :  197  Epoch time :  85.40982334900764  Train L2 Loss :  0.03538131418526173
Epoch :  198  Epoch time :  82.64246021499275  Train L2 Loss :  0.035342133060097695
Epoch :  199  Epoch time :  82.28621767798904  Train L2 Loss :  0.034987046818435195
Total time is : 14949.12530321 Total epoch is  200
