Input dim :  103  output dim :  1
Start training 
2225
Epoch :  0  Epoch time :  63.02621465399989  Train L2 Loss :  1.4045927696228027
Epoch :  1  Epoch time :  62.98080889799985  Train L2 Loss :  1.4041646579265594
Epoch :  2  Epoch time :  62.81820128399977  Train L2 Loss :  1.3959113823890685
Epoch :  3  Epoch time :  63.17358184299974  Train L2 Loss :  1.3258578942775727
Epoch :  4  Epoch time :  62.860786600999745  Train L2 Loss :  1.1961036207437514
Epoch :  5  Epoch time :  63.19029372299974  Train L2 Loss :  1.090051863694191
Epoch :  6  Epoch time :  63.58786412600057  Train L2 Loss :  1.0488405771255493
Epoch :  7  Epoch time :  63.10089033699933  Train L2 Loss :  1.0320995787620544
Epoch :  8  Epoch time :  63.706549707000704  Train L2 Loss :  1.023017630290985
Epoch :  9  Epoch time :  64.12096088899943  Train L2 Loss :  1.0141827008485793
Epoch :  10  Epoch time :  64.26394699399953  Train L2 Loss :  0.9996005187511444
Epoch :  11  Epoch time :  64.08955367599992  Train L2 Loss :  0.9611260143756867
Epoch :  12  Epoch time :  64.58039491300042  Train L2 Loss :  0.9195846824407578
Epoch :  13  Epoch time :  64.55108705699968  Train L2 Loss :  0.9005669616222381
Epoch :  14  Epoch time :  64.53712529299992  Train L2 Loss :  0.888949618768692
Epoch :  15  Epoch time :  64.88199016700037  Train L2 Loss :  0.8710254468917846
Epoch :  16  Epoch time :  65.04388965699945  Train L2 Loss :  0.8321574172019959
Epoch :  17  Epoch time :  64.87243463899995  Train L2 Loss :  0.8068375244140625
Epoch :  18  Epoch time :  63.98398141799953  Train L2 Loss :  0.7964798119068146
Epoch :  19  Epoch time :  64.14538348000042  Train L2 Loss :  0.7908650661468506
Epoch :  20  Epoch time :  64.7577108989999  Train L2 Loss :  0.7863667058944702
Epoch :  21  Epoch time :  64.84240679300001  Train L2 Loss :  0.7701572115898132
Epoch :  22  Epoch time :  65.59362069300005  Train L2 Loss :  0.7380566913604736
Epoch :  23  Epoch time :  65.59939124799985  Train L2 Loss :  0.7239865758895874
Epoch :  24  Epoch time :  65.58896825399916  Train L2 Loss :  0.7190335842609406
Epoch :  25  Epoch time :  65.47348190600042  Train L2 Loss :  0.7158248262405396
Epoch :  26  Epoch time :  66.25623722899945  Train L2 Loss :  0.7135601313114166
Epoch :  27  Epoch time :  65.99338004800029  Train L2 Loss :  0.7106452021360398
Epoch :  28  Epoch time :  67.2120875820001  Train L2 Loss :  0.7068872300863266
Epoch :  29  Epoch time :  66.23537462999957  Train L2 Loss :  0.704337320804596
Epoch :  30  Epoch time :  67.09706912999991  Train L2 Loss :  0.7020361901760102
Epoch :  31  Epoch time :  66.55800054199972  Train L2 Loss :  0.70051847178936
Epoch :  32  Epoch time :  67.49957837999955  Train L2 Loss :  0.6989545200109482
Epoch :  33  Epoch time :  66.99031296400062  Train L2 Loss :  0.6976349259853363
Epoch :  34  Epoch time :  67.13814979000017  Train L2 Loss :  0.695730766916275
Epoch :  35  Epoch time :  67.29242734699983  Train L2 Loss :  0.6941629678964615
Epoch :  36  Epoch time :  67.11809006800013  Train L2 Loss :  0.6923400584936142
Epoch :  37  Epoch time :  64.83337059699988  Train L2 Loss :  0.6908069461345673
Epoch :  38  Epoch time :  66.29370452799958  Train L2 Loss :  0.6892002372741699
Epoch :  39  Epoch time :  67.12840005200087  Train L2 Loss :  0.6881405773878098
Epoch :  40  Epoch time :  65.44538768199982  Train L2 Loss :  0.6868267790317535
Epoch :  41  Epoch time :  66.56928720399992  Train L2 Loss :  0.686116633272171
Epoch :  42  Epoch time :  66.97924301700004  Train L2 Loss :  0.685186882686615
Epoch :  43  Epoch time :  67.1267867860006  Train L2 Loss :  0.6840419741630555
Epoch :  44  Epoch time :  68.24654981799995  Train L2 Loss :  0.683398184633255
Epoch :  45  Epoch time :  67.8242046309997  Train L2 Loss :  0.682596418428421
Epoch :  46  Epoch time :  68.19840663000014  Train L2 Loss :  0.6815110681295395
Epoch :  47  Epoch time :  67.25053438100076  Train L2 Loss :  0.680608374619484
Epoch :  48  Epoch time :  67.62156011300067  Train L2 Loss :  0.6793709727287293
Epoch :  49  Epoch time :  67.45859932199892  Train L2 Loss :  0.6781484512090683
Epoch :  50  Epoch time :  68.84603032599989  Train L2 Loss :  0.6763651899337768
Epoch :  51  Epoch time :  67.73019083399959  Train L2 Loss :  0.67518697681427
Epoch :  52  Epoch time :  68.34299328599991  Train L2 Loss :  0.6737005872011185
Epoch :  53  Epoch time :  67.0378026340004  Train L2 Loss :  0.6723485023736954
Epoch :  54  Epoch time :  67.64838699899883  Train L2 Loss :  0.6707250886440277
Epoch :  55  Epoch time :  68.37641043999974  Train L2 Loss :  0.6694811822891236
Epoch :  56  Epoch time :  68.47261424200042  Train L2 Loss :  0.6679653748989105
Epoch :  57  Epoch time :  69.13996221900015  Train L2 Loss :  0.6670019895076752
Epoch :  58  Epoch time :  68.37965472600081  Train L2 Loss :  0.6661540273427963
Epoch :  59  Epoch time :  69.42837281300126  Train L2 Loss :  0.6655255165815354
Epoch :  60  Epoch time :  69.41628835700067  Train L2 Loss :  0.6649301069021225
Epoch :  61  Epoch time :  68.2359000180004  Train L2 Loss :  0.6642128846645355
Epoch :  62  Epoch time :  69.12321939899994  Train L2 Loss :  0.663638134098053
Epoch :  63  Epoch time :  68.19167162799931  Train L2 Loss :  0.6630274538993836
Epoch :  64  Epoch time :  70.30693240300025  Train L2 Loss :  0.66233641102314
Epoch :  65  Epoch time :  70.21600493799997  Train L2 Loss :  0.662068291592598
Epoch :  66  Epoch time :  69.54036895300123  Train L2 Loss :  0.6615964822769165
Epoch :  67  Epoch time :  70.69829564000065  Train L2 Loss :  0.6611159218788147
Epoch :  68  Epoch time :  69.58446679000008  Train L2 Loss :  0.6604872682094574
Epoch :  69  Epoch time :  70.48039338300077  Train L2 Loss :  0.6601167005062103
Epoch :  70  Epoch time :  69.30578693799907  Train L2 Loss :  0.6594713427782058
Epoch :  71  Epoch time :  70.62755672100138  Train L2 Loss :  0.6592438804149627
Epoch :  72  Epoch time :  70.64896474200032  Train L2 Loss :  0.6588511133193969
Epoch :  73  Epoch time :  71.01786788799836  Train L2 Loss :  0.6585340807914734
Epoch :  74  Epoch time :  71.40079700999922  Train L2 Loss :  0.657948611497879
Epoch :  75  Epoch time :  70.92182172799949  Train L2 Loss :  0.6573318771600724
Epoch :  76  Epoch time :  70.5489893039994  Train L2 Loss :  0.6570049471855164
Epoch :  77  Epoch time :  71.39604981899902  Train L2 Loss :  0.6565923956871033
Epoch :  78  Epoch time :  70.25944020000134  Train L2 Loss :  0.656285780286789
Epoch :  79  Epoch time :  70.90672089400141  Train L2 Loss :  0.6556532730102539
Epoch :  80  Epoch time :  71.72393186799854  Train L2 Loss :  0.6554792502880097
Epoch :  81  Epoch time :  68.61212796200016  Train L2 Loss :  0.6550193276405335
Epoch :  82  Epoch time :  68.96123643000101  Train L2 Loss :  0.6545799889326096
Epoch :  83  Epoch time :  70.74549056999967  Train L2 Loss :  0.653065596151352
Epoch :  84  Epoch time :  72.1699960599999  Train L2 Loss :  0.6517537464618682
Epoch :  85  Epoch time :  70.37789190699914  Train L2 Loss :  0.6509979959964752
Epoch :  86  Epoch time :  72.00745285399898  Train L2 Loss :  0.6506338436603546
Epoch :  87  Epoch time :  71.1000153010009  Train L2 Loss :  0.650009643959999
Epoch :  88  Epoch time :  71.97790028099917  Train L2 Loss :  0.6497331080675125
Epoch :  89  Epoch time :  72.81588229299996  Train L2 Loss :  0.6491570190191269
Epoch :  90  Epoch time :  70.4448808899997  Train L2 Loss :  0.6490256690979004
Epoch :  91  Epoch time :  69.0877984079998  Train L2 Loss :  0.6486325737714768
Epoch :  92  Epoch time :  71.89831941400007  Train L2 Loss :  0.648250222325325
Epoch :  93  Epoch time :  71.6862371770003  Train L2 Loss :  0.6479005185127258
Epoch :  94  Epoch time :  73.22425917500004  Train L2 Loss :  0.6476567916870117
Epoch :  95  Epoch time :  71.78408669399869  Train L2 Loss :  0.6474618160247803
Epoch :  96  Epoch time :  72.40899059399999  Train L2 Loss :  0.6470747203826904
Epoch :  97  Epoch time :  70.06312068199986  Train L2 Loss :  0.6468874769210815
Epoch :  98  Epoch time :  73.55198705300063  Train L2 Loss :  0.6467495649814605
Epoch :  99  Epoch time :  71.71970728199994  Train L2 Loss :  0.6466024978637696
Epoch :  100  Epoch time :  72.87038989400025  Train L2 Loss :  0.6406034753322601
Epoch :  101  Epoch time :  72.50438018299974  Train L2 Loss :  0.6406027809858322
Epoch :  102  Epoch time :  72.47874914600106  Train L2 Loss :  0.6403209131717682
Epoch :  103  Epoch time :  73.69904441599829  Train L2 Loss :  0.640369566321373
Epoch :  104  Epoch time :  73.70513965899954  Train L2 Loss :  0.6401687777996063
Epoch :  105  Epoch time :  74.44527387800008  Train L2 Loss :  0.6400627380371093
Epoch :  106  Epoch time :  73.01545842700034  Train L2 Loss :  0.6400438725948334
Epoch :  107  Epoch time :  74.71998761500072  Train L2 Loss :  0.6399108553409576
Epoch :  108  Epoch time :  73.12177300199983  Train L2 Loss :  0.6397196241617202
Epoch :  109  Epoch time :  74.56023552100123  Train L2 Loss :  0.6396178692102432
Epoch :  110  Epoch time :  74.81720367799971  Train L2 Loss :  0.6396071332931519
Epoch :  111  Epoch time :  73.66539980500056  Train L2 Loss :  0.6394475307941436
Epoch :  112  Epoch time :  74.91036496400011  Train L2 Loss :  0.639349164390564
Epoch :  113  Epoch time :  75.32493013699968  Train L2 Loss :  0.6391823944330215
Epoch :  114  Epoch time :  72.6309841250004  Train L2 Loss :  0.639199617767334
Epoch :  115  Epoch time :  72.67397260399957  Train L2 Loss :  0.6390582058906555
Epoch :  116  Epoch time :  73.51247658300053  Train L2 Loss :  0.6389435054063797
Epoch :  117  Epoch time :  73.2279623100003  Train L2 Loss :  0.6389448575258255
Epoch :  118  Epoch time :  75.39617613500013  Train L2 Loss :  0.6389046092033386
Epoch :  119  Epoch time :  74.39640767900164  Train L2 Loss :  0.6387251392126083
Epoch :  120  Epoch time :  73.16949930499868  Train L2 Loss :  0.6386886378765106
Epoch :  121  Epoch time :  72.73901255300007  Train L2 Loss :  0.6385615129709243
Epoch :  122  Epoch time :  74.9938159609992  Train L2 Loss :  0.638559033536911
Epoch :  123  Epoch time :  75.39456511800017  Train L2 Loss :  0.6384076156616211
Epoch :  124  Epoch time :  74.12649765900096  Train L2 Loss :  0.6384309352874756
Epoch :  125  Epoch time :  75.52549719499984  Train L2 Loss :  0.6381862307071686
Epoch :  126  Epoch time :  73.0723924319991  Train L2 Loss :  0.6382241054058075
Epoch :  127  Epoch time :  74.53612122800041  Train L2 Loss :  0.6381208061218262
Epoch :  128  Epoch time :  72.89591520100112  Train L2 Loss :  0.6379066168785095
Epoch :  129  Epoch time :  76.34853400400061  Train L2 Loss :  0.6377621809244156
Epoch :  130  Epoch time :  76.53239616500105  Train L2 Loss :  0.6376743681907654
Epoch :  131  Epoch time :  75.6198298269992  Train L2 Loss :  0.6375473658561707
Epoch :  132  Epoch time :  76.49327382500087  Train L2 Loss :  0.6373699341535568
Epoch :  133  Epoch time :  76.50177692500074  Train L2 Loss :  0.637347224521637
Epoch :  134  Epoch time :  75.94930408499931  Train L2 Loss :  0.6371568701267243
Epoch :  135  Epoch time :  75.51963930799866  Train L2 Loss :  0.6371897586584091
Epoch :  136  Epoch time :  77.18901109200124  Train L2 Loss :  0.6369877281665802
Epoch :  137  Epoch time :  75.53134174600018  Train L2 Loss :  0.6368268358707428
Epoch :  138  Epoch time :  76.38556306200007  Train L2 Loss :  0.6367823963165283
Epoch :  139  Epoch time :  77.33008150000023  Train L2 Loss :  0.6367013016939164
Epoch :  140  Epoch time :  76.73050775299998  Train L2 Loss :  0.6366197619199753
Epoch :  141  Epoch time :  77.70110070999908  Train L2 Loss :  0.6364730664253235
Epoch :  142  Epoch time :  78.26585610599977  Train L2 Loss :  0.6364092799186707
Epoch :  143  Epoch time :  76.12240220400054  Train L2 Loss :  0.636182724905014
Epoch :  144  Epoch time :  76.95365117899928  Train L2 Loss :  0.6360640191078186
Epoch :  145  Epoch time :  76.12842146299954  Train L2 Loss :  0.6356531664848327
Epoch :  146  Epoch time :  77.6157169520011  Train L2 Loss :  0.6354404782772064
Epoch :  147  Epoch time :  77.70788901199921  Train L2 Loss :  0.6353415536165238
Epoch :  148  Epoch time :  76.89690567800062  Train L2 Loss :  0.6352035823106765
Epoch :  149  Epoch time :  78.36150448900116  Train L2 Loss :  0.6349710292816162
Epoch :  150  Epoch time :  77.95957085899863  Train L2 Loss :  0.6347734081983566
Epoch :  151  Epoch time :  76.12882321500001  Train L2 Loss :  0.6345425679445267
Epoch :  152  Epoch time :  78.78515760600021  Train L2 Loss :  0.6345747675418854
Epoch :  153  Epoch time :  77.30774535400087  Train L2 Loss :  0.6343955635547638
Epoch :  154  Epoch time :  76.45058773799974  Train L2 Loss :  0.6343885281801224
Epoch :  155  Epoch time :  75.81569763900006  Train L2 Loss :  0.6341845947742463
Epoch :  156  Epoch time :  78.89669387400136  Train L2 Loss :  0.6340806118488311
Epoch :  157  Epoch time :  77.06283411200093  Train L2 Loss :  0.6337710109233856
Epoch :  158  Epoch time :  78.66011078500014  Train L2 Loss :  0.6337426106929779
Epoch :  159  Epoch time :  77.18010409299859  Train L2 Loss :  0.6336524154424668
Epoch :  160  Epoch time :  79.02841882400025  Train L2 Loss :  0.6335927619457244
Epoch :  161  Epoch time :  80.13136299699909  Train L2 Loss :  0.633402966785431
Epoch :  162  Epoch time :  78.39055976999953  Train L2 Loss :  0.6334768407344818
Epoch :  163  Epoch time :  80.0303286390008  Train L2 Loss :  0.6333336104393006
Epoch :  164  Epoch time :  77.68106310300209  Train L2 Loss :  0.6332470529317856
Epoch :  165  Epoch time :  77.49862627300172  Train L2 Loss :  0.6330558654785157
Epoch :  166  Epoch time :  77.33242593799878  Train L2 Loss :  0.6330150303840637
Epoch :  167  Epoch time :  80.05486872799884  Train L2 Loss :  0.6329812420606613
Epoch :  168  Epoch time :  79.2452197340026  Train L2 Loss :  0.6328945055246353
Epoch :  169  Epoch time :  79.77284650000001  Train L2 Loss :  0.6328320084571838
Epoch :  170  Epoch time :  79.66728576300011  Train L2 Loss :  0.6326531942605972
Epoch :  171  Epoch time :  80.1670461820031  Train L2 Loss :  0.6326782612323761
Epoch :  172  Epoch time :  76.43334831299944  Train L2 Loss :  0.6325073541641235
Epoch :  173  Epoch time :  80.07300627000222  Train L2 Loss :  0.6325662911891937
Epoch :  174  Epoch time :  79.97543684500124  Train L2 Loss :  0.6324106081008911
Epoch :  175  Epoch time :  79.73502911400283  Train L2 Loss :  0.6323764475822449
Epoch :  176  Epoch time :  80.94575985899792  Train L2 Loss :  0.6323893050670624
Epoch :  177  Epoch time :  80.34031999299987  Train L2 Loss :  0.6323432105779648
Epoch :  178  Epoch time :  79.46045403899916  Train L2 Loss :  0.6321732339382171
Epoch :  179  Epoch time :  79.89853098599997  Train L2 Loss :  0.632149758195877
Epoch :  180  Epoch time :  75.59039424799994  Train L2 Loss :  0.6321095595598221
Epoch :  181  Epoch time :  79.53723070200067  Train L2 Loss :  0.6320106860637664
Epoch :  182  Epoch time :  93.85011194599792  Train L2 Loss :  0.6318886475801468
Epoch :  183  Epoch time :  76.12353131599957  Train L2 Loss :  0.6319268586635589
Epoch :  184  Epoch time :  81.0362739480006  Train L2 Loss :  0.6318413345098496
Epoch :  185  Epoch time :  79.73337878299935  Train L2 Loss :  0.6317626136302948
Epoch :  186  Epoch time :  81.40400625300026  Train L2 Loss :  0.6316909358263015
Epoch :  187  Epoch time :  80.79989565299911  Train L2 Loss :  0.6316383521795272
Epoch :  188  Epoch time :  80.43401601200094  Train L2 Loss :  0.6316054167509079
Epoch :  189  Epoch time :  82.53425810300178  Train L2 Loss :  0.6314870844125747
Epoch :  190  Epoch time :  80.03475374299887  Train L2 Loss :  0.6314607707500458
Epoch :  191  Epoch time :  81.38121278100152  Train L2 Loss :  0.6313861275196075
Epoch :  192  Epoch time :  78.20290702000057  Train L2 Loss :  0.6312457769393921
Epoch :  193  Epoch time :  81.72811572000137  Train L2 Loss :  0.6312118115425109
Epoch :  194  Epoch time :  79.35313191100067  Train L2 Loss :  0.6311461474180221
Epoch :  195  Epoch time :  82.83828339799948  Train L2 Loss :  0.631140719795227
Epoch :  196  Epoch time :  78.8910432800003  Train L2 Loss :  0.6310829960823059
Epoch :  197  Epoch time :  76.75991019499997  Train L2 Loss :  0.6309362560629844
Epoch :  198  Epoch time :  88.4505310400018  Train L2 Loss :  0.630890773677826
Epoch :  199  Epoch time :  90.54593257599845  Train L2 Loss :  0.6307492440223694
Total time is : 14531.737697832003 Total epoch is  200
