Input dim :  103  output dim :  1
Start training 
15041
Epoch :  0  Epoch time :  61.70398167700114  Train L2 Loss :  1.4045494091033937
Epoch :  1  Epoch time :  61.36353887899895  Train L2 Loss :  1.4040777183532716
Epoch :  2  Epoch time :  61.25037696800064  Train L2 Loss :  1.3958812472343445
Epoch :  3  Epoch time :  60.71228013899963  Train L2 Loss :  1.202554680109024
Epoch :  4  Epoch time :  61.6441814610007  Train L2 Loss :  0.8142627774715424
Epoch :  5  Epoch time :  61.31605007500184  Train L2 Loss :  0.7207620182275772
Epoch :  6  Epoch time :  61.07594566300031  Train L2 Loss :  0.6604196634292603
Epoch :  7  Epoch time :  60.08361429300203  Train L2 Loss :  0.6306935188531876
Epoch :  8  Epoch time :  61.60885183299979  Train L2 Loss :  0.6124148633003235
Epoch :  9  Epoch time :  61.93967393600178  Train L2 Loss :  0.5981825999736786
Epoch :  10  Epoch time :  62.435697621000145  Train L2 Loss :  0.5879030396461487
Epoch :  11  Epoch time :  61.91776253200078  Train L2 Loss :  0.5791161994934082
Epoch :  12  Epoch time :  61.565273251999315  Train L2 Loss :  0.5704920941591263
Epoch :  13  Epoch time :  62.17646709700057  Train L2 Loss :  0.5587195339202881
Epoch :  14  Epoch time :  62.55564785400202  Train L2 Loss :  0.5487643895626068
Epoch :  15  Epoch time :  62.36163153600137  Train L2 Loss :  0.540288437962532
Epoch :  16  Epoch time :  62.55421641100111  Train L2 Loss :  0.5333110382795334
Epoch :  17  Epoch time :  62.03500503000032  Train L2 Loss :  0.5252879089474678
Epoch :  18  Epoch time :  62.97949071400217  Train L2 Loss :  0.5043037093281746
Epoch :  19  Epoch time :  61.91290732700145  Train L2 Loss :  0.4910075485229492
Epoch :  20  Epoch time :  62.85038655199969  Train L2 Loss :  0.48187039531469344
Epoch :  21  Epoch time :  62.48276627499945  Train L2 Loss :  0.45427097002267836
Epoch :  22  Epoch time :  62.272910531999514  Train L2 Loss :  0.388172865319252
Epoch :  23  Epoch time :  63.12073674500061  Train L2 Loss :  0.3377577409744263
Epoch :  24  Epoch time :  63.72002579400214  Train L2 Loss :  0.3133026342630386
Epoch :  25  Epoch time :  63.10438792399873  Train L2 Loss :  0.29305474870204923
Epoch :  26  Epoch time :  62.59728367700154  Train L2 Loss :  0.2799241826653481
Epoch :  27  Epoch time :  62.906657201998314  Train L2 Loss :  0.26343685096502306
Epoch :  28  Epoch time :  63.866200264001236  Train L2 Loss :  0.2486778684258461
Epoch :  29  Epoch time :  63.53859495100187  Train L2 Loss :  0.23778690411448478
Epoch :  30  Epoch time :  63.020206839999446  Train L2 Loss :  0.22951490207910538
Epoch :  31  Epoch time :  62.49672832699798  Train L2 Loss :  0.2225442952990532
Epoch :  32  Epoch time :  63.59125657099867  Train L2 Loss :  0.21574339014291763
Epoch :  33  Epoch time :  64.64449547299955  Train L2 Loss :  0.2102551637351513
Epoch :  34  Epoch time :  62.529874353000196  Train L2 Loss :  0.2056722785115242
Epoch :  35  Epoch time :  60.507308894000744  Train L2 Loss :  0.20033112308979034
Epoch :  36  Epoch time :  67.89620109799944  Train L2 Loss :  0.19635431368350983
Epoch :  37  Epoch time :  73.30507910799861  Train L2 Loss :  0.19227521115541457
Epoch :  38  Epoch time :  61.13234970299891  Train L2 Loss :  0.18776904404759406
Epoch :  39  Epoch time :  65.80843509099941  Train L2 Loss :  0.18306603371500968
Epoch :  40  Epoch time :  65.53427198999998  Train L2 Loss :  0.1805337264418602
Epoch :  41  Epoch time :  64.00441976100046  Train L2 Loss :  0.17739562373161316
Epoch :  42  Epoch time :  66.3545422640018  Train L2 Loss :  0.17549465636014938
Epoch :  43  Epoch time :  65.9107752810014  Train L2 Loss :  0.172128666472435
Epoch :  44  Epoch time :  65.15786758600007  Train L2 Loss :  0.16994452028274537
Epoch :  45  Epoch time :  66.44172150399754  Train L2 Loss :  0.16735121388435364
Epoch :  46  Epoch time :  65.83612410899877  Train L2 Loss :  0.16555661842823027
Epoch :  47  Epoch time :  65.71415756200076  Train L2 Loss :  0.16306866549253463
Epoch :  48  Epoch time :  67.65586877900205  Train L2 Loss :  0.16228648525476455
Epoch :  49  Epoch time :  66.47731391299749  Train L2 Loss :  0.15982719019651412
Epoch :  50  Epoch time :  65.23318882400054  Train L2 Loss :  0.15811591054201127
Epoch :  51  Epoch time :  65.06615282599887  Train L2 Loss :  0.1571328317642212
Epoch :  52  Epoch time :  66.56477611599985  Train L2 Loss :  0.15521394475698472
Epoch :  53  Epoch time :  66.13449348799986  Train L2 Loss :  0.153764094799757
Epoch :  54  Epoch time :  65.76803935200223  Train L2 Loss :  0.15280506407022476
Epoch :  55  Epoch time :  65.41246030199909  Train L2 Loss :  0.15216081644296647
Epoch :  56  Epoch time :  65.33678018800128  Train L2 Loss :  0.14960873159170152
Epoch :  57  Epoch time :  67.23842000599689  Train L2 Loss :  0.14741827871799468
Epoch :  58  Epoch time :  66.49863535500117  Train L2 Loss :  0.14660272272229194
Epoch :  59  Epoch time :  65.84168529300223  Train L2 Loss :  0.14589861114025116
Epoch :  60  Epoch time :  68.03902278899841  Train L2 Loss :  0.14405149750709534
Epoch :  61  Epoch time :  67.83456161100185  Train L2 Loss :  0.1431975250452757
Epoch :  62  Epoch time :  65.2756391260009  Train L2 Loss :  0.14275314182639123
Epoch :  63  Epoch time :  66.35224161000224  Train L2 Loss :  0.14133543593287468
Epoch :  64  Epoch time :  65.14059461799843  Train L2 Loss :  0.14069171046316623
Epoch :  65  Epoch time :  63.39872197399745  Train L2 Loss :  0.13968675884604453
Epoch :  66  Epoch time :  65.96860632199969  Train L2 Loss :  0.13917289846837522
Epoch :  67  Epoch time :  70.60037976799867  Train L2 Loss :  0.13795954703092575
Epoch :  68  Epoch time :  70.43102226599876  Train L2 Loss :  0.1372146703571081
Epoch :  69  Epoch time :  63.15920554300101  Train L2 Loss :  0.13623500762283802
Epoch :  70  Epoch time :  68.22317940799985  Train L2 Loss :  0.13589233061671258
Epoch :  71  Epoch time :  68.955197932999  Train L2 Loss :  0.13470063259601592
Epoch :  72  Epoch time :  68.5066444940021  Train L2 Loss :  0.13402502806186675
Epoch :  73  Epoch time :  69.20678226499876  Train L2 Loss :  0.13308086756169796
Epoch :  74  Epoch time :  68.04553419699732  Train L2 Loss :  0.13234343443512916
Epoch :  75  Epoch time :  67.40811914299775  Train L2 Loss :  0.1320773725271225
Epoch :  76  Epoch time :  69.25956158600093  Train L2 Loss :  0.13138603722453118
Epoch :  77  Epoch time :  68.14509205099966  Train L2 Loss :  0.1303804405093193
Epoch :  78  Epoch time :  67.75250268499803  Train L2 Loss :  0.1300989132285118
Epoch :  79  Epoch time :  69.4750365660002  Train L2 Loss :  0.12912132642865182
Epoch :  80  Epoch time :  68.41899779400046  Train L2 Loss :  0.1278759284108877
Epoch :  81  Epoch time :  68.5390843919995  Train L2 Loss :  0.12783926738798618
Epoch :  82  Epoch time :  70.16960974799804  Train L2 Loss :  0.1268879463136196
Epoch :  83  Epoch time :  68.6813680410014  Train L2 Loss :  0.1260666506588459
Epoch :  84  Epoch time :  68.07437219300118  Train L2 Loss :  0.12577339084744454
Epoch :  85  Epoch time :  68.29088216600212  Train L2 Loss :  0.12478950097560883
Epoch :  86  Epoch time :  69.89887936699961  Train L2 Loss :  0.12455130507349968
Epoch :  87  Epoch time :  68.10585456699846  Train L2 Loss :  0.12391741244196892
Epoch :  88  Epoch time :  69.9568540399996  Train L2 Loss :  0.1232462424993515
Epoch :  89  Epoch time :  67.93226487200081  Train L2 Loss :  0.12288238559663296
Epoch :  90  Epoch time :  67.97091827399709  Train L2 Loss :  0.12241440041661263
Epoch :  91  Epoch time :  67.04924789299912  Train L2 Loss :  0.12190630212426186
Epoch :  92  Epoch time :  66.3171499079981  Train L2 Loss :  0.12090869289636612
Epoch :  93  Epoch time :  71.23995525999999  Train L2 Loss :  0.12075068074166775
Epoch :  94  Epoch time :  80.06814515400038  Train L2 Loss :  0.12032997238636017
Epoch :  95  Epoch time :  69.76195798199842  Train L2 Loss :  0.1197680478721857
Epoch :  96  Epoch time :  68.0238881639998  Train L2 Loss :  0.11906647573709488
Epoch :  97  Epoch time :  70.3385293350002  Train L2 Loss :  0.11886404269933701
Epoch :  98  Epoch time :  69.65344170300159  Train L2 Loss :  0.11821813768744469
Epoch :  99  Epoch time :  69.96669619600289  Train L2 Loss :  0.11747431099414825
Epoch :  100  Epoch time :  68.96289332400193  Train L2 Loss :  0.10730273239016533
Epoch :  101  Epoch time :  69.06359494999924  Train L2 Loss :  0.10710144440531731
Epoch :  102  Epoch time :  71.70413537300192  Train L2 Loss :  0.10710011804103851
Epoch :  103  Epoch time :  70.67769597400184  Train L2 Loss :  0.10660267303884029
Epoch :  104  Epoch time :  70.20009884200044  Train L2 Loss :  0.10624305074512959
Epoch :  105  Epoch time :  72.07928857500156  Train L2 Loss :  0.10571661784052849
Epoch :  106  Epoch time :  70.36233566599913  Train L2 Loss :  0.10504261220693588
Epoch :  107  Epoch time :  71.6098297009994  Train L2 Loss :  0.1044511096060276
Epoch :  108  Epoch time :  71.81011525499707  Train L2 Loss :  0.1040260053396225
Epoch :  109  Epoch time :  69.23130791400035  Train L2 Loss :  0.10350603775978089
Epoch :  110  Epoch time :  71.71312891200068  Train L2 Loss :  0.10313296578228473
Epoch :  111  Epoch time :  70.97017852499994  Train L2 Loss :  0.10280304245352745
Epoch :  112  Epoch time :  70.75715863799996  Train L2 Loss :  0.10250721810162067
Epoch :  113  Epoch time :  71.65265642200029  Train L2 Loss :  0.10199022051095963
Epoch :  114  Epoch time :  70.33053265700073  Train L2 Loss :  0.1017895285665989
Epoch :  115  Epoch time :  70.93573961799848  Train L2 Loss :  0.10132823905348778
Epoch :  116  Epoch time :  71.92049554800178  Train L2 Loss :  0.10100688604712486
Epoch :  117  Epoch time :  70.73812908899708  Train L2 Loss :  0.10071871934235097
Epoch :  118  Epoch time :  71.07852132300104  Train L2 Loss :  0.10049638303518295
Epoch :  119  Epoch time :  72.88102766600059  Train L2 Loss :  0.1003516685783863
Epoch :  120  Epoch time :  70.715763745  Train L2 Loss :  0.09996011147499084
Epoch :  121  Epoch time :  72.83327065699996  Train L2 Loss :  0.09983517073094844
Epoch :  122  Epoch time :  69.7547596580007  Train L2 Loss :  0.0994793379843235
Epoch :  123  Epoch time :  68.42651578499863  Train L2 Loss :  0.09906225654482842
Epoch :  124  Epoch time :  80.0863482019995  Train L2 Loss :  0.09907940772771835
Epoch :  125  Epoch time :  81.42213796500073  Train L2 Loss :  0.09856913773417472
Epoch :  126  Epoch time :  67.52545091399952  Train L2 Loss :  0.0983154110699892
Epoch :  127  Epoch time :  73.3999617499976  Train L2 Loss :  0.09806426359713077
Epoch :  128  Epoch time :  72.88025126600041  Train L2 Loss :  0.09790089294314384
Epoch :  129  Epoch time :  73.56356700000106  Train L2 Loss :  0.09767778590917588
Epoch :  130  Epoch time :  72.76077228400027  Train L2 Loss :  0.09745002779364585
Epoch :  131  Epoch time :  73.96119713499866  Train L2 Loss :  0.09719820108115673
Epoch :  132  Epoch time :  72.76443427200138  Train L2 Loss :  0.09677529919743538
Epoch :  133  Epoch time :  74.11809826000172  Train L2 Loss :  0.09677669866085052
Epoch :  134  Epoch time :  71.51053312699878  Train L2 Loss :  0.09666030969321728
Epoch :  135  Epoch time :  72.47148931599804  Train L2 Loss :  0.09643112572431564
Epoch :  136  Epoch time :  73.61566902900086  Train L2 Loss :  0.09608147490024567
Epoch :  137  Epoch time :  72.8714058229998  Train L2 Loss :  0.09612518734037877
Epoch :  138  Epoch time :  74.46330427900102  Train L2 Loss :  0.09582993943095207
Epoch :  139  Epoch time :  73.31839848900199  Train L2 Loss :  0.09556772029399872
Epoch :  140  Epoch time :  74.22701334100202  Train L2 Loss :  0.09546096424758434
Epoch :  141  Epoch time :  74.49127184100143  Train L2 Loss :  0.09520822114944458
Epoch :  142  Epoch time :  73.51831732799837  Train L2 Loss :  0.0952372062265873
Epoch :  143  Epoch time :  75.37350444700132  Train L2 Loss :  0.09491683813929558
Epoch :  144  Epoch time :  73.63833890100068  Train L2 Loss :  0.09467850551009178
Epoch :  145  Epoch time :  75.51607128699834  Train L2 Loss :  0.09455084253549575
Epoch :  146  Epoch time :  73.34293073400113  Train L2 Loss :  0.09437088012397289
Epoch :  147  Epoch time :  75.01418844200089  Train L2 Loss :  0.0939544544428587
Epoch :  148  Epoch time :  71.66013586999907  Train L2 Loss :  0.09405291571319103
Epoch :  149  Epoch time :  72.44502570899931  Train L2 Loss :  0.09375058936476707
Epoch :  150  Epoch time :  77.77542924099907  Train L2 Loss :  0.09364128452241421
Epoch :  151  Epoch time :  89.42063433200019  Train L2 Loss :  0.0933941136777401
Epoch :  152  Epoch time :  71.08984718499778  Train L2 Loss :  0.09333885748982429
Epoch :  153  Epoch time :  75.13331955899775  Train L2 Loss :  0.09301801130473614
Epoch :  154  Epoch time :  74.76003503299944  Train L2 Loss :  0.09281396746635437
Epoch :  155  Epoch time :  75.56385457600118  Train L2 Loss :  0.09282191295027732
Epoch :  156  Epoch time :  76.00808977500128  Train L2 Loss :  0.0925731006860733
Epoch :  157  Epoch time :  74.47142748600163  Train L2 Loss :  0.09245373874008656
Epoch :  158  Epoch time :  74.20775501499884  Train L2 Loss :  0.0919847196251154
Epoch :  159  Epoch time :  76.71173469199857  Train L2 Loss :  0.09198921408057213
Epoch :  160  Epoch time :  74.95977144000062  Train L2 Loss :  0.09167507933974266
Epoch :  161  Epoch time :  76.82150082500084  Train L2 Loss :  0.09152755834758282
Epoch :  162  Epoch time :  75.082138304002  Train L2 Loss :  0.09128644520044327
Epoch :  163  Epoch time :  77.91292956700272  Train L2 Loss :  0.09121056376993657
Epoch :  164  Epoch time :  73.79858871000033  Train L2 Loss :  0.09086609691083432
Epoch :  165  Epoch time :  77.29022630800318  Train L2 Loss :  0.09090223587751388
Epoch :  166  Epoch time :  77.29229640299673  Train L2 Loss :  0.09052238447070121
Epoch :  167  Epoch time :  77.77213848100291  Train L2 Loss :  0.09026580541431904
Epoch :  168  Epoch time :  76.26918413999738  Train L2 Loss :  0.09001162673830986
Epoch :  169  Epoch time :  77.94889929000055  Train L2 Loss :  0.09006132780313492
Epoch :  170  Epoch time :  75.81366967500071  Train L2 Loss :  0.08975654384493828
Epoch :  171  Epoch time :  78.72688206699968  Train L2 Loss :  0.0893911272764206
Epoch :  172  Epoch time :  75.08396771199841  Train L2 Loss :  0.0895060599207878
Epoch :  173  Epoch time :  78.69878896699811  Train L2 Loss :  0.08919119713902474
Epoch :  174  Epoch time :  77.93241698999918  Train L2 Loss :  0.08902418596148491
Epoch :  175  Epoch time :  78.21265098799995  Train L2 Loss :  0.08885302667915822
Epoch :  176  Epoch time :  77.77475361700272  Train L2 Loss :  0.08869271305799484
Epoch :  177  Epoch time :  72.36860352000076  Train L2 Loss :  0.0886360953271389
Epoch :  178  Epoch time :  86.29515804499897  Train L2 Loss :  0.08835479533672333
Epoch :  179  Epoch time :  90.07820039099897  Train L2 Loss :  0.0883987127840519
Epoch :  180  Epoch time :  71.14911463300086  Train L2 Loss :  0.08809192416667938
Epoch :  181  Epoch time :  79.39027573600106  Train L2 Loss :  0.08812613271176815
Epoch :  182  Epoch time :  78.1338463969987  Train L2 Loss :  0.08790310046672821
Epoch :  183  Epoch time :  76.96563683700151  Train L2 Loss :  0.08755825911164283
Epoch :  184  Epoch time :  77.840174768  Train L2 Loss :  0.08758150481879712
Epoch :  185  Epoch time :  78.78378633399916  Train L2 Loss :  0.08742520948052407
Epoch :  186  Epoch time :  78.78054496600089  Train L2 Loss :  0.08727521533668041
Epoch :  187  Epoch time :  77.88184565800111  Train L2 Loss :  0.08715824096500874
Epoch :  188  Epoch time :  79.05300249200081  Train L2 Loss :  0.08697838742733002
Epoch :  189  Epoch time :  75.96291560400277  Train L2 Loss :  0.08686848034262658
Epoch :  190  Epoch time :  76.63664531799441  Train L2 Loss :  0.08679260613620281
Epoch :  191  Epoch time :  77.21116011599952  Train L2 Loss :  0.08667788717746734
Epoch :  192  Epoch time :  76.9687248650007  Train L2 Loss :  0.08658224719464779
Epoch :  193  Epoch time :  79.05879516399727  Train L2 Loss :  0.08641978915333748
Epoch :  194  Epoch time :  79.40769576799357  Train L2 Loss :  0.08626459192037582
Epoch :  195  Epoch time :  77.24523019299522  Train L2 Loss :  0.08627636347413063
Epoch :  196  Epoch time :  77.12002900500374  Train L2 Loss :  0.0860888592839241
Epoch :  197  Epoch time :  79.3189785259965  Train L2 Loss :  0.08591867597103119
Epoch :  198  Epoch time :  79.83748570799798  Train L2 Loss :  0.08585439392924309
Epoch :  199  Epoch time :  78.60558276600204  Train L2 Loss :  0.08593975847661495
Total time is : 14065.444813376998 Total epoch is  200
