Input dim :  103  output dim :  1
Start training 
46465
Epoch :  0  Epoch time :  59.804777342003945  Train L2 Loss :  1.4045441966056824
Epoch :  1  Epoch time :  60.86442424800043  Train L2 Loss :  1.4030515624046325
Epoch :  2  Epoch time :  65.54691814900434  Train L2 Loss :  1.3935314637184144
Epoch :  3  Epoch time :  69.16420461200323  Train L2 Loss :  1.0959700420379639
Epoch :  4  Epoch time :  55.679958161003015  Train L2 Loss :  0.7389535161495209
Epoch :  5  Epoch time :  61.166697209999256  Train L2 Loss :  0.64648583111763
Epoch :  6  Epoch time :  61.39920840999548  Train L2 Loss :  0.6050239081382751
Epoch :  7  Epoch time :  60.008389668000746  Train L2 Loss :  0.5748864604234696
Epoch :  8  Epoch time :  60.78158781000093  Train L2 Loss :  0.550036439037323
Epoch :  9  Epoch time :  62.3683375920009  Train L2 Loss :  0.5245479801654815
Epoch :  10  Epoch time :  62.56608207499812  Train L2 Loss :  0.48195038137435914
Epoch :  11  Epoch time :  61.64998855700105  Train L2 Loss :  0.40963247420787813
Epoch :  12  Epoch time :  61.941647548999754  Train L2 Loss :  0.3436119747877121
Epoch :  13  Epoch time :  62.88255601400306  Train L2 Loss :  0.3084613251209259
Epoch :  14  Epoch time :  62.58255082300457  Train L2 Loss :  0.28992013796567917
Epoch :  15  Epoch time :  62.36945385699801  Train L2 Loss :  0.2766114580392838
Epoch :  16  Epoch time :  61.99198890200205  Train L2 Loss :  0.2641361042022705
Epoch :  17  Epoch time :  62.27303077499528  Train L2 Loss :  0.25349304975271225
Epoch :  18  Epoch time :  63.55233156699978  Train L2 Loss :  0.24427428137660026
Epoch :  19  Epoch time :  63.61716707099549  Train L2 Loss :  0.2364420143723488
Epoch :  20  Epoch time :  62.19395311999688  Train L2 Loss :  0.22768133801817894
Epoch :  21  Epoch time :  63.37630938100483  Train L2 Loss :  0.21921658373475075
Epoch :  22  Epoch time :  64.29723121300049  Train L2 Loss :  0.2129172280430794
Epoch :  23  Epoch time :  64.03599506599858  Train L2 Loss :  0.20786788985729218
Epoch :  24  Epoch time :  62.500782133996836  Train L2 Loss :  0.20384668772220613
Epoch :  25  Epoch time :  62.772328352999466  Train L2 Loss :  0.1995984394967556
Epoch :  26  Epoch time :  64.59253159999935  Train L2 Loss :  0.1959606385052204
Epoch :  27  Epoch time :  63.98229342299601  Train L2 Loss :  0.19174218631982803
Epoch :  28  Epoch time :  63.01064875600423  Train L2 Loss :  0.18782562837004663
Epoch :  29  Epoch time :  63.37539000000106  Train L2 Loss :  0.18513298841118814
Epoch :  30  Epoch time :  64.60352493299433  Train L2 Loss :  0.1815305795788765
Epoch :  31  Epoch time :  63.092799071993795  Train L2 Loss :  0.17850633229613305
Epoch :  32  Epoch time :  62.17607644799864  Train L2 Loss :  0.1765347953915596
Epoch :  33  Epoch time :  62.6715578870062  Train L2 Loss :  0.17393450139760971
Epoch :  34  Epoch time :  61.22046861200215  Train L2 Loss :  0.1717688082933426
Epoch :  35  Epoch time :  69.52821118700376  Train L2 Loss :  0.16844755249023438
Epoch :  36  Epoch time :  73.04740393500106  Train L2 Loss :  0.1674951241135597
Epoch :  37  Epoch time :  60.791749461997824  Train L2 Loss :  0.16409909932613373
Epoch :  38  Epoch time :  65.72584421500505  Train L2 Loss :  0.16250920403003694
Epoch :  39  Epoch time :  65.55249888799881  Train L2 Loss :  0.16042664707899093
Epoch :  40  Epoch time :  64.9234233850002  Train L2 Loss :  0.15805279299020766
Epoch :  41  Epoch time :  66.1450279319979  Train L2 Loss :  0.1564883207976818
Epoch :  42  Epoch time :  65.55856558300002  Train L2 Loss :  0.15437208898067475
Epoch :  43  Epoch time :  65.16118581400224  Train L2 Loss :  0.1526147937953472
Epoch :  44  Epoch time :  66.82652110100025  Train L2 Loss :  0.1513052066743374
Epoch :  45  Epoch time :  66.44569865099766  Train L2 Loss :  0.14940993686318396
Epoch :  46  Epoch time :  65.57186832599837  Train L2 Loss :  0.14811948161125182
Epoch :  47  Epoch time :  66.42317578700022  Train L2 Loss :  0.14668448128700257
Epoch :  48  Epoch time :  66.68665337100538  Train L2 Loss :  0.1456508563041687
Epoch :  49  Epoch time :  65.65442423100467  Train L2 Loss :  0.14370979437828063
Epoch :  50  Epoch time :  66.03418486400187  Train L2 Loss :  0.14313241097927093
Epoch :  51  Epoch time :  66.69016232500144  Train L2 Loss :  0.14153360604047777
Epoch :  52  Epoch time :  66.89853884799959  Train L2 Loss :  0.14013881155252456
Epoch :  53  Epoch time :  65.41035911899962  Train L2 Loss :  0.1398278450846672
Epoch :  54  Epoch time :  65.54372239200165  Train L2 Loss :  0.13772857235074043
Epoch :  55  Epoch time :  66.61040421299549  Train L2 Loss :  0.1368633404403925
Epoch :  56  Epoch time :  66.37905012900592  Train L2 Loss :  0.13539398628771304
Epoch :  57  Epoch time :  62.537845585997275  Train L2 Loss :  0.1339793818026781
Epoch :  58  Epoch time :  68.29480461899948  Train L2 Loss :  0.13321959125995636
Epoch :  59  Epoch time :  74.25433735900151  Train L2 Loss :  0.13198811493217946
Epoch :  60  Epoch time :  68.67041876599978  Train L2 Loss :  0.13064625482857228
Epoch :  61  Epoch time :  64.2933825479995  Train L2 Loss :  0.1298688496530056
Epoch :  62  Epoch time :  66.48911307499657  Train L2 Loss :  0.1288052647680044
Epoch :  63  Epoch time :  67.83131570499972  Train L2 Loss :  0.12784453437924384
Epoch :  64  Epoch time :  66.78322834600112  Train L2 Loss :  0.12679622823297979
Epoch :  65  Epoch time :  69.30255122500239  Train L2 Loss :  0.12629900631010532
Epoch :  66  Epoch time :  67.33896652299882  Train L2 Loss :  0.12528491390347482
Epoch :  67  Epoch time :  68.55735577800078  Train L2 Loss :  0.1241849503159523
Epoch :  68  Epoch time :  68.81633534200228  Train L2 Loss :  0.12409299073815346
Epoch :  69  Epoch time :  66.21904402699874  Train L2 Loss :  0.12245440660715103
Epoch :  70  Epoch time :  67.19759070000146  Train L2 Loss :  0.1220632073611021
Epoch :  71  Epoch time :  68.63788028900308  Train L2 Loss :  0.1207568303257227
Epoch :  72  Epoch time :  67.4651634519978  Train L2 Loss :  0.12046424754261971
Epoch :  73  Epoch time :  68.33115768000425  Train L2 Loss :  0.11934895620942115
Epoch :  74  Epoch time :  69.4654665229973  Train L2 Loss :  0.11905571773052216
Epoch :  75  Epoch time :  68.56338319600036  Train L2 Loss :  0.11857569164335728
Epoch :  76  Epoch time :  68.80349346200092  Train L2 Loss :  0.11770849245488643
Epoch :  77  Epoch time :  69.66444080499787  Train L2 Loss :  0.1170887749582529
Epoch :  78  Epoch time :  68.23527769499924  Train L2 Loss :  0.11650980294942856
Epoch :  79  Epoch time :  67.2341513279971  Train L2 Loss :  0.11544616771638394
Epoch :  80  Epoch time :  70.39866178800003  Train L2 Loss :  0.11586132069826126
Epoch :  81  Epoch time :  69.92076164900209  Train L2 Loss :  0.11461211196780205
Epoch :  82  Epoch time :  68.44208472099854  Train L2 Loss :  0.11453760333359242
Epoch :  83  Epoch time :  69.77019230799488  Train L2 Loss :  0.11417760337293148
Epoch :  84  Epoch time :  68.6567953699996  Train L2 Loss :  0.11321512123346329
Epoch :  85  Epoch time :  65.52242479199776  Train L2 Loss :  0.11257514151334763
Epoch :  86  Epoch time :  76.49942197199562  Train L2 Loss :  0.11272430834472179
Epoch :  87  Epoch time :  81.88065945600101  Train L2 Loss :  0.11159131743907928
Epoch :  88  Epoch time :  62.10613182799716  Train L2 Loss :  0.11243715639710426
Epoch :  89  Epoch time :  70.71745101899432  Train L2 Loss :  0.1108780237942934
Epoch :  90  Epoch time :  70.22105059400201  Train L2 Loss :  0.11024969227015972
Epoch :  91  Epoch time :  71.45393370999955  Train L2 Loss :  0.11001052327752113
Epoch :  92  Epoch time :  69.89000914299686  Train L2 Loss :  0.1090467919498682
Epoch :  93  Epoch time :  70.77579711499857  Train L2 Loss :  0.10937379172444343
Epoch :  94  Epoch time :  70.22532564099674  Train L2 Loss :  0.10835278670489788
Epoch :  95  Epoch time :  70.53847385299741  Train L2 Loss :  0.10802848111391067
Epoch :  96  Epoch time :  72.60835271600081  Train L2 Loss :  0.1076649885892868
Epoch :  97  Epoch time :  69.42060912099987  Train L2 Loss :  0.10722108379006386
Epoch :  98  Epoch time :  71.45237577999796  Train L2 Loss :  0.1060401368200779
Epoch :  99  Epoch time :  71.98178295199614  Train L2 Loss :  0.10507539765834809
Epoch :  100  Epoch time :  70.41801059200225  Train L2 Loss :  0.09144424799084663
Epoch :  101  Epoch time :  71.49504603999958  Train L2 Loss :  0.09125704883337021
Epoch :  102  Epoch time :  70.74433778099774  Train L2 Loss :  0.09142910641133785
Epoch :  103  Epoch time :  70.9805966290005  Train L2 Loss :  0.09096169199049473
Epoch :  104  Epoch time :  72.1680322309985  Train L2 Loss :  0.0902916213452816
Epoch :  105  Epoch time :  71.3404493880007  Train L2 Loss :  0.08997433467507363
Epoch :  106  Epoch time :  72.26931740799773  Train L2 Loss :  0.08954030683636666
Epoch :  107  Epoch time :  69.6110149610031  Train L2 Loss :  0.08935934460759162
Epoch :  108  Epoch time :  65.73751696099498  Train L2 Loss :  0.08881527951955795
Epoch :  109  Epoch time :  77.5666611370034  Train L2 Loss :  0.08835444194674492
Epoch :  110  Epoch time :  83.98902071899647  Train L2 Loss :  0.08831955812573433
Epoch :  111  Epoch time :  63.54446254000504  Train L2 Loss :  0.08783879002630711
Epoch :  112  Epoch time :  73.36998324799788  Train L2 Loss :  0.08742264437675476
Epoch :  113  Epoch time :  72.44769382099912  Train L2 Loss :  0.08734170744419098
Epoch :  114  Epoch time :  72.52942312099913  Train L2 Loss :  0.08693376437425614
Epoch :  115  Epoch time :  73.52521601299668  Train L2 Loss :  0.08673086969852448
Epoch :  116  Epoch time :  72.30252006800583  Train L2 Loss :  0.0865559123814106
Epoch :  117  Epoch time :  71.22216081599618  Train L2 Loss :  0.08626601047217845
Epoch :  118  Epoch time :  73.08734868899774  Train L2 Loss :  0.08595161260962486
Epoch :  119  Epoch time :  71.71190009600105  Train L2 Loss :  0.0857368553251028
Epoch :  120  Epoch time :  71.77160389399796  Train L2 Loss :  0.08555203328728676
Epoch :  121  Epoch time :  74.39987904400186  Train L2 Loss :  0.0852842354118824
Epoch :  122  Epoch time :  73.12088068100275  Train L2 Loss :  0.08514440836310387
Epoch :  123  Epoch time :  73.40343013399979  Train L2 Loss :  0.08494893780946731
Epoch :  124  Epoch time :  72.70951991599577  Train L2 Loss :  0.08486536520123482
Epoch :  125  Epoch time :  73.26624216799974  Train L2 Loss :  0.0845493844985962
Epoch :  126  Epoch time :  75.36014428899944  Train L2 Loss :  0.0845335473716259
Epoch :  127  Epoch time :  73.47977311000432  Train L2 Loss :  0.08421995826959609
Epoch :  128  Epoch time :  75.38571698000305  Train L2 Loss :  0.0838495087146759
Epoch :  129  Epoch time :  73.05462070499925  Train L2 Loss :  0.08383155072033405
Epoch :  130  Epoch time :  73.45724940800574  Train L2 Loss :  0.08362078221142293
Epoch :  131  Epoch time :  74.38197656199918  Train L2 Loss :  0.08340834705233574
Epoch :  132  Epoch time :  72.85666450999997  Train L2 Loss :  0.08336838119328022
Epoch :  133  Epoch time :  73.43530979900243  Train L2 Loss :  0.0828711186170578
Epoch :  134  Epoch time :  67.69850024599873  Train L2 Loss :  0.08299220312833785
Epoch :  135  Epoch time :  78.03934094899887  Train L2 Loss :  0.08264547852277755
Epoch :  136  Epoch time :  86.07393068199599  Train L2 Loss :  0.08251893846392631
Epoch :  137  Epoch time :  68.47404559300048  Train L2 Loss :  0.08260428465604783
Epoch :  138  Epoch time :  75.21739058099774  Train L2 Loss :  0.08224667734205723
Epoch :  139  Epoch time :  74.27450899800169  Train L2 Loss :  0.08193969866633415
Epoch :  140  Epoch time :  74.73465957900044  Train L2 Loss :  0.0819187545478344
Epoch :  141  Epoch time :  75.55660898600036  Train L2 Loss :  0.08166476214528084
Epoch :  142  Epoch time :  74.1267127569954  Train L2 Loss :  0.08154936411678791
Epoch :  143  Epoch time :  76.44026610499714  Train L2 Loss :  0.08140701087117196
Epoch :  144  Epoch time :  75.15961275700101  Train L2 Loss :  0.08130043315291405
Epoch :  145  Epoch time :  76.38232845400489  Train L2 Loss :  0.0811380461215973
Epoch :  146  Epoch time :  74.72064997900452  Train L2 Loss :  0.08101643639802933
Epoch :  147  Epoch time :  75.82833403800032  Train L2 Loss :  0.08084234279990196
Epoch :  148  Epoch time :  73.02008695599943  Train L2 Loss :  0.08090494709312916
Epoch :  149  Epoch time :  74.37904121400061  Train L2 Loss :  0.08054289018809796
Epoch :  150  Epoch time :  75.8854272009994  Train L2 Loss :  0.0803707673996687
Epoch :  151  Epoch time :  74.88717903100041  Train L2 Loss :  0.08036185951530933
Epoch :  152  Epoch time :  78.15797916200245  Train L2 Loss :  0.08009032318294049
Epoch :  153  Epoch time :  74.8843359090024  Train L2 Loss :  0.08010685684680939
Epoch :  154  Epoch time :  78.05293481999979  Train L2 Loss :  0.07971091718375682
Epoch :  155  Epoch time :  75.32169050200173  Train L2 Loss :  0.07975307585895061
Epoch :  156  Epoch time :  77.79520573499758  Train L2 Loss :  0.07939863698482513
Epoch :  157  Epoch time :  74.937211354998  Train L2 Loss :  0.0792968008607626
Epoch :  158  Epoch time :  77.16213256700576  Train L2 Loss :  0.07921044137775898
Epoch :  159  Epoch time :  76.1721300019999  Train L2 Loss :  0.07894293294548989
Epoch :  160  Epoch time :  78.26950802100328  Train L2 Loss :  0.07914321088194846
Epoch :  161  Epoch time :  75.24528395899688  Train L2 Loss :  0.07875891205072404
Epoch :  162  Epoch time :  77.3848164459996  Train L2 Loss :  0.0787502071082592
Epoch :  163  Epoch time :  75.99835497400636  Train L2 Loss :  0.07847697321176529
Epoch :  164  Epoch time :  72.36912842800666  Train L2 Loss :  0.0783448815882206
Epoch :  165  Epoch time :  73.12785176099715  Train L2 Loss :  0.07839307547211646
Epoch :  166  Epoch time :  79.85465880700212  Train L2 Loss :  0.07814048788547516
Epoch :  167  Epoch time :  89.75919247999991  Train L2 Loss :  0.07807069511711598
Epoch :  168  Epoch time :  74.06561085299472  Train L2 Loss :  0.07791848422288894
Epoch :  169  Epoch time :  78.70450983099727  Train L2 Loss :  0.07773090660572052
Epoch :  170  Epoch time :  78.44906464099768  Train L2 Loss :  0.07772121418714523
Epoch :  171  Epoch time :  75.67349608299992  Train L2 Loss :  0.077602400906384
Epoch :  172  Epoch time :  78.57645152299665  Train L2 Loss :  0.07747609626352787
Epoch :  173  Epoch time :  77.85117975100002  Train L2 Loss :  0.07763511908501386
Epoch :  174  Epoch time :  79.46398299800057  Train L2 Loss :  0.07748202856183052
Epoch :  175  Epoch time :  76.24094312599482  Train L2 Loss :  0.07713818492889404
Epoch :  176  Epoch time :  79.46441533799953  Train L2 Loss :  0.07696252805888652
Epoch :  177  Epoch time :  75.9699348139984  Train L2 Loss :  0.07690142776370049
Epoch :  178  Epoch time :  79.21459389599477  Train L2 Loss :  0.07688035725653171
Epoch :  179  Epoch time :  78.63374190900504  Train L2 Loss :  0.07638256211876869
Epoch :  180  Epoch time :  79.76133062599547  Train L2 Loss :  0.07640932105183601
Epoch :  181  Epoch time :  77.71300189899921  Train L2 Loss :  0.07594882961511612
Epoch :  182  Epoch time :  79.75586412600387  Train L2 Loss :  0.07582247329950333
Epoch :  183  Epoch time :  78.3432901779961  Train L2 Loss :  0.07580093903243541
Epoch :  184  Epoch time :  80.93609131600533  Train L2 Loss :  0.07585616936087608
Epoch :  185  Epoch time :  78.49836071999744  Train L2 Loss :  0.07546325006484986
Epoch :  186  Epoch time :  81.14611127100216  Train L2 Loss :  0.07564077631831169
Epoch :  187  Epoch time :  78.69997566900565  Train L2 Loss :  0.07532378127574921
Epoch :  188  Epoch time :  81.13274113500665  Train L2 Loss :  0.07526471692025662
Epoch :  189  Epoch time :  78.72870221500489  Train L2 Loss :  0.07511769740879536
Epoch :  190  Epoch time :  80.25348292599665  Train L2 Loss :  0.07505868767201901
Epoch :  191  Epoch time :  78.18573325099715  Train L2 Loss :  0.07511449493765832
Epoch :  192  Epoch time :  81.58241310399899  Train L2 Loss :  0.07502719300836325
Epoch :  193  Epoch time :  79.75167041699751  Train L2 Loss :  0.07480751477777958
Epoch :  194  Epoch time :  80.84337072999915  Train L2 Loss :  0.07480812970399857
Epoch :  195  Epoch time :  77.97735534799722  Train L2 Loss :  0.07475415606200696
Epoch :  196  Epoch time :  80.36921071700635  Train L2 Loss :  0.0743492206633091
Epoch :  197  Epoch time :  77.92523003099632  Train L2 Loss :  0.07420256707072258
Epoch :  198  Epoch time :  78.07183875199553  Train L2 Loss :  0.07385157066881656
Epoch :  199  Epoch time :  79.49350267000409  Train L2 Loss :  0.07364416392147541
Total time is : 14200.245865540004 Total epoch is  200
