Input dim :  103  output dim :  1
Start training 
158465
Epoch :  0  Epoch time :  62.668053955996584  Train L2 Loss :  1.4045636086940765
Epoch :  1  Epoch time :  61.59504383199965  Train L2 Loss :  1.4031594653129578
Epoch :  2  Epoch time :  60.387387064001814  Train L2 Loss :  1.3954524688243866
Epoch :  3  Epoch time :  62.68902438500663  Train L2 Loss :  1.2443222179412843
Epoch :  4  Epoch time :  66.5558089490005  Train L2 Loss :  1.0622838377952575
Epoch :  5  Epoch time :  69.61491699700127  Train L2 Loss :  0.9838401229858399
Epoch :  6  Epoch time :  58.041411003003304  Train L2 Loss :  0.8893909697294236
Epoch :  7  Epoch time :  63.21713407400239  Train L2 Loss :  0.7251556533336639
Epoch :  8  Epoch time :  64.3890656759977  Train L2 Loss :  0.6137379186153412
Epoch :  9  Epoch time :  63.99099367400049  Train L2 Loss :  0.4981147821903229
Epoch :  10  Epoch time :  64.74190889099555  Train L2 Loss :  0.39172805141210554
Epoch :  11  Epoch time :  64.21895537999808  Train L2 Loss :  0.3531546924352646
Epoch :  12  Epoch time :  64.83915104500193  Train L2 Loss :  0.3247469034433365
Epoch :  13  Epoch time :  65.12390477000008  Train L2 Loss :  0.3021200868487358
Epoch :  14  Epoch time :  64.9353665929957  Train L2 Loss :  0.284145859593153
Epoch :  15  Epoch time :  64.14908519700111  Train L2 Loss :  0.2669745272874832
Epoch :  16  Epoch time :  64.8236844589992  Train L2 Loss :  0.25333259949684145
Epoch :  17  Epoch time :  65.56791529800103  Train L2 Loss :  0.2419483974277973
Epoch :  18  Epoch time :  65.24148647700349  Train L2 Loss :  0.23255719043016435
Epoch :  19  Epoch time :  65.30528411300475  Train L2 Loss :  0.22264549536705017
Epoch :  20  Epoch time :  64.96088401199813  Train L2 Loss :  0.21439220433235168
Epoch :  21  Epoch time :  65.5245065919953  Train L2 Loss :  0.20767360503077506
Epoch :  22  Epoch time :  66.14369575999444  Train L2 Loss :  0.20150939794182776
Epoch :  23  Epoch time :  66.65447100499296  Train L2 Loss :  0.19584228647351265
Epoch :  24  Epoch time :  65.61638356999902  Train L2 Loss :  0.191384916305542
Epoch :  25  Epoch time :  66.30561571100407  Train L2 Loss :  0.18644996515512466
Epoch :  26  Epoch time :  67.36000410700217  Train L2 Loss :  0.18099364405870438
Epoch :  27  Epoch time :  67.46495093699923  Train L2 Loss :  0.17772140198946
Epoch :  28  Epoch time :  66.12898686900007  Train L2 Loss :  0.1723469471991062
Epoch :  29  Epoch time :  67.03759793000063  Train L2 Loss :  0.16908051239848138
Epoch :  30  Epoch time :  67.59584793299291  Train L2 Loss :  0.16557287505865098
Epoch :  31  Epoch time :  66.85615875600342  Train L2 Loss :  0.16306957006454467
Epoch :  32  Epoch time :  66.11428408099891  Train L2 Loss :  0.15913011424541473
Epoch :  33  Epoch time :  67.50219211199874  Train L2 Loss :  0.1559272440314293
Epoch :  34  Epoch time :  68.1051595099998  Train L2 Loss :  0.1526583204269409
Epoch :  35  Epoch time :  67.59819523099577  Train L2 Loss :  0.15048985117673874
Epoch :  36  Epoch time :  66.91306532500312  Train L2 Loss :  0.14720498460531234
Epoch :  37  Epoch time :  67.67812715199398  Train L2 Loss :  0.14375524774193763
Epoch :  38  Epoch time :  68.42086735500197  Train L2 Loss :  0.14211064784526825
Epoch :  39  Epoch time :  67.87750761599455  Train L2 Loss :  0.13996638684272766
Epoch :  40  Epoch time :  67.82062371900247  Train L2 Loss :  0.13652544610500336
Epoch :  41  Epoch time :  68.90232973000093  Train L2 Loss :  0.13551543983221054
Epoch :  42  Epoch time :  67.76380382299976  Train L2 Loss :  0.13427679820656777
Epoch :  43  Epoch time :  66.522133956998  Train L2 Loss :  0.13096887072622776
Epoch :  44  Epoch time :  68.08518640400143  Train L2 Loss :  0.1272655927300453
Epoch :  45  Epoch time :  69.37658019999799  Train L2 Loss :  0.1268563722550869
Epoch :  46  Epoch time :  68.71199175799848  Train L2 Loss :  0.12592857044637204
Epoch :  47  Epoch time :  68.09962234800332  Train L2 Loss :  0.12311238934993744
Epoch :  48  Epoch time :  69.41954991600505  Train L2 Loss :  0.12305991557240487
Epoch :  49  Epoch time :  67.24411775200133  Train L2 Loss :  0.11994702049791812
Epoch :  50  Epoch time :  65.21376975000021  Train L2 Loss :  0.11988863885998725
Epoch :  51  Epoch time :  72.76465180800005  Train L2 Loss :  0.11834769259691238
Epoch :  52  Epoch time :  79.2535887970007  Train L2 Loss :  0.11723993470072747
Epoch :  53  Epoch time :  63.37337508999917  Train L2 Loss :  0.11607827099859715
Epoch :  54  Epoch time :  69.85924183700263  Train L2 Loss :  0.11474226756095886
Epoch :  55  Epoch time :  69.76182777099893  Train L2 Loss :  0.11445039955079556
Epoch :  56  Epoch time :  69.29237577399908  Train L2 Loss :  0.11290171249210834
Epoch :  57  Epoch time :  69.92031499800214  Train L2 Loss :  0.11250222187638283
Epoch :  58  Epoch time :  70.62384145599935  Train L2 Loss :  0.11037338956594467
Epoch :  59  Epoch time :  69.11905029800255  Train L2 Loss :  0.11005660243332387
Epoch :  60  Epoch time :  70.64768098499917  Train L2 Loss :  0.10924608453810215
Epoch :  61  Epoch time :  69.65533857200353  Train L2 Loss :  0.10832647495865821
Epoch :  62  Epoch time :  69.36032023200096  Train L2 Loss :  0.1111529067993164
Epoch :  63  Epoch time :  70.70217052800581  Train L2 Loss :  0.10520716464221477
Epoch :  64  Epoch time :  70.17770204000408  Train L2 Loss :  0.1054428532719612
Epoch :  65  Epoch time :  69.27749785800552  Train L2 Loss :  0.10449823275208474
Epoch :  66  Epoch time :  70.20209189199522  Train L2 Loss :  0.10322510292828083
Epoch :  67  Epoch time :  70.32701399100188  Train L2 Loss :  0.10273942314982414
Epoch :  68  Epoch time :  69.57416289700632  Train L2 Loss :  0.10103761366903782
Epoch :  69  Epoch time :  71.78546068399737  Train L2 Loss :  0.10127265022695064
Epoch :  70  Epoch time :  70.03512608399615  Train L2 Loss :  0.10006790969371795
Epoch :  71  Epoch time :  70.39753197800019  Train L2 Loss :  0.09990811742544174
Epoch :  72  Epoch time :  69.44798992600408  Train L2 Loss :  0.0991348327934742
Epoch :  73  Epoch time :  70.9661887580005  Train L2 Loss :  0.09828234200477601
Epoch :  74  Epoch time :  70.40631875299732  Train L2 Loss :  0.09805626654326915
Epoch :  75  Epoch time :  71.93903342200065  Train L2 Loss :  0.09792534474134446
Epoch :  76  Epoch time :  70.56230949699966  Train L2 Loss :  0.09761697913110257
Epoch :  77  Epoch time :  69.20886972900189  Train L2 Loss :  0.09659619277715684
Epoch :  78  Epoch time :  69.77596695900138  Train L2 Loss :  0.0963670630455017
Epoch :  79  Epoch time :  67.6587176460016  Train L2 Loss :  0.09575855133533477
Epoch :  80  Epoch time :  76.24259578200144  Train L2 Loss :  0.09562104317545891
Epoch :  81  Epoch time :  81.83836886599602  Train L2 Loss :  0.09636887089014054
Epoch :  82  Epoch time :  65.86506458799704  Train L2 Loss :  0.09396122532784938
Epoch :  83  Epoch time :  72.50931940199371  Train L2 Loss :  0.09504113664329052
Epoch :  84  Epoch time :  72.07208347899723  Train L2 Loss :  0.09466065950393676
Epoch :  85  Epoch time :  71.54931383300573  Train L2 Loss :  0.09306061032116413
Epoch :  86  Epoch time :  73.05180618599843  Train L2 Loss :  0.09373375087976456
Epoch :  87  Epoch time :  71.84499777499877  Train L2 Loss :  0.09326710055172444
Epoch :  88  Epoch time :  73.49393428099575  Train L2 Loss :  0.09245174127817155
Epoch :  89  Epoch time :  71.90994464300456  Train L2 Loss :  0.09259987485408783
Epoch :  90  Epoch time :  73.61549293599819  Train L2 Loss :  0.09195463035702706
Epoch :  91  Epoch time :  72.06261207699572  Train L2 Loss :  0.09166443547904492
Epoch :  92  Epoch time :  70.49749554599839  Train L2 Loss :  0.09149310497939586
Epoch :  93  Epoch time :  72.7965174320052  Train L2 Loss :  0.09105939575731754
Epoch :  94  Epoch time :  71.34321926600387  Train L2 Loss :  0.09106993770897388
Epoch :  95  Epoch time :  69.34196011499444  Train L2 Loss :  0.09036670866310596
Epoch :  96  Epoch time :  69.8281915119951  Train L2 Loss :  0.09057955598533153
Epoch :  97  Epoch time :  74.55760746199667  Train L2 Loss :  0.09245252405405044
Epoch :  98  Epoch time :  74.89312499699736  Train L2 Loss :  0.08835307166278362
Epoch :  99  Epoch time :  74.81386854700395  Train L2 Loss :  0.0897012120872736
Epoch :  100  Epoch time :  77.30477914799849  Train L2 Loss :  0.0745929543375969
Epoch :  101  Epoch time :  76.5402916660023  Train L2 Loss :  0.07478533205091953
Epoch :  102  Epoch time :  75.87326009500248  Train L2 Loss :  0.0750536210745573
Epoch :  103  Epoch time :  73.12534744400182  Train L2 Loss :  0.07478441695868969
Epoch :  104  Epoch time :  74.84248662800383  Train L2 Loss :  0.0744269342303276
Epoch :  105  Epoch time :  72.90904466199572  Train L2 Loss :  0.07409531054496765
Epoch :  106  Epoch time :  75.4771202300035  Train L2 Loss :  0.07382338057756424
Epoch :  107  Epoch time :  73.38110291900375  Train L2 Loss :  0.073670244628191
Epoch :  108  Epoch time :  74.34951136000018  Train L2 Loss :  0.07338682471811771
Epoch :  109  Epoch time :  70.9634156079992  Train L2 Loss :  0.07325828444361687
Epoch :  110  Epoch time :  76.50301010599651  Train L2 Loss :  0.07297416455447674
Epoch :  111  Epoch time :  84.8280613379975  Train L2 Loss :  0.07282539971172809
Epoch :  112  Epoch time :  81.3503734449987  Train L2 Loss :  0.07260173262655735
Epoch :  113  Epoch time :  78.2680734769965  Train L2 Loss :  0.07240024254620075
Epoch :  114  Epoch time :  77.43585593399621  Train L2 Loss :  0.07218425378203391
Epoch :  115  Epoch time :  75.2544269459977  Train L2 Loss :  0.07221118417233229
Epoch :  116  Epoch time :  74.98205058900203  Train L2 Loss :  0.07202293275594711
Epoch :  117  Epoch time :  75.41748637000273  Train L2 Loss :  0.0717337574750185
Epoch :  118  Epoch time :  76.01046451900038  Train L2 Loss :  0.07169033549726009
Epoch :  119  Epoch time :  79.31896722200327  Train L2 Loss :  0.07137771972715855
Epoch :  120  Epoch time :  77.37076184099715  Train L2 Loss :  0.0713754096955061
Epoch :  121  Epoch time :  80.51605307600403  Train L2 Loss :  0.07105733005404473
Epoch :  122  Epoch time :  77.22878924199904  Train L2 Loss :  0.07104299556612968
Epoch :  123  Epoch time :  77.42045660500298  Train L2 Loss :  0.0704241476982832
Epoch :  124  Epoch time :  74.06956525400165  Train L2 Loss :  0.07034532245546579
Epoch :  125  Epoch time :  75.13084664099733  Train L2 Loss :  0.07031631514430046
Epoch :  126  Epoch time :  74.03146658000333  Train L2 Loss :  0.07003439182192087
Epoch :  127  Epoch time :  75.16997961599554  Train L2 Loss :  0.06996536869257688
Epoch :  128  Epoch time :  79.04857240300043  Train L2 Loss :  0.06966071998924017
Epoch :  129  Epoch time :  79.75084177499957  Train L2 Loss :  0.06962195724546909
Epoch :  130  Epoch time :  83.11408399000356  Train L2 Loss :  0.06959744450151921
Epoch :  131  Epoch time :  79.24939922599879  Train L2 Loss :  0.06925908895879984
Epoch :  132  Epoch time :  78.11357809300534  Train L2 Loss :  0.06931045565903186
Epoch :  133  Epoch time :  75.71945514799881  Train L2 Loss :  0.0691508097782731
Epoch :  134  Epoch time :  76.38537886899576  Train L2 Loss :  0.06913743821978569
Epoch :  135  Epoch time :  76.04731685500155  Train L2 Loss :  0.06873362336456776
Epoch :  136  Epoch time :  74.6746128809973  Train L2 Loss :  0.06879464165568351
Epoch :  137  Epoch time :  76.43421330399724  Train L2 Loss :  0.06856284902095795
Epoch :  138  Epoch time :  75.51547646400286  Train L2 Loss :  0.0684865056142211
Epoch :  139  Epoch time :  77.59032112999557  Train L2 Loss :  0.06832300770580768
Epoch :  140  Epoch time :  84.68884912900103  Train L2 Loss :  0.06841104930043221
Epoch :  141  Epoch time :  93.23689526800445  Train L2 Loss :  0.06784870779961348
Epoch :  142  Epoch time :  77.13238871299836  Train L2 Loss :  0.0681535178720951
Epoch :  143  Epoch time :  79.75113663999946  Train L2 Loss :  0.06791826585531235
Epoch :  144  Epoch time :  78.3683259610043  Train L2 Loss :  0.06763456712663174
Epoch :  145  Epoch time :  77.9126592629982  Train L2 Loss :  0.06749353873431682
Epoch :  146  Epoch time :  77.39920252299635  Train L2 Loss :  0.06753722413480281
Epoch :  147  Epoch time :  79.13494274900586  Train L2 Loss :  0.06744270439445972
Epoch :  148  Epoch time :  77.54008334699756  Train L2 Loss :  0.06729541061669587
Epoch :  149  Epoch time :  79.61596692000603  Train L2 Loss :  0.06732267186939717
Epoch :  150  Epoch time :  78.09230762399966  Train L2 Loss :  0.06707490732967854
Epoch :  151  Epoch time :  78.32826197200484  Train L2 Loss :  0.06703032424598933
Epoch :  152  Epoch time :  93.18510018800589  Train L2 Loss :  0.06675249915719032
Epoch :  153  Epoch time :  87.63557748600579  Train L2 Loss :  0.06682902810871601
Epoch :  154  Epoch time :  77.9978466590037  Train L2 Loss :  0.06641163328737021
Epoch :  155  Epoch time :  78.39964417400188  Train L2 Loss :  0.06613731307834386
Epoch :  156  Epoch time :  79.22014049500285  Train L2 Loss :  0.06585410585403442
Epoch :  157  Epoch time :  78.77629801200237  Train L2 Loss :  0.06560374341756105
Epoch :  158  Epoch time :  80.21044335299666  Train L2 Loss :  0.06531741173267365
Epoch :  159  Epoch time :  80.04481414500333  Train L2 Loss :  0.0651241344422102
Epoch :  160  Epoch time :  82.00882075499976  Train L2 Loss :  0.06492996612787247
Epoch :  161  Epoch time :  83.24840172100085  Train L2 Loss :  0.06479925423115492
Epoch :  162  Epoch time :  82.71706695600005  Train L2 Loss :  0.06461847270280123
Epoch :  163  Epoch time :  82.5197310049989  Train L2 Loss :  0.06420761891007423
Epoch :  164  Epoch time :  79.47654708600021  Train L2 Loss :  0.06411766558289528
Epoch :  165  Epoch time :  79.76505152499885  Train L2 Loss :  0.06387463797032833
Epoch :  166  Epoch time :  80.25860801700037  Train L2 Loss :  0.06372760634124279
Epoch :  167  Epoch time :  84.59788854100043  Train L2 Loss :  0.06338916734755039
Epoch :  168  Epoch time :  81.2459415810008  Train L2 Loss :  0.0634579947322607
Epoch :  169  Epoch time :  83.80503512999712  Train L2 Loss :  0.06309865054488183
Epoch :  170  Epoch time :  77.12905891499395  Train L2 Loss :  0.0630500680655241
Epoch :  171  Epoch time :  89.84098844500113  Train L2 Loss :  0.0627957113608718
Epoch :  172  Epoch time :  88.60164799199993  Train L2 Loss :  0.06263287120163441
Epoch :  173  Epoch time :  76.04955557799985  Train L2 Loss :  0.062316681887209416
Epoch :  174  Epoch time :  80.7406723650056  Train L2 Loss :  0.06228728103339672
Epoch :  175  Epoch time :  81.77305262200389  Train L2 Loss :  0.062043769910931586
Epoch :  176  Epoch time :  80.80547094000212  Train L2 Loss :  0.06185664917528629
Epoch :  177  Epoch time :  82.29392172499502  Train L2 Loss :  0.06156240149587393
Epoch :  178  Epoch time :  80.86025614000391  Train L2 Loss :  0.061952871906757356
Epoch :  179  Epoch time :  83.24554694799735  Train L2 Loss :  0.06144641174972058
Epoch :  180  Epoch time :  80.6412760470048  Train L2 Loss :  0.061385818135738374
Epoch :  181  Epoch time :  82.67874053800188  Train L2 Loss :  0.06136032818257809
Epoch :  182  Epoch time :  79.57617658399977  Train L2 Loss :  0.061067667868733404
Epoch :  183  Epoch time :  78.94692674299586  Train L2 Loss :  0.06104593002200127
Epoch :  184  Epoch time :  78.85566958600248  Train L2 Loss :  0.06096793372929096
Epoch :  185  Epoch time :  78.52190958000574  Train L2 Loss :  0.06097004391849041
Epoch :  186  Epoch time :  81.8224402220003  Train L2 Loss :  0.06094232040047646
Epoch :  187  Epoch time :  82.55975731999933  Train L2 Loss :  0.060461576429009435
Epoch :  188  Epoch time :  79.22203300199908  Train L2 Loss :  0.06047070695459843
Epoch :  189  Epoch time :  79.86317436399986  Train L2 Loss :  0.060293998169898985
Epoch :  190  Epoch time :  81.95567240299715  Train L2 Loss :  0.0601205246925354
Epoch :  191  Epoch time :  94.30988892699679  Train L2 Loss :  0.059977521193027496
Epoch :  192  Epoch time :  76.95087505000265  Train L2 Loss :  0.05969240444004536
Epoch :  193  Epoch time :  82.29603212799702  Train L2 Loss :  0.05969826166778803
Epoch :  194  Epoch time :  83.13520353499916  Train L2 Loss :  0.05929895675778389
Epoch :  195  Epoch time :  81.97912013700261  Train L2 Loss :  0.05916527088284493
Epoch :  196  Epoch time :  83.3407987419996  Train L2 Loss :  0.05875462307929993
Epoch :  197  Epoch time :  83.41403292900213  Train L2 Loss :  0.0587598080098629
Epoch :  198  Epoch time :  82.0432770749976  Train L2 Loss :  0.058523477993905546
Epoch :  199  Epoch time :  83.50241002000257  Train L2 Loss :  0.058485618878901004
Total time is : 14817.368292922998 Total epoch is  200
