Input dim :  103  output dim :  1
Start training 
579073
Epoch :  0  Epoch time :  142.5593606689945  Train L2 Loss :  1.397002555370331
Epoch :  1  Epoch time :  143.11794221500168  Train L2 Loss :  1.3292495999336242
Epoch :  2  Epoch time :  134.6131155139883  Train L2 Loss :  0.8775054730892181
Epoch :  3  Epoch time :  136.1879089230206  Train L2 Loss :  0.523076247704029
Epoch :  4  Epoch time :  151.3850107199978  Train L2 Loss :  0.3097952429056168
Epoch :  5  Epoch time :  150.61103521301993  Train L2 Loss :  0.23784245550632477
Epoch :  6  Epoch time :  137.6931687000033  Train L2 Loss :  0.19897540630102156
Epoch :  7  Epoch time :  136.45777490499313  Train L2 Loss :  0.17030499450564385
Epoch :  8  Epoch time :  145.80343363899738  Train L2 Loss :  0.1512089646100998
Epoch :  9  Epoch time :  147.82229444998666  Train L2 Loss :  0.13655810925364495
Epoch :  10  Epoch time :  139.74576667501242  Train L2 Loss :  0.12498309106230736
Epoch :  11  Epoch time :  137.13718178600539  Train L2 Loss :  0.11709739238023759
Epoch :  12  Epoch time :  147.98359029000858  Train L2 Loss :  0.10989880611598492
Epoch :  13  Epoch time :  155.55561389800278  Train L2 Loss :  0.10470332017540931
Epoch :  14  Epoch time :  148.63836779099074  Train L2 Loss :  0.10012811407744884
Epoch :  15  Epoch time :  139.27081641499535  Train L2 Loss :  0.09614683228433132
Epoch :  16  Epoch time :  153.95995373200276  Train L2 Loss :  0.09247206546664238
Epoch :  17  Epoch time :  156.5174230520206  Train L2 Loss :  0.08945527960658073
Epoch :  18  Epoch time :  142.75377931297407  Train L2 Loss :  0.08732334402799606
Epoch :  19  Epoch time :  139.73686572001316  Train L2 Loss :  0.08438957703113556
Epoch :  20  Epoch time :  148.54554253199603  Train L2 Loss :  0.08185530371367931
Epoch :  21  Epoch time :  152.14592856398667  Train L2 Loss :  0.08002045657932759
Epoch :  22  Epoch time :  146.88276766700437  Train L2 Loss :  0.07796909275650978
Epoch :  23  Epoch time :  145.8186684109969  Train L2 Loss :  0.07628027839660645
Epoch :  24  Epoch time :  153.09742299301433  Train L2 Loss :  0.07487593413889408
Epoch :  25  Epoch time :  161.77542568501667  Train L2 Loss :  0.07341357142031192
Epoch :  26  Epoch time :  146.99472300399793  Train L2 Loss :  0.07193202264904976
Epoch :  27  Epoch time :  147.77158471097937  Train L2 Loss :  0.07057772324085236
Epoch :  28  Epoch time :  157.34720118399127  Train L2 Loss :  0.06931033244431019
Epoch :  29  Epoch time :  157.44294833400636  Train L2 Loss :  0.06837342946082353
Epoch :  30  Epoch time :  151.50838068901794  Train L2 Loss :  0.06672682404369115
Epoch :  31  Epoch time :  146.72709664900322  Train L2 Loss :  0.06576289897561073
Epoch :  32  Epoch time :  155.01836968801217  Train L2 Loss :  0.06507565067261457
Epoch :  33  Epoch time :  154.61425864699413  Train L2 Loss :  0.06381414631754159
Epoch :  34  Epoch time :  141.33408031999716  Train L2 Loss :  0.06366210951507091
Epoch :  35  Epoch time :  150.3320721630007  Train L2 Loss :  0.06351553857326507
Epoch :  36  Epoch time :  150.4197416960087  Train L2 Loss :  0.061520690244436266
Epoch :  37  Epoch time :  146.16868994900142  Train L2 Loss :  0.06181787501573563
Epoch :  38  Epoch time :  141.13862384899403  Train L2 Loss :  0.06067685300409794
Epoch :  39  Epoch time :  151.0151513190067  Train L2 Loss :  0.060054288011789324
Epoch :  40  Epoch time :  157.9011005180073  Train L2 Loss :  0.05943496361374855
Epoch :  41  Epoch time :  147.70760622699163  Train L2 Loss :  0.058684250351786614
Epoch :  42  Epoch time :  142.10448990398436  Train L2 Loss :  0.058169991251826286
Epoch :  43  Epoch time :  152.601733582007  Train L2 Loss :  0.057975159111619
Epoch :  44  Epoch time :  159.34342660699622  Train L2 Loss :  0.05746207009106875
Epoch :  45  Epoch time :  146.70913420899888  Train L2 Loss :  0.05655079790055752
Epoch :  46  Epoch time :  142.09794234699802  Train L2 Loss :  0.056342102719843384
Epoch :  47  Epoch time :  141.86366158199962  Train L2 Loss :  0.056188183227181436
Epoch :  48  Epoch time :  144.29165482299868  Train L2 Loss :  0.055219062772393225
Epoch :  49  Epoch time :  157.04888432601  Train L2 Loss :  0.054476973731815814
Epoch :  50  Epoch time :  165.01926638901932  Train L2 Loss :  0.054260931122303006
Epoch :  51  Epoch time :  155.18251499900362  Train L2 Loss :  0.05363217557519674
Epoch :  52  Epoch time :  164.18275769997854  Train L2 Loss :  0.05366825719177723
Epoch :  53  Epoch time :  153.27017123700352  Train L2 Loss :  0.05282828211188317
Epoch :  54  Epoch time :  143.0247434900084  Train L2 Loss :  0.05292153288722038
Epoch :  55  Epoch time :  157.69063071001437  Train L2 Loss :  0.05255642510801554
Epoch :  56  Epoch time :  163.1884075209964  Train L2 Loss :  0.05208606270849705
Epoch :  57  Epoch time :  149.90454590698937  Train L2 Loss :  0.05202458518743515
Epoch :  58  Epoch time :  144.94574764100253  Train L2 Loss :  0.0517932323127985
Epoch :  59  Epoch time :  145.3634247459995  Train L2 Loss :  0.05156154687553644
Epoch :  60  Epoch time :  144.75612713000737  Train L2 Loss :  0.05117615880072117
Epoch :  61  Epoch time :  154.98445492601604  Train L2 Loss :  0.050912109553813936
Epoch :  62  Epoch time :  165.3285174079938  Train L2 Loss :  0.05055809135138988
Epoch :  63  Epoch time :  158.51174758098205  Train L2 Loss :  0.05045601856559515
Epoch :  64  Epoch time :  147.61758879001718  Train L2 Loss :  0.05036593632400036
Epoch :  65  Epoch time :  145.4983163040015  Train L2 Loss :  0.05030777618288994
Epoch :  66  Epoch time :  145.51161528599914  Train L2 Loss :  0.04973800747692585
Epoch :  67  Epoch time :  166.52232258897857  Train L2 Loss :  0.04967472719997167
Epoch :  68  Epoch time :  168.83064865099732  Train L2 Loss :  0.049394600316882135
Epoch :  69  Epoch time :  151.76566327299224  Train L2 Loss :  0.0493338903516531
Epoch :  70  Epoch time :  152.71033087201067  Train L2 Loss :  0.048847344756126405
Epoch :  71  Epoch time :  166.83236584399128  Train L2 Loss :  0.0491528245896101
Epoch :  72  Epoch time :  163.52176111398148  Train L2 Loss :  0.04843598599731922
Epoch :  73  Epoch time :  146.21475078200456  Train L2 Loss :  0.04835946654975414
Epoch :  74  Epoch time :  157.77704070601612  Train L2 Loss :  0.04828751880824566
Epoch :  75  Epoch time :  166.61461296697962  Train L2 Loss :  0.048117960000038144
Epoch :  76  Epoch time :  158.98338513300405  Train L2 Loss :  0.048502092495560645
Epoch :  77  Epoch time :  153.35272769999574  Train L2 Loss :  0.047777564811706544
Epoch :  78  Epoch time :  172.47085979400435  Train L2 Loss :  0.04781616176366806
Epoch :  79  Epoch time :  177.69155571699957  Train L2 Loss :  0.047946253356337544
Epoch :  80  Epoch time :  149.99101877197972  Train L2 Loss :  0.047241781605780124
Epoch :  81  Epoch time :  147.9282269150135  Train L2 Loss :  0.046974294961988926
Epoch :  82  Epoch time :  148.32985987400752  Train L2 Loss :  0.04668055481314659
Epoch :  83  Epoch time :  147.93603412399534  Train L2 Loss :  0.046540728871524335
Epoch :  84  Epoch time :  147.75501818599878  Train L2 Loss :  0.04641180438101292
Epoch :  85  Epoch time :  158.81021111199516  Train L2 Loss :  0.046473577900230885
Epoch :  86  Epoch time :  171.07058066601167  Train L2 Loss :  0.04586424032598734
Epoch :  87  Epoch time :  166.98567086999537  Train L2 Loss :  0.0459900001168251
Epoch :  88  Epoch time :  154.23734824100393  Train L2 Loss :  0.04589372514486313
Epoch :  89  Epoch time :  150.97785912500694  Train L2 Loss :  0.0457099744617939
Epoch :  90  Epoch time :  164.46510937600397  Train L2 Loss :  0.04624927111566067
Epoch :  91  Epoch time :  177.02409955399344  Train L2 Loss :  0.045365363082289695
Epoch :  92  Epoch time :  161.87385557001107  Train L2 Loss :  0.04529375343024731
Epoch :  93  Epoch time :  149.65296578101697  Train L2 Loss :  0.04515986335426569
Epoch :  94  Epoch time :  149.64970037000603  Train L2 Loss :  0.04527913402915001
Epoch :  95  Epoch time :  156.12182721600402  Train L2 Loss :  0.04497787488996983
Epoch :  96  Epoch time :  175.85261569800787  Train L2 Loss :  0.04473315324634314
Epoch :  97  Epoch time :  170.3297662010009  Train L2 Loss :  0.04493044072985649
Epoch :  98  Epoch time :  170.5570659880177  Train L2 Loss :  0.044899386061728
Epoch :  99  Epoch time :  183.23664705798728  Train L2 Loss :  0.0443676320835948
Epoch :  100  Epoch time :  154.9863834840071  Train L2 Loss :  0.03706531440168619
Epoch :  101  Epoch time :  171.80297006701585  Train L2 Loss :  0.03742423362880945
Epoch :  102  Epoch time :  180.6487571480102  Train L2 Loss :  0.03709012263640761
Epoch :  103  Epoch time :  159.47364406700945  Train L2 Loss :  0.03692225327938795
Epoch :  104  Epoch time :  156.09657502401387  Train L2 Loss :  0.036762172266840934
Epoch :  105  Epoch time :  156.08053868601564  Train L2 Loss :  0.036433844488859175
Epoch :  106  Epoch time :  156.78424356100732  Train L2 Loss :  0.03639666279107332
Epoch :  107  Epoch time :  156.6714325460198  Train L2 Loss :  0.03627307795733213
Epoch :  108  Epoch time :  153.85506802500458  Train L2 Loss :  0.03612235846221447
Epoch :  109  Epoch time :  151.3410550179833  Train L2 Loss :  0.03593412457332015
Epoch :  110  Epoch time :  151.61226491999696  Train L2 Loss :  0.03561688234061003
Epoch :  111  Epoch time :  151.7315154520038  Train L2 Loss :  0.03553273212760687
Epoch :  112  Epoch time :  152.03690401901258  Train L2 Loss :  0.035331806848943235
Epoch :  113  Epoch time :  153.99802340200404  Train L2 Loss :  0.03517954687476158
Epoch :  114  Epoch time :  171.39594743098132  Train L2 Loss :  0.03493449202403426
Epoch :  115  Epoch time :  175.42067373698228  Train L2 Loss :  0.034647031685709956
Epoch :  116  Epoch time :  154.1882926549879  Train L2 Loss :  0.034627774453163146
Epoch :  117  Epoch time :  153.008984272019  Train L2 Loss :  0.034373250697553155
Epoch :  118  Epoch time :  153.71312844700878  Train L2 Loss :  0.03425405075997114
Epoch :  119  Epoch time :  154.3812846709916  Train L2 Loss :  0.034104046443104746
Epoch :  120  Epoch time :  154.36722475802526  Train L2 Loss :  0.033980475610494616
Epoch :  121  Epoch time :  154.00323609699262  Train L2 Loss :  0.033878949098289014
Epoch :  122  Epoch time :  154.86224380799104  Train L2 Loss :  0.033780042535066605
Epoch :  123  Epoch time :  154.62622370800818  Train L2 Loss :  0.033706977798044685
Epoch :  124  Epoch time :  155.11119044100633  Train L2 Loss :  0.03361601555943489
Epoch :  125  Epoch time :  167.8581891959766  Train L2 Loss :  0.033539872412383556
Epoch :  126  Epoch time :  186.59087306298898  Train L2 Loss :  0.03344619017094374
Epoch :  127  Epoch time :  165.19486415400752  Train L2 Loss :  0.033405088764429096
Epoch :  128  Epoch time :  154.1137201259844  Train L2 Loss :  0.03332359009683132
Epoch :  129  Epoch time :  153.6507788739982  Train L2 Loss :  0.03321303889155388
Epoch :  130  Epoch time :  153.8078658739978  Train L2 Loss :  0.03312999557852745
Epoch :  131  Epoch time :  154.0987108849804  Train L2 Loss :  0.033040269299596546
Epoch :  132  Epoch time :  154.2757936209964  Train L2 Loss :  0.03294271111860871
Epoch :  133  Epoch time :  154.77840875298716  Train L2 Loss :  0.03281822757869959
Epoch :  134  Epoch time :  154.36120833700988  Train L2 Loss :  0.03274693723320961
Epoch :  135  Epoch time :  154.462221091002  Train L2 Loss :  0.03263493407666683
Epoch :  136  Epoch time :  155.79290115399635  Train L2 Loss :  0.03251291348934174
Epoch :  137  Epoch time :  175.3400745500112  Train L2 Loss :  0.032461915642768145
Epoch :  138  Epoch time :  182.6973240590014  Train L2 Loss :  0.03237242712825537
Epoch :  139  Epoch time :  154.63727273099357  Train L2 Loss :  0.032311617106199265
Epoch :  140  Epoch time :  154.30706998100504  Train L2 Loss :  0.03222544445544481
Epoch :  141  Epoch time :  154.27221443800954  Train L2 Loss :  0.03218895744681358
Epoch :  142  Epoch time :  155.13916491699638  Train L2 Loss :  0.032077648977935316
Epoch :  143  Epoch time :  155.4655489109864  Train L2 Loss :  0.03204147866591811
Epoch :  144  Epoch time :  157.66324868201627  Train L2 Loss :  0.03194473009556532
Epoch :  145  Epoch time :  160.77005122200353  Train L2 Loss :  0.0318597779892385
Epoch :  146  Epoch time :  161.38251703599235  Train L2 Loss :  0.03184293292909861
Epoch :  147  Epoch time :  161.34277167299297  Train L2 Loss :  0.03180235321894288
Epoch :  148  Epoch time :  172.69100916999741  Train L2 Loss :  0.03173711949586868
Epoch :  149  Epoch time :  188.25005616701674  Train L2 Loss :  0.03168674899935722
Epoch :  150  Epoch time :  164.51312659299583  Train L2 Loss :  0.031683942346274856
Epoch :  151  Epoch time :  159.87851906198193  Train L2 Loss :  0.03147826712578535
Epoch :  152  Epoch time :  155.97147331101587  Train L2 Loss :  0.03145540351346135
Epoch :  153  Epoch time :  155.89630475500599  Train L2 Loss :  0.03148357633501291
Epoch :  154  Epoch time :  156.17874878100702  Train L2 Loss :  0.03134206819832325
Epoch :  155  Epoch time :  155.82865874297568  Train L2 Loss :  0.031273909279704096
Epoch :  156  Epoch time :  157.383224004996  Train L2 Loss :  0.031189552399516107
Epoch :  157  Epoch time :  156.09833274999983  Train L2 Loss :  0.03112078351378441
Epoch :  158  Epoch time :  156.47857625898905  Train L2 Loss :  0.03113044402897358
Epoch :  159  Epoch time :  170.17795451398706  Train L2 Loss :  0.031066548904031516
Epoch :  160  Epoch time :  187.74632425399614  Train L2 Loss :  0.030980725622177123
Epoch :  161  Epoch time :  170.72727806400508  Train L2 Loss :  0.030900884016603233
Epoch :  162  Epoch time :  157.87920968901017  Train L2 Loss :  0.030919355823099612
Epoch :  163  Epoch time :  156.4733148609812  Train L2 Loss :  0.030914892315119506
Epoch :  164  Epoch time :  156.37830630200915  Train L2 Loss :  0.030790170342475175
Epoch :  165  Epoch time :  156.2293597740063  Train L2 Loss :  0.030779757578670977
Epoch :  166  Epoch time :  156.4153494820057  Train L2 Loss :  0.03059238069728017
Epoch :  167  Epoch time :  156.08136553998338  Train L2 Loss :  0.03060035867393017
Epoch :  168  Epoch time :  155.6704962849908  Train L2 Loss :  0.030454008419811725
Epoch :  169  Epoch time :  155.50221908601816  Train L2 Loss :  0.03038555557578802
Epoch :  170  Epoch time :  155.85980182001367  Train L2 Loss :  0.030344223663210868
Epoch :  171  Epoch time :  155.41281699799583  Train L2 Loss :  0.030220110029727222
Epoch :  172  Epoch time :  155.51928404398495  Train L2 Loss :  0.03008119439333677
Epoch :  173  Epoch time :  155.3015786749893  Train L2 Loss :  0.030027739046514033
Epoch :  174  Epoch time :  155.29312088500592  Train L2 Loss :  0.030087825775146484
Epoch :  175  Epoch time :  155.4518294139998  Train L2 Loss :  0.029924735821038485
Epoch :  176  Epoch time :  155.4358195909881  Train L2 Loss :  0.029938153363019228
Epoch :  177  Epoch time :  158.05885088897776  Train L2 Loss :  0.029886459903419017
Epoch :  178  Epoch time :  182.46080668800278  Train L2 Loss :  0.02971246880143881
Epoch :  179  Epoch time :  181.10197799900197  Train L2 Loss :  0.029804375866800546
Epoch :  180  Epoch time :  155.39230877399677  Train L2 Loss :  0.029727840392291545
Epoch :  181  Epoch time :  156.07404535199748  Train L2 Loss :  0.02958847822546959
Epoch :  182  Epoch time :  156.3216243799834  Train L2 Loss :  0.029452011160552502
Epoch :  183  Epoch time :  156.04862555398722  Train L2 Loss :  0.02950737463310361
Epoch :  184  Epoch time :  156.69099048600765  Train L2 Loss :  0.029476738965511323
Epoch :  185  Epoch time :  156.39997214599862  Train L2 Loss :  0.02933991525322199
Epoch :  186  Epoch time :  156.44388301100116  Train L2 Loss :  0.0293390277415514
Epoch :  187  Epoch time :  156.60308750200784  Train L2 Loss :  0.029289450320601464
Epoch :  188  Epoch time :  156.797727733996  Train L2 Loss :  0.02910681184157729
Epoch :  189  Epoch time :  170.3556776040059  Train L2 Loss :  0.029133816193789245
Epoch :  190  Epoch time :  188.27062011600356  Train L2 Loss :  0.02903922539502382
Epoch :  191  Epoch time :  159.94971963801072  Train L2 Loss :  0.02894338413923979
Epoch :  192  Epoch time :  156.24670001101913  Train L2 Loss :  0.02889883838891983
Epoch :  193  Epoch time :  156.30031074699946  Train L2 Loss :  0.02882214442193508
Epoch :  194  Epoch time :  156.1044357540086  Train L2 Loss :  0.02888563894107938
Epoch :  195  Epoch time :  155.99147880799137  Train L2 Loss :  0.02876996937841177
Epoch :  196  Epoch time :  155.80582037899876  Train L2 Loss :  0.028719905545562505
Epoch :  197  Epoch time :  155.8312527030066  Train L2 Loss :  0.02864292611479759
Epoch :  198  Epoch time :  155.84706320799887  Train L2 Loss :  0.028690594913065432
Epoch :  199  Epoch time :  156.14241471298737  Train L2 Loss :  0.028623393242806196
Total time is : 31261.708205400006 Total epoch is  200
