Input dim :  103  output dim :  1
Start training 
158465
Epoch :  0  Epoch time :  129.26895277899166  Train L2 Loss :  1.3965123679161071
Epoch :  1  Epoch time :  129.43336878099944  Train L2 Loss :  1.3427007542133331
Epoch :  2  Epoch time :  129.78259303499362  Train L2 Loss :  0.9872375834465027
Epoch :  3  Epoch time :  129.88264734500262  Train L2 Loss :  0.6853803762197495
Epoch :  4  Epoch time :  130.43641857500188  Train L2 Loss :  0.5047935161828995
Epoch :  5  Epoch time :  130.1501435090031  Train L2 Loss :  0.3767406801223755
Epoch :  6  Epoch time :  131.04123101300502  Train L2 Loss :  0.329067326939106
Epoch :  7  Epoch time :  130.86141952899925  Train L2 Loss :  0.29370548828840254
Epoch :  8  Epoch time :  131.2639942550013  Train L2 Loss :  0.2685576487839222
Epoch :  9  Epoch time :  131.4296959540079  Train L2 Loss :  0.24644910888671875
Epoch :  10  Epoch time :  132.29481665299681  Train L2 Loss :  0.22881222412586213
Epoch :  11  Epoch time :  132.6609633929911  Train L2 Loss :  0.21435543876886368
Epoch :  12  Epoch time :  132.66563227199367  Train L2 Loss :  0.2027623013138771
Epoch :  13  Epoch time :  132.57366838400776  Train L2 Loss :  0.19238582363128662
Epoch :  14  Epoch time :  132.48869210200792  Train L2 Loss :  0.1831572129368782
Epoch :  15  Epoch time :  133.09225077700103  Train L2 Loss :  0.17720746265649795
Epoch :  16  Epoch time :  133.72444357100176  Train L2 Loss :  0.17172252629995347
Epoch :  17  Epoch time :  133.54338638599438  Train L2 Loss :  0.16580391847491263
Epoch :  18  Epoch time :  134.01038144799531  Train L2 Loss :  0.16178897688388824
Epoch :  19  Epoch time :  133.83790375999524  Train L2 Loss :  0.1581693472445011
Epoch :  20  Epoch time :  134.35386343899881  Train L2 Loss :  0.15450226686000823
Epoch :  21  Epoch time :  134.1233858630003  Train L2 Loss :  0.15150537239313125
Epoch :  22  Epoch time :  134.5800734009972  Train L2 Loss :  0.14822392620444297
Epoch :  23  Epoch time :  134.53174615598982  Train L2 Loss :  0.14583135559558869
Epoch :  24  Epoch time :  134.73000267999305  Train L2 Loss :  0.14360270330309868
Epoch :  25  Epoch time :  133.69849328498822  Train L2 Loss :  0.14113599647283553
Epoch :  26  Epoch time :  134.52126445299655  Train L2 Loss :  0.1386485913783312
Epoch :  27  Epoch time :  135.71053045599547  Train L2 Loss :  0.136424469602108
Epoch :  28  Epoch time :  135.98728276000475  Train L2 Loss :  0.13421205327808858
Epoch :  29  Epoch time :  135.78580023099494  Train L2 Loss :  0.13180324923098088
Epoch :  30  Epoch time :  135.1224300969916  Train L2 Loss :  0.12981111885905267
Epoch :  31  Epoch time :  136.18680596699414  Train L2 Loss :  0.128234630972147
Epoch :  32  Epoch time :  136.62899237699457  Train L2 Loss :  0.12543399652540685
Epoch :  33  Epoch time :  136.75096678899718  Train L2 Loss :  0.12388618777096272
Epoch :  34  Epoch time :  137.30811893500504  Train L2 Loss :  0.12242758526206017
Epoch :  35  Epoch time :  137.0194988459989  Train L2 Loss :  0.12020042473077774
Epoch :  36  Epoch time :  137.18537705800554  Train L2 Loss :  0.11921459670066833
Epoch :  37  Epoch time :  137.47867808298906  Train L2 Loss :  0.11747154696881772
Epoch :  38  Epoch time :  137.55295022499922  Train L2 Loss :  0.1163881936967373
Epoch :  39  Epoch time :  137.51551385699713  Train L2 Loss :  0.11550140330791474
Epoch :  40  Epoch time :  138.03390750300605  Train L2 Loss :  0.11393213415741921
Epoch :  41  Epoch time :  137.8123397790041  Train L2 Loss :  0.11279538232088089
Epoch :  42  Epoch time :  138.1319401560031  Train L2 Loss :  0.11202817466855049
Epoch :  43  Epoch time :  138.00464822299546  Train L2 Loss :  0.11096220142841338
Epoch :  44  Epoch time :  138.64002873199934  Train L2 Loss :  0.10976868807077408
Epoch :  45  Epoch time :  138.71434883800976  Train L2 Loss :  0.10934775144457817
Epoch :  46  Epoch time :  138.96000986700528  Train L2 Loss :  0.1083349405437708
Epoch :  47  Epoch time :  139.00531862000935  Train L2 Loss :  0.10736155205368995
Epoch :  48  Epoch time :  139.24809087598987  Train L2 Loss :  0.10656529206037521
Epoch :  49  Epoch time :  139.15621708300023  Train L2 Loss :  0.10607348569333554
Epoch :  50  Epoch time :  139.40205496099952  Train L2 Loss :  0.10525477133393288
Epoch :  51  Epoch time :  139.50310729000194  Train L2 Loss :  0.10457264085114003
Epoch :  52  Epoch time :  139.8159806439944  Train L2 Loss :  0.10436224453747273
Epoch :  53  Epoch time :  139.76748384299572  Train L2 Loss :  0.10345549174249172
Epoch :  54  Epoch time :  139.92476983100642  Train L2 Loss :  0.10320403891801834
Epoch :  55  Epoch time :  140.15054187600617  Train L2 Loss :  0.10298201971650124
Epoch :  56  Epoch time :  140.3916660780087  Train L2 Loss :  0.10189910309016705
Epoch :  57  Epoch time :  140.4149008270033  Train L2 Loss :  0.10187330943048001
Epoch :  58  Epoch time :  140.41308286199637  Train L2 Loss :  0.101326170784235
Epoch :  59  Epoch time :  140.61913710500812  Train L2 Loss :  0.10070300452709198
Epoch :  60  Epoch time :  140.69686140300473  Train L2 Loss :  0.10070092332661151
Epoch :  61  Epoch time :  141.11851545999525  Train L2 Loss :  0.10121636151075364
Epoch :  62  Epoch time :  141.09208202200534  Train L2 Loss :  0.09896411378979683
Epoch :  63  Epoch time :  140.9987699839985  Train L2 Loss :  0.09944523914158344
Epoch :  64  Epoch time :  141.19723526400048  Train L2 Loss :  0.09906471979618073
Epoch :  65  Epoch time :  141.4326711629983  Train L2 Loss :  0.0987214664131403
Epoch :  66  Epoch time :  141.43353976898652  Train L2 Loss :  0.09843528726100921
Epoch :  67  Epoch time :  141.6178046379937  Train L2 Loss :  0.09823154042959213
Epoch :  68  Epoch time :  141.84940040500078  Train L2 Loss :  0.09765151582658291
Epoch :  69  Epoch time :  142.07247541799734  Train L2 Loss :  0.0973158458828926
Epoch :  70  Epoch time :  142.31468149399734  Train L2 Loss :  0.09700328769683837
Epoch :  71  Epoch time :  142.32543048200023  Train L2 Loss :  0.09684391462802887
Epoch :  72  Epoch time :  142.71062135401007  Train L2 Loss :  0.09647456756830215
Epoch :  73  Epoch time :  142.7361801490042  Train L2 Loss :  0.09592930088341237
Epoch :  74  Epoch time :  142.8922264520079  Train L2 Loss :  0.09562764551043511
Epoch :  75  Epoch time :  142.9593262339913  Train L2 Loss :  0.0954905789256096
Epoch :  76  Epoch time :  143.3138593499898  Train L2 Loss :  0.09476857084035874
Epoch :  77  Epoch time :  143.3558817160083  Train L2 Loss :  0.09496965810656548
Epoch :  78  Epoch time :  143.6713828840002  Train L2 Loss :  0.09416464447677135
Epoch :  79  Epoch time :  143.7798404770001  Train L2 Loss :  0.09390321621894837
Epoch :  80  Epoch time :  144.10015333400224  Train L2 Loss :  0.09376292755901813
Epoch :  81  Epoch time :  144.05820324199158  Train L2 Loss :  0.09346941832900048
Epoch :  82  Epoch time :  144.07959414299694  Train L2 Loss :  0.09310006588697434
Epoch :  83  Epoch time :  144.09187405899866  Train L2 Loss :  0.09187170711159706
Epoch :  84  Epoch time :  144.35553852999874  Train L2 Loss :  0.091238824146986
Epoch :  85  Epoch time :  144.5299444070115  Train L2 Loss :  0.09093903314769268
Epoch :  86  Epoch time :  144.68406960299762  Train L2 Loss :  0.09016740672588348
Epoch :  87  Epoch time :  144.7043603679922  Train L2 Loss :  0.09044173771142959
Epoch :  88  Epoch time :  144.83563444898755  Train L2 Loss :  0.08937112999558448
Epoch :  89  Epoch time :  149.3498413519992  Train L2 Loss :  0.08933222765922547
Epoch :  90  Epoch time :  148.7733989940025  Train L2 Loss :  0.08879882514774799
Epoch :  91  Epoch time :  145.9518203290063  Train L2 Loss :  0.08816309468746185
Epoch :  92  Epoch time :  145.68573427699448  Train L2 Loss :  0.0875812225162983
Epoch :  93  Epoch time :  145.4433097789879  Train L2 Loss :  0.08638136319518089
Epoch :  94  Epoch time :  145.94054482900538  Train L2 Loss :  0.0863413308352232
Epoch :  95  Epoch time :  146.19246446999023  Train L2 Loss :  0.08607366515994072
Epoch :  96  Epoch time :  146.27686586699565  Train L2 Loss :  0.08573842846155166
Epoch :  97  Epoch time :  150.79297368200787  Train L2 Loss :  0.08562827303409576
Epoch :  98  Epoch time :  152.1308886760089  Train L2 Loss :  0.08505223055183887
Epoch :  99  Epoch time :  152.06679697798972  Train L2 Loss :  0.0849685298204422
Epoch :  100  Epoch time :  152.70216409100976  Train L2 Loss :  0.07076446526944637
Epoch :  101  Epoch time :  156.48953758699645  Train L2 Loss :  0.07074315976202487
Epoch :  102  Epoch time :  175.06017173499276  Train L2 Loss :  0.07030976309478283
Epoch :  103  Epoch time :  167.6246956219984  Train L2 Loss :  0.06975562847405672
Epoch :  104  Epoch time :  146.02774215200043  Train L2 Loss :  0.06913142518997192
Epoch :  105  Epoch time :  161.32713638299902  Train L2 Loss :  0.06863861848711968
Epoch :  106  Epoch time :  184.06318099499913  Train L2 Loss :  0.06808166861981153
Epoch :  107  Epoch time :  159.72626043099444  Train L2 Loss :  0.06757742217481136
Epoch :  108  Epoch time :  149.70401232798758  Train L2 Loss :  0.06724009182453156
Epoch :  109  Epoch time :  170.93753643200034  Train L2 Loss :  0.06701599451005459
Epoch :  110  Epoch time :  176.72525472399138  Train L2 Loss :  0.06665532678961754
Epoch :  111  Epoch time :  154.73739003299852  Train L2 Loss :  0.06632853858917952
Epoch :  112  Epoch time :  154.36323205499502  Train L2 Loss :  0.06599984115362167
Epoch :  113  Epoch time :  154.4202235089906  Train L2 Loss :  0.06575046811252833
Epoch :  114  Epoch time :  154.50525851600105  Train L2 Loss :  0.06532748224139213
Epoch :  115  Epoch time :  155.04887682500703  Train L2 Loss :  0.0651356398627162
Epoch :  116  Epoch time :  154.97362186700047  Train L2 Loss :  0.06474957502037287
Epoch :  117  Epoch time :  155.22837670099398  Train L2 Loss :  0.0645162232965231
Epoch :  118  Epoch time :  155.31113790499512  Train L2 Loss :  0.0641902421668172
Epoch :  119  Epoch time :  155.24501208199945  Train L2 Loss :  0.0639747775554657
Epoch :  120  Epoch time :  172.16050539900607  Train L2 Loss :  0.06372468534111976
Epoch :  121  Epoch time :  175.50539776099322  Train L2 Loss :  0.06344155002236367
Epoch :  122  Epoch time :  151.5847196130053  Train L2 Loss :  0.06326856884360313
Epoch :  123  Epoch time :  150.46187599000405  Train L2 Loss :  0.06311040003746748
Epoch :  124  Epoch time :  150.15674385298917  Train L2 Loss :  0.06288593780994416
Epoch :  125  Epoch time :  150.55618482100544  Train L2 Loss :  0.06272492092698813
Epoch :  126  Epoch time :  149.70787886501057  Train L2 Loss :  0.06262366493046284
Epoch :  127  Epoch time :  149.86441550600284  Train L2 Loss :  0.062470749002695086
Epoch :  128  Epoch time :  149.632552821  Train L2 Loss :  0.06197699986696243
Epoch :  129  Epoch time :  149.73262636999425  Train L2 Loss :  0.06126599107682705
Epoch :  130  Epoch time :  149.76371640901198  Train L2 Loss :  0.06103794069290161
Epoch :  131  Epoch time :  150.14132805498957  Train L2 Loss :  0.060746470026671884
Epoch :  132  Epoch time :  150.1500673529954  Train L2 Loss :  0.06060203738808632
Epoch :  133  Epoch time :  150.1589291570126  Train L2 Loss :  0.06031525142341852
Epoch :  134  Epoch time :  150.1854352090013  Train L2 Loss :  0.060072324365377426
Epoch :  135  Epoch time :  150.15437142399605  Train L2 Loss :  0.05967926403135061
Epoch :  136  Epoch time :  149.75134667099337  Train L2 Loss :  0.059231584344804286
Epoch :  137  Epoch time :  149.89490279600432  Train L2 Loss :  0.05898686239421368
Epoch :  138  Epoch time :  150.02009819200612  Train L2 Loss :  0.058812695807218554
Epoch :  139  Epoch time :  150.116871952996  Train L2 Loss :  0.05851602372825146
Epoch :  140  Epoch time :  150.15611132699996  Train L2 Loss :  0.058288471703231336
Epoch :  141  Epoch time :  150.17964116499934  Train L2 Loss :  0.05785350031703711
Epoch :  142  Epoch time :  150.0738201889908  Train L2 Loss :  0.05774216692149639
Epoch :  143  Epoch time :  170.83858305297326  Train L2 Loss :  0.05740050554573536
Epoch :  144  Epoch time :  183.01074004199472  Train L2 Loss :  0.05720014386475086
Epoch :  145  Epoch time :  151.50138425600016  Train L2 Loss :  0.05696731660813093
Epoch :  146  Epoch time :  152.9898131020018  Train L2 Loss :  0.056729064959287645
Epoch :  147  Epoch time :  175.10713042598218  Train L2 Loss :  0.05648690325766802
Epoch :  148  Epoch time :  185.3402526449936  Train L2 Loss :  0.05623052901625633
Epoch :  149  Epoch time :  152.2384862700128  Train L2 Loss :  0.05601284799575806
Epoch :  150  Epoch time :  164.27550150401657  Train L2 Loss :  0.055812722881138324
Epoch :  151  Epoch time :  188.4428989070002  Train L2 Loss :  0.05560810364484787
Epoch :  152  Epoch time :  171.678205040982  Train L2 Loss :  0.055329322989284994
Epoch :  153  Epoch time :  151.0137051799975  Train L2 Loss :  0.055200457459688185
Epoch :  154  Epoch time :  155.59376999697997  Train L2 Loss :  0.05508156703710556
Epoch :  155  Epoch time :  181.79018756898586  Train L2 Loss :  0.05487415791451931
Epoch :  156  Epoch time :  175.00359467798262  Train L2 Loss :  0.05454649918675423
Epoch :  157  Epoch time :  152.2581752469996  Train L2 Loss :  0.05424606371372938
Epoch :  158  Epoch time :  163.77085035500932  Train L2 Loss :  0.0539300064265728
Epoch :  159  Epoch time :  168.9124635370099  Train L2 Loss :  0.05368855978548527
Epoch :  160  Epoch time :  160.6161473740067  Train L2 Loss :  0.053487811595201495
Epoch :  161  Epoch time :  151.88913614398916  Train L2 Loss :  0.05314664253294468
Epoch :  162  Epoch time :  151.79138105901075  Train L2 Loss :  0.05289089480638504
Epoch :  163  Epoch time :  151.98641846099054  Train L2 Loss :  0.05264595294892788
Epoch :  164  Epoch time :  151.6741569470032  Train L2 Loss :  0.052462713927030565
Epoch :  165  Epoch time :  151.52228250098415  Train L2 Loss :  0.05223648429811001
Epoch :  166  Epoch time :  151.30956534598954  Train L2 Loss :  0.05206697133034468
Epoch :  167  Epoch time :  151.02781779298675  Train L2 Loss :  0.05185463991314173
Epoch :  168  Epoch time :  150.8808951349929  Train L2 Loss :  0.051638717661798
Epoch :  169  Epoch time :  150.8020102219889  Train L2 Loss :  0.05143131012320518
Epoch :  170  Epoch time :  152.91610518697416  Train L2 Loss :  0.05124727068245411
Epoch :  171  Epoch time :  150.44902388000628  Train L2 Loss :  0.05101523828357458
Epoch :  172  Epoch time :  150.43721556701348  Train L2 Loss :  0.050719937774538995
Epoch :  173  Epoch time :  150.5304354589898  Train L2 Loss :  0.050631059154868124
Epoch :  174  Epoch time :  150.56564747501398  Train L2 Loss :  0.05034875712692738
Epoch :  175  Epoch time :  150.85347062998335  Train L2 Loss :  0.050028939121961595
Epoch :  176  Epoch time :  151.0163567189884  Train L2 Loss :  0.049827317762374874
Epoch :  177  Epoch time :  151.1470832709747  Train L2 Loss :  0.04949722649753094
Epoch :  178  Epoch time :  150.95224609799334  Train L2 Loss :  0.04933687958419323
Epoch :  179  Epoch time :  151.0967299209733  Train L2 Loss :  0.04910992260128259
Epoch :  180  Epoch time :  151.20223397601512  Train L2 Loss :  0.04905312903225422
Epoch :  181  Epoch time :  153.40432199201314  Train L2 Loss :  0.0487336010158062
Epoch :  182  Epoch time :  174.37529586200253  Train L2 Loss :  0.04856580556333065
Epoch :  183  Epoch time :  175.31228350798483  Train L2 Loss :  0.04840646887719631
Epoch :  184  Epoch time :  158.11137089200201  Train L2 Loss :  0.04816124379783869
Epoch :  185  Epoch time :  166.6311365829897  Train L2 Loss :  0.048127742394804954
Epoch :  186  Epoch time :  181.96354652298032  Train L2 Loss :  0.04798563064336777
Epoch :  187  Epoch time :  157.20015336800134  Train L2 Loss :  0.047783712348341945
Epoch :  188  Epoch time :  148.52524329299922  Train L2 Loss :  0.047605646507442
Epoch :  189  Epoch time :  159.4673869019898  Train L2 Loss :  0.04747711992561817
Epoch :  190  Epoch time :  178.59809293199214  Train L2 Loss :  0.0473459609284997
Epoch :  191  Epoch time :  150.43698104898795  Train L2 Loss :  0.04722398307621479
Epoch :  192  Epoch time :  143.11305147298845  Train L2 Loss :  0.04700208998024464
Epoch :  193  Epoch time :  160.27838718498242  Train L2 Loss :  0.04685503896176815
Epoch :  194  Epoch time :  180.45937066100305  Train L2 Loss :  0.04679909742474556
Epoch :  195  Epoch time :  159.48515089898137  Train L2 Loss :  0.046686952212452885
Epoch :  196  Epoch time :  148.54228533201967  Train L2 Loss :  0.046640222209692
Epoch :  197  Epoch time :  170.58027708801092  Train L2 Loss :  0.046384031385183336
Epoch :  198  Epoch time :  169.4367490519944  Train L2 Loss :  0.046266869555413724
Epoch :  199  Epoch time :  143.56319595497916  Train L2 Loss :  0.04615334020704031
Total time is : 29711.235733780006 Total epoch is  200
