Input dim :  103  output dim :  1
Start training 
15041
Epoch :  0  Epoch time :  150.802301746  Train L2 Loss :  1.3969377681732178
Epoch :  1  Epoch time :  152.42521077499987  Train L2 Loss :  1.2941179218769074
Epoch :  2  Epoch time :  148.97217607199855  Train L2 Loss :  0.8065603780269622
Epoch :  3  Epoch time :  145.83565113799705  Train L2 Loss :  0.653773579955101
Epoch :  4  Epoch time :  145.8063453240029  Train L2 Loss :  0.6144693350315094
Epoch :  5  Epoch time :  154.22107799899823  Train L2 Loss :  0.5919815217256545
Epoch :  6  Epoch time :  148.03088263699465  Train L2 Loss :  0.5598387286782265
Epoch :  7  Epoch time :  149.79923421499552  Train L2 Loss :  0.4312703068733215
Epoch :  8  Epoch time :  154.93484451599943  Train L2 Loss :  0.37404561108350753
Epoch :  9  Epoch time :  159.6394047060021  Train L2 Loss :  0.34279311105012894
Epoch :  10  Epoch time :  152.85922522699548  Train L2 Loss :  0.31988116500377656
Epoch :  11  Epoch time :  150.35863417899964  Train L2 Loss :  0.29947943592071535
Epoch :  12  Epoch time :  150.3578121419996  Train L2 Loss :  0.28478671447634696
Epoch :  13  Epoch time :  151.75577258900012  Train L2 Loss :  0.270596462148428
Epoch :  14  Epoch time :  151.27648807699734  Train L2 Loss :  0.26098156727552413
Epoch :  15  Epoch time :  152.22190100399894  Train L2 Loss :  0.25314461401104926
Epoch :  16  Epoch time :  157.64939546099777  Train L2 Loss :  0.24620268557071687
Epoch :  17  Epoch time :  164.97846075800044  Train L2 Loss :  0.23973913215994835
Epoch :  18  Epoch time :  155.81323108400102  Train L2 Loss :  0.23399050837159158
Epoch :  19  Epoch time :  150.60519820499758  Train L2 Loss :  0.22921073701381683
Epoch :  20  Epoch time :  165.3181757429993  Train L2 Loss :  0.2241957290530205
Epoch :  21  Epoch time :  167.42566117800015  Train L2 Loss :  0.21983565878272057
Epoch :  22  Epoch time :  161.4304355899949  Train L2 Loss :  0.21574010576605795
Epoch :  23  Epoch time :  155.5379847639997  Train L2 Loss :  0.21218495583534241
Epoch :  24  Epoch time :  163.23315509199892  Train L2 Loss :  0.20877157752513886
Epoch :  25  Epoch time :  168.49277794900263  Train L2 Loss :  0.20551331570148468
Epoch :  26  Epoch time :  158.8179065220029  Train L2 Loss :  0.20298886481523515
Epoch :  27  Epoch time :  159.67283644500276  Train L2 Loss :  0.20043659493923188
Epoch :  28  Epoch time :  165.42157561500062  Train L2 Loss :  0.19784167800545693
Epoch :  29  Epoch time :  169.17675856999995  Train L2 Loss :  0.1959092928290367
Epoch :  30  Epoch time :  161.42923630500445  Train L2 Loss :  0.19358185942769052
Epoch :  31  Epoch time :  162.20348074499634  Train L2 Loss :  0.1913691904067993
Epoch :  32  Epoch time :  163.9693127549981  Train L2 Loss :  0.18980130140185356
Epoch :  33  Epoch time :  175.6593087920046  Train L2 Loss :  0.18817527633905412
Epoch :  34  Epoch time :  157.8995525989958  Train L2 Loss :  0.18544328438043595
Epoch :  35  Epoch time :  164.06168725599855  Train L2 Loss :  0.1833657579302788
Epoch :  36  Epoch time :  170.5770235480013  Train L2 Loss :  0.18111777865886688
Epoch :  37  Epoch time :  164.41099486400344  Train L2 Loss :  0.1791292375922203
Epoch :  38  Epoch time :  159.73194844400132  Train L2 Loss :  0.17743732701539994
Epoch :  39  Epoch time :  167.14027568000165  Train L2 Loss :  0.17535571637153624
Epoch :  40  Epoch time :  174.33822915999917  Train L2 Loss :  0.1734090814113617
Epoch :  41  Epoch time :  162.77264675599872  Train L2 Loss :  0.17174345254302026
Epoch :  42  Epoch time :  163.13509364199854  Train L2 Loss :  0.17010411674380302
Epoch :  43  Epoch time :  171.97789887799445  Train L2 Loss :  0.16877010632157327
Epoch :  44  Epoch time :  173.0832394300014  Train L2 Loss :  0.16738171417713166
Epoch :  45  Epoch time :  164.3647620979973  Train L2 Loss :  0.16660466624498368
Epoch :  46  Epoch time :  165.5898021729954  Train L2 Loss :  0.16512567343115805
Epoch :  47  Epoch time :  173.05999504799547  Train L2 Loss :  0.16430838594436645
Epoch :  48  Epoch time :  175.60119768200093  Train L2 Loss :  0.16334276120066643
Epoch :  49  Epoch time :  164.53695579600026  Train L2 Loss :  0.16222747021317482
Epoch :  50  Epoch time :  172.166227421003  Train L2 Loss :  0.1614840639770031
Epoch :  51  Epoch time :  175.17083343900595  Train L2 Loss :  0.16042546194195748
Epoch :  52  Epoch time :  166.39153559900296  Train L2 Loss :  0.1597031890630722
Epoch :  53  Epoch time :  166.9476112689954  Train L2 Loss :  0.15907014327049254
Epoch :  54  Epoch time :  174.8917008770004  Train L2 Loss :  0.15831965861916542
Epoch :  55  Epoch time :  181.97680245499942  Train L2 Loss :  0.15735706971287727
Epoch :  56  Epoch time :  169.50900418400124  Train L2 Loss :  0.1572307182610035
Epoch :  57  Epoch time :  174.08979683699727  Train L2 Loss :  0.15620517369508743
Epoch :  58  Epoch time :  179.56351173800067  Train L2 Loss :  0.15576347239017488
Epoch :  59  Epoch time :  176.30685266399814  Train L2 Loss :  0.15508797432184218
Epoch :  60  Epoch time :  168.76355769599468  Train L2 Loss :  0.1545571673989296
Epoch :  61  Epoch time :  175.0193435100009  Train L2 Loss :  0.15353652645647525
Epoch :  62  Epoch time :  184.66946059000475  Train L2 Loss :  0.15267179948687554
Epoch :  63  Epoch time :  172.08756189700216  Train L2 Loss :  0.1515019812464714
Epoch :  64  Epoch time :  168.7645258679986  Train L2 Loss :  0.1506342328608036
Epoch :  65  Epoch time :  177.77023067200207  Train L2 Loss :  0.1499879217863083
Epoch :  66  Epoch time :  177.48748383199563  Train L2 Loss :  0.14892339696884155
Epoch :  67  Epoch time :  179.90350234200014  Train L2 Loss :  0.14840020196437836
Epoch :  68  Epoch time :  175.59342836399446  Train L2 Loss :  0.14716942796707153
Epoch :  69  Epoch time :  182.73542247599835  Train L2 Loss :  0.14645055313110353
Epoch :  70  Epoch time :  180.59017009299714  Train L2 Loss :  0.14547625805735587
Epoch :  71  Epoch time :  173.2537890790045  Train L2 Loss :  0.14454967886209488
Epoch :  72  Epoch time :  169.33494587099995  Train L2 Loss :  0.14357317746281623
Epoch :  73  Epoch time :  183.34000558400294  Train L2 Loss :  0.14299032205045223
Epoch :  74  Epoch time :  179.8495350019948  Train L2 Loss :  0.14230115263462068
Epoch :  75  Epoch time :  188.66605267499835  Train L2 Loss :  0.14164897089898587
Epoch :  76  Epoch time :  179.9399223490036  Train L2 Loss :  0.14072197197079658
Epoch :  77  Epoch time :  174.61735433199647  Train L2 Loss :  0.140098166847229
Epoch :  78  Epoch time :  173.20548315299675  Train L2 Loss :  0.1391851872354746
Epoch :  79  Epoch time :  182.42080789999454  Train L2 Loss :  0.13834917299449445
Epoch :  80  Epoch time :  185.8190887230012  Train L2 Loss :  0.13796663766503334
Epoch :  81  Epoch time :  181.68018148299598  Train L2 Loss :  0.13740222512483596
Epoch :  82  Epoch time :  175.0926144519981  Train L2 Loss :  0.13658971934914588
Epoch :  83  Epoch time :  186.3932468790008  Train L2 Loss :  0.1361738877415657
Epoch :  84  Epoch time :  187.89700141200592  Train L2 Loss :  0.13543120309710502
Epoch :  85  Epoch time :  177.6371426350015  Train L2 Loss :  0.13507059546411038
Epoch :  86  Epoch time :  172.17086896899855  Train L2 Loss :  0.13450470351576804
Epoch :  87  Epoch time :  199.6583493010039  Train L2 Loss :  0.1341298828601837
Epoch :  88  Epoch time :  190.84296402300242  Train L2 Loss :  0.13346044644117355
Epoch :  89  Epoch time :  179.98871086299914  Train L2 Loss :  0.1330078211903572
Epoch :  90  Epoch time :  179.4831075080001  Train L2 Loss :  0.13260256337821483
Epoch :  91  Epoch time :  184.4131885559982  Train L2 Loss :  0.13134479162096976
Epoch :  92  Epoch time :  197.19101383200177  Train L2 Loss :  0.1309976117938757
Epoch :  93  Epoch time :  191.4851989289964  Train L2 Loss :  0.13045953177809716
Epoch :  94  Epoch time :  180.39703238799848  Train L2 Loss :  0.12970009771585464
Epoch :  95  Epoch time :  174.33370188099798  Train L2 Loss :  0.12923040974140168
Epoch :  96  Epoch time :  198.8294892949998  Train L2 Loss :  0.1287659195959568
Epoch :  97  Epoch time :  195.1098033879971  Train L2 Loss :  0.12847100448608398
Epoch :  98  Epoch time :  188.72853892199782  Train L2 Loss :  0.1279506672143936
Epoch :  99  Epoch time :  180.7339456059999  Train L2 Loss :  0.1276175348430872
Epoch :  100  Epoch time :  188.5571794839998  Train L2 Loss :  0.11756485055685044
Epoch :  101  Epoch time :  204.38542336600221  Train L2 Loss :  0.11763449792861938
Epoch :  102  Epoch time :  188.89938250699925  Train L2 Loss :  0.11683570967912674
Epoch :  103  Epoch time :  187.55369135299406  Train L2 Loss :  0.11589985772967339
Epoch :  104  Epoch time :  202.1025683629996  Train L2 Loss :  0.11529301955699921
Epoch :  105  Epoch time :  189.46178701100143  Train L2 Loss :  0.11481196600794792
Epoch :  106  Epoch time :  185.7806940340015  Train L2 Loss :  0.11448506952524184
Epoch :  107  Epoch time :  189.53420287799963  Train L2 Loss :  0.11395057114958763
Epoch :  108  Epoch time :  186.00951237000118  Train L2 Loss :  0.11356825055480003
Epoch :  109  Epoch time :  186.56217707399628  Train L2 Loss :  0.11281781553924083
Epoch :  110  Epoch time :  186.33771198199975  Train L2 Loss :  0.11214595103859902
Epoch :  111  Epoch time :  186.9157076219999  Train L2 Loss :  0.11140479996204376
Epoch :  112  Epoch time :  186.80326528300066  Train L2 Loss :  0.11118092459440232
Epoch :  113  Epoch time :  189.51281195100455  Train L2 Loss :  0.11069107956290244
Epoch :  114  Epoch time :  188.39302043899806  Train L2 Loss :  0.11035191809237004
Epoch :  115  Epoch time :  187.82220560900168  Train L2 Loss :  0.10998501518666744
Epoch :  116  Epoch time :  190.60654259600415  Train L2 Loss :  0.10977066522240639
Epoch :  117  Epoch time :  189.3596465199953  Train L2 Loss :  0.10935134716928005
Epoch :  118  Epoch time :  191.59916633200191  Train L2 Loss :  0.10909156756997108
Epoch :  119  Epoch time :  191.04424593300064  Train L2 Loss :  0.10883992061913013
Epoch :  120  Epoch time :  190.47117305199936  Train L2 Loss :  0.10841321441233158
Epoch :  121  Epoch time :  191.70159433499794  Train L2 Loss :  0.10795147326886653
Epoch :  122  Epoch time :  192.97031000500283  Train L2 Loss :  0.1076549770116806
Epoch :  123  Epoch time :  191.65422820299864  Train L2 Loss :  0.1072037158548832
Epoch :  124  Epoch time :  192.19230137399427  Train L2 Loss :  0.1067230494260788
Epoch :  125  Epoch time :  192.19928026899288  Train L2 Loss :  0.10634752547740936
Epoch :  126  Epoch time :  191.64090217000194  Train L2 Loss :  0.10598011458814144
Epoch :  127  Epoch time :  190.23357250499976  Train L2 Loss :  0.10562654438614845
Epoch :  128  Epoch time :  189.56806833500013  Train L2 Loss :  0.10530882543325425
Epoch :  129  Epoch time :  183.3265475340013  Train L2 Loss :  0.10507293936610222
Epoch :  130  Epoch time :  197.0148200919939  Train L2 Loss :  0.1047123395562172
Epoch :  131  Epoch time :  192.51154654900893  Train L2 Loss :  0.10454755567014218
Epoch :  132  Epoch time :  191.67461335999542  Train L2 Loss :  0.10420260455012322
Epoch :  133  Epoch time :  191.25183947700134  Train L2 Loss :  0.10400387448072433
Epoch :  134  Epoch time :  190.66225786801078  Train L2 Loss :  0.10365511491894722
Epoch :  135  Epoch time :  191.33099506799772  Train L2 Loss :  0.10342278404831887
Epoch :  136  Epoch time :  190.47616572699917  Train L2 Loss :  0.10315372608602047
Epoch :  137  Epoch time :  190.98164629099483  Train L2 Loss :  0.10273827178180217
Epoch :  138  Epoch time :  191.938370666001  Train L2 Loss :  0.1025008824467659
Epoch :  139  Epoch time :  192.51081717800116  Train L2 Loss :  0.10215126379132271
Epoch :  140  Epoch time :  192.3501554579998  Train L2 Loss :  0.10185989826917648
Epoch :  141  Epoch time :  190.69513702200493  Train L2 Loss :  0.10166777440011501
Epoch :  142  Epoch time :  187.66359863999241  Train L2 Loss :  0.10134024786949157
Epoch :  143  Epoch time :  202.31369406500016  Train L2 Loss :  0.1011331467807293
Epoch :  144  Epoch time :  188.00757200499356  Train L2 Loss :  0.10087003919184208
Epoch :  145  Epoch time :  192.1037673779938  Train L2 Loss :  0.10052291257977486
Epoch :  146  Epoch time :  191.53509589799796  Train L2 Loss :  0.10037385335564614
Epoch :  147  Epoch time :  192.926444429002  Train L2 Loss :  0.1000495815306902
Epoch :  148  Epoch time :  191.73759541699837  Train L2 Loss :  0.09985108735859394
Epoch :  149  Epoch time :  184.10736966300465  Train L2 Loss :  0.09964903500676155
Epoch :  150  Epoch time :  203.5251644289965  Train L2 Loss :  0.09942171492278576
Epoch :  151  Epoch time :  192.08819183400192  Train L2 Loss :  0.09923938530683517
Epoch :  152  Epoch time :  192.34709825499158  Train L2 Loss :  0.09910564749538898
Epoch :  153  Epoch time :  192.98976573899563  Train L2 Loss :  0.09897052881717681
Epoch :  154  Epoch time :  193.307875538012  Train L2 Loss :  0.09873827641010284
Epoch :  155  Epoch time :  191.9264915620006  Train L2 Loss :  0.09854108519852162
Epoch :  156  Epoch time :  183.66282124599093  Train L2 Loss :  0.09840281991660595
Epoch :  157  Epoch time :  200.48289283500344  Train L2 Loss :  0.09791592329144477
Epoch :  158  Epoch time :  193.58050432799791  Train L2 Loss :  0.0976732048690319
Epoch :  159  Epoch time :  192.44677235899144  Train L2 Loss :  0.09750298650860786
Epoch :  160  Epoch time :  193.20604736999667  Train L2 Loss :  0.09734310919344426
Epoch :  161  Epoch time :  190.74816063800245  Train L2 Loss :  0.0970806440770626
Epoch :  162  Epoch time :  197.87887126000714  Train L2 Loss :  0.09693392686843873
Epoch :  163  Epoch time :  190.3880005999963  Train L2 Loss :  0.09679122723937035
Epoch :  164  Epoch time :  192.7411980850011  Train L2 Loss :  0.09667701150178909
Epoch :  165  Epoch time :  190.91139239699987  Train L2 Loss :  0.09641354763507844
Epoch :  166  Epoch time :  190.08132523899258  Train L2 Loss :  0.09625265525281429
Epoch :  167  Epoch time :  200.9721104039927  Train L2 Loss :  0.09610965825915337
Epoch :  168  Epoch time :  189.20337932099937  Train L2 Loss :  0.09591065494120121
Epoch :  169  Epoch time :  190.96344139399298  Train L2 Loss :  0.0957424056828022
Epoch :  170  Epoch time :  191.1901306080108  Train L2 Loss :  0.09563565325737
Epoch :  171  Epoch time :  184.18094970400853  Train L2 Loss :  0.0956209267258644
Epoch :  172  Epoch time :  198.632397185007  Train L2 Loss :  0.09529793377816677
Epoch :  173  Epoch time :  192.46713424999325  Train L2 Loss :  0.0953080078870058
Epoch :  174  Epoch time :  191.9086360049987  Train L2 Loss :  0.09515316894352437
Epoch :  175  Epoch time :  193.02320461999625  Train L2 Loss :  0.09493935790657997
Epoch :  176  Epoch time :  193.20799548500509  Train L2 Loss :  0.09499367443919182
Epoch :  177  Epoch time :  191.61466099100653  Train L2 Loss :  0.09478671646714211
Epoch :  178  Epoch time :  190.10898726900632  Train L2 Loss :  0.09465251293182374
Epoch :  179  Epoch time :  204.0408420349995  Train L2 Loss :  0.09461711793541908
Epoch :  180  Epoch time :  190.15556554899376  Train L2 Loss :  0.09451004709303379
Epoch :  181  Epoch time :  193.02971027699823  Train L2 Loss :  0.09429591377675534
Epoch :  182  Epoch time :  193.01177013199776  Train L2 Loss :  0.09424206667542458
Epoch :  183  Epoch time :  192.02401386799465  Train L2 Loss :  0.09409554560184478
Epoch :  184  Epoch time :  191.19662579598662  Train L2 Loss :  0.09403080306947231
Epoch :  185  Epoch time :  195.08095293099177  Train L2 Loss :  0.0938584630459547
Epoch :  186  Epoch time :  193.72569547899184  Train L2 Loss :  0.09388332969546317
Epoch :  187  Epoch time :  193.0614969610033  Train L2 Loss :  0.093766669896245
Epoch :  188  Epoch time :  194.62180072499905  Train L2 Loss :  0.09362975234985352
Epoch :  189  Epoch time :  185.55965043100878  Train L2 Loss :  0.09355195474922658
Epoch :  190  Epoch time :  203.2436059620086  Train L2 Loss :  0.09344700339138508
Epoch :  191  Epoch time :  193.98701570399862  Train L2 Loss :  0.09314334524869919
Epoch :  192  Epoch time :  193.0350978600036  Train L2 Loss :  0.0929227068245411
Epoch :  193  Epoch time :  192.5834865729994  Train L2 Loss :  0.0926787024796009
Epoch :  194  Epoch time :  192.98510812100722  Train L2 Loss :  0.09235171718001366
Epoch :  195  Epoch time :  185.11387427301088  Train L2 Loss :  0.09239934401214123
Epoch :  196  Epoch time :  202.86520593099704  Train L2 Loss :  0.09207282490134239
Epoch :  197  Epoch time :  190.1346508419956  Train L2 Loss :  0.09206128281950951
Epoch :  198  Epoch time :  193.35992497799452  Train L2 Loss :  0.0918225177794695
Epoch :  199  Epoch time :  193.3305225140066  Train L2 Loss :  0.09170583736002445
Total time is : 36204.33555406301 Total epoch is  200
