Input dim :  103  output dim :  1
Start training 
2225
Epoch :  0  Epoch time :  153.0123093530001  Train L2 Loss :  1.397054226732254
Epoch :  1  Epoch time :  151.91095733199927  Train L2 Loss :  1.378950652551651
Epoch :  2  Epoch time :  148.26021031899927  Train L2 Loss :  1.2694933327674867
Epoch :  3  Epoch time :  152.42986763699992  Train L2 Loss :  1.1653916693925856
Epoch :  4  Epoch time :  155.17549709100058  Train L2 Loss :  1.0551850392580033
Epoch :  5  Epoch time :  151.09956015699936  Train L2 Loss :  0.9831320856571197
Epoch :  6  Epoch time :  154.38564944899917  Train L2 Loss :  0.9254881361961365
Epoch :  7  Epoch time :  155.7731866969998  Train L2 Loss :  0.857149560213089
Epoch :  8  Epoch time :  153.44962109399967  Train L2 Loss :  0.810588283252716
Epoch :  9  Epoch time :  156.98416258100042  Train L2 Loss :  0.7677650666713715
Epoch :  10  Epoch time :  157.86735123400013  Train L2 Loss :  0.7427685421705246
Epoch :  11  Epoch time :  155.00712632500017  Train L2 Loss :  0.7271404371023178
Epoch :  12  Epoch time :  158.3862308810003  Train L2 Loss :  0.7182207844257354
Epoch :  13  Epoch time :  160.9956765699999  Train L2 Loss :  0.7122029495477676
Epoch :  14  Epoch time :  156.83800043300016  Train L2 Loss :  0.7068218274116516
Epoch :  15  Epoch time :  162.59214636100023  Train L2 Loss :  0.7026246047019958
Epoch :  16  Epoch time :  157.59811292800077  Train L2 Loss :  0.6995835994720458
Epoch :  17  Epoch time :  153.13926081799946  Train L2 Loss :  0.6969305945396423
Epoch :  18  Epoch time :  153.689132522999  Train L2 Loss :  0.6949160361766815
Epoch :  19  Epoch time :  153.6515184009986  Train L2 Loss :  0.6925864793539047
Epoch :  20  Epoch time :  153.98724191899964  Train L2 Loss :  0.6908051849365234
Epoch :  21  Epoch time :  152.81850626400046  Train L2 Loss :  0.6888577104568482
Epoch :  22  Epoch time :  155.52249255700008  Train L2 Loss :  0.6875198844194412
Epoch :  23  Epoch time :  154.08871056499993  Train L2 Loss :  0.6858667352199554
Epoch :  24  Epoch time :  155.33444902200063  Train L2 Loss :  0.6842600786685944
Epoch :  25  Epoch time :  154.6139938160013  Train L2 Loss :  0.6824419654369355
Epoch :  26  Epoch time :  154.96962267100025  Train L2 Loss :  0.6804184438705444
Epoch :  27  Epoch time :  157.6378128409997  Train L2 Loss :  0.6779508487224579
Epoch :  28  Epoch time :  156.09673116699923  Train L2 Loss :  0.676177603983879
Epoch :  29  Epoch time :  156.16416814699915  Train L2 Loss :  0.6747288208246232
Epoch :  30  Epoch time :  157.0188603129991  Train L2 Loss :  0.6733383891820908
Epoch :  31  Epoch time :  159.57493516700015  Train L2 Loss :  0.6718652586460113
Epoch :  32  Epoch time :  158.41240676599955  Train L2 Loss :  0.6695007871866226
Epoch :  33  Epoch time :  157.73222059300133  Train L2 Loss :  0.668016927576065
Epoch :  34  Epoch time :  159.68419172500035  Train L2 Loss :  0.6664036849498749
Epoch :  35  Epoch time :  159.534736556001  Train L2 Loss :  0.6652193310499191
Epoch :  36  Epoch time :  160.51660250799978  Train L2 Loss :  0.6635251662254333
Epoch :  37  Epoch time :  171.62256062399865  Train L2 Loss :  0.6623576565027237
Epoch :  38  Epoch time :  166.5037917669997  Train L2 Loss :  0.6611276673793792
Epoch :  39  Epoch time :  170.38928902800035  Train L2 Loss :  0.6597137338876724
Epoch :  40  Epoch time :  166.88508856800036  Train L2 Loss :  0.6584110893964767
Epoch :  41  Epoch time :  167.20646246899923  Train L2 Loss :  0.6570800014257431
Epoch :  42  Epoch time :  174.96199197900023  Train L2 Loss :  0.6561525159835816
Epoch :  43  Epoch time :  163.32254689699948  Train L2 Loss :  0.6553012703180313
Epoch :  44  Epoch time :  164.2864271030012  Train L2 Loss :  0.6542265797615051
Epoch :  45  Epoch time :  169.8325515150009  Train L2 Loss :  0.6534716731786728
Epoch :  46  Epoch time :  168.88261331899957  Train L2 Loss :  0.6527830213785172
Epoch :  47  Epoch time :  170.6204673709999  Train L2 Loss :  0.6517522598743438
Epoch :  48  Epoch time :  176.88854824599912  Train L2 Loss :  0.6508531279802322
Epoch :  49  Epoch time :  164.60287054699984  Train L2 Loss :  0.6499461918115615
Epoch :  50  Epoch time :  164.0124770980001  Train L2 Loss :  0.6489293672561646
Epoch :  51  Epoch time :  167.45142210999984  Train L2 Loss :  0.648245269870758
Epoch :  52  Epoch time :  173.25963783099905  Train L2 Loss :  0.6472610746145249
Epoch :  53  Epoch time :  173.7770500329989  Train L2 Loss :  0.6461934782266617
Epoch :  54  Epoch time :  166.15087104799932  Train L2 Loss :  0.6456304826974869
Epoch :  55  Epoch time :  166.56973959599964  Train L2 Loss :  0.6449311178207398
Epoch :  56  Epoch time :  176.34034936600074  Train L2 Loss :  0.6443114386320115
Epoch :  57  Epoch time :  176.33104288199866  Train L2 Loss :  0.6435482103347778
Epoch :  58  Epoch time :  166.48721887600004  Train L2 Loss :  0.6427066440105438
Epoch :  59  Epoch time :  169.34003321599994  Train L2 Loss :  0.6417369494438171
Epoch :  60  Epoch time :  178.5979957890013  Train L2 Loss :  0.640948245716095
Epoch :  61  Epoch time :  180.29366214000038  Train L2 Loss :  0.6398822190284729
Epoch :  62  Epoch time :  167.31720097200014  Train L2 Loss :  0.6386584075212479
Epoch :  63  Epoch time :  174.1381198580002  Train L2 Loss :  0.6377827186822891
Epoch :  64  Epoch time :  183.89164934400105  Train L2 Loss :  0.6367543689012527
Epoch :  65  Epoch time :  176.3871819849992  Train L2 Loss :  0.6358597605228424
Epoch :  66  Epoch time :  180.98779041299895  Train L2 Loss :  0.6351621762037277
Epoch :  67  Epoch time :  179.0717860370005  Train L2 Loss :  0.6344152258634568
Epoch :  68  Epoch time :  168.65838662399983  Train L2 Loss :  0.6337536591291427
Epoch :  69  Epoch time :  179.04750168199826  Train L2 Loss :  0.6331195288419723
Epoch :  70  Epoch time :  183.0234912190026  Train L2 Loss :  0.6323708341121673
Epoch :  71  Epoch time :  172.59480059800262  Train L2 Loss :  0.6317119606494903
Epoch :  72  Epoch time :  177.4627304860005  Train L2 Loss :  0.6309654051780701
Epoch :  73  Epoch time :  185.1411756189991  Train L2 Loss :  0.6300020572662354
Epoch :  74  Epoch time :  177.54793808700197  Train L2 Loss :  0.6290294489860535
Epoch :  75  Epoch time :  182.40929553800015  Train L2 Loss :  0.6268346089363098
Epoch :  76  Epoch time :  183.4508394229997  Train L2 Loss :  0.6221297562360764
Epoch :  77  Epoch time :  170.72928796899942  Train L2 Loss :  0.6184188229560852
Epoch :  78  Epoch time :  186.4242393129971  Train L2 Loss :  0.6152456991195678
Epoch :  79  Epoch time :  195.01701816599962  Train L2 Loss :  0.6097001909494401
Epoch :  80  Epoch time :  186.66477386000042  Train L2 Loss :  0.6037295391321182
Epoch :  81  Epoch time :  198.78500496800189  Train L2 Loss :  0.5979896958589553
Epoch :  82  Epoch time :  186.7438703629996  Train L2 Loss :  0.5919181774139405
Epoch :  83  Epoch time :  193.48909083600302  Train L2 Loss :  0.5825655047655106
Epoch :  84  Epoch time :  189.38916229499955  Train L2 Loss :  0.5718574405431748
Epoch :  85  Epoch time :  174.85444786100197  Train L2 Loss :  0.5622750516414642
Epoch :  86  Epoch time :  198.8461032560008  Train L2 Loss :  0.5534950607061386
Epoch :  87  Epoch time :  195.39376774999982  Train L2 Loss :  0.546144280230999
Epoch :  88  Epoch time :  181.9642908019996  Train L2 Loss :  0.5405186197519303
Epoch :  89  Epoch time :  194.96326340499945  Train L2 Loss :  0.5358602617621422
Epoch :  90  Epoch time :  199.12168874499912  Train L2 Loss :  0.5319617511510849
Epoch :  91  Epoch time :  192.42163215699838  Train L2 Loss :  0.5284349446296692
Epoch :  92  Epoch time :  200.777063163001  Train L2 Loss :  0.5242542759656906
Epoch :  93  Epoch time :  185.07601409500057  Train L2 Loss :  0.5207344531416893
Epoch :  94  Epoch time :  188.22103243400124  Train L2 Loss :  0.5179140391230583
Epoch :  95  Epoch time :  199.58532084000035  Train L2 Loss :  0.5144981707930565
Epoch :  96  Epoch time :  193.89392589400086  Train L2 Loss :  0.5105811324715614
Epoch :  97  Epoch time :  186.30513973599955  Train L2 Loss :  0.5073327622771263
Epoch :  98  Epoch time :  197.46141715500198  Train L2 Loss :  0.5042867558956147
Epoch :  99  Epoch time :  206.88008839500253  Train L2 Loss :  0.501830980181694
Epoch :  100  Epoch time :  186.04965475300196  Train L2 Loss :  0.492191463637352
Epoch :  101  Epoch time :  185.55117518099723  Train L2 Loss :  0.49084075554609297
Epoch :  102  Epoch time :  194.66235969400077  Train L2 Loss :  0.48920397436618807
Epoch :  103  Epoch time :  205.58788038200146  Train L2 Loss :  0.4876203933954239
Epoch :  104  Epoch time :  187.94880138900044  Train L2 Loss :  0.4862416420221329
Epoch :  105  Epoch time :  194.81554637099907  Train L2 Loss :  0.4847776174902916
Epoch :  106  Epoch time :  206.68123871699936  Train L2 Loss :  0.4836004025697708
Epoch :  107  Epoch time :  190.9209684089983  Train L2 Loss :  0.48248129374980925
Epoch :  108  Epoch time :  195.21389460900173  Train L2 Loss :  0.48141086854934695
Epoch :  109  Epoch time :  213.4975583159976  Train L2 Loss :  0.4804740976333618
Epoch :  110  Epoch time :  193.281357707001  Train L2 Loss :  0.47951414074897764
Epoch :  111  Epoch time :  196.97541652099972  Train L2 Loss :  0.47867707004547116
Epoch :  112  Epoch time :  205.80210939799872  Train L2 Loss :  0.477716926074028
Epoch :  113  Epoch time :  196.51168995499756  Train L2 Loss :  0.4769839082956314
Epoch :  114  Epoch time :  191.26109355199878  Train L2 Loss :  0.4759389772772789
Epoch :  115  Epoch time :  192.2811583069997  Train L2 Loss :  0.4750163459777832
Epoch :  116  Epoch time :  207.94800459399994  Train L2 Loss :  0.4741142024040222
Epoch :  117  Epoch time :  195.41526472199985  Train L2 Loss :  0.47323855147361754
Epoch :  118  Epoch time :  206.9996920800004  Train L2 Loss :  0.47230284667015077
Epoch :  119  Epoch time :  208.6605464690001  Train L2 Loss :  0.4713847277522087
Epoch :  120  Epoch time :  206.32155203399816  Train L2 Loss :  0.4700900666952133
Epoch :  121  Epoch time :  194.12504400299804  Train L2 Loss :  0.4690885100603104
Epoch :  122  Epoch time :  195.24729348999972  Train L2 Loss :  0.46808548769950864
Epoch :  123  Epoch time :  214.14293603999977  Train L2 Loss :  0.4672797343969345
Epoch :  124  Epoch time :  208.42000890200143  Train L2 Loss :  0.4664680513620377
Epoch :  125  Epoch time :  196.41333854299955  Train L2 Loss :  0.46561070125103
Epoch :  126  Epoch time :  212.5349197450014  Train L2 Loss :  0.4649883402705193
Epoch :  127  Epoch time :  203.54714825100018  Train L2 Loss :  0.4642195540428162
Epoch :  128  Epoch time :  204.6231748959981  Train L2 Loss :  0.4636390513300896
Epoch :  129  Epoch time :  186.9586189139991  Train L2 Loss :  0.4630055958986282
Epoch :  130  Epoch time :  207.86968266799886  Train L2 Loss :  0.46227971106767657
Epoch :  131  Epoch time :  205.759586305001  Train L2 Loss :  0.46172924394607545
Epoch :  132  Epoch time :  195.04726294600187  Train L2 Loss :  0.46116759473085406
Epoch :  133  Epoch time :  211.0793485260001  Train L2 Loss :  0.4607201003789902
Epoch :  134  Epoch time :  207.90930230699814  Train L2 Loss :  0.4600399230003357
Epoch :  135  Epoch time :  197.51434050600074  Train L2 Loss :  0.4596523691415787
Epoch :  136  Epoch time :  214.97527916999752  Train L2 Loss :  0.4591498457193375
Epoch :  137  Epoch time :  199.1386625310006  Train L2 Loss :  0.45866912922859193
Epoch :  138  Epoch time :  207.33294884300267  Train L2 Loss :  0.4582812176465988
Epoch :  139  Epoch time :  211.40482295499896  Train L2 Loss :  0.4577226172208786
Epoch :  140  Epoch time :  202.38215293999747  Train L2 Loss :  0.4574869402527809
Epoch :  141  Epoch time :  195.83174488000077  Train L2 Loss :  0.4569302662014961
Epoch :  142  Epoch time :  210.8034039459999  Train L2 Loss :  0.4567704028367996
Epoch :  143  Epoch time :  203.79307041500215  Train L2 Loss :  0.45625463650226594
Epoch :  144  Epoch time :  201.46675782499733  Train L2 Loss :  0.4557911628007889
Epoch :  145  Epoch time :  213.92751266400228  Train L2 Loss :  0.45531787540912627
Epoch :  146  Epoch time :  201.66530055100156  Train L2 Loss :  0.4548727241873741
Epoch :  147  Epoch time :  192.85533077299988  Train L2 Loss :  0.4544006431221962
Epoch :  148  Epoch time :  196.39186877500106  Train L2 Loss :  0.45339578914642337
Epoch :  149  Epoch time :  209.7825744139991  Train L2 Loss :  0.45284578716754914
Epoch :  150  Epoch time :  220.4178852900004  Train L2 Loss :  0.45229051361083983
Epoch :  151  Epoch time :  187.4097519470015  Train L2 Loss :  0.4519301212310791
Epoch :  152  Epoch time :  194.0499083120012  Train L2 Loss :  0.4515907419800758
Epoch :  153  Epoch time :  194.6981619069993  Train L2 Loss :  0.4512287743449211
Epoch :  154  Epoch time :  196.4508823369979  Train L2 Loss :  0.4507079333305359
Epoch :  155  Epoch time :  210.22552213699964  Train L2 Loss :  0.45030956947803497
Epoch :  156  Epoch time :  208.82769152900437  Train L2 Loss :  0.45003932375907896
Epoch :  157  Epoch time :  197.63110222900286  Train L2 Loss :  0.4495913834810257
Epoch :  158  Epoch time :  209.4365771840021  Train L2 Loss :  0.44923281724452974
Epoch :  159  Epoch time :  204.43343185399863  Train L2 Loss :  0.4488029384613037
Epoch :  160  Epoch time :  199.75149219299783  Train L2 Loss :  0.448472894346714
Epoch :  161  Epoch time :  195.03594506600348  Train L2 Loss :  0.44805409854650496
Epoch :  162  Epoch time :  195.43665335500555  Train L2 Loss :  0.44784045679569245
Epoch :  163  Epoch time :  201.50566714700108  Train L2 Loss :  0.44736970896720885
Epoch :  164  Epoch time :  213.51877090600465  Train L2 Loss :  0.4469820584654808
Epoch :  165  Epoch time :  201.83985533699888  Train L2 Loss :  0.44661681455373764
Epoch :  166  Epoch time :  194.77901949900115  Train L2 Loss :  0.4464518047332764
Epoch :  167  Epoch time :  194.17971336600021  Train L2 Loss :  0.4460344253063202
Epoch :  168  Epoch time :  189.40905403400393  Train L2 Loss :  0.4457695217490196
Epoch :  169  Epoch time :  211.78452888799802  Train L2 Loss :  0.4454869512081146
Epoch :  170  Epoch time :  207.87560808300623  Train L2 Loss :  0.44522064344882967
Epoch :  171  Epoch time :  201.19713141600369  Train L2 Loss :  0.4449005950927734
Epoch :  172  Epoch time :  193.23408524699335  Train L2 Loss :  0.44477405405044557
Epoch :  173  Epoch time :  193.30191115200432  Train L2 Loss :  0.4445474694490433
Epoch :  174  Epoch time :  194.29534320300445  Train L2 Loss :  0.44424928327798846
Epoch :  175  Epoch time :  194.33670378299576  Train L2 Loss :  0.44406300790309905
Epoch :  176  Epoch time :  193.90964900000108  Train L2 Loss :  0.4438366415381432
Epoch :  177  Epoch time :  191.0107327470032  Train L2 Loss :  0.4435996313095093
Epoch :  178  Epoch time :  210.33157876699988  Train L2 Loss :  0.4434720434784889
Epoch :  179  Epoch time :  198.54195090299618  Train L2 Loss :  0.4432906402349472
Epoch :  180  Epoch time :  207.97264069099765  Train L2 Loss :  0.4431154255867004
Epoch :  181  Epoch time :  192.25239015099942  Train L2 Loss :  0.4428286951303482
Epoch :  182  Epoch time :  207.73783458000253  Train L2 Loss :  0.4428260920763016
Epoch :  183  Epoch time :  211.23820301500382  Train L2 Loss :  0.4425939887523651
Epoch :  184  Epoch time :  191.69836523300182  Train L2 Loss :  0.4424493053555489
Epoch :  185  Epoch time :  199.5220621299959  Train L2 Loss :  0.4421934488773346
Epoch :  186  Epoch time :  212.4923444829983  Train L2 Loss :  0.4420392560005188
Epoch :  187  Epoch time :  206.575430830002  Train L2 Loss :  0.4418721369385719
Epoch :  188  Epoch time :  201.5274654649984  Train L2 Loss :  0.44182189588546755
Epoch :  189  Epoch time :  219.31808749600168  Train L2 Loss :  0.4414847157597542
Epoch :  190  Epoch time :  202.22669449300156  Train L2 Loss :  0.44128837411403654
Epoch :  191  Epoch time :  201.4827802350046  Train L2 Loss :  0.44125741293430326
Epoch :  192  Epoch time :  215.59747418299958  Train L2 Loss :  0.4411011435985565
Epoch :  193  Epoch time :  201.0261202709953  Train L2 Loss :  0.44085030863285063
Epoch :  194  Epoch time :  194.15248419300042  Train L2 Loss :  0.4407638906478882
Epoch :  195  Epoch time :  198.6241538739996  Train L2 Loss :  0.44066008834838866
Epoch :  196  Epoch time :  201.56782417200156  Train L2 Loss :  0.4403654207110405
Epoch :  197  Epoch time :  214.66992367600324  Train L2 Loss :  0.4402731830596924
Epoch :  198  Epoch time :  202.95293423699331  Train L2 Loss :  0.44014217668771743
Epoch :  199  Epoch time :  195.0898814500033  Train L2 Loss :  0.4398371898174286
Total time is : 37236.698133262995 Total epoch is  200
