Input dim :  103  output dim :  1
Start training 
46465
Epoch :  0  Epoch time :  144.35407385899452  Train L2 Loss :  1.3962586768627168
Epoch :  1  Epoch time :  152.06072895599937  Train L2 Loss :  1.2900500555038452
Epoch :  2  Epoch time :  150.49688003100164  Train L2 Loss :  0.943987401008606
Epoch :  3  Epoch time :  148.5731891940086  Train L2 Loss :  0.733273579287529
Epoch :  4  Epoch time :  148.45909139499418  Train L2 Loss :  0.6557272722959518
Epoch :  5  Epoch time :  149.4927176709898  Train L2 Loss :  0.599393691277504
Epoch :  6  Epoch time :  149.21678517501277  Train L2 Loss :  0.5452362742304802
Epoch :  7  Epoch time :  148.01821357199515  Train L2 Loss :  0.473761092042923
Epoch :  8  Epoch time :  150.73749620100716  Train L2 Loss :  0.40208455617427824
Epoch :  9  Epoch time :  156.11303249800403  Train L2 Loss :  0.3559460646033287
Epoch :  10  Epoch time :  152.67894111800706  Train L2 Loss :  0.32674638476371765
Epoch :  11  Epoch time :  151.54021505899436  Train L2 Loss :  0.3093622027397156
Epoch :  12  Epoch time :  152.68593539799622  Train L2 Loss :  0.2972995967447758
Epoch :  13  Epoch time :  150.01220030999684  Train L2 Loss :  0.28790362477898596
Epoch :  14  Epoch time :  157.44842990099278  Train L2 Loss :  0.27986086272001265
Epoch :  15  Epoch time :  155.55263634999574  Train L2 Loss :  0.27286737708449366
Epoch :  16  Epoch time :  153.7174645410123  Train L2 Loss :  0.2660293912649155
Epoch :  17  Epoch time :  154.10633031900215  Train L2 Loss :  0.2602747847557068
Epoch :  18  Epoch time :  150.89580217099865  Train L2 Loss :  0.2548951052904129
Epoch :  19  Epoch time :  167.56547111198597  Train L2 Loss :  0.249823058450222
Epoch :  20  Epoch time :  152.1085574739991  Train L2 Loss :  0.2447267484843731
Epoch :  21  Epoch time :  154.75618403500994  Train L2 Loss :  0.23715169196128846
Epoch :  22  Epoch time :  154.6746647109976  Train L2 Loss :  0.2300567730784416
Epoch :  23  Epoch time :  162.36230595299276  Train L2 Loss :  0.2232681901693344
Epoch :  24  Epoch time :  158.9092749350093  Train L2 Loss :  0.21583105725049972
Epoch :  25  Epoch time :  156.6256982870109  Train L2 Loss :  0.20974821721315384
Epoch :  26  Epoch time :  156.10344912399887  Train L2 Loss :  0.20432388340234756
Epoch :  27  Epoch time :  155.24662173700926  Train L2 Loss :  0.19849343859553337
Epoch :  28  Epoch time :  164.0978576720081  Train L2 Loss :  0.19400514537096022
Epoch :  29  Epoch time :  158.337663489001  Train L2 Loss :  0.18924348344802858
Epoch :  30  Epoch time :  159.020953979998  Train L2 Loss :  0.1857861692547798
Epoch :  31  Epoch time :  159.49782880400016  Train L2 Loss :  0.18219338258504866
Epoch :  32  Epoch time :  158.32528977400216  Train L2 Loss :  0.17923906437158585
Epoch :  33  Epoch time :  160.17504659399856  Train L2 Loss :  0.17705546892285348
Epoch :  34  Epoch time :  166.80174641999474  Train L2 Loss :  0.17440079278349876
Epoch :  35  Epoch time :  159.9573157600098  Train L2 Loss :  0.1719265570282936
Epoch :  36  Epoch time :  161.8237367230031  Train L2 Loss :  0.169265600502491
Epoch :  37  Epoch time :  158.27858121499594  Train L2 Loss :  0.1667356424689293
Epoch :  38  Epoch time :  170.6538499469898  Train L2 Loss :  0.1642586898624897
Epoch :  39  Epoch time :  158.21091242598777  Train L2 Loss :  0.1612668215274811
Epoch :  40  Epoch time :  164.60452475500642  Train L2 Loss :  0.15956025850772856
Epoch :  41  Epoch time :  160.62141335601336  Train L2 Loss :  0.15766410422325133
Epoch :  42  Epoch time :  162.92449071000738  Train L2 Loss :  0.15497585621476173
Epoch :  43  Epoch time :  167.20635743300954  Train L2 Loss :  0.15406018443107605
Epoch :  44  Epoch time :  164.08127162199526  Train L2 Loss :  0.15153252859711647
Epoch :  45  Epoch time :  156.77000409300672  Train L2 Loss :  0.14972908723950387
Epoch :  46  Epoch time :  179.34293520799838  Train L2 Loss :  0.14830174784660338
Epoch :  47  Epoch time :  161.7766179050086  Train L2 Loss :  0.1463815085798502
Epoch :  48  Epoch time :  165.9337430799933  Train L2 Loss :  0.14529943981766702
Epoch :  49  Epoch time :  161.54048850599793  Train L2 Loss :  0.14353510953783988
Epoch :  50  Epoch time :  177.46828711200214  Train L2 Loss :  0.14170452021360397
Epoch :  51  Epoch time :  159.9990757839987  Train L2 Loss :  0.14131631887257098
Epoch :  52  Epoch time :  165.87896668500616  Train L2 Loss :  0.13865127810537814
Epoch :  53  Epoch time :  162.3612310509925  Train L2 Loss :  0.13703024325370788
Epoch :  54  Epoch time :  158.00133600899426  Train L2 Loss :  0.13541679250001906
Epoch :  55  Epoch time :  168.06959064200055  Train L2 Loss :  0.13280192666649818
Epoch :  56  Epoch time :  169.60783224699844  Train L2 Loss :  0.13142749543190002
Epoch :  57  Epoch time :  169.50468245899538  Train L2 Loss :  0.12980977602005006
Epoch :  58  Epoch time :  168.3091587109957  Train L2 Loss :  0.12793474495112897
Epoch :  59  Epoch time :  170.12352038400422  Train L2 Loss :  0.12699498711824417
Epoch :  60  Epoch time :  170.52276062199962  Train L2 Loss :  0.12572848465442657
Epoch :  61  Epoch time :  170.01940643199487  Train L2 Loss :  0.12361389786601067
Epoch :  62  Epoch time :  161.2645753859979  Train L2 Loss :  0.12282040733098984
Epoch :  63  Epoch time :  160.793208321993  Train L2 Loss :  0.12136579667329789
Epoch :  64  Epoch time :  181.61825208099617  Train L2 Loss :  0.12028178456127643
Epoch :  65  Epoch time :  162.40114035499573  Train L2 Loss :  0.11887464296519756
Epoch :  66  Epoch time :  172.89831996899738  Train L2 Loss :  0.11774822746813297
Epoch :  67  Epoch time :  171.19967970400467  Train L2 Loss :  0.11621121457219123
Epoch :  68  Epoch time :  172.97955843601085  Train L2 Loss :  0.11537496185302734
Epoch :  69  Epoch time :  162.83212922900566  Train L2 Loss :  0.11389030936956406
Epoch :  70  Epoch time :  172.37722804200894  Train L2 Loss :  0.11270832124948502
Epoch :  71  Epoch time :  175.98250162199838  Train L2 Loss :  0.11158249406218529
Epoch :  72  Epoch time :  175.077094259992  Train L2 Loss :  0.1109468811005354
Epoch :  73  Epoch time :  173.03076795600646  Train L2 Loss :  0.10988752496242524
Epoch :  74  Epoch time :  166.2397137329972  Train L2 Loss :  0.10863662174344063
Epoch :  75  Epoch time :  183.33378318899486  Train L2 Loss :  0.10736613456010818
Epoch :  76  Epoch time :  172.04865715299093  Train L2 Loss :  0.1081018415749073
Epoch :  77  Epoch time :  176.52287743100896  Train L2 Loss :  0.10507669824361801
Epoch :  78  Epoch time :  175.4299416940048  Train L2 Loss :  0.10525912162661552
Epoch :  79  Epoch time :  167.57242206600495  Train L2 Loss :  0.10365577462315559
Epoch :  80  Epoch time :  183.35237455299648  Train L2 Loss :  0.1032849181741476
Epoch :  81  Epoch time :  173.39755874501134  Train L2 Loss :  0.10215853950381279
Epoch :  82  Epoch time :  178.34448383799463  Train L2 Loss :  0.10130651306509972
Epoch :  83  Epoch time :  173.00607413200487  Train L2 Loss :  0.10047875366806984
Epoch :  84  Epoch time :  170.9584625080024  Train L2 Loss :  0.10008569988012314
Epoch :  85  Epoch time :  191.25035366800148  Train L2 Loss :  0.09904292206764222
Epoch :  86  Epoch time :  172.75476145198627  Train L2 Loss :  0.0979248008787632
Epoch :  87  Epoch time :  176.8845684590051  Train L2 Loss :  0.09778280993402004
Epoch :  88  Epoch time :  170.310350810003  Train L2 Loss :  0.09664474284648895
Epoch :  89  Epoch time :  189.1847680429928  Train L2 Loss :  0.09629826875329017
Epoch :  90  Epoch time :  172.63531578000402  Train L2 Loss :  0.09625765710175037
Epoch :  91  Epoch time :  181.73513989899948  Train L2 Loss :  0.0942326044499874
Epoch :  92  Epoch time :  169.98140495100233  Train L2 Loss :  0.09414739812016487
Epoch :  93  Epoch time :  182.70740802200453  Train L2 Loss :  0.09370931541919708
Epoch :  94  Epoch time :  180.5331924409984  Train L2 Loss :  0.09266048113703727
Epoch :  95  Epoch time :  183.0743452040042  Train L2 Loss :  0.09263545002937316
Epoch :  96  Epoch time :  175.18831331400725  Train L2 Loss :  0.09161149363219738
Epoch :  97  Epoch time :  175.12139667700103  Train L2 Loss :  0.09103157097101211
Epoch :  98  Epoch time :  190.1472484209953  Train L2 Loss :  0.09030001833736896
Epoch :  99  Epoch time :  182.3902082079876  Train L2 Loss :  0.09039398882389069
Epoch :  100  Epoch time :  177.91591621699627  Train L2 Loss :  0.07555810468494892
Epoch :  101  Epoch time :  172.70090717999847  Train L2 Loss :  0.07626283441483975
Epoch :  102  Epoch time :  195.56921726898872  Train L2 Loss :  0.07570276862978935
Epoch :  103  Epoch time :  179.4447248630022  Train L2 Loss :  0.07514336698055267
Epoch :  104  Epoch time :  175.40881120599806  Train L2 Loss :  0.0747108137845993
Epoch :  105  Epoch time :  183.9391928200057  Train L2 Loss :  0.0740968860566616
Epoch :  106  Epoch time :  179.15453971500392  Train L2 Loss :  0.07366874625086785
Epoch :  107  Epoch time :  151.29597961500986  Train L2 Loss :  0.07324149716198444
Epoch :  108  Epoch time :  145.57297158800066  Train L2 Loss :  0.07286059915423393
Epoch :  109  Epoch time :  142.83634918100142  Train L2 Loss :  0.07249674568623304
Epoch :  110  Epoch time :  143.52811005899275  Train L2 Loss :  0.07216949177831411
Epoch :  111  Epoch time :  143.47501947398996  Train L2 Loss :  0.0718651436239481
Epoch :  112  Epoch time :  143.556635394998  Train L2 Loss :  0.07157518665194511
Epoch :  113  Epoch time :  143.83137941500172  Train L2 Loss :  0.07134449619352817
Epoch :  114  Epoch time :  143.73875403800048  Train L2 Loss :  0.07110134846717119
Epoch :  115  Epoch time :  144.55286781401082  Train L2 Loss :  0.07084231612384319
Epoch :  116  Epoch time :  144.23640225898998  Train L2 Loss :  0.07063257464170455
Epoch :  117  Epoch time :  144.80174971900124  Train L2 Loss :  0.07038944353163243
Epoch :  118  Epoch time :  145.96545080099895  Train L2 Loss :  0.07022143776714802
Epoch :  119  Epoch time :  145.56763778999448  Train L2 Loss :  0.06999183179438115
Epoch :  120  Epoch time :  144.8662200700055  Train L2 Loss :  0.06963951754570007
Epoch :  121  Epoch time :  147.2588245999941  Train L2 Loss :  0.06966441949754953
Epoch :  122  Epoch time :  145.58021996900789  Train L2 Loss :  0.06948842751979828
Epoch :  123  Epoch time :  145.7612936249934  Train L2 Loss :  0.06936714007854462
Epoch :  124  Epoch time :  150.5289350940002  Train L2 Loss :  0.06899401300102473
Epoch :  125  Epoch time :  152.3845125539956  Train L2 Loss :  0.06896805578172206
Epoch :  126  Epoch time :  152.05739445300424  Train L2 Loss :  0.06892151726782322
Epoch :  127  Epoch time :  152.13074975799827  Train L2 Loss :  0.06856039501130581
Epoch :  128  Epoch time :  151.72767877399747  Train L2 Loss :  0.06854288938939572
Epoch :  129  Epoch time :  151.713624652999  Train L2 Loss :  0.06829656139314175
Epoch :  130  Epoch time :  151.76348834000237  Train L2 Loss :  0.06829666940569877
Epoch :  131  Epoch time :  152.26022480300162  Train L2 Loss :  0.06825390955507755
Epoch :  132  Epoch time :  151.9374910579936  Train L2 Loss :  0.06801660105884075
Epoch :  133  Epoch time :  152.22646115600946  Train L2 Loss :  0.0679101475417614
Epoch :  134  Epoch time :  152.27011173800565  Train L2 Loss :  0.06775668579041957
Epoch :  135  Epoch time :  152.28824106499087  Train L2 Loss :  0.06758509040474892
Epoch :  136  Epoch time :  151.7728832480061  Train L2 Loss :  0.06749848825186491
Epoch :  137  Epoch time :  152.00376481498824  Train L2 Loss :  0.06749968024641276
Epoch :  138  Epoch time :  151.90721540201048  Train L2 Loss :  0.06728774851858615
Epoch :  139  Epoch time :  151.8431062949967  Train L2 Loss :  0.06724035562872886
Epoch :  140  Epoch time :  151.76792154400027  Train L2 Loss :  0.06705069276988507
Epoch :  141  Epoch time :  152.02551567199407  Train L2 Loss :  0.0671635284513235
Epoch :  142  Epoch time :  151.99991472699912  Train L2 Loss :  0.06680606282055378
Epoch :  143  Epoch time :  152.72265751101077  Train L2 Loss :  0.06690126635581255
Epoch :  144  Epoch time :  148.11576606899325  Train L2 Loss :  0.06671747011393309
Epoch :  145  Epoch time :  146.45905836600286  Train L2 Loss :  0.06659977740347385
Epoch :  146  Epoch time :  146.30737182800658  Train L2 Loss :  0.06650389906913041
Epoch :  147  Epoch time :  146.5797934000002  Train L2 Loss :  0.06653862136304378
Epoch :  148  Epoch time :  146.53643146000104  Train L2 Loss :  0.066245231834054
Epoch :  149  Epoch time :  146.8351301799994  Train L2 Loss :  0.06616823152005673
Epoch :  150  Epoch time :  146.54618928300624  Train L2 Loss :  0.06615103278905153
Epoch :  151  Epoch time :  146.91646834100538  Train L2 Loss :  0.06615200959444047
Epoch :  152  Epoch time :  146.87533546501072  Train L2 Loss :  0.06590832964777947
Epoch :  153  Epoch time :  146.92888935800875  Train L2 Loss :  0.06572593493163585
Epoch :  154  Epoch time :  146.85828694299562  Train L2 Loss :  0.06555591691881418
Epoch :  155  Epoch time :  146.7640500599955  Train L2 Loss :  0.06557973670512438
Epoch :  156  Epoch time :  147.1098113640037  Train L2 Loss :  0.06537104697227478
Epoch :  157  Epoch time :  147.5650158930075  Train L2 Loss :  0.06549216777086259
Epoch :  158  Epoch time :  147.35000429100182  Train L2 Loss :  0.06509046146422624
Epoch :  159  Epoch time :  147.44971099299437  Train L2 Loss :  0.06510961862206459
Epoch :  160  Epoch time :  147.55504570099583  Train L2 Loss :  0.06503888119459152
Epoch :  161  Epoch time :  148.02825172801386  Train L2 Loss :  0.06479260750114918
Epoch :  162  Epoch time :  147.73266328600585  Train L2 Loss :  0.06475157280266285
Epoch :  163  Epoch time :  148.25443335399905  Train L2 Loss :  0.06457677857875824
Epoch :  164  Epoch time :  147.55042979000427  Train L2 Loss :  0.06459276232123375
Epoch :  165  Epoch time :  147.72032274601224  Train L2 Loss :  0.06441679032444954
Epoch :  166  Epoch time :  147.76322358299512  Train L2 Loss :  0.06419138728678227
Epoch :  167  Epoch time :  147.91362830199068  Train L2 Loss :  0.06410582534521818
Epoch :  168  Epoch time :  147.3078851159953  Train L2 Loss :  0.0639924764752388
Epoch :  169  Epoch time :  147.1235871109966  Train L2 Loss :  0.06399678313434123
Epoch :  170  Epoch time :  146.9290136609925  Train L2 Loss :  0.06388035351634025
Epoch :  171  Epoch time :  146.9219035069982  Train L2 Loss :  0.06364553352594375
Epoch :  172  Epoch time :  146.8173793899914  Train L2 Loss :  0.06344949907362461
Epoch :  173  Epoch time :  148.9933362610027  Train L2 Loss :  0.06334234331697225
Epoch :  174  Epoch time :  146.3283218669967  Train L2 Loss :  0.06335835929214954
Epoch :  175  Epoch time :  146.62649158999557  Train L2 Loss :  0.06307679160684347
Epoch :  176  Epoch time :  146.66627091899863  Train L2 Loss :  0.06294485054910183
Epoch :  177  Epoch time :  146.87777193301008  Train L2 Loss :  0.06298021810799836
Epoch :  178  Epoch time :  146.81291610799963  Train L2 Loss :  0.06267748375087977
Epoch :  179  Epoch time :  146.95804363599746  Train L2 Loss :  0.0626607370942831
Epoch :  180  Epoch time :  147.02251493900258  Train L2 Loss :  0.06256438257694244
Epoch :  181  Epoch time :  147.22106750600506  Train L2 Loss :  0.06223423376977444
Epoch :  182  Epoch time :  147.26672119900468  Train L2 Loss :  0.061918848711252215
Epoch :  183  Epoch time :  147.66897446899384  Train L2 Loss :  0.06183592568337917
Epoch :  184  Epoch time :  147.36111968600017  Train L2 Loss :  0.06125371821224689
Epoch :  185  Epoch time :  147.47893422101333  Train L2 Loss :  0.061262208130955696
Epoch :  186  Epoch time :  147.68802124701324  Train L2 Loss :  0.0609370420217514
Epoch :  187  Epoch time :  147.63295172600192  Train L2 Loss :  0.060801563495397566
Epoch :  188  Epoch time :  147.63966061599785  Train L2 Loss :  0.06063350338637829
Epoch :  189  Epoch time :  147.4844429270015  Train L2 Loss :  0.060568161472678184
Epoch :  190  Epoch time :  147.35993318099645  Train L2 Loss :  0.060442087569832804
Epoch :  191  Epoch time :  147.4545818810002  Train L2 Loss :  0.060329182094335555
Epoch :  192  Epoch time :  147.2940683360066  Train L2 Loss :  0.06008717110902071
Epoch :  193  Epoch time :  147.0517674970033  Train L2 Loss :  0.06029738522619009
Epoch :  194  Epoch time :  147.52315655900748  Train L2 Loss :  0.05987491806000471
Epoch :  195  Epoch time :  147.31803991099878  Train L2 Loss :  0.06002543076723814
Epoch :  196  Epoch time :  147.53889483401144  Train L2 Loss :  0.05968848902583122
Epoch :  197  Epoch time :  147.14148869800556  Train L2 Loss :  0.059829071272909644
Epoch :  198  Epoch time :  147.57230221100326  Train L2 Loss :  0.059683427304029465
Epoch :  199  Epoch time :  147.69512099699932  Train L2 Loss :  0.05946216398179531
Total time is : 31557.348766470997 Total epoch is  200
