Input dim :  103  output dim :  1
Start training 
15041
Epoch :  0  Epoch time :  13.723729488000572  Train L2 Loss :  1.3703687206292763
Epoch :  1  Epoch time :  13.644302989000607  Train L2 Loss :  1.3700762282197292
Epoch :  2  Epoch time :  13.635036560999652  Train L2 Loss :  1.3700060546398163
Epoch :  3  Epoch time :  13.719074638000166  Train L2 Loss :  1.369962817010207
Epoch :  4  Epoch time :  13.661992316000578  Train L2 Loss :  1.3698482064482493
Epoch :  5  Epoch time :  13.576596986000368  Train L2 Loss :  1.3696848992735913
Epoch :  6  Epoch time :  13.894247332000305  Train L2 Loss :  1.3694501819136815
Epoch :  7  Epoch time :  14.14241267899979  Train L2 Loss :  1.368222289933608
Epoch :  8  Epoch time :  14.205704699999842  Train L2 Loss :  1.362292957611573
Epoch :  9  Epoch time :  14.485676999000134  Train L2 Loss :  1.338805079078063
Epoch :  10  Epoch time :  14.581066651999208  Train L2 Loss :  1.2724943264172628
Epoch :  11  Epoch time :  14.539224840000315  Train L2 Loss :  1.1930279150987282
Epoch :  12  Epoch time :  14.531081193001228  Train L2 Loss :  1.1474472738993473
Epoch :  13  Epoch time :  14.48124310699859  Train L2 Loss :  1.1163600146388397
Epoch :  14  Epoch time :  14.566556930998559  Train L2 Loss :  1.0873245946489847
Epoch :  15  Epoch time :  14.502593062001324  Train L2 Loss :  1.0666465583520057
Epoch :  16  Epoch time :  14.573788914998659  Train L2 Loss :  1.0514794507851968
Epoch :  17  Epoch time :  14.3828641529999  Train L2 Loss :  1.0280180754951942
Epoch :  18  Epoch time :  14.374712654000177  Train L2 Loss :  0.9964599915995047
Epoch :  19  Epoch time :  14.461811849998412  Train L2 Loss :  0.9538406596925014
Epoch :  20  Epoch time :  14.430198983000082  Train L2 Loss :  0.909533383563543
Epoch :  21  Epoch time :  14.470000208999409  Train L2 Loss :  0.8716639287960835
Epoch :  22  Epoch time :  14.45310600799894  Train L2 Loss :  0.8438430352088733
Epoch :  23  Epoch time :  14.505199462000746  Train L2 Loss :  0.8193404624859492
Epoch :  24  Epoch time :  14.406682250999438  Train L2 Loss :  0.8001181706786156
Epoch :  25  Epoch time :  14.426410705998933  Train L2 Loss :  0.7851904842715997
Epoch :  26  Epoch time :  14.293868541999473  Train L2 Loss :  0.7730738782347777
Epoch :  27  Epoch time :  14.477668097000787  Train L2 Loss :  0.7620802613405081
Epoch :  28  Epoch time :  14.403686255998764  Train L2 Loss :  0.7528904338295643
Epoch :  29  Epoch time :  14.42815292999876  Train L2 Loss :  0.7436678785926256
Epoch :  30  Epoch time :  14.44234882300043  Train L2 Loss :  0.7337213914172772
Epoch :  31  Epoch time :  14.422647968000092  Train L2 Loss :  0.7195352703714982
Epoch :  32  Epoch time :  14.878773639000428  Train L2 Loss :  0.7090340107679367
Epoch :  33  Epoch time :  15.260651476999556  Train L2 Loss :  0.697218969082221
Epoch :  34  Epoch time :  15.116227553999124  Train L2 Loss :  0.680748062256055
Epoch :  35  Epoch time :  13.750889652999831  Train L2 Loss :  0.6672603887243148
Epoch :  36  Epoch time :  13.455934261999573  Train L2 Loss :  0.6535927911217396
Epoch :  37  Epoch time :  13.413247811000474  Train L2 Loss :  0.642624687594481
Epoch :  38  Epoch time :  13.375948573000642  Train L2 Loss :  0.6265830256235905
Epoch :  39  Epoch time :  13.40164809900125  Train L2 Loss :  0.6142141118836708
Epoch :  40  Epoch time :  13.375173468000867  Train L2 Loss :  0.6036464002652046
Epoch :  41  Epoch time :  13.322901014000308  Train L2 Loss :  0.5951101467108879
Epoch :  42  Epoch time :  13.373280443998738  Train L2 Loss :  0.5882214174534266
Epoch :  43  Epoch time :  13.378991356999904  Train L2 Loss :  0.578534434716671
Epoch :  44  Epoch time :  13.307437565999862  Train L2 Loss :  0.5713994097060118
Epoch :  45  Epoch time :  13.417037577000883  Train L2 Loss :  0.5611353850899599
Epoch :  46  Epoch time :  13.388298981000844  Train L2 Loss :  0.5407063093227453
Epoch :  47  Epoch time :  13.378797913999733  Train L2 Loss :  0.5269095803109499
Epoch :  48  Epoch time :  13.516343829000107  Train L2 Loss :  0.5115412312249342
Epoch :  49  Epoch time :  13.424045918998672  Train L2 Loss :  0.4984811489494183
Epoch :  50  Epoch time :  13.45395862999976  Train L2 Loss :  0.4895157342155774
Epoch :  51  Epoch time :  13.392057817000023  Train L2 Loss :  0.48012951016426086
Epoch :  52  Epoch time :  13.473840881000797  Train L2 Loss :  0.4732535087909454
Epoch :  53  Epoch time :  13.441280220000408  Train L2 Loss :  0.46507257481033987
Epoch :  54  Epoch time :  13.550658758000282  Train L2 Loss :  0.4607533986369769
Epoch :  55  Epoch time :  13.49156105899965  Train L2 Loss :  0.45380846076668835
Epoch :  56  Epoch time :  13.450653431000319  Train L2 Loss :  0.45101356592315894
Epoch :  57  Epoch time :  13.446457054998973  Train L2 Loss :  0.4452011404702297
Epoch :  58  Epoch time :  13.51208657800089  Train L2 Loss :  0.44032651601502526
Epoch :  59  Epoch time :  13.559325034000722  Train L2 Loss :  0.4356159564967339
Epoch :  60  Epoch time :  13.435476025999378  Train L2 Loss :  0.43291232558206105
Epoch :  61  Epoch time :  13.533037907000107  Train L2 Loss :  0.42867704676703
Epoch :  62  Epoch time :  13.495861732000776  Train L2 Loss :  0.4245959918659467
Epoch :  63  Epoch time :  13.482538419000775  Train L2 Loss :  0.419139908769956
Epoch :  64  Epoch time :  13.529653691999556  Train L2 Loss :  0.4161999814976484
Epoch :  65  Epoch time :  13.499027234000096  Train L2 Loss :  0.4113176486048943
Epoch :  66  Epoch time :  13.533005286999469  Train L2 Loss :  0.40910452661605984
Epoch :  67  Epoch time :  13.522493890999613  Train L2 Loss :  0.4055944756628611
Epoch :  68  Epoch time :  13.502907596001023  Train L2 Loss :  0.40323995029888093
Epoch :  69  Epoch time :  13.524405643000136  Train L2 Loss :  0.39917875258013225
Epoch :  70  Epoch time :  13.457092782000473  Train L2 Loss :  0.3973577936681417
Epoch :  71  Epoch time :  13.51969786799964  Train L2 Loss :  0.39472833829812515
Epoch :  72  Epoch time :  13.484492540999781  Train L2 Loss :  0.39233259656108344
Epoch :  73  Epoch time :  13.529287035999005  Train L2 Loss :  0.388004252113975
Epoch :  74  Epoch time :  13.646494810998774  Train L2 Loss :  0.3872844162277686
Epoch :  75  Epoch time :  13.487801508999837  Train L2 Loss :  0.3839677171065257
Epoch :  76  Epoch time :  13.50516793099996  Train L2 Loss :  0.383537860491719
Epoch :  77  Epoch time :  13.494341456998882  Train L2 Loss :  0.3832316503692896
Epoch :  78  Epoch time :  13.543543290999878  Train L2 Loss :  0.3782893620335903
Epoch :  79  Epoch time :  13.501080488998923  Train L2 Loss :  0.37617346844994104
Epoch :  80  Epoch time :  13.538814290999653  Train L2 Loss :  0.3735117340126099
Epoch :  81  Epoch time :  13.70645363299991  Train L2 Loss :  0.3733628276640024
Epoch :  82  Epoch time :  13.61318308599948  Train L2 Loss :  0.368766613304615
Epoch :  83  Epoch time :  13.624765233998914  Train L2 Loss :  0.3653520479893837
Epoch :  84  Epoch time :  13.608059336000224  Train L2 Loss :  0.362692623375318
Epoch :  85  Epoch time :  13.648141860998294  Train L2 Loss :  0.3599169143499472
Epoch :  86  Epoch time :  13.554409323000073  Train L2 Loss :  0.35835349187254906
Epoch :  87  Epoch time :  13.608573143001195  Train L2 Loss :  0.35684628550631875
Epoch :  88  Epoch time :  13.714460474000589  Train L2 Loss :  0.3523674247643122
Epoch :  89  Epoch time :  13.58967475800091  Train L2 Loss :  0.35336726039457017
Epoch :  90  Epoch time :  13.668535851998968  Train L2 Loss :  0.3518880655368169
Epoch :  91  Epoch time :  13.850010354000915  Train L2 Loss :  0.3476150320986143
Epoch :  92  Epoch time :  13.7366014800009  Train L2 Loss :  0.34495177406531113
Epoch :  93  Epoch time :  13.714377500999035  Train L2 Loss :  0.3436409009572787
Epoch :  94  Epoch time :  13.739960093998889  Train L2 Loss :  0.3385976885373776
Epoch :  95  Epoch time :  13.710396872000274  Train L2 Loss :  0.33751013263677937
Epoch :  96  Epoch time :  14.09548704700137  Train L2 Loss :  0.335483691153618
Epoch :  97  Epoch time :  14.270636950999688  Train L2 Loss :  0.33297478531797725
Epoch :  98  Epoch time :  14.255775437999546  Train L2 Loss :  0.33121999668387264
Epoch :  99  Epoch time :  14.24972051199984  Train L2 Loss :  0.32952255301941663
Epoch :  100  Epoch time :  14.310288717999356  Train L2 Loss :  0.3116188094688532
Epoch :  101  Epoch time :  14.227188324000963  Train L2 Loss :  0.3094741735989467
Epoch :  102  Epoch time :  14.258219855999414  Train L2 Loss :  0.30896765967974293
Epoch :  103  Epoch time :  14.217054804999862  Train L2 Loss :  0.30787728841488177
Epoch :  104  Epoch time :  14.250575341999138  Train L2 Loss :  0.30746050835706484
Epoch :  105  Epoch time :  14.324393793000127  Train L2 Loss :  0.3067599841608451
Epoch :  106  Epoch time :  14.247084437000012  Train L2 Loss :  0.30609421560970634
Epoch :  107  Epoch time :  14.355437711999912  Train L2 Loss :  0.3058351435435888
Epoch :  108  Epoch time :  14.409501346999605  Train L2 Loss :  0.30413420870900154
Epoch :  109  Epoch time :  14.439895227998932  Train L2 Loss :  0.30337645796438056
Epoch :  110  Epoch time :  14.506972446000873  Train L2 Loss :  0.302733211658704
Epoch :  111  Epoch time :  14.409745883998767  Train L2 Loss :  0.3021578204173308
Epoch :  112  Epoch time :  14.370971315998759  Train L2 Loss :  0.3013764377683401
Epoch :  113  Epoch time :  14.369869468000616  Train L2 Loss :  0.3013253014486952
Epoch :  114  Epoch time :  14.488709691999247  Train L2 Loss :  0.2992111193493773
Epoch :  115  Epoch time :  14.470974926000054  Train L2 Loss :  0.2992108622804666
Epoch :  116  Epoch time :  14.431157607999921  Train L2 Loss :  0.2987151006475473
Epoch :  117  Epoch time :  14.279939097999886  Train L2 Loss :  0.297050218981428
Epoch :  118  Epoch time :  14.36169171200163  Train L2 Loss :  0.29671926349879074
Epoch :  119  Epoch time :  14.33988788300121  Train L2 Loss :  0.29600550048053265
Epoch :  120  Epoch time :  14.379106404001504  Train L2 Loss :  0.29546842513940275
Epoch :  121  Epoch time :  14.467115653000292  Train L2 Loss :  0.2938766344092213
Epoch :  122  Epoch time :  14.376526558000478  Train L2 Loss :  0.29428496546088123
Epoch :  123  Epoch time :  14.373984060999646  Train L2 Loss :  0.29289552254172474
Epoch :  124  Epoch time :  14.433224575001077  Train L2 Loss :  0.29195047220071924
Epoch :  125  Epoch time :  14.363492599000892  Train L2 Loss :  0.29176514079937566
Epoch :  126  Epoch time :  14.44051063400002  Train L2 Loss :  0.2905802063834973
Epoch :  127  Epoch time :  14.445126307000464  Train L2 Loss :  0.2907905585777301
Epoch :  128  Epoch time :  14.465563533000022  Train L2 Loss :  0.2892917869851375
Epoch :  129  Epoch time :  14.52437133300009  Train L2 Loss :  0.2894035154141677
Epoch :  130  Epoch time :  14.45854474799853  Train L2 Loss :  0.2881181608551206
Epoch :  131  Epoch time :  14.487862890999168  Train L2 Loss :  0.2876960391847369
Epoch :  132  Epoch time :  14.500658513999952  Train L2 Loss :  0.286617315828036
Epoch :  133  Epoch time :  14.414069239999662  Train L2 Loss :  0.2869162669357581
Epoch :  134  Epoch time :  14.312813168000503  Train L2 Loss :  0.28570722112766445
Epoch :  135  Epoch time :  14.38147699000001  Train L2 Loss :  0.2853998521056313
Epoch :  136  Epoch time :  14.349806161000743  Train L2 Loss :  0.2848205894995958
Epoch :  137  Epoch time :  14.41912536900054  Train L2 Loss :  0.2843909317102188
Epoch :  138  Epoch time :  14.375938029999816  Train L2 Loss :  0.2825419721313012
Epoch :  139  Epoch time :  14.508508352999343  Train L2 Loss :  0.28265061587668383
Epoch :  140  Epoch time :  14.391187508999792  Train L2 Loss :  0.2822727954540497
Epoch :  141  Epoch time :  14.445137708000402  Train L2 Loss :  0.28196952869303715
Epoch :  142  Epoch time :  14.458195853001598  Train L2 Loss :  0.28092390310783416
Epoch :  143  Epoch time :  14.53044236200003  Train L2 Loss :  0.28103107736947447
Epoch :  144  Epoch time :  14.567360567998549  Train L2 Loss :  0.27968000415234995
Epoch :  145  Epoch time :  14.501386402000207  Train L2 Loss :  0.27853098652588254
Epoch :  146  Epoch time :  14.466095881000001  Train L2 Loss :  0.27792893684445286
Epoch :  147  Epoch time :  14.604938579999725  Train L2 Loss :  0.2774594890383574
Epoch :  148  Epoch time :  14.521146149001652  Train L2 Loss :  0.2762646449204439
Epoch :  149  Epoch time :  14.575047215999803  Train L2 Loss :  0.275790173584261
Epoch :  150  Epoch time :  14.511712044999513  Train L2 Loss :  0.2754974151746585
Epoch :  151  Epoch time :  14.515270456000508  Train L2 Loss :  0.2751268295523448
Epoch :  152  Epoch time :  14.50198764599918  Train L2 Loss :  0.2749169595205249
Epoch :  153  Epoch time :  14.553908459998638  Train L2 Loss :  0.2734759518733391
Epoch :  154  Epoch time :  13.968944921000002  Train L2 Loss :  0.2737135817893805
Epoch :  155  Epoch time :  13.866166444000555  Train L2 Loss :  0.27284954755734175
Epoch :  156  Epoch time :  13.896681858999727  Train L2 Loss :  0.27254156949810493
Epoch :  157  Epoch time :  13.892284834999373  Train L2 Loss :  0.2712453116113559
Epoch :  158  Epoch time :  13.892142663000413  Train L2 Loss :  0.27112754262410677
Epoch :  159  Epoch time :  13.930290092999712  Train L2 Loss :  0.2708139541821602
Epoch :  160  Epoch time :  13.974367214001177  Train L2 Loss :  0.2702140923684988
Epoch :  161  Epoch time :  13.902995027001452  Train L2 Loss :  0.2692402867266001
Epoch :  162  Epoch time :  13.927843768000457  Train L2 Loss :  0.2692076991049525
Epoch :  163  Epoch time :  13.969486549998692  Train L2 Loss :  0.268456937936254
Epoch :  164  Epoch time :  13.946539991999089  Train L2 Loss :  0.2685728099865791
Epoch :  165  Epoch time :  13.944839873998717  Train L2 Loss :  0.2677746473644406
Epoch :  166  Epoch time :  13.919894313999976  Train L2 Loss :  0.26716664858544487
Epoch :  167  Epoch time :  13.978406877000452  Train L2 Loss :  0.26713007129728794
Epoch :  168  Epoch time :  13.944760563999807  Train L2 Loss :  0.2657302701368164
Epoch :  169  Epoch time :  13.944077414998901  Train L2 Loss :  0.2658645334199835
Epoch :  170  Epoch time :  14.051965106998978  Train L2 Loss :  0.2650621740672833
Epoch :  171  Epoch time :  14.066928336000274  Train L2 Loss :  0.26501492152993494
Epoch :  172  Epoch time :  13.961163313000725  Train L2 Loss :  0.2653022315353155
Epoch :  173  Epoch time :  14.018025326999123  Train L2 Loss :  0.2634716614221151
Epoch :  174  Epoch time :  14.03623747399979  Train L2 Loss :  0.26363470073407275
Epoch :  175  Epoch time :  13.981305335000798  Train L2 Loss :  0.2630370829302149
Epoch :  176  Epoch time :  13.940920163000555  Train L2 Loss :  0.2632829196846638
Epoch :  177  Epoch time :  14.055794201000026  Train L2 Loss :  0.2621485971583006
Epoch :  178  Epoch time :  14.103791232999356  Train L2 Loss :  0.26174781841631883
Epoch :  179  Epoch time :  13.956083203000162  Train L2 Loss :  0.2624369599880316
Epoch :  180  Epoch time :  13.980815766999513  Train L2 Loss :  0.2610922374117833
Epoch :  181  Epoch time :  14.130868602000191  Train L2 Loss :  0.2608630647166417
Epoch :  182  Epoch time :  14.040923427000962  Train L2 Loss :  0.2609864166006446
Epoch :  183  Epoch time :  13.99538697099888  Train L2 Loss :  0.2595594428861753
Epoch :  184  Epoch time :  13.906444255000679  Train L2 Loss :  0.2592859588181361
Epoch :  185  Epoch time :  13.929483891999553  Train L2 Loss :  0.2588125664788561
Epoch :  186  Epoch time :  14.075588273999529  Train L2 Loss :  0.2594478959456468
Epoch :  187  Epoch time :  14.023701506999714  Train L2 Loss :  0.2591831644232839
Epoch :  188  Epoch time :  13.905871163000484  Train L2 Loss :  0.2585835489325034
Epoch :  189  Epoch time :  13.932143276000716  Train L2 Loss :  0.25771349912079483
Epoch :  190  Epoch time :  13.946528926999235  Train L2 Loss :  0.25672728694879854
Epoch :  191  Epoch time :  14.038726337999833  Train L2 Loss :  0.2569348919085967
Epoch :  192  Epoch time :  13.917847022999922  Train L2 Loss :  0.25563979261101055
Epoch :  193  Epoch time :  13.912735363001048  Train L2 Loss :  0.2565599752064699
Epoch :  194  Epoch time :  14.006231352001123  Train L2 Loss :  0.25596779322203916
Epoch :  195  Epoch time :  14.043788087999928  Train L2 Loss :  0.2554319442655796
Epoch :  196  Epoch time :  14.033794855000451  Train L2 Loss :  0.2546689371841076
Epoch :  197  Epoch time :  14.094046964000881  Train L2 Loss :  0.2542803902656604
Epoch :  198  Epoch time :  14.248847926999588  Train L2 Loss :  0.2542668608709788
Epoch :  199  Epoch time :  14.130709942999601  Train L2 Loss :  0.2549150610008301
Total time is : 2805.963958518999 Total epoch is  200
