Input dim :  103  output dim :  1
Start training 
2225
Epoch :  0  Epoch time :  13.744492814000296  Train L2 Loss :  1.3704292585070317
Epoch :  1  Epoch time :  13.988855437999518  Train L2 Loss :  1.370124326302455
Epoch :  2  Epoch time :  13.76879743399968  Train L2 Loss :  1.3700378118799283
Epoch :  3  Epoch time :  14.01403351099998  Train L2 Loss :  1.369982704329185
Epoch :  4  Epoch time :  13.77493628100001  Train L2 Loss :  1.369920449761244
Epoch :  5  Epoch time :  13.752393196999947  Train L2 Loss :  1.3697890150241363
Epoch :  6  Epoch time :  13.906943468000463  Train L2 Loss :  1.3695959597826004
Epoch :  7  Epoch time :  13.771541353999964  Train L2 Loss :  1.3690736670142565
Epoch :  8  Epoch time :  13.761415566000323  Train L2 Loss :  1.3667586617744887
Epoch :  9  Epoch time :  13.757906271999673  Train L2 Loss :  1.3590769144969108
Epoch :  10  Epoch time :  13.752505115000531  Train L2 Loss :  1.3452545268795428
Epoch :  11  Epoch time :  13.816961747000278  Train L2 Loss :  1.328149367028322
Epoch :  12  Epoch time :  13.801797879000333  Train L2 Loss :  1.3086594702341618
Epoch :  13  Epoch time :  13.80177240699959  Train L2 Loss :  1.2929490313698084
Epoch :  14  Epoch time :  13.724232214999574  Train L2 Loss :  1.269813555555466
Epoch :  15  Epoch time :  13.827811201000259  Train L2 Loss :  1.2427795831209574
Epoch :  16  Epoch time :  13.752742575999946  Train L2 Loss :  1.2180436108356867
Epoch :  17  Epoch time :  13.717211787999986  Train L2 Loss :  1.1968164615906203
Epoch :  18  Epoch time :  13.761326987999382  Train L2 Loss :  1.17626765026496
Epoch :  19  Epoch time :  13.729502476000562  Train L2 Loss :  1.159689337015152
Epoch :  20  Epoch time :  13.906017840999993  Train L2 Loss :  1.1460532473447995
Epoch :  21  Epoch time :  13.739237110999966  Train L2 Loss :  1.1357050488392513
Epoch :  22  Epoch time :  13.720445315999314  Train L2 Loss :  1.1271950187973487
Epoch :  23  Epoch time :  13.722310479999578  Train L2 Loss :  1.120840887228648
Epoch :  24  Epoch time :  13.682428930999777  Train L2 Loss :  1.1143951415060422
Epoch :  25  Epoch time :  13.703486847999557  Train L2 Loss :  1.109143369950545
Epoch :  26  Epoch time :  13.689275791  Train L2 Loss :  1.1034526062699466
Epoch :  27  Epoch time :  13.895666652999353  Train L2 Loss :  1.0976881277866852
Epoch :  28  Epoch time :  13.995747895000022  Train L2 Loss :  1.092404561260572
Epoch :  29  Epoch time :  13.839692198000193  Train L2 Loss :  1.087286732517756
Epoch :  30  Epoch time :  13.754394348999995  Train L2 Loss :  1.082823018424022
Epoch :  31  Epoch time :  13.729257292000511  Train L2 Loss :  1.0796550903946927
Epoch :  32  Epoch time :  13.736710356999538  Train L2 Loss :  1.0763192919966502
Epoch :  33  Epoch time :  13.718623429000218  Train L2 Loss :  1.0729687299865942
Epoch :  34  Epoch time :  13.646955055000035  Train L2 Loss :  1.0705799678197274
Epoch :  35  Epoch time :  13.61251047099995  Train L2 Loss :  1.0674856702486675
Epoch :  36  Epoch time :  13.68615767799929  Train L2 Loss :  1.0655935310209408
Epoch :  37  Epoch time :  13.733645401000103  Train L2 Loss :  1.0624902710700646
Epoch :  38  Epoch time :  13.72506219800016  Train L2 Loss :  1.060239484008306
Epoch :  39  Epoch time :  13.75474786399991  Train L2 Loss :  1.0586958529475408
Epoch :  40  Epoch time :  13.65695935399981  Train L2 Loss :  1.0557026200187511
Epoch :  41  Epoch time :  13.838994025999455  Train L2 Loss :  1.0536093326906364
Epoch :  42  Epoch time :  14.38207585499913  Train L2 Loss :  1.0502086270313997
Epoch :  43  Epoch time :  13.900402109999959  Train L2 Loss :  1.0471254896659117
Epoch :  44  Epoch time :  13.998701946999972  Train L2 Loss :  1.0423403789217656
Epoch :  45  Epoch time :  13.962961944999734  Train L2 Loss :  1.03731294004963
Epoch :  46  Epoch time :  13.969620163999934  Train L2 Loss :  1.0302279103451815
Epoch :  47  Epoch time :  13.978552507000131  Train L2 Loss :  1.0190623119855537
Epoch :  48  Epoch time :  13.93813260800016  Train L2 Loss :  1.0114691811494338
Epoch :  49  Epoch time :  13.944593697000528  Train L2 Loss :  1.006622684880709
Epoch :  50  Epoch time :  14.02038614399953  Train L2 Loss :  1.0028302288399293
Epoch :  51  Epoch time :  14.015400219000185  Train L2 Loss :  0.9985857118780797
Epoch :  52  Epoch time :  13.96030852900003  Train L2 Loss :  0.9951754087247909
Epoch :  53  Epoch time :  13.963887669000542  Train L2 Loss :  0.9920676933267177
Epoch :  54  Epoch time :  13.983699188999708  Train L2 Loss :  0.990226692878283
Epoch :  55  Epoch time :  13.905625532999693  Train L2 Loss :  0.9873180580444825
Epoch :  56  Epoch time :  14.154610125000545  Train L2 Loss :  0.9853102366129557
Epoch :  57  Epoch time :  13.933729372000016  Train L2 Loss :  0.9832245278625916
Epoch :  58  Epoch time :  13.881003243999658  Train L2 Loss :  0.9807122538869197
Epoch :  59  Epoch time :  13.865742996000336  Train L2 Loss :  0.9792272277558461
Epoch :  60  Epoch time :  13.92682918599985  Train L2 Loss :  0.977388740158998
Epoch :  61  Epoch time :  13.877919440000369  Train L2 Loss :  0.9767131033616189
Epoch :  62  Epoch time :  13.963317738000114  Train L2 Loss :  0.974446221995048
Epoch :  63  Epoch time :  13.958574145999592  Train L2 Loss :  0.9704696027896343
Epoch :  64  Epoch time :  13.941581328999746  Train L2 Loss :  0.960565487925823
Epoch :  65  Epoch time :  13.87481686800038  Train L2 Loss :  0.9522368107468654
Epoch :  66  Epoch time :  14.058523648000119  Train L2 Loss :  0.9461390068515753
Epoch :  67  Epoch time :  13.278119634000177  Train L2 Loss :  0.9404271808572304
Epoch :  68  Epoch time :  13.314095009999619  Train L2 Loss :  0.9376824202063756
Epoch :  69  Epoch time :  13.454218175999813  Train L2 Loss :  0.9345181442988224
Epoch :  70  Epoch time :  13.5579447730006  Train L2 Loss :  0.9325038862343018
Epoch :  71  Epoch time :  13.392272497999329  Train L2 Loss :  0.9304201748126593
Epoch :  72  Epoch time :  13.46594996300064  Train L2 Loss :  0.9279413267205923
Epoch :  73  Epoch time :  13.319206486999974  Train L2 Loss :  0.9269684646756221
Epoch :  74  Epoch time :  13.365779980999832  Train L2 Loss :  0.9253840570648512
Epoch :  75  Epoch time :  13.347811216000082  Train L2 Loss :  0.9235984621903836
Epoch :  76  Epoch time :  13.38811163399987  Train L2 Loss :  0.9223732818395664
Epoch :  77  Epoch time :  13.489795931999652  Train L2 Loss :  0.9199817024935515
Epoch :  78  Epoch time :  13.447506327000156  Train L2 Loss :  0.9189675971865654
Epoch :  79  Epoch time :  13.38616706799985  Train L2 Loss :  0.9171094900140395
Epoch :  80  Epoch time :  13.444254093999916  Train L2 Loss :  0.914694299396032
Epoch :  81  Epoch time :  13.511427108000134  Train L2 Loss :  0.9088343374240093
Epoch :  82  Epoch time :  13.360811995000404  Train L2 Loss :  0.9030011636324418
Epoch :  83  Epoch time :  13.454862162000609  Train L2 Loss :  0.898456691740415
Epoch :  84  Epoch time :  13.407019966999542  Train L2 Loss :  0.8973931276645416
Epoch :  85  Epoch time :  13.482683573000031  Train L2 Loss :  0.8945961972841849
Epoch :  86  Epoch time :  13.464065018000838  Train L2 Loss :  0.8931851279086027
Epoch :  87  Epoch time :  13.437461301999974  Train L2 Loss :  0.8916849753795526
Epoch :  88  Epoch time :  13.44554744800007  Train L2 Loss :  0.8902865229890897
Epoch :  89  Epoch time :  13.444837682999605  Train L2 Loss :  0.8892568468283384
Epoch :  90  Epoch time :  13.54489699899932  Train L2 Loss :  0.8880214987274928
Epoch :  91  Epoch time :  13.475181122999857  Train L2 Loss :  0.8864420037239026
Epoch :  92  Epoch time :  13.508451247000266  Train L2 Loss :  0.8845854378663577
Epoch :  93  Epoch time :  13.49798517400086  Train L2 Loss :  0.8834636778785632
Epoch :  94  Epoch time :  13.58357707200048  Train L2 Loss :  0.8823050404779422
Epoch :  95  Epoch time :  13.513753418000306  Train L2 Loss :  0.8815236427845099
Epoch :  96  Epoch time :  13.439544093999757  Train L2 Loss :  0.8801978251490837
Epoch :  97  Epoch time :  13.4618636160003  Train L2 Loss :  0.8790859086200212
Epoch :  98  Epoch time :  13.48117195299983  Train L2 Loss :  0.8781672781094526
Epoch :  99  Epoch time :  13.52437922199988  Train L2 Loss :  0.8757738241782556
Epoch :  100  Epoch time :  13.521583490999546  Train L2 Loss :  0.8667815940884444
Epoch :  101  Epoch time :  13.493878622999546  Train L2 Loss :  0.8642151741645275
Epoch :  102  Epoch time :  13.51326657700065  Train L2 Loss :  0.8623724232117335
Epoch :  103  Epoch time :  13.649729818000196  Train L2 Loss :  0.859172196724476
Epoch :  104  Epoch time :  13.549765003000175  Train L2 Loss :  0.8560653296418679
Epoch :  105  Epoch time :  13.548896984999374  Train L2 Loss :  0.8539539894614464
Epoch :  106  Epoch time :  13.549442554999587  Train L2 Loss :  0.8516530335331575
Epoch :  107  Epoch time :  13.54720619499949  Train L2 Loss :  0.8492435619999201
Epoch :  108  Epoch time :  13.524999104999551  Train L2 Loss :  0.8474050823312539
Epoch :  109  Epoch time :  13.602266576999682  Train L2 Loss :  0.8456104011871876
Epoch :  110  Epoch time :  13.54989127600038  Train L2 Loss :  0.8436107554305823
Epoch :  111  Epoch time :  13.727315948000069  Train L2 Loss :  0.8420273470572937
Epoch :  112  Epoch time :  13.574684571999569  Train L2 Loss :  0.8406785231752273
Epoch :  113  Epoch time :  13.674533981999957  Train L2 Loss :  0.8393523727472012
Epoch :  114  Epoch time :  13.623913329999596  Train L2 Loss :  0.8379423860938121
Epoch :  115  Epoch time :  13.558282924000196  Train L2 Loss :  0.8370083746237632
Epoch :  116  Epoch time :  13.550247567000042  Train L2 Loss :  0.8359929516147344
Epoch :  117  Epoch time :  13.542626110999663  Train L2 Loss :  0.8354103918641042
Epoch :  118  Epoch time :  13.560782876999838  Train L2 Loss :  0.8345064807396668
Epoch :  119  Epoch time :  13.590175999999701  Train L2 Loss :  0.8335160584403918
Epoch :  120  Epoch time :  13.53653830500025  Train L2 Loss :  0.8332638979340211
Epoch :  121  Epoch time :  13.74771577499996  Train L2 Loss :  0.8324474975084647
Epoch :  122  Epoch time :  13.647574247000193  Train L2 Loss :  0.8322175230162266
Epoch :  123  Epoch time :  13.789500842000052  Train L2 Loss :  0.83182993130042
Epoch :  124  Epoch time :  13.606090087000666  Train L2 Loss :  0.8308969473418517
Epoch :  125  Epoch time :  13.65140954600065  Train L2 Loss :  0.8308843607321764
Epoch :  126  Epoch time :  13.624002284000198  Train L2 Loss :  0.8301327551404635
Epoch :  127  Epoch time :  13.662378497000645  Train L2 Loss :  0.8298407432933649
Epoch :  128  Epoch time :  13.817263593000462  Train L2 Loss :  0.8294501821391094
Epoch :  129  Epoch time :  13.597010049000346  Train L2 Loss :  0.8288009898402752
Epoch :  130  Epoch time :  13.641767269999946  Train L2 Loss :  0.8285332310658234
Epoch :  131  Epoch time :  13.67908678599997  Train L2 Loss :  0.8282120957588538
Epoch :  132  Epoch time :  13.71787577500072  Train L2 Loss :  0.8278456438237276
Epoch :  133  Epoch time :  13.664170385999569  Train L2 Loss :  0.8276111088120021
Epoch :  134  Epoch time :  13.641832390999298  Train L2 Loss :  0.8274270217770185
Epoch :  135  Epoch time :  13.772190936999323  Train L2 Loss :  0.826528551773383
Epoch :  136  Epoch time :  13.679176069000277  Train L2 Loss :  0.8257885393805993
Epoch :  137  Epoch time :  13.645647427999393  Train L2 Loss :  0.8252085336507895
Epoch :  138  Epoch time :  13.643634203000147  Train L2 Loss :  0.824394496014485
Epoch :  139  Epoch time :  13.662893195999459  Train L2 Loss :  0.8238749314959233
Epoch :  140  Epoch time :  13.735605179000231  Train L2 Loss :  0.8232667952393874
Epoch :  141  Epoch time :  13.703267714000503  Train L2 Loss :  0.8224431125399394
Epoch :  142  Epoch time :  13.700616148000336  Train L2 Loss :  0.8223339969722124
Epoch :  143  Epoch time :  13.6938420890001  Train L2 Loss :  0.8218011640203304
Epoch :  144  Epoch time :  13.67043816000023  Train L2 Loss :  0.8210461869453772
Epoch :  145  Epoch time :  13.700277376000486  Train L2 Loss :  0.8201992817414112
Epoch :  146  Epoch time :  13.686368794999908  Train L2 Loss :  0.8203496805941447
Epoch :  147  Epoch time :  13.70004905099995  Train L2 Loss :  0.8195665696492562
Epoch :  148  Epoch time :  13.73996658499982  Train L2 Loss :  0.8187710286524051
Epoch :  149  Epoch time :  13.71291670499977  Train L2 Loss :  0.8183237605561049
Epoch :  150  Epoch time :  13.780069788999754  Train L2 Loss :  0.8165339587781674
Epoch :  151  Epoch time :  13.709827699000016  Train L2 Loss :  0.8148861023095938
Epoch :  152  Epoch time :  13.669855375000225  Train L2 Loss :  0.8125773284297723
Epoch :  153  Epoch time :  13.66796334099945  Train L2 Loss :  0.8100922564283396
Epoch :  154  Epoch time :  13.85143668099954  Train L2 Loss :  0.8078409127700024
Epoch :  155  Epoch time :  13.903727120999974  Train L2 Loss :  0.8053342925432401
Epoch :  156  Epoch time :  13.77400166299958  Train L2 Loss :  0.8032337287679697
Epoch :  157  Epoch time :  13.721157172999483  Train L2 Loss :  0.8007984829063599
Epoch :  158  Epoch time :  13.727429235000272  Train L2 Loss :  0.7968613637181429
Epoch :  159  Epoch time :  14.243386267999995  Train L2 Loss :  0.7926464673036184
Epoch :  160  Epoch time :  14.617321286000333  Train L2 Loss :  0.7903035097779372
Epoch :  161  Epoch time :  14.455542220999632  Train L2 Loss :  0.7887333687872459
Epoch :  162  Epoch time :  14.506489202000012  Train L2 Loss :  0.7875978553142303
Epoch :  163  Epoch time :  14.706596542000625  Train L2 Loss :  0.7865497457484404
Epoch :  164  Epoch time :  14.501924634999341  Train L2 Loss :  0.7859745742991949
Epoch :  165  Epoch time :  14.44298095799968  Train L2 Loss :  0.785138400319295
Epoch :  166  Epoch time :  14.420959133999531  Train L2 Loss :  0.7842853088409473
Epoch :  167  Epoch time :  14.463943484000083  Train L2 Loss :  0.7844447472538704
Epoch :  168  Epoch time :  14.438236807999601  Train L2 Loss :  0.783875584984437
Epoch :  169  Epoch time :  14.532586893999905  Train L2 Loss :  0.7832129657841645
Epoch :  170  Epoch time :  14.57521098899997  Train L2 Loss :  0.7823812121000046
Epoch :  171  Epoch time :  14.605159788000492  Train L2 Loss :  0.7814045632496859
Epoch :  172  Epoch time :  14.838065748999725  Train L2 Loss :  0.7803253853359283
Epoch :  173  Epoch time :  15.25661837899952  Train L2 Loss :  0.7792338311481171
Epoch :  174  Epoch time :  14.741495293999833  Train L2 Loss :  0.7773522738462839
Epoch :  175  Epoch time :  14.803864511000029  Train L2 Loss :  0.7755679065027298
Epoch :  176  Epoch time :  14.849961236000127  Train L2 Loss :  0.7728831693530083
Epoch :  177  Epoch time :  14.898607035999703  Train L2 Loss :  0.7704246666951057
Epoch :  178  Epoch time :  14.926855001000149  Train L2 Loss :  0.7681632504249231
Epoch :  179  Epoch time :  14.901176209999903  Train L2 Loss :  0.7658733955751627
Epoch :  180  Epoch time :  14.915735638000115  Train L2 Loss :  0.7637943363724611
Epoch :  181  Epoch time :  14.944071003999852  Train L2 Loss :  0.7619798829158148
Epoch :  182  Epoch time :  14.770950933000677  Train L2 Loss :  0.7603332343965005
Epoch :  183  Epoch time :  14.773006628000076  Train L2 Loss :  0.7591114271527681
Epoch :  184  Epoch time :  14.806126924000637  Train L2 Loss :  0.7574705109955409
Epoch :  185  Epoch time :  14.822866816999522  Train L2 Loss :  0.7559569632777801
Epoch :  186  Epoch time :  14.844536027999311  Train L2 Loss :  0.7548002273990557
Epoch :  187  Epoch time :  14.820189036999182  Train L2 Loss :  0.7534668854413888
Epoch :  188  Epoch time :  14.918443279000712  Train L2 Loss :  0.7525103642390325
Epoch :  189  Epoch time :  14.884178481000163  Train L2 Loss :  0.7513473191513464
Epoch :  190  Epoch time :  14.777512336000655  Train L2 Loss :  0.7503630478794758
Epoch :  191  Epoch time :  14.671366319000299  Train L2 Loss :  0.7496456358677301
Epoch :  192  Epoch time :  14.828586947000076  Train L2 Loss :  0.7488526812730691
Epoch :  193  Epoch time :  14.824777269999686  Train L2 Loss :  0.7471898387257869
Epoch :  194  Epoch time :  14.812135409999428  Train L2 Loss :  0.746192876345072
Epoch :  195  Epoch time :  14.858882836000703  Train L2 Loss :  0.7454442010284998
Epoch :  196  Epoch time :  14.988200885999504  Train L2 Loss :  0.7441435839312199
Epoch :  197  Epoch time :  14.958671240000513  Train L2 Loss :  0.7434638410042493
Epoch :  198  Epoch time :  14.891626360999908  Train L2 Loss :  0.7424359307266198
Epoch :  199  Epoch time :  14.836072977000185  Train L2 Loss :  0.7418217064860539
Total time is : 2781.9040658659997 Total epoch is  200
