Input dim :  103  output dim :  1
Start training 
46465
Epoch :  0  Epoch time :  13.558708028000183  Train L2 Loss :  1.3704629784975297
Epoch :  1  Epoch time :  13.496654939001019  Train L2 Loss :  1.3701064445269413
Epoch :  2  Epoch time :  13.476675813000838  Train L2 Loss :  1.369989894903623
Epoch :  3  Epoch time :  13.435503058000904  Train L2 Loss :  1.3699276405267227
Epoch :  4  Epoch time :  13.44120539799951  Train L2 Loss :  1.3698402647024546
Epoch :  5  Epoch time :  13.344016736000412  Train L2 Loss :  1.3695212254921596
Epoch :  6  Epoch time :  13.530045985999095  Train L2 Loss :  1.3686214983463287
Epoch :  7  Epoch time :  13.392846890999863  Train L2 Loss :  1.367426993755194
Epoch :  8  Epoch time :  13.395331777001047  Train L2 Loss :  1.3658968515885181
Epoch :  9  Epoch time :  13.401036809000288  Train L2 Loss :  1.3635504322174268
Epoch :  10  Epoch time :  13.541163715999573  Train L2 Loss :  1.3579738602424278
Epoch :  11  Epoch time :  13.504526238000835  Train L2 Loss :  1.3356853948953824
Epoch :  12  Epoch time :  13.352623331998984  Train L2 Loss :  1.2769525425556378
Epoch :  13  Epoch time :  13.435180219999893  Train L2 Loss :  1.1701199152530768
Epoch :  14  Epoch time :  13.48159116900024  Train L2 Loss :  1.0066044551248734
Epoch :  15  Epoch time :  13.485432325998772  Train L2 Loss :  0.8960833933490974
Epoch :  16  Epoch time :  13.463650117000725  Train L2 Loss :  0.8367721894994761
Epoch :  17  Epoch time :  13.588829792999604  Train L2 Loss :  0.8018983818399601
Epoch :  18  Epoch time :  13.439020824998806  Train L2 Loss :  0.7714022180208793
Epoch :  19  Epoch time :  13.416183696001099  Train L2 Loss :  0.7486607762865531
Epoch :  20  Epoch time :  13.486404684001172  Train L2 Loss :  0.7249313569030701
Epoch :  21  Epoch time :  13.437950505000117  Train L2 Loss :  0.7082972065187417
Epoch :  22  Epoch time :  13.46050952600126  Train L2 Loss :  0.6945819533788241
Epoch :  23  Epoch time :  13.442716993000431  Train L2 Loss :  0.6839534748250093
Epoch :  24  Epoch time :  13.406351073999758  Train L2 Loss :  0.6748767214325758
Epoch :  25  Epoch time :  13.446471976001703  Train L2 Loss :  0.664180365892557
Epoch :  26  Epoch time :  13.434152108999115  Train L2 Loss :  0.6575686444456761
Epoch :  27  Epoch time :  13.50489385199944  Train L2 Loss :  0.6467325179240643
Epoch :  28  Epoch time :  13.514260587000535  Train L2 Loss :  0.6378788586992484
Epoch :  29  Epoch time :  13.444808880998607  Train L2 Loss :  0.6304983001870986
Epoch :  30  Epoch time :  13.532547066999541  Train L2 Loss :  0.6235870224161025
Epoch :  31  Epoch time :  13.505608077999568  Train L2 Loss :  0.616675447863646
Epoch :  32  Epoch time :  13.679890834000616  Train L2 Loss :  0.610755110016236
Epoch :  33  Epoch time :  13.412020251000285  Train L2 Loss :  0.6051882028770752
Epoch :  34  Epoch time :  13.516417196000475  Train L2 Loss :  0.5986056709423279
Epoch :  35  Epoch time :  13.516438216000097  Train L2 Loss :  0.5931694826636559
Epoch :  36  Epoch time :  13.513817949999066  Train L2 Loss :  0.5885697304247282
Epoch :  37  Epoch time :  13.563910197999576  Train L2 Loss :  0.5808333087808046
Epoch :  38  Epoch time :  13.464573528999608  Train L2 Loss :  0.5752640854185208
Epoch :  39  Epoch time :  13.511002462999386  Train L2 Loss :  0.5666340108101184
Epoch :  40  Epoch time :  13.439965417001076  Train L2 Loss :  0.5609847363562156
Epoch :  41  Epoch time :  13.563398188000065  Train L2 Loss :  0.5526601771513621
Epoch :  42  Epoch time :  13.54611647099955  Train L2 Loss :  0.5461781642471368
Epoch :  43  Epoch time :  13.436810594001145  Train L2 Loss :  0.5389162279092349
Epoch :  44  Epoch time :  13.492447491000348  Train L2 Loss :  0.5335756776711116
Epoch :  45  Epoch time :  13.427550008000253  Train L2 Loss :  0.526928118788279
Epoch :  46  Epoch time :  13.517568193999978  Train L2 Loss :  0.5201905268984728
Epoch :  47  Epoch time :  13.485499824999351  Train L2 Loss :  0.5141360871493816
Epoch :  48  Epoch time :  13.564929124999253  Train L2 Loss :  0.5069852261207043
Epoch :  49  Epoch time :  13.589142323000488  Train L2 Loss :  0.5019256515571704
Epoch :  50  Epoch time :  13.504757270000482  Train L2 Loss :  0.49568912171973634
Epoch :  51  Epoch time :  13.548470141000507  Train L2 Loss :  0.4899980592995118
Epoch :  52  Epoch time :  13.437594067001555  Train L2 Loss :  0.4832206749572204
Epoch :  53  Epoch time :  13.529027246000624  Train L2 Loss :  0.47527291114704734
Epoch :  54  Epoch time :  13.490723098999297  Train L2 Loss :  0.46880781640991187
Epoch :  55  Epoch time :  13.578122885999619  Train L2 Loss :  0.4592569064444456
Epoch :  56  Epoch time :  13.657505930999832  Train L2 Loss :  0.450585267196099
Epoch :  57  Epoch time :  13.531786572999408  Train L2 Loss :  0.4403951692466552
Epoch :  58  Epoch time :  13.54912669300029  Train L2 Loss :  0.4288219212052914
Epoch :  59  Epoch time :  13.559699237999666  Train L2 Loss :  0.4148513197134703
Epoch :  60  Epoch time :  13.443126664000374  Train L2 Loss :  0.401642324641729
Epoch :  61  Epoch time :  13.533564794000995  Train L2 Loss :  0.38942445986546004
Epoch :  62  Epoch time :  13.654228511999463  Train L2 Loss :  0.3765302697817485
Epoch :  63  Epoch time :  13.57458203799979  Train L2 Loss :  0.3645486962527801
Epoch :  64  Epoch time :  13.616558202000306  Train L2 Loss :  0.3555167530400631
Epoch :  65  Epoch time :  13.62798668600044  Train L2 Loss :  0.34710007342390525
Epoch :  66  Epoch time :  13.615743774000293  Train L2 Loss :  0.34134146064901966
Epoch :  67  Epoch time :  13.575583714000459  Train L2 Loss :  0.33348135163004583
Epoch :  68  Epoch time :  13.520162778000667  Train L2 Loss :  0.32906312848895025
Epoch :  69  Epoch time :  13.584685634999914  Train L2 Loss :  0.3234756909406338
Epoch :  70  Epoch time :  13.512099863000913  Train L2 Loss :  0.31739091729888547
Epoch :  71  Epoch time :  13.547282797000662  Train L2 Loss :  0.3152211537250342
Epoch :  72  Epoch time :  13.591306107000491  Train L2 Loss :  0.30968983922726834
Epoch :  73  Epoch time :  13.590226428999813  Train L2 Loss :  0.30694960224895906
Epoch :  74  Epoch time :  13.690247198001089  Train L2 Loss :  0.30245840260520196
Epoch :  75  Epoch time :  13.720874373000697  Train L2 Loss :  0.301016313668627
Epoch :  76  Epoch time :  13.730444211001668  Train L2 Loss :  0.29778051514847154
Epoch :  77  Epoch time :  13.665767589000097  Train L2 Loss :  0.2956708577963022
Epoch :  78  Epoch time :  13.632202021999547  Train L2 Loss :  0.2919879847516616
Epoch :  79  Epoch time :  14.355392776998997  Train L2 Loss :  0.28827434565680915
Epoch :  80  Epoch time :  13.617544880000423  Train L2 Loss :  0.2846130072258604
Epoch :  81  Epoch time :  13.570590282000921  Train L2 Loss :  0.2831897705029219
Epoch :  82  Epoch time :  13.579369650000444  Train L2 Loss :  0.2805299910310751
Epoch :  83  Epoch time :  13.482227882999723  Train L2 Loss :  0.2777613556155792
Epoch :  84  Epoch time :  14.29799285899935  Train L2 Loss :  0.27666092635347295
Epoch :  85  Epoch time :  14.344375987999229  Train L2 Loss :  0.2739657358242533
Epoch :  86  Epoch time :  14.248259763999158  Train L2 Loss :  0.27302629431375325
Epoch :  87  Epoch time :  14.267216631998963  Train L2 Loss :  0.2695691793774947
Epoch :  88  Epoch time :  14.225718084000619  Train L2 Loss :  0.26921582226760876
Epoch :  89  Epoch time :  14.34689269699993  Train L2 Loss :  0.2659253793505904
Epoch :  90  Epoch time :  14.275075892001041  Train L2 Loss :  0.26439235588678944
Epoch :  91  Epoch time :  14.166324134001115  Train L2 Loss :  0.26378361510638243
Epoch :  92  Epoch time :  14.222570162999546  Train L2 Loss :  0.2607110100201307
Epoch :  93  Epoch time :  14.23584420899897  Train L2 Loss :  0.2586373991261308
Epoch :  94  Epoch time :  14.271691138999813  Train L2 Loss :  0.2567296189566453
Epoch :  95  Epoch time :  14.29806113199993  Train L2 Loss :  0.25520490740354246
Epoch :  96  Epoch time :  14.223625381999227  Train L2 Loss :  0.2538659721135329
Epoch :  97  Epoch time :  14.428126216000237  Train L2 Loss :  0.25250890359091455
Epoch :  98  Epoch time :  14.821495636999316  Train L2 Loss :  0.24917877974131933
Epoch :  99  Epoch time :  14.323859330999767  Train L2 Loss :  0.24860184718496525
Epoch :  100  Epoch time :  14.506075515999328  Train L2 Loss :  0.22980211455470476
Epoch :  101  Epoch time :  14.450074316999235  Train L2 Loss :  0.22812818962698564
Epoch :  102  Epoch time :  14.502923202000602  Train L2 Loss :  0.22773152267417082
Epoch :  103  Epoch time :  14.537541268000496  Train L2 Loss :  0.22683028279779813
Epoch :  104  Epoch time :  14.493109890001506  Train L2 Loss :  0.2261232575879265
Epoch :  105  Epoch time :  14.570114965999892  Train L2 Loss :  0.22495829953979224
Epoch :  106  Epoch time :  14.703303760999916  Train L2 Loss :  0.2238812566233369
Epoch :  107  Epoch time :  14.596354776000226  Train L2 Loss :  0.2230528034747411
Epoch :  108  Epoch time :  14.568444618000285  Train L2 Loss :  0.22235601404920602
Epoch :  109  Epoch time :  14.557388493998587  Train L2 Loss :  0.22148280600324655
Epoch :  110  Epoch time :  14.698156022001058  Train L2 Loss :  0.22042604784170786
Epoch :  111  Epoch time :  14.622351452999283  Train L2 Loss :  0.21890872177214193
Epoch :  112  Epoch time :  14.574598072000299  Train L2 Loss :  0.21859805496075216
Epoch :  113  Epoch time :  14.620478610000646  Train L2 Loss :  0.2166088825235
Epoch :  114  Epoch time :  14.658861505999084  Train L2 Loss :  0.21523419421357223
Epoch :  115  Epoch time :  14.557825477999359  Train L2 Loss :  0.21461689551002705
Epoch :  116  Epoch time :  14.472531716000958  Train L2 Loss :  0.2129160919919228
Epoch :  117  Epoch time :  14.45438090800053  Train L2 Loss :  0.21163158293049306
Epoch :  118  Epoch time :  14.560353753999152  Train L2 Loss :  0.21016282077210072
Epoch :  119  Epoch time :  14.531400186999235  Train L2 Loss :  0.20884614256330025
Epoch :  120  Epoch time :  14.526149915000133  Train L2 Loss :  0.20796959995268247
Epoch :  121  Epoch time :  14.309933611000815  Train L2 Loss :  0.20712683469248125
Epoch :  122  Epoch time :  13.814435125999807  Train L2 Loss :  0.205267975703837
Epoch :  123  Epoch time :  13.862890873000651  Train L2 Loss :  0.20396855626350793
Epoch :  124  Epoch time :  13.967027241998949  Train L2 Loss :  0.20322201768748271
Epoch :  125  Epoch time :  13.923247071001242  Train L2 Loss :  0.2016606502330456
Epoch :  126  Epoch time :  13.918955069999356  Train L2 Loss :  0.2010656462934537
Epoch :  127  Epoch time :  13.874764666999909  Train L2 Loss :  0.1995224424948295
Epoch :  128  Epoch time :  13.912353413999881  Train L2 Loss :  0.19865653487161183
Epoch :  129  Epoch time :  13.792208106999169  Train L2 Loss :  0.19818989631648248
Epoch :  130  Epoch time :  13.750609910999628  Train L2 Loss :  0.1972249370211592
Epoch :  131  Epoch time :  13.860077397999703  Train L2 Loss :  0.19616520462127832
Epoch :  132  Epoch time :  13.850892659000237  Train L2 Loss :  0.19447732755006888
Epoch :  133  Epoch time :  13.85572988199965  Train L2 Loss :  0.19302832886863214
Epoch :  134  Epoch time :  13.843650712000453  Train L2 Loss :  0.19152798919150463
Epoch :  135  Epoch time :  13.77789748000032  Train L2 Loss :  0.1906260728645019
Epoch :  136  Epoch time :  13.859851388000607  Train L2 Loss :  0.1894779972349986
Epoch :  137  Epoch time :  13.999299952000001  Train L2 Loss :  0.18855526895286182
Epoch :  138  Epoch time :  13.956169736000447  Train L2 Loss :  0.1868481405843527
Epoch :  139  Epoch time :  13.860667569000725  Train L2 Loss :  0.185902324027549
Epoch :  140  Epoch time :  13.841953536999426  Train L2 Loss :  0.18460020301147148
Epoch :  141  Epoch time :  13.960884824000459  Train L2 Loss :  0.18433859688826862
Epoch :  142  Epoch time :  13.851910273000613  Train L2 Loss :  0.1828025865058104
Epoch :  143  Epoch time :  13.891855236000993  Train L2 Loss :  0.18139480789884543
Epoch :  144  Epoch time :  13.994184783001401  Train L2 Loss :  0.18084327902835914
Epoch :  145  Epoch time :  13.905157102000885  Train L2 Loss :  0.17913817564168802
Epoch :  146  Epoch time :  13.884650600000896  Train L2 Loss :  0.17800844830866808
Epoch :  147  Epoch time :  13.866562645000158  Train L2 Loss :  0.17723464290014443
Epoch :  148  Epoch time :  14.039852961999713  Train L2 Loss :  0.1761998602977166
Epoch :  149  Epoch time :  13.928310057999624  Train L2 Loss :  0.17599550997599578
Epoch :  150  Epoch time :  14.062795210998956  Train L2 Loss :  0.1748791087227754
Epoch :  151  Epoch time :  13.937476133000018  Train L2 Loss :  0.17434971201687288
Epoch :  152  Epoch time :  13.88159745899975  Train L2 Loss :  0.17334412425183332
Epoch :  153  Epoch time :  13.953533759000493  Train L2 Loss :  0.17262718057594237
Epoch :  154  Epoch time :  13.95235336299993  Train L2 Loss :  0.17211886153866848
Epoch :  155  Epoch time :  13.902784986999905  Train L2 Loss :  0.17085209854233724
Epoch :  156  Epoch time :  13.95737661199928  Train L2 Loss :  0.17059488171854845
Epoch :  157  Epoch time :  13.90365030599969  Train L2 Loss :  0.17037975580359882
Epoch :  158  Epoch time :  13.964662018001036  Train L2 Loss :  0.16957054397043508
Epoch :  159  Epoch time :  13.986679256999196  Train L2 Loss :  0.16870167693839624
Epoch :  160  Epoch time :  13.93359887600127  Train L2 Loss :  0.16877851105080202
Epoch :  161  Epoch time :  13.978704933999325  Train L2 Loss :  0.1674701060908727
Epoch :  162  Epoch time :  13.962538628999027  Train L2 Loss :  0.16639569096076182
Epoch :  163  Epoch time :  13.997654497999974  Train L2 Loss :  0.16618310022526062
Epoch :  164  Epoch time :  13.928032413999972  Train L2 Loss :  0.16555844015704516
Epoch :  165  Epoch time :  13.916845838999507  Train L2 Loss :  0.1653945222019385
Epoch :  166  Epoch time :  13.968178974000693  Train L2 Loss :  0.1649528355934681
Epoch :  167  Epoch time :  13.943150462999256  Train L2 Loss :  0.164093665444316
Epoch :  168  Epoch time :  14.061907851000797  Train L2 Loss :  0.1633300372900871
Epoch :  169  Epoch time :  14.079353760000231  Train L2 Loss :  0.16306659132719803
Epoch :  170  Epoch time :  14.019792913999481  Train L2 Loss :  0.16237654532186496
Epoch :  171  Epoch time :  14.030833459999485  Train L2 Loss :  0.16226921094438204
Epoch :  172  Epoch time :  13.941367657000228  Train L2 Loss :  0.1620861908946282
Epoch :  173  Epoch time :  13.994239383000604  Train L2 Loss :  0.16127858033929116
Epoch :  174  Epoch time :  14.028211836000992  Train L2 Loss :  0.16109751909971237
Epoch :  175  Epoch time :  14.086427256999741  Train L2 Loss :  0.1609315382412229
Epoch :  176  Epoch time :  14.013880393000363  Train L2 Loss :  0.16004033896546715
Epoch :  177  Epoch time :  13.94906020200142  Train L2 Loss :  0.15969975447903076
Epoch :  178  Epoch time :  14.011002220000591  Train L2 Loss :  0.15904814086090296
Epoch :  179  Epoch time :  14.050850407000326  Train L2 Loss :  0.1586791403257312
Epoch :  180  Epoch time :  13.991473246000169  Train L2 Loss :  0.1579717986094646
Epoch :  181  Epoch time :  13.882634989000508  Train L2 Loss :  0.1584716210476099
Epoch :  182  Epoch time :  13.991071522999846  Train L2 Loss :  0.1579782619045522
Epoch :  183  Epoch time :  14.031096615000934  Train L2 Loss :  0.1567830528395298
Epoch :  184  Epoch time :  13.996316740998736  Train L2 Loss :  0.15647823119965884
Epoch :  185  Epoch time :  13.940237394999713  Train L2 Loss :  0.15554233633268338
Epoch :  186  Epoch time :  13.95604873800039  Train L2 Loss :  0.1554320281228194
Epoch :  187  Epoch time :  13.981982576000519  Train L2 Loss :  0.15461899645817587
Epoch :  188  Epoch time :  13.943777909998971  Train L2 Loss :  0.1541230933358654
Epoch :  189  Epoch time :  13.884003902001496  Train L2 Loss :  0.1536009025115233
Epoch :  190  Epoch time :  13.950921106999886  Train L2 Loss :  0.15305103566975164
Epoch :  191  Epoch time :  13.988947411000481  Train L2 Loss :  0.15287911975517487
Epoch :  192  Epoch time :  13.930016844999045  Train L2 Loss :  0.15208905947227508
Epoch :  193  Epoch time :  14.00049145400044  Train L2 Loss :  0.1525861819823965
Epoch :  194  Epoch time :  14.042278980999981  Train L2 Loss :  0.15133529201818582
Epoch :  195  Epoch time :  14.077025917000356  Train L2 Loss :  0.150373754151261
Epoch :  196  Epoch time :  14.015104242000234  Train L2 Loss :  0.1499536412362105
Epoch :  197  Epoch time :  13.9992937420011  Train L2 Loss :  0.14954926350559944
Epoch :  198  Epoch time :  14.117861642998832  Train L2 Loss :  0.15001665810361886
Epoch :  199  Epoch time :  14.176804415001243  Train L2 Loss :  0.14849978871643543
Total time is : 2773.7478391099994 Total epoch is  200
