Input dim :  103  output dim :  1
Start training 
158465
Epoch :  0  Epoch time :  13.645653810001022  Train L2 Loss :  1.370790377068214
Epoch :  1  Epoch time :  13.545288643999811  Train L2 Loss :  1.3701144770169869
Epoch :  2  Epoch time :  13.54466451999906  Train L2 Loss :  1.3699953441436474
Epoch :  3  Epoch time :  13.53537196599973  Train L2 Loss :  1.3699221133421629
Epoch :  4  Epoch time :  13.552380567  Train L2 Loss :  1.3698774526516597
Epoch :  5  Epoch time :  13.501553692998641  Train L2 Loss :  1.3696664709311266
Epoch :  6  Epoch time :  13.506055303998437  Train L2 Loss :  1.3690550944361932
Epoch :  7  Epoch time :  13.518951980000566  Train L2 Loss :  1.3677869484974787
Epoch :  8  Epoch time :  13.464571514999989  Train L2 Loss :  1.3665083417525659
Epoch :  9  Epoch time :  13.525086673998885  Train L2 Loss :  1.3639681893281448
Epoch :  10  Epoch time :  13.509710424001241  Train L2 Loss :  1.359369848210078
Epoch :  11  Epoch time :  13.54823228100031  Train L2 Loss :  1.3455352085905197
Epoch :  12  Epoch time :  13.553628638999726  Train L2 Loss :  1.2428706702895653
Epoch :  13  Epoch time :  13.501766486000633  Train L2 Loss :  1.0446474094612477
Epoch :  14  Epoch time :  13.627604598999824  Train L2 Loss :  0.9298302557032841
Epoch :  15  Epoch time :  13.500822044001325  Train L2 Loss :  0.8397056888311337
Epoch :  16  Epoch time :  13.532197593998717  Train L2 Loss :  0.7654941093463165
Epoch :  17  Epoch time :  13.570319618000212  Train L2 Loss :  0.718086241147457
Epoch :  18  Epoch time :  13.484825441000794  Train L2 Loss :  0.6858413292047305
Epoch :  19  Epoch time :  13.542750958999022  Train L2 Loss :  0.661570742726326
Epoch :  20  Epoch time :  13.524330111000381  Train L2 Loss :  0.6397088136619482
Epoch :  21  Epoch time :  13.544558249999682  Train L2 Loss :  0.6224232199482429
Epoch :  22  Epoch time :  13.5425166240002  Train L2 Loss :  0.6057644070914159
Epoch :  23  Epoch time :  13.585296768998887  Train L2 Loss :  0.5876631565774099
Epoch :  24  Epoch time :  13.569280943000194  Train L2 Loss :  0.5702903447433924
Epoch :  25  Epoch time :  13.474069922000126  Train L2 Loss :  0.5530529230450972
Epoch :  26  Epoch time :  13.588808231001167  Train L2 Loss :  0.5284427360464365
Epoch :  27  Epoch time :  13.557883616998879  Train L2 Loss :  0.5039943386919987
Epoch :  28  Epoch time :  13.552593630000047  Train L2 Loss :  0.47543629015294403
Epoch :  29  Epoch time :  13.535234966999269  Train L2 Loss :  0.45038839654089546
Epoch :  30  Epoch time :  13.536542064999594  Train L2 Loss :  0.4255567121391113
Epoch :  31  Epoch time :  13.494185488998482  Train L2 Loss :  0.40846594967521155
Epoch :  32  Epoch time :  13.556011593000221  Train L2 Loss :  0.39103386283685
Epoch :  33  Epoch time :  13.575973513999998  Train L2 Loss :  0.37353397619265777
Epoch :  34  Epoch time :  13.555327156998828  Train L2 Loss :  0.3613957157597328
Epoch :  35  Epoch time :  13.592232025999692  Train L2 Loss :  0.3519550269135298
Epoch :  36  Epoch time :  13.605043449999357  Train L2 Loss :  0.3409795372818525
Epoch :  37  Epoch time :  13.608284404001097  Train L2 Loss :  0.33073250223428774
Epoch :  38  Epoch time :  13.609792725999796  Train L2 Loss :  0.32037957003101325
Epoch :  39  Epoch time :  13.594560360999822  Train L2 Loss :  0.3141601984508527
Epoch :  40  Epoch time :  13.74164614000074  Train L2 Loss :  0.30628844073567635
Epoch :  41  Epoch time :  13.586330571000872  Train L2 Loss :  0.3013790766589152
Epoch :  42  Epoch time :  13.664189937000629  Train L2 Loss :  0.2948428701179532
Epoch :  43  Epoch time :  13.63232362099916  Train L2 Loss :  0.28887551550108653
Epoch :  44  Epoch time :  13.592363755999031  Train L2 Loss :  0.2870944158580059
Epoch :  45  Epoch time :  13.622097650000796  Train L2 Loss :  0.27882480559249717
Epoch :  46  Epoch time :  13.615151980999144  Train L2 Loss :  0.2756037858243172
Epoch :  47  Epoch time :  13.68082734699965  Train L2 Loss :  0.27118189759456957
Epoch :  48  Epoch time :  13.70495769000081  Train L2 Loss :  0.26770152953954846
Epoch :  49  Epoch time :  13.637749874000292  Train L2 Loss :  0.26583970970927906
Epoch :  50  Epoch time :  13.686353985000096  Train L2 Loss :  0.2611369119049647
Epoch :  51  Epoch time :  13.693147363999742  Train L2 Loss :  0.2600082199160869
Epoch :  52  Epoch time :  13.711523926000154  Train L2 Loss :  0.25735750696502435
Epoch :  53  Epoch time :  13.657355116998588  Train L2 Loss :  0.25119924495139945
Epoch :  54  Epoch time :  13.707098389999373  Train L2 Loss :  0.25095260401184744
Epoch :  55  Epoch time :  13.713752965999447  Train L2 Loss :  0.248723594018091
Epoch :  56  Epoch time :  13.667552341999908  Train L2 Loss :  0.24469137626389661
Epoch :  57  Epoch time :  13.732354624000436  Train L2 Loss :  0.24188363002851987
Epoch :  58  Epoch time :  13.70429179599887  Train L2 Loss :  0.23794551050433746
Epoch :  59  Epoch time :  13.672188203998303  Train L2 Loss :  0.23604335497396114
Epoch :  60  Epoch time :  13.710831659000178  Train L2 Loss :  0.2348127073297898
Epoch :  61  Epoch time :  13.662839662998522  Train L2 Loss :  0.2313304351260647
Epoch :  62  Epoch time :  13.698184545999538  Train L2 Loss :  0.2298750116561468
Epoch :  63  Epoch time :  13.74500322700078  Train L2 Loss :  0.2281579355446574
Epoch :  64  Epoch time :  13.778148735000286  Train L2 Loss :  0.22808846740577465
Epoch :  65  Epoch time :  13.74009746199954  Train L2 Loss :  0.2224971037835647
Epoch :  66  Epoch time :  13.683012579000206  Train L2 Loss :  0.2227338626741981
Epoch :  67  Epoch time :  13.7189596850003  Train L2 Loss :  0.21965110036902702
Epoch :  68  Epoch time :  13.750730602998374  Train L2 Loss :  0.21925316454890448
Epoch :  69  Epoch time :  13.871035192998534  Train L2 Loss :  0.2168323310235372
Epoch :  70  Epoch time :  13.854740659999152  Train L2 Loss :  0.21462942330309978
Epoch :  71  Epoch time :  13.834653857000376  Train L2 Loss :  0.21499335885238954
Epoch :  72  Epoch time :  13.830755475000842  Train L2 Loss :  0.21219601506033006
Epoch :  73  Epoch time :  13.894781103999776  Train L2 Loss :  0.2096082621659988
Epoch :  74  Epoch time :  13.864105090999146  Train L2 Loss :  0.20797289129442129
Epoch :  75  Epoch time :  14.191520346999823  Train L2 Loss :  0.207718598536956
Epoch :  76  Epoch time :  14.473667956999634  Train L2 Loss :  0.20548414314786592
Epoch :  77  Epoch time :  14.462345895999533  Train L2 Loss :  0.20651372278539035
Epoch :  78  Epoch time :  14.440968997998425  Train L2 Loss :  0.20114718055209288
Epoch :  79  Epoch time :  14.384936331000063  Train L2 Loss :  0.20115450325493628
Epoch :  80  Epoch time :  14.384080101999643  Train L2 Loss :  0.1974546314479831
Epoch :  81  Epoch time :  14.291640061999715  Train L2 Loss :  0.1978948800227581
Epoch :  82  Epoch time :  14.281614116000128  Train L2 Loss :  0.1949952544692235
Epoch :  83  Epoch time :  14.277286715001537  Train L2 Loss :  0.19640467325464273
Epoch :  84  Epoch time :  14.31726578100097  Train L2 Loss :  0.19212186563377961
Epoch :  85  Epoch time :  14.363892680999925  Train L2 Loss :  0.19276196151398695
Epoch :  86  Epoch time :  14.385493674000827  Train L2 Loss :  0.19028588011860847
Epoch :  87  Epoch time :  14.420830070999727  Train L2 Loss :  0.1888797914561553
Epoch :  88  Epoch time :  14.416330014000778  Train L2 Loss :  0.18801046659549078
Epoch :  89  Epoch time :  15.179833950000102  Train L2 Loss :  0.1862761044444946
Epoch :  90  Epoch time :  14.494391170999734  Train L2 Loss :  0.18403982328107724
Epoch :  91  Epoch time :  14.557871963999787  Train L2 Loss :  0.1845093633597478
Epoch :  92  Epoch time :  14.61532077299853  Train L2 Loss :  0.18317398877862173
Epoch :  93  Epoch time :  14.571549751999555  Train L2 Loss :  0.18064406036566466
Epoch :  94  Epoch time :  14.626820153000153  Train L2 Loss :  0.18112034584658268
Epoch :  95  Epoch time :  14.644924792000893  Train L2 Loss :  0.17997511032109076
Epoch :  96  Epoch time :  14.611350398001377  Train L2 Loss :  0.1797621347105656
Epoch :  97  Epoch time :  14.62530820000029  Train L2 Loss :  0.17812590907590511
Epoch :  98  Epoch time :  14.603697976999683  Train L2 Loss :  0.17580879016373402
Epoch :  99  Epoch time :  14.582698156998958  Train L2 Loss :  0.174975774036004
Epoch :  100  Epoch time :  14.560621688999163  Train L2 Loss :  0.15373211139096662
Epoch :  101  Epoch time :  14.557719841001017  Train L2 Loss :  0.15125643354482377
Epoch :  102  Epoch time :  14.515773573999468  Train L2 Loss :  0.15070239456895834
Epoch :  103  Epoch time :  14.559624901999996  Train L2 Loss :  0.15007917676120996
Epoch :  104  Epoch time :  14.521106281001266  Train L2 Loss :  0.1500186019171125
Epoch :  105  Epoch time :  14.537624020000294  Train L2 Loss :  0.1495702710504142
Epoch :  106  Epoch time :  14.57996429099876  Train L2 Loss :  0.14905002290526262
Epoch :  107  Epoch time :  14.507509799999752  Train L2 Loss :  0.1483365730024301
Epoch :  108  Epoch time :  14.488136381000004  Train L2 Loss :  0.14785038159252742
Epoch :  109  Epoch time :  14.525829350001004  Train L2 Loss :  0.14728421273712927
Epoch :  110  Epoch time :  14.523531410999567  Train L2 Loss :  0.14680876929121903
Epoch :  111  Epoch time :  14.546681245999935  Train L2 Loss :  0.14616492849129897
Epoch :  112  Epoch time :  14.419001188000038  Train L2 Loss :  0.14539975584604037
Epoch :  113  Epoch time :  14.74148555300053  Train L2 Loss :  0.14578664699235025
Epoch :  114  Epoch time :  14.606649508999908  Train L2 Loss :  0.14448450789906275
Epoch :  115  Epoch time :  14.598544127999048  Train L2 Loss :  0.14354332279748258
Epoch :  116  Epoch time :  14.676114603000315  Train L2 Loss :  0.14281145946528667
Epoch :  117  Epoch time :  14.636660436000966  Train L2 Loss :  0.14256615807803777
Epoch :  118  Epoch time :  14.568242614001065  Train L2 Loss :  0.1409367138090042
Epoch :  119  Epoch time :  14.409817867999664  Train L2 Loss :  0.13990400187098062
Epoch :  120  Epoch time :  14.484471125999335  Train L2 Loss :  0.14002251188055828
Epoch :  121  Epoch time :  14.479178256000523  Train L2 Loss :  0.13988059443923143
Epoch :  122  Epoch time :  14.478847820999363  Train L2 Loss :  0.13905540648370218
Epoch :  123  Epoch time :  14.515462226998352  Train L2 Loss :  0.13818875695459354
Epoch :  124  Epoch time :  14.581334567999875  Train L2 Loss :  0.13703881667401546
Epoch :  125  Epoch time :  14.536464967000938  Train L2 Loss :  0.13673052251434478
Epoch :  126  Epoch time :  15.162118172000191  Train L2 Loss :  0.13649580997820848
Epoch :  127  Epoch time :  14.64188758400087  Train L2 Loss :  0.13529198626295114
Epoch :  128  Epoch time :  14.866363009999986  Train L2 Loss :  0.13517177756875753
Epoch :  129  Epoch time :  14.773368042000584  Train L2 Loss :  0.13426681964968643
Epoch :  130  Epoch time :  14.806849593000152  Train L2 Loss :  0.13378869749319094
Epoch :  131  Epoch time :  14.802630797001257  Train L2 Loss :  0.13305377286787218
Epoch :  132  Epoch time :  14.926767012999335  Train L2 Loss :  0.13218202801325765
Epoch :  133  Epoch time :  14.927532042000166  Train L2 Loss :  0.13162471905637246
Epoch :  134  Epoch time :  14.855685225000343  Train L2 Loss :  0.13130255568868074
Epoch :  135  Epoch time :  14.822983136000403  Train L2 Loss :  0.1305357920101438
Epoch :  136  Epoch time :  14.710537781000312  Train L2 Loss :  0.13081114623361292
Epoch :  137  Epoch time :  14.790217874000518  Train L2 Loss :  0.13038595536580452
Epoch :  138  Epoch time :  14.859787106999647  Train L2 Loss :  0.12953855373108616
Epoch :  139  Epoch time :  14.689554701999441  Train L2 Loss :  0.12820336701443943
Epoch :  140  Epoch time :  14.848319611000989  Train L2 Loss :  0.12834250312059736
Epoch :  141  Epoch time :  14.830170365001322  Train L2 Loss :  0.1278697034367957
Epoch :  142  Epoch time :  14.79892822200054  Train L2 Loss :  0.12715371252777866
Epoch :  143  Epoch time :  14.82208299299964  Train L2 Loss :  0.12698574175532812
Epoch :  144  Epoch time :  14.593136049999885  Train L2 Loss :  0.12612410126110682
Epoch :  145  Epoch time :  14.587280337000266  Train L2 Loss :  0.12599100664449045
Epoch :  146  Epoch time :  14.723008648001269  Train L2 Loss :  0.12543996753027806
Epoch :  147  Epoch time :  14.677688837999085  Train L2 Loss :  0.12477171893876332
Epoch :  148  Epoch time :  14.621936581001137  Train L2 Loss :  0.12550229020416737
Epoch :  149  Epoch time :  14.78098237499944  Train L2 Loss :  0.12388958527634923
Epoch :  150  Epoch time :  14.897132309999506  Train L2 Loss :  0.12391934023262599
Epoch :  151  Epoch time :  14.641777202999947  Train L2 Loss :  0.12425158754325448
Epoch :  152  Epoch time :  14.769971636000264  Train L2 Loss :  0.12276765338789958
Epoch :  153  Epoch time :  14.76419515699854  Train L2 Loss :  0.12219940878164309
Epoch :  154  Epoch time :  14.755795631999717  Train L2 Loss :  0.12186101655690716
Epoch :  155  Epoch time :  14.552945151999666  Train L2 Loss :  0.12212241417131363
Epoch :  156  Epoch time :  14.535541867000575  Train L2 Loss :  0.121854277423177
Epoch :  157  Epoch time :  14.54049522799869  Train L2 Loss :  0.12155130273925188
Epoch :  158  Epoch time :  14.633099651999146  Train L2 Loss :  0.12026856358473499
Epoch :  159  Epoch time :  14.685278614999334  Train L2 Loss :  0.12040205592385088
Epoch :  160  Epoch time :  14.641933879000135  Train L2 Loss :  0.11985554929392842
Epoch :  161  Epoch time :  14.641300526000123  Train L2 Loss :  0.11945218483033852
Epoch :  162  Epoch time :  16.098194009999133  Train L2 Loss :  0.11988258287788202
Epoch :  163  Epoch time :  15.445989662001011  Train L2 Loss :  0.11868820246309042
Epoch :  164  Epoch time :  15.555656757000179  Train L2 Loss :  0.11830570651457095
Epoch :  165  Epoch time :  15.568649995999294  Train L2 Loss :  0.11836110474541783
Epoch :  166  Epoch time :  15.654739806999714  Train L2 Loss :  0.11768838572196472
Epoch :  167  Epoch time :  15.608526784999412  Train L2 Loss :  0.11767075148721536
Epoch :  168  Epoch time :  15.567709544999161  Train L2 Loss :  0.11793138363804573
Epoch :  169  Epoch time :  15.622882566998669  Train L2 Loss :  0.116781731780905
Epoch :  170  Epoch time :  15.66175499000019  Train L2 Loss :  0.11614585658296561
Epoch :  171  Epoch time :  15.655035073001272  Train L2 Loss :  0.11632664551815161
Epoch :  172  Epoch time :  15.426024262000283  Train L2 Loss :  0.11655513076589276
Epoch :  173  Epoch time :  15.466621563000444  Train L2 Loss :  0.11543680849270178
Epoch :  174  Epoch time :  15.658097630999691  Train L2 Loss :  0.11509255586096491
Epoch :  175  Epoch time :  15.495549476001543  Train L2 Loss :  0.11459657303893413
Epoch :  176  Epoch time :  15.477192943999398  Train L2 Loss :  0.11448725974426055
Epoch :  177  Epoch time :  15.545455106999725  Train L2 Loss :  0.11397935275752576
Epoch :  178  Epoch time :  15.711843158000192  Train L2 Loss :  0.11409620537112157
Epoch :  179  Epoch time :  15.48712856900056  Train L2 Loss :  0.1138896083053297
Epoch :  180  Epoch time :  15.382863039998483  Train L2 Loss :  0.11423034872859716
Epoch :  181  Epoch time :  15.366036568000709  Train L2 Loss :  0.11297301897922388
Epoch :  182  Epoch time :  15.40017203500065  Train L2 Loss :  0.11227479061255088
Epoch :  183  Epoch time :  15.420391674000712  Train L2 Loss :  0.11246998311999516
Epoch :  184  Epoch time :  15.468212189000042  Train L2 Loss :  0.11260664614681633
Epoch :  185  Epoch time :  15.344024177000392  Train L2 Loss :  0.11207494882341379
Epoch :  186  Epoch time :  14.765372026000477  Train L2 Loss :  0.11154574699078997
Epoch :  187  Epoch time :  14.730098183998052  Train L2 Loss :  0.1114566612463349
Epoch :  188  Epoch time :  14.69501768900227  Train L2 Loss :  0.11141227633477403
Epoch :  189  Epoch time :  14.743280958002288  Train L2 Loss :  0.11041615480700365
Epoch :  190  Epoch time :  14.716081946000486  Train L2 Loss :  0.11059135160385034
Epoch :  191  Epoch time :  14.79852175400083  Train L2 Loss :  0.10987742037440722
Epoch :  192  Epoch time :  14.735805674001313  Train L2 Loss :  0.10988614274761997
Epoch :  193  Epoch time :  14.596889871001622  Train L2 Loss :  0.10960185726006062
Epoch :  194  Epoch time :  14.62061784999969  Train L2 Loss :  0.10972841824285495
Epoch :  195  Epoch time :  14.738669028000004  Train L2 Loss :  0.10892007865298253
Epoch :  196  Epoch time :  14.608149207000679  Train L2 Loss :  0.10943299595218821
Epoch :  197  Epoch time :  14.563737655000295  Train L2 Loss :  0.10828569297416088
Epoch :  198  Epoch time :  14.574084841999138  Train L2 Loss :  0.10834591220825529
Epoch :  199  Epoch time :  14.58863453000231  Train L2 Loss :  0.1088607603779588
Total time is : 2871.907980378999 Total epoch is  200
