Input dim :  103  output dim :  1
Start training 
579073
Epoch :  0  Epoch time :  14.866685837998375  Train L2 Loss :  1.372098714304276
Epoch :  1  Epoch time :  14.91436792800232  Train L2 Loss :  1.3700551852965965
Epoch :  2  Epoch time :  14.903784534999431  Train L2 Loss :  1.3700042345967047
Epoch :  3  Epoch time :  14.87398550999933  Train L2 Loss :  1.3699510945723608
Epoch :  4  Epoch time :  14.860930676000862  Train L2 Loss :  1.3699510991573334
Epoch :  5  Epoch time :  14.839107499999955  Train L2 Loss :  1.3699368290030038
Epoch :  6  Epoch time :  14.836933728998702  Train L2 Loss :  1.369923737186652
Epoch :  7  Epoch time :  14.860832214999391  Train L2 Loss :  1.3698879703879356
Epoch :  8  Epoch time :  14.819681316999777  Train L2 Loss :  1.3698398768901825
Epoch :  9  Epoch time :  14.920608822998474  Train L2 Loss :  1.3695428581574025
Epoch :  10  Epoch time :  14.84163475099922  Train L2 Loss :  1.368815727913991
Epoch :  11  Epoch time :  14.840510312998958  Train L2 Loss :  1.3672065092967107
Epoch :  12  Epoch time :  14.834657491999678  Train L2 Loss :  1.3626664882669082
Epoch :  13  Epoch time :  14.861191136998968  Train L2 Loss :  1.351680069970779
Epoch :  14  Epoch time :  14.858837678999407  Train L2 Loss :  1.309968916269449
Epoch :  15  Epoch time :  14.868219072999636  Train L2 Loss :  1.257964743444553
Epoch :  16  Epoch time :  14.948976732997835  Train L2 Loss :  1.0963108412539349
Epoch :  17  Epoch time :  15.027607793999778  Train L2 Loss :  0.9560562018782665
Epoch :  18  Epoch time :  14.897073928997997  Train L2 Loss :  0.900016055848354
Epoch :  19  Epoch time :  14.80049208499986  Train L2 Loss :  0.8460431061685085
Epoch :  20  Epoch time :  14.887928946998727  Train L2 Loss :  0.7794649364092411
Epoch :  21  Epoch time :  14.856213776001823  Train L2 Loss :  0.7317397777850811
Epoch :  22  Epoch time :  14.833224505000544  Train L2 Loss :  0.7003085592236274
Epoch :  23  Epoch time :  14.938414304997423  Train L2 Loss :  0.6773860593063709
Epoch :  24  Epoch time :  14.902586381998844  Train L2 Loss :  0.6568866699742966
Epoch :  25  Epoch time :  14.833582145998662  Train L2 Loss :  0.6373989238188817
Epoch :  26  Epoch time :  14.870827257000201  Train L2 Loss :  0.6234715887560294
Epoch :  27  Epoch time :  14.96582067700001  Train L2 Loss :  0.6118670552013776
Epoch :  28  Epoch time :  14.928445723999175  Train L2 Loss :  0.6006914584491497
Epoch :  29  Epoch time :  14.93062867199842  Train L2 Loss :  0.5928804367207564
Epoch :  30  Epoch time :  14.882937430000311  Train L2 Loss :  0.5840638619966996
Epoch :  31  Epoch time :  14.860943675001181  Train L2 Loss :  0.576429104193663
Epoch :  32  Epoch time :  14.916810025999439  Train L2 Loss :  0.5695422819982736
Epoch :  33  Epoch time :  14.90616091099946  Train L2 Loss :  0.5613960664814863
Epoch :  34  Epoch time :  14.926807605999784  Train L2 Loss :  0.555774727740731
Epoch :  35  Epoch time :  14.981489981000777  Train L2 Loss :  0.5501924286094996
Epoch :  36  Epoch time :  14.929771604998678  Train L2 Loss :  0.5450966854412587
Epoch :  37  Epoch time :  14.929762693998782  Train L2 Loss :  0.5394042852597359
Epoch :  38  Epoch time :  14.979966101000173  Train L2 Loss :  0.5373798522811669
Epoch :  39  Epoch time :  14.88529799800017  Train L2 Loss :  0.5334629415510557
Epoch :  40  Epoch time :  14.975027431999479  Train L2 Loss :  0.52838229177854
Epoch :  41  Epoch time :  14.945974425001623  Train L2 Loss :  0.5239286796213725
Epoch :  42  Epoch time :  14.994737969002017  Train L2 Loss :  0.5201401105866983
Epoch :  43  Epoch time :  14.985718932999589  Train L2 Loss :  0.5161369684606026
Epoch :  44  Epoch time :  14.909393164998619  Train L2 Loss :  0.5112438451212186
Epoch :  45  Epoch time :  15.00472637799976  Train L2 Loss :  0.5080746014912924
Epoch :  46  Epoch time :  14.958228086001327  Train L2 Loss :  0.5009905852568455
Epoch :  47  Epoch time :  14.908047258999432  Train L2 Loss :  0.4881340676011183
Epoch :  48  Epoch time :  15.068783226997766  Train L2 Loss :  0.4695618912004508
Epoch :  49  Epoch time :  15.020753618999152  Train L2 Loss :  0.45063069520088345
Epoch :  50  Epoch time :  15.043643233002513  Train L2 Loss :  0.4171108708072167
Epoch :  51  Epoch time :  14.994711844999983  Train L2 Loss :  0.38035149719470585
Epoch :  52  Epoch time :  14.977661316999729  Train L2 Loss :  0.3572400297300938
Epoch :  53  Epoch time :  14.959663331999764  Train L2 Loss :  0.3440737158824236
Epoch :  54  Epoch time :  14.975542393000069  Train L2 Loss :  0.3313850549360116
Epoch :  55  Epoch time :  14.959841280000546  Train L2 Loss :  0.32122211979749876
Epoch :  56  Epoch time :  15.019056626999372  Train L2 Loss :  0.31381730830822235
Epoch :  57  Epoch time :  15.019138153002132  Train L2 Loss :  0.3070166446029758
Epoch :  58  Epoch time :  15.028498191000836  Train L2 Loss :  0.3033987362272082
Epoch :  59  Epoch time :  15.005025626000133  Train L2 Loss :  0.2951883709249206
Epoch :  60  Epoch time :  14.448469492002914  Train L2 Loss :  0.29101769392115945
Epoch :  61  Epoch time :  14.303921188002278  Train L2 Loss :  0.28398002865604866
Epoch :  62  Epoch time :  14.370485138999356  Train L2 Loss :  0.2798482090807878
Epoch :  63  Epoch time :  14.39579078600218  Train L2 Loss :  0.2744086988222523
Epoch :  64  Epoch time :  14.389859514001728  Train L2 Loss :  0.2707392229961279
Epoch :  65  Epoch time :  14.423067368003103  Train L2 Loss :  0.26665821251196736
Epoch :  66  Epoch time :  14.412433017001604  Train L2 Loss :  0.265737427231402
Epoch :  67  Epoch time :  14.482464781001909  Train L2 Loss :  0.26311925287621146
Epoch :  68  Epoch time :  14.494706688001315  Train L2 Loss :  0.2564261914827885
Epoch :  69  Epoch time :  15.038929791000555  Train L2 Loss :  0.25336047476873946
Epoch :  70  Epoch time :  15.107298388000345  Train L2 Loss :  0.2487631872869455
Epoch :  71  Epoch time :  15.059284210001351  Train L2 Loss :  0.246868762641381
Epoch :  72  Epoch time :  14.951750513999286  Train L2 Loss :  0.24252292392059013
Epoch :  73  Epoch time :  14.975607039999886  Train L2 Loss :  0.24083936462799707
Epoch :  74  Epoch time :  14.973902608999197  Train L2 Loss :  0.2381524505236974
Epoch :  75  Epoch time :  14.975498593001248  Train L2 Loss :  0.2340535768904747
Epoch :  76  Epoch time :  14.863571990001219  Train L2 Loss :  0.23198539410264063
Epoch :  77  Epoch time :  14.906286584002373  Train L2 Loss :  0.22831569996495277
Epoch :  78  Epoch time :  14.864466055998491  Train L2 Loss :  0.22664626186283734
Epoch :  79  Epoch time :  14.955072400000063  Train L2 Loss :  0.2239988328745732
Epoch :  80  Epoch time :  14.971553793999192  Train L2 Loss :  0.22028124303771898
Epoch :  81  Epoch time :  14.917298533000576  Train L2 Loss :  0.21979896986904818
Epoch :  82  Epoch time :  15.559426499999972  Train L2 Loss :  0.2184755469266421
Epoch :  83  Epoch time :  15.018942893999338  Train L2 Loss :  0.2133356690979921
Epoch :  84  Epoch time :  15.237338466999063  Train L2 Loss :  0.21225438801906046
Epoch :  85  Epoch time :  15.233521389000089  Train L2 Loss :  0.20919279563121307
Epoch :  86  Epoch time :  15.205147623000812  Train L2 Loss :  0.20903355953020927
Epoch :  87  Epoch time :  15.245271054001932  Train L2 Loss :  0.20781381038996655
Epoch :  88  Epoch time :  15.344134250000934  Train L2 Loss :  0.20377891639677378
Epoch :  89  Epoch time :  15.351893832001224  Train L2 Loss :  0.2040400925832681
Epoch :  90  Epoch time :  15.433741918997839  Train L2 Loss :  0.20150639876150167
Epoch :  91  Epoch time :  15.308655546999944  Train L2 Loss :  0.19992547477476108
Epoch :  92  Epoch time :  15.356524336999428  Train L2 Loss :  0.1977964089705776
Epoch :  93  Epoch time :  15.339317622998351  Train L2 Loss :  0.19701158709059924
Epoch :  94  Epoch time :  15.323500450998836  Train L2 Loss :  0.1956946142256642
Epoch :  95  Epoch time :  15.225575816002674  Train L2 Loss :  0.19205667216999409
Epoch :  96  Epoch time :  15.25238533800075  Train L2 Loss :  0.1911996851603572
Epoch :  97  Epoch time :  15.197410335000313  Train L2 Loss :  0.18940993226491487
Epoch :  98  Epoch time :  15.2298525039987  Train L2 Loss :  0.18753044254695758
Epoch :  99  Epoch time :  15.057630759998574  Train L2 Loss :  0.18555922956707385
Epoch :  100  Epoch time :  15.10940701599975  Train L2 Loss :  0.1667732881525388
Epoch :  101  Epoch time :  15.081463903999975  Train L2 Loss :  0.16409676295155898
Epoch :  102  Epoch time :  15.187211129999923  Train L2 Loss :  0.16335315787448332
Epoch :  103  Epoch time :  15.107931258000463  Train L2 Loss :  0.16274623921475348
Epoch :  104  Epoch time :  15.300276710000617  Train L2 Loss :  0.16277000704445901
Epoch :  105  Epoch time :  15.212195547999727  Train L2 Loss :  0.16268340689249527
Epoch :  106  Epoch time :  15.196006742000463  Train L2 Loss :  0.16080256522848055
Epoch :  107  Epoch time :  15.203691529000935  Train L2 Loss :  0.1599225325939747
Epoch :  108  Epoch time :  15.260387353002443  Train L2 Loss :  0.15991376066962495
Epoch :  109  Epoch time :  15.177620254999056  Train L2 Loss :  0.15911346709785554
Epoch :  110  Epoch time :  15.075065565997647  Train L2 Loss :  0.15836796183616686
Epoch :  111  Epoch time :  15.130422442998679  Train L2 Loss :  0.15701694382975498
Epoch :  112  Epoch time :  15.13710529400123  Train L2 Loss :  0.15601829372537443
Epoch :  113  Epoch time :  15.17383143799816  Train L2 Loss :  0.15463393811996168
Epoch :  114  Epoch time :  15.281064075999893  Train L2 Loss :  0.1541872328529373
Epoch :  115  Epoch time :  15.310130461999506  Train L2 Loss :  0.15225846929332384
Epoch :  116  Epoch time :  15.529655752001418  Train L2 Loss :  0.15162745251869544
Epoch :  117  Epoch time :  16.077193102999445  Train L2 Loss :  0.15070324438886765
Epoch :  118  Epoch time :  15.413240115001827  Train L2 Loss :  0.14975319103075144
Epoch :  119  Epoch time :  15.5230414990001  Train L2 Loss :  0.1487171643246443
Epoch :  120  Epoch time :  15.552757032000954  Train L2 Loss :  0.1464784558241566
Epoch :  121  Epoch time :  15.396578473002592  Train L2 Loss :  0.1464998085433856
Epoch :  122  Epoch time :  15.384542657000566  Train L2 Loss :  0.145972459947165
Epoch :  123  Epoch time :  15.343396760999894  Train L2 Loss :  0.14623817610434997
Epoch :  124  Epoch time :  15.40920845099754  Train L2 Loss :  0.1438455224658052
Epoch :  125  Epoch time :  15.514720641000167  Train L2 Loss :  0.14314186179007476
Epoch :  126  Epoch time :  15.353661051998643  Train L2 Loss :  0.14235352982695287
Epoch :  127  Epoch time :  15.40906779099896  Train L2 Loss :  0.14222989027173474
Epoch :  128  Epoch time :  15.481949717999669  Train L2 Loss :  0.14071081989468673
Epoch :  129  Epoch time :  15.471383773001435  Train L2 Loss :  0.14135013794144377
Epoch :  130  Epoch time :  15.559264528998028  Train L2 Loss :  0.1390050911846069
Epoch :  131  Epoch time :  15.606754167998588  Train L2 Loss :  0.1387923630193258
Epoch :  132  Epoch time :  15.631142668000393  Train L2 Loss :  0.13749314032686064
Epoch :  133  Epoch time :  15.56575366099787  Train L2 Loss :  0.13607155709551313
Epoch :  134  Epoch time :  15.50765080400015  Train L2 Loss :  0.1362131813970896
Epoch :  135  Epoch time :  15.493065254999237  Train L2 Loss :  0.13404415908436745
Epoch :  136  Epoch time :  15.653632490997552  Train L2 Loss :  0.13348077495510763
Epoch :  137  Epoch time :  15.589601420997496  Train L2 Loss :  0.1337672156186249
Epoch :  138  Epoch time :  15.317119890998583  Train L2 Loss :  0.13066622390387914
Epoch :  139  Epoch time :  16.33360125300169  Train L2 Loss :  0.13046686618756026
Epoch :  140  Epoch time :  16.731685849001224  Train L2 Loss :  0.129123417660594
Epoch :  141  Epoch time :  16.13373063200197  Train L2 Loss :  0.12785584546434572
Epoch :  142  Epoch time :  14.633710611000424  Train L2 Loss :  0.12779484880276215
Epoch :  143  Epoch time :  14.656353940998088  Train L2 Loss :  0.12622948727594355
Epoch :  144  Epoch time :  14.674050690999138  Train L2 Loss :  0.12464841604471588
Epoch :  145  Epoch time :  14.703177324001445  Train L2 Loss :  0.12426403610226817
Epoch :  146  Epoch time :  14.753608287999668  Train L2 Loss :  0.12278568200193919
Epoch :  147  Epoch time :  14.742499586998747  Train L2 Loss :  0.12082328187683836
Epoch :  148  Epoch time :  14.819680248998338  Train L2 Loss :  0.11955468576305951
Epoch :  149  Epoch time :  14.823957251999673  Train L2 Loss :  0.11938677187292622
Epoch :  150  Epoch time :  14.815467795000586  Train L2 Loss :  0.11730933000739568
Epoch :  151  Epoch time :  14.823842480000167  Train L2 Loss :  0.11685006450622892
Epoch :  152  Epoch time :  14.855343631999858  Train L2 Loss :  0.11665235321300152
Epoch :  153  Epoch time :  14.9148329439995  Train L2 Loss :  0.11541521774891478
Epoch :  154  Epoch time :  14.86580395800047  Train L2 Loss :  0.11440639393642926
Epoch :  155  Epoch time :  14.59036691700021  Train L2 Loss :  0.1139968820155049
Epoch :  156  Epoch time :  14.601088726998569  Train L2 Loss :  0.11247003219353083
Epoch :  157  Epoch time :  14.609425438000471  Train L2 Loss :  0.11212931401454486
Epoch :  158  Epoch time :  14.598679882001306  Train L2 Loss :  0.11139473994859518
Epoch :  159  Epoch time :  14.618322359001468  Train L2 Loss :  0.11092530764066257
Epoch :  160  Epoch time :  14.618747324999276  Train L2 Loss :  0.11031348979434906
Epoch :  161  Epoch time :  14.669110348000686  Train L2 Loss :  0.1106717364790921
Epoch :  162  Epoch time :  14.731277473998489  Train L2 Loss :  0.10960219993900794
Epoch :  163  Epoch time :  14.763437339999655  Train L2 Loss :  0.10885982080482137
Epoch :  164  Epoch time :  14.752753888998996  Train L2 Loss :  0.10748643407789178
Epoch :  165  Epoch time :  14.78733380900303  Train L2 Loss :  0.10699646798177408
Epoch :  166  Epoch time :  14.772555769002793  Train L2 Loss :  0.10733937474493033
Epoch :  167  Epoch time :  14.804540425997402  Train L2 Loss :  0.10659607348199455
Epoch :  168  Epoch time :  14.85511234599835  Train L2 Loss :  0.10664692187968355
Epoch :  169  Epoch time :  14.85607616299967  Train L2 Loss :  0.1052630261804622
Epoch :  170  Epoch time :  14.877822393002134  Train L2 Loss :  0.10443724887684369
Epoch :  171  Epoch time :  14.885768750002171  Train L2 Loss :  0.10461631561748874
Epoch :  172  Epoch time :  14.90769065600034  Train L2 Loss :  0.10403894735739017
Epoch :  173  Epoch time :  14.90467470799922  Train L2 Loss :  0.10280806007675636
Epoch :  174  Epoch time :  15.009415884000191  Train L2 Loss :  0.10260456688224505
Epoch :  175  Epoch time :  15.50000262300091  Train L2 Loss :  0.10198911453764407
Epoch :  176  Epoch time :  15.512438539000868  Train L2 Loss :  0.10194722367211795
Epoch :  177  Epoch time :  15.56214413500129  Train L2 Loss :  0.10135814368438262
Epoch :  178  Epoch time :  15.601877397999488  Train L2 Loss :  0.1007052343338728
Epoch :  179  Epoch time :  15.459658602998388  Train L2 Loss :  0.09995446652651598
Epoch :  180  Epoch time :  15.381617415001529  Train L2 Loss :  0.10028057843924333
Epoch :  181  Epoch time :  15.448564554997574  Train L2 Loss :  0.09992637841078715
Epoch :  182  Epoch time :  15.39288418200158  Train L2 Loss :  0.09948344540615113
Epoch :  183  Epoch time :  15.4146049459996  Train L2 Loss :  0.09913665599500139
Epoch :  184  Epoch time :  15.482190101000015  Train L2 Loss :  0.0980858566860358
Epoch :  185  Epoch time :  15.515222026999254  Train L2 Loss :  0.0970368252780575
Epoch :  186  Epoch time :  15.490104206000979  Train L2 Loss :  0.09773848860118634
Epoch :  187  Epoch time :  15.438332051002362  Train L2 Loss :  0.09769963688002183
Epoch :  188  Epoch time :  15.448932459999924  Train L2 Loss :  0.09711332406657629
Epoch :  189  Epoch time :  15.441863320000266  Train L2 Loss :  0.09565246857416171
Epoch :  190  Epoch time :  15.499404546000733  Train L2 Loss :  0.09657502145721363
Epoch :  191  Epoch time :  15.516451829000289  Train L2 Loss :  0.09562739654659079
Epoch :  192  Epoch time :  15.53028636199815  Train L2 Loss :  0.0956222839677372
Epoch :  193  Epoch time :  15.552861198000755  Train L2 Loss :  0.09419418322161222
Epoch :  194  Epoch time :  15.574625101002312  Train L2 Loss :  0.0948684950812887
Epoch :  195  Epoch time :  15.561856823002017  Train L2 Loss :  0.09393232694277778
Epoch :  196  Epoch time :  15.588990791999095  Train L2 Loss :  0.09317429406711689
Epoch :  197  Epoch time :  15.583951927997987  Train L2 Loss :  0.09411820206934443
Epoch :  198  Epoch time :  15.597225361998426  Train L2 Loss :  0.09365037865697956
Epoch :  199  Epoch time :  15.571494936000818  Train L2 Loss :  0.09316448209425196
Total time is : 3018.4999809149995 Total epoch is  200
