Input dim :  103  output dim :  1
Start training 
579073
Epoch :  0  Epoch time :  431.80589603499993  Train L2 Loss :  1.347818779399991
Epoch :  1  Epoch time :  435.62900301899936  Train L2 Loss :  0.6909701350271702
Epoch :  2  Epoch time :  438.3168589070001  Train L2 Loss :  0.284756525734812
Epoch :  3  Epoch time :  438.9006380390001  Train L2 Loss :  0.20056099014282228
Epoch :  4  Epoch time :  447.41461099800017  Train L2 Loss :  0.15424029176533222
Epoch :  5  Epoch time :  447.22768211899984  Train L2 Loss :  0.13165885434746744
Epoch :  6  Epoch time :  432.92503094899985  Train L2 Loss :  0.11823233909420669
Epoch :  7  Epoch time :  432.39113355600057  Train L2 Loss :  0.10680077122710645
Epoch :  8  Epoch time :  435.7551018440008  Train L2 Loss :  0.10147083269432187
Epoch :  9  Epoch time :  438.9459790389992  Train L2 Loss :  0.09441929010935128
Epoch :  10  Epoch time :  443.2830990269995  Train L2 Loss :  0.09140991594269872
Epoch :  11  Epoch time :  450.8039012730005  Train L2 Loss :  0.0869099459465593
Epoch :  12  Epoch time :  457.598487614001  Train L2 Loss :  0.08453661369159818
Epoch :  13  Epoch time :  453.23585403700054  Train L2 Loss :  0.08209754210226237
Epoch :  14  Epoch time :  453.3672993759992  Train L2 Loss :  0.0797792491292581
Epoch :  15  Epoch time :  448.17084296400026  Train L2 Loss :  0.07771405029371381
Epoch :  16  Epoch time :  453.5977907080014  Train L2 Loss :  0.07560888631548733
Epoch :  17  Epoch time :  449.6784637810015  Train L2 Loss :  0.07488898370750248
Epoch :  18  Epoch time :  456.0781783269995  Train L2 Loss :  0.07267190579660236
Epoch :  19  Epoch time :  442.5459542440003  Train L2 Loss :  0.0726546554427594
Epoch :  20  Epoch time :  450.80902178500037  Train L2 Loss :  0.07055830697491765
Epoch :  21  Epoch time :  452.8481133509995  Train L2 Loss :  0.06931859671212733
Epoch :  22  Epoch time :  467.7211577979997  Train L2 Loss :  0.06871390575543046
Epoch :  23  Epoch time :  469.66960846500115  Train L2 Loss :  0.06782005507405847
Epoch :  24  Epoch time :  477.3677999210013  Train L2 Loss :  0.06662996367551387
Epoch :  25  Epoch time :  477.41684618100044  Train L2 Loss :  0.06568453685902059
Epoch :  26  Epoch time :  459.38242492599966  Train L2 Loss :  0.06464435235373676
Epoch :  27  Epoch time :  483.5922351720001  Train L2 Loss :  0.06438994916193187
Epoch :  28  Epoch time :  478.51195339100013  Train L2 Loss :  0.06378898795619607
Epoch :  29  Epoch time :  483.7112330589989  Train L2 Loss :  0.06306680125072599
Epoch :  30  Epoch time :  471.26202031700086  Train L2 Loss :  0.0626971344333142
Epoch :  31  Epoch time :  477.3749882640004  Train L2 Loss :  0.06166789483316243
Epoch :  32  Epoch time :  468.9158339550013  Train L2 Loss :  0.061352617910690604
Epoch :  33  Epoch time :  475.2591204809978  Train L2 Loss :  0.060728345998190346
Epoch :  34  Epoch time :  472.30733985999905  Train L2 Loss :  0.060598851620964705
Epoch :  35  Epoch time :  501.3717973060011  Train L2 Loss :  0.06000952016515657
Epoch :  36  Epoch time :  493.1631977690013  Train L2 Loss :  0.0597332594871521
Epoch :  37  Epoch time :  472.6494184559997  Train L2 Loss :  0.05930775354802609
Epoch :  38  Epoch time :  496.31901629700224  Train L2 Loss :  0.05937813852392137
Epoch :  39  Epoch time :  499.00228282899843  Train L2 Loss :  0.05959184525981545
Epoch :  40  Epoch time :  487.2590183399989  Train L2 Loss :  0.05865759058538824
Epoch :  41  Epoch time :  483.61853492599766  Train L2 Loss :  0.05822742236442864
Epoch :  42  Epoch time :  502.3382062370001  Train L2 Loss :  0.057983559329435226
Epoch :  43  Epoch time :  496.41393759700077  Train L2 Loss :  0.05780181640032679
Epoch :  44  Epoch time :  493.27346489699994  Train L2 Loss :  0.05752045092396438
Epoch :  45  Epoch time :  478.483406708001  Train L2 Loss :  0.05676548050101846
Epoch :  46  Epoch time :  505.9321722479981  Train L2 Loss :  0.05658100644461811
Epoch :  47  Epoch time :  506.66768735799997  Train L2 Loss :  0.05585121384207159
Epoch :  48  Epoch time :  485.3812639700009  Train L2 Loss :  0.055643837601318955
Epoch :  49  Epoch time :  496.22809913200035  Train L2 Loss :  0.05538205295233056
Epoch :  50  Epoch time :  510.70454382299795  Train L2 Loss :  0.055063442472182214
Epoch :  51  Epoch time :  511.91279197399854  Train L2 Loss :  0.054994017030484975
Epoch :  52  Epoch time :  487.9187402980024  Train L2 Loss :  0.05461938344165683
Epoch :  53  Epoch time :  515.9151979950002  Train L2 Loss :  0.05391956888139248
Epoch :  54  Epoch time :  525.9134733210012  Train L2 Loss :  0.0542193951386027
Epoch :  55  Epoch time :  512.8309082019987  Train L2 Loss :  0.05385767984213308
Epoch :  56  Epoch time :  486.71332935999817  Train L2 Loss :  0.053425835419073704
Epoch :  57  Epoch time :  535.4567661760011  Train L2 Loss :  0.053415815684385595
Epoch :  58  Epoch time :  508.7137075260034  Train L2 Loss :  0.05348827055804432
Epoch :  59  Epoch time :  534.6043702940005  Train L2 Loss :  0.05295494557674974
Epoch :  60  Epoch time :  514.9533980289998  Train L2 Loss :  0.052771992718428376
Epoch :  61  Epoch time :  513.2526804720037  Train L2 Loss :  0.052659767510369423
Epoch :  62  Epoch time :  518.0628302499972  Train L2 Loss :  0.05264368698317558
Epoch :  63  Epoch time :  512.5559451279987  Train L2 Loss :  0.05205250242650509
Epoch :  64  Epoch time :  487.82669546500256  Train L2 Loss :  0.05168096146034077
Epoch :  65  Epoch time :  519.4612717099953  Train L2 Loss :  0.05156189209595323
Epoch :  66  Epoch time :  493.1491295369997  Train L2 Loss :  0.05156909066084772
Epoch :  67  Epoch time :  489.878193317003  Train L2 Loss :  0.05129222836270928
Epoch :  68  Epoch time :  497.458146828998  Train L2 Loss :  0.05125501053202897
Epoch :  69  Epoch time :  524.5585765000069  Train L2 Loss :  0.05092178055811673
Epoch :  70  Epoch time :  535.3267764789998  Train L2 Loss :  0.05092358395792544
Epoch :  71  Epoch time :  534.517640707003  Train L2 Loss :  0.05064612428508699
Epoch :  72  Epoch time :  519.2785524880019  Train L2 Loss :  0.050648469737451525
Epoch :  73  Epoch time :  535.9657412519955  Train L2 Loss :  0.050265747591108086
Epoch :  74  Epoch time :  540.5316513040016  Train L2 Loss :  0.05017955018375069
Epoch :  75  Epoch time :  537.4091668770052  Train L2 Loss :  0.04990509292446077
Epoch :  76  Epoch time :  500.6722906990035  Train L2 Loss :  0.04977031641518697
Epoch :  77  Epoch time :  532.5717083739946  Train L2 Loss :  0.04961378971878439
Epoch :  78  Epoch time :  516.5264480359983  Train L2 Loss :  0.049460874949209394
Epoch :  79  Epoch time :  528.9277835890025  Train L2 Loss :  0.04914077191231772
Epoch :  80  Epoch time :  504.6789016660041  Train L2 Loss :  0.04942532074376941
Epoch :  81  Epoch time :  516.1080065999995  Train L2 Loss :  0.0489935935113579
Epoch :  82  Epoch time :  537.3399429109995  Train L2 Loss :  0.048639762515947225
Epoch :  83  Epoch time :  528.8500290240045  Train L2 Loss :  0.04867618333594874
Epoch :  84  Epoch time :  534.2640933669973  Train L2 Loss :  0.0489404136557132
Epoch :  85  Epoch time :  522.1303787200013  Train L2 Loss :  0.04837785740345717
Epoch :  86  Epoch time :  518.4784323279964  Train L2 Loss :  0.0480875284017995
Epoch :  87  Epoch time :  531.283667964999  Train L2 Loss :  0.048275833746418355
Epoch :  88  Epoch time :  536.673198329001  Train L2 Loss :  0.04792532188845798
Epoch :  89  Epoch time :  528.2078294460007  Train L2 Loss :  0.047841327160876246
Epoch :  90  Epoch time :  534.268440846994  Train L2 Loss :  0.047744259406253695
Epoch :  91  Epoch time :  539.6790495559981  Train L2 Loss :  0.04757647317880764
Epoch :  92  Epoch time :  528.8691194200001  Train L2 Loss :  0.04747336751054972
Epoch :  93  Epoch time :  523.1585528309952  Train L2 Loss :  0.04772452914500609
Epoch :  94  Epoch time :  527.5856455859976  Train L2 Loss :  0.047267618703283366
Epoch :  95  Epoch time :  535.2884001089988  Train L2 Loss :  0.047246268914826216
Epoch :  96  Epoch time :  534.1337335860007  Train L2 Loss :  0.04723422352094203
Epoch :  97  Epoch time :  528.5068454919965  Train L2 Loss :  0.04745987554918975
Epoch :  98  Epoch time :  518.5405197079963  Train L2 Loss :  0.04687433536462486
Epoch :  99  Epoch time :  507.77199069799826  Train L2 Loss :  0.046977322807535526
Epoch :  100  Epoch time :  533.6244106340018  Train L2 Loss :  0.03841922515267506
Epoch :  101  Epoch time :  508.61686129800364  Train L2 Loss :  0.03851781195364892
Epoch :  102  Epoch time :  525.213101248999  Train L2 Loss :  0.03837398545444012
Epoch :  103  Epoch time :  530.9925960290057  Train L2 Loss :  0.038098580847494304
Epoch :  104  Epoch time :  510.90076964000036  Train L2 Loss :  0.037885716173425316
Epoch :  105  Epoch time :  522.5913609960044  Train L2 Loss :  0.03766236632335931
Epoch :  106  Epoch time :  532.6972422300023  Train L2 Loss :  0.037583997075352815
Epoch :  107  Epoch time :  495.69785692499863  Train L2 Loss :  0.03737859745938331
Epoch :  108  Epoch time :  527.4209259330019  Train L2 Loss :  0.03730795461665839
Epoch :  109  Epoch time :  524.4291070260006  Train L2 Loss :  0.03727729399139062
Epoch :  110  Epoch time :  529.8630188360039  Train L2 Loss :  0.03716345787607133
Epoch :  111  Epoch time :  526.1440036639979  Train L2 Loss :  0.0370601598829031
Epoch :  112  Epoch time :  513.9664616259979  Train L2 Loss :  0.03700331686232239
Epoch :  113  Epoch time :  489.08742753000115  Train L2 Loss :  0.03699155857563019
Epoch :  114  Epoch time :  495.9926500779984  Train L2 Loss :  0.03679931874535978
Epoch :  115  Epoch time :  515.581197876003  Train L2 Loss :  0.03677816974865273
Epoch :  116  Epoch time :  481.8975216379986  Train L2 Loss :  0.03669084945553914
Epoch :  117  Epoch time :  513.6010994310054  Train L2 Loss :  0.036583778889290985
Epoch :  118  Epoch time :  512.3293599550016  Train L2 Loss :  0.03649888179162517
Epoch :  119  Epoch time :  491.3704796240054  Train L2 Loss :  0.036502718047518284
Epoch :  120  Epoch time :  519.503652929001  Train L2 Loss :  0.03634944309480488
Epoch :  121  Epoch time :  517.8621498939901  Train L2 Loss :  0.036277239041030404
Epoch :  122  Epoch time :  493.9645792789961  Train L2 Loss :  0.03613476255331188
Epoch :  123  Epoch time :  517.3820081730082  Train L2 Loss :  0.036242990633007136
Epoch :  124  Epoch time :  519.6081223290093  Train L2 Loss :  0.03611620594551787
Epoch :  125  Epoch time :  505.70459397400555  Train L2 Loss :  0.03607181359026581
Epoch :  126  Epoch time :  508.8462287099974  Train L2 Loss :  0.03596776184029877
Epoch :  127  Epoch time :  517.8859322529897  Train L2 Loss :  0.03595019194316119
Epoch :  128  Epoch time :  504.68574138800614  Train L2 Loss :  0.0359539069307968
Epoch :  129  Epoch time :  503.1659526200092  Train L2 Loss :  0.03586771875862032
Epoch :  130  Epoch time :  487.40690635600185  Train L2 Loss :  0.035781671019643545
Epoch :  131  Epoch time :  471.5185053580062  Train L2 Loss :  0.0357615633925423
Epoch :  132  Epoch time :  494.86262032900413  Train L2 Loss :  0.035733300095889715
Epoch :  133  Epoch time :  489.62696650800353  Train L2 Loss :  0.035759284128714354
Epoch :  134  Epoch time :  479.77887584699783  Train L2 Loss :  0.035648886592686176
Epoch :  135  Epoch time :  483.0741802410048  Train L2 Loss :  0.03569522304227576
Epoch :  136  Epoch time :  496.443752762003  Train L2 Loss :  0.035617250086646526
Epoch :  137  Epoch time :  478.87512004200835  Train L2 Loss :  0.0355231866274029
Epoch :  138  Epoch time :  483.6467401109985  Train L2 Loss :  0.03551177028091625
Epoch :  139  Epoch time :  498.3154061020032  Train L2 Loss :  0.035384371846541765
Epoch :  140  Epoch time :  492.227159571994  Train L2 Loss :  0.0353820319977589
Epoch :  141  Epoch time :  485.16701872099657  Train L2 Loss :  0.03531730440147221
Epoch :  142  Epoch time :  488.63129767500504  Train L2 Loss :  0.035219472416490316
Epoch :  143  Epoch time :  496.9829697400128  Train L2 Loss :  0.035203815795388074
Epoch :  144  Epoch time :  475.8255435070023  Train L2 Loss :  0.03515397523464635
Epoch :  145  Epoch time :  480.0980084000039  Train L2 Loss :  0.03506206059511751
Epoch :  146  Epoch time :  499.83363083100994  Train L2 Loss :  0.035064125643484295
Epoch :  147  Epoch time :  488.5897095660039  Train L2 Loss :  0.034914795977436006
Epoch :  148  Epoch time :  481.4394389719964  Train L2 Loss :  0.03495118278078735
Epoch :  149  Epoch time :  501.45112904100097  Train L2 Loss :  0.03485370743842796
Epoch :  150  Epoch time :  489.15814314599265  Train L2 Loss :  0.03483118386184797
Epoch :  151  Epoch time :  492.2864963780012  Train L2 Loss :  0.0348574885353446
Epoch :  152  Epoch time :  493.06792467199557  Train L2 Loss :  0.03477566940421239
Epoch :  153  Epoch time :  488.9583173610008  Train L2 Loss :  0.03470742937242612
Epoch :  154  Epoch time :  484.4120353109902  Train L2 Loss :  0.03455487152282149
Epoch :  155  Epoch time :  503.84219835398835  Train L2 Loss :  0.03449533149637282
Epoch :  156  Epoch time :  488.0880817020079  Train L2 Loss :  0.03433549157418311
Epoch :  157  Epoch time :  498.1672709160048  Train L2 Loss :  0.03434047871325165
Epoch :  158  Epoch time :  503.23480224500236  Train L2 Loss :  0.03424276777599007
Epoch :  159  Epoch time :  495.9792174680042  Train L2 Loss :  0.0341283389381133
Epoch :  160  Epoch time :  482.62609618400165  Train L2 Loss :  0.03416231683399528
Epoch :  161  Epoch time :  492.853710854004  Train L2 Loss :  0.03413138789664954
Epoch :  162  Epoch time :  502.4389012140018  Train L2 Loss :  0.0339968652238138
Epoch :  163  Epoch time :  492.5621891549963  Train L2 Loss :  0.033943100374192
Epoch :  164  Epoch time :  494.2635230570013  Train L2 Loss :  0.03388586413729936
Epoch :  165  Epoch time :  497.5284034930082  Train L2 Loss :  0.033832650146074596
Epoch :  166  Epoch time :  499.37989443900005  Train L2 Loss :  0.03383425852954388
Epoch :  167  Epoch time :  490.3141194339987  Train L2 Loss :  0.03378903660839423
Epoch :  168  Epoch time :  489.1903406860074  Train L2 Loss :  0.03374072379991412
Epoch :  169  Epoch time :  491.540972784991  Train L2 Loss :  0.033737772652320565
Epoch :  170  Epoch time :  491.87432820899994  Train L2 Loss :  0.0336220411949791
Epoch :  171  Epoch time :  487.0557035969978  Train L2 Loss :  0.03356347983200103
Epoch :  172  Epoch time :  475.66056909700274  Train L2 Loss :  0.033607514492236076
Epoch :  173  Epoch time :  488.7325079799921  Train L2 Loss :  0.03352514917803928
Epoch :  174  Epoch time :  501.81528972600063  Train L2 Loss :  0.03347700653066859
Epoch :  175  Epoch time :  481.3411389289977  Train L2 Loss :  0.03345361828524619
Epoch :  176  Epoch time :  489.69959542600554  Train L2 Loss :  0.03342494023339823
Epoch :  177  Epoch time :  490.5887661750021  Train L2 Loss :  0.033335724186804146
Epoch :  178  Epoch time :  485.19484420199296  Train L2 Loss :  0.03332433509044349
Epoch :  179  Epoch time :  483.27998907900474  Train L2 Loss :  0.033285895683430135
Epoch :  180  Epoch time :  498.9486182010005  Train L2 Loss :  0.033215566516388205
Epoch :  181  Epoch time :  500.72681524300424  Train L2 Loss :  0.03320149562647566
Epoch :  182  Epoch time :  480.74077672600106  Train L2 Loss :  0.03308742016600445
Epoch :  183  Epoch time :  498.9999523629958  Train L2 Loss :  0.03303488803654909
Epoch :  184  Epoch time :  499.76739986198663  Train L2 Loss :  0.033097904892545195
Epoch :  185  Epoch time :  480.44466502599244  Train L2 Loss :  0.03298005196666345
Epoch :  186  Epoch time :  492.1758140039892  Train L2 Loss :  0.03296780191678554
Epoch :  187  Epoch time :  501.8627797549998  Train L2 Loss :  0.03291058230958879
Epoch :  188  Epoch time :  495.424396700997  Train L2 Loss :  0.032851245993934575
Epoch :  189  Epoch time :  473.34719076899637  Train L2 Loss :  0.032870666698366406
Epoch :  190  Epoch time :  503.6576428839908  Train L2 Loss :  0.032818345900066194
Epoch :  191  Epoch time :  501.5456876350072  Train L2 Loss :  0.03281056364001706
Epoch :  192  Epoch time :  492.2524851650087  Train L2 Loss :  0.032732381037808955
Epoch :  193  Epoch time :  487.55882681200455  Train L2 Loss :  0.032630478602275255
Epoch :  194  Epoch time :  504.96149590500863  Train L2 Loss :  0.032671685989946124
Epoch :  195  Epoch time :  495.46996087700245  Train L2 Loss :  0.03260954535473138
Epoch :  196  Epoch time :  490.92966425800114  Train L2 Loss :  0.032715513237193225
Epoch :  197  Epoch time :  495.63658998999745  Train L2 Loss :  0.03253282132614404
Epoch :  198  Epoch time :  505.7771844730014  Train L2 Loss :  0.03248619628585875
Epoch :  199  Epoch time :  488.81161939699086  Train L2 Loss :  0.032447970497049394
Total time is : 99150.046532298 Total epoch is  200
