Input dim :  103  output dim :  1
Start training 
2225
Epoch :  0  Epoch time :  406.183988666  Train L2 Loss :  1.3916998742491007
Epoch :  1  Epoch time :  408.6106287270004  Train L2 Loss :  1.1403350786328317
Epoch :  2  Epoch time :  409.278414204  Train L2 Loss :  0.8785549419283867
Epoch :  3  Epoch time :  414.2413171870003  Train L2 Loss :  0.8293153446674347
Epoch :  4  Epoch time :  415.553006868  Train L2 Loss :  0.8140764353454113
Epoch :  5  Epoch time :  418.93583679899984  Train L2 Loss :  0.802930085556209
Epoch :  6  Epoch time :  423.25047378699946  Train L2 Loss :  0.7915636701151728
Epoch :  7  Epoch time :  424.64619805300026  Train L2 Loss :  0.7833631642103195
Epoch :  8  Epoch time :  425.7447081579994  Train L2 Loss :  0.7781511968821287
Epoch :  9  Epoch time :  425.51435736200074  Train L2 Loss :  0.7577655328616499
Epoch :  10  Epoch time :  429.6122234159993  Train L2 Loss :  0.7046115062266588
Epoch :  11  Epoch time :  431.4066494480012  Train L2 Loss :  0.6879217676639557
Epoch :  12  Epoch time :  431.38299989999905  Train L2 Loss :  0.6812090977072716
Epoch :  13  Epoch time :  432.0400884669998  Train L2 Loss :  0.6770190075993537
Epoch :  14  Epoch time :  434.1678628490008  Train L2 Loss :  0.6735783194303513
Epoch :  15  Epoch time :  431.58727125400037  Train L2 Loss :  0.6706507827699184
Epoch :  16  Epoch time :  435.3740896569998  Train L2 Loss :  0.6682267850369215
Epoch :  17  Epoch time :  425.8318014050001  Train L2 Loss :  0.6661156176805496
Epoch :  18  Epoch time :  428.3656174959997  Train L2 Loss :  0.6640877704814077
Epoch :  19  Epoch time :  426.8137876259989  Train L2 Loss :  0.6620256713598967
Epoch :  20  Epoch time :  431.24229015499986  Train L2 Loss :  0.6603763065099716
Epoch :  21  Epoch time :  432.24928301899854  Train L2 Loss :  0.6587197073459625
Epoch :  22  Epoch time :  434.3220330139993  Train L2 Loss :  0.6570865095719695
Epoch :  23  Epoch time :  433.11919015199965  Train L2 Loss :  0.655769774621725
Epoch :  24  Epoch time :  437.2733341139992  Train L2 Loss :  0.654402097517252
Epoch :  25  Epoch time :  438.381481882001  Train L2 Loss :  0.6531436422616244
Epoch :  26  Epoch time :  438.26310908099913  Train L2 Loss :  0.6517244449719787
Epoch :  27  Epoch time :  440.2448946630029  Train L2 Loss :  0.650224981404841
Epoch :  28  Epoch time :  442.5160173280019  Train L2 Loss :  0.64898376070261
Epoch :  29  Epoch time :  440.367824945999  Train L2 Loss :  0.6471772767692804
Epoch :  30  Epoch time :  446.47594672099876  Train L2 Loss :  0.6455510923415423
Epoch :  31  Epoch time :  431.42422661300225  Train L2 Loss :  0.6437380135565997
Epoch :  32  Epoch time :  456.52254874199934  Train L2 Loss :  0.6416409674704074
Epoch :  33  Epoch time :  461.25992350699744  Train L2 Loss :  0.6395039687156677
Epoch :  34  Epoch time :  450.9949512259991  Train L2 Loss :  0.638019262304902
Epoch :  35  Epoch time :  456.8325419870016  Train L2 Loss :  0.6368182094275951
Epoch :  36  Epoch time :  469.1407083920021  Train L2 Loss :  0.6359130610540509
Epoch :  37  Epoch time :  466.7349161190032  Train L2 Loss :  0.6348578737199306
Epoch :  38  Epoch time :  461.83735090700065  Train L2 Loss :  0.6330316627249122
Epoch :  39  Epoch time :  465.4908808629989  Train L2 Loss :  0.6321435401797295
Epoch :  40  Epoch time :  472.91887745499844  Train L2 Loss :  0.6312097813501955
Epoch :  41  Epoch time :  475.31452758699743  Train L2 Loss :  0.6304847701281309
Epoch :  42  Epoch time :  478.52151740200134  Train L2 Loss :  0.6298945733711123
Epoch :  43  Epoch time :  461.2703073019984  Train L2 Loss :  0.6286164456099271
Epoch :  44  Epoch time :  481.0236157629988  Train L2 Loss :  0.6272973604083061
Epoch :  45  Epoch time :  472.1797512150006  Train L2 Loss :  0.6260720189839601
Epoch :  46  Epoch time :  476.3549188479992  Train L2 Loss :  0.6251275214761496
Epoch :  47  Epoch time :  482.92031394900187  Train L2 Loss :  0.6241492047935724
Epoch :  48  Epoch time :  478.5017865890004  Train L2 Loss :  0.6232500742062926
Epoch :  49  Epoch time :  476.955602987  Train L2 Loss :  0.6222909270465374
Epoch :  50  Epoch time :  488.31052527499924  Train L2 Loss :  0.6213235790774226
Epoch :  51  Epoch time :  486.59517646099994  Train L2 Loss :  0.620255394744873
Epoch :  52  Epoch time :  484.0053016059974  Train L2 Loss :  0.6194781489014626
Epoch :  53  Epoch time :  482.3199386390006  Train L2 Loss :  0.6188419278591871
Epoch :  54  Epoch time :  483.5234732969984  Train L2 Loss :  0.618288480785489
Epoch :  55  Epoch time :  497.3673377039995  Train L2 Loss :  0.6176377168506384
Epoch :  56  Epoch time :  500.1023010070021  Train L2 Loss :  0.6172497551932931
Epoch :  57  Epoch time :  482.1288153460009  Train L2 Loss :  0.6168278953284025
Epoch :  58  Epoch time :  495.95040213000175  Train L2 Loss :  0.6164451498225332
Epoch :  59  Epoch time :  507.9776377920025  Train L2 Loss :  0.6158256939411163
Epoch :  60  Epoch time :  509.1094237130019  Train L2 Loss :  0.6153998316764832
Epoch :  61  Epoch time :  507.87605709900527  Train L2 Loss :  0.6145394009292126
Epoch :  62  Epoch time :  491.25182078200305  Train L2 Loss :  0.613375919623673
Epoch :  63  Epoch time :  513.0585964049969  Train L2 Loss :  0.6126687201917171
Epoch :  64  Epoch time :  500.25637801400444  Train L2 Loss :  0.6119407827183604
Epoch :  65  Epoch time :  504.29443565999827  Train L2 Loss :  0.6114223070025444
Epoch :  66  Epoch time :  502.62260364599933  Train L2 Loss :  0.610803888759017
Epoch :  67  Epoch time :  500.2193687349936  Train L2 Loss :  0.610058886885643
Epoch :  68  Epoch time :  506.38740251700074  Train L2 Loss :  0.6093937839120627
Epoch :  69  Epoch time :  506.89129917399987  Train L2 Loss :  0.6087920834928751
Epoch :  70  Epoch time :  490.85858589500276  Train L2 Loss :  0.6080367903202772
Epoch :  71  Epoch time :  510.65007981500094  Train L2 Loss :  0.6073645895689725
Epoch :  72  Epoch time :  499.14282334600284  Train L2 Loss :  0.6068595338255167
Epoch :  73  Epoch time :  497.8796508720043  Train L2 Loss :  0.6061941709041595
Epoch :  74  Epoch time :  500.9294811649961  Train L2 Loss :  0.6054482992887497
Epoch :  75  Epoch time :  503.00431625399506  Train L2 Loss :  0.6048409105211496
Epoch :  76  Epoch time :  504.6886408499995  Train L2 Loss :  0.6040090808406472
Epoch :  77  Epoch time :  511.5152210820015  Train L2 Loss :  0.6033388159960509
Epoch :  78  Epoch time :  510.9985295590013  Train L2 Loss :  0.6026646998554468
Epoch :  79  Epoch time :  510.98726583100506  Train L2 Loss :  0.6018814159616828
Epoch :  80  Epoch time :  495.74345330399956  Train L2 Loss :  0.6009550509944558
Epoch :  81  Epoch time :  507.09857432900026  Train L2 Loss :  0.6004949786841869
Epoch :  82  Epoch time :  491.53212314800476  Train L2 Loss :  0.5996494735419751
Epoch :  83  Epoch time :  491.0899833920048  Train L2 Loss :  0.5989411941677332
Epoch :  84  Epoch time :  487.4575747400013  Train L2 Loss :  0.5983410394817591
Epoch :  85  Epoch time :  476.3478312770021  Train L2 Loss :  0.5977557171031833
Epoch :  86  Epoch time :  481.97399901500467  Train L2 Loss :  0.597213187801838
Epoch :  87  Epoch time :  485.771890279997  Train L2 Loss :  0.5966668150827289
Epoch :  88  Epoch time :  490.35459958999854  Train L2 Loss :  0.5961262111395598
Epoch :  89  Epoch time :  473.7570780590031  Train L2 Loss :  0.5953731170013546
Epoch :  90  Epoch time :  494.28052704300353  Train L2 Loss :  0.5944330289825797
Epoch :  91  Epoch time :  488.90125701599754  Train L2 Loss :  0.5934376519456506
Epoch :  92  Epoch time :  490.6417231669984  Train L2 Loss :  0.5929841163933277
Epoch :  93  Epoch time :  479.09478054500505  Train L2 Loss :  0.5924865990936756
Epoch :  94  Epoch time :  488.58507113000087  Train L2 Loss :  0.5920898515492677
Epoch :  95  Epoch time :  488.76839118500357  Train L2 Loss :  0.5917145450115204
Epoch :  96  Epoch time :  485.3719474940008  Train L2 Loss :  0.5913195677474141
Epoch :  97  Epoch time :  480.45899718700093  Train L2 Loss :  0.591040631917119
Epoch :  98  Epoch time :  479.99452606999694  Train L2 Loss :  0.5907870343595744
Epoch :  99  Epoch time :  485.6431884160047  Train L2 Loss :  0.5901161897242069
Epoch :  100  Epoch time :  483.319005309997  Train L2 Loss :  0.5827757671311498
Epoch :  101  Epoch time :  486.28202153400343  Train L2 Loss :  0.5823483456894756
Epoch :  102  Epoch time :  483.9573014080015  Train L2 Loss :  0.582027313387394
Epoch :  103  Epoch time :  485.2081764780014  Train L2 Loss :  0.5817023531764746
Epoch :  104  Epoch time :  489.54649185299786  Train L2 Loss :  0.5813471409901977
Epoch :  105  Epoch time :  481.0600842030035  Train L2 Loss :  0.5811438752144575
Epoch :  106  Epoch time :  504.9086136049955  Train L2 Loss :  0.5809679111123085
Epoch :  107  Epoch time :  503.008046697003  Train L2 Loss :  0.5808227882623672
Epoch :  108  Epoch time :  487.439999369999  Train L2 Loss :  0.580536089593172
Epoch :  109  Epoch time :  500.07363461200293  Train L2 Loss :  0.5804354051247239
Epoch :  110  Epoch time :  498.13115176900465  Train L2 Loss :  0.5801945327579975
Epoch :  111  Epoch time :  485.9536552859936  Train L2 Loss :  0.5800275196000934
Epoch :  112  Epoch time :  508.2293572540002  Train L2 Loss :  0.5798978452801704
Epoch :  113  Epoch time :  496.3420833690034  Train L2 Loss :  0.5796068676322699
Epoch :  114  Epoch time :  489.62247846600076  Train L2 Loss :  0.5793194927722216
Epoch :  115  Epoch time :  505.0890879569997  Train L2 Loss :  0.5790913520425558
Epoch :  116  Epoch time :  507.6208706180041  Train L2 Loss :  0.5788909433811903
Epoch :  117  Epoch time :  499.62316761099646  Train L2 Loss :  0.5787128664255142
Epoch :  118  Epoch time :  480.9224478210017  Train L2 Loss :  0.5785650781810283
Epoch :  119  Epoch time :  494.32967118700617  Train L2 Loss :  0.5784495642781258
Epoch :  120  Epoch time :  485.0874657309978  Train L2 Loss :  0.578367473269999
Epoch :  121  Epoch time :  499.4573946159944  Train L2 Loss :  0.578263664188981
Epoch :  122  Epoch time :  498.216950971997  Train L2 Loss :  0.5781791356772185
Epoch :  123  Epoch time :  492.72101806499995  Train L2 Loss :  0.5780754333794117
Epoch :  124  Epoch time :  491.04170005999913  Train L2 Loss :  0.5779849306017161
Epoch :  125  Epoch time :  495.05179243999737  Train L2 Loss :  0.5778932643502951
Epoch :  126  Epoch time :  486.75921260899486  Train L2 Loss :  0.5777950930804014
Epoch :  127  Epoch time :  493.1866815930116  Train L2 Loss :  0.5777063200235367
Epoch :  128  Epoch time :  501.4154387650051  Train L2 Loss :  0.5776078435733915
Epoch :  129  Epoch time :  495.0318554340047  Train L2 Loss :  0.5776002900153399
Epoch :  130  Epoch time :  488.0103736019955  Train L2 Loss :  0.5775048616319894
Epoch :  131  Epoch time :  484.27871828200296  Train L2 Loss :  0.5773916565656662
Epoch :  132  Epoch time :  486.36087241300265  Train L2 Loss :  0.5773500582754612
Epoch :  133  Epoch time :  501.81304728001123  Train L2 Loss :  0.5773182284712791
Epoch :  134  Epoch time :  487.522917543989  Train L2 Loss :  0.5772299830272793
Epoch :  135  Epoch time :  500.89662795400363  Train L2 Loss :  0.5771330525487661
Epoch :  136  Epoch time :  501.13845562099596  Train L2 Loss :  0.5770785910785198
Epoch :  137  Epoch time :  501.8373174070002  Train L2 Loss :  0.5770945414811373
Epoch :  138  Epoch time :  483.729319370992  Train L2 Loss :  0.5770106321558356
Epoch :  139  Epoch time :  511.73750262999965  Train L2 Loss :  0.5769309131622314
Epoch :  140  Epoch time :  504.35684571000456  Train L2 Loss :  0.5768865883022547
Epoch :  141  Epoch time :  501.0672805130016  Train L2 Loss :  0.5769004252701998
Epoch :  142  Epoch time :  489.1776237990125  Train L2 Loss :  0.5767896597206592
Epoch :  143  Epoch time :  505.77840987499803  Train L2 Loss :  0.5767237523436546
Epoch :  144  Epoch time :  478.25219157600077  Train L2 Loss :  0.57669169164747
Epoch :  145  Epoch time :  494.4943563220004  Train L2 Loss :  0.5765939363688231
Epoch :  146  Epoch time :  493.25969433700084  Train L2 Loss :  0.5765016445502639
Epoch :  147  Epoch time :  472.0016853180132  Train L2 Loss :  0.5764927731424571
Epoch :  148  Epoch time :  485.555079851998  Train L2 Loss :  0.5763905135765671
Epoch :  149  Epoch time :  477.2216404169885  Train L2 Loss :  0.5763048364579677
Epoch :  150  Epoch time :  500.04790658199636  Train L2 Loss :  0.5762828527644277
Epoch :  151  Epoch time :  492.9386805739923  Train L2 Loss :  0.5761849543750286
Epoch :  152  Epoch time :  477.4564734329906  Train L2 Loss :  0.5760683715224266
Epoch :  153  Epoch time :  469.60920650900516  Train L2 Loss :  0.5760559359014035
Epoch :  154  Epoch time :  379.7135322109971  Train L2 Loss :  0.5759811939626932
Epoch :  155  Epoch time :  375.02601686600246  Train L2 Loss :  0.575890937678516
Epoch :  156  Epoch time :  375.9222198089992  Train L2 Loss :  0.5758204609960318
Epoch :  157  Epoch time :  375.4511047240085  Train L2 Loss :  0.5758167180657386
Epoch :  158  Epoch time :  375.9744634480012  Train L2 Loss :  0.5756989060863853
Epoch :  159  Epoch time :  375.7470560410002  Train L2 Loss :  0.5755815924674272
Epoch :  160  Epoch time :  376.58673198800534  Train L2 Loss :  0.5755741538971663
Epoch :  161  Epoch time :  377.3790479099989  Train L2 Loss :  0.5754652401983738
Epoch :  162  Epoch time :  376.18223366599705  Train L2 Loss :  0.5754473088949918
Epoch :  163  Epoch time :  376.56921538399183  Train L2 Loss :  0.5753847017660737
Epoch :  164  Epoch time :  376.29105799400713  Train L2 Loss :  0.57532049523741
Epoch :  165  Epoch time :  376.7210180990078  Train L2 Loss :  0.5753070615053177
Epoch :  166  Epoch time :  378.2989055270009  Train L2 Loss :  0.575205345416069
Epoch :  167  Epoch time :  379.080530103005  Train L2 Loss :  0.5751131509810686
Epoch :  168  Epoch time :  379.2555443880119  Train L2 Loss :  0.5750452417492866
Epoch :  169  Epoch time :  379.36781097299536  Train L2 Loss :  0.5749040752276778
Epoch :  170  Epoch time :  379.99025663400244  Train L2 Loss :  0.574714668622613
Epoch :  171  Epoch time :  380.10501674900297  Train L2 Loss :  0.574635596087575
Epoch :  172  Epoch time :  380.6353475119977  Train L2 Loss :  0.5744864746779204
Epoch :  173  Epoch time :  380.5987716760137  Train L2 Loss :  0.5744340163916349
Epoch :  174  Epoch time :  380.5791830189992  Train L2 Loss :  0.5743173475146294
Epoch :  175  Epoch time :  381.0783943830029  Train L2 Loss :  0.5742316000208258
Epoch :  176  Epoch time :  382.13341177899565  Train L2 Loss :  0.5741202626481652
Epoch :  177  Epoch time :  381.7448884980113  Train L2 Loss :  0.574077094899118
Epoch :  178  Epoch time :  382.8118827189901  Train L2 Loss :  0.573954664349556
Epoch :  179  Epoch time :  382.77885893599887  Train L2 Loss :  0.5739650720596313
Epoch :  180  Epoch time :  382.82880179199856  Train L2 Loss :  0.573838960725069
Epoch :  181  Epoch time :  383.37947915999393  Train L2 Loss :  0.5737571744054556
Epoch :  182  Epoch time :  384.02002458900097  Train L2 Loss :  0.5737595707029104
Epoch :  183  Epoch time :  384.12432297899795  Train L2 Loss :  0.5736693015426397
Epoch :  184  Epoch time :  384.31067636600346  Train L2 Loss :  0.5736304415494203
Epoch :  185  Epoch time :  384.53669125000306  Train L2 Loss :  0.5735631742417813
Epoch :  186  Epoch time :  385.57145783699525  Train L2 Loss :  0.573478841239214
Epoch :  187  Epoch time :  385.65116188400134  Train L2 Loss :  0.5733451524347067
Epoch :  188  Epoch time :  385.785186640991  Train L2 Loss :  0.5733206289052963
Epoch :  189  Epoch time :  386.35665075900033  Train L2 Loss :  0.5732433761775494
Epoch :  190  Epoch time :  386.4470056829887  Train L2 Loss :  0.5730966509118676
Epoch :  191  Epoch time :  383.0282377330004  Train L2 Loss :  0.5730121127620339
Epoch :  192  Epoch time :  381.9745079389977  Train L2 Loss :  0.572927449041605
Epoch :  193  Epoch time :  382.50122425598965  Train L2 Loss :  0.5728660938054323
Epoch :  194  Epoch time :  384.14487795600144  Train L2 Loss :  0.5727639238357544
Epoch :  195  Epoch time :  383.7820014510071  Train L2 Loss :  0.5726892653822899
Epoch :  196  Epoch time :  385.14753221899446  Train L2 Loss :  0.5726527689307928
Epoch :  197  Epoch time :  385.76557059599145  Train L2 Loss :  0.5725329282969236
Epoch :  198  Epoch time :  384.2270907980128  Train L2 Loss :  0.5725259047225117
Epoch :  199  Epoch time :  384.1970556090091  Train L2 Loss :  0.5723791725799441
Total time is : 91034.075625042 Total epoch is  200
