Input dim :  103  output dim :  1
Start training 
15041
Epoch :  0  Epoch time :  427.1015094880004  Train L2 Loss :  1.3454893688082694
Epoch :  1  Epoch time :  431.74826869000026  Train L2 Loss :  0.9367748178839683
Epoch :  2  Epoch time :  435.44302176900055  Train L2 Loss :  0.7382636888772249
Epoch :  3  Epoch time :  435.62149951799984  Train L2 Loss :  0.6385975556626916
Epoch :  4  Epoch time :  439.0591365249993  Train L2 Loss :  0.5824769194364547
Epoch :  5  Epoch time :  434.79883204700036  Train L2 Loss :  0.5048273978114128
Epoch :  6  Epoch time :  432.8925607779993  Train L2 Loss :  0.4157016653299332
Epoch :  7  Epoch time :  426.7152562759984  Train L2 Loss :  0.39135983538925645
Epoch :  8  Epoch time :  429.0027548529997  Train L2 Loss :  0.371882425673306
Epoch :  9  Epoch time :  436.61728714499986  Train L2 Loss :  0.3516966128543019
Epoch :  10  Epoch time :  438.7919276520006  Train L2 Loss :  0.3378587589889765
Epoch :  11  Epoch time :  435.4820594550001  Train L2 Loss :  0.3240344621524215
Epoch :  12  Epoch time :  439.99352455999906  Train L2 Loss :  0.31257740761637687
Epoch :  13  Epoch time :  441.4178306210015  Train L2 Loss :  0.3023607696078718
Epoch :  14  Epoch time :  460.75921677100087  Train L2 Loss :  0.2927887557774782
Epoch :  15  Epoch time :  456.1306811579998  Train L2 Loss :  0.28437994906827807
Epoch :  16  Epoch time :  466.89236030100074  Train L2 Loss :  0.2774230875171721
Epoch :  17  Epoch time :  462.13909902699925  Train L2 Loss :  0.27189737153798343
Epoch :  18  Epoch time :  454.1435689299997  Train L2 Loss :  0.2660325996913016
Epoch :  19  Epoch time :  459.6619580160004  Train L2 Loss :  0.2610377433717251
Epoch :  20  Epoch time :  473.6715473639997  Train L2 Loss :  0.2567142330318689
Epoch :  21  Epoch time :  458.2639596450008  Train L2 Loss :  0.2526388061188161
Epoch :  22  Epoch time :  470.7213816450003  Train L2 Loss :  0.24928581481203438
Epoch :  23  Epoch time :  474.8946013240002  Train L2 Loss :  0.245641081610322
Epoch :  24  Epoch time :  476.87071075100175  Train L2 Loss :  0.24276084063202144
Epoch :  25  Epoch time :  461.22715106800024  Train L2 Loss :  0.23986488876566292
Epoch :  26  Epoch time :  479.8535662439972  Train L2 Loss :  0.23677117856442928
Epoch :  27  Epoch time :  474.33028773800106  Train L2 Loss :  0.23372097829580307
Epoch :  28  Epoch time :  481.1533668789998  Train L2 Loss :  0.23071039511188865
Epoch :  29  Epoch time :  488.7901026699983  Train L2 Loss :  0.22732944703027605
Epoch :  30  Epoch time :  485.66050279000046  Train L2 Loss :  0.22343146318942309
Epoch :  31  Epoch time :  480.9072211069979  Train L2 Loss :  0.21971981894820927
Epoch :  32  Epoch time :  476.29776905700055  Train L2 Loss :  0.2160531752102077
Epoch :  33  Epoch time :  483.89376656999957  Train L2 Loss :  0.21306844723075627
Epoch :  34  Epoch time :  488.32434452800226  Train L2 Loss :  0.2101254511281848
Epoch :  35  Epoch time :  494.03904301199873  Train L2 Loss :  0.20785120599642395
Epoch :  36  Epoch time :  488.87096481900153  Train L2 Loss :  0.2055214073807001
Epoch :  37  Epoch time :  479.661117145999  Train L2 Loss :  0.20310865582823753
Epoch :  38  Epoch time :  503.7144840760011  Train L2 Loss :  0.20168175629898905
Epoch :  39  Epoch time :  503.43377015499937  Train L2 Loss :  0.19842610622793436
Epoch :  40  Epoch time :  489.8142159989984  Train L2 Loss :  0.1960465354576707
Epoch :  41  Epoch time :  506.11800284199853  Train L2 Loss :  0.1911138938933611
Epoch :  42  Epoch time :  503.5126579610005  Train L2 Loss :  0.18733134481683372
Epoch :  43  Epoch time :  506.99428893599907  Train L2 Loss :  0.183316858189553
Epoch :  44  Epoch time :  503.5101883569987  Train L2 Loss :  0.18058269148916006
Epoch :  45  Epoch time :  498.3064960219999  Train L2 Loss :  0.17773228717595338
Epoch :  46  Epoch time :  513.9886832580014  Train L2 Loss :  0.1749821111910045
Epoch :  47  Epoch time :  509.54797914499795  Train L2 Loss :  0.17251267491951586
Epoch :  48  Epoch time :  497.16330899400054  Train L2 Loss :  0.17077882224731147
Epoch :  49  Epoch time :  516.0955496579991  Train L2 Loss :  0.16831883208043874
Epoch :  50  Epoch time :  516.5900808650003  Train L2 Loss :  0.16635262589231134
Epoch :  51  Epoch time :  521.9656322859992  Train L2 Loss :  0.16449355154186487
Epoch :  52  Epoch time :  518.4251710499993  Train L2 Loss :  0.1624998681753874
Epoch :  53  Epoch time :  524.0747289589999  Train L2 Loss :  0.1612846344433725
Epoch :  54  Epoch time :  517.2488394050015  Train L2 Loss :  0.15938705834709108
Epoch :  55  Epoch time :  529.7945315310026  Train L2 Loss :  0.15779302211813628
Epoch :  56  Epoch time :  524.774843397001  Train L2 Loss :  0.15642230354361236
Epoch :  57  Epoch time :  518.9544265400036  Train L2 Loss :  0.15548002840355038
Epoch :  58  Epoch time :  513.3616993789983  Train L2 Loss :  0.1539269490428269
Epoch :  59  Epoch time :  538.3739287709977  Train L2 Loss :  0.15300643359944224
Epoch :  60  Epoch time :  542.119640785997  Train L2 Loss :  0.15215345138087868
Epoch :  61  Epoch time :  515.5944731560012  Train L2 Loss :  0.15085302696600555
Epoch :  62  Epoch time :  543.719963290001  Train L2 Loss :  0.15030573428720237
Epoch :  63  Epoch time :  504.34653227099625  Train L2 Loss :  0.14917369238361716
Epoch :  64  Epoch time :  541.461091625999  Train L2 Loss :  0.14822299259155988
Epoch :  65  Epoch time :  520.8835157089998  Train L2 Loss :  0.1473259437032044
Epoch :  66  Epoch time :  513.4532154840053  Train L2 Loss :  0.14642843349874018
Epoch :  67  Epoch time :  515.6405844960027  Train L2 Loss :  0.14579287139102817
Epoch :  68  Epoch time :  531.6755308540014  Train L2 Loss :  0.14493984221555292
Epoch :  69  Epoch time :  549.1018337889982  Train L2 Loss :  0.1441807616468519
Epoch :  70  Epoch time :  538.8018056110013  Train L2 Loss :  0.14363600997254253
Epoch :  71  Epoch time :  535.5162439289998  Train L2 Loss :  0.1430215843386948
Epoch :  72  Epoch time :  529.9202522670021  Train L2 Loss :  0.1420629715062678
Epoch :  73  Epoch time :  543.3601636719977  Train L2 Loss :  0.1414497442945838
Epoch :  74  Epoch time :  526.9533047250006  Train L2 Loss :  0.14105077637806535
Epoch :  75  Epoch time :  540.0690628109951  Train L2 Loss :  0.14018012955337764
Epoch :  76  Epoch time :  544.9622368690034  Train L2 Loss :  0.13973837086185814
Epoch :  77  Epoch time :  518.5923747300039  Train L2 Loss :  0.13916101143807172
Epoch :  78  Epoch time :  534.643886083999  Train L2 Loss :  0.13864985328987242
Epoch :  79  Epoch time :  536.2284523900016  Train L2 Loss :  0.13771528846286238
Epoch :  80  Epoch time :  541.3884354940019  Train L2 Loss :  0.13745147118978202
Epoch :  81  Epoch time :  541.8039572950001  Train L2 Loss :  0.13695283134393393
Epoch :  82  Epoch time :  548.7105586879989  Train L2 Loss :  0.136191802951321
Epoch :  83  Epoch time :  538.2551223019982  Train L2 Loss :  0.13592377331368624
Epoch :  84  Epoch time :  547.2754917650018  Train L2 Loss :  0.13544122865647076
Epoch :  85  Epoch time :  543.071587669001  Train L2 Loss :  0.13472911036536098
Epoch :  86  Epoch time :  540.6518102640039  Train L2 Loss :  0.13434996863529086
Epoch :  87  Epoch time :  537.1938990119961  Train L2 Loss :  0.13364736732617022
Epoch :  88  Epoch time :  541.1213479299986  Train L2 Loss :  0.13306717272289098
Epoch :  89  Epoch time :  539.5353587049976  Train L2 Loss :  0.13310692167542876
Epoch :  90  Epoch time :  550.1436900970002  Train L2 Loss :  0.13236703685820103
Epoch :  91  Epoch time :  538.6984046009966  Train L2 Loss :  0.13166257212273777
Epoch :  92  Epoch time :  558.7283760709979  Train L2 Loss :  0.13117053820118307
Epoch :  93  Epoch time :  548.693612807001  Train L2 Loss :  0.13028891276456417
Epoch :  94  Epoch time :  539.9073051199957  Train L2 Loss :  0.13004944440051913
Epoch :  95  Epoch time :  540.1660458979968  Train L2 Loss :  0.12942508078180254
Epoch :  96  Epoch time :  545.6865464810035  Train L2 Loss :  0.12896939334981145
Epoch :  97  Epoch time :  546.4943157779999  Train L2 Loss :  0.12846941631175576
Epoch :  98  Epoch time :  512.564905088002  Train L2 Loss :  0.1277210283741355
Epoch :  99  Epoch time :  556.3926704019977  Train L2 Loss :  0.12741444223076104
Epoch :  100  Epoch time :  533.5103832359964  Train L2 Loss :  0.11618066449463367
Epoch :  101  Epoch time :  538.2752896309976  Train L2 Loss :  0.11593445398844779
Epoch :  102  Epoch time :  553.8233766720004  Train L2 Loss :  0.115095151951164
Epoch :  103  Epoch time :  554.4225177119952  Train L2 Loss :  0.11462678558826446
Epoch :  104  Epoch time :  529.5510482399986  Train L2 Loss :  0.11421324171945453
Epoch :  105  Epoch time :  535.3560592169961  Train L2 Loss :  0.11380722186751664
Epoch :  106  Epoch time :  539.2353863159951  Train L2 Loss :  0.11352094066888094
Epoch :  107  Epoch time :  529.3116414370015  Train L2 Loss :  0.1132027411736548
Epoch :  108  Epoch time :  544.076902888999  Train L2 Loss :  0.1129082078397274
Epoch :  109  Epoch time :  547.6140265420036  Train L2 Loss :  0.11251895582824946
Epoch :  110  Epoch time :  507.4613312500005  Train L2 Loss :  0.11239394578412175
Epoch :  111  Epoch time :  499.6520407989956  Train L2 Loss :  0.11208131575193256
Epoch :  112  Epoch time :  496.04709790999914  Train L2 Loss :  0.11179615236073732
Epoch :  113  Epoch time :  495.30823521300044  Train L2 Loss :  0.11161137753725052
Epoch :  114  Epoch time :  496.8653682600052  Train L2 Loss :  0.11141856684722007
Epoch :  115  Epoch time :  496.19100219399843  Train L2 Loss :  0.11113578928560018
Epoch :  116  Epoch time :  486.09776141300244  Train L2 Loss :  0.11082789759524167
Epoch :  117  Epoch time :  501.9434058589977  Train L2 Loss :  0.11071618471071124
Epoch :  118  Epoch time :  498.0994581529958  Train L2 Loss :  0.11043119646161795
Epoch :  119  Epoch time :  497.6090507070039  Train L2 Loss :  0.11026831350754947
Epoch :  120  Epoch time :  499.14162115399085  Train L2 Loss :  0.11008218270614743
Epoch :  121  Epoch time :  499.0106637860008  Train L2 Loss :  0.10981130388192832
Epoch :  122  Epoch time :  488.97259405700606  Train L2 Loss :  0.10959242947772145
Epoch :  123  Epoch time :  500.52209164600936  Train L2 Loss :  0.1094607583142817
Epoch :  124  Epoch time :  499.3603507329972  Train L2 Loss :  0.10935593041777611
Epoch :  125  Epoch time :  500.6175125150039  Train L2 Loss :  0.10911497120335698
Epoch :  126  Epoch time :  500.3707195640018  Train L2 Loss :  0.10889817473888397
Epoch :  127  Epoch time :  498.09088953198807  Train L2 Loss :  0.1083872600376606
Epoch :  128  Epoch time :  499.5662835339899  Train L2 Loss :  0.10770062046274542
Epoch :  129  Epoch time :  493.8464396010095  Train L2 Loss :  0.10712093793749809
Epoch :  130  Epoch time :  499.9795869009977  Train L2 Loss :  0.10672921647280455
Epoch :  131  Epoch time :  501.11422894000134  Train L2 Loss :  0.10632007799334824
Epoch :  132  Epoch time :  502.80945133499335  Train L2 Loss :  0.10585603533871472
Epoch :  133  Epoch time :  502.90313107700786  Train L2 Loss :  0.1053268225196749
Epoch :  134  Epoch time :  498.8628811919916  Train L2 Loss :  0.10466604051366449
Epoch :  135  Epoch time :  502.6011410320061  Train L2 Loss :  0.10426023099720479
Epoch :  136  Epoch time :  491.56970872600505  Train L2 Loss :  0.10378467019312083
Epoch :  137  Epoch time :  512.5251415620005  Train L2 Loss :  0.10343401717841626
Epoch :  138  Epoch time :  503.5178738930117  Train L2 Loss :  0.10322612480483949
Epoch :  139  Epoch time :  503.9029017799912  Train L2 Loss :  0.1028965805914253
Epoch :  140  Epoch time :  504.8650457929907  Train L2 Loss :  0.1026463867649436
Epoch :  141  Epoch time :  501.1562538260041  Train L2 Loss :  0.10243255539834499
Epoch :  142  Epoch time :  495.0752223820018  Train L2 Loss :  0.10219109897986055
Epoch :  143  Epoch time :  510.430901892003  Train L2 Loss :  0.10200372903458774
Epoch :  144  Epoch time :  507.10920300400176  Train L2 Loss :  0.10170188934933394
Epoch :  145  Epoch time :  506.6667934359866  Train L2 Loss :  0.10133269907720387
Epoch :  146  Epoch time :  506.97838661300193  Train L2 Loss :  0.1010952672664076
Epoch :  147  Epoch time :  502.35344655900553  Train L2 Loss :  0.1008434553168714
Epoch :  148  Epoch time :  502.7900362729997  Train L2 Loss :  0.1007433258511126
Epoch :  149  Epoch time :  502.543762729998  Train L2 Loss :  0.1005896720096469
Epoch :  150  Epoch time :  502.25749975700455  Train L2 Loss :  0.10026083274707198
Epoch :  151  Epoch time :  500.74912458099425  Train L2 Loss :  0.10016997829303145
Epoch :  152  Epoch time :  499.5379530630016  Train L2 Loss :  0.09990472014583647
Epoch :  153  Epoch time :  494.4065538480063  Train L2 Loss :  0.09978538963403553
Epoch :  154  Epoch time :  509.3177117710002  Train L2 Loss :  0.09958566289395093
Epoch :  155  Epoch time :  504.0923673979996  Train L2 Loss :  0.09945250496994704
Epoch :  156  Epoch time :  505.84165162499994  Train L2 Loss :  0.09909683944955468
Epoch :  157  Epoch time :  501.1502291020006  Train L2 Loss :  0.0989936542250216
Epoch :  158  Epoch time :  501.84666806599125  Train L2 Loss :  0.0988355492554605
Epoch :  159  Epoch time :  501.1879014099977  Train L2 Loss :  0.0986410802550614
Epoch :  160  Epoch time :  504.8384443949908  Train L2 Loss :  0.09845904140286148
Epoch :  161  Epoch time :  506.4097968270071  Train L2 Loss :  0.09824719605818391
Epoch :  162  Epoch time :  503.45251990199904  Train L2 Loss :  0.09813262593559921
Epoch :  163  Epoch time :  504.87304368299374  Train L2 Loss :  0.09790576381608844
Epoch :  164  Epoch time :  504.1773258109897  Train L2 Loss :  0.09782168812900782
Epoch :  165  Epoch time :  497.6089934310003  Train L2 Loss :  0.09772735608406365
Epoch :  166  Epoch time :  518.6279095319915  Train L2 Loss :  0.09748822733387351
Epoch :  167  Epoch time :  507.26460309000686  Train L2 Loss :  0.09720492718704045
Epoch :  168  Epoch time :  507.32403601901024  Train L2 Loss :  0.09707089976146817
Epoch :  169  Epoch time :  507.2206252460019  Train L2 Loss :  0.09682633724678308
Epoch :  170  Epoch time :  497.65812720000395  Train L2 Loss :  0.0966818856690079
Epoch :  171  Epoch time :  513.0315502580052  Train L2 Loss :  0.09656811247766017
Epoch :  172  Epoch time :  509.27633501400123  Train L2 Loss :  0.09633159330189228
Epoch :  173  Epoch time :  508.51003763699555  Train L2 Loss :  0.09624626838713884
Epoch :  174  Epoch time :  494.85061549401144  Train L2 Loss :  0.09606363913621753
Epoch :  175  Epoch time :  516.989200313008  Train L2 Loss :  0.09609451946951449
Epoch :  176  Epoch time :  509.8057598519954  Train L2 Loss :  0.09588557726219296
Epoch :  177  Epoch time :  510.4826195999922  Train L2 Loss :  0.09578023918233812
Epoch :  178  Epoch time :  510.8008671090065  Train L2 Loss :  0.0958166548576206
Epoch :  179  Epoch time :  511.26467357999354  Train L2 Loss :  0.09562920639272779
Epoch :  180  Epoch time :  509.60803698199743  Train L2 Loss :  0.09558233539834618
Epoch :  181  Epoch time :  499.99530399600917  Train L2 Loss :  0.09533681051917374
Epoch :  182  Epoch time :  520.6844148959935  Train L2 Loss :  0.09537314642835408
Epoch :  183  Epoch time :  510.70516558700183  Train L2 Loss :  0.09527194430083036
Epoch :  184  Epoch time :  511.17180306599766  Train L2 Loss :  0.09512696150597184
Epoch :  185  Epoch time :  511.71507450599165  Train L2 Loss :  0.09503434973731636
Epoch :  186  Epoch time :  512.69860087501  Train L2 Loss :  0.09495299479961396
Epoch :  187  Epoch time :  503.69346178800333  Train L2 Loss :  0.09485572441313415
Epoch :  188  Epoch time :  518.4664224240114  Train L2 Loss :  0.09479227433912456
Epoch :  189  Epoch time :  512.152763377002  Train L2 Loss :  0.09471378006450831
Epoch :  190  Epoch time :  513.3370610239945  Train L2 Loss :  0.09461637597363443
Epoch :  191  Epoch time :  512.525871261998  Train L2 Loss :  0.09426789458319544
Epoch :  192  Epoch time :  499.45174577900616  Train L2 Loss :  0.09402846009675414
Epoch :  193  Epoch time :  521.8792214670102  Train L2 Loss :  0.09402499271295965
Epoch :  194  Epoch time :  513.2753280820034  Train L2 Loss :  0.09388879537507892
Epoch :  195  Epoch time :  513.9350123409968  Train L2 Loss :  0.09388494148887694
Epoch :  196  Epoch time :  504.8139899300004  Train L2 Loss :  0.09375170818269253
Epoch :  197  Epoch time :  517.2403198669926  Train L2 Loss :  0.09360328645929694
Epoch :  198  Epoch time :  513.6448450010066  Train L2 Loss :  0.09359678815975785
Epoch :  199  Epoch time :  507.44057036000595  Train L2 Loss :  0.09340204142723232
Total time is : 101034.27726958299 Total epoch is  200
