Input dim :  103  output dim :  1
Start training 
158465
Epoch :  0  Epoch time :  376.1344512400001  Train L2 Loss :  1.3533487306535243
Epoch :  1  Epoch time :  375.8034483370002  Train L2 Loss :  0.7070962182864546
Epoch :  2  Epoch time :  378.9903400160001  Train L2 Loss :  0.43699272790923716
Epoch :  3  Epoch time :  379.65642868800023  Train L2 Loss :  0.2639498983427882
Epoch :  4  Epoch time :  382.38130127099976  Train L2 Loss :  0.21405755139142274
Epoch :  5  Epoch time :  381.0736545380005  Train L2 Loss :  0.18635749637410046
Epoch :  6  Epoch time :  372.8921013620002  Train L2 Loss :  0.16610888096690177
Epoch :  7  Epoch time :  376.5089466729996  Train L2 Loss :  0.14992943101525308
Epoch :  8  Epoch time :  388.49505238799975  Train L2 Loss :  0.1377691945053637
Epoch :  9  Epoch time :  389.0240549509999  Train L2 Loss :  0.12932020103521646
Epoch :  10  Epoch time :  391.0486888739997  Train L2 Loss :  0.1229952413033694
Epoch :  11  Epoch time :  393.04709051899954  Train L2 Loss :  0.11746033466160298
Epoch :  12  Epoch time :  393.67576186599945  Train L2 Loss :  0.11206339294984936
Epoch :  13  Epoch time :  394.40700913  Train L2 Loss :  0.10777915138918906
Epoch :  14  Epoch time :  395.75963746100024  Train L2 Loss :  0.1038871792897582
Epoch :  15  Epoch time :  398.3503628720009  Train L2 Loss :  0.10091892031636089
Epoch :  16  Epoch time :  398.24043341000106  Train L2 Loss :  0.09819049717411399
Epoch :  17  Epoch time :  398.94877577700026  Train L2 Loss :  0.09601249825283885
Epoch :  18  Epoch time :  399.9241954530007  Train L2 Loss :  0.09399463315308094
Epoch :  19  Epoch time :  402.12032679300137  Train L2 Loss :  0.09230420051570981
Epoch :  20  Epoch time :  403.3117463189992  Train L2 Loss :  0.09083157360479235
Epoch :  21  Epoch time :  405.0088186899993  Train L2 Loss :  0.08934212416596711
Epoch :  22  Epoch time :  430.4104603449996  Train L2 Loss :  0.0880143057499081
Epoch :  23  Epoch time :  406.24103032199855  Train L2 Loss :  0.08709658319894224
Epoch :  24  Epoch time :  408.97958073599875  Train L2 Loss :  0.08605988854244351
Epoch :  25  Epoch time :  408.9187580939997  Train L2 Loss :  0.08530765299219638
Epoch :  26  Epoch time :  411.2245035429987  Train L2 Loss :  0.08400280913375319
Epoch :  27  Epoch time :  411.69069314900116  Train L2 Loss :  0.0834647997558117
Epoch :  28  Epoch time :  413.347789812  Train L2 Loss :  0.08248154298271984
Epoch :  29  Epoch time :  414.9741416650031  Train L2 Loss :  0.08181213829424232
Epoch :  30  Epoch time :  415.9249989329983  Train L2 Loss :  0.08106645260713995
Epoch :  31  Epoch time :  418.44961452499774  Train L2 Loss :  0.08061531073898077
Epoch :  32  Epoch time :  418.44904508299805  Train L2 Loss :  0.07996613737121225
Epoch :  33  Epoch time :  420.2581787880008  Train L2 Loss :  0.07968719429373741
Epoch :  34  Epoch time :  421.216281271998  Train L2 Loss :  0.0792086027374491
Epoch :  35  Epoch time :  423.71586900499824  Train L2 Loss :  0.07864390743616968
Epoch :  36  Epoch time :  424.9311459620003  Train L2 Loss :  0.07831499804444611
Epoch :  37  Epoch time :  426.01972134600146  Train L2 Loss :  0.0778817544400692
Epoch :  38  Epoch time :  427.55023986200104  Train L2 Loss :  0.07738820808883756
Epoch :  39  Epoch time :  429.8743184760024  Train L2 Loss :  0.07685192500129343
Epoch :  40  Epoch time :  478.99337003799883  Train L2 Loss :  0.07643194428421557
Epoch :  41  Epoch time :  505.82255130200065  Train L2 Loss :  0.07627775986511261
Epoch :  42  Epoch time :  505.253337528  Train L2 Loss :  0.07580521513037383
Epoch :  43  Epoch time :  503.2668131110004  Train L2 Loss :  0.0755519753843546
Epoch :  44  Epoch time :  501.8384153590014  Train L2 Loss :  0.07514484433345496
Epoch :  45  Epoch time :  500.3042683599997  Train L2 Loss :  0.07479053887426854
Epoch :  46  Epoch time :  498.17479869900126  Train L2 Loss :  0.0744278156299144
Epoch :  47  Epoch time :  497.0683636319991  Train L2 Loss :  0.07421378689091652
Epoch :  48  Epoch time :  496.77873603899934  Train L2 Loss :  0.07396535194572061
Epoch :  49  Epoch time :  496.71763104599813  Train L2 Loss :  0.07367159641142934
Epoch :  50  Epoch time :  496.16027683300126  Train L2 Loss :  0.07333509630523621
Epoch :  51  Epoch time :  494.9558385090022  Train L2 Loss :  0.07308810479771345
Epoch :  52  Epoch time :  495.65626847599924  Train L2 Loss :  0.07286063255816698
Epoch :  53  Epoch time :  496.479833505  Train L2 Loss :  0.07279034797288478
Epoch :  54  Epoch time :  498.75199207400146  Train L2 Loss :  0.07282335339412094
Epoch :  55  Epoch time :  501.68728689699856  Train L2 Loss :  0.07226299446634948
Epoch :  56  Epoch time :  503.48199985999963  Train L2 Loss :  0.07214432597383857
Epoch :  57  Epoch time :  505.4240157139975  Train L2 Loss :  0.07180636243894696
Epoch :  58  Epoch time :  508.03178726400074  Train L2 Loss :  0.07142476205565035
Epoch :  59  Epoch time :  512.1053774930006  Train L2 Loss :  0.07110076937638223
Epoch :  60  Epoch time :  516.4622588540005  Train L2 Loss :  0.0706336313571781
Epoch :  61  Epoch time :  521.1424035330019  Train L2 Loss :  0.07045900468137115
Epoch :  62  Epoch time :  528.0943363129991  Train L2 Loss :  0.07020068891011179
Epoch :  63  Epoch time :  535.6700963749972  Train L2 Loss :  0.06994687554836274
Epoch :  64  Epoch time :  543.7596836149969  Train L2 Loss :  0.07002040405459702
Epoch :  65  Epoch time :  539.6071871770037  Train L2 Loss :  0.06956482101064175
Epoch :  66  Epoch time :  444.140166338002  Train L2 Loss :  0.06960029661767185
Epoch :  67  Epoch time :  442.84295996199944  Train L2 Loss :  0.0693066544957459
Epoch :  68  Epoch time :  456.32672629599983  Train L2 Loss :  0.06928314852491022
Epoch :  69  Epoch time :  472.8270684060044  Train L2 Loss :  0.06880896805841476
Epoch :  70  Epoch time :  497.1706209080003  Train L2 Loss :  0.0690648970734328
Epoch :  71  Epoch time :  459.2640370109948  Train L2 Loss :  0.06838019212670625
Epoch :  72  Epoch time :  450.80757516800077  Train L2 Loss :  0.06823352244254202
Epoch :  73  Epoch time :  443.3154267149948  Train L2 Loss :  0.06803981251958757
Epoch :  74  Epoch time :  521.0867598709956  Train L2 Loss :  0.06772000064142049
Epoch :  75  Epoch time :  466.977185845004  Train L2 Loss :  0.06744115967974067
Epoch :  76  Epoch time :  486.89307247900433  Train L2 Loss :  0.06755130049288273
Epoch :  77  Epoch time :  462.3612579219989  Train L2 Loss :  0.06718307955414057
Epoch :  78  Epoch time :  456.4354804620016  Train L2 Loss :  0.06699142612423747
Epoch :  79  Epoch time :  445.6458988020022  Train L2 Loss :  0.06693356058448553
Epoch :  80  Epoch time :  445.43385801399563  Train L2 Loss :  0.06679611361324787
Epoch :  81  Epoch time :  445.08247574300185  Train L2 Loss :  0.06689585276637226
Epoch :  82  Epoch time :  450.9372409620046  Train L2 Loss :  0.06651784457266331
Epoch :  83  Epoch time :  461.35583488499833  Train L2 Loss :  0.06636937602609395
Epoch :  84  Epoch time :  461.4419119890008  Train L2 Loss :  0.06628434444405139
Epoch :  85  Epoch time :  459.8641571180051  Train L2 Loss :  0.06615985808707774
Epoch :  86  Epoch time :  461.960561797001  Train L2 Loss :  0.06600504664126784
Epoch :  87  Epoch time :  466.99500421400444  Train L2 Loss :  0.06575568824019283
Epoch :  88  Epoch time :  485.56086172200594  Train L2 Loss :  0.06564462858159095
Epoch :  89  Epoch time :  453.6394024550027  Train L2 Loss :  0.0650479510590434
Epoch :  90  Epoch time :  447.80479633500363  Train L2 Loss :  0.06482295209243893
Epoch :  91  Epoch time :  448.13522119999834  Train L2 Loss :  0.06483306722566486
Epoch :  92  Epoch time :  446.8191418830029  Train L2 Loss :  0.06465847707390786
Epoch :  93  Epoch time :  453.24238123200485  Train L2 Loss :  0.06460463077165186
Epoch :  94  Epoch time :  485.4122628269979  Train L2 Loss :  0.0646612538896501
Epoch :  95  Epoch time :  463.8134228209965  Train L2 Loss :  0.0642277631195262
Epoch :  96  Epoch time :  464.0955351690063  Train L2 Loss :  0.06386306468676775
Epoch :  97  Epoch time :  455.4143729970019  Train L2 Loss :  0.06338528836779296
Epoch :  98  Epoch time :  449.5463975849998  Train L2 Loss :  0.06298844815343618
Epoch :  99  Epoch time :  498.8405554009951  Train L2 Loss :  0.06255048206411302
Epoch :  100  Epoch time :  519.9700645169942  Train L2 Loss :  0.053575497992150486
Epoch :  101  Epoch time :  519.9177290439984  Train L2 Loss :  0.053358668791875244
Epoch :  102  Epoch time :  519.6545633220012  Train L2 Loss :  0.052983141284249725
Epoch :  103  Epoch time :  518.5940381479959  Train L2 Loss :  0.05271666773743928
Epoch :  104  Epoch time :  519.8622568549981  Train L2 Loss :  0.05252619426492602
Epoch :  105  Epoch time :  519.194143875  Train L2 Loss :  0.0523728669565171
Epoch :  106  Epoch time :  519.2886878130012  Train L2 Loss :  0.052095745435729625
Epoch :  107  Epoch time :  547.8345436669988  Train L2 Loss :  0.05185585069479421
Epoch :  108  Epoch time :  519.7449845590018  Train L2 Loss :  0.05167258255463093
Epoch :  109  Epoch time :  539.8063298979978  Train L2 Loss :  0.05145868694875389
Epoch :  110  Epoch time :  520.6514063709983  Train L2 Loss :  0.05132335980450734
Epoch :  111  Epoch time :  519.5211290470033  Train L2 Loss :  0.05121114622540772
Epoch :  112  Epoch time :  493.85408490400005  Train L2 Loss :  0.05111837021708489
Epoch :  113  Epoch time :  493.01885267000034  Train L2 Loss :  0.05098499380834401
Epoch :  114  Epoch time :  495.02173159000085  Train L2 Loss :  0.050894118082150816
Epoch :  115  Epoch time :  494.49544339699787  Train L2 Loss :  0.05077876879535616
Epoch :  116  Epoch time :  493.99416418899636  Train L2 Loss :  0.050641088800784204
Epoch :  117  Epoch time :  495.78670666999824  Train L2 Loss :  0.05052042145207524
Epoch :  118  Epoch time :  495.7461465909946  Train L2 Loss :  0.050461642515659336
Epoch :  119  Epoch time :  496.5152883769988  Train L2 Loss :  0.05031815163269639
Epoch :  120  Epoch time :  499.2161144479978  Train L2 Loss :  0.05023200384993106
Epoch :  121  Epoch time :  498.38782474899926  Train L2 Loss :  0.05015464235059917
Epoch :  122  Epoch time :  497.4893489590031  Train L2 Loss :  0.049966915401257576
Epoch :  123  Epoch time :  498.84973297599936  Train L2 Loss :  0.049943825234752146
Epoch :  124  Epoch time :  497.0057881019966  Train L2 Loss :  0.049757037254050375
Epoch :  125  Epoch time :  500.1536215669985  Train L2 Loss :  0.04945717557519674
Epoch :  126  Epoch time :  525.8914101080009  Train L2 Loss :  0.049357827735319736
Epoch :  127  Epoch time :  499.0136498770007  Train L2 Loss :  0.04924512956999242
Epoch :  128  Epoch time :  526.9543317579955  Train L2 Loss :  0.04912702618446201
Epoch :  129  Epoch time :  497.81408232199465  Train L2 Loss :  0.04904992569684982
Epoch :  130  Epoch time :  497.4413002469955  Train L2 Loss :  0.048956412663310765
Epoch :  131  Epoch time :  497.3876349600032  Train L2 Loss :  0.04884935584589839
Epoch :  132  Epoch time :  498.16757179900014  Train L2 Loss :  0.04862946301614866
Epoch :  133  Epoch time :  497.9843315540056  Train L2 Loss :  0.04846483666356653
Epoch :  134  Epoch time :  498.42667272200924  Train L2 Loss :  0.04832399735748768
Epoch :  135  Epoch time :  528.5277601120033  Train L2 Loss :  0.04825220500668511
Epoch :  136  Epoch time :  499.9461731379997  Train L2 Loss :  0.0480893629447557
Epoch :  137  Epoch time :  500.54451317600615  Train L2 Loss :  0.04789363714717328
Epoch :  138  Epoch time :  500.39251917299407  Train L2 Loss :  0.04774461529431864
Epoch :  139  Epoch time :  501.1342297719966  Train L2 Loss :  0.047633860636502504
Epoch :  140  Epoch time :  501.64179930099635  Train L2 Loss :  0.04754663422387093
Epoch :  141  Epoch time :  502.2528176600026  Train L2 Loss :  0.04744786502728239
Epoch :  142  Epoch time :  502.7834929899982  Train L2 Loss :  0.04737087968848646
Epoch :  143  Epoch time :  494.98552750800445  Train L2 Loss :  0.04722415960431099
Epoch :  144  Epoch time :  488.1347484029975  Train L2 Loss :  0.047181317106448115
Epoch :  145  Epoch time :  490.2986541400023  Train L2 Loss :  0.04713663775399327
Epoch :  146  Epoch time :  488.0547148090118  Train L2 Loss :  0.04703852876760065
Epoch :  147  Epoch time :  484.4683138160035  Train L2 Loss :  0.04685361226350069
Epoch :  148  Epoch time :  484.5264329769998  Train L2 Loss :  0.04674026039484888
Epoch :  149  Epoch time :  483.07962952399976  Train L2 Loss :  0.046578230084106324
Epoch :  150  Epoch time :  485.40206328299246  Train L2 Loss :  0.046516403590794654
Epoch :  151  Epoch time :  485.78065867700207  Train L2 Loss :  0.04640816846974194
Epoch :  152  Epoch time :  486.3134819380066  Train L2 Loss :  0.04633431902779266
Epoch :  153  Epoch time :  484.2485973830044  Train L2 Loss :  0.046135135986749086
Epoch :  154  Epoch time :  484.59873408600106  Train L2 Loss :  0.04608913107756525
Epoch :  155  Epoch time :  486.99843242899806  Train L2 Loss :  0.04592576294997707
Epoch :  156  Epoch time :  487.5591630629933  Train L2 Loss :  0.045846266732551155
Epoch :  157  Epoch time :  484.84271124299266  Train L2 Loss :  0.04574523348882795
Epoch :  158  Epoch time :  487.0918936919916  Train L2 Loss :  0.04569082353208214
Epoch :  159  Epoch time :  485.92286337800033  Train L2 Loss :  0.04562374198324978
Epoch :  160  Epoch time :  485.90923131999443  Train L2 Loss :  0.045534956330806016
Epoch :  161  Epoch time :  486.86147905701364  Train L2 Loss :  0.04544724647644907
Epoch :  162  Epoch time :  487.919924767004  Train L2 Loss :  0.04538523774929345
Epoch :  163  Epoch time :  514.7423196780001  Train L2 Loss :  0.04527998012453318
Epoch :  164  Epoch time :  488.47037317199283  Train L2 Loss :  0.04525484123639762
Epoch :  165  Epoch time :  488.4407948349981  Train L2 Loss :  0.045112380130589005
Epoch :  166  Epoch time :  487.35961705500085  Train L2 Loss :  0.04479225790463388
Epoch :  167  Epoch time :  486.7729037579993  Train L2 Loss :  0.044696020574867726
Epoch :  168  Epoch time :  487.4027888440032  Train L2 Loss :  0.04458408406972885
Epoch :  169  Epoch time :  486.33824205699784  Train L2 Loss :  0.04444195030275732
Epoch :  170  Epoch time :  488.37417825900775  Train L2 Loss :  0.044271486605890094
Epoch :  171  Epoch time :  487.3454473830061  Train L2 Loss :  0.04396107550021261
Epoch :  172  Epoch time :  488.8066290010029  Train L2 Loss :  0.04375559567846358
Epoch :  173  Epoch time :  490.61788519399124  Train L2 Loss :  0.043645262466557325
Epoch :  174  Epoch time :  488.2220610390068  Train L2 Loss :  0.043515043082460764
Epoch :  175  Epoch time :  489.8478929499979  Train L2 Loss :  0.04338653425890952
Epoch :  176  Epoch time :  490.3730523609993  Train L2 Loss :  0.04335640785517171
Epoch :  177  Epoch time :  490.339657368997  Train L2 Loss :  0.04323585043074563
Epoch :  178  Epoch time :  492.0388756570028  Train L2 Loss :  0.04309630111372098
Epoch :  179  Epoch time :  491.9082877559995  Train L2 Loss :  0.04295918974308297
Epoch :  180  Epoch time :  491.9774905020022  Train L2 Loss :  0.0428661513261497
Epoch :  181  Epoch time :  491.29540722099773  Train L2 Loss :  0.04271139696296304
Epoch :  182  Epoch time :  489.0304304070014  Train L2 Loss :  0.042612685884255916
Epoch :  183  Epoch time :  486.2757628959953  Train L2 Loss :  0.04245035793390125
Epoch :  184  Epoch time :  487.5167158670083  Train L2 Loss :  0.042387692503631114
Epoch :  185  Epoch time :  487.65154974500183  Train L2 Loss :  0.04220111816339195
Epoch :  186  Epoch time :  486.39497127301  Train L2 Loss :  0.042047117625549434
Epoch :  187  Epoch time :  486.1930745100108  Train L2 Loss :  0.041871492766961456
Epoch :  188  Epoch time :  485.7559003679926  Train L2 Loss :  0.04185574309164658
Epoch :  189  Epoch time :  486.52482501399936  Train L2 Loss :  0.041694073205348105
Epoch :  190  Epoch time :  486.57042788300896  Train L2 Loss :  0.04160772542897612
Epoch :  191  Epoch time :  485.990021916994  Train L2 Loss :  0.04151903449371457
Epoch :  192  Epoch time :  486.93439362999925  Train L2 Loss :  0.041462926998734474
Epoch :  193  Epoch time :  486.4926644629886  Train L2 Loss :  0.041352029265556485
Epoch :  194  Epoch time :  487.5003201840009  Train L2 Loss :  0.04129649425111711
Epoch :  195  Epoch time :  486.10352393200446  Train L2 Loss :  0.041166971618682144
Epoch :  196  Epoch time :  486.86670197300555  Train L2 Loss :  0.0410714384643361
Epoch :  197  Epoch time :  488.3676340910024  Train L2 Loss :  0.04100180185213685
Epoch :  198  Epoch time :  488.61251909799466  Train L2 Loss :  0.04083224375275895
Epoch :  199  Epoch time :  442.4040805780096  Train L2 Loss :  0.040559445584286
Total time is : 94586.300091645 Total epoch is  200
