Input dim :  103  output dim :  1
Start training 
46465
Epoch :  0  Epoch time :  417.4031702099992  Train L2 Loss :  1.3525639393031597
Epoch :  1  Epoch time :  416.7186547709998  Train L2 Loss :  0.7654615358024836
Epoch :  2  Epoch time :  421.1711942309994  Train L2 Loss :  0.4683346979960799
Epoch :  3  Epoch time :  422.3285288719999  Train L2 Loss :  0.3274961090952158
Epoch :  4  Epoch time :  423.9646924200006  Train L2 Loss :  0.27491414626687766
Epoch :  5  Epoch time :  411.2560772430006  Train L2 Loss :  0.2434994566567242
Epoch :  6  Epoch time :  411.1721201779992  Train L2 Loss :  0.21924800371080638
Epoch :  7  Epoch time :  428.01541466599883  Train L2 Loss :  0.20011283046230674
Epoch :  8  Epoch time :  430.4496935260013  Train L2 Loss :  0.18757883833535016
Epoch :  9  Epoch time :  430.4784854539994  Train L2 Loss :  0.17835337795317174
Epoch :  10  Epoch time :  435.47427566699844  Train L2 Loss :  0.17084151284098625
Epoch :  11  Epoch time :  436.32411550100005  Train L2 Loss :  0.16395067749023437
Epoch :  12  Epoch time :  439.5173836469985  Train L2 Loss :  0.15654410394355656
Epoch :  13  Epoch time :  438.6824101630009  Train L2 Loss :  0.1511474012684077
Epoch :  14  Epoch time :  442.1420195890005  Train L2 Loss :  0.1468771958298981
Epoch :  15  Epoch time :  441.9164457320003  Train L2 Loss :  0.1429688822813332
Epoch :  16  Epoch time :  443.0119812280009  Train L2 Loss :  0.13907382888570427
Epoch :  17  Epoch time :  444.4616497929983  Train L2 Loss :  0.13546815039366483
Epoch :  18  Epoch time :  444.45637840900054  Train L2 Loss :  0.1323407749645412
Epoch :  19  Epoch time :  447.2109756450009  Train L2 Loss :  0.12947113142721356
Epoch :  20  Epoch time :  445.99359201100015  Train L2 Loss :  0.12655089023262261
Epoch :  21  Epoch time :  451.10590430499906  Train L2 Loss :  0.12440090056285262
Epoch :  22  Epoch time :  452.70474556999943  Train L2 Loss :  0.12239385590106248
Epoch :  23  Epoch time :  452.204896751  Train L2 Loss :  0.12003400639407337
Epoch :  24  Epoch time :  455.00117506900096  Train L2 Loss :  0.11747104089483619
Epoch :  25  Epoch time :  457.0203722660008  Train L2 Loss :  0.1148669451970607
Epoch :  26  Epoch time :  457.4671192070018  Train L2 Loss :  0.11229331478103996
Epoch :  27  Epoch time :  456.4499713410005  Train L2 Loss :  0.11048423066362739
Epoch :  28  Epoch time :  452.2759251309981  Train L2 Loss :  0.10922467724103481
Epoch :  29  Epoch time :  453.8857829519984  Train L2 Loss :  0.10760328616797923
Epoch :  30  Epoch time :  454.836960892997  Train L2 Loss :  0.10629494384378195
Epoch :  31  Epoch time :  457.4579998139998  Train L2 Loss :  0.10520558038912714
Epoch :  32  Epoch time :  458.2489750090026  Train L2 Loss :  0.10406839614585042
Epoch :  33  Epoch time :  458.81673350300116  Train L2 Loss :  0.1030495705679059
Epoch :  34  Epoch time :  461.991201285  Train L2 Loss :  0.10182169477958232
Epoch :  35  Epoch time :  461.8717455170008  Train L2 Loss :  0.10088263863399625
Epoch :  36  Epoch time :  485.30291192799996  Train L2 Loss :  0.10008204765953124
Epoch :  37  Epoch time :  538.029140994  Train L2 Loss :  0.09870208688825369
Epoch :  38  Epoch time :  539.1594918749979  Train L2 Loss :  0.09803620771281421
Epoch :  39  Epoch time :  537.7595841570001  Train L2 Loss :  0.09697894958741964
Epoch :  40  Epoch time :  537.0569827930012  Train L2 Loss :  0.09620519810952247
Epoch :  41  Epoch time :  535.1108126489999  Train L2 Loss :  0.0958102423062548
Epoch :  42  Epoch time :  531.9889400130014  Train L2 Loss :  0.09490611913762986
Epoch :  43  Epoch time :  528.4298746730019  Train L2 Loss :  0.09420025811288506
Epoch :  44  Epoch time :  529.7621816669998  Train L2 Loss :  0.09367482289001346
Epoch :  45  Epoch time :  531.9517181409974  Train L2 Loss :  0.09336422993615269
Epoch :  46  Epoch time :  533.0441696350026  Train L2 Loss :  0.09261565904095768
Epoch :  47  Epoch time :  533.5578859009984  Train L2 Loss :  0.09207922786660493
Epoch :  48  Epoch time :  529.6691620199999  Train L2 Loss :  0.0913129809077829
Epoch :  49  Epoch time :  532.3984168520001  Train L2 Loss :  0.09071988393887878
Epoch :  50  Epoch time :  534.2082204510007  Train L2 Loss :  0.09019228515643626
Epoch :  51  Epoch time :  535.9474430039991  Train L2 Loss :  0.08972650653906167
Epoch :  52  Epoch time :  537.0456382359989  Train L2 Loss :  0.08940924422889948
Epoch :  53  Epoch time :  539.9123620080027  Train L2 Loss :  0.08889043167196214
Epoch :  54  Epoch time :  543.1243260180017  Train L2 Loss :  0.08809000570178031
Epoch :  55  Epoch time :  547.9520041110009  Train L2 Loss :  0.08798770770281553
Epoch :  56  Epoch time :  554.7754513709988  Train L2 Loss :  0.08724794563055038
Epoch :  57  Epoch time :  564.7261191230027  Train L2 Loss :  0.086634261087887
Epoch :  58  Epoch time :  570.0539110789978  Train L2 Loss :  0.08585426763053984
Epoch :  59  Epoch time :  576.7051426570033  Train L2 Loss :  0.08526226713266223
Epoch :  60  Epoch time :  551.9730957720021  Train L2 Loss :  0.08481585402693599
Epoch :  61  Epoch time :  473.14938865300064  Train L2 Loss :  0.08424114349335432
Epoch :  62  Epoch time :  474.0463538699987  Train L2 Loss :  0.08393877709973603
Epoch :  63  Epoch time :  490.4857297819981  Train L2 Loss :  0.08356477917060257
Epoch :  64  Epoch time :  537.7853876730005  Train L2 Loss :  0.08304054049402475
Epoch :  65  Epoch time :  490.71406707500137  Train L2 Loss :  0.08299304175712169
Epoch :  66  Epoch time :  487.1620342710012  Train L2 Loss :  0.08258270633332432
Epoch :  67  Epoch time :  471.9216095360025  Train L2 Loss :  0.08223927640821785
Epoch :  68  Epoch time :  523.7506632250006  Train L2 Loss :  0.08191415046341717
Epoch :  69  Epoch time :  514.1841069119982  Train L2 Loss :  0.08165201958976687
Epoch :  70  Epoch time :  490.42108548800024  Train L2 Loss :  0.08117384623475372
Epoch :  71  Epoch time :  490.8827718440007  Train L2 Loss :  0.08117860144004226
Epoch :  72  Epoch time :  486.0112095259974  Train L2 Loss :  0.0804388159096241
Epoch :  73  Epoch time :  475.0324510709979  Train L2 Loss :  0.08018746130988001
Epoch :  74  Epoch time :  474.81989662699925  Train L2 Loss :  0.07966829844228923
Epoch :  75  Epoch time :  475.3966918090009  Train L2 Loss :  0.07928193620909005
Epoch :  76  Epoch time :  486.76834053000493  Train L2 Loss :  0.07886141846217215
Epoch :  77  Epoch time :  494.5719969999991  Train L2 Loss :  0.07868310753144324
Epoch :  78  Epoch time :  493.80862751899986  Train L2 Loss :  0.07833102133609354
Epoch :  79  Epoch time :  494.2942081040019  Train L2 Loss :  0.07797764657791705
Epoch :  80  Epoch time :  499.1435196530001  Train L2 Loss :  0.07787287068590522
Epoch :  81  Epoch time :  494.5953257509973  Train L2 Loss :  0.07753519966863096
Epoch :  82  Epoch time :  490.8573656880035  Train L2 Loss :  0.07731737243272364
Epoch :  83  Epoch time :  474.15960045599786  Train L2 Loss :  0.07716903790105134
Epoch :  84  Epoch time :  471.40129494600114  Train L2 Loss :  0.07694162053875625
Epoch :  85  Epoch time :  471.5393372660037  Train L2 Loss :  0.0766831653226167
Epoch :  86  Epoch time :  473.93179402499663  Train L2 Loss :  0.07631984275132418
Epoch :  87  Epoch time :  489.98497897400375  Train L2 Loss :  0.07627544814758003
Epoch :  88  Epoch time :  489.7463189560003  Train L2 Loss :  0.07619714025706052
Epoch :  89  Epoch time :  492.4134382429984  Train L2 Loss :  0.07568634581789374
Epoch :  90  Epoch time :  483.47291277000477  Train L2 Loss :  0.07547907631732523
Epoch :  91  Epoch time :  474.7099517549941  Train L2 Loss :  0.07540559916179627
Epoch :  92  Epoch time :  504.5899299320008  Train L2 Loss :  0.07505760900750756
Epoch :  93  Epoch time :  547.9184496019952  Train L2 Loss :  0.0747462621929124
Epoch :  94  Epoch time :  548.595031652003  Train L2 Loss :  0.07465400668233634
Epoch :  95  Epoch time :  548.3907724059973  Train L2 Loss :  0.07449322119113058
Epoch :  96  Epoch time :  548.3838450420008  Train L2 Loss :  0.07419218360409141
Epoch :  97  Epoch time :  549.8446180620012  Train L2 Loss :  0.07402948030009866
Epoch :  98  Epoch time :  549.2915862869995  Train L2 Loss :  0.07375919297840446
Epoch :  99  Epoch time :  549.295398495  Train L2 Loss :  0.07366843235306442
Epoch :  100  Epoch time :  548.4545012329982  Train L2 Loss :  0.06310848486516625
Epoch :  101  Epoch time :  548.8815484770021  Train L2 Loss :  0.06301675557587295
Epoch :  102  Epoch time :  549.0319212600007  Train L2 Loss :  0.0627600973084569
Epoch :  103  Epoch time :  551.658255383998  Train L2 Loss :  0.06253277806956321
Epoch :  104  Epoch time :  551.4818586410038  Train L2 Loss :  0.06235882759410888
Epoch :  105  Epoch time :  551.9336500759964  Train L2 Loss :  0.06215810279157013
Epoch :  106  Epoch time :  552.0757674190027  Train L2 Loss :  0.06207304402571172
Epoch :  107  Epoch time :  553.2440558210001  Train L2 Loss :  0.061891044349968435
Epoch :  108  Epoch time :  552.9476212070003  Train L2 Loss :  0.06181491123177111
Epoch :  109  Epoch time :  553.939205501003  Train L2 Loss :  0.06175684368219227
Epoch :  110  Epoch time :  547.8328418599995  Train L2 Loss :  0.06160904858130962
Epoch :  111  Epoch time :  547.4585153410007  Train L2 Loss :  0.061571615694090726
Epoch :  112  Epoch time :  548.2570409499967  Train L2 Loss :  0.06142998248767108
Epoch :  113  Epoch time :  548.6427173199991  Train L2 Loss :  0.061344934681802986
Epoch :  114  Epoch time :  549.2565417040023  Train L2 Loss :  0.06131410120949149
Epoch :  115  Epoch time :  547.9219099760012  Train L2 Loss :  0.06117930729296058
Epoch :  116  Epoch time :  552.4638086029954  Train L2 Loss :  0.06105713708102703
Epoch :  117  Epoch time :  549.5905844709996  Train L2 Loss :  0.06107133343778551
Epoch :  118  Epoch time :  550.3517611800053  Train L2 Loss :  0.06093307617343962
Epoch :  119  Epoch time :  548.974539775998  Train L2 Loss :  0.060964411572366956
Epoch :  120  Epoch time :  551.5181910980027  Train L2 Loss :  0.060815637921355664
Epoch :  121  Epoch time :  550.2416173460078  Train L2 Loss :  0.06079258027076721
Epoch :  122  Epoch time :  549.3924776359927  Train L2 Loss :  0.060648087423294784
Epoch :  123  Epoch time :  550.6053650059912  Train L2 Loss :  0.060658496722765264
Epoch :  124  Epoch time :  551.6401729569916  Train L2 Loss :  0.060552264693193136
Epoch :  125  Epoch time :  550.770376408007  Train L2 Loss :  0.06042553283330053
Epoch :  126  Epoch time :  551.040276692991  Train L2 Loss :  0.06049093481637537
Epoch :  127  Epoch time :  551.1942476330005  Train L2 Loss :  0.06030873979441822
Epoch :  128  Epoch time :  552.2369522849913  Train L2 Loss :  0.060356562646664676
Epoch :  129  Epoch time :  550.4705606729985  Train L2 Loss :  0.06030881606526673
Epoch :  130  Epoch time :  552.1808502680069  Train L2 Loss :  0.060162766662240026
Epoch :  131  Epoch time :  551.9417040770059  Train L2 Loss :  0.06016787444241345
Epoch :  132  Epoch time :  553.1821275529946  Train L2 Loss :  0.060037642658874395
Epoch :  133  Epoch time :  538.8140182569914  Train L2 Loss :  0.06006644813362509
Epoch :  134  Epoch time :  539.581369417996  Train L2 Loss :  0.05998211085014045
Epoch :  135  Epoch time :  537.1608937349956  Train L2 Loss :  0.05989456709064543
Epoch :  136  Epoch time :  539.1566044850042  Train L2 Loss :  0.059907104424387216
Epoch :  137  Epoch time :  540.6352971259912  Train L2 Loss :  0.059724025323614476
Epoch :  138  Epoch time :  536.6928951279988  Train L2 Loss :  0.05960466099642217
Epoch :  139  Epoch time :  535.1946236189979  Train L2 Loss :  0.05944634129106999
Epoch :  140  Epoch time :  535.3797494280007  Train L2 Loss :  0.05937797690872103
Epoch :  141  Epoch time :  536.3779566840094  Train L2 Loss :  0.05921839404292405
Epoch :  142  Epoch time :  535.4196906830039  Train L2 Loss :  0.059215029284358026
Epoch :  143  Epoch time :  535.3538487999904  Train L2 Loss :  0.05905033668484539
Epoch :  144  Epoch time :  538.1311071670061  Train L2 Loss :  0.058841557709872726
Epoch :  145  Epoch time :  537.3425058220018  Train L2 Loss :  0.058861901292949916
Epoch :  146  Epoch time :  538.996743990996  Train L2 Loss :  0.05865027555152774
Epoch :  147  Epoch time :  537.4344486600021  Train L2 Loss :  0.05866544200852513
Epoch :  148  Epoch time :  537.2985614759964  Train L2 Loss :  0.0585583532448858
Epoch :  149  Epoch time :  537.5043510769901  Train L2 Loss :  0.058519017028808594
Epoch :  150  Epoch time :  538.770178204999  Train L2 Loss :  0.05841279384978115
Epoch :  151  Epoch time :  537.8725027110049  Train L2 Loss :  0.058330855323001744
Epoch :  152  Epoch time :  539.4062372769986  Train L2 Loss :  0.05813935715444386
Epoch :  153  Epoch time :  538.4486358459981  Train L2 Loss :  0.05797460815757513
Epoch :  154  Epoch time :  539.2774129830068  Train L2 Loss :  0.057908312853612004
Epoch :  155  Epoch time :  539.5101538619929  Train L2 Loss :  0.05779264560453594
Epoch :  156  Epoch time :  539.4563511320011  Train L2 Loss :  0.05761561165712774
Epoch :  157  Epoch time :  539.460078285003  Train L2 Loss :  0.057615695711225275
Epoch :  158  Epoch time :  540.2549071190006  Train L2 Loss :  0.05740043607391417
Epoch :  159  Epoch time :  539.2879297609907  Train L2 Loss :  0.05725427927300334
Epoch :  160  Epoch time :  541.3706176229898  Train L2 Loss :  0.057171430340968075
Epoch :  161  Epoch time :  540.1871207479999  Train L2 Loss :  0.057045188278332354
Epoch :  162  Epoch time :  541.0176887349953  Train L2 Loss :  0.056924391548708084
Epoch :  163  Epoch time :  540.933662128009  Train L2 Loss :  0.05670165788829327
Epoch :  164  Epoch time :  542.1724106030015  Train L2 Loss :  0.05661977901905775
Epoch :  165  Epoch time :  541.7489532119944  Train L2 Loss :  0.05650473688580096
Epoch :  166  Epoch time :  542.7874081269983  Train L2 Loss :  0.05641152777578682
Epoch :  167  Epoch time :  541.9618701409927  Train L2 Loss :  0.056235453238524497
Epoch :  168  Epoch time :  543.6782389610016  Train L2 Loss :  0.05623805948495865
Epoch :  169  Epoch time :  543.9227660389879  Train L2 Loss :  0.05612028314247727
Epoch :  170  Epoch time :  544.7243981530046  Train L2 Loss :  0.05608974050953984
Epoch :  171  Epoch time :  544.1415987079963  Train L2 Loss :  0.056090904702804985
Epoch :  172  Epoch time :  544.6045622889942  Train L2 Loss :  0.05591395595129579
Epoch :  173  Epoch time :  543.6774958020105  Train L2 Loss :  0.05589350525662303
Epoch :  174  Epoch time :  544.3690270730003  Train L2 Loss :  0.05581901713386178
Epoch :  175  Epoch time :  543.8902586210024  Train L2 Loss :  0.05570011186264456
Epoch :  176  Epoch time :  544.6292079839914  Train L2 Loss :  0.055624193367734553
Epoch :  177  Epoch time :  544.666741781999  Train L2 Loss :  0.05556216854602099
Epoch :  178  Epoch time :  544.5089732810011  Train L2 Loss :  0.05547166151683777
Epoch :  179  Epoch time :  547.4859666420089  Train L2 Loss :  0.05540346691627055
Epoch :  180  Epoch time :  544.7183632140077  Train L2 Loss :  0.05532046080082655
Epoch :  181  Epoch time :  538.6910856169998  Train L2 Loss :  0.05525104748085141
Epoch :  182  Epoch time :  537.8354503579903  Train L2 Loss :  0.05518287546243519
Epoch :  183  Epoch time :  494.4502378820034  Train L2 Loss :  0.05509825581535697
Epoch :  184  Epoch time :  439.5859011410066  Train L2 Loss :  0.05500178722552955
Epoch :  185  Epoch time :  420.6747914979933  Train L2 Loss :  0.05491901321820915
Epoch :  186  Epoch time :  420.7910031240026  Train L2 Loss :  0.054867502305284144
Epoch :  187  Epoch time :  421.0524254310003  Train L2 Loss :  0.05482616949556395
Epoch :  188  Epoch time :  421.5631895800034  Train L2 Loss :  0.0547579595381394
Epoch :  189  Epoch time :  421.6168163149996  Train L2 Loss :  0.054758306618593634
Epoch :  190  Epoch time :  421.8891109260003  Train L2 Loss :  0.05461730946786702
Epoch :  191  Epoch time :  422.03919263499847  Train L2 Loss :  0.05455529574342072
Epoch :  192  Epoch time :  422.75786731801054  Train L2 Loss :  0.054456450701225546
Epoch :  193  Epoch time :  422.8508584049996  Train L2 Loss :  0.054305933082289995
Epoch :  194  Epoch time :  423.33208897600707  Train L2 Loss :  0.05418392271902412
Epoch :  195  Epoch time :  423.52626605299884  Train L2 Loss :  0.05403779332842678
Epoch :  196  Epoch time :  424.4562970230036  Train L2 Loss :  0.05395223578866571
Epoch :  197  Epoch time :  424.11704490100965  Train L2 Loss :  0.0539352276340127
Epoch :  198  Epoch time :  424.81863384100143  Train L2 Loss :  0.053900484452024104
Epoch :  199  Epoch time :  424.81452435601386  Train L2 Loss :  0.05388430405408144
Total time is : 101333.10100057701 Total epoch is  200
