Input dim :  103  output dim :  1
Start training 
2225
Epoch :  0  Epoch time :  37.99884095700054  Train L2 Loss :  1.3865720379428985
Epoch :  1  Epoch time :  37.804201537000154  Train L2 Loss :  1.3862917316265595
Epoch :  2  Epoch time :  37.875896811999155  Train L2 Loss :  1.3861780957533762
Epoch :  3  Epoch time :  38.08230473100048  Train L2 Loss :  1.3860300725851304
Epoch :  4  Epoch time :  37.9060860440004  Train L2 Loss :  1.384704841253085
Epoch :  5  Epoch time :  38.02820419700038  Train L2 Loss :  1.3798218864278915
Epoch :  6  Epoch time :  38.13555918200018  Train L2 Loss :  1.3585107895808342
Epoch :  7  Epoch time :  38.14167142699989  Train L2 Loss :  1.3145089829579377
Epoch :  8  Epoch time :  38.308944737000274  Train L2 Loss :  1.2445029268662136
Epoch :  9  Epoch time :  38.381812984000135  Train L2 Loss :  1.1776848448774753
Epoch :  10  Epoch time :  38.11600820100011  Train L2 Loss :  1.1245947315906868
Epoch :  11  Epoch time :  38.533523306999996  Train L2 Loss :  1.0896267600548573
Epoch :  12  Epoch time :  38.36574832599945  Train L2 Loss :  1.072081982325285
Epoch :  13  Epoch time :  38.42318110499946  Train L2 Loss :  1.0602227572638254
Epoch :  14  Epoch time :  38.600975540000036  Train L2 Loss :  1.0461058148588889
Epoch :  15  Epoch time :  38.46055337500002  Train L2 Loss :  1.030300656763407
Epoch :  16  Epoch time :  38.541571300000214  Train L2 Loss :  1.0146550056643975
Epoch :  17  Epoch time :  38.711492965000616  Train L2 Loss :  1.004286282433149
Epoch :  18  Epoch time :  38.9204900120003  Train L2 Loss :  0.995798453497581
Epoch :  19  Epoch time :  38.938306932999694  Train L2 Loss :  0.971266935651119
Epoch :  20  Epoch time :  38.93608746299924  Train L2 Loss :  0.9521025733496898
Epoch :  21  Epoch time :  38.970707174999916  Train L2 Loss :  0.940708443426933
Epoch :  22  Epoch time :  39.05181928999991  Train L2 Loss :  0.9340398990764067
Epoch :  23  Epoch time :  39.09656808999989  Train L2 Loss :  0.9250886613168777
Epoch :  24  Epoch time :  39.244022017000134  Train L2 Loss :  0.9172994483930942
Epoch :  25  Epoch time :  39.116099370000484  Train L2 Loss :  0.9112056885392238
Epoch :  26  Epoch time :  39.14964475299985  Train L2 Loss :  0.9060360309787285
Epoch :  27  Epoch time :  39.35146514600001  Train L2 Loss :  0.9014555681019257
Epoch :  28  Epoch time :  39.44977373100028  Train L2 Loss :  0.8981685084410203
Epoch :  29  Epoch time :  39.30725635899944  Train L2 Loss :  0.8954841442024096
Epoch :  30  Epoch time :  39.338841194999986  Train L2 Loss :  0.8927580099075269
Epoch :  31  Epoch time :  38.946829014000286  Train L2 Loss :  0.8902779779373071
Epoch :  32  Epoch time :  39.42501124299997  Train L2 Loss :  0.8853596634207628
Epoch :  33  Epoch time :  39.606668198999614  Train L2 Loss :  0.8749770772380706
Epoch :  34  Epoch time :  40.12653268399936  Train L2 Loss :  0.859841081003348
Epoch :  35  Epoch time :  40.024272007000036  Train L2 Loss :  0.8524865194773062
Epoch :  36  Epoch time :  39.44960218899996  Train L2 Loss :  0.8466192239370102
Epoch :  37  Epoch time :  39.443952743999944  Train L2 Loss :  0.8279221102786369
Epoch :  38  Epoch time :  39.64594007999949  Train L2 Loss :  0.8203523283203443
Epoch :  39  Epoch time :  39.745448885999394  Train L2 Loss :  0.8159822993553602
Epoch :  40  Epoch time :  39.740379286999996  Train L2 Loss :  0.8122179609460708
Epoch :  41  Epoch time :  39.26003346299967  Train L2 Loss :  0.809472643603117
Epoch :  42  Epoch time :  39.57271484800003  Train L2 Loss :  0.8076823322245708
Epoch :  43  Epoch time :  39.75808534600037  Train L2 Loss :  0.8057110279034345
Epoch :  44  Epoch time :  39.98568547099967  Train L2 Loss :  0.8038441456663303
Epoch :  45  Epoch time :  40.27559038699928  Train L2 Loss :  0.802258309836571
Epoch :  46  Epoch time :  39.94417729500037  Train L2 Loss :  0.8010965128166553
Epoch :  47  Epoch time :  40.22355285100002  Train L2 Loss :  0.8000103772068635
Epoch :  48  Epoch time :  40.75946921200011  Train L2 Loss :  0.7992338375785412
Epoch :  49  Epoch time :  40.057401631000175  Train L2 Loss :  0.7980113331324015
Epoch :  50  Epoch time :  40.286688068999865  Train L2 Loss :  0.7964287476661878
Epoch :  51  Epoch time :  40.22124656899996  Train L2 Loss :  0.7956343683867882
Epoch :  52  Epoch time :  40.63995757599969  Train L2 Loss :  0.7937427889078091
Epoch :  53  Epoch time :  40.66752052300035  Train L2 Loss :  0.7922086557134603
Epoch :  54  Epoch time :  40.83025701399947  Train L2 Loss :  0.7916004008207566
Epoch :  55  Epoch time :  40.923595010999634  Train L2 Loss :  0.7901985779022559
Epoch :  56  Epoch time :  40.793252838000626  Train L2 Loss :  0.7885411628163778
Epoch :  57  Epoch time :  40.92581405300007  Train L2 Loss :  0.7879598639332331
Epoch :  58  Epoch time :  41.157008582000344  Train L2 Loss :  0.7870694268972446
Epoch :  59  Epoch time :  40.95803282899942  Train L2 Loss :  0.7858721569944651
Epoch :  60  Epoch time :  40.870138110999505  Train L2 Loss :  0.7845985957254202
Epoch :  61  Epoch time :  40.708875340000304  Train L2 Loss :  0.7836663776483291
Epoch :  62  Epoch time :  40.465513223000016  Train L2 Loss :  0.7816772477175945
Epoch :  63  Epoch time :  40.83558683499996  Train L2 Loss :  0.7787814516669664
Epoch :  64  Epoch time :  40.76307639300012  Train L2 Loss :  0.7741855787925231
Epoch :  65  Epoch time :  40.204112980999525  Train L2 Loss :  0.767220363785059
Epoch :  66  Epoch time :  40.43205929499982  Train L2 Loss :  0.7612057626247406
Epoch :  67  Epoch time :  40.49091358300029  Train L2 Loss :  0.7556601204933264
Epoch :  68  Epoch time :  41.552387740000086  Train L2 Loss :  0.7500760706189351
Epoch :  69  Epoch time :  40.04177422900011  Train L2 Loss :  0.7440395312240491
Epoch :  70  Epoch time :  40.32216369700018  Train L2 Loss :  0.7383200340928175
Epoch :  71  Epoch time :  40.4919140789998  Train L2 Loss :  0.7334126863533106
Epoch :  72  Epoch time :  40.41474958700019  Train L2 Loss :  0.7284891774448065
Epoch :  73  Epoch time :  40.43030103299952  Train L2 Loss :  0.7243174595328478
Epoch :  74  Epoch time :  40.46093896399998  Train L2 Loss :  0.7197566609352063
Epoch :  75  Epoch time :  40.40727186299955  Train L2 Loss :  0.7119423812016462
Epoch :  76  Epoch time :  40.496680525000556  Train L2 Loss :  0.7028351863607382
Epoch :  77  Epoch time :  41.180620130000534  Train L2 Loss :  0.692794375312634
Epoch :  78  Epoch time :  40.62355493599898  Train L2 Loss :  0.683547277481128
Epoch :  79  Epoch time :  40.63807269000063  Train L2 Loss :  0.6748530984115906
Epoch :  80  Epoch time :  40.629629816998204  Train L2 Loss :  0.6680511214221135
Epoch :  81  Epoch time :  40.631251348999285  Train L2 Loss :  0.6634807262856227
Epoch :  82  Epoch time :  40.91131313000005  Train L2 Loss :  0.6589120274935013
Epoch :  83  Epoch time :  40.843700479999825  Train L2 Loss :  0.6557766904051487
Epoch :  84  Epoch time :  40.85249057699912  Train L2 Loss :  0.6534490209932511
Epoch :  85  Epoch time :  41.08991593300016  Train L2 Loss :  0.6519302551945051
Epoch :  86  Epoch time :  41.13387191699985  Train L2 Loss :  0.6497266149291625
Epoch :  87  Epoch time :  41.0266128559997  Train L2 Loss :  0.6484687232818359
Epoch :  88  Epoch time :  42.08837534200029  Train L2 Loss :  0.6475683069572999
Epoch :  89  Epoch time :  41.082313971000985  Train L2 Loss :  0.646559169372687
Epoch :  90  Epoch time :  41.38108088199988  Train L2 Loss :  0.6450088260074457
Epoch :  91  Epoch time :  41.351287268000306  Train L2 Loss :  0.6439920061100752
Epoch :  92  Epoch time :  41.410860046999005  Train L2 Loss :  0.6416956591300476
Epoch :  93  Epoch time :  41.62897511200026  Train L2 Loss :  0.6406371006980921
Epoch :  94  Epoch time :  41.46101259900024  Train L2 Loss :  0.639529848519044
Epoch :  95  Epoch time :  41.54343058700033  Train L2 Loss :  0.63824908903394
Epoch :  96  Epoch time :  41.68085016300029  Train L2 Loss :  0.6375094681787186
Epoch :  97  Epoch time :  42.424680309000905  Train L2 Loss :  0.6355313140994463
Epoch :  98  Epoch time :  41.3532165380002  Train L2 Loss :  0.634046617226723
Epoch :  99  Epoch time :  41.7444455090008  Train L2 Loss :  0.632401294576434
Epoch :  100  Epoch time :  41.888127150999935  Train L2 Loss :  0.6216489969728849
Epoch :  101  Epoch time :  41.868290123000406  Train L2 Loss :  0.6206737980724145
Epoch :  102  Epoch time :  41.969758084000205  Train L2 Loss :  0.6199131465684145
Epoch :  103  Epoch time :  41.866568688999905  Train L2 Loss :  0.6189917324063106
Epoch :  104  Epoch time :  41.891085540999484  Train L2 Loss :  0.6182517259357831
Epoch :  105  Epoch time :  41.84625826800038  Train L2 Loss :  0.6173558131051369
Epoch :  106  Epoch time :  43.06426260900116  Train L2 Loss :  0.6165944203161277
Epoch :  107  Epoch time :  41.55572127199957  Train L2 Loss :  0.6157342633948877
Epoch :  108  Epoch time :  42.27324437899915  Train L2 Loss :  0.6148191237678895
Epoch :  109  Epoch time :  42.26932253199993  Train L2 Loss :  0.6138335828406688
Epoch :  110  Epoch time :  42.169562803999725  Train L2 Loss :  0.6131813793610303
Epoch :  111  Epoch time :  43.14710162999836  Train L2 Loss :  0.6123466351762031
Epoch :  112  Epoch time :  42.1873152219996  Train L2 Loss :  0.6113856379420329
Epoch :  113  Epoch time :  42.32321736599988  Train L2 Loss :  0.6106497413263872
Epoch :  114  Epoch time :  42.35994090299937  Train L2 Loss :  0.6099105447721787
Epoch :  115  Epoch time :  42.171860082999046  Train L2 Loss :  0.6086382098878041
Epoch :  116  Epoch time :  42.210777217000214  Train L2 Loss :  0.6076185563818003
Epoch :  117  Epoch time :  43.38104669799941  Train L2 Loss :  0.6063519150782855
Epoch :  118  Epoch time :  42.11396452400004  Train L2 Loss :  0.6055389125473224
Epoch :  119  Epoch time :  42.39252768000006  Train L2 Loss :  0.6041069691761946
Epoch :  120  Epoch time :  42.54632721300004  Train L2 Loss :  0.6030331576863924
Epoch :  121  Epoch time :  42.420940453001094  Train L2 Loss :  0.6016947404505351
Epoch :  122  Epoch time :  42.64785538400065  Train L2 Loss :  0.6005688558022181
Epoch :  123  Epoch time :  42.59364657200058  Train L2 Loss :  0.5993200903997208
Epoch :  124  Epoch time :  42.799894382000275  Train L2 Loss :  0.5982930003068386
Epoch :  125  Epoch time :  42.509004360999825  Train L2 Loss :  0.5975227326345749
Epoch :  126  Epoch time :  43.83363869899949  Train L2 Loss :  0.5963023542784728
Epoch :  127  Epoch time :  42.74749449599949  Train L2 Loss :  0.595356505125379
Epoch :  128  Epoch time :  43.13094650600033  Train L2 Loss :  0.5943119862140753
Epoch :  129  Epoch time :  43.06387310299942  Train L2 Loss :  0.5934405212218945
Epoch :  130  Epoch time :  42.799978775001364  Train L2 Loss :  0.5901008751720954
Epoch :  131  Epoch time :  42.787384596000265  Train L2 Loss :  0.5858214523356694
Epoch :  132  Epoch time :  43.29080319999957  Train L2 Loss :  0.5821278458699967
Epoch :  133  Epoch time :  42.790400091000265  Train L2 Loss :  0.5785030362029107
Epoch :  134  Epoch time :  42.83156151300136  Train L2 Loss :  0.5747265135152981
Epoch :  135  Epoch time :  42.65664740200009  Train L2 Loss :  0.5712038555588478
Epoch :  136  Epoch time :  42.56895944200005  Train L2 Loss :  0.5678677159624222
Epoch :  137  Epoch time :  42.8569853229983  Train L2 Loss :  0.5646515612323315
Epoch :  138  Epoch time :  43.34812924899961  Train L2 Loss :  0.5615057561260003
Epoch :  139  Epoch time :  43.3438959060004  Train L2 Loss :  0.5589688705423703
Epoch :  140  Epoch time :  42.834225436999986  Train L2 Loss :  0.5563463893933938
Epoch :  141  Epoch time :  43.01309151900023  Train L2 Loss :  0.5541424539226752
Epoch :  142  Epoch time :  43.00296792900008  Train L2 Loss :  0.5520463206638129
Epoch :  143  Epoch time :  42.90830836000168  Train L2 Loss :  0.5503899524800289
Epoch :  144  Epoch time :  43.197219255000164  Train L2 Loss :  0.5482093992237097
Epoch :  145  Epoch time :  43.186115161001  Train L2 Loss :  0.5459583430336072
Epoch :  146  Epoch time :  43.050058709999576  Train L2 Loss :  0.5439891821871965
Epoch :  147  Epoch time :  44.39305277699896  Train L2 Loss :  0.5417217048696983
Epoch :  148  Epoch time :  42.1348696590012  Train L2 Loss :  0.5393186669128064
Epoch :  149  Epoch time :  43.26576756599934  Train L2 Loss :  0.5373053589883523
Epoch :  150  Epoch time :  43.38776305200008  Train L2 Loss :  0.5358595647490941
Epoch :  151  Epoch time :  43.41420495900093  Train L2 Loss :  0.5346265722257204
Epoch :  152  Epoch time :  43.49097766399973  Train L2 Loss :  0.5333820083775581
Epoch :  153  Epoch time :  43.36421145999884  Train L2 Loss :  0.5326586540501851
Epoch :  154  Epoch time :  43.383069075000094  Train L2 Loss :  0.5317297712541543
Epoch :  155  Epoch time :  44.37536587800059  Train L2 Loss :  0.5305349161991706
Epoch :  156  Epoch time :  43.327599123000255  Train L2 Loss :  0.5294037042424465
Epoch :  157  Epoch time :  43.639228238000214  Train L2 Loss :  0.5285850836871526
Epoch :  158  Epoch time :  43.854620950000026  Train L2 Loss :  0.527715047630362
Epoch :  159  Epoch time :  43.171579944999394  Train L2 Loss :  0.5271119153938997
Epoch :  160  Epoch time :  43.9221933860008  Train L2 Loss :  0.5266941739007448
Epoch :  161  Epoch time :  44.282430893999845  Train L2 Loss :  0.5257704297128396
Epoch :  162  Epoch time :  43.491804557999785  Train L2 Loss :  0.5249447351655899
Epoch :  163  Epoch time :  43.42208363300051  Train L2 Loss :  0.5243432803604847
Epoch :  164  Epoch time :  43.45459812700028  Train L2 Loss :  0.5239790081022642
Epoch :  165  Epoch time :  43.67502646499997  Train L2 Loss :  0.5232730704622391
Epoch :  166  Epoch time :  44.485522062999735  Train L2 Loss :  0.5232840968439212
Epoch :  167  Epoch time :  43.69313870099904  Train L2 Loss :  0.5223990024473423
Epoch :  168  Epoch time :  43.70003236499906  Train L2 Loss :  0.5222549718350936
Epoch :  169  Epoch time :  43.57228784200015  Train L2 Loss :  0.5216618473044573
Epoch :  170  Epoch time :  43.691454118001275  Train L2 Loss :  0.5213491107599858
Epoch :  171  Epoch time :  43.707893619999595  Train L2 Loss :  0.5210086768254255
Epoch :  172  Epoch time :  44.787003693998486  Train L2 Loss :  0.5208182204992343
Epoch :  173  Epoch time :  44.142868183000246  Train L2 Loss :  0.5201634094596673
Epoch :  174  Epoch time :  43.81178115300099  Train L2 Loss :  0.5202300844666286
Epoch :  175  Epoch time :  43.67876570699991  Train L2 Loss :  0.5199506090333065
Epoch :  176  Epoch time :  43.69964494300075  Train L2 Loss :  0.5193596395831077
Epoch :  177  Epoch time :  43.8581120609997  Train L2 Loss :  0.5191839722295603
Epoch :  178  Epoch time :  45.29150806799953  Train L2 Loss :  0.5186781579485307
Epoch :  179  Epoch time :  43.941829205999966  Train L2 Loss :  0.5185460259134953
Epoch :  180  Epoch time :  43.83106799000052  Train L2 Loss :  0.5181418610497927
Epoch :  181  Epoch time :  44.03561745699881  Train L2 Loss :  0.5180229018322933
Epoch :  182  Epoch time :  44.04405896000026  Train L2 Loss :  0.5176788122417071
Epoch :  183  Epoch time :  44.29429642000105  Train L2 Loss :  0.5174110264827808
Epoch :  184  Epoch time :  44.59309550099897  Train L2 Loss :  0.5171819841250395
Epoch :  185  Epoch time :  44.15741617999993  Train L2 Loss :  0.5165825868264223
Epoch :  186  Epoch time :  44.226839132999885  Train L2 Loss :  0.5167257167781011
Epoch :  187  Epoch time :  45.77158318800139  Train L2 Loss :  0.516239501726933
Epoch :  188  Epoch time :  44.34040648100017  Train L2 Loss :  0.5158398072115886
Epoch :  189  Epoch time :  44.4599846279998  Train L2 Loss :  0.5156174986026226
Epoch :  190  Epoch time :  44.75622791100068  Train L2 Loss :  0.515351268916558
Epoch :  191  Epoch time :  45.6373374399991  Train L2 Loss :  0.5153424812433047
Epoch :  192  Epoch time :  44.757270582000274  Train L2 Loss :  0.5147074046425331
Epoch :  193  Epoch time :  44.43435870899884  Train L2 Loss :  0.5147442971953214
Epoch :  194  Epoch time :  44.376569707999806  Train L2 Loss :  0.5145236745667763
Epoch :  195  Epoch time :  44.49721237599988  Train L2 Loss :  0.5141868682052845
Epoch :  196  Epoch time :  44.97908272999848  Train L2 Loss :  0.5138739248116811
Epoch :  197  Epoch time :  45.43397733100028  Train L2 Loss :  0.5136298057742608
Epoch :  198  Epoch time :  44.5202825489996  Train L2 Loss :  0.5132809308572457
Epoch :  199  Epoch time :  44.74503156100036  Train L2 Loss :  0.5132676134697902
Total time is : 8337.940114181001 Total epoch is  200
