Input dim :  103  output dim :  1
Start training 
46465
Epoch :  0  Epoch time :  37.471701427999506  Train L2 Loss :  1.3865960821127281
Epoch :  1  Epoch time :  37.444056349002494  Train L2 Loss :  1.3862389360482876
Epoch :  2  Epoch time :  38.38583080999888  Train L2 Loss :  1.3859793660350335
Epoch :  3  Epoch time :  37.06359723100104  Train L2 Loss :  1.3843825532075686
Epoch :  4  Epoch time :  37.43115929600026  Train L2 Loss :  1.3816401927899091
Epoch :  5  Epoch time :  37.59659232099875  Train L2 Loss :  1.363496409012721
Epoch :  6  Epoch time :  37.58208510499753  Train L2 Loss :  1.242262099033747
Epoch :  7  Epoch time :  37.608790931997646  Train L2 Loss :  1.1302167998674588
Epoch :  8  Epoch time :  37.467275656999846  Train L2 Loss :  1.050358469096514
Epoch :  9  Epoch time :  37.4282992130029  Train L2 Loss :  0.9457615277706048
Epoch :  10  Epoch time :  37.48430794600063  Train L2 Loss :  0.8623164077408803
Epoch :  11  Epoch time :  37.58596286900138  Train L2 Loss :  0.8113233752739735
Epoch :  12  Epoch time :  38.71779345400137  Train L2 Loss :  0.7779697800676028
Epoch :  13  Epoch time :  37.77127262800059  Train L2 Loss :  0.7492773261589881
Epoch :  14  Epoch time :  38.02611974300089  Train L2 Loss :  0.7171287467846503
Epoch :  15  Epoch time :  38.19214801600174  Train L2 Loss :  0.6844157040692292
Epoch :  16  Epoch time :  38.66378357599751  Train L2 Loss :  0.6459623127220533
Epoch :  17  Epoch time :  38.05496055899857  Train L2 Loss :  0.6140745457930442
Epoch :  18  Epoch time :  38.8443984680016  Train L2 Loss :  0.5934846039192799
Epoch :  19  Epoch time :  39.3144056860001  Train L2 Loss :  0.5775959631189321
Epoch :  20  Epoch time :  38.57883509699968  Train L2 Loss :  0.5636530911120085
Epoch :  21  Epoch time :  38.485278952000954  Train L2 Loss :  0.5447081451614698
Epoch :  22  Epoch time :  38.600603989001684  Train L2 Loss :  0.5215438927213351
Epoch :  23  Epoch time :  38.70801940599995  Train L2 Loss :  0.4967722872224374
Epoch :  24  Epoch time :  38.73424558199986  Train L2 Loss :  0.46640961359326655
Epoch :  25  Epoch time :  38.49175137999919  Train L2 Loss :  0.4326211494895128
Epoch :  26  Epoch time :  38.89137200499681  Train L2 Loss :  0.3999904605249564
Epoch :  27  Epoch time :  38.75561164499959  Train L2 Loss :  0.37707377397097075
Epoch :  28  Epoch time :  39.15526850999959  Train L2 Loss :  0.35758042306854176
Epoch :  29  Epoch time :  39.08717831199829  Train L2 Loss :  0.3437695648425665
Epoch :  30  Epoch time :  38.747021160997974  Train L2 Loss :  0.33162020294903183
Epoch :  31  Epoch time :  38.38454743499824  Train L2 Loss :  0.32054105119254345
Epoch :  32  Epoch time :  38.73852106200138  Train L2 Loss :  0.3145659531538303
Epoch :  33  Epoch time :  38.81745652099926  Train L2 Loss :  0.30607113299461514
Epoch :  34  Epoch time :  38.78540117800003  Train L2 Loss :  0.30163758248090744
Epoch :  35  Epoch time :  40.089064079998934  Train L2 Loss :  0.29409401338451946
Epoch :  36  Epoch time :  38.6688047610005  Train L2 Loss :  0.2877022707118438
Epoch :  37  Epoch time :  39.145147129998804  Train L2 Loss :  0.2825776891639599
Epoch :  38  Epoch time :  39.622580126000685  Train L2 Loss :  0.27657488444581246
Epoch :  39  Epoch time :  38.60205217899784  Train L2 Loss :  0.27082692227589017
Epoch :  40  Epoch time :  39.031046305997734  Train L2 Loss :  0.26659976227734333
Epoch :  41  Epoch time :  39.45833733600011  Train L2 Loss :  0.2633101298020054
Epoch :  42  Epoch time :  39.72346511499927  Train L2 Loss :  0.2575428531003686
Epoch :  43  Epoch time :  39.99883073899764  Train L2 Loss :  0.25429647200955796
Epoch :  44  Epoch time :  39.787850355001865  Train L2 Loss :  0.2506324518471956
Epoch :  45  Epoch time :  40.367876923999575  Train L2 Loss :  0.2473331923620441
Epoch :  46  Epoch time :  39.49519457599672  Train L2 Loss :  0.24377436195619595
Epoch :  47  Epoch time :  39.33342637399983  Train L2 Loss :  0.24277407604341322
Epoch :  48  Epoch time :  39.5869433150001  Train L2 Loss :  0.2389577438051884
Epoch :  49  Epoch time :  39.74906765900232  Train L2 Loss :  0.23757583039024702
Epoch :  50  Epoch time :  40.058262885999284  Train L2 Loss :  0.23283406927321965
Epoch :  51  Epoch time :  40.17632808599956  Train L2 Loss :  0.23205558700152698
Epoch :  52  Epoch time :  40.087752909999836  Train L2 Loss :  0.22807788361723608
Epoch :  53  Epoch time :  41.18632723200062  Train L2 Loss :  0.22763776196501193
Epoch :  54  Epoch time :  41.593688541997835  Train L2 Loss :  0.22557665589146125
Epoch :  55  Epoch time :  40.4704383419994  Train L2 Loss :  0.22324288068100429
Epoch :  56  Epoch time :  40.71304580300057  Train L2 Loss :  0.22077831506538084
Epoch :  57  Epoch time :  40.74438659500083  Train L2 Loss :  0.21662598268057293
Epoch :  58  Epoch time :  41.243663887002185  Train L2 Loss :  0.21615583115281203
Epoch :  59  Epoch time :  41.07259295699987  Train L2 Loss :  0.21241016499698162
Epoch :  60  Epoch time :  40.761656302998745  Train L2 Loss :  0.21023577461257958
Epoch :  61  Epoch time :  40.625534027996764  Train L2 Loss :  0.20689395213356385
Epoch :  62  Epoch time :  40.84517062099985  Train L2 Loss :  0.20308578554063272
Epoch :  63  Epoch time :  40.715082595997956  Train L2 Loss :  0.2017586385496916
Epoch :  64  Epoch time :  40.187516685000446  Train L2 Loss :  0.19848664506123617
Epoch :  65  Epoch time :  40.04344427699834  Train L2 Loss :  0.1958144250063178
Epoch :  66  Epoch time :  39.4444234290022  Train L2 Loss :  0.1938083845978746
Epoch :  67  Epoch time :  39.95785548299682  Train L2 Loss :  0.19345983194235045
Epoch :  68  Epoch time :  40.001748601000145  Train L2 Loss :  0.18899911109549114
Epoch :  69  Epoch time :  40.61002116099917  Train L2 Loss :  0.1882088681539664
Epoch :  70  Epoch time :  39.7085000219995  Train L2 Loss :  0.18658168699878913
Epoch :  71  Epoch time :  40.209402909000346  Train L2 Loss :  0.1852279411485562
Epoch :  72  Epoch time :  41.14685134899992  Train L2 Loss :  0.1820356282286155
Epoch :  73  Epoch time :  40.150872436999634  Train L2 Loss :  0.18138924470314613
Epoch :  74  Epoch time :  40.32030745600059  Train L2 Loss :  0.1784040091607051
Epoch :  75  Epoch time :  40.30421395799931  Train L2 Loss :  0.17861576648190236
Epoch :  76  Epoch time :  40.27884520400039  Train L2 Loss :  0.17571001218106502
Epoch :  77  Epoch time :  40.277346322000085  Train L2 Loss :  0.17415666637512353
Epoch :  78  Epoch time :  39.94307055599711  Train L2 Loss :  0.17426145401520607
Epoch :  79  Epoch time :  40.31296387999828  Train L2 Loss :  0.17120321455578774
Epoch :  80  Epoch time :  40.451915449997614  Train L2 Loss :  0.17134910702514342
Epoch :  81  Epoch time :  40.73787599899879  Train L2 Loss :  0.16992349134614834
Epoch :  82  Epoch time :  41.097056687001896  Train L2 Loss :  0.16661895130975887
Epoch :  83  Epoch time :  40.30684145499981  Train L2 Loss :  0.16677617262571287
Epoch :  84  Epoch time :  40.495032119000825  Train L2 Loss :  0.16416101566014382
Epoch :  85  Epoch time :  40.37281016899942  Train L2 Loss :  0.16309617361865747
Epoch :  86  Epoch time :  40.50185634000081  Train L2 Loss :  0.16095270643918178
Epoch :  87  Epoch time :  40.51349132099858  Train L2 Loss :  0.16021223619389227
Epoch :  88  Epoch time :  40.79640807800024  Train L2 Loss :  0.15792765979392406
Epoch :  89  Epoch time :  41.38077479099957  Train L2 Loss :  0.15869902948347422
Epoch :  90  Epoch time :  40.97612080199906  Train L2 Loss :  0.15767720666451332
Epoch :  91  Epoch time :  42.707616108000366  Train L2 Loss :  0.1547124289597074
Epoch :  92  Epoch time :  40.92282394299764  Train L2 Loss :  0.15479136220155618
Epoch :  93  Epoch time :  41.52472597099768  Train L2 Loss :  0.15468220431835222
Epoch :  94  Epoch time :  41.470378268000786  Train L2 Loss :  0.15317072653665376
Epoch :  95  Epoch time :  41.753201947998605  Train L2 Loss :  0.15231048288301396
Epoch :  96  Epoch time :  41.32069285800026  Train L2 Loss :  0.15015088708307117
Epoch :  97  Epoch time :  41.15115477499785  Train L2 Loss :  0.15182279862272433
Epoch :  98  Epoch time :  41.27609860500161  Train L2 Loss :  0.14777976014197636
Epoch :  99  Epoch time :  41.56227468200086  Train L2 Loss :  0.1489436465482681
Epoch :  100  Epoch time :  42.401045700000395  Train L2 Loss :  0.13124973337667492
Epoch :  101  Epoch time :  41.500992179000605  Train L2 Loss :  0.13074038698314092
Epoch :  102  Epoch time :  41.764274129000114  Train L2 Loss :  0.13048818003004178
Epoch :  103  Epoch time :  41.652458190998004  Train L2 Loss :  0.13047334040777805
Epoch :  104  Epoch time :  42.41825622900069  Train L2 Loss :  0.13060979141543308
Epoch :  105  Epoch time :  41.54502455399779  Train L2 Loss :  0.13025417221853366
Epoch :  106  Epoch time :  41.78563969800234  Train L2 Loss :  0.12895486790400285
Epoch :  107  Epoch time :  41.79339510700083  Train L2 Loss :  0.12889349987157261
Epoch :  108  Epoch time :  41.98537333999775  Train L2 Loss :  0.1286999354712092
Epoch :  109  Epoch time :  42.57421900400004  Train L2 Loss :  0.12673580832779408
Epoch :  110  Epoch time :  42.38469804499982  Train L2 Loss :  0.1273237390157122
Epoch :  111  Epoch time :  41.56887061999805  Train L2 Loss :  0.1264602017517273
Epoch :  112  Epoch time :  41.41577167200012  Train L2 Loss :  0.1258205582316105
Epoch :  113  Epoch time :  41.604523728998174  Train L2 Loss :  0.1254996341199447
Epoch :  114  Epoch time :  42.08503850099805  Train L2 Loss :  0.12489208469215111
Epoch :  115  Epoch time :  40.90099620199908  Train L2 Loss :  0.12479017120905411
Epoch :  116  Epoch time :  41.23128130799887  Train L2 Loss :  0.12399881722357793
Epoch :  117  Epoch time :  41.796023183000216  Train L2 Loss :  0.12280577342384137
Epoch :  118  Epoch time :  40.98654818900104  Train L2 Loss :  0.12308731849472491
Epoch :  119  Epoch time :  41.14970910300326  Train L2 Loss :  0.12275239937485029
Epoch :  120  Epoch time :  41.52177585800018  Train L2 Loss :  0.12191348050076228
Epoch :  121  Epoch time :  41.37001120499917  Train L2 Loss :  0.12152652483051404
Epoch :  122  Epoch time :  41.611278210999444  Train L2 Loss :  0.12078529689460993
Epoch :  123  Epoch time :  43.70829092599888  Train L2 Loss :  0.12079547216685918
Epoch :  124  Epoch time :  41.414353077998385  Train L2 Loss :  0.12057677713724282
Epoch :  125  Epoch time :  41.76617618199816  Train L2 Loss :  0.11999839557430302
Epoch :  126  Epoch time :  42.12322676999975  Train L2 Loss :  0.11946010873772395
Epoch :  127  Epoch time :  42.227147453002544  Train L2 Loss :  0.11914718916448645
Epoch :  128  Epoch time :  42.345796669000265  Train L2 Loss :  0.11899626799500905
Epoch :  129  Epoch time :  42.4360479930001  Train L2 Loss :  0.11837194924457715
Epoch :  130  Epoch time :  42.119481477999216  Train L2 Loss :  0.11815415267856458
Epoch :  131  Epoch time :  41.75219393200314  Train L2 Loss :  0.1183674139663195
Epoch :  132  Epoch time :  43.349806296999304  Train L2 Loss :  0.11716320260595052
Epoch :  133  Epoch time :  41.60098918800213  Train L2 Loss :  0.11734914082365158
Epoch :  134  Epoch time :  41.96327916500013  Train L2 Loss :  0.11618915503510298
Epoch :  135  Epoch time :  42.10923152399846  Train L2 Loss :  0.11673686937548411
Epoch :  136  Epoch time :  42.28002412099886  Train L2 Loss :  0.11703120076503509
Epoch :  137  Epoch time :  42.418844005998835  Train L2 Loss :  0.11556963479289642
Epoch :  138  Epoch time :  44.58018466299836  Train L2 Loss :  0.1153227551959646
Epoch :  139  Epoch time :  42.275455234997935  Train L2 Loss :  0.11566556733435927
Epoch :  140  Epoch time :  42.836314496998966  Train L2 Loss :  0.11499344894232658
Epoch :  141  Epoch time :  42.827570874997036  Train L2 Loss :  0.1150373633330067
Epoch :  142  Epoch time :  42.65876542100159  Train L2 Loss :  0.11405891452271205
Epoch :  143  Epoch time :  43.37654016699889  Train L2 Loss :  0.11402253391077885
Epoch :  144  Epoch time :  43.08796194200113  Train L2 Loss :  0.11434302410970514
Epoch :  145  Epoch time :  42.67409620399849  Train L2 Loss :  0.11379734279874426
Epoch :  146  Epoch time :  42.65799284500099  Train L2 Loss :  0.11327176230649154
Epoch :  147  Epoch time :  42.58220618300038  Train L2 Loss :  0.11339452676475048
Epoch :  148  Epoch time :  42.72302758799924  Train L2 Loss :  0.1124741106461256
Epoch :  149  Epoch time :  43.25023421899823  Train L2 Loss :  0.11216894128861335
Epoch :  150  Epoch time :  43.1330382619999  Train L2 Loss :  0.1125622399103565
Epoch :  151  Epoch time :  43.05228943499969  Train L2 Loss :  0.11233281252237085
Epoch :  152  Epoch time :  43.425793679998606  Train L2 Loss :  0.11187169706830993
Epoch :  153  Epoch time :  43.08952348799721  Train L2 Loss :  0.11203455578726836
Epoch :  154  Epoch time :  42.92839944500156  Train L2 Loss :  0.11092892192447415
Epoch :  155  Epoch time :  43.3622481099992  Train L2 Loss :  0.11106658239777271
Epoch :  156  Epoch time :  43.52239610899778  Train L2 Loss :  0.11108021066786769
Epoch :  157  Epoch time :  43.59086848300285  Train L2 Loss :  0.11064759985758708
Epoch :  158  Epoch time :  44.812129877998814  Train L2 Loss :  0.11007924525974652
Epoch :  159  Epoch time :  43.678879746003076  Train L2 Loss :  0.11036346623530754
Epoch :  160  Epoch time :  43.312696815999516  Train L2 Loss :  0.11005371052007644
Epoch :  161  Epoch time :  43.16152715800126  Train L2 Loss :  0.10951862911669871
Epoch :  162  Epoch time :  43.088018927999656  Train L2 Loss :  0.10961113803279705
Epoch :  163  Epoch time :  43.06721236700105  Train L2 Loss :  0.10979235925687811
Epoch :  164  Epoch time :  43.1498374340008  Train L2 Loss :  0.10877417836290522
Epoch :  165  Epoch time :  42.91716644200278  Train L2 Loss :  0.10932930617426069
Epoch :  166  Epoch time :  43.349190581000585  Train L2 Loss :  0.10846442655206491
Epoch :  167  Epoch time :  44.94700544400257  Train L2 Loss :  0.10841864127761279
Epoch :  168  Epoch time :  42.58296196499941  Train L2 Loss :  0.10819417308681668
Epoch :  169  Epoch time :  43.53153760400164  Train L2 Loss :  0.10807916161437066
Epoch :  170  Epoch time :  43.24954524200075  Train L2 Loss :  0.10690967929668915
Epoch :  171  Epoch time :  44.479900631999044  Train L2 Loss :  0.10704407840967178
Epoch :  172  Epoch time :  43.57767491699997  Train L2 Loss :  0.10644365519953844
Epoch :  173  Epoch time :  43.90206818599836  Train L2 Loss :  0.10695261689714897
Epoch :  174  Epoch time :  43.847196492002695  Train L2 Loss :  0.10561594712094237
Epoch :  175  Epoch time :  44.1523730120025  Train L2 Loss :  0.10552648228043929
Epoch :  176  Epoch time :  45.38734903599834  Train L2 Loss :  0.10547508866502306
Epoch :  177  Epoch time :  43.760450564001076  Train L2 Loss :  0.10523001577418584
Epoch :  178  Epoch time :  43.96674729900042  Train L2 Loss :  0.10477709066934693
Epoch :  179  Epoch time :  43.85359188000075  Train L2 Loss :  0.10475139797498019
Epoch :  180  Epoch time :  43.81898142299906  Train L2 Loss :  0.10507319841342859
Epoch :  181  Epoch time :  43.848410837999836  Train L2 Loss :  0.10423744328988668
Epoch :  182  Epoch time :  43.77731672799928  Train L2 Loss :  0.10423751141971503
Epoch :  183  Epoch time :  44.24403418899965  Train L2 Loss :  0.10372131719039036
Epoch :  184  Epoch time :  45.19266607700047  Train L2 Loss :  0.10327680007769512
Epoch :  185  Epoch time :  45.12453901000117  Train L2 Loss :  0.10390606455695935
Epoch :  186  Epoch time :  44.44278655599919  Train L2 Loss :  0.10360309359832452
Epoch :  187  Epoch time :  44.8177357329987  Train L2 Loss :  0.10247023537372932
Epoch :  188  Epoch time :  44.82005621799908  Train L2 Loss :  0.10196134982964931
Epoch :  189  Epoch time :  44.7411459549985  Train L2 Loss :  0.10146892075546277
Epoch :  190  Epoch time :  45.67204468500131  Train L2 Loss :  0.102106512679408
Epoch :  191  Epoch time :  44.81827748199794  Train L2 Loss :  0.1017876297283249
Epoch :  192  Epoch time :  44.31451204399855  Train L2 Loss :  0.10178895614659175
Epoch :  193  Epoch time :  44.458667176000745  Train L2 Loss :  0.10041371237438841
Epoch :  194  Epoch time :  44.42284294400088  Train L2 Loss :  0.1003500579450375
Epoch :  195  Epoch time :  44.57885907400123  Train L2 Loss :  0.10108143363434535
Epoch :  196  Epoch time :  44.4613006590007  Train L2 Loss :  0.09964923684795697
Epoch :  197  Epoch time :  44.635775667000416  Train L2 Loss :  0.10014574131808984
Epoch :  198  Epoch time :  47.28555497100024  Train L2 Loss :  0.09944776403837097
Epoch :  199  Epoch time :  44.153185356000904  Train L2 Loss :  0.09907969421683213
Total time is : 8276.029853593001 Total epoch is  200
