Input dim :  103  output dim :  1
Start training 
158465
Epoch :  0  Epoch time :  38.10791115500251  Train L2 Loss :  1.3866562495628993
Epoch :  1  Epoch time :  37.95774147799966  Train L2 Loss :  1.3862563726993709
Epoch :  2  Epoch time :  38.019954868999775  Train L2 Loss :  1.3859379853193576
Epoch :  3  Epoch time :  38.71239788100138  Train L2 Loss :  1.3842451920111973
Epoch :  4  Epoch time :  37.89500582300025  Train L2 Loss :  1.3819919981253452
Epoch :  5  Epoch time :  37.76609771099902  Train L2 Loss :  1.3766990687984686
Epoch :  6  Epoch time :  37.63692139200066  Train L2 Loss :  1.318196085974192
Epoch :  7  Epoch time :  37.62002839100023  Train L2 Loss :  1.0219243311156065
Epoch :  8  Epoch time :  37.79180865300077  Train L2 Loss :  0.8167233347701721
Epoch :  9  Epoch time :  37.68881156200223  Train L2 Loss :  0.7200231762268604
Epoch :  10  Epoch time :  37.70518331600033  Train L2 Loss :  0.6541638682859067
Epoch :  11  Epoch time :  37.917598169002304  Train L2 Loss :  0.6106595450964494
Epoch :  12  Epoch time :  38.617711363000126  Train L2 Loss :  0.5794640603737954
Epoch :  13  Epoch time :  39.10937381699841  Train L2 Loss :  0.5522290708449407
Epoch :  14  Epoch time :  37.926782719001494  Train L2 Loss :  0.5244463562296752
Epoch :  15  Epoch time :  38.28134228300041  Train L2 Loss :  0.49846846347626966
Epoch :  16  Epoch time :  38.18630641100026  Train L2 Loss :  0.4729404170066118
Epoch :  17  Epoch time :  38.386811837001005  Train L2 Loss :  0.4499930412723468
Epoch :  18  Epoch time :  38.689841169998545  Train L2 Loss :  0.42511970282365114
Epoch :  19  Epoch time :  38.66576295900086  Train L2 Loss :  0.39520253107333797
Epoch :  20  Epoch time :  38.57491162500082  Train L2 Loss :  0.36958151377546483
Epoch :  21  Epoch time :  38.56313859199872  Train L2 Loss :  0.34989642380521846
Epoch :  22  Epoch time :  38.62312967899925  Train L2 Loss :  0.3358568841448197
Epoch :  23  Epoch time :  39.527185317998374  Train L2 Loss :  0.3256212329157652
Epoch :  24  Epoch time :  38.37981210900034  Train L2 Loss :  0.3146098497299812
Epoch :  25  Epoch time :  38.5319842659992  Train L2 Loss :  0.30625090131965965
Epoch :  26  Epoch time :  38.82025035699917  Train L2 Loss :  0.2970765740013657
Epoch :  27  Epoch time :  39.029727369998  Train L2 Loss :  0.2873101434073387
Epoch :  28  Epoch time :  39.13246902800165  Train L2 Loss :  0.28072202869523794
Epoch :  29  Epoch time :  38.386868808000145  Train L2 Loss :  0.2718026324246938
Epoch :  30  Epoch time :  38.82382687399877  Train L2 Loss :  0.26672095373177374
Epoch :  31  Epoch time :  38.794048836  Train L2 Loss :  0.25685675719227546
Epoch :  32  Epoch time :  38.87786961000165  Train L2 Loss :  0.24819592078431293
Epoch :  33  Epoch time :  40.37380389799728  Train L2 Loss :  0.2409122069963278
Epoch :  34  Epoch time :  38.96231019200059  Train L2 Loss :  0.23527670833162773
Epoch :  35  Epoch time :  38.818899961999705  Train L2 Loss :  0.22927993894196474
Epoch :  36  Epoch time :  38.84282065099978  Train L2 Loss :  0.22502853081394464
Epoch :  37  Epoch time :  38.99402020499838  Train L2 Loss :  0.22009003842965916
Epoch :  38  Epoch time :  39.06932783500088  Train L2 Loss :  0.2162633440337884
Epoch :  39  Epoch time :  39.08301865499743  Train L2 Loss :  0.21317522624173227
Epoch :  40  Epoch time :  39.17405402299846  Train L2 Loss :  0.21145034263817927
Epoch :  41  Epoch time :  39.617697178000526  Train L2 Loss :  0.20777784111217046
Epoch :  42  Epoch time :  39.905302101000416  Train L2 Loss :  0.205233498595846
Epoch :  43  Epoch time :  39.438069152001844  Train L2 Loss :  0.20273793450532815
Epoch :  44  Epoch time :  39.782568738999544  Train L2 Loss :  0.19956919307319018
Epoch :  45  Epoch time :  39.31379984600062  Train L2 Loss :  0.19802254541084552
Epoch :  46  Epoch time :  39.48025458600023  Train L2 Loss :  0.19434265608493334
Epoch :  47  Epoch time :  39.3440489679997  Train L2 Loss :  0.1913934227747795
Epoch :  48  Epoch time :  39.61976620600035  Train L2 Loss :  0.18930779898969027
Epoch :  49  Epoch time :  39.774273899001855  Train L2 Loss :  0.18774983597298464
Epoch :  50  Epoch time :  40.70132487799856  Train L2 Loss :  0.18222116225231916
Epoch :  51  Epoch time :  39.613478455001314  Train L2 Loss :  0.17952892914987528
Epoch :  52  Epoch time :  39.47517624399916  Train L2 Loss :  0.177878924836524
Epoch :  53  Epoch time :  39.38548132800133  Train L2 Loss :  0.17528321312215084
Epoch :  54  Epoch time :  39.375432188997365  Train L2 Loss :  0.173400007856962
Epoch :  55  Epoch time :  39.867598218999774  Train L2 Loss :  0.17144284184831074
Epoch :  56  Epoch time :  39.612154044003546  Train L2 Loss :  0.16901712950605613
Epoch :  57  Epoch time :  39.77418511600263  Train L2 Loss :  0.16830562859869155
Epoch :  58  Epoch time :  40.92728762600018  Train L2 Loss :  0.16652770588795343
Epoch :  59  Epoch time :  39.53498721900178  Train L2 Loss :  0.16467806751815936
Epoch :  60  Epoch time :  39.74302462000196  Train L2 Loss :  0.16275179223754468
Epoch :  61  Epoch time :  39.824569158001395  Train L2 Loss :  0.16182825757333866
Epoch :  62  Epoch time :  39.85433942700183  Train L2 Loss :  0.16065716667053026
Epoch :  63  Epoch time :  40.106841854001686  Train L2 Loss :  0.15944141362053463
Epoch :  64  Epoch time :  39.98186958600127  Train L2 Loss :  0.15768059049374783
Epoch :  65  Epoch time :  40.81162023200159  Train L2 Loss :  0.15610486023032513
Epoch :  66  Epoch time :  40.91974486399704  Train L2 Loss :  0.15643376792566135
Epoch :  67  Epoch time :  40.257809141003236  Train L2 Loss :  0.15262887763002744
Epoch :  68  Epoch time :  40.29045987000427  Train L2 Loss :  0.15209660097622338
Epoch :  69  Epoch time :  40.45218144499813  Train L2 Loss :  0.1519703708636837
Epoch :  70  Epoch time :  40.52481769800215  Train L2 Loss :  0.15035041021660733
Epoch :  71  Epoch time :  40.53577166300238  Train L2 Loss :  0.14962588026164433
Epoch :  72  Epoch time :  40.47434654300014  Train L2 Loss :  0.14797076240229684
Epoch :  73  Epoch time :  40.37241055699997  Train L2 Loss :  0.14669900425733665
Epoch :  74  Epoch time :  40.07929456800048  Train L2 Loss :  0.1475097868973628
Epoch :  75  Epoch time :  40.09697105999658  Train L2 Loss :  0.1438732266975328
Epoch :  76  Epoch time :  41.658746913999494  Train L2 Loss :  0.1433197188979158
Epoch :  77  Epoch time :  39.76565982600005  Train L2 Loss :  0.1434694390791731
Epoch :  78  Epoch time :  40.42028965399368  Train L2 Loss :  0.14302829225571492
Epoch :  79  Epoch time :  40.537254752998706  Train L2 Loss :  0.1410519877114357
Epoch :  80  Epoch time :  41.48753199699422  Train L2 Loss :  0.1406883088609156
Epoch :  81  Epoch time :  40.42208938499971  Train L2 Loss :  0.13997290550898284
Epoch :  82  Epoch time :  40.841904129003524  Train L2 Loss :  0.14035702363038674
Epoch :  83  Epoch time :  40.654447468994476  Train L2 Loss :  0.1376286421974118
Epoch :  84  Epoch time :  40.88233796499844  Train L2 Loss :  0.13715362965535277
Epoch :  85  Epoch time :  41.733074475996546  Train L2 Loss :  0.13677628298934835
Epoch :  86  Epoch time :  41.538381823993404  Train L2 Loss :  0.13514858751724929
Epoch :  87  Epoch time :  41.29206665300444  Train L2 Loss :  0.13564190128818154
Epoch :  88  Epoch time :  40.86441659800039  Train L2 Loss :  0.13425611647275779
Epoch :  89  Epoch time :  41.06366661100037  Train L2 Loss :  0.13366087319520423
Epoch :  90  Epoch time :  41.26808410100057  Train L2 Loss :  0.13299452854941288
Epoch :  91  Epoch time :  40.98237291700207  Train L2 Loss :  0.13228678045412287
Epoch :  92  Epoch time :  42.55702350100182  Train L2 Loss :  0.13182459228361645
Epoch :  93  Epoch time :  40.77752299500571  Train L2 Loss :  0.13142814733183536
Epoch :  94  Epoch time :  41.29071320500225  Train L2 Loss :  0.12914386119406956
Epoch :  95  Epoch time :  41.43727940000099  Train L2 Loss :  0.13079818523226258
Epoch :  96  Epoch time :  41.24777772899688  Train L2 Loss :  0.1284669512309707
Epoch :  97  Epoch time :  41.10572032399796  Train L2 Loss :  0.12877210586642227
Epoch :  98  Epoch time :  42.66101146400615  Train L2 Loss :  0.12799524745115867
Epoch :  99  Epoch time :  40.868180858000414  Train L2 Loss :  0.12752539850771427
Epoch :  100  Epoch time :  41.745743100000254  Train L2 Loss :  0.11097729772042769
Epoch :  101  Epoch time :  41.66130812200572  Train L2 Loss :  0.11050595371769024
Epoch :  102  Epoch time :  41.41665903200192  Train L2 Loss :  0.11056061837678918
Epoch :  103  Epoch time :  41.83019321399479  Train L2 Loss :  0.11024616872414182
Epoch :  104  Epoch time :  41.73229342400009  Train L2 Loss :  0.11000158513585727
Epoch :  105  Epoch time :  41.4483113890019  Train L2 Loss :  0.10956233844925196
Epoch :  106  Epoch time :  41.67843142100173  Train L2 Loss :  0.10974975106998897
Epoch :  107  Epoch time :  42.62487924999732  Train L2 Loss :  0.10845934271287078
Epoch :  108  Epoch time :  41.24200446600298  Train L2 Loss :  0.10853415867313743
Epoch :  109  Epoch time :  41.871565463996376  Train L2 Loss :  0.1075169252924239
Epoch :  110  Epoch time :  41.75254459900316  Train L2 Loss :  0.10703644499134941
Epoch :  111  Epoch time :  41.72138632499991  Train L2 Loss :  0.10701766888348338
Epoch :  112  Epoch time :  41.731991234002635  Train L2 Loss :  0.10641750342284258
Epoch :  113  Epoch time :  42.414785016997484  Train L2 Loss :  0.10568961945290749
Epoch :  114  Epoch time :  41.71504808100144  Train L2 Loss :  0.10538457023600738
Epoch :  115  Epoch time :  41.33419219300413  Train L2 Loss :  0.10507057874630658
Epoch :  116  Epoch time :  41.46830629299802  Train L2 Loss :  0.10436578016155042
Epoch :  117  Epoch time :  41.344804114  Train L2 Loss :  0.10440291340152423
Epoch :  118  Epoch time :  41.74585828900308  Train L2 Loss :  0.10387561032070945
Epoch :  119  Epoch time :  41.600707264005905  Train L2 Loss :  0.10363450959229316
Epoch :  120  Epoch time :  41.82575223800086  Train L2 Loss :  0.10314972573318161
Epoch :  121  Epoch time :  42.35879875799583  Train L2 Loss :  0.10292885684145567
Epoch :  122  Epoch time :  41.96028984199802  Train L2 Loss :  0.10267015065376957
Epoch :  123  Epoch time :  41.79494046600303  Train L2 Loss :  0.10224866821693304
Epoch :  124  Epoch time :  41.85708951099514  Train L2 Loss :  0.10179486887481733
Epoch :  125  Epoch time :  41.83507255400036  Train L2 Loss :  0.10188158608686465
Epoch :  126  Epoch time :  41.995462560000306  Train L2 Loss :  0.10105842671906337
Epoch :  127  Epoch time :  42.38224448799883  Train L2 Loss :  0.10086730060478051
Epoch :  128  Epoch time :  42.23272925399942  Train L2 Loss :  0.10054990083265763
Epoch :  129  Epoch time :  42.035671036996064  Train L2 Loss :  0.10006887480043448
Epoch :  130  Epoch time :  41.947096962001524  Train L2 Loss :  0.09944791196343991
Epoch :  131  Epoch time :  42.05553880200023  Train L2 Loss :  0.09911907642172316
Epoch :  132  Epoch time :  42.22577854300471  Train L2 Loss :  0.0988339113835723
Epoch :  133  Epoch time :  42.020114915001614  Train L2 Loss :  0.09878849260843335
Epoch :  134  Epoch time :  42.1579540889943  Train L2 Loss :  0.09799117968680385
Epoch :  135  Epoch time :  42.306058241003484  Train L2 Loss :  0.09793758860383278
Epoch :  136  Epoch time :  42.62468695199641  Train L2 Loss :  0.09787626543010657
Epoch :  137  Epoch time :  42.81065604300238  Train L2 Loss :  0.09707751070173123
Epoch :  138  Epoch time :  42.279640091001056  Train L2 Loss :  0.09691745841589111
Epoch :  139  Epoch time :  42.51431548700202  Train L2 Loss :  0.0965799325121901
Epoch :  140  Epoch time :  42.33344006900006  Train L2 Loss :  0.0966061438457706
Epoch :  141  Epoch time :  42.553737996000564  Train L2 Loss :  0.09611286913068631
Epoch :  142  Epoch time :  43.03407435800182  Train L2 Loss :  0.09594643422856163
Epoch :  143  Epoch time :  43.12780513200414  Train L2 Loss :  0.09562222616603741
Epoch :  144  Epoch time :  42.44813604799856  Train L2 Loss :  0.09548327809151931
Epoch :  145  Epoch time :  42.598613467002  Train L2 Loss :  0.0948292784488354
Epoch :  146  Epoch time :  42.74665085000015  Train L2 Loss :  0.09456931645623766
Epoch :  147  Epoch time :  42.75686929299991  Train L2 Loss :  0.09442763035305035
Epoch :  148  Epoch time :  42.928108218999114  Train L2 Loss :  0.09413625283214526
Epoch :  149  Epoch time :  42.5446753149954  Train L2 Loss :  0.09384641378449324
Epoch :  150  Epoch time :  42.876745339999616  Train L2 Loss :  0.09388425049539177
Epoch :  151  Epoch time :  43.64150195199909  Train L2 Loss :  0.09345770980685185
Epoch :  152  Epoch time :  43.179193267998926  Train L2 Loss :  0.09312537451012012
Epoch :  153  Epoch time :  42.858952344999125  Train L2 Loss :  0.09287003876689152
Epoch :  154  Epoch time :  42.76547109799867  Train L2 Loss :  0.09266188992664982
Epoch :  155  Epoch time :  42.89684068200586  Train L2 Loss :  0.09257880968447679
Epoch :  156  Epoch time :  42.88956335900002  Train L2 Loss :  0.0922036624322526
Epoch :  157  Epoch time :  43.87021445300343  Train L2 Loss :  0.0919468583395848
Epoch :  158  Epoch time :  42.66299632799928  Train L2 Loss :  0.09182250088988206
Epoch :  159  Epoch time :  42.99219098700269  Train L2 Loss :  0.09165474420222335
Epoch :  160  Epoch time :  43.06350109499908  Train L2 Loss :  0.0914294101202335
Epoch :  161  Epoch time :  43.13829660999909  Train L2 Loss :  0.09123015434791644
Epoch :  162  Epoch time :  43.246003210006165  Train L2 Loss :  0.09125097301334907
Epoch :  163  Epoch time :  43.15355969400116  Train L2 Loss :  0.0909013602978144
Epoch :  164  Epoch time :  43.481698543000675  Train L2 Loss :  0.09069256249289864
Epoch :  165  Epoch time :  43.44398454600014  Train L2 Loss :  0.0902339969164668
Epoch :  166  Epoch time :  44.57756723800412  Train L2 Loss :  0.08998290372964664
Epoch :  167  Epoch time :  42.75514617099543  Train L2 Loss :  0.08983406329002136
Epoch :  168  Epoch time :  43.68305754099856  Train L2 Loss :  0.08978005092686568
Epoch :  169  Epoch time :  43.60489805099496  Train L2 Loss :  0.08997930828720713
Epoch :  170  Epoch time :  43.387128182002925  Train L2 Loss :  0.0890309705088536
Epoch :  171  Epoch time :  43.69046866099961  Train L2 Loss :  0.08936379907222894
Epoch :  172  Epoch time :  44.79509798599611  Train L2 Loss :  0.08912884027291185
Epoch :  173  Epoch time :  43.556476028999896  Train L2 Loss :  0.08850943135957305
Epoch :  174  Epoch time :  43.62682739300362  Train L2 Loss :  0.08881097253507529
Epoch :  175  Epoch time :  43.97676174899971  Train L2 Loss :  0.08817855451399317
Epoch :  176  Epoch time :  44.05673342599766  Train L2 Loss :  0.08811131418228914
Epoch :  177  Epoch time :  44.18716537  Train L2 Loss :  0.08782406089206536
Epoch :  178  Epoch time :  44.121432291998644  Train L2 Loss :  0.08731952686913502
Epoch :  179  Epoch time :  43.809628345996316  Train L2 Loss :  0.08725807319084804
Epoch :  180  Epoch time :  44.45126947200333  Train L2 Loss :  0.08688073115757643
Epoch :  181  Epoch time :  44.05168068900093  Train L2 Loss :  0.08675837804539463
Epoch :  182  Epoch time :  44.067122519001714  Train L2 Loss :  0.08643469456822062
Epoch :  183  Epoch time :  44.00509719100228  Train L2 Loss :  0.08635699640338619
Epoch :  184  Epoch time :  43.83701161999488  Train L2 Loss :  0.08553078584372997
Epoch :  185  Epoch time :  44.10038977499789  Train L2 Loss :  0.08562244920251079
Epoch :  186  Epoch time :  45.19996346900007  Train L2 Loss :  0.08634439026578687
Epoch :  187  Epoch time :  44.12905875800061  Train L2 Loss :  0.0849817068530963
Epoch :  188  Epoch time :  44.11463843000092  Train L2 Loss :  0.08457922430422443
Epoch :  189  Epoch time :  44.27664579599514  Train L2 Loss :  0.08478749632978669
Epoch :  190  Epoch time :  44.13333376900118  Train L2 Loss :  0.08410560284765103
Epoch :  191  Epoch time :  44.210807878000196  Train L2 Loss :  0.08434831958789474
Epoch :  192  Epoch time :  44.58135771199886  Train L2 Loss :  0.08432419410644051
Epoch :  193  Epoch time :  44.5457637599975  Train L2 Loss :  0.08384411350991099
Epoch :  194  Epoch time :  44.51224857800116  Train L2 Loss :  0.08419981860340787
Epoch :  195  Epoch time :  45.95765560500149  Train L2 Loss :  0.08349041150023158
Epoch :  196  Epoch time :  44.517269028001465  Train L2 Loss :  0.08338267097058587
Epoch :  197  Epoch time :  44.67695534200175  Train L2 Loss :  0.08314763460881434
Epoch :  198  Epoch time :  44.396806493998156  Train L2 Loss :  0.08292649932301198
Epoch :  199  Epoch time :  44.504454620000615  Train L2 Loss :  0.08294204807577607
Total time is : 8262.966381093 Total epoch is  200
