Input dim :  103  output dim :  1
Start training 
15041
Epoch :  0  Epoch time :  37.64518682800008  Train L2 Loss :  1.3865525069145055
Epoch :  1  Epoch time :  37.61147403599898  Train L2 Loss :  1.3862783891650348
Epoch :  2  Epoch time :  37.54274424600044  Train L2 Loss :  1.3861264020968707
Epoch :  3  Epoch time :  37.72953696999866  Train L2 Loss :  1.3856224792125897
Epoch :  4  Epoch time :  38.046849658998326  Train L2 Loss :  1.3825377928904998
Epoch :  5  Epoch time :  38.198525059999156  Train L2 Loss :  1.3480763250054457
Epoch :  6  Epoch time :  37.69766812099988  Train L2 Loss :  1.2259418475322235
Epoch :  7  Epoch time :  37.824609113000406  Train L2 Loss :  1.0849947622762277
Epoch :  8  Epoch time :  37.94753980099995  Train L2 Loss :  0.9630073469418746
Epoch :  9  Epoch time :  37.90071052799976  Train L2 Loss :  0.8808921915598404
Epoch :  10  Epoch time :  37.866961325000375  Train L2 Loss :  0.8405268492224889
Epoch :  11  Epoch time :  37.95080828299979  Train L2 Loss :  0.8148459859956534
Epoch :  12  Epoch time :  38.041118957000435  Train L2 Loss :  0.7986794495238707
Epoch :  13  Epoch time :  38.175658207001106  Train L2 Loss :  0.7876374007990727
Epoch :  14  Epoch time :  38.531703544000266  Train L2 Loss :  0.7763609390419263
Epoch :  15  Epoch time :  38.44413376599914  Train L2 Loss :  0.7677988201761857
Epoch :  16  Epoch time :  38.339634967000165  Train L2 Loss :  0.7595518598189721
Epoch :  17  Epoch time :  38.429118871001265  Train L2 Loss :  0.7463045855745291
Epoch :  18  Epoch time :  38.60890676000054  Train L2 Loss :  0.73872468362634
Epoch :  19  Epoch time :  40.122048888999416  Train L2 Loss :  0.731437601817724
Epoch :  20  Epoch time :  38.107152519998635  Train L2 Loss :  0.7247597680259974
Epoch :  21  Epoch time :  38.6828281449998  Train L2 Loss :  0.7094345959142233
Epoch :  22  Epoch time :  38.73309575300118  Train L2 Loss :  0.692518853988403
Epoch :  23  Epoch time :  38.63950529700014  Train L2 Loss :  0.6840000569056242
Epoch :  24  Epoch time :  38.645573423000315  Train L2 Loss :  0.6691743134497068
Epoch :  25  Epoch time :  38.67733084599968  Train L2 Loss :  0.644785438497097
Epoch :  26  Epoch time :  38.78410952499871  Train L2 Loss :  0.6306104195805696
Epoch :  27  Epoch time :  39.56297201599955  Train L2 Loss :  0.6176684536039829
Epoch :  28  Epoch time :  38.56078246600009  Train L2 Loss :  0.6087532081187536
Epoch :  29  Epoch time :  38.68321526600084  Train L2 Loss :  0.602361127256583
Epoch :  30  Epoch time :  38.67006833300002  Train L2 Loss :  0.5975237734233722
Epoch :  31  Epoch time :  38.87555339299979  Train L2 Loss :  0.5915058916195844
Epoch :  32  Epoch time :  38.90737212000022  Train L2 Loss :  0.5865563684358046
Epoch :  33  Epoch time :  39.048317311000574  Train L2 Loss :  0.582991920507107
Epoch :  34  Epoch time :  39.11407178099944  Train L2 Loss :  0.5792382426368885
Epoch :  35  Epoch time :  39.17721542000072  Train L2 Loss :  0.5753806066245605
Epoch :  36  Epoch time :  39.53925784799867  Train L2 Loss :  0.5728031939420944
Epoch :  37  Epoch time :  39.91793397100082  Train L2 Loss :  0.5705239326716998
Epoch :  38  Epoch time :  38.66713755099954  Train L2 Loss :  0.568375457269259
Epoch :  39  Epoch time :  38.64310146199932  Train L2 Loss :  0.5655918043966477
Epoch :  40  Epoch time :  38.771457607999764  Train L2 Loss :  0.5640484287093083
Epoch :  41  Epoch time :  38.811784988998625  Train L2 Loss :  0.5605977103591729
Epoch :  42  Epoch time :  39.02672801100016  Train L2 Loss :  0.5598109895124649
Epoch :  43  Epoch time :  39.993889839000985  Train L2 Loss :  0.5561965727366698
Epoch :  44  Epoch time :  39.33328872799939  Train L2 Loss :  0.5531860196437591
Epoch :  45  Epoch time :  39.379046873000334  Train L2 Loss :  0.5499608841939614
Epoch :  46  Epoch time :  39.31381416899967  Train L2 Loss :  0.5486125076810519
Epoch :  47  Epoch time :  39.25660598600007  Train L2 Loss :  0.544758082773441
Epoch :  48  Epoch time :  39.51880853400144  Train L2 Loss :  0.5235527240886138
Epoch :  49  Epoch time :  39.50504126099986  Train L2 Loss :  0.514494666734185
Epoch :  50  Epoch time :  40.93925589900027  Train L2 Loss :  0.5088376161188651
Epoch :  51  Epoch time :  39.32606760799899  Train L2 Loss :  0.5005669374114428
Epoch :  52  Epoch time :  39.53959377499996  Train L2 Loss :  0.4863942545384933
Epoch :  53  Epoch time :  39.715103185999396  Train L2 Loss :  0.4733152125412837
Epoch :  54  Epoch time :  39.68258547100049  Train L2 Loss :  0.4627967777256018
Epoch :  55  Epoch time :  39.6764533580008  Train L2 Loss :  0.4536734242947438
Epoch :  56  Epoch time :  39.94480199899954  Train L2 Loss :  0.44567351396649313
Epoch :  57  Epoch time :  40.49838717499915  Train L2 Loss :  0.4391391654618276
Epoch :  58  Epoch time :  40.07117538000057  Train L2 Loss :  0.43431820911474717
Epoch :  59  Epoch time :  39.78079872000126  Train L2 Loss :  0.42884954791038465
Epoch :  60  Epoch time :  39.79326216200025  Train L2 Loss :  0.42350723107273763
Epoch :  61  Epoch time :  39.97704279100071  Train L2 Loss :  0.419040765804358
Epoch :  62  Epoch time :  40.3600932520003  Train L2 Loss :  0.41397575737956244
Epoch :  63  Epoch time :  40.35235264000039  Train L2 Loss :  0.40931774718830216
Epoch :  64  Epoch time :  40.14069191800081  Train L2 Loss :  0.40424617246175426
Epoch :  65  Epoch time :  40.07298720000108  Train L2 Loss :  0.3998524394268409
Epoch :  66  Epoch time :  40.184912459999396  Train L2 Loss :  0.39437233112179315
Epoch :  67  Epoch time :  40.11483846199917  Train L2 Loss :  0.3888717088370751
Epoch :  68  Epoch time :  41.40870185699896  Train L2 Loss :  0.38507370187495
Epoch :  69  Epoch time :  40.193674043999636  Train L2 Loss :  0.3801658892860779
Epoch :  70  Epoch time :  40.10444565099897  Train L2 Loss :  0.3762043005762956
Epoch :  71  Epoch time :  40.514457353998296  Train L2 Loss :  0.37133366690996367
Epoch :  72  Epoch time :  40.34040149900102  Train L2 Loss :  0.3669563796944343
Epoch :  73  Epoch time :  40.34956990399951  Train L2 Loss :  0.3630148841975591
Epoch :  74  Epoch time :  41.3475055179988  Train L2 Loss :  0.3601552914732542
Epoch :  75  Epoch time :  40.20102106699778  Train L2 Loss :  0.3561488629724735
Epoch :  76  Epoch time :  40.34024175200102  Train L2 Loss :  0.3522960576109397
Epoch :  77  Epoch time :  40.47288546799973  Train L2 Loss :  0.35074212067784405
Epoch :  78  Epoch time :  40.47291475899692  Train L2 Loss :  0.34760134667158127
Epoch :  79  Epoch time :  40.56407466900055  Train L2 Loss :  0.34490966467330086
Epoch :  80  Epoch time :  40.6812929819971  Train L2 Loss :  0.3426231476358878
Epoch :  81  Epoch time :  40.628962185001  Train L2 Loss :  0.3391897181669871
Epoch :  82  Epoch time :  41.279265848999785  Train L2 Loss :  0.3366611839200442
Epoch :  83  Epoch time :  41.26387293899825  Train L2 Loss :  0.3351593595953324
Epoch :  84  Epoch time :  40.784582134998345  Train L2 Loss :  0.3327391656736533
Epoch :  85  Epoch time :  40.877144639001926  Train L2 Loss :  0.3306847518930833
Epoch :  86  Epoch time :  40.81817970100019  Train L2 Loss :  0.3294396655490765
Epoch :  87  Epoch time :  40.81112608100011  Train L2 Loss :  0.3246484232158997
Epoch :  88  Epoch time :  41.20857389700177  Train L2 Loss :  0.3223338776674026
Epoch :  89  Epoch time :  41.30429751299744  Train L2 Loss :  0.32068822083946985
Epoch :  90  Epoch time :  41.10021879600026  Train L2 Loss :  0.31896542633573216
Epoch :  91  Epoch time :  41.09885112700067  Train L2 Loss :  0.3160359430102966
Epoch :  92  Epoch time :  41.151328354000725  Train L2 Loss :  0.3147848412776605
Epoch :  93  Epoch time :  41.25634027400156  Train L2 Loss :  0.31143057561264587
Epoch :  94  Epoch time :  41.05341358900114  Train L2 Loss :  0.31098999271694666
Epoch :  95  Epoch time :  41.165122426999005  Train L2 Loss :  0.30912340790606463
Epoch :  96  Epoch time :  40.9482900289986  Train L2 Loss :  0.3063101098180199
Epoch :  97  Epoch time :  40.98565067800155  Train L2 Loss :  0.30507022543595386
Epoch :  98  Epoch time :  41.849824627999624  Train L2 Loss :  0.30332722161442804
Epoch :  99  Epoch time :  41.34360755899979  Train L2 Loss :  0.3019588030874729
Epoch :  100  Epoch time :  41.46572373299932  Train L2 Loss :  0.28328635615225023
Epoch :  101  Epoch time :  41.30300580599942  Train L2 Loss :  0.28221729130317
Epoch :  102  Epoch time :  41.355674931000976  Train L2 Loss :  0.2818927038938571
Epoch :  103  Epoch time :  41.38411845999872  Train L2 Loss :  0.28094611474527764
Epoch :  104  Epoch time :  41.61257634299909  Train L2 Loss :  0.28015925950155807
Epoch :  105  Epoch time :  41.60495680299937  Train L2 Loss :  0.2792495365899343
Epoch :  106  Epoch time :  41.403018575001624  Train L2 Loss :  0.2782562574228415
Epoch :  107  Epoch time :  42.11744592499963  Train L2 Loss :  0.2772846160074457
Epoch :  108  Epoch time :  41.40329027699772  Train L2 Loss :  0.2762783054644481
Epoch :  109  Epoch time :  41.719659513000806  Train L2 Loss :  0.2752420882192942
Epoch :  110  Epoch time :  41.61764227100139  Train L2 Loss :  0.2746879389175238
Epoch :  111  Epoch time :  41.8635767420019  Train L2 Loss :  0.2739029394176144
Epoch :  112  Epoch time :  41.927771871000004  Train L2 Loss :  0.273015107625188
Epoch :  113  Epoch time :  43.14236295199953  Train L2 Loss :  0.2717897748001493
Epoch :  114  Epoch time :  41.53598872400107  Train L2 Loss :  0.2717191530152773
Epoch :  115  Epoch time :  41.91090064000309  Train L2 Loss :  0.270149691699025
Epoch :  116  Epoch time :  42.04080531100044  Train L2 Loss :  0.26934545623281825
Epoch :  117  Epoch time :  41.88053075000062  Train L2 Loss :  0.2688750470630251
Epoch :  118  Epoch time :  42.15308881099918  Train L2 Loss :  0.26850799714716583
Epoch :  119  Epoch time :  43.40630741399946  Train L2 Loss :  0.26763208377628755
Epoch :  120  Epoch time :  41.17791009100256  Train L2 Loss :  0.26697598674740547
Epoch :  121  Epoch time :  41.77300650000325  Train L2 Loss :  0.2661043755614605
Epoch :  122  Epoch time :  41.794850239999505  Train L2 Loss :  0.26575417811862934
Epoch :  123  Epoch time :  41.922904114999255  Train L2 Loss :  0.26471304879165614
Epoch :  124  Epoch time :  42.02411580399712  Train L2 Loss :  0.26431758424792534
Epoch :  125  Epoch time :  41.91406763900159  Train L2 Loss :  0.26388359162956476
Epoch :  126  Epoch time :  41.91652545899706  Train L2 Loss :  0.2628227270279939
Epoch :  127  Epoch time :  42.257942825999635  Train L2 Loss :  0.2604498931039602
Epoch :  128  Epoch time :  42.36106292399927  Train L2 Loss :  0.25805911959077305
Epoch :  129  Epoch time :  43.346612579000066  Train L2 Loss :  0.2572760251947703
Epoch :  130  Epoch time :  42.02758635200007  Train L2 Loss :  0.2554363413976553
Epoch :  131  Epoch time :  42.71668622799916  Train L2 Loss :  0.25456247824984485
Epoch :  132  Epoch time :  42.61171689999901  Train L2 Loss :  0.2537143018383246
Epoch :  133  Epoch time :  42.22813399199731  Train L2 Loss :  0.2526617883107601
Epoch :  134  Epoch time :  42.35635260100025  Train L2 Loss :  0.25115801833378965
Epoch :  135  Epoch time :  42.530193788999895  Train L2 Loss :  0.25051713154579586
Epoch :  136  Epoch time :  42.327783577002265  Train L2 Loss :  0.24990930007054254
Epoch :  137  Epoch time :  42.55207873299878  Train L2 Loss :  0.24904022733561504
Epoch :  138  Epoch time :  43.48347403399748  Train L2 Loss :  0.24819468281781062
Epoch :  139  Epoch time :  42.54676329400172  Train L2 Loss :  0.2477128621763908
Epoch :  140  Epoch time :  42.63417929999923  Train L2 Loss :  0.24609568524054992
Epoch :  141  Epoch time :  42.72471379400304  Train L2 Loss :  0.24526327105764395
Epoch :  142  Epoch time :  43.94655359299941  Train L2 Loss :  0.24435449893084857
Epoch :  143  Epoch time :  42.82589953999923  Train L2 Loss :  0.24339071095276338
Epoch :  144  Epoch time :  43.05863016500007  Train L2 Loss :  0.241938031780032
Epoch :  145  Epoch time :  42.96101556600115  Train L2 Loss :  0.24088297540751788
Epoch :  146  Epoch time :  42.719432848  Train L2 Loss :  0.2402866888218201
Epoch :  147  Epoch time :  42.67375450400141  Train L2 Loss :  0.239343364818547
Epoch :  148  Epoch time :  42.89650446900123  Train L2 Loss :  0.23797978513324872
Epoch :  149  Epoch time :  43.060201488999155  Train L2 Loss :  0.2375737226401002
Epoch :  150  Epoch time :  43.5344827379995  Train L2 Loss :  0.23692530448524615
Epoch :  151  Epoch time :  43.35391079400142  Train L2 Loss :  0.23588400281583652
Epoch :  152  Epoch time :  42.99834174499847  Train L2 Loss :  0.2346915106456249
Epoch :  153  Epoch time :  43.12319758399826  Train L2 Loss :  0.23398373104058778
Epoch :  154  Epoch time :  43.033181646998855  Train L2 Loss :  0.2334362037766438
Epoch :  155  Epoch time :  43.03402579599788  Train L2 Loss :  0.2325763392429321
Epoch :  156  Epoch time :  43.29951762699784  Train L2 Loss :  0.23175034349640974
Epoch :  157  Epoch time :  43.30778478999855  Train L2 Loss :  0.2309404207059206
Epoch :  158  Epoch time :  43.22050819300057  Train L2 Loss :  0.23037967644631863
Epoch :  159  Epoch time :  44.61639195200041  Train L2 Loss :  0.22940823333099103
Epoch :  160  Epoch time :  42.99354872299955  Train L2 Loss :  0.22919305810370508
Epoch :  161  Epoch time :  43.53554259500015  Train L2 Loss :  0.22838815122556227
Epoch :  162  Epoch time :  43.31602788300006  Train L2 Loss :  0.22759287379299983
Epoch :  163  Epoch time :  43.352990315997886  Train L2 Loss :  0.22675824000571781
Epoch :  164  Epoch time :  43.554338210000424  Train L2 Loss :  0.22584640349333102
Epoch :  165  Epoch time :  43.6726252490007  Train L2 Loss :  0.2250679383197656
Epoch :  166  Epoch time :  43.77181292000023  Train L2 Loss :  0.2242588409437583
Epoch :  167  Epoch time :  43.94470368399925  Train L2 Loss :  0.22356052348055902
Epoch :  168  Epoch time :  44.738232608000544  Train L2 Loss :  0.2223183702534208
Epoch :  169  Epoch time :  43.71757118000096  Train L2 Loss :  0.22190117095716488
Epoch :  170  Epoch time :  43.87434118699821  Train L2 Loss :  0.22121334028167602
Epoch :  171  Epoch time :  43.860863540001446  Train L2 Loss :  0.22049826025389707
Epoch :  172  Epoch time :  43.763177826000174  Train L2 Loss :  0.2198085572857123
Epoch :  173  Epoch time :  44.03335621199949  Train L2 Loss :  0.2195430645862451
Epoch :  174  Epoch time :  45.093330616997264  Train L2 Loss :  0.21886182755518419
Epoch :  175  Epoch time :  43.7427446469992  Train L2 Loss :  0.21808971841938984
Epoch :  176  Epoch time :  43.91639839599884  Train L2 Loss :  0.21752305529438531
Epoch :  177  Epoch time :  44.1767789910009  Train L2 Loss :  0.21689925901591778
Epoch :  178  Epoch time :  44.76505093200103  Train L2 Loss :  0.21684269960492086
Epoch :  179  Epoch time :  44.623625956999604  Train L2 Loss :  0.2163123660840285
Epoch :  180  Epoch time :  44.049414903998695  Train L2 Loss :  0.21565042947156307
Epoch :  181  Epoch time :  44.139551445001416  Train L2 Loss :  0.21511066322907424
Epoch :  182  Epoch time :  44.380865802999324  Train L2 Loss :  0.21460120492161083
Epoch :  183  Epoch time :  44.07139718500184  Train L2 Loss :  0.21441921183409599
Epoch :  184  Epoch time :  44.24685814300028  Train L2 Loss :  0.21345883259215417
Epoch :  185  Epoch time :  44.24602249600139  Train L2 Loss :  0.21291614858767924
Epoch :  186  Epoch time :  46.33932579700195  Train L2 Loss :  0.21266760540982851
Epoch :  187  Epoch time :  43.82833430699975  Train L2 Loss :  0.21250492663910756
Epoch :  188  Epoch time :  44.50547240800006  Train L2 Loss :  0.21127998874260065
Epoch :  189  Epoch time :  44.64853263999976  Train L2 Loss :  0.21052736397355032
Epoch :  190  Epoch time :  44.763986673002364  Train L2 Loss :  0.20984987809489936
Epoch :  191  Epoch time :  45.88731444500081  Train L2 Loss :  0.2084611783711574
Epoch :  192  Epoch time :  45.096455538001464  Train L2 Loss :  0.2081395293562076
Epoch :  193  Epoch time :  44.887971716998436  Train L2 Loss :  0.20752374665477338
Epoch :  194  Epoch time :  45.10950254999989  Train L2 Loss :  0.2072992788341183
Epoch :  195  Epoch time :  45.11918304700157  Train L2 Loss :  0.20627492556396204
Epoch :  196  Epoch time :  45.229470569000114  Train L2 Loss :  0.20568338934427652
Epoch :  197  Epoch time :  45.10024662399883  Train L2 Loss :  0.20545365778395
Epoch :  198  Epoch time :  46.56040292199759  Train L2 Loss :  0.20488319364495766
Epoch :  199  Epoch time :  44.648293383001146  Train L2 Loss :  0.20389674613491082
Total time is : 8282.37847713 Total epoch is  200
