Input dim :  103  output dim :  1
Start training 
579073
Epoch :  0  Epoch time :  39.53151176599931  Train L2 Loss :  1.3872449042705388
Epoch :  1  Epoch time :  38.810736402003386  Train L2 Loss :  1.3862538020580242
Epoch :  2  Epoch time :  38.84029025200289  Train L2 Loss :  1.3862494335342677
Epoch :  3  Epoch time :  39.03136944399739  Train L2 Loss :  1.3861455502800453
Epoch :  4  Epoch time :  39.252823982002155  Train L2 Loss :  1.385830560937906
Epoch :  5  Epoch time :  39.224252466003236  Train L2 Loss :  1.3755414734284084
Epoch :  6  Epoch time :  39.96688030099904  Train L2 Loss :  1.2470872993461597
Epoch :  7  Epoch time :  39.39242316400487  Train L2 Loss :  1.0739398375153542
Epoch :  8  Epoch time :  39.4111184949943  Train L2 Loss :  0.9776821564405392
Epoch :  9  Epoch time :  40.58295378099865  Train L2 Loss :  0.8371190091547294
Epoch :  10  Epoch time :  39.5282215729967  Train L2 Loss :  0.6824643708383425
Epoch :  11  Epoch time :  39.86687061400153  Train L2 Loss :  0.5051157568127681
Epoch :  12  Epoch time :  40.02866587499739  Train L2 Loss :  0.376589751491944
Epoch :  13  Epoch time :  39.82158646299649  Train L2 Loss :  0.3298411299593938
Epoch :  14  Epoch time :  40.06180362300074  Train L2 Loss :  0.30399590207693666
Epoch :  15  Epoch time :  39.813219372001186  Train L2 Loss :  0.2854832119953174
Epoch :  16  Epoch time :  39.950415932995384  Train L2 Loss :  0.26620508515490937
Epoch :  17  Epoch time :  40.2097805960002  Train L2 Loss :  0.2501827390530171
Epoch :  18  Epoch time :  40.62031946500065  Train L2 Loss :  0.2345287043075913
Epoch :  19  Epoch time :  40.76347917700332  Train L2 Loss :  0.21911416594416666
Epoch :  20  Epoch time :  40.18032426800346  Train L2 Loss :  0.2061088382720183
Epoch :  21  Epoch time :  40.327599964999536  Train L2 Loss :  0.19444161027860948
Epoch :  22  Epoch time :  40.54068510599609  Train L2 Loss :  0.1845185152040078
Epoch :  23  Epoch time :  40.38742572099727  Train L2 Loss :  0.17589817566271776
Epoch :  24  Epoch time :  42.548958678002236  Train L2 Loss :  0.1694460896631846
Epoch :  25  Epoch time :  40.297690004998  Train L2 Loss :  0.16338361754344824
Epoch :  26  Epoch time :  40.576478312999825  Train L2 Loss :  0.1578256755064313
Epoch :  27  Epoch time :  40.88579461000336  Train L2 Loss :  0.15291283138764974
Epoch :  28  Epoch time :  40.51745158999984  Train L2 Loss :  0.14897176102758983
Epoch :  29  Epoch time :  40.967630382001516  Train L2 Loss :  0.14296838581466523
Epoch :  30  Epoch time :  41.157712109001295  Train L2 Loss :  0.14076361826692635
Epoch :  31  Epoch time :  41.675109913005144  Train L2 Loss :  0.13812046232991493
Epoch :  32  Epoch time :  41.30259880200174  Train L2 Loss :  0.13529664882196066
Epoch :  33  Epoch time :  40.47224537500006  Train L2 Loss :  0.1335997101970208
Epoch :  34  Epoch time :  40.851203598998836  Train L2 Loss :  0.1280079607087641
Epoch :  35  Epoch time :  40.985116143994674  Train L2 Loss :  0.12622521202772474
Epoch :  36  Epoch time :  40.99636605499836  Train L2 Loss :  0.1242057148200006
Epoch :  37  Epoch time :  41.3248853039986  Train L2 Loss :  0.1235923110268628
Epoch :  38  Epoch time :  41.253687169999466  Train L2 Loss :  0.11975647670288499
Epoch :  39  Epoch time :  41.57026968099672  Train L2 Loss :  0.11842059238980977
Epoch :  40  Epoch time :  41.618057343002874  Train L2 Loss :  0.11672027607281239
Epoch :  41  Epoch time :  42.01700641900243  Train L2 Loss :  0.11432117701340945
Epoch :  42  Epoch time :  41.20573839199642  Train L2 Loss :  0.11238089468903266
Epoch :  43  Epoch time :  41.518194275995484  Train L2 Loss :  0.11257721667583936
Epoch :  44  Epoch time :  41.66367000200262  Train L2 Loss :  0.10884263087064028
Epoch :  45  Epoch time :  42.08276961299998  Train L2 Loss :  0.10778215369926049
Epoch :  46  Epoch time :  42.015606722001394  Train L2 Loss :  0.10809988963107268
Epoch :  47  Epoch time :  42.188017613996635  Train L2 Loss :  0.1081082111176772
Epoch :  48  Epoch time :  41.741226512996946  Train L2 Loss :  0.1031786072282837
Epoch :  49  Epoch time :  41.34665342799417  Train L2 Loss :  0.10177338548386708
Epoch :  50  Epoch time :  42.548333979000745  Train L2 Loss :  0.10301754623651505
Epoch :  51  Epoch time :  41.06564176399843  Train L2 Loss :  0.10138568695252523
Epoch :  52  Epoch time :  41.57533652699931  Train L2 Loss :  0.0981778103667192
Epoch :  53  Epoch time :  42.16340483199747  Train L2 Loss :  0.09849070285996184
Epoch :  54  Epoch time :  42.18782682999881  Train L2 Loss :  0.09745267675950742
Epoch :  55  Epoch time :  42.86559390400362  Train L2 Loss :  0.09527239628518239
Epoch :  56  Epoch time :  42.220535791995644  Train L2 Loss :  0.09877155016725644
Epoch :  57  Epoch time :  41.77521029399941  Train L2 Loss :  0.09211223622640738
Epoch :  58  Epoch time :  42.947795553001924  Train L2 Loss :  0.09397432315521516
Epoch :  59  Epoch time :  42.16604147999897  Train L2 Loss :  0.09027255954555212
Epoch :  60  Epoch time :  42.584501777004334  Train L2 Loss :  0.09026512617054276
Epoch :  61  Epoch time :  42.69077495800593  Train L2 Loss :  0.08981215059518433
Epoch :  62  Epoch time :  42.667324969996116  Train L2 Loss :  0.09321316417593223
Epoch :  63  Epoch time :  42.64933121200011  Train L2 Loss :  0.08643831902494033
Epoch :  64  Epoch time :  43.10930394699972  Train L2 Loss :  0.08840762739045879
Epoch :  65  Epoch time :  41.933830091002164  Train L2 Loss :  0.08640692656477675
Epoch :  66  Epoch time :  42.243599729998095  Train L2 Loss :  0.0863809316442945
Epoch :  67  Epoch time :  41.99350237600447  Train L2 Loss :  0.08615050932917839
Epoch :  68  Epoch time :  41.96973158100445  Train L2 Loss :  0.08613057429782855
Epoch :  69  Epoch time :  42.244661793003615  Train L2 Loss :  0.08415830087585327
Epoch :  70  Epoch time :  43.31714625300083  Train L2 Loss :  0.08490942700360066
Epoch :  71  Epoch time :  42.49103638300585  Train L2 Loss :  0.08357066684999527
Epoch :  72  Epoch time :  42.74110877299972  Train L2 Loss :  0.08278780620401868
Epoch :  73  Epoch time :  42.79263582600106  Train L2 Loss :  0.08385019534482406
Epoch :  74  Epoch time :  42.75550643000315  Train L2 Loss :  0.08117638917592092
Epoch :  75  Epoch time :  42.68773592099751  Train L2 Loss :  0.08091873473798235
Epoch :  76  Epoch time :  43.55159325800196  Train L2 Loss :  0.08126000660017897
Epoch :  77  Epoch time :  42.72823789600079  Train L2 Loss :  0.08180207882124262
Epoch :  78  Epoch time :  43.382539161997556  Train L2 Loss :  0.08042694238993602
Epoch :  79  Epoch time :  43.04367213899968  Train L2 Loss :  0.07902985933021857
Epoch :  80  Epoch time :  42.78773597400141  Train L2 Loss :  0.08091218436423403
Epoch :  81  Epoch time :  43.06819155099947  Train L2 Loss :  0.07800916775774497
Epoch :  82  Epoch time :  43.189091129999724  Train L2 Loss :  0.0787750039404879
Epoch :  83  Epoch time :  43.41663024400623  Train L2 Loss :  0.07850052310058321
Epoch :  84  Epoch time :  43.85884413099848  Train L2 Loss :  0.08082714948492746
Epoch :  85  Epoch time :  43.880265585001325  Train L2 Loss :  0.0780687832679504
Epoch :  86  Epoch time :  43.09015770800033  Train L2 Loss :  0.0766370106034745
Epoch :  87  Epoch time :  43.08794194099755  Train L2 Loss :  0.0780619824758898
Epoch :  88  Epoch time :  42.82368559599854  Train L2 Loss :  0.07721513830937254
Epoch :  89  Epoch time :  42.82762684000045  Train L2 Loss :  0.077979969792068
Epoch :  90  Epoch time :  42.99636745099997  Train L2 Loss :  0.07479297545237037
Epoch :  91  Epoch time :  42.775728833003086  Train L2 Loss :  0.07707241156663841
Epoch :  92  Epoch time :  42.84884059099568  Train L2 Loss :  0.0770521985534101
Epoch :  93  Epoch time :  43.20023216699337  Train L2 Loss :  0.07630949843531618
Epoch :  94  Epoch time :  43.31542969200382  Train L2 Loss :  0.073312339766954
Epoch :  95  Epoch time :  42.95809933900455  Train L2 Loss :  0.07617279051397091
Epoch :  96  Epoch time :  43.02058535199467  Train L2 Loss :  0.07388475512823042
Epoch :  97  Epoch time :  43.22487025200098  Train L2 Loss :  0.0739421671590744
Epoch :  98  Epoch time :  43.844308828003705  Train L2 Loss :  0.07393328917141144
Epoch :  99  Epoch time :  42.86124810799811  Train L2 Loss :  0.07471205190253946
Epoch :  100  Epoch time :  43.61087445299927  Train L2 Loss :  0.059824054601053014
Epoch :  101  Epoch time :  43.44449812200037  Train L2 Loss :  0.05945723308011507
Epoch :  102  Epoch time :  44.446720874002494  Train L2 Loss :  0.05990075368959552
Epoch :  103  Epoch time :  43.90413132499816  Train L2 Loss :  0.06007141966181688
Epoch :  104  Epoch time :  43.45037997500185  Train L2 Loss :  0.05976590578659223
Epoch :  105  Epoch time :  43.48453995699674  Train L2 Loss :  0.05975756403775169
Epoch :  106  Epoch time :  43.397947942998144  Train L2 Loss :  0.060041257502654426
Epoch :  107  Epoch time :  43.25544055500359  Train L2 Loss :  0.0596254628796417
Epoch :  108  Epoch time :  43.40210212000238  Train L2 Loss :  0.05928272275755612
Epoch :  109  Epoch time :  43.397614554996835  Train L2 Loss :  0.059258022715743534
Epoch :  110  Epoch time :  43.38677544699749  Train L2 Loss :  0.05919463782069775
Epoch :  111  Epoch time :  44.68915641899366  Train L2 Loss :  0.05866248658500039
Epoch :  112  Epoch time :  43.25320866299444  Train L2 Loss :  0.05850828250941749
Epoch :  113  Epoch time :  43.663626643996395  Train L2 Loss :  0.05859520334081772
Epoch :  114  Epoch time :  43.627256061998196  Train L2 Loss :  0.058144625347967334
Epoch :  115  Epoch time :  43.50827717300126  Train L2 Loss :  0.05859938598214052
Epoch :  116  Epoch time :  43.65100253900164  Train L2 Loss :  0.05752234184780182
Epoch :  117  Epoch time :  43.801344038001844  Train L2 Loss :  0.05765033558679697
Epoch :  118  Epoch time :  43.664791051000066  Train L2 Loss :  0.057639895842816584
Epoch :  119  Epoch time :  44.83633633499994  Train L2 Loss :  0.057470939587801695
Epoch :  120  Epoch time :  43.76674760699825  Train L2 Loss :  0.05702415655534237
Epoch :  121  Epoch time :  43.46436701800121  Train L2 Loss :  0.05728329501998348
Epoch :  122  Epoch time :  44.010881196998525  Train L2 Loss :  0.05685096148114938
Epoch :  123  Epoch time :  43.93784566799877  Train L2 Loss :  0.05662130751909736
Epoch :  124  Epoch time :  44.50168154400308  Train L2 Loss :  0.057120200974914506
Epoch :  125  Epoch time :  44.263296999000886  Train L2 Loss :  0.05618421788303516
Epoch :  126  Epoch time :  44.100166907999665  Train L2 Loss :  0.056407581274517074
Epoch :  127  Epoch time :  44.745170014000905  Train L2 Loss :  0.056210407318595126
Epoch :  128  Epoch time :  45.016748827998526  Train L2 Loss :  0.055907562375068665
Epoch :  129  Epoch time :  44.60260473800008  Train L2 Loss :  0.056006759960347645
Epoch :  130  Epoch time :  44.42586657300126  Train L2 Loss :  0.055689971261204056
Epoch :  131  Epoch time :  44.465237802003685  Train L2 Loss :  0.05587775428564502
Epoch :  132  Epoch time :  44.315693942997314  Train L2 Loss :  0.05560440783245632
Epoch :  133  Epoch time :  43.97609080500115  Train L2 Loss :  0.05527926220272023
Epoch :  134  Epoch time :  44.27707865499542  Train L2 Loss :  0.05551230686549575
Epoch :  135  Epoch time :  44.171347501003766  Train L2 Loss :  0.05511687280466923
Epoch :  136  Epoch time :  45.404086139002175  Train L2 Loss :  0.05487865788671069
Epoch :  137  Epoch time :  44.35481247300049  Train L2 Loss :  0.05492628739478114
Epoch :  138  Epoch time :  44.82063432299765  Train L2 Loss :  0.055111816009649865
Epoch :  139  Epoch time :  44.768651004000276  Train L2 Loss :  0.05461221714862264
Epoch :  140  Epoch time :  44.557263530005  Train L2 Loss :  0.05468755220182431
Epoch :  141  Epoch time :  44.31831182799942  Train L2 Loss :  0.054305897977871775
Epoch :  142  Epoch time :  44.48209402900102  Train L2 Loss :  0.05416280873573552
Epoch :  143  Epoch time :  44.69732888099679  Train L2 Loss :  0.05402863839378533
Epoch :  144  Epoch time :  44.890843581997615  Train L2 Loss :  0.05419206609710669
Epoch :  145  Epoch time :  45.20872222100297  Train L2 Loss :  0.053920236022139974
Epoch :  146  Epoch time :  44.71149940200121  Train L2 Loss :  0.05371785658196761
Epoch :  147  Epoch time :  44.73593121200247  Train L2 Loss :  0.05355214158025307
Epoch :  148  Epoch time :  44.791676765002194  Train L2 Loss :  0.05367066517161826
Epoch :  149  Epoch time :  44.7768926120043  Train L2 Loss :  0.05368805061786985
Epoch :  150  Epoch time :  45.6500190930019  Train L2 Loss :  0.053203836023712
Epoch :  151  Epoch time :  45.67076785399695  Train L2 Loss :  0.0531259000611802
Epoch :  152  Epoch time :  45.951984607003396  Train L2 Loss :  0.05281231436544122
Epoch :  153  Epoch time :  45.25463714799844  Train L2 Loss :  0.05319859485070293
Epoch :  154  Epoch time :  45.69021667400375  Train L2 Loss :  0.05256751196411175
Epoch :  155  Epoch time :  47.69555199400202  Train L2 Loss :  0.052880418713753805
Epoch :  156  Epoch time :  45.31393976399704  Train L2 Loss :  0.0522519750520587
Epoch :  157  Epoch time :  45.866399555998214  Train L2 Loss :  0.05210309103131294
Epoch :  158  Epoch time :  45.74749204800173  Train L2 Loss :  0.05230572072263712
Epoch :  159  Epoch time :  45.473240638995776  Train L2 Loss :  0.05155705783563929
Epoch :  160  Epoch time :  45.198391694997554  Train L2 Loss :  0.052360509438679
Epoch :  161  Epoch time :  45.295381992997136  Train L2 Loss :  0.051728949058227815
Epoch :  162  Epoch time :  45.62131067900191  Train L2 Loss :  0.051396369092309706
Epoch :  163  Epoch time :  44.68592788899696  Train L2 Loss :  0.05150235840716423
Epoch :  164  Epoch time :  44.96800937200169  Train L2 Loss :  0.05196480604055791
Epoch :  165  Epoch time :  44.93889777100412  Train L2 Loss :  0.05136306931336339
Epoch :  166  Epoch time :  45.57552418400155  Train L2 Loss :  0.05112606244615446
Epoch :  167  Epoch time :  45.87051546799921  Train L2 Loss :  0.050838113422147356
Epoch :  168  Epoch time :  45.841373875999125  Train L2 Loss :  0.05106878257953586
Epoch :  169  Epoch time :  45.39744863300439  Train L2 Loss :  0.05092615915987736
Epoch :  170  Epoch time :  45.62447920200066  Train L2 Loss :  0.05107455137066352
Epoch :  171  Epoch time :  45.600674970999535  Train L2 Loss :  0.05082581552844017
Epoch :  172  Epoch time :  45.66814393099776  Train L2 Loss :  0.050642138735080756
Epoch :  173  Epoch time :  45.4467722739937  Train L2 Loss :  0.05050363975505416
Epoch :  174  Epoch time :  45.5540278030021  Train L2 Loss :  0.05045526197705513
Epoch :  175  Epoch time :  45.7096707899982  Train L2 Loss :  0.0507754984861001
Epoch :  176  Epoch time :  46.1041862130005  Train L2 Loss :  0.05017705382898641
Epoch :  177  Epoch time :  45.509518386999844  Train L2 Loss :  0.050083324372863926
Epoch :  178  Epoch time :  45.38375373999588  Train L2 Loss :  0.05054143464001708
Epoch :  179  Epoch time :  45.35552106200339  Train L2 Loss :  0.049612529474334456
Epoch :  180  Epoch time :  46.64119786799711  Train L2 Loss :  0.05032002395735337
Epoch :  181  Epoch time :  46.9115737309985  Train L2 Loss :  0.04929933296994139
Epoch :  182  Epoch time :  45.952559484998346  Train L2 Loss :  0.0496956930639079
Epoch :  183  Epoch time :  45.933466955997574  Train L2 Loss :  0.049580432379092924
Epoch :  184  Epoch time :  46.156575232998875  Train L2 Loss :  0.04951285493249694
Epoch :  185  Epoch time :  46.395934191998094  Train L2 Loss :  0.049398153381517686
Epoch :  186  Epoch time :  46.74577759500244  Train L2 Loss :  0.04955933688399501
Epoch :  187  Epoch time :  40.74398130100599  Train L2 Loss :  0.04924617446242617
Epoch :  188  Epoch time :  30.710086625003896  Train L2 Loss :  0.049200820366446026
Epoch :  189  Epoch time :  30.31430919899867  Train L2 Loss :  0.04891699119112813
Epoch :  190  Epoch time :  30.395284897000238  Train L2 Loss :  0.049136755522340536
Epoch :  191  Epoch time :  30.319656973995734  Train L2 Loss :  0.04849579487927258
Epoch :  192  Epoch time :  30.346918624003592  Train L2 Loss :  0.04856077009716477
Epoch :  193  Epoch time :  30.345760431002418  Train L2 Loss :  0.04845740135090473
Epoch :  194  Epoch time :  32.88706116299727  Train L2 Loss :  0.048438601362972684
Epoch :  195  Epoch time :  35.05929829500383  Train L2 Loss :  0.048419275016595535
Epoch :  196  Epoch time :  39.11431528899993  Train L2 Loss :  0.04841920907776325
Epoch :  197  Epoch time :  35.36743338999804  Train L2 Loss :  0.048204336494493946
Epoch :  198  Epoch time :  38.20691622800223  Train L2 Loss :  0.04819964155411491
Epoch :  199  Epoch time :  38.71241899400047  Train L2 Loss :  0.04800239536696328
Total time is : 8512.496249705997 Total epoch is  200
