Energy is  1.199040866595169e-14
Input dim :  128  output dim :  4096
99457
Epoch :  0  Epoch time :  1.2269893670454621  Train L2 Loss :  4.381683760833741
Epoch :  1  Epoch time :  1.0515622720122337  Train L2 Loss :  2.094431064224243
Epoch :  2  Epoch time :  1.0500439209863544  Train L2 Loss :  1.476910235786438
Epoch :  3  Epoch time :  1.0512841548770666  Train L2 Loss :  1.0854559617996216
Epoch :  4  Epoch time :  1.048840713687241  Train L2 Loss :  0.8397344540596008
Epoch :  5  Epoch time :  1.0501516023650765  Train L2 Loss :  0.6570120223045349
Epoch :  6  Epoch time :  1.0495646372437477  Train L2 Loss :  0.5465021982192994
Epoch :  7  Epoch time :  1.0512570720165968  Train L2 Loss :  0.49111006946563723
Epoch :  8  Epoch time :  1.0495731113478541  Train L2 Loss :  0.4405586787223816
Epoch :  9  Epoch time :  1.0483665773645043  Train L2 Loss :  0.4334870638370514
Epoch :  10  Epoch time :  1.0495525319129229  Train L2 Loss :  0.4234822991371155
Epoch :  11  Epoch time :  1.0505348416045308  Train L2 Loss :  0.4099627912044525
Epoch :  12  Epoch time :  1.0521929450333118  Train L2 Loss :  0.36571448011398316
Epoch :  13  Epoch time :  1.0528322290629148  Train L2 Loss :  0.3613567620277405
Epoch :  14  Epoch time :  1.0494999270886183  Train L2 Loss :  0.344318420791626
Epoch :  15  Epoch time :  1.0530562615022063  Train L2 Loss :  0.3396417841911316
Epoch :  16  Epoch time :  1.0507035329937935  Train L2 Loss :  0.314092048740387
Epoch :  17  Epoch time :  1.0510601717978716  Train L2 Loss :  0.3020432192325592
Epoch :  18  Epoch time :  1.0521576590836048  Train L2 Loss :  0.2877292239189148
Epoch :  19  Epoch time :  1.052304184064269  Train L2 Loss :  0.2812981691837311
Epoch :  20  Epoch time :  1.052628849633038  Train L2 Loss :  0.2705428320407867
Epoch :  21  Epoch time :  1.0533860055729747  Train L2 Loss :  0.2495458463191986
Epoch :  22  Epoch time :  1.0532680600881577  Train L2 Loss :  0.237906219625473
Epoch :  23  Epoch time :  1.0578768448904157  Train L2 Loss :  0.24052829785346985
Epoch :  24  Epoch time :  1.057498156093061  Train L2 Loss :  0.22274975452423096
Epoch :  25  Epoch time :  1.0559042524546385  Train L2 Loss :  0.21662317242622375
Epoch :  26  Epoch time :  1.0569391027092934  Train L2 Loss :  0.23057068057060243
Epoch :  27  Epoch time :  1.0564714903011918  Train L2 Loss :  0.20640740041732789
Epoch :  28  Epoch time :  1.0552284317091107  Train L2 Loss :  0.19171000566482543
Epoch :  29  Epoch time :  1.0543371830135584  Train L2 Loss :  0.19585298671722412
Epoch :  30  Epoch time :  1.0553448852151632  Train L2 Loss :  0.19106349811553955
Epoch :  31  Epoch time :  1.0568539518862963  Train L2 Loss :  0.179429252076149
Epoch :  32  Epoch time :  1.0551583096385002  Train L2 Loss :  0.1793497109889984
Epoch :  33  Epoch time :  1.0560284433886409  Train L2 Loss :  0.16479117159843445
Epoch :  34  Epoch time :  1.0584911033511162  Train L2 Loss :  0.15886251697540282
Epoch :  35  Epoch time :  1.0555140860378742  Train L2 Loss :  0.1591564287185669
Epoch :  36  Epoch time :  1.0558508662506938  Train L2 Loss :  0.16721640276908875
Epoch :  37  Epoch time :  1.0587632711976767  Train L2 Loss :  0.1464771052122116
Epoch :  38  Epoch time :  1.0528397765010595  Train L2 Loss :  0.1538404037952423
Epoch :  39  Epoch time :  1.055100118741393  Train L2 Loss :  0.14804679536819457
Epoch :  40  Epoch time :  1.0546784522011876  Train L2 Loss :  0.15392761750221254
Epoch :  41  Epoch time :  1.0548478169366717  Train L2 Loss :  0.1416406899213791
Epoch :  42  Epoch time :  1.0546706560999155  Train L2 Loss :  0.14253757262229919
Epoch :  43  Epoch time :  1.0550516908988357  Train L2 Loss :  0.1454840327978134
Epoch :  44  Epoch time :  1.0531025808304548  Train L2 Loss :  0.1280207763195038
Epoch :  45  Epoch time :  1.054790599271655  Train L2 Loss :  0.1358699203491211
Epoch :  46  Epoch time :  1.053638749755919  Train L2 Loss :  0.13560848894119262
Epoch :  47  Epoch time :  1.061844004318118  Train L2 Loss :  0.12699093866348266
Epoch :  48  Epoch time :  1.0545864440500736  Train L2 Loss :  0.12818052399158478
Epoch :  49  Epoch time :  1.0551036996766925  Train L2 Loss :  0.14073058665990829
Epoch :  50  Epoch time :  1.0541767505928874  Train L2 Loss :  0.13036252179145813
Epoch :  51  Epoch time :  1.0641658892855048  Train L2 Loss :  0.12958961381912232
Epoch :  52  Epoch time :  1.0538458302617073  Train L2 Loss :  0.13190864111185074
Epoch :  53  Epoch time :  1.0577150965109468  Train L2 Loss :  0.11599963314533233
Epoch :  54  Epoch time :  1.0534640504047275  Train L2 Loss :  0.12066670709848404
Epoch :  55  Epoch time :  1.0553338145837188  Train L2 Loss :  0.11923677372932434
Epoch :  56  Epoch time :  1.0593476258218288  Train L2 Loss :  0.1122484422326088
Epoch :  57  Epoch time :  1.0552618578076363  Train L2 Loss :  0.11695740398168564
Epoch :  58  Epoch time :  1.0541637456044555  Train L2 Loss :  0.11423896852731705
Epoch :  59  Epoch time :  1.055453316308558  Train L2 Loss :  0.11805267012119293
Epoch :  60  Epoch time :  1.0562026081606746  Train L2 Loss :  0.10874042932987213
Epoch :  61  Epoch time :  1.0576723366975784  Train L2 Loss :  0.11556876423358917
Epoch :  62  Epoch time :  1.0568494815379381  Train L2 Loss :  0.1043062479019165
Epoch :  63  Epoch time :  1.0562123637646437  Train L2 Loss :  0.11113672120571136
Epoch :  64  Epoch time :  1.0566838886588812  Train L2 Loss :  0.10232378188371659
Epoch :  65  Epoch time :  1.0560501720756292  Train L2 Loss :  0.10330975720882415
Epoch :  66  Epoch time :  1.0583295514807105  Train L2 Loss :  0.11308486320972443
Epoch :  67  Epoch time :  1.0568370167165995  Train L2 Loss :  0.10501974704265594
Epoch :  68  Epoch time :  1.057208202779293  Train L2 Loss :  0.09464894232749939
Epoch :  69  Epoch time :  1.0556549802422523  Train L2 Loss :  0.10129675076007844
Epoch :  70  Epoch time :  1.0581604177132249  Train L2 Loss :  0.10467857632637025
Epoch :  71  Epoch time :  1.0577647918835282  Train L2 Loss :  0.0957418993473053
Epoch :  72  Epoch time :  1.0573883168399334  Train L2 Loss :  0.09506132907867432
Epoch :  73  Epoch time :  1.0563714718446136  Train L2 Loss :  0.10040161762237548
Epoch :  74  Epoch time :  1.0579305291175842  Train L2 Loss :  0.09092948933839798
Epoch :  75  Epoch time :  1.0619905199855566  Train L2 Loss :  0.09973408932685852
Epoch :  76  Epoch time :  1.0577670624479651  Train L2 Loss :  0.09104509313106537
Epoch :  77  Epoch time :  1.0586668066680431  Train L2 Loss :  0.09171555292606354
Epoch :  78  Epoch time :  1.0580459954217076  Train L2 Loss :  0.09782307897806168
Epoch :  79  Epoch time :  1.0591530036181211  Train L2 Loss :  0.09122163107395172
Epoch :  80  Epoch time :  1.0652330555021763  Train L2 Loss :  0.09220721707344055
Epoch :  81  Epoch time :  1.0578774474561214  Train L2 Loss :  0.09187652764320374
Epoch :  82  Epoch time :  1.059307862073183  Train L2 Loss :  0.09945277339220047
Epoch :  83  Epoch time :  1.0577332293614745  Train L2 Loss :  0.0836561221241951
Epoch :  84  Epoch time :  1.058887637220323  Train L2 Loss :  0.08483388115167617
Epoch :  85  Epoch time :  1.0606110459193587  Train L2 Loss :  0.09269053102731704
Epoch :  86  Epoch time :  1.0589956678450108  Train L2 Loss :  0.08795068249702453
Epoch :  87  Epoch time :  1.059507948346436  Train L2 Loss :  0.08447112265825271
Epoch :  88  Epoch time :  1.0579915419220924  Train L2 Loss :  0.09076907439231872
Epoch :  89  Epoch time :  1.0593229494988918  Train L2 Loss :  0.0854793918967247
Epoch :  90  Epoch time :  1.0590517055243254  Train L2 Loss :  0.08639970382452011
Epoch :  91  Epoch time :  1.0598970130085945  Train L2 Loss :  0.08561716068983077
Epoch :  92  Epoch time :  1.0596299590542912  Train L2 Loss :  0.0788793995141983
Epoch :  93  Epoch time :  1.0588714694604278  Train L2 Loss :  0.07869719474315644
Epoch :  94  Epoch time :  1.0623281048610806  Train L2 Loss :  0.07818093091249466
Epoch :  95  Epoch time :  1.0597795257344842  Train L2 Loss :  0.08433124749660492
Epoch :  96  Epoch time :  1.0584651995450258  Train L2 Loss :  0.08383202512264251
Epoch :  97  Epoch time :  1.058843263424933  Train L2 Loss :  0.07829808799028397
Epoch :  98  Epoch time :  1.061554959975183  Train L2 Loss :  0.08084484337568283
Epoch :  99  Epoch time :  1.0615790709853172  Train L2 Loss :  0.07757516129016877
Epoch :  100  Epoch time :  1.060765627771616  Train L2 Loss :  0.050779648911952975
Epoch :  101  Epoch time :  1.0642175376415253  Train L2 Loss :  0.048142643558979036
Epoch :  102  Epoch time :  1.0617715753614902  Train L2 Loss :  0.04841937037706375
Epoch :  103  Epoch time :  1.060969416052103  Train L2 Loss :  0.05118079874515533
Epoch :  104  Epoch time :  1.064033462665975  Train L2 Loss :  0.05155850155353546
Epoch :  105  Epoch time :  1.0615818928927183  Train L2 Loss :  0.05207320840358734
Epoch :  106  Epoch time :  1.0612762486562133  Train L2 Loss :  0.053131996792554856
Epoch :  107  Epoch time :  1.060656376183033  Train L2 Loss :  0.05296545397043228
Epoch :  108  Epoch time :  1.0605849493294954  Train L2 Loss :  0.05187456185817718
Epoch :  109  Epoch time :  1.0638191420584917  Train L2 Loss :  0.051763229089975354
Epoch :  110  Epoch time :  1.0611841343343258  Train L2 Loss :  0.053489185881614686
Epoch :  111  Epoch time :  1.0618698969483376  Train L2 Loss :  0.05175925975441933
Epoch :  112  Epoch time :  1.0599432419985533  Train L2 Loss :  0.05132395730614662
Epoch :  113  Epoch time :  1.0623773243278265  Train L2 Loss :  0.05319015870690346
Epoch :  114  Epoch time :  1.060276385396719  Train L2 Loss :  0.05193840267658233
Epoch :  115  Epoch time :  1.0597375174984336  Train L2 Loss :  0.050904974400997165
Epoch :  116  Epoch time :  1.0604317570105195  Train L2 Loss :  0.052941726404428485
Epoch :  117  Epoch time :  1.0606868723407388  Train L2 Loss :  0.05034358001947403
Epoch :  118  Epoch time :  1.0694265281781554  Train L2 Loss :  0.05112118784785271
Epoch :  119  Epoch time :  1.060926734469831  Train L2 Loss :  0.05114489744901657
Epoch :  120  Epoch time :  1.062841503880918  Train L2 Loss :  0.051495800668001177
Epoch :  121  Epoch time :  1.0607204865664244  Train L2 Loss :  0.050384232747554776
Epoch :  122  Epoch time :  1.0607187142595649  Train L2 Loss :  0.05164937101602554
Epoch :  123  Epoch time :  1.0627882201224566  Train L2 Loss :  0.05032160326242447
Epoch :  124  Epoch time :  1.0627497918903828  Train L2 Loss :  0.049904628574848175
Epoch :  125  Epoch time :  1.062105561606586  Train L2 Loss :  0.04913431460857391
Epoch :  126  Epoch time :  1.0617300486192107  Train L2 Loss :  0.05052744896411896
Epoch :  127  Epoch time :  1.0623743096366525  Train L2 Loss :  0.04912612654566765
Epoch :  128  Epoch time :  1.0685194050893188  Train L2 Loss :  0.04911434717774391
Epoch :  129  Epoch time :  1.0641228342428803  Train L2 Loss :  0.049608119451999666
Epoch :  130  Epoch time :  1.0623687477782369  Train L2 Loss :  0.04868288196325302
Epoch :  131  Epoch time :  1.063278934918344  Train L2 Loss :  0.04985980648994446
Epoch :  132  Epoch time :  1.0633320473134518  Train L2 Loss :  0.049653145599365234
Epoch :  133  Epoch time :  1.062256557866931  Train L2 Loss :  0.04897590129971504
Epoch :  134  Epoch time :  1.0640548467636108  Train L2 Loss :  0.04871649074554443
Epoch :  135  Epoch time :  1.0673887375742197  Train L2 Loss :  0.048352291375398634
Epoch :  136  Epoch time :  1.0640691993758082  Train L2 Loss :  0.049322132140398024
Epoch :  137  Epoch time :  1.0662642503157258  Train L2 Loss :  0.04860225003361702
Epoch :  138  Epoch time :  1.0641945945098996  Train L2 Loss :  0.049783273249864576
Epoch :  139  Epoch time :  1.0657330369576812  Train L2 Loss :  0.04735037237405777
Epoch :  140  Epoch time :  1.0645719897001982  Train L2 Loss :  0.047075692826509474
Epoch :  141  Epoch time :  1.0636493721976876  Train L2 Loss :  0.04747182326316834
Epoch :  142  Epoch time :  1.0643470520153642  Train L2 Loss :  0.047854640865325926
Epoch :  143  Epoch time :  1.0648492192849517  Train L2 Loss :  0.046693659591674805
Epoch :  144  Epoch time :  1.063174119219184  Train L2 Loss :  0.047059322673082354
Epoch :  145  Epoch time :  1.0625428203493357  Train L2 Loss :  0.04815866811871529
Epoch :  146  Epoch time :  1.0642884140834212  Train L2 Loss :  0.04618787533044815
Epoch :  147  Epoch time :  1.0640511494129896  Train L2 Loss :  0.0463476151227951
Epoch :  148  Epoch time :  1.062395540997386  Train L2 Loss :  0.04633799828886986
Epoch :  149  Epoch time :  1.061119705438614  Train L2 Loss :  0.04606606345176697
Epoch :  150  Epoch time :  1.0645889658480883  Train L2 Loss :  0.04766635285615921
Epoch :  151  Epoch time :  1.0641939686611295  Train L2 Loss :  0.044882513481378554
Epoch :  152  Epoch time :  1.063251850195229  Train L2 Loss :  0.0455219538807869
Epoch :  153  Epoch time :  1.063285837881267  Train L2 Loss :  0.04595185477733612
Epoch :  154  Epoch time :  1.0644777156412601  Train L2 Loss :  0.046754863959550856
Epoch :  155  Epoch time :  1.0635707462206483  Train L2 Loss :  0.04608718900680542
Epoch :  156  Epoch time :  1.0646158372983336  Train L2 Loss :  0.0448772870182991
Epoch :  157  Epoch time :  1.0630002794787288  Train L2 Loss :  0.04486761714816093
Epoch :  158  Epoch time :  1.070232487283647  Train L2 Loss :  0.04497807763814926
Epoch :  159  Epoch time :  1.063085955567658  Train L2 Loss :  0.04458101963400841
Epoch :  160  Epoch time :  1.0635980851948261  Train L2 Loss :  0.04523400894403458
Epoch :  161  Epoch time :  1.0685800071805716  Train L2 Loss :  0.043664892494678496
Epoch :  162  Epoch time :  1.063608642667532  Train L2 Loss :  0.044862258744239804
Epoch :  163  Epoch time :  1.0634973961859941  Train L2 Loss :  0.04359538402557373
Epoch :  164  Epoch time :  1.0622308421880007  Train L2 Loss :  0.04529908412694931
Epoch :  165  Epoch time :  1.0653062062337995  Train L2 Loss :  0.04542099030017853
Epoch :  166  Epoch time :  1.063177972100675  Train L2 Loss :  0.04368139989376068
Epoch :  167  Epoch time :  1.0636789863929152  Train L2 Loss :  0.04390340789556503
Epoch :  168  Epoch time :  1.0635431064292789  Train L2 Loss :  0.04310576877593994
Epoch :  169  Epoch time :  1.0651673935353756  Train L2 Loss :  0.045739125514030456
Epoch :  170  Epoch time :  1.0651832846924663  Train L2 Loss :  0.04384338281750679
Epoch :  171  Epoch time :  1.0642043044790626  Train L2 Loss :  0.04331319457292557
Epoch :  172  Epoch time :  1.0633358163759112  Train L2 Loss :  0.044862167000770566
Epoch :  173  Epoch time :  1.0654189214110374  Train L2 Loss :  0.04333188874721527
Epoch :  174  Epoch time :  1.0629809210076928  Train L2 Loss :  0.04230162045955658
Epoch :  175  Epoch time :  1.0634152684360743  Train L2 Loss :  0.04286236897110939
Epoch :  176  Epoch time :  1.0640143062919378  Train L2 Loss :  0.04439813435673714
Epoch :  177  Epoch time :  1.0630710013210773  Train L2 Loss :  0.042740251213312146
Epoch :  178  Epoch time :  1.062220823019743  Train L2 Loss :  0.041563337743282316
Epoch :  179  Epoch time :  1.0621280362829566  Train L2 Loss :  0.04279142205715179
Epoch :  180  Epoch time :  1.0657652569934726  Train L2 Loss :  0.042847435492277146
Epoch :  181  Epoch time :  1.062765578739345  Train L2 Loss :  0.04383551397919655
Epoch :  182  Epoch time :  1.0626422706991434  Train L2 Loss :  0.042216321468353274
Epoch :  183  Epoch time :  1.0624072635546327  Train L2 Loss :  0.04442246606349945
Epoch :  184  Epoch time :  1.0630558086559176  Train L2 Loss :  0.04204168774485588
Epoch :  185  Epoch time :  1.0640979409217834  Train L2 Loss :  0.04240942502617836
Epoch :  186  Epoch time :  1.0634526489302516  Train L2 Loss :  0.043666068363189696
Epoch :  187  Epoch time :  1.0638359989970922  Train L2 Loss :  0.04178691183328628
Epoch :  188  Epoch time :  1.0719098467379808  Train L2 Loss :  0.0424281263589859
Epoch :  189  Epoch time :  1.0642402190715075  Train L2 Loss :  0.0417772084414959
Epoch :  190  Epoch time :  1.0622606445103884  Train L2 Loss :  0.042982386881113055
Epoch :  191  Epoch time :  1.0640966482460499  Train L2 Loss :  0.04211114292740822
Epoch :  192  Epoch time :  1.065570398233831  Train L2 Loss :  0.04247371075153351
Epoch :  193  Epoch time :  1.0632448978722095  Train L2 Loss :  0.041061854714155195
Epoch :  194  Epoch time :  1.0654234271496534  Train L2 Loss :  0.04146929466724396
Epoch :  195  Epoch time :  1.0641604820266366  Train L2 Loss :  0.040291000473499296
Epoch :  196  Epoch time :  1.0649579567834735  Train L2 Loss :  0.04331469733715057
Epoch :  197  Epoch time :  1.0626729158684611  Train L2 Loss :  0.04198957456946373
Epoch :  198  Epoch time :  1.0643634088337421  Train L2 Loss :  0.040704919755458834
Epoch :  199  Epoch time :  1.0667522512376308  Train L2 Loss :  0.04044574862718582
Epoch :  200  Epoch time :  1.0647251261398196  Train L2 Loss :  0.03301673110127449
Epoch :  201  Epoch time :  1.0647662971168756  Train L2 Loss :  0.032094189536571505
Epoch :  202  Epoch time :  1.0640837401151657  Train L2 Loss :  0.03273931280374527
Epoch :  203  Epoch time :  1.0661767069250345  Train L2 Loss :  0.033194391918182374
Epoch :  204  Epoch time :  1.0680375695228577  Train L2 Loss :  0.03341258644461632
Epoch :  205  Epoch time :  1.0635111797600985  Train L2 Loss :  0.03360976647138596
Epoch :  206  Epoch time :  1.0651878826320171  Train L2 Loss :  0.03353374836444855
Epoch :  207  Epoch time :  1.0626160148531199  Train L2 Loss :  0.03345561704337597
Epoch :  208  Epoch time :  1.0643934020772576  Train L2 Loss :  0.03352697075903416
Epoch :  209  Epoch time :  1.0685047656297684  Train L2 Loss :  0.033490029257535935
Epoch :  210  Epoch time :  1.0653269877657294  Train L2 Loss :  0.033696032756567004
Epoch :  211  Epoch time :  1.062752372585237  Train L2 Loss :  0.0332263705432415
Epoch :  212  Epoch time :  1.0637991661205888  Train L2 Loss :  0.033421696865558626
Epoch :  213  Epoch time :  1.065168434754014  Train L2 Loss :  0.033758788388967516
Epoch :  214  Epoch time :  1.065189415588975  Train L2 Loss :  0.033246062707901
Epoch :  215  Epoch time :  1.0640447549521923  Train L2 Loss :  0.03291404225826263
Epoch :  216  Epoch time :  1.063833269290626  Train L2 Loss :  0.03324909099936485
Epoch :  217  Epoch time :  1.063440714031458  Train L2 Loss :  0.033569837659597396
Epoch :  218  Epoch time :  1.0734518701210618  Train L2 Loss :  0.03325505457520485
Epoch :  219  Epoch time :  1.0651582721620798  Train L2 Loss :  0.033213478311896326
Epoch :  220  Epoch time :  1.0655189026147127  Train L2 Loss :  0.033101615399122236
Epoch :  221  Epoch time :  1.064695225097239  Train L2 Loss :  0.03309481419920921
Epoch :  222  Epoch time :  1.0649054860696197  Train L2 Loss :  0.03307528278827667
Epoch :  223  Epoch time :  1.067306806333363  Train L2 Loss :  0.03274345495700836
Epoch :  224  Epoch time :  1.0639723474159837  Train L2 Loss :  0.03328287234902382
Epoch :  225  Epoch time :  1.0642708577215672  Train L2 Loss :  0.03274553417563438
Epoch :  226  Epoch time :  1.064479106105864  Train L2 Loss :  0.03282338565587997
Epoch :  227  Epoch time :  1.0640430077910423  Train L2 Loss :  0.033013290226459505
Epoch :  228  Epoch time :  1.0644770618528128  Train L2 Loss :  0.032990238654613493
Epoch :  229  Epoch time :  1.0658790245652199  Train L2 Loss :  0.03297101915478706
Epoch :  230  Epoch time :  1.0624819565564394  Train L2 Loss :  0.03253866431117058
Epoch :  231  Epoch time :  1.0640100417658687  Train L2 Loss :  0.032741727045178415
Epoch :  232  Epoch time :  1.0645349733531475  Train L2 Loss :  0.032661644837260244
Epoch :  233  Epoch time :  1.0646530585363507  Train L2 Loss :  0.03264318976402283
Epoch :  234  Epoch time :  1.0637598000466824  Train L2 Loss :  0.03283615854382515
Epoch :  235  Epoch time :  1.0633559301495552  Train L2 Loss :  0.032562928885221484
Epoch :  236  Epoch time :  1.0644080946221948  Train L2 Loss :  0.032742435038089754
Epoch :  237  Epoch time :  1.0696624964475632  Train L2 Loss :  0.032502349177002905
Epoch :  238  Epoch time :  1.0645250584930182  Train L2 Loss :  0.03261456658244133
Epoch :  239  Epoch time :  1.0652763862162828  Train L2 Loss :  0.03251257256269455
Epoch :  240  Epoch time :  1.0642472878098488  Train L2 Loss :  0.032328861075639724
Epoch :  241  Epoch time :  1.0634791888296604  Train L2 Loss :  0.03261440695226193
Epoch :  242  Epoch time :  1.0646835509687662  Train L2 Loss :  0.03226673822402954
Epoch :  243  Epoch time :  1.0637505762279034  Train L2 Loss :  0.03234306121468544
Epoch :  244  Epoch time :  1.0639009093865752  Train L2 Loss :  0.03193235070407391
Epoch :  245  Epoch time :  1.0638727750629187  Train L2 Loss :  0.03211039486825466
Epoch :  246  Epoch time :  1.0641653081402183  Train L2 Loss :  0.032263694339990615
Epoch :  247  Epoch time :  1.0622395370155573  Train L2 Loss :  0.03227325728535652
Epoch :  248  Epoch time :  1.0758601371198893  Train L2 Loss :  0.03192258547544479
Epoch :  249  Epoch time :  1.0639278497546911  Train L2 Loss :  0.03228836724162102
Epoch :  250  Epoch time :  1.064760402776301  Train L2 Loss :  0.03228341443538666
Epoch :  251  Epoch time :  1.0648504318669438  Train L2 Loss :  0.032268149733543396
Epoch :  252  Epoch time :  1.064280022867024  Train L2 Loss :  0.032089862155914306
Epoch :  253  Epoch time :  1.0628416538238525  Train L2 Loss :  0.0322138541251421
Epoch :  254  Epoch time :  1.0638562804087996  Train L2 Loss :  0.03216689417958259
Epoch :  255  Epoch time :  1.06448726169765  Train L2 Loss :  0.031457567125558854
Epoch :  256  Epoch time :  1.0644792960956693  Train L2 Loss :  0.032026791870594026
Epoch :  257  Epoch time :  1.0649864971637726  Train L2 Loss :  0.03212350178062916
Epoch :  258  Epoch time :  1.0641212351620197  Train L2 Loss :  0.031729601204395295
Epoch :  259  Epoch time :  1.0661160768941045  Train L2 Loss :  0.03207322416901588
Epoch :  260  Epoch time :  1.0706518897786736  Train L2 Loss :  0.031683020824193955
Epoch :  261  Epoch time :  1.0655251871794462  Train L2 Loss :  0.031680447405576705
Epoch :  262  Epoch time :  1.0645928643643856  Train L2 Loss :  0.03165406053364277
Epoch :  263  Epoch time :  1.0640187095850706  Train L2 Loss :  0.03238168113827705
Epoch :  264  Epoch time :  1.0636744368821383  Train L2 Loss :  0.03167698429822922
Epoch :  265  Epoch time :  1.0653973184525967  Train L2 Loss :  0.03167259842157364
Epoch :  266  Epoch time :  1.064319746568799  Train L2 Loss :  0.031635756278038024
Epoch :  267  Epoch time :  1.0645924508571625  Train L2 Loss :  0.0318346294939518
Epoch :  268  Epoch time :  1.063751693814993  Train L2 Loss :  0.03159270883202553
Epoch :  269  Epoch time :  1.0653610061854124  Train L2 Loss :  0.03166045107245445
Epoch :  270  Epoch time :  1.06643439643085  Train L2 Loss :  0.03178101696074009
Epoch :  271  Epoch time :  1.065615120343864  Train L2 Loss :  0.031673988020420075
Epoch :  272  Epoch time :  1.0636933101341128  Train L2 Loss :  0.0320288978099823
Epoch :  273  Epoch time :  1.0630973121151328  Train L2 Loss :  0.03137423733174801
Epoch :  274  Epoch time :  1.06368272844702  Train L2 Loss :  0.03143758248090744
Epoch :  275  Epoch time :  1.0638671610504389  Train L2 Loss :  0.03140407755970955
Epoch :  276  Epoch time :  1.0637919660657644  Train L2 Loss :  0.0318943607211113
Epoch :  277  Epoch time :  1.0618662126362324  Train L2 Loss :  0.031404851907491683
Epoch :  278  Epoch time :  1.0739215910434723  Train L2 Loss :  0.031535547816753384
Epoch :  279  Epoch time :  1.0674080811440945  Train L2 Loss :  0.03151702979207039
Epoch :  280  Epoch time :  1.0639950195327401  Train L2 Loss :  0.03148107845187187
Epoch :  281  Epoch time :  1.0661405120044947  Train L2 Loss :  0.031137476789951324
Epoch :  282  Epoch time :  1.0663852412253618  Train L2 Loss :  0.031331158265471455
Epoch :  283  Epoch time :  1.0669151758775115  Train L2 Loss :  0.03150575928092003
Epoch :  284  Epoch time :  1.0677067507058382  Train L2 Loss :  0.03131583697199822
Epoch :  285  Epoch time :  1.0674918200820684  Train L2 Loss :  0.031245995092391968
Epoch :  286  Epoch time :  1.0668825581669807  Train L2 Loss :  0.031217145714163782
Epoch :  287  Epoch time :  1.0646383771672845  Train L2 Loss :  0.031103598982095717
Epoch :  288  Epoch time :  1.0654887398704886  Train L2 Loss :  0.031159620559215544
Epoch :  289  Epoch time :  1.0688696540892124  Train L2 Loss :  0.03131818338036537
Epoch :  290  Epoch time :  1.0649960981681943  Train L2 Loss :  0.031372625195980074
Epoch :  291  Epoch time :  1.0650156736373901  Train L2 Loss :  0.031023930644989015
Epoch :  292  Epoch time :  1.066834557801485  Train L2 Loss :  0.03102357216477394
Epoch :  293  Epoch time :  1.0639109099283814  Train L2 Loss :  0.03112608150243759
Epoch :  294  Epoch time :  1.0664301486685872  Train L2 Loss :  0.030991065657138824
Epoch :  295  Epoch time :  1.065518700517714  Train L2 Loss :  0.03117557510137558
Epoch :  296  Epoch time :  1.0660771699622273  Train L2 Loss :  0.030666586354374886
Epoch :  297  Epoch time :  1.0642605544999242  Train L2 Loss :  0.03089515061080456
Epoch :  298  Epoch time :  1.075463199056685  Train L2 Loss :  0.030844471859931947
Epoch :  299  Epoch time :  1.0643926206976175  Train L2 Loss :  0.03064550361037254
Epoch :  300  Epoch time :  1.0662604989483953  Train L2 Loss :  0.027675345510244368
Epoch :  301  Epoch time :  1.0650297636166215  Train L2 Loss :  0.027427306419610976
Epoch :  302  Epoch time :  1.0657095862552524  Train L2 Loss :  0.027596287709474563
Epoch :  303  Epoch time :  1.064763412810862  Train L2 Loss :  0.027669503635168076
Epoch :  304  Epoch time :  1.065470320172608  Train L2 Loss :  0.027725674921274184
Epoch :  305  Epoch time :  1.0647846041247249  Train L2 Loss :  0.027799972689151763
Epoch :  306  Epoch time :  1.0616117464378476  Train L2 Loss :  0.027696703267097472
Epoch :  307  Epoch time :  1.069713263772428  Train L2 Loss :  0.027723070964217188
Epoch :  308  Epoch time :  1.0705578438937664  Train L2 Loss :  0.027776581916213034
Epoch :  309  Epoch time :  1.0632536904886365  Train L2 Loss :  0.027813545471429824
Epoch :  310  Epoch time :  1.0649570664390922  Train L2 Loss :  0.027578041470050812
Epoch :  311  Epoch time :  1.0651026451960206  Train L2 Loss :  0.027677421009540557
Epoch :  312  Epoch time :  1.0638576904311776  Train L2 Loss :  0.027510836988687514
Epoch :  313  Epoch time :  1.0728154815733433  Train L2 Loss :  0.02765533514916897
Epoch :  314  Epoch time :  1.06237200088799  Train L2 Loss :  0.027598649460077285
Epoch :  315  Epoch time :  1.0662144403904676  Train L2 Loss :  0.027636286926269533
Epoch :  316  Epoch time :  1.0645321672782302  Train L2 Loss :  0.027493496787548064
Epoch :  317  Epoch time :  1.065311443991959  Train L2 Loss :  0.027530200639367102
Epoch :  318  Epoch time :  1.066596595570445  Train L2 Loss :  0.027415592283010482
Epoch :  319  Epoch time :  1.0650193393230438  Train L2 Loss :  0.027340441912412642
Epoch :  320  Epoch time :  1.064977110363543  Train L2 Loss :  0.027371420112252236
Epoch :  321  Epoch time :  1.0642314264550805  Train L2 Loss :  0.02747742375433445
Epoch :  322  Epoch time :  1.0679000867530704  Train L2 Loss :  0.02749938100874424
Epoch :  323  Epoch time :  1.0655353106558323  Train L2 Loss :  0.0273191438883543
Epoch :  324  Epoch time :  1.063244710676372  Train L2 Loss :  0.02741477742791176
Epoch :  325  Epoch time :  1.065431927330792  Train L2 Loss :  0.027475247195363046
Epoch :  326  Epoch time :  1.0676713921129704  Train L2 Loss :  0.02729178166091442
Epoch :  327  Epoch time :  1.0660688765347004  Train L2 Loss :  0.027195396703481676
Epoch :  328  Epoch time :  1.0660619596019387  Train L2 Loss :  0.027180610901117324
Epoch :  329  Epoch time :  1.0655343169346452  Train L2 Loss :  0.0272892590880394
Epoch :  330  Epoch time :  1.0644873874261975  Train L2 Loss :  0.027124471163749695
Epoch :  331  Epoch time :  1.0653850845992565  Train L2 Loss :  0.02716634482741356
Epoch :  332  Epoch time :  1.068408370949328  Train L2 Loss :  0.027210562735795973
Epoch :  333  Epoch time :  1.0660900780931115  Train L2 Loss :  0.027185885894298552
Epoch :  334  Epoch time :  1.0636452762410045  Train L2 Loss :  0.027146577632427216
Epoch :  335  Epoch time :  1.0637806011363864  Train L2 Loss :  0.027126359507441522
Epoch :  336  Epoch time :  1.0680898334831  Train L2 Loss :  0.0271190225481987
Epoch :  337  Epoch time :  1.072126797400415  Train L2 Loss :  0.027099239632487296
Epoch :  338  Epoch time :  1.0692251278087497  Train L2 Loss :  0.027107338151335716
Epoch :  339  Epoch time :  1.064720625989139  Train L2 Loss :  0.026925994330644607
Epoch :  340  Epoch time :  1.0657951226457953  Train L2 Loss :  0.02700978387594223
Epoch :  341  Epoch time :  1.0669003268703818  Train L2 Loss :  0.026916244947910308
Epoch :  342  Epoch time :  1.0667813066393137  Train L2 Loss :  0.026981129434704782
Epoch :  343  Epoch time :  1.0641253497451544  Train L2 Loss :  0.027006352335214614
Epoch :  344  Epoch time :  1.0664479620754719  Train L2 Loss :  0.026783336240053177
Epoch :  345  Epoch time :  1.068884170614183  Train L2 Loss :  0.026828984636068344
Epoch :  346  Epoch time :  1.0710594365373254  Train L2 Loss :  0.027006614899635316
Epoch :  347  Epoch time :  1.0660398565232754  Train L2 Loss :  0.026988869500160217
Epoch :  348  Epoch time :  1.068053338676691  Train L2 Loss :  0.026799419230222703
Epoch :  349  Epoch time :  1.0659990711137652  Train L2 Loss :  0.026840486031770708
Epoch :  350  Epoch time :  1.0658780196681619  Train L2 Loss :  0.02681003744006157
Epoch :  351  Epoch time :  1.066024505533278  Train L2 Loss :  0.02683319928944111
Epoch :  352  Epoch time :  1.066856686025858  Train L2 Loss :  0.026697571974992753
Epoch :  353  Epoch time :  1.0648024817928672  Train L2 Loss :  0.026789920994639397
Epoch :  354  Epoch time :  1.066729693673551  Train L2 Loss :  0.02676842199265957
Epoch :  355  Epoch time :  1.0682239532470703  Train L2 Loss :  0.02680545972585678
Epoch :  356  Epoch time :  1.068652143701911  Train L2 Loss :  0.026746633914113045
Epoch :  357  Epoch time :  1.0684355134144425  Train L2 Loss :  0.026687692761421203
Epoch :  358  Epoch time :  1.0663262670859694  Train L2 Loss :  0.026514379918575286
Epoch :  359  Epoch time :  1.0662943571805954  Train L2 Loss :  0.02669855959713459
Epoch :  360  Epoch time :  1.0700274789705873  Train L2 Loss :  0.026696828407049178
Epoch :  361  Epoch time :  1.0671712895855308  Train L2 Loss :  0.02672970118522644
Epoch :  362  Epoch time :  1.06690410990268  Train L2 Loss :  0.026627476102113724
Epoch :  363  Epoch time :  1.0675315679982305  Train L2 Loss :  0.02650276151895523
Epoch :  364  Epoch time :  1.0665377723053098  Train L2 Loss :  0.02667510425746441
Epoch :  365  Epoch time :  1.0691562872380018  Train L2 Loss :  0.02652278299331665
Epoch :  366  Epoch time :  1.0663711382076144  Train L2 Loss :  0.02655419926047325
Epoch :  367  Epoch time :  1.077638446353376  Train L2 Loss :  0.02659428612291813
Epoch :  368  Epoch time :  1.069121298380196  Train L2 Loss :  0.026496302062273026
Epoch :  369  Epoch time :  1.0681943092495203  Train L2 Loss :  0.026517048907279968
Epoch :  370  Epoch time :  1.0677226139232516  Train L2 Loss :  0.026586060470342635
Epoch :  371  Epoch time :  1.068086693994701  Train L2 Loss :  0.02653543323278427
Epoch :  372  Epoch time :  1.0667611947283149  Train L2 Loss :  0.02639870881140232
Epoch :  373  Epoch time :  1.0665299873799086  Train L2 Loss :  0.026419419914484023
Epoch :  374  Epoch time :  1.0706260651350021  Train L2 Loss :  0.0265189023911953
Epoch :  375  Epoch time :  1.064974752254784  Train L2 Loss :  0.026420527198910713
Epoch :  376  Epoch time :  1.066248843446374  Train L2 Loss :  0.026425405925512315
Epoch :  377  Epoch time :  1.0666604302823544  Train L2 Loss :  0.026349810594320296
Epoch :  378  Epoch time :  1.0680212266743183  Train L2 Loss :  0.026431041303277017
Epoch :  379  Epoch time :  1.0662586325779557  Train L2 Loss :  0.026351871627569197
Epoch :  380  Epoch time :  1.06640880741179  Train L2 Loss :  0.02635615994334221
Epoch :  381  Epoch time :  1.0665324470028281  Train L2 Loss :  0.02634772607088089
Epoch :  382  Epoch time :  1.0681989025324583  Train L2 Loss :  0.026382040628790855
Epoch :  383  Epoch time :  1.0669172005727887  Train L2 Loss :  0.026259136402606964
Epoch :  384  Epoch time :  1.0699348812922835  Train L2 Loss :  0.02635832040309906
Epoch :  385  Epoch time :  1.0673656379804015  Train L2 Loss :  0.026332966431975365
Epoch :  386  Epoch time :  1.0677774855867028  Train L2 Loss :  0.026234306263923646
Epoch :  387  Epoch time :  1.0675602974370122  Train L2 Loss :  0.026447694671154022
Epoch :  388  Epoch time :  1.0683509251102805  Train L2 Loss :  0.026137793159484862
Epoch :  389  Epoch time :  1.0686308331787586  Train L2 Loss :  0.02629879062175751
Epoch :  390  Epoch time :  1.0667354380711913  Train L2 Loss :  0.02626149480342865
Epoch :  391  Epoch time :  1.0680393939837813  Train L2 Loss :  0.026190376526117325
Epoch :  392  Epoch time :  1.0675661554560065  Train L2 Loss :  0.026193824607133865
Epoch :  393  Epoch time :  1.0699458476155996  Train L2 Loss :  0.026117591017484666
Epoch :  394  Epoch time :  1.0672821924090385  Train L2 Loss :  0.026294000422954558
Epoch :  395  Epoch time :  1.0661346269771457  Train L2 Loss :  0.026054984167218208
Epoch :  396  Epoch time :  1.0663434388116002  Train L2 Loss :  0.026274102538824083
Epoch :  397  Epoch time :  1.079944814555347  Train L2 Loss :  0.026105014449357988
Epoch :  398  Epoch time :  1.0701090255752206  Train L2 Loss :  0.026128795558214186
Epoch :  399  Epoch time :  1.0671782661229372  Train L2 Loss :  0.026140896952152253
Epoch :  400  Epoch time :  1.0650165462866426  Train L2 Loss :  0.024632963037490845
Epoch :  401  Epoch time :  1.0689741484820843  Train L2 Loss :  0.024548374789953233
Epoch :  402  Epoch time :  1.067976794205606  Train L2 Loss :  0.024568732392787933
Epoch :  403  Epoch time :  1.0680195949971676  Train L2 Loss :  0.024649149519205094
Epoch :  404  Epoch time :  1.067591612227261  Train L2 Loss :  0.024657576644420625
Epoch :  405  Epoch time :  1.0671066073700786  Train L2 Loss :  0.02468196176290512
Epoch :  406  Epoch time :  1.0660553965717554  Train L2 Loss :  0.024633933156728745
Epoch :  407  Epoch time :  1.067853662185371  Train L2 Loss :  0.024623299664258958
Epoch :  408  Epoch time :  1.067370525561273  Train L2 Loss :  0.02463255760073662
Epoch :  409  Epoch time :  1.0675636995583773  Train L2 Loss :  0.024621116262674332
Epoch :  410  Epoch time :  1.0682989656925201  Train L2 Loss :  0.02456520274281502
Epoch :  411  Epoch time :  1.0664049470797181  Train L2 Loss :  0.024576919466257095
Epoch :  412  Epoch time :  1.0790937067940831  Train L2 Loss :  0.024623583516478538
Epoch :  413  Epoch time :  1.0679734433069825  Train L2 Loss :  0.024604586136341096
Epoch :  414  Epoch time :  1.067818353883922  Train L2 Loss :  0.02456136064529419
Epoch :  415  Epoch time :  1.0684854229912162  Train L2 Loss :  0.024562451726198198
Epoch :  416  Epoch time :  1.0672444570809603  Train L2 Loss :  0.0245361007720232
Epoch :  417  Epoch time :  1.0708673661574721  Train L2 Loss :  0.024532556396722794
Epoch :  418  Epoch time :  1.0737277548760176  Train L2 Loss :  0.024544650357961655
Epoch :  419  Epoch time :  1.0695168813690543  Train L2 Loss :  0.02452051891088486
Epoch :  420  Epoch time :  1.0679096328094602  Train L2 Loss :  0.024546161967515946
Epoch :  421  Epoch time :  1.0677133109420538  Train L2 Loss :  0.02450753805041313
Epoch :  422  Epoch time :  1.0671381233260036  Train L2 Loss :  0.024524047100543976
Epoch :  423  Epoch time :  1.0671802470460534  Train L2 Loss :  0.024460776108503342
Epoch :  424  Epoch time :  1.0651946337893605  Train L2 Loss :  0.024436235255002974
Epoch :  425  Epoch time :  1.0674402425065637  Train L2 Loss :  0.02446325695514679
Epoch :  426  Epoch time :  1.0684099467471242  Train L2 Loss :  0.024384197241067888
Epoch :  427  Epoch time :  1.081229087896645  Train L2 Loss :  0.02441869440972805
Epoch :  428  Epoch time :  1.068418689072132  Train L2 Loss :  0.024429736134409904
Epoch :  429  Epoch time :  1.0680523663759232  Train L2 Loss :  0.024419902223348618
Epoch :  430  Epoch time :  1.0676003452390432  Train L2 Loss :  0.024434613436460494
Epoch :  431  Epoch time :  1.0714941713958979  Train L2 Loss :  0.02438579642176628
Epoch :  432  Epoch time :  1.0687073078006506  Train L2 Loss :  0.024365593579411506
Epoch :  433  Epoch time :  1.0685380529612303  Train L2 Loss :  0.02433508497476578
Epoch :  434  Epoch time :  1.069188056513667  Train L2 Loss :  0.02433471341133118
Epoch :  435  Epoch time :  1.0682301251217723  Train L2 Loss :  0.024323089718818663
Epoch :  436  Epoch time :  1.0699944272637367  Train L2 Loss :  0.024316924700140952
Epoch :  437  Epoch time :  1.0694342916831374  Train L2 Loss :  0.024311535283923148
Epoch :  438  Epoch time :  1.0694755157455802  Train L2 Loss :  0.02428699772655964
Epoch :  439  Epoch time :  1.0686619160696864  Train L2 Loss :  0.024341967314481735
Epoch :  440  Epoch time :  1.0681191068142653  Train L2 Loss :  0.024235814902186393
Epoch :  441  Epoch time :  1.0702105835080147  Train L2 Loss :  0.024229908868670463
Epoch :  442  Epoch time :  1.0678047789260745  Train L2 Loss :  0.024256155377626418
Epoch :  443  Epoch time :  1.0658608200028539  Train L2 Loss :  0.02426744958758354
Epoch :  444  Epoch time :  1.0685890950262547  Train L2 Loss :  0.024224004560709
Epoch :  445  Epoch time :  1.0711579639464617  Train L2 Loss :  0.024195797717571257
Epoch :  446  Epoch time :  1.0686730556190014  Train L2 Loss :  0.024218876439332963
Epoch :  447  Epoch time :  1.0686195939779282  Train L2 Loss :  0.024216425836086273
Epoch :  448  Epoch time :  1.0682130567729473  Train L2 Loss :  0.024160421153903006
Epoch :  449  Epoch time :  1.0690136132761836  Train L2 Loss :  0.024178397095203398
Epoch :  450  Epoch time :  1.0696780402213335  Train L2 Loss :  0.024139403253793715
Epoch :  451  Epoch time :  1.068601394072175  Train L2 Loss :  0.024105664107203485
Epoch :  452  Epoch time :  1.0700002051889896  Train L2 Loss :  0.02418758210539818
Epoch :  453  Epoch time :  1.0678852433338761  Train L2 Loss :  0.024144837099313737
Epoch :  454  Epoch time :  1.0701658725738525  Train L2 Loss :  0.024085922810435294
Epoch :  455  Epoch time :  1.0713256848976016  Train L2 Loss :  0.024100550836324692
Epoch :  456  Epoch time :  1.0764665519818664  Train L2 Loss :  0.024098283764719963
Epoch :  457  Epoch time :  1.0750447595492005  Train L2 Loss :  0.024100864958763124
Epoch :  458  Epoch time :  1.0704595558345318  Train L2 Loss :  0.024093020260334014
Epoch :  459  Epoch time :  1.0690577272325754  Train L2 Loss :  0.024095019972324373
Epoch :  460  Epoch time :  1.0693837627768517  Train L2 Loss :  0.024096126121282577
Epoch :  461  Epoch time :  1.0685647977516055  Train L2 Loss :  0.024075670686364174
Epoch :  462  Epoch time :  1.0670168567448854  Train L2 Loss :  0.024052181762456895
Epoch :  463  Epoch time :  1.0680171931162477  Train L2 Loss :  0.02403877291381359
Epoch :  464  Epoch time :  1.070599232800305  Train L2 Loss :  0.02405529520213604
Epoch :  465  Epoch time :  1.0683202156797051  Train L2 Loss :  0.02401901890039444
Epoch :  466  Epoch time :  1.0689125768840313  Train L2 Loss :  0.024058694031834603
Epoch :  467  Epoch time :  1.0696669528260827  Train L2 Loss :  0.02399641683101654
Epoch :  468  Epoch time :  1.0667952531948686  Train L2 Loss :  0.02398541138470173
Epoch :  469  Epoch time :  1.0695274332538247  Train L2 Loss :  0.024045671272277833
Epoch :  470  Epoch time :  1.0670245327055454  Train L2 Loss :  0.023987762680649758
Epoch :  471  Epoch time :  1.0685100043192506  Train L2 Loss :  0.02397883185148239
Epoch :  472  Epoch time :  1.0692254602909088  Train L2 Loss :  0.0240049931704998
Epoch :  473  Epoch time :  1.0701670153066516  Train L2 Loss :  0.023954738435149194
Epoch :  474  Epoch time :  1.067189009860158  Train L2 Loss :  0.0240002841681242
Epoch :  475  Epoch time :  1.0693999165669084  Train L2 Loss :  0.023938961750268935
Epoch :  476  Epoch time :  1.0676199905574322  Train L2 Loss :  0.023956821632385255
Epoch :  477  Epoch time :  1.0679507916793227  Train L2 Loss :  0.023983546632528305
Epoch :  478  Epoch time :  1.0679154423996806  Train L2 Loss :  0.02385625
Epoch :  479  Epoch time :  1.0681652557104826  Train L2 Loss :  0.023887489396333693
Epoch :  480  Epoch time :  1.067829942330718  Train L2 Loss :  0.023942015248537063
Epoch :  481  Epoch time :  1.06800904776901  Train L2 Loss :  0.02385116783976555
Epoch :  482  Epoch time :  1.06924469769001  Train L2 Loss :  0.023891032803058623
Epoch :  483  Epoch time :  1.0698914704844356  Train L2 Loss :  0.023875127232074737
Epoch :  484  Epoch time :  1.0660874787718058  Train L2 Loss :  0.023826999175548553
Epoch :  485  Epoch time :  1.0659867553040385  Train L2 Loss :  0.023869691467285157
Epoch :  486  Epoch time :  1.0794212985783815  Train L2 Loss :  0.023870766022801398
Epoch :  487  Epoch time :  1.0719456486403942  Train L2 Loss :  0.0238965011626482
Epoch :  488  Epoch time :  1.0759205324575305  Train L2 Loss :  0.023877261897921564
Epoch :  489  Epoch time :  1.0676856199279428  Train L2 Loss :  0.023781820225715636
Epoch :  490  Epoch time :  1.0661933403462172  Train L2 Loss :  0.023860950922966005
Epoch :  491  Epoch time :  1.0670438576489687  Train L2 Loss :  0.023768602359294892
Epoch :  492  Epoch time :  1.068857411853969  Train L2 Loss :  0.023849269488453863
Epoch :  493  Epoch time :  1.06741214543581  Train L2 Loss :  0.023806983178853987
Epoch :  494  Epoch time :  1.0709224361926317  Train L2 Loss :  0.023796188801527025
Epoch :  495  Epoch time :  1.0671231634914875  Train L2 Loss :  0.023783831882476805
Epoch :  496  Epoch time :  1.06854095030576  Train L2 Loss :  0.023764964520931246
Epoch :  497  Epoch time :  1.0715867197141051  Train L2 Loss :  0.02379854761660099
Epoch :  498  Epoch time :  1.0685003763064742  Train L2 Loss :  0.023754005727171897
Epoch :  499  Epoch time :  1.0672265039756894  Train L2 Loss :  0.02372256959080696
Epoch :  500  Epoch time :  1.0668344656005502  Train L2 Loss :  0.02306166138648987
Epoch :  501  Epoch time :  1.069563982076943  Train L2 Loss :  0.02306031286716461
Epoch :  502  Epoch time :  1.0689679346978664  Train L2 Loss :  0.02305510910153389
Epoch :  503  Epoch time :  1.068477090448141  Train L2 Loss :  0.02302897508740425
Epoch :  504  Epoch time :  1.0682497024536133  Train L2 Loss :  0.023050324195623396
Epoch :  505  Epoch time :  1.071275345981121  Train L2 Loss :  0.023050633391737938
Epoch :  506  Epoch time :  1.1067879060283303  Train L2 Loss :  0.0230354674577713
Epoch :  507  Epoch time :  1.0961443716660142  Train L2 Loss :  0.023040710550546645
Epoch :  508  Epoch time :  1.0707725510001183  Train L2 Loss :  0.023020631766319275
Epoch :  509  Epoch time :  1.0685372659936547  Train L2 Loss :  0.02305675119757652
Epoch :  510  Epoch time :  1.0690176440402865  Train L2 Loss :  0.023046558517217635
Epoch :  511  Epoch time :  1.0711210081353784  Train L2 Loss :  0.023013537615537642
Epoch :  512  Epoch time :  1.0710071977227926  Train L2 Loss :  0.023035059013962744
Epoch :  513  Epoch time :  1.0684618409723043  Train L2 Loss :  0.02302065659761429
Epoch :  514  Epoch time :  1.0686040250584483  Train L2 Loss :  0.023019911700487138
Epoch :  515  Epoch time :  1.0676424028351903  Train L2 Loss :  0.02301507171690464
Epoch :  516  Epoch time :  1.08293398283422  Train L2 Loss :  0.023009307587146758
Epoch :  517  Epoch time :  1.0703214248642325  Train L2 Loss :  0.023033100593090057
Epoch :  518  Epoch time :  1.0693215215578675  Train L2 Loss :  0.023007469525933265
Epoch :  519  Epoch time :  1.0693564312532544  Train L2 Loss :  0.02300172076225281
Epoch :  520  Epoch time :  1.070576012134552  Train L2 Loss :  0.022995205083489418
Epoch :  521  Epoch time :  1.0703430511057377  Train L2 Loss :  0.022986850553750993
Epoch :  522  Epoch time :  1.0695886863395572  Train L2 Loss :  0.023002278465032576
Epoch :  523  Epoch time :  1.0703688049688935  Train L2 Loss :  0.022989991509914397
Epoch :  524  Epoch time :  1.070341881364584  Train L2 Loss :  0.022988878253102304
Epoch :  525  Epoch time :  1.0718414289876819  Train L2 Loss :  0.022962220802903176
Epoch :  526  Epoch time :  1.0700024059042335  Train L2 Loss :  0.02299390888810158
Epoch :  527  Epoch time :  1.0695300828665495  Train L2 Loss :  0.022966437819600106
Epoch :  528  Epoch time :  1.0702624190598726  Train L2 Loss :  0.022953494650125503
Epoch :  529  Epoch time :  1.069723131135106  Train L2 Loss :  0.022945942640304567
Epoch :  530  Epoch time :  1.0711330212652683  Train L2 Loss :  0.022957508862018586
Epoch :  531  Epoch time :  1.0718660913407803  Train L2 Loss :  0.022936441645026208
Epoch :  532  Epoch time :  1.0676080789417028  Train L2 Loss :  0.022964261507987978
Epoch :  533  Epoch time :  1.0679294178262353  Train L2 Loss :  0.02296452683210373
Epoch :  534  Epoch time :  1.0698268497362733  Train L2 Loss :  0.022927826952934265
Epoch :  535  Epoch time :  1.070683678612113  Train L2 Loss :  0.022959692266583443
Epoch :  536  Epoch time :  1.0703246351331472  Train L2 Loss :  0.022962454265356064
Epoch :  537  Epoch time :  1.0699563007801771  Train L2 Loss :  0.02294553244113922
Epoch :  538  Epoch time :  1.067878887988627  Train L2 Loss :  0.022948879647254943
Epoch :  539  Epoch time :  1.071198059245944  Train L2 Loss :  0.022907103976607324
Epoch :  540  Epoch time :  1.0700020678341389  Train L2 Loss :  0.02292254639863968
Epoch :  541  Epoch time :  1.0713528171181679  Train L2 Loss :  0.02294697645008564
Epoch :  542  Epoch time :  1.0695546083152294  Train L2 Loss :  0.022925132992863657
Epoch :  543  Epoch time :  1.0702229477465153  Train L2 Loss :  0.02291760935485363
Epoch :  544  Epoch time :  1.0705114658921957  Train L2 Loss :  0.022926838931441307
Epoch :  545  Epoch time :  1.0675065936520696  Train L2 Loss :  0.022913046368956566
Epoch :  546  Epoch time :  1.0842332048341632  Train L2 Loss :  0.022921971532702447
Epoch :  547  Epoch time :  1.0694693326950073  Train L2 Loss :  0.02291303167641163
Epoch :  548  Epoch time :  1.0691926842555404  Train L2 Loss :  0.022886423218250275
Epoch :  549  Epoch time :  1.072096754796803  Train L2 Loss :  0.022872615402936936
Epoch :  550  Epoch time :  1.0705438945442438  Train L2 Loss :  0.022865677800774573
Epoch :  551  Epoch time :  1.0692171901464462  Train L2 Loss :  0.022863885831832884
Epoch :  552  Epoch time :  1.0683073671534657  Train L2 Loss :  0.022886915105581284
Epoch :  553  Epoch time :  1.0707141617313027  Train L2 Loss :  0.022883531081676484
Epoch :  554  Epoch time :  1.069920951500535  Train L2 Loss :  0.022860984575748443
Epoch :  555  Epoch time :  1.068675059825182  Train L2 Loss :  0.02287247828543186
Epoch :  556  Epoch time :  1.0709018493071198  Train L2 Loss :  0.022885379847884177
Epoch :  557  Epoch time :  1.0683847833424807  Train L2 Loss :  0.02283906764984131
Epoch :  558  Epoch time :  1.0718361325562  Train L2 Loss :  0.02282689978480339
Epoch :  559  Epoch time :  1.0703042428940535  Train L2 Loss :  0.022877150654792785
Epoch :  560  Epoch time :  1.0697708921507  Train L2 Loss :  0.0228445141941309
Epoch :  561  Epoch time :  1.0680225184187293  Train L2 Loss :  0.022841429179906846
Epoch :  562  Epoch time :  1.0691128093749285  Train L2 Loss :  0.022828958332538604
Epoch :  563  Epoch time :  1.0747067471966147  Train L2 Loss :  0.02285113961696625
Epoch :  564  Epoch time :  1.0707047544419765  Train L2 Loss :  0.022825160640478133
Epoch :  565  Epoch time :  1.0706621734425426  Train L2 Loss :  0.02285413891673088
Epoch :  566  Epoch time :  1.0705115981400013  Train L2 Loss :  0.022817612445354463
Epoch :  567  Epoch time :  1.0696686133742332  Train L2 Loss :  0.02281040849685669
Epoch :  568  Epoch time :  1.0711142672225833  Train L2 Loss :  0.022844377830624582
Epoch :  569  Epoch time :  1.0678602745756507  Train L2 Loss :  0.022830471983551977
Epoch :  570  Epoch time :  1.0688351849094033  Train L2 Loss :  0.02281304903626442
Epoch :  571  Epoch time :  1.0700298584997654  Train L2 Loss :  0.022780921268463136
Epoch :  572  Epoch time :  1.0705151231959462  Train L2 Loss :  0.02280986561179161
Epoch :  573  Epoch time :  1.0712747909128666  Train L2 Loss :  0.022806564390659333
Epoch :  574  Epoch time :  1.0700948480516672  Train L2 Loss :  0.02281242077946663
Epoch :  575  Epoch time :  1.0790020171552896  Train L2 Loss :  0.022796268004179002
Epoch :  576  Epoch time :  1.0747899869456887  Train L2 Loss :  0.02278276559114456
Epoch :  577  Epoch time :  1.0716738076880574  Train L2 Loss :  0.022796443775296212
Epoch :  578  Epoch time :  1.0717508299276233  Train L2 Loss :  0.02274521068036556
Epoch :  579  Epoch time :  1.0729720909148455  Train L2 Loss :  0.02277961670458317
Epoch :  580  Epoch time :  1.0714874090626836  Train L2 Loss :  0.022763167363405227
Epoch :  581  Epoch time :  1.0708894655108452  Train L2 Loss :  0.022782874089479446
Epoch :  582  Epoch time :  1.0716570783406496  Train L2 Loss :  0.022789346778392793
Epoch :  583  Epoch time :  1.0727140614762902  Train L2 Loss :  0.022809970131516456
Epoch :  584  Epoch time :  1.0691218050196767  Train L2 Loss :  0.022766151747107506
Epoch :  585  Epoch time :  1.0705735478550196  Train L2 Loss :  0.022759747576713563
Epoch :  586  Epoch time :  1.072304937057197  Train L2 Loss :  0.022754573205113413
Epoch :  587  Epoch time :  1.0723094511777163  Train L2 Loss :  0.022773991745710372
Epoch :  588  Epoch time :  1.069588216021657  Train L2 Loss :  0.022723868852853775
Epoch :  589  Epoch time :  1.0702480301260948  Train L2 Loss :  0.022721526834368705
Epoch :  590  Epoch time :  1.0716684805229306  Train L2 Loss :  0.022756246015429495
Epoch :  591  Epoch time :  1.0722854807972908  Train L2 Loss :  0.022735382300615312
Epoch :  592  Epoch time :  1.0708257695659995  Train L2 Loss :  0.02274553560912609
Epoch :  593  Epoch time :  1.0697115426883101  Train L2 Loss :  0.02278645991384983
Epoch :  594  Epoch time :  1.072139642201364  Train L2 Loss :  0.022725491341948508
Epoch :  595  Epoch time :  1.0694937277585268  Train L2 Loss :  0.022734314841032027
Epoch :  596  Epoch time :  1.0724613117054105  Train L2 Loss :  0.022709358286857606
Epoch :  597  Epoch time :  1.070600868202746  Train L2 Loss :  0.022713437938690184
Epoch :  598  Epoch time :  1.0725783733651042  Train L2 Loss :  0.022717002481222152
Epoch :  599  Epoch time :  1.0710759060457349  Train L2 Loss :  0.022717068111896516
Epoch :  600  Epoch time :  1.0690248422324657  Train L2 Loss :  0.022349763351678847
Epoch :  601  Epoch time :  1.0715842321515083  Train L2 Loss :  0.022338347852230073
Epoch :  602  Epoch time :  1.0700201680883765  Train L2 Loss :  0.022343225717544556
Epoch :  603  Epoch time :  1.0705528762191534  Train L2 Loss :  0.02235429864525795
Epoch :  604  Epoch time :  1.0699666375294328  Train L2 Loss :  0.022349689084291458
Epoch :  605  Epoch time :  1.083494151942432  Train L2 Loss :  0.022354255986213684
Epoch :  606  Epoch time :  1.0766777591779828  Train L2 Loss :  0.022353987458348275
Epoch :  607  Epoch time :  1.0724809039384127  Train L2 Loss :  0.022338549482822417
Epoch :  608  Epoch time :  1.0719410153105855  Train L2 Loss :  0.022357952588796616
Epoch :  609  Epoch time :  1.0713919568806887  Train L2 Loss :  0.022349115025997162
Epoch :  610  Epoch time :  1.0716347508132458  Train L2 Loss :  0.022346953082084654
Epoch :  611  Epoch time :  1.0693635493516922  Train L2 Loss :  0.022335808470845223
Epoch :  612  Epoch time :  1.0701132845133543  Train L2 Loss :  0.022337141692638396
Epoch :  613  Epoch time :  1.0707122161984444  Train L2 Loss :  0.02234630813598633
Epoch :  614  Epoch time :  1.070649885572493  Train L2 Loss :  0.022332971769571303
Epoch :  615  Epoch time :  1.073185588233173  Train L2 Loss :  0.022329526549577712
Epoch :  616  Epoch time :  1.07009790930897  Train L2 Loss :  0.022335246878862382
Epoch :  617  Epoch time :  1.0700983591377735  Train L2 Loss :  0.02233729211986065
Epoch :  618  Epoch time :  1.0714258663356304  Train L2 Loss :  0.022327030023932458
Epoch :  619  Epoch time :  1.0709520671516657  Train L2 Loss :  0.022324338644742966
Epoch :  620  Epoch time :  1.0734510170295835  Train L2 Loss :  0.022325031971931458
Epoch :  621  Epoch time :  1.0710952058434486  Train L2 Loss :  0.02233483280837536
Epoch :  622  Epoch time :  1.0701301135122776  Train L2 Loss :  0.02232287551164627
Epoch :  623  Epoch time :  1.0713426116853952  Train L2 Loss :  0.022318461006879807
Epoch :  624  Epoch time :  1.0714250886812806  Train L2 Loss :  0.02232836515903473
Epoch :  625  Epoch time :  1.0698874611407518  Train L2 Loss :  0.022321571016311645
Epoch :  626  Epoch time :  1.0702225314453244  Train L2 Loss :  0.02232161993086338
Epoch :  627  Epoch time :  1.0718368124216795  Train L2 Loss :  0.022319156941771508
Epoch :  628  Epoch time :  1.070220853202045  Train L2 Loss :  0.02233201498389244
Epoch :  629  Epoch time :  1.070886547677219  Train L2 Loss :  0.022313773280382157
Epoch :  630  Epoch time :  1.0705844117328525  Train L2 Loss :  0.022293742913007737
Epoch :  631  Epoch time :  1.069676293991506  Train L2 Loss :  0.022313458865880965
Epoch :  632  Epoch time :  1.0684581501409411  Train L2 Loss :  0.022308504793047905
Epoch :  633  Epoch time :  1.069363633170724  Train L2 Loss :  0.02231053565442562
Epoch :  634  Epoch time :  1.0731675354763865  Train L2 Loss :  0.02230313511490822
Epoch :  635  Epoch time :  1.0862300768494606  Train L2 Loss :  0.02230347752869129
Epoch :  636  Epoch time :  1.0701971976086497  Train L2 Loss :  0.02231175256371498
Epoch :  637  Epoch time :  1.070527140982449  Train L2 Loss :  0.02229568158388138
Epoch :  638  Epoch time :  1.0793890496715903  Train L2 Loss :  0.022290402561426163
Epoch :  639  Epoch time :  1.0721869245171547  Train L2 Loss :  0.022299076157808302
Epoch :  640  Epoch time :  1.0713545298203826  Train L2 Loss :  0.022294769045710563
Epoch :  641  Epoch time :  1.0705217085778713  Train L2 Loss :  0.022293891483545304
Epoch :  642  Epoch time :  1.0703566372394562  Train L2 Loss :  0.022292901080846788
Epoch :  643  Epoch time :  1.0735336625948548  Train L2 Loss :  0.02228470472693443
Epoch :  644  Epoch time :  1.069020559079945  Train L2 Loss :  0.022290028542280196
Epoch :  645  Epoch time :  1.0723018376156688  Train L2 Loss :  0.022298411610722543
Epoch :  646  Epoch time :  1.0699562979862094  Train L2 Loss :  0.022287829920649527
Epoch :  647  Epoch time :  1.0690338723361492  Train L2 Loss :  0.022287022376060485
Epoch :  648  Epoch time :  1.0768976425752044  Train L2 Loss :  0.022281596881151198
Epoch :  649  Epoch time :  1.070963584817946  Train L2 Loss :  0.022284488743543624
Epoch :  650  Epoch time :  1.0695197684690356  Train L2 Loss :  0.02228038938343525
Epoch :  651  Epoch time :  1.0703206239268184  Train L2 Loss :  0.022300561866164206
Epoch :  652  Epoch time :  1.0684107774868608  Train L2 Loss :  0.02227368435561657
Epoch :  653  Epoch time :  1.07388477306813  Train L2 Loss :  0.02228415901362896
Epoch :  654  Epoch time :  1.0695342672988772  Train L2 Loss :  0.0222639498770237
Epoch :  655  Epoch time :  1.0704520558938384  Train L2 Loss :  0.02226728731393814
Epoch :  656  Epoch time :  1.0690419524908066  Train L2 Loss :  0.022266388580203057
Epoch :  657  Epoch time :  1.0770923644304276  Train L2 Loss :  0.02227529800236225
Epoch :  658  Epoch time :  1.0705801313742995  Train L2 Loss :  0.022262485545873643
Epoch :  659  Epoch time :  1.071328409947455  Train L2 Loss :  0.02225833805203438
Epoch :  660  Epoch time :  1.072164298966527  Train L2 Loss :  0.022260858565568923
Epoch :  661  Epoch time :  1.0702907424420118  Train L2 Loss :  0.02225673882961273
Epoch :  662  Epoch time :  1.0730170058086514  Train L2 Loss :  0.022271531802415846
Epoch :  663  Epoch time :  1.0715961772948503  Train L2 Loss :  0.022253773295879364
Epoch :  664  Epoch time :  1.0787807144224644  Train L2 Loss :  0.02224637714624405
Epoch :  665  Epoch time :  1.0775503208860755  Train L2 Loss :  0.022271767312288283
Epoch :  666  Epoch time :  1.0705714644864202  Train L2 Loss :  0.022250474908947944
Epoch :  667  Epoch time :  1.0737617537379265  Train L2 Loss :  0.022246544528007506
Epoch :  668  Epoch time :  1.0737395519390702  Train L2 Loss :  0.022246776586771013
Epoch :  669  Epoch time :  1.0721187395974994  Train L2 Loss :  0.022242103815078736
Epoch :  670  Epoch time :  1.0707419123500586  Train L2 Loss :  0.022242575126886367
Epoch :  671  Epoch time :  1.0945392968133092  Train L2 Loss :  0.022262275671958924
Epoch :  672  Epoch time :  1.073424894362688  Train L2 Loss :  0.022249012026190756
Epoch :  673  Epoch time :  1.0708115603774786  Train L2 Loss :  0.022248723688721658
Epoch :  674  Epoch time :  1.0713982935994864  Train L2 Loss :  0.022238352659344672
Epoch :  675  Epoch time :  1.073060130700469  Train L2 Loss :  0.02224639998078346
Epoch :  676  Epoch time :  1.072196169756353  Train L2 Loss :  0.02224546699821949
Epoch :  677  Epoch time :  1.0719379633665085  Train L2 Loss :  0.022237894386053086
Epoch :  678  Epoch time :  1.0710866376757622  Train L2 Loss :  0.022247682750225067
Epoch :  679  Epoch time :  1.0714163798838854  Train L2 Loss :  0.0222277312040329
Epoch :  680  Epoch time :  1.0699709244072437  Train L2 Loss :  0.02223212881088257
Epoch :  681  Epoch time :  1.0724488981068134  Train L2 Loss :  0.022223124927282335
Epoch :  682  Epoch time :  1.0705344453454018  Train L2 Loss :  0.022248714700341225
Epoch :  683  Epoch time :  1.0712568210437894  Train L2 Loss :  0.022215332546830176
Epoch :  684  Epoch time :  1.0707266945391893  Train L2 Loss :  0.022222907027602195
Epoch :  685  Epoch time :  1.0715025374665856  Train L2 Loss :  0.02222265522480011
Epoch :  686  Epoch time :  1.0719563448801637  Train L2 Loss :  0.022217050448060036
Epoch :  687  Epoch time :  1.0720533840358257  Train L2 Loss :  0.022219616225361824
Epoch :  688  Epoch time :  1.0715065766125917  Train L2 Loss :  0.022240642645955086
Epoch :  689  Epoch time :  1.07155133318156  Train L2 Loss :  0.022215225833654404
Epoch :  690  Epoch time :  1.0751608004793525  Train L2 Loss :  0.022217732363939285
Epoch :  691  Epoch time :  1.0713272606953979  Train L2 Loss :  0.022232892906665802
Epoch :  692  Epoch time :  1.0717284008860588  Train L2 Loss :  0.02219797456562519
Epoch :  693  Epoch time :  1.0712266247719526  Train L2 Loss :  0.022213502860069276
Epoch :  694  Epoch time :  1.081992288120091  Train L2 Loss :  0.02220406403541565
Epoch :  695  Epoch time :  1.0754751535132527  Train L2 Loss :  0.022206746932864188
Epoch :  696  Epoch time :  1.0721111940219998  Train L2 Loss :  0.02220760396718979
Epoch :  697  Epoch time :  1.0721907690167427  Train L2 Loss :  0.022208332052826883
Epoch :  698  Epoch time :  1.0747145349159837  Train L2 Loss :  0.022209897270798685
Epoch :  699  Epoch time :  1.0700755398720503  Train L2 Loss :  0.022227549955248834
Epoch :  700  Epoch time :  1.0725033190101385  Train L2 Loss :  0.02201212963461876
Epoch :  701  Epoch time :  1.0726530561223626  Train L2 Loss :  0.02200536932051182
Epoch :  702  Epoch time :  1.0718914223834872  Train L2 Loss :  0.022005262142419817
Epoch :  703  Epoch time :  1.0714423833414912  Train L2 Loss :  0.022005363488197326
Epoch :  704  Epoch time :  1.072455521672964  Train L2 Loss :  0.022010452830791474
Epoch :  705  Epoch time :  1.072411677800119  Train L2 Loss :  0.022008608686923982
Epoch :  706  Epoch time :  1.0697191003710032  Train L2 Loss :  0.022004232347011567
Epoch :  707  Epoch time :  1.070456455461681  Train L2 Loss :  0.022007542687654494
Epoch :  708  Epoch time :  1.0699121514335275  Train L2 Loss :  0.022008514308929444
Epoch :  709  Epoch time :  1.0734205627813935  Train L2 Loss :  0.022003211814165115
Epoch :  710  Epoch time :  1.070806285366416  Train L2 Loss :  0.021999129605293273
Epoch :  711  Epoch time :  1.071414465084672  Train L2 Loss :  0.022010221412777902
Epoch :  712  Epoch time :  1.0709035797044635  Train L2 Loss :  0.022011057090759276
Epoch :  713  Epoch time :  1.0705341203138232  Train L2 Loss :  0.02201389442384243
Epoch :  714  Epoch time :  1.0711183855310082  Train L2 Loss :  0.021998241466283798
Epoch :  715  Epoch time :  1.0684879813343287  Train L2 Loss :  0.021996346390247345
Epoch :  716  Epoch time :  1.0709841316565871  Train L2 Loss :  0.022000364100933076
Epoch :  717  Epoch time :  1.0697176093235612  Train L2 Loss :  0.021986487007141113
Epoch :  718  Epoch time :  1.07229735981673  Train L2 Loss :  0.021991278517246245
Epoch :  719  Epoch time :  1.0727870110422373  Train L2 Loss :  0.021995399633049965
Epoch :  720  Epoch time :  1.0711703756824136  Train L2 Loss :  0.02200426166653633
Epoch :  721  Epoch time :  1.0719305593520403  Train L2 Loss :  0.02200076202750206
Epoch :  722  Epoch time :  1.0722041381523013  Train L2 Loss :  0.021994503039121628
Epoch :  723  Epoch time :  1.0723172295838594  Train L2 Loss :  0.021994427275657653
Epoch :  724  Epoch time :  1.0873946947976947  Train L2 Loss :  0.021988692316412924
Epoch :  725  Epoch time :  1.0726053696125746  Train L2 Loss :  0.021988776767253877
Epoch :  726  Epoch time :  1.0713202813640237  Train L2 Loss :  0.02199497581124306
Epoch :  727  Epoch time :  1.0756065277382731  Train L2 Loss :  0.021997212809324266
Epoch :  728  Epoch time :  1.0764856403693557  Train L2 Loss :  0.021987366497516633
Epoch :  729  Epoch time :  1.0724707543849945  Train L2 Loss :  0.021989475601911546
Epoch :  730  Epoch time :  1.0720839807763696  Train L2 Loss :  0.021990580183267595
Epoch :  731  Epoch time :  1.073885913938284  Train L2 Loss :  0.021982063928246497
Epoch :  732  Epoch time :  1.0727672055363655  Train L2 Loss :  0.02198597136735916
Epoch :  733  Epoch time :  1.076759884133935  Train L2 Loss :  0.021984971594810485
Epoch :  734  Epoch time :  1.0745319155976176  Train L2 Loss :  0.02199074550271034
Epoch :  735  Epoch time :  1.0725355437025428  Train L2 Loss :  0.02199108240902424
Epoch :  736  Epoch time :  1.071028339676559  Train L2 Loss :  0.0219906494140625
Epoch :  737  Epoch time :  1.0740978932008147  Train L2 Loss :  0.02197677398920059
Epoch :  738  Epoch time :  1.075500420294702  Train L2 Loss :  0.021993571537733077
Epoch :  739  Epoch time :  1.0730570685118437  Train L2 Loss :  0.021976008605957033
Epoch :  740  Epoch time :  1.0733616556972265  Train L2 Loss :  0.021983235508203507
Epoch :  741  Epoch time :  1.0714532053098083  Train L2 Loss :  0.021978152418136596
Epoch :  742  Epoch time :  1.0750514892861247  Train L2 Loss :  0.02197591899037361
Epoch :  743  Epoch time :  1.0714072529226542  Train L2 Loss :  0.021970308369398117
Epoch :  744  Epoch time :  1.0725391581654549  Train L2 Loss :  0.021978449362516403
Epoch :  745  Epoch time :  1.0702269710600376  Train L2 Loss :  0.021978436669707297
Epoch :  746  Epoch time :  1.0734761729836464  Train L2 Loss :  0.021986936032772065
Epoch :  747  Epoch time :  1.0743650803342462  Train L2 Loss :  0.02196873120069504
Epoch :  748  Epoch time :  1.072786582633853  Train L2 Loss :  0.021970923882722853
Epoch :  749  Epoch time :  1.0736250719055533  Train L2 Loss :  0.021977830675244333
Epoch :  750  Epoch time :  1.0733358450233936  Train L2 Loss :  0.021971849673986434
Epoch :  751  Epoch time :  1.0733323637396097  Train L2 Loss :  0.021976945692300798
Epoch :  752  Epoch time :  1.0737308477982879  Train L2 Loss :  0.021973139637708663
Epoch :  753  Epoch time :  1.08117819391191  Train L2 Loss :  0.021980948451161386
Epoch :  754  Epoch time :  1.0781411537900567  Train L2 Loss :  0.021970896884799005
Epoch :  755  Epoch time :  1.0738240387290716  Train L2 Loss :  0.021968861994147302
Epoch :  756  Epoch time :  1.073543693870306  Train L2 Loss :  0.02195889281630516
Epoch :  757  Epoch time :  1.076728044077754  Train L2 Loss :  0.021967186498641968
Epoch :  758  Epoch time :  1.0744956620037556  Train L2 Loss :  0.021971995800733567
Epoch :  759  Epoch time :  1.0723496936261654  Train L2 Loss :  0.021972424590587614
Epoch :  760  Epoch time :  1.0730762872844934  Train L2 Loss :  0.02195385024547577
Epoch :  761  Epoch time :  1.0737002585083246  Train L2 Loss :  0.021962316256761552
Epoch :  762  Epoch time :  1.073099149391055  Train L2 Loss :  0.021962233823537826
Epoch :  763  Epoch time :  1.0729971081018448  Train L2 Loss :  0.021959884253144265
Epoch :  764  Epoch time :  1.073960304260254  Train L2 Loss :  0.021961701256036758
Epoch :  765  Epoch time :  1.0730833187699318  Train L2 Loss :  0.021960631388425828
Epoch :  766  Epoch time :  1.0742640336975455  Train L2 Loss :  0.02196826255619526
Epoch :  767  Epoch time :  1.0713951652869582  Train L2 Loss :  0.021958941972255706
Epoch :  768  Epoch time :  1.071772487834096  Train L2 Loss :  0.02196532729268074
Epoch :  769  Epoch time :  1.07218315359205  Train L2 Loss :  0.02195222386419773
Epoch :  770  Epoch time :  1.07598671130836  Train L2 Loss :  0.02195697611272335
Epoch :  771  Epoch time :  1.0734216570854187  Train L2 Loss :  0.021959197527170182
Epoch :  772  Epoch time :  1.072807926684618  Train L2 Loss :  0.021952649196982383
Epoch :  773  Epoch time :  1.0726661682128906  Train L2 Loss :  0.02195360227227211
Epoch :  774  Epoch time :  1.072735778056085  Train L2 Loss :  0.021953362667560577
Epoch :  775  Epoch time :  1.0806776080280542  Train L2 Loss :  0.02195786657333374
Epoch :  776  Epoch time :  1.07238017488271  Train L2 Loss :  0.0219552782446146
Epoch :  777  Epoch time :  1.072858702391386  Train L2 Loss :  0.021945291978120805
Epoch :  778  Epoch time :  1.0724773462861776  Train L2 Loss :  0.021953291457891464
Epoch :  779  Epoch time :  1.0726627856492996  Train L2 Loss :  0.021945575898885728
Epoch :  780  Epoch time :  1.0728743709623814  Train L2 Loss :  0.021946258094906808
Epoch :  781  Epoch time :  1.0722493948414922  Train L2 Loss :  0.021955784583091737
Epoch :  782  Epoch time :  1.072216123342514  Train L2 Loss :  0.021952560150623322
Epoch :  783  Epoch time :  1.0865054968744516  Train L2 Loss :  0.021948953807353972
Epoch :  784  Epoch time :  1.0761070158332586  Train L2 Loss :  0.02196037250161171
Epoch :  785  Epoch time :  1.0729664927348495  Train L2 Loss :  0.021948027873039247
Epoch :  786  Epoch time :  1.0723961712792516  Train L2 Loss :  0.021942806422710417
Epoch :  787  Epoch time :  1.0769172506406903  Train L2 Loss :  0.021948230093717574
Epoch :  788  Epoch time :  1.0723272124305367  Train L2 Loss :  0.021939311218261717
Epoch :  789  Epoch time :  1.075604640878737  Train L2 Loss :  0.02193412388563156
Epoch :  790  Epoch time :  1.074367992579937  Train L2 Loss :  0.021939556223154067
Epoch :  791  Epoch time :  1.070146281272173  Train L2 Loss :  0.021938007238507272
Epoch :  792  Epoch time :  1.0705293426290154  Train L2 Loss :  0.021932668748497964
Epoch :  793  Epoch time :  1.072188756428659  Train L2 Loss :  0.021931664854288102
Epoch :  794  Epoch time :  1.0759202083572745  Train L2 Loss :  0.021928471133112908
Epoch :  795  Epoch time :  1.0712033370509744  Train L2 Loss :  0.021935000741481782
Epoch :  796  Epoch time :  1.071857594884932  Train L2 Loss :  0.021932393908500672
Epoch :  797  Epoch time :  1.0737106502056122  Train L2 Loss :  0.021932069128751754
Epoch :  798  Epoch time :  1.0717025753110647  Train L2 Loss :  0.021929604896903036
Epoch :  799  Epoch time :  1.0751928519457579  Train L2 Loss :  0.02192940599024296
Epoch :  800  Epoch time :  1.073060824535787  Train L2 Loss :  0.0218296288728714
Epoch :  801  Epoch time :  1.0746672106906772  Train L2 Loss :  0.021828559005260467
Epoch :  802  Epoch time :  1.0728544956073165  Train L2 Loss :  0.02182816091775894
Epoch :  803  Epoch time :  1.0730771254748106  Train L2 Loss :  0.021824507614970207
Epoch :  804  Epoch time :  1.074517086148262  Train L2 Loss :  0.021828068548440934
Epoch :  805  Epoch time :  1.07229795306921  Train L2 Loss :  0.021831651920080186
Epoch :  806  Epoch time :  1.070966437458992  Train L2 Loss :  0.02183179152905941
Epoch :  807  Epoch time :  1.0735307158902287  Train L2 Loss :  0.021824797144532202
Epoch :  808  Epoch time :  1.0746445124968886  Train L2 Loss :  0.02182841908633709
Epoch :  809  Epoch time :  1.072337193414569  Train L2 Loss :  0.021825445261597635
Epoch :  810  Epoch time :  1.0723852273076773  Train L2 Loss :  0.021825954976677893
Epoch :  811  Epoch time :  1.0811362816020846  Train L2 Loss :  0.021826870584487915
Epoch :  812  Epoch time :  1.082044213078916  Train L2 Loss :  0.021824344056844712
Epoch :  813  Epoch time :  1.075930841267109  Train L2 Loss :  0.02182546038031578
Epoch :  814  Epoch time :  1.0742671936750412  Train L2 Loss :  0.021825320944190027
Epoch :  815  Epoch time :  1.0760962665081024  Train L2 Loss :  0.02182152018249035
Epoch :  816  Epoch time :  1.0748020932078362  Train L2 Loss :  0.021821469324827193
Epoch :  817  Epoch time :  1.076640003360808  Train L2 Loss :  0.021824953871965407
Epoch :  818  Epoch time :  1.0758075546473265  Train L2 Loss :  0.021827957192063333
Epoch :  819  Epoch time :  1.073517537675798  Train L2 Loss :  0.021821559500694275
Epoch :  820  Epoch time :  1.0735159618780017  Train L2 Loss :  0.02182137463092804
Epoch :  821  Epoch time :  1.073076106607914  Train L2 Loss :  0.021819160032272338
Epoch :  822  Epoch time :  1.0787082789465785  Train L2 Loss :  0.02182325833439827
Epoch :  823  Epoch time :  1.0733479373157024  Train L2 Loss :  0.02181952540576458
Epoch :  824  Epoch time :  1.0722646182402968  Train L2 Loss :  0.021819737786054613
Epoch :  825  Epoch time :  1.0741934487596154  Train L2 Loss :  0.021819653832912445
Epoch :  826  Epoch time :  1.0716465776786208  Train L2 Loss :  0.021821389174461366
Epoch :  827  Epoch time :  1.0750287678092718  Train L2 Loss :  0.021817891868948936
Epoch :  828  Epoch time :  1.0724024958908558  Train L2 Loss :  0.021818776753544808
Epoch :  829  Epoch time :  1.0728661492466927  Train L2 Loss :  0.021812566566467285
Epoch :  830  Epoch time :  1.0737085901200771  Train L2 Loss :  0.021821950489282607
Epoch :  831  Epoch time :  1.0817693816497922  Train L2 Loss :  0.02181504499912262
Epoch :  832  Epoch time :  1.074458877556026  Train L2 Loss :  0.02182166387438774
Epoch :  833  Epoch time :  1.0746926795691252  Train L2 Loss :  0.021821091496944427
Epoch :  834  Epoch time :  1.0730704423040152  Train L2 Loss :  0.021816100412607193
Epoch :  835  Epoch time :  1.0716746849939227  Train L2 Loss :  0.021815048336982727
Epoch :  836  Epoch time :  1.0746126137673855  Train L2 Loss :  0.02181824600100517
Epoch :  837  Epoch time :  1.081740541383624  Train L2 Loss :  0.021814750182628632
Epoch :  838  Epoch time :  1.0705353282392025  Train L2 Loss :  0.021812621703743935
Epoch :  839  Epoch time :  1.0733647421002388  Train L2 Loss :  0.021815075212717056
Epoch :  840  Epoch time :  1.0876691015437245  Train L2 Loss :  0.02181574584543705
Epoch :  841  Epoch time :  1.0758268227800727  Train L2 Loss :  0.021812674033641816
Epoch :  842  Epoch time :  1.0739750266075134  Train L2 Loss :  0.02181433006823063
Epoch :  843  Epoch time :  1.0768115669488907  Train L2 Loss :  0.0218156292706728
Epoch :  844  Epoch time :  1.0740708308294415  Train L2 Loss :  0.021813418424129486
Epoch :  845  Epoch time :  1.0737656503915787  Train L2 Loss :  0.02181591048836708
Epoch :  846  Epoch time :  1.074673768132925  Train L2 Loss :  0.021812452799081804
Epoch :  847  Epoch time :  1.0732191409915686  Train L2 Loss :  0.021812517523765566
Epoch :  848  Epoch time :  1.0732240583747625  Train L2 Loss :  0.021814629319310188
Epoch :  849  Epoch time :  1.071994918398559  Train L2 Loss :  0.02181270275115967
Epoch :  850  Epoch time :  1.0765860257670283  Train L2 Loss :  0.021812325423955916
Epoch :  851  Epoch time :  1.0722329579293728  Train L2 Loss :  0.021810741204023362
Epoch :  852  Epoch time :  1.071836769580841  Train L2 Loss :  0.021805752775073052
Epoch :  853  Epoch time :  1.0719336960464716  Train L2 Loss :  0.02180667678117752
Epoch :  854  Epoch time :  1.0712284557521343  Train L2 Loss :  0.021811355111002923
Epoch :  855  Epoch time :  1.073789682239294  Train L2 Loss :  0.02180789635181427
Epoch :  856  Epoch time :  1.0730810528621078  Train L2 Loss :  0.02180594602525234
Epoch :  857  Epoch time :  1.0748876705765724  Train L2 Loss :  0.021807808589935303
Epoch :  858  Epoch time :  1.0732372291386127  Train L2 Loss :  0.02180636040866375
Epoch :  859  Epoch time :  1.0734489848837256  Train L2 Loss :  0.02180684134066105
Epoch :  860  Epoch time :  1.0749715873971581  Train L2 Loss :  0.021806659269332885
Epoch :  861  Epoch time :  1.0742288520559669  Train L2 Loss :  0.02180023644268513
Epoch :  862  Epoch time :  1.0731795886531472  Train L2 Loss :  0.021803234171867372
Epoch :  863  Epoch time :  1.0727500058710575  Train L2 Loss :  0.021808358931541445
Epoch :  864  Epoch time :  1.0759657844901085  Train L2 Loss :  0.021803469032049178
Epoch :  865  Epoch time :  1.0729463919997215  Train L2 Loss :  0.021802699106931688
Epoch :  866  Epoch time :  1.0728935915976763  Train L2 Loss :  0.02180380891561508
Epoch :  867  Epoch time :  1.0739285442978144  Train L2 Loss :  0.02180669434070587
Epoch :  868  Epoch time :  1.0735225901007652  Train L2 Loss :  0.021802307364344596
Epoch :  869  Epoch time :  1.0751379299908876  Train L2 Loss :  0.021809202095866204
Epoch :  870  Epoch time :  1.069506318308413  Train L2 Loss :  0.02180048325061798
Epoch :  871  Epoch time :  1.0819360557943583  Train L2 Loss :  0.02180283591747284
Epoch :  872  Epoch time :  1.0796516947448254  Train L2 Loss :  0.021800790607929228
Epoch :  873  Epoch time :  1.074503693729639  Train L2 Loss :  0.0218009225666523
Epoch :  874  Epoch time :  1.075184709392488  Train L2 Loss :  0.021802232468128204
Epoch :  875  Epoch time :  1.0805335687473416  Train L2 Loss :  0.021798310720920564
Epoch :  876  Epoch time :  1.074418137781322  Train L2 Loss :  0.021798478576540947
Epoch :  877  Epoch time :  1.0755201997235417  Train L2 Loss :  0.021798413372039794
Epoch :  878  Epoch time :  1.0758976750075817  Train L2 Loss :  0.021799628773331643
Epoch :  879  Epoch time :  1.0754500618204474  Train L2 Loss :  0.021796394822001457
Epoch :  880  Epoch time :  1.0733797401189804  Train L2 Loss :  0.021797111067175867
Epoch :  881  Epoch time :  1.0747504839673638  Train L2 Loss :  0.021798104840517044
Epoch :  882  Epoch time :  1.075275187380612  Train L2 Loss :  0.021798868933320045
Epoch :  883  Epoch time :  1.0750180007889867  Train L2 Loss :  0.021792448034882544
Epoch :  884  Epoch time :  1.075096981599927  Train L2 Loss :  0.02179510402083397
Epoch :  885  Epoch time :  1.0748174507170916  Train L2 Loss :  0.02179427772462368
Epoch :  886  Epoch time :  1.075454500503838  Train L2 Loss :  0.021792362478375436
Epoch :  887  Epoch time :  1.0747849894687533  Train L2 Loss :  0.02179430160522461
Epoch :  888  Epoch time :  1.0752319358289242  Train L2 Loss :  0.021794100117683412
Epoch :  889  Epoch time :  1.0764791425317526  Train L2 Loss :  0.02179164153933525
Epoch :  890  Epoch time :  1.0749087678268552  Train L2 Loss :  0.021790396854281427
Epoch :  891  Epoch time :  1.0753704654052854  Train L2 Loss :  0.021793414491415024
Epoch :  892  Epoch time :  1.075887756422162  Train L2 Loss :  0.021788264814019204
Epoch :  893  Epoch time :  1.0762197598814964  Train L2 Loss :  0.021787238338589667
Epoch :  894  Epoch time :  1.0731178801506758  Train L2 Loss :  0.021791023004055023
Epoch :  895  Epoch time :  1.0754867941141129  Train L2 Loss :  0.021789734172821044
Epoch :  896  Epoch time :  1.0751356119289994  Train L2 Loss :  0.021790450379252434
Epoch :  897  Epoch time :  1.07702845800668  Train L2 Loss :  0.021790045565366744
Epoch :  898  Epoch time :  1.0739671858027577  Train L2 Loss :  0.021791628456115722
Epoch :  899  Epoch time :  1.0748059693723917  Train L2 Loss :  0.021786329820752143
Epoch :  900  Epoch time :  1.0741151412948966  Train L2 Loss :  0.021733243983983994
Epoch :  901  Epoch time :  1.0732275219634175  Train L2 Loss :  0.02173350232243538
Epoch :  902  Epoch time :  1.0754940211772919  Train L2 Loss :  0.02173336533308029
Epoch :  903  Epoch time :  1.0867096148431301  Train L2 Loss :  0.021731247437000275
Epoch :  904  Epoch time :  1.0766684310510755  Train L2 Loss :  0.021731483983993532
Epoch :  905  Epoch time :  1.0747022097930312  Train L2 Loss :  0.021731230610609054
Epoch :  906  Epoch time :  1.0745319006964564  Train L2 Loss :  0.021729794764518737
Epoch :  907  Epoch time :  1.0784793058410287  Train L2 Loss :  0.021730892366170883
Epoch :  908  Epoch time :  1.0730894142761827  Train L2 Loss :  0.02173311396241188
Epoch :  909  Epoch time :  1.0730180023238063  Train L2 Loss :  0.021730851393938065
Epoch :  910  Epoch time :  1.0732102915644646  Train L2 Loss :  0.0217303827047348
Epoch :  911  Epoch time :  1.0752576533704996  Train L2 Loss :  0.021730300390720367
Epoch :  912  Epoch time :  1.073680511675775  Train L2 Loss :  0.02173275571465492
Epoch :  913  Epoch time :  1.0752577632665634  Train L2 Loss :  0.021729903757572173
Epoch :  914  Epoch time :  1.0729423621669412  Train L2 Loss :  0.02173014299571514
Epoch :  915  Epoch time :  1.0727046635001898  Train L2 Loss :  0.021729416501522065
Epoch :  916  Epoch time :  1.0746457753702998  Train L2 Loss :  0.02173100729584694
Epoch :  917  Epoch time :  1.0762439025565982  Train L2 Loss :  0.02172867206633091
Epoch :  918  Epoch time :  1.073775022290647  Train L2 Loss :  0.02172904563844204
Epoch :  919  Epoch time :  1.0728315534070134  Train L2 Loss :  0.02172668620646
Epoch :  920  Epoch time :  1.074361120350659  Train L2 Loss :  0.021727718418836594
Epoch :  921  Epoch time :  1.0755980731919408  Train L2 Loss :  0.021726543712615967
Epoch :  922  Epoch time :  1.0728211794048548  Train L2 Loss :  0.021726261326670646
Epoch :  923  Epoch time :  1.0746120745316148  Train L2 Loss :  0.021727224081754683
Epoch :  924  Epoch time :  1.074149502441287  Train L2 Loss :  0.021726811504364014
Epoch :  925  Epoch time :  1.0757844848558307  Train L2 Loss :  0.02172478545308113
Epoch :  926  Epoch time :  1.0739157926291227  Train L2 Loss :  0.02172741885781288
Epoch :  927  Epoch time :  1.0726090967655182  Train L2 Loss :  0.02172450443506241
Epoch :  928  Epoch time :  1.0743191288784146  Train L2 Loss :  0.021724702307581903
Epoch :  929  Epoch time :  1.0738782277330756  Train L2 Loss :  0.02172426088452339
Epoch :  930  Epoch time :  1.0746484464034438  Train L2 Loss :  0.021724683666229247
Epoch :  931  Epoch time :  1.0714587597176433  Train L2 Loss :  0.021725250691175462
Epoch :  932  Epoch time :  1.0735359014943242  Train L2 Loss :  0.021725669094920158
Epoch :  933  Epoch time :  1.073833373375237  Train L2 Loss :  0.021724342247843743
Epoch :  934  Epoch time :  1.0730165354907513  Train L2 Loss :  0.021723254078626634
Epoch :  935  Epoch time :  1.0903691090643406  Train L2 Loss :  0.021725762334465982
Epoch :  936  Epoch time :  1.0731437355279922  Train L2 Loss :  0.02172318058013916
Epoch :  937  Epoch time :  1.0744743645191193  Train L2 Loss :  0.021721220901608468
Epoch :  938  Epoch time :  1.0771274464204907  Train L2 Loss :  0.021722965890169144
Epoch :  939  Epoch time :  1.0766035690903664  Train L2 Loss :  0.021723546230793
Epoch :  940  Epoch time :  1.0767944399267435  Train L2 Loss :  0.021721391743421553
Epoch :  941  Epoch time :  1.0750024542212486  Train L2 Loss :  0.021721707686781885
Epoch :  942  Epoch time :  1.0742161646485329  Train L2 Loss :  0.02172043898701668
Epoch :  943  Epoch time :  1.0746792955324054  Train L2 Loss :  0.021723226836323738
Epoch :  944  Epoch time :  1.0756459841504693  Train L2 Loss :  0.02172309594452381
Epoch :  945  Epoch time :  1.0758572947233915  Train L2 Loss :  0.021720865494012833
Epoch :  946  Epoch time :  1.0736124534159899  Train L2 Loss :  0.021719934928417207
Epoch :  947  Epoch time :  1.0720062078908086  Train L2 Loss :  0.02171896671652794
Epoch :  948  Epoch time :  1.0738534657284617  Train L2 Loss :  0.021716934356093405
Epoch :  949  Epoch time :  1.0779907265678048  Train L2 Loss :  0.021718839102983476
Epoch :  950  Epoch time :  1.075098104774952  Train L2 Loss :  0.0217179489672184
Epoch :  951  Epoch time :  1.0753717180341482  Train L2 Loss :  0.021716527354717255
Epoch :  952  Epoch time :  1.076648011803627  Train L2 Loss :  0.021719736778736114
Epoch :  953  Epoch time :  1.0753255682066083  Train L2 Loss :  0.02171838688850403
Epoch :  954  Epoch time :  1.0758219892159104  Train L2 Loss :  0.021716044348478316
Epoch :  955  Epoch time :  1.0743439132347703  Train L2 Loss :  0.021719598892331122
Epoch :  956  Epoch time :  1.0766873881220818  Train L2 Loss :  0.021718074050545693
Epoch :  957  Epoch time :  1.075005242601037  Train L2 Loss :  0.021715533968806267
Epoch :  958  Epoch time :  1.076787761412561  Train L2 Loss :  0.021716352999210358
Epoch :  959  Epoch time :  1.0761827668175101  Train L2 Loss :  0.02171394102871418
Epoch :  960  Epoch time :  1.0745736416429281  Train L2 Loss :  0.021713162356615065
Epoch :  961  Epoch time :  1.0759559106081724  Train L2 Loss :  0.02171427330672741
Epoch :  962  Epoch time :  1.072643063031137  Train L2 Loss :  0.021714985877275467
Epoch :  963  Epoch time :  1.0765028893947601  Train L2 Loss :  0.02171464712023735
Epoch :  964  Epoch time :  1.074946909211576  Train L2 Loss :  0.021714352679252626
Epoch :  965  Epoch time :  1.0739882616326213  Train L2 Loss :  0.021714468449354173
Epoch :  966  Epoch time :  1.0827352814376354  Train L2 Loss :  0.021712132418155672
Epoch :  967  Epoch time :  1.0809484021738172  Train L2 Loss :  0.02171236578822136
Epoch :  968  Epoch time :  1.07619072124362  Train L2 Loss :  0.021710989224910736
Epoch :  969  Epoch time :  1.0754389064386487  Train L2 Loss :  0.02171213355064392
Epoch :  970  Epoch time :  1.0778973111882806  Train L2 Loss :  0.021712245666980743
Epoch :  971  Epoch time :  1.0756575940176845  Train L2 Loss :  0.021710498425364495
Epoch :  972  Epoch time :  1.077189608477056  Train L2 Loss :  0.021711024850606917
Epoch :  973  Epoch time :  1.075943778268993  Train L2 Loss :  0.021711997839808463
Epoch :  974  Epoch time :  1.0751159880310297  Train L2 Loss :  0.021713508182764053
Epoch :  975  Epoch time :  1.075543338432908  Train L2 Loss :  0.021711463582515717
Epoch :  976  Epoch time :  1.0751827415078878  Train L2 Loss :  0.021710180681943893
Epoch :  977  Epoch time :  1.0777552658692002  Train L2 Loss :  0.021707843387126922
Epoch :  978  Epoch time :  1.072841669432819  Train L2 Loss :  0.021710317647457122
Epoch :  979  Epoch time :  1.0749301929026842  Train L2 Loss :  0.021710294497013092
Epoch :  980  Epoch time :  1.075552542693913  Train L2 Loss :  0.021710061740875246
Epoch :  981  Epoch time :  1.0750398971140385  Train L2 Loss :  0.021708327141404152
Epoch :  982  Epoch time :  1.07567323371768  Train L2 Loss :  0.02170747355222702
Epoch :  983  Epoch time :  1.0741396667435765  Train L2 Loss :  0.0217081306040287
Epoch :  984  Epoch time :  1.074026046320796  Train L2 Loss :  0.021708299428224564
Epoch :  985  Epoch time :  1.0749713201075792  Train L2 Loss :  0.021705417186021803
Epoch :  986  Epoch time :  1.0738464025780559  Train L2 Loss :  0.021708223271369936
Epoch :  987  Epoch time :  1.077457357198  Train L2 Loss :  0.0217052986741066
Epoch :  988  Epoch time :  1.0745268138125539  Train L2 Loss :  0.021707619193196297
Epoch :  989  Epoch time :  1.0738623766228557  Train L2 Loss :  0.021703968787193297
Epoch :  990  Epoch time :  1.0739555321633816  Train L2 Loss :  0.02170439148545265
Epoch :  991  Epoch time :  1.0764344595372677  Train L2 Loss :  0.021703631573915482
Epoch :  992  Epoch time :  1.0734134763479233  Train L2 Loss :  0.02170377361178398
Epoch :  993  Epoch time :  1.073973635211587  Train L2 Loss :  0.02170397309064865
Epoch :  994  Epoch time :  1.0727128721773624  Train L2 Loss :  0.021703164714574813
Epoch :  995  Epoch time :  1.074484745040536  Train L2 Loss :  0.021704130521416665
Epoch :  996  Epoch time :  1.0760950427502394  Train L2 Loss :  0.02170454799234867
Epoch :  997  Epoch time :  1.0744708236306906  Train L2 Loss :  0.021702823674678802
Epoch :  998  Epoch time :  1.0864312816411257  Train L2 Loss :  0.021701904344558716
Epoch :  999  Epoch time :  1.0781285427510738  Train L2 Loss :  0.02170262432694435
Total time is : 1069.082351097837 Total epoch is  1000
