Energy is  1.199040866595169e-14
Input dim :  128  output dim :  4096
362753
Epoch :  0  Epoch time :  1.2525299824774265  Train L2 Loss :  4.827515997695923
Epoch :  1  Epoch time :  1.0743249049410224  Train L2 Loss :  2.177989390182495
Epoch :  2  Epoch time :  1.0750504778698087  Train L2 Loss :  1.4187079147338868
Epoch :  3  Epoch time :  1.0770630333572626  Train L2 Loss :  1.0336659893989564
Epoch :  4  Epoch time :  1.0748691409826279  Train L2 Loss :  0.7506989269256592
Epoch :  5  Epoch time :  1.0732067320495844  Train L2 Loss :  0.5872382364273071
Epoch :  6  Epoch time :  1.0736482851207256  Train L2 Loss :  0.4810187491416931
Epoch :  7  Epoch time :  1.0759911313652992  Train L2 Loss :  0.4425913724422455
Epoch :  8  Epoch time :  1.0746153900399804  Train L2 Loss :  0.43436069011688233
Epoch :  9  Epoch time :  1.0726605858653784  Train L2 Loss :  0.4063278468132019
Epoch :  10  Epoch time :  1.0730765797197819  Train L2 Loss :  0.3708608679294586
Epoch :  11  Epoch time :  1.0757890129461884  Train L2 Loss :  0.34981514081954956
Epoch :  12  Epoch time :  1.071992002427578  Train L2 Loss :  0.32110966396331786
Epoch :  13  Epoch time :  1.0731833465397358  Train L2 Loss :  0.30740350098609925
Epoch :  14  Epoch time :  1.0730544766411185  Train L2 Loss :  0.2845941523075104
Epoch :  15  Epoch time :  1.077227314002812  Train L2 Loss :  0.27928922624588015
Epoch :  16  Epoch time :  1.0728169810026884  Train L2 Loss :  0.27616942262649535
Epoch :  17  Epoch time :  1.0733129354193807  Train L2 Loss :  0.2503263380765915
Epoch :  18  Epoch time :  1.0732271298766136  Train L2 Loss :  0.23619586179256438
Epoch :  19  Epoch time :  1.0747279664501548  Train L2 Loss :  0.23134936065673828
Epoch :  20  Epoch time :  1.0750333461910486  Train L2 Loss :  0.22889517090320588
Epoch :  21  Epoch time :  1.075985568575561  Train L2 Loss :  0.21516536002159117
Epoch :  22  Epoch time :  1.0770039828494191  Train L2 Loss :  0.21455441908836365
Epoch :  23  Epoch time :  1.077439470216632  Train L2 Loss :  0.19999140236377716
Epoch :  24  Epoch time :  1.07648266851902  Train L2 Loss :  0.20263795750141145
Epoch :  25  Epoch time :  1.0758407851681113  Train L2 Loss :  0.18529661889076232
Epoch :  26  Epoch time :  1.0811289222911  Train L2 Loss :  0.1790954235315323
Epoch :  27  Epoch time :  1.0777566572651267  Train L2 Loss :  0.16606706495285034
Epoch :  28  Epoch time :  1.0767082292586565  Train L2 Loss :  0.1773769929409027
Epoch :  29  Epoch time :  1.076974823139608  Train L2 Loss :  0.17562426130771636
Epoch :  30  Epoch time :  1.0787138603627682  Train L2 Loss :  0.1665390863418579
Epoch :  31  Epoch time :  1.077275613322854  Train L2 Loss :  0.16167875244617463
Epoch :  32  Epoch time :  1.0763677600771189  Train L2 Loss :  0.16501798141002655
Epoch :  33  Epoch time :  1.076595545746386  Train L2 Loss :  0.1572367308139801
Epoch :  34  Epoch time :  1.0791310304775834  Train L2 Loss :  0.14450263953208922
Epoch :  35  Epoch time :  1.0779769476503134  Train L2 Loss :  0.16568925704956056
Epoch :  36  Epoch time :  1.0778927765786648  Train L2 Loss :  0.1501194786310196
Epoch :  37  Epoch time :  1.077479929663241  Train L2 Loss :  0.15697021462917327
Epoch :  38  Epoch time :  1.0764373624697328  Train L2 Loss :  0.14287022953033449
Epoch :  39  Epoch time :  1.0757137537002563  Train L2 Loss :  0.1427696316242218
Epoch :  40  Epoch time :  1.0774792516604066  Train L2 Loss :  0.14798796634674072
Epoch :  41  Epoch time :  1.0800623688846827  Train L2 Loss :  0.13809656569957734
Epoch :  42  Epoch time :  1.0771836386993527  Train L2 Loss :  0.12795229243040085
Epoch :  43  Epoch time :  1.0769244590774179  Train L2 Loss :  0.13118844019174575
Epoch :  44  Epoch time :  1.0774395149201155  Train L2 Loss :  0.12909735226631164
Epoch :  45  Epoch time :  1.0776031129062176  Train L2 Loss :  0.13736890575885774
Epoch :  46  Epoch time :  1.0781231438741088  Train L2 Loss :  0.11782912671566009
Epoch :  47  Epoch time :  1.0759595334529877  Train L2 Loss :  0.12245723801851273
Epoch :  48  Epoch time :  1.07466631103307  Train L2 Loss :  0.1267142786502838
Epoch :  49  Epoch time :  1.0763658545911312  Train L2 Loss :  0.1123181688785553
Epoch :  50  Epoch time :  1.0742927305400372  Train L2 Loss :  0.1199643152475357
Epoch :  51  Epoch time :  1.074607909657061  Train L2 Loss :  0.10894944075345993
Epoch :  52  Epoch time :  1.0773142408579588  Train L2 Loss :  0.11385154157876969
Epoch :  53  Epoch time :  1.074750349856913  Train L2 Loss :  0.11421974587440491
Epoch :  54  Epoch time :  1.0739189125597477  Train L2 Loss :  0.1160269615650177
Epoch :  55  Epoch time :  1.0738303260877728  Train L2 Loss :  0.10781810029745102
Epoch :  56  Epoch time :  1.0768965743482113  Train L2 Loss :  0.09948476345539092
Epoch :  57  Epoch time :  1.0738115636631846  Train L2 Loss :  0.09801791110038757
Epoch :  58  Epoch time :  1.073996557854116  Train L2 Loss :  0.10584478826522827
Epoch :  59  Epoch time :  1.0756922997534275  Train L2 Loss :  0.101558569252491
Epoch :  60  Epoch time :  1.076372791081667  Train L2 Loss :  0.09675025656223298
Epoch :  61  Epoch time :  1.0750144431367517  Train L2 Loss :  0.09450067332983017
Epoch :  62  Epoch time :  1.0752643840387464  Train L2 Loss :  0.09828611350059509
Epoch :  63  Epoch time :  1.074685052037239  Train L2 Loss :  0.0867002053141594
Epoch :  64  Epoch time :  1.0790370600298047  Train L2 Loss :  0.09099843283891677
Epoch :  65  Epoch time :  1.0752445701509714  Train L2 Loss :  0.09095222063064576
Epoch :  66  Epoch time :  1.0758655853569508  Train L2 Loss :  0.09565602543354035
Epoch :  67  Epoch time :  1.0775374583899975  Train L2 Loss :  0.0903802752494812
Epoch :  68  Epoch time :  1.0764876082539558  Train L2 Loss :  0.084082641851902
Epoch :  69  Epoch time :  1.0752546973526478  Train L2 Loss :  0.09478642656803131
Epoch :  70  Epoch time :  1.0752006266266108  Train L2 Loss :  0.08724700412750244
Epoch :  71  Epoch time :  1.0782825564965606  Train L2 Loss :  0.08479053885936737
Epoch :  72  Epoch time :  1.0751788280904293  Train L2 Loss :  0.07957458429336547
Epoch :  73  Epoch time :  1.0760656110942364  Train L2 Loss :  0.08364816961288452
Epoch :  74  Epoch time :  1.0750316204503179  Train L2 Loss :  0.0824358583688736
Epoch :  75  Epoch time :  1.0772526543587446  Train L2 Loss :  0.08475497512817383
Epoch :  76  Epoch time :  1.0761270392686129  Train L2 Loss :  0.0828195365190506
Epoch :  77  Epoch time :  1.0763520458713174  Train L2 Loss :  0.07145478320121765
Epoch :  78  Epoch time :  1.0770641788840294  Train L2 Loss :  0.08235908019542694
Epoch :  79  Epoch time :  1.0757388742640615  Train L2 Loss :  0.08122642278671265
Epoch :  80  Epoch time :  1.0759403677657247  Train L2 Loss :  0.0744982185602188
Epoch :  81  Epoch time :  1.0755417849868536  Train L2 Loss :  0.07793276551961899
Epoch :  82  Epoch time :  1.077860808931291  Train L2 Loss :  0.07507201488018037
Epoch :  83  Epoch time :  1.0772564383223653  Train L2 Loss :  0.08599126000404358
Epoch :  84  Epoch time :  1.076531283557415  Train L2 Loss :  0.07110742954015732
Epoch :  85  Epoch time :  1.0766247995197773  Train L2 Loss :  0.06905013319253922
Epoch :  86  Epoch time :  1.077575241215527  Train L2 Loss :  0.07168104782104492
Epoch :  87  Epoch time :  1.0776709876954556  Train L2 Loss :  0.07026155720949173
Epoch :  88  Epoch time :  1.0763028608635068  Train L2 Loss :  0.08127148300409318
Epoch :  89  Epoch time :  1.0766031611710787  Train L2 Loss :  0.06888900461196899
Epoch :  90  Epoch time :  1.082833337597549  Train L2 Loss :  0.07460060467720031
Epoch :  91  Epoch time :  1.0771105885505676  Train L2 Loss :  0.07256687061786651
Epoch :  92  Epoch time :  1.0779163409024477  Train L2 Loss :  0.0701971483707428
Epoch :  93  Epoch time :  1.07786288484931  Train L2 Loss :  0.06711470572948455
Epoch :  94  Epoch time :  1.0780307352542877  Train L2 Loss :  0.07770915579795837
Epoch :  95  Epoch time :  1.0779946641996503  Train L2 Loss :  0.06438991171121597
Epoch :  96  Epoch time :  1.0788551708683372  Train L2 Loss :  0.06844583721160889
Epoch :  97  Epoch time :  1.0794257847592235  Train L2 Loss :  0.07117783484458923
Epoch :  98  Epoch time :  1.077414925210178  Train L2 Loss :  0.06283423696756363
Epoch :  99  Epoch time :  1.0769689762964845  Train L2 Loss :  0.06501720216274262
Epoch :  100  Epoch time :  1.0790590457618237  Train L2 Loss :  0.038820603454113006
Epoch :  101  Epoch time :  1.0780473053455353  Train L2 Loss :  0.03435667326450348
Epoch :  102  Epoch time :  1.078309421427548  Train L2 Loss :  0.03466183637678623
Epoch :  103  Epoch time :  1.0775141697376966  Train L2 Loss :  0.03636692973971367
Epoch :  104  Epoch time :  1.081298311240971  Train L2 Loss :  0.03705424149036408
Epoch :  105  Epoch time :  1.076991685666144  Train L2 Loss :  0.03608165285587311
Epoch :  106  Epoch time :  1.0778151769191027  Train L2 Loss :  0.037855604058504105
Epoch :  107  Epoch time :  1.0781920263543725  Train L2 Loss :  0.04004052494764328
Epoch :  108  Epoch time :  1.0805762307718396  Train L2 Loss :  0.03760312448740005
Epoch :  109  Epoch time :  1.0783084109425545  Train L2 Loss :  0.03661110537052154
Epoch :  110  Epoch time :  1.0776245025917888  Train L2 Loss :  0.038868309259414674
Epoch :  111  Epoch time :  1.0777344722300768  Train L2 Loss :  0.03681745316982269
Epoch :  112  Epoch time :  1.0789412502199411  Train L2 Loss :  0.036728188890218734
Epoch :  113  Epoch time :  1.0785984294489026  Train L2 Loss :  0.038441650551557544
Epoch :  114  Epoch time :  1.0775940604507923  Train L2 Loss :  0.03731039233803749
Epoch :  115  Epoch time :  1.0806972067803144  Train L2 Loss :  0.03448765766620636
Epoch :  116  Epoch time :  1.078827828168869  Train L2 Loss :  0.03666553401350975
Epoch :  117  Epoch time :  1.0786328176036477  Train L2 Loss :  0.03728956291675568
Epoch :  118  Epoch time :  1.0785428313538432  Train L2 Loss :  0.035724563813209535
Epoch :  119  Epoch time :  1.0833845799788833  Train L2 Loss :  0.035671112823486326
Epoch :  120  Epoch time :  1.080247800797224  Train L2 Loss :  0.034515666496753694
Epoch :  121  Epoch time :  1.0791132496669888  Train L2 Loss :  0.03627796406149864
Epoch :  122  Epoch time :  1.0788182877004147  Train L2 Loss :  0.03436947979331016
Epoch :  123  Epoch time :  1.0799057688564062  Train L2 Loss :  0.03553204526901245
Epoch :  124  Epoch time :  1.0808852445334196  Train L2 Loss :  0.03451691138744354
Epoch :  125  Epoch time :  1.0804733242839575  Train L2 Loss :  0.03362065833210945
Epoch :  126  Epoch time :  1.0820290930569172  Train L2 Loss :  0.03354970338344574
Epoch :  127  Epoch time :  1.0797544978559017  Train L2 Loss :  0.03438600443601608
Epoch :  128  Epoch time :  1.0805162396281958  Train L2 Loss :  0.03539450506567955
Epoch :  129  Epoch time :  1.0807940065860748  Train L2 Loss :  0.03281388557851315
Epoch :  130  Epoch time :  1.0817017080262303  Train L2 Loss :  0.0327857479095459
Epoch :  131  Epoch time :  1.0792361926287413  Train L2 Loss :  0.034717396944761274
Epoch :  132  Epoch time :  1.079178374260664  Train L2 Loss :  0.03160608096718788
Epoch :  133  Epoch time :  1.087898421101272  Train L2 Loss :  0.03332252958416939
Epoch :  134  Epoch time :  1.0805837977677584  Train L2 Loss :  0.03144550222158432
Epoch :  135  Epoch time :  1.0810729572549462  Train L2 Loss :  0.03456304333209991
Epoch :  136  Epoch time :  1.0799089167267084  Train L2 Loss :  0.03314080037474632
Epoch :  137  Epoch time :  1.0789888007566333  Train L2 Loss :  0.03163939238786698
Epoch :  138  Epoch time :  1.080404045060277  Train L2 Loss :  0.03237545974254608
Epoch :  139  Epoch time :  1.0788134252652526  Train L2 Loss :  0.03160709284842014
Epoch :  140  Epoch time :  1.079411905258894  Train L2 Loss :  0.03269298027157783
Epoch :  141  Epoch time :  1.079520983621478  Train L2 Loss :  0.03264951069355011
Epoch :  142  Epoch time :  1.0813624672591686  Train L2 Loss :  0.03247365299463272
Epoch :  143  Epoch time :  1.0791493188589811  Train L2 Loss :  0.03080480595231056
Epoch :  144  Epoch time :  1.0798193188384175  Train L2 Loss :  0.03219133425354958
Epoch :  145  Epoch time :  1.0816903905943036  Train L2 Loss :  0.0306433402299881
Epoch :  146  Epoch time :  1.0798521749675274  Train L2 Loss :  0.0322284673511982
Epoch :  147  Epoch time :  1.0799080608412623  Train L2 Loss :  0.03161181396842003
Epoch :  148  Epoch time :  1.0793381426483393  Train L2 Loss :  0.03243661346435547
Epoch :  149  Epoch time :  1.0859297653660178  Train L2 Loss :  0.029260589146614075
Epoch :  150  Epoch time :  1.0803399998694658  Train L2 Loss :  0.031017048734426497
Epoch :  151  Epoch time :  1.0798845179378986  Train L2 Loss :  0.03225661487281323
Epoch :  152  Epoch time :  1.0800315709784627  Train L2 Loss :  0.02993952221274376
Epoch :  153  Epoch time :  1.0804000720381737  Train L2 Loss :  0.03289415546655655
Epoch :  154  Epoch time :  1.0796872545033693  Train L2 Loss :  0.029115367567539217
Epoch :  155  Epoch time :  1.0804388038814068  Train L2 Loss :  0.0281758254468441
Epoch :  156  Epoch time :  1.0800613602623343  Train L2 Loss :  0.030860095363855363
Epoch :  157  Epoch time :  1.0824538944289088  Train L2 Loss :  0.03085064641237259
Epoch :  158  Epoch time :  1.0810066359117627  Train L2 Loss :  0.03129712763428688
Epoch :  159  Epoch time :  1.0798959853127599  Train L2 Loss :  0.028405589926242827
Epoch :  160  Epoch time :  1.0828954800963402  Train L2 Loss :  0.02828056001663208
Epoch :  161  Epoch time :  1.0800182651728392  Train L2 Loss :  0.030624928119778634
Epoch :  162  Epoch time :  1.0815680976957083  Train L2 Loss :  0.02911458665728569
Epoch :  163  Epoch time :  1.080457828938961  Train L2 Loss :  0.02991903303861618
Epoch :  164  Epoch time :  1.080800699070096  Train L2 Loss :  0.028950026124715804
Epoch :  165  Epoch time :  1.0790272653102875  Train L2 Loss :  0.028312808161973953
Epoch :  166  Epoch time :  1.081371633335948  Train L2 Loss :  0.029389322021603586
Epoch :  167  Epoch time :  1.080820887349546  Train L2 Loss :  0.02793333641886711
Epoch :  168  Epoch time :  1.0808838186785579  Train L2 Loss :  0.030203939151763916
Epoch :  169  Epoch time :  1.0782476924359798  Train L2 Loss :  0.02840916028022766
Epoch :  170  Epoch time :  1.081050718203187  Train L2 Loss :  0.027797196185588836
Epoch :  171  Epoch time :  1.0812279479578137  Train L2 Loss :  0.02754909557700157
Epoch :  172  Epoch time :  1.0796747226268053  Train L2 Loss :  0.028753821805119515
Epoch :  173  Epoch time :  1.082822509109974  Train L2 Loss :  0.02824085754752159
Epoch :  174  Epoch time :  1.0822791066020727  Train L2 Loss :  0.028439108234643937
Epoch :  175  Epoch time :  1.0816932059824467  Train L2 Loss :  0.02792882311940193
Epoch :  176  Epoch time :  1.0803902242332697  Train L2 Loss :  0.027847783330082893
Epoch :  177  Epoch time :  1.0801293598487973  Train L2 Loss :  0.026559261685609816
Epoch :  178  Epoch time :  1.0805658157914877  Train L2 Loss :  0.029998795047402382
Epoch :  179  Epoch time :  1.0890899961814284  Train L2 Loss :  0.028307021191716193
Epoch :  180  Epoch time :  1.0827678199857473  Train L2 Loss :  0.026428671032190324
Epoch :  181  Epoch time :  1.0812952667474747  Train L2 Loss :  0.02616450425684452
Epoch :  182  Epoch time :  1.0813403064385056  Train L2 Loss :  0.028839591646194457
Epoch :  183  Epoch time :  1.081204378977418  Train L2 Loss :  0.02889545926451683
Epoch :  184  Epoch time :  1.0808526407927275  Train L2 Loss :  0.02655990482568741
Epoch :  185  Epoch time :  1.0810196539387107  Train L2 Loss :  0.02911998403966427
Epoch :  186  Epoch time :  1.083094896748662  Train L2 Loss :  0.027308037161827087
Epoch :  187  Epoch time :  1.0808439869433641  Train L2 Loss :  0.026821274745464325
Epoch :  188  Epoch time :  1.0813968172296882  Train L2 Loss :  0.025596488243341445
Epoch :  189  Epoch time :  1.0814241468906403  Train L2 Loss :  0.027139381957054138
Epoch :  190  Epoch time :  1.0824721399694681  Train L2 Loss :  0.026818075227737426
Epoch :  191  Epoch time :  1.080251089297235  Train L2 Loss :  0.025376198726892472
Epoch :  192  Epoch time :  1.0812402851879597  Train L2 Loss :  0.026464299029111862
Epoch :  193  Epoch time :  1.0805027782917023  Train L2 Loss :  0.025808662542700766
Epoch :  194  Epoch time :  1.081212503835559  Train L2 Loss :  0.027115592980384826
Epoch :  195  Epoch time :  1.080396505072713  Train L2 Loss :  0.0270762497484684
Epoch :  196  Epoch time :  1.079858686774969  Train L2 Loss :  0.025732601004838943
Epoch :  197  Epoch time :  1.081066501326859  Train L2 Loss :  0.027055830484628677
Epoch :  198  Epoch time :  1.0818332517519593  Train L2 Loss :  0.026182704523205758
Epoch :  199  Epoch time :  1.0794469257816672  Train L2 Loss :  0.027265729159116747
Epoch :  200  Epoch time :  1.0800415743142366  Train L2 Loss :  0.018271409302949907
Epoch :  201  Epoch time :  1.0809382228180766  Train L2 Loss :  0.0171989590972662
Epoch :  202  Epoch time :  1.0805336507037282  Train L2 Loss :  0.017529728126525878
Epoch :  203  Epoch time :  1.07949663605541  Train L2 Loss :  0.017705605310201645
Epoch :  204  Epoch time :  1.0794403776526451  Train L2 Loss :  0.01803590198457241
Epoch :  205  Epoch time :  1.0805536219850183  Train L2 Loss :  0.018072639364004134
Epoch :  206  Epoch time :  1.078197855502367  Train L2 Loss :  0.018647503963112832
Epoch :  207  Epoch time :  1.079402063973248  Train L2 Loss :  0.018491280037164687
Epoch :  208  Epoch time :  1.08243187982589  Train L2 Loss :  0.01842753086388111
Epoch :  209  Epoch time :  1.092997138388455  Train L2 Loss :  0.01840542631149292
Epoch :  210  Epoch time :  1.081291276961565  Train L2 Loss :  0.01824446060359478
Epoch :  211  Epoch time :  1.0801008120179176  Train L2 Loss :  0.018480565676093103
Epoch :  212  Epoch time :  1.081037413328886  Train L2 Loss :  0.01829428272843361
Epoch :  213  Epoch time :  1.0827320870012045  Train L2 Loss :  0.018351216876506805
Epoch :  214  Epoch time :  1.081713412888348  Train L2 Loss :  0.018522365626692773
Epoch :  215  Epoch time :  1.0796804372221231  Train L2 Loss :  0.017954257717728614
Epoch :  216  Epoch time :  1.0820964155718684  Train L2 Loss :  0.01808516697883606
Epoch :  217  Epoch time :  1.0793496407568455  Train L2 Loss :  0.018625122898817063
Epoch :  218  Epoch time :  1.0802280399948359  Train L2 Loss :  0.018367306891083717
Epoch :  219  Epoch time :  1.0822727689519525  Train L2 Loss :  0.01786597339808941
Epoch :  220  Epoch time :  1.0796801690012217  Train L2 Loss :  0.01800445668399334
Epoch :  221  Epoch time :  1.080412307754159  Train L2 Loss :  0.017912415558099748
Epoch :  222  Epoch time :  1.0802636044099927  Train L2 Loss :  0.018181606057286262
Epoch :  223  Epoch time :  1.0826663980260491  Train L2 Loss :  0.01782841712832451
Epoch :  224  Epoch time :  1.080782439559698  Train L2 Loss :  0.017510645937919615
Epoch :  225  Epoch time :  1.080201318487525  Train L2 Loss :  0.018169131207466126
Epoch :  226  Epoch time :  1.0818312633782625  Train L2 Loss :  0.017889486953616144
Epoch :  227  Epoch time :  1.08157929033041  Train L2 Loss :  0.017528328782320024
Epoch :  228  Epoch time :  1.0799259282648563  Train L2 Loss :  0.01822533723115921
Epoch :  229  Epoch time :  1.0798327280208468  Train L2 Loss :  0.017602215525507926
Epoch :  230  Epoch time :  1.079457949846983  Train L2 Loss :  0.017595398959517478
Epoch :  231  Epoch time :  1.079505741596222  Train L2 Loss :  0.017769800916314124
Epoch :  232  Epoch time :  1.079240114428103  Train L2 Loss :  0.018025250095129012
Epoch :  233  Epoch time :  1.0795408440753818  Train L2 Loss :  0.017356750327348708
Epoch :  234  Epoch time :  1.079867785796523  Train L2 Loss :  0.017633011162281036
Epoch :  235  Epoch time :  1.0803598556667566  Train L2 Loss :  0.017638230976462364
Epoch :  236  Epoch time :  1.0785592254251242  Train L2 Loss :  0.017758142399787902
Epoch :  237  Epoch time :  1.0796037372201681  Train L2 Loss :  0.0174435409784317
Epoch :  238  Epoch time :  1.0878155855461955  Train L2 Loss :  0.0174511077105999
Epoch :  239  Epoch time :  1.0829032277688384  Train L2 Loss :  0.01777053044140339
Epoch :  240  Epoch time :  1.080988516099751  Train L2 Loss :  0.01728860399723053
Epoch :  241  Epoch time :  1.0802108217030764  Train L2 Loss :  0.01742755557745695
Epoch :  242  Epoch time :  1.0809595799073577  Train L2 Loss :  0.017214275479316712
Epoch :  243  Epoch time :  1.079336459748447  Train L2 Loss :  0.017610949903726577
Epoch :  244  Epoch time :  1.0813213177025318  Train L2 Loss :  0.017363774251937865
Epoch :  245  Epoch time :  1.0800529448315501  Train L2 Loss :  0.017666560772061347
Epoch :  246  Epoch time :  1.0827121119946241  Train L2 Loss :  0.01709383991062641
Epoch :  247  Epoch time :  1.0810761954635382  Train L2 Loss :  0.017262205153703688
Epoch :  248  Epoch time :  1.0801249723881483  Train L2 Loss :  0.016961941832304
Epoch :  249  Epoch time :  1.0831090416759253  Train L2 Loss :  0.01739650028347969
Epoch :  250  Epoch time :  1.080750361084938  Train L2 Loss :  0.017254083397984506
Epoch :  251  Epoch time :  1.0813286202028394  Train L2 Loss :  0.016821132948994635
Epoch :  252  Epoch time :  1.0808094637468457  Train L2 Loss :  0.016976502740383148
Epoch :  253  Epoch time :  1.08302659727633  Train L2 Loss :  0.01740979488193989
Epoch :  254  Epoch time :  1.0807364163920283  Train L2 Loss :  0.016861784425377845
Epoch :  255  Epoch time :  1.0809827353805304  Train L2 Loss :  0.01720669257044792
Epoch :  256  Epoch time :  1.0806791167706251  Train L2 Loss :  0.017006510162353515
Epoch :  257  Epoch time :  1.0823014080524445  Train L2 Loss :  0.016945442408323286
Epoch :  258  Epoch time :  1.0802754871547222  Train L2 Loss :  0.016966740104556084
Epoch :  259  Epoch time :  1.0802663676440716  Train L2 Loss :  0.017192737367749213
Epoch :  260  Epoch time :  1.0819762656465173  Train L2 Loss :  0.01685180706679821
Epoch :  261  Epoch time :  1.0808013081550598  Train L2 Loss :  0.01716309420466423
Epoch :  262  Epoch time :  1.0791845545172691  Train L2 Loss :  0.016895196525752543
Epoch :  263  Epoch time :  1.0799214467406273  Train L2 Loss :  0.01676589970290661
Epoch :  264  Epoch time :  1.0811823895201087  Train L2 Loss :  0.017218999180197717
Epoch :  265  Epoch time :  1.0801362907513976  Train L2 Loss :  0.016779869371652604
Epoch :  266  Epoch time :  1.0799774965271354  Train L2 Loss :  0.016948279872536658
Epoch :  267  Epoch time :  1.0799726070836186  Train L2 Loss :  0.01679852392077446
Epoch :  268  Epoch time :  1.0921888640150428  Train L2 Loss :  0.01647699604034424
Epoch :  269  Epoch time :  1.081057831645012  Train L2 Loss :  0.016854745998978616
Epoch :  270  Epoch time :  1.0813704058527946  Train L2 Loss :  0.016867293041944505
Epoch :  271  Epoch time :  1.080508353188634  Train L2 Loss :  0.016760542315244674
Epoch :  272  Epoch time :  1.08234385214746  Train L2 Loss :  0.016482771456241607
Epoch :  273  Epoch time :  1.08110945019871  Train L2 Loss :  0.016956182289123534
Epoch :  274  Epoch time :  1.0810125023126602  Train L2 Loss :  0.016288352525234223
Epoch :  275  Epoch time :  1.0831672847270966  Train L2 Loss :  0.016583503592014312
Epoch :  276  Epoch time :  1.0813591796904802  Train L2 Loss :  0.01645689898431301
Epoch :  277  Epoch time :  1.080975747667253  Train L2 Loss :  0.01640729421377182
Epoch :  278  Epoch time :  1.0807544263079762  Train L2 Loss :  0.0163627821713686
Epoch :  279  Epoch time :  1.0830077333375812  Train L2 Loss :  0.01674448134303093
Epoch :  280  Epoch time :  1.0813728217035532  Train L2 Loss :  0.01616367470473051
Epoch :  281  Epoch time :  1.0827465169131756  Train L2 Loss :  0.01615754908323288
Epoch :  282  Epoch time :  1.081104340031743  Train L2 Loss :  0.016156405094265937
Epoch :  283  Epoch time :  1.082993170246482  Train L2 Loss :  0.01613278903365135
Epoch :  284  Epoch time :  1.0833302987739444  Train L2 Loss :  0.016478440123796463
Epoch :  285  Epoch time :  1.0821387935429811  Train L2 Loss :  0.01663380838930607
Epoch :  286  Epoch time :  1.0833843909204006  Train L2 Loss :  0.016039438724517824
Epoch :  287  Epoch time :  1.0824113730341196  Train L2 Loss :  0.016364707589149475
Epoch :  288  Epoch time :  1.0814974596723914  Train L2 Loss :  0.016203318095207215
Epoch :  289  Epoch time :  1.0823242655023932  Train L2 Loss :  0.016159015515446663
Epoch :  290  Epoch time :  1.0834333635866642  Train L2 Loss :  0.01630664886981249
Epoch :  291  Epoch time :  1.0818076971918344  Train L2 Loss :  0.016219860661029817
Epoch :  292  Epoch time :  1.0951242921873927  Train L2 Loss :  0.01618790495991707
Epoch :  293  Epoch time :  2.3502963725477457  Train L2 Loss :  0.01597312498241663
Epoch :  294  Epoch time :  1.1288980729877949  Train L2 Loss :  0.01579189078062773
Epoch :  295  Epoch time :  2.315604238770902  Train L2 Loss :  0.016355208465456964
Epoch :  296  Epoch time :  1.120822730474174  Train L2 Loss :  0.01603594822883606
Epoch :  297  Epoch time :  1.0913179442286491  Train L2 Loss :  0.01576971115767956
Epoch :  298  Epoch time :  6.574956434778869  Train L2 Loss :  0.016270781248807906
Epoch :  299  Epoch time :  1.129101493395865  Train L2 Loss :  0.01597458103299141
Epoch :  300  Epoch time :  1.0848973812535405  Train L2 Loss :  0.013231543350219727
Epoch :  301  Epoch time :  1.0851563392207026  Train L2 Loss :  0.013018318763375282
Epoch :  302  Epoch time :  1.084844697266817  Train L2 Loss :  0.013149418234825135
Epoch :  303  Epoch time :  1.0896544717252254  Train L2 Loss :  0.01319895734488964
Epoch :  304  Epoch time :  1.0868842769414186  Train L2 Loss :  0.013392321732640267
Epoch :  305  Epoch time :  1.0846360083669424  Train L2 Loss :  0.013348750931024552
Epoch :  306  Epoch time :  1.0841940324753523  Train L2 Loss :  0.013359673623740673
Epoch :  307  Epoch time :  1.084083122201264  Train L2 Loss :  0.01335299434363842
Epoch :  308  Epoch time :  1.08509227540344  Train L2 Loss :  0.013401600363850593
Epoch :  309  Epoch time :  1.0820797756314278  Train L2 Loss :  0.013459029626846314
Epoch :  310  Epoch time :  1.0820212177932262  Train L2 Loss :  0.013347189547121524
Epoch :  311  Epoch time :  1.0820461045950651  Train L2 Loss :  0.013277205449342728
Epoch :  312  Epoch time :  1.1022143755108118  Train L2 Loss :  0.01344256449341774
Epoch :  313  Epoch time :  1.084140089340508  Train L2 Loss :  0.013280358263850212
Epoch :  314  Epoch time :  1.0816131001338363  Train L2 Loss :  0.013399989414215089
Epoch :  315  Epoch time :  1.0830079512670636  Train L2 Loss :  0.013291576060652732
Epoch :  316  Epoch time :  1.085894643329084  Train L2 Loss :  0.013292150002717973
Epoch :  317  Epoch time :  1.2387205557897687  Train L2 Loss :  0.013272083228826522
Epoch :  318  Epoch time :  1.12555334251374  Train L2 Loss :  0.013323958417773247
Epoch :  319  Epoch time :  1.0826574265956879  Train L2 Loss :  0.01324557989537716
Epoch :  320  Epoch time :  1.0839467905461788  Train L2 Loss :  0.013317923276126385
Epoch :  321  Epoch time :  1.55586501583457  Train L2 Loss :  0.013230696995556354
Epoch :  322  Epoch time :  1.1228217454627156  Train L2 Loss :  0.013305050836503506
Epoch :  323  Epoch time :  1.0851677460595965  Train L2 Loss :  0.013206712953746319
Epoch :  324  Epoch time :  1.083487831056118  Train L2 Loss :  0.013186582109332084
Epoch :  325  Epoch time :  1.082912971265614  Train L2 Loss :  0.013256198844313621
Epoch :  326  Epoch time :  1.0847361208871007  Train L2 Loss :  0.013192183977365494
Epoch :  327  Epoch time :  1.0933518074452877  Train L2 Loss :  0.013174143740534782
Epoch :  328  Epoch time :  1.084044374525547  Train L2 Loss :  0.013141254562139512
Epoch :  329  Epoch time :  1.082435461692512  Train L2 Loss :  0.013076189628243447
Epoch :  330  Epoch time :  1.470534767024219  Train L2 Loss :  0.01309270016849041
Epoch :  331  Epoch time :  1.127960978075862  Train L2 Loss :  0.01306962434053421
Epoch :  332  Epoch time :  1.0840740855783224  Train L2 Loss :  0.013204156784713268
Epoch :  333  Epoch time :  1.0837862975895405  Train L2 Loss :  0.013093110783398152
Epoch :  334  Epoch time :  1.0830665323883295  Train L2 Loss :  0.013172947263717651
Epoch :  335  Epoch time :  1.0855076564475894  Train L2 Loss :  0.01307931815981865
Epoch :  336  Epoch time :  4.795287429355085  Train L2 Loss :  0.013063958328962327
Epoch :  337  Epoch time :  1.1284245746210217  Train L2 Loss :  0.013059963332116604
Epoch :  338  Epoch time :  1.086485693231225  Train L2 Loss :  0.013096964764595032
Epoch :  339  Epoch time :  8.845643154345453  Train L2 Loss :  0.01312866274267435
Epoch :  340  Epoch time :  1.1365366578102112  Train L2 Loss :  0.012913686838746071
Epoch :  341  Epoch time :  1.0846774512901902  Train L2 Loss :  0.012971779784560204
Epoch :  342  Epoch time :  1.0848103277385235  Train L2 Loss :  0.012956398028135299
Epoch :  343  Epoch time :  1.0854030009359121  Train L2 Loss :  0.013002250634133817
Epoch :  344  Epoch time :  1.0966409360989928  Train L2 Loss :  0.012921659401059151
Epoch :  345  Epoch time :  1.0863246945664287  Train L2 Loss :  0.013012595856189729
Epoch :  346  Epoch time :  1.0820955177769065  Train L2 Loss :  0.013103465667366981
Epoch :  347  Epoch time :  1.0843630759045482  Train L2 Loss :  0.01292488304078579
Epoch :  348  Epoch time :  1.0822435533627868  Train L2 Loss :  0.012946539820730687
Epoch :  349  Epoch time :  1.0858856393024325  Train L2 Loss :  0.012900182294845582
Epoch :  350  Epoch time :  1.0845734821632504  Train L2 Loss :  0.01287780455648899
Epoch :  351  Epoch time :  1.0814299192279577  Train L2 Loss :  0.012807364314794541
Epoch :  352  Epoch time :  1.0817850902676582  Train L2 Loss :  0.01287397053539753
Epoch :  353  Epoch time :  1.292164845392108  Train L2 Loss :  0.012857687124609947
Epoch :  354  Epoch time :  1.1276241233572364  Train L2 Loss :  0.012899354095757008
Epoch :  355  Epoch time :  1.0858834264799953  Train L2 Loss :  0.012823499140143394
Epoch :  356  Epoch time :  1.0923742363229394  Train L2 Loss :  0.012817272832989692
Epoch :  357  Epoch time :  1.086890666745603  Train L2 Loss :  0.01273687459230423
Epoch :  358  Epoch time :  1.0906145377084613  Train L2 Loss :  0.012841558375954628
Epoch :  359  Epoch time :  1.084910267032683  Train L2 Loss :  0.012794583833217622
Epoch :  360  Epoch time :  1.0852667717263103  Train L2 Loss :  0.012764292439818383
Epoch :  361  Epoch time :  1.084439360536635  Train L2 Loss :  0.012804450458288192
Epoch :  362  Epoch time :  1.0833629351109266  Train L2 Loss :  0.012663367226719856
Epoch :  363  Epoch time :  1.0842791395261884  Train L2 Loss :  0.012813812577724458
Epoch :  364  Epoch time :  1.0849822647869587  Train L2 Loss :  0.012716197313368321
Epoch :  365  Epoch time :  1.083529488183558  Train L2 Loss :  0.01270394121259451
Epoch :  366  Epoch time :  1.0829229522496462  Train L2 Loss :  0.012817425288259982
Epoch :  367  Epoch time :  1.0834669806063175  Train L2 Loss :  0.012642040094733239
Epoch :  368  Epoch time :  1.0815773122012615  Train L2 Loss :  0.012670072682201862
Epoch :  369  Epoch time :  1.0814726697281003  Train L2 Loss :  0.012687755805253982
Epoch :  370  Epoch time :  1.081647745333612  Train L2 Loss :  0.012672656387090683
Epoch :  371  Epoch time :  1.0833067120984197  Train L2 Loss :  0.012600119251012802
Epoch :  372  Epoch time :  1.0842661121860147  Train L2 Loss :  0.012733323022723198
Epoch :  373  Epoch time :  1.0814010417088866  Train L2 Loss :  0.012666901594400405
Epoch :  374  Epoch time :  1.0817189821973443  Train L2 Loss :  0.012640852838754654
Epoch :  375  Epoch time :  1.0833277814090252  Train L2 Loss :  0.012577854995429516
Epoch :  376  Epoch time :  1.0887149022892118  Train L2 Loss :  0.012593226554989815
Epoch :  377  Epoch time :  1.080738508142531  Train L2 Loss :  0.012629168172180653
Epoch :  378  Epoch time :  1.0828933026641607  Train L2 Loss :  0.012638821211457252
Epoch :  379  Epoch time :  1.0823477981612086  Train L2 Loss :  0.012582560636103152
Epoch :  380  Epoch time :  1.0820699892938137  Train L2 Loss :  0.012650662855803966
Epoch :  381  Epoch time :  1.0823056939989328  Train L2 Loss :  0.012473229970037938
Epoch :  382  Epoch time :  1.0832988619804382  Train L2 Loss :  0.01255649225115776
Epoch :  383  Epoch time :  1.0823424253612757  Train L2 Loss :  0.01253034082353115
Epoch :  384  Epoch time :  1.0814528400078416  Train L2 Loss :  0.01250897597372532
Epoch :  385  Epoch time :  1.0813448326662183  Train L2 Loss :  0.012614924919605254
Epoch :  386  Epoch time :  1.0946715418249369  Train L2 Loss :  0.012572309425473212
Epoch :  387  Epoch time :  1.0824193013831973  Train L2 Loss :  0.012550870591402054
Epoch :  388  Epoch time :  1.081601781770587  Train L2 Loss :  0.012453900727629662
Epoch :  389  Epoch time :  1.082044843584299  Train L2 Loss :  0.012611906775832175
Epoch :  390  Epoch time :  1.1772054936736822  Train L2 Loss :  0.012447809334099292
Epoch :  391  Epoch time :  1.123343313112855  Train L2 Loss :  0.012490905496478081
Epoch :  392  Epoch time :  1.0837834849953651  Train L2 Loss :  0.012482339726388455
Epoch :  393  Epoch time :  1.0846126349642873  Train L2 Loss :  0.01255817605704069
Epoch :  394  Epoch time :  1.0839200615882874  Train L2 Loss :  0.012477510419487954
Epoch :  395  Epoch time :  1.0836940240114927  Train L2 Loss :  0.01242148826122284
Epoch :  396  Epoch time :  1.0820052260532975  Train L2 Loss :  0.012488876748085022
Epoch :  397  Epoch time :  1.0841251369565725  Train L2 Loss :  0.012443581083416939
Epoch :  398  Epoch time :  1.0821310309693217  Train L2 Loss :  0.012416173382103443
Epoch :  399  Epoch time :  1.0815104255452752  Train L2 Loss :  0.012466766226291656
Epoch :  400  Epoch time :  1.0838631121441722  Train L2 Loss :  0.011369901338219643
Epoch :  401  Epoch time :  1.083195187151432  Train L2 Loss :  0.011314627513289452
Epoch :  402  Epoch time :  1.0820753583684564  Train L2 Loss :  0.011313407555222511
Epoch :  403  Epoch time :  1.0827382477000356  Train L2 Loss :  0.011343249282240868
Epoch :  404  Epoch time :  1.0915335761383176  Train L2 Loss :  0.011360186015069485
Epoch :  405  Epoch time :  1.0825925460085273  Train L2 Loss :  0.011401060523092747
Epoch :  406  Epoch time :  1.0821837885305285  Train L2 Loss :  0.011352807313203811
Epoch :  407  Epoch time :  1.0820603678002954  Train L2 Loss :  0.01139073979407549
Epoch :  408  Epoch time :  1.0837777573615313  Train L2 Loss :  0.01141097223162651
Epoch :  409  Epoch time :  1.0830865427851677  Train L2 Loss :  0.011391144768893718
Epoch :  410  Epoch time :  1.0821856390684843  Train L2 Loss :  0.011380787825584411
Epoch :  411  Epoch time :  1.0820730775594711  Train L2 Loss :  0.011357050865888596
Epoch :  412  Epoch time :  1.0833434602245688  Train L2 Loss :  0.01141210373044014
Epoch :  413  Epoch time :  1.0819395761936903  Train L2 Loss :  0.011384747701883316
Epoch :  414  Epoch time :  1.082751533947885  Train L2 Loss :  0.011406515195965767
Epoch :  415  Epoch time :  1.088133635930717  Train L2 Loss :  0.01136164683997631
Epoch :  416  Epoch time :  1.089852903969586  Train L2 Loss :  0.011363903275132179
Epoch :  417  Epoch time :  1.0855047525838017  Train L2 Loss :  0.011348769308626652
Epoch :  418  Epoch time :  1.0984267704188824  Train L2 Loss :  0.011372272899746894
Epoch :  419  Epoch time :  1.0827512508258224  Train L2 Loss :  0.011353333947062493
Epoch :  420  Epoch time :  1.0826057977974415  Train L2 Loss :  0.011344789713621139
Epoch :  421  Epoch time :  1.0818627197295427  Train L2 Loss :  0.0113384936273098
Epoch :  422  Epoch time :  1.0825016628950834  Train L2 Loss :  0.01134922832250595
Epoch :  423  Epoch time :  1.084427060559392  Train L2 Loss :  0.011325334858894347
Epoch :  424  Epoch time :  1.0814402224496007  Train L2 Loss :  0.011312373755872249
Epoch :  425  Epoch time :  1.0820425683632493  Train L2 Loss :  0.011332167553901672
Epoch :  426  Epoch time :  1.0820574294775724  Train L2 Loss :  0.011299030584096908
Epoch :  427  Epoch time :  1.0840351479128003  Train L2 Loss :  0.01132476244866848
Epoch :  428  Epoch time :  1.0853268671780825  Train L2 Loss :  0.011314831534028054
Epoch :  429  Epoch time :  1.0828014919534326  Train L2 Loss :  0.01129459919333458
Epoch :  430  Epoch time :  1.084328481927514  Train L2 Loss :  0.011308662250638007
Epoch :  431  Epoch time :  1.0840560672804713  Train L2 Loss :  0.011266122533380985
Epoch :  432  Epoch time :  1.094992463476956  Train L2 Loss :  0.0112831468552351
Epoch :  433  Epoch time :  1.082397298887372  Train L2 Loss :  0.011298109520971775
Epoch :  434  Epoch time :  1.085095546208322  Train L2 Loss :  0.011255838176608086
Epoch :  435  Epoch time :  1.0833411561325192  Train L2 Loss :  0.01125451509654522
Epoch :  436  Epoch time :  1.0862910700961947  Train L2 Loss :  0.011259946881234646
Epoch :  437  Epoch time :  1.0847373669967055  Train L2 Loss :  0.011262078681588173
Epoch :  438  Epoch time :  1.085154271684587  Train L2 Loss :  0.011267461688816547
Epoch :  439  Epoch time :  1.0844782376661897  Train L2 Loss :  0.011265412303805351
Epoch :  440  Epoch time :  1.08308223541826  Train L2 Loss :  0.01126785154491663
Epoch :  441  Epoch time :  1.0850159209221601  Train L2 Loss :  0.011245343601703643
Epoch :  442  Epoch time :  1.0840259362012148  Train L2 Loss :  0.01126298380792141
Epoch :  443  Epoch time :  1.0833895923569798  Train L2 Loss :  0.011252416214346885
Epoch :  444  Epoch time :  1.085807935334742  Train L2 Loss :  0.011250327959656716
Epoch :  445  Epoch time :  1.0937318271026015  Train L2 Loss :  0.011209044118225575
Epoch :  446  Epoch time :  1.0875875046476722  Train L2 Loss :  0.011237705665826797
Epoch :  447  Epoch time :  1.0847691865637898  Train L2 Loss :  0.011193405403196811
Epoch :  448  Epoch time :  1.0844348119571805  Train L2 Loss :  0.01120720592737198
Epoch :  449  Epoch time :  1.0844103954732418  Train L2 Loss :  0.011202506732940674
Epoch :  450  Epoch time :  1.0836290633305907  Train L2 Loss :  0.011207280656695367
Epoch :  451  Epoch time :  1.084016663953662  Train L2 Loss :  0.011152252906560897
Epoch :  452  Epoch time :  1.084765519015491  Train L2 Loss :  0.01120178394317627
Epoch :  453  Epoch time :  1.0833911979570985  Train L2 Loss :  0.011185395684838294
Epoch :  454  Epoch time :  1.083814195357263  Train L2 Loss :  0.011201276658475399
Epoch :  455  Epoch time :  1.085048358887434  Train L2 Loss :  0.01116645388007164
Epoch :  456  Epoch time :  1.0860404819250107  Train L2 Loss :  0.011170835933089256
Epoch :  457  Epoch time :  1.0831273766234517  Train L2 Loss :  0.011186347046494485
Epoch :  458  Epoch time :  1.0828621154651046  Train L2 Loss :  0.01114044682085514
Epoch :  459  Epoch time :  1.0826450679451227  Train L2 Loss :  0.011157406295835972
Epoch :  460  Epoch time :  1.0847245743498206  Train L2 Loss :  0.01114168598651886
Epoch :  461  Epoch time :  1.0830735564231873  Train L2 Loss :  0.01109681616872549
Epoch :  462  Epoch time :  1.0837491732090712  Train L2 Loss :  0.011117072284221648
Epoch :  463  Epoch time :  1.0826945276930928  Train L2 Loss :  0.01114274933040142
Epoch :  464  Epoch time :  1.0840371744707227  Train L2 Loss :  0.011128181399405003
Epoch :  465  Epoch time :  1.0849205069243908  Train L2 Loss :  0.01112032780200243
Epoch :  466  Epoch time :  1.082790706306696  Train L2 Loss :  0.011110703700780869
Epoch :  467  Epoch time :  1.0845388416200876  Train L2 Loss :  0.01109712106436491
Epoch :  468  Epoch time :  1.0815947595983744  Train L2 Loss :  0.01108182184100151
Epoch :  469  Epoch time :  1.082794189453125  Train L2 Loss :  0.011102601000666618
Epoch :  470  Epoch time :  1.0838975897058845  Train L2 Loss :  0.011128170728683471
Epoch :  471  Epoch time :  1.084772371686995  Train L2 Loss :  0.011094328793883324
Epoch :  472  Epoch time :  1.0829122243449092  Train L2 Loss :  0.011082460834085942
Epoch :  473  Epoch time :  1.0815913332626224  Train L2 Loss :  0.01109041708111763
Epoch :  474  Epoch time :  1.0971393529325724  Train L2 Loss :  0.011044572603702545
Epoch :  475  Epoch time :  1.082942133769393  Train L2 Loss :  0.011051999881863594
Epoch :  476  Epoch time :  1.0833668541163206  Train L2 Loss :  0.011047650548815726
Epoch :  477  Epoch time :  1.0819879733026028  Train L2 Loss :  0.011043625731766224
Epoch :  478  Epoch time :  1.0838123550638556  Train L2 Loss :  0.011047583366930484
Epoch :  479  Epoch time :  1.083501435816288  Train L2 Loss :  0.011044146147370338
Epoch :  480  Epoch time :  1.0823951615020633  Train L2 Loss :  0.01103634750545025
Epoch :  481  Epoch time :  1.082695129327476  Train L2 Loss :  0.011071658086776733
Epoch :  482  Epoch time :  1.0845418069511652  Train L2 Loss :  0.011003508704900742
Epoch :  483  Epoch time :  1.0963782537728548  Train L2 Loss :  0.011040546050667763
Epoch :  484  Epoch time :  1.0833574617281556  Train L2 Loss :  0.010974914494156838
Epoch :  485  Epoch time :  1.0820511588826776  Train L2 Loss :  0.010980233412981034
Epoch :  486  Epoch time :  1.083642995916307  Train L2 Loss :  0.010993151476979256
Epoch :  487  Epoch time :  1.081970915198326  Train L2 Loss :  0.011029411023855209
Epoch :  488  Epoch time :  1.0826165694743395  Train L2 Loss :  0.0110222114443779
Epoch :  489  Epoch time :  1.0833057295531034  Train L2 Loss :  0.011002446155250072
Epoch :  490  Epoch time :  1.0825404804199934  Train L2 Loss :  0.010971595394611358
Epoch :  491  Epoch time :  1.0814660778269172  Train L2 Loss :  0.010976941864192485
Epoch :  492  Epoch time :  1.0831512808799744  Train L2 Loss :  0.01093206377029419
Epoch :  493  Epoch time :  1.0852384809404612  Train L2 Loss :  0.010943383100628853
Epoch :  494  Epoch time :  1.082530944608152  Train L2 Loss :  0.010944829800724983
Epoch :  495  Epoch time :  1.0830101128667593  Train L2 Loss :  0.010976835176348686
Epoch :  496  Epoch time :  1.0828679902479053  Train L2 Loss :  0.010978754557669163
Epoch :  497  Epoch time :  1.0847884397953749  Train L2 Loss :  0.010979601347446442
Epoch :  498  Epoch time :  1.0838822955265641  Train L2 Loss :  0.010920018450915813
Epoch :  499  Epoch time :  1.0833152756094933  Train L2 Loss :  0.010891677540540694
Epoch :  500  Epoch time :  1.0830711629241705  Train L2 Loss :  0.010440765137970447
Epoch :  501  Epoch time :  1.0850078957155347  Train L2 Loss :  0.010407816682755948
Epoch :  502  Epoch time :  1.0865693697705865  Train L2 Loss :  0.010430169188976287
Epoch :  503  Epoch time :  1.0831827614456415  Train L2 Loss :  0.01042462753802538
Epoch :  504  Epoch time :  1.0925456369295716  Train L2 Loss :  0.010422669556736945
Epoch :  505  Epoch time :  1.0872393706813455  Train L2 Loss :  0.010433412605524063
Epoch :  506  Epoch time :  1.0833119237795472  Train L2 Loss :  0.010425305385887623
Epoch :  507  Epoch time :  1.0838905116543174  Train L2 Loss :  0.01042477862238884
Epoch :  508  Epoch time :  1.0852179704234004  Train L2 Loss :  0.010421572044491768
Epoch :  509  Epoch time :  1.0838084118440747  Train L2 Loss :  0.010424274060130119
Epoch :  510  Epoch time :  1.0828108312562108  Train L2 Loss :  0.010407526779174805
Epoch :  511  Epoch time :  1.1337308380752802  Train L2 Loss :  0.010436145143210888
Epoch :  512  Epoch time :  1.104498597793281  Train L2 Loss :  0.010404564049839974
Epoch :  513  Epoch time :  1.083993861451745  Train L2 Loss :  0.010412692859768867
Epoch :  514  Epoch time :  1.0861865961924195  Train L2 Loss :  0.010409958608448506
Epoch :  515  Epoch time :  1.088058945722878  Train L2 Loss :  0.010401726713776588
Epoch :  516  Epoch time :  1.085802448913455  Train L2 Loss :  0.010385042837262154
Epoch :  517  Epoch time :  1.0853886092081666  Train L2 Loss :  0.010393654070794582
Epoch :  518  Epoch time :  1.0825351951643825  Train L2 Loss :  0.01041044231057167
Epoch :  519  Epoch time :  1.0836684489622712  Train L2 Loss :  0.010412233164906502
Epoch :  520  Epoch time :  1.0823776321485639  Train L2 Loss :  0.010397895401716232
Epoch :  521  Epoch time :  1.082946365699172  Train L2 Loss :  0.010392646473646164
Epoch :  522  Epoch time :  1.082397318445146  Train L2 Loss :  0.010368764325976372
Epoch :  523  Epoch time :  1.0849325153976679  Train L2 Loss :  0.01038019759953022
Epoch :  524  Epoch time :  1.0831937259063125  Train L2 Loss :  0.01036629011631012
Epoch :  525  Epoch time :  1.0841216500848532  Train L2 Loss :  0.010387444934248924
Epoch :  526  Epoch time :  1.0848371954634786  Train L2 Loss :  0.010357938157022
Epoch :  527  Epoch time :  1.082859244197607  Train L2 Loss :  0.010354760292172431
Epoch :  528  Epoch time :  1.0833422187715769  Train L2 Loss :  0.01036526279002428
Epoch :  529  Epoch time :  1.0827289950102568  Train L2 Loss :  0.010353088888525963
Epoch :  530  Epoch time :  1.0932522304356098  Train L2 Loss :  0.010348339006304741
Epoch :  531  Epoch time :  1.0831779260188341  Train L2 Loss :  0.010367527541518212
Epoch :  532  Epoch time :  1.0824914332479239  Train L2 Loss :  0.010365364581346511
Epoch :  533  Epoch time :  1.0826237620785832  Train L2 Loss :  0.010343315929174424
Epoch :  534  Epoch time :  1.0958312144502997  Train L2 Loss :  0.010335699573159218
Epoch :  535  Epoch time :  1.0848763165995479  Train L2 Loss :  0.010352312736213207
Epoch :  536  Epoch time :  1.0837047817185521  Train L2 Loss :  0.01034839286953211
Epoch :  537  Epoch time :  1.082952088676393  Train L2 Loss :  0.010320150688290597
Epoch :  538  Epoch time :  1.0870412616059184  Train L2 Loss :  0.010328505304455757
Epoch :  539  Epoch time :  1.0830819699913263  Train L2 Loss :  0.0103325069129467
Epoch :  540  Epoch time :  1.0827393280342221  Train L2 Loss :  0.010338658547401429
Epoch :  541  Epoch time :  1.0842368667945266  Train L2 Loss :  0.01031267211586237
Epoch :  542  Epoch time :  1.0827085878700018  Train L2 Loss :  0.010326062452793121
Epoch :  543  Epoch time :  1.0819806130602956  Train L2 Loss :  0.010300006349384785
Epoch :  544  Epoch time :  1.0905359536409378  Train L2 Loss :  0.010320644298195838
Epoch :  545  Epoch time :  1.08483418636024  Train L2 Loss :  0.01032570783495903
Epoch :  546  Epoch time :  1.0829669553786516  Train L2 Loss :  0.01031084866374731
Epoch :  547  Epoch time :  1.0824119998142123  Train L2 Loss :  0.010297778961062432
Epoch :  548  Epoch time :  1.0828206073492765  Train L2 Loss :  0.01031996511220932
Epoch :  549  Epoch time :  1.0848986012861133  Train L2 Loss :  0.010300604827702045
Epoch :  550  Epoch time :  1.082675357349217  Train L2 Loss :  0.010290251168608665
Epoch :  551  Epoch time :  1.0828724596649408  Train L2 Loss :  0.01030905033648014
Epoch :  552  Epoch time :  1.0848781550303102  Train L2 Loss :  0.010280897034704686
Epoch :  553  Epoch time :  1.084616107866168  Train L2 Loss :  0.010284348079562187
Epoch :  554  Epoch time :  1.0834040539339185  Train L2 Loss :  0.01027562433630228
Epoch :  555  Epoch time :  1.083763374015689  Train L2 Loss :  0.01027006796747446
Epoch :  556  Epoch time :  1.0847580824047327  Train L2 Loss :  0.01028822358995676
Epoch :  557  Epoch time :  1.083173112012446  Train L2 Loss :  0.010267200553417205
Epoch :  558  Epoch time :  1.0902696000412107  Train L2 Loss :  0.010268806064128876
Epoch :  559  Epoch time :  1.0845721429213881  Train L2 Loss :  0.010267475408315659
Epoch :  560  Epoch time :  1.082887883298099  Train L2 Loss :  0.010264559385180474
Epoch :  561  Epoch time :  1.0826178397983313  Train L2 Loss :  0.010266489309072495
Epoch :  562  Epoch time :  1.082949634641409  Train L2 Loss :  0.010264212903380395
Epoch :  563  Epoch time :  1.091546531766653  Train L2 Loss :  0.010263217985630036
Epoch :  564  Epoch time :  1.0877809254452586  Train L2 Loss :  0.010274522773921489
Epoch :  565  Epoch time :  1.0841904245316982  Train L2 Loss :  0.010238584746420384
Epoch :  566  Epoch time :  1.0866480069234967  Train L2 Loss :  0.010257441085577012
Epoch :  567  Epoch time :  1.0882861949503422  Train L2 Loss :  0.01022916106134653
Epoch :  568  Epoch time :  1.0861346237361431  Train L2 Loss :  0.010247406868636608
Epoch :  569  Epoch time :  1.084561675786972  Train L2 Loss :  0.010236878445744514
Epoch :  570  Epoch time :  1.0836165491491556  Train L2 Loss :  0.0102457224085927
Epoch :  571  Epoch time :  1.084720429033041  Train L2 Loss :  0.010249154925346374
Epoch :  572  Epoch time :  1.0840625930577517  Train L2 Loss :  0.010240697935223579
Epoch :  573  Epoch time :  1.0825715847313404  Train L2 Loss :  0.010222567957639693
Epoch :  574  Epoch time :  1.0849819732829928  Train L2 Loss :  0.010227353003621101
Epoch :  575  Epoch time :  1.0846759341657162  Train L2 Loss :  0.010213486048579216
Epoch :  576  Epoch time :  1.0833099065348506  Train L2 Loss :  0.01022636596262455
Epoch :  577  Epoch time :  1.0846663806587458  Train L2 Loss :  0.010219827744364739
Epoch :  578  Epoch time :  1.0836921744048595  Train L2 Loss :  0.010221321186423302
Epoch :  579  Epoch time :  1.0840795477852225  Train L2 Loss :  0.010220264330506325
Epoch :  580  Epoch time :  1.0831477474421263  Train L2 Loss :  0.010237148703634739
Epoch :  581  Epoch time :  1.08558121137321  Train L2 Loss :  0.01022729817032814
Epoch :  582  Epoch time :  1.0846960246562958  Train L2 Loss :  0.010215462392568589
Epoch :  583  Epoch time :  1.0870240684598684  Train L2 Loss :  0.010207152292132378
Epoch :  584  Epoch time :  1.0860451022163033  Train L2 Loss :  0.010203289939463138
Epoch :  585  Epoch time :  1.0832746028900146  Train L2 Loss :  0.010195736394822597
Epoch :  586  Epoch time :  1.0857047643512487  Train L2 Loss :  0.010202772805094719
Epoch :  587  Epoch time :  1.0832950118929148  Train L2 Loss :  0.010195562513172626
Epoch :  588  Epoch time :  1.0828987713903189  Train L2 Loss :  0.010204226371645928
Epoch :  589  Epoch time :  1.0839361092075706  Train L2 Loss :  0.010211357349157334
Epoch :  590  Epoch time :  1.0825838726013899  Train L2 Loss :  0.010204159040749073
Epoch :  591  Epoch time :  1.084030481055379  Train L2 Loss :  0.010182870197296143
Epoch :  592  Epoch time :  1.0841561499983072  Train L2 Loss :  0.010189003543555737
Epoch :  593  Epoch time :  1.0953312497586012  Train L2 Loss :  0.010203693871200084
Epoch :  594  Epoch time :  1.084377272054553  Train L2 Loss :  0.010181113845109939
Epoch :  595  Epoch time :  1.0843939566984773  Train L2 Loss :  0.010174045473337173
Epoch :  596  Epoch time :  1.0827773110941052  Train L2 Loss :  0.010203745996952058
Epoch :  597  Epoch time :  1.087205515243113  Train L2 Loss :  0.010168783462047576
Epoch :  598  Epoch time :  1.0838785646483302  Train L2 Loss :  0.010172796720266343
Epoch :  599  Epoch time :  1.0835476657375693  Train L2 Loss :  0.010176032567024231
Epoch :  600  Epoch time :  1.0885615535080433  Train L2 Loss :  0.009937610906362533
Epoch :  601  Epoch time :  1.0835337238386273  Train L2 Loss :  0.009932520216703414
Epoch :  602  Epoch time :  1.0824567871168256  Train L2 Loss :  0.009920203080773354
Epoch :  603  Epoch time :  1.083587464876473  Train L2 Loss :  0.00992606037259102
Epoch :  604  Epoch time :  1.0851109232753515  Train L2 Loss :  0.009934756477177143
Epoch :  605  Epoch time :  1.0845928508788347  Train L2 Loss :  0.009937814615666866
Epoch :  606  Epoch time :  1.0827685743570328  Train L2 Loss :  0.00992938098758459
Epoch :  607  Epoch time :  1.0834587467834353  Train L2 Loss :  0.00993746964931488
Epoch :  608  Epoch time :  1.0847589299082756  Train L2 Loss :  0.009941683562099934
Epoch :  609  Epoch time :  1.0851298812776804  Train L2 Loss :  0.009926976948976516
Epoch :  610  Epoch time :  1.08381527941674  Train L2 Loss :  0.009927804626524449
Epoch :  611  Epoch time :  1.0842426558956504  Train L2 Loss :  0.009932025274634361
Epoch :  612  Epoch time :  1.085004703141749  Train L2 Loss :  0.009931210577487946
Epoch :  613  Epoch time :  1.0838521840050817  Train L2 Loss :  0.009931396262347698
Epoch :  614  Epoch time :  1.0930094057694077  Train L2 Loss :  0.009934436635673047
Epoch :  615  Epoch time :  1.084756468422711  Train L2 Loss :  0.00993820284307003
Epoch :  616  Epoch time :  1.083110866136849  Train L2 Loss :  0.009917100602388382
Epoch :  617  Epoch time :  1.0841485429555178  Train L2 Loss :  0.009921902942657471
Epoch :  618  Epoch time :  1.1074496526271105  Train L2 Loss :  0.009921035718917847
Epoch :  619  Epoch time :  1.1042006816715002  Train L2 Loss :  0.009919269208610058
Epoch :  620  Epoch time :  1.084453091956675  Train L2 Loss :  0.009912592992186546
Epoch :  621  Epoch time :  1.0843170266598463  Train L2 Loss :  0.00992487124055624
Epoch :  622  Epoch time :  1.0832975069060922  Train L2 Loss :  0.009925154867768288
Epoch :  623  Epoch time :  1.1015339409932494  Train L2 Loss :  0.009922394694387913
Epoch :  624  Epoch time :  1.0842551328241825  Train L2 Loss :  0.009915123671293258
Epoch :  625  Epoch time :  1.0837768986821175  Train L2 Loss :  0.009911300629377366
Epoch :  626  Epoch time :  1.0860942611470819  Train L2 Loss :  0.009912332899868488
Epoch :  627  Epoch time :  1.0847620209679008  Train L2 Loss :  0.009917792023718357
Epoch :  628  Epoch time :  1.0839446820318699  Train L2 Loss :  0.009914112122356891
Epoch :  629  Epoch time :  1.0846977457404137  Train L2 Loss :  0.009908987614512444
Epoch :  630  Epoch time :  1.0857849242165685  Train L2 Loss :  0.009903030318021774
Epoch :  631  Epoch time :  1.083488155156374  Train L2 Loss :  0.009907480031251907
Epoch :  632  Epoch time :  1.084241596981883  Train L2 Loss :  0.009902730168402195
Epoch :  633  Epoch time :  1.0837064273655415  Train L2 Loss :  0.009902368691563607
Epoch :  634  Epoch time :  1.0845109149813652  Train L2 Loss :  0.009911402693390846
Epoch :  635  Epoch time :  1.084618934430182  Train L2 Loss :  0.009906042875349522
Epoch :  636  Epoch time :  1.0835155062377453  Train L2 Loss :  0.009900432489812374
Epoch :  637  Epoch time :  1.0851224130019546  Train L2 Loss :  0.009902673998475074
Epoch :  638  Epoch time :  1.0827101869508624  Train L2 Loss :  0.009907004889845849
Epoch :  639  Epoch time :  1.0833071265369654  Train L2 Loss :  0.009897294467687607
Epoch :  640  Epoch time :  1.0833776975050569  Train L2 Loss :  0.009893259838223457
Epoch :  641  Epoch time :  1.0842888467013836  Train L2 Loss :  0.009900528387725354
Epoch :  642  Epoch time :  1.0853188801556826  Train L2 Loss :  0.009904741236567496
Epoch :  643  Epoch time :  1.083625498227775  Train L2 Loss :  0.009898384127020836
Epoch :  644  Epoch time :  1.0849493891000748  Train L2 Loss :  0.009904569131135941
Epoch :  645  Epoch time :  1.0833675377070904  Train L2 Loss :  0.009896498012542724
Epoch :  646  Epoch time :  1.087212037295103  Train L2 Loss :  0.009895716285705566
Epoch :  647  Epoch time :  1.0860349368304014  Train L2 Loss :  0.009904695948958396
Epoch :  648  Epoch time :  1.0871920259669423  Train L2 Loss :  0.009891174373030663
Epoch :  649  Epoch time :  1.0858787819743156  Train L2 Loss :  0.009890112495422364
Epoch :  650  Epoch time :  1.0850823065266013  Train L2 Loss :  0.009896308992803096
Epoch :  651  Epoch time :  1.0843582544475794  Train L2 Loss :  0.009882348963618278
Epoch :  652  Epoch time :  1.0954969385638833  Train L2 Loss :  0.009886827598512173
Epoch :  653  Epoch time :  1.087136011570692  Train L2 Loss :  0.009889357203245163
Epoch :  654  Epoch time :  1.085561303421855  Train L2 Loss :  0.009886051005125046
Epoch :  655  Epoch time :  1.0862736720591784  Train L2 Loss :  0.009897110816836358
Epoch :  656  Epoch time :  1.0899867927655578  Train L2 Loss :  0.009892214727401734
Epoch :  657  Epoch time :  1.0858374554663897  Train L2 Loss :  0.009876551604270934
Epoch :  658  Epoch time :  1.085881077684462  Train L2 Loss :  0.009881288555264474
Epoch :  659  Epoch time :  1.0909564048051834  Train L2 Loss :  0.009882407584786415
Epoch :  660  Epoch time :  1.086290548555553  Train L2 Loss :  0.009879707005620002
Epoch :  661  Epoch time :  1.084542240947485  Train L2 Loss :  0.009884266026318074
Epoch :  662  Epoch time :  1.0858111651614308  Train L2 Loss :  0.009881168565154076
Epoch :  663  Epoch time :  1.0870772432535887  Train L2 Loss :  0.009874262037873269
Epoch :  664  Epoch time :  1.0858953138813376  Train L2 Loss :  0.009887283077836036
Epoch :  665  Epoch time :  1.0862719416618347  Train L2 Loss :  0.00988673768490553
Epoch :  666  Epoch time :  1.0860694237053394  Train L2 Loss :  0.009881757509708405
Epoch :  667  Epoch time :  1.0866251038387418  Train L2 Loss :  0.009868849422037602
Epoch :  668  Epoch time :  1.0849246829748154  Train L2 Loss :  0.009878278267383576
Epoch :  669  Epoch time :  1.0859226621687412  Train L2 Loss :  0.00986731968075037
Epoch :  670  Epoch time :  1.0869597448036075  Train L2 Loss :  0.009878559666872025
Epoch :  671  Epoch time :  1.085493073798716  Train L2 Loss :  0.009873909449577332
Epoch :  672  Epoch time :  1.085321000777185  Train L2 Loss :  0.00987737987935543
Epoch :  673  Epoch time :  1.0854104235768318  Train L2 Loss :  0.009882636193931102
Epoch :  674  Epoch time :  1.087109824642539  Train L2 Loss :  0.009867369854450227
Epoch :  675  Epoch time :  1.084153912961483  Train L2 Loss :  0.009869922864437103
Epoch :  676  Epoch time :  1.0849046874791384  Train L2 Loss :  0.009870484310388564
Epoch :  677  Epoch time :  1.0845006229355931  Train L2 Loss :  0.009867071124911309
Epoch :  678  Epoch time :  1.086321390233934  Train L2 Loss :  0.009866663637757301
Epoch :  679  Epoch time :  1.0904003428295255  Train L2 Loss :  0.009867683655023576
Epoch :  680  Epoch time :  1.0842878688126802  Train L2 Loss :  0.009858554095029832
Epoch :  681  Epoch time :  1.0847404161468148  Train L2 Loss :  0.009858580288290977
Epoch :  682  Epoch time :  1.0964382868260145  Train L2 Loss :  0.009860166645050048
Epoch :  683  Epoch time :  1.0843694945797324  Train L2 Loss :  0.009860913774371148
Epoch :  684  Epoch time :  1.0858375327661633  Train L2 Loss :  0.009858458536863327
Epoch :  685  Epoch time :  1.0874668546020985  Train L2 Loss :  0.00986451561152935
Epoch :  686  Epoch time :  1.0857048351317644  Train L2 Loss :  0.009862857200205325
Epoch :  687  Epoch time :  1.0836219023913145  Train L2 Loss :  0.00985829916894436
Epoch :  688  Epoch time :  1.0855302019044757  Train L2 Loss :  0.009853944846987725
Epoch :  689  Epoch time :  1.086506973952055  Train L2 Loss :  0.009852611547708511
Epoch :  690  Epoch time :  1.0844162572175264  Train L2 Loss :  0.009854176366329194
Epoch :  691  Epoch time :  1.0839236490428448  Train L2 Loss :  0.009857558301091194
Epoch :  692  Epoch time :  1.0839759055525064  Train L2 Loss :  0.00986196274459362
Epoch :  693  Epoch time :  1.0863556750118732  Train L2 Loss :  0.009852427345514298
Epoch :  694  Epoch time :  1.083817400969565  Train L2 Loss :  0.009850263643264771
Epoch :  695  Epoch time :  1.0835964772850275  Train L2 Loss :  0.009845051555335521
Epoch :  696  Epoch time :  1.0846107183024287  Train L2 Loss :  0.00984076332449913
Epoch :  697  Epoch time :  1.1499359346926212  Train L2 Loss :  0.00985486099421978
Epoch :  698  Epoch time :  1.1239820178598166  Train L2 Loss :  0.00985187714099884
Epoch :  699  Epoch time :  1.0855052825063467  Train L2 Loss :  0.009842004480957985
Epoch :  700  Epoch time :  1.0870559075847268  Train L2 Loss :  0.009722847267985344
Epoch :  701  Epoch time :  1.0835571615025401  Train L2 Loss :  0.009717333346605302
Epoch :  702  Epoch time :  1.0839893957599998  Train L2 Loss :  0.009720653414726258
Epoch :  703  Epoch time :  1.0844557164236903  Train L2 Loss :  0.009720553664863109
Epoch :  704  Epoch time :  1.0874969875440001  Train L2 Loss :  0.009718054080009461
Epoch :  705  Epoch time :  1.0838064635172486  Train L2 Loss :  0.009715236468613147
Epoch :  706  Epoch time :  1.084378570318222  Train L2 Loss :  0.009716786675155163
Epoch :  707  Epoch time :  1.087273208424449  Train L2 Loss :  0.009717217713594437
Epoch :  708  Epoch time :  1.0836008060723543  Train L2 Loss :  0.009715470573306084
Epoch :  709  Epoch time :  1.0836158310994506  Train L2 Loss :  0.009715740291774274
Epoch :  710  Epoch time :  1.084088834002614  Train L2 Loss :  0.009718575370311736
Epoch :  711  Epoch time :  1.0938336588442326  Train L2 Loss :  0.009714832869172097
Epoch :  712  Epoch time :  1.0859460858628154  Train L2 Loss :  0.009714267519116401
Epoch :  713  Epoch time :  1.0845833690837026  Train L2 Loss :  0.009715373477339745
Epoch :  714  Epoch time :  1.0854015527293086  Train L2 Loss :  0.00971417980492115
Epoch :  715  Epoch time :  1.0900768181309104  Train L2 Loss :  0.009715783159434796
Epoch :  716  Epoch time :  1.0854689963161945  Train L2 Loss :  0.009714978268742562
Epoch :  717  Epoch time :  1.084060219116509  Train L2 Loss :  0.009711457413434982
Epoch :  718  Epoch time :  1.0862631276249886  Train L2 Loss :  0.009709572729468346
Epoch :  719  Epoch time :  1.0839320719242096  Train L2 Loss :  0.00971194060742855
Epoch :  720  Epoch time :  1.084232745692134  Train L2 Loss :  0.009710084760189057
Epoch :  721  Epoch time :  1.0846774615347385  Train L2 Loss :  0.009713853710889815
Epoch :  722  Epoch time :  1.085228188894689  Train L2 Loss :  0.009710815012454986
Epoch :  723  Epoch time :  1.084290061146021  Train L2 Loss :  0.009713475148379802
Epoch :  724  Epoch time :  1.083850604481995  Train L2 Loss :  0.009710223400592804
Epoch :  725  Epoch time :  1.0849228594452143  Train L2 Loss :  0.009710288795828819
Epoch :  726  Epoch time :  1.084932180121541  Train L2 Loss :  0.009710216541588306
Epoch :  727  Epoch time :  1.0860082600265741  Train L2 Loss :  0.009708677725493909
Epoch :  728  Epoch time :  1.0848347106948495  Train L2 Loss :  0.00970736109316349
Epoch :  729  Epoch time :  1.0871391082182527  Train L2 Loss :  0.009708935925364493
Epoch :  730  Epoch time :  1.0866868067532778  Train L2 Loss :  0.009704250125586986
Epoch :  731  Epoch time :  1.0853196615353227  Train L2 Loss :  0.009712851816415787
Epoch :  732  Epoch time :  1.0877204975113273  Train L2 Loss :  0.009706882861256599
Epoch :  733  Epoch time :  1.0870842961594462  Train L2 Loss :  0.009705749443173409
Epoch :  734  Epoch time :  1.0858848253265023  Train L2 Loss :  0.009700943242013454
Epoch :  735  Epoch time :  1.0862655267119408  Train L2 Loss :  0.00970965447127819
Epoch :  736  Epoch time :  1.085781304165721  Train L2 Loss :  0.00970442810356617
Epoch :  737  Epoch time :  1.0877331728115678  Train L2 Loss :  0.009708323827385902
Epoch :  738  Epoch time :  1.0862100152298808  Train L2 Loss :  0.00970288714170456
Epoch :  739  Epoch time :  1.0854046065360308  Train L2 Loss :  0.009705731804668903
Epoch :  740  Epoch time :  1.0840271739289165  Train L2 Loss :  0.009703368708491325
Epoch :  741  Epoch time :  1.0968294739723206  Train L2 Loss :  0.009703662924468517
Epoch :  742  Epoch time :  1.085034259594977  Train L2 Loss :  0.009699744603037835
Epoch :  743  Epoch time :  1.0853226371109486  Train L2 Loss :  0.009703390210866927
Epoch :  744  Epoch time :  1.0892803464084864  Train L2 Loss :  0.009701276794075966
Epoch :  745  Epoch time :  1.0868123229593039  Train L2 Loss :  0.009699256399273872
Epoch :  746  Epoch time :  1.085744647309184  Train L2 Loss :  0.009697399806976318
Epoch :  747  Epoch time :  1.0851360438391566  Train L2 Loss :  0.009702766808867454
Epoch :  748  Epoch time :  1.1631897715851665  Train L2 Loss :  0.009699310353398324
Epoch :  749  Epoch time :  1.1263576531782746  Train L2 Loss :  0.009695607268810273
Epoch :  750  Epoch time :  1.0881618671119213  Train L2 Loss :  0.009703305774927139
Epoch :  751  Epoch time :  1.0869323499500751  Train L2 Loss :  0.00969738380163908
Epoch :  752  Epoch time :  1.089076324366033  Train L2 Loss :  0.009693021270632743
Epoch :  753  Epoch time :  1.087718354538083  Train L2 Loss :  0.009694576659798622
Epoch :  754  Epoch time :  1.0865575158968568  Train L2 Loss :  0.00969387087970972
Epoch :  755  Epoch time :  1.0865422496572137  Train L2 Loss :  0.009695622216165066
Epoch :  756  Epoch time :  1.0846782885491848  Train L2 Loss :  0.00969433057308197
Epoch :  757  Epoch time :  1.084878297522664  Train L2 Loss :  0.009691900844871999
Epoch :  758  Epoch time :  1.0853378139436245  Train L2 Loss :  0.009694473716616631
Epoch :  759  Epoch time :  1.086288488470018  Train L2 Loss :  0.009696108511090278
Epoch :  760  Epoch time :  1.084237303584814  Train L2 Loss :  0.009695681294798851
Epoch :  761  Epoch time :  1.0840685172006488  Train L2 Loss :  0.009692491394281388
Epoch :  762  Epoch time :  1.0849755899980664  Train L2 Loss :  0.009692245855927468
Epoch :  763  Epoch time :  1.0860432591289282  Train L2 Loss :  0.009691902905702592
Epoch :  764  Epoch time :  1.0841613681986928  Train L2 Loss :  0.009693697446584701
Epoch :  765  Epoch time :  1.0848138453438878  Train L2 Loss :  0.009689230862259864
Epoch :  766  Epoch time :  1.084958765655756  Train L2 Loss :  0.009690477994084358
Epoch :  767  Epoch time :  1.0843901978805661  Train L2 Loss :  0.009690037126839161
Epoch :  768  Epoch time :  1.083246081136167  Train L2 Loss :  0.009692507320642472
Epoch :  769  Epoch time :  1.0849673384800553  Train L2 Loss :  0.009695626643300056
Epoch :  770  Epoch time :  1.093186253681779  Train L2 Loss :  0.009688616234064102
Epoch :  771  Epoch time :  1.086916928179562  Train L2 Loss :  0.009692235568165779
Epoch :  772  Epoch time :  1.0854159193113446  Train L2 Loss :  0.009692458817362786
Epoch :  773  Epoch time :  1.0843612253665924  Train L2 Loss :  0.00969052863419056
Epoch :  774  Epoch time :  1.089455426670611  Train L2 Loss :  0.009684305593371391
Epoch :  775  Epoch time :  1.0853446824476123  Train L2 Loss :  0.009687115353345871
Epoch :  776  Epoch time :  1.0852182814851403  Train L2 Loss :  0.009684700095653535
Epoch :  777  Epoch time :  1.0862839110195637  Train L2 Loss :  0.009682324458658695
Epoch :  778  Epoch time :  1.083595022559166  Train L2 Loss :  0.009685216590762139
Epoch :  779  Epoch time :  1.0835110172629356  Train L2 Loss :  0.009682702097296715
Epoch :  780  Epoch time :  1.08392592985183  Train L2 Loss :  0.009684593576192856
Epoch :  781  Epoch time :  1.0873498851433396  Train L2 Loss :  0.00968792562186718
Epoch :  782  Epoch time :  1.084388142451644  Train L2 Loss :  0.009684370923042297
Epoch :  783  Epoch time :  1.0844272682443261  Train L2 Loss :  0.00968284860253334
Epoch :  784  Epoch time :  1.0845712115988135  Train L2 Loss :  0.009682680660486222
Epoch :  785  Epoch time :  1.0846818005666137  Train L2 Loss :  0.009687337920069695
Epoch :  786  Epoch time :  1.0897232675924897  Train L2 Loss :  0.00968475230038166
Epoch :  787  Epoch time :  1.0855721645057201  Train L2 Loss :  0.009679230260848999
Epoch :  788  Epoch time :  1.0845163566991687  Train L2 Loss :  0.0096830183416605
Epoch :  789  Epoch time :  1.0854990938678384  Train L2 Loss :  0.009681833341717721
Epoch :  790  Epoch time :  1.085257819853723  Train L2 Loss :  0.009681776455044746
Epoch :  791  Epoch time :  1.0839642537757754  Train L2 Loss :  0.009681532335281372
Epoch :  792  Epoch time :  1.0850288001820445  Train L2 Loss :  0.009682987204194068
Epoch :  793  Epoch time :  1.0833331998437643  Train L2 Loss :  0.009682367248833179
Epoch :  794  Epoch time :  1.08333520591259  Train L2 Loss :  0.00968034641444683
Epoch :  795  Epoch time :  1.085332477465272  Train L2 Loss :  0.009679634675383568
Epoch :  796  Epoch time :  1.0853224722668529  Train L2 Loss :  0.009678376008570194
Epoch :  797  Epoch time :  1.084403881803155  Train L2 Loss :  0.009682565775513649
Epoch :  798  Epoch time :  1.0831442764028907  Train L2 Loss :  0.009679732823371888
Epoch :  799  Epoch time :  1.0966710271313787  Train L2 Loss :  0.009678710454702377
Epoch :  800  Epoch time :  1.0978444963693619  Train L2 Loss :  0.00961286261677742
Epoch :  801  Epoch time :  1.087525843642652  Train L2 Loss :  0.009609200771152973
Epoch :  802  Epoch time :  1.087063799612224  Train L2 Loss :  0.009608011144399643
Epoch :  803  Epoch time :  1.0892846873030066  Train L2 Loss :  0.009609028404951096
Epoch :  804  Epoch time :  1.0888712974265218  Train L2 Loss :  0.009611877472698689
Epoch :  805  Epoch time :  1.0865427684038877  Train L2 Loss :  0.009610216969251633
Epoch :  806  Epoch time :  1.0857566222548485  Train L2 Loss :  0.009609796583652496
Epoch :  807  Epoch time :  1.0880011729896069  Train L2 Loss :  0.009608287113904953
Epoch :  808  Epoch time :  1.0857364349067211  Train L2 Loss :  0.00961000952422619
Epoch :  809  Epoch time :  1.0860909586772323  Train L2 Loss :  0.009609437873959542
Epoch :  810  Epoch time :  1.084930649958551  Train L2 Loss :  0.009608016836643219
Epoch :  811  Epoch time :  1.0872283605858684  Train L2 Loss :  0.009611357893049717
Epoch :  812  Epoch time :  1.0852950178086758  Train L2 Loss :  0.009609665247797966
Epoch :  813  Epoch time :  1.1122085489332676  Train L2 Loss :  0.00960722094476223
Epoch :  814  Epoch time :  1.0868300227448344  Train L2 Loss :  0.009607116222381591
Epoch :  815  Epoch time :  1.084946796298027  Train L2 Loss :  0.0096073660582304
Epoch :  816  Epoch time :  1.0848650317639112  Train L2 Loss :  0.00961075860261917
Epoch :  817  Epoch time :  1.0849871039390564  Train L2 Loss :  0.009608560353517532
Epoch :  818  Epoch time :  1.0877264169976115  Train L2 Loss :  0.009605699340999127
Epoch :  819  Epoch time :  1.0848408630117774  Train L2 Loss :  0.009607400453090668
Epoch :  820  Epoch time :  1.0854181991890073  Train L2 Loss :  0.009607559156417847
Epoch :  821  Epoch time :  1.087165055796504  Train L2 Loss :  0.009605388063192367
Epoch :  822  Epoch time :  1.0851550037041306  Train L2 Loss :  0.009605830131471158
Epoch :  823  Epoch time :  1.0958200031891465  Train L2 Loss :  0.009607558321952819
Epoch :  824  Epoch time :  1.087237779982388  Train L2 Loss :  0.009609013232588767
Epoch :  825  Epoch time :  1.088637676090002  Train L2 Loss :  0.009606238766014576
Epoch :  826  Epoch time :  1.0857945438474417  Train L2 Loss :  0.009603459036350251
Epoch :  827  Epoch time :  1.0861868048086762  Train L2 Loss :  0.009605523686110973
Epoch :  828  Epoch time :  1.0946922888979316  Train L2 Loss :  0.009605396389961243
Epoch :  829  Epoch time :  1.0881388476118445  Train L2 Loss :  0.009604645508527757
Epoch :  830  Epoch time :  1.0848743580281734  Train L2 Loss :  0.009604878026247024
Epoch :  831  Epoch time :  1.0848572263494134  Train L2 Loss :  0.009605818992853165
Epoch :  832  Epoch time :  1.0921272020787  Train L2 Loss :  0.009602872432768346
Epoch :  833  Epoch time :  1.0852361833676696  Train L2 Loss :  0.00960444476902485
Epoch :  834  Epoch time :  1.0850277012214065  Train L2 Loss :  0.009601909253001212
Epoch :  835  Epoch time :  1.0863089403137565  Train L2 Loss :  0.009606227940320969
Epoch :  836  Epoch time :  1.0845900010317564  Train L2 Loss :  0.009605237293243408
Epoch :  837  Epoch time :  1.0946910176426172  Train L2 Loss :  0.0096025953322649
Epoch :  838  Epoch time :  1.0843082442879677  Train L2 Loss :  0.009603511890769004
Epoch :  839  Epoch time :  1.085924501530826  Train L2 Loss :  0.00960214029252529
Epoch :  840  Epoch time :  1.0831602215766907  Train L2 Loss :  0.009599550145864487
Epoch :  841  Epoch time :  1.0842071641236544  Train L2 Loss :  0.009600337815284729
Epoch :  842  Epoch time :  1.0876215640455484  Train L2 Loss :  0.009599925827980041
Epoch :  843  Epoch time :  1.084157238714397  Train L2 Loss :  0.00960240600258112
Epoch :  844  Epoch time :  1.0845708269625902  Train L2 Loss :  0.009602612076699733
Epoch :  845  Epoch time :  1.08412298373878  Train L2 Loss :  0.0096029291421175
Epoch :  846  Epoch time :  1.086666263639927  Train L2 Loss :  0.009603293764591217
Epoch :  847  Epoch time :  1.083942737430334  Train L2 Loss :  0.009601084321737289
Epoch :  848  Epoch time :  1.0839300518855453  Train L2 Loss :  0.009598629167675971
Epoch :  849  Epoch time :  1.0855482444167137  Train L2 Loss :  0.009598997911810875
Epoch :  850  Epoch time :  1.0841088769957423  Train L2 Loss :  0.009598931381106377
Epoch :  851  Epoch time :  1.0858280528336763  Train L2 Loss :  0.009597655755281449
Epoch :  852  Epoch time :  1.0832426119595766  Train L2 Loss :  0.009601659612357616
Epoch :  853  Epoch time :  1.0843015471473336  Train L2 Loss :  0.009598390227556229
Epoch :  854  Epoch time :  1.0834722854197025  Train L2 Loss :  0.009597632978856564
Epoch :  855  Epoch time :  1.0844891825690866  Train L2 Loss :  0.009600431959331036
Epoch :  856  Epoch time :  1.0933651942759752  Train L2 Loss :  0.009599250872433185
Epoch :  857  Epoch time :  1.0876951264217496  Train L2 Loss :  0.009598426777124405
Epoch :  858  Epoch time :  1.0853722859174013  Train L2 Loss :  0.0095971504047513
Epoch :  859  Epoch time :  1.0860867984592915  Train L2 Loss :  0.00959568494707346
Epoch :  860  Epoch time :  1.0918257720768452  Train L2 Loss :  0.009597261828184128
Epoch :  861  Epoch time :  1.085191941820085  Train L2 Loss :  0.009594422659277915
Epoch :  862  Epoch time :  1.0867770351469517  Train L2 Loss :  0.009596526449918747
Epoch :  863  Epoch time :  1.084989920258522  Train L2 Loss :  0.009597179232537747
Epoch :  864  Epoch time :  1.0874870205298066  Train L2 Loss :  0.009596717774868011
Epoch :  865  Epoch time :  1.085559164173901  Train L2 Loss :  0.00959740728288889
Epoch :  866  Epoch time :  1.083956465125084  Train L2 Loss :  0.009598247802257537
Epoch :  867  Epoch time :  1.0856706760823727  Train L2 Loss :  0.00959339519739151
Epoch :  868  Epoch time :  1.0845290012657642  Train L2 Loss :  0.009597055959701539
Epoch :  869  Epoch time :  1.0862106857821345  Train L2 Loss :  0.00959456676542759
Epoch :  870  Epoch time :  1.0848260689526796  Train L2 Loss :  0.009595405153930188
Epoch :  871  Epoch time :  1.0855914941057563  Train L2 Loss :  0.009596247003972531
Epoch :  872  Epoch time :  1.0844120560213923  Train L2 Loss :  0.009595256814360619
Epoch :  873  Epoch time :  1.084238825365901  Train L2 Loss :  0.009592056785523892
Epoch :  874  Epoch time :  1.0856223991140723  Train L2 Loss :  0.009595098489522934
Epoch :  875  Epoch time :  1.0864919880405068  Train L2 Loss :  0.009592674896121025
Epoch :  876  Epoch time :  1.0857097543776035  Train L2 Loss :  0.00959118830859661
Epoch :  877  Epoch time :  1.0865708300843835  Train L2 Loss :  0.009593777252733707
Epoch :  878  Epoch time :  1.1284820698201656  Train L2 Loss :  0.009592947567999364
Epoch :  879  Epoch time :  1.1085836431011558  Train L2 Loss :  0.009591368679702282
Epoch :  880  Epoch time :  1.087355268187821  Train L2 Loss :  0.009594799111783504
Epoch :  881  Epoch time :  1.0876669688150287  Train L2 Loss :  0.009593280380964278
Epoch :  882  Epoch time :  1.0857932604849339  Train L2 Loss :  0.009590258212387561
Epoch :  883  Epoch time :  1.087028805166483  Train L2 Loss :  0.009590658155083656
Epoch :  884  Epoch time :  1.0876064617186785  Train L2 Loss :  0.00958771261870861
Epoch :  885  Epoch time :  1.0861502205953002  Train L2 Loss :  0.009591515825688839
Epoch :  886  Epoch time :  1.0867188274860382  Train L2 Loss :  0.009589111956954003
Epoch :  887  Epoch time :  1.0866915239021182  Train L2 Loss :  0.00958932237625122
Epoch :  888  Epoch time :  1.0988190099596977  Train L2 Loss :  0.009587649539113044
Epoch :  889  Epoch time :  1.0864600958302617  Train L2 Loss :  0.009589295354485512
Epoch :  890  Epoch time :  1.0861341459676623  Train L2 Loss :  0.009588479843735695
Epoch :  891  Epoch time :  1.0908920830115676  Train L2 Loss :  0.009587149082124232
Epoch :  892  Epoch time :  1.0895407488569617  Train L2 Loss :  0.00958863384872675
Epoch :  893  Epoch time :  1.0858667949214578  Train L2 Loss :  0.009583528743684292
Epoch :  894  Epoch time :  1.086741290986538  Train L2 Loss :  0.00958712953478098
Epoch :  895  Epoch time :  1.086838531307876  Train L2 Loss :  0.009587851746380329
Epoch :  896  Epoch time :  1.0867888806387782  Train L2 Loss :  0.009585956786572933
Epoch :  897  Epoch time :  1.0883273286744952  Train L2 Loss :  0.00958590629696846
Epoch :  898  Epoch time :  1.0880326051265001  Train L2 Loss :  0.009586426129937172
Epoch :  899  Epoch time :  1.0858561787754297  Train L2 Loss :  0.009583558917045593
Epoch :  900  Epoch time :  1.084699397906661  Train L2 Loss :  0.009550691193342209
Epoch :  901  Epoch time :  1.0858312649652362  Train L2 Loss :  0.009548583662509918
Epoch :  902  Epoch time :  1.0885949498042464  Train L2 Loss :  0.009548569169640541
Epoch :  903  Epoch time :  1.086604886688292  Train L2 Loss :  0.009548611608147621
Epoch :  904  Epoch time :  1.0852860733866692  Train L2 Loss :  0.00954887437224388
Epoch :  905  Epoch time :  1.0865237601101398  Train L2 Loss :  0.009548371163010598
Epoch :  906  Epoch time :  1.0854013115167618  Train L2 Loss :  0.009547596549987793
Epoch :  907  Epoch time :  1.0848234687000513  Train L2 Loss :  0.009547427470982075
Epoch :  908  Epoch time :  1.0861437171697617  Train L2 Loss :  0.009548866444826127
Epoch :  909  Epoch time :  1.086025483906269  Train L2 Loss :  0.009547354464232922
Epoch :  910  Epoch time :  1.0855159871280193  Train L2 Loss :  0.00954864163696766
Epoch :  911  Epoch time :  1.092280162498355  Train L2 Loss :  0.009548950067162514
Epoch :  912  Epoch time :  1.0867788642644882  Train L2 Loss :  0.009545363938808442
Epoch :  913  Epoch time :  1.0860168254002929  Train L2 Loss :  0.009547009266912937
Epoch :  914  Epoch time :  1.0847676191478968  Train L2 Loss :  0.009548382052779197
Epoch :  915  Epoch time :  1.0878023467957973  Train L2 Loss :  0.009546292214095593
Epoch :  916  Epoch time :  1.0899054296314716  Train L2 Loss :  0.009546846243739127
Epoch :  917  Epoch time :  1.087104751728475  Train L2 Loss :  0.009547173410654069
Epoch :  918  Epoch time :  1.087084447965026  Train L2 Loss :  0.009545900642871856
Epoch :  919  Epoch time :  1.0941767040640116  Train L2 Loss :  0.009545547813177109
Epoch :  920  Epoch time :  1.0896637234836817  Train L2 Loss :  0.009544577798247337
Epoch :  921  Epoch time :  1.0850651217624545  Train L2 Loss :  0.009547235596179962
Epoch :  922  Epoch time :  1.085237338207662  Train L2 Loss :  0.009545085494220257
Epoch :  923  Epoch time :  1.0911539383232594  Train L2 Loss :  0.009547186049818992
Epoch :  924  Epoch time :  1.0863686660304666  Train L2 Loss :  0.009545069509744644
Epoch :  925  Epoch time :  1.0884244833141565  Train L2 Loss :  0.00954513149112463
Epoch :  926  Epoch time :  1.0851217303425074  Train L2 Loss :  0.009545552499592304
Epoch :  927  Epoch time :  1.0848780870437622  Train L2 Loss :  0.009544782158732414
Epoch :  928  Epoch time :  1.0850624032318592  Train L2 Loss :  0.009544551908969879
Epoch :  929  Epoch time :  1.0853630136698484  Train L2 Loss :  0.009544632521271705
Epoch :  930  Epoch time :  1.0871390029788017  Train L2 Loss :  0.009544625166058541
Epoch :  931  Epoch time :  1.0843272730708122  Train L2 Loss :  0.009544028669595719
Epoch :  932  Epoch time :  1.0849456377327442  Train L2 Loss :  0.009543636791408062
Epoch :  933  Epoch time :  1.0862428219988942  Train L2 Loss :  0.009542788310348988
Epoch :  934  Epoch time :  1.08518495131284  Train L2 Loss :  0.009542649471759796
Epoch :  935  Epoch time :  1.084947713650763  Train L2 Loss :  0.009544187006354331
Epoch :  936  Epoch time :  1.0843410631641746  Train L2 Loss :  0.009542820817232131
Epoch :  937  Epoch time :  1.0848445184528828  Train L2 Loss :  0.009542894315719605
Epoch :  938  Epoch time :  1.0837776688858867  Train L2 Loss :  0.009542627131938935
Epoch :  939  Epoch time :  1.0843406058847904  Train L2 Loss :  0.00954289315789938
Epoch :  940  Epoch time :  1.0855204807594419  Train L2 Loss :  0.009541719645261765
Epoch :  941  Epoch time :  1.0845523672178388  Train L2 Loss :  0.009541221348941326
Epoch :  942  Epoch time :  1.0845588063821197  Train L2 Loss :  0.00954347448348999
Epoch :  943  Epoch time :  1.1339025190100074  Train L2 Loss :  0.009540148736536504
Epoch :  944  Epoch time :  1.10865268856287  Train L2 Loss :  0.009542111380398274
Epoch :  945  Epoch time :  1.087741794064641  Train L2 Loss :  0.009540511327981949
Epoch :  946  Epoch time :  1.0878708250820637  Train L2 Loss :  0.009541336575150489
Epoch :  947  Epoch time :  1.088809534907341  Train L2 Loss :  0.00954002727419138
Epoch :  948  Epoch time :  1.086213226430118  Train L2 Loss :  0.009539883849024773
Epoch :  949  Epoch time :  1.087068465538323  Train L2 Loss :  0.009539668090641499
Epoch :  950  Epoch time :  1.086073654703796  Train L2 Loss :  0.00954069038182497
Epoch :  951  Epoch time :  1.09754091873765  Train L2 Loss :  0.00953896203637123
Epoch :  952  Epoch time :  1.087697665207088  Train L2 Loss :  0.009540103182196617
Epoch :  953  Epoch time :  1.0858322139829397  Train L2 Loss :  0.00953934672176838
Epoch :  954  Epoch time :  1.0900173345580697  Train L2 Loss :  0.009539165750145913
Epoch :  955  Epoch time :  1.0893310736864805  Train L2 Loss :  0.009539005960524082
Epoch :  956  Epoch time :  1.0855823932215571  Train L2 Loss :  0.009537818419933319
Epoch :  957  Epoch time :  1.0877732932567596  Train L2 Loss :  0.009538349503278733
Epoch :  958  Epoch time :  1.0862352456897497  Train L2 Loss :  0.00953985277414322
Epoch :  959  Epoch time :  1.0864181108772755  Train L2 Loss :  0.009537550762295724
Epoch :  960  Epoch time :  1.0856221513822675  Train L2 Loss :  0.009538550285995007
Epoch :  961  Epoch time :  1.0867525907233357  Train L2 Loss :  0.009538668306171894
Epoch :  962  Epoch time :  1.086324487812817  Train L2 Loss :  0.009538131168484688
Epoch :  963  Epoch time :  1.084095940925181  Train L2 Loss :  0.009537362766265869
Epoch :  964  Epoch time :  1.0858619222417474  Train L2 Loss :  0.00953689061999321
Epoch :  965  Epoch time :  1.0874600820243359  Train L2 Loss :  0.009535646829009056
Epoch :  966  Epoch time :  1.0857744729146361  Train L2 Loss :  0.009538619741797448
Epoch :  967  Epoch time :  1.0895708436146379  Train L2 Loss :  0.009536105734109878
Epoch :  968  Epoch time :  1.0858957702293992  Train L2 Loss :  0.009536237855255604
Epoch :  969  Epoch time :  1.0857112780213356  Train L2 Loss :  0.009536271557211876
Epoch :  970  Epoch time :  1.0853511495515704  Train L2 Loss :  0.009536314058303833
Epoch :  971  Epoch time :  1.0867255320772529  Train L2 Loss :  0.009535174033045768
Epoch :  972  Epoch time :  1.0858810050413013  Train L2 Loss :  0.009535975155234336
Epoch :  973  Epoch time :  1.0847302684560418  Train L2 Loss :  0.009535101434588432
Epoch :  974  Epoch time :  1.0852978182956576  Train L2 Loss :  0.009535563972592354
Epoch :  975  Epoch time :  1.0868926122784615  Train L2 Loss :  0.009535134088993072
Epoch :  976  Epoch time :  1.0863408306613564  Train L2 Loss :  0.00953447128534317
Epoch :  977  Epoch time :  1.0882929246872663  Train L2 Loss :  0.009534002420306206
Epoch :  978  Epoch time :  1.0855132676661015  Train L2 Loss :  0.009533257706463337
Epoch :  979  Epoch time :  1.0869417544454336  Train L2 Loss :  0.009534601539373399
Epoch :  980  Epoch time :  1.0875267637893558  Train L2 Loss :  0.009534056612849236
Epoch :  981  Epoch time :  1.0859887329861522  Train L2 Loss :  0.009533484028279781
Epoch :  982  Epoch time :  1.0933478120714426  Train L2 Loss :  0.009533622470498085
Epoch :  983  Epoch time :  1.0901681128889322  Train L2 Loss :  0.00953233506679535
Epoch :  984  Epoch time :  1.0856018271297216  Train L2 Loss :  0.009532850681245326
Epoch :  985  Epoch time :  1.0869860146194696  Train L2 Loss :  0.009532211349904536
Epoch :  986  Epoch time :  1.092108367010951  Train L2 Loss :  0.009531778617203236
Epoch :  987  Epoch time :  1.0866555888205767  Train L2 Loss :  0.00953162430524826
Epoch :  988  Epoch time :  1.0852732453495264  Train L2 Loss :  0.00953182584643364
Epoch :  989  Epoch time :  1.0856112884357572  Train L2 Loss :  0.009532025170326234
Epoch :  990  Epoch time :  1.0873248409479856  Train L2 Loss :  0.009532031159102916
Epoch :  991  Epoch time :  1.0854137800633907  Train L2 Loss :  0.009531510254740715
Epoch :  992  Epoch time :  1.0854904614388943  Train L2 Loss :  0.009531171467900276
Epoch :  993  Epoch time :  1.086732885800302  Train L2 Loss :  0.00953098999708891
Epoch :  994  Epoch time :  1.1752451471984386  Train L2 Loss :  0.009530128447711467
Epoch :  995  Epoch time :  1.1264196010306478  Train L2 Loss :  0.009530825582146645
Epoch :  996  Epoch time :  1.0895125921815634  Train L2 Loss :  0.00952945390343666
Epoch :  997  Epoch time :  1.0878784293308854  Train L2 Loss :  0.009529962439835072
Epoch :  998  Epoch time :  1.0874669272452593  Train L2 Loss :  0.00952840767800808
Epoch :  999  Epoch time :  1.087746798992157  Train L2 Loss :  0.009528793098032475
Total time is : 1105.8719153599814 Total epoch is  1000
