Energy is  1.199040866595169e-14
Input dim :  128  output dim :  4096
3473
Epoch :  0  Epoch time :  1.24398747459054  Train L2 Loss :  6.361160572814941
Epoch :  1  Epoch time :  1.066553964279592  Train L2 Loss :  5.586067378234863
Epoch :  2  Epoch time :  1.0637084869667888  Train L2 Loss :  4.94206715927124
Epoch :  3  Epoch time :  1.0655228765681386  Train L2 Loss :  3.8401222873687746
Epoch :  4  Epoch time :  1.061264954507351  Train L2 Loss :  3.478292269897461
Epoch :  5  Epoch time :  1.0589729631319642  Train L2 Loss :  3.3231229900360106
Epoch :  6  Epoch time :  1.0580866942182183  Train L2 Loss :  3.1089740493774416
Epoch :  7  Epoch time :  1.0612619686871767  Train L2 Loss :  2.956054221343994
Epoch :  8  Epoch time :  1.056952066719532  Train L2 Loss :  2.8128578678131104
Epoch :  9  Epoch time :  1.0570115949958563  Train L2 Loss :  2.689892324447632
Epoch :  10  Epoch time :  1.0577904591336846  Train L2 Loss :  2.61756409072876
Epoch :  11  Epoch time :  1.0619306163862348  Train L2 Loss :  2.5460219955444336
Epoch :  12  Epoch time :  1.0618544518947601  Train L2 Loss :  2.4575408180236815
Epoch :  13  Epoch time :  1.0600440800189972  Train L2 Loss :  2.3647833721160887
Epoch :  14  Epoch time :  1.061116511002183  Train L2 Loss :  2.251450500488281
Epoch :  15  Epoch time :  1.061978560872376  Train L2 Loss :  2.1533862865447997
Epoch :  16  Epoch time :  1.0591329568997025  Train L2 Loss :  2.0710026939392088
Epoch :  17  Epoch time :  1.0591253740713  Train L2 Loss :  1.9739676578521728
Epoch :  18  Epoch time :  1.0619455706328154  Train L2 Loss :  1.865422119140625
Epoch :  19  Epoch time :  1.0606389585882425  Train L2 Loss :  1.7952167213439942
Epoch :  20  Epoch time :  1.059677666053176  Train L2 Loss :  1.7601141878128053
Epoch :  21  Epoch time :  1.0605386840179563  Train L2 Loss :  1.7119103061676026
Epoch :  22  Epoch time :  1.0653291549533606  Train L2 Loss :  1.6700797828674316
Epoch :  23  Epoch time :  1.0658734645694494  Train L2 Loss :  1.6525604768753053
Epoch :  24  Epoch time :  1.0640828842297196  Train L2 Loss :  1.6421402496337891
Epoch :  25  Epoch time :  1.0648951306939125  Train L2 Loss :  1.6322973178863525
Epoch :  26  Epoch time :  1.066187895834446  Train L2 Loss :  1.620060009765625
Epoch :  27  Epoch time :  1.064372538588941  Train L2 Loss :  1.6010653747558594
Epoch :  28  Epoch time :  1.064574963413179  Train L2 Loss :  1.5825187496185302
Epoch :  29  Epoch time :  1.064741280861199  Train L2 Loss :  1.568989621734619
Epoch :  30  Epoch time :  1.0671270843595266  Train L2 Loss :  1.5560012855529786
Epoch :  31  Epoch time :  1.0652598729357123  Train L2 Loss :  1.548808680152893
Epoch :  32  Epoch time :  1.0649172887206078  Train L2 Loss :  1.5416018802642821
Epoch :  33  Epoch time :  1.0657047787681222  Train L2 Loss :  1.5394247146606446
Epoch :  34  Epoch time :  1.0658995937556028  Train L2 Loss :  1.5335903690338135
Epoch :  35  Epoch time :  1.0644209031015635  Train L2 Loss :  1.5362175910949707
Epoch :  36  Epoch time :  1.0649878149852157  Train L2 Loss :  1.5293309078216553
Epoch :  37  Epoch time :  1.0663322657346725  Train L2 Loss :  1.5238272720336914
Epoch :  38  Epoch time :  1.0639462200924754  Train L2 Loss :  1.5184516748428345
Epoch :  39  Epoch time :  1.0639811009168625  Train L2 Loss :  1.51960735912323
Epoch :  40  Epoch time :  1.0638993382453918  Train L2 Loss :  1.5137746644973755
Epoch :  41  Epoch time :  1.0675517059862614  Train L2 Loss :  1.51397338180542
Epoch :  42  Epoch time :  1.0630226312205195  Train L2 Loss :  1.5121458040237428
Epoch :  43  Epoch time :  1.0624505169689655  Train L2 Loss :  1.5070810382843018
Epoch :  44  Epoch time :  1.0619057016447186  Train L2 Loss :  1.50108108253479
Epoch :  45  Epoch time :  1.0645619183778763  Train L2 Loss :  1.4937326082229614
Epoch :  46  Epoch time :  1.064365248195827  Train L2 Loss :  1.4949106153488159
Epoch :  47  Epoch time :  1.0649400828406215  Train L2 Loss :  1.4899047801971435
Epoch :  48  Epoch time :  1.0653738239780068  Train L2 Loss :  1.4859004541397094
Epoch :  49  Epoch time :  1.0662844479084015  Train L2 Loss :  1.4824590270996094
Epoch :  50  Epoch time :  1.064661931246519  Train L2 Loss :  1.479289123916626
Epoch :  51  Epoch time :  1.0650273589417338  Train L2 Loss :  1.4741592613220216
Epoch :  52  Epoch time :  1.0664163185283542  Train L2 Loss :  1.4739674491882324
Epoch :  53  Epoch time :  1.0641955975443125  Train L2 Loss :  1.4715515727996826
Epoch :  54  Epoch time :  1.0638301828876138  Train L2 Loss :  1.4663151000976562
Epoch :  55  Epoch time :  1.0653751268982887  Train L2 Loss :  1.4660105167388917
Epoch :  56  Epoch time :  1.0656717214733362  Train L2 Loss :  1.4602383659362792
Epoch :  57  Epoch time :  1.0638932874426246  Train L2 Loss :  1.4537723621368408
Epoch :  58  Epoch time :  1.063038481399417  Train L2 Loss :  1.4520740434646606
Epoch :  59  Epoch time :  1.06697385199368  Train L2 Loss :  1.4449215953826904
Epoch :  60  Epoch time :  1.067828692495823  Train L2 Loss :  1.4467672985076905
Epoch :  61  Epoch time :  1.0658051809296012  Train L2 Loss :  1.438256029510498
Epoch :  62  Epoch time :  1.0657819621264935  Train L2 Loss :  1.4289059947967528
Epoch :  63  Epoch time :  1.0674744341522455  Train L2 Loss :  1.4228565544128418
Epoch :  64  Epoch time :  1.064946354366839  Train L2 Loss :  1.4209021251678466
Epoch :  65  Epoch time :  1.0651972405612469  Train L2 Loss :  1.4234075107574462
Epoch :  66  Epoch time :  1.0657022753730416  Train L2 Loss :  1.4117946086883546
Epoch :  67  Epoch time :  1.0667342385277152  Train L2 Loss :  1.4121802783966064
Epoch :  68  Epoch time :  1.0658910144120455  Train L2 Loss :  1.408848680496216
Epoch :  69  Epoch time :  1.0653974004089832  Train L2 Loss :  1.4116058809280396
Epoch :  70  Epoch time :  1.065668416209519  Train L2 Loss :  1.4065492109298705
Epoch :  71  Epoch time :  1.0673657404258847  Train L2 Loss :  1.4129082012176513
Epoch :  72  Epoch time :  1.0657438356429338  Train L2 Loss :  1.4058829750061035
Epoch :  73  Epoch time :  1.0651160348206758  Train L2 Loss :  1.4048785329818725
Epoch :  74  Epoch time :  1.0665458096191287  Train L2 Loss :  1.4082330543518067
Epoch :  75  Epoch time :  1.0677656522020698  Train L2 Loss :  1.4004433519363404
Epoch :  76  Epoch time :  1.0666840421035886  Train L2 Loss :  1.4021577522277833
Epoch :  77  Epoch time :  1.0664044888690114  Train L2 Loss :  1.401926798248291
Epoch :  78  Epoch time :  1.0677809407934546  Train L2 Loss :  1.4037454738616943
Epoch :  79  Epoch time :  1.0671087950468063  Train L2 Loss :  1.3998750537872315
Epoch :  80  Epoch time :  1.067586475983262  Train L2 Loss :  1.3996400569915772
Epoch :  81  Epoch time :  1.0666167540475726  Train L2 Loss :  1.3994662170410157
Epoch :  82  Epoch time :  1.071083134971559  Train L2 Loss :  1.399503644180298
Epoch :  83  Epoch time :  1.0690602902323008  Train L2 Loss :  1.3958466033935546
Epoch :  84  Epoch time :  1.0686677638441324  Train L2 Loss :  1.3960899116516112
Epoch :  85  Epoch time :  1.0696838041767478  Train L2 Loss :  1.3952166175842284
Epoch :  86  Epoch time :  1.070493983104825  Train L2 Loss :  1.3968716886520385
Epoch :  87  Epoch time :  1.0691635813564062  Train L2 Loss :  1.4010240869522095
Epoch :  88  Epoch time :  1.0682826926931739  Train L2 Loss :  1.3941252429962159
Epoch :  89  Epoch time :  1.068736720830202  Train L2 Loss :  1.3899870964050294
Epoch :  90  Epoch time :  1.0700646350160241  Train L2 Loss :  1.3953098474502563
Epoch :  91  Epoch time :  1.0683258194476366  Train L2 Loss :  1.3887392547607422
Epoch :  92  Epoch time :  1.0676236897706985  Train L2 Loss :  1.3919518367767334
Epoch :  93  Epoch time :  1.0689471140503883  Train L2 Loss :  1.3960341442108155
Epoch :  94  Epoch time :  1.0683716740459204  Train L2 Loss :  1.3941509168624877
Epoch :  95  Epoch time :  1.0685938159003854  Train L2 Loss :  1.3896455631256104
Epoch :  96  Epoch time :  1.0685616033151746  Train L2 Loss :  1.389852738571167
Epoch :  97  Epoch time :  1.069595699198544  Train L2 Loss :  1.3866388675689698
Epoch :  98  Epoch time :  1.0687413373962045  Train L2 Loss :  1.3920018966674805
Epoch :  99  Epoch time :  1.0697992453351617  Train L2 Loss :  1.3894173957824707
Epoch :  100  Epoch time :  1.0692040966823697  Train L2 Loss :  1.3727661701202392
Epoch :  101  Epoch time :  1.070593380369246  Train L2 Loss :  1.3717077194213867
Epoch :  102  Epoch time :  1.0698986258357763  Train L2 Loss :  1.3728113271713256
Epoch :  103  Epoch time :  1.071440827101469  Train L2 Loss :  1.3729560884475709
Epoch :  104  Epoch time :  1.0727951619774103  Train L2 Loss :  1.3744376934051514
Epoch :  105  Epoch time :  1.0712454607710242  Train L2 Loss :  1.372444005393982
Epoch :  106  Epoch time :  1.068876812234521  Train L2 Loss :  1.373225054359436
Epoch :  107  Epoch time :  1.0701422970741987  Train L2 Loss :  1.372712009048462
Epoch :  108  Epoch time :  1.0750966323539615  Train L2 Loss :  1.3732551452636719
Epoch :  109  Epoch time :  1.0719525814056396  Train L2 Loss :  1.3738726110458375
Epoch :  110  Epoch time :  1.0712824268266559  Train L2 Loss :  1.3734681144714356
Epoch :  111  Epoch time :  1.0720266476273537  Train L2 Loss :  1.3718600330352784
Epoch :  112  Epoch time :  1.0733563164249063  Train L2 Loss :  1.3715690376281737
Epoch :  113  Epoch time :  1.071386344730854  Train L2 Loss :  1.372260757446289
Epoch :  114  Epoch time :  1.0714892353862524  Train L2 Loss :  1.3720124015808106
Epoch :  115  Epoch time :  1.071059737354517  Train L2 Loss :  1.3719214138031006
Epoch :  116  Epoch time :  1.072687496431172  Train L2 Loss :  1.3710122985839843
Epoch :  117  Epoch time :  1.0725290160626173  Train L2 Loss :  1.3713968446731568
Epoch :  118  Epoch time :  1.072667176835239  Train L2 Loss :  1.370664716720581
Epoch :  119  Epoch time :  1.0721905874088407  Train L2 Loss :  1.3703458541870117
Epoch :  120  Epoch time :  1.070593936368823  Train L2 Loss :  1.3687120557785035
Epoch :  121  Epoch time :  1.07078468054533  Train L2 Loss :  1.3687839817047118
Epoch :  122  Epoch time :  1.0709287011995912  Train L2 Loss :  1.3677924118041993
Epoch :  123  Epoch time :  1.072699603624642  Train L2 Loss :  1.3698812305450438
Epoch :  124  Epoch time :  1.0703850593417883  Train L2 Loss :  1.3676579048156738
Epoch :  125  Epoch time :  1.0703215207904577  Train L2 Loss :  1.3685375234603883
Epoch :  126  Epoch time :  1.070513153448701  Train L2 Loss :  1.367145225906372
Epoch :  127  Epoch time :  1.0726880030706525  Train L2 Loss :  1.3683468307495117
Epoch :  128  Epoch time :  1.0707293068990111  Train L2 Loss :  1.3667592346191406
Epoch :  129  Epoch time :  1.0698141511529684  Train L2 Loss :  1.3672867250442504
Epoch :  130  Epoch time :  1.069773874245584  Train L2 Loss :  1.3677197616577148
Epoch :  131  Epoch time :  1.0717036919668317  Train L2 Loss :  1.3659070472717285
Epoch :  132  Epoch time :  1.070772174745798  Train L2 Loss :  1.3673995864868165
Epoch :  133  Epoch time :  1.0707297204062343  Train L2 Loss :  1.366877437210083
Epoch :  134  Epoch time :  1.0774224065244198  Train L2 Loss :  1.3676685247421265
Epoch :  135  Epoch time :  1.074664213694632  Train L2 Loss :  1.3661200542449952
Epoch :  136  Epoch time :  1.0725924773141742  Train L2 Loss :  1.3662592531204223
Epoch :  137  Epoch time :  1.0725738182663918  Train L2 Loss :  1.3662327423095704
Epoch :  138  Epoch time :  1.0746934302151203  Train L2 Loss :  1.3655046840667724
Epoch :  139  Epoch time :  1.073559801094234  Train L2 Loss :  1.366599155807495
Epoch :  140  Epoch time :  1.0726946583017707  Train L2 Loss :  1.3645593536376952
Epoch :  141  Epoch time :  1.0727289961650968  Train L2 Loss :  1.3658261875152589
Epoch :  142  Epoch time :  1.0745334029197693  Train L2 Loss :  1.3664267929077147
Epoch :  143  Epoch time :  1.0727970255538821  Train L2 Loss :  1.3653257270812988
Epoch :  144  Epoch time :  1.073300614953041  Train L2 Loss :  1.3661178913116454
Epoch :  145  Epoch time :  1.074993529357016  Train L2 Loss :  1.3655075645446777
Epoch :  146  Epoch time :  1.072274835780263  Train L2 Loss :  1.3655692680358886
Epoch :  147  Epoch time :  1.0721024367958307  Train L2 Loss :  1.365547199821472
Epoch :  148  Epoch time :  1.0723002068698406  Train L2 Loss :  1.3646283027648927
Epoch :  149  Epoch time :  1.0740044377744198  Train L2 Loss :  1.3653740840911865
Epoch :  150  Epoch time :  1.072406698949635  Train L2 Loss :  1.3636614654541015
Epoch :  151  Epoch time :  1.0719071552157402  Train L2 Loss :  1.364629432296753
Epoch :  152  Epoch time :  1.0719806775450706  Train L2 Loss :  1.3635009370803832
Epoch :  153  Epoch time :  1.0709478836506605  Train L2 Loss :  1.3639779430389405
Epoch :  154  Epoch time :  1.0719488840550184  Train L2 Loss :  1.3632714925765992
Epoch :  155  Epoch time :  1.0726272771134973  Train L2 Loss :  1.3651596599578857
Epoch :  156  Epoch time :  1.0735034961253405  Train L2 Loss :  1.364047979736328
Epoch :  157  Epoch time :  1.072107357904315  Train L2 Loss :  1.3650389265060425
Epoch :  158  Epoch time :  1.0715888990089297  Train L2 Loss :  1.3649894592285157
Epoch :  159  Epoch time :  1.0714795468375087  Train L2 Loss :  1.3639853549957275
Epoch :  160  Epoch time :  1.0794009808450937  Train L2 Loss :  1.3621066204071044
Epoch :  161  Epoch time :  1.074225996620953  Train L2 Loss :  1.3626066608428955
Epoch :  162  Epoch time :  1.0730142584070563  Train L2 Loss :  1.3642525314331055
Epoch :  163  Epoch time :  1.0734255900606513  Train L2 Loss :  1.3637973831176757
Epoch :  164  Epoch time :  1.07340803835541  Train L2 Loss :  1.3628440134048463
Epoch :  165  Epoch time :  1.0738338297232985  Train L2 Loss :  1.364079824256897
Epoch :  166  Epoch time :  1.0727091180160642  Train L2 Loss :  1.3632449012756347
Epoch :  167  Epoch time :  1.073103316128254  Train L2 Loss :  1.3619515361785888
Epoch :  168  Epoch time :  1.074078961275518  Train L2 Loss :  1.3621659381866456
Epoch :  169  Epoch time :  1.0732967741787434  Train L2 Loss :  1.3644579975128175
Epoch :  170  Epoch time :  1.0728478487581015  Train L2 Loss :  1.362449550628662
Epoch :  171  Epoch time :  1.0751334624364972  Train L2 Loss :  1.3634366107940674
Epoch :  172  Epoch time :  1.0736662447452545  Train L2 Loss :  1.36396736907959
Epoch :  173  Epoch time :  1.0734509266912937  Train L2 Loss :  1.3634674171447754
Epoch :  174  Epoch time :  1.0735242683440447  Train L2 Loss :  1.3613488956451416
Epoch :  175  Epoch time :  1.0750693660229445  Train L2 Loss :  1.3618628833770752
Epoch :  176  Epoch time :  1.07283697091043  Train L2 Loss :  1.3628254280090333
Epoch :  177  Epoch time :  1.0713556883856654  Train L2 Loss :  1.360885375213623
Epoch :  178  Epoch time :  1.0720851365476847  Train L2 Loss :  1.3619629606246948
Epoch :  179  Epoch time :  1.0732671367004514  Train L2 Loss :  1.361186685180664
Epoch :  180  Epoch time :  1.0722638126462698  Train L2 Loss :  1.3615809886932373
Epoch :  181  Epoch time :  1.0720687555149198  Train L2 Loss :  1.3633976188659669
Epoch :  182  Epoch time :  1.0736312977969646  Train L2 Loss :  1.3618862464904786
Epoch :  183  Epoch time :  1.0715531231835485  Train L2 Loss :  1.362251404762268
Epoch :  184  Epoch time :  1.0711325164884329  Train L2 Loss :  1.361300463104248
Epoch :  185  Epoch time :  1.0722445454448462  Train L2 Loss :  1.3612160007476806
Epoch :  186  Epoch time :  1.072283481247723  Train L2 Loss :  1.360456810760498
Epoch :  187  Epoch time :  1.0721345469355583  Train L2 Loss :  1.3620203565597535
Epoch :  188  Epoch time :  1.0723099438473582  Train L2 Loss :  1.360487445449829
Epoch :  189  Epoch time :  1.07167889457196  Train L2 Loss :  1.3604966062545776
Epoch :  190  Epoch time :  1.0809084624052048  Train L2 Loss :  1.3623219142913818
Epoch :  191  Epoch time :  1.0738849407061934  Train L2 Loss :  1.3613566902160645
Epoch :  192  Epoch time :  1.0727752828970551  Train L2 Loss :  1.3620291913986207
Epoch :  193  Epoch time :  1.0727362474426627  Train L2 Loss :  1.3617143272399903
Epoch :  194  Epoch time :  1.0736867440864444  Train L2 Loss :  1.360944194793701
Epoch :  195  Epoch time :  1.0728569384664297  Train L2 Loss :  1.3612688985824586
Epoch :  196  Epoch time :  1.0732866739854217  Train L2 Loss :  1.3637155723571777
Epoch :  197  Epoch time :  1.0739498902112246  Train L2 Loss :  1.3606059509277344
Epoch :  198  Epoch time :  1.073013967834413  Train L2 Loss :  1.3627995244979858
Epoch :  199  Epoch time :  1.0724905794486403  Train L2 Loss :  1.3602856830596923
Epoch :  200  Epoch time :  1.0733411014080048  Train L2 Loss :  1.353931393814087
Epoch :  201  Epoch time :  1.0752179939299822  Train L2 Loss :  1.3536942657470703
Epoch :  202  Epoch time :  1.0728105111047626  Train L2 Loss :  1.354166423034668
Epoch :  203  Epoch time :  1.0746589889749885  Train L2 Loss :  1.3542679191589355
Epoch :  204  Epoch time :  1.0733365900814533  Train L2 Loss :  1.3544304290771485
Epoch :  205  Epoch time :  1.0742402076721191  Train L2 Loss :  1.353866007232666
Epoch :  206  Epoch time :  1.0721577117219567  Train L2 Loss :  1.3542166496276855
Epoch :  207  Epoch time :  1.0732458578422666  Train L2 Loss :  1.3545575698852539
Epoch :  208  Epoch time :  1.073824561201036  Train L2 Loss :  1.353852039718628
Epoch :  209  Epoch time :  1.0745392441749573  Train L2 Loss :  1.3540126361846925
Epoch :  210  Epoch time :  1.0726228347048163  Train L2 Loss :  1.3542325492858887
Epoch :  211  Epoch time :  1.0728779742494226  Train L2 Loss :  1.3541671733856202
Epoch :  212  Epoch time :  1.0736909797415137  Train L2 Loss :  1.3538453140258788
Epoch :  213  Epoch time :  1.0732684209942818  Train L2 Loss :  1.3534826515197753
Epoch :  214  Epoch time :  1.0733843334019184  Train L2 Loss :  1.3542402862548828
Epoch :  215  Epoch time :  1.0725769689306617  Train L2 Loss :  1.3536127172470094
Epoch :  216  Epoch time :  1.0730825085192919  Train L2 Loss :  1.3536112419128419
Epoch :  217  Epoch time :  1.0726047800853848  Train L2 Loss :  1.354133190536499
Epoch :  218  Epoch time :  1.0720037249848247  Train L2 Loss :  1.3534731721878053
Epoch :  219  Epoch time :  1.0748819084838033  Train L2 Loss :  1.3532463327407838
Epoch :  220  Epoch time :  1.080510850995779  Train L2 Loss :  1.3538643703460693
Epoch :  221  Epoch time :  1.0738174011930823  Train L2 Loss :  1.3534809574127198
Epoch :  222  Epoch time :  1.0730825765058398  Train L2 Loss :  1.3537021282196045
Epoch :  223  Epoch time :  1.0732230972498655  Train L2 Loss :  1.3529798126220702
Epoch :  224  Epoch time :  1.073405179195106  Train L2 Loss :  1.353586999130249
Epoch :  225  Epoch time :  1.073879492469132  Train L2 Loss :  1.3530344009399413
Epoch :  226  Epoch time :  1.0731835709884763  Train L2 Loss :  1.3528320745468139
Epoch :  227  Epoch time :  1.0747486157342792  Train L2 Loss :  1.3531818672180176
Epoch :  228  Epoch time :  1.0728647634387016  Train L2 Loss :  1.3533140396118164
Epoch :  229  Epoch time :  1.073206378147006  Train L2 Loss :  1.3531096469879151
Epoch :  230  Epoch time :  1.0730982199311256  Train L2 Loss :  1.3527606666564942
Epoch :  231  Epoch time :  1.0744226342067122  Train L2 Loss :  1.3533298210144042
Epoch :  232  Epoch time :  1.0729205943644047  Train L2 Loss :  1.3524771186828612
Epoch :  233  Epoch time :  1.0736684445291758  Train L2 Loss :  1.3522356967926026
Epoch :  234  Epoch time :  1.0748170046135783  Train L2 Loss :  1.3521921155929566
Epoch :  235  Epoch time :  1.07391672488302  Train L2 Loss :  1.3530004793167114
Epoch :  236  Epoch time :  1.072473426349461  Train L2 Loss :  1.3524398340225219
Epoch :  237  Epoch time :  1.0702103916555643  Train L2 Loss :  1.351915389251709
Epoch :  238  Epoch time :  1.0724221803247929  Train L2 Loss :  1.3519432191848755
Epoch :  239  Epoch time :  1.07246994972229  Train L2 Loss :  1.3515447650909425
Epoch :  240  Epoch time :  1.0735903764143586  Train L2 Loss :  1.352472226715088
Epoch :  241  Epoch time :  1.0717734564095736  Train L2 Loss :  1.3522997285842895
Epoch :  242  Epoch time :  1.0727652311325073  Train L2 Loss :  1.3512924758911133
Epoch :  243  Epoch time :  1.0717793423682451  Train L2 Loss :  1.3514047882080078
Epoch :  244  Epoch time :  1.0713260555639863  Train L2 Loss :  1.351483070755005
Epoch :  245  Epoch time :  1.0729937525466084  Train L2 Loss :  1.3520090545654297
Epoch :  246  Epoch time :  1.0709878783673048  Train L2 Loss :  1.3512874362945557
Epoch :  247  Epoch time :  1.0705287652090192  Train L2 Loss :  1.3520062614440918
Epoch :  248  Epoch time :  1.071310338564217  Train L2 Loss :  1.3517003467559814
Epoch :  249  Epoch time :  1.0812066700309515  Train L2 Loss :  1.3514752086639403
Epoch :  250  Epoch time :  1.0749636515974998  Train L2 Loss :  1.3511100547790527
Epoch :  251  Epoch time :  1.0720173045992851  Train L2 Loss :  1.3514462394714355
Epoch :  252  Epoch time :  1.0726899728178978  Train L2 Loss :  1.3511008058547973
Epoch :  253  Epoch time :  1.0743329767137766  Train L2 Loss :  1.3504296886444092
Epoch :  254  Epoch time :  1.073264098726213  Train L2 Loss :  1.350916201019287
Epoch :  255  Epoch time :  1.0739969899877906  Train L2 Loss :  1.3507370231628417
Epoch :  256  Epoch time :  1.0721077853813767  Train L2 Loss :  1.351503673553467
Epoch :  257  Epoch time :  1.0735063198953867  Train L2 Loss :  1.3505838470458984
Epoch :  258  Epoch time :  1.0713939536362886  Train L2 Loss :  1.350521276473999
Epoch :  259  Epoch time :  1.0726334881037474  Train L2 Loss :  1.3506050945281982
Epoch :  260  Epoch time :  1.073464684188366  Train L2 Loss :  1.3505357456207276
Epoch :  261  Epoch time :  1.0724169770255685  Train L2 Loss :  1.3500414253234863
Epoch :  262  Epoch time :  1.0726342415437102  Train L2 Loss :  1.3497344758987426
Epoch :  263  Epoch time :  1.0733238467946649  Train L2 Loss :  1.3497919021606446
Epoch :  264  Epoch time :  1.0735107203945518  Train L2 Loss :  1.349826332473755
Epoch :  265  Epoch time :  1.0700811827555299  Train L2 Loss :  1.3493788303375245
Epoch :  266  Epoch time :  1.072340496815741  Train L2 Loss :  1.3492417337417602
Epoch :  267  Epoch time :  1.0725088715553284  Train L2 Loss :  1.348765237236023
Epoch :  268  Epoch time :  1.0734389899298549  Train L2 Loss :  1.3491280569076538
Epoch :  269  Epoch time :  1.072692054323852  Train L2 Loss :  1.3492556322097777
Epoch :  270  Epoch time :  1.0734257157891989  Train L2 Loss :  1.3486719821929931
Epoch :  271  Epoch time :  1.0745777413249016  Train L2 Loss :  1.3490114429473876
Epoch :  272  Epoch time :  1.0723260901868343  Train L2 Loss :  1.3488236335754396
Epoch :  273  Epoch time :  1.0727426456287503  Train L2 Loss :  1.3489178607940673
Epoch :  274  Epoch time :  1.0722880326211452  Train L2 Loss :  1.3480420780181885
Epoch :  275  Epoch time :  1.0731077827513218  Train L2 Loss :  1.3481444185256959
Epoch :  276  Epoch time :  1.0707706809043884  Train L2 Loss :  1.3480892669677735
Epoch :  277  Epoch time :  1.071227884851396  Train L2 Loss :  1.3473759922027588
Epoch :  278  Epoch time :  1.072158444672823  Train L2 Loss :  1.3477457363128662
Epoch :  279  Epoch time :  1.083617702126503  Train L2 Loss :  1.348696141242981
Epoch :  280  Epoch time :  1.0737675772979856  Train L2 Loss :  1.34784796333313
Epoch :  281  Epoch time :  1.0732232369482517  Train L2 Loss :  1.3476727416992187
Epoch :  282  Epoch time :  1.0728474259376526  Train L2 Loss :  1.3474309577941894
Epoch :  283  Epoch time :  1.074829905293882  Train L2 Loss :  1.3476885684967042
Epoch :  284  Epoch time :  1.0730422185733914  Train L2 Loss :  1.3481940975189208
Epoch :  285  Epoch time :  1.0738396169617772  Train L2 Loss :  1.3473270687103271
Epoch :  286  Epoch time :  1.0751422448083758  Train L2 Loss :  1.3476133443832397
Epoch :  287  Epoch time :  1.0731227863579988  Train L2 Loss :  1.3470652709960937
Epoch :  288  Epoch time :  1.0754721136763692  Train L2 Loss :  1.3480243431091308
Epoch :  289  Epoch time :  1.073861638084054  Train L2 Loss :  1.3476612205505372
Epoch :  290  Epoch time :  1.0757048157975078  Train L2 Loss :  1.3472893894195557
Epoch :  291  Epoch time :  1.0746653694659472  Train L2 Loss :  1.3475876581192017
Epoch :  292  Epoch time :  1.0746063683182001  Train L2 Loss :  1.3477022819519042
Epoch :  293  Epoch time :  1.0742677822709084  Train L2 Loss :  1.3466748489379883
Epoch :  294  Epoch time :  1.0762231666594744  Train L2 Loss :  1.3472868482589722
Epoch :  295  Epoch time :  1.075436976738274  Train L2 Loss :  1.34699264087677
Epoch :  296  Epoch time :  1.0742352865636349  Train L2 Loss :  1.3470615825653076
Epoch :  297  Epoch time :  1.0749327521771193  Train L2 Loss :  1.3471072570800782
Epoch :  298  Epoch time :  1.074692029505968  Train L2 Loss :  1.346971810913086
Epoch :  299  Epoch time :  1.073076724074781  Train L2 Loss :  1.3468963157653808
Epoch :  300  Epoch time :  1.0733708525076509  Train L2 Loss :  1.3438421451568603
Epoch :  301  Epoch time :  1.0756173497065902  Train L2 Loss :  1.3438017360687255
Epoch :  302  Epoch time :  1.0731499148532748  Train L2 Loss :  1.3438506902694702
Epoch :  303  Epoch time :  1.0737421344965696  Train L2 Loss :  1.343567191696167
Epoch :  304  Epoch time :  1.0738829541951418  Train L2 Loss :  1.3437497163772583
Epoch :  305  Epoch time :  1.0750397946685553  Train L2 Loss :  1.3437808305740357
Epoch :  306  Epoch time :  1.0740906773135066  Train L2 Loss :  1.343818803024292
Epoch :  307  Epoch time :  1.072689930908382  Train L2 Loss :  1.3436291759490966
Epoch :  308  Epoch time :  1.078697245568037  Train L2 Loss :  1.34375251121521
Epoch :  309  Epoch time :  1.0810217605903745  Train L2 Loss :  1.343558390045166
Epoch :  310  Epoch time :  1.0758951753377914  Train L2 Loss :  1.3437254680633546
Epoch :  311  Epoch time :  1.0744290938600898  Train L2 Loss :  1.3434587650299072
Epoch :  312  Epoch time :  1.0742423376068473  Train L2 Loss :  1.343576569366455
Epoch :  313  Epoch time :  1.074621757492423  Train L2 Loss :  1.343753126335144
Epoch :  314  Epoch time :  1.0737082986161113  Train L2 Loss :  1.343721196746826
Epoch :  315  Epoch time :  1.0739067569375038  Train L2 Loss :  1.3435790298461914
Epoch :  316  Epoch time :  1.0757523318752646  Train L2 Loss :  1.3434536487579345
Epoch :  317  Epoch time :  1.072821925394237  Train L2 Loss :  1.3434152593612672
Epoch :  318  Epoch time :  1.0725415972992778  Train L2 Loss :  1.3434724840164185
Epoch :  319  Epoch time :  1.0749954273924232  Train L2 Loss :  1.3437061935424806
Epoch :  320  Epoch time :  1.0753874611109495  Train L2 Loss :  1.3433973403930664
Epoch :  321  Epoch time :  1.0732577834278345  Train L2 Loss :  1.3434055780410767
Epoch :  322  Epoch time :  1.0737486062571406  Train L2 Loss :  1.3433334594726563
Epoch :  323  Epoch time :  1.0748813981190324  Train L2 Loss :  1.34349400138855
Epoch :  324  Epoch time :  1.0753175653517246  Train L2 Loss :  1.3432355125427247
Epoch :  325  Epoch time :  1.074140900745988  Train L2 Loss :  1.343224249267578
Epoch :  326  Epoch time :  1.0738391252234578  Train L2 Loss :  1.3433574675559998
Epoch :  327  Epoch time :  1.0749075217172503  Train L2 Loss :  1.3430678730010985
Epoch :  328  Epoch time :  1.0744453556835651  Train L2 Loss :  1.3430321014404296
Epoch :  329  Epoch time :  1.0733174700289965  Train L2 Loss :  1.3431551038742064
Epoch :  330  Epoch time :  1.0742971366271377  Train L2 Loss :  1.342943868637085
Epoch :  331  Epoch time :  1.0749017484486103  Train L2 Loss :  1.3427048112869262
Epoch :  332  Epoch time :  1.0737702632322907  Train L2 Loss :  1.342842877960205
Epoch :  333  Epoch time :  1.0743944477289915  Train L2 Loss :  1.3429604139328002
Epoch :  334  Epoch time :  1.0763148358091712  Train L2 Loss :  1.3430517944335938
Epoch :  335  Epoch time :  1.0742435194551945  Train L2 Loss :  1.342678367614746
Epoch :  336  Epoch time :  1.0739673133939505  Train L2 Loss :  1.342927338027954
Epoch :  337  Epoch time :  1.0735967680811882  Train L2 Loss :  1.342613472557068
Epoch :  338  Epoch time :  1.0837418977171183  Train L2 Loss :  1.3427735551834106
Epoch :  339  Epoch time :  1.0773451123386621  Train L2 Loss :  1.3425049293518065
Epoch :  340  Epoch time :  1.0736328270286322  Train L2 Loss :  1.3425778133392334
Epoch :  341  Epoch time :  1.0722902789711952  Train L2 Loss :  1.3426061641693114
Epoch :  342  Epoch time :  1.0748023008927703  Train L2 Loss :  1.3426767734527587
Epoch :  343  Epoch time :  1.0734192077070475  Train L2 Loss :  1.34219493598938
Epoch :  344  Epoch time :  1.0729142241179943  Train L2 Loss :  1.3422239799499511
Epoch :  345  Epoch time :  1.0750870369374752  Train L2 Loss :  1.3418643623352051
Epoch :  346  Epoch time :  1.0735052628442645  Train L2 Loss :  1.3419909494400024
Epoch :  347  Epoch time :  1.072261850349605  Train L2 Loss :  1.3420432291030884
Epoch :  348  Epoch time :  1.0724497996270657  Train L2 Loss :  1.3415774116516113
Epoch :  349  Epoch time :  1.0728337159380317  Train L2 Loss :  1.3411847576141358
Epoch :  350  Epoch time :  1.0710042556747794  Train L2 Loss :  1.341071872329712
Epoch :  351  Epoch time :  1.0716609256342053  Train L2 Loss :  1.341254432106018
Epoch :  352  Epoch time :  1.0712695140391588  Train L2 Loss :  1.340616523361206
Epoch :  353  Epoch time :  1.075456545688212  Train L2 Loss :  1.3405502891540528
Epoch :  354  Epoch time :  1.0751963090151548  Train L2 Loss :  1.3399937789916991
Epoch :  355  Epoch time :  1.0743534229695797  Train L2 Loss :  1.3395803791046144
Epoch :  356  Epoch time :  1.0751199219375849  Train L2 Loss :  1.339151036453247
Epoch :  357  Epoch time :  1.0754731548950076  Train L2 Loss :  1.3382881784439087
Epoch :  358  Epoch time :  1.0754785211756825  Train L2 Loss :  1.3373229953765868
Epoch :  359  Epoch time :  1.0737979672849178  Train L2 Loss :  1.3363957777023316
Epoch :  360  Epoch time :  1.0754297310486436  Train L2 Loss :  1.3346725788116456
Epoch :  361  Epoch time :  1.0737808840349317  Train L2 Loss :  1.3325434370040894
Epoch :  362  Epoch time :  1.0747093968093395  Train L2 Loss :  1.3293747341156006
Epoch :  363  Epoch time :  1.0749187702313066  Train L2 Loss :  1.3245186241149902
Epoch :  364  Epoch time :  1.0745784556493163  Train L2 Loss :  1.318039715194702
Epoch :  365  Epoch time :  1.0736591927707195  Train L2 Loss :  1.3092103364944458
Epoch :  366  Epoch time :  1.0735256848856807  Train L2 Loss :  1.2992767639160157
Epoch :  367  Epoch time :  1.0740038296207786  Train L2 Loss :  1.2901560440063478
Epoch :  368  Epoch time :  1.0877811210229993  Train L2 Loss :  1.2835774381637572
Epoch :  369  Epoch time :  1.0736055467277765  Train L2 Loss :  1.2790682899475099
Epoch :  370  Epoch time :  1.0734583148732781  Train L2 Loss :  1.2754235118865966
Epoch :  371  Epoch time :  1.0740806814283133  Train L2 Loss :  1.2717977531433104
Epoch :  372  Epoch time :  1.0745778754353523  Train L2 Loss :  1.26761338596344
Epoch :  373  Epoch time :  1.0741894049569964  Train L2 Loss :  1.2614670413970948
Epoch :  374  Epoch time :  1.0735322423279285  Train L2 Loss :  1.254690845489502
Epoch :  375  Epoch time :  1.0762594370171428  Train L2 Loss :  1.2489172636032104
Epoch :  376  Epoch time :  1.072023082524538  Train L2 Loss :  1.2435313875198364
Epoch :  377  Epoch time :  1.072093728929758  Train L2 Loss :  1.2393008752822876
Epoch :  378  Epoch time :  1.0716623291373253  Train L2 Loss :  1.2357573493957519
Epoch :  379  Epoch time :  1.0727833099663258  Train L2 Loss :  1.2331942726135254
Epoch :  380  Epoch time :  1.0713962744921446  Train L2 Loss :  1.2309482206344604
Epoch :  381  Epoch time :  1.0745303696021438  Train L2 Loss :  1.228916897392273
Epoch :  382  Epoch time :  1.0759792681783438  Train L2 Loss :  1.2273928689956666
Epoch :  383  Epoch time :  1.074882353655994  Train L2 Loss :  1.2261131916046142
Epoch :  384  Epoch time :  1.0731573225930333  Train L2 Loss :  1.2252241424560546
Epoch :  385  Epoch time :  1.0744166765362024  Train L2 Loss :  1.224320873260498
Epoch :  386  Epoch time :  1.0771957589313388  Train L2 Loss :  1.2233184480667114
Epoch :  387  Epoch time :  1.0743325054645538  Train L2 Loss :  1.2224594882965087
Epoch :  388  Epoch time :  1.0748509392142296  Train L2 Loss :  1.2217847774505615
Epoch :  389  Epoch time :  1.0738444700837135  Train L2 Loss :  1.2212155542373657
Epoch :  390  Epoch time :  1.0759569117799401  Train L2 Loss :  1.2206737384796142
Epoch :  391  Epoch time :  1.074243100360036  Train L2 Loss :  1.2201885105133057
Epoch :  392  Epoch time :  1.0748029416427016  Train L2 Loss :  1.2198806491851806
Epoch :  393  Epoch time :  1.0764814615249634  Train L2 Loss :  1.2193937997817994
Epoch :  394  Epoch time :  1.0740039041265845  Train L2 Loss :  1.2191189884185791
Epoch :  395  Epoch time :  1.0756118539720774  Train L2 Loss :  1.2184334115982056
Epoch :  396  Epoch time :  1.0748458551242948  Train L2 Loss :  1.2185575445175172
Epoch :  397  Epoch time :  1.0830269595608115  Train L2 Loss :  1.2183356073379517
Epoch :  398  Epoch time :  1.0795405944809318  Train L2 Loss :  1.2176314817428588
Epoch :  399  Epoch time :  1.074038054794073  Train L2 Loss :  1.2175775133132936
Epoch :  400  Epoch time :  1.0763411512598395  Train L2 Loss :  1.216182688140869
Epoch :  401  Epoch time :  1.0772160552442074  Train L2 Loss :  1.2160333822250367
Epoch :  402  Epoch time :  1.076063978485763  Train L2 Loss :  1.216017582511902
Epoch :  403  Epoch time :  1.0774759398773313  Train L2 Loss :  1.2158298524856568
Epoch :  404  Epoch time :  1.074735107831657  Train L2 Loss :  1.215676524925232
Epoch :  405  Epoch time :  1.078445265069604  Train L2 Loss :  1.215531343650818
Epoch :  406  Epoch time :  1.0764023894444108  Train L2 Loss :  1.2156042350769043
Epoch :  407  Epoch time :  1.0757156508043408  Train L2 Loss :  1.2153769754409791
Epoch :  408  Epoch time :  1.0770946918055415  Train L2 Loss :  1.2152753341674805
Epoch :  409  Epoch time :  1.0762152802199125  Train L2 Loss :  1.215194383430481
Epoch :  410  Epoch time :  1.076774762943387  Train L2 Loss :  1.2151436298370362
Epoch :  411  Epoch time :  1.0758041059598327  Train L2 Loss :  1.215113749885559
Epoch :  412  Epoch time :  1.077107951976359  Train L2 Loss :  1.2148961973190309
Epoch :  413  Epoch time :  1.0755612701177597  Train L2 Loss :  1.2149232902526856
Epoch :  414  Epoch time :  1.0764048099517822  Train L2 Loss :  1.2148133768081666
Epoch :  415  Epoch time :  1.0750832697376609  Train L2 Loss :  1.2146500913619995
Epoch :  416  Epoch time :  1.075880691409111  Train L2 Loss :  1.2146334056854249
Epoch :  417  Epoch time :  1.0770015493035316  Train L2 Loss :  1.214568122291565
Epoch :  418  Epoch time :  1.0832846080884337  Train L2 Loss :  1.2144775568008424
Epoch :  419  Epoch time :  1.0770317241549492  Train L2 Loss :  1.2144060523986817
Epoch :  420  Epoch time :  1.0749781345948577  Train L2 Loss :  1.2142008293151856
Epoch :  421  Epoch time :  1.076328040100634  Train L2 Loss :  1.214329751586914
Epoch :  422  Epoch time :  1.074600238353014  Train L2 Loss :  1.214137050819397
Epoch :  423  Epoch time :  1.0765364561229944  Train L2 Loss :  1.2141347160339355
Epoch :  424  Epoch time :  1.0772725166752934  Train L2 Loss :  1.2140519769668578
Epoch :  425  Epoch time :  1.075228562578559  Train L2 Loss :  1.213987361717224
Epoch :  426  Epoch time :  1.0765829859301448  Train L2 Loss :  1.213931272315979
Epoch :  427  Epoch time :  1.0888070575892925  Train L2 Loss :  1.2138590772628783
Epoch :  428  Epoch time :  1.0787442307919264  Train L2 Loss :  1.213813480758667
Epoch :  429  Epoch time :  1.076733817346394  Train L2 Loss :  1.2137038562774658
Epoch :  430  Epoch time :  1.075383055023849  Train L2 Loss :  1.213647936630249
Epoch :  431  Epoch time :  1.0783258033916354  Train L2 Loss :  1.2135130994796752
Epoch :  432  Epoch time :  1.0772612215951085  Train L2 Loss :  1.2136083850860595
Epoch :  433  Epoch time :  1.0777152189984918  Train L2 Loss :  1.2134288106918334
Epoch :  434  Epoch time :  1.0789924021810293  Train L2 Loss :  1.213399164581299
Epoch :  435  Epoch time :  1.0776609033346176  Train L2 Loss :  1.2133293926239013
Epoch :  436  Epoch time :  1.0771072851493955  Train L2 Loss :  1.2132760360717774
Epoch :  437  Epoch time :  1.0759504390880466  Train L2 Loss :  1.213228412437439
Epoch :  438  Epoch time :  1.079010009765625  Train L2 Loss :  1.2130380483627319
Epoch :  439  Epoch time :  1.077034117653966  Train L2 Loss :  1.2130141998291015
Epoch :  440  Epoch time :  1.0762726105749607  Train L2 Loss :  1.213036545753479
Epoch :  441  Epoch time :  1.0777392592281103  Train L2 Loss :  1.2129227935791016
Epoch :  442  Epoch time :  1.0774866407737136  Train L2 Loss :  1.2130329265594482
Epoch :  443  Epoch time :  1.078377247788012  Train L2 Loss :  1.2129001461029052
Epoch :  444  Epoch time :  1.0764611084014177  Train L2 Loss :  1.2127788497924805
Epoch :  445  Epoch time :  1.0775382183492184  Train L2 Loss :  1.2126525480270385
Epoch :  446  Epoch time :  1.0766343288123608  Train L2 Loss :  1.2125892066955566
Epoch :  447  Epoch time :  1.077143575064838  Train L2 Loss :  1.212682246017456
Epoch :  448  Epoch time :  1.076471894979477  Train L2 Loss :  1.2124993982315064
Epoch :  449  Epoch time :  1.0780653487890959  Train L2 Loss :  1.212465217590332
Epoch :  450  Epoch time :  1.0768759520724416  Train L2 Loss :  1.2124251764297485
Epoch :  451  Epoch time :  1.0759099833667278  Train L2 Loss :  1.2124730323791504
Epoch :  452  Epoch time :  1.0772467097267509  Train L2 Loss :  1.2124977659225464
Epoch :  453  Epoch time :  1.0775954676792026  Train L2 Loss :  1.2122979207992555
Epoch :  454  Epoch time :  1.0766403451561928  Train L2 Loss :  1.2122922924041748
Epoch :  455  Epoch time :  1.07624526694417  Train L2 Loss :  1.2121796669006348
Epoch :  456  Epoch time :  1.0854957969859242  Train L2 Loss :  1.2121330535888672
Epoch :  457  Epoch time :  1.0832103108987212  Train L2 Loss :  1.2121603708267212
Epoch :  458  Epoch time :  1.0777249298989773  Train L2 Loss :  1.2120540702819824
Epoch :  459  Epoch time :  1.075187923386693  Train L2 Loss :  1.2121348628997803
Epoch :  460  Epoch time :  1.0768155083060265  Train L2 Loss :  1.2120965236663819
Epoch :  461  Epoch time :  1.0777392154559493  Train L2 Loss :  1.2120912521362304
Epoch :  462  Epoch time :  1.075683169066906  Train L2 Loss :  1.212027328300476
Epoch :  463  Epoch time :  1.0771509017795324  Train L2 Loss :  1.2119328998565675
Epoch :  464  Epoch time :  1.0777649600058794  Train L2 Loss :  1.2118330394744874
Epoch :  465  Epoch time :  1.0757254268974066  Train L2 Loss :  1.2116581380844116
Epoch :  466  Epoch time :  1.077901566401124  Train L2 Loss :  1.2116010107040405
Epoch :  467  Epoch time :  1.0773081416264176  Train L2 Loss :  1.2115941436767579
Epoch :  468  Epoch time :  1.075993936508894  Train L2 Loss :  1.2115353391647339
Epoch :  469  Epoch time :  1.0754826394841075  Train L2 Loss :  1.211459645652771
Epoch :  470  Epoch time :  1.0760982427746058  Train L2 Loss :  1.2113462879180907
Epoch :  471  Epoch time :  1.0786297535523772  Train L2 Loss :  1.211349680709839
Epoch :  472  Epoch time :  1.0756391836330295  Train L2 Loss :  1.2111839401245117
Epoch :  473  Epoch time :  1.0762039786204696  Train L2 Loss :  1.2111100402832031
Epoch :  474  Epoch time :  1.0762884318828583  Train L2 Loss :  1.211094228363037
Epoch :  475  Epoch time :  1.0776185020804405  Train L2 Loss :  1.2111386903762817
Epoch :  476  Epoch time :  1.0751849664375186  Train L2 Loss :  1.2108906827926635
Epoch :  477  Epoch time :  1.0756071647629142  Train L2 Loss :  1.2108743658065797
Epoch :  478  Epoch time :  1.0764183336868882  Train L2 Loss :  1.2109799419403076
Epoch :  479  Epoch time :  1.0759393265470862  Train L2 Loss :  1.2106951496124267
Epoch :  480  Epoch time :  1.076352379284799  Train L2 Loss :  1.2106424522399903
Epoch :  481  Epoch time :  1.0766572104766965  Train L2 Loss :  1.2106264961242676
Epoch :  482  Epoch time :  1.077259138226509  Train L2 Loss :  1.2104154272079468
Epoch :  483  Epoch time :  1.0762988198548555  Train L2 Loss :  1.2105923942565917
Epoch :  484  Epoch time :  1.0762079898267984  Train L2 Loss :  1.2103490102767944
Epoch :  485  Epoch time :  1.076322210021317  Train L2 Loss :  1.2103667406082153
Epoch :  486  Epoch time :  1.0890574036166072  Train L2 Loss :  1.2103851482391357
Epoch :  487  Epoch time :  1.076747271232307  Train L2 Loss :  1.2101743642807006
Epoch :  488  Epoch time :  1.0749377449974418  Train L2 Loss :  1.2100254881858825
Epoch :  489  Epoch time :  1.0755606573075056  Train L2 Loss :  1.2099717279434203
Epoch :  490  Epoch time :  1.0770861562341452  Train L2 Loss :  1.2098896783828736
Epoch :  491  Epoch time :  1.0756235644221306  Train L2 Loss :  1.2098651174545287
Epoch :  492  Epoch time :  1.0755590638145804  Train L2 Loss :  1.209726035308838
Epoch :  493  Epoch time :  1.0777010982856154  Train L2 Loss :  1.2096039222717285
Epoch :  494  Epoch time :  1.0780931944027543  Train L2 Loss :  1.2095036212921142
Epoch :  495  Epoch time :  1.0748402457684278  Train L2 Loss :  1.2093587272644042
Epoch :  496  Epoch time :  1.075323007069528  Train L2 Loss :  1.2094517498016357
Epoch :  497  Epoch time :  1.0770807806402445  Train L2 Loss :  1.2093908222198486
Epoch :  498  Epoch time :  1.0772004714235663  Train L2 Loss :  1.2092972345352173
Epoch :  499  Epoch time :  1.077251867391169  Train L2 Loss :  1.2091478311538697
Epoch :  500  Epoch time :  1.0758118014782667  Train L2 Loss :  1.2084495475769044
Epoch :  501  Epoch time :  1.0781256835907698  Train L2 Loss :  1.2084176816940309
Epoch :  502  Epoch time :  1.0759352538734674  Train L2 Loss :  1.2083517559051513
Epoch :  503  Epoch time :  1.0760692339390516  Train L2 Loss :  1.2083162624359132
Epoch :  504  Epoch time :  1.0754935089498758  Train L2 Loss :  1.2082588577270508
Epoch :  505  Epoch time :  1.0782424043864012  Train L2 Loss :  1.2082399572372438
Epoch :  506  Epoch time :  1.0780034083873034  Train L2 Loss :  1.2082626626968385
Epoch :  507  Epoch time :  1.0778302866965532  Train L2 Loss :  1.2081663900375366
Epoch :  508  Epoch time :  1.0809469670057297  Train L2 Loss :  1.2081510984420776
Epoch :  509  Epoch time :  1.077188653871417  Train L2 Loss :  1.2081769247055054
Epoch :  510  Epoch time :  1.0779556166380644  Train L2 Loss :  1.2079790407180786
Epoch :  511  Epoch time :  1.0772567177191377  Train L2 Loss :  1.2080330260276795
Epoch :  512  Epoch time :  1.0784888742491603  Train L2 Loss :  1.2080447454452514
Epoch :  513  Epoch time :  1.0781725533306599  Train L2 Loss :  1.207901062965393
Epoch :  514  Epoch time :  1.0780242886394262  Train L2 Loss :  1.2079384111404419
Epoch :  515  Epoch time :  1.0859114294871688  Train L2 Loss :  1.2078365056991578
Epoch :  516  Epoch time :  1.082687458023429  Train L2 Loss :  1.2078859086990357
Epoch :  517  Epoch time :  1.0788988815620542  Train L2 Loss :  1.2077725170135498
Epoch :  518  Epoch time :  1.078067877329886  Train L2 Loss :  1.2076691663742065
Epoch :  519  Epoch time :  1.0772802252322435  Train L2 Loss :  1.207724496459961
Epoch :  520  Epoch time :  1.0786062870174646  Train L2 Loss :  1.2076690279006959
Epoch :  521  Epoch time :  1.078011840581894  Train L2 Loss :  1.2076101793289185
Epoch :  522  Epoch time :  1.0796470139175653  Train L2 Loss :  1.2075610532760621
Epoch :  523  Epoch time :  1.080864674411714  Train L2 Loss :  1.2075751852035523
Epoch :  524  Epoch time :  1.0779709871858358  Train L2 Loss :  1.2075492948532105
Epoch :  525  Epoch time :  1.0769779235124588  Train L2 Loss :  1.207412427330017
Epoch :  526  Epoch time :  1.0783181125298142  Train L2 Loss :  1.2074321744918823
Epoch :  527  Epoch time :  1.07821299508214  Train L2 Loss :  1.207300691986084
Epoch :  528  Epoch time :  1.077678069472313  Train L2 Loss :  1.2074161447525025
Epoch :  529  Epoch time :  1.078182497061789  Train L2 Loss :  1.2074065879821778
Epoch :  530  Epoch time :  1.078837371431291  Train L2 Loss :  1.2072573148727417
Epoch :  531  Epoch time :  1.0778157245367765  Train L2 Loss :  1.2072617246627808
Epoch :  532  Epoch time :  1.0783416833728552  Train L2 Loss :  1.2071342000961303
Epoch :  533  Epoch time :  1.0766717744991183  Train L2 Loss :  1.2072273082733154
Epoch :  534  Epoch time :  1.076594267040491  Train L2 Loss :  1.207142704963684
Epoch :  535  Epoch time :  1.077049881219864  Train L2 Loss :  1.2070643106460572
Epoch :  536  Epoch time :  1.0779434237629175  Train L2 Loss :  1.2071287693023682
Epoch :  537  Epoch time :  1.0778605230152607  Train L2 Loss :  1.206955025100708
Epoch :  538  Epoch time :  1.077290304005146  Train L2 Loss :  1.2069569871902466
Epoch :  539  Epoch time :  1.0771969677880406  Train L2 Loss :  1.2069381061553954
Epoch :  540  Epoch time :  1.077444538474083  Train L2 Loss :  1.2069285915374757
Epoch :  541  Epoch time :  1.078917738981545  Train L2 Loss :  1.20682550201416
Epoch :  542  Epoch time :  1.0772239528596401  Train L2 Loss :  1.206784636116028
Epoch :  543  Epoch time :  1.0773424608632922  Train L2 Loss :  1.2067578897476197
Epoch :  544  Epoch time :  1.0775251798331738  Train L2 Loss :  1.206708062171936
Epoch :  545  Epoch time :  1.0916007412597537  Train L2 Loss :  1.2067644104003907
Epoch :  546  Epoch time :  1.0794753357768059  Train L2 Loss :  1.2066546216964722
Epoch :  547  Epoch time :  1.076874946244061  Train L2 Loss :  1.2066090158462524
Epoch :  548  Epoch time :  1.0776912877336144  Train L2 Loss :  1.2066137001037598
Epoch :  549  Epoch time :  1.0774437878280878  Train L2 Loss :  1.206528143119812
Epoch :  550  Epoch time :  1.0778790228068829  Train L2 Loss :  1.2065852942466735
Epoch :  551  Epoch time :  1.0781091982498765  Train L2 Loss :  1.2064678426742554
Epoch :  552  Epoch time :  1.0785852121189237  Train L2 Loss :  1.2064075347900391
Epoch :  553  Epoch time :  1.0781091069802642  Train L2 Loss :  1.2064720066070556
Epoch :  554  Epoch time :  1.077646505087614  Train L2 Loss :  1.2063784149169923
Epoch :  555  Epoch time :  1.0777596114203334  Train L2 Loss :  1.2062833755493163
Epoch :  556  Epoch time :  1.0795573303475976  Train L2 Loss :  1.2063052162170411
Epoch :  557  Epoch time :  1.077199898660183  Train L2 Loss :  1.2063085784912109
Epoch :  558  Epoch time :  1.0770650748163462  Train L2 Loss :  1.20615958442688
Epoch :  559  Epoch time :  1.0787714216858149  Train L2 Loss :  1.2061748926162719
Epoch :  560  Epoch time :  1.0778397917747498  Train L2 Loss :  1.206171863746643
Epoch :  561  Epoch time :  1.0768697019666433  Train L2 Loss :  1.2060880601882935
Epoch :  562  Epoch time :  1.076942945830524  Train L2 Loss :  1.2060666185379028
Epoch :  563  Epoch time :  1.0778835583478212  Train L2 Loss :  1.2060410655975342
Epoch :  564  Epoch time :  1.0761744091287255  Train L2 Loss :  1.2059893718719483
Epoch :  565  Epoch time :  1.0764823136851192  Train L2 Loss :  1.20592206325531
Epoch :  566  Epoch time :  1.0782613018527627  Train L2 Loss :  1.205898231124878
Epoch :  567  Epoch time :  1.0788811948150396  Train L2 Loss :  1.2059366138458252
Epoch :  568  Epoch time :  1.0778852626681328  Train L2 Loss :  1.2058747159957885
Epoch :  569  Epoch time :  1.0790300909429789  Train L2 Loss :  1.2057629032135009
Epoch :  570  Epoch time :  1.0782819967716932  Train L2 Loss :  1.2058012140274048
Epoch :  571  Epoch time :  1.0766890393570065  Train L2 Loss :  1.2057915035247804
Epoch :  572  Epoch time :  1.07459120079875  Train L2 Loss :  1.2057186162948608
Epoch :  573  Epoch time :  1.0759730571880937  Train L2 Loss :  1.2057281383514404
Epoch :  574  Epoch time :  1.086613510735333  Train L2 Loss :  1.2056589427948
Epoch :  575  Epoch time :  1.083812853321433  Train L2 Loss :  1.205644388961792
Epoch :  576  Epoch time :  1.0779888592660427  Train L2 Loss :  1.205554892730713
Epoch :  577  Epoch time :  1.0791643429547548  Train L2 Loss :  1.2055518997192383
Epoch :  578  Epoch time :  1.079131305217743  Train L2 Loss :  1.2054938961029054
Epoch :  579  Epoch time :  1.0797046227380633  Train L2 Loss :  1.2054806158065796
Epoch :  580  Epoch time :  1.0788331050425768  Train L2 Loss :  1.2054435708045959
Epoch :  581  Epoch time :  1.0790801560506225  Train L2 Loss :  1.205424921607971
Epoch :  582  Epoch time :  1.0804806435480714  Train L2 Loss :  1.2053420253753662
Epoch :  583  Epoch time :  1.0798721322789788  Train L2 Loss :  1.2053546102523804
Epoch :  584  Epoch time :  1.078845664858818  Train L2 Loss :  1.2053263940811156
Epoch :  585  Epoch time :  1.0815721340477467  Train L2 Loss :  1.2052692949295043
Epoch :  586  Epoch time :  1.0791573179885745  Train L2 Loss :  1.2052186115264893
Epoch :  587  Epoch time :  1.0786546096205711  Train L2 Loss :  1.2052309202194214
Epoch :  588  Epoch time :  1.0806688265874982  Train L2 Loss :  1.2051762027740478
Epoch :  589  Epoch time :  1.080691953189671  Train L2 Loss :  1.2051192171096803
Epoch :  590  Epoch time :  1.0793694192543626  Train L2 Loss :  1.2050486092567443
Epoch :  591  Epoch time :  1.0780587447807193  Train L2 Loss :  1.2050193040847779
Epoch :  592  Epoch time :  1.0791103020310402  Train L2 Loss :  1.2050500328063964
Epoch :  593  Epoch time :  1.0786468349397182  Train L2 Loss :  1.204996224975586
Epoch :  594  Epoch time :  1.077040965668857  Train L2 Loss :  1.204924725151062
Epoch :  595  Epoch time :  1.0778319090604782  Train L2 Loss :  1.204980394744873
Epoch :  596  Epoch time :  1.0792249431833625  Train L2 Loss :  1.2048776441574096
Epoch :  597  Epoch time :  1.0787254152819514  Train L2 Loss :  1.204871901321411
Epoch :  598  Epoch time :  1.0794318243861198  Train L2 Loss :  1.204829656982422
Epoch :  599  Epoch time :  1.0765268746763468  Train L2 Loss :  1.20473772315979
Epoch :  600  Epoch time :  1.0776075730100274  Train L2 Loss :  1.2043822454452515
Epoch :  601  Epoch time :  1.0793394343927503  Train L2 Loss :  1.2043950746536254
Epoch :  602  Epoch time :  1.0803713761270046  Train L2 Loss :  1.2043505365371705
Epoch :  603  Epoch time :  1.0779419792816043  Train L2 Loss :  1.2043628721237183
Epoch :  604  Epoch time :  1.0928409695625305  Train L2 Loss :  1.204396090888977
Epoch :  605  Epoch time :  1.0800585467368364  Train L2 Loss :  1.2043043689727784
Epoch :  606  Epoch time :  1.0806989939883351  Train L2 Loss :  1.2043284867286683
Epoch :  607  Epoch time :  1.08039156999439  Train L2 Loss :  1.204290686416626
Epoch :  608  Epoch time :  1.0805152393877506  Train L2 Loss :  1.204262095451355
Epoch :  609  Epoch time :  1.0791820753365755  Train L2 Loss :  1.204247449684143
Epoch :  610  Epoch time :  1.0783495539799333  Train L2 Loss :  1.2042288276672364
Epoch :  611  Epoch time :  1.0808865632861853  Train L2 Loss :  1.2041908182144165
Epoch :  612  Epoch time :  1.0787157323211432  Train L2 Loss :  1.2041836660385132
Epoch :  613  Epoch time :  1.0782650541514158  Train L2 Loss :  1.204211319541931
Epoch :  614  Epoch time :  1.0782156577333808  Train L2 Loss :  1.2041947641372681
Epoch :  615  Epoch time :  1.0801639510318637  Train L2 Loss :  1.2041120891571044
Epoch :  616  Epoch time :  1.078855825588107  Train L2 Loss :  1.2041096076965332
Epoch :  617  Epoch time :  1.0781150488182902  Train L2 Loss :  1.20407396068573
Epoch :  618  Epoch time :  1.0807102965191007  Train L2 Loss :  1.2040712837219238
Epoch :  619  Epoch time :  1.078487261198461  Train L2 Loss :  1.2041007244110107
Epoch :  620  Epoch time :  1.0783839533105493  Train L2 Loss :  1.2040775283813476
Epoch :  621  Epoch time :  1.0777037497609854  Train L2 Loss :  1.204046018409729
Epoch :  622  Epoch time :  1.079267231747508  Train L2 Loss :  1.2040088422775268
Epoch :  623  Epoch time :  1.0790554331615567  Train L2 Loss :  1.204021111869812
Epoch :  624  Epoch time :  1.078656978905201  Train L2 Loss :  1.203942371368408
Epoch :  625  Epoch time :  1.0790825951844454  Train L2 Loss :  1.2039782361984253
Epoch :  626  Epoch time :  1.0811774553731084  Train L2 Loss :  1.2039735862731933
Epoch :  627  Epoch time :  1.079300370067358  Train L2 Loss :  1.2039331150054933
Epoch :  628  Epoch time :  1.078486630693078  Train L2 Loss :  1.2039525634765624
Epoch :  629  Epoch time :  1.0787386298179626  Train L2 Loss :  1.2039239072799683
Epoch :  630  Epoch time :  1.0805864706635475  Train L2 Loss :  1.2038704193115235
Epoch :  631  Epoch time :  1.0777458921074867  Train L2 Loss :  1.203858282852173
Epoch :  632  Epoch time :  1.0772355943918228  Train L2 Loss :  1.2038541706085204
Epoch :  633  Epoch time :  1.08879111148417  Train L2 Loss :  1.2038042915344238
Epoch :  634  Epoch time :  1.0842143828049302  Train L2 Loss :  1.2038346506118773
Epoch :  635  Epoch time :  1.0789257194846869  Train L2 Loss :  1.2037836526870727
Epoch :  636  Epoch time :  1.0776766268536448  Train L2 Loss :  1.2038044799804688
Epoch :  637  Epoch time :  1.0794689999893308  Train L2 Loss :  1.203761321258545
Epoch :  638  Epoch time :  1.0790218710899353  Train L2 Loss :  1.2037154083251953
Epoch :  639  Epoch time :  1.0779801020398736  Train L2 Loss :  1.2036877834320068
Epoch :  640  Epoch time :  1.0775146475061774  Train L2 Loss :  1.2036947463989258
Epoch :  641  Epoch time :  1.07943853456527  Train L2 Loss :  1.2037034908294677
Epoch :  642  Epoch time :  1.0767515003681183  Train L2 Loss :  1.2036386426925658
Epoch :  643  Epoch time :  1.0779803795740008  Train L2 Loss :  1.2036908758163452
Epoch :  644  Epoch time :  1.0809047110378742  Train L2 Loss :  1.203658235168457
Epoch :  645  Epoch time :  1.0780917536467314  Train L2 Loss :  1.2036131353378297
Epoch :  646  Epoch time :  1.0772250359877944  Train L2 Loss :  1.2035977266311646
Epoch :  647  Epoch time :  1.077930194325745  Train L2 Loss :  1.2035865821838378
Epoch :  648  Epoch time :  1.0805358234792948  Train L2 Loss :  1.2035721815109253
Epoch :  649  Epoch time :  1.0785002512857318  Train L2 Loss :  1.2035415843963624
Epoch :  650  Epoch time :  1.0782333305105567  Train L2 Loss :  1.2035107027053833
Epoch :  651  Epoch time :  1.0784406960010529  Train L2 Loss :  1.2035317634582519
Epoch :  652  Epoch time :  1.0794059531763196  Train L2 Loss :  1.2035063564300537
Epoch :  653  Epoch time :  1.0809466075152159  Train L2 Loss :  1.2034766878128051
Epoch :  654  Epoch time :  1.0816575102508068  Train L2 Loss :  1.2034906448364258
Epoch :  655  Epoch time :  1.0792137570679188  Train L2 Loss :  1.2034922910690307
Epoch :  656  Epoch time :  1.0805001500993967  Train L2 Loss :  1.2034402936935424
Epoch :  657  Epoch time :  1.0789884543046355  Train L2 Loss :  1.203456369972229
Epoch :  658  Epoch time :  1.0801317756995559  Train L2 Loss :  1.2034163990020752
Epoch :  659  Epoch time :  1.083650211803615  Train L2 Loss :  1.2033618530273438
Epoch :  660  Epoch time :  1.0790460798889399  Train L2 Loss :  1.2034010890960694
Epoch :  661  Epoch time :  1.0810277787968516  Train L2 Loss :  1.2033637338638306
Epoch :  662  Epoch time :  1.0803576093167067  Train L2 Loss :  1.2033545051574708
Epoch :  663  Epoch time :  1.0964878238737583  Train L2 Loss :  1.2033496597290039
Epoch :  664  Epoch time :  1.0818582298234105  Train L2 Loss :  1.2033328002929689
Epoch :  665  Epoch time :  1.080873646773398  Train L2 Loss :  1.2033067811965943
Epoch :  666  Epoch time :  1.0812698882073164  Train L2 Loss :  1.2033131303787232
Epoch :  667  Epoch time :  1.0822740877047181  Train L2 Loss :  1.2032678424835206
Epoch :  668  Epoch time :  1.080323539674282  Train L2 Loss :  1.203246569442749
Epoch :  669  Epoch time :  1.0815949784591794  Train L2 Loss :  1.2032263120651245
Epoch :  670  Epoch time :  1.0826023174449801  Train L2 Loss :  1.2032411937713623
Epoch :  671  Epoch time :  1.07979625929147  Train L2 Loss :  1.2031714345932008
Epoch :  672  Epoch time :  1.0809850422665477  Train L2 Loss :  1.2031611806869507
Epoch :  673  Epoch time :  1.0804350888356566  Train L2 Loss :  1.2031740015029908
Epoch :  674  Epoch time :  1.0825755139812827  Train L2 Loss :  1.2031688312530517
Epoch :  675  Epoch time :  1.0800044452771544  Train L2 Loss :  1.203079545402527
Epoch :  676  Epoch time :  1.0808819215744734  Train L2 Loss :  1.2031058303833009
Epoch :  677  Epoch time :  1.0818279646337032  Train L2 Loss :  1.2031570566177368
Epoch :  678  Epoch time :  1.0803668620064855  Train L2 Loss :  1.2030879566192627
Epoch :  679  Epoch time :  1.0798134319484234  Train L2 Loss :  1.203080327796936
Epoch :  680  Epoch time :  1.0792375234887004  Train L2 Loss :  1.2030207506179809
Epoch :  681  Epoch time :  1.0813165735453367  Train L2 Loss :  1.2030463823318482
Epoch :  682  Epoch time :  1.078063110820949  Train L2 Loss :  1.2030146841049194
Epoch :  683  Epoch time :  1.0776746459305286  Train L2 Loss :  1.2030456953048707
Epoch :  684  Epoch time :  1.0783376386389136  Train L2 Loss :  1.2030101331710816
Epoch :  685  Epoch time :  1.0784823093563318  Train L2 Loss :  1.2029831119537353
Epoch :  686  Epoch time :  1.0764112090691924  Train L2 Loss :  1.2029760969161987
Epoch :  687  Epoch time :  1.0770012764260173  Train L2 Loss :  1.2029591424942017
Epoch :  688  Epoch time :  1.0796902906149626  Train L2 Loss :  1.2029203224182128
Epoch :  689  Epoch time :  1.0794062921777368  Train L2 Loss :  1.2028938787460328
Epoch :  690  Epoch time :  1.0797156365588307  Train L2 Loss :  1.2028646446228026
Epoch :  691  Epoch time :  1.0797461355105042  Train L2 Loss :  1.202859540939331
Epoch :  692  Epoch time :  1.09154714923352  Train L2 Loss :  1.202887200164795
Epoch :  693  Epoch time :  1.0844878321513534  Train L2 Loss :  1.2028261457443237
Epoch :  694  Epoch time :  1.0799691770225763  Train L2 Loss :  1.2028323331832886
Epoch :  695  Epoch time :  1.0817251447588205  Train L2 Loss :  1.2028191217422486
Epoch :  696  Epoch time :  1.0821014950051904  Train L2 Loss :  1.2027948167800904
Epoch :  697  Epoch time :  1.0802702689543366  Train L2 Loss :  1.2028052284240722
Epoch :  698  Epoch time :  1.0797575125470757  Train L2 Loss :  1.2027554529190063
Epoch :  699  Epoch time :  1.08153395075351  Train L2 Loss :  1.2027090702056884
Epoch :  700  Epoch time :  1.080057549290359  Train L2 Loss :  1.2025555955886842
Epoch :  701  Epoch time :  1.0796082755550742  Train L2 Loss :  1.2025332496643066
Epoch :  702  Epoch time :  1.077972797676921  Train L2 Loss :  1.202517407798767
Epoch :  703  Epoch time :  1.080488863401115  Train L2 Loss :  1.2025021223068237
Epoch :  704  Epoch time :  1.0792663050815463  Train L2 Loss :  1.2024832101821898
Epoch :  705  Epoch time :  1.078199865296483  Train L2 Loss :  1.202470775604248
Epoch :  706  Epoch time :  1.077703695744276  Train L2 Loss :  1.2024873208999634
Epoch :  707  Epoch time :  1.0803274866193533  Train L2 Loss :  1.202473278617859
Epoch :  708  Epoch time :  1.0791271617636085  Train L2 Loss :  1.2024812465667725
Epoch :  709  Epoch time :  1.0787352845072746  Train L2 Loss :  1.2024439922332764
Epoch :  710  Epoch time :  1.0797757050022483  Train L2 Loss :  1.2024663646697997
Epoch :  711  Epoch time :  1.078911249525845  Train L2 Loss :  1.2024482219696044
Epoch :  712  Epoch time :  1.079180145636201  Train L2 Loss :  1.202444136428833
Epoch :  713  Epoch time :  1.0800171354785562  Train L2 Loss :  1.202403190612793
Epoch :  714  Epoch time :  1.0797562319785357  Train L2 Loss :  1.2024425045013427
Epoch :  715  Epoch time :  1.0784703036770225  Train L2 Loss :  1.2024089462280274
Epoch :  716  Epoch time :  1.0792553815990686  Train L2 Loss :  1.202419514656067
Epoch :  717  Epoch time :  1.0771771157160401  Train L2 Loss :  1.20240374917984
Epoch :  718  Epoch time :  1.0806641122326255  Train L2 Loss :  1.2024064615249634
Epoch :  719  Epoch time :  1.0806431779637933  Train L2 Loss :  1.2023856300354003
Epoch :  720  Epoch time :  1.0785611756145954  Train L2 Loss :  1.2023724313735962
Epoch :  721  Epoch time :  1.0784308593720198  Train L2 Loss :  1.2023733730316162
Epoch :  722  Epoch time :  1.0944922473281622  Train L2 Loss :  1.2023704036712646
Epoch :  723  Epoch time :  1.0813811542466283  Train L2 Loss :  1.2023582132339476
Epoch :  724  Epoch time :  1.0797333465889096  Train L2 Loss :  1.2023157442092895
Epoch :  725  Epoch time :  1.0811852356418967  Train L2 Loss :  1.2023256452560425
Epoch :  726  Epoch time :  1.08126066531986  Train L2 Loss :  1.202315400505066
Epoch :  727  Epoch time :  1.0801318362355232  Train L2 Loss :  1.2023248237609863
Epoch :  728  Epoch time :  1.0810909513384104  Train L2 Loss :  1.2022960067749024
Epoch :  729  Epoch time :  1.082855955697596  Train L2 Loss :  1.2023019227981568
Epoch :  730  Epoch time :  1.080279036425054  Train L2 Loss :  1.2022869598388672
Epoch :  731  Epoch time :  1.0799326747655869  Train L2 Loss :  1.2022729507446288
Epoch :  732  Epoch time :  1.0815570056438446  Train L2 Loss :  1.2023029893875121
Epoch :  733  Epoch time :  1.080259612761438  Train L2 Loss :  1.2022611488342285
Epoch :  734  Epoch time :  1.0805556690320373  Train L2 Loss :  1.202264768600464
Epoch :  735  Epoch time :  1.0798690542578697  Train L2 Loss :  1.2022305908203126
Epoch :  736  Epoch time :  1.0813211407512426  Train L2 Loss :  1.2022392314910888
Epoch :  737  Epoch time :  1.08039918448776  Train L2 Loss :  1.2022231531143188
Epoch :  738  Epoch time :  1.0780010763555765  Train L2 Loss :  1.2022104080200195
Epoch :  739  Epoch time :  1.0785278584808111  Train L2 Loss :  1.2022008089065552
Epoch :  740  Epoch time :  1.0818365598097444  Train L2 Loss :  1.202216478919983
Epoch :  741  Epoch time :  1.07970738876611  Train L2 Loss :  1.202196024608612
Epoch :  742  Epoch time :  1.0800265027210116  Train L2 Loss :  1.202182699584961
Epoch :  743  Epoch time :  1.0797193758189678  Train L2 Loss :  1.2021693977355956
Epoch :  744  Epoch time :  1.0831566601991653  Train L2 Loss :  1.2021775360107423
Epoch :  745  Epoch time :  1.0796810686588287  Train L2 Loss :  1.2021675359725952
Epoch :  746  Epoch time :  1.08034863229841  Train L2 Loss :  1.2021746648788452
Epoch :  747  Epoch time :  1.0824507717043161  Train L2 Loss :  1.202144750213623
Epoch :  748  Epoch time :  1.0793104628100991  Train L2 Loss :  1.2021493680953979
Epoch :  749  Epoch time :  1.0798564003780484  Train L2 Loss :  1.2021238506317138
Epoch :  750  Epoch time :  1.0807297173887491  Train L2 Loss :  1.2021520835876465
Epoch :  751  Epoch time :  1.0937365805730224  Train L2 Loss :  1.2021043384552001
Epoch :  752  Epoch time :  1.083658080548048  Train L2 Loss :  1.2021145580291748
Epoch :  753  Epoch time :  1.0815220410004258  Train L2 Loss :  1.2020981214523316
Epoch :  754  Epoch time :  1.081433266401291  Train L2 Loss :  1.2020822582244872
Epoch :  755  Epoch time :  1.0838246094062924  Train L2 Loss :  1.2020735860824585
Epoch :  756  Epoch time :  1.0819686856120825  Train L2 Loss :  1.2020873764038087
Epoch :  757  Epoch time :  1.0807753941044211  Train L2 Loss :  1.2020602167129517
Epoch :  758  Epoch time :  1.0832756301388144  Train L2 Loss :  1.2020764253616334
Epoch :  759  Epoch time :  1.081093480810523  Train L2 Loss :  1.2020508827209473
Epoch :  760  Epoch time :  1.0802299622446299  Train L2 Loss :  1.2020343185424804
Epoch :  761  Epoch time :  1.0820465125143528  Train L2 Loss :  1.2020401927948
Epoch :  762  Epoch time :  1.0812095319852233  Train L2 Loss :  1.2020220659255982
Epoch :  763  Epoch time :  1.0801894394680858  Train L2 Loss :  1.202032643699646
Epoch :  764  Epoch time :  1.0794986374676228  Train L2 Loss :  1.2020233947753907
Epoch :  765  Epoch time :  1.0782853998243809  Train L2 Loss :  1.2020183326721192
Epoch :  766  Epoch time :  1.079590360634029  Train L2 Loss :  1.2020086414337159
Epoch :  767  Epoch time :  1.0765571622177958  Train L2 Loss :  1.2019946100234986
Epoch :  768  Epoch time :  1.079810032621026  Train L2 Loss :  1.2019805484771728
Epoch :  769  Epoch time :  1.0807430688291788  Train L2 Loss :  1.20197110080719
Epoch :  770  Epoch time :  1.080779641866684  Train L2 Loss :  1.201970454978943
Epoch :  771  Epoch time :  1.0798513293266296  Train L2 Loss :  1.2019697313308715
Epoch :  772  Epoch time :  1.0804823515936732  Train L2 Loss :  1.201955210494995
Epoch :  773  Epoch time :  1.081590212881565  Train L2 Loss :  1.2019189853668213
Epoch :  774  Epoch time :  1.0800598869100213  Train L2 Loss :  1.2019630657196045
Epoch :  775  Epoch time :  1.0807573925703764  Train L2 Loss :  1.2019224466323852
Epoch :  776  Epoch time :  1.0801315642893314  Train L2 Loss :  1.2019080476760864
Epoch :  777  Epoch time :  1.0809271968901157  Train L2 Loss :  1.2019015769958497
Epoch :  778  Epoch time :  1.0805239211767912  Train L2 Loss :  1.201893585205078
Epoch :  779  Epoch time :  1.0790064074099064  Train L2 Loss :  1.2018783260345458
Epoch :  780  Epoch time :  1.0878205532208085  Train L2 Loss :  1.2018682046890259
Epoch :  781  Epoch time :  1.0865609552711248  Train L2 Loss :  1.2018702871322633
Epoch :  782  Epoch time :  1.08032813295722  Train L2 Loss :  1.2018551248550415
Epoch :  783  Epoch time :  1.0804349118843675  Train L2 Loss :  1.2018666822433473
Epoch :  784  Epoch time :  1.083137046545744  Train L2 Loss :  1.2018584590911865
Epoch :  785  Epoch time :  1.0811510169878602  Train L2 Loss :  1.2018354078292848
Epoch :  786  Epoch time :  1.0796843487769365  Train L2 Loss :  1.2018250827789307
Epoch :  787  Epoch time :  1.0793510423973203  Train L2 Loss :  1.2018388091087342
Epoch :  788  Epoch time :  1.0815296908840537  Train L2 Loss :  1.2018140996932984
Epoch :  789  Epoch time :  1.0805314630270004  Train L2 Loss :  1.201809330558777
Epoch :  790  Epoch time :  1.0788568099960685  Train L2 Loss :  1.2018024480819702
Epoch :  791  Epoch time :  1.080725465901196  Train L2 Loss :  1.2018072259902954
Epoch :  792  Epoch time :  1.0793142318725586  Train L2 Loss :  1.201784393310547
Epoch :  793  Epoch time :  1.0802033003419638  Train L2 Loss :  1.201793037223816
Epoch :  794  Epoch time :  1.0784088363870978  Train L2 Loss :  1.2017702053070067
Epoch :  795  Epoch time :  1.0761941149830818  Train L2 Loss :  1.2017459482192994
Epoch :  796  Epoch time :  1.0783643973991275  Train L2 Loss :  1.2017528861999511
Epoch :  797  Epoch time :  1.0787622956559062  Train L2 Loss :  1.2017406700134277
Epoch :  798  Epoch time :  1.0800611395388842  Train L2 Loss :  1.2017184076309204
Epoch :  799  Epoch time :  1.0811290461570024  Train L2 Loss :  1.20171563911438
Epoch :  800  Epoch time :  1.0787196904420853  Train L2 Loss :  1.201613881111145
Epoch :  801  Epoch time :  1.0821811882779002  Train L2 Loss :  1.20160530834198
Epoch :  802  Epoch time :  1.082153077237308  Train L2 Loss :  1.2016087421417236
Epoch :  803  Epoch time :  1.081887192092836  Train L2 Loss :  1.2015959285736084
Epoch :  804  Epoch time :  1.0819483241066337  Train L2 Loss :  1.2015965316772461
Epoch :  805  Epoch time :  1.080657472833991  Train L2 Loss :  1.2015954444885253
Epoch :  806  Epoch time :  1.0818439526483417  Train L2 Loss :  1.2015817222595215
Epoch :  807  Epoch time :  1.0820124382153153  Train L2 Loss :  1.2015826011657715
Epoch :  808  Epoch time :  1.081043604761362  Train L2 Loss :  1.201577575302124
Epoch :  809  Epoch time :  1.0817916113883257  Train L2 Loss :  1.2015772068023682
Epoch :  810  Epoch time :  1.0973318852484226  Train L2 Loss :  1.2015682893753052
Epoch :  811  Epoch time :  1.0826141322031617  Train L2 Loss :  1.2015639350891114
Epoch :  812  Epoch time :  1.0823543844744563  Train L2 Loss :  1.2015666608810425
Epoch :  813  Epoch time :  1.083622520789504  Train L2 Loss :  1.2015604608535766
Epoch :  814  Epoch time :  1.0844270382076502  Train L2 Loss :  1.2015500291824341
Epoch :  815  Epoch time :  1.0811988348141313  Train L2 Loss :  1.2015410419464112
Epoch :  816  Epoch time :  1.0816613687202334  Train L2 Loss :  1.201535379219055
Epoch :  817  Epoch time :  1.0832897443324327  Train L2 Loss :  1.2015428691864014
Epoch :  818  Epoch time :  1.0816711131483316  Train L2 Loss :  1.2015386999130249
Epoch :  819  Epoch time :  1.0815093014389277  Train L2 Loss :  1.201535878753662
Epoch :  820  Epoch time :  1.0816113725304604  Train L2 Loss :  1.2015259559631348
Epoch :  821  Epoch time :  1.0801808927208185  Train L2 Loss :  1.2015254718780517
Epoch :  822  Epoch time :  1.0789503129199147  Train L2 Loss :  1.201525
Epoch :  823  Epoch time :  1.0778562743216753  Train L2 Loss :  1.201517423248291
Epoch :  824  Epoch time :  1.079171098768711  Train L2 Loss :  1.2015132369995116
Epoch :  825  Epoch time :  1.0776161458343267  Train L2 Loss :  1.2015022480010986
Epoch :  826  Epoch time :  1.0792415579780936  Train L2 Loss :  1.2015173635482788
Epoch :  827  Epoch time :  1.078639161773026  Train L2 Loss :  1.2015043827056884
Epoch :  828  Epoch time :  1.0820381361991167  Train L2 Loss :  1.2014956117630005
Epoch :  829  Epoch time :  1.0813905159011483  Train L2 Loss :  1.201483890914917
Epoch :  830  Epoch time :  1.081236245110631  Train L2 Loss :  1.20148826751709
Epoch :  831  Epoch time :  1.0833938298746943  Train L2 Loss :  1.2014857204437255
Epoch :  832  Epoch time :  1.082164497114718  Train L2 Loss :  1.201479614830017
Epoch :  833  Epoch time :  1.0813767071813345  Train L2 Loss :  1.2014692276000976
Epoch :  834  Epoch time :  1.081709748134017  Train L2 Loss :  1.201471234703064
Epoch :  835  Epoch time :  1.08260681014508  Train L2 Loss :  1.2014677118301391
Epoch :  836  Epoch time :  1.0807248838245869  Train L2 Loss :  1.2014713821411134
Epoch :  837  Epoch time :  1.0915688229724765  Train L2 Loss :  1.2014492401123047
Epoch :  838  Epoch time :  1.0931248981505632  Train L2 Loss :  1.201453010749817
Epoch :  839  Epoch time :  1.0859870137646794  Train L2 Loss :  1.2014419450759888
Epoch :  840  Epoch time :  1.0825422881171107  Train L2 Loss :  1.2014473569869994
Epoch :  841  Epoch time :  1.0829070881009102  Train L2 Loss :  1.2014443027496338
Epoch :  842  Epoch time :  1.0858651772141457  Train L2 Loss :  1.2014386693954469
Epoch :  843  Epoch time :  1.0803260132670403  Train L2 Loss :  1.2014277688980102
Epoch :  844  Epoch time :  1.0805810866877437  Train L2 Loss :  1.2014284980773926
Epoch :  845  Epoch time :  1.0828397879377007  Train L2 Loss :  1.2014260162353516
Epoch :  846  Epoch time :  1.0800763377919793  Train L2 Loss :  1.2014227087020874
Epoch :  847  Epoch time :  1.0806488180533051  Train L2 Loss :  1.2014183277130126
Epoch :  848  Epoch time :  1.0829130234196782  Train L2 Loss :  1.201407985687256
Epoch :  849  Epoch time :  1.0802727723494172  Train L2 Loss :  1.201411173057556
Epoch :  850  Epoch time :  1.0799876619130373  Train L2 Loss :  1.2014053045272828
Epoch :  851  Epoch time :  1.079816723242402  Train L2 Loss :  1.2014018379211426
Epoch :  852  Epoch time :  1.080814391374588  Train L2 Loss :  1.2013926204681395
Epoch :  853  Epoch time :  1.0785873858258128  Train L2 Loss :  1.2013923416137695
Epoch :  854  Epoch time :  1.0800413079559803  Train L2 Loss :  1.2013879571914672
Epoch :  855  Epoch time :  1.0826675668358803  Train L2 Loss :  1.201388507270813
Epoch :  856  Epoch time :  1.079875124618411  Train L2 Loss :  1.2013761917114258
Epoch :  857  Epoch time :  1.0798266930505633  Train L2 Loss :  1.2013756164550782
Epoch :  858  Epoch time :  1.079177688807249  Train L2 Loss :  1.2013718877792359
Epoch :  859  Epoch time :  1.0793158449232578  Train L2 Loss :  1.2013697174072266
Epoch :  860  Epoch time :  1.0788673115894198  Train L2 Loss :  1.2013610460281372
Epoch :  861  Epoch time :  1.0796844186261296  Train L2 Loss :  1.20136035861969
Epoch :  862  Epoch time :  1.0810661241412163  Train L2 Loss :  1.2013609691619873
Epoch :  863  Epoch time :  1.0802244823426008  Train L2 Loss :  1.2013439672470092
Epoch :  864  Epoch time :  1.079709054902196  Train L2 Loss :  1.201334235572815
Epoch :  865  Epoch time :  1.0801584646105766  Train L2 Loss :  1.2013454540252686
Epoch :  866  Epoch time :  1.0922998897731304  Train L2 Loss :  1.2013367664337158
Epoch :  867  Epoch time :  1.0842010844498873  Train L2 Loss :  1.2013452548980712
Epoch :  868  Epoch time :  1.0814209310337901  Train L2 Loss :  1.2013276556015016
Epoch :  869  Epoch time :  1.0820168880745769  Train L2 Loss :  1.2013339305877686
Epoch :  870  Epoch time :  1.0837224200367928  Train L2 Loss :  1.2013263511657715
Epoch :  871  Epoch time :  1.0816209083423018  Train L2 Loss :  1.2013218845367433
Epoch :  872  Epoch time :  1.0812473250553012  Train L2 Loss :  1.2013301553726197
Epoch :  873  Epoch time :  1.0828488441184163  Train L2 Loss :  1.2013159427642823
Epoch :  874  Epoch time :  1.0803082277998328  Train L2 Loss :  1.2013111001968384
Epoch :  875  Epoch time :  1.0821170937269926  Train L2 Loss :  1.2013045364379882
Epoch :  876  Epoch time :  1.083160507492721  Train L2 Loss :  1.2013057092666626
Epoch :  877  Epoch time :  1.0820170445367694  Train L2 Loss :  1.201300412940979
Epoch :  878  Epoch time :  1.0816270830109715  Train L2 Loss :  1.2012823434829711
Epoch :  879  Epoch time :  1.081098586320877  Train L2 Loss :  1.2012792501449585
Epoch :  880  Epoch time :  1.0833623502403498  Train L2 Loss :  1.2012857837677002
Epoch :  881  Epoch time :  1.0808270769193769  Train L2 Loss :  1.2012779800415039
Epoch :  882  Epoch time :  1.0814286032691598  Train L2 Loss :  1.201264096069336
Epoch :  883  Epoch time :  1.0837379423901439  Train L2 Loss :  1.2012685068130493
Epoch :  884  Epoch time :  1.0813568131998181  Train L2 Loss :  1.201272120475769
Epoch :  885  Epoch time :  1.0816312544047832  Train L2 Loss :  1.2012572271347046
Epoch :  886  Epoch time :  1.0812633987516165  Train L2 Loss :  1.2012591760635376
Epoch :  887  Epoch time :  1.083311370573938  Train L2 Loss :  1.2012517511367797
Epoch :  888  Epoch time :  1.0810956452041864  Train L2 Loss :  1.201258519744873
Epoch :  889  Epoch time :  1.0818174267187715  Train L2 Loss :  1.2012482069015502
Epoch :  890  Epoch time :  1.082680869847536  Train L2 Loss :  1.2012341781616211
Epoch :  891  Epoch time :  1.0817759232595563  Train L2 Loss :  1.2012345170974732
Epoch :  892  Epoch time :  1.0821241904050112  Train L2 Loss :  1.201226005744934
Epoch :  893  Epoch time :  1.081864595413208  Train L2 Loss :  1.2012443452835082
Epoch :  894  Epoch time :  1.095100530423224  Train L2 Loss :  1.2012292350769043
Epoch :  895  Epoch time :  1.0847399197518826  Train L2 Loss :  1.2012237571716309
Epoch :  896  Epoch time :  1.0829809214919806  Train L2 Loss :  1.2012114074707032
Epoch :  897  Epoch time :  1.0849737906828523  Train L2 Loss :  1.2012055046081542
Epoch :  898  Epoch time :  1.0846974300220609  Train L2 Loss :  1.2012082775115966
Epoch :  899  Epoch time :  1.0826036995276809  Train L2 Loss :  1.2012094722747804
Epoch :  900  Epoch time :  1.0822861678898335  Train L2 Loss :  1.2011440580368042
Epoch :  901  Epoch time :  1.0841919835656881  Train L2 Loss :  1.201140104675293
Epoch :  902  Epoch time :  1.0817118175327778  Train L2 Loss :  1.2011397186279298
Epoch :  903  Epoch time :  1.082030788064003  Train L2 Loss :  1.20114185962677
Epoch :  904  Epoch time :  1.0831574723124504  Train L2 Loss :  1.2011351036071778
Epoch :  905  Epoch time :  1.0820034081116319  Train L2 Loss :  1.2011277254104615
Epoch :  906  Epoch time :  1.082133850082755  Train L2 Loss :  1.2011321760177611
Epoch :  907  Epoch time :  1.0814396040514112  Train L2 Loss :  1.2011260869979858
Epoch :  908  Epoch time :  1.0831270441412926  Train L2 Loss :  1.2011254747390747
Epoch :  909  Epoch time :  1.0815724674612284  Train L2 Loss :  1.2011258592605591
Epoch :  910  Epoch time :  1.0825858553871512  Train L2 Loss :  1.2011215827941895
Epoch :  911  Epoch time :  1.083567552268505  Train L2 Loss :  1.2011202926635742
Epoch :  912  Epoch time :  1.0827332232147455  Train L2 Loss :  1.2011156785964965
Epoch :  913  Epoch time :  1.0819040900096297  Train L2 Loss :  1.2011157897949218
Epoch :  914  Epoch time :  1.0825248956680298  Train L2 Loss :  1.2011113395690918
Epoch :  915  Epoch time :  1.0839788867160678  Train L2 Loss :  1.2011185054779052
Epoch :  916  Epoch time :  1.083132665604353  Train L2 Loss :  1.201112286567688
Epoch :  917  Epoch time :  1.0823766523972154  Train L2 Loss :  1.2011084833145143
Epoch :  918  Epoch time :  1.082226874306798  Train L2 Loss :  1.2011094940185547
Epoch :  919  Epoch time :  1.082268662750721  Train L2 Loss :  1.2011066844940186
Epoch :  920  Epoch time :  1.081948691047728  Train L2 Loss :  1.2011025270462037
Epoch :  921  Epoch time :  1.0811525350436568  Train L2 Loss :  1.2010964923858642
Epoch :  922  Epoch time :  1.0966123519465327  Train L2 Loss :  1.201097917175293
Epoch :  923  Epoch time :  1.084120306186378  Train L2 Loss :  1.2011010719299315
Epoch :  924  Epoch time :  1.0836073774844408  Train L2 Loss :  1.2010953929901123
Epoch :  925  Epoch time :  1.084503611549735  Train L2 Loss :  1.2010804819107055
Epoch :  926  Epoch time :  1.0851781237870455  Train L2 Loss :  1.2010899662017822
Epoch :  927  Epoch time :  1.0830667540431023  Train L2 Loss :  1.201090811920166
Epoch :  928  Epoch time :  1.082396149635315  Train L2 Loss :  1.2010884888648987
Epoch :  929  Epoch time :  1.0846478594467044  Train L2 Loss :  1.2010869861602784
Epoch :  930  Epoch time :  1.0811995444819331  Train L2 Loss :  1.2010820753097535
Epoch :  931  Epoch time :  1.0816205982118845  Train L2 Loss :  1.201077925300598
Epoch :  932  Epoch time :  1.0807616133242846  Train L2 Loss :  1.2010789321899413
Epoch :  933  Epoch time :  1.0813131146132946  Train L2 Loss :  1.2010717317581177
Epoch :  934  Epoch time :  1.0817624619230628  Train L2 Loss :  1.2010763067245482
Epoch :  935  Epoch time :  1.0818776786327362  Train L2 Loss :  1.2010701822280885
Epoch :  936  Epoch time :  1.0815222961828113  Train L2 Loss :  1.201073286819458
Epoch :  937  Epoch time :  1.0812443075701594  Train L2 Loss :  1.2010706302642822
Epoch :  938  Epoch time :  1.0818876698613167  Train L2 Loss :  1.2010597953796387
Epoch :  939  Epoch time :  1.0819271486252546  Train L2 Loss :  1.201062212562561
Epoch :  940  Epoch time :  1.0812212824821472  Train L2 Loss :  1.2010628311157228
Epoch :  941  Epoch time :  1.0806342791765928  Train L2 Loss :  1.2010615552902222
Epoch :  942  Epoch time :  1.0810627806931734  Train L2 Loss :  1.2010587894439697
Epoch :  943  Epoch time :  1.0826560286805034  Train L2 Loss :  1.2010576246261597
Epoch :  944  Epoch time :  1.081609107553959  Train L2 Loss :  1.2010551219940186
Epoch :  945  Epoch time :  1.0808711079880595  Train L2 Loss :  1.2010467505455018
Epoch :  946  Epoch time :  1.0825848942622542  Train L2 Loss :  1.2010426637649536
Epoch :  947  Epoch time :  1.0820781840011477  Train L2 Loss :  1.2010516109466554
Epoch :  948  Epoch time :  1.0815554670989513  Train L2 Loss :  1.2010478796005248
Epoch :  949  Epoch time :  1.0820929035544395  Train L2 Loss :  1.2010394456863402
Epoch :  950  Epoch time :  1.0969151612371206  Train L2 Loss :  1.2010368144989014
Epoch :  951  Epoch time :  1.082767901942134  Train L2 Loss :  1.2010379068374635
Epoch :  952  Epoch time :  1.0825012316927314  Train L2 Loss :  1.2010371202468872
Epoch :  953  Epoch time :  1.0840953709557652  Train L2 Loss :  1.201034450149536
Epoch :  954  Epoch time :  1.083859778009355  Train L2 Loss :  1.2010336130142212
Epoch :  955  Epoch time :  1.0830070478841662  Train L2 Loss :  1.2010304946899415
Epoch :  956  Epoch time :  1.0823219614103436  Train L2 Loss :  1.20103065700531
Epoch :  957  Epoch time :  1.0861602816730738  Train L2 Loss :  1.2010225500106813
Epoch :  958  Epoch time :  1.0830704839900136  Train L2 Loss :  1.2010229539871216
Epoch :  959  Epoch time :  1.0822108127176762  Train L2 Loss :  1.2010274444580078
Epoch :  960  Epoch time :  1.0804691864177585  Train L2 Loss :  1.2010195705413818
Epoch :  961  Epoch time :  1.0793562531471252  Train L2 Loss :  1.2010212890625
Epoch :  962  Epoch time :  1.0796412713825703  Train L2 Loss :  1.2010152883529663
Epoch :  963  Epoch time :  1.079694359563291  Train L2 Loss :  1.201015767097473
Epoch :  964  Epoch time :  1.0814458914101124  Train L2 Loss :  1.2010097570419311
Epoch :  965  Epoch time :  1.0797801464796066  Train L2 Loss :  1.2010120914459228
Epoch :  966  Epoch time :  1.0807257071137428  Train L2 Loss :  1.2010052209854125
Epoch :  967  Epoch time :  1.0816894015297294  Train L2 Loss :  1.2010074785232543
Epoch :  968  Epoch time :  1.0802044570446014  Train L2 Loss :  1.201005619239807
Epoch :  969  Epoch time :  1.0816674698144197  Train L2 Loss :  1.2010032888412476
Epoch :  970  Epoch time :  1.0820852341130376  Train L2 Loss :  1.2009985246658326
Epoch :  971  Epoch time :  1.0834724437445402  Train L2 Loss :  1.2010034818649291
Epoch :  972  Epoch time :  1.0819418784230947  Train L2 Loss :  1.2009985271453858
Epoch :  973  Epoch time :  1.0821499340236187  Train L2 Loss :  1.2009982669830321
Epoch :  974  Epoch time :  1.0838640360161662  Train L2 Loss :  1.2009905717849731
Epoch :  975  Epoch time :  1.0828398540616035  Train L2 Loss :  1.2009869398117066
Epoch :  976  Epoch time :  1.0816100174561143  Train L2 Loss :  1.2009895082473754
Epoch :  977  Epoch time :  1.0819098055362701  Train L2 Loss :  1.2009835685729982
Epoch :  978  Epoch time :  1.0967072723433375  Train L2 Loss :  1.2009857536315918
Epoch :  979  Epoch time :  1.0821485137566924  Train L2 Loss :  1.200988019180298
Epoch :  980  Epoch time :  1.0821863617748022  Train L2 Loss :  1.2009832572937011
Epoch :  981  Epoch time :  1.0856151077896357  Train L2 Loss :  1.2009740327835083
Epoch :  982  Epoch time :  1.083397845737636  Train L2 Loss :  1.2009779846191406
Epoch :  983  Epoch time :  1.0816463250666857  Train L2 Loss :  1.2009709604263306
Epoch :  984  Epoch time :  1.0806636633351445  Train L2 Loss :  1.2009751146316527
Epoch :  985  Epoch time :  1.0848945854231715  Train L2 Loss :  1.2009668077468871
Epoch :  986  Epoch time :  1.083506845869124  Train L2 Loss :  1.2009719116210937
Epoch :  987  Epoch time :  1.0810223938897252  Train L2 Loss :  1.200967206287384
Epoch :  988  Epoch time :  1.0811383090913296  Train L2 Loss :  1.2009626768112183
Epoch :  989  Epoch time :  1.0802172413095832  Train L2 Loss :  1.200968104171753
Epoch :  990  Epoch time :  1.0804625432938337  Train L2 Loss :  1.200956717300415
Epoch :  991  Epoch time :  1.0814272705465555  Train L2 Loss :  1.2009614292144775
Epoch :  992  Epoch time :  1.0833247806876898  Train L2 Loss :  1.2009597047805787
Epoch :  993  Epoch time :  1.0810003662481904  Train L2 Loss :  1.2009524900436401
Epoch :  994  Epoch time :  1.083048484288156  Train L2 Loss :  1.2009507711410523
Epoch :  995  Epoch time :  1.0831566704437137  Train L2 Loss :  1.2009558403015137
Epoch :  996  Epoch time :  1.081333465874195  Train L2 Loss :  1.2009481815338134
Epoch :  997  Epoch time :  1.0822857338935137  Train L2 Loss :  1.200945649242401
Epoch :  998  Epoch time :  1.0823152987286448  Train L2 Loss :  1.200948204421997
Epoch :  999  Epoch time :  1.0825485428795218  Train L2 Loss :  1.2009427225112914
Total time is : 1077.0182538423687 Total epoch is  1000
