Energy is  1.7763568394002505e-15
Input dim :  128  output dim :  4096
1380865
Epoch :  0  Epoch time :  0.4006573064252734  Train L2 Loss :  11.158517595672608
Epoch :  1  Epoch time :  0.19937750045210123  Train L2 Loss :  6.426824998474121
Epoch :  2  Epoch time :  0.19719007704406977  Train L2 Loss :  6.00904035949707
Epoch :  3  Epoch time :  0.19804452918469906  Train L2 Loss :  5.560334020996094
Epoch :  4  Epoch time :  0.19650127924978733  Train L2 Loss :  5.289448410797119
Epoch :  5  Epoch time :  0.19792232755571604  Train L2 Loss :  4.676619737243652
Epoch :  6  Epoch time :  0.20006228610873222  Train L2 Loss :  3.803624131774902
Epoch :  7  Epoch time :  0.1976238414645195  Train L2 Loss :  3.336581253051758
Epoch :  8  Epoch time :  0.19827147666364908  Train L2 Loss :  3.179058774185181
Epoch :  9  Epoch time :  0.19784861337393522  Train L2 Loss :  2.8954972160339354
Epoch :  10  Epoch time :  0.19824340473860502  Train L2 Loss :  2.5618424564361573
Epoch :  11  Epoch time :  0.19741559214890003  Train L2 Loss :  2.321717435836792
Epoch :  12  Epoch time :  0.20130214747041464  Train L2 Loss :  2.15549887676239
Epoch :  13  Epoch time :  0.19798525609076023  Train L2 Loss :  1.8894934185028076
Epoch :  14  Epoch time :  0.19776471611112356  Train L2 Loss :  1.7783307167053222
Epoch :  15  Epoch time :  0.19856152217835188  Train L2 Loss :  1.5778574983596803
Epoch :  16  Epoch time :  0.19746139645576477  Train L2 Loss :  1.4859188720703125
Epoch :  17  Epoch time :  0.198748541995883  Train L2 Loss :  1.4345317878723145
Epoch :  18  Epoch time :  0.19854358583688736  Train L2 Loss :  1.3421866748809814
Epoch :  19  Epoch time :  0.20011014118790627  Train L2 Loss :  1.3381831317901611
Epoch :  20  Epoch time :  0.19793882872909307  Train L2 Loss :  1.2687767985343934
Epoch :  21  Epoch time :  0.19777418859302998  Train L2 Loss :  1.3404410242080689
Epoch :  22  Epoch time :  0.1983221396803856  Train L2 Loss :  1.2045302684783936
Epoch :  23  Epoch time :  0.1974186385050416  Train L2 Loss :  1.1883831895828247
Epoch :  24  Epoch time :  0.1985525395721197  Train L2 Loss :  1.0319391018867492
Epoch :  25  Epoch time :  0.20193230547010899  Train L2 Loss :  1.0229571487426758
Epoch :  26  Epoch time :  0.19826592691242695  Train L2 Loss :  0.9906759574890137
Epoch :  27  Epoch time :  0.19897994678467512  Train L2 Loss :  0.8776184288024902
Epoch :  28  Epoch time :  0.19810564070940018  Train L2 Loss :  0.8556317878723144
Epoch :  29  Epoch time :  0.1983782034367323  Train L2 Loss :  0.8002393966674805
Epoch :  30  Epoch time :  0.1982828825712204  Train L2 Loss :  0.7775348183631897
Epoch :  31  Epoch time :  0.19818667974323034  Train L2 Loss :  0.8042624420166016
Epoch :  32  Epoch time :  0.2059190534055233  Train L2 Loss :  0.7280327209472657
Epoch :  33  Epoch time :  0.1984693631529808  Train L2 Loss :  0.6607657760620117
Epoch :  34  Epoch time :  0.19912151247262955  Train L2 Loss :  0.6517910263061524
Epoch :  35  Epoch time :  0.19918630365282297  Train L2 Loss :  0.6429327905654907
Epoch :  36  Epoch time :  0.1990057434886694  Train L2 Loss :  0.5995409364700317
Epoch :  37  Epoch time :  0.19911815505474806  Train L2 Loss :  0.5696847410202026
Epoch :  38  Epoch time :  0.19981054682284594  Train L2 Loss :  0.5258474710464478
Epoch :  39  Epoch time :  0.19792851712554693  Train L2 Loss :  0.5333812049865723
Epoch :  40  Epoch time :  0.1976832803338766  Train L2 Loss :  0.5292636848449707
Epoch :  41  Epoch time :  0.19852597452700138  Train L2 Loss :  0.5459256299972535
Epoch :  42  Epoch time :  0.1993566444143653  Train L2 Loss :  0.545954871559143
Epoch :  43  Epoch time :  0.19846536498516798  Train L2 Loss :  0.48687739839553834
Epoch :  44  Epoch time :  0.19959045760333538  Train L2 Loss :  0.486242720413208
Epoch :  45  Epoch time :  0.1987116513773799  Train L2 Loss :  0.5831728426933288
Epoch :  46  Epoch time :  0.202337515540421  Train L2 Loss :  0.5295750834465027
Epoch :  47  Epoch time :  0.1991478642448783  Train L2 Loss :  0.5067317513942718
Epoch :  48  Epoch time :  0.19772792235016823  Train L2 Loss :  0.4484236474990845
Epoch :  49  Epoch time :  0.20209045428782701  Train L2 Loss :  0.4611630979537964
Epoch :  50  Epoch time :  0.1988257048651576  Train L2 Loss :  0.4941687783241272
Epoch :  51  Epoch time :  0.19893410801887512  Train L2 Loss :  0.4553550273895264
Epoch :  52  Epoch time :  0.1986384131014347  Train L2 Loss :  0.41231290979385377
Epoch :  53  Epoch time :  0.1980639137327671  Train L2 Loss :  0.38327734684944154
Epoch :  54  Epoch time :  0.19844224210828543  Train L2 Loss :  0.3781808487892151
Epoch :  55  Epoch time :  0.19844404701143503  Train L2 Loss :  0.3618501661777496
Epoch :  56  Epoch time :  0.19875455275177956  Train L2 Loss :  0.3683987369537354
Epoch :  57  Epoch time :  0.1985314367339015  Train L2 Loss :  0.4286182889938355
Epoch :  58  Epoch time :  0.1995471939444542  Train L2 Loss :  0.42598611092567445
Epoch :  59  Epoch time :  0.20151058211922646  Train L2 Loss :  0.45093901991844176
Epoch :  60  Epoch time :  0.1984330601990223  Train L2 Loss :  0.44840244283676145
Epoch :  61  Epoch time :  0.19929450005292892  Train L2 Loss :  0.4360694305419922
Epoch :  62  Epoch time :  0.1983967199921608  Train L2 Loss :  0.3940137161254883
Epoch :  63  Epoch time :  0.19879915658384562  Train L2 Loss :  0.36354122109413145
Epoch :  64  Epoch time :  0.19930292759090662  Train L2 Loss :  0.3477254957675934
Epoch :  65  Epoch time :  0.19898853357881308  Train L2 Loss :  0.3722066886901855
Epoch :  66  Epoch time :  0.19966966472566128  Train L2 Loss :  0.37891245136260987
Epoch :  67  Epoch time :  0.19940089713782072  Train L2 Loss :  0.36768287663459776
Epoch :  68  Epoch time :  0.19957921374589205  Train L2 Loss :  0.3831270659446716
Epoch :  69  Epoch time :  0.1991643439978361  Train L2 Loss :  0.3951515144824982
Epoch :  70  Epoch time :  0.19957430846989155  Train L2 Loss :  0.36513132667541504
Epoch :  71  Epoch time :  0.1978634661063552  Train L2 Loss :  0.35803890800476074
Epoch :  72  Epoch time :  0.19757483154535294  Train L2 Loss :  0.34685595660209656
Epoch :  73  Epoch time :  0.19794039987027645  Train L2 Loss :  0.39874538898468015
Epoch :  74  Epoch time :  0.19709876272827387  Train L2 Loss :  0.3698252055644989
Epoch :  75  Epoch time :  0.19630521163344383  Train L2 Loss :  0.37499689931869506
Epoch :  76  Epoch time :  0.19844952505081892  Train L2 Loss :  0.3538988564491272
Epoch :  77  Epoch time :  0.19786817580461502  Train L2 Loss :  0.32530631685256955
Epoch :  78  Epoch time :  0.19831959530711174  Train L2 Loss :  0.3220685956001282
Epoch :  79  Epoch time :  0.19787873327732086  Train L2 Loss :  0.31260176548957824
Epoch :  80  Epoch time :  0.19984309002757072  Train L2 Loss :  0.306853967666626
Epoch :  81  Epoch time :  0.19930050428956747  Train L2 Loss :  0.30965000095367434
Epoch :  82  Epoch time :  0.19845868926495314  Train L2 Loss :  0.3098760278224945
Epoch :  83  Epoch time :  0.19933779630810022  Train L2 Loss :  0.3034055893421173
Epoch :  84  Epoch time :  0.19936306029558182  Train L2 Loss :  0.3089033980846405
Epoch :  85  Epoch time :  0.1995080877095461  Train L2 Loss :  0.31468574113845826
Epoch :  86  Epoch time :  0.1997298737987876  Train L2 Loss :  0.28833304159641265
Epoch :  87  Epoch time :  0.19899592362344265  Train L2 Loss :  0.3133923300743103
Epoch :  88  Epoch time :  0.19956802111119032  Train L2 Loss :  0.33335241317749026
Epoch :  89  Epoch time :  0.19919047690927982  Train L2 Loss :  0.3431283197164536
Epoch :  90  Epoch time :  0.19918610155582428  Train L2 Loss :  0.2954712182998657
Epoch :  91  Epoch time :  0.20623993780463934  Train L2 Loss :  0.28953286647796633
Epoch :  92  Epoch time :  0.20072259102016687  Train L2 Loss :  0.2683910123348236
Epoch :  93  Epoch time :  0.1995213059708476  Train L2 Loss :  0.2655331163406372
Epoch :  94  Epoch time :  0.19889669213443995  Train L2 Loss :  0.2755672817230225
Epoch :  95  Epoch time :  0.19987579435110092  Train L2 Loss :  0.26048120050430296
Epoch :  96  Epoch time :  0.19913197681307793  Train L2 Loss :  0.3044530562877655
Epoch :  97  Epoch time :  0.19960306398570538  Train L2 Loss :  0.2820604809522629
Epoch :  98  Epoch time :  0.19971029926091433  Train L2 Loss :  0.3250263185501099
Epoch :  99  Epoch time :  0.19950965233147144  Train L2 Loss :  0.3149831259965897
Epoch :  100  Epoch time :  0.19997855927795172  Train L2 Loss :  0.23733017809391022
Epoch :  101  Epoch time :  0.19911617320030928  Train L2 Loss :  0.17257018513679503
Epoch :  102  Epoch time :  0.21570358145982027  Train L2 Loss :  0.15612638959884645
Epoch :  103  Epoch time :  0.19935596734285355  Train L2 Loss :  0.1473791336297989
Epoch :  104  Epoch time :  0.1981051191687584  Train L2 Loss :  0.1417636525630951
Epoch :  105  Epoch time :  0.19917389191687107  Train L2 Loss :  0.13805603663921356
Epoch :  106  Epoch time :  0.1979691730812192  Train L2 Loss :  0.1342056675672531
Epoch :  107  Epoch time :  0.19872509967535734  Train L2 Loss :  0.13129660444259644
Epoch :  108  Epoch time :  0.1984933838248253  Train L2 Loss :  0.12895415703058244
Epoch :  109  Epoch time :  0.19767762254923582  Train L2 Loss :  0.12674064769744872
Epoch :  110  Epoch time :  0.2001037821173668  Train L2 Loss :  0.1257346555709839
Epoch :  111  Epoch time :  0.1986252786591649  Train L2 Loss :  0.12430100841522217
Epoch :  112  Epoch time :  0.19911382999271154  Train L2 Loss :  0.12193363127708436
Epoch :  113  Epoch time :  0.19800058845430613  Train L2 Loss :  0.12043654890060425
Epoch :  114  Epoch time :  0.20418178290128708  Train L2 Loss :  0.12012590985298156
Epoch :  115  Epoch time :  0.199596730992198  Train L2 Loss :  0.11952892920970917
Epoch :  116  Epoch time :  0.19846083875745535  Train L2 Loss :  0.11748174877166748
Epoch :  117  Epoch time :  0.19957091007381678  Train L2 Loss :  0.11725310080051422
Epoch :  118  Epoch time :  0.19887397810816765  Train L2 Loss :  0.11624911777973175
Epoch :  119  Epoch time :  0.19881698582321405  Train L2 Loss :  0.11540727589130402
Epoch :  120  Epoch time :  0.19965065270662308  Train L2 Loss :  0.11398075377941132
Epoch :  121  Epoch time :  0.20219835080206394  Train L2 Loss :  0.11325501863956451
Epoch :  122  Epoch time :  0.1998999249190092  Train L2 Loss :  0.11455337233543396
Epoch :  123  Epoch time :  0.1995389200747013  Train L2 Loss :  0.11549249091148377
Epoch :  124  Epoch time :  0.19985189475119114  Train L2 Loss :  0.11518578326702118
Epoch :  125  Epoch time :  0.19973951298743486  Train L2 Loss :  0.11833813712596894
Epoch :  126  Epoch time :  0.1997734857723117  Train L2 Loss :  0.1225232229232788
Epoch :  127  Epoch time :  0.19997397996485233  Train L2 Loss :  0.1273838666319847
Epoch :  128  Epoch time :  0.19967529270797968  Train L2 Loss :  0.12029703900814057
Epoch :  129  Epoch time :  0.19928006827831268  Train L2 Loss :  0.11610320382118225
Epoch :  130  Epoch time :  0.19895247742533684  Train L2 Loss :  0.12045230884552002
Epoch :  131  Epoch time :  0.20002713054418564  Train L2 Loss :  0.1165075133562088
Epoch :  132  Epoch time :  0.20019424427300692  Train L2 Loss :  0.12025723395347596
Epoch :  133  Epoch time :  0.20024537295103073  Train L2 Loss :  0.13093235793113708
Epoch :  134  Epoch time :  0.2005684170871973  Train L2 Loss :  0.13510988032817842
Epoch :  135  Epoch time :  0.19976142887026072  Train L2 Loss :  0.16541447076797486
Epoch :  136  Epoch time :  0.20023259613662958  Train L2 Loss :  0.16931632642745972
Epoch :  137  Epoch time :  0.20175208058208227  Train L2 Loss :  0.14485942945480346
Epoch :  138  Epoch time :  0.19973054621368647  Train L2 Loss :  0.15412966704368591
Epoch :  139  Epoch time :  0.20033277571201324  Train L2 Loss :  0.146357950925827
Epoch :  140  Epoch time :  0.19961755815893412  Train L2 Loss :  0.13549656386375428
Epoch :  141  Epoch time :  0.1995869679376483  Train L2 Loss :  0.1403150069475174
Epoch :  142  Epoch time :  0.1990836737677455  Train L2 Loss :  0.16025237760543823
Epoch :  143  Epoch time :  0.19962566997855902  Train L2 Loss :  0.15577351603507997
Epoch :  144  Epoch time :  0.200335000641644  Train L2 Loss :  0.16239988148212434
Epoch :  145  Epoch time :  0.19931914191693068  Train L2 Loss :  0.1537311964035034
Epoch :  146  Epoch time :  0.19917019084095955  Train L2 Loss :  0.1309431314945221
Epoch :  147  Epoch time :  0.19812882132828236  Train L2 Loss :  0.12244882344007492
Epoch :  148  Epoch time :  0.2006565686315298  Train L2 Loss :  0.11749182167053222
Epoch :  149  Epoch time :  0.19893685076385736  Train L2 Loss :  0.1134765366077423
Epoch :  150  Epoch time :  0.19889485742896795  Train L2 Loss :  0.11469371761083604
Epoch :  151  Epoch time :  0.19927827548235655  Train L2 Loss :  0.1121405061006546
Epoch :  152  Epoch time :  0.19747274741530418  Train L2 Loss :  0.11229009675979615
Epoch :  153  Epoch time :  0.19867744110524654  Train L2 Loss :  0.11400964674949646
Epoch :  154  Epoch time :  0.2013895707204938  Train L2 Loss :  0.12359996104240417
Epoch :  155  Epoch time :  0.19918869901448488  Train L2 Loss :  0.1320678412795067
Epoch :  156  Epoch time :  0.19938011933118105  Train L2 Loss :  0.13405281057357787
Epoch :  157  Epoch time :  0.1987492861226201  Train L2 Loss :  0.13325799498558044
Epoch :  158  Epoch time :  0.1988122845068574  Train L2 Loss :  0.15718313088417052
Epoch :  159  Epoch time :  0.19893873762339354  Train L2 Loss :  0.15727432029247285
Epoch :  160  Epoch time :  0.19912890903651714  Train L2 Loss :  0.15806494073867797
Epoch :  161  Epoch time :  0.19949257653206587  Train L2 Loss :  0.1458751634836197
Epoch :  162  Epoch time :  0.19899705611169338  Train L2 Loss :  0.14090355224609374
Epoch :  163  Epoch time :  0.1995510207489133  Train L2 Loss :  0.12915803866386413
Epoch :  164  Epoch time :  0.19904647767543793  Train L2 Loss :  0.11693572940826416
Epoch :  165  Epoch time :  0.19949140399694443  Train L2 Loss :  0.10799893941879272
Epoch :  166  Epoch time :  0.20001093298196793  Train L2 Loss :  0.11555307531356812
Epoch :  167  Epoch time :  0.19848402962088585  Train L2 Loss :  0.12066873979568482
Epoch :  168  Epoch time :  0.20036817528307438  Train L2 Loss :  0.1127966741323471
Epoch :  169  Epoch time :  0.1986823445186019  Train L2 Loss :  0.1176188559293747
Epoch :  170  Epoch time :  0.19909683149307966  Train L2 Loss :  0.12281214863061905
Epoch :  171  Epoch time :  0.22025138325989246  Train L2 Loss :  0.13212303655147553
Epoch :  172  Epoch time :  0.1994627183303237  Train L2 Loss :  0.13713893282413483
Epoch :  173  Epoch time :  0.1994862537831068  Train L2 Loss :  0.12102465519905091
Epoch :  174  Epoch time :  0.1984207034111023  Train L2 Loss :  0.12219219186306
Epoch :  175  Epoch time :  0.19912212900817394  Train L2 Loss :  0.1520621634721756
Epoch :  176  Epoch time :  0.1993338894098997  Train L2 Loss :  0.13096205294132232
Epoch :  177  Epoch time :  0.19991833344101906  Train L2 Loss :  0.12275036749839782
Epoch :  178  Epoch time :  0.19962092116475105  Train L2 Loss :  0.1205665872335434
Epoch :  179  Epoch time :  0.19933604262769222  Train L2 Loss :  0.12194099835157395
Epoch :  180  Epoch time :  0.1997940232977271  Train L2 Loss :  0.1205290445804596
Epoch :  181  Epoch time :  0.19892004877328873  Train L2 Loss :  0.11508464382886886
Epoch :  182  Epoch time :  0.19948349799960852  Train L2 Loss :  0.1177019474029541
Epoch :  183  Epoch time :  0.1991079729050398  Train L2 Loss :  0.11162342262268067
Epoch :  184  Epoch time :  0.19845962431281805  Train L2 Loss :  0.11405708161592483
Epoch :  185  Epoch time :  0.19897062610834837  Train L2 Loss :  0.12163803050518036
Epoch :  186  Epoch time :  0.19850381277501583  Train L2 Loss :  0.11438808574676514
Epoch :  187  Epoch time :  0.2066433299332857  Train L2 Loss :  0.10302011214494705
Epoch :  188  Epoch time :  0.19847236201167107  Train L2 Loss :  0.10427974501848221
Epoch :  189  Epoch time :  0.19804790150374174  Train L2 Loss :  0.10108278719186783
Epoch :  190  Epoch time :  0.19922523852437735  Train L2 Loss :  0.12106642062664032
Epoch :  191  Epoch time :  0.19916185177862644  Train L2 Loss :  0.11297939875125886
Epoch :  192  Epoch time :  0.19922680966556072  Train L2 Loss :  0.1114604853272438
Epoch :  193  Epoch time :  0.2013191357254982  Train L2 Loss :  0.1221781626701355
Epoch :  194  Epoch time :  0.1996872005984187  Train L2 Loss :  0.13116091945171357
Epoch :  195  Epoch time :  0.19889587629586458  Train L2 Loss :  0.13659250073432921
Epoch :  196  Epoch time :  0.19781482685357332  Train L2 Loss :  0.13839636673927308
Epoch :  197  Epoch time :  0.19902854971587658  Train L2 Loss :  0.13547068877220153
Epoch :  198  Epoch time :  0.19876867812126875  Train L2 Loss :  0.11248368691205979
Epoch :  199  Epoch time :  0.19971931260079145  Train L2 Loss :  0.10664964387416839
Epoch :  200  Epoch time :  0.1999607114121318  Train L2 Loss :  0.08952852469682694
Epoch :  201  Epoch time :  0.19883445277810097  Train L2 Loss :  0.07421476794481277
Epoch :  202  Epoch time :  0.1986381383612752  Train L2 Loss :  0.06995291500091552
Epoch :  203  Epoch time :  0.19874742720276117  Train L2 Loss :  0.06769325855970383
Epoch :  204  Epoch time :  0.1997839966788888  Train L2 Loss :  0.06648526175022125
Epoch :  205  Epoch time :  0.1987330997362733  Train L2 Loss :  0.06594569653272629
Epoch :  206  Epoch time :  0.1988457664847374  Train L2 Loss :  0.06524043769836425
Epoch :  207  Epoch time :  0.199931800365448  Train L2 Loss :  0.06472628763914108
Epoch :  208  Epoch time :  0.19886016473174095  Train L2 Loss :  0.06420767431259156
Epoch :  209  Epoch time :  0.2005174122750759  Train L2 Loss :  0.06387212525606155
Epoch :  210  Epoch time :  0.19937743805348873  Train L2 Loss :  0.06363772925138474
Epoch :  211  Epoch time :  0.19941111002117395  Train L2 Loss :  0.0632246546983719
Epoch :  212  Epoch time :  0.19941338524222374  Train L2 Loss :  0.06290197694301605
Epoch :  213  Epoch time :  0.19871387910097837  Train L2 Loss :  0.06278917400836945
Epoch :  214  Epoch time :  0.20029036607593298  Train L2 Loss :  0.0625749078154564
Epoch :  215  Epoch time :  0.198772800154984  Train L2 Loss :  0.062193501806259155
Epoch :  216  Epoch time :  0.1992605347186327  Train L2 Loss :  0.06211406658291817
Epoch :  217  Epoch time :  0.1995888240635395  Train L2 Loss :  0.06185497953891754
Epoch :  218  Epoch time :  0.19901502411812544  Train L2 Loss :  0.06156351541280747
Epoch :  219  Epoch time :  0.19977404549717903  Train L2 Loss :  0.06148954546451569
Epoch :  220  Epoch time :  0.19917702116072178  Train L2 Loss :  0.061446230512857435
Epoch :  221  Epoch time :  0.19932591915130615  Train L2 Loss :  0.061602970707416535
Epoch :  222  Epoch time :  0.19876535143703222  Train L2 Loss :  0.06154236540794372
Epoch :  223  Epoch time :  0.1993098920211196  Train L2 Loss :  0.06158592482805252
Epoch :  224  Epoch time :  0.1998682552948594  Train L2 Loss :  0.061161958754062655
Epoch :  225  Epoch time :  0.19897933956235647  Train L2 Loss :  0.06125538456439972
Epoch :  226  Epoch time :  0.1998130278661847  Train L2 Loss :  0.06087803453207016
Epoch :  227  Epoch time :  0.19939297251403332  Train L2 Loss :  0.06052321780920029
Epoch :  228  Epoch time :  0.200149804353714  Train L2 Loss :  0.06059721038341522
Epoch :  229  Epoch time :  0.20030959229916334  Train L2 Loss :  0.06095808953642845
Epoch :  230  Epoch time :  0.1978345112875104  Train L2 Loss :  0.06319490880966186
Epoch :  231  Epoch time :  0.19886793941259384  Train L2 Loss :  0.06556728658676148
Epoch :  232  Epoch time :  0.1994172688573599  Train L2 Loss :  0.06530856831073761
Epoch :  233  Epoch time :  0.1995875146239996  Train L2 Loss :  0.06496337130069732
Epoch :  234  Epoch time :  0.2008744217455387  Train L2 Loss :  0.0651648828983307
Epoch :  235  Epoch time :  0.19899851456284523  Train L2 Loss :  0.06839255965948104
Epoch :  236  Epoch time :  0.19902805984020233  Train L2 Loss :  0.07465361765623092
Epoch :  237  Epoch time :  0.1989003699272871  Train L2 Loss :  0.07564485785961152
Epoch :  238  Epoch time :  0.19926606211811304  Train L2 Loss :  0.08981178524494171
Epoch :  239  Epoch time :  0.19828865304589272  Train L2 Loss :  0.08492001143693924
Epoch :  240  Epoch time :  0.19914363976567984  Train L2 Loss :  0.08143331433534622
Epoch :  241  Epoch time :  0.2004902120679617  Train L2 Loss :  0.08249634525775909
Epoch :  242  Epoch time :  0.199007336050272  Train L2 Loss :  0.0769615671992302
Epoch :  243  Epoch time :  0.19927396066486835  Train L2 Loss :  0.07258108195066452
Epoch :  244  Epoch time :  0.19908790290355682  Train L2 Loss :  0.0700002222418785
Epoch :  245  Epoch time :  0.20052784215658903  Train L2 Loss :  0.06737802600860596
Epoch :  246  Epoch time :  0.20054614171385765  Train L2 Loss :  0.06534597594738006
Epoch :  247  Epoch time :  0.1988302106037736  Train L2 Loss :  0.06573672373294831
Epoch :  248  Epoch time :  0.1996214697137475  Train L2 Loss :  0.0645940505862236
Epoch :  249  Epoch time :  0.19902450870722532  Train L2 Loss :  0.062300301361083985
Epoch :  250  Epoch time :  0.20036965422332287  Train L2 Loss :  0.06738758291006089
Epoch :  251  Epoch time :  0.20002041663974524  Train L2 Loss :  0.06552252671718597
Epoch :  252  Epoch time :  0.19917586166411638  Train L2 Loss :  0.06530424518585205
Epoch :  253  Epoch time :  0.19982160348445177  Train L2 Loss :  0.0644290552020073
Epoch :  254  Epoch time :  0.2016697283834219  Train L2 Loss :  0.06353804743289948
Epoch :  255  Epoch time :  0.19885911140590906  Train L2 Loss :  0.0668639263689518
Epoch :  256  Epoch time :  0.19896075315773487  Train L2 Loss :  0.06875614493489265
Epoch :  257  Epoch time :  0.19986587297171354  Train L2 Loss :  0.07532806463241577
Epoch :  258  Epoch time :  0.19952935073524714  Train L2 Loss :  0.08350415243506432
Epoch :  259  Epoch time :  0.1988641256466508  Train L2 Loss :  0.08449997761249542
Epoch :  260  Epoch time :  0.19914277363568544  Train L2 Loss :  0.08433427500724792
Epoch :  261  Epoch time :  0.19912541657686234  Train L2 Loss :  0.07575117652416229
Epoch :  262  Epoch time :  0.19999769981950521  Train L2 Loss :  0.07187718284130097
Epoch :  263  Epoch time :  0.20007859263569117  Train L2 Loss :  0.06687660719156266
Epoch :  264  Epoch time :  0.19941417314112186  Train L2 Loss :  0.06356143037080765
Epoch :  265  Epoch time :  0.20002826023846865  Train L2 Loss :  0.06007029759883881
Epoch :  266  Epoch time :  0.19922057073563337  Train L2 Loss :  0.0580177086353302
Epoch :  267  Epoch time :  0.2000093823298812  Train L2 Loss :  0.05939827178120613
Epoch :  268  Epoch time :  0.19986061472445726  Train L2 Loss :  0.059224626219272616
Epoch :  269  Epoch time :  0.19904267322272062  Train L2 Loss :  0.05915129776000977
Epoch :  270  Epoch time :  0.19920919928699732  Train L2 Loss :  0.05758101006746292
Epoch :  271  Epoch time :  0.19806626252830029  Train L2 Loss :  0.05596271765232086
Epoch :  272  Epoch time :  0.20090096071362495  Train L2 Loss :  0.057282623362541196
Epoch :  273  Epoch time :  0.19908390007913113  Train L2 Loss :  0.0596407883644104
Epoch :  274  Epoch time :  0.19933667685836554  Train L2 Loss :  0.06514189501404763
Epoch :  275  Epoch time :  0.2208852879703045  Train L2 Loss :  0.06638377442359925
Epoch :  276  Epoch time :  0.20055949036031961  Train L2 Loss :  0.07125799369812012
Epoch :  277  Epoch time :  0.20099257864058018  Train L2 Loss :  0.06901457266807556
Epoch :  278  Epoch time :  0.19932681415230036  Train L2 Loss :  0.06836515507698059
Epoch :  279  Epoch time :  0.20001672767102718  Train L2 Loss :  0.06761694276332855
Epoch :  280  Epoch time :  0.19953417219221592  Train L2 Loss :  0.07015464898347855
Epoch :  281  Epoch time :  0.19923501275479794  Train L2 Loss :  0.06493564493060112
Epoch :  282  Epoch time :  0.19962487928569317  Train L2 Loss :  0.06939403557777404
Epoch :  283  Epoch time :  0.1993710258975625  Train L2 Loss :  0.07748462960720062
Epoch :  284  Epoch time :  0.20061551965773106  Train L2 Loss :  0.07673348381519318
Epoch :  285  Epoch time :  0.1989391166716814  Train L2 Loss :  0.07016294867992401
Epoch :  286  Epoch time :  0.1997349737212062  Train L2 Loss :  0.06325234308242798
Epoch :  287  Epoch time :  0.20044674258679152  Train L2 Loss :  0.05786786700487137
Epoch :  288  Epoch time :  0.19889632146805525  Train L2 Loss :  0.05586287986636162
Epoch :  289  Epoch time :  0.20014341082423925  Train L2 Loss :  0.05528225578069687
Epoch :  290  Epoch time :  0.198616785928607  Train L2 Loss :  0.05590458221435547
Epoch :  291  Epoch time :  0.1999312797561288  Train L2 Loss :  0.057032797372341154
Epoch :  292  Epoch time :  0.19939231500029564  Train L2 Loss :  0.056127262997627256
Epoch :  293  Epoch time :  0.1989763081073761  Train L2 Loss :  0.05828465175628662
Epoch :  294  Epoch time :  0.19944029673933983  Train L2 Loss :  0.060007188379764556
Epoch :  295  Epoch time :  0.19934374932199717  Train L2 Loss :  0.061816079294681546
Epoch :  296  Epoch time :  0.19998322986066341  Train L2 Loss :  0.06901834723949432
Epoch :  297  Epoch time :  0.19874087255448103  Train L2 Loss :  0.07139121236801148
Epoch :  298  Epoch time :  0.20486792642623186  Train L2 Loss :  0.07314940648078919
Epoch :  299  Epoch time :  0.19951416458934546  Train L2 Loss :  0.06384295326471329
Epoch :  300  Epoch time :  0.19839060958474874  Train L2 Loss :  0.05430061355829239
Epoch :  301  Epoch time :  0.1991218039765954  Train L2 Loss :  0.048802792620658876
Epoch :  302  Epoch time :  0.19849292282015085  Train L2 Loss :  0.047083097702264785
Epoch :  303  Epoch time :  0.19825198128819466  Train L2 Loss :  0.04634029496908188
Epoch :  304  Epoch time :  0.1991241704672575  Train L2 Loss :  0.045891391074657444
Epoch :  305  Epoch time :  0.19856803584843874  Train L2 Loss :  0.04557229491472244
Epoch :  306  Epoch time :  0.19897500053048134  Train L2 Loss :  0.04534156874418259
Epoch :  307  Epoch time :  0.1980518763884902  Train L2 Loss :  0.045138130605220796
Epoch :  308  Epoch time :  0.1988988658413291  Train L2 Loss :  0.04497952020168305
Epoch :  309  Epoch time :  0.20051508862525225  Train L2 Loss :  0.04484665175676346
Epoch :  310  Epoch time :  0.19889304786920547  Train L2 Loss :  0.04469368218183518
Epoch :  311  Epoch time :  0.1996179334819317  Train L2 Loss :  0.04463713822364807
Epoch :  312  Epoch time :  0.19896294549107552  Train L2 Loss :  0.04453898223042488
Epoch :  313  Epoch time :  0.20032811257988214  Train L2 Loss :  0.0444090908408165
Epoch :  314  Epoch time :  0.1993358489125967  Train L2 Loss :  0.04425761773586273
Epoch :  315  Epoch time :  0.19954435899853706  Train L2 Loss :  0.044114179599285125
Epoch :  316  Epoch time :  0.20197230856865644  Train L2 Loss :  0.04402707909345627
Epoch :  317  Epoch time :  0.19869850669056177  Train L2 Loss :  0.04392174624204635
Epoch :  318  Epoch time :  0.19992658030241728  Train L2 Loss :  0.04395586515665054
Epoch :  319  Epoch time :  0.19980922807008028  Train L2 Loss :  0.04376311891078949
Epoch :  320  Epoch time :  0.19914229959249496  Train L2 Loss :  0.04360012125968933
Epoch :  321  Epoch time :  0.1997292460873723  Train L2 Loss :  0.04351598904132843
Epoch :  322  Epoch time :  0.19874985236674547  Train L2 Loss :  0.043478327322006224
Epoch :  323  Epoch time :  0.19954609870910645  Train L2 Loss :  0.043451843774318696
Epoch :  324  Epoch time :  0.19973652437329292  Train L2 Loss :  0.04339519687891007
Epoch :  325  Epoch time :  0.19846427626907825  Train L2 Loss :  0.04331070322990418
Epoch :  326  Epoch time :  0.20014135167002678  Train L2 Loss :  0.04321188460588455
Epoch :  327  Epoch time :  0.19925439450889826  Train L2 Loss :  0.043392665147781374
Epoch :  328  Epoch time :  0.20012142322957516  Train L2 Loss :  0.04310374609827995
Epoch :  329  Epoch time :  0.19949782080948353  Train L2 Loss :  0.04328192777633667
Epoch :  330  Epoch time :  0.19919852074235678  Train L2 Loss :  0.043382489347457885
Epoch :  331  Epoch time :  0.1997787356376648  Train L2 Loss :  0.04332626492381096
Epoch :  332  Epoch time :  0.19940259400755167  Train L2 Loss :  0.0431962185382843
Epoch :  333  Epoch time :  0.20012520905584097  Train L2 Loss :  0.04312158077955246
Epoch :  334  Epoch time :  0.19938821252435446  Train L2 Loss :  0.042791435039043424
Epoch :  335  Epoch time :  0.2002781480550766  Train L2 Loss :  0.04274506876468658
Epoch :  336  Epoch time :  0.19988642260432243  Train L2 Loss :  0.04383441309928894
Epoch :  337  Epoch time :  0.1993478499352932  Train L2 Loss :  0.0446973998606205
Epoch :  338  Epoch time :  0.2004135176539421  Train L2 Loss :  0.043866860938072204
Epoch :  339  Epoch time :  0.2012177137658  Train L2 Loss :  0.043746064710617066
Epoch :  340  Epoch time :  0.20136250369250774  Train L2 Loss :  0.04503519011735916
Epoch :  341  Epoch time :  0.20011624228209257  Train L2 Loss :  0.04668783736824989
Epoch :  342  Epoch time :  0.19893765170127153  Train L2 Loss :  0.04638428946137428
Epoch :  343  Epoch time :  0.1997204851359129  Train L2 Loss :  0.044571758997440335
Epoch :  344  Epoch time :  0.19981407932937145  Train L2 Loss :  0.04389377136826515
Epoch :  345  Epoch time :  0.20007264986634254  Train L2 Loss :  0.043717913809418675
Epoch :  346  Epoch time :  0.20009346958249807  Train L2 Loss :  0.04354487217068672
Epoch :  347  Epoch time :  0.20001486409455538  Train L2 Loss :  0.044137664496898654
Epoch :  348  Epoch time :  0.20041713118553162  Train L2 Loss :  0.0444355020403862
Epoch :  349  Epoch time :  0.19958619307726622  Train L2 Loss :  0.04370748940706253
Epoch :  350  Epoch time :  0.2003384605050087  Train L2 Loss :  0.04331540805697441
Epoch :  351  Epoch time :  0.19920695666223764  Train L2 Loss :  0.04403852439522743
Epoch :  352  Epoch time :  0.1995431873947382  Train L2 Loss :  0.042578310763835905
Epoch :  353  Epoch time :  0.20027552358806133  Train L2 Loss :  0.04358856033086777
Epoch :  354  Epoch time :  0.19998439028859138  Train L2 Loss :  0.042897464710474016
Epoch :  355  Epoch time :  0.20073277410119772  Train L2 Loss :  0.042813523781299594
Epoch :  356  Epoch time :  0.19909975305199623  Train L2 Loss :  0.043727132791280744
Epoch :  357  Epoch time :  0.20009335316717625  Train L2 Loss :  0.04355138031244278
Epoch :  358  Epoch time :  0.2002369249239564  Train L2 Loss :  0.04211789776682854
Epoch :  359  Epoch time :  0.20195589121431112  Train L2 Loss :  0.04150671424865723
Epoch :  360  Epoch time :  0.20096563454717398  Train L2 Loss :  0.04189465799331665
Epoch :  361  Epoch time :  0.1999393319711089  Train L2 Loss :  0.04221741837859154
Epoch :  362  Epoch time :  0.2003518035635352  Train L2 Loss :  0.04235732881426811
Epoch :  363  Epoch time :  0.19933028984814882  Train L2 Loss :  0.04190167960524559
Epoch :  364  Epoch time :  0.1993822967633605  Train L2 Loss :  0.04337477005720138
Epoch :  365  Epoch time :  0.19982153922319412  Train L2 Loss :  0.04332780854105949
Epoch :  366  Epoch time :  0.1983697321265936  Train L2 Loss :  0.042829795330762865
Epoch :  367  Epoch time :  0.19979601446539164  Train L2 Loss :  0.042117075836658475
Epoch :  368  Epoch time :  0.19966934248805046  Train L2 Loss :  0.042161515909433366
Epoch :  369  Epoch time :  0.20020214281976223  Train L2 Loss :  0.04089651572108269
Epoch :  370  Epoch time :  0.19978996738791466  Train L2 Loss :  0.041056277990341186
Epoch :  371  Epoch time :  0.1997916391119361  Train L2 Loss :  0.040194872516393663
Epoch :  372  Epoch time :  0.20033944863826036  Train L2 Loss :  0.03941509262919426
Epoch :  373  Epoch time :  0.19976671319454908  Train L2 Loss :  0.039154805994033814
Epoch :  374  Epoch time :  0.19943752977997065  Train L2 Loss :  0.038956985148787496
Epoch :  375  Epoch time :  0.20009213220328093  Train L2 Loss :  0.03957227963209152
Epoch :  376  Epoch time :  0.19944479689002037  Train L2 Loss :  0.03983207309246063
Epoch :  377  Epoch time :  0.1998724089935422  Train L2 Loss :  0.03950295211076736
Epoch :  378  Epoch time :  0.19924349710345268  Train L2 Loss :  0.04006416300535202
Epoch :  379  Epoch time :  0.20186888426542282  Train L2 Loss :  0.04000112990736961
Epoch :  380  Epoch time :  0.19965390861034393  Train L2 Loss :  0.04051572461128235
Epoch :  381  Epoch time :  0.19946645759046078  Train L2 Loss :  0.04042454707026481
Epoch :  382  Epoch time :  0.19962024595588446  Train L2 Loss :  0.04046766723394394
Epoch :  383  Epoch time :  0.1986645506694913  Train L2 Loss :  0.04022483690977097
Epoch :  384  Epoch time :  0.19942556601017714  Train L2 Loss :  0.04088269991874695
Epoch :  385  Epoch time :  0.19903699774295092  Train L2 Loss :  0.044136887520551685
Epoch :  386  Epoch time :  0.20034392829984426  Train L2 Loss :  0.047517056757211684
Epoch :  387  Epoch time :  0.20015103556215763  Train L2 Loss :  0.04341139217019081
Epoch :  388  Epoch time :  0.19948146119713783  Train L2 Loss :  0.04157415689229965
Epoch :  389  Epoch time :  0.20036827865988016  Train L2 Loss :  0.039376593816280364
Epoch :  390  Epoch time :  0.19855036307126284  Train L2 Loss :  0.039654706132411954
Epoch :  391  Epoch time :  0.19921842496842146  Train L2 Loss :  0.04300373859405517
Epoch :  392  Epoch time :  0.20000600814819336  Train L2 Loss :  0.03920863739848137
Epoch :  393  Epoch time :  0.19877755735069513  Train L2 Loss :  0.038070627355575565
Epoch :  394  Epoch time :  0.2000033985823393  Train L2 Loss :  0.03747753503322601
Epoch :  395  Epoch time :  0.1990701798349619  Train L2 Loss :  0.03711897081136704
Epoch :  396  Epoch time :  0.1992063457146287  Train L2 Loss :  0.0366185103058815
Epoch :  397  Epoch time :  0.19948435947299004  Train L2 Loss :  0.03698189997673035
Epoch :  398  Epoch time :  0.2004223195835948  Train L2 Loss :  0.036533693146705626
Epoch :  399  Epoch time :  0.19976512342691422  Train L2 Loss :  0.03593280648589134
Epoch :  400  Epoch time :  0.2006712993606925  Train L2 Loss :  0.0350199924081564
Epoch :  401  Epoch time :  0.19992359820753336  Train L2 Loss :  0.034133715695142744
Epoch :  402  Epoch time :  0.19964686874300241  Train L2 Loss :  0.033868729174137115
Epoch :  403  Epoch time :  0.1993471598252654  Train L2 Loss :  0.03373339787125587
Epoch :  404  Epoch time :  0.2005342599004507  Train L2 Loss :  0.03367271295785904
Epoch :  405  Epoch time :  0.2001793012022972  Train L2 Loss :  0.03360487838089466
Epoch :  406  Epoch time :  0.20092708710581064  Train L2 Loss :  0.033538726377487185
Epoch :  407  Epoch time :  0.19965393468737602  Train L2 Loss :  0.0334624181330204
Epoch :  408  Epoch time :  0.20099460519850254  Train L2 Loss :  0.033415156376361846
Epoch :  409  Epoch time :  0.2016158103942871  Train L2 Loss :  0.03336017371416092
Epoch :  410  Epoch time :  0.200142415240407  Train L2 Loss :  0.03329859887361526
Epoch :  411  Epoch time :  0.20093653537333012  Train L2 Loss :  0.033236239176988605
Epoch :  412  Epoch time :  0.20027349423617125  Train L2 Loss :  0.03318443882465363
Epoch :  413  Epoch time :  0.20059385895729065  Train L2 Loss :  0.03316415048837662
Epoch :  414  Epoch time :  0.20040049124509096  Train L2 Loss :  0.03310434162020683
Epoch :  415  Epoch time :  0.20029612816870213  Train L2 Loss :  0.03304000912904739
Epoch :  416  Epoch time :  0.20056426990777254  Train L2 Loss :  0.03295622289180756
Epoch :  417  Epoch time :  0.1992087895050645  Train L2 Loss :  0.03293964560329914
Epoch :  418  Epoch time :  0.19984659552574158  Train L2 Loss :  0.032897412803769115
Epoch :  419  Epoch time :  0.21908782981336117  Train L2 Loss :  0.03279738770127297
Epoch :  420  Epoch time :  0.20281548611819744  Train L2 Loss :  0.032789026361703874
Epoch :  421  Epoch time :  0.20094040501862764  Train L2 Loss :  0.03269418865442276
Epoch :  422  Epoch time :  0.19994609337300062  Train L2 Loss :  0.03274343852996826
Epoch :  423  Epoch time :  0.20012167189270258  Train L2 Loss :  0.03264747017621994
Epoch :  424  Epoch time :  0.19984896387904882  Train L2 Loss :  0.03250048297047615
Epoch :  425  Epoch time :  0.2007736498489976  Train L2 Loss :  0.03243531173765659
Epoch :  426  Epoch time :  0.20051465462893248  Train L2 Loss :  0.03239626033902168
Epoch :  427  Epoch time :  0.1997709283605218  Train L2 Loss :  0.032422131061553956
Epoch :  428  Epoch time :  0.20051901321858168  Train L2 Loss :  0.032383156156539916
Epoch :  429  Epoch time :  0.19948735740035772  Train L2 Loss :  0.03225287655591965
Epoch :  430  Epoch time :  0.20015981327742338  Train L2 Loss :  0.032280149269104004
Epoch :  431  Epoch time :  0.20005350466817617  Train L2 Loss :  0.032389308989048
Epoch :  432  Epoch time :  0.1998741179704666  Train L2 Loss :  0.032282180625200274
Epoch :  433  Epoch time :  0.2011950332671404  Train L2 Loss :  0.03213615270853042
Epoch :  434  Epoch time :  0.20013145450502634  Train L2 Loss :  0.032244754880666734
Epoch :  435  Epoch time :  0.20006959792226553  Train L2 Loss :  0.03227697402834892
Epoch :  436  Epoch time :  0.19925038237124681  Train L2 Loss :  0.03220064830780029
Epoch :  437  Epoch time :  0.2000160999596119  Train L2 Loss :  0.03190511413812638
Epoch :  438  Epoch time :  0.20022804383188486  Train L2 Loss :  0.032259258168935774
Epoch :  439  Epoch time :  0.198860552161932  Train L2 Loss :  0.03201836560368538
Epoch :  440  Epoch time :  0.20019530784338713  Train L2 Loss :  0.03198955331742764
Epoch :  441  Epoch time :  0.1997381178662181  Train L2 Loss :  0.031876774874329564
Epoch :  442  Epoch time :  0.2076189061626792  Train L2 Loss :  0.03197157768905163
Epoch :  443  Epoch time :  0.2001675684005022  Train L2 Loss :  0.031694189733266834
Epoch :  444  Epoch time :  0.1999330772086978  Train L2 Loss :  0.031385303127765656
Epoch :  445  Epoch time :  0.2004003068432212  Train L2 Loss :  0.03144281955957413
Epoch :  446  Epoch time :  0.19913550466299057  Train L2 Loss :  0.03143129135966301
Epoch :  447  Epoch time :  0.20020324550569057  Train L2 Loss :  0.03121589049398899
Epoch :  448  Epoch time :  0.20023320522159338  Train L2 Loss :  0.03160856529474258
Epoch :  449  Epoch time :  0.19958630856126547  Train L2 Loss :  0.03215859988331795
Epoch :  450  Epoch time :  0.2002785662189126  Train L2 Loss :  0.03197891251444816
Epoch :  451  Epoch time :  0.1989283487200737  Train L2 Loss :  0.03161496801972389
Epoch :  452  Epoch time :  0.19986634328961372  Train L2 Loss :  0.031621801280975345
Epoch :  453  Epoch time :  0.19968057796359062  Train L2 Loss :  0.03164948055744171
Epoch :  454  Epoch time :  0.20132412761449814  Train L2 Loss :  0.03135927440822125
Epoch :  455  Epoch time :  0.2003936469554901  Train L2 Loss :  0.031100398433208467
Epoch :  456  Epoch time :  0.19992220308631659  Train L2 Loss :  0.030860499554872512
Epoch :  457  Epoch time :  0.20040281023830175  Train L2 Loss :  0.03081197898387909
Epoch :  458  Epoch time :  0.19937607645988464  Train L2 Loss :  0.030860283172130586
Epoch :  459  Epoch time :  0.20020251907408237  Train L2 Loss :  0.030487925267219544
Epoch :  460  Epoch time :  0.20088102482259274  Train L2 Loss :  0.03045758540034294
Epoch :  461  Epoch time :  0.19975524954497814  Train L2 Loss :  0.030520668452978135
Epoch :  462  Epoch time :  0.20010346081107855  Train L2 Loss :  0.03026922069787979
Epoch :  463  Epoch time :  0.20127716567367315  Train L2 Loss :  0.030165425485372543
Epoch :  464  Epoch time :  0.20033833105117083  Train L2 Loss :  0.03032639422416687
Epoch :  465  Epoch time :  0.2005888381972909  Train L2 Loss :  0.03008091778755188
Epoch :  466  Epoch time :  0.19995800871402025  Train L2 Loss :  0.03013460935652256
Epoch :  467  Epoch time :  0.1998245595023036  Train L2 Loss :  0.029983732557296753
Epoch :  468  Epoch time :  0.19939927197992802  Train L2 Loss :  0.029826302087306977
Epoch :  469  Epoch time :  0.20005356520414352  Train L2 Loss :  0.03002793583869934
Epoch :  470  Epoch time :  0.19931178074330091  Train L2 Loss :  0.029700174149870872
Epoch :  471  Epoch time :  0.20030739903450012  Train L2 Loss :  0.029734530705213546
Epoch :  472  Epoch time :  0.20066567044705153  Train L2 Loss :  0.03033243318796158
Epoch :  473  Epoch time :  0.19954672269523144  Train L2 Loss :  0.030209414952993393
Epoch :  474  Epoch time :  0.20012792851775885  Train L2 Loss :  0.031172549310326578
Epoch :  475  Epoch time :  0.19918569829314947  Train L2 Loss :  0.03052625150680542
Epoch :  476  Epoch time :  0.200275675393641  Train L2 Loss :  0.03007527477145195
Epoch :  477  Epoch time :  0.20044731348752975  Train L2 Loss :  0.03036438797712326
Epoch :  478  Epoch time :  0.19914883747696877  Train L2 Loss :  0.030082703399658205
Epoch :  479  Epoch time :  0.19959519430994987  Train L2 Loss :  0.02969371395111084
Epoch :  480  Epoch time :  0.2003086917102337  Train L2 Loss :  0.02956394252181053
Epoch :  481  Epoch time :  0.2013195026665926  Train L2 Loss :  0.029264228981733323
Epoch :  482  Epoch time :  0.20107146725058556  Train L2 Loss :  0.02929493290781975
Epoch :  483  Epoch time :  0.201354562304914  Train L2 Loss :  0.02893535705804825
Epoch :  484  Epoch time :  0.20101630873978138  Train L2 Loss :  0.028762507593631744
Epoch :  485  Epoch time :  0.1992302555590868  Train L2 Loss :  0.028536941596865654
Epoch :  486  Epoch time :  0.20069349370896816  Train L2 Loss :  0.028307725808024407
Epoch :  487  Epoch time :  0.20022642891854048  Train L2 Loss :  0.028308869862556457
Epoch :  488  Epoch time :  0.1999463001266122  Train L2 Loss :  0.02822990676164627
Epoch :  489  Epoch time :  0.20025385916233063  Train L2 Loss :  0.028114323118329048
Epoch :  490  Epoch time :  0.19929736573249102  Train L2 Loss :  0.028089149314165115
Epoch :  491  Epoch time :  0.20214712619781494  Train L2 Loss :  0.02814338530600071
Epoch :  492  Epoch time :  0.1999184088781476  Train L2 Loss :  0.028402119773626326
Epoch :  493  Epoch time :  0.20087239146232605  Train L2 Loss :  0.028452231070399285
Epoch :  494  Epoch time :  0.20085562858730555  Train L2 Loss :  0.028289776879549026
Epoch :  495  Epoch time :  0.19925420451909304  Train L2 Loss :  0.028566602677106857
Epoch :  496  Epoch time :  0.20010742731392384  Train L2 Loss :  0.028562462425231933
Epoch :  497  Epoch time :  0.1998978778719902  Train L2 Loss :  0.028481798577308655
Epoch :  498  Epoch time :  0.20103307254612446  Train L2 Loss :  0.028962291383743285
Epoch :  499  Epoch time :  0.2004622770473361  Train L2 Loss :  0.02895717951655388
Epoch :  500  Epoch time :  0.2003383133560419  Train L2 Loss :  0.02808704266548157
Epoch :  501  Epoch time :  0.20117770973592997  Train L2 Loss :  0.02697937675714493
Epoch :  502  Epoch time :  0.20044810976833105  Train L2 Loss :  0.026804745602607725
Epoch :  503  Epoch time :  0.20149211958050728  Train L2 Loss :  0.026691294705867768
Epoch :  504  Epoch time :  0.20324013102799654  Train L2 Loss :  0.02663939330279827
Epoch :  505  Epoch time :  0.19958944991230965  Train L2 Loss :  0.02655868182480335
Epoch :  506  Epoch time :  0.20007307082414627  Train L2 Loss :  0.0265193392008543
Epoch :  507  Epoch time :  0.19942554458975792  Train L2 Loss :  0.026489621329307555
Epoch :  508  Epoch time :  0.2002376914024353  Train L2 Loss :  0.0264466884046793
Epoch :  509  Epoch time :  0.20008680410683155  Train L2 Loss :  0.02640621638894081
Epoch :  510  Epoch time :  0.20163761731237173  Train L2 Loss :  0.026373053362965585
Epoch :  511  Epoch time :  0.20158457197248936  Train L2 Loss :  0.02634838328957558
Epoch :  512  Epoch time :  0.20033835992217064  Train L2 Loss :  0.026322916239500047
Epoch :  513  Epoch time :  0.20107359811663628  Train L2 Loss :  0.026269059056043625
Epoch :  514  Epoch time :  0.19993602205067873  Train L2 Loss :  0.026220202678442002
Epoch :  515  Epoch time :  0.20131590217351913  Train L2 Loss :  0.026211892420053482
Epoch :  516  Epoch time :  0.20094590727239847  Train L2 Loss :  0.026169856613874436
Epoch :  517  Epoch time :  0.20014117937535048  Train L2 Loss :  0.02611812320649624
Epoch :  518  Epoch time :  0.20068370644003153  Train L2 Loss :  0.026100974249839783
Epoch :  519  Epoch time :  0.20026004780083895  Train L2 Loss :  0.026043654483556746
Epoch :  520  Epoch time :  0.2008432699367404  Train L2 Loss :  0.02600760589838028
Epoch :  521  Epoch time :  0.20081068016588688  Train L2 Loss :  0.025961015832424165
Epoch :  522  Epoch time :  0.20034340675920248  Train L2 Loss :  0.025922517776489257
Epoch :  523  Epoch time :  0.20124142058193684  Train L2 Loss :  0.025919705748558043
Epoch :  524  Epoch time :  0.2007336998358369  Train L2 Loss :  0.02588136030435562
Epoch :  525  Epoch time :  0.2007591426372528  Train L2 Loss :  0.02582153222858906
Epoch :  526  Epoch time :  0.20001499447971582  Train L2 Loss :  0.025773609057068825
Epoch :  527  Epoch time :  0.2004929967224598  Train L2 Loss :  0.0257337421387434
Epoch :  528  Epoch time :  0.20084785483777523  Train L2 Loss :  0.025696440559625625
Epoch :  529  Epoch time :  0.1991679146885872  Train L2 Loss :  0.025635909020900727
Epoch :  530  Epoch time :  0.20002148300409317  Train L2 Loss :  0.02562580626606941
Epoch :  531  Epoch time :  0.1998534919694066  Train L2 Loss :  0.025577094531059264
Epoch :  532  Epoch time :  0.2005995186045766  Train L2 Loss :  0.02555877546072006
Epoch :  533  Epoch time :  0.20135239139199257  Train L2 Loss :  0.025444055008888244
Epoch :  534  Epoch time :  0.20029573049396276  Train L2 Loss :  0.02541535246372223
Epoch :  535  Epoch time :  0.20078692212700844  Train L2 Loss :  0.025367580658197404
Epoch :  536  Epoch time :  0.20067732594907284  Train L2 Loss :  0.025310920137166976
Epoch :  537  Epoch time :  0.2012724271044135  Train L2 Loss :  0.025309140062332154
Epoch :  538  Epoch time :  0.2011423809453845  Train L2 Loss :  0.025317781862616538
Epoch :  539  Epoch time :  0.20030725188553333  Train L2 Loss :  0.025258345681428908
Epoch :  540  Epoch time :  0.20024112705141306  Train L2 Loss :  0.025280726653337478
Epoch :  541  Epoch time :  0.19957802258431911  Train L2 Loss :  0.02516425862312317
Epoch :  542  Epoch time :  0.2006732178851962  Train L2 Loss :  0.025188342958688735
Epoch :  543  Epoch time :  0.19975814316421747  Train L2 Loss :  0.025127699410915375
Epoch :  544  Epoch time :  0.20217881724238396  Train L2 Loss :  0.02511997574865818
Epoch :  545  Epoch time :  0.20061658509075642  Train L2 Loss :  0.025002644965052605
Epoch :  546  Epoch time :  0.1995330061763525  Train L2 Loss :  0.024965413427352905
Epoch :  547  Epoch time :  0.2006788719445467  Train L2 Loss :  0.024915228343009948
Epoch :  548  Epoch time :  0.19999354146420956  Train L2 Loss :  0.024795102992653847
Epoch :  549  Epoch time :  0.20095162838697433  Train L2 Loss :  0.024717693120241167
Epoch :  550  Epoch time :  0.201492203399539  Train L2 Loss :  0.024702626240253447
Epoch :  551  Epoch time :  0.1997362319380045  Train L2 Loss :  0.024578076547384264
Epoch :  552  Epoch time :  0.20071292575448751  Train L2 Loss :  0.024570938828587532
Epoch :  553  Epoch time :  0.19981502555310726  Train L2 Loss :  0.024493813970685004
Epoch :  554  Epoch time :  0.20082198735326529  Train L2 Loss :  0.02443024082481861
Epoch :  555  Epoch time :  0.20008786488324404  Train L2 Loss :  0.02441630222797394
Epoch :  556  Epoch time :  0.19939244911074638  Train L2 Loss :  0.02455234591960907
Epoch :  557  Epoch time :  0.20045073237270117  Train L2 Loss :  0.02444267912507057
Epoch :  558  Epoch time :  0.20029458310455084  Train L2 Loss :  0.02437922046482563
Epoch :  559  Epoch time :  0.20075943134725094  Train L2 Loss :  0.024262328818440437
Epoch :  560  Epoch time :  0.19986099749803543  Train L2 Loss :  0.02438887829184532
Epoch :  561  Epoch time :  0.199581160210073  Train L2 Loss :  0.024221752884984016
Epoch :  562  Epoch time :  0.2007413413375616  Train L2 Loss :  0.024006616979837418
Epoch :  563  Epoch time :  0.20087873376905918  Train L2 Loss :  0.024023854663968086
Epoch :  564  Epoch time :  0.23187036253511906  Train L2 Loss :  0.023939964571595192
Epoch :  565  Epoch time :  0.19944297522306442  Train L2 Loss :  0.02385718858242035
Epoch :  566  Epoch time :  0.19901861809194088  Train L2 Loss :  0.023775578093528746
Epoch :  567  Epoch time :  0.19923404604196548  Train L2 Loss :  0.023785389262437822
Epoch :  568  Epoch time :  0.19859227631241083  Train L2 Loss :  0.023829097378253936
Epoch :  569  Epoch time :  0.19973377790302038  Train L2 Loss :  0.023781678783893586
Epoch :  570  Epoch time :  0.19842178095132113  Train L2 Loss :  0.023726255267858504
Epoch :  571  Epoch time :  0.1990985032171011  Train L2 Loss :  0.023653979542851446
Epoch :  572  Epoch time :  0.1993144489824772  Train L2 Loss :  0.02351482012271881
Epoch :  573  Epoch time :  0.19819465465843678  Train L2 Loss :  0.023614085105061532
Epoch :  574  Epoch time :  0.19876665342599154  Train L2 Loss :  0.02367522721886635
Epoch :  575  Epoch time :  0.19838237576186657  Train L2 Loss :  0.023589401376247408
Epoch :  576  Epoch time :  0.19936717301607132  Train L2 Loss :  0.02341285529732704
Epoch :  577  Epoch time :  0.19873985648155212  Train L2 Loss :  0.023388413149118423
Epoch :  578  Epoch time :  0.19762032758444548  Train L2 Loss :  0.02324595195055008
Epoch :  579  Epoch time :  0.19876682478934526  Train L2 Loss :  0.0232095743060112
Epoch :  580  Epoch time :  0.19854293763637543  Train L2 Loss :  0.02315646240711212
Epoch :  581  Epoch time :  0.19902490824460983  Train L2 Loss :  0.023122037959098816
Epoch :  582  Epoch time :  0.1985632348805666  Train L2 Loss :  0.02307174390554428
Epoch :  583  Epoch time :  0.19825708121061325  Train L2 Loss :  0.023075487369298934
Epoch :  584  Epoch time :  0.20618571992963552  Train L2 Loss :  0.022978671902418136
Epoch :  585  Epoch time :  0.1985259596258402  Train L2 Loss :  0.022964553380012513
Epoch :  586  Epoch time :  0.19985719211399555  Train L2 Loss :  0.02281621338427067
Epoch :  587  Epoch time :  0.19914243277162313  Train L2 Loss :  0.02279439743757248
Epoch :  588  Epoch time :  0.20006405841559172  Train L2 Loss :  0.02266081404685974
Epoch :  589  Epoch time :  0.19987461250275373  Train L2 Loss :  0.022677993687987327
Epoch :  590  Epoch time :  0.19884821772575378  Train L2 Loss :  0.02275348244905472
Epoch :  591  Epoch time :  0.20017844531685114  Train L2 Loss :  0.022695267274975776
Epoch :  592  Epoch time :  0.19890032336115837  Train L2 Loss :  0.022534507775306703
Epoch :  593  Epoch time :  0.19987180083990097  Train L2 Loss :  0.022539145451784134
Epoch :  594  Epoch time :  0.1995446290820837  Train L2 Loss :  0.022625136709213258
Epoch :  595  Epoch time :  0.1990592274814844  Train L2 Loss :  0.022413703221082687
Epoch :  596  Epoch time :  0.19957750663161278  Train L2 Loss :  0.02231052606701851
Epoch :  597  Epoch time :  0.1986472439020872  Train L2 Loss :  0.022246406665444373
Epoch :  598  Epoch time :  0.20023548230528831  Train L2 Loss :  0.022140040129423142
Epoch :  599  Epoch time :  0.19948584586381912  Train L2 Loss :  0.022120634615421294
Epoch :  600  Epoch time :  0.19810818042606115  Train L2 Loss :  0.021953747516870497
Epoch :  601  Epoch time :  0.19867295864969492  Train L2 Loss :  0.021753671377897264
Epoch :  602  Epoch time :  0.19813817832618952  Train L2 Loss :  0.021696579682826997
Epoch :  603  Epoch time :  0.19924004562199116  Train L2 Loss :  0.021667215982079505
Epoch :  604  Epoch time :  0.19884250964969397  Train L2 Loss :  0.02161832857131958
Epoch :  605  Epoch time :  0.20065760891884565  Train L2 Loss :  0.02159719608426094
Epoch :  606  Epoch time :  0.19870403409004211  Train L2 Loss :  0.021568601536750793
Epoch :  607  Epoch time :  0.19802988599985838  Train L2 Loss :  0.02155420371890068
Epoch :  608  Epoch time :  0.19885759986937046  Train L2 Loss :  0.02151736583709717
Epoch :  609  Epoch time :  0.19920714758336544  Train L2 Loss :  0.021497901667654515
Epoch :  610  Epoch time :  0.1991268703714013  Train L2 Loss :  0.02146425257921219
Epoch :  611  Epoch time :  0.19981369003653526  Train L2 Loss :  0.021431391698122023
Epoch :  612  Epoch time :  0.19881456717848778  Train L2 Loss :  0.02140401868224144
Epoch :  613  Epoch time :  0.20025940518826246  Train L2 Loss :  0.021386951792240143
Epoch :  614  Epoch time :  0.1985545326024294  Train L2 Loss :  0.021354565727710724
Epoch :  615  Epoch time :  0.1996878245845437  Train L2 Loss :  0.02131316950023174
Epoch :  616  Epoch time :  0.1992780463770032  Train L2 Loss :  0.021291690105199813
Epoch :  617  Epoch time :  0.19820808339864016  Train L2 Loss :  0.021272575348615645
Epoch :  618  Epoch time :  0.19854804035276175  Train L2 Loss :  0.02123843198120594
Epoch :  619  Epoch time :  0.19862505793571472  Train L2 Loss :  0.02119977269768715
Epoch :  620  Epoch time :  0.19863664731383324  Train L2 Loss :  0.02116892961859703
Epoch :  621  Epoch time :  0.19932178501039743  Train L2 Loss :  0.021146218848228454
Epoch :  622  Epoch time :  0.19870690908282995  Train L2 Loss :  0.02110506421327591
Epoch :  623  Epoch time :  0.19917249958962202  Train L2 Loss :  0.021068114268779754
Epoch :  624  Epoch time :  0.19915131852030754  Train L2 Loss :  0.02106057747006416
Epoch :  625  Epoch time :  0.19939705077558756  Train L2 Loss :  0.02102481428682804
Epoch :  626  Epoch time :  0.20147297345101833  Train L2 Loss :  0.0209904157936573
Epoch :  627  Epoch time :  0.19967908784747124  Train L2 Loss :  0.02096200110465288
Epoch :  628  Epoch time :  0.2003160798922181  Train L2 Loss :  0.02092585352063179
Epoch :  629  Epoch time :  0.19859828427433968  Train L2 Loss :  0.020890503710508348
Epoch :  630  Epoch time :  0.19989189319312572  Train L2 Loss :  0.020850515365600585
Epoch :  631  Epoch time :  0.19926248770207167  Train L2 Loss :  0.020808062544465065
Epoch :  632  Epoch time :  0.1983203925192356  Train L2 Loss :  0.02077750612795353
Epoch :  633  Epoch time :  0.19982945173978806  Train L2 Loss :  0.02074395921230316
Epoch :  634  Epoch time :  0.19875716045498848  Train L2 Loss :  0.020741327756643297
Epoch :  635  Epoch time :  0.1995704984292388  Train L2 Loss :  0.020714017790555955
Epoch :  636  Epoch time :  0.1998300775885582  Train L2 Loss :  0.020659674122929572
Epoch :  637  Epoch time :  0.19837660063058138  Train L2 Loss :  0.020612375071644783
Epoch :  638  Epoch time :  0.19945288728922606  Train L2 Loss :  0.020572987151145933
Epoch :  639  Epoch time :  0.19865644443780184  Train L2 Loss :  0.020532849580049514
Epoch :  640  Epoch time :  0.19931057002395391  Train L2 Loss :  0.020493905624747278
Epoch :  641  Epoch time :  0.19862151239067316  Train L2 Loss :  0.02047276417016983
Epoch :  642  Epoch time :  0.19923485815525055  Train L2 Loss :  0.020500195369124414
Epoch :  643  Epoch time :  0.20021249074488878  Train L2 Loss :  0.02041417365670204
Epoch :  644  Epoch time :  0.19893751852214336  Train L2 Loss :  0.020358679333329202
Epoch :  645  Epoch time :  0.19983113557100296  Train L2 Loss :  0.02032456911802292
Epoch :  646  Epoch time :  0.2003518007695675  Train L2 Loss :  0.020289028531312942
Epoch :  647  Epoch time :  0.19891878217458725  Train L2 Loss :  0.02024698443412781
Epoch :  648  Epoch time :  0.19913787581026554  Train L2 Loss :  0.020214563316106795
Epoch :  649  Epoch time :  0.19845458772033453  Train L2 Loss :  0.02016440721154213
Epoch :  650  Epoch time :  0.19922401197254658  Train L2 Loss :  0.02014704534113407
Epoch :  651  Epoch time :  0.19887806847691536  Train L2 Loss :  0.0200991891682148
Epoch :  652  Epoch time :  0.20070880651474  Train L2 Loss :  0.02005687655210495
Epoch :  653  Epoch time :  0.20009639859199524  Train L2 Loss :  0.020003575760126114
Epoch :  654  Epoch time :  0.19903258047997952  Train L2 Loss :  0.019982254341244697
Epoch :  655  Epoch time :  0.20045231375843287  Train L2 Loss :  0.019950575730204582
Epoch :  656  Epoch time :  0.19937097560614347  Train L2 Loss :  0.01992014189064503
Epoch :  657  Epoch time :  0.1996966851875186  Train L2 Loss :  0.019874669444561004
Epoch :  658  Epoch time :  0.19999420642852783  Train L2 Loss :  0.01985617674291134
Epoch :  659  Epoch time :  0.1990275476127863  Train L2 Loss :  0.01982162084579468
Epoch :  660  Epoch time :  0.19955257698893547  Train L2 Loss :  0.019764648875594138
Epoch :  661  Epoch time :  0.19929541647434235  Train L2 Loss :  0.019738867247104646
Epoch :  662  Epoch time :  0.19998005498200655  Train L2 Loss :  0.019716578257083894
Epoch :  663  Epoch time :  0.1992742121219635  Train L2 Loss :  0.019637461957335473
Epoch :  664  Epoch time :  0.1997289415448904  Train L2 Loss :  0.01962197847366333
Epoch :  665  Epoch time :  0.19938951171934605  Train L2 Loss :  0.019558113166689872
Epoch :  666  Epoch time :  0.2002959856763482  Train L2 Loss :  0.019512124958634375
Epoch :  667  Epoch time :  0.20006710570305586  Train L2 Loss :  0.01947107664346695
Epoch :  668  Epoch time :  0.19932216219604015  Train L2 Loss :  0.019440414974093437
Epoch :  669  Epoch time :  0.1996769616380334  Train L2 Loss :  0.01942839395701885
Epoch :  670  Epoch time :  0.1992149157449603  Train L2 Loss :  0.019381450578570367
Epoch :  671  Epoch time :  0.19861273188143969  Train L2 Loss :  0.019335217460989953
Epoch :  672  Epoch time :  0.1994778672233224  Train L2 Loss :  0.0192738239467144
Epoch :  673  Epoch time :  0.19862071983516216  Train L2 Loss :  0.019237249672412873
Epoch :  674  Epoch time :  0.19983875192701817  Train L2 Loss :  0.019184570825099945
Epoch :  675  Epoch time :  0.19988098926842213  Train L2 Loss :  0.019153451669216157
Epoch :  676  Epoch time :  0.198996739462018  Train L2 Loss :  0.019125261691212654
Epoch :  677  Epoch time :  0.20008556079119444  Train L2 Loss :  0.019109963703155517
Epoch :  678  Epoch time :  0.19901693519204855  Train L2 Loss :  0.01906497867703438
Epoch :  679  Epoch time :  0.19902959279716015  Train L2 Loss :  0.019020780995488165
Epoch :  680  Epoch time :  0.19948069285601377  Train L2 Loss :  0.018982183545827865
Epoch :  681  Epoch time :  0.197804793715477  Train L2 Loss :  0.018943646880984308
Epoch :  682  Epoch time :  0.19945223070681095  Train L2 Loss :  0.018880036813020706
Epoch :  683  Epoch time :  0.1979010496288538  Train L2 Loss :  0.01884661817252636
Epoch :  684  Epoch time :  0.19960953015834093  Train L2 Loss :  0.018803417527675628
Epoch :  685  Epoch time :  0.2004657406359911  Train L2 Loss :  0.01875349490046501
Epoch :  686  Epoch time :  0.20162546448409557  Train L2 Loss :  0.01869444138109684
Epoch :  687  Epoch time :  0.20000358391553164  Train L2 Loss :  0.01869489005804062
Epoch :  688  Epoch time :  0.19913228508085012  Train L2 Loss :  0.018632222020626067
Epoch :  689  Epoch time :  0.19978582486510277  Train L2 Loss :  0.01857396881580353
Epoch :  690  Epoch time :  0.19859025813639164  Train L2 Loss :  0.01856573467999697
Epoch :  691  Epoch time :  0.19888339471071959  Train L2 Loss :  0.018585853007435798
Epoch :  692  Epoch time :  0.19993631914258003  Train L2 Loss :  0.01848796347975731
Epoch :  693  Epoch time :  0.1983882561326027  Train L2 Loss :  0.018494776478409768
Epoch :  694  Epoch time :  0.20051990915089846  Train L2 Loss :  0.018408597868680952
Epoch :  695  Epoch time :  0.1987896542996168  Train L2 Loss :  0.018322912836074828
Epoch :  696  Epoch time :  0.19976754393428564  Train L2 Loss :  0.018290330946445464
Epoch :  697  Epoch time :  0.1993227582424879  Train L2 Loss :  0.0182588269546628
Epoch :  698  Epoch time :  0.19870338775217533  Train L2 Loss :  0.01821364421248436
Epoch :  699  Epoch time :  0.20006475783884525  Train L2 Loss :  0.018181653395295143
Epoch :  700  Epoch time :  0.19871474336832762  Train L2 Loss :  0.018065520986914635
Epoch :  701  Epoch time :  0.19990473985671997  Train L2 Loss :  0.017978439408540724
Epoch :  702  Epoch time :  0.19948075991123915  Train L2 Loss :  0.01795434531867504
Epoch :  703  Epoch time :  0.1984766824170947  Train L2 Loss :  0.017925617408752443
Epoch :  704  Epoch time :  0.19860164634883404  Train L2 Loss :  0.017906417071819305
Epoch :  705  Epoch time :  0.19806719291955233  Train L2 Loss :  0.017875626331567765
Epoch :  706  Epoch time :  0.1993527663871646  Train L2 Loss :  0.017853222408890725
Epoch :  707  Epoch time :  0.22124340757727623  Train L2 Loss :  0.01783182025253773
Epoch :  708  Epoch time :  0.19935571495443583  Train L2 Loss :  0.01780820860415697
Epoch :  709  Epoch time :  0.19877182692289352  Train L2 Loss :  0.017783225429058074
Epoch :  710  Epoch time :  0.19875517953187227  Train L2 Loss :  0.017762466943264006
Epoch :  711  Epoch time :  0.19920704420655966  Train L2 Loss :  0.01774070879817009
Epoch :  712  Epoch time :  0.19816831592470407  Train L2 Loss :  0.017715932494401933
Epoch :  713  Epoch time :  0.19875639118254185  Train L2 Loss :  0.017689820176362992
Epoch :  714  Epoch time :  0.1993782203644514  Train L2 Loss :  0.017662728103995322
Epoch :  715  Epoch time :  0.19840698316693306  Train L2 Loss :  0.017642255842685698
Epoch :  716  Epoch time :  0.1992779579013586  Train L2 Loss :  0.01761960861980915
Epoch :  717  Epoch time :  0.19975602254271507  Train L2 Loss :  0.01759770066142082
Epoch :  718  Epoch time :  0.19933923985809088  Train L2 Loss :  0.017570545241236687
Epoch :  719  Epoch time :  0.19892868027091026  Train L2 Loss :  0.017548357355594634
Epoch :  720  Epoch time :  0.19817629270255566  Train L2 Loss :  0.01752078993618488
Epoch :  721  Epoch time :  0.19926811754703522  Train L2 Loss :  0.017499328994750978
Epoch :  722  Epoch time :  0.19878134317696095  Train L2 Loss :  0.017479243218898773
Epoch :  723  Epoch time :  0.20034203864634037  Train L2 Loss :  0.01744342903792858
Epoch :  724  Epoch time :  0.1997960153967142  Train L2 Loss :  0.017419441355764866
Epoch :  725  Epoch time :  0.19933251850306988  Train L2 Loss :  0.0173906007707119
Epoch :  726  Epoch time :  0.19945991970598698  Train L2 Loss :  0.017367120438814162
Epoch :  727  Epoch time :  0.19846225809305906  Train L2 Loss :  0.01734491111636162
Epoch :  728  Epoch time :  0.19963862840086222  Train L2 Loss :  0.017320365846157072
Epoch :  729  Epoch time :  0.19969371054321527  Train L2 Loss :  0.01729134409725666
Epoch :  730  Epoch time :  0.20584114268422127  Train L2 Loss :  0.017265887808799743
Epoch :  731  Epoch time :  0.1990120280534029  Train L2 Loss :  0.017238838708400726
Epoch :  732  Epoch time :  0.1989493863657117  Train L2 Loss :  0.017210493898391722
Epoch :  733  Epoch time :  0.19956007041037083  Train L2 Loss :  0.017186657691001892
Epoch :  734  Epoch time :  0.1991071179509163  Train L2 Loss :  0.017164129781723023
Epoch :  735  Epoch time :  0.19895880296826363  Train L2 Loss :  0.01713647333085537
Epoch :  736  Epoch time :  0.19876082241535187  Train L2 Loss :  0.017107950645685197
Epoch :  737  Epoch time :  0.19855602364987135  Train L2 Loss :  0.017089182007312773
Epoch :  738  Epoch time :  0.19907411560416222  Train L2 Loss :  0.017054420679807662
Epoch :  739  Epoch time :  0.19789967499673367  Train L2 Loss :  0.01703212093561888
Epoch :  740  Epoch time :  0.1994926631450653  Train L2 Loss :  0.017002324271202088
Epoch :  741  Epoch time :  0.20054772775620222  Train L2 Loss :  0.01698251250386238
Epoch :  742  Epoch time :  0.1995426183566451  Train L2 Loss :  0.016957808564603327
Epoch :  743  Epoch time :  0.19975228887051344  Train L2 Loss :  0.016928418469429017
Epoch :  744  Epoch time :  0.1998842153698206  Train L2 Loss :  0.016903612986207007
Epoch :  745  Epoch time :  0.19990453775972128  Train L2 Loss :  0.016881922402977943
Epoch :  746  Epoch time :  0.2002349104732275  Train L2 Loss :  0.016850446158647538
Epoch :  747  Epoch time :  0.19920860696583986  Train L2 Loss :  0.016831801714003086
Epoch :  748  Epoch time :  0.20132825151085854  Train L2 Loss :  0.016794861924648286
Epoch :  749  Epoch time :  0.19876194465905428  Train L2 Loss :  0.01678095813989639
Epoch :  750  Epoch time :  0.2005987288430333  Train L2 Loss :  0.016746643722057343
Epoch :  751  Epoch time :  0.2027499470859766  Train L2 Loss :  0.016717541632056236
Epoch :  752  Epoch time :  0.19940019864588976  Train L2 Loss :  0.016697269932925703
Epoch :  753  Epoch time :  0.1998126031830907  Train L2 Loss :  0.016669871515035628
Epoch :  754  Epoch time :  0.1981658972799778  Train L2 Loss :  0.0166436311006546
Epoch :  755  Epoch time :  0.19978302530944347  Train L2 Loss :  0.01661642271280289
Epoch :  756  Epoch time :  0.1999071929603815  Train L2 Loss :  0.016593742448091506
Epoch :  757  Epoch time :  0.1996693927794695  Train L2 Loss :  0.016570726278424264
Epoch :  758  Epoch time :  0.20015431847423315  Train L2 Loss :  0.016543039429187775
Epoch :  759  Epoch time :  0.1995996404439211  Train L2 Loss :  0.01652375429570675
Epoch :  760  Epoch time :  0.20013291854411364  Train L2 Loss :  0.016492862331867218
Epoch :  761  Epoch time :  0.1996203763410449  Train L2 Loss :  0.016473114788532257
Epoch :  762  Epoch time :  0.19950889702886343  Train L2 Loss :  0.01644271376132965
Epoch :  763  Epoch time :  0.1996642490848899  Train L2 Loss :  0.016414283561706544
Epoch :  764  Epoch time :  0.19861705414950848  Train L2 Loss :  0.016396794307231902
Epoch :  765  Epoch time :  0.1993686081841588  Train L2 Loss :  0.016373699939250946
Epoch :  766  Epoch time :  0.1996487295255065  Train L2 Loss :  0.016358000886440276
Epoch :  767  Epoch time :  0.20029995497316122  Train L2 Loss :  0.016321636275947096
Epoch :  768  Epoch time :  0.20103258080780506  Train L2 Loss :  0.01629575582444668
Epoch :  769  Epoch time :  0.20015145651996136  Train L2 Loss :  0.016274456211924554
Epoch :  770  Epoch time :  0.19985503982752562  Train L2 Loss :  0.016242805927991866
Epoch :  771  Epoch time :  0.20158384181559086  Train L2 Loss :  0.016216935646533967
Epoch :  772  Epoch time :  0.2004378940910101  Train L2 Loss :  0.016200187447667123
Epoch :  773  Epoch time :  0.19994197692722082  Train L2 Loss :  0.01617935247719288
Epoch :  774  Epoch time :  0.19959351234138012  Train L2 Loss :  0.016150355678796767
Epoch :  775  Epoch time :  0.20042152144014835  Train L2 Loss :  0.01613489700257778
Epoch :  776  Epoch time :  0.19960057362914085  Train L2 Loss :  0.016102204099297523
Epoch :  777  Epoch time :  0.20014889258891344  Train L2 Loss :  0.016076907609403134
Epoch :  778  Epoch time :  0.2001162339001894  Train L2 Loss :  0.016052190008759498
Epoch :  779  Epoch time :  0.19958915747702122  Train L2 Loss :  0.016030058331787587
Epoch :  780  Epoch time :  0.19993878435343504  Train L2 Loss :  0.016022355557978152
Epoch :  781  Epoch time :  0.1987275630235672  Train L2 Loss :  0.015993465036153794
Epoch :  782  Epoch time :  0.20017567090690136  Train L2 Loss :  0.015968890619277955
Epoch :  783  Epoch time :  0.19966366607695818  Train L2 Loss :  0.01595342089533806
Epoch :  784  Epoch time :  0.20041779521852732  Train L2 Loss :  0.015925232312083246
Epoch :  785  Epoch time :  0.19974674005061388  Train L2 Loss :  0.015893432545661928
Epoch :  786  Epoch time :  0.19939674623310566  Train L2 Loss :  0.015871415102481842
Epoch :  787  Epoch time :  0.20034323632717133  Train L2 Loss :  0.01585057116895914
Epoch :  788  Epoch time :  0.200105182826519  Train L2 Loss :  0.015826096510887146
Epoch :  789  Epoch time :  0.200623688288033  Train L2 Loss :  0.01579468079507351
Epoch :  790  Epoch time :  0.20056067127734423  Train L2 Loss :  0.01577919269949198
Epoch :  791  Epoch time :  0.20252833887934685  Train L2 Loss :  0.015759387654066086
Epoch :  792  Epoch time :  0.2004358246922493  Train L2 Loss :  0.015720059722661973
Epoch :  793  Epoch time :  0.19949365220963955  Train L2 Loss :  0.015703586331009864
Epoch :  794  Epoch time :  0.20073628798127174  Train L2 Loss :  0.01568828763961792
Epoch :  795  Epoch time :  0.2009151726961136  Train L2 Loss :  0.015659075450897217
Epoch :  796  Epoch time :  0.19982179813086987  Train L2 Loss :  0.01563591574281454
Epoch :  797  Epoch time :  0.2002859441563487  Train L2 Loss :  0.015610145562887192
Epoch :  798  Epoch time :  0.19975138548761606  Train L2 Loss :  0.01560439079105854
Epoch :  799  Epoch time :  0.20068771671503782  Train L2 Loss :  0.015579895462095738
Epoch :  800  Epoch time :  0.19959759805351496  Train L2 Loss :  0.015515172636508942
Epoch :  801  Epoch time :  0.20059137511998415  Train L2 Loss :  0.01548617147654295
Epoch :  802  Epoch time :  0.20031072851270437  Train L2 Loss :  0.015473889777064324
Epoch :  803  Epoch time :  0.1994863385334611  Train L2 Loss :  0.015462697233259678
Epoch :  804  Epoch time :  0.2020925935357809  Train L2 Loss :  0.015450038081407547
Epoch :  805  Epoch time :  0.1996799074113369  Train L2 Loss :  0.015437440320849418
Epoch :  806  Epoch time :  0.2011294486001134  Train L2 Loss :  0.015425229969620705
Epoch :  807  Epoch time :  0.2008864264935255  Train L2 Loss :  0.015414007769525052
Epoch :  808  Epoch time :  0.19934556260704994  Train L2 Loss :  0.015401087874174118
Epoch :  809  Epoch time :  0.20010282564908266  Train L2 Loss :  0.015387086486816406
Epoch :  810  Epoch time :  0.20010866038501263  Train L2 Loss :  0.015375568929314614
Epoch :  811  Epoch time :  0.20214657578617334  Train L2 Loss :  0.015365204364061356
Epoch :  812  Epoch time :  0.20101358089596033  Train L2 Loss :  0.015352894535660744
Epoch :  813  Epoch time :  0.20034077297896147  Train L2 Loss :  0.015339843696355819
Epoch :  814  Epoch time :  0.20086015108972788  Train L2 Loss :  0.01532679678350687
Epoch :  815  Epoch time :  0.19991477858275175  Train L2 Loss :  0.015316341960430146
Epoch :  816  Epoch time :  0.20095134619623423  Train L2 Loss :  0.015302421496808528
Epoch :  817  Epoch time :  0.20034910459071398  Train L2 Loss :  0.015291156315803528
Epoch :  818  Epoch time :  0.20037189405411482  Train L2 Loss :  0.015277265305817127
Epoch :  819  Epoch time :  0.20028620213270187  Train L2 Loss :  0.015263981205224991
Epoch :  820  Epoch time :  0.19980266876518726  Train L2 Loss :  0.015254027573764324
Epoch :  821  Epoch time :  0.20080908574163914  Train L2 Loss :  0.015240296909213066
Epoch :  822  Epoch time :  0.20050732232630253  Train L2 Loss :  0.015226915767788887
Epoch :  823  Epoch time :  0.20059361308813095  Train L2 Loss :  0.015214111629128457
Epoch :  824  Epoch time :  0.20013688784092665  Train L2 Loss :  0.015200485314428806
Epoch :  825  Epoch time :  0.20014998316764832  Train L2 Loss :  0.015188131588697433
Epoch :  826  Epoch time :  0.20092615392059088  Train L2 Loss :  0.015176356260478497
Epoch :  827  Epoch time :  0.19978480134159327  Train L2 Loss :  0.01516166395843029
Epoch :  828  Epoch time :  0.2007146580144763  Train L2 Loss :  0.015148768171668053
Epoch :  829  Epoch time :  0.20066186785697937  Train L2 Loss :  0.015137187425792217
Epoch :  830  Epoch time :  0.19981140550225973  Train L2 Loss :  0.01511874440163374
Epoch :  831  Epoch time :  0.2027018154039979  Train L2 Loss :  0.015105457469820976
Epoch :  832  Epoch time :  0.20014632027596235  Train L2 Loss :  0.015093735548853874
Epoch :  833  Epoch time :  0.20017277728766203  Train L2 Loss :  0.015079870200157166
Epoch :  834  Epoch time :  0.19939633179455996  Train L2 Loss :  0.01506632080078125
Epoch :  835  Epoch time :  0.20028636325150728  Train L2 Loss :  0.015054834577441216
Epoch :  836  Epoch time :  0.20087110344320536  Train L2 Loss :  0.015041928273439408
Epoch :  837  Epoch time :  0.2001820681616664  Train L2 Loss :  0.01502879735827446
Epoch :  838  Epoch time :  0.2011095406487584  Train L2 Loss :  0.01501220754981041
Epoch :  839  Epoch time :  0.20006749033927917  Train L2 Loss :  0.014998180159926414
Epoch :  840  Epoch time :  0.20000715646892786  Train L2 Loss :  0.014985633662343026
Epoch :  841  Epoch time :  0.2009917087852955  Train L2 Loss :  0.014973767341673374
Epoch :  842  Epoch time :  0.20038658939301968  Train L2 Loss :  0.014959448736906052
Epoch :  843  Epoch time :  0.20066118240356445  Train L2 Loss :  0.014944623583555222
Epoch :  844  Epoch time :  0.19945990573614836  Train L2 Loss :  0.014934461724758149
Epoch :  845  Epoch time :  0.20055113080888987  Train L2 Loss :  0.014917990216612815
Epoch :  846  Epoch time :  0.20041727926582098  Train L2 Loss :  0.01490277400314808
Epoch :  847  Epoch time :  0.19935935828834772  Train L2 Loss :  0.014891290938854218
Epoch :  848  Epoch time :  0.200713898986578  Train L2 Loss :  0.01487548588514328
Epoch :  849  Epoch time :  0.20036604441702366  Train L2 Loss :  0.01486230137348175
Epoch :  850  Epoch time :  0.20068837981671095  Train L2 Loss :  0.014850970914959908
Epoch :  851  Epoch time :  0.2018447769805789  Train L2 Loss :  0.014838442361354828
Epoch :  852  Epoch time :  0.22250067070126534  Train L2 Loss :  0.014822971618175506
Epoch :  853  Epoch time :  0.20116747077554464  Train L2 Loss :  0.014809591603279115
Epoch :  854  Epoch time :  0.20026098750531673  Train L2 Loss :  0.014796219500899314
Epoch :  855  Epoch time :  0.20058516506105661  Train L2 Loss :  0.014782895030081272
Epoch :  856  Epoch time :  0.20005247462540865  Train L2 Loss :  0.014772593204677106
Epoch :  857  Epoch time :  0.2008302267640829  Train L2 Loss :  0.014751111912727356
Epoch :  858  Epoch time :  0.201255121268332  Train L2 Loss :  0.014738307064771652
Epoch :  859  Epoch time :  0.20070708356797695  Train L2 Loss :  0.014725402675569058
Epoch :  860  Epoch time :  0.20103694312274456  Train L2 Loss :  0.014714846456050873
Epoch :  861  Epoch time :  0.2006515758112073  Train L2 Loss :  0.014698228439688682
Epoch :  862  Epoch time :  0.20030258037149906  Train L2 Loss :  0.01468344933539629
Epoch :  863  Epoch time :  0.20130369439721107  Train L2 Loss :  0.014671087637543679
Epoch :  864  Epoch time :  0.20049579720944166  Train L2 Loss :  0.014653964293003082
Epoch :  865  Epoch time :  0.20040063187479973  Train L2 Loss :  0.01464285786151886
Epoch :  866  Epoch time :  0.19995620381087065  Train L2 Loss :  0.014633274793624878
Epoch :  867  Epoch time :  0.20136237796396017  Train L2 Loss :  0.014620952822268008
Epoch :  868  Epoch time :  0.20003353711217642  Train L2 Loss :  0.01460071877837181
Epoch :  869  Epoch time :  0.20070815552026033  Train L2 Loss :  0.014586621242761612
Epoch :  870  Epoch time :  0.2006511092185974  Train L2 Loss :  0.01457200296074152
Epoch :  871  Epoch time :  0.20627180766314268  Train L2 Loss :  0.014562929022312165
Epoch :  872  Epoch time :  0.2006211755797267  Train L2 Loss :  0.014547375419735909
Epoch :  873  Epoch time :  0.20032666344195604  Train L2 Loss :  0.014534129625558853
Epoch :  874  Epoch time :  0.20118638686835766  Train L2 Loss :  0.014518864147365093
Epoch :  875  Epoch time :  0.20117558259516954  Train L2 Loss :  0.01450328921675682
Epoch :  876  Epoch time :  0.20031441375613213  Train L2 Loss :  0.014490458530187607
Epoch :  877  Epoch time :  0.20061088632792234  Train L2 Loss :  0.014475269722938538
Epoch :  878  Epoch time :  0.20039695501327515  Train L2 Loss :  0.014462016704678535
Epoch :  879  Epoch time :  0.2004959722980857  Train L2 Loss :  0.014450855405628682
Epoch :  880  Epoch time :  0.20078312326222658  Train L2 Loss :  0.014435114590823651
Epoch :  881  Epoch time :  0.19979122653603554  Train L2 Loss :  0.014423391580581665
Epoch :  882  Epoch time :  0.20034581143409014  Train L2 Loss :  0.01440799339413643
Epoch :  883  Epoch time :  0.19926169607788324  Train L2 Loss :  0.014392066964507103
Epoch :  884  Epoch time :  0.20087246783077717  Train L2 Loss :  0.014378033441305161
Epoch :  885  Epoch time :  0.2004843121394515  Train L2 Loss :  0.01436450396478176
Epoch :  886  Epoch time :  0.19965475425124168  Train L2 Loss :  0.014350659961998464
Epoch :  887  Epoch time :  0.20081006921827793  Train L2 Loss :  0.014336105978488922
Epoch :  888  Epoch time :  0.19978902023285627  Train L2 Loss :  0.014326610752940177
Epoch :  889  Epoch time :  0.20002418663352728  Train L2 Loss :  0.01430956998616457
Epoch :  890  Epoch time :  0.19974524900317192  Train L2 Loss :  0.014297462616860867
Epoch :  891  Epoch time :  0.20079367514699697  Train L2 Loss :  0.014283317305147649
Epoch :  892  Epoch time :  0.2001605611294508  Train L2 Loss :  0.014268157774209976
Epoch :  893  Epoch time :  0.1991538442671299  Train L2 Loss :  0.014255366063117982
Epoch :  894  Epoch time :  0.20282042771577835  Train L2 Loss :  0.014241463689506054
Epoch :  895  Epoch time :  0.19967780634760857  Train L2 Loss :  0.014225603422522545
Epoch :  896  Epoch time :  0.2001987062394619  Train L2 Loss :  0.014213962525129319
Epoch :  897  Epoch time :  0.20058431942015886  Train L2 Loss :  0.014200602242350579
Epoch :  898  Epoch time :  0.1999388225376606  Train L2 Loss :  0.014185401403903961
Epoch :  899  Epoch time :  0.1999420914798975  Train L2 Loss :  0.014171619433164596
Epoch :  900  Epoch time :  0.20021039713174105  Train L2 Loss :  0.014146710777282715
Epoch :  901  Epoch time :  0.2008796762675047  Train L2 Loss :  0.01413457087278366
Epoch :  902  Epoch time :  0.2006124658510089  Train L2 Loss :  0.014126700858771801
Epoch :  903  Epoch time :  0.19965252839028835  Train L2 Loss :  0.014119604666531086
Epoch :  904  Epoch time :  0.2010452477261424  Train L2 Loss :  0.014112875865399837
Epoch :  905  Epoch time :  0.20093344151973724  Train L2 Loss :  0.014104972794651985
Epoch :  906  Epoch time :  0.20064879953861237  Train L2 Loss :  0.014098609513044357
Epoch :  907  Epoch time :  0.20048782508820295  Train L2 Loss :  0.014092910549044609
Epoch :  908  Epoch time :  0.20007856842130423  Train L2 Loss :  0.014084644356369972
Epoch :  909  Epoch time :  0.20013657491654158  Train L2 Loss :  0.014077958887815475
Epoch :  910  Epoch time :  0.2000725558027625  Train L2 Loss :  0.014071246495842933
Epoch :  911  Epoch time :  0.2007788047194481  Train L2 Loss :  0.014063294279575348
Epoch :  912  Epoch time :  0.20001581124961376  Train L2 Loss :  0.01405606508255005
Epoch :  913  Epoch time :  0.20041267946362495  Train L2 Loss :  0.014050057649612428
Epoch :  914  Epoch time :  0.20189048256725073  Train L2 Loss :  0.014042335031926633
Epoch :  915  Epoch time :  0.1993582546710968  Train L2 Loss :  0.014034646278619766
Epoch :  916  Epoch time :  0.20075479801744223  Train L2 Loss :  0.014028206098079681
Epoch :  917  Epoch time :  0.19999701250344515  Train L2 Loss :  0.014020391795039177
Epoch :  918  Epoch time :  0.20130945648998022  Train L2 Loss :  0.014012358620762826
Epoch :  919  Epoch time :  0.20228170976042747  Train L2 Loss :  0.014005051043629646
Epoch :  920  Epoch time :  0.20061063766479492  Train L2 Loss :  0.013998488192260265
Epoch :  921  Epoch time :  0.20077293179929256  Train L2 Loss :  0.013991689406335354
Epoch :  922  Epoch time :  0.2005312740802765  Train L2 Loss :  0.013983259472250938
Epoch :  923  Epoch time :  0.20109640154987574  Train L2 Loss :  0.01397677506506443
Epoch :  924  Epoch time :  0.20012532826513052  Train L2 Loss :  0.01396776337325573
Epoch :  925  Epoch time :  0.19954506028443575  Train L2 Loss :  0.01396063374876976
Epoch :  926  Epoch time :  0.2011789297685027  Train L2 Loss :  0.01395439397841692
Epoch :  927  Epoch time :  0.20010308269411325  Train L2 Loss :  0.013946171820163727
Epoch :  928  Epoch time :  0.20132236555218697  Train L2 Loss :  0.013939260119199753
Epoch :  929  Epoch time :  0.2010285435244441  Train L2 Loss :  0.01393239128291607
Epoch :  930  Epoch time :  0.20107427425682545  Train L2 Loss :  0.01392429865002632
Epoch :  931  Epoch time :  0.20089934393763542  Train L2 Loss :  0.013917275516688823
Epoch :  932  Epoch time :  0.20092638675123453  Train L2 Loss :  0.01390931507050991
Epoch :  933  Epoch time :  0.20158685185015202  Train L2 Loss :  0.013901677045226097
Epoch :  934  Epoch time :  0.20059759076684713  Train L2 Loss :  0.013894421952962876
Epoch :  935  Epoch time :  0.2036566287279129  Train L2 Loss :  0.013888031578063965
Epoch :  936  Epoch time :  0.201329012401402  Train L2 Loss :  0.013880268481373787
Epoch :  937  Epoch time :  0.2007422437891364  Train L2 Loss :  0.013872502309083939
Epoch :  938  Epoch time :  0.20181540958583355  Train L2 Loss :  0.013864846689999103
Epoch :  939  Epoch time :  0.20013685431331396  Train L2 Loss :  0.013857349509000779
Epoch :  940  Epoch time :  0.20237013045698404  Train L2 Loss :  0.01384977371543646
Epoch :  941  Epoch time :  0.20050006452947855  Train L2 Loss :  0.013842811959981919
Epoch :  942  Epoch time :  0.2003573328256607  Train L2 Loss :  0.01383524030894041
Epoch :  943  Epoch time :  0.20097024831920862  Train L2 Loss :  0.01382775141298771
Epoch :  944  Epoch time :  0.2008635178208351  Train L2 Loss :  0.013818674717843532
Epoch :  945  Epoch time :  0.2004653550684452  Train L2 Loss :  0.013813491572439671
Epoch :  946  Epoch time :  0.19981198944151402  Train L2 Loss :  0.013806359198689461
Epoch :  947  Epoch time :  0.20169690158218145  Train L2 Loss :  0.013798339428007603
Epoch :  948  Epoch time :  0.20156976860016584  Train L2 Loss :  0.013788892064988614
Epoch :  949  Epoch time :  0.20035667717456818  Train L2 Loss :  0.013782253003120422
Epoch :  950  Epoch time :  0.20102071296423674  Train L2 Loss :  0.013774115592241287
Epoch :  951  Epoch time :  0.2001814916729927  Train L2 Loss :  0.01376640700995922
Epoch :  952  Epoch time :  0.20107726100832224  Train L2 Loss :  0.013759022396802902
Epoch :  953  Epoch time :  0.20126957166939974  Train L2 Loss :  0.013752188755571841
Epoch :  954  Epoch time :  0.2001708960160613  Train L2 Loss :  0.013744316840171814
Epoch :  955  Epoch time :  0.20344745460897684  Train L2 Loss :  0.013736278128623963
Epoch :  956  Epoch time :  0.2002298543229699  Train L2 Loss :  0.013729024097323418
Epoch :  957  Epoch time :  0.19996227882802486  Train L2 Loss :  0.013721051615476609
Epoch :  958  Epoch time :  0.1994697144255042  Train L2 Loss :  0.013713252341747284
Epoch :  959  Epoch time :  0.1999928280711174  Train L2 Loss :  0.013706346975266933
Epoch :  960  Epoch time :  0.20087943691760302  Train L2 Loss :  0.013699286144971847
Epoch :  961  Epoch time :  0.19998629856854677  Train L2 Loss :  0.013690739223361016
Epoch :  962  Epoch time :  0.200931035913527  Train L2 Loss :  0.013684595820307732
Epoch :  963  Epoch time :  0.2004490839317441  Train L2 Loss :  0.01367589214593172
Epoch :  964  Epoch time :  0.20096563268452883  Train L2 Loss :  0.013668590360879898
Epoch :  965  Epoch time :  0.2014642981812358  Train L2 Loss :  0.013662230521440506
Epoch :  966  Epoch time :  0.20095416344702244  Train L2 Loss :  0.013653632813692093
Epoch :  967  Epoch time :  0.20079019479453564  Train L2 Loss :  0.013644306161999702
Epoch :  968  Epoch time :  0.1994109097868204  Train L2 Loss :  0.013637227968871594
Epoch :  969  Epoch time :  0.20053934026509523  Train L2 Loss :  0.013628738683462142
Epoch :  970  Epoch time :  0.200898596085608  Train L2 Loss :  0.01362228783071041
Epoch :  971  Epoch time :  0.2002314906567335  Train L2 Loss :  0.013614714044332505
Epoch :  972  Epoch time :  0.2008856413885951  Train L2 Loss :  0.013606611901521683
Epoch :  973  Epoch time :  0.20011163596063852  Train L2 Loss :  0.013599541234970093
Epoch :  974  Epoch time :  0.20074459444731474  Train L2 Loss :  0.01359311039596796
Epoch :  975  Epoch time :  0.2019379660487175  Train L2 Loss :  0.013584196738898754
Epoch :  976  Epoch time :  0.20093102846294641  Train L2 Loss :  0.013576275642216206
Epoch :  977  Epoch time :  0.20163242053240538  Train L2 Loss :  0.013568321764469147
Epoch :  978  Epoch time :  0.2013792721554637  Train L2 Loss :  0.013562408274412156
Epoch :  979  Epoch time :  0.2014825064688921  Train L2 Loss :  0.013554359881579875
Epoch :  980  Epoch time :  0.2014975594356656  Train L2 Loss :  0.013545088988542557
Epoch :  981  Epoch time :  0.2018621377646923  Train L2 Loss :  0.013537982711195946
Epoch :  982  Epoch time :  0.20168371684849262  Train L2 Loss :  0.013529809767007827
Epoch :  983  Epoch time :  0.20001634117215872  Train L2 Loss :  0.0135231904566288
Epoch :  984  Epoch time :  0.2014715624973178  Train L2 Loss :  0.013516405779123306
Epoch :  985  Epoch time :  0.20037379767745733  Train L2 Loss :  0.013507223933935166
Epoch :  986  Epoch time :  0.20160296466201544  Train L2 Loss :  0.013499360528588295
Epoch :  987  Epoch time :  0.20127472933381796  Train L2 Loss :  0.013491861000657081
Epoch :  988  Epoch time :  0.2005716823041439  Train L2 Loss :  0.013484567050635814
Epoch :  989  Epoch time :  0.2009676666930318  Train L2 Loss :  0.013476678867638111
Epoch :  990  Epoch time :  0.20070870593190193  Train L2 Loss :  0.013469241006672383
Epoch :  991  Epoch time :  0.20053957402706146  Train L2 Loss :  0.013462148222327233
Epoch :  992  Epoch time :  0.20029794052243233  Train L2 Loss :  0.013453241485357285
Epoch :  993  Epoch time :  0.20072082430124283  Train L2 Loss :  0.013446725289523601
Epoch :  994  Epoch time :  0.20083249360322952  Train L2 Loss :  0.013439470444619656
Epoch :  995  Epoch time :  0.22202757187187672  Train L2 Loss :  0.013431666752696038
Epoch :  996  Epoch time :  0.2032828787341714  Train L2 Loss :  0.013424042640626431
Epoch :  997  Epoch time :  0.2008966077119112  Train L2 Loss :  0.013415550528466701
Epoch :  998  Epoch time :  0.2020221035927534  Train L2 Loss :  0.01340767356455326
Epoch :  999  Epoch time :  0.20144751854240894  Train L2 Loss :  0.013400863154232502
Total time is : 200.40537215862423 Total epoch is  1000
