Energy is  1.7763568394002505e-15
Input dim :  128  output dim :  4096
3473
Epoch :  0  Epoch time :  0.345064302906394  Train L2 Loss :  6.770971684265136
Epoch :  1  Epoch time :  0.16260068025439978  Train L2 Loss :  6.602580000305176
Epoch :  2  Epoch time :  0.15948728192597628  Train L2 Loss :  6.566426499938965
Epoch :  3  Epoch time :  0.15808829944580793  Train L2 Loss :  6.3817791130065915
Epoch :  4  Epoch time :  0.16007121931761503  Train L2 Loss :  6.097039832305908
Epoch :  5  Epoch time :  0.15952929109334946  Train L2 Loss :  6.0148681533813475
Epoch :  6  Epoch time :  0.15858942177146673  Train L2 Loss :  5.977337059020996
Epoch :  7  Epoch time :  0.16065787430852652  Train L2 Loss :  5.931709352874756
Epoch :  8  Epoch time :  0.16075330320745707  Train L2 Loss :  5.867676922607422
Epoch :  9  Epoch time :  0.16208734270185232  Train L2 Loss :  5.629299537658691
Epoch :  10  Epoch time :  0.16258873417973518  Train L2 Loss :  5.405785873413086
Epoch :  11  Epoch time :  0.16080653574317694  Train L2 Loss :  5.31779474029541
Epoch :  12  Epoch time :  0.15998036600649357  Train L2 Loss :  5.276813906860352
Epoch :  13  Epoch time :  0.16045759990811348  Train L2 Loss :  5.243823190307618
Epoch :  14  Epoch time :  0.16045789141207933  Train L2 Loss :  5.209991304016113
Epoch :  15  Epoch time :  0.16035995073616505  Train L2 Loss :  5.163739744567871
Epoch :  16  Epoch time :  0.16103771049529314  Train L2 Loss :  5.099205237960815
Epoch :  17  Epoch time :  0.16357414424419403  Train L2 Loss :  4.946558290100097
Epoch :  18  Epoch time :  0.16134037263691425  Train L2 Loss :  4.692900566101074
Epoch :  19  Epoch time :  0.16076383646577597  Train L2 Loss :  4.512532036590576
Epoch :  20  Epoch time :  0.15962065290659666  Train L2 Loss :  4.4161371269226075
Epoch :  21  Epoch time :  0.16183182038366795  Train L2 Loss :  4.359018934631347
Epoch :  22  Epoch time :  0.16102116368710995  Train L2 Loss :  4.309525942993164
Epoch :  23  Epoch time :  0.15944559127092361  Train L2 Loss :  4.264027883911133
Epoch :  24  Epoch time :  0.16231615655124187  Train L2 Loss :  4.216714518737793
Epoch :  25  Epoch time :  0.16362336743623018  Train L2 Loss :  4.170566525268555
Epoch :  26  Epoch time :  0.1590082785114646  Train L2 Loss :  4.106933109283447
Epoch :  27  Epoch time :  0.16268049366772175  Train L2 Loss :  4.0176570449829105
Epoch :  28  Epoch time :  0.16087945457547903  Train L2 Loss :  3.912014867401123
Epoch :  29  Epoch time :  0.1594717726111412  Train L2 Loss :  3.790255647277832
Epoch :  30  Epoch time :  0.16252211295068264  Train L2 Loss :  3.7348503158569337
Epoch :  31  Epoch time :  0.16126760374754667  Train L2 Loss :  3.673833923530579
Epoch :  32  Epoch time :  0.16451252531260252  Train L2 Loss :  3.597120446777344
Epoch :  33  Epoch time :  0.16414232924580574  Train L2 Loss :  3.541866365814209
Epoch :  34  Epoch time :  0.16228547226637602  Train L2 Loss :  3.513585493850708
Epoch :  35  Epoch time :  0.15946572925895452  Train L2 Loss :  3.4954554244995117
Epoch :  36  Epoch time :  0.16175172291696072  Train L2 Loss :  3.487809080505371
Epoch :  37  Epoch time :  0.16269471123814583  Train L2 Loss :  3.4871898849487306
Epoch :  38  Epoch time :  0.15955616254359484  Train L2 Loss :  3.4661276319503784
Epoch :  39  Epoch time :  0.16135243140161037  Train L2 Loss :  3.4451955940246584
Epoch :  40  Epoch time :  0.16479971632361412  Train L2 Loss :  3.433171664428711
Epoch :  41  Epoch time :  0.16417707689106464  Train L2 Loss :  3.427051072692871
Epoch :  42  Epoch time :  0.16152667347341776  Train L2 Loss :  3.42694065246582
Epoch :  43  Epoch time :  0.16126821842044592  Train L2 Loss :  3.4144654848098757
Epoch :  44  Epoch time :  0.1607870990410447  Train L2 Loss :  3.3987933792114258
Epoch :  45  Epoch time :  0.16111182235181332  Train L2 Loss :  3.4072661521911622
Epoch :  46  Epoch time :  0.1609382601454854  Train L2 Loss :  3.391931901168823
Epoch :  47  Epoch time :  0.1598597764968872  Train L2 Loss :  3.370386811828613
Epoch :  48  Epoch time :  0.16363780945539474  Train L2 Loss :  3.345580783843994
Epoch :  49  Epoch time :  0.16126726008951664  Train L2 Loss :  3.336163377380371
Epoch :  50  Epoch time :  0.16043308470398188  Train L2 Loss :  3.3343930137634277
Epoch :  51  Epoch time :  0.1612812513485551  Train L2 Loss :  3.3078493896484376
Epoch :  52  Epoch time :  0.16101745702326298  Train L2 Loss :  3.294515246963501
Epoch :  53  Epoch time :  0.15988634806126356  Train L2 Loss :  3.2835560485839843
Epoch :  54  Epoch time :  0.16384502407163382  Train L2 Loss :  3.2690020137786866
Epoch :  55  Epoch time :  0.1608743816614151  Train L2 Loss :  3.241152519607544
Epoch :  56  Epoch time :  0.15992390271276236  Train L2 Loss :  3.2182241401672362
Epoch :  57  Epoch time :  0.16163264866918325  Train L2 Loss :  3.206373922729492
Epoch :  58  Epoch time :  0.1611521653831005  Train L2 Loss :  3.180855500793457
Epoch :  59  Epoch time :  0.15993328485637903  Train L2 Loss :  3.1547614833831785
Epoch :  60  Epoch time :  0.1616029730066657  Train L2 Loss :  3.144473656082153
Epoch :  61  Epoch time :  0.16156035009771585  Train L2 Loss :  3.1251650955200194
Epoch :  62  Epoch time :  0.15988084487617016  Train L2 Loss :  3.1076224700927733
Epoch :  63  Epoch time :  0.16124722082167864  Train L2 Loss :  3.102876958465576
Epoch :  64  Epoch time :  0.16196951549500227  Train L2 Loss :  3.076294268798828
Epoch :  65  Epoch time :  0.15989142283797264  Train L2 Loss :  3.0614619926452638
Epoch :  66  Epoch time :  0.16129607614129782  Train L2 Loss :  3.0547778884887697
Epoch :  67  Epoch time :  0.16351061593741179  Train L2 Loss :  3.0484161056518553
Epoch :  68  Epoch time :  0.1597761930897832  Train L2 Loss :  3.029552305603027
Epoch :  69  Epoch time :  0.16127166617661715  Train L2 Loss :  3.0203741760253906
Epoch :  70  Epoch time :  0.16223253216594458  Train L2 Loss :  3.009087397003174
Epoch :  71  Epoch time :  0.1597587764263153  Train L2 Loss :  2.9983024757385253
Epoch :  72  Epoch time :  0.16234732139855623  Train L2 Loss :  2.9909372901916504
Epoch :  73  Epoch time :  0.16378930117934942  Train L2 Loss :  2.9787533931732177
Epoch :  74  Epoch time :  0.16039933264255524  Train L2 Loss :  2.96484408531189
Epoch :  75  Epoch time :  0.16146737337112427  Train L2 Loss :  2.9630603759765624
Epoch :  76  Epoch time :  0.16159825958311558  Train L2 Loss :  2.9529245754241944
Epoch :  77  Epoch time :  0.1604719227179885  Train L2 Loss :  2.9395062179565428
Epoch :  78  Epoch time :  0.16173483803868294  Train L2 Loss :  2.9295106418609618
Epoch :  79  Epoch time :  0.1615526033565402  Train L2 Loss :  2.919966289138794
Epoch :  80  Epoch time :  0.16216439381241798  Train L2 Loss :  2.913312739944458
Epoch :  81  Epoch time :  0.16119867283850908  Train L2 Loss :  2.921305601501465
Epoch :  82  Epoch time :  0.16132907755672932  Train L2 Loss :  2.9044204643249514
Epoch :  83  Epoch time :  0.15813760831952095  Train L2 Loss :  2.8831251472473145
Epoch :  84  Epoch time :  0.1628299644216895  Train L2 Loss :  2.871644564819336
Epoch :  85  Epoch time :  0.16147467400878668  Train L2 Loss :  2.861172708129883
Epoch :  86  Epoch time :  0.15971966460347176  Train L2 Loss :  2.854022792816162
Epoch :  87  Epoch time :  0.16670711152255535  Train L2 Loss :  2.8406905212402345
Epoch :  88  Epoch time :  0.16298058722168207  Train L2 Loss :  2.827902786254883
Epoch :  89  Epoch time :  0.160129239782691  Train L2 Loss :  2.822699761199951
Epoch :  90  Epoch time :  0.16216884646564722  Train L2 Loss :  2.804689003562927
Epoch :  91  Epoch time :  0.16211972665041685  Train L2 Loss :  2.787092120361328
Epoch :  92  Epoch time :  0.15966356545686722  Train L2 Loss :  2.820148661804199
Epoch :  93  Epoch time :  0.16362926457077265  Train L2 Loss :  2.7597509326934815
Epoch :  94  Epoch time :  0.1628417121246457  Train L2 Loss :  2.748977212524414
Epoch :  95  Epoch time :  0.15995263867080212  Train L2 Loss :  2.7343077713012693
Epoch :  96  Epoch time :  0.1611483246088028  Train L2 Loss :  2.7283094074249266
Epoch :  97  Epoch time :  0.16279929876327515  Train L2 Loss :  2.7102481845855713
Epoch :  98  Epoch time :  0.15937884710729122  Train L2 Loss :  2.699638830947876
Epoch :  99  Epoch time :  0.16154772974550724  Train L2 Loss :  2.7061859127044676
Epoch :  100  Epoch time :  0.17544169072061777  Train L2 Loss :  2.6784577713012694
Epoch :  101  Epoch time :  0.15924490336328745  Train L2 Loss :  2.6636574270248414
Epoch :  102  Epoch time :  0.15924768522381783  Train L2 Loss :  2.6582728004455567
Epoch :  103  Epoch time :  0.15908612869679928  Train L2 Loss :  2.6534194160461424
Epoch :  104  Epoch time :  0.1610130313783884  Train L2 Loss :  2.644537194442749
Epoch :  105  Epoch time :  0.1597964409738779  Train L2 Loss :  2.641683123397827
Epoch :  106  Epoch time :  0.16297461092472076  Train L2 Loss :  2.6352361419677734
Epoch :  107  Epoch time :  0.16094061732292175  Train L2 Loss :  2.6306148502349855
Epoch :  108  Epoch time :  0.1604019422084093  Train L2 Loss :  2.626108031082153
Epoch :  109  Epoch time :  0.159579174593091  Train L2 Loss :  2.6147752864837646
Epoch :  110  Epoch time :  0.1613193154335022  Train L2 Loss :  2.604281729888916
Epoch :  111  Epoch time :  0.1606002040207386  Train L2 Loss :  2.5974271324157714
Epoch :  112  Epoch time :  0.15926472377032042  Train L2 Loss :  2.589223053741455
Epoch :  113  Epoch time :  0.16082627419382334  Train L2 Loss :  2.584813785934448
Epoch :  114  Epoch time :  0.16155187413096428  Train L2 Loss :  2.5784464733123778
Epoch :  115  Epoch time :  0.15935143269598484  Train L2 Loss :  2.569973230743408
Epoch :  116  Epoch time :  0.16148753836750984  Train L2 Loss :  2.562194533157349
Epoch :  117  Epoch time :  0.1616728762164712  Train L2 Loss :  2.5531677879333494
Epoch :  118  Epoch time :  0.15895067807286978  Train L2 Loss :  2.5475744300842287
Epoch :  119  Epoch time :  0.16134796291589737  Train L2 Loss :  2.540343035507202
Epoch :  120  Epoch time :  0.16192517150193453  Train L2 Loss :  2.5375952587127686
Epoch :  121  Epoch time :  0.15930855739861727  Train L2 Loss :  2.533707144165039
Epoch :  122  Epoch time :  0.1610070914030075  Train L2 Loss :  2.521730032348633
Epoch :  123  Epoch time :  0.16341550834476948  Train L2 Loss :  2.5128194871902467
Epoch :  124  Epoch time :  0.1598648615181446  Train L2 Loss :  2.506065073776245
Epoch :  125  Epoch time :  0.1613970883190632  Train L2 Loss :  2.499834059906006
Epoch :  126  Epoch time :  0.16093563195317984  Train L2 Loss :  2.493960514831543
Epoch :  127  Epoch time :  0.16127854119986296  Train L2 Loss :  2.4925089332580566
Epoch :  128  Epoch time :  0.1612028032541275  Train L2 Loss :  2.4836322700500486
Epoch :  129  Epoch time :  0.16084759216755629  Train L2 Loss :  2.4719393634796143
Epoch :  130  Epoch time :  0.15940008871257305  Train L2 Loss :  2.462344342803955
Epoch :  131  Epoch time :  0.16151219699531794  Train L2 Loss :  2.4442013435363767
Epoch :  132  Epoch time :  0.16098168771713972  Train L2 Loss :  2.4321630241394043
Epoch :  133  Epoch time :  0.15968920849263668  Train L2 Loss :  2.422798282623291
Epoch :  134  Epoch time :  0.16203286685049534  Train L2 Loss :  2.41007325668335
Epoch :  135  Epoch time :  0.16357920225709677  Train L2 Loss :  2.402222103881836
Epoch :  136  Epoch time :  0.1593133881688118  Train L2 Loss :  2.3882814876556395
Epoch :  137  Epoch time :  0.1620782809332013  Train L2 Loss :  2.3762254905700684
Epoch :  138  Epoch time :  0.16106073837727308  Train L2 Loss :  2.3618561447143556
Epoch :  139  Epoch time :  0.15923041198402643  Train L2 Loss :  2.3557921424865724
Epoch :  140  Epoch time :  0.16122646909207106  Train L2 Loss :  2.35293929977417
Epoch :  141  Epoch time :  0.16217660810798407  Train L2 Loss :  2.3413738847732546
Epoch :  142  Epoch time :  0.15921733248978853  Train L2 Loss :  2.332982763671875
Epoch :  143  Epoch time :  0.16111895628273487  Train L2 Loss :  2.3187460678100584
Epoch :  144  Epoch time :  0.16214353125542402  Train L2 Loss :  2.3062112808227537
Epoch :  145  Epoch time :  0.15930998791009188  Train L2 Loss :  2.2917363929748533
Epoch :  146  Epoch time :  0.1609723810106516  Train L2 Loss :  2.2824953563690187
Epoch :  147  Epoch time :  0.1622190298512578  Train L2 Loss :  2.2704771362304688
Epoch :  148  Epoch time :  0.16100923717021942  Train L2 Loss :  2.2639006027221678
Epoch :  149  Epoch time :  0.16082947980612516  Train L2 Loss :  2.2497125598907473
Epoch :  150  Epoch time :  0.16152143012732267  Train L2 Loss :  2.2326850746154787
Epoch :  151  Epoch time :  0.15956291928887367  Train L2 Loss :  2.217035453605652
Epoch :  152  Epoch time :  0.16102409176528454  Train L2 Loss :  2.2076574851989745
Epoch :  153  Epoch time :  0.16166040394455194  Train L2 Loss :  2.181931873703003
Epoch :  154  Epoch time :  0.16032152343541384  Train L2 Loss :  2.1708565908432007
Epoch :  155  Epoch time :  0.16129476483911276  Train L2 Loss :  2.1535728435516357
Epoch :  156  Epoch time :  0.16135140415281057  Train L2 Loss :  2.143631684112549
Epoch :  157  Epoch time :  0.16055251751095057  Train L2 Loss :  2.135940231704712
Epoch :  158  Epoch time :  0.16154744755476713  Train L2 Loss :  2.1246518505096437
Epoch :  159  Epoch time :  0.1614825064316392  Train L2 Loss :  2.1135601463317872
Epoch :  160  Epoch time :  0.160129408352077  Train L2 Loss :  2.1061739181518555
Epoch :  161  Epoch time :  0.16206372994929552  Train L2 Loss :  2.1003020835876467
Epoch :  162  Epoch time :  0.16129677463322878  Train L2 Loss :  2.0958967197418215
Epoch :  163  Epoch time :  0.1601348090916872  Train L2 Loss :  2.0916911712646487
Epoch :  164  Epoch time :  0.1619829386472702  Train L2 Loss :  2.077447074127197
Epoch :  165  Epoch time :  0.16161246877163649  Train L2 Loss :  2.0702071052551267
Epoch :  166  Epoch time :  0.1610121289268136  Train L2 Loss :  2.061673002052307
Epoch :  167  Epoch time :  0.16245634201914072  Train L2 Loss :  2.055123225784302
Epoch :  168  Epoch time :  0.1621762914583087  Train L2 Loss :  2.0488084941864013
Epoch :  169  Epoch time :  0.1612069010734558  Train L2 Loss :  2.0465863815307617
Epoch :  170  Epoch time :  0.16173481568694115  Train L2 Loss :  2.0379208892822267
Epoch :  171  Epoch time :  0.16249602660536766  Train L2 Loss :  2.0357601119995117
Epoch :  172  Epoch time :  0.16036227252334356  Train L2 Loss :  2.036324513244629
Epoch :  173  Epoch time :  0.16157679446041584  Train L2 Loss :  2.022138994026184
Epoch :  174  Epoch time :  0.16205651313066483  Train L2 Loss :  2.016177135467529
Epoch :  175  Epoch time :  0.16033524461090565  Train L2 Loss :  2.0116975608825682
Epoch :  176  Epoch time :  0.16197519656270742  Train L2 Loss :  2.0022476289749145
Epoch :  177  Epoch time :  0.16188401822000742  Train L2 Loss :  1.998031234741211
Epoch :  178  Epoch time :  0.16136410180479288  Train L2 Loss :  1.9905845153808595
Epoch :  179  Epoch time :  0.1621940853074193  Train L2 Loss :  1.9847045961380005
Epoch :  180  Epoch time :  0.16185058932751417  Train L2 Loss :  1.9743944625854493
Epoch :  181  Epoch time :  0.16119601670652628  Train L2 Loss :  1.97078434715271
Epoch :  182  Epoch time :  0.16260263975709677  Train L2 Loss :  1.9648990299224853
Epoch :  183  Epoch time :  0.16207201220095158  Train L2 Loss :  1.9589210525512695
Epoch :  184  Epoch time :  0.16134253796190023  Train L2 Loss :  1.9570793609619141
Epoch :  185  Epoch time :  0.1625586412847042  Train L2 Loss :  1.9598547084808349
Epoch :  186  Epoch time :  0.16205547656863928  Train L2 Loss :  1.9424426250457765
Epoch :  187  Epoch time :  0.16047315206378698  Train L2 Loss :  1.93903822555542
Epoch :  188  Epoch time :  0.16313087940216064  Train L2 Loss :  1.9350105838775635
Epoch :  189  Epoch time :  0.16192075982689857  Train L2 Loss :  1.9328927536010743
Epoch :  190  Epoch time :  0.16164675913751125  Train L2 Loss :  1.9202475025177002
Epoch :  191  Epoch time :  0.1632625199854374  Train L2 Loss :  1.9121581779479981
Epoch :  192  Epoch time :  0.16214623767882586  Train L2 Loss :  1.906985290145874
Epoch :  193  Epoch time :  0.1602805033326149  Train L2 Loss :  1.9012718769073487
Epoch :  194  Epoch time :  0.16240395978093147  Train L2 Loss :  1.8946923274993897
Epoch :  195  Epoch time :  0.1634917501360178  Train L2 Loss :  1.8882802619934083
Epoch :  196  Epoch time :  0.16034773830324411  Train L2 Loss :  1.883809586906433
Epoch :  197  Epoch time :  0.16263428889214993  Train L2 Loss :  1.8849355316162109
Epoch :  198  Epoch time :  0.16538178455084562  Train L2 Loss :  1.8747229875564575
Epoch :  199  Epoch time :  0.16022774297744036  Train L2 Loss :  1.864581290435791
Epoch :  200  Epoch time :  0.16206692904233932  Train L2 Loss :  1.8560979370117188
Epoch :  201  Epoch time :  0.16349725238978863  Train L2 Loss :  1.850861953353882
Epoch :  202  Epoch time :  0.16064760833978653  Train L2 Loss :  1.8490917095184327
Epoch :  203  Epoch time :  0.16234233416616917  Train L2 Loss :  1.8462717998504639
Epoch :  204  Epoch time :  0.1625409470871091  Train L2 Loss :  1.8432896507263183
Epoch :  205  Epoch time :  0.16069605015218258  Train L2 Loss :  1.841309955596924
Epoch :  206  Epoch time :  0.16202692035585642  Train L2 Loss :  1.839668041229248
Epoch :  207  Epoch time :  0.16240155510604382  Train L2 Loss :  1.8386494998931884
Epoch :  208  Epoch time :  0.16187929641455412  Train L2 Loss :  1.8348409015655518
Epoch :  209  Epoch time :  0.1622532233595848  Train L2 Loss :  1.8330916431427002
Epoch :  210  Epoch time :  0.16222291812300682  Train L2 Loss :  1.8282065984725953
Epoch :  211  Epoch time :  0.1663299147039652  Train L2 Loss :  1.826110311317444
Epoch :  212  Epoch time :  0.16297429893165827  Train L2 Loss :  1.8242705963134767
Epoch :  213  Epoch time :  0.16151805501431227  Train L2 Loss :  1.8206386970520019
Epoch :  214  Epoch time :  0.16236473806202412  Train L2 Loss :  1.8182059894561768
Epoch :  215  Epoch time :  0.16543011367321014  Train L2 Loss :  1.8158157997131348
Epoch :  216  Epoch time :  0.16041618026793003  Train L2 Loss :  1.8132827283859252
Epoch :  217  Epoch time :  0.16223061177879572  Train L2 Loss :  1.8128052446365357
Epoch :  218  Epoch time :  0.16288459207862616  Train L2 Loss :  1.8114775058746337
Epoch :  219  Epoch time :  0.16038049571216106  Train L2 Loss :  1.806681985282898
Epoch :  220  Epoch time :  0.1623077942058444  Train L2 Loss :  1.8039456825256348
Epoch :  221  Epoch time :  0.16264068707823753  Train L2 Loss :  1.8019311561584472
Epoch :  222  Epoch time :  0.16009168047457933  Train L2 Loss :  1.7988014751434327
Epoch :  223  Epoch time :  0.1622744044288993  Train L2 Loss :  1.796253182220459
Epoch :  224  Epoch time :  0.1626434549689293  Train L2 Loss :  1.7969641986846925
Epoch :  225  Epoch time :  0.16017581708729267  Train L2 Loss :  1.7931144142150879
Epoch :  226  Epoch time :  0.16217458620667458  Train L2 Loss :  1.789174221801758
Epoch :  227  Epoch time :  0.161796729080379  Train L2 Loss :  1.7891273529052734
Epoch :  228  Epoch time :  0.16104472149163485  Train L2 Loss :  1.7854456478118896
Epoch :  229  Epoch time :  0.16451642476022243  Train L2 Loss :  1.7821467679977416
Epoch :  230  Epoch time :  0.16221001092344522  Train L2 Loss :  1.7807663812637329
Epoch :  231  Epoch time :  0.1761718913912773  Train L2 Loss :  1.7816105960845947
Epoch :  232  Epoch time :  0.15933473873883486  Train L2 Loss :  1.7797690055847168
Epoch :  233  Epoch time :  0.15961504634469748  Train L2 Loss :  1.77520294380188
Epoch :  234  Epoch time :  0.15834390744566917  Train L2 Loss :  1.7726522911071778
Epoch :  235  Epoch time :  0.15984864253550768  Train L2 Loss :  1.7699430137634278
Epoch :  236  Epoch time :  0.1600496144965291  Train L2 Loss :  1.7669089710235595
Epoch :  237  Epoch time :  0.15837539918720722  Train L2 Loss :  1.7647666320800781
Epoch :  238  Epoch time :  0.16122692450881004  Train L2 Loss :  1.7643946014404297
Epoch :  239  Epoch time :  0.16091593261808157  Train L2 Loss :  1.7613413652420045
Epoch :  240  Epoch time :  0.1593493539839983  Train L2 Loss :  1.7594001520156861
Epoch :  241  Epoch time :  0.16163345985114574  Train L2 Loss :  1.7572249172210694
Epoch :  242  Epoch time :  0.16104402672499418  Train L2 Loss :  1.754171823120117
Epoch :  243  Epoch time :  0.15914698131382465  Train L2 Loss :  1.754066438484192
Epoch :  244  Epoch time :  0.16168167628347874  Train L2 Loss :  1.7510342248916626
Epoch :  245  Epoch time :  0.16140406113117933  Train L2 Loss :  1.7478160026550293
Epoch :  246  Epoch time :  0.1594005385413766  Train L2 Loss :  1.7468991340637208
Epoch :  247  Epoch time :  0.1612884197384119  Train L2 Loss :  1.743396467590332
Epoch :  248  Epoch time :  0.16211452893912792  Train L2 Loss :  1.742248122024536
Epoch :  249  Epoch time :  0.1594250714406371  Train L2 Loss :  1.7409590940475463
Epoch :  250  Epoch time :  0.16109907813370228  Train L2 Loss :  1.7384819267272948
Epoch :  251  Epoch time :  0.16248386073857546  Train L2 Loss :  1.7356233480453491
Epoch :  252  Epoch time :  0.16447401605546474  Train L2 Loss :  1.7340957885742188
Epoch :  253  Epoch time :  0.16149897873401642  Train L2 Loss :  1.7313794509887694
Epoch :  254  Epoch time :  0.16175923217087984  Train L2 Loss :  1.7297723983764648
Epoch :  255  Epoch time :  0.16002077888697386  Train L2 Loss :  1.7265605585098267
Epoch :  256  Epoch time :  0.16096754558384418  Train L2 Loss :  1.7235555770874023
Epoch :  257  Epoch time :  0.16114135272800922  Train L2 Loss :  1.721380157470703
Epoch :  258  Epoch time :  0.16051003895699978  Train L2 Loss :  1.7214958894729615
Epoch :  259  Epoch time :  0.16109568625688553  Train L2 Loss :  1.7196648384094237
Epoch :  260  Epoch time :  0.1623254343867302  Train L2 Loss :  1.7169736928939818
Epoch :  261  Epoch time :  0.16084811370819807  Train L2 Loss :  1.7177487449645996
Epoch :  262  Epoch time :  0.16120791528373957  Train L2 Loss :  1.7138569202423095
Epoch :  263  Epoch time :  0.16161132697016  Train L2 Loss :  1.7103223098754883
Epoch :  264  Epoch time :  0.16094203386455774  Train L2 Loss :  1.70985859375
Epoch :  265  Epoch time :  0.16132479906082153  Train L2 Loss :  1.708978741455078
Epoch :  266  Epoch time :  0.16129404120147228  Train L2 Loss :  1.7049507160186768
Epoch :  267  Epoch time :  0.16010355204343796  Train L2 Loss :  1.7027870449066163
Epoch :  268  Epoch time :  0.16198909655213356  Train L2 Loss :  1.700516834259033
Epoch :  269  Epoch time :  0.16149782203137875  Train L2 Loss :  1.6996289878845214
Epoch :  270  Epoch time :  0.15986684802919626  Train L2 Loss :  1.696750089263916
Epoch :  271  Epoch time :  0.16221666149795055  Train L2 Loss :  1.6956987678527833
Epoch :  272  Epoch time :  0.16139488853514194  Train L2 Loss :  1.6940917509078979
Epoch :  273  Epoch time :  0.1600033724680543  Train L2 Loss :  1.6931601053237915
Epoch :  274  Epoch time :  0.16185180470347404  Train L2 Loss :  1.6902235788345337
Epoch :  275  Epoch time :  0.16209334507584572  Train L2 Loss :  1.6893485939025878
Epoch :  276  Epoch time :  0.16010387986898422  Train L2 Loss :  1.6869083877563475
Epoch :  277  Epoch time :  0.16381148528307676  Train L2 Loss :  1.6856222448348999
Epoch :  278  Epoch time :  0.16231007687747478  Train L2 Loss :  1.6844006792068482
Epoch :  279  Epoch time :  0.1602688804268837  Train L2 Loss :  1.6839212436676025
Epoch :  280  Epoch time :  0.16135890781879425  Train L2 Loss :  1.6816505348205566
Epoch :  281  Epoch time :  0.16161269322037697  Train L2 Loss :  1.679426700782776
Epoch :  282  Epoch time :  0.16097940038889647  Train L2 Loss :  1.6780153541564942
Epoch :  283  Epoch time :  0.16189240105450153  Train L2 Loss :  1.6773567768096924
Epoch :  284  Epoch time :  0.16142630483955145  Train L2 Loss :  1.6746745460510253
Epoch :  285  Epoch time :  0.16084100399166346  Train L2 Loss :  1.6744920322418213
Epoch :  286  Epoch time :  0.16152078472077847  Train L2 Loss :  1.6754423782348633
Epoch :  287  Epoch time :  0.16165282670408487  Train L2 Loss :  1.6730670429229737
Epoch :  288  Epoch time :  0.1601581610739231  Train L2 Loss :  1.6713305629730224
Epoch :  289  Epoch time :  0.16274460311979055  Train L2 Loss :  1.6690348531723023
Epoch :  290  Epoch time :  0.16163760237395763  Train L2 Loss :  1.6706582538604737
Epoch :  291  Epoch time :  0.16116375289857388  Train L2 Loss :  1.6694272136688233
Epoch :  292  Epoch time :  0.1642357362434268  Train L2 Loss :  1.6649683004379272
Epoch :  293  Epoch time :  0.16175991017371416  Train L2 Loss :  1.6631751098632812
Epoch :  294  Epoch time :  0.1602021148428321  Train L2 Loss :  1.6636533330917358
Epoch :  295  Epoch time :  0.16458711866289377  Train L2 Loss :  1.6656352367401124
Epoch :  296  Epoch time :  0.16150149703025818  Train L2 Loss :  1.6640405418395996
Epoch :  297  Epoch time :  0.15962099190801382  Train L2 Loss :  1.6604016616821289
Epoch :  298  Epoch time :  0.16217927169054747  Train L2 Loss :  1.659796871948242
Epoch :  299  Epoch time :  0.1624376494437456  Train L2 Loss :  1.657726088142395
Epoch :  300  Epoch time :  0.15995347499847412  Train L2 Loss :  1.6541890266418458
Epoch :  301  Epoch time :  0.16184597369283438  Train L2 Loss :  1.6530805404663087
Epoch :  302  Epoch time :  0.16233312990516424  Train L2 Loss :  1.6525992248535157
Epoch :  303  Epoch time :  0.15966955199837685  Train L2 Loss :  1.6517844157218933
Epoch :  304  Epoch time :  0.16272208280861378  Train L2 Loss :  1.6510463317871094
Epoch :  305  Epoch time :  0.16187616903334856  Train L2 Loss :  1.6509384784698486
Epoch :  306  Epoch time :  0.16064925491809845  Train L2 Loss :  1.6502607967376708
Epoch :  307  Epoch time :  0.1613124692812562  Train L2 Loss :  1.6498767124176026
Epoch :  308  Epoch time :  0.16154303029179573  Train L2 Loss :  1.6492805919647218
Epoch :  309  Epoch time :  0.16037072241306305  Train L2 Loss :  1.6488094476699828
Epoch :  310  Epoch time :  0.16135743726044893  Train L2 Loss :  1.6488257539749145
Epoch :  311  Epoch time :  0.1617347802966833  Train L2 Loss :  1.6482346187591552
Epoch :  312  Epoch time :  0.16084644477814436  Train L2 Loss :  1.6474597511291504
Epoch :  313  Epoch time :  0.16173471044749022  Train L2 Loss :  1.647003938293457
Epoch :  314  Epoch time :  0.161918125115335  Train L2 Loss :  1.6466008785247803
Epoch :  315  Epoch time :  0.16041434835642576  Train L2 Loss :  1.6472290420532227
Epoch :  316  Epoch time :  0.1617275681346655  Train L2 Loss :  1.64545369720459
Epoch :  317  Epoch time :  0.16131987236440182  Train L2 Loss :  1.6456212619781494
Epoch :  318  Epoch time :  0.16037092544138432  Train L2 Loss :  1.6450519119262694
Epoch :  319  Epoch time :  0.1625800533220172  Train L2 Loss :  1.644712929534912
Epoch :  320  Epoch time :  0.1615321496501565  Train L2 Loss :  1.6438186199188232
Epoch :  321  Epoch time :  0.16095896065235138  Train L2 Loss :  1.643964884185791
Epoch :  322  Epoch time :  0.16200292762368917  Train L2 Loss :  1.6431525201797486
Epoch :  323  Epoch time :  0.16250320710241795  Train L2 Loss :  1.6438297912597657
Epoch :  324  Epoch time :  0.16096619796007872  Train L2 Loss :  1.642848350906372
Epoch :  325  Epoch time :  0.1620308579877019  Train L2 Loss :  1.6423194515228272
Epoch :  326  Epoch time :  0.16041819378733635  Train L2 Loss :  1.6417432373046874
Epoch :  327  Epoch time :  0.16145598236471415  Train L2 Loss :  1.6410719753265381
Epoch :  328  Epoch time :  0.16156786680221558  Train L2 Loss :  1.6403508735656738
Epoch :  329  Epoch time :  0.16170611698180437  Train L2 Loss :  1.639971732711792
Epoch :  330  Epoch time :  0.1618215711787343  Train L2 Loss :  1.6397472892761231
Epoch :  331  Epoch time :  0.16175606567412615  Train L2 Loss :  1.6389985443115234
Epoch :  332  Epoch time :  0.1604310730472207  Train L2 Loss :  1.6385670875549316
Epoch :  333  Epoch time :  0.16191300842911005  Train L2 Loss :  1.6385910215377808
Epoch :  334  Epoch time :  0.161287197843194  Train L2 Loss :  1.637960267829895
Epoch :  335  Epoch time :  0.1593373278155923  Train L2 Loss :  1.6377590396881103
Epoch :  336  Epoch time :  0.1627602567896247  Train L2 Loss :  1.6373506328582763
Epoch :  337  Epoch time :  0.16139859147369862  Train L2 Loss :  1.637996089553833
Epoch :  338  Epoch time :  0.15976046584546566  Train L2 Loss :  1.6368755643844604
Epoch :  339  Epoch time :  0.16295443940907717  Train L2 Loss :  1.635932897758484
Epoch :  340  Epoch time :  0.16144686471670866  Train L2 Loss :  1.635519841003418
Epoch :  341  Epoch time :  0.159361626021564  Train L2 Loss :  1.634819113922119
Epoch :  342  Epoch time :  0.16256350185722113  Train L2 Loss :  1.635243316078186
Epoch :  343  Epoch time :  0.1616615140810609  Train L2 Loss :  1.634650298309326
Epoch :  344  Epoch time :  0.15967932995408773  Train L2 Loss :  1.634105830001831
Epoch :  345  Epoch time :  0.16347317211329937  Train L2 Loss :  1.6342825205802918
Epoch :  346  Epoch time :  0.16227783542126417  Train L2 Loss :  1.6335189392089844
Epoch :  347  Epoch time :  0.15966563113033772  Train L2 Loss :  1.6330859996795655
Epoch :  348  Epoch time :  0.1617393819615245  Train L2 Loss :  1.6328814590454102
Epoch :  349  Epoch time :  0.1629674704745412  Train L2 Loss :  1.6325775533676148
Epoch :  350  Epoch time :  0.15990957897156477  Train L2 Loss :  1.631891226196289
Epoch :  351  Epoch time :  0.16175111755728722  Train L2 Loss :  1.6312632141113281
Epoch :  352  Epoch time :  0.16316634137183428  Train L2 Loss :  1.6306793155670165
Epoch :  353  Epoch time :  0.15993781853467226  Train L2 Loss :  1.630352780151367
Epoch :  354  Epoch time :  0.16393539030104876  Train L2 Loss :  1.6301301712036134
Epoch :  355  Epoch time :  0.1666406663134694  Train L2 Loss :  1.630349612045288
Epoch :  356  Epoch time :  0.16313895396888256  Train L2 Loss :  1.6297532487869262
Epoch :  357  Epoch time :  0.1625900324434042  Train L2 Loss :  1.6294278308868408
Epoch :  358  Epoch time :  0.1622148836031556  Train L2 Loss :  1.629428023147583
Epoch :  359  Epoch time :  0.16132238693535328  Train L2 Loss :  1.6285972095489503
Epoch :  360  Epoch time :  0.16179892234504223  Train L2 Loss :  1.6285702754974365
Epoch :  361  Epoch time :  0.1615853263065219  Train L2 Loss :  1.6279161472320556
Epoch :  362  Epoch time :  0.16158800292760134  Train L2 Loss :  1.6281442203521728
Epoch :  363  Epoch time :  0.1620762264356017  Train L2 Loss :  1.6280186388015747
Epoch :  364  Epoch time :  0.16219097096472979  Train L2 Loss :  1.6264804439544678
Epoch :  365  Epoch time :  0.16043079551309347  Train L2 Loss :  1.626443939971924
Epoch :  366  Epoch time :  0.16284784115850925  Train L2 Loss :  1.6261636436462403
Epoch :  367  Epoch time :  0.1617213375866413  Train L2 Loss :  1.6256069328308105
Epoch :  368  Epoch time :  0.16089024022221565  Train L2 Loss :  1.6260874364852906
Epoch :  369  Epoch time :  0.16247743368148804  Train L2 Loss :  1.6271854946136475
Epoch :  370  Epoch time :  0.162097348831594  Train L2 Loss :  1.625010954093933
Epoch :  371  Epoch time :  0.16172561701387167  Train L2 Loss :  1.6248064622879028
Epoch :  372  Epoch time :  0.16188057977706194  Train L2 Loss :  1.6257882987976073
Epoch :  373  Epoch time :  0.16264820750802755  Train L2 Loss :  1.6264598667144776
Epoch :  374  Epoch time :  0.16067211888730526  Train L2 Loss :  1.623844123840332
Epoch :  375  Epoch time :  0.16241078358143568  Train L2 Loss :  1.6231616203308106
Epoch :  376  Epoch time :  0.16332521941512823  Train L2 Loss :  1.6228886444091797
Epoch :  377  Epoch time :  0.16043078806251287  Train L2 Loss :  1.623090531539917
Epoch :  378  Epoch time :  0.16264143586158752  Train L2 Loss :  1.6227529577255249
Epoch :  379  Epoch time :  0.16282955836504698  Train L2 Loss :  1.6224567634582518
Epoch :  380  Epoch time :  0.17396485153585672  Train L2 Loss :  1.622294639968872
Epoch :  381  Epoch time :  0.15982742328196764  Train L2 Loss :  1.621670461654663
Epoch :  382  Epoch time :  0.159691677428782  Train L2 Loss :  1.6215691432952881
Epoch :  383  Epoch time :  0.1585572026669979  Train L2 Loss :  1.6207159957885742
Epoch :  384  Epoch time :  0.16024039406329393  Train L2 Loss :  1.6217907341003417
Epoch :  385  Epoch time :  0.1604345105588436  Train L2 Loss :  1.621409792137146
Epoch :  386  Epoch time :  0.15945788379758596  Train L2 Loss :  1.6202790777206422
Epoch :  387  Epoch time :  0.1616617264226079  Train L2 Loss :  1.6203664142608643
Epoch :  388  Epoch time :  0.16018076613545418  Train L2 Loss :  1.6194773567199707
Epoch :  389  Epoch time :  0.15920477639883757  Train L2 Loss :  1.6189618667602539
Epoch :  390  Epoch time :  0.16179226338863373  Train L2 Loss :  1.6192587131500245
Epoch :  391  Epoch time :  0.16060781199485064  Train L2 Loss :  1.6185476083755492
Epoch :  392  Epoch time :  0.15933063253760338  Train L2 Loss :  1.6183221996307373
Epoch :  393  Epoch time :  0.1621317183598876  Train L2 Loss :  1.617589379119873
Epoch :  394  Epoch time :  0.16089564375579357  Train L2 Loss :  1.6179219871520996
Epoch :  395  Epoch time :  0.15953893400728703  Train L2 Loss :  1.6182967735290528
Epoch :  396  Epoch time :  0.16112573724240065  Train L2 Loss :  1.6183123957633971
Epoch :  397  Epoch time :  0.1619141735136509  Train L2 Loss :  1.6176637260437012
Epoch :  398  Epoch time :  0.15930543467402458  Train L2 Loss :  1.6161776315689087
Epoch :  399  Epoch time :  0.16109841782599688  Train L2 Loss :  1.6164082389831542
Epoch :  400  Epoch time :  0.1622868925333023  Train L2 Loss :  1.6148098499298096
Epoch :  401  Epoch time :  0.15995030011981726  Train L2 Loss :  1.6144602169036866
Epoch :  402  Epoch time :  0.16112343035638332  Train L2 Loss :  1.6143400501251222
Epoch :  403  Epoch time :  0.16201363038271666  Train L2 Loss :  1.6140972175598145
Epoch :  404  Epoch time :  0.1594253433868289  Train L2 Loss :  1.6138278043746948
Epoch :  405  Epoch time :  0.1612441660836339  Train L2 Loss :  1.6137177810668946
Epoch :  406  Epoch time :  0.16692547500133514  Train L2 Loss :  1.6137053831100463
Epoch :  407  Epoch time :  0.16053311806172132  Train L2 Loss :  1.6138579517364502
Epoch :  408  Epoch time :  0.16076591331511736  Train L2 Loss :  1.6133441711425782
Epoch :  409  Epoch time :  0.16130041517317295  Train L2 Loss :  1.6133560869216919
Epoch :  410  Epoch time :  0.16022497043013573  Train L2 Loss :  1.6132308135986329
Epoch :  411  Epoch time :  0.1609048517420888  Train L2 Loss :  1.6132306629180908
Epoch :  412  Epoch time :  0.161258727312088  Train L2 Loss :  1.6128466716766356
Epoch :  413  Epoch time :  0.16069216281175613  Train L2 Loss :  1.6130056144714355
Epoch :  414  Epoch time :  0.16135811898857355  Train L2 Loss :  1.6125186645507812
Epoch :  415  Epoch time :  0.1609252542257309  Train L2 Loss :  1.6125985733032226
Epoch :  416  Epoch time :  0.1604807684198022  Train L2 Loss :  1.6124715705871582
Epoch :  417  Epoch time :  0.16321508586406708  Train L2 Loss :  1.6123966506958007
Epoch :  418  Epoch time :  0.1608942886814475  Train L2 Loss :  1.6123222457885742
Epoch :  419  Epoch time :  0.16051989700645208  Train L2 Loss :  1.6119582761764526
Epoch :  420  Epoch time :  0.1618112176656723  Train L2 Loss :  1.6124156671524048
Epoch :  421  Epoch time :  0.16019968129694462  Train L2 Loss :  1.6122040573120118
Epoch :  422  Epoch time :  0.1609522784128785  Train L2 Loss :  1.6115977954864502
Epoch :  423  Epoch time :  0.16096185892820358  Train L2 Loss :  1.6117061182022094
Epoch :  424  Epoch time :  0.16081842873245478  Train L2 Loss :  1.611357532119751
Epoch :  425  Epoch time :  0.16127401124686003  Train L2 Loss :  1.611334866809845
Epoch :  426  Epoch time :  0.161537766456604  Train L2 Loss :  1.6111771167755127
Epoch :  427  Epoch time :  0.16058904957026243  Train L2 Loss :  1.611200914001465
Epoch :  428  Epoch time :  0.1618802146986127  Train L2 Loss :  1.6110446586608886
Epoch :  429  Epoch time :  0.16149385273456573  Train L2 Loss :  1.6106954866409302
Epoch :  430  Epoch time :  0.16045221965759993  Train L2 Loss :  1.6106834564208985
Epoch :  431  Epoch time :  0.1622868999838829  Train L2 Loss :  1.6108398067474365
Epoch :  432  Epoch time :  0.16422381717711687  Train L2 Loss :  1.6102521015167237
Epoch :  433  Epoch time :  0.16025157272815704  Train L2 Loss :  1.610171063232422
Epoch :  434  Epoch time :  0.16212615184485912  Train L2 Loss :  1.610239657974243
Epoch :  435  Epoch time :  0.1615881435573101  Train L2 Loss :  1.610098370361328
Epoch :  436  Epoch time :  0.15957948751747608  Train L2 Loss :  1.609816715812683
Epoch :  437  Epoch time :  0.16283572930842638  Train L2 Loss :  1.609889582633972
Epoch :  438  Epoch time :  0.16197726596146822  Train L2 Loss :  1.6098130939483644
Epoch :  439  Epoch time :  0.15971241518855095  Train L2 Loss :  1.6096689984321595
Epoch :  440  Epoch time :  0.1630255812779069  Train L2 Loss :  1.6089288536071777
Epoch :  441  Epoch time :  0.16201380174607038  Train L2 Loss :  1.6090678548812867
Epoch :  442  Epoch time :  0.1599937230348587  Train L2 Loss :  1.6093937810897827
Epoch :  443  Epoch time :  0.16181061323732138  Train L2 Loss :  1.6094339128494262
Epoch :  444  Epoch time :  0.16325178183615208  Train L2 Loss :  1.6088926628112794
Epoch :  445  Epoch time :  0.15972519665956497  Train L2 Loss :  1.6086433700561524
Epoch :  446  Epoch time :  0.16171454265713692  Train L2 Loss :  1.608439247894287
Epoch :  447  Epoch time :  0.16271132417023182  Train L2 Loss :  1.608254108428955
Epoch :  448  Epoch time :  0.16178190987557173  Train L2 Loss :  1.6082829624176025
Epoch :  449  Epoch time :  0.16162897367030382  Train L2 Loss :  1.608156879425049
Epoch :  450  Epoch time :  0.16293724533170462  Train L2 Loss :  1.6078521697998047
Epoch :  451  Epoch time :  0.15989164542406797  Train L2 Loss :  1.6077562198638915
Epoch :  452  Epoch time :  0.16145740170031786  Train L2 Loss :  1.6076739330291747
Epoch :  453  Epoch time :  0.16189831029623747  Train L2 Loss :  1.6079595710754395
Epoch :  454  Epoch time :  0.1610241523012519  Train L2 Loss :  1.6074956809997558
Epoch :  455  Epoch time :  0.16210699174553156  Train L2 Loss :  1.6075211250305175
Epoch :  456  Epoch time :  0.16228132508695126  Train L2 Loss :  1.6079376495361328
Epoch :  457  Epoch time :  0.16125881019979715  Train L2 Loss :  1.6071413639068604
Epoch :  458  Epoch time :  0.16355110611766577  Train L2 Loss :  1.6070162185668946
Epoch :  459  Epoch time :  0.16219024825841188  Train L2 Loss :  1.606805178451538
Epoch :  460  Epoch time :  0.16127543803304434  Train L2 Loss :  1.606840589904785
Epoch :  461  Epoch time :  0.16215736791491508  Train L2 Loss :  1.6069878616333009
Epoch :  462  Epoch time :  0.16199206467717886  Train L2 Loss :  1.6067065938949585
Epoch :  463  Epoch time :  0.16086007002741098  Train L2 Loss :  1.6062914165496827
Epoch :  464  Epoch time :  0.16262816544622183  Train L2 Loss :  1.6059682035446168
Epoch :  465  Epoch time :  0.1620090091601014  Train L2 Loss :  1.6065425411224366
Epoch :  466  Epoch time :  0.16108003072440624  Train L2 Loss :  1.6058437572479247
Epoch :  467  Epoch time :  0.1632493482902646  Train L2 Loss :  1.6057412162780762
Epoch :  468  Epoch time :  0.16259560454636812  Train L2 Loss :  1.6053854061126709
Epoch :  469  Epoch time :  0.16097855474799871  Train L2 Loss :  1.6056701999664307
Epoch :  470  Epoch time :  0.16316491272300482  Train L2 Loss :  1.6053357971191407
Epoch :  471  Epoch time :  0.16208174638450146  Train L2 Loss :  1.6054504440307618
Epoch :  472  Epoch time :  0.16101329401135445  Train L2 Loss :  1.6048741802215576
Epoch :  473  Epoch time :  0.16255030781030655  Train L2 Loss :  1.6049674667358398
Epoch :  474  Epoch time :  0.16295389086008072  Train L2 Loss :  1.6047931987762452
Epoch :  475  Epoch time :  0.16127774212509394  Train L2 Loss :  1.6048980056762696
Epoch :  476  Epoch time :  0.16240273136645555  Train L2 Loss :  1.6048052196502685
Epoch :  477  Epoch time :  0.16299952752888203  Train L2 Loss :  1.604388081741333
Epoch :  478  Epoch time :  0.16093221679329872  Train L2 Loss :  1.6042910707473754
Epoch :  479  Epoch time :  0.16621564887464046  Train L2 Loss :  1.6039175199508666
Epoch :  480  Epoch time :  0.1630079485476017  Train L2 Loss :  1.6039383798599243
Epoch :  481  Epoch time :  0.16085643600672483  Train L2 Loss :  1.6040474994659424
Epoch :  482  Epoch time :  0.16254502721130848  Train L2 Loss :  1.603660899734497
Epoch :  483  Epoch time :  0.1621655160561204  Train L2 Loss :  1.603568597984314
Epoch :  484  Epoch time :  0.16094871331006289  Train L2 Loss :  1.603777501296997
Epoch :  485  Epoch time :  0.1629506926983595  Train L2 Loss :  1.6031500385284423
Epoch :  486  Epoch time :  0.16243903897702694  Train L2 Loss :  1.603395806121826
Epoch :  487  Epoch time :  0.16137307416647673  Train L2 Loss :  1.6029936790466308
Epoch :  488  Epoch time :  0.16297338902950287  Train L2 Loss :  1.6030153226852417
Epoch :  489  Epoch time :  0.1626975079998374  Train L2 Loss :  1.602603742980957
Epoch :  490  Epoch time :  0.16126772295683622  Train L2 Loss :  1.602559888648987
Epoch :  491  Epoch time :  0.16297465097159147  Train L2 Loss :  1.6024560863494872
Epoch :  492  Epoch time :  0.16347028128802776  Train L2 Loss :  1.6023746061325073
Epoch :  493  Epoch time :  0.16023707296699286  Train L2 Loss :  1.6025066423416137
Epoch :  494  Epoch time :  0.16308613866567612  Train L2 Loss :  1.6026564979553222
Epoch :  495  Epoch time :  0.16242061089724302  Train L2 Loss :  1.602244352722168
Epoch :  496  Epoch time :  0.16044788714498281  Train L2 Loss :  1.6018808937072755
Epoch :  497  Epoch time :  0.16269382368773222  Train L2 Loss :  1.6018516681671142
Epoch :  498  Epoch time :  0.1631348431110382  Train L2 Loss :  1.6021347940444945
Epoch :  499  Epoch time :  0.16057601757347584  Train L2 Loss :  1.601711247253418
Epoch :  500  Epoch time :  0.16296419501304626  Train L2 Loss :  1.6009242736816407
Epoch :  501  Epoch time :  0.16285380255430937  Train L2 Loss :  1.600632265472412
Epoch :  502  Epoch time :  0.16079956758767366  Train L2 Loss :  1.6004761589050294
Epoch :  503  Epoch time :  0.16294004581868649  Train L2 Loss :  1.600584423828125
Epoch :  504  Epoch time :  0.16395038645714521  Train L2 Loss :  1.6002864448547363
Epoch :  505  Epoch time :  0.1615937789902091  Train L2 Loss :  1.6003220024108886
Epoch :  506  Epoch time :  0.16253469698131084  Train L2 Loss :  1.6003210525512694
Epoch :  507  Epoch time :  0.16302556917071342  Train L2 Loss :  1.6004340196609497
Epoch :  508  Epoch time :  0.1630629012361169  Train L2 Loss :  1.5999386089324952
Epoch :  509  Epoch time :  0.1624954752624035  Train L2 Loss :  1.5999627447128295
Epoch :  510  Epoch time :  0.16356002632528543  Train L2 Loss :  1.5999344764709473
Epoch :  511  Epoch time :  0.1631249776110053  Train L2 Loss :  1.599968384361267
Epoch :  512  Epoch time :  0.16266408003866673  Train L2 Loss :  1.599867725753784
Epoch :  513  Epoch time :  0.16062691807746887  Train L2 Loss :  1.5996551936149597
Epoch :  514  Epoch time :  0.16400462854653597  Train L2 Loss :  1.5997640892028808
Epoch :  515  Epoch time :  0.16232941951602697  Train L2 Loss :  1.5995163791656495
Epoch :  516  Epoch time :  0.1605216870084405  Train L2 Loss :  1.599593902206421
Epoch :  517  Epoch time :  0.1636665239930153  Train L2 Loss :  1.5994271850585937
Epoch :  518  Epoch time :  0.1622162340208888  Train L2 Loss :  1.5995634216308594
Epoch :  519  Epoch time :  0.16029783245176077  Train L2 Loss :  1.599263395690918
Epoch :  520  Epoch time :  0.16279982030391693  Train L2 Loss :  1.5992620322227478
Epoch :  521  Epoch time :  0.1633250592276454  Train L2 Loss :  1.5992818639755249
Epoch :  522  Epoch time :  0.16046692058444023  Train L2 Loss :  1.599067281150818
Epoch :  523  Epoch time :  0.16260245069861412  Train L2 Loss :  1.5992103157043458
Epoch :  524  Epoch time :  0.1637551635503769  Train L2 Loss :  1.5989888374328614
Epoch :  525  Epoch time :  0.1604189369827509  Train L2 Loss :  1.5989280445098877
Epoch :  526  Epoch time :  0.16222921386361122  Train L2 Loss :  1.5988818550109862
Epoch :  527  Epoch time :  0.1624302463606  Train L2 Loss :  1.598880709838867
Epoch :  528  Epoch time :  0.15948598086833954  Train L2 Loss :  1.5987015169143677
Epoch :  529  Epoch time :  0.16217176150530577  Train L2 Loss :  1.5985804805755615
Epoch :  530  Epoch time :  0.16290473006665707  Train L2 Loss :  1.598586273574829
Epoch :  531  Epoch time :  0.16150057595223188  Train L2 Loss :  1.5985243993759155
Epoch :  532  Epoch time :  0.1622965820133686  Train L2 Loss :  1.5985806690216064
Epoch :  533  Epoch time :  0.16259197425097227  Train L2 Loss :  1.5982754035949707
Epoch :  534  Epoch time :  0.16211411729454994  Train L2 Loss :  1.598266637802124
Epoch :  535  Epoch time :  0.16224724985659122  Train L2 Loss :  1.5981594604492189
Epoch :  536  Epoch time :  0.16220251377671957  Train L2 Loss :  1.5982512668609619
Epoch :  537  Epoch time :  0.16120774950832129  Train L2 Loss :  1.5981884098052979
Epoch :  538  Epoch time :  0.16240504756569862  Train L2 Loss :  1.5982474460601808
Epoch :  539  Epoch time :  0.1620515650138259  Train L2 Loss :  1.5979886753082275
Epoch :  540  Epoch time :  0.16113241855055094  Train L2 Loss :  1.5976381999969482
Epoch :  541  Epoch time :  0.1642650542780757  Train L2 Loss :  1.5975682430267335
Epoch :  542  Epoch time :  0.1620157901197672  Train L2 Loss :  1.5976060834884644
Epoch :  543  Epoch time :  0.16106926556676626  Train L2 Loss :  1.5973627090454101
Epoch :  544  Epoch time :  0.16296125948429108  Train L2 Loss :  1.5973401462554933
Epoch :  545  Epoch time :  0.16184996161609888  Train L2 Loss :  1.5972189208984375
Epoch :  546  Epoch time :  0.16062989085912704  Train L2 Loss :  1.5971993015289307
Epoch :  547  Epoch time :  0.1623974246904254  Train L2 Loss :  1.5970057247161866
Epoch :  548  Epoch time :  0.16229046415537596  Train L2 Loss :  1.5969797798156737
Epoch :  549  Epoch time :  0.16105120535939932  Train L2 Loss :  1.5968788444519042
Epoch :  550  Epoch time :  0.16224814672023058  Train L2 Loss :  1.5966300411224366
Epoch :  551  Epoch time :  0.16267100349068642  Train L2 Loss :  1.5969527015686036
Epoch :  552  Epoch time :  0.16057708207517862  Train L2 Loss :  1.596509422302246
Epoch :  553  Epoch time :  0.16220955178141594  Train L2 Loss :  1.5965542181968688
Epoch :  554  Epoch time :  0.16320015862584114  Train L2 Loss :  1.5964270827293396
Epoch :  555  Epoch time :  0.16067601274698973  Train L2 Loss :  1.5964400482177734
Epoch :  556  Epoch time :  0.16245381720364094  Train L2 Loss :  1.5963675485610962
Epoch :  557  Epoch time :  0.1621335567906499  Train L2 Loss :  1.5963738716125488
Epoch :  558  Epoch time :  0.16123204678297043  Train L2 Loss :  1.5960378728866578
Epoch :  559  Epoch time :  0.16799453366547823  Train L2 Loss :  1.5960335681915283
Epoch :  560  Epoch time :  0.16401752177625895  Train L2 Loss :  1.5958989727020263
Epoch :  561  Epoch time :  0.1617922428995371  Train L2 Loss :  1.5959643436431885
Epoch :  562  Epoch time :  0.16270548570901155  Train L2 Loss :  1.5958494647979737
Epoch :  563  Epoch time :  0.16240776423364878  Train L2 Loss :  1.5957508693695068
Epoch :  564  Epoch time :  0.1613755626603961  Train L2 Loss :  1.5956184518814087
Epoch :  565  Epoch time :  0.16236013639718294  Train L2 Loss :  1.5958205430984498
Epoch :  566  Epoch time :  0.16285466961562634  Train L2 Loss :  1.5954911575317383
Epoch :  567  Epoch time :  0.16114803031086922  Train L2 Loss :  1.5952879205703736
Epoch :  568  Epoch time :  0.16244717966765165  Train L2 Loss :  1.595566541481018
Epoch :  569  Epoch time :  0.1623465744778514  Train L2 Loss :  1.5952787712097167
Epoch :  570  Epoch time :  0.16055530402809381  Train L2 Loss :  1.595175098991394
Epoch :  571  Epoch time :  0.16308911703526974  Train L2 Loss :  1.5950374671936036
Epoch :  572  Epoch time :  0.1643467964604497  Train L2 Loss :  1.5949715007781982
Epoch :  573  Epoch time :  0.16211805026978254  Train L2 Loss :  1.5949575187683105
Epoch :  574  Epoch time :  0.1635590484365821  Train L2 Loss :  1.5946633754730224
Epoch :  575  Epoch time :  0.16226127929985523  Train L2 Loss :  1.5947591056823731
Epoch :  576  Epoch time :  0.16092566587030888  Train L2 Loss :  1.5948534327507018
Epoch :  577  Epoch time :  0.16331284679472446  Train L2 Loss :  1.5947598476409912
Epoch :  578  Epoch time :  0.16206112504005432  Train L2 Loss :  1.594600736618042
Epoch :  579  Epoch time :  0.16209570690989494  Train L2 Loss :  1.5942953323364257
Epoch :  580  Epoch time :  0.1626773765310645  Train L2 Loss :  1.5944098161697389
Epoch :  581  Epoch time :  0.16208169795572758  Train L2 Loss :  1.594335863494873
Epoch :  582  Epoch time :  0.16247262433171272  Train L2 Loss :  1.5941107004165649
Epoch :  583  Epoch time :  0.16248527448624372  Train L2 Loss :  1.5940772436141968
Epoch :  584  Epoch time :  0.17670046258717775  Train L2 Loss :  1.5940307960510254
Epoch :  585  Epoch time :  0.16314958408474922  Train L2 Loss :  1.5940185077667237
Epoch :  586  Epoch time :  0.16299474518746138  Train L2 Loss :  1.5938925937652588
Epoch :  587  Epoch time :  0.16127915401011705  Train L2 Loss :  1.5939794567108154
Epoch :  588  Epoch time :  0.16287421341985464  Train L2 Loss :  1.5937973892211914
Epoch :  589  Epoch time :  0.16288158111274242  Train L2 Loss :  1.5938220693588256
Epoch :  590  Epoch time :  0.16100840736180544  Train L2 Loss :  1.5937223705291748
Epoch :  591  Epoch time :  0.16302667930722237  Train L2 Loss :  1.5936060522079467
Epoch :  592  Epoch time :  0.1627935655415058  Train L2 Loss :  1.5935669136047363
Epoch :  593  Epoch time :  0.16069253906607628  Train L2 Loss :  1.5934116147994994
Epoch :  594  Epoch time :  0.16333882231265306  Train L2 Loss :  1.5934190254211427
Epoch :  595  Epoch time :  0.16299098543822765  Train L2 Loss :  1.5931961040496827
Epoch :  596  Epoch time :  0.16054820828139782  Train L2 Loss :  1.5933123805999756
Epoch :  597  Epoch time :  0.16378653515130281  Train L2 Loss :  1.5929066284179687
Epoch :  598  Epoch time :  0.16305263713002205  Train L2 Loss :  1.5930079776763917
Epoch :  599  Epoch time :  0.16125681158155203  Train L2 Loss :  1.5929599084854127
Epoch :  600  Epoch time :  0.16296678874641657  Train L2 Loss :  1.5925182895660401
Epoch :  601  Epoch time :  0.162810823880136  Train L2 Loss :  1.5923829805374146
Epoch :  602  Epoch time :  0.16138284280896187  Train L2 Loss :  1.5924226291656494
Epoch :  603  Epoch time :  0.16396412160247564  Train L2 Loss :  1.592281516647339
Epoch :  604  Epoch time :  0.16484381537884474  Train L2 Loss :  1.5922106719970703
Epoch :  605  Epoch time :  0.1614302061498165  Train L2 Loss :  1.5921687671661378
Epoch :  606  Epoch time :  0.16272780299186707  Train L2 Loss :  1.5922119525909424
Epoch :  607  Epoch time :  0.16358452662825584  Train L2 Loss :  1.592195231628418
Epoch :  608  Epoch time :  0.16150128655135632  Train L2 Loss :  1.592146466064453
Epoch :  609  Epoch time :  0.16268693376332521  Train L2 Loss :  1.5921680507659912
Epoch :  610  Epoch time :  0.16273699421435595  Train L2 Loss :  1.5920085176467895
Epoch :  611  Epoch time :  0.16211206372827291  Train L2 Loss :  1.5919544231414795
Epoch :  612  Epoch time :  0.16769924014806747  Train L2 Loss :  1.591982907485962
Epoch :  613  Epoch time :  0.1633063331246376  Train L2 Loss :  1.5919659042358398
Epoch :  614  Epoch time :  0.16179746109992266  Train L2 Loss :  1.5919435272216798
Epoch :  615  Epoch time :  0.16336384415626526  Train L2 Loss :  1.5918565029144287
Epoch :  616  Epoch time :  0.162770283408463  Train L2 Loss :  1.5918344455718993
Epoch :  617  Epoch time :  0.1619544979184866  Train L2 Loss :  1.5917693817138672
Epoch :  618  Epoch time :  0.1634831316769123  Train L2 Loss :  1.5917920190811157
Epoch :  619  Epoch time :  0.1627134894952178  Train L2 Loss :  1.5916382705688477
Epoch :  620  Epoch time :  0.16180848982185125  Train L2 Loss :  1.5915880451202393
Epoch :  621  Epoch time :  0.1634958265349269  Train L2 Loss :  1.5915605079650879
Epoch :  622  Epoch time :  0.16277374234050512  Train L2 Loss :  1.591497278213501
Epoch :  623  Epoch time :  0.1612070444971323  Train L2 Loss :  1.5915360389709472
Epoch :  624  Epoch time :  0.16384047642350197  Train L2 Loss :  1.591487484550476
Epoch :  625  Epoch time :  0.16306751873344183  Train L2 Loss :  1.5914120891571044
Epoch :  626  Epoch time :  0.16106852982193232  Train L2 Loss :  1.5913791019439698
Epoch :  627  Epoch time :  0.16351077426224947  Train L2 Loss :  1.5914365783691407
Epoch :  628  Epoch time :  0.16347122471779585  Train L2 Loss :  1.5912850746154785
Epoch :  629  Epoch time :  0.16109559684991837  Train L2 Loss :  1.5912767864227295
Epoch :  630  Epoch time :  0.16353929229080677  Train L2 Loss :  1.5912002508163452
Epoch :  631  Epoch time :  0.1637770738452673  Train L2 Loss :  1.5912129440307616
Epoch :  632  Epoch time :  0.16147620137780905  Train L2 Loss :  1.5912113246917725
Epoch :  633  Epoch time :  0.16284557711333036  Train L2 Loss :  1.5912078407287598
Epoch :  634  Epoch time :  0.1647231774404645  Train L2 Loss :  1.5912047193527221
Epoch :  635  Epoch time :  0.16335357073694468  Train L2 Loss :  1.5910395416259766
Epoch :  636  Epoch time :  0.16300223022699356  Train L2 Loss :  1.5910155450820922
Epoch :  637  Epoch time :  0.16287403367459774  Train L2 Loss :  1.5909096263885498
Epoch :  638  Epoch time :  0.16327827144414186  Train L2 Loss :  1.5908739536285401
Epoch :  639  Epoch time :  0.16541999392211437  Train L2 Loss :  1.590816858100891
Epoch :  640  Epoch time :  0.16163624916225672  Train L2 Loss :  1.5907801454544068
Epoch :  641  Epoch time :  0.16490802634507418  Train L2 Loss :  1.5907438655853272
Epoch :  642  Epoch time :  0.16311687789857388  Train L2 Loss :  1.5907429092407226
Epoch :  643  Epoch time :  0.16156213358044624  Train L2 Loss :  1.590775695514679
Epoch :  644  Epoch time :  0.16482360009104013  Train L2 Loss :  1.590694592666626
Epoch :  645  Epoch time :  0.1632058545947075  Train L2 Loss :  1.590544607925415
Epoch :  646  Epoch time :  0.16172956116497517  Train L2 Loss :  1.5906210502624512
Epoch :  647  Epoch time :  0.16482208017259836  Train L2 Loss :  1.5905161769866942
Epoch :  648  Epoch time :  0.1638886220753193  Train L2 Loss :  1.5904929582595826
Epoch :  649  Epoch time :  0.1616644412279129  Train L2 Loss :  1.5905032918930053
Epoch :  650  Epoch time :  0.16362134832888842  Train L2 Loss :  1.5905344791412352
Epoch :  651  Epoch time :  0.16487544775009155  Train L2 Loss :  1.5903376068115234
Epoch :  652  Epoch time :  0.1615750463679433  Train L2 Loss :  1.5903313591957093
Epoch :  653  Epoch time :  0.16361418087035418  Train L2 Loss :  1.5902181268692017
Epoch :  654  Epoch time :  0.16436875145882368  Train L2 Loss :  1.5902119552612304
Epoch :  655  Epoch time :  0.1623404948040843  Train L2 Loss :  1.590220735359192
Epoch :  656  Epoch time :  0.16354083456099033  Train L2 Loss :  1.5902309192657471
Epoch :  657  Epoch time :  0.1641138857230544  Train L2 Loss :  1.590146352005005
Epoch :  658  Epoch time :  0.16222401801496744  Train L2 Loss :  1.5901133464813233
Epoch :  659  Epoch time :  0.1635376252233982  Train L2 Loss :  1.590107177734375
Epoch :  660  Epoch time :  0.16575396340340376  Train L2 Loss :  1.589967451095581
Epoch :  661  Epoch time :  0.16223501786589622  Train L2 Loss :  1.5899161293029784
Epoch :  662  Epoch time :  0.16334836650639772  Train L2 Loss :  1.589860739517212
Epoch :  663  Epoch time :  0.1636130027472973  Train L2 Loss :  1.5897508720397948
Epoch :  664  Epoch time :  0.165035555139184  Train L2 Loss :  1.5897622791290282
Epoch :  665  Epoch time :  0.16443942673504353  Train L2 Loss :  1.5897346714019776
Epoch :  666  Epoch time :  0.16513743996620178  Train L2 Loss :  1.5897457441329956
Epoch :  667  Epoch time :  0.162266050465405  Train L2 Loss :  1.5897353004455566
Epoch :  668  Epoch time :  0.16409058589488268  Train L2 Loss :  1.589697720336914
Epoch :  669  Epoch time :  0.16348533611744642  Train L2 Loss :  1.5895823795318604
Epoch :  670  Epoch time :  0.16266973782330751  Train L2 Loss :  1.5895545402526856
Epoch :  671  Epoch time :  0.1644261982291937  Train L2 Loss :  1.5895028938293456
Epoch :  672  Epoch time :  0.1635923758149147  Train L2 Loss :  1.589491263961792
Epoch :  673  Epoch time :  0.1640046713873744  Train L2 Loss :  1.5893776092529297
Epoch :  674  Epoch time :  0.1636987691745162  Train L2 Loss :  1.5893453063964844
Epoch :  675  Epoch time :  0.1641026046127081  Train L2 Loss :  1.5893130195617675
Epoch :  676  Epoch time :  0.1602814383804798  Train L2 Loss :  1.5893879333496095
Epoch :  677  Epoch time :  0.16465867310762405  Train L2 Loss :  1.589195816040039
Epoch :  678  Epoch time :  0.16411019675433636  Train L2 Loss :  1.5893145154953003
Epoch :  679  Epoch time :  0.16179914213716984  Train L2 Loss :  1.589150217437744
Epoch :  680  Epoch time :  0.16479947231709957  Train L2 Loss :  1.5890830790519714
Epoch :  681  Epoch time :  0.16438541747629642  Train L2 Loss :  1.5891230712890625
Epoch :  682  Epoch time :  0.16228316444903612  Train L2 Loss :  1.5890428588867187
Epoch :  683  Epoch time :  0.16416197270154953  Train L2 Loss :  1.5888976432800292
Epoch :  684  Epoch time :  0.16481208987534046  Train L2 Loss :  1.5888789134979249
Epoch :  685  Epoch time :  0.16190122533589602  Train L2 Loss :  1.5889317127227782
Epoch :  686  Epoch time :  0.16366052255034447  Train L2 Loss :  1.5887766426086425
Epoch :  687  Epoch time :  0.16452546790242195  Train L2 Loss :  1.58881422290802
Epoch :  688  Epoch time :  0.1628160923719406  Train L2 Loss :  1.5888135459899901
Epoch :  689  Epoch time :  0.16538387723267078  Train L2 Loss :  1.5887625774383545
Epoch :  690  Epoch time :  0.16315885540097952  Train L2 Loss :  1.5887003406524658
Epoch :  691  Epoch time :  0.16447992622852325  Train L2 Loss :  1.5886223462104798
Epoch :  692  Epoch time :  0.16373321507126093  Train L2 Loss :  1.588521290588379
Epoch :  693  Epoch time :  0.16389163583517075  Train L2 Loss :  1.5886623538970948
Epoch :  694  Epoch time :  0.16476807557046413  Train L2 Loss :  1.588510460472107
Epoch :  695  Epoch time :  0.16396351903676987  Train L2 Loss :  1.5884746816635131
Epoch :  696  Epoch time :  0.16303480230271816  Train L2 Loss :  1.588404727935791
Epoch :  697  Epoch time :  0.16520445048809052  Train L2 Loss :  1.588354006576538
Epoch :  698  Epoch time :  0.164173630066216  Train L2 Loss :  1.588252590751648
Epoch :  699  Epoch time :  0.16192896477878094  Train L2 Loss :  1.5882342395782472
Epoch :  700  Epoch time :  0.1647699922323227  Train L2 Loss :  1.5880096866607667
Epoch :  701  Epoch time :  0.16421222686767578  Train L2 Loss :  1.5879809146881103
Epoch :  702  Epoch time :  0.16219973377883434  Train L2 Loss :  1.587946865463257
Epoch :  703  Epoch time :  0.1649793116375804  Train L2 Loss :  1.587956488418579
Epoch :  704  Epoch time :  0.1644272105768323  Train L2 Loss :  1.5879426294326782
Epoch :  705  Epoch time :  0.16233204025775194  Train L2 Loss :  1.5879589984893798
Epoch :  706  Epoch time :  0.16380497626960278  Train L2 Loss :  1.5879192764282226
Epoch :  707  Epoch time :  0.16502320487052202  Train L2 Loss :  1.5878410236358642
Epoch :  708  Epoch time :  0.16263921465724707  Train L2 Loss :  1.587787893295288
Epoch :  709  Epoch time :  0.16402130480855703  Train L2 Loss :  1.5878441871643065
Epoch :  710  Epoch time :  0.16484000254422426  Train L2 Loss :  1.5877772859573365
Epoch :  711  Epoch time :  0.16264539305120707  Train L2 Loss :  1.5877683799743652
Epoch :  712  Epoch time :  0.16408848483115435  Train L2 Loss :  1.5877115520477294
Epoch :  713  Epoch time :  0.16521723754703999  Train L2 Loss :  1.5877379920959473
Epoch :  714  Epoch time :  0.1639936724677682  Train L2 Loss :  1.5876835525512696
Epoch :  715  Epoch time :  0.1638761991634965  Train L2 Loss :  1.587680375289917
Epoch :  716  Epoch time :  0.1641486519947648  Train L2 Loss :  1.5876844520568847
Epoch :  717  Epoch time :  0.16514999512583017  Train L2 Loss :  1.5875983488082885
Epoch :  718  Epoch time :  0.16679963655769825  Train L2 Loss :  1.5876059190750123
Epoch :  719  Epoch time :  0.16824399679899216  Train L2 Loss :  1.5875830795288086
Epoch :  720  Epoch time :  0.16650769859552383  Train L2 Loss :  1.587526132583618
Epoch :  721  Epoch time :  0.16761286742985249  Train L2 Loss :  1.5875039628982544
Epoch :  722  Epoch time :  0.16500932723283768  Train L2 Loss :  1.5875143939971923
Epoch :  723  Epoch time :  0.16251378785818815  Train L2 Loss :  1.5874839557647704
Epoch :  724  Epoch time :  0.16606165934354067  Train L2 Loss :  1.5874197746276855
Epoch :  725  Epoch time :  0.16642573568969965  Train L2 Loss :  1.5874540855407715
Epoch :  726  Epoch time :  0.16414093784987926  Train L2 Loss :  1.5873934051513672
Epoch :  727  Epoch time :  0.1678148191422224  Train L2 Loss :  1.5874007575988769
Epoch :  728  Epoch time :  0.165952917188406  Train L2 Loss :  1.5873456550598144
Epoch :  729  Epoch time :  0.1644557472318411  Train L2 Loss :  1.587333211517334
Epoch :  730  Epoch time :  0.16942280996590853  Train L2 Loss :  1.587281632423401
Epoch :  731  Epoch time :  0.16911658830940723  Train L2 Loss :  1.58729338722229
Epoch :  732  Epoch time :  0.17205457389354706  Train L2 Loss :  1.5872964948654176
Epoch :  733  Epoch time :  0.17125447560101748  Train L2 Loss :  1.5872806190490722
Epoch :  734  Epoch time :  0.16930792294442654  Train L2 Loss :  1.5872047124862672
Epoch :  735  Epoch time :  0.17186938971281052  Train L2 Loss :  1.5872099552154542
Epoch :  736  Epoch time :  0.17127286456525326  Train L2 Loss :  1.5872051750183105
Epoch :  737  Epoch time :  0.17041653487831354  Train L2 Loss :  1.5871582432746887
Epoch :  738  Epoch time :  0.1718161143362522  Train L2 Loss :  1.5871468427658082
Epoch :  739  Epoch time :  0.17113027721643448  Train L2 Loss :  1.587119849395752
Epoch :  740  Epoch time :  0.16985489428043365  Train L2 Loss :  1.5870744035720825
Epoch :  741  Epoch time :  0.16563835460692644  Train L2 Loss :  1.5870180255889892
Epoch :  742  Epoch time :  0.16455235332250595  Train L2 Loss :  1.5870004491806031
Epoch :  743  Epoch time :  0.16286562010645866  Train L2 Loss :  1.5870058757781982
Epoch :  744  Epoch time :  0.16627412661910057  Train L2 Loss :  1.5869960998535155
Epoch :  745  Epoch time :  0.1754272347316146  Train L2 Loss :  1.5869724092483521
Epoch :  746  Epoch time :  0.1677656089887023  Train L2 Loss :  1.5869465393066406
Epoch :  747  Epoch time :  0.16913969349116087  Train L2 Loss :  1.5868626123428344
Epoch :  748  Epoch time :  0.17031814344227314  Train L2 Loss :  1.586922053527832
Epoch :  749  Epoch time :  0.1682077730074525  Train L2 Loss :  1.5868996532440185
Epoch :  750  Epoch time :  0.16939764842391014  Train L2 Loss :  1.5868802825927735
Epoch :  751  Epoch time :  0.16993349324911833  Train L2 Loss :  1.5867875648498535
Epoch :  752  Epoch time :  0.16952861007303  Train L2 Loss :  1.5868034957885742
Epoch :  753  Epoch time :  0.17059097439050674  Train L2 Loss :  1.5867374750137329
Epoch :  754  Epoch time :  0.16805458720773458  Train L2 Loss :  1.586725806236267
Epoch :  755  Epoch time :  0.17145003471523523  Train L2 Loss :  1.5867603813171387
Epoch :  756  Epoch time :  0.17050172667950392  Train L2 Loss :  1.5867216003417968
Epoch :  757  Epoch time :  0.16964187007397413  Train L2 Loss :  1.5866628644943237
Epoch :  758  Epoch time :  0.17085757851600647  Train L2 Loss :  1.5866359069824219
Epoch :  759  Epoch time :  0.1702258763834834  Train L2 Loss :  1.5866012479782103
Epoch :  760  Epoch time :  0.1683300919830799  Train L2 Loss :  1.586547357749939
Epoch :  761  Epoch time :  0.1698632938787341  Train L2 Loss :  1.5865515466690063
Epoch :  762  Epoch time :  0.16773683670908213  Train L2 Loss :  1.5864984827041626
Epoch :  763  Epoch time :  0.17145926784723997  Train L2 Loss :  1.5864989387512207
Epoch :  764  Epoch time :  0.16642336081713438  Train L2 Loss :  1.5864694469451903
Epoch :  765  Epoch time :  0.16587779205292463  Train L2 Loss :  1.586441516494751
Epoch :  766  Epoch time :  0.16382138524204493  Train L2 Loss :  1.5864661697387696
Epoch :  767  Epoch time :  0.16640239115804434  Train L2 Loss :  1.5864194635391236
Epoch :  768  Epoch time :  0.1660166196525097  Train L2 Loss :  1.5863810688018798
Epoch :  769  Epoch time :  0.16657498478889465  Train L2 Loss :  1.5863595458984374
Epoch :  770  Epoch time :  0.17005529534071684  Train L2 Loss :  1.5863586963653564
Epoch :  771  Epoch time :  0.16920069977641106  Train L2 Loss :  1.5863432472229004
Epoch :  772  Epoch time :  0.16477926261723042  Train L2 Loss :  1.5863130317687988
Epoch :  773  Epoch time :  0.16613192483782768  Train L2 Loss :  1.5862665077209472
Epoch :  774  Epoch time :  0.1653531864285469  Train L2 Loss :  1.5862454376220703
Epoch :  775  Epoch time :  0.16383520141243935  Train L2 Loss :  1.5862481452941894
Epoch :  776  Epoch time :  0.16569588612765074  Train L2 Loss :  1.5862316694259644
Epoch :  777  Epoch time :  0.1645270111039281  Train L2 Loss :  1.5862144954681396
Epoch :  778  Epoch time :  0.16551170591264963  Train L2 Loss :  1.5862091972351073
Epoch :  779  Epoch time :  0.16520016081631184  Train L2 Loss :  1.5861083248138428
Epoch :  780  Epoch time :  0.163126353174448  Train L2 Loss :  1.58608822517395
Epoch :  781  Epoch time :  0.16542062256485224  Train L2 Loss :  1.5861009983062744
Epoch :  782  Epoch time :  0.1648776065558195  Train L2 Loss :  1.5860374196052551
Epoch :  783  Epoch time :  0.16293305438011885  Train L2 Loss :  1.5860048904418946
Epoch :  784  Epoch time :  0.165867337025702  Train L2 Loss :  1.585970552253723
Epoch :  785  Epoch time :  0.1850226428359747  Train L2 Loss :  1.585958041381836
Epoch :  786  Epoch time :  0.15945028606802225  Train L2 Loss :  1.5859569082260132
Epoch :  787  Epoch time :  0.16251452639698982  Train L2 Loss :  1.5859280216217042
Epoch :  788  Epoch time :  0.16063861176371574  Train L2 Loss :  1.5859306760787963
Epoch :  789  Epoch time :  0.1590998973697424  Train L2 Loss :  1.585899970626831
Epoch :  790  Epoch time :  0.1611312385648489  Train L2 Loss :  1.5858878841400146
Epoch :  791  Epoch time :  0.16423914022743702  Train L2 Loss :  1.5858151544570922
Epoch :  792  Epoch time :  0.16352284885942936  Train L2 Loss :  1.5858135040283203
Epoch :  793  Epoch time :  0.1653237994760275  Train L2 Loss :  1.5858393852233887
Epoch :  794  Epoch time :  0.16563338786363602  Train L2 Loss :  1.585773653793335
Epoch :  795  Epoch time :  0.1634344244375825  Train L2 Loss :  1.5857546131134033
Epoch :  796  Epoch time :  0.16316185425966978  Train L2 Loss :  1.5857074014663697
Epoch :  797  Epoch time :  0.16468056477606297  Train L2 Loss :  1.5856956340789794
Epoch :  798  Epoch time :  0.16274977754801512  Train L2 Loss :  1.5857076343536376
Epoch :  799  Epoch time :  0.16535361390560865  Train L2 Loss :  1.5856322395324707
Epoch :  800  Epoch time :  0.16490602679550648  Train L2 Loss :  1.5855091537475585
Epoch :  801  Epoch time :  0.1627605790272355  Train L2 Loss :  1.5854962112426758
Epoch :  802  Epoch time :  0.16203657817095518  Train L2 Loss :  1.5854477518081664
Epoch :  803  Epoch time :  0.16333880089223385  Train L2 Loss :  1.5854651550292969
Epoch :  804  Epoch time :  0.1619962127879262  Train L2 Loss :  1.5854492256164552
Epoch :  805  Epoch time :  0.16263432800769806  Train L2 Loss :  1.5854461917877196
Epoch :  806  Epoch time :  0.16317144688218832  Train L2 Loss :  1.585420764541626
Epoch :  807  Epoch time :  0.16162476688623428  Train L2 Loss :  1.5854247674942017
Epoch :  808  Epoch time :  0.16285812109708786  Train L2 Loss :  1.5853989685058594
Epoch :  809  Epoch time :  0.16279529687017202  Train L2 Loss :  1.5853853973388672
Epoch :  810  Epoch time :  0.16026199702173471  Train L2 Loss :  1.585355265045166
Epoch :  811  Epoch time :  0.16153271030634642  Train L2 Loss :  1.585355503845215
Epoch :  812  Epoch time :  0.161123919300735  Train L2 Loss :  1.5853470602035522
Epoch :  813  Epoch time :  0.16597621142864227  Train L2 Loss :  1.5853485425949096
Epoch :  814  Epoch time :  0.16569685190916061  Train L2 Loss :  1.5853130195617675
Epoch :  815  Epoch time :  0.16805311758071184  Train L2 Loss :  1.5853336910247802
Epoch :  816  Epoch time :  0.16606411896646023  Train L2 Loss :  1.5852977241516113
Epoch :  817  Epoch time :  0.1684520123526454  Train L2 Loss :  1.5853187313079835
Epoch :  818  Epoch time :  0.16962740384042263  Train L2 Loss :  1.5852684757232667
Epoch :  819  Epoch time :  0.16592857707291842  Train L2 Loss :  1.585256261062622
Epoch :  820  Epoch time :  0.16848409082740545  Train L2 Loss :  1.5852585578918457
Epoch :  821  Epoch time :  0.1684637786820531  Train L2 Loss :  1.5852633800506593
Epoch :  822  Epoch time :  0.16361339017748833  Train L2 Loss :  1.585241837310791
Epoch :  823  Epoch time :  0.16830511391162872  Train L2 Loss :  1.5852210136413574
Epoch :  824  Epoch time :  0.16827880311757326  Train L2 Loss :  1.5851882804870605
Epoch :  825  Epoch time :  0.16625259723514318  Train L2 Loss :  1.5851870975494384
Epoch :  826  Epoch time :  0.16666458640247583  Train L2 Loss :  1.5851760147094727
Epoch :  827  Epoch time :  0.16857000160962343  Train L2 Loss :  1.5851630474090577
Epoch :  828  Epoch time :  0.165346953086555  Train L2 Loss :  1.5851523529052733
Epoch :  829  Epoch time :  0.1668078051880002  Train L2 Loss :  1.5851378433227539
Epoch :  830  Epoch time :  0.16713905055075884  Train L2 Loss :  1.5851307098388672
Epoch :  831  Epoch time :  0.16535050235688686  Train L2 Loss :  1.5851204578399658
Epoch :  832  Epoch time :  0.16701585333794355  Train L2 Loss :  1.58512113571167
Epoch :  833  Epoch time :  0.17026084382086992  Train L2 Loss :  1.5850911540985106
Epoch :  834  Epoch time :  0.1660333937034011  Train L2 Loss :  1.5850881450653076
Epoch :  835  Epoch time :  0.16629572957754135  Train L2 Loss :  1.585066947555542
Epoch :  836  Epoch time :  0.16449188441038132  Train L2 Loss :  1.5850418169021607
Epoch :  837  Epoch time :  0.16687579732388258  Train L2 Loss :  1.5850210458755494
Epoch :  838  Epoch time :  0.1687249979004264  Train L2 Loss :  1.5850160690307618
Epoch :  839  Epoch time :  0.16497871838510036  Train L2 Loss :  1.5850059286117553
Epoch :  840  Epoch time :  0.16712365485727787  Train L2 Loss :  1.584996893310547
Epoch :  841  Epoch time :  0.166360380128026  Train L2 Loss :  1.5850058429718017
Epoch :  842  Epoch time :  0.16480318550020456  Train L2 Loss :  1.5849741355895997
Epoch :  843  Epoch time :  0.1674215216189623  Train L2 Loss :  1.5849543140411377
Epoch :  844  Epoch time :  0.16719005350023508  Train L2 Loss :  1.5849679241180419
Epoch :  845  Epoch time :  0.1653864849358797  Train L2 Loss :  1.5849207279205322
Epoch :  846  Epoch time :  0.16729298699647188  Train L2 Loss :  1.584925619506836
Epoch :  847  Epoch time :  0.1677918890491128  Train L2 Loss :  1.5849222745895386
Epoch :  848  Epoch time :  0.1669380832463503  Train L2 Loss :  1.5849314987182617
Epoch :  849  Epoch time :  0.1632203832268715  Train L2 Loss :  1.584892999649048
Epoch :  850  Epoch time :  0.1619699727743864  Train L2 Loss :  1.5848895002365113
Epoch :  851  Epoch time :  0.1607975047081709  Train L2 Loss :  1.5848491199493409
Epoch :  852  Epoch time :  0.16209231968969107  Train L2 Loss :  1.584860919570923
Epoch :  853  Epoch time :  0.1627606237307191  Train L2 Loss :  1.5848278160095215
Epoch :  854  Epoch time :  0.16117113549262285  Train L2 Loss :  1.5848214842796327
Epoch :  855  Epoch time :  0.16192080080509186  Train L2 Loss :  1.5847854194641113
Epoch :  856  Epoch time :  0.1626359997317195  Train L2 Loss :  1.5847849514007568
Epoch :  857  Epoch time :  0.16079719457775354  Train L2 Loss :  1.5848232162475586
Epoch :  858  Epoch time :  0.1624531326815486  Train L2 Loss :  1.5847998390197753
Epoch :  859  Epoch time :  0.16187159344553947  Train L2 Loss :  1.5847462440490723
Epoch :  860  Epoch time :  0.16028242837637663  Train L2 Loss :  1.584724959564209
Epoch :  861  Epoch time :  0.16150214802473783  Train L2 Loss :  1.5847290000915528
Epoch :  862  Epoch time :  0.1615161718800664  Train L2 Loss :  1.5847044212341308
Epoch :  863  Epoch time :  0.1619132338091731  Train L2 Loss :  1.5846910455703735
Epoch :  864  Epoch time :  0.16153079736977816  Train L2 Loss :  1.5846695796966552
Epoch :  865  Epoch time :  0.1617140071466565  Train L2 Loss :  1.5846950393676758
Epoch :  866  Epoch time :  0.15976897813379765  Train L2 Loss :  1.5846673652648926
Epoch :  867  Epoch time :  0.1614739801734686  Train L2 Loss :  1.584657627105713
Epoch :  868  Epoch time :  0.16114296298474073  Train L2 Loss :  1.584641277217865
Epoch :  869  Epoch time :  0.15980090107768774  Train L2 Loss :  1.5846426219940186
Epoch :  870  Epoch time :  0.16226172354072332  Train L2 Loss :  1.584604898071289
Epoch :  871  Epoch time :  0.16228020563721657  Train L2 Loss :  1.5846148696899414
Epoch :  872  Epoch time :  0.1609653728082776  Train L2 Loss :  1.584588250350952
Epoch :  873  Epoch time :  0.16231112089008093  Train L2 Loss :  1.5845631813049317
Epoch :  874  Epoch time :  0.16236583143472672  Train L2 Loss :  1.5845508548736573
Epoch :  875  Epoch time :  0.16074005141854286  Train L2 Loss :  1.5845271688461304
Epoch :  876  Epoch time :  0.16254396177828312  Train L2 Loss :  1.5845367177963257
Epoch :  877  Epoch time :  0.1621171496808529  Train L2 Loss :  1.5845117851257324
Epoch :  878  Epoch time :  0.16055065114051104  Train L2 Loss :  1.5844900012969971
Epoch :  879  Epoch time :  0.16286476328969002  Train L2 Loss :  1.584515688896179
Epoch :  880  Epoch time :  0.16306866146624088  Train L2 Loss :  1.5844880239486694
Epoch :  881  Epoch time :  0.16125398688018322  Train L2 Loss :  1.5844550746917725
Epoch :  882  Epoch time :  0.16243275254964828  Train L2 Loss :  1.5844578830718994
Epoch :  883  Epoch time :  0.16289863176643848  Train L2 Loss :  1.5844320301055907
Epoch :  884  Epoch time :  0.16037481930106878  Train L2 Loss :  1.5843996238708495
Epoch :  885  Epoch time :  0.16197253577411175  Train L2 Loss :  1.584435661315918
Epoch :  886  Epoch time :  0.16233395505696535  Train L2 Loss :  1.5843864093780518
Epoch :  887  Epoch time :  0.16040757670998573  Train L2 Loss :  1.5843696773529052
Epoch :  888  Epoch time :  0.16249781101942062  Train L2 Loss :  1.5843598012924194
Epoch :  889  Epoch time :  0.1634386135265231  Train L2 Loss :  1.5843546939849853
Epoch :  890  Epoch time :  0.1612130831927061  Train L2 Loss :  1.584356409072876
Epoch :  891  Epoch time :  0.162268933840096  Train L2 Loss :  1.584331237411499
Epoch :  892  Epoch time :  0.16260159388184547  Train L2 Loss :  1.5843126808166503
Epoch :  893  Epoch time :  0.1614151280373335  Train L2 Loss :  1.5843121368408204
Epoch :  894  Epoch time :  0.1619685674086213  Train L2 Loss :  1.584285331916809
Epoch :  895  Epoch time :  0.16232928447425365  Train L2 Loss :  1.5842600826263429
Epoch :  896  Epoch time :  0.16055536456406116  Train L2 Loss :  1.584275267982483
Epoch :  897  Epoch time :  0.16280012018978596  Train L2 Loss :  1.5842671497344971
Epoch :  898  Epoch time :  0.16170094534754753  Train L2 Loss :  1.5842370189666748
Epoch :  899  Epoch time :  0.16136113554239273  Train L2 Loss :  1.5842171131134033
Epoch :  900  Epoch time :  0.16200911346822977  Train L2 Loss :  1.5841680280685424
Epoch :  901  Epoch time :  0.1624836903065443  Train L2 Loss :  1.5841495235443115
Epoch :  902  Epoch time :  0.1609133379533887  Train L2 Loss :  1.5841444305419923
Epoch :  903  Epoch time :  0.16237801872193813  Train L2 Loss :  1.5841503467559814
Epoch :  904  Epoch time :  0.162563961930573  Train L2 Loss :  1.5841364757537841
Epoch :  905  Epoch time :  0.160447608679533  Train L2 Loss :  1.5841146396636963
Epoch :  906  Epoch time :  0.1622888958081603  Train L2 Loss :  1.5841138227462768
Epoch :  907  Epoch time :  0.16206626780331135  Train L2 Loss :  1.5841079376220704
Epoch :  908  Epoch time :  0.16145888902246952  Train L2 Loss :  1.5840996625900268
Epoch :  909  Epoch time :  0.16231699474155903  Train L2 Loss :  1.5840952892303466
Epoch :  910  Epoch time :  0.16251669637858868  Train L2 Loss :  1.584091341972351
Epoch :  911  Epoch time :  0.16324204672127962  Train L2 Loss :  1.5840805046081543
Epoch :  912  Epoch time :  0.16199625935405493  Train L2 Loss :  1.5840887599945068
Epoch :  913  Epoch time :  0.16289298608899117  Train L2 Loss :  1.5840711460113526
Epoch :  914  Epoch time :  0.16184441838413477  Train L2 Loss :  1.5840721076965332
Epoch :  915  Epoch time :  0.16229090001434088  Train L2 Loss :  1.5840612464904784
Epoch :  916  Epoch time :  0.1618865206837654  Train L2 Loss :  1.5840523487091065
Epoch :  917  Epoch time :  0.16140306182205677  Train L2 Loss :  1.5840377330780029
Epoch :  918  Epoch time :  0.16236363537609577  Train L2 Loss :  1.584042480278015
Epoch :  919  Epoch time :  0.1624823147431016  Train L2 Loss :  1.584033395767212
Epoch :  920  Epoch time :  0.16106583829969168  Train L2 Loss :  1.5840352737426757
Epoch :  921  Epoch time :  0.1622335622087121  Train L2 Loss :  1.5840166639328004
Epoch :  922  Epoch time :  0.16199176479130983  Train L2 Loss :  1.5840189838409424
Epoch :  923  Epoch time :  0.15987928211688995  Train L2 Loss :  1.5840061597824098
Epoch :  924  Epoch time :  0.16254744678735733  Train L2 Loss :  1.5840102361679078
Epoch :  925  Epoch time :  0.16182038933038712  Train L2 Loss :  1.5840032810211182
Epoch :  926  Epoch time :  0.16145138628780842  Train L2 Loss :  1.5839795066833495
Epoch :  927  Epoch time :  0.16318423300981522  Train L2 Loss :  1.5839981176376343
Epoch :  928  Epoch time :  0.1620256593450904  Train L2 Loss :  1.583964345550537
Epoch :  929  Epoch time :  0.16105623543262482  Train L2 Loss :  1.5839667236328125
Epoch :  930  Epoch time :  0.16262419056147337  Train L2 Loss :  1.583959182357788
Epoch :  931  Epoch time :  0.1628385316580534  Train L2 Loss :  1.5839612497329711
Epoch :  932  Epoch time :  0.16089320089668036  Train L2 Loss :  1.5839493413925172
Epoch :  933  Epoch time :  0.16313263587653637  Train L2 Loss :  1.5839327896118165
Epoch :  934  Epoch time :  0.16229048371315002  Train L2 Loss :  1.5839322389602661
Epoch :  935  Epoch time :  0.16098600160330534  Train L2 Loss :  1.5839253967285156
Epoch :  936  Epoch time :  0.16299260780215263  Train L2 Loss :  1.5839209270477295
Epoch :  937  Epoch time :  0.16227020230144262  Train L2 Loss :  1.5839113067626953
Epoch :  938  Epoch time :  0.16155053954571486  Train L2 Loss :  1.5839034006118775
Epoch :  939  Epoch time :  0.1625502835959196  Train L2 Loss :  1.5839024055480957
Epoch :  940  Epoch time :  0.16346157062798738  Train L2 Loss :  1.5838861511230469
Epoch :  941  Epoch time :  0.16041924618184566  Train L2 Loss :  1.583878000640869
Epoch :  942  Epoch time :  0.16439644061028957  Train L2 Loss :  1.5838859022140503
Epoch :  943  Epoch time :  0.1624581143260002  Train L2 Loss :  1.583862586402893
Epoch :  944  Epoch time :  0.16060342360287905  Train L2 Loss :  1.583872791481018
Epoch :  945  Epoch time :  0.1629968322813511  Train L2 Loss :  1.5838552089691162
Epoch :  946  Epoch time :  0.16235472727566957  Train L2 Loss :  1.5838598649978637
Epoch :  947  Epoch time :  0.161529584787786  Train L2 Loss :  1.5838402854919433
Epoch :  948  Epoch time :  0.16272630356252193  Train L2 Loss :  1.5838472082138062
Epoch :  949  Epoch time :  0.16320831328630447  Train L2 Loss :  1.5838364379882812
Epoch :  950  Epoch time :  0.16073346883058548  Train L2 Loss :  1.5838240287780763
Epoch :  951  Epoch time :  0.16395815648138523  Train L2 Loss :  1.5838264413833618
Epoch :  952  Epoch time :  0.16306012775748968  Train L2 Loss :  1.5838124202728272
Epoch :  953  Epoch time :  0.16069149505347013  Train L2 Loss :  1.583809623336792
Epoch :  954  Epoch time :  0.1623723292723298  Train L2 Loss :  1.5838033493041992
Epoch :  955  Epoch time :  0.16155624017119408  Train L2 Loss :  1.5837980070114135
Epoch :  956  Epoch time :  0.16046670358628035  Train L2 Loss :  1.5837785884857178
Epoch :  957  Epoch time :  0.1619186857715249  Train L2 Loss :  1.5837773441314698
Epoch :  958  Epoch time :  0.1625300543382764  Train L2 Loss :  1.5837705242156983
Epoch :  959  Epoch time :  0.16049856320023537  Train L2 Loss :  1.583767677307129
Epoch :  960  Epoch time :  0.16290335077792406  Train L2 Loss :  1.5837552627563476
Epoch :  961  Epoch time :  0.16284190583974123  Train L2 Loss :  1.5837495975494384
Epoch :  962  Epoch time :  0.16440085880458355  Train L2 Loss :  1.583748385620117
Epoch :  963  Epoch time :  0.1652096351608634  Train L2 Loss :  1.583737300491333
Epoch :  964  Epoch time :  0.163074541836977  Train L2 Loss :  1.5837190254211426
Epoch :  965  Epoch time :  0.1613885099068284  Train L2 Loss :  1.5837379680633545
Epoch :  966  Epoch time :  0.16256257332861423  Train L2 Loss :  1.5837183578491212
Epoch :  967  Epoch time :  0.1639057593420148  Train L2 Loss :  1.5837048061370849
Epoch :  968  Epoch time :  0.1611749343574047  Train L2 Loss :  1.583697884941101
Epoch :  969  Epoch time :  0.16269603185355663  Train L2 Loss :  1.583693055343628
Epoch :  970  Epoch time :  0.1634385557845235  Train L2 Loss :  1.5837004894256592
Epoch :  971  Epoch time :  0.15968706738203764  Train L2 Loss :  1.5836995880126954
Epoch :  972  Epoch time :  0.16326728742569685  Train L2 Loss :  1.5836780527114869
Epoch :  973  Epoch time :  0.1638726918026805  Train L2 Loss :  1.5836678525924683
Epoch :  974  Epoch time :  0.161594963632524  Train L2 Loss :  1.5836607875823974
Epoch :  975  Epoch time :  0.16284844186156988  Train L2 Loss :  1.5836475101470948
Epoch :  976  Epoch time :  0.16345226857811213  Train L2 Loss :  1.5836536743164062
Epoch :  977  Epoch time :  0.16117631923407316  Train L2 Loss :  1.5836336853027344
Epoch :  978  Epoch time :  0.16214989870786667  Train L2 Loss :  1.5836442562103272
Epoch :  979  Epoch time :  0.16380273271352053  Train L2 Loss :  1.5836332834243774
Epoch :  980  Epoch time :  0.16063265409320593  Train L2 Loss :  1.58362660446167
Epoch :  981  Epoch time :  0.1633243653923273  Train L2 Loss :  1.5836285507202148
Epoch :  982  Epoch time :  0.163066984154284  Train L2 Loss :  1.5836073608398438
Epoch :  983  Epoch time :  0.16092623211443424  Train L2 Loss :  1.5836120098114013
Epoch :  984  Epoch time :  0.16237289179116488  Train L2 Loss :  1.5836116140365601
Epoch :  985  Epoch time :  0.16347303614020348  Train L2 Loss :  1.583586488723755
Epoch :  986  Epoch time :  0.16073889005929232  Train L2 Loss :  1.5835910148620604
Epoch :  987  Epoch time :  0.16368454229086637  Train L2 Loss :  1.5835839126586915
Epoch :  988  Epoch time :  0.1635809438303113  Train L2 Loss :  1.5835627693176269
Epoch :  989  Epoch time :  0.16081758309155703  Train L2 Loss :  1.5835612983703613
Epoch :  990  Epoch time :  0.17801788542419672  Train L2 Loss :  1.5835668966293335
Epoch :  991  Epoch time :  0.1624486418440938  Train L2 Loss :  1.5835513431549073
Epoch :  992  Epoch time :  0.16157585568726063  Train L2 Loss :  1.5835461082458495
Epoch :  993  Epoch time :  0.1629463629797101  Train L2 Loss :  1.5835385881423951
Epoch :  994  Epoch time :  0.16299981717020273  Train L2 Loss :  1.5835335306167602
Epoch :  995  Epoch time :  0.1619108496233821  Train L2 Loss :  1.5835250896453859
Epoch :  996  Epoch time :  0.1622179178521037  Train L2 Loss :  1.5835412347793578
Epoch :  997  Epoch time :  0.16289041843265295  Train L2 Loss :  1.5835132755279542
Epoch :  998  Epoch time :  0.16173748951405287  Train L2 Loss :  1.5835050003051758
Epoch :  999  Epoch time :  0.1634382652118802  Train L2 Loss :  1.5835001255035401
Total time is : 162.93967754673213 Total epoch is  1000
