Energy is  1.7763568394002505e-15
Input dim :  128  output dim :  4096
362753
Epoch :  0  Epoch time :  0.352125259116292  Train L2 Loss :  6.973214585876465
Epoch :  1  Epoch time :  0.1621830239892006  Train L2 Loss :  6.294667197036743
Epoch :  2  Epoch time :  0.1612634351477027  Train L2 Loss :  5.594505513000488
Epoch :  3  Epoch time :  0.15958371106535196  Train L2 Loss :  4.84662241973877
Epoch :  4  Epoch time :  0.16202332358807325  Train L2 Loss :  4.140859757232666
Epoch :  5  Epoch time :  0.16163574438542128  Train L2 Loss :  3.2967696125030517
Epoch :  6  Epoch time :  0.15958643704652786  Train L2 Loss :  2.86000760345459
Epoch :  7  Epoch time :  0.16445808485150337  Train L2 Loss :  2.5890101387023927
Epoch :  8  Epoch time :  0.1615486703813076  Train L2 Loss :  2.356339749145508
Epoch :  9  Epoch time :  0.16009491216391325  Train L2 Loss :  2.0765323078155515
Epoch :  10  Epoch time :  0.16171738505363464  Train L2 Loss :  1.8415946659088134
Epoch :  11  Epoch time :  0.1617586063221097  Train L2 Loss :  1.7954345260620117
Epoch :  12  Epoch time :  0.16026360169053078  Train L2 Loss :  1.5998029983520508
Epoch :  13  Epoch time :  0.1618094276636839  Train L2 Loss :  1.4961534470558167
Epoch :  14  Epoch time :  0.16186760272830725  Train L2 Loss :  1.3814045475006103
Epoch :  15  Epoch time :  0.16049308516085148  Train L2 Loss :  1.2791223030090333
Epoch :  16  Epoch time :  0.16504543647170067  Train L2 Loss :  1.2500361434936524
Epoch :  17  Epoch time :  0.1616709055379033  Train L2 Loss :  1.1795182605743408
Epoch :  18  Epoch time :  0.16025967709720135  Train L2 Loss :  1.0898846244812013
Epoch :  19  Epoch time :  0.1617179848253727  Train L2 Loss :  1.0657046150207519
Epoch :  20  Epoch time :  0.16165888868272305  Train L2 Loss :  0.9539793165206909
Epoch :  21  Epoch time :  0.16044483333826065  Train L2 Loss :  0.889208480834961
Epoch :  22  Epoch time :  0.16170612815767527  Train L2 Loss :  0.8915292627334594
Epoch :  23  Epoch time :  0.16184949781745672  Train L2 Loss :  0.7934929712295532
Epoch :  24  Epoch time :  0.16390763502568007  Train L2 Loss :  0.7315906520843506
Epoch :  25  Epoch time :  0.16177634056657553  Train L2 Loss :  0.7293107215881348
Epoch :  26  Epoch time :  0.16240969765931368  Train L2 Loss :  0.6838975439548493
Epoch :  27  Epoch time :  0.16026593931019306  Train L2 Loss :  0.665969491481781
Epoch :  28  Epoch time :  0.16168884187936783  Train L2 Loss :  0.599995533132553
Epoch :  29  Epoch time :  0.1615062952041626  Train L2 Loss :  0.5524550256729126
Epoch :  30  Epoch time :  0.160313056781888  Train L2 Loss :  0.5708704452514648
Epoch :  31  Epoch time :  0.16074598394334316  Train L2 Loss :  0.5718036441802978
Epoch :  32  Epoch time :  0.1697012223303318  Train L2 Loss :  0.4966607611656189
Epoch :  33  Epoch time :  0.1607548976317048  Train L2 Loss :  0.5157446264266968
Epoch :  34  Epoch time :  0.16168354731053114  Train L2 Loss :  0.4821533338546753
Epoch :  35  Epoch time :  0.16178971901535988  Train L2 Loss :  0.4654868980407715
Epoch :  36  Epoch time :  0.15898524969816208  Train L2 Loss :  0.41847708323001864
Epoch :  37  Epoch time :  0.1625934662297368  Train L2 Loss :  0.4158103997707367
Epoch :  38  Epoch time :  0.1627038512378931  Train L2 Loss :  0.43162146253585815
Epoch :  39  Epoch time :  0.16419733222573996  Train L2 Loss :  0.43873567605018615
Epoch :  40  Epoch time :  0.16487876884639263  Train L2 Loss :  0.43385735335350034
Epoch :  41  Epoch time :  0.16231578402221203  Train L2 Loss :  0.4403409194946289
Epoch :  42  Epoch time :  0.16129786614328623  Train L2 Loss :  0.402223982334137
Epoch :  43  Epoch time :  0.16241479571908712  Train L2 Loss :  0.3905127305984497
Epoch :  44  Epoch time :  0.16274649370461702  Train L2 Loss :  0.38212069313526154
Epoch :  45  Epoch time :  0.1616258779540658  Train L2 Loss :  0.38068285174369815
Epoch :  46  Epoch time :  0.16241483483463526  Train L2 Loss :  0.42636381726264955
Epoch :  47  Epoch time :  0.1658261939883232  Train L2 Loss :  0.4350244300365448
Epoch :  48  Epoch time :  0.16058495547622442  Train L2 Loss :  0.41318349981307984
Epoch :  49  Epoch time :  0.1623370135203004  Train L2 Loss :  0.39630822863578796
Epoch :  50  Epoch time :  0.16205176059156656  Train L2 Loss :  0.38687036986351014
Epoch :  51  Epoch time :  0.1604802580550313  Train L2 Loss :  0.3831926534175873
Epoch :  52  Epoch time :  0.16273018158972263  Train L2 Loss :  0.3846099929332733
Epoch :  53  Epoch time :  0.16505669057369232  Train L2 Loss :  0.35408911581039426
Epoch :  54  Epoch time :  0.16052769403904676  Train L2 Loss :  0.3293871883392334
Epoch :  55  Epoch time :  0.16262686904519796  Train L2 Loss :  0.30102533159255984
Epoch :  56  Epoch time :  0.16242776717990637  Train L2 Loss :  0.2914735794067383
Epoch :  57  Epoch time :  0.16237822826951742  Train L2 Loss :  0.2937820272922516
Epoch :  58  Epoch time :  0.16267666313797235  Train L2 Loss :  0.3087318543434143
Epoch :  59  Epoch time :  0.16246453113853931  Train L2 Loss :  0.3140249554157257
Epoch :  60  Epoch time :  0.1605591382831335  Train L2 Loss :  0.327854346036911
Epoch :  61  Epoch time :  0.16293644718825817  Train L2 Loss :  0.34294336700439454
Epoch :  62  Epoch time :  0.16245331522077322  Train L2 Loss :  0.350868540763855
Epoch :  63  Epoch time :  0.16078754607588053  Train L2 Loss :  0.35355481042861936
Epoch :  64  Epoch time :  0.1623312383890152  Train L2 Loss :  0.3326717667579651
Epoch :  65  Epoch time :  0.16274216398596764  Train L2 Loss :  0.3033873327255249
Epoch :  66  Epoch time :  0.163465547375381  Train L2 Loss :  0.3344557356357574
Epoch :  67  Epoch time :  0.16246094275265932  Train L2 Loss :  0.3260153737068176
Epoch :  68  Epoch time :  0.1629260564222932  Train L2 Loss :  0.3196259247779846
Epoch :  69  Epoch time :  0.16073830984532833  Train L2 Loss :  0.2896152100563049
Epoch :  70  Epoch time :  0.16268915217369795  Train L2 Loss :  0.25905271396636964
Epoch :  71  Epoch time :  0.16298575978726149  Train L2 Loss :  0.24236132364273072
Epoch :  72  Epoch time :  0.16078569274395704  Train L2 Loss :  0.24182087652683257
Epoch :  73  Epoch time :  0.16573221888393164  Train L2 Loss :  0.25384054136276246
Epoch :  74  Epoch time :  0.16269509214907885  Train L2 Loss :  0.26839663071632386
Epoch :  75  Epoch time :  0.16186106577515602  Train L2 Loss :  0.26213798599243165
Epoch :  76  Epoch time :  0.16303514502942562  Train L2 Loss :  0.23503544116020203
Epoch :  77  Epoch time :  0.162446822039783  Train L2 Loss :  0.2285250228881836
Epoch :  78  Epoch time :  0.1621177140623331  Train L2 Loss :  0.24887727632522583
Epoch :  79  Epoch time :  0.16555955726653337  Train L2 Loss :  0.24866115295886992
Epoch :  80  Epoch time :  0.16101807355880737  Train L2 Loss :  0.2582273190736771
Epoch :  81  Epoch time :  0.1634958367794752  Train L2 Loss :  0.25574603128433226
Epoch :  82  Epoch time :  0.1628103032708168  Train L2 Loss :  0.2525383023262024
Epoch :  83  Epoch time :  0.16119457688182592  Train L2 Loss :  0.24422176365852355
Epoch :  84  Epoch time :  0.16351798363029957  Train L2 Loss :  0.2541200473308563
Epoch :  85  Epoch time :  0.1626652143895626  Train L2 Loss :  0.2746836802482605
Epoch :  86  Epoch time :  0.16079259850084782  Train L2 Loss :  0.26307005791664123
Epoch :  87  Epoch time :  0.1636556861922145  Train L2 Loss :  0.26596191115379336
Epoch :  88  Epoch time :  0.1641203360632062  Train L2 Loss :  0.2427684923171997
Epoch :  89  Epoch time :  0.16130389459431171  Train L2 Loss :  0.22849792506694794
Epoch :  90  Epoch time :  0.16348991729319096  Train L2 Loss :  0.22193654441833496
Epoch :  91  Epoch time :  0.1635198788717389  Train L2 Loss :  0.19616077761650086
Epoch :  92  Epoch time :  0.1679386254400015  Train L2 Loss :  0.1963487962245941
Epoch :  93  Epoch time :  0.1646671835333109  Train L2 Loss :  0.20764048657417297
Epoch :  94  Epoch time :  0.16358598601073027  Train L2 Loss :  0.23122956032752992
Epoch :  95  Epoch time :  0.1614153254777193  Train L2 Loss :  0.2590880822658539
Epoch :  96  Epoch time :  0.16320485901087523  Train L2 Loss :  0.2386129736185074
Epoch :  97  Epoch time :  0.16320370510220528  Train L2 Loss :  0.24231836421489716
Epoch :  98  Epoch time :  0.16176406852900982  Train L2 Loss :  0.26326529173851015
Epoch :  99  Epoch time :  0.16310638654977083  Train L2 Loss :  0.2998524372577667
Epoch :  100  Epoch time :  0.1652542632073164  Train L2 Loss :  0.20561375312805175
Epoch :  101  Epoch time :  0.16193553525954485  Train L2 Loss :  0.1405123298883438
Epoch :  102  Epoch time :  0.16351615451276302  Train L2 Loss :  0.11985450464487075
Epoch :  103  Epoch time :  0.16302432492375374  Train L2 Loss :  0.11120554366111755
Epoch :  104  Epoch time :  0.16146637871861458  Train L2 Loss :  0.10706915490627289
Epoch :  105  Epoch time :  0.16306170262396336  Train L2 Loss :  0.10405066957473755
Epoch :  106  Epoch time :  0.17967762611806393  Train L2 Loss :  0.10193395395278931
Epoch :  107  Epoch time :  0.1616937220096588  Train L2 Loss :  0.09968036503791809
Epoch :  108  Epoch time :  0.1634218404069543  Train L2 Loss :  0.0980516007900238
Epoch :  109  Epoch time :  0.16274271719157696  Train L2 Loss :  0.09596111507415772
Epoch :  110  Epoch time :  0.1617034301161766  Train L2 Loss :  0.09458198323249817
Epoch :  111  Epoch time :  0.16356102004647255  Train L2 Loss :  0.0935759862780571
Epoch :  112  Epoch time :  0.16336159966886044  Train L2 Loss :  0.0927654886484146
Epoch :  113  Epoch time :  0.1610370585694909  Train L2 Loss :  0.09135743752717972
Epoch :  114  Epoch time :  0.16351181734353304  Train L2 Loss :  0.09018313128948212
Epoch :  115  Epoch time :  0.16255408339202404  Train L2 Loss :  0.08923410177230835
Epoch :  116  Epoch time :  0.16069959104061127  Train L2 Loss :  0.08839791147708893
Epoch :  117  Epoch time :  0.16677127592265606  Train L2 Loss :  0.08771827412843704
Epoch :  118  Epoch time :  0.16315675526857376  Train L2 Loss :  0.08693996995687485
Epoch :  119  Epoch time :  0.16197361797094345  Train L2 Loss :  0.08615969705581665
Epoch :  120  Epoch time :  0.16257830802351236  Train L2 Loss :  0.0844437083363533
Epoch :  121  Epoch time :  0.16298677865415812  Train L2 Loss :  0.08448922728896141
Epoch :  122  Epoch time :  0.1610578428953886  Train L2 Loss :  0.08703521103858948
Epoch :  123  Epoch time :  0.16265756264328957  Train L2 Loss :  0.08726070132255555
Epoch :  124  Epoch time :  0.16304649133235216  Train L2 Loss :  0.08557906620502471
Epoch :  125  Epoch time :  0.1611286671832204  Train L2 Loss :  0.08504748990535736
Epoch :  126  Epoch time :  0.1628718562424183  Train L2 Loss :  0.08391481337547302
Epoch :  127  Epoch time :  0.16290253680199385  Train L2 Loss :  0.08491035676002502
Epoch :  128  Epoch time :  0.16130288876593113  Train L2 Loss :  0.09232525099515915
Epoch :  129  Epoch time :  0.16584135498851538  Train L2 Loss :  0.09097576596736907
Epoch :  130  Epoch time :  0.16237846110016108  Train L2 Loss :  0.0938897765159607
Epoch :  131  Epoch time :  0.16252728085964918  Train L2 Loss :  0.09167502884864807
Epoch :  132  Epoch time :  0.1636422798037529  Train L2 Loss :  0.09310162472724914
Epoch :  133  Epoch time :  0.16224483121186495  Train L2 Loss :  0.09639193840026855
Epoch :  134  Epoch time :  0.1638785870745778  Train L2 Loss :  0.09553320798873902
Epoch :  135  Epoch time :  0.16260171588510275  Train L2 Loss :  0.09959243211746216
Epoch :  136  Epoch time :  0.16150838788598776  Train L2 Loss :  0.10613389540910721
Epoch :  137  Epoch time :  0.1635498432442546  Train L2 Loss :  0.11948312324285507
Epoch :  138  Epoch time :  0.1630378682166338  Train L2 Loss :  0.12056784031391143
Epoch :  139  Epoch time :  0.1634872816503048  Train L2 Loss :  0.11470048837661743
Epoch :  140  Epoch time :  0.1634546648710966  Train L2 Loss :  0.10983000048398972
Epoch :  141  Epoch time :  0.1631158534437418  Train L2 Loss :  0.10760175685882568
Epoch :  142  Epoch time :  0.1608575452119112  Train L2 Loss :  0.11060440802574158
Epoch :  143  Epoch time :  0.16320156678557396  Train L2 Loss :  0.10802812271118165
Epoch :  144  Epoch time :  0.16359008010476828  Train L2 Loss :  0.10638484859466553
Epoch :  145  Epoch time :  0.160896728746593  Train L2 Loss :  0.10981138199567794
Epoch :  146  Epoch time :  0.16288267727941275  Train L2 Loss :  0.11446884462833405
Epoch :  147  Epoch time :  0.16398435458540916  Train L2 Loss :  0.1490487293958664
Epoch :  148  Epoch time :  0.1608183579519391  Train L2 Loss :  0.13051264724731446
Epoch :  149  Epoch time :  0.16342238429933786  Train L2 Loss :  0.1091772898554802
Epoch :  150  Epoch time :  0.16636047046631575  Train L2 Loss :  0.10724241230487823
Epoch :  151  Epoch time :  0.16143342293798923  Train L2 Loss :  0.1035750145316124
Epoch :  152  Epoch time :  0.16295870952308178  Train L2 Loss :  0.09584228233098983
Epoch :  153  Epoch time :  0.16309972293674946  Train L2 Loss :  0.09054838304519654
Epoch :  154  Epoch time :  0.16192851960659027  Train L2 Loss :  0.08584430375099182
Epoch :  155  Epoch time :  0.16355082672089338  Train L2 Loss :  0.0816478712797165
Epoch :  156  Epoch time :  0.1630458114668727  Train L2 Loss :  0.08728011562824249
Epoch :  157  Epoch time :  0.16202926076948643  Train L2 Loss :  0.0970707345366478
Epoch :  158  Epoch time :  0.16341921966522932  Train L2 Loss :  0.10226575629711152
Epoch :  159  Epoch time :  0.163369320333004  Train L2 Loss :  0.09954730622768403
Epoch :  160  Epoch time :  0.16442621313035488  Train L2 Loss :  0.09757288216352462
Epoch :  161  Epoch time :  0.16368710529059172  Train L2 Loss :  0.10412205301523209
Epoch :  162  Epoch time :  0.1631524907425046  Train L2 Loss :  0.10295871982574463
Epoch :  163  Epoch time :  0.16225291416049004  Train L2 Loss :  0.09771652944087982
Epoch :  164  Epoch time :  0.16329162288457155  Train L2 Loss :  0.09157072823047638
Epoch :  165  Epoch time :  0.163267663680017  Train L2 Loss :  0.08815888555049896
Epoch :  166  Epoch time :  0.16218774486333132  Train L2 Loss :  0.08681698353290558
Epoch :  167  Epoch time :  0.1633770363405347  Train L2 Loss :  0.08571915454864502
Epoch :  168  Epoch time :  0.16340881865471601  Train L2 Loss :  0.08266639823913574
Epoch :  169  Epoch time :  0.1619178792461753  Train L2 Loss :  0.08370156408548356
Epoch :  170  Epoch time :  0.1644846871495247  Train L2 Loss :  0.08749703735113144
Epoch :  171  Epoch time :  0.16617794334888458  Train L2 Loss :  0.09246270388364791
Epoch :  172  Epoch time :  0.16196037456393242  Train L2 Loss :  0.08946968772411347
Epoch :  173  Epoch time :  0.16417799424380064  Train L2 Loss :  0.09901552492380142
Epoch :  174  Epoch time :  0.16269875410944223  Train L2 Loss :  0.10843564958572388
Epoch :  175  Epoch time :  0.16183373238891363  Train L2 Loss :  0.11418356623649598
Epoch :  176  Epoch time :  0.16431259270757437  Train L2 Loss :  0.11045641393661498
Epoch :  177  Epoch time :  0.16456381976604462  Train L2 Loss :  0.09742924753427505
Epoch :  178  Epoch time :  0.16278843954205513  Train L2 Loss :  0.10116190180778503
Epoch :  179  Epoch time :  0.16462766472250223  Train L2 Loss :  0.09892341710329056
Epoch :  180  Epoch time :  0.1649275692179799  Train L2 Loss :  0.0932497776389122
Epoch :  181  Epoch time :  0.17073605954647064  Train L2 Loss :  0.09375196223258972
Epoch :  182  Epoch time :  0.16695531364530325  Train L2 Loss :  0.09280571522712708
Epoch :  183  Epoch time :  0.164332483895123  Train L2 Loss :  0.10580564405918122
Epoch :  184  Epoch time :  0.16220946609973907  Train L2 Loss :  0.0998441223859787
Epoch :  185  Epoch time :  0.16481631994247437  Train L2 Loss :  0.09053762412071228
Epoch :  186  Epoch time :  0.1647512512281537  Train L2 Loss :  0.09744150433540344
Epoch :  187  Epoch time :  0.16390716191381216  Train L2 Loss :  0.0954490967988968
Epoch :  188  Epoch time :  0.16450037714093924  Train L2 Loss :  0.09721136064529419
Epoch :  189  Epoch time :  0.16319887898862362  Train L2 Loss :  0.10437048549652099
Epoch :  190  Epoch time :  0.1645016809925437  Train L2 Loss :  0.09536373400688171
Epoch :  191  Epoch time :  0.1643688604235649  Train L2 Loss :  0.10242198610305786
Epoch :  192  Epoch time :  0.17971637099981308  Train L2 Loss :  0.09937177945375443
Epoch :  193  Epoch time :  0.16155673749744892  Train L2 Loss :  0.0919052659034729
Epoch :  194  Epoch time :  0.1618443289771676  Train L2 Loss :  0.09180436000823974
Epoch :  195  Epoch time :  0.15993153490126133  Train L2 Loss :  0.08653505856990815
Epoch :  196  Epoch time :  0.1618904611095786  Train L2 Loss :  0.08228539218306541
Epoch :  197  Epoch time :  0.1620838837698102  Train L2 Loss :  0.07729691474437714
Epoch :  198  Epoch time :  0.1603159485384822  Train L2 Loss :  0.07295565919876099
Epoch :  199  Epoch time :  0.16259486693888903  Train L2 Loss :  0.0761014645934105
Epoch :  200  Epoch time :  0.162729911506176  Train L2 Loss :  0.06599277966022492
Epoch :  201  Epoch time :  0.16056765895336866  Train L2 Loss :  0.056366585290431974
Epoch :  202  Epoch time :  0.16288575157523155  Train L2 Loss :  0.053144518554210665
Epoch :  203  Epoch time :  0.16285339836031199  Train L2 Loss :  0.05190134245753288
Epoch :  204  Epoch time :  0.16095999907702208  Train L2 Loss :  0.051272639811038974
Epoch :  205  Epoch time :  0.1630253866314888  Train L2 Loss :  0.05067831730246544
Epoch :  206  Epoch time :  0.1631898544728756  Train L2 Loss :  0.05028266575336456
Epoch :  207  Epoch time :  0.16163647919893265  Train L2 Loss :  0.04993792884349823
Epoch :  208  Epoch time :  0.16273336950689554  Train L2 Loss :  0.04976195049881935
Epoch :  209  Epoch time :  0.1625459548085928  Train L2 Loss :  0.04949389566779137
Epoch :  210  Epoch time :  0.16162921115756035  Train L2 Loss :  0.04923545065522194
Epoch :  211  Epoch time :  0.16294563561677933  Train L2 Loss :  0.04903808656930923
Epoch :  212  Epoch time :  0.16573406290262938  Train L2 Loss :  0.04872516227960587
Epoch :  213  Epoch time :  0.16753959003835917  Train L2 Loss :  0.048644380795955657
Epoch :  214  Epoch time :  0.16294918674975634  Train L2 Loss :  0.04841014854907989
Epoch :  215  Epoch time :  0.16261992696672678  Train L2 Loss :  0.04822613112926483
Epoch :  216  Epoch time :  0.16162995994091034  Train L2 Loss :  0.04809637738466263
Epoch :  217  Epoch time :  0.1629620734602213  Train L2 Loss :  0.0479476171374321
Epoch :  218  Epoch time :  0.16272459086030722  Train L2 Loss :  0.0477382306933403
Epoch :  219  Epoch time :  0.16142007987946272  Train L2 Loss :  0.04759241923093796
Epoch :  220  Epoch time :  0.16305260825902224  Train L2 Loss :  0.047443035256862644
Epoch :  221  Epoch time :  0.16289203893393278  Train L2 Loss :  0.047302767622470855
Epoch :  222  Epoch time :  0.16166296415030956  Train L2 Loss :  0.04705612735748291
Epoch :  223  Epoch time :  0.16354476660490036  Train L2 Loss :  0.04697625993490219
Epoch :  224  Epoch time :  0.1630082167685032  Train L2 Loss :  0.04716541059613228
Epoch :  225  Epoch time :  0.16139721777290106  Train L2 Loss :  0.04697310997247696
Epoch :  226  Epoch time :  0.16377740912139416  Train L2 Loss :  0.04703559379577637
Epoch :  227  Epoch time :  0.16323287319391966  Train L2 Loss :  0.046839917290210725
Epoch :  228  Epoch time :  0.16143820248544216  Train L2 Loss :  0.04647268400192261
Epoch :  229  Epoch time :  0.16344346944242716  Train L2 Loss :  0.04643618879318237
Epoch :  230  Epoch time :  0.16364018712192774  Train L2 Loss :  0.04640055469274521
Epoch :  231  Epoch time :  0.16142782662063837  Train L2 Loss :  0.04629200555086136
Epoch :  232  Epoch time :  0.16312714107334614  Train L2 Loss :  0.04688728723526001
Epoch :  233  Epoch time :  0.16339159943163395  Train L2 Loss :  0.047463398903608324
Epoch :  234  Epoch time :  0.16131378803402185  Train L2 Loss :  0.047869997107982634
Epoch :  235  Epoch time :  0.16306686960160732  Train L2 Loss :  0.04825071417093277
Epoch :  236  Epoch time :  0.1637986758723855  Train L2 Loss :  0.049493339055776596
Epoch :  237  Epoch time :  0.16137638129293919  Train L2 Loss :  0.05237969393730164
Epoch :  238  Epoch time :  0.16292389202862978  Train L2 Loss :  0.05788115290403366
Epoch :  239  Epoch time :  0.16631314158439636  Train L2 Loss :  0.06310424053668975
Epoch :  240  Epoch time :  0.16185623314231634  Train L2 Loss :  0.062747431910038
Epoch :  241  Epoch time :  0.16337605006992817  Train L2 Loss :  0.06366475045681
Epoch :  242  Epoch time :  0.1628146106377244  Train L2 Loss :  0.0617011485338211
Epoch :  243  Epoch time :  0.16364383418112993  Train L2 Loss :  0.06177199546694755
Epoch :  244  Epoch time :  0.16322611644864082  Train L2 Loss :  0.055798296028375625
Epoch :  245  Epoch time :  0.16214935015887022  Train L2 Loss :  0.055046031665802
Epoch :  246  Epoch time :  0.16398780699819326  Train L2 Loss :  0.05389969881772995
Epoch :  247  Epoch time :  0.16371155995875597  Train L2 Loss :  0.05029156308174133
Epoch :  248  Epoch time :  0.1619422398507595  Train L2 Loss :  0.05003206598758698
Epoch :  249  Epoch time :  0.16399081703275442  Train L2 Loss :  0.04809669567942619
Epoch :  250  Epoch time :  0.16353835444897413  Train L2 Loss :  0.04685135147571564
Epoch :  251  Epoch time :  0.1617765063419938  Train L2 Loss :  0.04936869879961014
Epoch :  252  Epoch time :  0.16400758363306522  Train L2 Loss :  0.051578808718919754
Epoch :  253  Epoch time :  0.16406102664768696  Train L2 Loss :  0.04966533998250961
Epoch :  254  Epoch time :  0.16218711994588375  Train L2 Loss :  0.0486198145866394
Epoch :  255  Epoch time :  0.1638835957273841  Train L2 Loss :  0.048230077838897704
Epoch :  256  Epoch time :  0.16421878430992365  Train L2 Loss :  0.05012716596126556
Epoch :  257  Epoch time :  0.1618536477908492  Train L2 Loss :  0.04970960973501205
Epoch :  258  Epoch time :  0.16403403878211975  Train L2 Loss :  0.04867110352516174
Epoch :  259  Epoch time :  0.16404136270284653  Train L2 Loss :  0.04629846439361572
Epoch :  260  Epoch time :  0.1628822758793831  Train L2 Loss :  0.04653888901472092
Epoch :  261  Epoch time :  0.16401890199631453  Train L2 Loss :  0.04644254430532455
Epoch :  262  Epoch time :  0.16408935468643904  Train L2 Loss :  0.04716065838336945
Epoch :  263  Epoch time :  0.16281275358051062  Train L2 Loss :  0.047083775740861894
Epoch :  264  Epoch time :  0.1641369629651308  Train L2 Loss :  0.046824124145507816
Epoch :  265  Epoch time :  0.16653418261557817  Train L2 Loss :  0.047978365540504456
Epoch :  266  Epoch time :  0.16293683554977179  Train L2 Loss :  0.04743205568790436
Epoch :  267  Epoch time :  0.16409711260348558  Train L2 Loss :  0.04852820514440537
Epoch :  268  Epoch time :  0.16416286770254374  Train L2 Loss :  0.04780900382995606
Epoch :  269  Epoch time :  0.1629731571301818  Train L2 Loss :  0.04977221395969391
Epoch :  270  Epoch time :  0.16414167918264866  Train L2 Loss :  0.05003220317363739
Epoch :  271  Epoch time :  0.16410446539521217  Train L2 Loss :  0.05026912463903427
Epoch :  272  Epoch time :  0.1623602658510208  Train L2 Loss :  0.05273287572860718
Epoch :  273  Epoch time :  0.16477594152092934  Train L2 Loss :  0.056273499977588654
Epoch :  274  Epoch time :  0.16515493113547564  Train L2 Loss :  0.053034822618961336
Epoch :  275  Epoch time :  0.16227406449615955  Train L2 Loss :  0.05206673567295075
Epoch :  276  Epoch time :  0.16419734712690115  Train L2 Loss :  0.047677546226978305
Epoch :  277  Epoch time :  0.16408762522041798  Train L2 Loss :  0.04756794015169144
Epoch :  278  Epoch time :  0.16264911275357008  Train L2 Loss :  0.0483813967525959
Epoch :  279  Epoch time :  0.16464353166520596  Train L2 Loss :  0.04926811661720276
Epoch :  280  Epoch time :  0.16476031579077244  Train L2 Loss :  0.04608839305639267
Epoch :  281  Epoch time :  0.1628596791997552  Train L2 Loss :  0.044730884200334546
Epoch :  282  Epoch time :  0.16458855848759413  Train L2 Loss :  0.047360512125492096
Epoch :  283  Epoch time :  0.16482016816735268  Train L2 Loss :  0.047047616946697235
Epoch :  284  Epoch time :  0.1627090834081173  Train L2 Loss :  0.04587029441595077
Epoch :  285  Epoch time :  0.16425706166774035  Train L2 Loss :  0.04390552563667297
Epoch :  286  Epoch time :  0.16458092536777258  Train L2 Loss :  0.04601293408870697
Epoch :  287  Epoch time :  0.16319095063954592  Train L2 Loss :  0.0450448301076889
Epoch :  288  Epoch time :  0.1665471438318491  Train L2 Loss :  0.04464603490829468
Epoch :  289  Epoch time :  0.1629494009539485  Train L2 Loss :  0.0452530227124691
Epoch :  290  Epoch time :  0.1640766654163599  Train L2 Loss :  0.044021314454078676
Epoch :  291  Epoch time :  0.16443400271236897  Train L2 Loss :  0.04268511329889298
Epoch :  292  Epoch time :  0.16241548210382462  Train L2 Loss :  0.04262031928300858
Epoch :  293  Epoch time :  0.16480362974107265  Train L2 Loss :  0.04203169722557068
Epoch :  294  Epoch time :  0.1643189126625657  Train L2 Loss :  0.04417673259973526
Epoch :  295  Epoch time :  0.16228146478533745  Train L2 Loss :  0.045138079082965854
Epoch :  296  Epoch time :  0.16480901278555393  Train L2 Loss :  0.046629909241199495
Epoch :  297  Epoch time :  0.16445154882967472  Train L2 Loss :  0.04787392264604568
Epoch :  298  Epoch time :  0.1622182708233595  Train L2 Loss :  0.04937782977819443
Epoch :  299  Epoch time :  0.16410912666469812  Train L2 Loss :  0.04693198844790459
Epoch :  300  Epoch time :  0.1646472718566656  Train L2 Loss :  0.04176967391967774
Epoch :  301  Epoch time :  0.16237359028309584  Train L2 Loss :  0.036986429631710054
Epoch :  302  Epoch time :  0.16450726240873337  Train L2 Loss :  0.03540776028633118
Epoch :  303  Epoch time :  0.16481793951243162  Train L2 Loss :  0.03474830896258354
Epoch :  304  Epoch time :  0.17716448474675417  Train L2 Loss :  0.03442482009530067
Epoch :  305  Epoch time :  0.16500874981284142  Train L2 Loss :  0.03416666845083237
Epoch :  306  Epoch time :  0.16648463904857635  Train L2 Loss :  0.03402781652808189
Epoch :  307  Epoch time :  0.1632009008899331  Train L2 Loss :  0.0339059209227562
Epoch :  308  Epoch time :  0.16453257761895657  Train L2 Loss :  0.03375093265175819
Epoch :  309  Epoch time :  0.16424862015992403  Train L2 Loss :  0.033645976465940475
Epoch :  310  Epoch time :  0.162649592384696  Train L2 Loss :  0.0335712016582489
Epoch :  311  Epoch time :  0.16400138288736343  Train L2 Loss :  0.03346530170440674
Epoch :  312  Epoch time :  0.1640299679711461  Train L2 Loss :  0.03341090152263641
Epoch :  313  Epoch time :  0.16217405255883932  Train L2 Loss :  0.03336057869791985
Epoch :  314  Epoch time :  0.16456290520727634  Train L2 Loss :  0.03328054056763649
Epoch :  315  Epoch time :  0.16561270132660866  Train L2 Loss :  0.03318211389183998
Epoch :  316  Epoch time :  0.16137225273996592  Train L2 Loss :  0.03313616909980774
Epoch :  317  Epoch time :  0.16441826801747084  Train L2 Loss :  0.033123873472213745
Epoch :  318  Epoch time :  0.16376393102109432  Train L2 Loss :  0.03311085216999054
Epoch :  319  Epoch time :  0.16208344511687756  Train L2 Loss :  0.032959927207231524
Epoch :  320  Epoch time :  0.16406562458723783  Train L2 Loss :  0.032971499103307725
Epoch :  321  Epoch time :  0.16413025557994843  Train L2 Loss :  0.03291232960820198
Epoch :  322  Epoch time :  0.16229100711643696  Train L2 Loss :  0.0328087182700634
Epoch :  323  Epoch time :  0.16369518637657166  Train L2 Loss :  0.03279590937495232
Epoch :  324  Epoch time :  0.16415614541620016  Train L2 Loss :  0.03269983976483345
Epoch :  325  Epoch time :  0.16181515529751778  Train L2 Loss :  0.03272677430510521
Epoch :  326  Epoch time :  0.16371117625385523  Train L2 Loss :  0.03282853593826294
Epoch :  327  Epoch time :  0.16389151941984892  Train L2 Loss :  0.03264483565092087
Epoch :  328  Epoch time :  0.1625333232805133  Train L2 Loss :  0.032508657723665235
Epoch :  329  Epoch time :  0.16361455153673887  Train L2 Loss :  0.03239599947929382
Epoch :  330  Epoch time :  0.16311396099627018  Train L2 Loss :  0.03234329666495323
Epoch :  331  Epoch time :  0.16118505783379078  Train L2 Loss :  0.032391902595758436
Epoch :  332  Epoch time :  0.16375243104994297  Train L2 Loss :  0.032463414669036864
Epoch :  333  Epoch time :  0.16327088046818972  Train L2 Loss :  0.032663233715295795
Epoch :  334  Epoch time :  0.16276982706040144  Train L2 Loss :  0.03338723137974739
Epoch :  335  Epoch time :  0.16395042091608047  Train L2 Loss :  0.03304573327302933
Epoch :  336  Epoch time :  0.16405923385173082  Train L2 Loss :  0.03305483523607254
Epoch :  337  Epoch time :  0.16462063323706388  Train L2 Loss :  0.03283249814510345
Epoch :  338  Epoch time :  0.1637590555474162  Train L2 Loss :  0.03279415834546089
Epoch :  339  Epoch time :  0.16726248245686293  Train L2 Loss :  0.03278798838853836
Epoch :  340  Epoch time :  0.1669568382203579  Train L2 Loss :  0.03309255636334419
Epoch :  341  Epoch time :  0.16430771443992853  Train L2 Loss :  0.03289279473125935
Epoch :  342  Epoch time :  0.1617945609614253  Train L2 Loss :  0.033265719479322435
Epoch :  343  Epoch time :  0.16355896461755037  Train L2 Loss :  0.03417197108864784
Epoch :  344  Epoch time :  0.16407935600727797  Train L2 Loss :  0.0346381548166275
Epoch :  345  Epoch time :  0.16192937921732664  Train L2 Loss :  0.034370638379454616
Epoch :  346  Epoch time :  0.16383817046880722  Train L2 Loss :  0.0335600585103035
Epoch :  347  Epoch time :  0.16428081318736076  Train L2 Loss :  0.03292461111545563
Epoch :  348  Epoch time :  0.16223383508622646  Train L2 Loss :  0.03299796617031098
Epoch :  349  Epoch time :  0.16390903946012259  Train L2 Loss :  0.033560397070646286
Epoch :  350  Epoch time :  0.1640593819320202  Train L2 Loss :  0.0354861488699913
Epoch :  351  Epoch time :  0.1627588365226984  Train L2 Loss :  0.035798119819164274
Epoch :  352  Epoch time :  0.1643191371113062  Train L2 Loss :  0.034125733083486556
Epoch :  353  Epoch time :  0.16466049198061228  Train L2 Loss :  0.03310697460770607
Epoch :  354  Epoch time :  0.16264032386243343  Train L2 Loss :  0.0332385622382164
Epoch :  355  Epoch time :  0.16412768885493279  Train L2 Loss :  0.032888451093435286
Epoch :  356  Epoch time :  0.1830698736011982  Train L2 Loss :  0.03269227288663387
Epoch :  357  Epoch time :  0.1598776774480939  Train L2 Loss :  0.03321691640019417
Epoch :  358  Epoch time :  0.1617870945483446  Train L2 Loss :  0.032068465346097946
Epoch :  359  Epoch time :  0.16114377416670322  Train L2 Loss :  0.03156039988994598
Epoch :  360  Epoch time :  0.1598772294819355  Train L2 Loss :  0.03223348799943924
Epoch :  361  Epoch time :  0.16188974678516388  Train L2 Loss :  0.0322407798409462
Epoch :  362  Epoch time :  0.1612836280837655  Train L2 Loss :  0.03188990837335587
Epoch :  363  Epoch time :  0.16065550222992897  Train L2 Loss :  0.03175403784513473
Epoch :  364  Epoch time :  0.16457377932965755  Train L2 Loss :  0.03223074140548706
Epoch :  365  Epoch time :  0.16238403413444757  Train L2 Loss :  0.03246335666179657
Epoch :  366  Epoch time :  0.1670339610427618  Train L2 Loss :  0.03293114759922028
Epoch :  367  Epoch time :  0.16321528144180775  Train L2 Loss :  0.03207658874392509
Epoch :  368  Epoch time :  0.1626246990635991  Train L2 Loss :  0.03134962786436081
Epoch :  369  Epoch time :  0.16121007781475782  Train L2 Loss :  0.032113269490003586
Epoch :  370  Epoch time :  0.16313548758625984  Train L2 Loss :  0.0317100341796875
Epoch :  371  Epoch time :  0.16260354779660702  Train L2 Loss :  0.031835817182064054
Epoch :  372  Epoch time :  0.1609351560473442  Train L2 Loss :  0.033029584759473804
Epoch :  373  Epoch time :  0.1628938289359212  Train L2 Loss :  0.03363767023682594
Epoch :  374  Epoch time :  0.16308556031435728  Train L2 Loss :  0.03233509815335274
Epoch :  375  Epoch time :  0.16117133479565382  Train L2 Loss :  0.031774301385879514
Epoch :  376  Epoch time :  0.1629934385418892  Train L2 Loss :  0.03110978186130524
Epoch :  377  Epoch time :  0.1632976746186614  Train L2 Loss :  0.030732637095451355
Epoch :  378  Epoch time :  0.16101808845996857  Train L2 Loss :  0.03043323983848095
Epoch :  379  Epoch time :  0.16257133800536394  Train L2 Loss :  0.0309516581594944
Epoch :  380  Epoch time :  0.16317597962915897  Train L2 Loss :  0.03058169037401676
Epoch :  381  Epoch time :  0.16146120987832546  Train L2 Loss :  0.03066494970321655
Epoch :  382  Epoch time :  0.16316277533769608  Train L2 Loss :  0.030779821157455443
Epoch :  383  Epoch time :  0.16378303244709969  Train L2 Loss :  0.030353098922967912
Epoch :  384  Epoch time :  0.16135414596647024  Train L2 Loss :  0.03020044850111008
Epoch :  385  Epoch time :  0.16319708619266748  Train L2 Loss :  0.029844804471731184
Epoch :  386  Epoch time :  0.1629963107407093  Train L2 Loss :  0.02976064382493496
Epoch :  387  Epoch time :  0.16197382844984531  Train L2 Loss :  0.029933625507354737
Epoch :  388  Epoch time :  0.16322611924260855  Train L2 Loss :  0.029814509254693984
Epoch :  389  Epoch time :  0.16254132241010666  Train L2 Loss :  0.030267417991161345
Epoch :  390  Epoch time :  0.1623822497203946  Train L2 Loss :  0.030619383174180986
Epoch :  391  Epoch time :  0.16298770811408758  Train L2 Loss :  0.030436002218723297
Epoch :  392  Epoch time :  0.16438962053507566  Train L2 Loss :  0.030292971515655517
Epoch :  393  Epoch time :  0.16363426484167576  Train L2 Loss :  0.029899058091640472
Epoch :  394  Epoch time :  0.16292148269712925  Train L2 Loss :  0.029483058854937554
Epoch :  395  Epoch time :  0.16136681009083986  Train L2 Loss :  0.029735656732320787
Epoch :  396  Epoch time :  0.1641311952844262  Train L2 Loss :  0.029255100917816163
Epoch :  397  Epoch time :  0.16300085466355085  Train L2 Loss :  0.029305490639805795
Epoch :  398  Epoch time :  0.16163001954555511  Train L2 Loss :  0.029441201746463776
Epoch :  399  Epoch time :  0.16417439747601748  Train L2 Loss :  0.029292936253547668
Epoch :  400  Epoch time :  0.1636248305439949  Train L2 Loss :  0.028142409312725068
Epoch :  401  Epoch time :  0.16185956913977861  Train L2 Loss :  0.027124042278528212
Epoch :  402  Epoch time :  0.16384793166071177  Train L2 Loss :  0.026890703630447387
Epoch :  403  Epoch time :  0.16387431975454092  Train L2 Loss :  0.026759508281946183
Epoch :  404  Epoch time :  0.16205287910997868  Train L2 Loss :  0.026676814183592797
Epoch :  405  Epoch time :  0.16337258461862803  Train L2 Loss :  0.02661199762225151
Epoch :  406  Epoch time :  0.1639162003993988  Train L2 Loss :  0.026558850985765457
Epoch :  407  Epoch time :  0.16123993135988712  Train L2 Loss :  0.026538454860448837
Epoch :  408  Epoch time :  0.1633062483742833  Train L2 Loss :  0.02648985805809498
Epoch :  409  Epoch time :  0.1636498784646392  Train L2 Loss :  0.026465382730960847
Epoch :  410  Epoch time :  0.16117999237030745  Train L2 Loss :  0.02642925865650177
Epoch :  411  Epoch time :  0.16289015673100948  Train L2 Loss :  0.02640241416692734
Epoch :  412  Epoch time :  0.16326841339468956  Train L2 Loss :  0.026360121166706087
Epoch :  413  Epoch time :  0.1614784561097622  Train L2 Loss :  0.02633769372701645
Epoch :  414  Epoch time :  0.16299130488187075  Train L2 Loss :  0.026293324613571166
Epoch :  415  Epoch time :  0.16288214456290007  Train L2 Loss :  0.02628327454328537
Epoch :  416  Epoch time :  0.16157010197639465  Train L2 Loss :  0.02622205371558666
Epoch :  417  Epoch time :  0.16339126601815224  Train L2 Loss :  0.026183244550228118
Epoch :  418  Epoch time :  0.16547472216188908  Train L2 Loss :  0.02619793120622635
Epoch :  419  Epoch time :  0.16195592563599348  Train L2 Loss :  0.026147958552837372
Epoch :  420  Epoch time :  0.16354492027312517  Train L2 Loss :  0.026096738308668137
Epoch :  421  Epoch time :  0.1634292034432292  Train L2 Loss :  0.026065037599205972
Epoch :  422  Epoch time :  0.162237704731524  Train L2 Loss :  0.02610995877981186
Epoch :  423  Epoch time :  0.16328720841556787  Train L2 Loss :  0.02602476636171341
Epoch :  424  Epoch time :  0.16342476569116116  Train L2 Loss :  0.02600517090857029
Epoch :  425  Epoch time :  0.1623563002794981  Train L2 Loss :  0.025963024020195007
Epoch :  426  Epoch time :  0.16349444910883904  Train L2 Loss :  0.02596930715739727
Epoch :  427  Epoch time :  0.16334529407322407  Train L2 Loss :  0.025939132925868035
Epoch :  428  Epoch time :  0.16248882189393044  Train L2 Loss :  0.02592153155505657
Epoch :  429  Epoch time :  0.16443664580583572  Train L2 Loss :  0.025864089077711105
Epoch :  430  Epoch time :  0.163626067340374  Train L2 Loss :  0.025811178863048553
Epoch :  431  Epoch time :  0.16183542367070913  Train L2 Loss :  0.0257123001486063
Epoch :  432  Epoch time :  0.16390916053205729  Train L2 Loss :  0.02579751687049866
Epoch :  433  Epoch time :  0.16339321248233318  Train L2 Loss :  0.025676249608397483
Epoch :  434  Epoch time :  0.16165251936763525  Train L2 Loss :  0.02568679618239403
Epoch :  435  Epoch time :  0.16410873923450708  Train L2 Loss :  0.025646447092294692
Epoch :  436  Epoch time :  0.16333040781319141  Train L2 Loss :  0.025675507432222366
Epoch :  437  Epoch time :  0.16204320173710585  Train L2 Loss :  0.025573007947206496
Epoch :  438  Epoch time :  0.16423486080020666  Train L2 Loss :  0.025512526035308836
Epoch :  439  Epoch time :  0.1636902652680874  Train L2 Loss :  0.025576817071437837
Epoch :  440  Epoch time :  0.16178602445870638  Train L2 Loss :  0.025727318766713143
Epoch :  441  Epoch time :  0.16361189913004637  Train L2 Loss :  0.02586759944856167
Epoch :  442  Epoch time :  0.16363318916410208  Train L2 Loss :  0.025727928045392038
Epoch :  443  Epoch time :  0.16226222831755877  Train L2 Loss :  0.02562227072119713
Epoch :  444  Epoch time :  0.16608454287052155  Train L2 Loss :  0.025664101299643517
Epoch :  445  Epoch time :  0.16396056581288576  Train L2 Loss :  0.025522925090789794
Epoch :  446  Epoch time :  0.16192057076841593  Train L2 Loss :  0.025345648008584975
Epoch :  447  Epoch time :  0.1634674333035946  Train L2 Loss :  0.025673331636190413
Epoch :  448  Epoch time :  0.16347841266542673  Train L2 Loss :  0.02551182323694229
Epoch :  449  Epoch time :  0.16229127161204815  Train L2 Loss :  0.025228795623779297
Epoch :  450  Epoch time :  0.16363100707530975  Train L2 Loss :  0.02529159462749958
Epoch :  451  Epoch time :  0.16331310290843248  Train L2 Loss :  0.025212412416934966
Epoch :  452  Epoch time :  0.16280028317123652  Train L2 Loss :  0.02537291186451912
Epoch :  453  Epoch time :  0.16357104014605284  Train L2 Loss :  0.025345049220323563
Epoch :  454  Epoch time :  0.16242602467536926  Train L2 Loss :  0.02535012661218643
Epoch :  455  Epoch time :  0.16387747693806887  Train L2 Loss :  0.02519828188121319
Epoch :  456  Epoch time :  0.16350500658154488  Train L2 Loss :  0.02509514467716217
Epoch :  457  Epoch time :  0.16193880513310432  Train L2 Loss :  0.025068333280086518
Epoch :  458  Epoch time :  0.16416855994611979  Train L2 Loss :  0.025169203507900237
Epoch :  459  Epoch time :  0.1671200394630432  Train L2 Loss :  0.02516306561231613
Epoch :  460  Epoch time :  0.1628374233841896  Train L2 Loss :  0.025140552866458894
Epoch :  461  Epoch time :  0.16316699981689453  Train L2 Loss :  0.02495093159675598
Epoch :  462  Epoch time :  0.1631288519129157  Train L2 Loss :  0.024703957319259645
Epoch :  463  Epoch time :  0.16161233466118574  Train L2 Loss :  0.024609871116280557
Epoch :  464  Epoch time :  0.16407937183976173  Train L2 Loss :  0.02473834018409252
Epoch :  465  Epoch time :  0.16352344304323196  Train L2 Loss :  0.02457427517771721
Epoch :  466  Epoch time :  0.1617043660953641  Train L2 Loss :  0.02466946564912796
Epoch :  467  Epoch time :  0.1638737441971898  Train L2 Loss :  0.02468585786819458
Epoch :  468  Epoch time :  0.16411298979073763  Train L2 Loss :  0.02451923448443413
Epoch :  469  Epoch time :  0.1636786162853241  Train L2 Loss :  0.024357271629571915
Epoch :  470  Epoch time :  0.1637390498071909  Train L2 Loss :  0.02423962483406067
Epoch :  471  Epoch time :  0.16439683642238379  Train L2 Loss :  0.024129299733042717
Epoch :  472  Epoch time :  0.1619931161403656  Train L2 Loss :  0.02412089918255806
Epoch :  473  Epoch time :  0.16429706197232008  Train L2 Loss :  0.023989265859127043
Epoch :  474  Epoch time :  0.16415732074528933  Train L2 Loss :  0.02398191571235657
Epoch :  475  Epoch time :  0.16254919115453959  Train L2 Loss :  0.023950098657608034
Epoch :  476  Epoch time :  0.16355424374341965  Train L2 Loss :  0.023878245854377745
Epoch :  477  Epoch time :  0.1635945923626423  Train L2 Loss :  0.023787515380978584
Epoch :  478  Epoch time :  0.16039538010954857  Train L2 Loss :  0.023777600461244584
Epoch :  479  Epoch time :  0.16368094645440578  Train L2 Loss :  0.02389040560722351
Epoch :  480  Epoch time :  0.16382582299411297  Train L2 Loss :  0.023801917147636412
Epoch :  481  Epoch time :  0.1620345450937748  Train L2 Loss :  0.02394479285478592
Epoch :  482  Epoch time :  0.16352653969079256  Train L2 Loss :  0.02383501373529434
Epoch :  483  Epoch time :  0.16326800268143415  Train L2 Loss :  0.024010353308916092
Epoch :  484  Epoch time :  0.16220780741423368  Train L2 Loss :  0.024490476548671723
Epoch :  485  Epoch time :  0.16397128719836473  Train L2 Loss :  0.024590996253490448
Epoch :  486  Epoch time :  0.1640379661694169  Train L2 Loss :  0.024711527913808824
Epoch :  487  Epoch time :  0.1629754938185215  Train L2 Loss :  0.024425205224752427
Epoch :  488  Epoch time :  0.1641960870474577  Train L2 Loss :  0.023849810659885406
Epoch :  489  Epoch time :  0.1638284707441926  Train L2 Loss :  0.02354935909509659
Epoch :  490  Epoch time :  0.16447301860898733  Train L2 Loss :  0.02351887318789959
Epoch :  491  Epoch time :  0.16512652672827244  Train L2 Loss :  0.023565495094656944
Epoch :  492  Epoch time :  0.1636803951114416  Train L2 Loss :  0.02331538831591606
Epoch :  493  Epoch time :  0.16204745136201382  Train L2 Loss :  0.02324221538901329
Epoch :  494  Epoch time :  0.1637276029214263  Train L2 Loss :  0.023219091725349427
Epoch :  495  Epoch time :  0.16550535149872303  Train L2 Loss :  0.02309970825910568
Epoch :  496  Epoch time :  0.1616836152970791  Train L2 Loss :  0.02318774697780609
Epoch :  497  Epoch time :  0.16400702577084303  Train L2 Loss :  0.023251294139027597
Epoch :  498  Epoch time :  0.16375357937067747  Train L2 Loss :  0.023107404163479804
Epoch :  499  Epoch time :  0.1620270349085331  Train L2 Loss :  0.023166824361681937
Epoch :  500  Epoch time :  0.16407466121017933  Train L2 Loss :  0.02261369355916977
Epoch :  501  Epoch time :  0.16432967316359282  Train L2 Loss :  0.02230968788564205
Epoch :  502  Epoch time :  0.16206097695976496  Train L2 Loss :  0.02223209391236305
Epoch :  503  Epoch time :  0.16405532509088516  Train L2 Loss :  0.02217658227086067
Epoch :  504  Epoch time :  0.16448456142097712  Train L2 Loss :  0.022145622253417967
Epoch :  505  Epoch time :  0.16250529885292053  Train L2 Loss :  0.0221035859644413
Epoch :  506  Epoch time :  0.16399315558373928  Train L2 Loss :  0.02208004437983036
Epoch :  507  Epoch time :  0.16481472831219435  Train L2 Loss :  0.02205961963236332
Epoch :  508  Epoch time :  0.16250754427164793  Train L2 Loss :  0.022038702866435052
Epoch :  509  Epoch time :  0.16422986704856157  Train L2 Loss :  0.022008608332276344
Epoch :  510  Epoch time :  0.16437408793717623  Train L2 Loss :  0.021982488280534743
Epoch :  511  Epoch time :  0.16362909320741892  Train L2 Loss :  0.021964804589748383
Epoch :  512  Epoch time :  0.16432628314942122  Train L2 Loss :  0.02193843618631363
Epoch :  513  Epoch time :  0.1634738277643919  Train L2 Loss :  0.021910264778137206
Epoch :  514  Epoch time :  0.16399503964930773  Train L2 Loss :  0.02189612484574318
Epoch :  515  Epoch time :  0.16415383480489254  Train L2 Loss :  0.02187439807653427
Epoch :  516  Epoch time :  0.1627349518239498  Train L2 Loss :  0.02184116463661194
Epoch :  517  Epoch time :  0.16467571258544922  Train L2 Loss :  0.02180926085412502
Epoch :  518  Epoch time :  0.16419488564133644  Train L2 Loss :  0.021790376037359237
Epoch :  519  Epoch time :  0.1621104683727026  Train L2 Loss :  0.021791012185811996
Epoch :  520  Epoch time :  0.1688614645972848  Train L2 Loss :  0.021738526117801665
Epoch :  521  Epoch time :  0.1677259849384427  Train L2 Loss :  0.02171406622827053
Epoch :  522  Epoch time :  0.16289452090859413  Train L2 Loss :  0.021693162074685097
Epoch :  523  Epoch time :  0.16441935393959284  Train L2 Loss :  0.021663932487368583
Epoch :  524  Epoch time :  0.16473652981221676  Train L2 Loss :  0.021636980402469634
Epoch :  525  Epoch time :  0.16211253497749567  Train L2 Loss :  0.021626950681209563
Epoch :  526  Epoch time :  0.16409612819552422  Train L2 Loss :  0.021605169886350632
Epoch :  527  Epoch time :  0.1644380372017622  Train L2 Loss :  0.02157211766242981
Epoch :  528  Epoch time :  0.16250642109662294  Train L2 Loss :  0.021543395483493804
Epoch :  529  Epoch time :  0.1640578368678689  Train L2 Loss :  0.021529866313934325
Epoch :  530  Epoch time :  0.163929489441216  Train L2 Loss :  0.02150364566743374
Epoch :  531  Epoch time :  0.16276653110980988  Train L2 Loss :  0.021455603390932082
Epoch :  532  Epoch time :  0.1640654057264328  Train L2 Loss :  0.021431823378801347
Epoch :  533  Epoch time :  0.16381854098290205  Train L2 Loss :  0.021417386847734452
Epoch :  534  Epoch time :  0.16290872637182474  Train L2 Loss :  0.02137193084359169
Epoch :  535  Epoch time :  0.1639410313218832  Train L2 Loss :  0.021366704076528548
Epoch :  536  Epoch time :  0.16389335598796606  Train L2 Loss :  0.021384842535853387
Epoch :  537  Epoch time :  0.16276944149285555  Train L2 Loss :  0.02131220356374979
Epoch :  538  Epoch time :  0.16427782829850912  Train L2 Loss :  0.021238098919391633
Epoch :  539  Epoch time :  0.1640712469816208  Train L2 Loss :  0.021212291944026948
Epoch :  540  Epoch time :  0.16332888510078192  Train L2 Loss :  0.02116638168990612
Epoch :  541  Epoch time :  0.16461663413792849  Train L2 Loss :  0.021150032848119737
Epoch :  542  Epoch time :  0.16449670772999525  Train L2 Loss :  0.021132907193899153
Epoch :  543  Epoch time :  0.16288626939058304  Train L2 Loss :  0.021101305678486823
Epoch :  544  Epoch time :  0.1651209620758891  Train L2 Loss :  0.021104581594467164
Epoch :  545  Epoch time :  0.16461315844208002  Train L2 Loss :  0.021035574281215667
Epoch :  546  Epoch time :  0.17890491802245378  Train L2 Loss :  0.021008520904183387
Epoch :  547  Epoch time :  0.16475754790008068  Train L2 Loss :  0.0210186856508255
Epoch :  548  Epoch time :  0.16540956497192383  Train L2 Loss :  0.02097069409787655
Epoch :  549  Epoch time :  0.16258857399225235  Train L2 Loss :  0.02094683188199997
Epoch :  550  Epoch time :  0.16456846799701452  Train L2 Loss :  0.020929565489292146
Epoch :  551  Epoch time :  0.16468952875584364  Train L2 Loss :  0.020890353867411615
Epoch :  552  Epoch time :  0.16372501756995916  Train L2 Loss :  0.02088014102578163
Epoch :  553  Epoch time :  0.16469782125204802  Train L2 Loss :  0.020807648408412933
Epoch :  554  Epoch time :  0.16437481250613928  Train L2 Loss :  0.020817794796824454
Epoch :  555  Epoch time :  0.1633762987330556  Train L2 Loss :  0.020766478821635247
Epoch :  556  Epoch time :  0.1645025797188282  Train L2 Loss :  0.02069340874552727
Epoch :  557  Epoch time :  0.16336747910827398  Train L2 Loss :  0.02068933129608631
Epoch :  558  Epoch time :  0.16459453664720058  Train L2 Loss :  0.02062864944934845
Epoch :  559  Epoch time :  0.16469210479408503  Train L2 Loss :  0.02058922690153122
Epoch :  560  Epoch time :  0.16271428763866425  Train L2 Loss :  0.02059567745923996
Epoch :  561  Epoch time :  0.16565517894923687  Train L2 Loss :  0.0205496023863554
Epoch :  562  Epoch time :  0.1646792571991682  Train L2 Loss :  0.020537346488237383
Epoch :  563  Epoch time :  0.1629508240148425  Train L2 Loss :  0.020544573363661767
Epoch :  564  Epoch time :  0.16481488291174173  Train L2 Loss :  0.020456984904408455
Epoch :  565  Epoch time :  0.16543944273144007  Train L2 Loss :  0.020398448115587234
Epoch :  566  Epoch time :  0.16260893736034632  Train L2 Loss :  0.020347712647914885
Epoch :  567  Epoch time :  0.16437397431582212  Train L2 Loss :  0.020285666820406913
Epoch :  568  Epoch time :  0.16523242741823196  Train L2 Loss :  0.020268497130274774
Epoch :  569  Epoch time :  0.16274931374937296  Train L2 Loss :  0.02033262365460396
Epoch :  570  Epoch time :  0.16484110802412033  Train L2 Loss :  0.0202977026283741
Epoch :  571  Epoch time :  0.1649527931585908  Train L2 Loss :  0.02018742011785507
Epoch :  572  Epoch time :  0.16345943696796894  Train L2 Loss :  0.02019902072250843
Epoch :  573  Epoch time :  0.16473578475415707  Train L2 Loss :  0.0201386440128088
Epoch :  574  Epoch time :  0.16470045037567616  Train L2 Loss :  0.020176918548345565
Epoch :  575  Epoch time :  0.16904157120734453  Train L2 Loss :  0.02016346480846405
Epoch :  576  Epoch time :  0.16480893921107054  Train L2 Loss :  0.020051566314697265
Epoch :  577  Epoch time :  0.16512208618223667  Train L2 Loss :  0.019948066246509553
Epoch :  578  Epoch time :  0.16371654905378819  Train L2 Loss :  0.019934389117360115
Epoch :  579  Epoch time :  0.165015222504735  Train L2 Loss :  0.019910208821296693
Epoch :  580  Epoch time :  0.16469409316778183  Train L2 Loss :  0.01990346695482731
Epoch :  581  Epoch time :  0.1631663553416729  Train L2 Loss :  0.01985031292438507
Epoch :  582  Epoch time :  0.16549559868872166  Train L2 Loss :  0.019815313762426377
Epoch :  583  Epoch time :  0.16592053789645433  Train L2 Loss :  0.01978640489578247
Epoch :  584  Epoch time :  0.16301809065043926  Train L2 Loss :  0.019758420205116273
Epoch :  585  Epoch time :  0.16545289009809494  Train L2 Loss :  0.019733677065372466
Epoch :  586  Epoch time :  0.16448032390326262  Train L2 Loss :  0.019686463105678557
Epoch :  587  Epoch time :  0.16277799010276794  Train L2 Loss :  0.01969279832839966
Epoch :  588  Epoch time :  0.16474587377160788  Train L2 Loss :  0.019632854679226874
Epoch :  589  Epoch time :  0.16507524531334639  Train L2 Loss :  0.01967509280741215
Epoch :  590  Epoch time :  0.16308516822755337  Train L2 Loss :  0.019587924861907958
Epoch :  591  Epoch time :  0.1642560763284564  Train L2 Loss :  0.01956801575422287
Epoch :  592  Epoch time :  0.16515467502176762  Train L2 Loss :  0.019508010348677635
Epoch :  593  Epoch time :  0.1635154513642192  Train L2 Loss :  0.01949119168519974
Epoch :  594  Epoch time :  0.1648369301110506  Train L2 Loss :  0.019472313034534453
Epoch :  595  Epoch time :  0.16489694081246853  Train L2 Loss :  0.019400138759613036
Epoch :  596  Epoch time :  0.1638900265097618  Train L2 Loss :  0.019353517854213714
Epoch :  597  Epoch time :  0.16463862359523773  Train L2 Loss :  0.019325757318735124
Epoch :  598  Epoch time :  0.1635214714333415  Train L2 Loss :  0.0193105261862278
Epoch :  599  Epoch time :  0.16454540193080902  Train L2 Loss :  0.019288539987802507
Epoch :  600  Epoch time :  0.1649828441441059  Train L2 Loss :  0.01910631199479103
Epoch :  601  Epoch time :  0.1665040235966444  Train L2 Loss :  0.01901144855618477
Epoch :  602  Epoch time :  0.1649823011830449  Train L2 Loss :  0.018984428617358207
Epoch :  603  Epoch time :  0.16487304773181677  Train L2 Loss :  0.018952182015776635
Epoch :  604  Epoch time :  0.16346872318536043  Train L2 Loss :  0.018933049350976942
Epoch :  605  Epoch time :  0.16565171536058187  Train L2 Loss :  0.01891312503814697
Epoch :  606  Epoch time :  0.16480751521885395  Train L2 Loss :  0.018902627205848694
Epoch :  607  Epoch time :  0.16316140349954367  Train L2 Loss :  0.01889340632557869
Epoch :  608  Epoch time :  0.16531739197671413  Train L2 Loss :  0.018862367656826973
Epoch :  609  Epoch time :  0.1656160969287157  Train L2 Loss :  0.01884335548579693
Epoch :  610  Epoch time :  0.16329283080995083  Train L2 Loss :  0.018827469539642334
Epoch :  611  Epoch time :  0.16517824959009886  Train L2 Loss :  0.018812874634563923
Epoch :  612  Epoch time :  0.1654662759974599  Train L2 Loss :  0.01878944270312786
Epoch :  613  Epoch time :  0.1638805540278554  Train L2 Loss :  0.018780055993795394
Epoch :  614  Epoch time :  0.1667539607733488  Train L2 Loss :  0.01876148788034916
Epoch :  615  Epoch time :  0.16496278904378414  Train L2 Loss :  0.018740237069129945
Epoch :  616  Epoch time :  0.16397795919328928  Train L2 Loss :  0.018726304191350938
Epoch :  617  Epoch time :  0.1654840214177966  Train L2 Loss :  0.018700533536076546
Epoch :  618  Epoch time :  0.16494059655815363  Train L2 Loss :  0.018687926054000853
Epoch :  619  Epoch time :  0.16398117877542973  Train L2 Loss :  0.01866821773648262
Epoch :  620  Epoch time :  0.16542145982384682  Train L2 Loss :  0.01864506171643734
Epoch :  621  Epoch time :  0.16499378997832537  Train L2 Loss :  0.01862477870285511
Epoch :  622  Epoch time :  0.1637295763939619  Train L2 Loss :  0.018612575146555902
Epoch :  623  Epoch time :  0.165832856670022  Train L2 Loss :  0.018594015005230904
Epoch :  624  Epoch time :  0.16520113963633776  Train L2 Loss :  0.018589056578278543
Epoch :  625  Epoch time :  0.16154129710048437  Train L2 Loss :  0.018559543526172638
Epoch :  626  Epoch time :  0.168103639036417  Train L2 Loss :  0.018545499369502068
Epoch :  627  Epoch time :  0.16527586337178946  Train L2 Loss :  0.018527264326810837
Epoch :  628  Epoch time :  0.16325249522924423  Train L2 Loss :  0.018501799553632736
Epoch :  629  Epoch time :  0.1653993921354413  Train L2 Loss :  0.018482293257117272
Epoch :  630  Epoch time :  0.16570870205760002  Train L2 Loss :  0.018458118329942225
Epoch :  631  Epoch time :  0.16354256961494684  Train L2 Loss :  0.018439869165420533
Epoch :  632  Epoch time :  0.165764432400465  Train L2 Loss :  0.01842550778090954
Epoch :  633  Epoch time :  0.16611305810511112  Train L2 Loss :  0.018398958027362824
Epoch :  634  Epoch time :  0.16359188314527273  Train L2 Loss :  0.018388194185495376
Epoch :  635  Epoch time :  0.16525266971439123  Train L2 Loss :  0.018357591173052787
Epoch :  636  Epoch time :  0.1650412641465664  Train L2 Loss :  0.01835232603251934
Epoch :  637  Epoch time :  0.16432375740259886  Train L2 Loss :  0.01831546949893236
Epoch :  638  Epoch time :  0.16540407668799162  Train L2 Loss :  0.018295504918694496
Epoch :  639  Epoch time :  0.16379194520413876  Train L2 Loss :  0.018277569454908372
Epoch :  640  Epoch time :  0.16602657549083233  Train L2 Loss :  0.018261147463321685
Epoch :  641  Epoch time :  0.165070666000247  Train L2 Loss :  0.018238399785757066
Epoch :  642  Epoch time :  0.16333790589123964  Train L2 Loss :  0.018221284429728986
Epoch :  643  Epoch time :  0.16583971306681633  Train L2 Loss :  0.018202716636657713
Epoch :  644  Epoch time :  0.1664308523759246  Train L2 Loss :  0.018187100782990455
Epoch :  645  Epoch time :  0.16474505607038736  Train L2 Loss :  0.018155167150497437
Epoch :  646  Epoch time :  0.1654818682000041  Train L2 Loss :  0.018134807097911834
Epoch :  647  Epoch time :  0.16592606715857983  Train L2 Loss :  0.018107964074611665
Epoch :  648  Epoch time :  0.16341128759086132  Train L2 Loss :  0.018102274972200395
Epoch :  649  Epoch time :  0.1652036728337407  Train L2 Loss :  0.018074658945202826
Epoch :  650  Epoch time :  0.16585608758032322  Train L2 Loss :  0.018062413042783738
Epoch :  651  Epoch time :  0.1670040264725685  Train L2 Loss :  0.018034776264429092
Epoch :  652  Epoch time :  0.1658712038770318  Train L2 Loss :  0.01801411530971527
Epoch :  653  Epoch time :  0.16559307929128408  Train L2 Loss :  0.017993660682439804
Epoch :  654  Epoch time :  0.16447367332875729  Train L2 Loss :  0.017976659286022188
Epoch :  655  Epoch time :  0.16576876025646925  Train L2 Loss :  0.01795189033150673
Epoch :  656  Epoch time :  0.16580834239721298  Train L2 Loss :  0.017929563170671462
Epoch :  657  Epoch time :  0.1642627464607358  Train L2 Loss :  0.017907462680339815
Epoch :  658  Epoch time :  0.16557206865400076  Train L2 Loss :  0.01788046961426735
Epoch :  659  Epoch time :  0.16555819939821959  Train L2 Loss :  0.01784650036394596
Epoch :  660  Epoch time :  0.163724466226995  Train L2 Loss :  0.017827121245861055
Epoch :  661  Epoch time :  0.16598124336451292  Train L2 Loss :  0.017799696081876756
Epoch :  662  Epoch time :  0.16561270598322153  Train L2 Loss :  0.017781104081869125
Epoch :  663  Epoch time :  0.16375407204031944  Train L2 Loss :  0.01776194377541542
Epoch :  664  Epoch time :  0.16609734389930964  Train L2 Loss :  0.017755352127552033
Epoch :  665  Epoch time :  0.16619532648473978  Train L2 Loss :  0.017736822202801705
Epoch :  666  Epoch time :  0.1639296980574727  Train L2 Loss :  0.017715322041511536
Epoch :  667  Epoch time :  0.16562759969383478  Train L2 Loss :  0.017684363517165184
Epoch :  668  Epoch time :  0.16639178805053234  Train L2 Loss :  0.017683198133111
Epoch :  669  Epoch time :  0.16382477432489395  Train L2 Loss :  0.01766269463300705
Epoch :  670  Epoch time :  0.16602033376693726  Train L2 Loss :  0.017635726535320282
Epoch :  671  Epoch time :  0.16536978725343943  Train L2 Loss :  0.017612262091040613
Epoch :  672  Epoch time :  0.1652590511366725  Train L2 Loss :  0.01758742943406105
Epoch :  673  Epoch time :  0.16574628092348576  Train L2 Loss :  0.017571541115641593
Epoch :  674  Epoch time :  0.16393250692635775  Train L2 Loss :  0.01755145784318447
Epoch :  675  Epoch time :  0.16782037168741226  Train L2 Loss :  0.017515108048915862
Epoch :  676  Epoch time :  0.1690226811915636  Train L2 Loss :  0.017484482246637345
Epoch :  677  Epoch time :  0.16394830495119095  Train L2 Loss :  0.01747120041847229
Epoch :  678  Epoch time :  0.1661202060058713  Train L2 Loss :  0.017460324418544768
Epoch :  679  Epoch time :  0.1667756736278534  Train L2 Loss :  0.01743723399043083
Epoch :  680  Epoch time :  0.16428436245769262  Train L2 Loss :  0.017410170951485632
Epoch :  681  Epoch time :  0.16633722465485334  Train L2 Loss :  0.017392170068621635
Epoch :  682  Epoch time :  0.16617273446172476  Train L2 Loss :  0.0173692673265934
Epoch :  683  Epoch time :  0.16458391770720482  Train L2 Loss :  0.01735385568737984
Epoch :  684  Epoch time :  0.16649146750569344  Train L2 Loss :  0.01732635577917099
Epoch :  685  Epoch time :  0.16658905427902937  Train L2 Loss :  0.017331710544228555
Epoch :  686  Epoch time :  0.16490156576037407  Train L2 Loss :  0.01729419113993645
Epoch :  687  Epoch time :  0.16633089538663626  Train L2 Loss :  0.01726990918517113
Epoch :  688  Epoch time :  0.16635365784168243  Train L2 Loss :  0.017257954558730127
Epoch :  689  Epoch time :  0.16470416262745857  Train L2 Loss :  0.01723635125756264
Epoch :  690  Epoch time :  0.16660490166395903  Train L2 Loss :  0.017225680428743364
Epoch :  691  Epoch time :  0.16624953970313072  Train L2 Loss :  0.017193558192253114
Epoch :  692  Epoch time :  0.16490895580500364  Train L2 Loss :  0.017165592923760416
Epoch :  693  Epoch time :  0.16675290651619434  Train L2 Loss :  0.01714438110291958
Epoch :  694  Epoch time :  0.1663882816210389  Train L2 Loss :  0.017115679509937764
Epoch :  695  Epoch time :  0.16452148091048002  Train L2 Loss :  0.01710628490149975
Epoch :  696  Epoch time :  0.1664437521249056  Train L2 Loss :  0.017080844420194627
Epoch :  697  Epoch time :  0.167195794172585  Train L2 Loss :  0.017072955775260926
Epoch :  698  Epoch time :  0.16507308185100555  Train L2 Loss :  0.017069107550382615
Epoch :  699  Epoch time :  0.16663895454257727  Train L2 Loss :  0.017041840600967407
Epoch :  700  Epoch time :  0.16605409979820251  Train L2 Loss :  0.016949980439245702
Epoch :  701  Epoch time :  0.16664783749729395  Train L2 Loss :  0.016916822072863578
Epoch :  702  Epoch time :  0.1690013874322176  Train L2 Loss :  0.01690332418680191
Epoch :  703  Epoch time :  0.16476823762059212  Train L2 Loss :  0.016892069965600966
Epoch :  704  Epoch time :  0.16737028025090694  Train L2 Loss :  0.01688333647698164
Epoch :  705  Epoch time :  0.16692331992089748  Train L2 Loss :  0.016872952383756638
Epoch :  706  Epoch time :  0.16516416613012552  Train L2 Loss :  0.01686061196923256
Epoch :  707  Epoch time :  0.1667286204174161  Train L2 Loss :  0.016853872103989125
Epoch :  708  Epoch time :  0.16690182220190763  Train L2 Loss :  0.016843450516462327
Epoch :  709  Epoch time :  0.16443197522312403  Train L2 Loss :  0.016831857055425645
Epoch :  710  Epoch time :  0.16663708072155714  Train L2 Loss :  0.01682080176770687
Epoch :  711  Epoch time :  0.16656992491334677  Train L2 Loss :  0.0168117054104805
Epoch :  712  Epoch time :  0.16512124054133892  Train L2 Loss :  0.01679912609755993
Epoch :  713  Epoch time :  0.1664211880415678  Train L2 Loss :  0.01678796556890011
Epoch :  714  Epoch time :  0.16634292341768742  Train L2 Loss :  0.016780769029259682
Epoch :  715  Epoch time :  0.16468024160712957  Train L2 Loss :  0.01676880485713482
Epoch :  716  Epoch time :  0.16633822303265333  Train L2 Loss :  0.016756183227896692
Epoch :  717  Epoch time :  0.1662910422310233  Train L2 Loss :  0.016750672897696495
Epoch :  718  Epoch time :  0.1641394505277276  Train L2 Loss :  0.016737106478214265
Epoch :  719  Epoch time :  0.166761820204556  Train L2 Loss :  0.016725811770558357
Epoch :  720  Epoch time :  0.1661611022427678  Train L2 Loss :  0.01671346486210823
Epoch :  721  Epoch time :  0.1643064208328724  Train L2 Loss :  0.016705428057909012
Epoch :  722  Epoch time :  0.1671130983158946  Train L2 Loss :  0.016693678125739096
Epoch :  723  Epoch time :  0.1664670454338193  Train L2 Loss :  0.0166843413323164
Epoch :  724  Epoch time :  0.16450612153857946  Train L2 Loss :  0.016672564600408078
Epoch :  725  Epoch time :  0.16667067166417837  Train L2 Loss :  0.016660908687114714
Epoch :  726  Epoch time :  0.1668487684801221  Train L2 Loss :  0.01664703758060932
Epoch :  727  Epoch time :  0.1728945141658187  Train L2 Loss :  0.016638380080461503
Epoch :  728  Epoch time :  0.16935512889176607  Train L2 Loss :  0.016630861887335778
Epoch :  729  Epoch time :  0.16617784276604652  Train L2 Loss :  0.01661861291229725
Epoch :  730  Epoch time :  0.1676168804988265  Train L2 Loss :  0.01660890209376812
Epoch :  731  Epoch time :  0.16703583486378193  Train L2 Loss :  0.016592205384373664
Epoch :  732  Epoch time :  0.16513351909816265  Train L2 Loss :  0.016580821004509926
Epoch :  733  Epoch time :  0.16762567684054375  Train L2 Loss :  0.01657193101346493
Epoch :  734  Epoch time :  0.16800782643258572  Train L2 Loss :  0.016560434088110924
Epoch :  735  Epoch time :  0.16542474552989006  Train L2 Loss :  0.01654637477993965
Epoch :  736  Epoch time :  0.167872061021626  Train L2 Loss :  0.016535476738214493
Epoch :  737  Epoch time :  0.16785150207579136  Train L2 Loss :  0.016524472749233247
Epoch :  738  Epoch time :  0.16594197135418653  Train L2 Loss :  0.016511506280303002
Epoch :  739  Epoch time :  0.1673637880012393  Train L2 Loss :  0.016501733240485192
Epoch :  740  Epoch time :  0.16740266792476177  Train L2 Loss :  0.016491514725983144
Epoch :  741  Epoch time :  0.16622147802263498  Train L2 Loss :  0.01647851609289646
Epoch :  742  Epoch time :  0.16713968943804502  Train L2 Loss :  0.016468548107147218
Epoch :  743  Epoch time :  0.1665969742462039  Train L2 Loss :  0.016452262935042383
Epoch :  744  Epoch time :  0.16514874901622534  Train L2 Loss :  0.016440060752630235
Epoch :  745  Epoch time :  0.16684837825596333  Train L2 Loss :  0.016432175682485103
Epoch :  746  Epoch time :  0.16672188136726618  Train L2 Loss :  0.016420471638441087
Epoch :  747  Epoch time :  0.16512785013765097  Train L2 Loss :  0.016408596143126487
Epoch :  748  Epoch time :  0.16771631222218275  Train L2 Loss :  0.016400608678162096
Epoch :  749  Epoch time :  0.1670554354786873  Train L2 Loss :  0.016385495924949645
Epoch :  750  Epoch time :  0.1652575433254242  Train L2 Loss :  0.01637224873304367
Epoch :  751  Epoch time :  0.1903539802879095  Train L2 Loss :  0.016360001386702062
Epoch :  752  Epoch time :  0.16111033875495195  Train L2 Loss :  0.016354266607761382
Epoch :  753  Epoch time :  0.16063573397696018  Train L2 Loss :  0.01634194506406784
Epoch :  754  Epoch time :  0.16151538211852312  Train L2 Loss :  0.01632310206592083
Epoch :  755  Epoch time :  0.16088876221328974  Train L2 Loss :  0.016315756058692933
Epoch :  756  Epoch time :  0.16112450044602156  Train L2 Loss :  0.016305714547634124
Epoch :  757  Epoch time :  0.16210452187806368  Train L2 Loss :  0.01629270265996456
Epoch :  758  Epoch time :  0.16146337240934372  Train L2 Loss :  0.016278622549772262
Epoch :  759  Epoch time :  0.16227503307163715  Train L2 Loss :  0.016266460794210433
Epoch :  760  Epoch time :  0.16287896037101746  Train L2 Loss :  0.016254445946216584
Epoch :  761  Epoch time :  0.16157505754381418  Train L2 Loss :  0.01624329109787941
Epoch :  762  Epoch time :  0.16354226786643267  Train L2 Loss :  0.016232474246621133
Epoch :  763  Epoch time :  0.16262926906347275  Train L2 Loss :  0.01621892332136631
Epoch :  764  Epoch time :  0.1611197255551815  Train L2 Loss :  0.016214229094982147
Epoch :  765  Epoch time :  0.1633748272433877  Train L2 Loss :  0.016198002481460572
Epoch :  766  Epoch time :  0.1632605753839016  Train L2 Loss :  0.016184475511312486
Epoch :  767  Epoch time :  0.16263010073453188  Train L2 Loss :  0.016167270857095718
Epoch :  768  Epoch time :  0.1640661833807826  Train L2 Loss :  0.016161558304727076
Epoch :  769  Epoch time :  0.16356653347611427  Train L2 Loss :  0.016153047797083854
Epoch :  770  Epoch time :  0.1602934468537569  Train L2 Loss :  0.016142759247124196
Epoch :  771  Epoch time :  0.16444930899888277  Train L2 Loss :  0.01612812334895134
Epoch :  772  Epoch time :  0.16375282313674688  Train L2 Loss :  0.01611834851503372
Epoch :  773  Epoch time :  0.16162510123103857  Train L2 Loss :  0.016104151391983033
Epoch :  774  Epoch time :  0.16382164414972067  Train L2 Loss :  0.016092339697480203
Epoch :  775  Epoch time :  0.1639691423624754  Train L2 Loss :  0.016077120345830916
Epoch :  776  Epoch time :  0.16154989320784807  Train L2 Loss :  0.01606236943602562
Epoch :  777  Epoch time :  0.16979004349559546  Train L2 Loss :  0.016053354114294052
Epoch :  778  Epoch time :  0.16414314415305853  Train L2 Loss :  0.016043162375688553
Epoch :  779  Epoch time :  0.16168061178177595  Train L2 Loss :  0.016030738031864167
Epoch :  780  Epoch time :  0.1632632315158844  Train L2 Loss :  0.01601974684894085
Epoch :  781  Epoch time :  0.16328694485127926  Train L2 Loss :  0.016007925508916377
Epoch :  782  Epoch time :  0.1617790786549449  Train L2 Loss :  0.015996716384589674
Epoch :  783  Epoch time :  0.16387502942234278  Train L2 Loss :  0.015986971588432788
Epoch :  784  Epoch time :  0.16360962390899658  Train L2 Loss :  0.015979450124502182
Epoch :  785  Epoch time :  0.16225529182702303  Train L2 Loss :  0.015970224565267564
Epoch :  786  Epoch time :  0.16324903815984726  Train L2 Loss :  0.015956957791745663
Epoch :  787  Epoch time :  0.16304794698953629  Train L2 Loss :  0.01594289194047451
Epoch :  788  Epoch time :  0.1621665982529521  Train L2 Loss :  0.015932247568666937
Epoch :  789  Epoch time :  0.16344599332660437  Train L2 Loss :  0.015924306616187097
Epoch :  790  Epoch time :  0.16323477029800415  Train L2 Loss :  0.015911677893996237
Epoch :  791  Epoch time :  0.16204625833779573  Train L2 Loss :  0.015901193755865097
Epoch :  792  Epoch time :  0.16300799138844013  Train L2 Loss :  0.01588570918291807
Epoch :  793  Epoch time :  0.16311452444642782  Train L2 Loss :  0.015869795060157777
Epoch :  794  Epoch time :  0.1620416846126318  Train L2 Loss :  0.0158613195925951
Epoch :  795  Epoch time :  0.16341721173375845  Train L2 Loss :  0.015845055681467057
Epoch :  796  Epoch time :  0.1631857417523861  Train L2 Loss :  0.015838513961434365
Epoch :  797  Epoch time :  0.16223876364529133  Train L2 Loss :  0.01582822153568268
Epoch :  798  Epoch time :  0.16937167663127184  Train L2 Loss :  0.015817126819491385
Epoch :  799  Epoch time :  0.1635250886902213  Train L2 Loss :  0.01580041153728962
Epoch :  800  Epoch time :  0.16148028708994389  Train L2 Loss :  0.015770198887586594
Epoch :  801  Epoch time :  0.16370275896042585  Train L2 Loss :  0.01575981439054012
Epoch :  802  Epoch time :  0.16286419704556465  Train L2 Loss :  0.015750292283296587
Epoch :  803  Epoch time :  0.1643887748941779  Train L2 Loss :  0.01574660295844078
Epoch :  804  Epoch time :  0.16378084290772676  Train L2 Loss :  0.015739417830109598
Epoch :  805  Epoch time :  0.16346948873251677  Train L2 Loss :  0.01573439862281084
Epoch :  806  Epoch time :  0.16200568620115519  Train L2 Loss :  0.0157290941208601
Epoch :  807  Epoch time :  0.16380653344094753  Train L2 Loss :  0.015722339990735055
Epoch :  808  Epoch time :  0.16421040706336498  Train L2 Loss :  0.01571560711860657
Epoch :  809  Epoch time :  0.16208327002823353  Train L2 Loss :  0.015712685307860373
Epoch :  810  Epoch time :  0.16378436423838139  Train L2 Loss :  0.015705495220422746
Epoch :  811  Epoch time :  0.1641031140461564  Train L2 Loss :  0.015700289699435235
Epoch :  812  Epoch time :  0.1623066794127226  Train L2 Loss :  0.01569372587054968
Epoch :  813  Epoch time :  0.1638214448466897  Train L2 Loss :  0.015688525980710983
Epoch :  814  Epoch time :  0.16504480317234993  Train L2 Loss :  0.015681648790836333
Epoch :  815  Epoch time :  0.1626487411558628  Train L2 Loss :  0.015676586858928202
Epoch :  816  Epoch time :  0.1636662082746625  Train L2 Loss :  0.01567058911025524
Epoch :  817  Epoch time :  0.16302450746297836  Train L2 Loss :  0.015665230923891067
Epoch :  818  Epoch time :  0.16300890780985355  Train L2 Loss :  0.01565828351378441
Epoch :  819  Epoch time :  0.16361194010823965  Train L2 Loss :  0.015650769078731537
Epoch :  820  Epoch time :  0.16270083654671907  Train L2 Loss :  0.015647460851073266
Epoch :  821  Epoch time :  0.16374363657087088  Train L2 Loss :  0.01563884465098381
Epoch :  822  Epoch time :  0.16366951260715723  Train L2 Loss :  0.015633425422012806
Epoch :  823  Epoch time :  0.16219638381153345  Train L2 Loss :  0.015626460498571394
Epoch :  824  Epoch time :  0.16425923351198435  Train L2 Loss :  0.015621058714389801
Epoch :  825  Epoch time :  0.16398053616285324  Train L2 Loss :  0.01561473540365696
Epoch :  826  Epoch time :  0.16230937652289867  Train L2 Loss :  0.015609271287918091
Epoch :  827  Epoch time :  0.16437108255922794  Train L2 Loss :  0.01560428000241518
Epoch :  828  Epoch time :  0.16444000881165266  Train L2 Loss :  0.015594626851379871
Epoch :  829  Epoch time :  0.16493135318160057  Train L2 Loss :  0.015589145830273628
Epoch :  830  Epoch time :  0.16411180514842272  Train L2 Loss :  0.015583416736125946
Epoch :  831  Epoch time :  0.16428840532898903  Train L2 Loss :  0.015578292083740234
Epoch :  832  Epoch time :  0.16183177661150694  Train L2 Loss :  0.015572095942497253
Epoch :  833  Epoch time :  0.16387735959142447  Train L2 Loss :  0.01556374140381813
Epoch :  834  Epoch time :  0.16428446304053068  Train L2 Loss :  0.015557736539840699
Epoch :  835  Epoch time :  0.1618337007239461  Train L2 Loss :  0.01555068736076355
Epoch :  836  Epoch time :  0.16425304766744375  Train L2 Loss :  0.015546492305397987
Epoch :  837  Epoch time :  0.1639991169795394  Train L2 Loss :  0.015539649695158005
Epoch :  838  Epoch time :  0.16234358958899975  Train L2 Loss :  0.015533284659683705
Epoch :  839  Epoch time :  0.16402580123394728  Train L2 Loss :  0.015526058031618595
Epoch :  840  Epoch time :  0.1638654125854373  Train L2 Loss :  0.015521715049445628
Epoch :  841  Epoch time :  0.1624775743111968  Train L2 Loss :  0.015513958191871643
Epoch :  842  Epoch time :  0.1642785156145692  Train L2 Loss :  0.015508356070518493
Epoch :  843  Epoch time :  0.1640938874334097  Train L2 Loss :  0.015502232789993286
Epoch :  844  Epoch time :  0.16341159027069807  Train L2 Loss :  0.015497768223285675
Epoch :  845  Epoch time :  0.16418692842125893  Train L2 Loss :  0.01548852817118168
Epoch :  846  Epoch time :  0.16377568896859884  Train L2 Loss :  0.015482569201290607
Epoch :  847  Epoch time :  0.1622728407382965  Train L2 Loss :  0.01547546817958355
Epoch :  848  Epoch time :  0.16389155387878418  Train L2 Loss :  0.015470749050378799
Epoch :  849  Epoch time :  0.16379455011337996  Train L2 Loss :  0.015462584835290909
Epoch :  850  Epoch time :  0.1628710888326168  Train L2 Loss :  0.015456311452388764
Epoch :  851  Epoch time :  0.16385696083307266  Train L2 Loss :  0.015450477394461632
Epoch :  852  Epoch time :  0.16349889617413282  Train L2 Loss :  0.01544358177036047
Epoch :  853  Epoch time :  0.16233216505497694  Train L2 Loss :  0.015436297565698623
Epoch :  854  Epoch time :  0.16638568881899118  Train L2 Loss :  0.015432216466963291
Epoch :  855  Epoch time :  0.1635830095037818  Train L2 Loss :  0.015424629426002503
Epoch :  856  Epoch time :  0.1620901357382536  Train L2 Loss :  0.015419743996858597
Epoch :  857  Epoch time :  0.16432316321879625  Train L2 Loss :  0.015413360618054867
Epoch :  858  Epoch time :  0.16360727418214083  Train L2 Loss :  0.01540678334236145
Epoch :  859  Epoch time :  0.162825433537364  Train L2 Loss :  0.01539858816564083
Epoch :  860  Epoch time :  0.16486169584095478  Train L2 Loss :  0.01539359612762928
Epoch :  861  Epoch time :  0.1647077640518546  Train L2 Loss :  0.015386456191539765
Epoch :  862  Epoch time :  0.162868095561862  Train L2 Loss :  0.01538024810552597
Epoch :  863  Epoch time :  0.1644469453021884  Train L2 Loss :  0.015374187970161438
Epoch :  864  Epoch time :  0.16482446622103453  Train L2 Loss :  0.015367789560556412
Epoch :  865  Epoch time :  0.16241749748587608  Train L2 Loss :  0.015359028945863247
Epoch :  866  Epoch time :  0.16438953392207623  Train L2 Loss :  0.015353236758708954
Epoch :  867  Epoch time :  0.1646972820162773  Train L2 Loss :  0.015346953615546227
Epoch :  868  Epoch time :  0.1634909315034747  Train L2 Loss :  0.015341414374113084
Epoch :  869  Epoch time :  0.1648392267525196  Train L2 Loss :  0.015335070922970772
Epoch :  870  Epoch time :  0.16331160441040993  Train L2 Loss :  0.015328545732796192
Epoch :  871  Epoch time :  0.1632610158994794  Train L2 Loss :  0.015322836059331895
Epoch :  872  Epoch time :  0.16410449985414743  Train L2 Loss :  0.015315210157632828
Epoch :  873  Epoch time :  0.1631250223144889  Train L2 Loss :  0.015310336482524872
Epoch :  874  Epoch time :  0.16457310412079096  Train L2 Loss :  0.01530316577553749
Epoch :  875  Epoch time :  0.1645554443821311  Train L2 Loss :  0.015297481048107147
Epoch :  876  Epoch time :  0.16207766067236662  Train L2 Loss :  0.015290605625510215
Epoch :  877  Epoch time :  0.1643552491441369  Train L2 Loss :  0.015284924092888832
Epoch :  878  Epoch time :  0.16380687803030014  Train L2 Loss :  0.015275803215801716
Epoch :  879  Epoch time :  0.1642855741083622  Train L2 Loss :  0.015272014728188515
Epoch :  880  Epoch time :  0.1643446497619152  Train L2 Loss :  0.015264931333065033
Epoch :  881  Epoch time :  0.16492134984582663  Train L2 Loss :  0.015258331149816513
Epoch :  882  Epoch time :  0.16223967727273703  Train L2 Loss :  0.015252834850549698
Epoch :  883  Epoch time :  0.16422400902956724  Train L2 Loss :  0.015246992664039135
Epoch :  884  Epoch time :  0.16463548317551613  Train L2 Loss :  0.015240163123607636
Epoch :  885  Epoch time :  0.16154730506241322  Train L2 Loss :  0.015232835066318512
Epoch :  886  Epoch time :  0.16396962199360132  Train L2 Loss :  0.01522585234940052
Epoch :  887  Epoch time :  0.16480110026896  Train L2 Loss :  0.015219109272956848
Epoch :  888  Epoch time :  0.16233565751463175  Train L2 Loss :  0.015213569584488868
Epoch :  889  Epoch time :  0.16441701725125313  Train L2 Loss :  0.015207812362909317
Epoch :  890  Epoch time :  0.16536977421492338  Train L2 Loss :  0.015203238821029664
Epoch :  891  Epoch time :  0.16293041966855526  Train L2 Loss :  0.01519486470669508
Epoch :  892  Epoch time :  0.16349470894783735  Train L2 Loss :  0.015188915479183197
Epoch :  893  Epoch time :  0.1638477575033903  Train L2 Loss :  0.015179841607809066
Epoch :  894  Epoch time :  0.16267619375139475  Train L2 Loss :  0.015175545671582222
Epoch :  895  Epoch time :  0.16392461489886045  Train L2 Loss :  0.015169980002939702
Epoch :  896  Epoch time :  0.16357734240591526  Train L2 Loss :  0.01516360045671463
Epoch :  897  Epoch time :  0.16245752666145563  Train L2 Loss :  0.015158106249570846
Epoch :  898  Epoch time :  0.16378095466643572  Train L2 Loss :  0.015150970250368118
Epoch :  899  Epoch time :  0.16366695519536734  Train L2 Loss :  0.015143934994935989
Epoch :  900  Epoch time :  0.16236034967005253  Train L2 Loss :  0.015127060860395431
Epoch :  901  Epoch time :  0.16375219728797674  Train L2 Loss :  0.015120950999855996
Epoch :  902  Epoch time :  0.1635951241478324  Train L2 Loss :  0.01511694469153881
Epoch :  903  Epoch time :  0.1624136483296752  Train L2 Loss :  0.015114363798499108
Epoch :  904  Epoch time :  0.16376621555536985  Train L2 Loss :  0.01511076182425022
Epoch :  905  Epoch time :  0.16600125469267368  Train L2 Loss :  0.01510728040933609
Epoch :  906  Epoch time :  0.16200778726488352  Train L2 Loss :  0.015104956060647965
Epoch :  907  Epoch time :  0.16424186248332262  Train L2 Loss :  0.01510168097615242
Epoch :  908  Epoch time :  0.1637498466297984  Train L2 Loss :  0.01509883787482977
Epoch :  909  Epoch time :  0.16173326782882214  Train L2 Loss :  0.015095532701909543
Epoch :  910  Epoch time :  0.16425992734730244  Train L2 Loss :  0.015091890323162079
Epoch :  911  Epoch time :  0.1642407914623618  Train L2 Loss :  0.015088595348596573
Epoch :  912  Epoch time :  0.1628512218594551  Train L2 Loss :  0.015085164727270603
Epoch :  913  Epoch time :  0.1640516184270382  Train L2 Loss :  0.01508238331079483
Epoch :  914  Epoch time :  0.16475207451730967  Train L2 Loss :  0.01507819169908762
Epoch :  915  Epoch time :  0.16229716129601002  Train L2 Loss :  0.015076038086414337
Epoch :  916  Epoch time :  0.16417580097913742  Train L2 Loss :  0.015072637932002544
Epoch :  917  Epoch time :  0.16455575823783875  Train L2 Loss :  0.01506872729063034
Epoch :  918  Epoch time :  0.1608758233487606  Train L2 Loss :  0.015065953490138053
Epoch :  919  Epoch time :  0.1641534585505724  Train L2 Loss :  0.01506248944848776
Epoch :  920  Epoch time :  0.16448573861271143  Train L2 Loss :  0.015059054505825042
Epoch :  921  Epoch time :  0.16303503513336182  Train L2 Loss :  0.015055496449768543
Epoch :  922  Epoch time :  0.16371356789022684  Train L2 Loss :  0.015052964800596237
Epoch :  923  Epoch time :  0.16384612303227186  Train L2 Loss :  0.015049492824077606
Epoch :  924  Epoch time :  0.16243245545774698  Train L2 Loss :  0.015046524322032928
Epoch :  925  Epoch time :  0.1636762022972107  Train L2 Loss :  0.015042756214737892
Epoch :  926  Epoch time :  0.1680910624563694  Train L2 Loss :  0.015039097526669503
Epoch :  927  Epoch time :  0.16653211880475283  Train L2 Loss :  0.015036100052297115
Epoch :  928  Epoch time :  0.16407672502100468  Train L2 Loss :  0.015032137632369996
Epoch :  929  Epoch time :  0.16221369709819555  Train L2 Loss :  0.015029631644487382
Epoch :  930  Epoch time :  0.16462552826851606  Train L2 Loss :  0.015026085871458053
Epoch :  931  Epoch time :  0.16379539482295513  Train L2 Loss :  0.015022332751750946
Epoch :  932  Epoch time :  0.1621453845873475  Train L2 Loss :  0.015018625551462174
Epoch :  933  Epoch time :  0.16445026826113462  Train L2 Loss :  0.015015963980555535
Epoch :  934  Epoch time :  0.16371224354952574  Train L2 Loss :  0.015011485841870308
Epoch :  935  Epoch time :  0.1619699951261282  Train L2 Loss :  0.015008849249780179
Epoch :  936  Epoch time :  0.16430075094103813  Train L2 Loss :  0.015006159967184067
Epoch :  937  Epoch time :  0.16398688778281212  Train L2 Loss :  0.01500263416171074
Epoch :  938  Epoch time :  0.16205056756734848  Train L2 Loss :  0.014999128852784633
Epoch :  939  Epoch time :  0.16381581127643585  Train L2 Loss :  0.014995131301879882
Epoch :  940  Epoch time :  0.16402564104646444  Train L2 Loss :  0.01499176759570837
Epoch :  941  Epoch time :  0.16216875053942204  Train L2 Loss :  0.014989230448007583
Epoch :  942  Epoch time :  0.163994200527668  Train L2 Loss :  0.014985024896264076
Epoch :  943  Epoch time :  0.1640433119609952  Train L2 Loss :  0.014982010345160961
Epoch :  944  Epoch time :  0.16285033896565437  Train L2 Loss :  0.014978661066293716
Epoch :  945  Epoch time :  0.16371890995651484  Train L2 Loss :  0.014975813868641854
Epoch :  946  Epoch time :  0.16431834176182747  Train L2 Loss :  0.014972584626078606
Epoch :  947  Epoch time :  0.16302432399243116  Train L2 Loss :  0.014968642419576645
Epoch :  948  Epoch time :  0.1646397914737463  Train L2 Loss :  0.014965471285581589
Epoch :  949  Epoch time :  0.1644753385335207  Train L2 Loss :  0.014961336040496827
Epoch :  950  Epoch time :  0.1630933778360486  Train L2 Loss :  0.014958704084157944
Epoch :  951  Epoch time :  0.164341458119452  Train L2 Loss :  0.014954993215203286
Epoch :  952  Epoch time :  0.165696794167161  Train L2 Loss :  0.01495212860405445
Epoch :  953  Epoch time :  0.163192268460989  Train L2 Loss :  0.014948371276259422
Epoch :  954  Epoch time :  0.16449329908937216  Train L2 Loss :  0.014944512808322907
Epoch :  955  Epoch time :  0.18053454533219337  Train L2 Loss :  0.014941383737325668
Epoch :  956  Epoch time :  0.16381431836634874  Train L2 Loss :  0.014938203403353691
Epoch :  957  Epoch time :  0.16481137834489346  Train L2 Loss :  0.014934818470478058
Epoch :  958  Epoch time :  0.16481186635792255  Train L2 Loss :  0.014931489914655685
Epoch :  959  Epoch time :  0.16266671381890774  Train L2 Loss :  0.014927534300088882
Epoch :  960  Epoch time :  0.16472475044429302  Train L2 Loss :  0.014923752123117447
Epoch :  961  Epoch time :  0.16516461595892906  Train L2 Loss :  0.014920263826847076
Epoch :  962  Epoch time :  0.16272182390093803  Train L2 Loss :  0.014917398202419281
Epoch :  963  Epoch time :  0.16455991007387638  Train L2 Loss :  0.014913477285206318
Epoch :  964  Epoch time :  0.1644743112847209  Train L2 Loss :  0.01490988603234291
Epoch :  965  Epoch time :  0.16382644325494766  Train L2 Loss :  0.01490705840587616
Epoch :  966  Epoch time :  0.1647956818342209  Train L2 Loss :  0.014904515486955643
Epoch :  967  Epoch time :  0.16310464963316917  Train L2 Loss :  0.014900560104846954
Epoch :  968  Epoch time :  0.16492360644042492  Train L2 Loss :  0.014896936206519603
Epoch :  969  Epoch time :  0.16471351217478514  Train L2 Loss :  0.014894457271695137
Epoch :  970  Epoch time :  0.16296121664345264  Train L2 Loss :  0.014891158831119538
Epoch :  971  Epoch time :  0.16551030240952969  Train L2 Loss :  0.014887153308093547
Epoch :  972  Epoch time :  0.1647275360301137  Train L2 Loss :  0.01488397178798914
Epoch :  973  Epoch time :  0.1629666555672884  Train L2 Loss :  0.014879156079888343
Epoch :  974  Epoch time :  0.1654796227812767  Train L2 Loss :  0.014876209919154644
Epoch :  975  Epoch time :  0.16522000171244144  Train L2 Loss :  0.014873441261053085
Epoch :  976  Epoch time :  0.16276917047798634  Train L2 Loss :  0.01487051391005516
Epoch :  977  Epoch time :  0.1654098154976964  Train L2 Loss :  0.01486598758250475
Epoch :  978  Epoch time :  0.16569339577108622  Train L2 Loss :  0.014862900573015213
Epoch :  979  Epoch time :  0.16338665317744017  Train L2 Loss :  0.014858891497552394
Epoch :  980  Epoch time :  0.16513996943831444  Train L2 Loss :  0.014856268325448035
Epoch :  981  Epoch time :  0.16500556003302336  Train L2 Loss :  0.014853493097424507
Epoch :  982  Epoch time :  0.16337335854768753  Train L2 Loss :  0.014849958500266075
Epoch :  983  Epoch time :  0.16644874587655067  Train L2 Loss :  0.014846594008803367
Epoch :  984  Epoch time :  0.17131445556879044  Train L2 Loss :  0.014842561195790768
Epoch :  985  Epoch time :  0.16378372441977262  Train L2 Loss :  0.014838741992413997
Epoch :  986  Epoch time :  0.16495542880147696  Train L2 Loss :  0.01483633849620819
Epoch :  987  Epoch time :  0.16520893666893244  Train L2 Loss :  0.014832267984747887
Epoch :  988  Epoch time :  0.16333696246147156  Train L2 Loss :  0.014829179602861405
Epoch :  989  Epoch time :  0.16559857316315174  Train L2 Loss :  0.014826070255041122
Epoch :  990  Epoch time :  0.1648331005126238  Train L2 Loss :  0.014822840504348279
Epoch :  991  Epoch time :  0.16360097378492355  Train L2 Loss :  0.014818358159065247
Epoch :  992  Epoch time :  0.166383171454072  Train L2 Loss :  0.014816103534400464
Epoch :  993  Epoch time :  0.1651306441053748  Train L2 Loss :  0.01481255216896534
Epoch :  994  Epoch time :  0.16321414336562157  Train L2 Loss :  0.01480903908610344
Epoch :  995  Epoch time :  0.1657287059351802  Train L2 Loss :  0.014806206756830215
Epoch :  996  Epoch time :  0.16538733523339033  Train L2 Loss :  0.014801968026161193
Epoch :  997  Epoch time :  0.1635240288451314  Train L2 Loss :  0.014797474764287472
Epoch :  998  Epoch time :  0.1653855750337243  Train L2 Loss :  0.01479478376507759
Epoch :  999  Epoch time :  0.16582650132477283  Train L2 Loss :  0.01479193309545517
Total time is : 164.21128951758146 Total epoch is  1000
