Energy is  1.0547118733938987e-14
Input dim :  128  output dim :  4096
362753
Epoch :  0  Epoch time :  3.2378715304657817  Train L2 Loss :  3.437227701950073
Epoch :  1  Epoch time :  3.071940409950912  Train L2 Loss :  1.175129932308197
Epoch :  2  Epoch time :  3.0744058527052402  Train L2 Loss :  0.6207770299911499
Epoch :  3  Epoch time :  3.0670573664829135  Train L2 Loss :  0.47195003600120544
Epoch :  4  Epoch time :  3.070603635162115  Train L2 Loss :  0.39142721691131593
Epoch :  5  Epoch time :  3.067924417555332  Train L2 Loss :  0.3662149206638336
Epoch :  6  Epoch time :  3.0851519210264087  Train L2 Loss :  0.32601841871738435
Epoch :  7  Epoch time :  3.103092098608613  Train L2 Loss :  0.2853923269033432
Epoch :  8  Epoch time :  3.072871381416917  Train L2 Loss :  0.2501105953454971
Epoch :  9  Epoch time :  3.071787008084357  Train L2 Loss :  0.2341203581571579
Epoch :  10  Epoch time :  3.0697039384394884  Train L2 Loss :  0.22543974623680116
Epoch :  11  Epoch time :  3.0733774667605758  Train L2 Loss :  0.20179377884864808
Epoch :  12  Epoch time :  3.1021654466167092  Train L2 Loss :  0.18962973368167876
Epoch :  13  Epoch time :  3.1048968797549605  Train L2 Loss :  0.17573525125980377
Epoch :  14  Epoch time :  3.0808379305526614  Train L2 Loss :  0.1686505798459053
Epoch :  15  Epoch time :  3.072801196947694  Train L2 Loss :  0.16523059010505675
Epoch :  16  Epoch time :  3.076195132918656  Train L2 Loss :  0.153027951669693
Epoch :  17  Epoch time :  3.077174692414701  Train L2 Loss :  0.1491367453932762
Epoch :  18  Epoch time :  3.0764750745147467  Train L2 Loss :  0.1401525686144829
Epoch :  19  Epoch time :  3.0856471713632345  Train L2 Loss :  0.14069949667453766
Epoch :  20  Epoch time :  3.1204200871288776  Train L2 Loss :  0.12945189722776412
Epoch :  21  Epoch time :  3.078914345242083  Train L2 Loss :  0.1267180023908615
Epoch :  22  Epoch time :  3.0772684486582875  Train L2 Loss :  0.1207034279704094
Epoch :  23  Epoch time :  3.0749443555250764  Train L2 Loss :  0.11625748176574707
Epoch :  24  Epoch time :  3.0753055522218347  Train L2 Loss :  0.11599581261873246
Epoch :  25  Epoch time :  3.074507194571197  Train L2 Loss :  0.10693504506349563
Epoch :  26  Epoch time :  3.0782470693811774  Train L2 Loss :  0.10652869309186935
Epoch :  27  Epoch time :  3.0779191851615906  Train L2 Loss :  0.10180274630784988
Epoch :  28  Epoch time :  3.0751575538888574  Train L2 Loss :  0.09993702071905136
Epoch :  29  Epoch time :  3.1024243710562587  Train L2 Loss :  0.10007002992630006
Epoch :  30  Epoch time :  3.115167958661914  Train L2 Loss :  0.0909602460026741
Epoch :  31  Epoch time :  3.09421696793288  Train L2 Loss :  0.09364594095945358
Epoch :  32  Epoch time :  3.078408557921648  Train L2 Loss :  0.091370339012146
Epoch :  33  Epoch time :  3.0790322367101908  Train L2 Loss :  0.08530992498397827
Epoch :  34  Epoch time :  3.0780773060396314  Train L2 Loss :  0.09066974625587464
Epoch :  35  Epoch time :  3.0783376526087523  Train L2 Loss :  0.0850769756257534
Epoch :  36  Epoch time :  3.0772325163707137  Train L2 Loss :  0.08290618910789489
Epoch :  37  Epoch time :  3.0783892767503858  Train L2 Loss :  0.08169522200226784
Epoch :  38  Epoch time :  3.078788138926029  Train L2 Loss :  0.07916816691756248
Epoch :  39  Epoch time :  3.0870238803327084  Train L2 Loss :  0.07906555525064468
Epoch :  40  Epoch time :  3.109799143858254  Train L2 Loss :  0.07968851239681243
Epoch :  41  Epoch time :  3.099093317054212  Train L2 Loss :  0.07853441078662872
Epoch :  42  Epoch time :  3.0846836725249887  Train L2 Loss :  0.07236658053994179
Epoch :  43  Epoch time :  3.0796452099457383  Train L2 Loss :  0.0735878697514534
Epoch :  44  Epoch time :  3.0757091734558344  Train L2 Loss :  0.07225336201786994
Epoch :  45  Epoch time :  3.0797811215743423  Train L2 Loss :  0.07244027847647667
Epoch :  46  Epoch time :  3.0819133166223764  Train L2 Loss :  0.07051608080267906
Epoch :  47  Epoch time :  3.078776082955301  Train L2 Loss :  0.07185466786026955
Epoch :  48  Epoch time :  3.0793692488223314  Train L2 Loss :  0.0666670267879963
Epoch :  49  Epoch time :  3.0812697196379304  Train L2 Loss :  0.0679169041454792
Epoch :  50  Epoch time :  3.1042127488180995  Train L2 Loss :  0.06366722972989082
Epoch :  51  Epoch time :  3.10857492685318  Train L2 Loss :  0.06750233013629914
Epoch :  52  Epoch time :  3.101244881749153  Train L2 Loss :  0.061844616001844405
Epoch :  53  Epoch time :  3.085278892889619  Train L2 Loss :  0.0666870636165142
Epoch :  54  Epoch time :  3.0842792112380266  Train L2 Loss :  0.06236353996992111
Epoch :  55  Epoch time :  3.081500337459147  Train L2 Loss :  0.06457871869802476
Epoch :  56  Epoch time :  3.0797393517568707  Train L2 Loss :  0.05699762393832207
Epoch :  57  Epoch time :  3.0802391432225704  Train L2 Loss :  0.06345706375241279
Epoch :  58  Epoch time :  3.0826022317633033  Train L2 Loss :  0.06011417407393455
Epoch :  59  Epoch time :  3.0823288690298796  Train L2 Loss :  0.058610081326961515
Epoch :  60  Epoch time :  3.0916631259024143  Train L2 Loss :  0.059292068755626676
Epoch :  61  Epoch time :  3.0983304968103766  Train L2 Loss :  0.05576362065672875
Epoch :  62  Epoch time :  3.117164305411279  Train L2 Loss :  0.058968890368938445
Epoch :  63  Epoch time :  3.0924515798687935  Train L2 Loss :  0.05701562682390213
Epoch :  64  Epoch time :  3.088121086359024  Train L2 Loss :  0.053404087835550305
Epoch :  65  Epoch time :  3.0877596084028482  Train L2 Loss :  0.057335755211114885
Epoch :  66  Epoch time :  3.0897727236151695  Train L2 Loss :  0.052163470447063445
Epoch :  67  Epoch time :  3.0871885158121586  Train L2 Loss :  0.05360066365003586
Epoch :  68  Epoch time :  3.0865819919854403  Train L2 Loss :  0.05160800476074219
Epoch :  69  Epoch time :  3.083966781385243  Train L2 Loss :  0.053237157213687894
Epoch :  70  Epoch time :  3.0838961666449904  Train L2 Loss :  0.05089149212241173
Epoch :  71  Epoch time :  3.1118301041424274  Train L2 Loss :  0.053853382134437563
Epoch :  72  Epoch time :  3.11131136585027  Train L2 Loss :  0.05309212275743484
Epoch :  73  Epoch time :  3.1066564060747623  Train L2 Loss :  0.05081802993416786
Epoch :  74  Epoch time :  3.088265017606318  Train L2 Loss :  0.05233819065093994
Epoch :  75  Epoch time :  3.088020077906549  Train L2 Loss :  0.04690137568116188
Epoch :  76  Epoch time :  3.0891290102154016  Train L2 Loss :  0.04885605120062828
Epoch :  77  Epoch time :  3.08899565692991  Train L2 Loss :  0.04875471129417419
Epoch :  78  Epoch time :  3.087176759727299  Train L2 Loss :  0.0511256354033947
Epoch :  79  Epoch time :  3.0872159004211426  Train L2 Loss :  0.045335686177015305
Epoch :  80  Epoch time :  3.0858349539339542  Train L2 Loss :  0.05094993698596954
Epoch :  81  Epoch time :  3.101735102944076  Train L2 Loss :  0.04643350684642792
Epoch :  82  Epoch time :  3.102469390258193  Train L2 Loss :  0.04910778581500053
Epoch :  83  Epoch time :  3.124408410862088  Train L2 Loss :  0.04438971779346466
Epoch :  84  Epoch time :  3.0961550287902355  Train L2 Loss :  0.0471139097392559
Epoch :  85  Epoch time :  3.090412718243897  Train L2 Loss :  0.0438136215031147
Epoch :  86  Epoch time :  3.089499115012586  Train L2 Loss :  0.048730672574043274
Epoch :  87  Epoch time :  3.0901556136086583  Train L2 Loss :  0.04632170266509056
Epoch :  88  Epoch time :  3.0889148879796267  Train L2 Loss :  0.04268584078848362
Epoch :  89  Epoch time :  3.090865958482027  Train L2 Loss :  0.04428664088845253
Epoch :  90  Epoch time :  3.088683733716607  Train L2 Loss :  0.04416900347471237
Epoch :  91  Epoch time :  3.087450603954494  Train L2 Loss :  0.04419567173719406
Epoch :  92  Epoch time :  3.1099352603778243  Train L2 Loss :  0.044668539381027224
Epoch :  93  Epoch time :  3.1169564556330442  Train L2 Loss :  0.04196321531534195
Epoch :  94  Epoch time :  3.1107683554291725  Train L2 Loss :  0.04416054620146751
Epoch :  95  Epoch time :  3.0901647126302123  Train L2 Loss :  0.041868084901571276
Epoch :  96  Epoch time :  3.0927303628996015  Train L2 Loss :  0.043920088994503025
Epoch :  97  Epoch time :  3.145492944866419  Train L2 Loss :  0.04227792519927025
Epoch :  98  Epoch time :  3.1261499281972647  Train L2 Loss :  0.04149848285615444
Epoch :  99  Epoch time :  3.0916814487427473  Train L2 Loss :  0.04336950686573982
Epoch :  100  Epoch time :  3.0906003080308437  Train L2 Loss :  0.02181192841231823
Epoch :  101  Epoch time :  3.089705421589315  Train L2 Loss :  0.021698562315106393
Epoch :  102  Epoch time :  3.102797606959939  Train L2 Loss :  0.02272755083143711
Epoch :  103  Epoch time :  3.1023278636857867  Train L2 Loss :  0.023926261126995085
Epoch :  104  Epoch time :  3.131524993106723  Train L2 Loss :  0.023915023213624955
Epoch :  105  Epoch time :  3.095616016536951  Train L2 Loss :  0.024093471190333365
Epoch :  106  Epoch time :  3.0930235665291548  Train L2 Loss :  0.023846773853898048
Epoch :  107  Epoch time :  3.0900150211527944  Train L2 Loss :  0.023973253935575485
Epoch :  108  Epoch time :  3.091807074844837  Train L2 Loss :  0.023781964638829232
Epoch :  109  Epoch time :  3.093344332650304  Train L2 Loss :  0.023587645155191423
Epoch :  110  Epoch time :  3.092298351228237  Train L2 Loss :  0.023217457640171052
Epoch :  111  Epoch time :  3.0906593361869454  Train L2 Loss :  0.022660418090224267
Epoch :  112  Epoch time :  3.092410766519606  Train L2 Loss :  0.023894278579950332
Epoch :  113  Epoch time :  3.114662076346576  Train L2 Loss :  0.02350280863046646
Epoch :  114  Epoch time :  3.1184461526572704  Train L2 Loss :  0.02278310427069664
Epoch :  115  Epoch time :  3.111692186444998  Train L2 Loss :  0.02269181250333786
Epoch :  116  Epoch time :  3.0920556047931314  Train L2 Loss :  0.022634715208411215
Epoch :  117  Epoch time :  3.093099338002503  Train L2 Loss :  0.022551925596594812
Epoch :  118  Epoch time :  3.091191155835986  Train L2 Loss :  0.0233009831905365
Epoch :  119  Epoch time :  3.0928029641509056  Train L2 Loss :  0.022740274506807327
Epoch :  120  Epoch time :  3.0911763198673725  Train L2 Loss :  0.022727834808826446
Epoch :  121  Epoch time :  3.092726149596274  Train L2 Loss :  0.022747985497117044
Epoch :  122  Epoch time :  3.091505573131144  Train L2 Loss :  0.022723044246435165
Epoch :  123  Epoch time :  3.1071171266958117  Train L2 Loss :  0.022206082957983018
Epoch :  124  Epoch time :  3.103582350537181  Train L2 Loss :  0.022470246118307113
Epoch :  125  Epoch time :  3.1311420714482665  Train L2 Loss :  0.02219749790728092
Epoch :  126  Epoch time :  3.098452323116362  Train L2 Loss :  0.02215292343199253
Epoch :  127  Epoch time :  3.0940053779631853  Train L2 Loss :  0.022835346841812133
Epoch :  128  Epoch time :  3.0918870391324162  Train L2 Loss :  0.02160308684706688
Epoch :  129  Epoch time :  3.0914729749783874  Train L2 Loss :  0.02156545122563839
Epoch :  130  Epoch time :  3.092503597959876  Train L2 Loss :  0.022212788918614387
Epoch :  131  Epoch time :  3.093386177904904  Train L2 Loss :  0.021988861891627312
Epoch :  132  Epoch time :  3.0915236957371235  Train L2 Loss :  0.02207244057059288
Epoch :  133  Epoch time :  3.0929926531389356  Train L2 Loss :  0.021971290573477745
Epoch :  134  Epoch time :  3.1157800406217575  Train L2 Loss :  0.02195364785194397
Epoch :  135  Epoch time :  3.125528116710484  Train L2 Loss :  0.02173687608242035
Epoch :  136  Epoch time :  3.113725612871349  Train L2 Loss :  0.02193233442902565
Epoch :  137  Epoch time :  3.093286318704486  Train L2 Loss :  0.021534739008545876
Epoch :  138  Epoch time :  3.0951977595686913  Train L2 Loss :  0.021304687187075615
Epoch :  139  Epoch time :  3.0958987455815077  Train L2 Loss :  0.02173925386965275
Epoch :  140  Epoch time :  3.0941584864631295  Train L2 Loss :  0.02172679463326931
Epoch :  141  Epoch time :  3.095460107550025  Train L2 Loss :  0.0213681287586689
Epoch :  142  Epoch time :  3.0930526349693537  Train L2 Loss :  0.02118929455578327
Epoch :  143  Epoch time :  3.093772462569177  Train L2 Loss :  0.021304302376508714
Epoch :  144  Epoch time :  3.107596481218934  Train L2 Loss :  0.02152675352394581
Epoch :  145  Epoch time :  3.1151464227586985  Train L2 Loss :  0.02122821414768696
Epoch :  146  Epoch time :  3.12426630128175  Train L2 Loss :  0.0212298677444458
Epoch :  147  Epoch time :  3.096286560408771  Train L2 Loss :  0.020804061371088027
Epoch :  148  Epoch time :  3.095465326681733  Train L2 Loss :  0.021319526427984237
Epoch :  149  Epoch time :  3.093679395504296  Train L2 Loss :  0.021251092091202736
Epoch :  150  Epoch time :  3.091293982230127  Train L2 Loss :  0.020724759170413016
Epoch :  151  Epoch time :  3.0945075936615467  Train L2 Loss :  0.020963851404190062
Epoch :  152  Epoch time :  3.094209956936538  Train L2 Loss :  0.02165605558156967
Epoch :  153  Epoch time :  3.0932913329452276  Train L2 Loss :  0.020492135727405547
Epoch :  154  Epoch time :  3.093605234287679  Train L2 Loss :  0.021001902118325234
Epoch :  155  Epoch time :  3.118887203745544  Train L2 Loss :  0.0203129672318697
Epoch :  156  Epoch time :  3.1227041501551867  Train L2 Loss :  0.020680937948822975
Epoch :  157  Epoch time :  3.1113536152988672  Train L2 Loss :  0.020720930609107017
Epoch :  158  Epoch time :  3.0923724798485637  Train L2 Loss :  0.020655852347612382
Epoch :  159  Epoch time :  3.0977122206240892  Train L2 Loss :  0.020676453626155854
Epoch :  160  Epoch time :  3.0939231710508466  Train L2 Loss :  0.020944984093308448
Epoch :  161  Epoch time :  3.094018993899226  Train L2 Loss :  0.020770155256986618
Epoch :  162  Epoch time :  3.099364958703518  Train L2 Loss :  0.01996887947320938
Epoch :  163  Epoch time :  3.096974929794669  Train L2 Loss :  0.020432197174429893
Epoch :  164  Epoch time :  3.100554614327848  Train L2 Loss :  0.02021723845154047
Epoch :  165  Epoch time :  3.11113219615072  Train L2 Loss :  0.020342319153249265
Epoch :  166  Epoch time :  3.114838346838951  Train L2 Loss :  0.020320345681905747
Epoch :  167  Epoch time :  3.120677502825856  Train L2 Loss :  0.02012030357271433
Epoch :  168  Epoch time :  3.097894312813878  Train L2 Loss :  0.020049987815320493
Epoch :  169  Epoch time :  3.096481954678893  Train L2 Loss :  0.020062453724443912
Epoch :  170  Epoch time :  3.093858382664621  Train L2 Loss :  0.020279818215966226
Epoch :  171  Epoch time :  3.0939579121768475  Train L2 Loss :  0.019572237265110017
Epoch :  172  Epoch time :  3.095458854921162  Train L2 Loss :  0.020896472814679146
Epoch :  173  Epoch time :  3.0940610747784376  Train L2 Loss :  0.0193085387557745
Epoch :  174  Epoch time :  3.0951389083638787  Train L2 Loss :  0.020042820572853087
Epoch :  175  Epoch time :  3.09415665268898  Train L2 Loss :  0.02029324200153351
Epoch :  176  Epoch time :  3.118208037689328  Train L2 Loss :  0.01975762108564377
Epoch :  177  Epoch time :  3.127478270791471  Train L2 Loss :  0.020436845827102663
Epoch :  178  Epoch time :  3.111642842181027  Train L2 Loss :  0.019349870221316814
Epoch :  179  Epoch time :  3.0955090830102563  Train L2 Loss :  0.019753040495514868
Epoch :  180  Epoch time :  3.090780838392675  Train L2 Loss :  0.019752488285303117
Epoch :  181  Epoch time :  3.09482182841748  Train L2 Loss :  0.020212052074074744
Epoch :  182  Epoch time :  3.096126931719482  Train L2 Loss :  0.01909101162403822
Epoch :  183  Epoch time :  3.097466026432812  Train L2 Loss :  0.019520613944530488
Epoch :  184  Epoch time :  3.0963386027142406  Train L2 Loss :  0.01962637596577406
Epoch :  185  Epoch time :  3.0945519395172596  Train L2 Loss :  0.019746793825924397
Epoch :  186  Epoch time :  3.1119360188022256  Train L2 Loss :  0.01965252702087164
Epoch :  187  Epoch time :  3.1141530871391296  Train L2 Loss :  0.01960006293207407
Epoch :  188  Epoch time :  3.124038248322904  Train L2 Loss :  0.019614013171195984
Epoch :  189  Epoch time :  3.0995976040139794  Train L2 Loss :  0.019235650408267975
Epoch :  190  Epoch time :  3.095550425350666  Train L2 Loss :  0.01932304505854845
Epoch :  191  Epoch time :  3.0966248558834195  Train L2 Loss :  0.01913421103954315
Epoch :  192  Epoch time :  3.0917071141302586  Train L2 Loss :  0.019348945087194442
Epoch :  193  Epoch time :  3.096293809823692  Train L2 Loss :  0.019100315399467944
Epoch :  194  Epoch time :  3.097811476327479  Train L2 Loss :  0.019233417238295077
Epoch :  195  Epoch time :  3.096862455829978  Train L2 Loss :  0.019052530458569528
Epoch :  196  Epoch time :  3.0953558115288615  Train L2 Loss :  0.01916910378485918
Epoch :  197  Epoch time :  3.120883848518133  Train L2 Loss :  0.01897573188841343
Epoch :  198  Epoch time :  3.1325384322553873  Train L2 Loss :  0.018863949845731257
Epoch :  199  Epoch time :  3.11299997381866  Train L2 Loss :  0.019729262129962444
Epoch :  200  Epoch time :  3.0988234747201204  Train L2 Loss :  0.013150363831222058
Epoch :  201  Epoch time :  3.095532559789717  Train L2 Loss :  0.013102643971145153
Epoch :  202  Epoch time :  3.0957107730209827  Train L2 Loss :  0.013530084729194642
Epoch :  203  Epoch time :  3.099083331413567  Train L2 Loss :  0.01366252442151308
Epoch :  204  Epoch time :  3.0975205497816205  Train L2 Loss :  0.013873736882209779
Epoch :  205  Epoch time :  3.0965955443680286  Train L2 Loss :  0.013759471321105957
Epoch :  206  Epoch time :  3.0952074201777577  Train L2 Loss :  0.013766147628426552
Epoch :  207  Epoch time :  3.1186329117044806  Train L2 Loss :  0.013577910120785236
Epoch :  208  Epoch time :  3.1203968739137053  Train L2 Loss :  0.013738297593593598
Epoch :  209  Epoch time :  3.139726562425494  Train L2 Loss :  0.013790260890126228
Epoch :  210  Epoch time :  3.1045910427346826  Train L2 Loss :  0.013707876738905906
Epoch :  211  Epoch time :  3.149139647372067  Train L2 Loss :  0.013589295387268066
Epoch :  212  Epoch time :  3.115911001339555  Train L2 Loss :  0.013649171675741673
Epoch :  213  Epoch time :  3.1026190565899014  Train L2 Loss :  0.013643298028409481
Epoch :  214  Epoch time :  3.1001381762325764  Train L2 Loss :  0.01367259920835495
Epoch :  215  Epoch time :  3.1010635010898113  Train L2 Loss :  0.013597562362253665
Epoch :  216  Epoch time :  3.1010196283459663  Train L2 Loss :  0.013579850473999977
Epoch :  217  Epoch time :  3.1174964467063546  Train L2 Loss :  0.013534461322426796
Epoch :  218  Epoch time :  3.1219726018607616  Train L2 Loss :  0.01368293086439371
Epoch :  219  Epoch time :  3.1307658990845084  Train L2 Loss :  0.013598265773057937
Epoch :  220  Epoch time :  3.102585693821311  Train L2 Loss :  0.013536660408973694
Epoch :  221  Epoch time :  3.098606831394136  Train L2 Loss :  0.013481535105407238
Epoch :  222  Epoch time :  3.0968731259927154  Train L2 Loss :  0.013593249176442623
Epoch :  223  Epoch time :  3.0981758469715714  Train L2 Loss :  0.013619531863927841
Epoch :  224  Epoch time :  3.1006931457668543  Train L2 Loss :  0.013483339315652848
Epoch :  225  Epoch time :  3.097840281203389  Train L2 Loss :  0.013529293531179428
Epoch :  226  Epoch time :  3.0981500232592225  Train L2 Loss :  0.013381209878623486
Epoch :  227  Epoch time :  3.1162822721526027  Train L2 Loss :  0.01349092579483986
Epoch :  228  Epoch time :  3.1227905927225947  Train L2 Loss :  0.013531385336816311
Epoch :  229  Epoch time :  3.1256149020045996  Train L2 Loss :  0.013357507625222207
Epoch :  230  Epoch time :  3.1021115835756063  Train L2 Loss :  0.013489241535961628
Epoch :  231  Epoch time :  3.0979780023917556  Train L2 Loss :  0.013549780245125294
Epoch :  232  Epoch time :  3.0983080863952637  Train L2 Loss :  0.013480549609661103
Epoch :  233  Epoch time :  3.0970022305846214  Train L2 Loss :  0.013463974541425705
Epoch :  234  Epoch time :  3.095764582976699  Train L2 Loss :  0.013370193810760975
Epoch :  235  Epoch time :  3.0982617624104023  Train L2 Loss :  0.013376657643914222
Epoch :  236  Epoch time :  3.0987224048003554  Train L2 Loss :  0.013510556413233281
Epoch :  237  Epoch time :  3.155933487229049  Train L2 Loss :  0.013270940209925175
Epoch :  238  Epoch time :  3.1506518134847283  Train L2 Loss :  0.013257851968705655
Epoch :  239  Epoch time :  3.128374402411282  Train L2 Loss :  0.013389954343438148
Epoch :  240  Epoch time :  3.0957834608852863  Train L2 Loss :  0.01340034434646368
Epoch :  241  Epoch time :  3.0991645995527506  Train L2 Loss :  0.01335548720061779
Epoch :  242  Epoch time :  3.101641735062003  Train L2 Loss :  0.01334087556451559
Epoch :  243  Epoch time :  3.0989668928086758  Train L2 Loss :  0.01329475738108158
Epoch :  244  Epoch time :  3.0976234255358577  Train L2 Loss :  0.013374153403937817
Epoch :  245  Epoch time :  3.0962584698572755  Train L2 Loss :  0.013237495520710945
Epoch :  246  Epoch time :  3.09932629391551  Train L2 Loss :  0.0131598677739501
Epoch :  247  Epoch time :  3.1211557518690825  Train L2 Loss :  0.013383961774408818
Epoch :  248  Epoch time :  3.1262370320037007  Train L2 Loss :  0.013164160393178463
Epoch :  249  Epoch time :  3.1273323642089963  Train L2 Loss :  0.013316862078011036
Epoch :  250  Epoch time :  3.1002467358484864  Train L2 Loss :  0.013180440168082714
Epoch :  251  Epoch time :  3.10069025028497  Train L2 Loss :  0.013207159353792667
Epoch :  252  Epoch time :  3.0991693157702684  Train L2 Loss :  0.013325151678919792
Epoch :  253  Epoch time :  3.099471027031541  Train L2 Loss :  0.013540656620264054
Epoch :  254  Epoch time :  3.096845641732216  Train L2 Loss :  0.0131995578661561
Epoch :  255  Epoch time :  3.1007571779191494  Train L2 Loss :  0.013103543525934219
Epoch :  256  Epoch time :  3.099007601849735  Train L2 Loss :  0.013067219299077988
Epoch :  257  Epoch time :  3.111465536057949  Train L2 Loss :  0.013240196754038334
Epoch :  258  Epoch time :  3.1293003344908357  Train L2 Loss :  0.013285289499163628
Epoch :  259  Epoch time :  3.124436034820974  Train L2 Loss :  0.013134807501733303
Epoch :  260  Epoch time :  3.096911821514368  Train L2 Loss :  0.01317396143078804
Epoch :  261  Epoch time :  3.0983289144933224  Train L2 Loss :  0.01322971393018961
Epoch :  262  Epoch time :  3.0986082889139652  Train L2 Loss :  0.01324958093315363
Epoch :  263  Epoch time :  3.135277115739882  Train L2 Loss :  0.013153997281193734
Epoch :  264  Epoch time :  3.1401476012542844  Train L2 Loss :  0.013153830650448799
Epoch :  265  Epoch time :  3.096943403594196  Train L2 Loss :  0.013312443047761918
Epoch :  266  Epoch time :  3.0975110083818436  Train L2 Loss :  0.012938214656710625
Epoch :  267  Epoch time :  3.1142720067873597  Train L2 Loss :  0.01317871340662241
Epoch :  268  Epoch time :  3.138047299347818  Train L2 Loss :  0.013176336467266082
Epoch :  269  Epoch time :  3.1214535059407353  Train L2 Loss :  0.013034234263002872
Epoch :  270  Epoch time :  3.095408962108195  Train L2 Loss :  0.013075252984464169
Epoch :  271  Epoch time :  3.099614968523383  Train L2 Loss :  0.012977674379944801
Epoch :  272  Epoch time :  3.094931756146252  Train L2 Loss :  0.013119366818666458
Epoch :  273  Epoch time :  3.0953294122591615  Train L2 Loss :  0.013233577100932599
Epoch :  274  Epoch time :  3.098115130327642  Train L2 Loss :  0.013011564144492149
Epoch :  275  Epoch time :  3.09481961466372  Train L2 Loss :  0.012943188379704953
Epoch :  276  Epoch time :  3.1187505992129445  Train L2 Loss :  0.013032716871798038
Epoch :  277  Epoch time :  3.115923018194735  Train L2 Loss :  0.012962136587500572
Epoch :  278  Epoch time :  3.132742343470454  Train L2 Loss :  0.01306615334302187
Epoch :  279  Epoch time :  3.120088049210608  Train L2 Loss :  0.01293717385083437
Epoch :  280  Epoch time :  3.0964613147079945  Train L2 Loss :  0.012894465984404087
Epoch :  281  Epoch time :  3.10095477104187  Train L2 Loss :  0.012967150855064393
Epoch :  282  Epoch time :  3.0963949309661984  Train L2 Loss :  0.012891810421645642
Epoch :  283  Epoch time :  3.097525662742555  Train L2 Loss :  0.012840681374073029
Epoch :  284  Epoch time :  3.097478703595698  Train L2 Loss :  0.012843329171836376
Epoch :  285  Epoch time :  3.099190662615001  Train L2 Loss :  0.012807801629602909
Epoch :  286  Epoch time :  3.0980875911191106  Train L2 Loss :  0.012930592328310012
Epoch :  287  Epoch time :  3.113216225989163  Train L2 Loss :  0.012751770143210888
Epoch :  288  Epoch time :  3.1347353300079703  Train L2 Loss :  0.012763368624448776
Epoch :  289  Epoch time :  3.125807421281934  Train L2 Loss :  0.012721205946803094
Epoch :  290  Epoch time :  3.0995878661051393  Train L2 Loss :  0.012856139144301414
Epoch :  291  Epoch time :  3.096706728450954  Train L2 Loss :  0.012744605942070485
Epoch :  292  Epoch time :  3.0986760621890426  Train L2 Loss :  0.012808913789689541
Epoch :  293  Epoch time :  3.097053412348032  Train L2 Loss :  0.012654572410881519
Epoch :  294  Epoch time :  3.098874107003212  Train L2 Loss :  0.012709819090366364
Epoch :  295  Epoch time :  3.0980655774474144  Train L2 Loss :  0.012573795031011104
Epoch :  296  Epoch time :  3.0951048424467444  Train L2 Loss :  0.012604735848307609
Epoch :  297  Epoch time :  3.115802806802094  Train L2 Loss :  0.012676741744577886
Epoch :  298  Epoch time :  3.1358531387522817  Train L2 Loss :  0.012723638965189457
Epoch :  299  Epoch time :  3.1213684482499957  Train L2 Loss :  0.012747218281030655
Epoch :  300  Epoch time :  3.0985236233100295  Train L2 Loss :  0.010553896860778332
Epoch :  301  Epoch time :  3.096223995089531  Train L2 Loss :  0.010558247816562652
Epoch :  302  Epoch time :  3.0989381512627006  Train L2 Loss :  0.010652797861397266
Epoch :  303  Epoch time :  3.0972599051892757  Train L2 Loss :  0.010695374217629432
Epoch :  304  Epoch time :  3.0981433242559433  Train L2 Loss :  0.010725157190859317
Epoch :  305  Epoch time :  3.097825936973095  Train L2 Loss :  0.01072706591784954
Epoch :  306  Epoch time :  3.0957565158605576  Train L2 Loss :  0.01069033110588789
Epoch :  307  Epoch time :  3.1162647642195225  Train L2 Loss :  0.01072545981258154
Epoch :  308  Epoch time :  3.1370716402307153  Train L2 Loss :  0.01074992688447237
Epoch :  309  Epoch time :  3.118460369296372  Train L2 Loss :  0.010757763186097145
Epoch :  310  Epoch time :  3.0988165512681007  Train L2 Loss :  0.010672653894126416
Epoch :  311  Epoch time :  3.097816743887961  Train L2 Loss :  0.01067141470015049
Epoch :  312  Epoch time :  3.098872758448124  Train L2 Loss :  0.01073101859986782
Epoch :  313  Epoch time :  3.0974184460937977  Train L2 Loss :  0.010679941529035569
Epoch :  314  Epoch time :  3.098428632132709  Train L2 Loss :  0.010629456543922425
Epoch :  315  Epoch time :  3.0986547190696  Train L2 Loss :  0.010667532031238078
Epoch :  316  Epoch time :  3.0980299757793546  Train L2 Loss :  0.010640263468027114
Epoch :  317  Epoch time :  3.1147382613271475  Train L2 Loss :  0.01064621704518795
Epoch :  318  Epoch time :  3.13977887108922  Train L2 Loss :  0.01067544394135475
Epoch :  319  Epoch time :  3.1160206058993936  Train L2 Loss :  0.01062908537685871
Epoch :  320  Epoch time :  3.0982054667547345  Train L2 Loss :  0.010625209614634513
Epoch :  321  Epoch time :  3.094685743562877  Train L2 Loss :  0.010597388096153735
Epoch :  322  Epoch time :  3.096262013539672  Train L2 Loss :  0.01064316336363554
Epoch :  323  Epoch time :  3.0947444969788194  Train L2 Loss :  0.010631373678147793
Epoch :  324  Epoch time :  3.095729579217732  Train L2 Loss :  0.010610320508480072
Epoch :  325  Epoch time :  3.0972078507766128  Train L2 Loss :  0.010636536329984665
Epoch :  326  Epoch time :  3.0966631583869457  Train L2 Loss :  0.010570776310563088
Epoch :  327  Epoch time :  3.114196140319109  Train L2 Loss :  0.010592344692349433
Epoch :  328  Epoch time :  3.1432510539889336  Train L2 Loss :  0.010650767496228218
Epoch :  329  Epoch time :  3.1115466579794884  Train L2 Loss :  0.010605525836348533
Epoch :  330  Epoch time :  3.1003299625590444  Train L2 Loss :  0.010637874048948288
Epoch :  331  Epoch time :  3.0968930097296834  Train L2 Loss :  0.010577195185422897
Epoch :  332  Epoch time :  3.0960554014891386  Train L2 Loss :  0.01060276828557253
Epoch :  333  Epoch time :  3.0982683058828115  Train L2 Loss :  0.010621663674712182
Epoch :  334  Epoch time :  3.0981128169223666  Train L2 Loss :  0.01054559452831745
Epoch :  335  Epoch time :  3.0969131411984563  Train L2 Loss :  0.010569820539653302
Epoch :  336  Epoch time :  3.103528818115592  Train L2 Loss :  0.010592290794849395
Epoch :  337  Epoch time :  3.1067425198853016  Train L2 Loss :  0.01052262529283762
Epoch :  338  Epoch time :  3.1474355068057775  Train L2 Loss :  0.01059305071234703
Epoch :  339  Epoch time :  3.109119752421975  Train L2 Loss :  0.010536420029401779
Epoch :  340  Epoch time :  3.0983075201511383  Train L2 Loss :  0.010586139345169067
Epoch :  341  Epoch time :  3.0979647133499384  Train L2 Loss :  0.010587188875675202
Epoch :  342  Epoch time :  3.0945940585806966  Train L2 Loss :  0.010534012019634246
Epoch :  343  Epoch time :  3.0976753840222955  Train L2 Loss :  0.010515202732384205
Epoch :  344  Epoch time :  3.096940763294697  Train L2 Loss :  0.010500994707643986
Epoch :  345  Epoch time :  3.097193787805736  Train L2 Loss :  0.010548793613910675
Epoch :  346  Epoch time :  3.1046424098312855  Train L2 Loss :  0.010567270965874195
Epoch :  347  Epoch time :  3.105170755647123  Train L2 Loss :  0.010471823972463608
Epoch :  348  Epoch time :  3.147031537257135  Train L2 Loss :  0.01060153854638338
Epoch :  349  Epoch time :  3.108036463148892  Train L2 Loss :  0.010539913584291936
Epoch :  350  Epoch time :  3.0967607526108623  Train L2 Loss :  0.010504804465174674
Epoch :  351  Epoch time :  3.0965582272037864  Train L2 Loss :  0.01051583181321621
Epoch :  352  Epoch time :  3.0975770531222224  Train L2 Loss :  0.010541609224677086
Epoch :  353  Epoch time :  3.0934323985129595  Train L2 Loss :  0.010485608169436455
Epoch :  354  Epoch time :  3.0950838960707188  Train L2 Loss :  0.010487458877265453
Epoch :  355  Epoch time :  3.0981946159154177  Train L2 Loss :  0.010550553132593631
Epoch :  356  Epoch time :  3.1101872911676764  Train L2 Loss :  0.010556003049016
Epoch :  357  Epoch time :  3.1097855772823095  Train L2 Loss :  0.010540708108246326
Epoch :  358  Epoch time :  3.1543639712035656  Train L2 Loss :  0.010494726736843586
Epoch :  359  Epoch time :  3.110896421596408  Train L2 Loss :  0.010513187089562417
Epoch :  360  Epoch time :  3.099227426573634  Train L2 Loss :  0.010507100394368172
Epoch :  361  Epoch time :  3.099307523109019  Train L2 Loss :  0.010464641480147838
Epoch :  362  Epoch time :  3.0970027465373278  Train L2 Loss :  0.010507207977771759
Epoch :  363  Epoch time :  3.1003078129142523  Train L2 Loss :  0.010475470693409443
Epoch :  364  Epoch time :  3.0997423827648163  Train L2 Loss :  0.010522387726604939
Epoch :  365  Epoch time :  3.098301762714982  Train L2 Loss :  0.010494004875421525
Epoch :  366  Epoch time :  3.108397708274424  Train L2 Loss :  0.010428282330930233
Epoch :  367  Epoch time :  3.106997724622488  Train L2 Loss :  0.01050178692638874
Epoch :  368  Epoch time :  3.1552573442459106  Train L2 Loss :  0.010514662709832192
Epoch :  369  Epoch time :  3.106492143124342  Train L2 Loss :  0.010470137117803096
Epoch :  370  Epoch time :  3.098627895116806  Train L2 Loss :  0.010461056171357631
Epoch :  371  Epoch time :  3.097481520846486  Train L2 Loss :  0.010478123436868192
Epoch :  372  Epoch time :  3.098438896238804  Train L2 Loss :  0.01042453968822956
Epoch :  373  Epoch time :  3.0988621786236763  Train L2 Loss :  0.010412403152883052
Epoch :  374  Epoch time :  3.0995981516316533  Train L2 Loss :  0.010446414774656295
Epoch :  375  Epoch time :  3.101461585611105  Train L2 Loss :  0.010469176098704338
Epoch :  376  Epoch time :  3.1118333488702774  Train L2 Loss :  0.010506382866203786
Epoch :  377  Epoch time :  3.107086369767785  Train L2 Loss :  0.01038140985071659
Epoch :  378  Epoch time :  3.1563226711004972  Train L2 Loss :  0.010418580776453018
Epoch :  379  Epoch time :  3.10612471960485  Train L2 Loss :  0.010425268800556659
Epoch :  380  Epoch time :  3.101987397298217  Train L2 Loss :  0.010496554183959962
Epoch :  381  Epoch time :  3.0996361998841166  Train L2 Loss :  0.010439861957728863
Epoch :  382  Epoch time :  3.098523515276611  Train L2 Loss :  0.010396392145752907
Epoch :  383  Epoch time :  3.1005410412326455  Train L2 Loss :  0.010444609078764915
Epoch :  384  Epoch time :  3.1007696334272623  Train L2 Loss :  0.010413957731425762
Epoch :  385  Epoch time :  3.1025006556883454  Train L2 Loss :  0.010437097992002963
Epoch :  386  Epoch time :  3.114767564460635  Train L2 Loss :  0.010416336569190025
Epoch :  387  Epoch time :  3.121092014014721  Train L2 Loss :  0.010372604621946812
Epoch :  388  Epoch time :  3.1478070886805654  Train L2 Loss :  0.010412545715272427
Epoch :  389  Epoch time :  3.103970216587186  Train L2 Loss :  0.010464747957885266
Epoch :  390  Epoch time :  3.1006350060924888  Train L2 Loss :  0.010360634745657444
Epoch :  391  Epoch time :  3.1000977754592896  Train L2 Loss :  0.01039475663304329
Epoch :  392  Epoch time :  3.0995488725602627  Train L2 Loss :  0.010369662399590016
Epoch :  393  Epoch time :  3.0974912522360682  Train L2 Loss :  0.010404554253816605
Epoch :  394  Epoch time :  3.100365648046136  Train L2 Loss :  0.010378499169647693
Epoch :  395  Epoch time :  3.0997465131804347  Train L2 Loss :  0.0104004262894392
Epoch :  396  Epoch time :  3.1144263418391347  Train L2 Loss :  0.010396393163502216
Epoch :  397  Epoch time :  3.1207865281030536  Train L2 Loss :  0.010394449691474439
Epoch :  398  Epoch time :  3.144931389950216  Train L2 Loss :  0.010422342748939991
Epoch :  399  Epoch time :  3.1037418032065034  Train L2 Loss :  0.010384312197566033
Epoch :  400  Epoch time :  3.1002388186752796  Train L2 Loss :  0.009510271837562322
Epoch :  401  Epoch time :  3.099652915261686  Train L2 Loss :  0.009526981523633004
Epoch :  402  Epoch time :  3.0981836011633277  Train L2 Loss :  0.009534943222999573
Epoch :  403  Epoch time :  3.0993229476734996  Train L2 Loss :  0.009579472865909338
Epoch :  404  Epoch time :  3.096744486130774  Train L2 Loss :  0.009565789026021957
Epoch :  405  Epoch time :  3.0979639487341046  Train L2 Loss :  0.009544123274087907
Epoch :  406  Epoch time :  3.112394859082997  Train L2 Loss :  0.009580895562469958
Epoch :  407  Epoch time :  3.125290783122182  Train L2 Loss :  0.009556492108106614
Epoch :  408  Epoch time :  3.139009941369295  Train L2 Loss :  0.009547719125449657
Epoch :  409  Epoch time :  3.103388755582273  Train L2 Loss :  0.009581569692492485
Epoch :  410  Epoch time :  3.0972540685907006  Train L2 Loss :  0.009546360128372908
Epoch :  411  Epoch time :  3.09885854460299  Train L2 Loss :  0.009550723154097796
Epoch :  412  Epoch time :  3.097894345410168  Train L2 Loss :  0.009548782543838024
Epoch :  413  Epoch time :  3.0962861822918057  Train L2 Loss :  0.009547105431556702
Epoch :  414  Epoch time :  3.098488456569612  Train L2 Loss :  0.0095381906747818
Epoch :  415  Epoch time :  3.098821864463389  Train L2 Loss :  0.00958659058958292
Epoch :  416  Epoch time :  3.1167249688878655  Train L2 Loss :  0.009545839527249337
Epoch :  417  Epoch time :  3.1302004773169756  Train L2 Loss :  0.009545843085646629
Epoch :  418  Epoch time :  3.139984185807407  Train L2 Loss :  0.009555995517969132
Epoch :  419  Epoch time :  3.126863520592451  Train L2 Loss :  0.009523553657531738
Epoch :  420  Epoch time :  3.096812483854592  Train L2 Loss :  0.009544775681942702
Epoch :  421  Epoch time :  3.0972879212349653  Train L2 Loss :  0.009539582633972168
Epoch :  422  Epoch time :  3.095766677521169  Train L2 Loss :  0.009534657514095306
Epoch :  423  Epoch time :  3.0958326142281294  Train L2 Loss :  0.009534063178300857
Epoch :  424  Epoch time :  3.095730397850275  Train L2 Loss :  0.009537496808171272
Epoch :  425  Epoch time :  3.0990178557112813  Train L2 Loss :  0.009539768669009208
Epoch :  426  Epoch time :  3.1139361951500177  Train L2 Loss :  0.009531823979318142
Epoch :  427  Epoch time :  3.136602660641074  Train L2 Loss :  0.009515049082040787
Epoch :  428  Epoch time :  3.114279642701149  Train L2 Loss :  0.009507000052928925
Epoch :  429  Epoch time :  3.096436742693186  Train L2 Loss :  0.009524851699173451
Epoch :  430  Epoch time :  3.1069387225434184  Train L2 Loss :  0.009537824569642544
Epoch :  431  Epoch time :  3.099545080214739  Train L2 Loss :  0.009513088641315698
Epoch :  432  Epoch time :  3.10240236017853  Train L2 Loss :  0.009518142747879028
Epoch :  433  Epoch time :  3.09997723903507  Train L2 Loss :  0.009517865592241288
Epoch :  434  Epoch time :  3.100516602396965  Train L2 Loss :  0.00949462984353304
Epoch :  435  Epoch time :  3.100739653222263  Train L2 Loss :  0.009511175951361656
Epoch :  436  Epoch time :  3.0979531928896904  Train L2 Loss :  0.009509803807735443
Epoch :  437  Epoch time :  3.1311438921839  Train L2 Loss :  0.009513314197957515
Epoch :  438  Epoch time :  3.1294936956837773  Train L2 Loss :  0.009506457351893186
Epoch :  439  Epoch time :  3.105760036036372  Train L2 Loss :  0.009495960538089276
Epoch :  440  Epoch time :  3.150895334780216  Train L2 Loss :  0.00949553625509143
Epoch :  441  Epoch time :  3.097933443263173  Train L2 Loss :  0.009483229614794255
Epoch :  442  Epoch time :  3.1084659807384014  Train L2 Loss :  0.009513433618098498
Epoch :  443  Epoch time :  3.099298703484237  Train L2 Loss :  0.009490600529313088
Epoch :  444  Epoch time :  3.1005061957985163  Train L2 Loss :  0.009480661882460117
Epoch :  445  Epoch time :  3.0976974219083786  Train L2 Loss :  0.00947785233259201
Epoch :  446  Epoch time :  3.098284924402833  Train L2 Loss :  0.00947997209727764
Epoch :  447  Epoch time :  3.097790109924972  Train L2 Loss :  0.009494466227293014
Epoch :  448  Epoch time :  3.096099146641791  Train L2 Loss :  0.009477665875852108
Epoch :  449  Epoch time :  3.097032022662461  Train L2 Loss :  0.009490027032792569
Epoch :  450  Epoch time :  3.1431058291345835  Train L2 Loss :  0.009503245261311532
Epoch :  451  Epoch time :  3.1410988783463836  Train L2 Loss :  0.009494507604092359
Epoch :  452  Epoch time :  3.137776032090187  Train L2 Loss :  0.009473545809090137
Epoch :  453  Epoch time :  3.1113976407796144  Train L2 Loss :  0.009462176585197449
Epoch :  454  Epoch time :  3.1082068160176277  Train L2 Loss :  0.00947402960807085
Epoch :  455  Epoch time :  3.0965600423514843  Train L2 Loss :  0.009490846285223961
Epoch :  456  Epoch time :  3.0986604830250144  Train L2 Loss :  0.009473382125794887
Epoch :  457  Epoch time :  3.0970823178067803  Train L2 Loss :  0.009474698780477048
Epoch :  458  Epoch time :  3.095487686805427  Train L2 Loss :  0.009473342995345593
Epoch :  459  Epoch time :  3.0953163327649236  Train L2 Loss :  0.009473715752363205
Epoch :  460  Epoch time :  3.0966376699507236  Train L2 Loss :  0.00946077959984541
Epoch :  461  Epoch time :  3.0986700635403395  Train L2 Loss :  0.00944699637889862
Epoch :  462  Epoch time :  3.095608456991613  Train L2 Loss :  0.009448627173900605
Epoch :  463  Epoch time :  3.123848145827651  Train L2 Loss :  0.009457666715979576
Epoch :  464  Epoch time :  3.1302044801414013  Train L2 Loss :  0.009460381539165974
Epoch :  465  Epoch time :  3.1234497847035527  Train L2 Loss :  0.009452784572541714
Epoch :  466  Epoch time :  3.0952121187001467  Train L2 Loss :  0.009455574415624142
Epoch :  467  Epoch time :  3.1038443706929684  Train L2 Loss :  0.009463635287433863
Epoch :  468  Epoch time :  3.0982631482183933  Train L2 Loss :  0.00945591991841793
Epoch :  469  Epoch time :  3.095219636335969  Train L2 Loss :  0.009450701059401035
Epoch :  470  Epoch time :  3.0976203130558133  Train L2 Loss :  0.009442091806232929
Epoch :  471  Epoch time :  3.0968320667743683  Train L2 Loss :  0.009437181226909161
Epoch :  472  Epoch time :  3.098897397518158  Train L2 Loss :  0.009442797415703535
Epoch :  473  Epoch time :  3.1013675639405847  Train L2 Loss :  0.009444431763887406
Epoch :  474  Epoch time :  3.0960999419912696  Train L2 Loss :  0.00941593912243843
Epoch :  475  Epoch time :  3.105696087703109  Train L2 Loss :  0.009431820766627788
Epoch :  476  Epoch time :  3.104433797299862  Train L2 Loss :  0.009441174455732107
Epoch :  477  Epoch time :  3.147524361498654  Train L2 Loss :  0.009438080926239491
Epoch :  478  Epoch time :  3.1003891956061125  Train L2 Loss :  0.009426496005058288
Epoch :  479  Epoch time :  3.105598298832774  Train L2 Loss :  0.009433688415586948
Epoch :  480  Epoch time :  3.0986184189096093  Train L2 Loss :  0.009428324397653341
Epoch :  481  Epoch time :  3.0957833863794804  Train L2 Loss :  0.009415141992270946
Epoch :  482  Epoch time :  3.096702435053885  Train L2 Loss :  0.009413557448983192
Epoch :  483  Epoch time :  3.096979551948607  Train L2 Loss :  0.009425775063037873
Epoch :  484  Epoch time :  3.0962539399042726  Train L2 Loss :  0.009411587274074554
Epoch :  485  Epoch time :  3.095650860108435  Train L2 Loss :  0.00941220104545355
Epoch :  486  Epoch time :  3.094381875358522  Train L2 Loss :  0.009421598526835441
Epoch :  487  Epoch time :  3.096857400611043  Train L2 Loss :  0.009404761086404324
Epoch :  488  Epoch time :  3.112138655036688  Train L2 Loss :  0.009405331435799599
Epoch :  489  Epoch time :  3.132905467413366  Train L2 Loss :  0.009412520004063845
Epoch :  490  Epoch time :  3.120516736060381  Train L2 Loss :  0.009428948687016964
Epoch :  491  Epoch time :  3.106376272626221  Train L2 Loss :  0.00940371172875166
Epoch :  492  Epoch time :  3.0946514969691634  Train L2 Loss :  0.009393747959285974
Epoch :  493  Epoch time :  3.101329187862575  Train L2 Loss :  0.009391472268104554
Epoch :  494  Epoch time :  3.0993972327560186  Train L2 Loss :  0.009379729367792607
Epoch :  495  Epoch time :  3.0964039778336883  Train L2 Loss :  0.009396575597673654
Epoch :  496  Epoch time :  3.095083322376013  Train L2 Loss :  0.009409541550278663
Epoch :  497  Epoch time :  3.094681216403842  Train L2 Loss :  0.009388583029806614
Epoch :  498  Epoch time :  3.0975647075101733  Train L2 Loss :  0.009406957517564297
Epoch :  499  Epoch time :  3.0970522426068783  Train L2 Loss :  0.009371868903934955
Epoch :  500  Epoch time :  3.1102985283359885  Train L2 Loss :  0.008987137165665626
Epoch :  501  Epoch time :  3.115859191864729  Train L2 Loss :  0.008970560038089753
Epoch :  502  Epoch time :  3.141370785422623  Train L2 Loss :  0.008993983979523182
Epoch :  503  Epoch time :  3.0974102672189474  Train L2 Loss :  0.008991569206118584
Epoch :  504  Epoch time :  3.108618065714836  Train L2 Loss :  0.008990428906679154
Epoch :  505  Epoch time :  3.1007956145331264  Train L2 Loss :  0.008991976444423198
Epoch :  506  Epoch time :  3.098991352133453  Train L2 Loss :  0.008999032866954804
Epoch :  507  Epoch time :  3.097792588174343  Train L2 Loss :  0.008987104856967926
Epoch :  508  Epoch time :  3.0964740132912993  Train L2 Loss :  0.008989460884779692
Epoch :  509  Epoch time :  3.0992752611637115  Train L2 Loss :  0.008995152124017478
Epoch :  510  Epoch time :  3.0983068868517876  Train L2 Loss :  0.008980956526845694
Epoch :  511  Epoch time :  3.0970465084537864  Train L2 Loss :  0.008992896135151387
Epoch :  512  Epoch time :  3.100581331178546  Train L2 Loss :  0.008978458776324987
Epoch :  513  Epoch time :  3.1111230393871665  Train L2 Loss :  0.008985659354925155
Epoch :  514  Epoch time :  3.1490555498749018  Train L2 Loss :  0.008987310857325792
Epoch :  515  Epoch time :  3.107473451644182  Train L2 Loss :  0.008982157266885043
Epoch :  516  Epoch time :  3.1057396680116653  Train L2 Loss :  0.008974722425639629
Epoch :  517  Epoch time :  3.099680100567639  Train L2 Loss :  0.008978454834967852
Epoch :  518  Epoch time :  3.095789392478764  Train L2 Loss :  0.008979677483439445
Epoch :  519  Epoch time :  3.0982488254085183  Train L2 Loss :  0.00897775830924511
Epoch :  520  Epoch time :  3.097936673089862  Train L2 Loss :  0.00898437672406435
Epoch :  521  Epoch time :  3.097229914739728  Train L2 Loss :  0.008973757138103246
Epoch :  522  Epoch time :  3.1001715743914247  Train L2 Loss :  0.00897938678637147
Epoch :  523  Epoch time :  3.0950270695611835  Train L2 Loss :  0.008983381681889295
Epoch :  524  Epoch time :  3.0984614668413997  Train L2 Loss :  0.008964149725437165
Epoch :  525  Epoch time :  3.1161637511104345  Train L2 Loss :  0.00897807027772069
Epoch :  526  Epoch time :  3.1297721629962325  Train L2 Loss :  0.008957825390249492
Epoch :  527  Epoch time :  3.1252058558166027  Train L2 Loss :  0.008967370066791772
Epoch :  528  Epoch time :  3.0978499995544553  Train L2 Loss :  0.008964999777823687
Epoch :  529  Epoch time :  3.106773636303842  Train L2 Loss :  0.008979184184968472
Epoch :  530  Epoch time :  3.1058570751920342  Train L2 Loss :  0.00896765620931983
Epoch :  531  Epoch time :  3.10112842079252  Train L2 Loss :  0.008965707100182772
Epoch :  532  Epoch time :  3.0979780107736588  Train L2 Loss :  0.008961762101203204
Epoch :  533  Epoch time :  3.0972670698538423  Train L2 Loss :  0.00896059621796012
Epoch :  534  Epoch time :  3.0967184379696846  Train L2 Loss :  0.00897236840799451
Epoch :  535  Epoch time :  3.0977647956460714  Train L2 Loss :  0.008966911221295596
Epoch :  536  Epoch time :  3.098084139637649  Train L2 Loss :  0.008959735123068094
Epoch :  537  Epoch time :  3.1083151334896684  Train L2 Loss :  0.008959926281869411
Epoch :  538  Epoch time :  3.111055251210928  Train L2 Loss :  0.008964843795448542
Epoch :  539  Epoch time :  3.1492964643985033  Train L2 Loss :  0.008949103174358606
Epoch :  540  Epoch time :  3.0998457968235016  Train L2 Loss :  0.00896226501762867
Epoch :  541  Epoch time :  3.1069356594234705  Train L2 Loss :  0.008951424857974052
Epoch :  542  Epoch time :  3.100777924992144  Train L2 Loss :  0.008958996237069368
Epoch :  543  Epoch time :  3.098537211306393  Train L2 Loss :  0.008959420685470103
Epoch :  544  Epoch time :  3.094627782702446  Train L2 Loss :  0.008953955847769975
Epoch :  545  Epoch time :  3.0967951491475105  Train L2 Loss :  0.008959732681512832
Epoch :  546  Epoch time :  3.109015380963683  Train L2 Loss :  0.008953921777009963
Epoch :  547  Epoch time :  3.0981423314660788  Train L2 Loss :  0.008957887371629477
Epoch :  548  Epoch time :  3.0978229204192758  Train L2 Loss :  0.008940083591639995
Epoch :  549  Epoch time :  3.0981865394860506  Train L2 Loss :  0.008952354886382819
Epoch :  550  Epoch time :  3.1141891619190574  Train L2 Loss :  0.008958036808669568
Epoch :  551  Epoch time :  3.143505879677832  Train L2 Loss :  0.008941448786854744
Epoch :  552  Epoch time :  3.114142095670104  Train L2 Loss :  0.008956096700578928
Epoch :  553  Epoch time :  3.1074124770238996  Train L2 Loss :  0.0089417366810143
Epoch :  554  Epoch time :  3.0958134727552533  Train L2 Loss :  0.00894701331332326
Epoch :  555  Epoch time :  3.099010147154331  Train L2 Loss :  0.008951400660723448
Epoch :  556  Epoch time :  3.0997464219108224  Train L2 Loss :  0.008938108061999083
Epoch :  557  Epoch time :  3.097378878854215  Train L2 Loss :  0.008940228302031755
Epoch :  558  Epoch time :  3.0967251965776086  Train L2 Loss :  0.008943675588816404
Epoch :  559  Epoch time :  3.1241491232067347  Train L2 Loss :  0.008945198148488999
Epoch :  560  Epoch time :  3.1188761377707124  Train L2 Loss :  0.008949490174651145
Epoch :  561  Epoch time :  3.098808660171926  Train L2 Loss :  0.008930235520005226
Epoch :  562  Epoch time :  3.1134664230048656  Train L2 Loss :  0.008948773112148046
Epoch :  563  Epoch time :  3.129063768312335  Train L2 Loss :  0.008926335749775171
Epoch :  564  Epoch time :  3.133396988734603  Train L2 Loss :  0.008942064993828535
Epoch :  565  Epoch time :  3.102285733446479  Train L2 Loss :  0.00894430221542716
Epoch :  566  Epoch time :  3.10714369174093  Train L2 Loss :  0.008935767085850239
Epoch :  567  Epoch time :  3.101625567302108  Train L2 Loss :  0.00893296353071928
Epoch :  568  Epoch time :  3.1009197095409036  Train L2 Loss :  0.008928183138370514
Epoch :  569  Epoch time :  3.099811762571335  Train L2 Loss :  0.008936686877906323
Epoch :  570  Epoch time :  3.0987377734854817  Train L2 Loss :  0.008930038048326969
Epoch :  571  Epoch time :  3.100667215883732  Train L2 Loss :  0.008938775436580181
Epoch :  572  Epoch time :  3.173815304413438  Train L2 Loss :  0.008927623544633388
Epoch :  573  Epoch time :  3.1480050412938  Train L2 Loss :  0.008929091672599315
Epoch :  574  Epoch time :  3.107544459402561  Train L2 Loss :  0.008928327952325343
Epoch :  575  Epoch time :  3.1053104382008314  Train L2 Loss :  0.008935145594924688
Epoch :  576  Epoch time :  3.15160249825567  Train L2 Loss :  0.008920839731395245
Epoch :  577  Epoch time :  3.1061057234182954  Train L2 Loss :  0.00892353135123849
Epoch :  578  Epoch time :  3.1059808963909745  Train L2 Loss :  0.008922624120116233
Epoch :  579  Epoch time :  3.1019599931314588  Train L2 Loss :  0.008923020350933075
Epoch :  580  Epoch time :  3.1004533749073744  Train L2 Loss :  0.008923635312169791
Epoch :  581  Epoch time :  3.0998403932899237  Train L2 Loss :  0.008926091949641704
Epoch :  582  Epoch time :  3.1026203501969576  Train L2 Loss :  0.008927032827585935
Epoch :  583  Epoch time :  3.0970550663769245  Train L2 Loss :  0.008923800121247768
Epoch :  584  Epoch time :  3.1002619257196784  Train L2 Loss :  0.008926484602689744
Epoch :  585  Epoch time :  3.101805972866714  Train L2 Loss :  0.008922257847338915
Epoch :  586  Epoch time :  3.0982599053531885  Train L2 Loss :  0.00891476912945509
Epoch :  587  Epoch time :  3.1188362827524543  Train L2 Loss :  0.0089077408015728
Epoch :  588  Epoch time :  3.1381631083786488  Train L2 Loss :  0.008935845041275025
Epoch :  589  Epoch time :  3.122307733632624  Train L2 Loss :  0.008913987140357495
Epoch :  590  Epoch time :  3.112370983697474  Train L2 Loss :  0.008919689279049636
Epoch :  591  Epoch time :  3.0974770365282893  Train L2 Loss :  0.00892141574472189
Epoch :  592  Epoch time :  3.1009078696370125  Train L2 Loss :  0.008911775651574135
Epoch :  593  Epoch time :  3.0984288407489657  Train L2 Loss :  0.008920687534660101
Epoch :  594  Epoch time :  3.0988363390788436  Train L2 Loss :  0.008916340086609124
Epoch :  595  Epoch time :  3.0989750418812037  Train L2 Loss :  0.008915904089063406
Epoch :  596  Epoch time :  3.098626906052232  Train L2 Loss :  0.008909252224117517
Epoch :  597  Epoch time :  3.0974956899881363  Train L2 Loss :  0.008913233388960362
Epoch :  598  Epoch time :  3.0995996333658695  Train L2 Loss :  0.008922206591814757
Epoch :  599  Epoch time :  3.1146961767226458  Train L2 Loss :  0.008905732252448798
Epoch :  600  Epoch time :  3.120213978923857  Train L2 Loss :  0.008704391553997994
Epoch :  601  Epoch time :  3.133455759845674  Train L2 Loss :  0.008697697754204273
Epoch :  602  Epoch time :  3.107272601686418  Train L2 Loss :  0.00870481395572424
Epoch :  603  Epoch time :  3.106586975045502  Train L2 Loss :  0.008702129818499089
Epoch :  604  Epoch time :  3.0998378545045853  Train L2 Loss :  0.008701579985022545
Epoch :  605  Epoch time :  3.099379997700453  Train L2 Loss :  0.008704465126246215
Epoch :  606  Epoch time :  3.0987742925062776  Train L2 Loss :  0.008706795214116573
Epoch :  607  Epoch time :  3.098900486715138  Train L2 Loss :  0.008701515652239323
Epoch :  608  Epoch time :  3.0993533628061414  Train L2 Loss :  0.00870446601882577
Epoch :  609  Epoch time :  3.0981032522395253  Train L2 Loss :  0.008704663472622633
Epoch :  610  Epoch time :  3.0967413978651166  Train L2 Loss :  0.008700945204496383
Epoch :  611  Epoch time :  3.1061873715370893  Train L2 Loss :  0.008701844992488623
Epoch :  612  Epoch time :  3.1096073938533664  Train L2 Loss :  0.008701120157539844
Epoch :  613  Epoch time :  3.143993121571839  Train L2 Loss :  0.008705009787529708
Epoch :  614  Epoch time :  3.11120733153075  Train L2 Loss :  0.008701365416496992
Epoch :  615  Epoch time :  3.1095297895371914  Train L2 Loss :  0.008696367950737477
Epoch :  616  Epoch time :  3.1035467460751534  Train L2 Loss :  0.008701292686909437
Epoch :  617  Epoch time :  3.0958130853250623  Train L2 Loss :  0.008698255695402623
Epoch :  618  Epoch time :  3.1010619588196278  Train L2 Loss :  0.008693154852837325
Epoch :  619  Epoch time :  3.098318874835968  Train L2 Loss :  0.008697805374860763
Epoch :  620  Epoch time :  3.099884705618024  Train L2 Loss :  0.008695762725174427
Epoch :  621  Epoch time :  3.098649569787085  Train L2 Loss :  0.008694997262209654
Epoch :  622  Epoch time :  3.0974898859858513  Train L2 Loss :  0.00869827072173357
Epoch :  623  Epoch time :  3.0968339862301946  Train L2 Loss :  0.008696131281554699
Epoch :  624  Epoch time :  3.113395530730486  Train L2 Loss :  0.008693159485608339
Epoch :  625  Epoch time :  3.133036551065743  Train L2 Loss :  0.008694052755087615
Epoch :  626  Epoch time :  3.1219656774774194  Train L2 Loss :  0.008696659342944621
Epoch :  627  Epoch time :  3.113548433408141  Train L2 Loss :  0.008692542852461339
Epoch :  628  Epoch time :  3.099159304983914  Train L2 Loss :  0.008697858513146639
Epoch :  629  Epoch time :  3.1033517410978675  Train L2 Loss :  0.00869400975331664
Epoch :  630  Epoch time :  3.099090674892068  Train L2 Loss :  0.008689842998981475
Epoch :  631  Epoch time :  3.1011250242590904  Train L2 Loss :  0.008690626475960016
Epoch :  632  Epoch time :  3.097807928919792  Train L2 Loss :  0.00869149867668748
Epoch :  633  Epoch time :  3.097828235477209  Train L2 Loss :  0.008685984916985036
Epoch :  634  Epoch time :  3.097003385424614  Train L2 Loss :  0.008688210711628199
Epoch :  635  Epoch time :  3.098682889714837  Train L2 Loss :  0.008686192735284566
Epoch :  636  Epoch time :  3.109025988727808  Train L2 Loss :  0.008682706841826439
Epoch :  637  Epoch time :  3.1154824439436197  Train L2 Loss :  0.008688849307596683
Epoch :  638  Epoch time :  3.1361298132687807  Train L2 Loss :  0.008682904200255871
Epoch :  639  Epoch time :  3.113001238554716  Train L2 Loss :  0.008681486150622367
Epoch :  640  Epoch time :  3.1070140255615115  Train L2 Loss :  0.008676880840957165
Epoch :  641  Epoch time :  3.1025247564539313  Train L2 Loss :  0.00868086048513651
Epoch :  642  Epoch time :  3.098157417960465  Train L2 Loss :  0.008682390185445548
Epoch :  643  Epoch time :  3.094893985427916  Train L2 Loss :  0.008680282313376666
Epoch :  644  Epoch time :  3.09839797206223  Train L2 Loss :  0.00867777242437005
Epoch :  645  Epoch time :  3.097736893221736  Train L2 Loss :  0.008678372211754323
Epoch :  646  Epoch time :  3.098515381105244  Train L2 Loss :  0.008676128546893596
Epoch :  647  Epoch time :  3.1006669038906693  Train L2 Loss :  0.008676831170916558
Epoch :  648  Epoch time :  3.0957965990528464  Train L2 Loss :  0.008669313172250986
Epoch :  649  Epoch time :  3.1166017651557922  Train L2 Loss :  0.00867775205820799
Epoch :  650  Epoch time :  3.137985504232347  Train L2 Loss :  0.008672622364759444
Epoch :  651  Epoch time :  3.115787140093744  Train L2 Loss :  0.008670554640889169
Epoch :  652  Epoch time :  3.1135594015941024  Train L2 Loss :  0.008671921986341476
Epoch :  653  Epoch time :  3.100591559894383  Train L2 Loss :  0.008669458775222301
Epoch :  654  Epoch time :  3.1008868711069226  Train L2 Loss :  0.008674357872456313
Epoch :  655  Epoch time :  3.100163591094315  Train L2 Loss :  0.008670503897964954
Epoch :  656  Epoch time :  3.1009953236207366  Train L2 Loss :  0.00866634378656745
Epoch :  657  Epoch time :  3.0999603858217597  Train L2 Loss :  0.00866560130417347
Epoch :  658  Epoch time :  3.0980584220960736  Train L2 Loss :  0.008667519336938857
Epoch :  659  Epoch time :  3.098306537605822  Train L2 Loss :  0.008670118317753077
Epoch :  660  Epoch time :  3.1021451856940985  Train L2 Loss :  0.008660217755287886
Epoch :  661  Epoch time :  3.1144028287380934  Train L2 Loss :  0.008664371109753847
Epoch :  662  Epoch time :  3.1242138808593154  Train L2 Loss :  0.008666623681783676
Epoch :  663  Epoch time :  3.1268998915329576  Train L2 Loss :  0.008663583531230689
Epoch :  664  Epoch time :  3.115268809720874  Train L2 Loss :  0.008657205797731876
Epoch :  665  Epoch time :  3.111425068229437  Train L2 Loss :  0.008662711556255817
Epoch :  666  Epoch time :  3.1035157898440957  Train L2 Loss :  0.008663372821360827
Epoch :  667  Epoch time :  3.0998239861801267  Train L2 Loss :  0.008658482836931944
Epoch :  668  Epoch time :  3.100853064097464  Train L2 Loss :  0.008662082834541798
Epoch :  669  Epoch time :  3.100499564781785  Train L2 Loss :  0.008659778202325106
Epoch :  670  Epoch time :  3.100855111144483  Train L2 Loss :  0.008657599020004273
Epoch :  671  Epoch time :  3.1013822574168444  Train L2 Loss :  0.008655427265912294
Epoch :  672  Epoch time :  3.098489550873637  Train L2 Loss :  0.008660349192470312
Epoch :  673  Epoch time :  3.112763692624867  Train L2 Loss :  0.008659323213249444
Epoch :  674  Epoch time :  3.1092555103823543  Train L2 Loss :  0.008654098418354988
Epoch :  675  Epoch time :  3.1443268954753876  Train L2 Loss :  0.008651388174295425
Epoch :  676  Epoch time :  3.116951039992273  Train L2 Loss :  0.008649365913122892
Epoch :  677  Epoch time :  3.11339392978698  Train L2 Loss :  0.008654789471626281
Epoch :  678  Epoch time :  3.104314071126282  Train L2 Loss :  0.00865410972237587
Epoch :  679  Epoch time :  3.0985451359301805  Train L2 Loss :  0.008649078361690045
Epoch :  680  Epoch time :  3.1011810330674052  Train L2 Loss :  0.008651248981803656
Epoch :  681  Epoch time :  3.105243232101202  Train L2 Loss :  0.008653436560183763
Epoch :  682  Epoch time :  3.097112069837749  Train L2 Loss :  0.008651465084403754
Epoch :  683  Epoch time :  3.1019127052277327  Train L2 Loss :  0.00865148586705327
Epoch :  684  Epoch time :  3.098409565165639  Train L2 Loss :  0.008647112168371678
Epoch :  685  Epoch time :  3.0971047738566995  Train L2 Loss :  0.008649883074313401
Epoch :  686  Epoch time :  3.119694051332772  Train L2 Loss :  0.008650992699712515
Epoch :  687  Epoch time :  3.130752799101174  Train L2 Loss :  0.0086425351023674
Epoch :  688  Epoch time :  3.1218384820967913  Train L2 Loss :  0.008644612707197666
Epoch :  689  Epoch time :  3.119839707389474  Train L2 Loss :  0.008650019969791175
Epoch :  690  Epoch time :  3.0953775253146887  Train L2 Loss :  0.008645117312669754
Epoch :  691  Epoch time :  3.1020922120660543  Train L2 Loss :  0.00864809312224388
Epoch :  692  Epoch time :  3.0996762234717607  Train L2 Loss :  0.008646194963157177
Epoch :  693  Epoch time :  3.1004262333735824  Train L2 Loss :  0.0086456146158278
Epoch :  694  Epoch time :  3.0994261438027024  Train L2 Loss :  0.008647612094134092
Epoch :  695  Epoch time :  3.0972041627392173  Train L2 Loss :  0.008646740049123764
Epoch :  696  Epoch time :  3.0980674792081118  Train L2 Loss :  0.008649894535541535
Epoch :  697  Epoch time :  3.0987041564658284  Train L2 Loss :  0.008646893149614334
Epoch :  698  Epoch time :  3.110632535070181  Train L2 Loss :  0.008640509179234505
Epoch :  699  Epoch time :  3.117955260910094  Train L2 Loss :  0.008645422272384167
Epoch :  700  Epoch time :  3.12787480186671  Train L2 Loss :  0.008534298679232598
Epoch :  701  Epoch time :  3.115749005228281  Train L2 Loss :  0.008536046820133925
Epoch :  702  Epoch time :  3.1086038053035736  Train L2 Loss :  0.008534105374664069
Epoch :  703  Epoch time :  3.0995952328667045  Train L2 Loss :  0.00853236567005515
Epoch :  704  Epoch time :  3.098631566390395  Train L2 Loss :  0.00853351930975914
Epoch :  705  Epoch time :  3.0994039522483945  Train L2 Loss :  0.008534935496002436
Epoch :  706  Epoch time :  3.0972667625173926  Train L2 Loss :  0.008532987466454506
Epoch :  707  Epoch time :  3.1004575230181217  Train L2 Loss :  0.008532931826263666
Epoch :  708  Epoch time :  3.097759263589978  Train L2 Loss :  0.008533867180347442
Epoch :  709  Epoch time :  3.0977920666337013  Train L2 Loss :  0.008531820330023766
Epoch :  710  Epoch time :  3.095649229362607  Train L2 Loss :  0.008531991104781627
Epoch :  711  Epoch time :  3.115120854228735  Train L2 Loss :  0.00852922691181302
Epoch :  712  Epoch time :  3.135310965590179  Train L2 Loss :  0.008532242612540722
Epoch :  713  Epoch time :  3.118233767338097  Train L2 Loss :  0.00853360208272934
Epoch :  714  Epoch time :  3.1164586767554283  Train L2 Loss :  0.008533001753687859
Epoch :  715  Epoch time :  3.10334927495569  Train L2 Loss :  0.008531241050362588
Epoch :  716  Epoch time :  3.097335054539144  Train L2 Loss :  0.008533054438233375
Epoch :  717  Epoch time :  3.098651667125523  Train L2 Loss :  0.00852839249521494
Epoch :  718  Epoch time :  3.097669686190784  Train L2 Loss :  0.008530387330800296
Epoch :  719  Epoch time :  3.1024877037853003  Train L2 Loss :  0.00853338451758027
Epoch :  720  Epoch time :  3.0983752980828285  Train L2 Loss :  0.008530634509027005
Epoch :  721  Epoch time :  3.0977754732593894  Train L2 Loss :  0.008529986028373241
Epoch :  722  Epoch time :  3.100715208798647  Train L2 Loss :  0.008530954646319151
Epoch :  723  Epoch time :  3.1129607437178493  Train L2 Loss :  0.00852984292730689
Epoch :  724  Epoch time :  3.1226187190040946  Train L2 Loss :  0.008529127766937018
Epoch :  725  Epoch time :  3.126552937552333  Train L2 Loss :  0.00853070782199502
Epoch :  726  Epoch time :  3.116225654259324  Train L2 Loss :  0.0085267526358366
Epoch :  727  Epoch time :  3.10990543756634  Train L2 Loss :  0.00852566324621439
Epoch :  728  Epoch time :  3.102703008800745  Train L2 Loss :  0.00852902709916234
Epoch :  729  Epoch time :  3.1013201205059886  Train L2 Loss :  0.008526388425379991
Epoch :  730  Epoch time :  3.102670917287469  Train L2 Loss :  0.008525176043063402
Epoch :  731  Epoch time :  3.0995840206742287  Train L2 Loss :  0.008529411584883928
Epoch :  732  Epoch time :  3.100738378241658  Train L2 Loss :  0.008524449487030506
Epoch :  733  Epoch time :  3.1003094920888543  Train L2 Loss :  0.008524442575126887
Epoch :  734  Epoch time :  3.1012973561882973  Train L2 Loss :  0.008526871774345636
Epoch :  735  Epoch time :  3.1091252099722624  Train L2 Loss :  0.008523211021721364
Epoch :  736  Epoch time :  3.1096378499642015  Train L2 Loss :  0.008523540627211333
Epoch :  737  Epoch time :  3.13919170293957  Train L2 Loss :  0.008527959597855806
Epoch :  738  Epoch time :  3.1222287006676197  Train L2 Loss :  0.008525971408188343
Epoch :  739  Epoch time :  3.1166860377416015  Train L2 Loss :  0.008526511011272669
Epoch :  740  Epoch time :  3.1019991794601083  Train L2 Loss :  0.008522134632617235
Epoch :  741  Epoch time :  3.100610059686005  Train L2 Loss :  0.008521701493859292
Epoch :  742  Epoch time :  3.101721982471645  Train L2 Loss :  0.008524691101163625
Epoch :  743  Epoch time :  3.1005510753020644  Train L2 Loss :  0.00852078656926751
Epoch :  744  Epoch time :  3.1015962939709425  Train L2 Loss :  0.008522950416058302
Epoch :  745  Epoch time :  3.09984786901623  Train L2 Loss :  0.008519459692388773
Epoch :  746  Epoch time :  3.1000214843079448  Train L2 Loss :  0.008519661181420089
Epoch :  747  Epoch time :  3.0996777079999447  Train L2 Loss :  0.008521100641787053
Epoch :  748  Epoch time :  3.115678953938186  Train L2 Loss :  0.008520560590177775
Epoch :  749  Epoch time :  3.1293717082589865  Train L2 Loss :  0.008519112673401833
Epoch :  750  Epoch time :  3.1223320765420794  Train L2 Loss :  0.008521255053579807
Epoch :  751  Epoch time :  3.125967717729509  Train L2 Loss :  0.00851794783771038
Epoch :  752  Epoch time :  3.0993706937879324  Train L2 Loss :  0.008519841848313808
Epoch :  753  Epoch time :  3.1029960978776217  Train L2 Loss :  0.008514896943420171
Epoch :  754  Epoch time :  3.103236449882388  Train L2 Loss :  0.008515271327644586
Epoch :  755  Epoch time :  3.0990874618291855  Train L2 Loss :  0.008519022426009179
Epoch :  756  Epoch time :  3.1013400312513113  Train L2 Loss :  0.008515167224407197
Epoch :  757  Epoch time :  3.099123611114919  Train L2 Loss :  0.008515856493264437
Epoch :  758  Epoch time :  3.1011104714125395  Train L2 Loss :  0.00851738723218441
Epoch :  759  Epoch time :  3.1930382680147886  Train L2 Loss :  0.008511159861832858
Epoch :  760  Epoch time :  3.1595212081447244  Train L2 Loss :  0.008516113366931677
Epoch :  761  Epoch time :  3.1189987398684025  Train L2 Loss :  0.00851281901448965
Epoch :  762  Epoch time :  3.128550077788532  Train L2 Loss :  0.008512354491651058
Epoch :  763  Epoch time :  3.126618718728423  Train L2 Loss :  0.008509561707824468
Epoch :  764  Epoch time :  3.112295301631093  Train L2 Loss :  0.008511423171311617
Epoch :  765  Epoch time :  3.102682684548199  Train L2 Loss :  0.008508667574077845
Epoch :  766  Epoch time :  3.1019922625273466  Train L2 Loss :  0.008514643573760985
Epoch :  767  Epoch time :  3.09835597127676  Train L2 Loss :  0.00850903960764408
Epoch :  768  Epoch time :  3.100945702753961  Train L2 Loss :  0.008510185615718365
Epoch :  769  Epoch time :  3.1007637763395905  Train L2 Loss :  0.008505991003662347
Epoch :  770  Epoch time :  3.1015580287203193  Train L2 Loss :  0.008509147688746452
Epoch :  771  Epoch time :  3.0992909809574485  Train L2 Loss :  0.008506803127378225
Epoch :  772  Epoch time :  3.0991421658545732  Train L2 Loss :  0.008510355240106583
Epoch :  773  Epoch time :  3.11791988927871  Train L2 Loss :  0.008504711835086345
Epoch :  774  Epoch time :  3.13235707487911  Train L2 Loss :  0.008506700034439563
Epoch :  775  Epoch time :  3.121479052118957  Train L2 Loss :  0.00850291703864932
Epoch :  776  Epoch time :  3.1207906417548656  Train L2 Loss :  0.00850582816824317
Epoch :  777  Epoch time :  3.099095616489649  Train L2 Loss :  0.008503904096782207
Epoch :  778  Epoch time :  3.1039097253233194  Train L2 Loss :  0.008500936214625835
Epoch :  779  Epoch time :  3.1026782440021634  Train L2 Loss :  0.008501147052645684
Epoch :  780  Epoch time :  3.098851007409394  Train L2 Loss :  0.008501871471107005
Epoch :  781  Epoch time :  3.105917241424322  Train L2 Loss :  0.008500861231982708
Epoch :  782  Epoch time :  3.1011873325333  Train L2 Loss :  0.008498917140811682
Epoch :  783  Epoch time :  3.09854394197464  Train L2 Loss :  0.008497810377180576
Epoch :  784  Epoch time :  3.0989893581718206  Train L2 Loss :  0.008499456792324781
Epoch :  785  Epoch time :  3.113847618922591  Train L2 Loss :  0.008494544015824794
Epoch :  786  Epoch time :  3.1198576036840677  Train L2 Loss :  0.008498379372805356
Epoch :  787  Epoch time :  3.1202210150659084  Train L2 Loss :  0.008497684546560049
Epoch :  788  Epoch time :  3.12469226308167  Train L2 Loss :  0.008493683487921953
Epoch :  789  Epoch time :  3.1088689025491476  Train L2 Loss :  0.0084942686624825
Epoch :  790  Epoch time :  3.1009672712534666  Train L2 Loss :  0.00849308044463396
Epoch :  791  Epoch time :  3.0979626402258873  Train L2 Loss :  0.008493484434485436
Epoch :  792  Epoch time :  3.100241467356682  Train L2 Loss :  0.00849010969698429
Epoch :  793  Epoch time :  3.0983174797147512  Train L2 Loss :  0.00849261973053217
Epoch :  794  Epoch time :  3.0973771763965487  Train L2 Loss :  0.008493770655244589
Epoch :  795  Epoch time :  3.0989065999165177  Train L2 Loss :  0.008491975190490485
Epoch :  796  Epoch time :  3.0983454110100865  Train L2 Loss :  0.008490481205284596
Epoch :  797  Epoch time :  3.1140147168189287  Train L2 Loss :  0.008487024573981762
Epoch :  798  Epoch time :  3.1208968739956617  Train L2 Loss :  0.008489346566051244
Epoch :  799  Epoch time :  3.1211790423840284  Train L2 Loss :  0.008487269765138626
Epoch :  800  Epoch time :  3.13037783652544  Train L2 Loss :  0.008430182984471322
Epoch :  801  Epoch time :  3.1001231763511896  Train L2 Loss :  0.008428723772615195
Epoch :  802  Epoch time :  3.102199101820588  Train L2 Loss :  0.008428317800909281
Epoch :  803  Epoch time :  3.1033600298687816  Train L2 Loss :  0.008426680024713277
Epoch :  804  Epoch time :  3.102911819703877  Train L2 Loss :  0.008428097131848335
Epoch :  805  Epoch time :  3.099182242527604  Train L2 Loss :  0.008426938123255968
Epoch :  806  Epoch time :  3.1022405894473195  Train L2 Loss :  0.00842821270748973
Epoch :  807  Epoch time :  3.0999997071921825  Train L2 Loss :  0.008426678287237883
Epoch :  808  Epoch time :  3.1043691653758287  Train L2 Loss :  0.008424071564525366
Epoch :  809  Epoch time :  3.1189916087314487  Train L2 Loss :  0.00842577492520213
Epoch :  810  Epoch time :  3.1277726385742426  Train L2 Loss :  0.008425365330278873
Epoch :  811  Epoch time :  3.1269471310079098  Train L2 Loss :  0.008424739068746566
Epoch :  812  Epoch time :  3.128899029456079  Train L2 Loss :  0.008424483974277973
Epoch :  813  Epoch time :  3.1009525945410132  Train L2 Loss :  0.008424609229713678
Epoch :  814  Epoch time :  3.106043309904635  Train L2 Loss :  0.008423848576843739
Epoch :  815  Epoch time :  3.104831913486123  Train L2 Loss :  0.00842286659553647
Epoch :  816  Epoch time :  3.1067793276160955  Train L2 Loss :  0.00842139287814498
Epoch :  817  Epoch time :  3.1017153756693006  Train L2 Loss :  0.008421454618871211
Epoch :  818  Epoch time :  3.1017556618899107  Train L2 Loss :  0.008422025129199028
Epoch :  819  Epoch time :  3.103758357465267  Train L2 Loss :  0.008420111704617738
Epoch :  820  Epoch time :  3.1009208066388965  Train L2 Loss :  0.008419771412014962
Epoch :  821  Epoch time :  3.1265939120203257  Train L2 Loss :  0.008418702483922243
Epoch :  822  Epoch time :  3.1300265369936824  Train L2 Loss :  0.008418952034413814
Epoch :  823  Epoch time :  3.1234776992350817  Train L2 Loss :  0.00842047762274742
Epoch :  824  Epoch time :  3.122474824078381  Train L2 Loss :  0.008418564615398645
Epoch :  825  Epoch time :  3.105487486347556  Train L2 Loss :  0.008418068677186965
Epoch :  826  Epoch time :  3.0992141691967845  Train L2 Loss :  0.008417519518733025
Epoch :  827  Epoch time :  3.1002071080729365  Train L2 Loss :  0.008418496948480606
Epoch :  828  Epoch time :  3.1038103830069304  Train L2 Loss :  0.008415214382112027
Epoch :  829  Epoch time :  3.1014217799529433  Train L2 Loss :  0.00841477752327919
Epoch :  830  Epoch time :  3.102227224037051  Train L2 Loss :  0.008415205353498458
Epoch :  831  Epoch time :  3.1009099474176764  Train L2 Loss :  0.00841512201577425
Epoch :  832  Epoch time :  3.1087507093325257  Train L2 Loss :  0.008414142347872256
Epoch :  833  Epoch time :  3.10927561763674  Train L2 Loss :  0.008414224617928267
Epoch :  834  Epoch time :  3.134256100282073  Train L2 Loss :  0.00841425480619073
Epoch :  835  Epoch time :  3.1278326231986284  Train L2 Loss :  0.008412608232349158
Epoch :  836  Epoch time :  3.1173659777268767  Train L2 Loss :  0.008412700279802085
Epoch :  837  Epoch time :  3.104206490330398  Train L2 Loss :  0.008410287042707205
Epoch :  838  Epoch time :  3.1008914578706026  Train L2 Loss :  0.008410896877199411
Epoch :  839  Epoch time :  3.0967860156670213  Train L2 Loss :  0.008409381971508265
Epoch :  840  Epoch time :  3.102043703198433  Train L2 Loss :  0.008409872253239154
Epoch :  841  Epoch time :  3.098111324943602  Train L2 Loss :  0.008409204390645027
Epoch :  842  Epoch time :  3.0998384756967425  Train L2 Loss :  0.008407780242711306
Epoch :  843  Epoch time :  3.099920161999762  Train L2 Loss :  0.008408370639383793
Epoch :  844  Epoch time :  3.1127781374379992  Train L2 Loss :  0.008407990356534719
Epoch :  845  Epoch time :  3.1169020608067513  Train L2 Loss :  0.008406076930463314
Epoch :  846  Epoch time :  3.117257113568485  Train L2 Loss :  0.008406684465706348
Epoch :  847  Epoch time :  3.133140118792653  Train L2 Loss :  0.008404547829926013
Epoch :  848  Epoch time :  3.110073304735124  Train L2 Loss :  0.00840330163538456
Epoch :  849  Epoch time :  3.1689308369532228  Train L2 Loss :  0.008403052792698144
Epoch :  850  Epoch time :  3.1028166953474283  Train L2 Loss :  0.008403439819067717
Epoch :  851  Epoch time :  3.0986425140872598  Train L2 Loss :  0.008400984379649163
Epoch :  852  Epoch time :  3.098174403421581  Train L2 Loss :  0.008401642793416977
Epoch :  853  Epoch time :  3.0966361137107015  Train L2 Loss :  0.008399670977145434
Epoch :  854  Epoch time :  3.096923070959747  Train L2 Loss :  0.008399231765419245
Epoch :  855  Epoch time :  3.1047622319310904  Train L2 Loss :  0.008397646475583316
Epoch :  856  Epoch time :  3.1132225058972836  Train L2 Loss :  0.008397078824043273
Epoch :  857  Epoch time :  3.1205787966027856  Train L2 Loss :  0.00839756167680025
Epoch :  858  Epoch time :  3.1286695012822747  Train L2 Loss :  0.008397974210977554
Epoch :  859  Epoch time :  3.131156522780657  Train L2 Loss :  0.008395247969031334
Epoch :  860  Epoch time :  3.1037462232634425  Train L2 Loss :  0.008394740966707469
Epoch :  861  Epoch time :  3.101012421771884  Train L2 Loss :  0.008393192790448666
Epoch :  862  Epoch time :  3.099765595048666  Train L2 Loss :  0.008392089678347111
Epoch :  863  Epoch time :  3.100103324279189  Train L2 Loss :  0.008393325790017843
Epoch :  864  Epoch time :  3.0992449950426817  Train L2 Loss :  0.008391401728242636
Epoch :  865  Epoch time :  3.098309407941997  Train L2 Loss :  0.008392440889030696
Epoch :  866  Epoch time :  3.098208162933588  Train L2 Loss :  0.008388671392202377
Epoch :  867  Epoch time :  3.1150259925052524  Train L2 Loss :  0.008388937449455262
Epoch :  868  Epoch time :  3.1243127305060625  Train L2 Loss :  0.00838745989575982
Epoch :  869  Epoch time :  3.13209876883775  Train L2 Loss :  0.008387741190195084
Epoch :  870  Epoch time :  3.119036936201155  Train L2 Loss :  0.008386657732725143
Epoch :  871  Epoch time :  3.098648832179606  Train L2 Loss :  0.008384352631121875
Epoch :  872  Epoch time :  3.0971036730334163  Train L2 Loss :  0.008385269951820373
Epoch :  873  Epoch time :  3.0963820423930883  Train L2 Loss :  0.008384716321527957
Epoch :  874  Epoch time :  3.098830135539174  Train L2 Loss :  0.008384129307419061
Epoch :  875  Epoch time :  3.1010435167700052  Train L2 Loss :  0.008381942346692085
Epoch :  876  Epoch time :  3.1018267907202244  Train L2 Loss :  0.008381900049746037
Epoch :  877  Epoch time :  3.1085966993123293  Train L2 Loss :  0.008379513718932866
Epoch :  878  Epoch time :  3.1223213905468583  Train L2 Loss :  0.008379411421716214
Epoch :  879  Epoch time :  3.1188192907720804  Train L2 Loss :  0.008377398876845837
Epoch :  880  Epoch time :  3.1412936812266707  Train L2 Loss :  0.008378033941984176
Epoch :  881  Epoch time :  3.1117432732135057  Train L2 Loss :  0.008375918619334698
Epoch :  882  Epoch time :  3.1016345731914043  Train L2 Loss :  0.008375649539381266
Epoch :  883  Epoch time :  3.0997873079031706  Train L2 Loss :  0.008374312433600426
Epoch :  884  Epoch time :  3.1006134701892734  Train L2 Loss :  0.00837243470326066
Epoch :  885  Epoch time :  3.100311336107552  Train L2 Loss :  0.008373302959650756
Epoch :  886  Epoch time :  3.1020799363031983  Train L2 Loss :  0.008371690629422664
Epoch :  887  Epoch time :  3.101279000751674  Train L2 Loss :  0.00837154674679041
Epoch :  888  Epoch time :  3.1154680093750358  Train L2 Loss :  0.008369282495230437
Epoch :  889  Epoch time :  3.1257436089217663  Train L2 Loss :  0.008368242994695902
Epoch :  890  Epoch time :  3.1314780469983816  Train L2 Loss :  0.008367557832598686
Epoch :  891  Epoch time :  3.1310885213315487  Train L2 Loss :  0.008367390473932028
Epoch :  892  Epoch time :  3.1052404642105103  Train L2 Loss :  0.008364867985993623
Epoch :  893  Epoch time :  3.103158712387085  Train L2 Loss :  0.008365142103284597
Epoch :  894  Epoch time :  3.103627043776214  Train L2 Loss :  0.008363861476629972
Epoch :  895  Epoch time :  3.1031467905268073  Train L2 Loss :  0.008362812259048223
Epoch :  896  Epoch time :  3.1016948549076915  Train L2 Loss :  0.008362642949074506
Epoch :  897  Epoch time :  3.102010459639132  Train L2 Loss :  0.008359476169198752
Epoch :  898  Epoch time :  3.104446933604777  Train L2 Loss :  0.008358167903870345
Epoch :  899  Epoch time :  3.12101739179343  Train L2 Loss :  0.008358626662194729
Epoch :  900  Epoch time :  3.127155814319849  Train L2 Loss :  0.008328333121538162
Epoch :  901  Epoch time :  3.134624669328332  Train L2 Loss :  0.008326786381751298
Epoch :  902  Epoch time :  3.1219798466190696  Train L2 Loss :  0.008327014937996865
Epoch :  903  Epoch time :  3.101627473719418  Train L2 Loss :  0.00832677135616541
Epoch :  904  Epoch time :  3.098441991955042  Train L2 Loss :  0.008326045152544976
Epoch :  905  Epoch time :  3.101331042125821  Train L2 Loss :  0.008324849236011506
Epoch :  906  Epoch time :  3.1002005198970437  Train L2 Loss :  0.008324372082203626
Epoch :  907  Epoch time :  3.1028539426624775  Train L2 Loss :  0.008323400588333607
Epoch :  908  Epoch time :  3.1031084889546037  Train L2 Loss :  0.008323928035795689
Epoch :  909  Epoch time :  3.111261741258204  Train L2 Loss :  0.008323393806815148
Epoch :  910  Epoch time :  3.1141333114355803  Train L2 Loss :  0.008321806689351797
Epoch :  911  Epoch time :  3.1199832828715444  Train L2 Loss :  0.00832166997268796
Epoch :  912  Epoch time :  3.14370050188154  Train L2 Loss :  0.008320685562491418
Epoch :  913  Epoch time :  3.110475657507777  Train L2 Loss :  0.00832076499313116
Epoch :  914  Epoch time :  3.100605239160359  Train L2 Loss :  0.008320024612545968
Epoch :  915  Epoch time :  3.102775980718434  Train L2 Loss :  0.008319487703591585
Epoch :  916  Epoch time :  3.1012104591354728  Train L2 Loss :  0.008318751601874829
Epoch :  917  Epoch time :  3.1006989954039454  Train L2 Loss :  0.008317906727641822
Epoch :  918  Epoch time :  3.097924631088972  Train L2 Loss :  0.008317870628088713
Epoch :  919  Epoch time :  3.097915256395936  Train L2 Loss :  0.00831732894256711
Epoch :  920  Epoch time :  3.1156975040212274  Train L2 Loss :  0.008316882131993771
Epoch :  921  Epoch time :  3.1165618216618896  Train L2 Loss :  0.008316274973750114
Epoch :  922  Epoch time :  3.1292609330266714  Train L2 Loss :  0.008316542391479016
Epoch :  923  Epoch time :  3.12584628816694  Train L2 Loss :  0.008315477204322816
Epoch :  924  Epoch time :  3.1028621587902308  Train L2 Loss :  0.00831488099321723
Epoch :  925  Epoch time :  3.099776228889823  Train L2 Loss :  0.008314478375017644
Epoch :  926  Epoch time :  3.0981099735945463  Train L2 Loss :  0.008313447188585997
Epoch :  927  Epoch time :  3.0978755801916122  Train L2 Loss :  0.008313287028670312
Epoch :  928  Epoch time :  3.0997512880712748  Train L2 Loss :  0.008312830477952957
Epoch :  929  Epoch time :  3.099210404790938  Train L2 Loss :  0.00831194268465042
Epoch :  930  Epoch time :  3.097297959960997  Train L2 Loss :  0.008311773279309273
Epoch :  931  Epoch time :  3.1164496019482613  Train L2 Loss :  0.008310484040528535
Epoch :  932  Epoch time :  3.1200932068750262  Train L2 Loss :  0.00831065221503377
Epoch :  933  Epoch time :  3.1363786375150084  Train L2 Loss :  0.008308971043676137
Epoch :  934  Epoch time :  3.1221354231238365  Train L2 Loss :  0.008308642925322057
Epoch :  935  Epoch time :  3.0989641584455967  Train L2 Loss :  0.008309149730950594
Epoch :  936  Epoch time :  3.0969562474638224  Train L2 Loss :  0.008308230847120285
Epoch :  937  Epoch time :  3.0972140915691853  Train L2 Loss :  0.008306992986053228
Epoch :  938  Epoch time :  3.0968379862606525  Train L2 Loss :  0.00830709019228816
Epoch :  939  Epoch time :  3.0977309308946133  Train L2 Loss :  0.008307194481790067
Epoch :  940  Epoch time :  3.0977228255942464  Train L2 Loss :  0.008305969732999801
Epoch :  941  Epoch time :  3.108581244945526  Train L2 Loss :  0.008305066456645728
Epoch :  942  Epoch time :  3.111141645349562  Train L2 Loss :  0.008304546185582877
Epoch :  943  Epoch time :  3.112973432056606  Train L2 Loss :  0.00830404567271471
Epoch :  944  Epoch time :  3.1461087949573994  Train L2 Loss :  0.008303874978423118
Epoch :  945  Epoch time :  3.1079213339835405  Train L2 Loss :  0.008302829989790917
Epoch :  946  Epoch time :  3.104551849886775  Train L2 Loss :  0.008303219264745712
Epoch :  947  Epoch time :  3.096931525506079  Train L2 Loss :  0.008302150105684995
Epoch :  948  Epoch time :  3.0976031813770533  Train L2 Loss :  0.008301338577270508
Epoch :  949  Epoch time :  3.1011202167719603  Train L2 Loss :  0.008300344153493643
Epoch :  950  Epoch time :  3.1012504156678915  Train L2 Loss :  0.008300019052624702
Epoch :  951  Epoch time :  3.1020416701212525  Train L2 Loss :  0.008300368656218051
Epoch :  952  Epoch time :  3.1168113937601447  Train L2 Loss :  0.008299929594993592
Epoch :  953  Epoch time :  3.1186287133023143  Train L2 Loss :  0.008299014844745397
Epoch :  954  Epoch time :  3.129784792661667  Train L2 Loss :  0.008297306759655475
Epoch :  955  Epoch time :  3.134900954551995  Train L2 Loss :  0.008297379563748836
Epoch :  956  Epoch time :  3.0999601799994707  Train L2 Loss :  0.008298133953660726
Epoch :  957  Epoch time :  3.1008978188037872  Train L2 Loss :  0.008296282579749823
Epoch :  958  Epoch time :  3.10066594555974  Train L2 Loss :  0.008296333120018243
Epoch :  959  Epoch time :  3.1000858256593347  Train L2 Loss :  0.008294681049883366
Epoch :  960  Epoch time :  3.100085260346532  Train L2 Loss :  0.008294346125423908
Epoch :  961  Epoch time :  3.0982660055160522  Train L2 Loss :  0.008294193145632744
Epoch :  962  Epoch time :  3.097128838300705  Train L2 Loss :  0.008292950844019651
Epoch :  963  Epoch time :  3.1205621296539903  Train L2 Loss :  0.008293202348053455
Epoch :  964  Epoch time :  3.119564804248512  Train L2 Loss :  0.008291948536038398
Epoch :  965  Epoch time :  3.1412960924208164  Train L2 Loss :  0.008291695705801249
Epoch :  966  Epoch time :  3.120816190727055  Train L2 Loss :  0.00829134827107191
Epoch :  967  Epoch time :  3.101480928249657  Train L2 Loss :  0.008290441235154867
Epoch :  968  Epoch time :  3.098679343238473  Train L2 Loss :  0.00829039247110486
Epoch :  969  Epoch time :  3.096740604378283  Train L2 Loss :  0.008289549766480922
Epoch :  970  Epoch time :  3.0998326102271676  Train L2 Loss :  0.008288829827308655
Epoch :  971  Epoch time :  3.098792406730354  Train L2 Loss :  0.008288006039708853
Epoch :  972  Epoch time :  3.099773082882166  Train L2 Loss :  0.008287446489930152
Epoch :  973  Epoch time :  3.113635898567736  Train L2 Loss :  0.008287222751975059
Epoch :  974  Epoch time :  3.1139426678419113  Train L2 Loss :  0.008286609998345375
Epoch :  975  Epoch time :  3.110873089171946  Train L2 Loss :  0.008286591772735118
Epoch :  976  Epoch time :  3.1439610542729497  Train L2 Loss :  0.008285809600353241
Epoch :  977  Epoch time :  3.10911853145808  Train L2 Loss :  0.008284769474714994
Epoch :  978  Epoch time :  3.1038092551752925  Train L2 Loss :  0.008284415014833213
Epoch :  979  Epoch time :  3.1002883184701204  Train L2 Loss :  0.008284706213325261
Epoch :  980  Epoch time :  3.101971303112805  Train L2 Loss :  0.008283224492520095
Epoch :  981  Epoch time :  3.100302793085575  Train L2 Loss :  0.008282395385950804
Epoch :  982  Epoch time :  3.1006209645420313  Train L2 Loss :  0.008282674553990364
Epoch :  983  Epoch time :  3.100097415037453  Train L2 Loss :  0.008282454961538314
Epoch :  984  Epoch time :  3.1022717943415046  Train L2 Loss :  0.008280580022931099
Epoch :  985  Epoch time :  3.1219031820073724  Train L2 Loss :  0.008279987797886133
Epoch :  986  Epoch time :  3.11561834346503  Train L2 Loss :  0.008279922103881836
Epoch :  987  Epoch time :  3.1201671781018376  Train L2 Loss :  0.008279161234945058
Epoch :  988  Epoch time :  3.144547306932509  Train L2 Loss :  0.00827776386514306
Epoch :  989  Epoch time :  3.102093773894012  Train L2 Loss :  0.008278238358348608
Epoch :  990  Epoch time :  3.1043867534026504  Train L2 Loss :  0.008277136150747537
Epoch :  991  Epoch time :  3.1018436336889863  Train L2 Loss :  0.008276304458081722
Epoch :  992  Epoch time :  3.10272531863302  Train L2 Loss :  0.00827707723751664
Epoch :  993  Epoch time :  3.104826768860221  Train L2 Loss :  0.008275867138803005
Epoch :  994  Epoch time :  3.102254167199135  Train L2 Loss :  0.008275892244279385
Epoch :  995  Epoch time :  3.1006954023614526  Train L2 Loss :  0.008274558612704278
Epoch :  996  Epoch time :  3.100904573686421  Train L2 Loss :  0.00827542279958725
Epoch :  997  Epoch time :  3.1171951638534665  Train L2 Loss :  0.008273168095946313
Epoch :  998  Epoch time :  3.1181176966056228  Train L2 Loss :  0.008273055452853442
Epoch :  999  Epoch time :  3.124667316675186  Train L2 Loss :  0.00827257664874196
Total time is : 3105.59108951129 Total epoch is  1000
