Energy is  1.0547118733938987e-14
Input dim :  128  output dim :  4096
99457
Epoch :  0  Epoch time :  2.656358391046524  Train L2 Loss :  3.2676111698150634
Epoch :  1  Epoch time :  2.469293160364032  Train L2 Loss :  1.2339948145866395
Epoch :  2  Epoch time :  2.469637168571353  Train L2 Loss :  0.7307525013923645
Epoch :  3  Epoch time :  2.4782250793650746  Train L2 Loss :  0.5272293075561524
Epoch :  4  Epoch time :  2.4880524203181267  Train L2 Loss :  0.45565155334472657
Epoch :  5  Epoch time :  2.4846263267099857  Train L2 Loss :  0.4138986838340759
Epoch :  6  Epoch time :  2.4928729254752398  Train L2 Loss :  0.3830746896266937
Epoch :  7  Epoch time :  2.490525004453957  Train L2 Loss :  0.3442357354640961
Epoch :  8  Epoch time :  2.492018010467291  Train L2 Loss :  0.304130681848526
Epoch :  9  Epoch time :  2.4940844252705574  Train L2 Loss :  0.2859740155696869
Epoch :  10  Epoch time :  2.4942370178177953  Train L2 Loss :  0.2577511119365692
Epoch :  11  Epoch time :  2.498410585336387  Train L2 Loss :  0.23029694647789
Epoch :  12  Epoch time :  2.4987785844132304  Train L2 Loss :  0.22415788578987123
Epoch :  13  Epoch time :  2.496056611649692  Train L2 Loss :  0.20475357773303984
Epoch :  14  Epoch time :  2.49907551612705  Train L2 Loss :  0.1865709190130234
Epoch :  15  Epoch time :  2.496303834952414  Train L2 Loss :  0.17459015226364136
Epoch :  16  Epoch time :  2.493327885866165  Train L2 Loss :  0.16275503978729247
Epoch :  17  Epoch time :  2.4983092062175274  Train L2 Loss :  0.16148815307617187
Epoch :  18  Epoch time :  2.49462360329926  Train L2 Loss :  0.14973104046583174
Epoch :  19  Epoch time :  2.4951237849891186  Train L2 Loss :  0.1464940570473671
Epoch :  20  Epoch time :  2.4974933844059706  Train L2 Loss :  0.15249912962913514
Epoch :  21  Epoch time :  2.4929243763908744  Train L2 Loss :  0.13404275197982787
Epoch :  22  Epoch time :  2.4910724963992834  Train L2 Loss :  0.1347282894730568
Epoch :  23  Epoch time :  2.4950009305030107  Train L2 Loss :  0.13319649620056154
Epoch :  24  Epoch time :  2.495224795304239  Train L2 Loss :  0.13231745167970657
Epoch :  25  Epoch time :  2.4809925658628345  Train L2 Loss :  0.11991190930604935
Epoch :  26  Epoch time :  2.4854796901345253  Train L2 Loss :  0.12165516798496247
Epoch :  27  Epoch time :  2.481721636839211  Train L2 Loss :  0.1205734285235405
Epoch :  28  Epoch time :  2.480756575241685  Train L2 Loss :  0.10933298863172532
Epoch :  29  Epoch time :  2.490955944173038  Train L2 Loss :  0.11027944647073745
Epoch :  30  Epoch time :  2.4914137506857514  Train L2 Loss :  0.11067176425457001
Epoch :  31  Epoch time :  2.4924387112259865  Train L2 Loss :  0.10658984862565994
Epoch :  32  Epoch time :  2.493331156671047  Train L2 Loss :  0.10514379696846009
Epoch :  33  Epoch time :  2.4964692117646337  Train L2 Loss :  0.10220571329593658
Epoch :  34  Epoch time :  2.490868052467704  Train L2 Loss :  0.1047911781191826
Epoch :  35  Epoch time :  2.4951646495610476  Train L2 Loss :  0.09946445137262344
Epoch :  36  Epoch time :  2.504021138884127  Train L2 Loss :  0.09667252430915832
Epoch :  37  Epoch time :  2.504139754921198  Train L2 Loss :  0.0953704321026802
Epoch :  38  Epoch time :  2.500144463032484  Train L2 Loss :  0.09292307784557342
Epoch :  39  Epoch time :  2.5134296100586653  Train L2 Loss :  0.09308319854736329
Epoch :  40  Epoch time :  2.4972652178257704  Train L2 Loss :  0.09188448438644409
Epoch :  41  Epoch time :  2.5002282820641994  Train L2 Loss :  0.09352054793834687
Epoch :  42  Epoch time :  2.5019585099071264  Train L2 Loss :  0.08900870209932327
Epoch :  43  Epoch time :  2.501298062503338  Train L2 Loss :  0.08696685752868652
Epoch :  44  Epoch time :  2.5015125973150134  Train L2 Loss :  0.08706236152648926
Epoch :  45  Epoch time :  2.501517403870821  Train L2 Loss :  0.08661140194535255
Epoch :  46  Epoch time :  2.4971818160265684  Train L2 Loss :  0.08507969198226929
Epoch :  47  Epoch time :  2.5018709441646934  Train L2 Loss :  0.08357726204395294
Epoch :  48  Epoch time :  2.500226522795856  Train L2 Loss :  0.08317992850542069
Epoch :  49  Epoch time :  2.5092825228348374  Train L2 Loss :  0.0867567299425602
Epoch :  50  Epoch time :  2.505368633195758  Train L2 Loss :  0.07644338569045067
Epoch :  51  Epoch time :  2.502648824825883  Train L2 Loss :  0.08677305635213851
Epoch :  52  Epoch time :  2.514118544757366  Train L2 Loss :  0.07844439781308174
Epoch :  53  Epoch time :  2.512584399431944  Train L2 Loss :  0.07752258236408234
Epoch :  54  Epoch time :  2.507890989072621  Train L2 Loss :  0.07652510839104652
Epoch :  55  Epoch time :  2.5121000865474343  Train L2 Loss :  0.07655454859733582
Epoch :  56  Epoch time :  2.51472257822752  Train L2 Loss :  0.07655986976027489
Epoch :  57  Epoch time :  2.50984272826463  Train L2 Loss :  0.07925369773507118
Epoch :  58  Epoch time :  2.514241642318666  Train L2 Loss :  0.07116877425312997
Epoch :  59  Epoch time :  2.5144634498283267  Train L2 Loss :  0.07281243963837623
Epoch :  60  Epoch time :  2.5126909436658025  Train L2 Loss :  0.0764658470928669
Epoch :  61  Epoch time :  2.5196533147245646  Train L2 Loss :  0.07469438408017158
Epoch :  62  Epoch time :  2.5188341261819005  Train L2 Loss :  0.07030751643180848
Epoch :  63  Epoch time :  2.5226962687447667  Train L2 Loss :  0.07201791681051255
Epoch :  64  Epoch time :  2.525098473764956  Train L2 Loss :  0.07185995582342147
Epoch :  65  Epoch time :  2.525521656498313  Train L2 Loss :  0.07147176439762115
Epoch :  66  Epoch time :  2.53113725874573  Train L2 Loss :  0.06635390219092369
Epoch :  67  Epoch time :  2.531541141681373  Train L2 Loss :  0.06927853288650512
Epoch :  68  Epoch time :  2.5269826157018542  Train L2 Loss :  0.06965971264243126
Epoch :  69  Epoch time :  2.5286310371011496  Train L2 Loss :  0.06457558616399765
Epoch :  70  Epoch time :  2.5235293805599213  Train L2 Loss :  0.06843787958025932
Epoch :  71  Epoch time :  2.5266198571771383  Train L2 Loss :  0.06828777826428413
Epoch :  72  Epoch time :  2.5315634524449706  Train L2 Loss :  0.06515198902487755
Epoch :  73  Epoch time :  2.535924144089222  Train L2 Loss :  0.06707543122768402
Epoch :  74  Epoch time :  2.532251689583063  Train L2 Loss :  0.06592061009407044
Epoch :  75  Epoch time :  2.5382426949217916  Train L2 Loss :  0.06699022325277329
Epoch :  76  Epoch time :  2.533830303698778  Train L2 Loss :  0.06485237147212028
Epoch :  77  Epoch time :  2.5381557988002896  Train L2 Loss :  0.06439536291956902
Epoch :  78  Epoch time :  2.5384771171957254  Train L2 Loss :  0.06404827730059624
Epoch :  79  Epoch time :  2.5469773542135954  Train L2 Loss :  0.06591964875459672
Epoch :  80  Epoch time :  2.538807083852589  Train L2 Loss :  0.06076750147938728
Epoch :  81  Epoch time :  2.541488020680845  Train L2 Loss :  0.061604862970113757
Epoch :  82  Epoch time :  2.5287219444289804  Train L2 Loss :  0.0644375610947609
Epoch :  83  Epoch time :  2.535892892628908  Train L2 Loss :  0.06350157831907273
Epoch :  84  Epoch time :  2.5331414565443993  Train L2 Loss :  0.06031937721967697
Epoch :  85  Epoch time :  2.557312878780067  Train L2 Loss :  0.06235085050463676
Epoch :  86  Epoch time :  2.549048659391701  Train L2 Loss :  0.0613961167216301
Epoch :  87  Epoch time :  2.5351339085027575  Train L2 Loss :  0.061385421276092526
Epoch :  88  Epoch time :  2.5343223260715604  Train L2 Loss :  0.058874245482683184
Epoch :  89  Epoch time :  2.5348780173808336  Train L2 Loss :  0.06004742605686188
Epoch :  90  Epoch time :  2.529390194453299  Train L2 Loss :  0.06069518662691116
Epoch :  91  Epoch time :  2.5381337255239487  Train L2 Loss :  0.06052442072033882
Epoch :  92  Epoch time :  2.5432325694710016  Train L2 Loss :  0.0589926786005497
Epoch :  93  Epoch time :  2.5433076452463865  Train L2 Loss :  0.05855397276878357
Epoch :  94  Epoch time :  2.541633735410869  Train L2 Loss :  0.056200437182188034
Epoch :  95  Epoch time :  2.5459160367026925  Train L2 Loss :  0.061656283289194105
Epoch :  96  Epoch time :  2.549397158436477  Train L2 Loss :  0.05849253370165825
Epoch :  97  Epoch time :  2.5341159123927355  Train L2 Loss :  0.05690806609392166
Epoch :  98  Epoch time :  2.541901067830622  Train L2 Loss :  0.05670112946033478
Epoch :  99  Epoch time :  2.535730735398829  Train L2 Loss :  0.056649832928180696
Epoch :  100  Epoch time :  2.536185964010656  Train L2 Loss :  0.035889901396632194
Epoch :  101  Epoch time :  2.5358386235311627  Train L2 Loss :  0.03656464577913284
Epoch :  102  Epoch time :  2.538408233784139  Train L2 Loss :  0.037809704804420474
Epoch :  103  Epoch time :  2.5420696325600147  Train L2 Loss :  0.03816832613945007
Epoch :  104  Epoch time :  2.5502156699076295  Train L2 Loss :  0.03839574336409569
Epoch :  105  Epoch time :  2.53707876522094  Train L2 Loss :  0.03874256846308708
Epoch :  106  Epoch time :  2.545434283092618  Train L2 Loss :  0.03757281876504421
Epoch :  107  Epoch time :  2.5423824740573764  Train L2 Loss :  0.038793230840563776
Epoch :  108  Epoch time :  2.5421477016061544  Train L2 Loss :  0.037765631106495855
Epoch :  109  Epoch time :  2.546103964559734  Train L2 Loss :  0.03733459805846214
Epoch :  110  Epoch time :  2.5390858547762036  Train L2 Loss :  0.037814725375175474
Epoch :  111  Epoch time :  2.551947637461126  Train L2 Loss :  0.03723675162196159
Epoch :  112  Epoch time :  2.5381965627893806  Train L2 Loss :  0.03735448578000069
Epoch :  113  Epoch time :  2.543726073578  Train L2 Loss :  0.03737024112343788
Epoch :  114  Epoch time :  2.545535041950643  Train L2 Loss :  0.03691267901957035
Epoch :  115  Epoch time :  2.548800769262016  Train L2 Loss :  0.03696006700694561
Epoch :  116  Epoch time :  2.5608840733766556  Train L2 Loss :  0.03707299403548241
Epoch :  117  Epoch time :  2.554572995752096  Train L2 Loss :  0.036797616201639176
Epoch :  118  Epoch time :  2.5499194115400314  Train L2 Loss :  0.03678023769259453
Epoch :  119  Epoch time :  2.5537124648690224  Train L2 Loss :  0.03655207689106464
Epoch :  120  Epoch time :  2.5534704010933638  Train L2 Loss :  0.03600668336451054
Epoch :  121  Epoch time :  2.5809687739238143  Train L2 Loss :  0.03615784345269203
Epoch :  122  Epoch time :  2.542256250977516  Train L2 Loss :  0.03601432038247585
Epoch :  123  Epoch time :  2.5538364071398973  Train L2 Loss :  0.03558120830357075
Epoch :  124  Epoch time :  2.5470168571919203  Train L2 Loss :  0.035806449255347254
Epoch :  125  Epoch time :  2.5496115731075406  Train L2 Loss :  0.03586129112243652
Epoch :  126  Epoch time :  2.548260970041156  Train L2 Loss :  0.03567499548494816
Epoch :  127  Epoch time :  2.549862436018884  Train L2 Loss :  0.03548210069537163
Epoch :  128  Epoch time :  2.5531187457963824  Train L2 Loss :  0.035431213641166685
Epoch :  129  Epoch time :  2.5514111444354057  Train L2 Loss :  0.03536786099374294
Epoch :  130  Epoch time :  2.54935609921813  Train L2 Loss :  0.03510666007101536
Epoch :  131  Epoch time :  2.554774334654212  Train L2 Loss :  0.03488222593069076
Epoch :  132  Epoch time :  2.553706830367446  Train L2 Loss :  0.03498003758192062
Epoch :  133  Epoch time :  2.5467841709032655  Train L2 Loss :  0.03512257789671421
Epoch :  134  Epoch time :  2.5553093580529094  Train L2 Loss :  0.03492760887145996
Epoch :  135  Epoch time :  2.566817030310631  Train L2 Loss :  0.035139360788464545
Epoch :  136  Epoch time :  2.5558018311858177  Train L2 Loss :  0.03485437793135643
Epoch :  137  Epoch time :  2.559375955723226  Train L2 Loss :  0.035123807302117345
Epoch :  138  Epoch time :  2.560327786952257  Train L2 Loss :  0.03506454196870327
Epoch :  139  Epoch time :  2.4673030534759164  Train L2 Loss :  0.03458836612403393
Epoch :  140  Epoch time :  2.456124844029546  Train L2 Loss :  0.034299735751748085
Epoch :  141  Epoch time :  2.4544193213805556  Train L2 Loss :  0.03446777189970016
Epoch :  142  Epoch time :  2.457455693744123  Train L2 Loss :  0.03478144752085209
Epoch :  143  Epoch time :  2.460912221111357  Train L2 Loss :  0.034096502810716627
Epoch :  144  Epoch time :  2.518409756012261  Train L2 Loss :  0.03485155633687973
Epoch :  145  Epoch time :  2.496614258736372  Train L2 Loss :  0.034149984085559845
Epoch :  146  Epoch time :  2.4701823089271784  Train L2 Loss :  0.034822549495100975
Epoch :  147  Epoch time :  2.4696664456278086  Train L2 Loss :  0.034045861950516704
Epoch :  148  Epoch time :  2.480572852306068  Train L2 Loss :  0.03390233997404575
Epoch :  149  Epoch time :  2.4710615193471313  Train L2 Loss :  0.034067738050222396
Epoch :  150  Epoch time :  2.4692087275907397  Train L2 Loss :  0.03397927043735981
Epoch :  151  Epoch time :  2.47036593221128  Train L2 Loss :  0.03402572063803673
Epoch :  152  Epoch time :  2.472530947998166  Train L2 Loss :  0.03334589343965053
Epoch :  153  Epoch time :  2.4701418997719884  Train L2 Loss :  0.033884953638911246
Epoch :  154  Epoch time :  2.477376425638795  Train L2 Loss :  0.033149927124381064
Epoch :  155  Epoch time :  2.4718275060877204  Train L2 Loss :  0.03365826036036015
Epoch :  156  Epoch time :  2.4762283070012927  Train L2 Loss :  0.0340115612834692
Epoch :  157  Epoch time :  2.474703569896519  Train L2 Loss :  0.0332827152132988
Epoch :  158  Epoch time :  2.4725281009450555  Train L2 Loss :  0.0326473226338625
Epoch :  159  Epoch time :  2.4760230826213956  Train L2 Loss :  0.032645575320720675
Epoch :  160  Epoch time :  2.4745068894699216  Train L2 Loss :  0.03367507912516594
Epoch :  161  Epoch time :  2.487040761858225  Train L2 Loss :  0.032695277643203735
Epoch :  162  Epoch time :  2.47618705034256  Train L2 Loss :  0.032937536346912384
Epoch :  163  Epoch time :  2.4772485410794616  Train L2 Loss :  0.03319578557908535
Epoch :  164  Epoch time :  2.4802856277674437  Train L2 Loss :  0.032849811390042304
Epoch :  165  Epoch time :  2.4744704738259315  Train L2 Loss :  0.03191718572676182
Epoch :  166  Epoch time :  2.4749308796599507  Train L2 Loss :  0.03323842245936394
Epoch :  167  Epoch time :  2.4810929857194424  Train L2 Loss :  0.032390777158737186
Epoch :  168  Epoch time :  2.480071750469506  Train L2 Loss :  0.032056188759207724
Epoch :  169  Epoch time :  2.502738654613495  Train L2 Loss :  0.03203910548388958
Epoch :  170  Epoch time :  2.4879139810800552  Train L2 Loss :  0.03255887163281441
Epoch :  171  Epoch time :  2.6429243562743068  Train L2 Loss :  0.03229331923425197
Epoch :  172  Epoch time :  2.5939252031967044  Train L2 Loss :  0.03193448941409588
Epoch :  173  Epoch time :  2.61356305424124  Train L2 Loss :  0.03246552835702896
Epoch :  174  Epoch time :  2.5640507247298956  Train L2 Loss :  0.03127631739079952
Epoch :  175  Epoch time :  2.5713935466483235  Train L2 Loss :  0.032467734381556514
Epoch :  176  Epoch time :  2.575688117183745  Train L2 Loss :  0.03177479341924191
Epoch :  177  Epoch time :  2.561858903616667  Train L2 Loss :  0.031785464152693746
Epoch :  178  Epoch time :  2.574661965481937  Train L2 Loss :  0.031117332795262336
Epoch :  179  Epoch time :  2.566916177980602  Train L2 Loss :  0.03192031302452088
Epoch :  180  Epoch time :  2.5640338845551014  Train L2 Loss :  0.0315474026799202
Epoch :  181  Epoch time :  2.5628290874883533  Train L2 Loss :  0.03183426659107208
Epoch :  182  Epoch time :  2.563072420656681  Train L2 Loss :  0.03080261887907982
Epoch :  183  Epoch time :  2.5583649212494493  Train L2 Loss :  0.03159388075172901
Epoch :  184  Epoch time :  2.5568142170086503  Train L2 Loss :  0.031212912410497666
Epoch :  185  Epoch time :  2.564435850828886  Train L2 Loss :  0.03125833816230297
Epoch :  186  Epoch time :  2.552994107827544  Train L2 Loss :  0.031161883279681207
Epoch :  187  Epoch time :  2.563675271347165  Train L2 Loss :  0.03157943533957005
Epoch :  188  Epoch time :  2.5534448558464646  Train L2 Loss :  0.03066196592450142
Epoch :  189  Epoch time :  2.5509338062256575  Train L2 Loss :  0.03136311340630055
Epoch :  190  Epoch time :  2.554423197172582  Train L2 Loss :  0.03065932474434376
Epoch :  191  Epoch time :  2.5585976662114263  Train L2 Loss :  0.030389305526018144
Epoch :  192  Epoch time :  2.553301876410842  Train L2 Loss :  0.031211800876259802
Epoch :  193  Epoch time :  2.55422306060791  Train L2 Loss :  0.031165055471658706
Epoch :  194  Epoch time :  2.554820886813104  Train L2 Loss :  0.030615433904528616
Epoch :  195  Epoch time :  2.5514490082859993  Train L2 Loss :  0.03072144502401352
Epoch :  196  Epoch time :  2.5573527636006474  Train L2 Loss :  0.030724965834617615
Epoch :  197  Epoch time :  2.5530631644651294  Train L2 Loss :  0.030617179241776465
Epoch :  198  Epoch time :  2.833243666216731  Train L2 Loss :  0.030482443356513976
Epoch :  199  Epoch time :  6.458544631488621  Train L2 Loss :  0.030986985141038894
Epoch :  200  Epoch time :  2.5855183778330684  Train L2 Loss :  0.023858918660879136
Epoch :  201  Epoch time :  2.9855727404356003  Train L2 Loss :  0.024180230048298834
Epoch :  202  Epoch time :  2.5811674632132053  Train L2 Loss :  0.024387650403380395
Epoch :  203  Epoch time :  2.5523911798372865  Train L2 Loss :  0.02474382100403309
Epoch :  204  Epoch time :  2.5532327070832253  Train L2 Loss :  0.024502773609757424
Epoch :  205  Epoch time :  2.557445897720754  Train L2 Loss :  0.02463046164214611
Epoch :  206  Epoch time :  2.554472681134939  Train L2 Loss :  0.024734035989642144
Epoch :  207  Epoch time :  2.5583051266148686  Train L2 Loss :  0.024628553774952888
Epoch :  208  Epoch time :  2.5532511258497834  Train L2 Loss :  0.024579577454924582
Epoch :  209  Epoch time :  2.7604854460805655  Train L2 Loss :  0.02456525537967682
Epoch :  210  Epoch time :  2.5874325009062886  Train L2 Loss :  0.02465071958601475
Epoch :  211  Epoch time :  2.5298969792202115  Train L2 Loss :  0.02450457738339901
Epoch :  212  Epoch time :  2.5294015305116773  Train L2 Loss :  0.024439609310030936
Epoch :  213  Epoch time :  2.5352082354947925  Train L2 Loss :  0.024416588166356088
Epoch :  214  Epoch time :  2.5276241581887007  Train L2 Loss :  0.02437182424366474
Epoch :  215  Epoch time :  2.5310064032673836  Train L2 Loss :  0.024334005185961724
Epoch :  216  Epoch time :  2.53137837164104  Train L2 Loss :  0.024580795726180077
Epoch :  217  Epoch time :  2.5284143034368753  Train L2 Loss :  0.024394785848259926
Epoch :  218  Epoch time :  2.529823682270944  Train L2 Loss :  0.024425705230236055
Epoch :  219  Epoch time :  2.557414040900767  Train L2 Loss :  0.024275525388121603
Epoch :  220  Epoch time :  2.529812838882208  Train L2 Loss :  0.02420911658704281
Epoch :  221  Epoch time :  2.776368428952992  Train L2 Loss :  0.024298342168331145
Epoch :  222  Epoch time :  4.174147902987897  Train L2 Loss :  0.024381745037436484
Epoch :  223  Epoch time :  2.5781786907464266  Train L2 Loss :  0.02428149426281452
Epoch :  224  Epoch time :  8.32863522041589  Train L2 Loss :  0.02418585418462753
Epoch :  225  Epoch time :  2.5727818068116903  Train L2 Loss :  0.02436695829629898
Epoch :  226  Epoch time :  2.719153143465519  Train L2 Loss :  0.024113894867897032
Epoch :  227  Epoch time :  2.5655053043738008  Train L2 Loss :  0.02439407077729702
Epoch :  228  Epoch time :  2.53191214799881  Train L2 Loss :  0.024125497794151306
Epoch :  229  Epoch time :  2.5348199233412743  Train L2 Loss :  0.024198018124699593
Epoch :  230  Epoch time :  3.4271882763132453  Train L2 Loss :  0.024115883907675745
Epoch :  231  Epoch time :  2.5768944853916764  Train L2 Loss :  0.024060124045610427
Epoch :  232  Epoch time :  2.577110467478633  Train L2 Loss :  0.024030878150463106
Epoch :  233  Epoch time :  2.5830114455893636  Train L2 Loss :  0.024021223333477976
Epoch :  234  Epoch time :  2.578161840327084  Train L2 Loss :  0.024080000740289688
Epoch :  235  Epoch time :  2.5428884513676167  Train L2 Loss :  0.0240942664206028
Epoch :  236  Epoch time :  2.5389388110488653  Train L2 Loss :  0.023982407453656197
Epoch :  237  Epoch time :  2.5403732573613524  Train L2 Loss :  0.023957868692278863
Epoch :  238  Epoch time :  2.540139714255929  Train L2 Loss :  0.023968814182281493
Epoch :  239  Epoch time :  2.545948665589094  Train L2 Loss :  0.023955731457471846
Epoch :  240  Epoch time :  2.544442094862461  Train L2 Loss :  0.024012760135531424
Epoch :  241  Epoch time :  2.541471030563116  Train L2 Loss :  0.024003130370378493
Epoch :  242  Epoch time :  2.5442742547020316  Train L2 Loss :  0.02402050002515316
Epoch :  243  Epoch time :  2.5452864980325103  Train L2 Loss :  0.024091700518131257
Epoch :  244  Epoch time :  2.544730994850397  Train L2 Loss :  0.023984209886193274
Epoch :  245  Epoch time :  2.5590789997950196  Train L2 Loss :  0.023809884843230246
Epoch :  246  Epoch time :  2.546447539702058  Train L2 Loss :  0.02389836939871311
Epoch :  247  Epoch time :  2.542597738094628  Train L2 Loss :  0.02376984867155552
Epoch :  248  Epoch time :  2.5468048863112926  Train L2 Loss :  0.023810357728600504
Epoch :  249  Epoch time :  2.5415719812735915  Train L2 Loss :  0.023765237304568292
Epoch :  250  Epoch time :  2.5422820718958974  Train L2 Loss :  0.023939187037944794
Epoch :  251  Epoch time :  2.5383219635114074  Train L2 Loss :  0.023622711902856825
Epoch :  252  Epoch time :  2.5470584835857153  Train L2 Loss :  0.023935857006907462
Epoch :  253  Epoch time :  2.538844804279506  Train L2 Loss :  0.023968933722376823
Epoch :  254  Epoch time :  2.543361690826714  Train L2 Loss :  0.023878274205327035
Epoch :  255  Epoch time :  2.5390278939157724  Train L2 Loss :  0.02389792729020119
Epoch :  256  Epoch time :  2.5439210422337055  Train L2 Loss :  0.02360425696671009
Epoch :  257  Epoch time :  2.6586876586079597  Train L2 Loss :  0.023610174354910852
Epoch :  258  Epoch time :  2.661295506171882  Train L2 Loss :  0.023887466707825662
Epoch :  259  Epoch time :  2.6568175554275513  Train L2 Loss :  0.02369432074725628
Epoch :  260  Epoch time :  2.6648634700104594  Train L2 Loss :  0.023685073551535606
Epoch :  261  Epoch time :  2.6627764580771327  Train L2 Loss :  0.023543152606487275
Epoch :  262  Epoch time :  2.6661250395700336  Train L2 Loss :  0.023858727556467056
Epoch :  263  Epoch time :  2.6592583805322647  Train L2 Loss :  0.023675704774260523
Epoch :  264  Epoch time :  2.6588131627067924  Train L2 Loss :  0.023507270163297653
Epoch :  265  Epoch time :  2.6565894819796085  Train L2 Loss :  0.023562369042634965
Epoch :  266  Epoch time :  2.660261692479253  Train L2 Loss :  0.023586575204133986
Epoch :  267  Epoch time :  2.6608056351542473  Train L2 Loss :  0.023599132779240608
Epoch :  268  Epoch time :  2.6768302600830793  Train L2 Loss :  0.023499925994873046
Epoch :  269  Epoch time :  2.6079899864271283  Train L2 Loss :  0.023514056810736657
Epoch :  270  Epoch time :  2.590497389435768  Train L2 Loss :  0.02339932171702385
Epoch :  271  Epoch time :  2.5759885478764772  Train L2 Loss :  0.023358994179964065
Epoch :  272  Epoch time :  2.5787293454632163  Train L2 Loss :  0.023292970377206804
Epoch :  273  Epoch time :  2.56908624060452  Train L2 Loss :  0.023320141699910164
Epoch :  274  Epoch time :  2.5766322864219546  Train L2 Loss :  0.02345311654806137
Epoch :  275  Epoch time :  2.579223545268178  Train L2 Loss :  0.023310324531793596
Epoch :  276  Epoch time :  2.5731513472273946  Train L2 Loss :  0.023242390525341033
Epoch :  277  Epoch time :  2.5760207986459136  Train L2 Loss :  0.023309081077575684
Epoch :  278  Epoch time :  2.5778216710314155  Train L2 Loss :  0.023231751134991645
Epoch :  279  Epoch time :  2.572608939372003  Train L2 Loss :  0.023555220541357995
Epoch :  280  Epoch time :  2.5970881851390004  Train L2 Loss :  0.023203265383839607
Epoch :  281  Epoch time :  2.5768135087564588  Train L2 Loss :  0.023159646621346473
Epoch :  282  Epoch time :  2.572681810706854  Train L2 Loss :  0.023111128729581834
Epoch :  283  Epoch time :  2.580374456010759  Train L2 Loss :  0.02320390967130661
Epoch :  284  Epoch time :  2.5759293688461185  Train L2 Loss :  0.023159684255719185
Epoch :  285  Epoch time :  2.5723493583500385  Train L2 Loss :  0.023174569082260132
Epoch :  286  Epoch time :  2.577028153464198  Train L2 Loss :  0.023150964987277985
Epoch :  287  Epoch time :  2.5854808324947953  Train L2 Loss :  0.02315986917614937
Epoch :  288  Epoch time :  2.5776957608759403  Train L2 Loss :  0.022966649371385574
Epoch :  289  Epoch time :  2.5775210736319423  Train L2 Loss :  0.02309594131410122
Epoch :  290  Epoch time :  2.578681002371013  Train L2 Loss :  0.02303911342024803
Epoch :  291  Epoch time :  2.5930475015193224  Train L2 Loss :  0.023092902913689612
Epoch :  292  Epoch time :  2.5769310826435685  Train L2 Loss :  0.023040243852138518
Epoch :  293  Epoch time :  2.5824958942830563  Train L2 Loss :  0.02311597210764885
Epoch :  294  Epoch time :  2.577103203162551  Train L2 Loss :  0.02286603556573391
Epoch :  295  Epoch time :  2.5792842218652368  Train L2 Loss :  0.02302320520877838
Epoch :  296  Epoch time :  2.579163040034473  Train L2 Loss :  0.023135187363624573
Epoch :  297  Epoch time :  2.577404352836311  Train L2 Loss :  0.02320680443048477
Epoch :  298  Epoch time :  2.5812961887568235  Train L2 Loss :  0.022971697172522544
Epoch :  299  Epoch time :  2.578453122638166  Train L2 Loss :  0.022802125024795533
Epoch :  300  Epoch time :  2.5763841066509485  Train L2 Loss :  0.020374479442834853
Epoch :  301  Epoch time :  2.574428285472095  Train L2 Loss :  0.02041479355096817
Epoch :  302  Epoch time :  2.5777079751715064  Train L2 Loss :  0.020517464917898177
Epoch :  303  Epoch time :  2.5986039843410254  Train L2 Loss :  0.02058178820014
Epoch :  304  Epoch time :  2.5841644732281566  Train L2 Loss :  0.020601695641875268
Epoch :  305  Epoch time :  2.580242281779647  Train L2 Loss :  0.020576265487074853
Epoch :  306  Epoch time :  2.57640119548887  Train L2 Loss :  0.02057927254140377
Epoch :  307  Epoch time :  2.580533020198345  Train L2 Loss :  0.020511216953396798
Epoch :  308  Epoch time :  2.5778972944244742  Train L2 Loss :  0.020525582972168922
Epoch :  309  Epoch time :  2.573968030512333  Train L2 Loss :  0.020500930830836296
Epoch :  310  Epoch time :  2.580898018553853  Train L2 Loss :  0.020538780930638312
Epoch :  311  Epoch time :  2.577386165037751  Train L2 Loss :  0.02050771501660347
Epoch :  312  Epoch time :  2.5730605283752084  Train L2 Loss :  0.020565211439132692
Epoch :  313  Epoch time :  2.5798047641292214  Train L2 Loss :  0.02055140667259693
Epoch :  314  Epoch time :  2.5932954838499427  Train L2 Loss :  0.020520315101742743
Epoch :  315  Epoch time :  2.5766473645344377  Train L2 Loss :  0.020489384350180627
Epoch :  316  Epoch time :  2.5802645087242126  Train L2 Loss :  0.020428509947657585
Epoch :  317  Epoch time :  2.5761287277564406  Train L2 Loss :  0.02048640638589859
Epoch :  318  Epoch time :  2.5762397088110447  Train L2 Loss :  0.020465091463923453
Epoch :  319  Epoch time :  2.575489442795515  Train L2 Loss :  0.020500794246792794
Epoch :  320  Epoch time :  2.5747455479577184  Train L2 Loss :  0.020448656019568443
Epoch :  321  Epoch time :  2.5815425598993897  Train L2 Loss :  0.0204110068410635
Epoch :  322  Epoch time :  2.580523693934083  Train L2 Loss :  0.02050360779464245
Epoch :  323  Epoch time :  2.572515679523349  Train L2 Loss :  0.020437693640589713
Epoch :  324  Epoch time :  2.5657614581286907  Train L2 Loss :  0.020326496508717536
Epoch :  325  Epoch time :  2.5625894367694855  Train L2 Loss :  0.020399207785725595
Epoch :  326  Epoch time :  2.534416204318404  Train L2 Loss :  0.02037342219352722
Epoch :  327  Epoch time :  2.5678479885682464  Train L2 Loss :  0.020406744113564492
Epoch :  328  Epoch time :  2.5610915375873446  Train L2 Loss :  0.020402602130174637
Epoch :  329  Epoch time :  2.5662027886137366  Train L2 Loss :  0.02039749707877636
Epoch :  330  Epoch time :  2.570280476473272  Train L2 Loss :  0.020355032393336296
Epoch :  331  Epoch time :  2.5652407286688685  Train L2 Loss :  0.020364270746707915
Epoch :  332  Epoch time :  2.5667379666119814  Train L2 Loss :  0.020329306823015213
Epoch :  333  Epoch time :  2.5667022122070193  Train L2 Loss :  0.020367509350180626
Epoch :  334  Epoch time :  2.560844860970974  Train L2 Loss :  0.02037766228020191
Epoch :  335  Epoch time :  2.5659754369407892  Train L2 Loss :  0.02033710940182209
Epoch :  336  Epoch time :  2.5642288187518716  Train L2 Loss :  0.020308076137304305
Epoch :  337  Epoch time :  2.5791824869811535  Train L2 Loss :  0.020324843376874922
Epoch :  338  Epoch time :  2.574381386861205  Train L2 Loss :  0.020358805680274962
Epoch :  339  Epoch time :  2.5644263373687863  Train L2 Loss :  0.02028202378153801
Epoch :  340  Epoch time :  2.5629419181495905  Train L2 Loss :  0.02032634506225586
Epoch :  341  Epoch time :  2.5624647038057446  Train L2 Loss :  0.020271607464551925
Epoch :  342  Epoch time :  2.5594695499166846  Train L2 Loss :  0.020286797791719435
Epoch :  343  Epoch time :  2.5626471899449825  Train L2 Loss :  0.020289969050884246
Epoch :  344  Epoch time :  2.5595836462453008  Train L2 Loss :  0.020303381648659705
Epoch :  345  Epoch time :  2.5602152785286307  Train L2 Loss :  0.020348784190416337
Epoch :  346  Epoch time :  2.5616918923333287  Train L2 Loss :  0.02023767342418432
Epoch :  347  Epoch time :  2.5561941154301167  Train L2 Loss :  0.020220552784204482
Epoch :  348  Epoch time :  2.5587882604449987  Train L2 Loss :  0.020286936140060424
Epoch :  349  Epoch time :  2.5859451331198215  Train L2 Loss :  0.02024660495519638
Epoch :  350  Epoch time :  2.563380341976881  Train L2 Loss :  0.020329144433140756
Epoch :  351  Epoch time :  2.562571649439633  Train L2 Loss :  0.02021677713394165
Epoch :  352  Epoch time :  2.561977844685316  Train L2 Loss :  0.020287552225589752
Epoch :  353  Epoch time :  2.5581084582954645  Train L2 Loss :  0.02022833512723446
Epoch :  354  Epoch time :  2.5619316529482603  Train L2 Loss :  0.02024524492621422
Epoch :  355  Epoch time :  2.558566404506564  Train L2 Loss :  0.02021290442943573
Epoch :  356  Epoch time :  2.5588115928694606  Train L2 Loss :  0.020186821904778482
Epoch :  357  Epoch time :  2.565990918315947  Train L2 Loss :  0.02016057820916176
Epoch :  358  Epoch time :  2.551644667983055  Train L2 Loss :  0.020194170552492143
Epoch :  359  Epoch time :  2.562244306318462  Train L2 Loss :  0.020210138446092606
Epoch :  360  Epoch time :  2.5688582733273506  Train L2 Loss :  0.020177074222266674
Epoch :  361  Epoch time :  2.5747984685003757  Train L2 Loss :  0.020175858506560326
Epoch :  362  Epoch time :  2.570166294462979  Train L2 Loss :  0.020158909156918526
Epoch :  363  Epoch time :  2.558089026249945  Train L2 Loss :  0.02023178547620773
Epoch :  364  Epoch time :  2.560258257202804  Train L2 Loss :  0.020161547499895096
Epoch :  365  Epoch time :  2.5635455204173923  Train L2 Loss :  0.020242352971434594
Epoch :  366  Epoch time :  2.5608308305963874  Train L2 Loss :  0.020089459705352784
Epoch :  367  Epoch time :  2.5630454616621137  Train L2 Loss :  0.02016693726480007
Epoch :  368  Epoch time :  2.5638126926496625  Train L2 Loss :  0.020139335623383523
Epoch :  369  Epoch time :  2.560912426561117  Train L2 Loss :  0.02012211690247059
Epoch :  370  Epoch time :  2.566040176898241  Train L2 Loss :  0.020116366201639174
Epoch :  371  Epoch time :  2.564479675143957  Train L2 Loss :  0.02016670301258564
Epoch :  372  Epoch time :  2.581855682656169  Train L2 Loss :  0.02017988519370556
Epoch :  373  Epoch time :  2.568171220831573  Train L2 Loss :  0.020095117381215097
Epoch :  374  Epoch time :  2.566064848564565  Train L2 Loss :  0.02008441181778908
Epoch :  375  Epoch time :  2.5679795956239104  Train L2 Loss :  0.02010717839896679
Epoch :  376  Epoch time :  2.5691567175090313  Train L2 Loss :  0.02009166603088379
Epoch :  377  Epoch time :  2.5618450278416276  Train L2 Loss :  0.020085400199890135
Epoch :  378  Epoch time :  2.563219274394214  Train L2 Loss :  0.02007556208372116
Epoch :  379  Epoch time :  2.557149068452418  Train L2 Loss :  0.0200718364328146
Epoch :  380  Epoch time :  2.563019372522831  Train L2 Loss :  0.020088304004073142
Epoch :  381  Epoch time :  2.5575752928853035  Train L2 Loss :  0.02009382526576519
Epoch :  382  Epoch time :  2.578105753287673  Train L2 Loss :  0.020056547263264658
Epoch :  383  Epoch time :  2.5746056102216244  Train L2 Loss :  0.020051409649848938
Epoch :  384  Epoch time :  2.5776758128777146  Train L2 Loss :  0.02005367129743099
Epoch :  385  Epoch time :  2.5550844222307205  Train L2 Loss :  0.020062542393803597
Epoch :  386  Epoch time :  2.5564702982082963  Train L2 Loss :  0.020060709285736084
Epoch :  387  Epoch time :  2.5527921803295612  Train L2 Loss :  0.020024730783700942
Epoch :  388  Epoch time :  2.5536428606137633  Train L2 Loss :  0.020078156930208205
Epoch :  389  Epoch time :  2.559391301125288  Train L2 Loss :  0.020007315248250963
Epoch :  390  Epoch time :  2.557977627031505  Train L2 Loss :  0.019999838748574257
Epoch :  391  Epoch time :  2.560170358978212  Train L2 Loss :  0.020095301139354704
Epoch :  392  Epoch time :  2.5601168256253004  Train L2 Loss :  0.020011921504139902
Epoch :  393  Epoch time :  2.5616842564195395  Train L2 Loss :  0.019984967179596424
Epoch :  394  Epoch time :  2.5775415655225515  Train L2 Loss :  0.020043108785152437
Epoch :  395  Epoch time :  2.565162763930857  Train L2 Loss :  0.020011904656887056
Epoch :  396  Epoch time :  2.5621714210137725  Train L2 Loss :  0.020052642434835434
Epoch :  397  Epoch time :  2.5635252315551043  Train L2 Loss :  0.019980349451303482
Epoch :  398  Epoch time :  2.5541394175961614  Train L2 Loss :  0.019946527418494224
Epoch :  399  Epoch time :  2.5548537047579885  Train L2 Loss :  0.01992101130783558
Epoch :  400  Epoch time :  2.555323399603367  Train L2 Loss :  0.01883252214342356
Epoch :  401  Epoch time :  2.551266952417791  Train L2 Loss :  0.018815526628494263
Epoch :  402  Epoch time :  2.5548733975738287  Train L2 Loss :  0.01885713281482458
Epoch :  403  Epoch time :  2.560002166777849  Train L2 Loss :  0.018830422161519526
Epoch :  404  Epoch time :  2.5523475548252463  Train L2 Loss :  0.01886591198593378
Epoch :  405  Epoch time :  2.5525620440021157  Train L2 Loss :  0.018869199031591417
Epoch :  406  Epoch time :  2.5558208068832755  Train L2 Loss :  0.018845165774226187
Epoch :  407  Epoch time :  2.572886805050075  Train L2 Loss :  0.01884727059006691
Epoch :  408  Epoch time :  2.565841400064528  Train L2 Loss :  0.018850381530821324
Epoch :  409  Epoch time :  2.555873040109873  Train L2 Loss :  0.01884794359356165
Epoch :  410  Epoch time :  2.555664458312094  Train L2 Loss :  0.018862023216485977
Epoch :  411  Epoch time :  2.54991970770061  Train L2 Loss :  0.018849081134796143
Epoch :  412  Epoch time :  2.5560373049229383  Train L2 Loss :  0.018814109271764756
Epoch :  413  Epoch time :  2.566537257283926  Train L2 Loss :  0.018804292634129523
Epoch :  414  Epoch time :  2.551961815916002  Train L2 Loss :  0.018833012057840826
Epoch :  415  Epoch time :  2.554944099858403  Train L2 Loss :  0.018815267130732536
Epoch :  416  Epoch time :  2.557080453261733  Train L2 Loss :  0.018788534027338027
Epoch :  417  Epoch time :  2.553454264998436  Train L2 Loss :  0.018816152042150498
Epoch :  418  Epoch time :  2.5668246503919363  Train L2 Loss :  0.018813867256045343
Epoch :  419  Epoch time :  2.5787440491840243  Train L2 Loss :  0.018797606234252452
Epoch :  420  Epoch time :  2.56280882935971  Train L2 Loss :  0.018801985968649387
Epoch :  421  Epoch time :  2.55458752438426  Train L2 Loss :  0.018803205674886702
Epoch :  422  Epoch time :  2.556096328422427  Train L2 Loss :  0.018806246474385262
Epoch :  423  Epoch time :  2.552232313901186  Train L2 Loss :  0.018793532691895962
Epoch :  424  Epoch time :  2.558412251994014  Train L2 Loss :  0.018770474134385585
Epoch :  425  Epoch time :  2.5560841457918286  Train L2 Loss :  0.01881248489320278
Epoch :  426  Epoch time :  2.555301008746028  Train L2 Loss :  0.01878226650953293
Epoch :  427  Epoch time :  2.558612880297005  Train L2 Loss :  0.018758760556578637
Epoch :  428  Epoch time :  2.5553054148331285  Train L2 Loss :  0.018815189790725707
Epoch :  429  Epoch time :  2.5560432262718678  Train L2 Loss :  0.01876972325593233
Epoch :  430  Epoch time :  2.552831099368632  Train L2 Loss :  0.018763846278190614
Epoch :  431  Epoch time :  2.557571465149522  Train L2 Loss :  0.018749881327152253
Epoch :  432  Epoch time :  2.5574857825413346  Train L2 Loss :  0.018791218216717243
Epoch :  433  Epoch time :  2.577091485261917  Train L2 Loss :  0.018727670627832413
Epoch :  434  Epoch time :  2.5653390884399414  Train L2 Loss :  0.01874124908000231
Epoch :  435  Epoch time :  2.5608323588967323  Train L2 Loss :  0.018781922540068625
Epoch :  436  Epoch time :  2.546387657523155  Train L2 Loss :  0.018740896219015122
Epoch :  437  Epoch time :  2.5462874956429005  Train L2 Loss :  0.018756878927350045
Epoch :  438  Epoch time :  2.5478829983621836  Train L2 Loss :  0.01876517432630062
Epoch :  439  Epoch time :  2.546723959967494  Train L2 Loss :  0.01873520156890154
Epoch :  440  Epoch time :  2.5453408490866423  Train L2 Loss :  0.018739685206115245
Epoch :  441  Epoch time :  2.545370364561677  Train L2 Loss :  0.01871680552959442
Epoch :  442  Epoch time :  2.543090553022921  Train L2 Loss :  0.018716366343200206
Epoch :  443  Epoch time :  2.5448309360072017  Train L2 Loss :  0.018747569394111634
Epoch :  444  Epoch time :  2.5451762452721596  Train L2 Loss :  0.01871944516003132
Epoch :  445  Epoch time :  2.5428612427785993  Train L2 Loss :  0.018718987299501895
Epoch :  446  Epoch time :  2.540726571343839  Train L2 Loss :  0.018673663753271102
Epoch :  447  Epoch time :  2.555028200149536  Train L2 Loss :  0.01871404055207968
Epoch :  448  Epoch time :  2.553402742370963  Train L2 Loss :  0.01871280949264765
Epoch :  449  Epoch time :  2.5505307614803314  Train L2 Loss :  0.018707915729284288
Epoch :  450  Epoch time :  2.5424163388088346  Train L2 Loss :  0.018722721034288407
Epoch :  451  Epoch time :  2.5135826095938683  Train L2 Loss :  0.01872934145182371
Epoch :  452  Epoch time :  2.5084210094064474  Train L2 Loss :  0.01867069588303566
Epoch :  453  Epoch time :  2.517842933535576  Train L2 Loss :  0.018700284203886985
Epoch :  454  Epoch time :  2.512982686981559  Train L2 Loss :  0.018688503777980803
Epoch :  455  Epoch time :  2.4962800620123744  Train L2 Loss :  0.01866825336813927
Epoch :  456  Epoch time :  2.4857644885778427  Train L2 Loss :  0.018662840981781482
Epoch :  457  Epoch time :  2.487999332137406  Train L2 Loss :  0.018700216080248355
Epoch :  458  Epoch time :  2.485283517278731  Train L2 Loss :  0.018667152085900307
Epoch :  459  Epoch time :  2.488265714608133  Train L2 Loss :  0.01869556706249714
Epoch :  460  Epoch time :  2.4891468100249767  Train L2 Loss :  0.01870217781662941
Epoch :  461  Epoch time :  2.4572735829278827  Train L2 Loss :  0.018680046786367893
Epoch :  462  Epoch time :  2.471804660744965  Train L2 Loss :  0.0186606647759676
Epoch :  463  Epoch time :  2.4678130485117435  Train L2 Loss :  0.018678190775215625
Epoch :  464  Epoch time :  2.4652469428256154  Train L2 Loss :  0.01869148574471474
Epoch :  465  Epoch time :  2.456573110073805  Train L2 Loss :  0.018671366328001024
Epoch :  466  Epoch time :  2.4634786872193217  Train L2 Loss :  0.018674502035975458
Epoch :  467  Epoch time :  2.4566429145634174  Train L2 Loss :  0.01864963216036558
Epoch :  468  Epoch time :  2.4586707837879658  Train L2 Loss :  0.018649692302942274
Epoch :  469  Epoch time :  2.456327138468623  Train L2 Loss :  0.018626812128722667
Epoch :  470  Epoch time :  2.4560939744114876  Train L2 Loss :  0.018633354741334915
Epoch :  471  Epoch time :  2.453836443834007  Train L2 Loss :  0.018659067052602767
Epoch :  472  Epoch time :  2.4564060773700476  Train L2 Loss :  0.018630147036910058
Epoch :  473  Epoch time :  2.4570758920162916  Train L2 Loss :  0.018642281521856784
Epoch :  474  Epoch time :  2.4575973907485604  Train L2 Loss :  0.018629863737523556
Epoch :  475  Epoch time :  2.455638250336051  Train L2 Loss :  0.01863603245019913
Epoch :  476  Epoch time :  2.4579286510124803  Train L2 Loss :  0.018608025588095187
Epoch :  477  Epoch time :  2.4686309918761253  Train L2 Loss :  0.018601460617780684
Epoch :  478  Epoch time :  2.4660219056531787  Train L2 Loss :  0.018630057176947594
Epoch :  479  Epoch time :  2.4649023888632655  Train L2 Loss :  0.018626882284879683
Epoch :  480  Epoch time :  2.454688030295074  Train L2 Loss :  0.018662958857417106
Epoch :  481  Epoch time :  2.4511638646945357  Train L2 Loss :  0.018600939668715
Epoch :  482  Epoch time :  2.458143596537411  Train L2 Loss :  0.018593787956237794
Epoch :  483  Epoch time :  2.4606724930927157  Train L2 Loss :  0.018627766793966292
Epoch :  484  Epoch time :  2.457686706446111  Train L2 Loss :  0.018580089709162712
Epoch :  485  Epoch time :  2.4570929389446974  Train L2 Loss :  0.01859882239997387
Epoch :  486  Epoch time :  2.457400616258383  Train L2 Loss :  0.01860690916329622
Epoch :  487  Epoch time :  2.455241182819009  Train L2 Loss :  0.018590037812292577
Epoch :  488  Epoch time :  2.4572210032492876  Train L2 Loss :  0.018620145232975484
Epoch :  489  Epoch time :  2.4569631135091186  Train L2 Loss :  0.018566708101332187
Epoch :  490  Epoch time :  2.4550087051466107  Train L2 Loss :  0.01858371010273695
Epoch :  491  Epoch time :  2.4580265507102013  Train L2 Loss :  0.018574684025347232
Epoch :  492  Epoch time :  2.4633082738146186  Train L2 Loss :  0.018597123666107655
Epoch :  493  Epoch time :  2.4637142987921834  Train L2 Loss :  0.018569752283394338
Epoch :  494  Epoch time :  2.4635047344490886  Train L2 Loss :  0.01856808939576149
Epoch :  495  Epoch time :  2.4589156322181225  Train L2 Loss :  0.01860799166560173
Epoch :  496  Epoch time :  2.4537902986630797  Train L2 Loss :  0.018556711250543593
Epoch :  497  Epoch time :  2.454297788441181  Train L2 Loss :  0.018586100356280805
Epoch :  498  Epoch time :  2.4549990501254797  Train L2 Loss :  0.018564691150188446
Epoch :  499  Epoch time :  2.457105426117778  Train L2 Loss :  0.018551141637563707
Epoch :  500  Epoch time :  2.4494474278762937  Train L2 Loss :  0.017984019723534583
Epoch :  501  Epoch time :  2.453284448944032  Train L2 Loss :  0.01796723156273365
Epoch :  502  Epoch time :  2.451153000816703  Train L2 Loss :  0.0179731492087245
Epoch :  503  Epoch time :  2.458718524314463  Train L2 Loss :  0.01797844043523073
Epoch :  504  Epoch time :  2.4488743860274553  Train L2 Loss :  0.01797531313598156
Epoch :  505  Epoch time :  2.4543791376054287  Train L2 Loss :  0.017980593964457513
Epoch :  506  Epoch time :  2.452421153895557  Train L2 Loss :  0.017966080118715762
Epoch :  507  Epoch time :  2.454109003767371  Train L2 Loss :  0.017968346072733402
Epoch :  508  Epoch time :  2.4718485651537776  Train L2 Loss :  0.017991672471165655
Epoch :  509  Epoch time :  2.461401884444058  Train L2 Loss :  0.01796569322347641
Epoch :  510  Epoch time :  2.4512562612071633  Train L2 Loss :  0.017986063820123674
Epoch :  511  Epoch time :  2.4551925463601947  Train L2 Loss :  0.017960433162748812
Epoch :  512  Epoch time :  2.4571262933313847  Train L2 Loss :  0.017961674550175666
Epoch :  513  Epoch time :  2.4516656026244164  Train L2 Loss :  0.017974251742661
Epoch :  514  Epoch time :  2.456360881216824  Train L2 Loss :  0.01796385467648506
Epoch :  515  Epoch time :  2.4556689392775297  Train L2 Loss :  0.017954269506037235
Epoch :  516  Epoch time :  2.45074759144336  Train L2 Loss :  0.017948611015081405
Epoch :  517  Epoch time :  2.45350447203964  Train L2 Loss :  0.017959987923502924
Epoch :  518  Epoch time :  2.4515986321493983  Train L2 Loss :  0.017953701753914357
Epoch :  519  Epoch time :  2.451438614167273  Train L2 Loss :  0.01794974743425846
Epoch :  520  Epoch time :  2.458086399361491  Train L2 Loss :  0.017954075890779495
Epoch :  521  Epoch time :  2.450616284273565  Train L2 Loss :  0.017954654486477376
Epoch :  522  Epoch time :  2.4512877073138952  Train L2 Loss :  0.017961624997854232
Epoch :  523  Epoch time :  2.471751818433404  Train L2 Loss :  0.01793819029778242
Epoch :  524  Epoch time :  2.4679382061585784  Train L2 Loss :  0.017935849304497244
Epoch :  525  Epoch time :  2.454592709429562  Train L2 Loss :  0.017958136390149593
Epoch :  526  Epoch time :  2.451566142961383  Train L2 Loss :  0.01794776618927717
Epoch :  527  Epoch time :  2.4557275157421827  Train L2 Loss :  0.017941355343163014
Epoch :  528  Epoch time :  2.4520211331546307  Train L2 Loss :  0.01792991963624954
Epoch :  529  Epoch time :  2.4521979140117764  Train L2 Loss :  0.017944326704740523
Epoch :  530  Epoch time :  2.4514449555426836  Train L2 Loss :  0.017921932470798492
Epoch :  531  Epoch time :  2.4513474153354764  Train L2 Loss :  0.017926292407512666
Epoch :  532  Epoch time :  2.4565836722031236  Train L2 Loss :  0.017909923873841764
Epoch :  533  Epoch time :  2.4458371633663774  Train L2 Loss :  0.01793669900894165
Epoch :  534  Epoch time :  2.4656283780932426  Train L2 Loss :  0.01794230424463749
Epoch :  535  Epoch time :  2.4369830368086696  Train L2 Loss :  0.01793177944868803
Epoch :  536  Epoch time :  2.449146547354758  Train L2 Loss :  0.017932134369015695
Epoch :  537  Epoch time :  2.443260796368122  Train L2 Loss :  0.017931752449274065
Epoch :  538  Epoch time :  2.4597013322636485  Train L2 Loss :  0.01793539811819792
Epoch :  539  Epoch time :  2.447982957586646  Train L2 Loss :  0.01791589917242527
Epoch :  540  Epoch time :  2.449125859886408  Train L2 Loss :  0.017914687399566174
Epoch :  541  Epoch time :  2.432250858284533  Train L2 Loss :  0.017898607178032398
Epoch :  542  Epoch time :  2.4362910836935043  Train L2 Loss :  0.01791939577162266
Epoch :  543  Epoch time :  2.4289493281394243  Train L2 Loss :  0.017918606789410114
Epoch :  544  Epoch time :  2.445398439653218  Train L2 Loss :  0.017900655792653562
Epoch :  545  Epoch time :  2.4264646666124463  Train L2 Loss :  0.017893337674438955
Epoch :  546  Epoch time :  2.4263019850477576  Train L2 Loss :  0.01789248965382576
Epoch :  547  Epoch time :  2.425906114280224  Train L2 Loss :  0.01790855637639761
Epoch :  548  Epoch time :  2.4362465292215347  Train L2 Loss :  0.017885662604868412
Epoch :  549  Epoch time :  2.4180313516408205  Train L2 Loss :  0.017907616879045962
Epoch :  550  Epoch time :  2.4239014219492674  Train L2 Loss :  0.01789666618257761
Epoch :  551  Epoch time :  2.420321217738092  Train L2 Loss :  0.017871543188393117
Epoch :  552  Epoch time :  2.4356011878699064  Train L2 Loss :  0.01789068035930395
Epoch :  553  Epoch time :  2.4291091291233897  Train L2 Loss :  0.01788442461490631
Epoch :  554  Epoch time :  2.42302090767771  Train L2 Loss :  0.017881815069913865
Epoch :  555  Epoch time :  2.4269670052453876  Train L2 Loss :  0.017898264341056347
Epoch :  556  Epoch time :  2.418118678033352  Train L2 Loss :  0.01787903570532799
Epoch :  557  Epoch time :  2.4239762276411057  Train L2 Loss :  0.017881881362199783
Epoch :  558  Epoch time :  2.4151648404076695  Train L2 Loss :  0.017884154306352137
Epoch :  559  Epoch time :  2.4183774814009666  Train L2 Loss :  0.017868820045888426
Epoch :  560  Epoch time :  2.4131598314270377  Train L2 Loss :  0.01787452331930399
Epoch :  561  Epoch time :  2.4172073816880584  Train L2 Loss :  0.017890472742915154
Epoch :  562  Epoch time :  2.4056403059512377  Train L2 Loss :  0.01786520680785179
Epoch :  563  Epoch time :  2.407330321148038  Train L2 Loss :  0.017882741521298887
Epoch :  564  Epoch time :  2.407044544816017  Train L2 Loss :  0.01788494087457657
Epoch :  565  Epoch time :  2.4077769350260496  Train L2 Loss :  0.017862883277237417
Epoch :  566  Epoch time :  2.3959252377972007  Train L2 Loss :  0.017861774979531765
Epoch :  567  Epoch time :  2.3987687788903713  Train L2 Loss :  0.017855446860194205
Epoch :  568  Epoch time :  2.393352239392698  Train L2 Loss :  0.017867907650768757
Epoch :  569  Epoch time :  2.402315082028508  Train L2 Loss :  0.017865167367458343
Epoch :  570  Epoch time :  2.398563740774989  Train L2 Loss :  0.01786548830717802
Epoch :  571  Epoch time :  2.39594569709152  Train L2 Loss :  0.01784399069994688
Epoch :  572  Epoch time :  2.390342407859862  Train L2 Loss :  0.01783538902550936
Epoch :  573  Epoch time :  2.39736074116081  Train L2 Loss :  0.017853718726336957
Epoch :  574  Epoch time :  2.390140101313591  Train L2 Loss :  0.017843075786530972
Epoch :  575  Epoch time :  2.3925386741757393  Train L2 Loss :  0.017848692990839483
Epoch :  576  Epoch time :  2.3904331466183066  Train L2 Loss :  0.01783966347426176
Epoch :  577  Epoch time :  2.3989796601235867  Train L2 Loss :  0.017841341865062713
Epoch :  578  Epoch time :  2.383726079016924  Train L2 Loss :  0.017845393730700015
Epoch :  579  Epoch time :  2.3876481065526605  Train L2 Loss :  0.01786909522563219
Epoch :  580  Epoch time :  2.3863929947838187  Train L2 Loss :  0.01784783484041691
Epoch :  581  Epoch time :  2.38526226952672  Train L2 Loss :  0.0178457524523139
Epoch :  582  Epoch time :  2.394837320782244  Train L2 Loss :  0.017849414087831975
Epoch :  583  Epoch time :  2.3851264687255025  Train L2 Loss :  0.01784262659996748
Epoch :  584  Epoch time :  2.3854698864743114  Train L2 Loss :  0.01782808533757925
Epoch :  585  Epoch time :  2.3873209906741977  Train L2 Loss :  0.017821337962150574
Epoch :  586  Epoch time :  2.3944929987192154  Train L2 Loss :  0.01782013717442751
Epoch :  587  Epoch time :  2.3883479349315166  Train L2 Loss :  0.017835843412578108
Epoch :  588  Epoch time :  2.387034321203828  Train L2 Loss :  0.01784136639237404
Epoch :  589  Epoch time :  2.393104341812432  Train L2 Loss :  0.017824750459194183
Epoch :  590  Epoch time :  2.397458255290985  Train L2 Loss :  0.01782794854938984
Epoch :  591  Epoch time :  2.3860759008675814  Train L2 Loss :  0.017830708840489387
Epoch :  592  Epoch time :  2.3849738920107484  Train L2 Loss :  0.017831008341908455
Epoch :  593  Epoch time :  2.387841179035604  Train L2 Loss :  0.01781719806790352
Epoch :  594  Epoch time :  2.3947092946618795  Train L2 Loss :  0.017819939465820788
Epoch :  595  Epoch time :  2.399209948256612  Train L2 Loss :  0.017826155459880828
Epoch :  596  Epoch time :  2.3763862680643797  Train L2 Loss :  0.01781702655851841
Epoch :  597  Epoch time :  2.3799675730988383  Train L2 Loss :  0.01781597681045532
Epoch :  598  Epoch time :  2.382708032615483  Train L2 Loss :  0.017821987499296664
Epoch :  599  Epoch time :  2.3800390977412462  Train L2 Loss :  0.017796021631360053
Epoch :  600  Epoch time :  2.382133866660297  Train L2 Loss :  0.017501607087254525
Epoch :  601  Epoch time :  2.380566608160734  Train L2 Loss :  0.01749333803355694
Epoch :  602  Epoch time :  2.38321556057781  Train L2 Loss :  0.017500688070058824
Epoch :  603  Epoch time :  2.3823005286976695  Train L2 Loss :  0.01750369016826153
Epoch :  604  Epoch time :  2.379978086799383  Train L2 Loss :  0.017492060114443302
Epoch :  605  Epoch time :  2.381496734917164  Train L2 Loss :  0.017512399931252004
Epoch :  606  Epoch time :  2.3847381211817265  Train L2 Loss :  0.017497246173024176
Epoch :  607  Epoch time :  2.381880672648549  Train L2 Loss :  0.017493323750793936
Epoch :  608  Epoch time :  2.3790126387029886  Train L2 Loss :  0.017502789114415645
Epoch :  609  Epoch time :  2.3788953060284257  Train L2 Loss :  0.01749587802737951
Epoch :  610  Epoch time :  2.381266969256103  Train L2 Loss :  0.017490373961627483
Epoch :  611  Epoch time :  2.3809831757098436  Train L2 Loss :  0.017494793182611466
Epoch :  612  Epoch time :  2.382730735465884  Train L2 Loss :  0.017495180168747904
Epoch :  613  Epoch time :  2.382297462783754  Train L2 Loss :  0.01749477853178978
Epoch :  614  Epoch time :  2.3854005951434374  Train L2 Loss :  0.017491118727624416
Epoch :  615  Epoch time :  2.3806540155783296  Train L2 Loss :  0.017482854297757148
Epoch :  616  Epoch time :  2.382024636492133  Train L2 Loss :  0.017491732367873193
Epoch :  617  Epoch time :  2.382390411570668  Train L2 Loss :  0.01748669645190239
Epoch :  618  Epoch time :  2.3788572307676077  Train L2 Loss :  0.017484923021495343
Epoch :  619  Epoch time :  2.380071261897683  Train L2 Loss :  0.017489556461572648
Epoch :  620  Epoch time :  2.3834258066490293  Train L2 Loss :  0.017483276487886907
Epoch :  621  Epoch time :  2.3820295659825206  Train L2 Loss :  0.017491734674572944
Epoch :  622  Epoch time :  2.387555160559714  Train L2 Loss :  0.017493923316895962
Epoch :  623  Epoch time :  2.3848002245649695  Train L2 Loss :  0.0174811244353652
Epoch :  624  Epoch time :  2.3863467443734407  Train L2 Loss :  0.017477254340052605
Epoch :  625  Epoch time :  2.384064821526408  Train L2 Loss :  0.01748450902849436
Epoch :  626  Epoch time :  2.3807973051443696  Train L2 Loss :  0.017481314453482628
Epoch :  627  Epoch time :  2.3855960555374622  Train L2 Loss :  0.017487068085372447
Epoch :  628  Epoch time :  2.3794579710811377  Train L2 Loss :  0.017482601945102216
Epoch :  629  Epoch time :  2.3818660713732243  Train L2 Loss :  0.017479722860455512
Epoch :  630  Epoch time :  2.381317049264908  Train L2 Loss :  0.01747248216420412
Epoch :  631  Epoch time :  2.387237060815096  Train L2 Loss :  0.017472813089191915
Epoch :  632  Epoch time :  2.3811728451400995  Train L2 Loss :  0.01748022371530533
Epoch :  633  Epoch time :  2.385729044675827  Train L2 Loss :  0.017479806147515774
Epoch :  634  Epoch time :  2.383432324975729  Train L2 Loss :  0.01747551525980234
Epoch :  635  Epoch time :  2.3844167292118073  Train L2 Loss :  0.01747081168740988
Epoch :  636  Epoch time :  2.3849197449162602  Train L2 Loss :  0.017463805980980397
Epoch :  637  Epoch time :  2.387249886058271  Train L2 Loss :  0.01747419430911541
Epoch :  638  Epoch time :  2.379534092731774  Train L2 Loss :  0.017474347992241384
Epoch :  639  Epoch time :  2.3844675282016397  Train L2 Loss :  0.017474406626820566
Epoch :  640  Epoch time :  2.3885100204497576  Train L2 Loss :  0.017465645796060563
Epoch :  641  Epoch time :  2.386907367967069  Train L2 Loss :  0.01747502621114254
Epoch :  642  Epoch time :  2.3840969586744905  Train L2 Loss :  0.017470605009794235
Epoch :  643  Epoch time :  2.3827521577477455  Train L2 Loss :  0.017463421799242495
Epoch :  644  Epoch time :  2.3865946186706424  Train L2 Loss :  0.017466191086173057
Epoch :  645  Epoch time :  2.3817003890872  Train L2 Loss :  0.01746314595788717
Epoch :  646  Epoch time :  2.3825427312403917  Train L2 Loss :  0.017463301374018192
Epoch :  647  Epoch time :  2.381806707009673  Train L2 Loss :  0.017466197535395623
Epoch :  648  Epoch time :  2.3820241717621684  Train L2 Loss :  0.017466635739803314
Epoch :  649  Epoch time :  2.3832505736500025  Train L2 Loss :  0.01746633148044348
Epoch :  650  Epoch time :  2.383954370394349  Train L2 Loss :  0.01745759674459696
Epoch :  651  Epoch time :  2.3797991974279284  Train L2 Loss :  0.01745389774441719
Epoch :  652  Epoch time :  2.4088605912402272  Train L2 Loss :  0.017458634673058988
Epoch :  653  Epoch time :  2.3963599978014827  Train L2 Loss :  0.017453774611651898
Epoch :  654  Epoch time :  2.376494308002293  Train L2 Loss :  0.017460210677981376
Epoch :  655  Epoch time :  2.378077259287238  Train L2 Loss :  0.017453593024611472
Epoch :  656  Epoch time :  2.3793755332008004  Train L2 Loss :  0.017464623612165452
Epoch :  657  Epoch time :  2.3801570842042565  Train L2 Loss :  0.017459751288592815
Epoch :  658  Epoch time :  2.379897616803646  Train L2 Loss :  0.01745084249228239
Epoch :  659  Epoch time :  2.3890142142772675  Train L2 Loss :  0.01745335240662098
Epoch :  660  Epoch time :  2.4756393963471055  Train L2 Loss :  0.01745057287365198
Epoch :  661  Epoch time :  2.4026891281828284  Train L2 Loss :  0.0174482971906662
Epoch :  662  Epoch time :  2.41605834197253  Train L2 Loss :  0.017451575650274755
Epoch :  663  Epoch time :  2.4214815134182572  Train L2 Loss :  0.017454457296431063
Epoch :  664  Epoch time :  2.4185003973543644  Train L2 Loss :  0.017453183779120446
Epoch :  665  Epoch time :  2.419128891080618  Train L2 Loss :  0.017436055594682694
Epoch :  666  Epoch time :  2.5498479222878814  Train L2 Loss :  0.01745579945743084
Epoch :  667  Epoch time :  2.5723414793610573  Train L2 Loss :  0.017442315167188645
Epoch :  668  Epoch time :  2.569568309932947  Train L2 Loss :  0.01744450505822897
Epoch :  669  Epoch time :  2.5765124084427953  Train L2 Loss :  0.017445211705565452
Epoch :  670  Epoch time :  2.573557423427701  Train L2 Loss :  0.01744401371628046
Epoch :  671  Epoch time :  2.5713907992467284  Train L2 Loss :  0.0174494961977005
Epoch :  672  Epoch time :  2.5443993294611573  Train L2 Loss :  0.017433326894044875
Epoch :  673  Epoch time :  2.4315480245277286  Train L2 Loss :  0.0174444636836648
Epoch :  674  Epoch time :  2.4344808449968696  Train L2 Loss :  0.01743660919368267
Epoch :  675  Epoch time :  2.4176356894895434  Train L2 Loss :  0.017446738736331464
Epoch :  676  Epoch time :  2.404153029434383  Train L2 Loss :  0.017452142192423345
Epoch :  677  Epoch time :  2.4092650562524796  Train L2 Loss :  0.017445995873212813
Epoch :  678  Epoch time :  2.40713563375175  Train L2 Loss :  0.017442684032022954
Epoch :  679  Epoch time :  2.424194577150047  Train L2 Loss :  0.017437416869401933
Epoch :  680  Epoch time :  2.4103693775832653  Train L2 Loss :  0.017446155463159085
Epoch :  681  Epoch time :  2.411779932677746  Train L2 Loss :  0.0174311016947031
Epoch :  682  Epoch time :  2.409440793097019  Train L2 Loss :  0.01743502555191517
Epoch :  683  Epoch time :  2.4116131272166967  Train L2 Loss :  0.01743832966387272
Epoch :  684  Epoch time :  2.421680100262165  Train L2 Loss :  0.017434759850800036
Epoch :  685  Epoch time :  2.491623530164361  Train L2 Loss :  0.017437516598403455
Epoch :  686  Epoch time :  2.5735554480925202  Train L2 Loss :  0.01743192441612482
Epoch :  687  Epoch time :  2.5724147828295827  Train L2 Loss :  0.017432353034615516
Epoch :  688  Epoch time :  2.4634639136493206  Train L2 Loss :  0.01743352400660515
Epoch :  689  Epoch time :  2.4130680561065674  Train L2 Loss :  0.017438349045813085
Epoch :  690  Epoch time :  2.3779673911631107  Train L2 Loss :  0.017418743689358234
Epoch :  691  Epoch time :  2.406890505924821  Train L2 Loss :  0.01743747213035822
Epoch :  692  Epoch time :  2.4131020167842507  Train L2 Loss :  0.017429776775836944
Epoch :  693  Epoch time :  2.4108240148052573  Train L2 Loss :  0.017424443513154985
Epoch :  694  Epoch time :  2.413225634023547  Train L2 Loss :  0.01742602849751711
Epoch :  695  Epoch time :  2.4142361348494887  Train L2 Loss :  0.01742692858874798
Epoch :  696  Epoch time :  2.414107020944357  Train L2 Loss :  0.017429394540190695
Epoch :  697  Epoch time :  2.4153376258909702  Train L2 Loss :  0.017428362077474596
Epoch :  698  Epoch time :  2.4159391559660435  Train L2 Loss :  0.01742305336147547
Epoch :  699  Epoch time :  2.493234610185027  Train L2 Loss :  0.017423607708513738
Epoch :  700  Epoch time :  2.570930087007582  Train L2 Loss :  0.01725884534865618
Epoch :  701  Epoch time :  2.5723862443119287  Train L2 Loss :  0.017255559058487416
Epoch :  702  Epoch time :  2.5729267112910748  Train L2 Loss :  0.017251720614731313
Epoch :  703  Epoch time :  2.5724150901660323  Train L2 Loss :  0.017256939521431924
Epoch :  704  Epoch time :  2.5722158858552575  Train L2 Loss :  0.017254738374054432
Epoch :  705  Epoch time :  2.5691096307709813  Train L2 Loss :  0.01725254499912262
Epoch :  706  Epoch time :  2.444020079448819  Train L2 Loss :  0.017262920928001402
Epoch :  707  Epoch time :  2.4097692100331187  Train L2 Loss :  0.017255733335018158
Epoch :  708  Epoch time :  2.410767475143075  Train L2 Loss :  0.01725308584421873
Epoch :  709  Epoch time :  2.4139529606327415  Train L2 Loss :  0.01725479677468538
Epoch :  710  Epoch time :  2.412686047144234  Train L2 Loss :  0.01725475707948208
Epoch :  711  Epoch time :  2.409142427146435  Train L2 Loss :  0.017257056051492692
Epoch :  712  Epoch time :  2.4129263339564204  Train L2 Loss :  0.017247385329008103
Epoch :  713  Epoch time :  2.410943079739809  Train L2 Loss :  0.017253822396695612
Epoch :  714  Epoch time :  2.4266552114859223  Train L2 Loss :  0.017252155527472494
Epoch :  715  Epoch time :  2.4274235041812062  Train L2 Loss :  0.017249289928376675
Epoch :  716  Epoch time :  2.4091014098376036  Train L2 Loss :  0.01724705415815115
Epoch :  717  Epoch time :  2.4045246727764606  Train L2 Loss :  0.01725064529776573
Epoch :  718  Epoch time :  2.4147760374471545  Train L2 Loss :  0.017251527965068816
Epoch :  719  Epoch time :  2.3978647608309984  Train L2 Loss :  0.017248486030101776
Epoch :  720  Epoch time :  2.4089642129838467  Train L2 Loss :  0.017247873713076116
Epoch :  721  Epoch time :  2.458175419829786  Train L2 Loss :  0.017245202055573464
Epoch :  722  Epoch time :  2.4203416518867016  Train L2 Loss :  0.017241916339099408
Epoch :  723  Epoch time :  2.422269433736801  Train L2 Loss :  0.017242846615612508
Epoch :  724  Epoch time :  2.4201691346243024  Train L2 Loss :  0.01724533750861883
Epoch :  725  Epoch time :  2.410726516507566  Train L2 Loss :  0.017242020773887635
Epoch :  726  Epoch time :  2.41197451017797  Train L2 Loss :  0.017239326015114784
Epoch :  727  Epoch time :  2.557144680991769  Train L2 Loss :  0.017240596596896647
Epoch :  728  Epoch time :  2.5698713567107916  Train L2 Loss :  0.01723372051566839
Epoch :  729  Epoch time :  2.5818742448464036  Train L2 Loss :  0.017241589795053004
Epoch :  730  Epoch time :  2.586312288418412  Train L2 Loss :  0.017237603801488876
Epoch :  731  Epoch time :  2.5740653639659286  Train L2 Loss :  0.017229598489403725
Epoch :  732  Epoch time :  2.5427516773343086  Train L2 Loss :  0.017231823389232157
Epoch :  733  Epoch time :  2.425328152254224  Train L2 Loss :  0.017230403530597686
Epoch :  734  Epoch time :  2.4372655423358083  Train L2 Loss :  0.017235168723762035
Epoch :  735  Epoch time :  2.4363077878952026  Train L2 Loss :  0.017229409699141978
Epoch :  736  Epoch time :  2.415678988210857  Train L2 Loss :  0.0172295112401247
Epoch :  737  Epoch time :  2.40571541339159  Train L2 Loss :  0.0172288340523839
Epoch :  738  Epoch time :  2.4082474540919065  Train L2 Loss :  0.017233177405595778
Epoch :  739  Epoch time :  2.4104916052892804  Train L2 Loss :  0.017223632614314557
Epoch :  740  Epoch time :  2.411777821369469  Train L2 Loss :  0.017226423503458498
Epoch :  741  Epoch time :  2.4086688784882426  Train L2 Loss :  0.017224675011634827
Epoch :  742  Epoch time :  2.4137764340266585  Train L2 Loss :  0.017230784004926683
Epoch :  743  Epoch time :  2.428711229003966  Train L2 Loss :  0.017222893700003624
Epoch :  744  Epoch time :  2.416172224096954  Train L2 Loss :  0.017217473062872888
Epoch :  745  Epoch time :  2.4138244725763798  Train L2 Loss :  0.017219620068371296
Epoch :  746  Epoch time :  2.410956608131528  Train L2 Loss :  0.01721779019087553
Epoch :  747  Epoch time :  2.3946507582440972  Train L2 Loss :  0.017215549255907535
Epoch :  748  Epoch time :  2.407605402171612  Train L2 Loss :  0.01721900843977928
Epoch :  749  Epoch time :  2.4089512657374144  Train L2 Loss :  0.01722060644477606
Epoch :  750  Epoch time :  2.4067143220454454  Train L2 Loss :  0.01721419581025839
Epoch :  751  Epoch time :  2.4103749189525843  Train L2 Loss :  0.017212567628920077
Epoch :  752  Epoch time :  2.407773236744106  Train L2 Loss :  0.01720824681520462
Epoch :  753  Epoch time :  2.408587192185223  Train L2 Loss :  0.01721306773275137
Epoch :  754  Epoch time :  2.4136833352968097  Train L2 Loss :  0.01720773765295744
Epoch :  755  Epoch time :  2.421543219126761  Train L2 Loss :  0.01720764625221491
Epoch :  756  Epoch time :  2.4349471665918827  Train L2 Loss :  0.017209884591400625
Epoch :  757  Epoch time :  2.5676344465464354  Train L2 Loss :  0.017208455649018288
Epoch :  758  Epoch time :  2.5720925591886044  Train L2 Loss :  0.017208626490831377
Epoch :  759  Epoch time :  2.5265954127535224  Train L2 Loss :  0.01720417011231184
Epoch :  760  Epoch time :  2.416519624181092  Train L2 Loss :  0.01720885801911354
Epoch :  761  Epoch time :  2.412625945173204  Train L2 Loss :  0.017206366616487504
Epoch :  762  Epoch time :  2.416890379972756  Train L2 Loss :  0.017208133797347546
Epoch :  763  Epoch time :  2.414444106630981  Train L2 Loss :  0.01720431567877531
Epoch :  764  Epoch time :  2.4158810060471296  Train L2 Loss :  0.017200316187739373
Epoch :  765  Epoch time :  2.41329762712121  Train L2 Loss :  0.01720251754820347
Epoch :  766  Epoch time :  2.4135869862511754  Train L2 Loss :  0.017205716043710708
Epoch :  767  Epoch time :  2.4137610252946615  Train L2 Loss :  0.017195848140120505
Epoch :  768  Epoch time :  2.419076768681407  Train L2 Loss :  0.01719975596666336
Epoch :  769  Epoch time :  2.4188445331528783  Train L2 Loss :  0.017201958633959295
Epoch :  770  Epoch time :  2.4264672501012683  Train L2 Loss :  0.017199804662168024
Epoch :  771  Epoch time :  2.4167057871818542  Train L2 Loss :  0.017197220681607724
Epoch :  772  Epoch time :  2.4174644127488136  Train L2 Loss :  0.017198161999881268
Epoch :  773  Epoch time :  2.4135744217783213  Train L2 Loss :  0.017189980998635293
Epoch :  774  Epoch time :  2.419308567419648  Train L2 Loss :  0.017189012041687966
Epoch :  775  Epoch time :  2.4174136631190777  Train L2 Loss :  0.017194456757605076
Epoch :  776  Epoch time :  2.416810787282884  Train L2 Loss :  0.017188726434111595
Epoch :  777  Epoch time :  2.413418519310653  Train L2 Loss :  0.01718958536684513
Epoch :  778  Epoch time :  2.4181230645626783  Train L2 Loss :  0.01718632116317749
Epoch :  779  Epoch time :  2.418146080337465  Train L2 Loss :  0.01718445327281952
Epoch :  780  Epoch time :  2.394349854439497  Train L2 Loss :  0.01718423925191164
Epoch :  781  Epoch time :  2.440348864533007  Train L2 Loss :  0.0171822214320302
Epoch :  782  Epoch time :  2.430390514433384  Train L2 Loss :  0.017179849526286126
Epoch :  783  Epoch time :  2.547816132195294  Train L2 Loss :  0.017176649063825607
Epoch :  784  Epoch time :  2.572003156878054  Train L2 Loss :  0.01718299791663885
Epoch :  785  Epoch time :  2.578147820197046  Train L2 Loss :  0.017178341946005822
Epoch :  786  Epoch time :  2.5724696200340986  Train L2 Loss :  0.017178037175536155
Epoch :  787  Epoch time :  2.5710606994107366  Train L2 Loss :  0.017172083516418933
Epoch :  788  Epoch time :  2.576048567891121  Train L2 Loss :  0.017177704261243345
Epoch :  789  Epoch time :  2.4632911989465356  Train L2 Loss :  0.01717695874273777
Epoch :  790  Epoch time :  2.433781199157238  Train L2 Loss :  0.017173682609200477
Epoch :  791  Epoch time :  2.416145524941385  Train L2 Loss :  0.017170130716264248
Epoch :  792  Epoch time :  2.4170000264421105  Train L2 Loss :  0.0171696326225996
Epoch :  793  Epoch time :  2.4167511705309153  Train L2 Loss :  0.017165654870867728
Epoch :  794  Epoch time :  2.4129005586728454  Train L2 Loss :  0.017168367324769496
Epoch :  795  Epoch time :  2.41824555862695  Train L2 Loss :  0.017168844319880007
Epoch :  796  Epoch time :  2.4123507337644696  Train L2 Loss :  0.017171835055947302
Epoch :  797  Epoch time :  2.414312807843089  Train L2 Loss :  0.01715990463197231
Epoch :  798  Epoch time :  2.4138686759397388  Train L2 Loss :  0.017160674892365932
Epoch :  799  Epoch time :  2.4186029536649585  Train L2 Loss :  0.017159403374791146
Epoch :  800  Epoch time :  2.4099534694105387  Train L2 Loss :  0.01707469724267721
Epoch :  801  Epoch time :  2.4495374653488398  Train L2 Loss :  0.01707204377502203
Epoch :  802  Epoch time :  2.434568935073912  Train L2 Loss :  0.01707142181545496
Epoch :  803  Epoch time :  2.4171438571065664  Train L2 Loss :  0.01707046118080616
Epoch :  804  Epoch time :  2.4148002080619335  Train L2 Loss :  0.01707020093947649
Epoch :  805  Epoch time :  2.4193181060254574  Train L2 Loss :  0.01706842350959778
Epoch :  806  Epoch time :  2.415866776369512  Train L2 Loss :  0.017069313916563987
Epoch :  807  Epoch time :  2.4125129031017423  Train L2 Loss :  0.017070183600485324
Epoch :  808  Epoch time :  2.4151707403361797  Train L2 Loss :  0.01706947264522314
Epoch :  809  Epoch time :  2.4238699600100517  Train L2 Loss :  0.01706732377111912
Epoch :  810  Epoch time :  2.417306939139962  Train L2 Loss :  0.017066678185760974
Epoch :  811  Epoch time :  2.4179215375334024  Train L2 Loss :  0.01706589068621397
Epoch :  812  Epoch time :  2.475697608664632  Train L2 Loss :  0.017069083635509016
Epoch :  813  Epoch time :  2.4499151492491364  Train L2 Loss :  0.01706310595870018
Epoch :  814  Epoch time :  2.435728443786502  Train L2 Loss :  0.017063066068291666
Epoch :  815  Epoch time :  2.4345103604719043  Train L2 Loss :  0.01706136004179716
Epoch :  816  Epoch time :  2.432263939641416  Train L2 Loss :  0.017063659499585628
Epoch :  817  Epoch time :  2.420851895585656  Train L2 Loss :  0.017066320404410362
Epoch :  818  Epoch time :  2.4233433669432998  Train L2 Loss :  0.01706175632029772
Epoch :  819  Epoch time :  2.4214471392333508  Train L2 Loss :  0.017061998057365416
Epoch :  820  Epoch time :  2.4206594228744507  Train L2 Loss :  0.017062490075826643
Epoch :  821  Epoch time :  2.416785013861954  Train L2 Loss :  0.01705837180018425
Epoch :  822  Epoch time :  2.4142406610772014  Train L2 Loss :  0.017060643553733826
Epoch :  823  Epoch time :  2.4156299848109484  Train L2 Loss :  0.01706090028733015
Epoch :  824  Epoch time :  2.41969923209399  Train L2 Loss :  0.01705801179856062
Epoch :  825  Epoch time :  2.4277106635272503  Train L2 Loss :  0.017059877736866475
Epoch :  826  Epoch time :  2.4440679317340255  Train L2 Loss :  0.017059415838122368
Epoch :  827  Epoch time :  2.439971457235515  Train L2 Loss :  0.0170598785802722
Epoch :  828  Epoch time :  2.4457102892920375  Train L2 Loss :  0.01705592150390148
Epoch :  829  Epoch time :  2.446347512304783  Train L2 Loss :  0.0170563242867589
Epoch :  830  Epoch time :  2.4396529123187065  Train L2 Loss :  0.01705341854095459
Epoch :  831  Epoch time :  2.4377923477441072  Train L2 Loss :  0.017054579120874405
Epoch :  832  Epoch time :  2.4435286363586783  Train L2 Loss :  0.017053419931232928
Epoch :  833  Epoch time :  2.44016002304852  Train L2 Loss :  0.017051899681985377
Epoch :  834  Epoch time :  2.4366336977109313  Train L2 Loss :  0.0170519972294569
Epoch :  835  Epoch time :  2.426735213957727  Train L2 Loss :  0.017050611506402493
Epoch :  836  Epoch time :  2.4297562018036842  Train L2 Loss :  0.017052749890089036
Epoch :  837  Epoch time :  2.572171895764768  Train L2 Loss :  0.017048919567465782
Epoch :  838  Epoch time :  2.609008132480085  Train L2 Loss :  0.017049073070287704
Epoch :  839  Epoch time :  2.545379343442619  Train L2 Loss :  0.017047766238451004
Epoch :  840  Epoch time :  2.419779951684177  Train L2 Loss :  0.017050662553310395
Epoch :  841  Epoch time :  2.4172311360016465  Train L2 Loss :  0.01704613796621561
Epoch :  842  Epoch time :  2.420808191411197  Train L2 Loss :  0.017049700213968753
Epoch :  843  Epoch time :  2.4238394424319267  Train L2 Loss :  0.0170459364131093
Epoch :  844  Epoch time :  2.419447279535234  Train L2 Loss :  0.017043998081982134
Epoch :  845  Epoch time :  2.422056619077921  Train L2 Loss :  0.017045423462986944
Epoch :  846  Epoch time :  2.4189566699787974  Train L2 Loss :  0.017043011079728602
Epoch :  847  Epoch time :  2.424384068697691  Train L2 Loss :  0.017041733804345132
Epoch :  848  Epoch time :  2.4212745521217585  Train L2 Loss :  0.0170428328409791
Epoch :  849  Epoch time :  2.491548513993621  Train L2 Loss :  0.017040467298030854
Epoch :  850  Epoch time :  2.578183631412685  Train L2 Loss :  0.017041568976640702
Epoch :  851  Epoch time :  2.5787008553743362  Train L2 Loss :  0.017036924359202385
Epoch :  852  Epoch time :  2.5798013620078564  Train L2 Loss :  0.017041827972233296
Epoch :  853  Epoch time :  2.580095794983208  Train L2 Loss :  0.017040145805478097
Epoch :  854  Epoch time :  2.582826408557594  Train L2 Loss :  0.017038584023714064
Epoch :  855  Epoch time :  2.5777973737567663  Train L2 Loss :  0.017038125568628312
Epoch :  856  Epoch time :  2.5840739188715816  Train L2 Loss :  0.017036468520760538
Epoch :  857  Epoch time :  2.4858808675780892  Train L2 Loss :  0.017036532920598983
Epoch :  858  Epoch time :  2.4226740077137947  Train L2 Loss :  0.01703642572015524
Epoch :  859  Epoch time :  2.4291770504787564  Train L2 Loss :  0.017031739681959153
Epoch :  860  Epoch time :  2.4238839223980904  Train L2 Loss :  0.017033361403644084
Epoch :  861  Epoch time :  2.4280025800690055  Train L2 Loss :  0.017031220617890357
Epoch :  862  Epoch time :  2.4188188686966896  Train L2 Loss :  0.017033090966939925
Epoch :  863  Epoch time :  2.4207577016204596  Train L2 Loss :  0.017033607012033464
Epoch :  864  Epoch time :  2.421243667602539  Train L2 Loss :  0.017030057856440545
Epoch :  865  Epoch time :  2.4257349260151386  Train L2 Loss :  0.01702911937534809
Epoch :  866  Epoch time :  2.4173115994781256  Train L2 Loss :  0.01703017325848341
Epoch :  867  Epoch time :  2.403609805740416  Train L2 Loss :  0.017026326505839826
Epoch :  868  Epoch time :  2.411224297247827  Train L2 Loss :  0.017029235726594923
Epoch :  869  Epoch time :  2.528549241833389  Train L2 Loss :  0.01703097734898329
Epoch :  870  Epoch time :  2.453907706774771  Train L2 Loss :  0.017029409474134446
Epoch :  871  Epoch time :  2.5824175495654345  Train L2 Loss :  0.017024533496797084
Epoch :  872  Epoch time :  2.5849001724272966  Train L2 Loss :  0.01702906971424818
Epoch :  873  Epoch time :  2.5834991801530123  Train L2 Loss :  0.01702410332262516
Epoch :  874  Epoch time :  2.581485708244145  Train L2 Loss :  0.01702270452976227
Epoch :  875  Epoch time :  2.583603552542627  Train L2 Loss :  0.0170239962592721
Epoch :  876  Epoch time :  2.578330115415156  Train L2 Loss :  0.017025108522176743
Epoch :  877  Epoch time :  2.605276028625667  Train L2 Loss :  0.017019606652855873
Epoch :  878  Epoch time :  2.5857232473790646  Train L2 Loss :  0.017022298020124435
Epoch :  879  Epoch time :  2.5826025288552046  Train L2 Loss :  0.017022616137564183
Epoch :  880  Epoch time :  2.4977429723367095  Train L2 Loss :  0.017020632420480252
Epoch :  881  Epoch time :  2.425165834836662  Train L2 Loss :  0.01701977235674858
Epoch :  882  Epoch time :  2.4262925209477544  Train L2 Loss :  0.01701835281252861
Epoch :  883  Epoch time :  2.4248021030798554  Train L2 Loss :  0.017020547111332416
Epoch :  884  Epoch time :  2.4201911110430956  Train L2 Loss :  0.017018128679692743
Epoch :  885  Epoch time :  2.426434482447803  Train L2 Loss :  0.017015387497842312
Epoch :  886  Epoch time :  2.4171096282079816  Train L2 Loss :  0.017013927780091764
Epoch :  887  Epoch time :  2.4227646151557565  Train L2 Loss :  0.017012988065183164
Epoch :  888  Epoch time :  2.4227464040741324  Train L2 Loss :  0.017014641577005385
Epoch :  889  Epoch time :  2.423077597282827  Train L2 Loss :  0.01701521125882864
Epoch :  890  Epoch time :  2.419057359918952  Train L2 Loss :  0.01701699783504009
Epoch :  891  Epoch time :  2.420346370898187  Train L2 Loss :  0.017012496623396874
Epoch :  892  Epoch time :  2.4204218750819564  Train L2 Loss :  0.01701287165135145
Epoch :  893  Epoch time :  2.422564337030053  Train L2 Loss :  0.01701213929504156
Epoch :  894  Epoch time :  2.426337316632271  Train L2 Loss :  0.017009945514798164
Epoch :  895  Epoch time :  2.4239752870053053  Train L2 Loss :  0.017013677763938903
Epoch :  896  Epoch time :  2.421775325201452  Train L2 Loss :  0.01701197274327278
Epoch :  897  Epoch time :  2.423621437512338  Train L2 Loss :  0.017008116188645363
Epoch :  898  Epoch time :  2.4371875692158937  Train L2 Loss :  0.01700906117409468
Epoch :  899  Epoch time :  2.399312893860042  Train L2 Loss :  0.017006494471430777
Epoch :  900  Epoch time :  2.5127372685819864  Train L2 Loss :  0.0169631245136261
Epoch :  901  Epoch time :  2.581507485359907  Train L2 Loss :  0.016959308108687402
Epoch :  902  Epoch time :  2.588680953718722  Train L2 Loss :  0.016960084253549577
Epoch :  903  Epoch time :  2.4691951172426343  Train L2 Loss :  0.016961249916255475
Epoch :  904  Epoch time :  2.427432426251471  Train L2 Loss :  0.016959373067319393
Epoch :  905  Epoch time :  2.4263735357671976  Train L2 Loss :  0.01696001655459404
Epoch :  906  Epoch time :  2.426409219391644  Train L2 Loss :  0.016959141521155834
Epoch :  907  Epoch time :  2.424855944700539  Train L2 Loss :  0.016960009756684304
Epoch :  908  Epoch time :  2.435591649264097  Train L2 Loss :  0.016959241308271884
Epoch :  909  Epoch time :  2.4295748081058264  Train L2 Loss :  0.016958966970443724
Epoch :  910  Epoch time :  2.424430023878813  Train L2 Loss :  0.01695809105783701
Epoch :  911  Epoch time :  2.4266551164910197  Train L2 Loss :  0.016958437326550484
Epoch :  912  Epoch time :  2.423602649010718  Train L2 Loss :  0.0169582540422678
Epoch :  913  Epoch time :  2.4263827996328473  Train L2 Loss :  0.01695630493015051
Epoch :  914  Epoch time :  2.4259763350710273  Train L2 Loss :  0.016956487160921095
Epoch :  915  Epoch time :  2.424242132343352  Train L2 Loss :  0.016957607083022595
Epoch :  916  Epoch time :  2.427308709360659  Train L2 Loss :  0.016955559387803076
Epoch :  917  Epoch time :  2.423573011532426  Train L2 Loss :  0.016954686172306537
Epoch :  918  Epoch time :  2.4286900805309415  Train L2 Loss :  0.016956573869287967
Epoch :  919  Epoch time :  2.424250727519393  Train L2 Loss :  0.016954357770085336
Epoch :  920  Epoch time :  2.4404928712174296  Train L2 Loss :  0.01695443350970745
Epoch :  921  Epoch time :  2.4406534573063254  Train L2 Loss :  0.016955568480491637
Epoch :  922  Epoch time :  2.43471634760499  Train L2 Loss :  0.016956563383340836
Epoch :  923  Epoch time :  2.427324744872749  Train L2 Loss :  0.016954457528889178
Epoch :  924  Epoch time :  2.4286946589127183  Train L2 Loss :  0.016955197183787823
Epoch :  925  Epoch time :  2.4272555457428098  Train L2 Loss :  0.016955221004784107
Epoch :  926  Epoch time :  2.417260873131454  Train L2 Loss :  0.01695374928712845
Epoch :  927  Epoch time :  2.421193327754736  Train L2 Loss :  0.016953235080838205
Epoch :  928  Epoch time :  2.424810397438705  Train L2 Loss :  0.016953791774809362
Epoch :  929  Epoch time :  2.4398609921336174  Train L2 Loss :  0.01695400264710188
Epoch :  930  Epoch time :  2.4392406437546015  Train L2 Loss :  0.016951919482648372
Epoch :  931  Epoch time :  2.4484079238027334  Train L2 Loss :  0.016950424560904502
Epoch :  932  Epoch time :  2.4434446934610605  Train L2 Loss :  0.016953856745362282
Epoch :  933  Epoch time :  2.448805038817227  Train L2 Loss :  0.016951124706864357
Epoch :  934  Epoch time :  2.443945503793657  Train L2 Loss :  0.01695286690145731
Epoch :  935  Epoch time :  2.450165305286646  Train L2 Loss :  0.016949144566059112
Epoch :  936  Epoch time :  2.437499564141035  Train L2 Loss :  0.016950879347324373
Epoch :  937  Epoch time :  2.4284850358963013  Train L2 Loss :  0.016949582198262213
Epoch :  938  Epoch time :  2.416554714553058  Train L2 Loss :  0.0169512502014637
Epoch :  939  Epoch time :  2.4183822497725487  Train L2 Loss :  0.016949993063509465
Epoch :  940  Epoch time :  2.4185361294075847  Train L2 Loss :  0.0169502757281065
Epoch :  941  Epoch time :  2.4158764546737075  Train L2 Loss :  0.01695017684698105
Epoch :  942  Epoch time :  2.4177479557693005  Train L2 Loss :  0.01694891918003559
Epoch :  943  Epoch time :  2.4171644132584333  Train L2 Loss :  0.01694838295429945
Epoch :  944  Epoch time :  2.4150484558194876  Train L2 Loss :  0.016947581121325495
Epoch :  945  Epoch time :  2.4146439731121063  Train L2 Loss :  0.01694843171685934
Epoch :  946  Epoch time :  2.403094306588173  Train L2 Loss :  0.016947417093813418
Epoch :  947  Epoch time :  2.411002876237035  Train L2 Loss :  0.016947269536554812
Epoch :  948  Epoch time :  2.423841998912394  Train L2 Loss :  0.01694761039465666
Epoch :  949  Epoch time :  2.4300173707306385  Train L2 Loss :  0.016947279611229896
Epoch :  950  Epoch time :  2.5392896896228194  Train L2 Loss :  0.01694572725892067
Epoch :  951  Epoch time :  2.573146816343069  Train L2 Loss :  0.016946820802986623
Epoch :  952  Epoch time :  2.578801770694554  Train L2 Loss :  0.016948162902891636
Epoch :  953  Epoch time :  2.5771556524559855  Train L2 Loss :  0.016946841453015803
Epoch :  954  Epoch time :  2.5850303675979376  Train L2 Loss :  0.016946524223685266
Epoch :  955  Epoch time :  2.586118164472282  Train L2 Loss :  0.016945009475946425
Epoch :  956  Epoch time :  2.58263895008713  Train L2 Loss :  0.016946269439160822
Epoch :  957  Epoch time :  2.5837579257786274  Train L2 Loss :  0.016946716426312923
Epoch :  958  Epoch time :  2.587047379463911  Train L2 Loss :  0.016945577181875705
Epoch :  959  Epoch time :  2.571027934551239  Train L2 Loss :  0.01694518020004034
Epoch :  960  Epoch time :  2.4349556658416986  Train L2 Loss :  0.016942506077885628
Epoch :  961  Epoch time :  2.438133397139609  Train L2 Loss :  0.01694345422834158
Epoch :  962  Epoch time :  2.434189712628722  Train L2 Loss :  0.01694402042776346
Epoch :  963  Epoch time :  2.397131954319775  Train L2 Loss :  0.01694365358501673
Epoch :  964  Epoch time :  2.4647234342992306  Train L2 Loss :  0.016941815349459648
Epoch :  965  Epoch time :  2.5821452513337135  Train L2 Loss :  0.016941614598035813
Epoch :  966  Epoch time :  2.585290653631091  Train L2 Loss :  0.01694371045231819
Epoch :  967  Epoch time :  2.4995787972584367  Train L2 Loss :  0.016943112149834634
Epoch :  968  Epoch time :  2.423700701445341  Train L2 Loss :  0.016941905020177363
Epoch :  969  Epoch time :  2.4189146384596825  Train L2 Loss :  0.016941556356847288
Epoch :  970  Epoch time :  2.5308750960975885  Train L2 Loss :  0.016941516411304473
Epoch :  971  Epoch time :  2.581141601316631  Train L2 Loss :  0.01693960390686989
Epoch :  972  Epoch time :  2.584521803073585  Train L2 Loss :  0.016940448477864266
Epoch :  973  Epoch time :  2.5821038046851754  Train L2 Loss :  0.01694131733775139
Epoch :  974  Epoch time :  2.5886063994839787  Train L2 Loss :  0.01694114078730345
Epoch :  975  Epoch time :  2.583731451071799  Train L2 Loss :  0.01694000333994627
Epoch :  976  Epoch time :  2.5823410991579294  Train L2 Loss :  0.016939876109361648
Epoch :  977  Epoch time :  2.5854503326117992  Train L2 Loss :  0.016939017620682718
Epoch :  978  Epoch time :  2.446658887900412  Train L2 Loss :  0.016938150164484977
Epoch :  979  Epoch time :  2.4277976360172033  Train L2 Loss :  0.016939261849224566
Epoch :  980  Epoch time :  2.443370674736798  Train L2 Loss :  0.0169405433177948
Epoch :  981  Epoch time :  2.409831952303648  Train L2 Loss :  0.01693772539794445
Epoch :  982  Epoch time :  2.486338813789189  Train L2 Loss :  0.016938526892662047
Epoch :  983  Epoch time :  2.4730670899152756  Train L2 Loss :  0.01693793007582426
Epoch :  984  Epoch time :  2.5092509370297194  Train L2 Loss :  0.0169391871124506
Epoch :  985  Epoch time :  2.5845869490876794  Train L2 Loss :  0.016936867989599706
Epoch :  986  Epoch time :  2.590361305512488  Train L2 Loss :  0.016937572257220746
Epoch :  987  Epoch time :  2.5904214419424534  Train L2 Loss :  0.01693835086375475
Epoch :  988  Epoch time :  2.598674808628857  Train L2 Loss :  0.016937014591693878
Epoch :  989  Epoch time :  2.590429696254432  Train L2 Loss :  0.016937278053164483
Epoch :  990  Epoch time :  2.5862295432016253  Train L2 Loss :  0.01693734633177519
Epoch :  991  Epoch time :  2.587037450633943  Train L2 Loss :  0.016937564988434316
Epoch :  992  Epoch time :  2.5914431838318706  Train L2 Loss :  0.01693642788231373
Epoch :  993  Epoch time :  2.5905923983082175  Train L2 Loss :  0.016937064673006534
Epoch :  994  Epoch time :  2.4383082166314125  Train L2 Loss :  0.016934823788702487
Epoch :  995  Epoch time :  2.416842244565487  Train L2 Loss :  0.016934470829367637
Epoch :  996  Epoch time :  2.5504805194213986  Train L2 Loss :  0.016936519856750966
Epoch :  997  Epoch time :  2.5919621335342526  Train L2 Loss :  0.01693534185886383
Epoch :  998  Epoch time :  2.5877833710983396  Train L2 Loss :  0.016935022023320197
Epoch :  999  Epoch time :  2.435338436625898  Train L2 Loss :  0.016935355177521705
Total time is : 2506.0404055742547 Total epoch is  1000
