Energy is  1.0547118733938987e-14
Input dim :  128  output dim :  4096
1380865
Epoch :  0  Epoch time :  3.3415805408731103  Train L2 Loss :  4.366414128303528
Epoch :  1  Epoch time :  3.151861296966672  Train L2 Loss :  1.4110616295814513
Epoch :  2  Epoch time :  3.1590413339436054  Train L2 Loss :  0.8342214924812317
Epoch :  3  Epoch time :  3.1554342322051525  Train L2 Loss :  0.5566881539344788
Epoch :  4  Epoch time :  3.1770559567958117  Train L2 Loss :  0.4534801215171814
Epoch :  5  Epoch time :  3.1820316426455975  Train L2 Loss :  0.4174920693397522
Epoch :  6  Epoch time :  3.169917947612703  Train L2 Loss :  0.35921309747695923
Epoch :  7  Epoch time :  3.15390513651073  Train L2 Loss :  0.32962612941265107
Epoch :  8  Epoch time :  3.1582850590348244  Train L2 Loss :  0.29939631130695343
Epoch :  9  Epoch time :  3.159828122705221  Train L2 Loss :  0.2677418508768082
Epoch :  10  Epoch time :  3.19892362318933  Train L2 Loss :  0.23792194864749908
Epoch :  11  Epoch time :  3.1876481072977185  Train L2 Loss :  0.23209733154773712
Epoch :  12  Epoch time :  3.1677043111994863  Train L2 Loss :  0.2225012645959854
Epoch :  13  Epoch time :  3.1702102590352297  Train L2 Loss :  0.20555107700824737
Epoch :  14  Epoch time :  3.174628804437816  Train L2 Loss :  0.1908680897951126
Epoch :  15  Epoch time :  3.1702741207554936  Train L2 Loss :  0.1969186042547226
Epoch :  16  Epoch time :  3.1744409296661615  Train L2 Loss :  0.17159084920883177
Epoch :  17  Epoch time :  3.181565777398646  Train L2 Loss :  0.17659429315328598
Epoch :  18  Epoch time :  3.2162537230178714  Train L2 Loss :  0.16030610282421112
Epoch :  19  Epoch time :  3.183490184135735  Train L2 Loss :  0.16602387274503708
Epoch :  20  Epoch time :  3.1716566681861877  Train L2 Loss :  0.15905757864713668
Epoch :  21  Epoch time :  3.1695145834237337  Train L2 Loss :  0.15499347718954087
Epoch :  22  Epoch time :  3.171565673314035  Train L2 Loss :  0.14400913350582123
Epoch :  23  Epoch time :  3.1743291886523366  Train L2 Loss :  0.1491676570534706
Epoch :  24  Epoch time :  3.1871529864147305  Train L2 Loss :  0.14124961820840837
Epoch :  25  Epoch time :  3.212977004237473  Train L2 Loss :  0.13642798269987105
Epoch :  26  Epoch time :  3.182543972507119  Train L2 Loss :  0.12757448687553405
Epoch :  27  Epoch time :  3.171842305921018  Train L2 Loss :  0.13423379452228545
Epoch :  28  Epoch time :  3.1734489845111966  Train L2 Loss :  0.12086234214305877
Epoch :  29  Epoch time :  3.1737951105460525  Train L2 Loss :  0.11998102178573608
Epoch :  30  Epoch time :  3.1741348076611757  Train L2 Loss :  0.1146385761976242
Epoch :  31  Epoch time :  3.170386482961476  Train L2 Loss :  0.11126268156766891
Epoch :  32  Epoch time :  3.173077614977956  Train L2 Loss :  0.11147914988994598
Epoch :  33  Epoch time :  3.194772052578628  Train L2 Loss :  0.10810002080202102
Epoch :  34  Epoch time :  3.203447717241943  Train L2 Loss :  0.10939864510297775
Epoch :  35  Epoch time :  3.195408849976957  Train L2 Loss :  0.09831307755708694
Epoch :  36  Epoch time :  3.1744064753875136  Train L2 Loss :  0.09616270995140076
Epoch :  37  Epoch time :  3.17516172491014  Train L2 Loss :  0.10051841452121735
Epoch :  38  Epoch time :  3.1773324124515057  Train L2 Loss :  0.0948480924487114
Epoch :  39  Epoch time :  3.1727986857295036  Train L2 Loss :  0.08891412955522537
Epoch :  40  Epoch time :  3.1725277537479997  Train L2 Loss :  0.09143385442495346
Epoch :  41  Epoch time :  3.173504295758903  Train L2 Loss :  0.0920238438129425
Epoch :  42  Epoch time :  3.174627223983407  Train L2 Loss :  0.08082530034780502
Epoch :  43  Epoch time :  3.190239753574133  Train L2 Loss :  0.08415684117078781
Epoch :  44  Epoch time :  3.2045176904648542  Train L2 Loss :  0.08523077639341355
Epoch :  45  Epoch time :  3.198046050965786  Train L2 Loss :  0.08086210238933564
Epoch :  46  Epoch time :  3.1799331614747643  Train L2 Loss :  0.08119380722641945
Epoch :  47  Epoch time :  3.174608868546784  Train L2 Loss :  0.07903498666286468
Epoch :  48  Epoch time :  3.1727420734241605  Train L2 Loss :  0.07906944585442544
Epoch :  49  Epoch time :  3.174009650014341  Train L2 Loss :  0.07604948596358299
Epoch :  50  Epoch time :  3.170443583279848  Train L2 Loss :  0.07937766069173813
Epoch :  51  Epoch time :  3.1761235520243645  Train L2 Loss :  0.07168944647312164
Epoch :  52  Epoch time :  3.1734950495883822  Train L2 Loss :  0.07197687236666679
Epoch :  53  Epoch time :  3.186132033355534  Train L2 Loss :  0.06984905852079391
Epoch :  54  Epoch time :  3.199744712561369  Train L2 Loss :  0.06998495133519173
Epoch :  55  Epoch time :  3.2058035861700773  Train L2 Loss :  0.07168974221348763
Epoch :  56  Epoch time :  3.1825506081804633  Train L2 Loss :  0.06899539112448692
Epoch :  57  Epoch time :  3.1772611821070313  Train L2 Loss :  0.06618166496753693
Epoch :  58  Epoch time :  3.174304163083434  Train L2 Loss :  0.0661658192396164
Epoch :  59  Epoch time :  3.1753176478669047  Train L2 Loss :  0.0668852998316288
Epoch :  60  Epoch time :  3.176279742270708  Train L2 Loss :  0.06602973247766494
Epoch :  61  Epoch time :  3.1753368079662323  Train L2 Loss :  0.06189392390847206
Epoch :  62  Epoch time :  3.1771758273243904  Train L2 Loss :  0.06186868450641632
Epoch :  63  Epoch time :  3.1828911155462265  Train L2 Loss :  0.06412837926745414
Epoch :  64  Epoch time :  3.188748107291758  Train L2 Loss :  0.061883765912055966
Epoch :  65  Epoch time :  3.218828265555203  Train L2 Loss :  0.062321488881111144
Epoch :  66  Epoch time :  3.1843983633443713  Train L2 Loss :  0.058835749638080595
Epoch :  67  Epoch time :  3.182777230627835  Train L2 Loss :  0.06198752987384796
Epoch :  68  Epoch time :  3.178191331215203  Train L2 Loss :  0.06080004006028175
Epoch :  69  Epoch time :  3.1744580809026957  Train L2 Loss :  0.057964758187532425
Epoch :  70  Epoch time :  3.1796185979619622  Train L2 Loss :  0.054584515738487244
Epoch :  71  Epoch time :  3.179543945007026  Train L2 Loss :  0.05699761311411858
Epoch :  72  Epoch time :  3.1791262477636337  Train L2 Loss :  0.05744144303202629
Epoch :  73  Epoch time :  3.176934577524662  Train L2 Loss :  0.0506678656578064
Epoch :  74  Epoch time :  3.200927366502583  Train L2 Loss :  0.05978636275529862
Epoch :  75  Epoch time :  3.2159916339442134  Train L2 Loss :  0.051912215477228164
Epoch :  76  Epoch time :  3.1934690587222576  Train L2 Loss :  0.054097292053699494
Epoch :  77  Epoch time :  3.1829394986853004  Train L2 Loss :  0.054218073451519015
Epoch :  78  Epoch time :  3.1812306409701705  Train L2 Loss :  0.054164420980215074
Epoch :  79  Epoch time :  3.180534441024065  Train L2 Loss :  0.054290951901674274
Epoch :  80  Epoch time :  3.1794873690232635  Train L2 Loss :  0.052257172733545305
Epoch :  81  Epoch time :  3.17981915269047  Train L2 Loss :  0.04959101537466049
Epoch :  82  Epoch time :  3.180175212211907  Train L2 Loss :  0.05151285224556923
Epoch :  83  Epoch time :  3.17931189853698  Train L2 Loss :  0.050346224230527876
Epoch :  84  Epoch time :  3.1997412787750363  Train L2 Loss :  0.0512500761449337
Epoch :  85  Epoch time :  3.223537987098098  Train L2 Loss :  0.04658743368387222
Epoch :  86  Epoch time :  3.1906748535111547  Train L2 Loss :  0.051218456000089646
Epoch :  87  Epoch time :  3.2064194343984127  Train L2 Loss :  0.046424296379089354
Epoch :  88  Epoch time :  3.182598514482379  Train L2 Loss :  0.051870829355716706
Epoch :  89  Epoch time :  3.1868512146174908  Train L2 Loss :  0.04770594063401222
Epoch :  90  Epoch time :  3.1839078729972243  Train L2 Loss :  0.04640326080918312
Epoch :  91  Epoch time :  3.1816251100972295  Train L2 Loss :  0.04916675551533699
Epoch :  92  Epoch time :  3.1848157038912177  Train L2 Loss :  0.0480775280714035
Epoch :  93  Epoch time :  3.17962356377393  Train L2 Loss :  0.0481085550069809
Epoch :  94  Epoch time :  3.201694614253938  Train L2 Loss :  0.04520634596943855
Epoch :  95  Epoch time :  3.218594384379685  Train L2 Loss :  0.04724654471874237
Epoch :  96  Epoch time :  3.2015920905396342  Train L2 Loss :  0.045351937955617906
Epoch :  97  Epoch time :  3.1842814311385155  Train L2 Loss :  0.04778378678560257
Epoch :  98  Epoch time :  3.1894875150173903  Train L2 Loss :  0.043682628566026685
Epoch :  99  Epoch time :  3.18482559081167  Train L2 Loss :  0.045281940907239915
Epoch :  100  Epoch time :  3.185193032026291  Train L2 Loss :  0.026126615118980408
Epoch :  101  Epoch time :  3.187780573964119  Train L2 Loss :  0.024590886542201044
Epoch :  102  Epoch time :  3.180884680710733  Train L2 Loss :  0.026595195925235748
Epoch :  103  Epoch time :  3.1817089365795255  Train L2 Loss :  0.027311394330859183
Epoch :  104  Epoch time :  3.1982735181227326  Train L2 Loss :  0.0279743518859148
Epoch :  105  Epoch time :  3.212694201618433  Train L2 Loss :  0.02681260313987732
Epoch :  106  Epoch time :  3.205960527062416  Train L2 Loss :  0.02745339076817036
Epoch :  107  Epoch time :  3.183469669893384  Train L2 Loss :  0.027206789553165436
Epoch :  108  Epoch time :  3.1887924782931805  Train L2 Loss :  0.027304642313718794
Epoch :  109  Epoch time :  3.1873122323304415  Train L2 Loss :  0.02710979995727539
Epoch :  110  Epoch time :  3.183644804172218  Train L2 Loss :  0.027336005893349648
Epoch :  111  Epoch time :  3.1919194851070642  Train L2 Loss :  0.02709199009537697
Epoch :  112  Epoch time :  3.181976088322699  Train L2 Loss :  0.02724474622309208
Epoch :  113  Epoch time :  3.1815592059865594  Train L2 Loss :  0.02614317309856415
Epoch :  114  Epoch time :  3.200039254501462  Train L2 Loss :  0.02693375678062439
Epoch :  115  Epoch time :  3.2095815781503916  Train L2 Loss :  0.027430358573794365
Epoch :  116  Epoch time :  3.2139059836044908  Train L2 Loss :  0.026754554864764215
Epoch :  117  Epoch time :  3.1939827110618353  Train L2 Loss :  0.026762128695845603
Epoch :  118  Epoch time :  3.1858062157407403  Train L2 Loss :  0.026448199358582496
Epoch :  119  Epoch time :  3.187109151855111  Train L2 Loss :  0.02641898306906223
Epoch :  120  Epoch time :  3.1881360672414303  Train L2 Loss :  0.02616398733854294
Epoch :  121  Epoch time :  3.1845716927200556  Train L2 Loss :  0.02634723584651947
Epoch :  122  Epoch time :  3.1880765119567513  Train L2 Loss :  0.026804676470160483
Epoch :  123  Epoch time :  3.1880360078066587  Train L2 Loss :  0.02678970517516136
Epoch :  124  Epoch time :  3.199362026527524  Train L2 Loss :  0.025988956955075262
Epoch :  125  Epoch time :  3.215118184685707  Train L2 Loss :  0.026950765430927278
Epoch :  126  Epoch time :  3.2200533440336585  Train L2 Loss :  0.026970159801840782
Epoch :  127  Epoch time :  3.191557040438056  Train L2 Loss :  0.026187839460372925
Epoch :  128  Epoch time :  3.187746115028858  Train L2 Loss :  0.025901506873965262
Epoch :  129  Epoch time :  3.1865312419831753  Train L2 Loss :  0.02689474292099476
Epoch :  130  Epoch time :  3.1887390799820423  Train L2 Loss :  0.025652314633131026
Epoch :  131  Epoch time :  3.1868384098634124  Train L2 Loss :  0.02612936616241932
Epoch :  132  Epoch time :  3.18485433422029  Train L2 Loss :  0.026356727862358095
Epoch :  133  Epoch time :  3.186460970900953  Train L2 Loss :  0.02636141321361065
Epoch :  134  Epoch time :  3.2010072078555822  Train L2 Loss :  0.026063857743144035
Epoch :  135  Epoch time :  3.1952737141400576  Train L2 Loss :  0.02576444157063961
Epoch :  136  Epoch time :  3.2366913883015513  Train L2 Loss :  0.02656095333993435
Epoch :  137  Epoch time :  3.1953942580148578  Train L2 Loss :  0.02565476476252079
Epoch :  138  Epoch time :  3.1908534886315465  Train L2 Loss :  0.026367787104845046
Epoch :  139  Epoch time :  3.1922832736745477  Train L2 Loss :  0.025380899009108542
Epoch :  140  Epoch time :  3.189823905006051  Train L2 Loss :  0.02641075850725174
Epoch :  141  Epoch time :  3.1926107676699758  Train L2 Loss :  0.025950986391305924
Epoch :  142  Epoch time :  3.1926852874457836  Train L2 Loss :  0.02618023080229759
Epoch :  143  Epoch time :  3.190017989836633  Train L2 Loss :  0.02585565582215786
Epoch :  144  Epoch time :  3.2002898892387748  Train L2 Loss :  0.02673275175690651
Epoch :  145  Epoch time :  3.1977244075387716  Train L2 Loss :  0.025650944462418557
Epoch :  146  Epoch time :  3.2301358692348003  Train L2 Loss :  0.025654267296195032
Epoch :  147  Epoch time :  3.196957053616643  Train L2 Loss :  0.02561394526362419
Epoch :  148  Epoch time :  3.1884410036727786  Train L2 Loss :  0.025600854644179345
Epoch :  149  Epoch time :  3.186344277113676  Train L2 Loss :  0.026131309661269187
Epoch :  150  Epoch time :  3.185909828171134  Train L2 Loss :  0.02593331028521061
Epoch :  151  Epoch time :  3.186585363931954  Train L2 Loss :  0.025321247792243956
Epoch :  152  Epoch time :  3.1869499878957868  Train L2 Loss :  0.026308459562063218
Epoch :  153  Epoch time :  3.188049959950149  Train L2 Loss :  0.025573857858777048
Epoch :  154  Epoch time :  3.1862307274714112  Train L2 Loss :  0.02612048566043377
Epoch :  155  Epoch time :  3.2095789704471827  Train L2 Loss :  0.025503953289985656
Epoch :  156  Epoch time :  3.2275047954171896  Train L2 Loss :  0.026365023362636564
Epoch :  157  Epoch time :  3.2041790150105953  Train L2 Loss :  0.025036175322532654
Epoch :  158  Epoch time :  3.1925414726138115  Train L2 Loss :  0.026299837383627893
Epoch :  159  Epoch time :  3.188834961503744  Train L2 Loss :  0.025755585443973543
Epoch :  160  Epoch time :  3.193624393083155  Train L2 Loss :  0.02484157592356205
Epoch :  161  Epoch time :  3.1872936375439167  Train L2 Loss :  0.025944028815627098
Epoch :  162  Epoch time :  3.1869109384715557  Train L2 Loss :  0.025767300072312354
Epoch :  163  Epoch time :  3.189601657912135  Train L2 Loss :  0.025472585269808768
Epoch :  164  Epoch time :  3.188941857777536  Train L2 Loss :  0.025598855286836624
Epoch :  165  Epoch time :  3.208901614882052  Train L2 Loss :  0.026367085602879523
Epoch :  166  Epoch time :  3.225228159688413  Train L2 Loss :  0.024738187006115915
Epoch :  167  Epoch time :  3.2054803669452667  Train L2 Loss :  0.02603488523066044
Epoch :  168  Epoch time :  3.1883001644164324  Train L2 Loss :  0.025111033099889754
Epoch :  169  Epoch time :  3.1882790690287948  Train L2 Loss :  0.02555434011220932
Epoch :  170  Epoch time :  3.188801411539316  Train L2 Loss :  0.025215081256628035
Epoch :  171  Epoch time :  3.1902971817180514  Train L2 Loss :  0.025203710716962813
Epoch :  172  Epoch time :  3.1907174894586205  Train L2 Loss :  0.025756076547503472
Epoch :  173  Epoch time :  3.1896683648228645  Train L2 Loss :  0.026220370277762414
Epoch :  174  Epoch time :  3.2223179461434484  Train L2 Loss :  0.025626661106944084
Epoch :  175  Epoch time :  3.2282015150412917  Train L2 Loss :  0.024876533558964728
Epoch :  176  Epoch time :  3.233513451181352  Train L2 Loss :  0.025321144244074823
Epoch :  177  Epoch time :  3.2058206079527736  Train L2 Loss :  0.025994129860401154
Epoch :  178  Epoch time :  3.190183425322175  Train L2 Loss :  0.024953793093562125
Epoch :  179  Epoch time :  3.1893493589013815  Train L2 Loss :  0.025620017543435097
Epoch :  180  Epoch time :  3.199033634737134  Train L2 Loss :  0.02583230423629284
Epoch :  181  Epoch time :  3.186079217121005  Train L2 Loss :  0.024706487107276916
Epoch :  182  Epoch time :  3.1887135915458202  Train L2 Loss :  0.02505484613776207
Epoch :  183  Epoch time :  3.1902784453704953  Train L2 Loss :  0.02556351411342621
Epoch :  184  Epoch time :  3.1902422830462456  Train L2 Loss :  0.02485755609869957
Epoch :  185  Epoch time :  3.2066309191286564  Train L2 Loss :  0.025276734918355942
Epoch :  186  Epoch time :  3.2223682198673487  Train L2 Loss :  0.02523799263238907
Epoch :  187  Epoch time :  3.2142383502796292  Train L2 Loss :  0.02512754420042038
Epoch :  188  Epoch time :  3.187000984326005  Train L2 Loss :  0.025345179909467698
Epoch :  189  Epoch time :  3.1894729053601623  Train L2 Loss :  0.024658855080604555
Epoch :  190  Epoch time :  3.188549757003784  Train L2 Loss :  0.026218188124895094
Epoch :  191  Epoch time :  3.1910074139013886  Train L2 Loss :  0.02504199049472809
Epoch :  192  Epoch time :  3.1866830261424184  Train L2 Loss :  0.02515112920999527
Epoch :  193  Epoch time :  3.1866037184372544  Train L2 Loss :  0.0251152351975441
Epoch :  194  Epoch time :  3.1864270474761724  Train L2 Loss :  0.024915686559677123
Epoch :  195  Epoch time :  3.2069722432643175  Train L2 Loss :  0.025169504934549333
Epoch :  196  Epoch time :  3.2158069349825382  Train L2 Loss :  0.026026570677757262
Epoch :  197  Epoch time :  3.2167481211945415  Train L2 Loss :  0.02478811210989952
Epoch :  198  Epoch time :  3.193953726440668  Train L2 Loss :  0.02482032640874386
Epoch :  199  Epoch time :  3.1900953901931643  Train L2 Loss :  0.025149012807011605
Epoch :  200  Epoch time :  3.190502045676112  Train L2 Loss :  0.019407401119172572
Epoch :  201  Epoch time :  3.189072072505951  Train L2 Loss :  0.01922189784646034
Epoch :  202  Epoch time :  3.1892148246988654  Train L2 Loss :  0.019754772356152535
Epoch :  203  Epoch time :  3.188131413422525  Train L2 Loss :  0.019809415739774704
Epoch :  204  Epoch time :  3.274492315016687  Train L2 Loss :  0.019949457862973214
Epoch :  205  Epoch time :  3.2382585434243083  Train L2 Loss :  0.019987072721123697
Epoch :  206  Epoch time :  3.2094239965081215  Train L2 Loss :  0.020037423810362817
Epoch :  207  Epoch time :  3.2199979294091463  Train L2 Loss :  0.020024306479096414
Epoch :  208  Epoch time :  3.190591534599662  Train L2 Loss :  0.019944319400191306
Epoch :  209  Epoch time :  3.1934613287448883  Train L2 Loss :  0.01988041053414345
Epoch :  210  Epoch time :  3.1873235618695617  Train L2 Loss :  0.01991506875157356
Epoch :  211  Epoch time :  3.1888635251671076  Train L2 Loss :  0.019900773566961287
Epoch :  212  Epoch time :  3.1888725329190493  Train L2 Loss :  0.019952935653924943
Epoch :  213  Epoch time :  3.1882362980395555  Train L2 Loss :  0.019868839782476427
Epoch :  214  Epoch time :  3.1916185934096575  Train L2 Loss :  0.019969490414857863
Epoch :  215  Epoch time :  3.198804697021842  Train L2 Loss :  0.019767375692725183
Epoch :  216  Epoch time :  3.2026026342064142  Train L2 Loss :  0.019998679423332215
Epoch :  217  Epoch time :  3.24559826310724  Train L2 Loss :  0.019817195278406145
Epoch :  218  Epoch time :  3.1942292200401425  Train L2 Loss :  0.020037446320056915
Epoch :  219  Epoch time :  3.1892016604542732  Train L2 Loss :  0.01973827286362648
Epoch :  220  Epoch time :  3.1892788596451283  Train L2 Loss :  0.019724614614248275
Epoch :  221  Epoch time :  3.191143300384283  Train L2 Loss :  0.0198586550205946
Epoch :  222  Epoch time :  3.190322231501341  Train L2 Loss :  0.019824246484041214
Epoch :  223  Epoch time :  3.1927249329164624  Train L2 Loss :  0.019813974434137346
Epoch :  224  Epoch time :  3.1902180342003703  Train L2 Loss :  0.01980732168853283
Epoch :  225  Epoch time :  3.20090224314481  Train L2 Loss :  0.019907792577147483
Epoch :  226  Epoch time :  3.2210636772215366  Train L2 Loss :  0.01962288661003113
Epoch :  227  Epoch time :  3.221392192877829  Train L2 Loss :  0.019720658659934998
Epoch :  228  Epoch time :  3.187967727892101  Train L2 Loss :  0.019905022832751276
Epoch :  229  Epoch time :  3.1900391336530447  Train L2 Loss :  0.019735646930336952
Epoch :  230  Epoch time :  3.1904427455738187  Train L2 Loss :  0.01973934927582741
Epoch :  231  Epoch time :  3.188113037496805  Train L2 Loss :  0.019734572753310205
Epoch :  232  Epoch time :  3.1880183704197407  Train L2 Loss :  0.01980939667224884
Epoch :  233  Epoch time :  3.1908664321526885  Train L2 Loss :  0.01976423990726471
Epoch :  234  Epoch time :  3.2470300095155835  Train L2 Loss :  0.019728477919101716
Epoch :  235  Epoch time :  3.253088742494583  Train L2 Loss :  0.019910249903798104
Epoch :  236  Epoch time :  3.234723197296262  Train L2 Loss :  0.019655293568968772
Epoch :  237  Epoch time :  3.208209205418825  Train L2 Loss :  0.01975051298439503
Epoch :  238  Epoch time :  3.18984277267009  Train L2 Loss :  0.01973253048360348
Epoch :  239  Epoch time :  3.1906939996406436  Train L2 Loss :  0.01995078682601452
Epoch :  240  Epoch time :  3.19123447034508  Train L2 Loss :  0.019577684620022774
Epoch :  241  Epoch time :  3.1888211872428656  Train L2 Loss :  0.01972818200290203
Epoch :  242  Epoch time :  3.195819894783199  Train L2 Loss :  0.019711217638850212
Epoch :  243  Epoch time :  3.1886989045888186  Train L2 Loss :  0.01967871347218752
Epoch :  244  Epoch time :  3.1962836803868413  Train L2 Loss :  0.01977519870698452
Epoch :  245  Epoch time :  3.1972018443048  Train L2 Loss :  0.019708904981613158
Epoch :  246  Epoch time :  3.2460107058286667  Train L2 Loss :  0.019643097200989723
Epoch :  247  Epoch time :  3.19307526294142  Train L2 Loss :  0.01967627750337124
Epoch :  248  Epoch time :  3.191211087629199  Train L2 Loss :  0.019640735480189322
Epoch :  249  Epoch time :  3.1912421826273203  Train L2 Loss :  0.019822458511590958
Epoch :  250  Epoch time :  3.1952601494267583  Train L2 Loss :  0.019651743403077127
Epoch :  251  Epoch time :  3.1866470761597157  Train L2 Loss :  0.019453703847527502
Epoch :  252  Epoch time :  3.1874300613999367  Train L2 Loss :  0.019665746480226516
Epoch :  253  Epoch time :  3.1896555246785283  Train L2 Loss :  0.0196734696239233
Epoch :  254  Epoch time :  3.201951644383371  Train L2 Loss :  0.01979110068976879
Epoch :  255  Epoch time :  3.224328034557402  Train L2 Loss :  0.01971822611093521
Epoch :  256  Epoch time :  3.2226975690573454  Train L2 Loss :  0.01974315414428711
Epoch :  257  Epoch time :  3.1856318656355143  Train L2 Loss :  0.019416323608160018
Epoch :  258  Epoch time :  3.1920015877112746  Train L2 Loss :  0.01974901429116726
Epoch :  259  Epoch time :  3.1894779363647103  Train L2 Loss :  0.01952872433066368
Epoch :  260  Epoch time :  3.187755186110735  Train L2 Loss :  0.019589809557795525
Epoch :  261  Epoch time :  3.1909352289512753  Train L2 Loss :  0.019844076415896417
Epoch :  262  Epoch time :  3.1879346799105406  Train L2 Loss :  0.019631676974892615
Epoch :  263  Epoch time :  3.185807374306023  Train L2 Loss :  0.01971157104372978
Epoch :  264  Epoch time :  3.206136154010892  Train L2 Loss :  0.019557790014147758
Epoch :  265  Epoch time :  3.2382441917434335  Train L2 Loss :  0.019783705222606657
Epoch :  266  Epoch time :  3.20441974978894  Train L2 Loss :  0.019661072540283202
Epoch :  267  Epoch time :  3.18910157866776  Train L2 Loss :  0.019511360189318656
Epoch :  268  Epoch time :  3.1891375556588173  Train L2 Loss :  0.019566990473866463
Epoch :  269  Epoch time :  3.192837616428733  Train L2 Loss :  0.019758319553732872
Epoch :  270  Epoch time :  3.1878810999915004  Train L2 Loss :  0.019600148937106134
Epoch :  271  Epoch time :  3.1901427134871483  Train L2 Loss :  0.019612670677900314
Epoch :  272  Epoch time :  3.191137087531388  Train L2 Loss :  0.019591799879074098
Epoch :  273  Epoch time :  3.199552577920258  Train L2 Loss :  0.019716452699899672
Epoch :  274  Epoch time :  3.212872877717018  Train L2 Loss :  0.019691842824220658
Epoch :  275  Epoch time :  3.2352463752031326  Train L2 Loss :  0.01947829806506634
Epoch :  276  Epoch time :  3.1929820235818624  Train L2 Loss :  0.01948660156726837
Epoch :  277  Epoch time :  3.190830083563924  Train L2 Loss :  0.01952179271876812
Epoch :  278  Epoch time :  3.186090834438801  Train L2 Loss :  0.01974103912115097
Epoch :  279  Epoch time :  3.1879078540951014  Train L2 Loss :  0.01947588907778263
Epoch :  280  Epoch time :  3.1902743568643928  Train L2 Loss :  0.0196191937237978
Epoch :  281  Epoch time :  3.1871570479124784  Train L2 Loss :  0.019626558566093445
Epoch :  282  Epoch time :  3.187493766658008  Train L2 Loss :  0.019654632607102394
Epoch :  283  Epoch time :  3.206088691018522  Train L2 Loss :  0.019662870658934118
Epoch :  284  Epoch time :  3.229216760955751  Train L2 Loss :  0.019460414269566535
Epoch :  285  Epoch time :  3.225360967218876  Train L2 Loss :  0.019501508048176765
Epoch :  286  Epoch time :  3.1922152237966657  Train L2 Loss :  0.019669631162285806
Epoch :  287  Epoch time :  3.1921577686443925  Train L2 Loss :  0.019597057566046714
Epoch :  288  Epoch time :  3.190905101597309  Train L2 Loss :  0.019538016891479493
Epoch :  289  Epoch time :  3.1929721189662814  Train L2 Loss :  0.019617701658606528
Epoch :  290  Epoch time :  3.1879825312644243  Train L2 Loss :  0.019525652569532394
Epoch :  291  Epoch time :  3.19186672847718  Train L2 Loss :  0.019453369981050492
Epoch :  292  Epoch time :  3.186730627901852  Train L2 Loss :  0.019663550162315368
Epoch :  293  Epoch time :  3.2091226913034916  Train L2 Loss :  0.019577915948629378
Epoch :  294  Epoch time :  3.241706660017371  Train L2 Loss :  0.01955650308430195
Epoch :  295  Epoch time :  3.2090602833777666  Train L2 Loss :  0.019520671713352204
Epoch :  296  Epoch time :  3.195543401874602  Train L2 Loss :  0.01958497751355171
Epoch :  297  Epoch time :  3.19233650714159  Train L2 Loss :  0.019552672240138055
Epoch :  298  Epoch time :  3.1915148003026843  Train L2 Loss :  0.019708537632226943
Epoch :  299  Epoch time :  3.1948469122871757  Train L2 Loss :  0.01939590772986412
Epoch :  300  Epoch time :  3.192762864753604  Train L2 Loss :  0.017615333683788776
Epoch :  301  Epoch time :  3.191723239608109  Train L2 Loss :  0.017649491374194623
Epoch :  302  Epoch time :  3.201423877850175  Train L2 Loss :  0.017743369023501872
Epoch :  303  Epoch time :  3.2158941980451345  Train L2 Loss :  0.017795708611607553
Epoch :  304  Epoch time :  3.233505656942725  Train L2 Loss :  0.017802714878320695
Epoch :  305  Epoch time :  3.194948215968907  Train L2 Loss :  0.017842562267184257
Epoch :  306  Epoch time :  3.1886016968637705  Train L2 Loss :  0.01780965168774128
Epoch :  307  Epoch time :  3.1890373826026917  Train L2 Loss :  0.01784978675097227
Epoch :  308  Epoch time :  3.1926206815987825  Train L2 Loss :  0.01780898134857416
Epoch :  309  Epoch time :  3.1914609791710973  Train L2 Loss :  0.01779946226924658
Epoch :  310  Epoch time :  3.191150707192719  Train L2 Loss :  0.017864467914402486
Epoch :  311  Epoch time :  3.1910069156438112  Train L2 Loss :  0.017848153683543207
Epoch :  312  Epoch time :  3.2044739397242665  Train L2 Loss :  0.017775599218904974
Epoch :  313  Epoch time :  3.232272573746741  Train L2 Loss :  0.017770062835514546
Epoch :  314  Epoch time :  3.2221661899238825  Train L2 Loss :  0.017794299015402793
Epoch :  315  Epoch time :  3.1873089112341404  Train L2 Loss :  0.017801289865374565
Epoch :  316  Epoch time :  3.191363850608468  Train L2 Loss :  0.017785608203709124
Epoch :  317  Epoch time :  3.189485398121178  Train L2 Loss :  0.017783671920001506
Epoch :  318  Epoch time :  3.192556287162006  Train L2 Loss :  0.017777932147681714
Epoch :  319  Epoch time :  3.189609093591571  Train L2 Loss :  0.017794259767234324
Epoch :  320  Epoch time :  3.1899140514433384  Train L2 Loss :  0.0177773907199502
Epoch :  321  Epoch time :  3.188827701844275  Train L2 Loss :  0.017812590216100217
Epoch :  322  Epoch time :  3.2074226895347238  Train L2 Loss :  0.017788053518533707
Epoch :  323  Epoch time :  3.2461373899132013  Train L2 Loss :  0.017781011506915093
Epoch :  324  Epoch time :  3.20984276663512  Train L2 Loss :  0.017760092836618422
Epoch :  325  Epoch time :  3.1910245595499873  Train L2 Loss :  0.01774522494673729
Epoch :  326  Epoch time :  3.188809650950134  Train L2 Loss :  0.01776832400858402
Epoch :  327  Epoch time :  3.190307181328535  Train L2 Loss :  0.017771682941913603
Epoch :  328  Epoch time :  3.1923550749197602  Train L2 Loss :  0.017777189408242702
Epoch :  329  Epoch time :  3.1891263583675027  Train L2 Loss :  0.017784704257547856
Epoch :  330  Epoch time :  3.1933711236342788  Train L2 Loss :  0.01779517765343189
Epoch :  331  Epoch time :  3.2005593441426754  Train L2 Loss :  0.01777591945528984
Epoch :  332  Epoch time :  3.2188130747526884  Train L2 Loss :  0.017737119671702384
Epoch :  333  Epoch time :  3.233371830545366  Train L2 Loss :  0.017750005230307578
Epoch :  334  Epoch time :  3.1916692312806845  Train L2 Loss :  0.01775356945246458
Epoch :  335  Epoch time :  3.190383842214942  Train L2 Loss :  0.017749618497490884
Epoch :  336  Epoch time :  3.180527126416564  Train L2 Loss :  0.017734871128201483
Epoch :  337  Epoch time :  3.181985861621797  Train L2 Loss :  0.017735628704726697
Epoch :  338  Epoch time :  3.1812547286972404  Train L2 Loss :  0.017746930368244648
Epoch :  339  Epoch time :  3.1820284305140376  Train L2 Loss :  0.017786485612392426
Epoch :  340  Epoch time :  3.1799987806007266  Train L2 Loss :  0.017745849557220937
Epoch :  341  Epoch time :  3.193867137655616  Train L2 Loss :  0.01772532926350832
Epoch :  342  Epoch time :  3.227191082201898  Train L2 Loss :  0.017768892370164394
Epoch :  343  Epoch time :  3.2102069137617946  Train L2 Loss :  0.0177313110306859
Epoch :  344  Epoch time :  3.181167984381318  Train L2 Loss :  0.017771488820016383
Epoch :  345  Epoch time :  3.183710257522762  Train L2 Loss :  0.017719050934910774
Epoch :  346  Epoch time :  3.1834094496443868  Train L2 Loss :  0.017689614102244375
Epoch :  347  Epoch time :  3.1802398189902306  Train L2 Loss :  0.01773069233596325
Epoch :  348  Epoch time :  3.181882723234594  Train L2 Loss :  0.017735394364595414
Epoch :  349  Epoch time :  3.182050601579249  Train L2 Loss :  0.017689792700111867
Epoch :  350  Epoch time :  3.188082871027291  Train L2 Loss :  0.01774748665243387
Epoch :  351  Epoch time :  3.194107873365283  Train L2 Loss :  0.017744878217577933
Epoch :  352  Epoch time :  3.2339897211641073  Train L2 Loss :  0.017734322875738145
Epoch :  353  Epoch time :  3.1998057309538126  Train L2 Loss :  0.017699636279046537
Epoch :  354  Epoch time :  3.186592945829034  Train L2 Loss :  0.017724984616041183
Epoch :  355  Epoch time :  3.1855348451063037  Train L2 Loss :  0.017787256954610347
Epoch :  356  Epoch time :  3.181101015768945  Train L2 Loss :  0.017699553810060026
Epoch :  357  Epoch time :  3.187607287429273  Train L2 Loss :  0.017704674537479877
Epoch :  358  Epoch time :  3.1841150326654315  Train L2 Loss :  0.01773235172778368
Epoch :  359  Epoch time :  3.18465032055974  Train L2 Loss :  0.017739646917581557
Epoch :  360  Epoch time :  3.1833508042618632  Train L2 Loss :  0.017708171217143534
Epoch :  361  Epoch time :  3.191859665326774  Train L2 Loss :  0.017690788446366786
Epoch :  362  Epoch time :  3.1988260857760906  Train L2 Loss :  0.01771356852799654
Epoch :  363  Epoch time :  3.2370816078037024  Train L2 Loss :  0.017692188155651094
Epoch :  364  Epoch time :  3.1971610505133867  Train L2 Loss :  0.017667522007226943
Epoch :  365  Epoch time :  3.1865297127515078  Train L2 Loss :  0.01768704944252968
Epoch :  366  Epoch time :  3.185892523266375  Train L2 Loss :  0.017703492751717568
Epoch :  367  Epoch time :  3.1858133412897587  Train L2 Loss :  0.017720714975893496
Epoch :  368  Epoch time :  3.1832910971716046  Train L2 Loss :  0.017703800520300864
Epoch :  369  Epoch time :  3.180062639527023  Train L2 Loss :  0.017685082887113096
Epoch :  370  Epoch time :  3.1870369259268045  Train L2 Loss :  0.01769689545929432
Epoch :  371  Epoch time :  3.1841999841853976  Train L2 Loss :  0.017680746646225452
Epoch :  372  Epoch time :  3.19422350730747  Train L2 Loss :  0.017691339533030988
Epoch :  373  Epoch time :  3.2068056240677834  Train L2 Loss :  0.01770620225071907
Epoch :  374  Epoch time :  3.2334671830758452  Train L2 Loss :  0.01768938203305006
Epoch :  375  Epoch time :  3.1834237994626164  Train L2 Loss :  0.017673692363500595
Epoch :  376  Epoch time :  3.185222473926842  Train L2 Loss :  0.017743500486016275
Epoch :  377  Epoch time :  3.1843951381742954  Train L2 Loss :  0.01766237204372883
Epoch :  378  Epoch time :  3.183741830289364  Train L2 Loss :  0.017665196365118027
Epoch :  379  Epoch time :  3.1829632287845016  Train L2 Loss :  0.01767312943637371
Epoch :  380  Epoch time :  3.185435756109655  Train L2 Loss :  0.017663426525890827
Epoch :  381  Epoch time :  3.182959825731814  Train L2 Loss :  0.017727352999150753
Epoch :  382  Epoch time :  3.183672323822975  Train L2 Loss :  0.017681773613393306
Epoch :  383  Epoch time :  3.1971952645108104  Train L2 Loss :  0.017678897136449812
Epoch :  384  Epoch time :  3.2149265501648188  Train L2 Loss :  0.017666918833553792
Epoch :  385  Epoch time :  3.2243245663121343  Train L2 Loss :  0.017692641341686247
Epoch :  386  Epoch time :  3.1833485160022974  Train L2 Loss :  0.01766600091010332
Epoch :  387  Epoch time :  3.1855668826028705  Train L2 Loss :  0.01766104805022478
Epoch :  388  Epoch time :  3.184920322149992  Train L2 Loss :  0.01769171692430973
Epoch :  389  Epoch time :  3.1853183461353183  Train L2 Loss :  0.0176900168299675
Epoch :  390  Epoch time :  3.182628508657217  Train L2 Loss :  0.017660057486593723
Epoch :  391  Epoch time :  3.181978496722877  Train L2 Loss :  0.017677006785571575
Epoch :  392  Epoch time :  3.182266879826784  Train L2 Loss :  0.017655636632442476
Epoch :  393  Epoch time :  3.18307595141232  Train L2 Loss :  0.017670320449769496
Epoch :  394  Epoch time :  3.1992203164845705  Train L2 Loss :  0.01767041427344084
Epoch :  395  Epoch time :  3.2226111805066466  Train L2 Loss :  0.01766822988539934
Epoch :  396  Epoch time :  3.2141189789399505  Train L2 Loss :  0.017661368714272974
Epoch :  397  Epoch time :  3.1838648468255997  Train L2 Loss :  0.017655012442171575
Epoch :  398  Epoch time :  3.1821924801915884  Train L2 Loss :  0.017676021832227707
Epoch :  399  Epoch time :  3.1856670919805765  Train L2 Loss :  0.017642200896143913
Epoch :  400  Epoch time :  3.183712794445455  Train L2 Loss :  0.01693931491971016
Epoch :  401  Epoch time :  3.1843858528882265  Train L2 Loss :  0.01693481027185917
Epoch :  402  Epoch time :  3.18312172498554  Train L2 Loss :  0.01695600730776787
Epoch :  403  Epoch time :  3.182168391533196  Train L2 Loss :  0.016964693149924277
Epoch :  404  Epoch time :  3.1889030719175935  Train L2 Loss :  0.0169818190574646
Epoch :  405  Epoch time :  3.19194271042943  Train L2 Loss :  0.016975357952713967
Epoch :  406  Epoch time :  3.2266505686566234  Train L2 Loss :  0.016980008128285408
Epoch :  407  Epoch time :  3.204227157868445  Train L2 Loss :  0.016974835179746153
Epoch :  408  Epoch time :  3.186111972667277  Train L2 Loss :  0.01699325850456953
Epoch :  409  Epoch time :  3.1854699784889817  Train L2 Loss :  0.01697018032371998
Epoch :  410  Epoch time :  3.181788965128362  Train L2 Loss :  0.016972283378243445
Epoch :  411  Epoch time :  3.188010756857693  Train L2 Loss :  0.016984001757204534
Epoch :  412  Epoch time :  3.184238150715828  Train L2 Loss :  0.016969433146715163
Epoch :  413  Epoch time :  3.183295770548284  Train L2 Loss :  0.016978357495367528
Epoch :  414  Epoch time :  3.183245975524187  Train L2 Loss :  0.01695930678099394
Epoch :  415  Epoch time :  3.189116242341697  Train L2 Loss :  0.016960811206698418
Epoch :  416  Epoch time :  3.1919544767588377  Train L2 Loss :  0.016955738322436808
Epoch :  417  Epoch time :  3.2362689478322864  Train L2 Loss :  0.016968111802637575
Epoch :  418  Epoch time :  3.1995814135298133  Train L2 Loss :  0.01695853209197521
Epoch :  419  Epoch time :  3.184978417120874  Train L2 Loss :  0.01695769622772932
Epoch :  420  Epoch time :  3.18322822637856  Train L2 Loss :  0.016971353064477442
Epoch :  421  Epoch time :  3.1801729584112763  Train L2 Loss :  0.016972582659125327
Epoch :  422  Epoch time :  3.1808148631826043  Train L2 Loss :  0.016963280791044234
Epoch :  423  Epoch time :  3.182861441746354  Train L2 Loss :  0.01694148772507906
Epoch :  424  Epoch time :  3.182248485274613  Train L2 Loss :  0.016972222559154034
Epoch :  425  Epoch time :  3.181285025551915  Train L2 Loss :  0.01696227787733078
Epoch :  426  Epoch time :  3.2275739666074514  Train L2 Loss :  0.016940615767240524
Epoch :  427  Epoch time :  3.2253388855606318  Train L2 Loss :  0.01694926790446043
Epoch :  428  Epoch time :  3.2237662691622972  Train L2 Loss :  0.016949890054762363
Epoch :  429  Epoch time :  3.19132359046489  Train L2 Loss :  0.016956211295723916
Epoch :  430  Epoch time :  3.2021482419222593  Train L2 Loss :  0.01694222906380892
Epoch :  431  Epoch time :  3.1970617659389973  Train L2 Loss :  0.016951401978731157
Epoch :  432  Epoch time :  3.196644216775894  Train L2 Loss :  0.01693278759419918
Epoch :  433  Epoch time :  3.1950255697593093  Train L2 Loss :  0.01694519732147455
Epoch :  434  Epoch time :  3.1936766263097525  Train L2 Loss :  0.01694412584155798
Epoch :  435  Epoch time :  3.1952857971191406  Train L2 Loss :  0.016940030962228774
Epoch :  436  Epoch time :  3.193254843354225  Train L2 Loss :  0.01695128479450941
Epoch :  437  Epoch time :  3.194395207799971  Train L2 Loss :  0.016938470144569874
Epoch :  438  Epoch time :  3.2033649776130915  Train L2 Loss :  0.01692936177700758
Epoch :  439  Epoch time :  3.21442823857069  Train L2 Loss :  0.016951823872327805
Epoch :  440  Epoch time :  3.2439615558832884  Train L2 Loss :  0.01692687340825796
Epoch :  441  Epoch time :  3.1905234875157475  Train L2 Loss :  0.016928427478671074
Epoch :  442  Epoch time :  3.2003860883414745  Train L2 Loss :  0.016943625921010973
Epoch :  443  Epoch time :  3.191857250407338  Train L2 Loss :  0.016936903485655786
Epoch :  444  Epoch time :  3.1891535921022296  Train L2 Loss :  0.01692518642693758
Epoch :  445  Epoch time :  3.1872611828148365  Train L2 Loss :  0.016922318732738494
Epoch :  446  Epoch time :  3.1894669150933623  Train L2 Loss :  0.016931090341508387
Epoch :  447  Epoch time :  3.1900708423927426  Train L2 Loss :  0.016923785556852818
Epoch :  448  Epoch time :  3.191208287142217  Train L2 Loss :  0.016919941130280496
Epoch :  449  Epoch time :  3.1915828520432115  Train L2 Loss :  0.016927046874165536
Epoch :  450  Epoch time :  3.199575487524271  Train L2 Loss :  0.016914932136237622
Epoch :  451  Epoch time :  3.2100125793367624  Train L2 Loss :  0.01693071373552084
Epoch :  452  Epoch time :  3.2410811306908727  Train L2 Loss :  0.01691500276774168
Epoch :  453  Epoch time :  3.1930273827165365  Train L2 Loss :  0.016921270728111268
Epoch :  454  Epoch time :  3.2029901947826147  Train L2 Loss :  0.016928097230196
Epoch :  455  Epoch time :  3.1941725984215736  Train L2 Loss :  0.016933358730375766
Epoch :  456  Epoch time :  3.192821227014065  Train L2 Loss :  0.016924981325864792
Epoch :  457  Epoch time :  3.194627935066819  Train L2 Loss :  0.016911678238213063
Epoch :  458  Epoch time :  3.19302549213171  Train L2 Loss :  0.01690177111774683
Epoch :  459  Epoch time :  3.194759006612003  Train L2 Loss :  0.016925869539380075
Epoch :  460  Epoch time :  3.1929052928462625  Train L2 Loss :  0.016913275691866875
Epoch :  461  Epoch time :  3.1953619960695505  Train L2 Loss :  0.016903783750534057
Epoch :  462  Epoch time :  3.205655388534069  Train L2 Loss :  0.016908918207883834
Epoch :  463  Epoch time :  3.2167855286970735  Train L2 Loss :  0.016922436459362505
Epoch :  464  Epoch time :  3.232868816703558  Train L2 Loss :  0.0169104568362236
Epoch :  465  Epoch time :  3.1965994611382484  Train L2 Loss :  0.01690003190636635
Epoch :  466  Epoch time :  3.2017640629783273  Train L2 Loss :  0.01691163168847561
Epoch :  467  Epoch time :  3.1972135305404663  Train L2 Loss :  0.01689354797154665
Epoch :  468  Epoch time :  3.1977799590677023  Train L2 Loss :  0.01690215921252966
Epoch :  469  Epoch time :  3.1933884229511023  Train L2 Loss :  0.01691324485987425
Epoch :  470  Epoch time :  3.190315527841449  Train L2 Loss :  0.016885499906539918
Epoch :  471  Epoch time :  3.1910030087456107  Train L2 Loss :  0.016911851811408998
Epoch :  472  Epoch time :  3.1921676471829414  Train L2 Loss :  0.016901860624551773
Epoch :  473  Epoch time :  3.1941749025136232  Train L2 Loss :  0.016893020360171793
Epoch :  474  Epoch time :  3.202262319624424  Train L2 Loss :  0.016901428467035292
Epoch :  475  Epoch time :  3.2093244260177016  Train L2 Loss :  0.016903038136661053
Epoch :  476  Epoch time :  3.23705380409956  Train L2 Loss :  0.01688894951939583
Epoch :  477  Epoch time :  3.196148752234876  Train L2 Loss :  0.016891797283291817
Epoch :  478  Epoch time :  3.2033012192696333  Train L2 Loss :  0.01687860349714756
Epoch :  479  Epoch time :  3.1973724914714694  Train L2 Loss :  0.016889035776257513
Epoch :  480  Epoch time :  3.1931717107072473  Train L2 Loss :  0.016891326858103274
Epoch :  481  Epoch time :  3.1906335642561316  Train L2 Loss :  0.01687618963420391
Epoch :  482  Epoch time :  3.1895003532990813  Train L2 Loss :  0.01688595001399517
Epoch :  483  Epoch time :  3.193674558773637  Train L2 Loss :  0.016896433569490908
Epoch :  484  Epoch time :  3.1955269360914826  Train L2 Loss :  0.01687365843355656
Epoch :  485  Epoch time :  3.1915687415748835  Train L2 Loss :  0.016886669474840164
Epoch :  486  Epoch time :  3.2045781100168824  Train L2 Loss :  0.016902241176366805
Epoch :  487  Epoch time :  3.209964469075203  Train L2 Loss :  0.016880733223259448
Epoch :  488  Epoch time :  3.235486950725317  Train L2 Loss :  0.016877590243518353
Epoch :  489  Epoch time :  3.196815462782979  Train L2 Loss :  0.01689303832054138
Epoch :  490  Epoch time :  3.2238905550912023  Train L2 Loss :  0.01688335204720497
Epoch :  491  Epoch time :  3.1939360927790403  Train L2 Loss :  0.016897092385590076
Epoch :  492  Epoch time :  3.192410330288112  Train L2 Loss :  0.01687130936086178
Epoch :  493  Epoch time :  3.194791146554053  Train L2 Loss :  0.016867693273723127
Epoch :  494  Epoch time :  3.1930918702855706  Train L2 Loss :  0.016876126013696195
Epoch :  495  Epoch time :  3.1945512210950255  Train L2 Loss :  0.016874300903081892
Epoch :  496  Epoch time :  3.1924813678488135  Train L2 Loss :  0.016883950173854828
Epoch :  497  Epoch time :  3.1941313855350018  Train L2 Loss :  0.016861641657352447
Epoch :  498  Epoch time :  3.201361294835806  Train L2 Loss :  0.016863151623308658
Epoch :  499  Epoch time :  3.212007691152394  Train L2 Loss :  0.01687143867909908
Epoch :  500  Epoch time :  3.2364504849538207  Train L2 Loss :  0.016543123933672906
Epoch :  501  Epoch time :  3.1961960457265377  Train L2 Loss :  0.016543307362496852
Epoch :  502  Epoch time :  3.205649448558688  Train L2 Loss :  0.016548307195305825
Epoch :  503  Epoch time :  3.1955807646736503  Train L2 Loss :  0.01655397894382477
Epoch :  504  Epoch time :  3.193769442848861  Train L2 Loss :  0.016563476052880288
Epoch :  505  Epoch time :  3.1998218530789018  Train L2 Loss :  0.016548490814864637
Epoch :  506  Epoch time :  3.1953673847019672  Train L2 Loss :  0.016560343013703824
Epoch :  507  Epoch time :  3.1965279895812273  Train L2 Loss :  0.016562081810832022
Epoch :  508  Epoch time :  3.1982463346794248  Train L2 Loss :  0.016554683804512024
Epoch :  509  Epoch time :  3.198457540012896  Train L2 Loss :  0.01655266629755497
Epoch :  510  Epoch time :  3.2073302837088704  Train L2 Loss :  0.016552579355239867
Epoch :  511  Epoch time :  3.215165339410305  Train L2 Loss :  0.016555683843791486
Epoch :  512  Epoch time :  3.2378795202821493  Train L2 Loss :  0.016547795987129212
Epoch :  513  Epoch time :  3.204772743396461  Train L2 Loss :  0.01654950084388256
Epoch :  514  Epoch time :  3.21159522049129  Train L2 Loss :  0.01655062203258276
Epoch :  515  Epoch time :  3.1982824094593525  Train L2 Loss :  0.01654853214174509
Epoch :  516  Epoch time :  3.19530672673136  Train L2 Loss :  0.016541922657191753
Epoch :  517  Epoch time :  3.195064974948764  Train L2 Loss :  0.016551254810392855
Epoch :  518  Epoch time :  3.1925898399204016  Train L2 Loss :  0.016546396294236182
Epoch :  519  Epoch time :  3.1935231536626816  Train L2 Loss :  0.016550516068935393
Epoch :  520  Epoch time :  3.19663652125746  Train L2 Loss :  0.016541800512373448
Epoch :  521  Epoch time :  3.195498907007277  Train L2 Loss :  0.01654549069404602
Epoch :  522  Epoch time :  3.2055186657235026  Train L2 Loss :  0.01654199924916029
Epoch :  523  Epoch time :  3.2105479687452316  Train L2 Loss :  0.016542365473508836
Epoch :  524  Epoch time :  3.236104851588607  Train L2 Loss :  0.016539672350883484
Epoch :  525  Epoch time :  3.2027453910559416  Train L2 Loss :  0.016543493524193764
Epoch :  526  Epoch time :  3.2024484844878316  Train L2 Loss :  0.01653764952868223
Epoch :  527  Epoch time :  3.1958405524492264  Train L2 Loss :  0.01654406172186136
Epoch :  528  Epoch time :  3.1940453546121716  Train L2 Loss :  0.016535154658555984
Epoch :  529  Epoch time :  3.195453541353345  Train L2 Loss :  0.016537391740083694
Epoch :  530  Epoch time :  3.1914143981412053  Train L2 Loss :  0.016540763410925866
Epoch :  531  Epoch time :  3.1950289644300938  Train L2 Loss :  0.01653829992264509
Epoch :  532  Epoch time :  3.191259647719562  Train L2 Loss :  0.016532169319689274
Epoch :  533  Epoch time :  3.1948617696762085  Train L2 Loss :  0.01653380098193884
Epoch :  534  Epoch time :  3.2032521748915315  Train L2 Loss :  0.016530165235698224
Epoch :  535  Epoch time :  3.2089549712836742  Train L2 Loss :  0.016539393590390684
Epoch :  536  Epoch time :  3.2324366280809045  Train L2 Loss :  0.016535479950904847
Epoch :  537  Epoch time :  3.201545247808099  Train L2 Loss :  0.016530692720413208
Epoch :  538  Epoch time :  3.2016194267198443  Train L2 Loss :  0.016531850132346152
Epoch :  539  Epoch time :  3.196566474623978  Train L2 Loss :  0.016528926457464694
Epoch :  540  Epoch time :  3.192869042046368  Train L2 Loss :  0.01653007929623127
Epoch :  541  Epoch time :  3.1935982732102275  Train L2 Loss :  0.016527248340845107
Epoch :  542  Epoch time :  3.192444933578372  Train L2 Loss :  0.016527183789014816
Epoch :  543  Epoch time :  3.194048210978508  Train L2 Loss :  0.01652615751773119
Epoch :  544  Epoch time :  3.1930703725665808  Train L2 Loss :  0.016527505557239055
Epoch :  545  Epoch time :  3.19215099606663  Train L2 Loss :  0.016528473764657974
Epoch :  546  Epoch time :  3.203817415982485  Train L2 Loss :  0.016525117145478725
Epoch :  547  Epoch time :  3.212433568201959  Train L2 Loss :  0.016522462221980096
Epoch :  548  Epoch time :  3.2293327571824193  Train L2 Loss :  0.016528364317119123
Epoch :  549  Epoch time :  3.2028852300718427  Train L2 Loss :  0.01652740371674299
Epoch :  550  Epoch time :  3.202192895114422  Train L2 Loss :  0.016526516979932786
Epoch :  551  Epoch time :  3.196340666152537  Train L2 Loss :  0.01651903716176748
Epoch :  552  Epoch time :  3.1927676629275084  Train L2 Loss :  0.016519061532616616
Epoch :  553  Epoch time :  3.1898299008607864  Train L2 Loss :  0.016515726652741432
Epoch :  554  Epoch time :  3.1904667830094695  Train L2 Loss :  0.016525299568474292
Epoch :  555  Epoch time :  3.1907775960862637  Train L2 Loss :  0.016522855572402476
Epoch :  556  Epoch time :  3.1884381072595716  Train L2 Loss :  0.016518274012207984
Epoch :  557  Epoch time :  3.191254229284823  Train L2 Loss :  0.016523058819770814
Epoch :  558  Epoch time :  3.2031753649935126  Train L2 Loss :  0.016513885062932967
Epoch :  559  Epoch time :  3.212694453075528  Train L2 Loss :  0.016517470583319663
Epoch :  560  Epoch time :  3.2258696388453245  Train L2 Loss :  0.01651332056224346
Epoch :  561  Epoch time :  3.2033636095002294  Train L2 Loss :  0.016509463341534136
Epoch :  562  Epoch time :  3.1999313244596124  Train L2 Loss :  0.016515513165295124
Epoch :  563  Epoch time :  3.1947626303881407  Train L2 Loss :  0.016515906630456448
Epoch :  564  Epoch time :  3.1930668726563454  Train L2 Loss :  0.016509868459403516
Epoch :  565  Epoch time :  3.1922534769400954  Train L2 Loss :  0.01651311881095171
Epoch :  566  Epoch time :  3.1909396201372147  Train L2 Loss :  0.0165125994682312
Epoch :  567  Epoch time :  3.192356771789491  Train L2 Loss :  0.016510996587574482
Epoch :  568  Epoch time :  3.1934569254517555  Train L2 Loss :  0.016513708543777466
Epoch :  569  Epoch time :  3.1936290049925447  Train L2 Loss :  0.016511362129449845
Epoch :  570  Epoch time :  3.20241919439286  Train L2 Loss :  0.016506912939250468
Epoch :  571  Epoch time :  3.215762509033084  Train L2 Loss :  0.016506212508678435
Epoch :  572  Epoch time :  3.227393275126815  Train L2 Loss :  0.016504778334498406
Epoch :  573  Epoch time :  3.2064537992700934  Train L2 Loss :  0.016497219178080558
Epoch :  574  Epoch time :  3.2070988807827234  Train L2 Loss :  0.016499246475100517
Epoch :  575  Epoch time :  3.1929293470457196  Train L2 Loss :  0.016500891281664373
Epoch :  576  Epoch time :  3.1922527262941003  Train L2 Loss :  0.016502407389879226
Epoch :  577  Epoch time :  3.1932192724198103  Train L2 Loss :  0.016497445707023144
Epoch :  578  Epoch time :  3.191019108518958  Train L2 Loss :  0.01650288079380989
Epoch :  579  Epoch time :  3.1969191627576947  Train L2 Loss :  0.016498360902070998
Epoch :  580  Epoch time :  3.1981146801263094  Train L2 Loss :  0.016497025008499623
Epoch :  581  Epoch time :  3.195722204633057  Train L2 Loss :  0.016499340415000917
Epoch :  582  Epoch time :  3.204692061059177  Train L2 Loss :  0.016500404304265977
Epoch :  583  Epoch time :  3.214787711389363  Train L2 Loss :  0.01649562808573246
Epoch :  584  Epoch time :  3.232014008797705  Train L2 Loss :  0.016491391476988793
Epoch :  585  Epoch time :  3.2126729283481836  Train L2 Loss :  0.016491676802933217
Epoch :  586  Epoch time :  3.2077449718490243  Train L2 Loss :  0.016493996740877627
Epoch :  587  Epoch time :  3.1990035390481353  Train L2 Loss :  0.016481659600138664
Epoch :  588  Epoch time :  3.201091041788459  Train L2 Loss :  0.016491739013791085
Epoch :  589  Epoch time :  3.1989452382549644  Train L2 Loss :  0.016496292574703694
Epoch :  590  Epoch time :  3.1966344323009253  Train L2 Loss :  0.016485807380080222
Epoch :  591  Epoch time :  3.2802460622042418  Train L2 Loss :  0.016489123837649822
Epoch :  592  Epoch time :  3.2438476905226707  Train L2 Loss :  0.016489307633042335
Epoch :  593  Epoch time :  3.197689911350608  Train L2 Loss :  0.016488229078054428
Epoch :  594  Epoch time :  3.2083012433722615  Train L2 Loss :  0.016481794659793377
Epoch :  595  Epoch time :  3.216758851893246  Train L2 Loss :  0.016487216548621654
Epoch :  596  Epoch time :  3.2339566750451922  Train L2 Loss :  0.01647957193404436
Epoch :  597  Epoch time :  3.2125742146745324  Train L2 Loss :  0.016474597983062268
Epoch :  598  Epoch time :  3.2070777909830213  Train L2 Loss :  0.01648653177767992
Epoch :  599  Epoch time :  3.1986652053892612  Train L2 Loss :  0.01647943563759327
Epoch :  600  Epoch time :  3.1946719521656632  Train L2 Loss :  0.016319778129458427
Epoch :  601  Epoch time :  3.1943294731900096  Train L2 Loss :  0.016314379535615445
Epoch :  602  Epoch time :  3.243439049459994  Train L2 Loss :  0.016314299081265925
Epoch :  603  Epoch time :  3.2291007274761796  Train L2 Loss :  0.01631881324350834
Epoch :  604  Epoch time :  3.1942335376515985  Train L2 Loss :  0.016317478066682815
Epoch :  605  Epoch time :  3.1981799574568868  Train L2 Loss :  0.016314542551338674
Epoch :  606  Epoch time :  3.206499139778316  Train L2 Loss :  0.016317945715785025
Epoch :  607  Epoch time :  3.2165641179308295  Train L2 Loss :  0.01631506380289793
Epoch :  608  Epoch time :  3.2307743718847632  Train L2 Loss :  0.01632004419416189
Epoch :  609  Epoch time :  3.214240925386548  Train L2 Loss :  0.016313159914314746
Epoch :  610  Epoch time :  3.2046694746240973  Train L2 Loss :  0.01631239086985588
Epoch :  611  Epoch time :  3.1973543614149094  Train L2 Loss :  0.01631357555240393
Epoch :  612  Epoch time :  3.196089726872742  Train L2 Loss :  0.01631282165646553
Epoch :  613  Epoch time :  3.1940129473805428  Train L2 Loss :  0.016311785580217838
Epoch :  614  Epoch time :  3.191829504445195  Train L2 Loss :  0.01631014476120472
Epoch :  615  Epoch time :  3.1949988892301917  Train L2 Loss :  0.016309520207345485
Epoch :  616  Epoch time :  3.1944337440654635  Train L2 Loss :  0.016310520480573177
Epoch :  617  Epoch time :  3.1951835630461574  Train L2 Loss :  0.016305189426243306
Epoch :  618  Epoch time :  3.2056420985609293  Train L2 Loss :  0.01630743264853954
Epoch :  619  Epoch time :  3.213829891756177  Train L2 Loss :  0.01630694385021925
Epoch :  620  Epoch time :  3.222846685908735  Train L2 Loss :  0.016309775632619858
Epoch :  621  Epoch time :  3.20961950533092  Train L2 Loss :  0.016307544761896133
Epoch :  622  Epoch time :  3.2013067919760942  Train L2 Loss :  0.01630456033051014
Epoch :  623  Epoch time :  3.194304822012782  Train L2 Loss :  0.01630511654317379
Epoch :  624  Epoch time :  3.1940152337774634  Train L2 Loss :  0.01630268499404192
Epoch :  625  Epoch time :  3.1936851497739553  Train L2 Loss :  0.016303226448595522
Epoch :  626  Epoch time :  3.1915577026084065  Train L2 Loss :  0.0162953514277935
Epoch :  627  Epoch time :  3.1957140741869807  Train L2 Loss :  0.016299347126483916
Epoch :  628  Epoch time :  3.191603765822947  Train L2 Loss :  0.016299890007078648
Epoch :  629  Epoch time :  3.1943629067391157  Train L2 Loss :  0.016295072677731514
Epoch :  630  Epoch time :  3.202251624315977  Train L2 Loss :  0.016300595910847187
Epoch :  631  Epoch time :  3.214082771912217  Train L2 Loss :  0.01629890040755272
Epoch :  632  Epoch time :  3.2222302025184035  Train L2 Loss :  0.016293986982107163
Epoch :  633  Epoch time :  3.216316742822528  Train L2 Loss :  0.01629785313308239
Epoch :  634  Epoch time :  3.2035478996112943  Train L2 Loss :  0.01629343930184841
Epoch :  635  Epoch time :  3.198277954943478  Train L2 Loss :  0.016291641579568385
Epoch :  636  Epoch time :  3.1930104112252593  Train L2 Loss :  0.01628894323706627
Epoch :  637  Epoch time :  3.195195867680013  Train L2 Loss :  0.016293791310489178
Epoch :  638  Epoch time :  3.1911385133862495  Train L2 Loss :  0.016289763605594636
Epoch :  639  Epoch time :  3.1920402217656374  Train L2 Loss :  0.01628916707187891
Epoch :  640  Epoch time :  3.1943008648231626  Train L2 Loss :  0.01628490711301565
Epoch :  641  Epoch time :  3.195496025495231  Train L2 Loss :  0.01628905929028988
Epoch :  642  Epoch time :  3.204287755303085  Train L2 Loss :  0.016285446152091026
Epoch :  643  Epoch time :  3.2105839578434825  Train L2 Loss :  0.01628565219193697
Epoch :  644  Epoch time :  3.2206579046323895  Train L2 Loss :  0.016283074975013734
Epoch :  645  Epoch time :  3.212882626801729  Train L2 Loss :  0.01628204089254141
Epoch :  646  Epoch time :  3.2038272069767118  Train L2 Loss :  0.016282885427772998
Epoch :  647  Epoch time :  3.1886131102219224  Train L2 Loss :  0.016280976980924608
Epoch :  648  Epoch time :  3.1824425160884857  Train L2 Loss :  0.016283140099048615
Epoch :  649  Epoch time :  3.1823701271787286  Train L2 Loss :  0.016279324102401734
Epoch :  650  Epoch time :  3.181692622601986  Train L2 Loss :  0.016281282849609852
Epoch :  651  Epoch time :  3.183288499712944  Train L2 Loss :  0.01627787320762873
Epoch :  652  Epoch time :  3.184094464406371  Train L2 Loss :  0.01627581898570061
Epoch :  653  Epoch time :  3.185304271057248  Train L2 Loss :  0.016277323493361473
Epoch :  654  Epoch time :  3.1939053935930133  Train L2 Loss :  0.016277270708978175
Epoch :  655  Epoch time :  3.2053020214661956  Train L2 Loss :  0.01627158159762621
Epoch :  656  Epoch time :  3.213297378271818  Train L2 Loss :  0.01627347958534956
Epoch :  657  Epoch time :  3.201471660286188  Train L2 Loss :  0.01627458835542202
Epoch :  658  Epoch time :  3.1954650720581412  Train L2 Loss :  0.016266671620309352
Epoch :  659  Epoch time :  3.186554528772831  Train L2 Loss :  0.016273114708065986
Epoch :  660  Epoch time :  3.181388915516436  Train L2 Loss :  0.016266517731547355
Epoch :  661  Epoch time :  3.1830601720139384  Train L2 Loss :  0.016268259455263615
Epoch :  662  Epoch time :  3.2068994604051113  Train L2 Loss :  0.016267628887295722
Epoch :  663  Epoch time :  3.184653083793819  Train L2 Loss :  0.01626317344903946
Epoch :  664  Epoch time :  3.186231007799506  Train L2 Loss :  0.016262921158969403
Epoch :  665  Epoch time :  3.1806549290195107  Train L2 Loss :  0.016262256187200546
Epoch :  666  Epoch time :  3.1942960880696774  Train L2 Loss :  0.016258922262489796
Epoch :  667  Epoch time :  3.2107653003185987  Train L2 Loss :  0.016262314765155314
Epoch :  668  Epoch time :  3.2078889459371567  Train L2 Loss :  0.016259894721210002
Epoch :  669  Epoch time :  3.2077293060719967  Train L2 Loss :  0.016256492339074613
Epoch :  670  Epoch time :  3.1952186934649944  Train L2 Loss :  0.016258313006162643
Epoch :  671  Epoch time :  3.187769274227321  Train L2 Loss :  0.01625589411407709
Epoch :  672  Epoch time :  3.187419505789876  Train L2 Loss :  0.016253325460851193
Epoch :  673  Epoch time :  3.187834655866027  Train L2 Loss :  0.01625486608594656
Epoch :  674  Epoch time :  3.186957743950188  Train L2 Loss :  0.01624969794154167
Epoch :  675  Epoch time :  3.1832528300583363  Train L2 Loss :  0.016252926206588744
Epoch :  676  Epoch time :  3.1814861027523875  Train L2 Loss :  0.016252920970320703
Epoch :  677  Epoch time :  3.1813413370400667  Train L2 Loss :  0.016245415848493577
Epoch :  678  Epoch time :  3.193980425596237  Train L2 Loss :  0.016243175530433654
Epoch :  679  Epoch time :  3.200215174816549  Train L2 Loss :  0.0162463213250041
Epoch :  680  Epoch time :  3.2072763182222843  Train L2 Loss :  0.016245934653282165
Epoch :  681  Epoch time :  3.2063007010146976  Train L2 Loss :  0.016242104963958264
Epoch :  682  Epoch time :  3.1903629479929805  Train L2 Loss :  0.016236102578043938
Epoch :  683  Epoch time :  3.1879051411524415  Train L2 Loss :  0.016238905389606952
Epoch :  684  Epoch time :  3.1828844221308827  Train L2 Loss :  0.016237111996114256
Epoch :  685  Epoch time :  3.182347192429006  Train L2 Loss :  0.016232744747400284
Epoch :  686  Epoch time :  3.183508456684649  Train L2 Loss :  0.016234279634058477
Epoch :  687  Epoch time :  3.1848815083503723  Train L2 Loss :  0.016230508919060232
Epoch :  688  Epoch time :  3.1842537131160498  Train L2 Loss :  0.01623129213452339
Epoch :  689  Epoch time :  3.1869639297947288  Train L2 Loss :  0.01623108329772949
Epoch :  690  Epoch time :  3.197050147689879  Train L2 Loss :  0.01622699190378189
Epoch :  691  Epoch time :  3.200678898021579  Train L2 Loss :  0.01622562964707613
Epoch :  692  Epoch time :  3.2102685580030084  Train L2 Loss :  0.01622140941619873
Epoch :  693  Epoch time :  3.209613211452961  Train L2 Loss :  0.0162252165004611
Epoch :  694  Epoch time :  3.194326166063547  Train L2 Loss :  0.016220216403901578
Epoch :  695  Epoch time :  3.1868175780400634  Train L2 Loss :  0.01621994132846594
Epoch :  696  Epoch time :  3.183369136415422  Train L2 Loss :  0.016215502673387526
Epoch :  697  Epoch time :  3.183074526488781  Train L2 Loss :  0.016217565931379796
Epoch :  698  Epoch time :  3.184516068547964  Train L2 Loss :  0.01621236053109169
Epoch :  699  Epoch time :  3.1850418243557215  Train L2 Loss :  0.016214921057224274
Epoch :  700  Epoch time :  3.1851492943242192  Train L2 Loss :  0.016129431861639024
Epoch :  701  Epoch time :  3.1824819343164563  Train L2 Loss :  0.01612583874166012
Epoch :  702  Epoch time :  3.193448042497039  Train L2 Loss :  0.01612582061290741
Epoch :  703  Epoch time :  3.2028569616377354  Train L2 Loss :  0.016127011008560656
Epoch :  704  Epoch time :  3.2084030341356993  Train L2 Loss :  0.01612239994108677
Epoch :  705  Epoch time :  3.21024364605546  Train L2 Loss :  0.01612449651360512
Epoch :  706  Epoch time :  3.1949276169762015  Train L2 Loss :  0.016123885791003705
Epoch :  707  Epoch time :  3.1842137975618243  Train L2 Loss :  0.016120790442824363
Epoch :  708  Epoch time :  3.187278790399432  Train L2 Loss :  0.016119967971742154
Epoch :  709  Epoch time :  3.187782710418105  Train L2 Loss :  0.01612071191817522
Epoch :  710  Epoch time :  3.1832065004855394  Train L2 Loss :  0.016118213580548765
Epoch :  711  Epoch time :  3.1846347022801638  Train L2 Loss :  0.01611625461727381
Epoch :  712  Epoch time :  3.184627686627209  Train L2 Loss :  0.016118555665016174
Epoch :  713  Epoch time :  3.184878014959395  Train L2 Loss :  0.016116355967521666
Epoch :  714  Epoch time :  3.19311748072505  Train L2 Loss :  0.016113972042500972
Epoch :  715  Epoch time :  3.2014526650309563  Train L2 Loss :  0.016113233056664466
Epoch :  716  Epoch time :  3.207950687967241  Train L2 Loss :  0.01611027608513832
Epoch :  717  Epoch time :  3.211337808519602  Train L2 Loss :  0.016110842464864255
Epoch :  718  Epoch time :  3.198486475273967  Train L2 Loss :  0.016108503897488118
Epoch :  719  Epoch time :  3.1906564319506288  Train L2 Loss :  0.016108539037406444
Epoch :  720  Epoch time :  3.1833468545228243  Train L2 Loss :  0.01610987194031477
Epoch :  721  Epoch time :  3.1862546019256115  Train L2 Loss :  0.0161048163831234
Epoch :  722  Epoch time :  3.1837746184319258  Train L2 Loss :  0.0161056778177619
Epoch :  723  Epoch time :  3.184209785424173  Train L2 Loss :  0.01610610617995262
Epoch :  724  Epoch time :  3.185693211853504  Train L2 Loss :  0.01610475642979145
Epoch :  725  Epoch time :  3.187116044573486  Train L2 Loss :  0.016102983874082565
Epoch :  726  Epoch time :  3.196089591830969  Train L2 Loss :  0.016101084677875042
Epoch :  727  Epoch time :  3.209418509155512  Train L2 Loss :  0.016100397908687593
Epoch :  728  Epoch time :  3.2082647001370788  Train L2 Loss :  0.01609905834645033
Epoch :  729  Epoch time :  3.217104393057525  Train L2 Loss :  0.01609714856296778
Epoch :  730  Epoch time :  3.1986398939043283  Train L2 Loss :  0.016096030977368354
Epoch :  731  Epoch time :  3.187801389954984  Train L2 Loss :  0.016096139170229434
Epoch :  732  Epoch time :  3.188434566371143  Train L2 Loss :  0.016094657166302203
Epoch :  733  Epoch time :  3.1841464415192604  Train L2 Loss :  0.01609350115507841
Epoch :  734  Epoch time :  3.186723896302283  Train L2 Loss :  0.01608887183815241
Epoch :  735  Epoch time :  3.1910633528605103  Train L2 Loss :  0.016092697790265082
Epoch :  736  Epoch time :  3.1863960083574057  Train L2 Loss :  0.016090311054885387
Epoch :  737  Epoch time :  3.186034626327455  Train L2 Loss :  0.01608924833983183
Epoch :  738  Epoch time :  3.19735099747777  Train L2 Loss :  0.016086856223642827
Epoch :  739  Epoch time :  3.207872848957777  Train L2 Loss :  0.01608612885028124
Epoch :  740  Epoch time :  3.206480429507792  Train L2 Loss :  0.016081886745989322
Epoch :  741  Epoch time :  3.2179085249081254  Train L2 Loss :  0.01608272627145052
Epoch :  742  Epoch time :  3.1984685892239213  Train L2 Loss :  0.016079767997562885
Epoch :  743  Epoch time :  3.1904675979167223  Train L2 Loss :  0.016080981685221197
Epoch :  744  Epoch time :  3.1880701845511794  Train L2 Loss :  0.016080974754691123
Epoch :  745  Epoch time :  3.186403950676322  Train L2 Loss :  0.01607843343913555
Epoch :  746  Epoch time :  3.186314375139773  Train L2 Loss :  0.016076433201134204
Epoch :  747  Epoch time :  3.188941717147827  Train L2 Loss :  0.01607610458880663
Epoch :  748  Epoch time :  3.187815354205668  Train L2 Loss :  0.016073083278536796
Epoch :  749  Epoch time :  3.1885774629190564  Train L2 Loss :  0.016072129219770432
Epoch :  750  Epoch time :  3.19696846883744  Train L2 Loss :  0.01606967243850231
Epoch :  751  Epoch time :  3.2036271151155233  Train L2 Loss :  0.01606977241486311
Epoch :  752  Epoch time :  3.2058136593550444  Train L2 Loss :  0.016068687269091605
Epoch :  753  Epoch time :  3.2179764015600085  Train L2 Loss :  0.016066286751627922
Epoch :  754  Epoch time :  3.2024295469745994  Train L2 Loss :  0.016067513377964495
Epoch :  755  Epoch time :  3.1909715682268143  Train L2 Loss :  0.016065266467630863
Epoch :  756  Epoch time :  3.187741029076278  Train L2 Loss :  0.016061995433270932
Epoch :  757  Epoch time :  3.187219360843301  Train L2 Loss :  0.016060875479876995
Epoch :  758  Epoch time :  3.1878982093185186  Train L2 Loss :  0.016059859047830104
Epoch :  759  Epoch time :  3.1853879978880286  Train L2 Loss :  0.016056082320213317
Epoch :  760  Epoch time :  3.185256836935878  Train L2 Loss :  0.016053733195364475
Epoch :  761  Epoch time :  3.1841392014175653  Train L2 Loss :  0.016055969828367232
Epoch :  762  Epoch time :  3.1955250576138496  Train L2 Loss :  0.016053755086660387
Epoch :  763  Epoch time :  3.201675543561578  Train L2 Loss :  0.016052306193113326
Epoch :  764  Epoch time :  3.2009945567697287  Train L2 Loss :  0.016050457914173602
Epoch :  765  Epoch time :  3.216210293583572  Train L2 Loss :  0.016049568545818328
Epoch :  766  Epoch time :  3.195825836621225  Train L2 Loss :  0.016046901416778565
Epoch :  767  Epoch time :  3.185446157120168  Train L2 Loss :  0.01604521218240261
Epoch :  768  Epoch time :  3.2474564742296934  Train L2 Loss :  0.01604446572214365
Epoch :  769  Epoch time :  3.217061035335064  Train L2 Loss :  0.016041984418034554
Epoch :  770  Epoch time :  3.1821512123569846  Train L2 Loss :  0.016043106132745743
Epoch :  771  Epoch time :  3.1860018130391836  Train L2 Loss :  0.016039103274047374
Epoch :  772  Epoch time :  3.1841971706598997  Train L2 Loss :  0.016038171754777432
Epoch :  773  Epoch time :  3.1862638257443905  Train L2 Loss :  0.01603525775820017
Epoch :  774  Epoch time :  3.1957462653517723  Train L2 Loss :  0.016034946237504483
Epoch :  775  Epoch time :  3.1992922397330403  Train L2 Loss :  0.016032212990522383
Epoch :  776  Epoch time :  3.2009208649396896  Train L2 Loss :  0.01603024370521307
Epoch :  777  Epoch time :  3.217587218619883  Train L2 Loss :  0.01603065899759531
Epoch :  778  Epoch time :  3.194688935764134  Train L2 Loss :  0.01602808476537466
Epoch :  779  Epoch time :  3.185257156379521  Train L2 Loss :  0.01602534636557102
Epoch :  780  Epoch time :  3.1826196359470487  Train L2 Loss :  0.01602536462545395
Epoch :  781  Epoch time :  3.191053094342351  Train L2 Loss :  0.016021338874101638
Epoch :  782  Epoch time :  3.180379836820066  Train L2 Loss :  0.01602035683989525
Epoch :  783  Epoch time :  3.182815975509584  Train L2 Loss :  0.016019061490893365
Epoch :  784  Epoch time :  3.1835485892370343  Train L2 Loss :  0.016017475394904612
Epoch :  785  Epoch time :  3.181749103590846  Train L2 Loss :  0.01601520916223526
Epoch :  786  Epoch time :  3.1943330159410834  Train L2 Loss :  0.016013965430855752
Epoch :  787  Epoch time :  3.204592499881983  Train L2 Loss :  0.016013083806633948
Epoch :  788  Epoch time :  3.197964683175087  Train L2 Loss :  0.01601017494946718
Epoch :  789  Epoch time :  3.2133823055773973  Train L2 Loss :  0.01600993240773678
Epoch :  790  Epoch time :  3.189426147378981  Train L2 Loss :  0.016005572225153447
Epoch :  791  Epoch time :  3.18287072237581  Train L2 Loss :  0.016006410153210162
Epoch :  792  Epoch time :  3.1831036815419793  Train L2 Loss :  0.016002294497191906
Epoch :  793  Epoch time :  3.1828070022165775  Train L2 Loss :  0.016000307446718216
Epoch :  794  Epoch time :  3.1829409319907427  Train L2 Loss :  0.015999579651653766
Epoch :  795  Epoch time :  3.1817560847848654  Train L2 Loss :  0.015997417657077313
Epoch :  796  Epoch time :  3.182405523955822  Train L2 Loss :  0.01599775328338146
Epoch :  797  Epoch time :  3.181236870586872  Train L2 Loss :  0.015993211872875692
Epoch :  798  Epoch time :  3.1972519755363464  Train L2 Loss :  0.015991636809706687
Epoch :  799  Epoch time :  3.201586192473769  Train L2 Loss :  0.015988696151971817
Epoch :  800  Epoch time :  3.208561807870865  Train L2 Loss :  0.015944560807943344
Epoch :  801  Epoch time :  3.211821931414306  Train L2 Loss :  0.01594231068491936
Epoch :  802  Epoch time :  3.191093996167183  Train L2 Loss :  0.01594252607524395
Epoch :  803  Epoch time :  3.1850293315947056  Train L2 Loss :  0.015940304221212863
Epoch :  804  Epoch time :  3.1891743913292885  Train L2 Loss :  0.015940508191287516
Epoch :  805  Epoch time :  3.1905684918165207  Train L2 Loss :  0.015938255441188813
Epoch :  806  Epoch time :  3.187445451505482  Train L2 Loss :  0.015936796814203263
Epoch :  807  Epoch time :  3.1881139501929283  Train L2 Loss :  0.015936030051112174
Epoch :  808  Epoch time :  3.185502120293677  Train L2 Loss :  0.015936293333768843
Epoch :  809  Epoch time :  3.1974389143288136  Train L2 Loss :  0.01593614014238119
Epoch :  810  Epoch time :  3.2040251744911075  Train L2 Loss :  0.015933385986089708
Epoch :  811  Epoch time :  3.2044383296743035  Train L2 Loss :  0.015932270054519176
Epoch :  812  Epoch time :  3.22509821690619  Train L2 Loss :  0.015931751991808414
Epoch :  813  Epoch time :  3.1970298727974296  Train L2 Loss :  0.015930736792087556
Epoch :  814  Epoch time :  3.189497658982873  Train L2 Loss :  0.01592881837785244
Epoch :  815  Epoch time :  3.1879969984292984  Train L2 Loss :  0.015928554044663906
Epoch :  816  Epoch time :  3.1866590911522508  Train L2 Loss :  0.01592782961577177
Epoch :  817  Epoch time :  3.1855734596028924  Train L2 Loss :  0.01592571365684271
Epoch :  818  Epoch time :  3.187396720983088  Train L2 Loss :  0.01592466285675764
Epoch :  819  Epoch time :  3.1822220720350742  Train L2 Loss :  0.015925107683241367
Epoch :  820  Epoch time :  3.184323168359697  Train L2 Loss :  0.01592329149991274
Epoch :  821  Epoch time :  3.203285912051797  Train L2 Loss :  0.015922120022773743
Epoch :  822  Epoch time :  3.2101462930440903  Train L2 Loss :  0.015919644477963447
Epoch :  823  Epoch time :  3.2141770692542195  Train L2 Loss :  0.015920430777966975
Epoch :  824  Epoch time :  3.2108344258740544  Train L2 Loss :  0.015916698433458804
Epoch :  825  Epoch time :  3.189458311535418  Train L2 Loss :  0.015916633304953576
Epoch :  826  Epoch time :  3.1858916096389294  Train L2 Loss :  0.01591432257294655
Epoch :  827  Epoch time :  3.183991374447942  Train L2 Loss :  0.015913819609582425
Epoch :  828  Epoch time :  3.1846534181386232  Train L2 Loss :  0.01591277031004429
Epoch :  829  Epoch time :  3.18326363991946  Train L2 Loss :  0.01591250500380993
Epoch :  830  Epoch time :  3.1864424170926213  Train L2 Loss :  0.015911072835326195
Epoch :  831  Epoch time :  3.186056949198246  Train L2 Loss :  0.015910809595882893
Epoch :  832  Epoch time :  3.196290179155767  Train L2 Loss :  0.015906798715889455
Epoch :  833  Epoch time :  3.204468115232885  Train L2 Loss :  0.015908226220309733
Epoch :  834  Epoch time :  3.199618201702833  Train L2 Loss :  0.015905859649181366
Epoch :  835  Epoch time :  3.22890854626894  Train L2 Loss :  0.015900744068622588
Epoch :  836  Epoch time :  3.1836437731981277  Train L2 Loss :  0.015895889012515544
Epoch :  837  Epoch time :  3.1875852132216096  Train L2 Loss :  0.015891965758800506
Epoch :  838  Epoch time :  3.1845306111499667  Train L2 Loss :  0.015886249861121176
Epoch :  839  Epoch time :  3.1817842796444893  Train L2 Loss :  0.015880695277452467
Epoch :  840  Epoch time :  3.1831097677350044  Train L2 Loss :  0.015872775872051714
Epoch :  841  Epoch time :  3.185274842195213  Train L2 Loss :  0.015865896306931974
Epoch :  842  Epoch time :  3.180962166748941  Train L2 Loss :  0.015858902204036712
Epoch :  843  Epoch time :  3.1793391462415457  Train L2 Loss :  0.015850185237824915
Epoch :  844  Epoch time :  3.2003215672448277  Train L2 Loss :  0.015839592921733855
Epoch :  845  Epoch time :  3.2035352820530534  Train L2 Loss :  0.01582723064571619
Epoch :  846  Epoch time :  3.2136644925922155  Train L2 Loss :  0.015816590647399424
Epoch :  847  Epoch time :  3.2017452865839005  Train L2 Loss :  0.01579909730553627
Epoch :  848  Epoch time :  3.1835098080337048  Train L2 Loss :  0.015784425134956835
Epoch :  849  Epoch time :  3.184907470829785  Train L2 Loss :  0.015767691151797773
Epoch :  850  Epoch time :  3.180662052705884  Train L2 Loss :  0.01574845202565193
Epoch :  851  Epoch time :  3.181201704777777  Train L2 Loss :  0.0157283426463604
Epoch :  852  Epoch time :  3.181575970724225  Train L2 Loss :  0.015704677841067313
Epoch :  853  Epoch time :  3.181983166374266  Train L2 Loss :  0.0156774587020278
Epoch :  854  Epoch time :  3.1794605925679207  Train L2 Loss :  0.01565109324157238
Epoch :  855  Epoch time :  3.194760319776833  Train L2 Loss :  0.015622498518228532
Epoch :  856  Epoch time :  3.2010987494140863  Train L2 Loss :  0.015592672684788703
Epoch :  857  Epoch time :  3.2012853771448135  Train L2 Loss :  0.015563907153904438
Epoch :  858  Epoch time :  3.221245021559298  Train L2 Loss :  0.015535159485042095
Epoch :  859  Epoch time :  3.25576632283628  Train L2 Loss :  0.015505664248764515
Epoch :  860  Epoch time :  3.195796682499349  Train L2 Loss :  0.015480278824269772
Epoch :  861  Epoch time :  3.1937810787931085  Train L2 Loss :  0.015453785130381583
Epoch :  862  Epoch time :  3.196633364073932  Train L2 Loss :  0.015430108462274075
Epoch :  863  Epoch time :  3.195663425140083  Train L2 Loss :  0.015408716240525245
Epoch :  864  Epoch time :  3.195393942296505  Train L2 Loss :  0.015389065220952035
Epoch :  865  Epoch time :  3.1951412484049797  Train L2 Loss :  0.0153705217435956
Epoch :  866  Epoch time :  3.2030129954218864  Train L2 Loss :  0.015355452696979046
Epoch :  867  Epoch time :  3.2018217276781797  Train L2 Loss :  0.015343099543452263
Epoch :  868  Epoch time :  3.2156799864023924  Train L2 Loss :  0.015331161753833294
Epoch :  869  Epoch time :  3.2424753913655877  Train L2 Loss :  0.01532153339833021
Epoch :  870  Epoch time :  3.2070262068882585  Train L2 Loss :  0.015310990010201931
Epoch :  871  Epoch time :  3.196336899884045  Train L2 Loss :  0.015304132418334485
Epoch :  872  Epoch time :  3.1930607445538044  Train L2 Loss :  0.01529620152413845
Epoch :  873  Epoch time :  3.193000682629645  Train L2 Loss :  0.015289156930148602
Epoch :  874  Epoch time :  3.1945525454357266  Train L2 Loss :  0.015285680435597897
Epoch :  875  Epoch time :  3.1957293869927526  Train L2 Loss :  0.015280377469956875
Epoch :  876  Epoch time :  3.1999543234705925  Train L2 Loss :  0.015275383983552457
Epoch :  877  Epoch time :  3.213950863108039  Train L2 Loss :  0.01527079357355833
Epoch :  878  Epoch time :  3.2173434402793646  Train L2 Loss :  0.015265705725550652
Epoch :  879  Epoch time :  3.2371112713590264  Train L2 Loss :  0.01526360671967268
Epoch :  880  Epoch time :  3.224756977520883  Train L2 Loss :  0.01525912452340126
Epoch :  881  Epoch time :  3.193925698287785  Train L2 Loss :  0.015256555771827697
Epoch :  882  Epoch time :  3.195054292678833  Train L2 Loss :  0.01525317564457655
Epoch :  883  Epoch time :  3.19660113286227  Train L2 Loss :  0.015249594017863273
Epoch :  884  Epoch time :  3.193384383805096  Train L2 Loss :  0.015246304416656494
Epoch :  885  Epoch time :  3.1957399928942323  Train L2 Loss :  0.015243893413245679
Epoch :  886  Epoch time :  3.1952102817595005  Train L2 Loss :  0.015240713964402675
Epoch :  887  Epoch time :  3.208591583184898  Train L2 Loss :  0.01523945154696703
Epoch :  888  Epoch time :  3.2127940598875284  Train L2 Loss :  0.015236404256522656
Epoch :  889  Epoch time :  3.2246945975348353  Train L2 Loss :  0.015232966338098048
Epoch :  890  Epoch time :  3.2316383672878146  Train L2 Loss :  0.015230156099796294
Epoch :  891  Epoch time :  3.2049751793965697  Train L2 Loss :  0.01522894714474678
Epoch :  892  Epoch time :  3.198363638482988  Train L2 Loss :  0.015226796738803387
Epoch :  893  Epoch time :  3.2004766948521137  Train L2 Loss :  0.015223872046172619
Epoch :  894  Epoch time :  3.196410622447729  Train L2 Loss :  0.015221031333506108
Epoch :  895  Epoch time :  3.1961634922772646  Train L2 Loss :  0.015219769948720933
Epoch :  896  Epoch time :  3.197442845441401  Train L2 Loss :  0.015218060480058193
Epoch :  897  Epoch time :  3.2058568065986037  Train L2 Loss :  0.015215400637686253
Epoch :  898  Epoch time :  3.2121041547507048  Train L2 Loss :  0.015212768514454364
Epoch :  899  Epoch time :  3.210686894133687  Train L2 Loss :  0.015210627295076848
Epoch :  900  Epoch time :  3.235538247972727  Train L2 Loss :  0.01518552001863718
Epoch :  901  Epoch time :  3.210167366079986  Train L2 Loss :  0.015184245324134827
Epoch :  902  Epoch time :  3.1990191899240017  Train L2 Loss :  0.015182641963660717
Epoch :  903  Epoch time :  3.1995883341878653  Train L2 Loss :  0.01518121770620346
Epoch :  904  Epoch time :  3.1959455590695143  Train L2 Loss :  0.015181447307765484
Epoch :  905  Epoch time :  3.1951590068638325  Train L2 Loss :  0.015179624737799168
Epoch :  906  Epoch time :  3.196676137857139  Train L2 Loss :  0.015179035392403603
Epoch :  907  Epoch time :  3.194449393078685  Train L2 Loss :  0.015177767623960971
Epoch :  908  Epoch time :  3.196142024360597  Train L2 Loss :  0.015177451391518116
Epoch :  909  Epoch time :  3.2103231018409133  Train L2 Loss :  0.01517660101056099
Epoch :  910  Epoch time :  3.2133657475933433  Train L2 Loss :  0.015175513312220574
Epoch :  911  Epoch time :  3.226347893476486  Train L2 Loss :  0.01517407406270504
Epoch :  912  Epoch time :  3.2221831120550632  Train L2 Loss :  0.01517391808182001
Epoch :  913  Epoch time :  3.1957842698320746  Train L2 Loss :  0.015171480971574784
Epoch :  914  Epoch time :  3.194387886673212  Train L2 Loss :  0.015171508111059665
Epoch :  915  Epoch time :  3.193706238642335  Train L2 Loss :  0.015170979204773902
Epoch :  916  Epoch time :  3.193178191781044  Train L2 Loss :  0.01516933944672346
Epoch :  917  Epoch time :  3.193310127593577  Train L2 Loss :  0.015167942336201667
Epoch :  918  Epoch time :  3.193614535033703  Train L2 Loss :  0.015167886877059937
Epoch :  919  Epoch time :  3.191658482886851  Train L2 Loss :  0.015166333551704884
Epoch :  920  Epoch time :  3.2046965677291155  Train L2 Loss :  0.015165682178735733
Epoch :  921  Epoch time :  3.205936908721924  Train L2 Loss :  0.015164612133800983
Epoch :  922  Epoch time :  3.2108144480735064  Train L2 Loss :  0.015163383765518665
Epoch :  923  Epoch time :  3.2318855272606015  Train L2 Loss :  0.015162095731496811
Epoch :  924  Epoch time :  3.2024213299155235  Train L2 Loss :  0.015161888095736504
Epoch :  925  Epoch time :  3.1946706222370267  Train L2 Loss :  0.015160566079616546
Epoch :  926  Epoch time :  3.1979403980076313  Train L2 Loss :  0.015159452678263187
Epoch :  927  Epoch time :  3.191786683164537  Train L2 Loss :  0.015159469914436341
Epoch :  928  Epoch time :  3.1885099336504936  Train L2 Loss :  0.015158723296225071
Epoch :  929  Epoch time :  3.1900032106786966  Train L2 Loss :  0.015156978157162666
Epoch :  930  Epoch time :  3.1908690901473165  Train L2 Loss :  0.015156480219960213
Epoch :  931  Epoch time :  3.1904698153957725  Train L2 Loss :  0.01515536251962185
Epoch :  932  Epoch time :  3.2046866873279214  Train L2 Loss :  0.015154581755399703
Epoch :  933  Epoch time :  3.19992708042264  Train L2 Loss :  0.015152939069271088
Epoch :  934  Epoch time :  3.219570344313979  Train L2 Loss :  0.015152928882837296
Epoch :  935  Epoch time :  3.2084863232448697  Train L2 Loss :  0.01515183016359806
Epoch :  936  Epoch time :  3.186589637771249  Train L2 Loss :  0.015150993095338345
Epoch :  937  Epoch time :  3.1856781551614404  Train L2 Loss :  0.015150155767798424
Epoch :  938  Epoch time :  3.1830903962254524  Train L2 Loss :  0.01514955117404461
Epoch :  939  Epoch time :  3.1815389236435294  Train L2 Loss :  0.015147927507758141
Epoch :  940  Epoch time :  3.185581917874515  Train L2 Loss :  0.015147935611009598
Epoch :  941  Epoch time :  3.183417680673301  Train L2 Loss :  0.015146363769471646
Epoch :  942  Epoch time :  3.18414465803653  Train L2 Loss :  0.015145676121115684
Epoch :  943  Epoch time :  3.1948264334350824  Train L2 Loss :  0.015144456413388253
Epoch :  944  Epoch time :  3.1992729222401977  Train L2 Loss :  0.01514323393702507
Epoch :  945  Epoch time :  3.203402820043266  Train L2 Loss :  0.015142634658515453
Epoch :  946  Epoch time :  3.2295062504708767  Train L2 Loss :  0.015142466859519482
Epoch :  947  Epoch time :  3.1815043538808823  Train L2 Loss :  0.015141676560044288
Epoch :  948  Epoch time :  3.1866892594844103  Train L2 Loss :  0.01514012097120285
Epoch :  949  Epoch time :  3.1878868201747537  Train L2 Loss :  0.01513989205956459
Epoch :  950  Epoch time :  3.1865196116268635  Train L2 Loss :  0.015139075948297977
Epoch :  951  Epoch time :  3.1832773108035326  Train L2 Loss :  0.015138284507393837
Epoch :  952  Epoch time :  3.1848644632846117  Train L2 Loss :  0.015136856126785279
Epoch :  953  Epoch time :  3.1848834194242954  Train L2 Loss :  0.01513608604222536
Epoch :  954  Epoch time :  3.1841267524287105  Train L2 Loss :  0.015135343891382217
Epoch :  955  Epoch time :  3.207151490263641  Train L2 Loss :  0.015134228567779065
Epoch :  956  Epoch time :  3.200387100689113  Train L2 Loss :  0.015133791016042232
Epoch :  957  Epoch time :  3.2223158003762364  Train L2 Loss :  0.015133080077171325
Epoch :  958  Epoch time :  3.2095725620165467  Train L2 Loss :  0.015131422458589077
Epoch :  959  Epoch time :  3.190052680671215  Train L2 Loss :  0.015130656169354915
Epoch :  960  Epoch time :  3.189617550931871  Train L2 Loss :  0.015130596248805523
Epoch :  961  Epoch time :  3.187383020296693  Train L2 Loss :  0.01512968791872263
Epoch :  962  Epoch time :  3.187352458946407  Train L2 Loss :  0.015128689135611058
Epoch :  963  Epoch time :  3.188326768577099  Train L2 Loss :  0.015127559426426887
Epoch :  964  Epoch time :  3.1881594117730856  Train L2 Loss :  0.015127460020780564
Epoch :  965  Epoch time :  3.1910330280661583  Train L2 Loss :  0.015126047419011593
Epoch :  966  Epoch time :  3.20026324223727  Train L2 Loss :  0.015125531852245331
Epoch :  967  Epoch time :  3.202131095342338  Train L2 Loss :  0.015124263237416745
Epoch :  968  Epoch time :  3.2105587953701615  Train L2 Loss :  0.015123459565639496
Epoch :  969  Epoch time :  3.229089517146349  Train L2 Loss :  0.015122551745176314
Epoch :  970  Epoch time :  3.191040347330272  Train L2 Loss :  0.015121812714636326
Epoch :  971  Epoch time :  3.187698525376618  Train L2 Loss :  0.015121074852347373
Epoch :  972  Epoch time :  3.1874242471531034  Train L2 Loss :  0.015120425575971604
Epoch :  973  Epoch time :  3.18838223349303  Train L2 Loss :  0.0151186061501503
Epoch :  974  Epoch time :  3.1857224805280566  Train L2 Loss :  0.015119234250485896
Epoch :  975  Epoch time :  3.223023420199752  Train L2 Loss :  0.015117990186810494
Epoch :  976  Epoch time :  3.212420073337853  Train L2 Loss :  0.01511745865046978
Epoch :  977  Epoch time :  3.1930114924907684  Train L2 Loss :  0.015116583581268788
Epoch :  978  Epoch time :  3.1932767098769546  Train L2 Loss :  0.015115234072506428
Epoch :  979  Epoch time :  3.202889896929264  Train L2 Loss :  0.015114459556341171
Epoch :  980  Epoch time :  3.2285692058503628  Train L2 Loss :  0.015113726124167443
Epoch :  981  Epoch time :  3.201629393734038  Train L2 Loss :  0.015112797144055367
Epoch :  982  Epoch time :  3.18703689891845  Train L2 Loss :  0.015112161949276923
Epoch :  983  Epoch time :  3.189097911119461  Train L2 Loss :  0.015111401501297951
Epoch :  984  Epoch time :  3.184771546162665  Train L2 Loss :  0.015110789224505424
Epoch :  985  Epoch time :  3.187144584953785  Train L2 Loss :  0.015109570156037807
Epoch :  986  Epoch time :  3.1853396566584706  Train L2 Loss :  0.015108532050251961
Epoch :  987  Epoch time :  3.188852679915726  Train L2 Loss :  0.015107477866113186
Epoch :  988  Epoch time :  3.1886521819978952  Train L2 Loss :  0.015107115951180458
Epoch :  989  Epoch time :  3.20165091753006  Train L2 Loss :  0.015106712460517884
Epoch :  990  Epoch time :  3.203742596320808  Train L2 Loss :  0.015105084547400475
Epoch :  991  Epoch time :  3.214305892586708  Train L2 Loss :  0.015104908809065818
Epoch :  992  Epoch time :  3.2224921444430947  Train L2 Loss :  0.01510409958064556
Epoch :  993  Epoch time :  3.195748873986304  Train L2 Loss :  0.015102901412546634
Epoch :  994  Epoch time :  3.1859567649662495  Train L2 Loss :  0.015102336080372333
Epoch :  995  Epoch time :  3.1852781027555466  Train L2 Loss :  0.01510125411748886
Epoch :  996  Epoch time :  3.184520425274968  Train L2 Loss :  0.015100934748351573
Epoch :  997  Epoch time :  3.1843708027154207  Train L2 Loss :  0.015099642656743526
Epoch :  998  Epoch time :  3.1866661496460438  Train L2 Loss :  0.015098842497169971
Epoch :  999  Epoch time :  3.1884821439161897  Train L2 Loss :  0.015098596043884754
Total time is : 3196.4697457719594 Total epoch is  1000
