Energy is  1.0547118733938987e-14
Input dim :  128  output dim :  4096
29249
Epoch :  0  Epoch time :  2.6675223000347614  Train L2 Loss :  3.8421903814315796
Epoch :  1  Epoch time :  2.4812424378469586  Train L2 Loss :  1.668057152366638
Epoch :  2  Epoch time :  2.493694788776338  Train L2 Loss :  1.1710799961090088
Epoch :  3  Epoch time :  2.497981539927423  Train L2 Loss :  0.9453500506401062
Epoch :  4  Epoch time :  2.500539243221283  Train L2 Loss :  0.7985544861793518
Epoch :  5  Epoch time :  2.5021256571635604  Train L2 Loss :  0.6809140872955323
Epoch :  6  Epoch time :  2.5077010141685605  Train L2 Loss :  0.5946926830291748
Epoch :  7  Epoch time :  2.5106650134548545  Train L2 Loss :  0.50142386469841
Epoch :  8  Epoch time :  2.5165659887716174  Train L2 Loss :  0.4254504761695862
Epoch :  9  Epoch time :  2.522149824537337  Train L2 Loss :  0.40360619401931763
Epoch :  10  Epoch time :  2.530326973646879  Train L2 Loss :  0.3902747306346893
Epoch :  11  Epoch time :  2.7137427739799023  Train L2 Loss :  0.3741053228378296
Epoch :  12  Epoch time :  2.715608953498304  Train L2 Loss :  0.36150876059532167
Epoch :  13  Epoch time :  2.6333488235250115  Train L2 Loss :  0.3422482969760895
Epoch :  14  Epoch time :  2.5438856948167086  Train L2 Loss :  0.32221576514244077
Epoch :  15  Epoch time :  2.5409935573115945  Train L2 Loss :  0.3118110651254654
Epoch :  16  Epoch time :  2.544709646143019  Train L2 Loss :  0.30080735137462616
Epoch :  17  Epoch time :  2.5427129324525595  Train L2 Loss :  0.2971082377433777
Epoch :  18  Epoch time :  2.54381550475955  Train L2 Loss :  0.27816396005153654
Epoch :  19  Epoch time :  2.5396782280877233  Train L2 Loss :  0.26603073744773864
Epoch :  20  Epoch time :  2.5435432689264417  Train L2 Loss :  0.2582844762563705
Epoch :  21  Epoch time :  2.542365776374936  Train L2 Loss :  0.2492665414094925
Epoch :  22  Epoch time :  2.5452950997278094  Train L2 Loss :  0.25000033926963805
Epoch :  23  Epoch time :  2.5371989840641618  Train L2 Loss :  0.24129808180332185
Epoch :  24  Epoch time :  2.539584775455296  Train L2 Loss :  0.23765079560279845
Epoch :  25  Epoch time :  2.535445130430162  Train L2 Loss :  0.23395700843334197
Epoch :  26  Epoch time :  2.611500773578882  Train L2 Loss :  0.22964791343212126
Epoch :  27  Epoch time :  2.717173402197659  Train L2 Loss :  0.22462434179782867
Epoch :  28  Epoch time :  2.7164853774011135  Train L2 Loss :  0.22489844100475312
Epoch :  29  Epoch time :  2.716530597768724  Train L2 Loss :  0.21251968247890474
Epoch :  30  Epoch time :  2.710924490354955  Train L2 Loss :  0.20858216183185577
Epoch :  31  Epoch time :  2.7057953542098403  Train L2 Loss :  0.2065953810453415
Epoch :  32  Epoch time :  2.707998612895608  Train L2 Loss :  0.19835409479141236
Epoch :  33  Epoch time :  2.710334537550807  Train L2 Loss :  0.1978056654691696
Epoch :  34  Epoch time :  2.559993203729391  Train L2 Loss :  0.1935398586988449
Epoch :  35  Epoch time :  2.535958955064416  Train L2 Loss :  0.1910737513065338
Epoch :  36  Epoch time :  2.5386920170858502  Train L2 Loss :  0.1888265767097473
Epoch :  37  Epoch time :  2.547686867415905  Train L2 Loss :  0.1833822194814682
Epoch :  38  Epoch time :  2.543656524270773  Train L2 Loss :  0.1878582931280136
Epoch :  39  Epoch time :  2.5427494375035167  Train L2 Loss :  0.1810456055879593
Epoch :  40  Epoch time :  2.5391482450067997  Train L2 Loss :  0.176277871632576
Epoch :  41  Epoch time :  2.539905233308673  Train L2 Loss :  0.17491179044246674
Epoch :  42  Epoch time :  2.537857354618609  Train L2 Loss :  0.17276323990821837
Epoch :  43  Epoch time :  2.5395963713526726  Train L2 Loss :  0.1699738353729248
Epoch :  44  Epoch time :  2.5336868381127715  Train L2 Loss :  0.16232357895374297
Epoch :  45  Epoch time :  2.53720239456743  Train L2 Loss :  0.1633185663461685
Epoch :  46  Epoch time :  2.5363742765039206  Train L2 Loss :  0.16004831738471983
Epoch :  47  Epoch time :  2.541727333329618  Train L2 Loss :  0.16306420817375183
Epoch :  48  Epoch time :  2.523354628123343  Train L2 Loss :  0.15887627651691436
Epoch :  49  Epoch time :  2.535357483662665  Train L2 Loss :  0.1557080750465393
Epoch :  50  Epoch time :  2.6419271929189563  Train L2 Loss :  0.1495409273147583
Epoch :  51  Epoch time :  2.608228838071227  Train L2 Loss :  0.1544272131204605
Epoch :  52  Epoch time :  2.725710983388126  Train L2 Loss :  0.14945986864566804
Epoch :  53  Epoch time :  2.72431602794677  Train L2 Loss :  0.14779510962963105
Epoch :  54  Epoch time :  2.723954294808209  Train L2 Loss :  0.14456587110757826
Epoch :  55  Epoch time :  2.7318217046558857  Train L2 Loss :  0.14352349091768266
Epoch :  56  Epoch time :  2.728657077997923  Train L2 Loss :  0.13660073640346526
Epoch :  57  Epoch time :  2.7270866306498647  Train L2 Loss :  0.13721726902723314
Epoch :  58  Epoch time :  2.7243319610133767  Train L2 Loss :  0.13370635147094725
Epoch :  59  Epoch time :  2.7254045447334647  Train L2 Loss :  0.1357740872859955
Epoch :  60  Epoch time :  2.6836879234761  Train L2 Loss :  0.13166714967489243
Epoch :  61  Epoch time :  2.5536973159760237  Train L2 Loss :  0.13552734636068345
Epoch :  62  Epoch time :  2.5568667389452457  Train L2 Loss :  0.12978779302835464
Epoch :  63  Epoch time :  2.5528530282899737  Train L2 Loss :  0.13020527777671814
Epoch :  64  Epoch time :  2.566416636109352  Train L2 Loss :  0.12996882750988006
Epoch :  65  Epoch time :  2.5607691006734967  Train L2 Loss :  0.12633823931217195
Epoch :  66  Epoch time :  2.5600717635825276  Train L2 Loss :  0.12771630127429962
Epoch :  67  Epoch time :  2.556383063085377  Train L2 Loss :  0.1254741394162178
Epoch :  68  Epoch time :  2.5654373513534665  Train L2 Loss :  0.13075884791612624
Epoch :  69  Epoch time :  2.5580565249547362  Train L2 Loss :  0.12346533657312393
Epoch :  70  Epoch time :  2.561954869888723  Train L2 Loss :  0.12494331350326537
Epoch :  71  Epoch time :  2.5624923957511783  Train L2 Loss :  0.12615924407243728
Epoch :  72  Epoch time :  2.555998613126576  Train L2 Loss :  0.12143033661842347
Epoch :  73  Epoch time :  2.558458465151489  Train L2 Loss :  0.12202307356595993
Epoch :  74  Epoch time :  2.558911044150591  Train L2 Loss :  0.12041497558355331
Epoch :  75  Epoch time :  2.560046251863241  Train L2 Loss :  0.12014930946826935
Epoch :  76  Epoch time :  2.561259382404387  Train L2 Loss :  0.12214396448135376
Epoch :  77  Epoch time :  2.565612376667559  Train L2 Loss :  0.11819866236448288
Epoch :  78  Epoch time :  2.564223065972328  Train L2 Loss :  0.12180204939842224
Epoch :  79  Epoch time :  2.5657229209318757  Train L2 Loss :  0.11821048258543014
Epoch :  80  Epoch time :  2.5475929332897067  Train L2 Loss :  0.12044129989147186
Epoch :  81  Epoch time :  2.578345611691475  Train L2 Loss :  0.11601740783452988
Epoch :  82  Epoch time :  2.584197146818042  Train L2 Loss :  0.11765662043094635
Epoch :  83  Epoch time :  2.5793143222108483  Train L2 Loss :  0.1167355912566185
Epoch :  84  Epoch time :  2.5691307885572314  Train L2 Loss :  0.11778548837900162
Epoch :  85  Epoch time :  2.568454093299806  Train L2 Loss :  0.11692498853206634
Epoch :  86  Epoch time :  2.571696700528264  Train L2 Loss :  0.11749161343574524
Epoch :  87  Epoch time :  2.560539362952113  Train L2 Loss :  0.11590575071573257
Epoch :  88  Epoch time :  2.5528369965031743  Train L2 Loss :  0.11420253878831864
Epoch :  89  Epoch time :  2.552744124084711  Train L2 Loss :  0.11662542486190795
Epoch :  90  Epoch time :  2.554278057999909  Train L2 Loss :  0.11604425469636917
Epoch :  91  Epoch time :  2.5638160156086087  Train L2 Loss :  0.1138372018814087
Epoch :  92  Epoch time :  2.55926875397563  Train L2 Loss :  0.11204203091859817
Epoch :  93  Epoch time :  2.565897156484425  Train L2 Loss :  0.11510719248056411
Epoch :  94  Epoch time :  2.5610445365309715  Train L2 Loss :  0.11361570211648941
Epoch :  95  Epoch time :  2.5587926199659705  Train L2 Loss :  0.1156472224354744
Epoch :  96  Epoch time :  2.5633192295208573  Train L2 Loss :  0.1142998871922493
Epoch :  97  Epoch time :  2.5597333731129766  Train L2 Loss :  0.11206308195590974
Epoch :  98  Epoch time :  2.5582220973446965  Train L2 Loss :  0.11260578670501709
Epoch :  99  Epoch time :  2.5634130630642176  Train L2 Loss :  0.11241979652643204
Epoch :  100  Epoch time :  2.5655564442276955  Train L2 Loss :  0.08979689419269561
Epoch :  101  Epoch time :  2.560320632532239  Train L2 Loss :  0.09093015376329422
Epoch :  102  Epoch time :  2.5608791206032038  Train L2 Loss :  0.09303324958086014
Epoch :  103  Epoch time :  2.6282049966976047  Train L2 Loss :  0.09297843638658523
Epoch :  104  Epoch time :  2.7370663229376078  Train L2 Loss :  0.09339222966432571
Epoch :  105  Epoch time :  2.750711178407073  Train L2 Loss :  0.09249663791656494
Epoch :  106  Epoch time :  2.74981736484915  Train L2 Loss :  0.09276376669406891
Epoch :  107  Epoch time :  2.745374532416463  Train L2 Loss :  0.0926204738855362
Epoch :  108  Epoch time :  2.7533474499359727  Train L2 Loss :  0.09215429323911667
Epoch :  109  Epoch time :  2.715920126065612  Train L2 Loss :  0.09192931839227676
Epoch :  110  Epoch time :  2.5760391606017947  Train L2 Loss :  0.09205368247032165
Epoch :  111  Epoch time :  2.5601576175540686  Train L2 Loss :  0.09208790458440781
Epoch :  112  Epoch time :  2.5657323449850082  Train L2 Loss :  0.09169116364717483
Epoch :  113  Epoch time :  2.566509139724076  Train L2 Loss :  0.0914983544588089
Epoch :  114  Epoch time :  2.565331744030118  Train L2 Loss :  0.09226454602479935
Epoch :  115  Epoch time :  2.5650811260566115  Train L2 Loss :  0.09072883899211884
Epoch :  116  Epoch time :  2.5626600114628673  Train L2 Loss :  0.09128534466028214
Epoch :  117  Epoch time :  2.572795339860022  Train L2 Loss :  0.09116499350070953
Epoch :  118  Epoch time :  2.590101020410657  Train L2 Loss :  0.09008459146022797
Epoch :  119  Epoch time :  2.5669666389003396  Train L2 Loss :  0.09180473765134811
Epoch :  120  Epoch time :  2.5656572114676237  Train L2 Loss :  0.09045399999618531
Epoch :  121  Epoch time :  2.5606237798929214  Train L2 Loss :  0.09056101499795914
Epoch :  122  Epoch time :  2.5612740088254213  Train L2 Loss :  0.08987963026762008
Epoch :  123  Epoch time :  2.565478878095746  Train L2 Loss :  0.09010620539188385
Epoch :  124  Epoch time :  2.5597409373149276  Train L2 Loss :  0.0901357050538063
Epoch :  125  Epoch time :  2.5513284849002957  Train L2 Loss :  0.08965537114143371
Epoch :  126  Epoch time :  2.5607531759887934  Train L2 Loss :  0.08902703568935394
Epoch :  127  Epoch time :  2.5656108669936657  Train L2 Loss :  0.08906891345977783
Epoch :  128  Epoch time :  2.5442404486238956  Train L2 Loss :  0.08830937029123306
Epoch :  129  Epoch time :  2.5644046356901526  Train L2 Loss :  0.08825239565372467
Epoch :  130  Epoch time :  2.6869980888441205  Train L2 Loss :  0.0880973242521286
Epoch :  131  Epoch time :  2.63502661511302  Train L2 Loss :  0.08782862499952317
Epoch :  132  Epoch time :  2.7523105069994926  Train L2 Loss :  0.08730796375274658
Epoch :  133  Epoch time :  2.748326661065221  Train L2 Loss :  0.08791798001527787
Epoch :  134  Epoch time :  2.7436402598395944  Train L2 Loss :  0.08760689920186997
Epoch :  135  Epoch time :  2.611101762391627  Train L2 Loss :  0.08746118568181992
Epoch :  136  Epoch time :  2.582856989465654  Train L2 Loss :  0.08705625519752502
Epoch :  137  Epoch time :  2.578192043118179  Train L2 Loss :  0.08700323929786682
Epoch :  138  Epoch time :  2.5713589414954185  Train L2 Loss :  0.08725438046455383
Epoch :  139  Epoch time :  2.575590720400214  Train L2 Loss :  0.08651151773929595
Epoch :  140  Epoch time :  2.575823069550097  Train L2 Loss :  0.08622553176879882
Epoch :  141  Epoch time :  2.5601859046146274  Train L2 Loss :  0.08617072188854218
Epoch :  142  Epoch time :  2.567996774800122  Train L2 Loss :  0.08702433061599732
Epoch :  143  Epoch time :  2.563911790959537  Train L2 Loss :  0.08585896195173263
Epoch :  144  Epoch time :  2.5893357563763857  Train L2 Loss :  0.08627224626541137
Epoch :  145  Epoch time :  2.609153646044433  Train L2 Loss :  0.08594404686689378
Epoch :  146  Epoch time :  2.599962705746293  Train L2 Loss :  0.08463718782663346
Epoch :  147  Epoch time :  2.606115670874715  Train L2 Loss :  0.08581152132749557
Epoch :  148  Epoch time :  2.6011584363877773  Train L2 Loss :  0.08452940794229508
Epoch :  149  Epoch time :  2.6018687281757593  Train L2 Loss :  0.0851237141251564
Epoch :  150  Epoch time :  2.578437177464366  Train L2 Loss :  0.08431520838737488
Epoch :  151  Epoch time :  2.5697434740141034  Train L2 Loss :  0.08444994151592254
Epoch :  152  Epoch time :  2.5648516342043877  Train L2 Loss :  0.0834391621351242
Epoch :  153  Epoch time :  2.564159939996898  Train L2 Loss :  0.08391166415214539
Epoch :  154  Epoch time :  2.5653155939653516  Train L2 Loss :  0.08434012016057968
Epoch :  155  Epoch time :  2.5647331243380904  Train L2 Loss :  0.08332322564125061
Epoch :  156  Epoch time :  2.5671622585505247  Train L2 Loss :  0.08361108506917954
Epoch :  157  Epoch time :  2.5664075007662177  Train L2 Loss :  0.08334174497127533
Epoch :  158  Epoch time :  2.5686898343265057  Train L2 Loss :  0.0834646699309349
Epoch :  159  Epoch time :  2.577771285548806  Train L2 Loss :  0.08295097326040268
Epoch :  160  Epoch time :  2.5749155739322305  Train L2 Loss :  0.08297439821958542
Epoch :  161  Epoch time :  2.6621721955016255  Train L2 Loss :  0.08340626212358475
Epoch :  162  Epoch time :  2.7417399464175105  Train L2 Loss :  0.0830434482216835
Epoch :  163  Epoch time :  2.7441365690901875  Train L2 Loss :  0.08316288629770278
Epoch :  164  Epoch time :  2.5976523431017995  Train L2 Loss :  0.08220781276226044
Epoch :  165  Epoch time :  2.5729571711272  Train L2 Loss :  0.0824923854470253
Epoch :  166  Epoch time :  2.5722715863958  Train L2 Loss :  0.08211757172346115
Epoch :  167  Epoch time :  2.5691079953685403  Train L2 Loss :  0.08229589329957962
Epoch :  168  Epoch time :  2.5712154554203153  Train L2 Loss :  0.0826743304014206
Epoch :  169  Epoch time :  2.568817931227386  Train L2 Loss :  0.08266120334863662
Epoch :  170  Epoch time :  2.574381399899721  Train L2 Loss :  0.08179100391864777
Epoch :  171  Epoch time :  2.575136930681765  Train L2 Loss :  0.08204057554006576
Epoch :  172  Epoch time :  2.580513099208474  Train L2 Loss :  0.08263517260551452
Epoch :  173  Epoch time :  2.5704216472804546  Train L2 Loss :  0.08198722935914993
Epoch :  174  Epoch time :  2.574752502143383  Train L2 Loss :  0.08247596442699433
Epoch :  175  Epoch time :  2.568181963637471  Train L2 Loss :  0.08225573841333389
Epoch :  176  Epoch time :  2.574256886728108  Train L2 Loss :  0.08119634436368943
Epoch :  177  Epoch time :  2.577307779341936  Train L2 Loss :  0.08127436330318451
Epoch :  178  Epoch time :  2.575460223481059  Train L2 Loss :  0.08214191949367523
Epoch :  179  Epoch time :  2.573903324082494  Train L2 Loss :  0.08095635100603103
Epoch :  180  Epoch time :  2.5808033905923367  Train L2 Loss :  0.0818232418179512
Epoch :  181  Epoch time :  2.5706637436524034  Train L2 Loss :  0.08135397181510926
Epoch :  182  Epoch time :  2.7218390563502908  Train L2 Loss :  0.08165097920894623
Epoch :  183  Epoch time :  2.7484175311401486  Train L2 Loss :  0.08158794577121735
Epoch :  184  Epoch time :  2.744560495018959  Train L2 Loss :  0.08148268359899521
Epoch :  185  Epoch time :  2.7425645599141717  Train L2 Loss :  0.08161444849967957
Epoch :  186  Epoch time :  2.763809811323881  Train L2 Loss :  0.08098585290908814
Epoch :  187  Epoch time :  2.745798258110881  Train L2 Loss :  0.08093068001270294
Epoch :  188  Epoch time :  2.7502781841903925  Train L2 Loss :  0.08078419141173362
Epoch :  189  Epoch time :  2.6671659536659718  Train L2 Loss :  0.08162934249639511
Epoch :  190  Epoch time :  2.5741846142336726  Train L2 Loss :  0.08102716363668441
Epoch :  191  Epoch time :  2.5714292032644153  Train L2 Loss :  0.08136887516975402
Epoch :  192  Epoch time :  2.573942083865404  Train L2 Loss :  0.08098265466690063
Epoch :  193  Epoch time :  2.510428129695356  Train L2 Loss :  0.08108119579553603
Epoch :  194  Epoch time :  2.5740374866873026  Train L2 Loss :  0.0803834994316101
Epoch :  195  Epoch time :  2.5755895916372538  Train L2 Loss :  0.08058639557361602
Epoch :  196  Epoch time :  2.5730422511696815  Train L2 Loss :  0.08057496758699417
Epoch :  197  Epoch time :  2.577547271735966  Train L2 Loss :  0.08122024646997451
Epoch :  198  Epoch time :  2.5709352754056454  Train L2 Loss :  0.08075418663024903
Epoch :  199  Epoch time :  2.5909778820350766  Train L2 Loss :  0.08100244468450546
Epoch :  200  Epoch time :  2.574908015318215  Train L2 Loss :  0.07275828883051873
Epoch :  201  Epoch time :  2.582100081257522  Train L2 Loss :  0.07290136910676956
Epoch :  202  Epoch time :  2.57645854447037  Train L2 Loss :  0.07347558666467667
Epoch :  203  Epoch time :  2.5798486908897758  Train L2 Loss :  0.07361975483298301
Epoch :  204  Epoch time :  2.583014196716249  Train L2 Loss :  0.07355378016233444
Epoch :  205  Epoch time :  2.5797204626724124  Train L2 Loss :  0.07352071627378463
Epoch :  206  Epoch time :  2.585017646662891  Train L2 Loss :  0.07354200667738915
Epoch :  207  Epoch time :  2.5789316091686487  Train L2 Loss :  0.0733161242067814
Epoch :  208  Epoch time :  2.5632366444915533  Train L2 Loss :  0.07354304444789886
Epoch :  209  Epoch time :  2.564651468768716  Train L2 Loss :  0.0735516586959362
Epoch :  210  Epoch time :  2.569471789523959  Train L2 Loss :  0.07345250067710876
Epoch :  211  Epoch time :  2.57444507163018  Train L2 Loss :  0.07342954673171044
Epoch :  212  Epoch time :  2.5790352588519454  Train L2 Loss :  0.07342417988777161
Epoch :  213  Epoch time :  2.7232160568237305  Train L2 Loss :  0.07347306818962097
Epoch :  214  Epoch time :  2.75668572075665  Train L2 Loss :  0.07312936839461327
Epoch :  215  Epoch time :  2.7514184871688485  Train L2 Loss :  0.07329378514885902
Epoch :  216  Epoch time :  2.753815747797489  Train L2 Loss :  0.07328784424066544
Epoch :  217  Epoch time :  2.756373311392963  Train L2 Loss :  0.07294671198129654
Epoch :  218  Epoch time :  2.766870629042387  Train L2 Loss :  0.07309202772378921
Epoch :  219  Epoch time :  2.752979276701808  Train L2 Loss :  0.07325251705050469
Epoch :  220  Epoch time :  2.7556412676349282  Train L2 Loss :  0.07328696733117103
Epoch :  221  Epoch time :  2.766398056410253  Train L2 Loss :  0.07322854649424552
Epoch :  222  Epoch time :  2.588573517277837  Train L2 Loss :  0.07298911804556847
Epoch :  223  Epoch time :  2.5789167415350676  Train L2 Loss :  0.07294566410183907
Epoch :  224  Epoch time :  2.5790316415950656  Train L2 Loss :  0.07288284789919854
Epoch :  225  Epoch time :  2.5846969382837415  Train L2 Loss :  0.0730609870493412
Epoch :  226  Epoch time :  2.5770757785066962  Train L2 Loss :  0.07289699835181236
Epoch :  227  Epoch time :  2.5859535289928317  Train L2 Loss :  0.0729349831521511
Epoch :  228  Epoch time :  2.573836530558765  Train L2 Loss :  0.07269428186416627
Epoch :  229  Epoch time :  2.5793207455426455  Train L2 Loss :  0.07274173710346223
Epoch :  230  Epoch time :  2.5777754709124565  Train L2 Loss :  0.0728099804520607
Epoch :  231  Epoch time :  2.5785984750837088  Train L2 Loss :  0.0727274094581604
Epoch :  232  Epoch time :  2.582096961326897  Train L2 Loss :  0.07267608616352081
Epoch :  233  Epoch time :  2.575833193026483  Train L2 Loss :  0.07253914280533791
Epoch :  234  Epoch time :  2.5773440282791853  Train L2 Loss :  0.07234298251271248
Epoch :  235  Epoch time :  2.5786321265622973  Train L2 Loss :  0.07254951647520065
Epoch :  236  Epoch time :  2.576108768582344  Train L2 Loss :  0.07246569246053695
Epoch :  237  Epoch time :  2.5745466919615865  Train L2 Loss :  0.07239660961031914
Epoch :  238  Epoch time :  2.5864172047004104  Train L2 Loss :  0.07190500680804253
Epoch :  239  Epoch time :  2.5874159364029765  Train L2 Loss :  0.07205706558227538
Epoch :  240  Epoch time :  2.5812428779900074  Train L2 Loss :  0.07202155983448029
Epoch :  241  Epoch time :  2.581415196880698  Train L2 Loss :  0.07177625720500946
Epoch :  242  Epoch time :  2.5822354685515165  Train L2 Loss :  0.07166865156292915
Epoch :  243  Epoch time :  2.575063033029437  Train L2 Loss :  0.07150362032651901
Epoch :  244  Epoch time :  2.5871725287288427  Train L2 Loss :  0.07128710159659386
Epoch :  245  Epoch time :  2.585474277846515  Train L2 Loss :  0.07144433884620667
Epoch :  246  Epoch time :  2.5789553076028824  Train L2 Loss :  0.07117031835317612
Epoch :  247  Epoch time :  2.5894223684445024  Train L2 Loss :  0.07089352797865868
Epoch :  248  Epoch time :  2.5621265629306436  Train L2 Loss :  0.07106463949680328
Epoch :  249  Epoch time :  2.5833580307662487  Train L2 Loss :  0.07102910332679749
Epoch :  250  Epoch time :  2.600613495334983  Train L2 Loss :  0.07076329093575477
Epoch :  251  Epoch time :  2.603673436678946  Train L2 Loss :  0.07058981758356095
Epoch :  252  Epoch time :  2.5944341560825706  Train L2 Loss :  0.07055652277469635
Epoch :  253  Epoch time :  2.59527051448822  Train L2 Loss :  0.07045761008262634
Epoch :  254  Epoch time :  2.5988068114966154  Train L2 Loss :  0.07050968147516251
Epoch :  255  Epoch time :  2.5947850216180086  Train L2 Loss :  0.07023051549196244
Epoch :  256  Epoch time :  2.57503673247993  Train L2 Loss :  0.07004903519749642
Epoch :  257  Epoch time :  2.5891915084794164  Train L2 Loss :  0.07028366103768349
Epoch :  258  Epoch time :  2.580759177915752  Train L2 Loss :  0.07013185390233993
Epoch :  259  Epoch time :  2.584360083565116  Train L2 Loss :  0.07013110702633858
Epoch :  260  Epoch time :  2.5924130473285913  Train L2 Loss :  0.07004978176951408
Epoch :  261  Epoch time :  2.593767357058823  Train L2 Loss :  0.07018419898152352
Epoch :  262  Epoch time :  2.5906608840450644  Train L2 Loss :  0.07031667979359627
Epoch :  263  Epoch time :  2.5883444929495454  Train L2 Loss :  0.06974865828156471
Epoch :  264  Epoch time :  2.594984209164977  Train L2 Loss :  0.0698218875348568
Epoch :  265  Epoch time :  2.5933721382170916  Train L2 Loss :  0.06975927290916444
Epoch :  266  Epoch time :  2.586161903105676  Train L2 Loss :  0.06967733958363533
Epoch :  267  Epoch time :  2.5906403437256813  Train L2 Loss :  0.06971873589754105
Epoch :  268  Epoch time :  2.5900195138528943  Train L2 Loss :  0.06976522561311722
Epoch :  269  Epoch time :  2.592396007850766  Train L2 Loss :  0.06949888504743576
Epoch :  270  Epoch time :  2.589444035664201  Train L2 Loss :  0.06935393409729004
Epoch :  271  Epoch time :  2.5844750571995974  Train L2 Loss :  0.06933418931961059
Epoch :  272  Epoch time :  2.5886233765631914  Train L2 Loss :  0.06914409462809562
Epoch :  273  Epoch time :  2.5917353723198175  Train L2 Loss :  0.06962420287728309
Epoch :  274  Epoch time :  2.6381874000653625  Train L2 Loss :  0.06924701837897301
Epoch :  275  Epoch time :  2.766269559971988  Train L2 Loss :  0.06957631248831748
Epoch :  276  Epoch time :  2.764930388890207  Train L2 Loss :  0.06956351122260093
Epoch :  277  Epoch time :  2.7735370956361294  Train L2 Loss :  0.06929441885948182
Epoch :  278  Epoch time :  2.7805833714082837  Train L2 Loss :  0.06932274706959725
Epoch :  279  Epoch time :  2.7674882421270013  Train L2 Loss :  0.06915737114548683
Epoch :  280  Epoch time :  2.7668064422905445  Train L2 Loss :  0.06923311313986778
Epoch :  281  Epoch time :  2.757899065501988  Train L2 Loss :  0.06926590236425399
Epoch :  282  Epoch time :  2.580699616111815  Train L2 Loss :  0.06925507225990295
Epoch :  283  Epoch time :  2.589227467775345  Train L2 Loss :  0.06884527679085732
Epoch :  284  Epoch time :  2.5787054263055325  Train L2 Loss :  0.06888231269717217
Epoch :  285  Epoch time :  2.5918667716905475  Train L2 Loss :  0.06905446737408638
Epoch :  286  Epoch time :  2.5879786424338818  Train L2 Loss :  0.06897990482449531
Epoch :  287  Epoch time :  2.582980765029788  Train L2 Loss :  0.0688946018755436
Epoch :  288  Epoch time :  2.585695213638246  Train L2 Loss :  0.06920272223949432
Epoch :  289  Epoch time :  2.592963491566479  Train L2 Loss :  0.06865320558547974
Epoch :  290  Epoch time :  2.5863155219703913  Train L2 Loss :  0.06860611540079117
Epoch :  291  Epoch time :  2.5944773890078068  Train L2 Loss :  0.06899532571434974
Epoch :  292  Epoch time :  2.5828663911670446  Train L2 Loss :  0.06876093703508378
Epoch :  293  Epoch time :  2.5835697492584586  Train L2 Loss :  0.06865856232643128
Epoch :  294  Epoch time :  2.5740176597610116  Train L2 Loss :  0.06919600501656532
Epoch :  295  Epoch time :  2.580820477567613  Train L2 Loss :  0.06857043243050576
Epoch :  296  Epoch time :  2.5857252879068255  Train L2 Loss :  0.06879268177747726
Epoch :  297  Epoch time :  2.5813140319660306  Train L2 Loss :  0.06856308345794677
Epoch :  298  Epoch time :  2.584989911876619  Train L2 Loss :  0.06879882883429528
Epoch :  299  Epoch time :  2.5877747051417828  Train L2 Loss :  0.06845632588267327
Epoch :  300  Epoch time :  2.5901846578344703  Train L2 Loss :  0.06527968368530274
Epoch :  301  Epoch time :  2.5889474023133516  Train L2 Loss :  0.065248497569561
Epoch :  302  Epoch time :  2.5978747559711337  Train L2 Loss :  0.06536327029466629
Epoch :  303  Epoch time :  2.5924151483923197  Train L2 Loss :  0.06542312515377999
Epoch :  304  Epoch time :  2.59947139210999  Train L2 Loss :  0.06538177807331086
Epoch :  305  Epoch time :  2.5903573343530297  Train L2 Loss :  0.0654202744603157
Epoch :  306  Epoch time :  2.602759577333927  Train L2 Loss :  0.06545360165834427
Epoch :  307  Epoch time :  2.5656249970197678  Train L2 Loss :  0.06539779811501503
Epoch :  308  Epoch time :  2.5915764374658465  Train L2 Loss :  0.0653546707689762
Epoch :  309  Epoch time :  2.6422849632799625  Train L2 Loss :  0.06536040003299713
Epoch :  310  Epoch time :  2.6045965449884534  Train L2 Loss :  0.06532697169184684
Epoch :  311  Epoch time :  2.6097243539988995  Train L2 Loss :  0.06526019757390022
Epoch :  312  Epoch time :  2.599225859157741  Train L2 Loss :  0.0652736347079277
Epoch :  313  Epoch time :  2.5956633649766445  Train L2 Loss :  0.06516972994804382
Epoch :  314  Epoch time :  2.594074299558997  Train L2 Loss :  0.06512923232913018
Epoch :  315  Epoch time :  2.6064392244443297  Train L2 Loss :  0.0651913584470749
Epoch :  316  Epoch time :  2.6000864189118147  Train L2 Loss :  0.06506260986328125
Epoch :  317  Epoch time :  2.741576868109405  Train L2 Loss :  0.06509604963064193
Epoch :  318  Epoch time :  2.7730570416897535  Train L2 Loss :  0.06499407799839974
Epoch :  319  Epoch time :  2.786241788417101  Train L2 Loss :  0.06497183222174645
Epoch :  320  Epoch time :  2.651070767082274  Train L2 Loss :  0.06497859891057015
Epoch :  321  Epoch time :  2.622334356419742  Train L2 Loss :  0.06480616564750671
Epoch :  322  Epoch time :  2.6181497676298022  Train L2 Loss :  0.06494053383469582
Epoch :  323  Epoch time :  2.6240641232579947  Train L2 Loss :  0.06481121862530709
Epoch :  324  Epoch time :  2.6257980819791555  Train L2 Loss :  0.0647778051674366
Epoch :  325  Epoch time :  2.6230229884386063  Train L2 Loss :  0.06473388117551804
Epoch :  326  Epoch time :  2.5911140087991953  Train L2 Loss :  0.06475289695262909
Epoch :  327  Epoch time :  2.596079461276531  Train L2 Loss :  0.06460847003459931
Epoch :  328  Epoch time :  2.5908955251798034  Train L2 Loss :  0.06462048589587212
Epoch :  329  Epoch time :  2.6044587679207325  Train L2 Loss :  0.06473246456980705
Epoch :  330  Epoch time :  2.5940736290067434  Train L2 Loss :  0.06458288629055023
Epoch :  331  Epoch time :  2.587006607092917  Train L2 Loss :  0.06449576449394226
Epoch :  332  Epoch time :  2.589933317154646  Train L2 Loss :  0.06443549200296401
Epoch :  333  Epoch time :  2.591808792203665  Train L2 Loss :  0.06434216023087501
Epoch :  334  Epoch time :  2.589810752309859  Train L2 Loss :  0.06435056057572365
Epoch :  335  Epoch time :  2.5866899294778705  Train L2 Loss :  0.06440385303497315
Epoch :  336  Epoch time :  2.6208941554650664  Train L2 Loss :  0.06415439693331719
Epoch :  337  Epoch time :  2.7803833140060306  Train L2 Loss :  0.06415607569813728
Epoch :  338  Epoch time :  2.7752142837271094  Train L2 Loss :  0.06409501873850823
Epoch :  339  Epoch time :  2.6652315594255924  Train L2 Loss :  0.06415417075753212
Epoch :  340  Epoch time :  2.5934581393375993  Train L2 Loss :  0.06408534830808639
Epoch :  341  Epoch time :  2.599786641076207  Train L2 Loss :  0.06391591910123826
Epoch :  342  Epoch time :  2.602108987979591  Train L2 Loss :  0.06391385596990586
Epoch :  343  Epoch time :  2.6090007657185197  Train L2 Loss :  0.06393050833940506
Epoch :  344  Epoch time :  2.599705002270639  Train L2 Loss :  0.06371661007404328
Epoch :  345  Epoch time :  2.592854419723153  Train L2 Loss :  0.06388715716004371
Epoch :  346  Epoch time :  2.599774057045579  Train L2 Loss :  0.06386986790895462
Epoch :  347  Epoch time :  2.6022556265816092  Train L2 Loss :  0.06364148475527763
Epoch :  348  Epoch time :  2.5973872877657413  Train L2 Loss :  0.06380655804276467
Epoch :  349  Epoch time :  2.6029141042381525  Train L2 Loss :  0.06364809339046479
Epoch :  350  Epoch time :  2.598257171921432  Train L2 Loss :  0.06355316674113273
Epoch :  351  Epoch time :  2.6011748164892197  Train L2 Loss :  0.06363021775484085
Epoch :  352  Epoch time :  2.5983904898166656  Train L2 Loss :  0.0635105417907238
Epoch :  353  Epoch time :  2.6867312686517835  Train L2 Loss :  0.063528811866045
Epoch :  354  Epoch time :  2.7826796509325504  Train L2 Loss :  0.06348183140158653
Epoch :  355  Epoch time :  2.7794446013867855  Train L2 Loss :  0.06338912011384965
Epoch :  356  Epoch time :  2.792867206968367  Train L2 Loss :  0.06342854604125023
Epoch :  357  Epoch time :  2.8069044183939695  Train L2 Loss :  0.06335361349582672
Epoch :  358  Epoch time :  2.7792131388559937  Train L2 Loss :  0.0634003779411316
Epoch :  359  Epoch time :  2.7837895760312676  Train L2 Loss :  0.06334532677531242
Epoch :  360  Epoch time :  2.7408867850899696  Train L2 Loss :  0.06320856220722199
Epoch :  361  Epoch time :  2.60349774453789  Train L2 Loss :  0.06324465534090996
Epoch :  362  Epoch time :  2.600505121052265  Train L2 Loss :  0.06320601007938385
Epoch :  363  Epoch time :  2.602172113955021  Train L2 Loss :  0.06324657797217369
Epoch :  364  Epoch time :  2.6028128610923886  Train L2 Loss :  0.06307455292344093
Epoch :  365  Epoch time :  2.6061917608603835  Train L2 Loss :  0.06309100999832154
Epoch :  366  Epoch time :  2.6012231055647135  Train L2 Loss :  0.06304678419828415
Epoch :  367  Epoch time :  2.600774571299553  Train L2 Loss :  0.06300949857831001
Epoch :  368  Epoch time :  2.5953774536028504  Train L2 Loss :  0.06308266525864602
Epoch :  369  Epoch time :  2.603221446275711  Train L2 Loss :  0.06299011008143425
Epoch :  370  Epoch time :  2.599350224249065  Train L2 Loss :  0.0630305594086647
Epoch :  371  Epoch time :  2.6142360595986247  Train L2 Loss :  0.06296146519780159
Epoch :  372  Epoch time :  2.5973272938281298  Train L2 Loss :  0.06301861460208893
Epoch :  373  Epoch time :  2.595595557242632  Train L2 Loss :  0.06276028504371643
Epoch :  374  Epoch time :  2.594553891569376  Train L2 Loss :  0.06286133320331573
Epoch :  375  Epoch time :  2.594582580961287  Train L2 Loss :  0.06295054076910019
Epoch :  376  Epoch time :  2.5832281950861216  Train L2 Loss :  0.06274096516370774
Epoch :  377  Epoch time :  2.64252463914454  Train L2 Loss :  0.06274977061748505
Epoch :  378  Epoch time :  2.6094620479270816  Train L2 Loss :  0.06283714812994003
Epoch :  379  Epoch time :  2.788210267201066  Train L2 Loss :  0.06277486842274665
Epoch :  380  Epoch time :  2.7801187615841627  Train L2 Loss :  0.06265614295601844
Epoch :  381  Epoch time :  2.785492368042469  Train L2 Loss :  0.06258649909496307
Epoch :  382  Epoch time :  2.78418062441051  Train L2 Loss :  0.06258577282428741
Epoch :  383  Epoch time :  2.794277793727815  Train L2 Loss :  0.0626281651377678
Epoch :  384  Epoch time :  2.783332752995193  Train L2 Loss :  0.06264354569315911
Epoch :  385  Epoch time :  2.8021108973771334  Train L2 Loss :  0.06255837476253509
Epoch :  386  Epoch time :  2.7816516645252705  Train L2 Loss :  0.06256518218517304
Epoch :  387  Epoch time :  2.767596776597202  Train L2 Loss :  0.06248310036063194
Epoch :  388  Epoch time :  2.5959454867988825  Train L2 Loss :  0.062474987941980364
Epoch :  389  Epoch time :  2.600855357013643  Train L2 Loss :  0.06247221515774727
Epoch :  390  Epoch time :  2.6004568953067064  Train L2 Loss :  0.06245122758746147
Epoch :  391  Epoch time :  2.601124294102192  Train L2 Loss :  0.062393386143445966
Epoch :  392  Epoch time :  2.600536652840674  Train L2 Loss :  0.06238195911049843
Epoch :  393  Epoch time :  2.60316660720855  Train L2 Loss :  0.06241361362934113
Epoch :  394  Epoch time :  2.5992867378517985  Train L2 Loss :  0.06238696711063385
Epoch :  395  Epoch time :  2.5965430680662394  Train L2 Loss :  0.06232013663053512
Epoch :  396  Epoch time :  2.6005614660680294  Train L2 Loss :  0.062310979723930356
Epoch :  397  Epoch time :  2.6031956747174263  Train L2 Loss :  0.06241277792453766
Epoch :  398  Epoch time :  2.6033070413395762  Train L2 Loss :  0.06228294641971588
Epoch :  399  Epoch time :  2.622653749771416  Train L2 Loss :  0.06223870101571083
Epoch :  400  Epoch time :  2.593166058883071  Train L2 Loss :  0.060698535758256913
Epoch :  401  Epoch time :  2.59978751745075  Train L2 Loss :  0.060631332284212115
Epoch :  402  Epoch time :  2.5960094835609198  Train L2 Loss :  0.06067272080779076
Epoch :  403  Epoch time :  2.59961957950145  Train L2 Loss :  0.06068259596824646
Epoch :  404  Epoch time :  2.6003542067483068  Train L2 Loss :  0.060749460756778714
Epoch :  405  Epoch time :  2.5965681253001094  Train L2 Loss :  0.06067648788690567
Epoch :  406  Epoch time :  2.602342071942985  Train L2 Loss :  0.0606588346362114
Epoch :  407  Epoch time :  2.600432876497507  Train L2 Loss :  0.0606659063577652
Epoch :  408  Epoch time :  2.6001799469813704  Train L2 Loss :  0.060659132170677185
Epoch :  409  Epoch time :  2.6044065225869417  Train L2 Loss :  0.06063920746445656
Epoch :  410  Epoch time :  2.6032575257122517  Train L2 Loss :  0.06059782662391663
Epoch :  411  Epoch time :  2.613591372035444  Train L2 Loss :  0.06061301756501198
Epoch :  412  Epoch time :  2.749297948554158  Train L2 Loss :  0.06064990893006325
Epoch :  413  Epoch time :  2.8159940149635077  Train L2 Loss :  0.06060267137289047
Epoch :  414  Epoch time :  2.656922807916999  Train L2 Loss :  0.060545062696933744
Epoch :  415  Epoch time :  2.602014046162367  Train L2 Loss :  0.06057792525291443
Epoch :  416  Epoch time :  2.59977416228503  Train L2 Loss :  0.06056255910992622
Epoch :  417  Epoch time :  2.60176585521549  Train L2 Loss :  0.0605063973069191
Epoch :  418  Epoch time :  2.602499986998737  Train L2 Loss :  0.060500973403453825
Epoch :  419  Epoch time :  2.611719491891563  Train L2 Loss :  0.06047732770442962
Epoch :  420  Epoch time :  2.600472151301801  Train L2 Loss :  0.0605234742462635
Epoch :  421  Epoch time :  2.604243364185095  Train L2 Loss :  0.06050769894719124
Epoch :  422  Epoch time :  2.600269922055304  Train L2 Loss :  0.06047821161746979
Epoch :  423  Epoch time :  2.6023712484166026  Train L2 Loss :  0.06049532142281532
Epoch :  424  Epoch time :  2.606923774816096  Train L2 Loss :  0.06044546057581902
Epoch :  425  Epoch time :  2.6113859927281737  Train L2 Loss :  0.06041617326140404
Epoch :  426  Epoch time :  2.6057451432570815  Train L2 Loss :  0.060409898775815964
Epoch :  427  Epoch time :  2.619633718393743  Train L2 Loss :  0.06039473223090172
Epoch :  428  Epoch time :  2.605837658047676  Train L2 Loss :  0.060352959674596786
Epoch :  429  Epoch time :  2.6047625597566366  Train L2 Loss :  0.0604354509472847
Epoch :  430  Epoch time :  2.6034510442987084  Train L2 Loss :  0.06036140217781067
Epoch :  431  Epoch time :  2.6068010963499546  Train L2 Loss :  0.06038573191165924
Epoch :  432  Epoch time :  2.5948842503130436  Train L2 Loss :  0.06034636795520783
Epoch :  433  Epoch time :  2.6084150737151504  Train L2 Loss :  0.06036359606385231
Epoch :  434  Epoch time :  2.6091961935162544  Train L2 Loss :  0.06030317085385323
Epoch :  435  Epoch time :  2.5788171822205186  Train L2 Loss :  0.060313782697916034
Epoch :  436  Epoch time :  2.695424965582788  Train L2 Loss :  0.06030451187491417
Epoch :  437  Epoch time :  2.6186616709455848  Train L2 Loss :  0.06028327628970146
Epoch :  438  Epoch time :  2.722133843228221  Train L2 Loss :  0.060262129765748976
Epoch :  439  Epoch time :  2.7770923543721437  Train L2 Loss :  0.060274820780754086
Epoch :  440  Epoch time :  2.793645652011037  Train L2 Loss :  0.06023919335603714
Epoch :  441  Epoch time :  2.7963044978678226  Train L2 Loss :  0.060245109915733334
Epoch :  442  Epoch time :  2.7874355874955654  Train L2 Loss :  0.06026915162801742
Epoch :  443  Epoch time :  2.7384770745411515  Train L2 Loss :  0.06022088094353676
Epoch :  444  Epoch time :  2.622857516631484  Train L2 Loss :  0.06016305919289589
Epoch :  445  Epoch time :  2.6117768520489335  Train L2 Loss :  0.060218841010332105
Epoch :  446  Epoch time :  2.6015687063336372  Train L2 Loss :  0.060153303968906405
Epoch :  447  Epoch time :  2.600232273340225  Train L2 Loss :  0.060197957038879396
Epoch :  448  Epoch time :  2.602666813880205  Train L2 Loss :  0.06017542963027954
Epoch :  449  Epoch time :  2.602769559249282  Train L2 Loss :  0.0601152525126934
Epoch :  450  Epoch time :  2.602401384152472  Train L2 Loss :  0.06011334734559059
Epoch :  451  Epoch time :  2.603371080942452  Train L2 Loss :  0.060092384481430054
Epoch :  452  Epoch time :  2.6018395079299808  Train L2 Loss :  0.060180394089221954
Epoch :  453  Epoch time :  2.6072803726419806  Train L2 Loss :  0.06016017795801163
Epoch :  454  Epoch time :  2.603484553284943  Train L2 Loss :  0.06004540483951568
Epoch :  455  Epoch time :  2.621476429514587  Train L2 Loss :  0.060051447278261186
Epoch :  456  Epoch time :  2.6030050171539187  Train L2 Loss :  0.060027012991905215
Epoch :  457  Epoch time :  2.601189633831382  Train L2 Loss :  0.06006520916223526
Epoch :  458  Epoch time :  2.601474312134087  Train L2 Loss :  0.06002289913892746
Epoch :  459  Epoch time :  2.6000606771558523  Train L2 Loss :  0.06004484903216362
Epoch :  460  Epoch time :  2.6022155340760946  Train L2 Loss :  0.06002464616298676
Epoch :  461  Epoch time :  2.605066274292767  Train L2 Loss :  0.059994508731365206
Epoch :  462  Epoch time :  2.612100224941969  Train L2 Loss :  0.06000518234968186
Epoch :  463  Epoch time :  2.6173460837453604  Train L2 Loss :  0.05997167662382126
Epoch :  464  Epoch time :  2.607402103021741  Train L2 Loss :  0.05994924663305282
Epoch :  465  Epoch time :  2.6049910616129637  Train L2 Loss :  0.06004578829407692
Epoch :  466  Epoch time :  2.5735547486692667  Train L2 Loss :  0.06000224562883377
Epoch :  467  Epoch time :  2.5931235989555717  Train L2 Loss :  0.06001268566250801
Epoch :  468  Epoch time :  2.6148876631632447  Train L2 Loss :  0.05992904881238938
Epoch :  469  Epoch time :  2.6479695308953524  Train L2 Loss :  0.05992153748869896
Epoch :  470  Epoch time :  2.628552774898708  Train L2 Loss :  0.05998211598396301
Epoch :  471  Epoch time :  2.629772111773491  Train L2 Loss :  0.05998220345973968
Epoch :  472  Epoch time :  2.784763403236866  Train L2 Loss :  0.0598828255712986
Epoch :  473  Epoch time :  2.7802329873666167  Train L2 Loss :  0.0599113142490387
Epoch :  474  Epoch time :  2.7843217458575964  Train L2 Loss :  0.05989996053576469
Epoch :  475  Epoch time :  2.783373037353158  Train L2 Loss :  0.05993715735077858
Epoch :  476  Epoch time :  2.788024792447686  Train L2 Loss :  0.05989613972902298
Epoch :  477  Epoch time :  2.7904376024380326  Train L2 Loss :  0.059908767622709275
Epoch :  478  Epoch time :  2.6900332625955343  Train L2 Loss :  0.0599000818669796
Epoch :  479  Epoch time :  2.635802143253386  Train L2 Loss :  0.059877525669336316
Epoch :  480  Epoch time :  2.6251695146784186  Train L2 Loss :  0.05987024231553078
Epoch :  481  Epoch time :  2.6089244931936264  Train L2 Loss :  0.0598081693649292
Epoch :  482  Epoch time :  2.60897218529135  Train L2 Loss :  0.05983244143128395
Epoch :  483  Epoch time :  2.627260511741042  Train L2 Loss :  0.05978816979527474
Epoch :  484  Epoch time :  2.6223623119294643  Train L2 Loss :  0.05982943070530891
Epoch :  485  Epoch time :  2.627081437036395  Train L2 Loss :  0.05977528851628303
Epoch :  486  Epoch time :  2.618164636194706  Train L2 Loss :  0.05977086769938469
Epoch :  487  Epoch time :  2.610529054887593  Train L2 Loss :  0.05984592592716217
Epoch :  488  Epoch time :  2.6175801949575543  Train L2 Loss :  0.05977993556857109
Epoch :  489  Epoch time :  2.61456579528749  Train L2 Loss :  0.05980793038606644
Epoch :  490  Epoch time :  2.6218800712376833  Train L2 Loss :  0.059762028139829636
Epoch :  491  Epoch time :  2.6037627533078194  Train L2 Loss :  0.05976972299814224
Epoch :  492  Epoch time :  2.603829954750836  Train L2 Loss :  0.05974916919469833
Epoch :  493  Epoch time :  2.654900378547609  Train L2 Loss :  0.059789571291208266
Epoch :  494  Epoch time :  2.7859164886176586  Train L2 Loss :  0.05975420997738838
Epoch :  495  Epoch time :  2.792454463429749  Train L2 Loss :  0.059724072980880734
Epoch :  496  Epoch time :  2.790841448120773  Train L2 Loss :  0.05980853371024132
Epoch :  497  Epoch time :  2.808352512307465  Train L2 Loss :  0.059710290759801866
Epoch :  498  Epoch time :  2.7929879063740373  Train L2 Loss :  0.05973618764281273
Epoch :  499  Epoch time :  2.7881657257676125  Train L2 Loss :  0.059676227074861525
Epoch :  500  Epoch time :  2.66801346745342  Train L2 Loss :  0.05892241863012314
Epoch :  501  Epoch time :  2.609104630537331  Train L2 Loss :  0.05889448764920235
Epoch :  502  Epoch time :  2.607936093583703  Train L2 Loss :  0.058897208029031756
Epoch :  503  Epoch time :  2.6084035746753216  Train L2 Loss :  0.058912228351831436
Epoch :  504  Epoch time :  2.6054626861587167  Train L2 Loss :  0.05891616124510765
Epoch :  505  Epoch time :  2.608757145702839  Train L2 Loss :  0.05889465265274048
Epoch :  506  Epoch time :  2.5829722741618752  Train L2 Loss :  0.05893464307188988
Epoch :  507  Epoch time :  2.616888999938965  Train L2 Loss :  0.058914378052949905
Epoch :  508  Epoch time :  2.707068294286728  Train L2 Loss :  0.058910112631320954
Epoch :  509  Epoch time :  2.6273600040003657  Train L2 Loss :  0.05891441478133202
Epoch :  510  Epoch time :  2.6288401586934924  Train L2 Loss :  0.05888408655524254
Epoch :  511  Epoch time :  2.7545001888647676  Train L2 Loss :  0.05893774070739746
Epoch :  512  Epoch time :  2.796317560598254  Train L2 Loss :  0.058861104941368106
Epoch :  513  Epoch time :  2.7922174697741866  Train L2 Loss :  0.05884833308458328
Epoch :  514  Epoch time :  2.7986663933843374  Train L2 Loss :  0.05886846223473549
Epoch :  515  Epoch time :  2.790701998397708  Train L2 Loss :  0.058863491654396055
Epoch :  516  Epoch time :  2.801263348199427  Train L2 Loss :  0.05886839554309845
Epoch :  517  Epoch time :  2.794888673350215  Train L2 Loss :  0.05883642507791519
Epoch :  518  Epoch time :  2.7091734083369374  Train L2 Loss :  0.05885839163064956
Epoch :  519  Epoch time :  2.635497322306037  Train L2 Loss :  0.058842075484991076
Epoch :  520  Epoch time :  2.608729868195951  Train L2 Loss :  0.05881824627518654
Epoch :  521  Epoch time :  2.601712681353092  Train L2 Loss :  0.05881008144021034
Epoch :  522  Epoch time :  2.6075344439595938  Train L2 Loss :  0.058818222492933274
Epoch :  523  Epoch time :  2.6186646381393075  Train L2 Loss :  0.05883856486082077
Epoch :  524  Epoch time :  2.6228326484560966  Train L2 Loss :  0.058842487585544584
Epoch :  525  Epoch time :  2.617761339060962  Train L2 Loss :  0.05880688446164131
Epoch :  526  Epoch time :  2.6034917552024126  Train L2 Loss :  0.05877755793333054
Epoch :  527  Epoch time :  2.6106719924136996  Train L2 Loss :  0.058802725142240525
Epoch :  528  Epoch time :  2.6236935360357165  Train L2 Loss :  0.058784851229190825
Epoch :  529  Epoch time :  2.617314338684082  Train L2 Loss :  0.05880376085639
Epoch :  530  Epoch time :  2.6074015768244863  Train L2 Loss :  0.05876383749246597
Epoch :  531  Epoch time :  2.60449128318578  Train L2 Loss :  0.058763723623752595
Epoch :  532  Epoch time :  2.6070187697187066  Train L2 Loss :  0.05878714342713356
Epoch :  533  Epoch time :  2.6079781958833337  Train L2 Loss :  0.058776615160703656
Epoch :  534  Epoch time :  2.6035702973604202  Train L2 Loss :  0.058749419683218
Epoch :  535  Epoch time :  2.5326622864231467  Train L2 Loss :  0.05874585478901863
Epoch :  536  Epoch time :  2.6056350423023105  Train L2 Loss :  0.05873271628022194
Epoch :  537  Epoch time :  2.615932465530932  Train L2 Loss :  0.05873853811025619
Epoch :  538  Epoch time :  2.618336468935013  Train L2 Loss :  0.05872879116535187
Epoch :  539  Epoch time :  2.6260622572153807  Train L2 Loss :  0.05872178845405578
Epoch :  540  Epoch time :  2.6066177552565932  Train L2 Loss :  0.058713948541879654
Epoch :  541  Epoch time :  2.6031092014163733  Train L2 Loss :  0.058715075391530994
Epoch :  542  Epoch time :  2.620632848702371  Train L2 Loss :  0.058705024033784865
Epoch :  543  Epoch time :  2.6144486106932163  Train L2 Loss :  0.05870663787126541
Epoch :  544  Epoch time :  2.605381372384727  Train L2 Loss :  0.058669825053215025
Epoch :  545  Epoch time :  2.619410254061222  Train L2 Loss :  0.058700491553544995
Epoch :  546  Epoch time :  2.6199577124789357  Train L2 Loss :  0.05870684697031975
Epoch :  547  Epoch time :  2.6154154101386666  Train L2 Loss :  0.05870089520215988
Epoch :  548  Epoch time :  2.604090629145503  Train L2 Loss :  0.058670772194862365
Epoch :  549  Epoch time :  2.601749002933502  Train L2 Loss :  0.0586827325463295
Epoch :  550  Epoch time :  2.6062706978991628  Train L2 Loss :  0.058666388154029844
Epoch :  551  Epoch time :  2.618903032504022  Train L2 Loss :  0.05865449248552322
Epoch :  552  Epoch time :  2.609755123965442  Train L2 Loss :  0.05864710881710052
Epoch :  553  Epoch time :  2.6388329984620214  Train L2 Loss :  0.058641089308261875
Epoch :  554  Epoch time :  2.6147946724668145  Train L2 Loss :  0.058629801869392394
Epoch :  555  Epoch time :  2.6074172258377075  Train L2 Loss :  0.058616992002725604
Epoch :  556  Epoch time :  2.6044836957007647  Train L2 Loss :  0.05862216851711273
Epoch :  557  Epoch time :  2.606926648877561  Train L2 Loss :  0.05861499711871147
Epoch :  558  Epoch time :  2.608283031731844  Train L2 Loss :  0.05861389966011047
Epoch :  559  Epoch time :  2.6050277771428227  Train L2 Loss :  0.05859368281364441
Epoch :  560  Epoch time :  2.612872733734548  Train L2 Loss :  0.05860965974330902
Epoch :  561  Epoch time :  2.605770779773593  Train L2 Loss :  0.0585935218334198
Epoch :  562  Epoch time :  2.6114155910909176  Train L2 Loss :  0.05859614126682282
Epoch :  563  Epoch time :  2.60866816714406  Train L2 Loss :  0.05859062784910202
Epoch :  564  Epoch time :  2.606376113370061  Train L2 Loss :  0.058613391721248624
Epoch :  565  Epoch time :  2.605805903673172  Train L2 Loss :  0.05856196876168251
Epoch :  566  Epoch time :  2.676901417784393  Train L2 Loss :  0.058565413504838945
Epoch :  567  Epoch time :  2.8110489575192332  Train L2 Loss :  0.058565356838703155
Epoch :  568  Epoch time :  2.78957895655185  Train L2 Loss :  0.058567607939243316
Epoch :  569  Epoch time :  2.7868653554469347  Train L2 Loss :  0.058570778661966326
Epoch :  570  Epoch time :  2.784883925691247  Train L2 Loss :  0.05855333157777786
Epoch :  571  Epoch time :  2.786870976909995  Train L2 Loss :  0.05855419533848762
Epoch :  572  Epoch time :  2.767539780586958  Train L2 Loss :  0.05851645609140396
Epoch :  573  Epoch time :  2.6174884466454387  Train L2 Loss :  0.058498602849245074
Epoch :  574  Epoch time :  2.6019166642799973  Train L2 Loss :  0.058519064420461654
Epoch :  575  Epoch time :  2.605777733027935  Train L2 Loss :  0.05850971375107765
Epoch :  576  Epoch time :  2.606782433576882  Train L2 Loss :  0.058508961939811706
Epoch :  577  Epoch time :  2.6061110189184546  Train L2 Loss :  0.05851731540560722
Epoch :  578  Epoch time :  2.6069395281374454  Train L2 Loss :  0.058520608979463574
Epoch :  579  Epoch time :  2.6158514162525535  Train L2 Loss :  0.05852949562072754
Epoch :  580  Epoch time :  2.622917065396905  Train L2 Loss :  0.05850784214735031
Epoch :  581  Epoch time :  2.647464199922979  Train L2 Loss :  0.05849869168996811
Epoch :  582  Epoch time :  2.6072854213416576  Train L2 Loss :  0.05848064218759537
Epoch :  583  Epoch time :  2.607645120471716  Train L2 Loss :  0.058478759890794756
Epoch :  584  Epoch time :  2.6042930465191603  Train L2 Loss :  0.0585003434419632
Epoch :  585  Epoch time :  2.608153504319489  Train L2 Loss :  0.05847150840163231
Epoch :  586  Epoch time :  2.6021632505580783  Train L2 Loss :  0.058470570802688596
Epoch :  587  Epoch time :  2.604978078044951  Train L2 Loss :  0.05847283322811127
Epoch :  588  Epoch time :  2.6061939615756273  Train L2 Loss :  0.058470563888549806
Epoch :  589  Epoch time :  2.6045418800786138  Train L2 Loss :  0.05846521363854408
Epoch :  590  Epoch time :  2.615471343509853  Train L2 Loss :  0.05846492274403572
Epoch :  591  Epoch time :  2.6065928041934967  Train L2 Loss :  0.05847107706069946
Epoch :  592  Epoch time :  2.6203316813334823  Train L2 Loss :  0.058445120948553086
Epoch :  593  Epoch time :  2.6152412351220846  Train L2 Loss :  0.058454740798473355
Epoch :  594  Epoch time :  2.591198976151645  Train L2 Loss :  0.05845217407941818
Epoch :  595  Epoch time :  2.60606930591166  Train L2 Loss :  0.05845048739314079
Epoch :  596  Epoch time :  2.6622242256999016  Train L2 Loss :  0.05839499584436417
Epoch :  597  Epoch time :  2.60901687014848  Train L2 Loss :  0.05841523798704147
Epoch :  598  Epoch time :  2.631278025917709  Train L2 Loss :  0.058438613879680634
Epoch :  599  Epoch time :  2.629615697078407  Train L2 Loss :  0.058410342806577684
Epoch :  600  Epoch time :  2.6193861523643136  Train L2 Loss :  0.05800033614635468
Epoch :  601  Epoch time :  2.614191632717848  Train L2 Loss :  0.05798328768014908
Epoch :  602  Epoch time :  2.6125581162050366  Train L2 Loss :  0.057972741746902465
Epoch :  603  Epoch time :  2.6103589264675975  Train L2 Loss :  0.05798743044137955
Epoch :  604  Epoch time :  2.6031954120844603  Train L2 Loss :  0.05797373640537262
Epoch :  605  Epoch time :  2.604654465802014  Train L2 Loss :  0.05799790125489235
Epoch :  606  Epoch time :  2.607412693090737  Train L2 Loss :  0.05800137012004852
Epoch :  607  Epoch time :  2.6080297427251935  Train L2 Loss :  0.057980599230527875
Epoch :  608  Epoch time :  2.613531805574894  Train L2 Loss :  0.057975598961114885
Epoch :  609  Epoch time :  2.654183726757765  Train L2 Loss :  0.05797155833244324
Epoch :  610  Epoch time :  2.6346689611673355  Train L2 Loss :  0.057963801050186156
Epoch :  611  Epoch time :  2.6336350860074162  Train L2 Loss :  0.05796829888224602
Epoch :  612  Epoch time :  2.627917974255979  Train L2 Loss :  0.05797648513317108
Epoch :  613  Epoch time :  2.632598095573485  Train L2 Loss :  0.05797048880457878
Epoch :  614  Epoch time :  2.6337976763024926  Train L2 Loss :  0.0579661390721798
Epoch :  615  Epoch time :  2.6283898567780852  Train L2 Loss :  0.057963545352220536
Epoch :  616  Epoch time :  2.6317124711349607  Train L2 Loss :  0.057967995178699494
Epoch :  617  Epoch time :  2.6215696670114994  Train L2 Loss :  0.05795802258849144
Epoch :  618  Epoch time :  2.6130653275176883  Train L2 Loss :  0.057956675285100935
Epoch :  619  Epoch time :  2.6056325556710362  Train L2 Loss :  0.05796114307641983
Epoch :  620  Epoch time :  2.5848820684477687  Train L2 Loss :  0.057951067370176315
Epoch :  621  Epoch time :  2.5924748573452234  Train L2 Loss :  0.05795757285356522
Epoch :  622  Epoch time :  2.6187218511477113  Train L2 Loss :  0.057957770943641664
Epoch :  623  Epoch time :  2.632652586326003  Train L2 Loss :  0.05795039841532707
Epoch :  624  Epoch time :  2.6175642823800445  Train L2 Loss :  0.057953116005659104
Epoch :  625  Epoch time :  2.6161154666915536  Train L2 Loss :  0.05793397055864334
Epoch :  626  Epoch time :  2.6229276368394494  Train L2 Loss :  0.05793962568640709
Epoch :  627  Epoch time :  2.612343951128423  Train L2 Loss :  0.05794245313405991
Epoch :  628  Epoch time :  2.6017427714541554  Train L2 Loss :  0.05794688338637352
Epoch :  629  Epoch time :  2.6009863624349236  Train L2 Loss :  0.057931850862503055
Epoch :  630  Epoch time :  2.6086072977632284  Train L2 Loss :  0.05794214512109756
Epoch :  631  Epoch time :  2.61465981695801  Train L2 Loss :  0.05793723264932633
Epoch :  632  Epoch time :  2.623448619619012  Train L2 Loss :  0.05792605033516884
Epoch :  633  Epoch time :  2.6147736264392734  Train L2 Loss :  0.057913124537467955
Epoch :  634  Epoch time :  2.6100849164649844  Train L2 Loss :  0.057922545182704926
Epoch :  635  Epoch time :  2.6380135621875525  Train L2 Loss :  0.05791902496814728
Epoch :  636  Epoch time :  2.7853864701464772  Train L2 Loss :  0.057907006216049196
Epoch :  637  Epoch time :  2.809028273448348  Train L2 Loss :  0.05791390451192856
Epoch :  638  Epoch time :  2.7976079834625125  Train L2 Loss :  0.05791531355381012
Epoch :  639  Epoch time :  2.792761725373566  Train L2 Loss :  0.057907182919979094
Epoch :  640  Epoch time :  2.7850111285224557  Train L2 Loss :  0.057914791965484616
Epoch :  641  Epoch time :  2.7920355163514614  Train L2 Loss :  0.057895346975326535
Epoch :  642  Epoch time :  2.7892683316022158  Train L2 Loss :  0.05789240288734436
Epoch :  643  Epoch time :  2.606114810332656  Train L2 Loss :  0.0578989997446537
Epoch :  644  Epoch time :  2.610622638836503  Train L2 Loss :  0.057891175204515456
Epoch :  645  Epoch time :  2.605523549951613  Train L2 Loss :  0.057884810119867326
Epoch :  646  Epoch time :  2.6063211830332875  Train L2 Loss :  0.057875247359275815
Epoch :  647  Epoch time :  2.608290028758347  Train L2 Loss :  0.05787229664921761
Epoch :  648  Epoch time :  2.6071334527805448  Train L2 Loss :  0.05785684775710106
Epoch :  649  Epoch time :  2.6131018484011292  Train L2 Loss :  0.05785361242294312
Epoch :  650  Epoch time :  2.609852367080748  Train L2 Loss :  0.057853764551877976
Epoch :  651  Epoch time :  2.6304026572033763  Train L2 Loss :  0.05784294531345367
Epoch :  652  Epoch time :  2.612662469036877  Train L2 Loss :  0.057816322273015974
Epoch :  653  Epoch time :  2.609413620084524  Train L2 Loss :  0.057815279167890546
Epoch :  654  Epoch time :  2.6024624994024634  Train L2 Loss :  0.057815446853637695
Epoch :  655  Epoch time :  2.5807708594948053  Train L2 Loss :  0.05781586363911629
Epoch :  656  Epoch time :  2.5966764092445374  Train L2 Loss :  0.057801426911354065
Epoch :  657  Epoch time :  2.6342305531725287  Train L2 Loss :  0.05780180475115776
Epoch :  658  Epoch time :  2.6551005365327  Train L2 Loss :  0.057788590043783186
Epoch :  659  Epoch time :  2.788377351127565  Train L2 Loss :  0.05778791799545288
Epoch :  660  Epoch time :  2.7962583359330893  Train L2 Loss :  0.05776727520227432
Epoch :  661  Epoch time :  2.789345530793071  Train L2 Loss :  0.0577586796104908
Epoch :  662  Epoch time :  2.7887077322229743  Train L2 Loss :  0.05774253104329109
Epoch :  663  Epoch time :  2.7900558626279235  Train L2 Loss :  0.05775621054172516
Epoch :  664  Epoch time :  2.792672594077885  Train L2 Loss :  0.05775180507302284
Epoch :  665  Epoch time :  2.8247765256091952  Train L2 Loss :  0.057740277248620984
Epoch :  666  Epoch time :  2.791409664787352  Train L2 Loss :  0.057750435727834705
Epoch :  667  Epoch time :  2.7224102299660444  Train L2 Loss :  0.05774905776977539
Epoch :  668  Epoch time :  2.606868869625032  Train L2 Loss :  0.057761209332942966
Epoch :  669  Epoch time :  2.604848261922598  Train L2 Loss :  0.057731802719831464
Epoch :  670  Epoch time :  2.6098593110218644  Train L2 Loss :  0.057717914474010465
Epoch :  671  Epoch time :  2.609822938218713  Train L2 Loss :  0.05772535213828087
Epoch :  672  Epoch time :  2.6004501283168793  Train L2 Loss :  0.05770948011279106
Epoch :  673  Epoch time :  2.61249141395092  Train L2 Loss :  0.05771010201573372
Epoch :  674  Epoch time :  2.6054000705480576  Train L2 Loss :  0.057706831884384156
Epoch :  675  Epoch time :  2.6073092287406325  Train L2 Loss :  0.057714977890253066
Epoch :  676  Epoch time :  2.60927102714777  Train L2 Loss :  0.05769576025605202
Epoch :  677  Epoch time :  2.6127595277503133  Train L2 Loss :  0.057712184756994245
Epoch :  678  Epoch time :  2.6092099705711007  Train L2 Loss :  0.05768896203637123
Epoch :  679  Epoch time :  2.636346435174346  Train L2 Loss :  0.05768568772673607
Epoch :  680  Epoch time :  2.6087465966120362  Train L2 Loss :  0.05769103657007217
Epoch :  681  Epoch time :  2.6081852531060576  Train L2 Loss :  0.05768177350759506
Epoch :  682  Epoch time :  2.601724160835147  Train L2 Loss :  0.05767418382167816
Epoch :  683  Epoch time :  2.6069352300837636  Train L2 Loss :  0.057673777908086775
Epoch :  684  Epoch time :  2.7725498471409082  Train L2 Loss :  0.05768689680695534
Epoch :  685  Epoch time :  2.7170882243663073  Train L2 Loss :  0.05766806194782257
Epoch :  686  Epoch time :  2.6186571260914207  Train L2 Loss :  0.057664440321922306
Epoch :  687  Epoch time :  2.6053190175443888  Train L2 Loss :  0.057664478892087936
Epoch :  688  Epoch time :  2.6150142401456833  Train L2 Loss :  0.05766706117987633
Epoch :  689  Epoch time :  2.623353566043079  Train L2 Loss :  0.05766683560609818
Epoch :  690  Epoch time :  2.6087276311591268  Train L2 Loss :  0.05767196556925774
Epoch :  691  Epoch time :  2.6100754449144006  Train L2 Loss :  0.057647440719604495
Epoch :  692  Epoch time :  2.6075625801458955  Train L2 Loss :  0.05764530685544014
Epoch :  693  Epoch time :  2.632790400646627  Train L2 Loss :  0.05765303124785423
Epoch :  694  Epoch time :  2.607047270052135  Train L2 Loss :  0.05765123069882393
Epoch :  695  Epoch time :  2.6043673139065504  Train L2 Loss :  0.057656440222263336
Epoch :  696  Epoch time :  2.6045623999089003  Train L2 Loss :  0.05763476392030716
Epoch :  697  Epoch time :  2.614782721735537  Train L2 Loss :  0.05763026121854782
Epoch :  698  Epoch time :  2.607402897439897  Train L2 Loss :  0.057621884340047835
Epoch :  699  Epoch time :  2.602724341675639  Train L2 Loss :  0.057635848981142046
Epoch :  700  Epoch time :  2.6028726203367114  Train L2 Loss :  0.05741011011600494
Epoch :  701  Epoch time :  2.787865520454943  Train L2 Loss :  0.05740858491659164
Epoch :  702  Epoch time :  2.789381919428706  Train L2 Loss :  0.057401658421754834
Epoch :  703  Epoch time :  2.764082645997405  Train L2 Loss :  0.057406903648376466
Epoch :  704  Epoch time :  2.630365565419197  Train L2 Loss :  0.05740344786047936
Epoch :  705  Epoch time :  2.6295352578163147  Train L2 Loss :  0.05739623343348503
Epoch :  706  Epoch time :  2.745183100923896  Train L2 Loss :  0.057405119681358335
Epoch :  707  Epoch time :  2.816331386566162  Train L2 Loss :  0.057396229481697085
Epoch :  708  Epoch time :  2.6851758752018213  Train L2 Loss :  0.057396859657764435
Epoch :  709  Epoch time :  2.603134782984853  Train L2 Loss :  0.05739159553647041
Epoch :  710  Epoch time :  2.603032554499805  Train L2 Loss :  0.05738847564458847
Epoch :  711  Epoch time :  2.630135237239301  Train L2 Loss :  0.057399351346492766
Epoch :  712  Epoch time :  2.634571715258062  Train L2 Loss :  0.05738368216753006
Epoch :  713  Epoch time :  2.6215093517675996  Train L2 Loss :  0.05738973620533943
Epoch :  714  Epoch time :  2.6057762932032347  Train L2 Loss :  0.05738742096424103
Epoch :  715  Epoch time :  2.6025230390951037  Train L2 Loss :  0.05739260333180428
Epoch :  716  Epoch time :  2.606877581216395  Train L2 Loss :  0.05737638846039772
Epoch :  717  Epoch time :  2.6038240818306804  Train L2 Loss :  0.05738717710375786
Epoch :  718  Epoch time :  2.609223402105272  Train L2 Loss :  0.057371037119626996
Epoch :  719  Epoch time :  2.614038785919547  Train L2 Loss :  0.057382487124204636
Epoch :  720  Epoch time :  2.614867548458278  Train L2 Loss :  0.057373656922578814
Epoch :  721  Epoch time :  2.6425744015723467  Train L2 Loss :  0.05737767935991287
Epoch :  722  Epoch time :  2.625245594419539  Train L2 Loss :  0.057376491391658783
Epoch :  723  Epoch time :  2.6250984370708466  Train L2 Loss :  0.05737697734832764
Epoch :  724  Epoch time :  2.5871152002364397  Train L2 Loss :  0.05738294523954392
Epoch :  725  Epoch time :  2.6346037788316607  Train L2 Loss :  0.05737374534010887
Epoch :  726  Epoch time :  2.639660308137536  Train L2 Loss :  0.057376987046003344
Epoch :  727  Epoch time :  2.7274614982306957  Train L2 Loss :  0.057368261986970905
Epoch :  728  Epoch time :  2.7839729571714997  Train L2 Loss :  0.05736310778260231
Epoch :  729  Epoch time :  2.792179776355624  Train L2 Loss :  0.0573757329583168
Epoch :  730  Epoch time :  2.7890341095626354  Train L2 Loss :  0.05736550619006157
Epoch :  731  Epoch time :  2.785402693785727  Train L2 Loss :  0.05735401737093925
Epoch :  732  Epoch time :  2.7851309636607766  Train L2 Loss :  0.057357454574108124
Epoch :  733  Epoch time :  2.798158220015466  Train L2 Loss :  0.05735872288942337
Epoch :  734  Epoch time :  2.810477945022285  Train L2 Loss :  0.05736841477155685
Epoch :  735  Epoch time :  2.800802151672542  Train L2 Loss :  0.057353611445426944
Epoch :  736  Epoch time :  2.6514841113239527  Train L2 Loss :  0.05735674659609795
Epoch :  737  Epoch time :  2.605395197868347  Train L2 Loss :  0.0573498457968235
Epoch :  738  Epoch time :  2.604967831633985  Train L2 Loss :  0.057359156316518785
Epoch :  739  Epoch time :  2.6084137680009007  Train L2 Loss :  0.0573524763405323
Epoch :  740  Epoch time :  2.6105069294571877  Train L2 Loss :  0.0573526491522789
Epoch :  741  Epoch time :  2.6132981833070517  Train L2 Loss :  0.057354375970363615
Epoch :  742  Epoch time :  2.6098490050062537  Train L2 Loss :  0.0573503199994564
Epoch :  743  Epoch time :  2.6068469611927867  Train L2 Loss :  0.05735239099264145
Epoch :  744  Epoch time :  2.6114937141537666  Train L2 Loss :  0.057344724494218825
Epoch :  745  Epoch time :  2.613457971252501  Train L2 Loss :  0.05735092356204986
Epoch :  746  Epoch time :  2.606619165278971  Train L2 Loss :  0.0573395142197609
Epoch :  747  Epoch time :  2.618477614596486  Train L2 Loss :  0.05734185641407966
Epoch :  748  Epoch time :  2.6291227228939533  Train L2 Loss :  0.0573388945877552
Epoch :  749  Epoch time :  2.626384678296745  Train L2 Loss :  0.05734541221857071
Epoch :  750  Epoch time :  2.6137150013819337  Train L2 Loss :  0.057332353276014325
Epoch :  751  Epoch time :  2.6083137206733227  Train L2 Loss :  0.05733819514513016
Epoch :  752  Epoch time :  2.6074997978284955  Train L2 Loss :  0.05733728581666946
Epoch :  753  Epoch time :  2.6233102520927787  Train L2 Loss :  0.057334195053577425
Epoch :  754  Epoch time :  2.7954107811674476  Train L2 Loss :  0.05733932576179505
Epoch :  755  Epoch time :  2.78483453579247  Train L2 Loss :  0.057336353063583374
Epoch :  756  Epoch time :  2.683817906305194  Train L2 Loss :  0.05733491334915161
Epoch :  757  Epoch time :  2.6120397513732314  Train L2 Loss :  0.05732630920410156
Epoch :  758  Epoch time :  2.613148375414312  Train L2 Loss :  0.05732953353524208
Epoch :  759  Epoch time :  2.6156537337228656  Train L2 Loss :  0.05732678055763245
Epoch :  760  Epoch time :  2.606160646304488  Train L2 Loss :  0.05733039284944534
Epoch :  761  Epoch time :  2.6187024572864175  Train L2 Loss :  0.05732325391173363
Epoch :  762  Epoch time :  2.6291767973452806  Train L2 Loss :  0.05731595990657806
Epoch :  763  Epoch time :  2.6286606565117836  Train L2 Loss :  0.0573201161980629
Epoch :  764  Epoch time :  2.6143881613388658  Train L2 Loss :  0.057318938273191455
Epoch :  765  Epoch time :  2.6077035004273057  Train L2 Loss :  0.057320539122819904
Epoch :  766  Epoch time :  2.6145176524296403  Train L2 Loss :  0.05732750741839409
Epoch :  767  Epoch time :  2.609220610000193  Train L2 Loss :  0.05731393838524818
Epoch :  768  Epoch time :  2.6145174615085125  Train L2 Loss :  0.05731381331682205
Epoch :  769  Epoch time :  2.6152331633493304  Train L2 Loss :  0.057307660675048826
Epoch :  770  Epoch time :  2.6101191313937306  Train L2 Loss :  0.05731721850037575
Epoch :  771  Epoch time :  2.6309983069077134  Train L2 Loss :  0.05730669137835503
Epoch :  772  Epoch time :  2.784334278665483  Train L2 Loss :  0.057308490735292435
Epoch :  773  Epoch time :  2.7912230659276247  Train L2 Loss :  0.057304460692405704
Epoch :  774  Epoch time :  2.7825788212940097  Train L2 Loss :  0.057305367881059645
Epoch :  775  Epoch time :  2.8021795749664307  Train L2 Loss :  0.05730528118014336
Epoch :  776  Epoch time :  2.811912301927805  Train L2 Loss :  0.05731448363661766
Epoch :  777  Epoch time :  2.802393385209143  Train L2 Loss :  0.05730789473056793
Epoch :  778  Epoch time :  2.778936048038304  Train L2 Loss :  0.057306229645013806
Epoch :  779  Epoch time :  2.61068781837821  Train L2 Loss :  0.057297878503799436
Epoch :  780  Epoch time :  2.6071264361962676  Train L2 Loss :  0.05730202549099922
Epoch :  781  Epoch time :  2.6211714511737227  Train L2 Loss :  0.05729448109269142
Epoch :  782  Epoch time :  2.605714320205152  Train L2 Loss :  0.057304864287376404
Epoch :  783  Epoch time :  2.607520869001746  Train L2 Loss :  0.057298224312067034
Epoch :  784  Epoch time :  2.615663344040513  Train L2 Loss :  0.0572927328646183
Epoch :  785  Epoch time :  2.6069734366610646  Train L2 Loss :  0.057298458153009414
Epoch :  786  Epoch time :  2.6176934000104666  Train L2 Loss :  0.05729381091594696
Epoch :  787  Epoch time :  2.619373164139688  Train L2 Loss :  0.05728560172915459
Epoch :  788  Epoch time :  2.6129918061196804  Train L2 Loss :  0.05729717554450035
Epoch :  789  Epoch time :  2.6100219609215856  Train L2 Loss :  0.057289385282993315
Epoch :  790  Epoch time :  2.635931957513094  Train L2 Loss :  0.05729588995575905
Epoch :  791  Epoch time :  2.616787756793201  Train L2 Loss :  0.05727966548204422
Epoch :  792  Epoch time :  2.61039727460593  Train L2 Loss :  0.05728049283027649
Epoch :  793  Epoch time :  2.6063906578347087  Train L2 Loss :  0.05728204675316811
Epoch :  794  Epoch time :  2.6032738871872425  Train L2 Loss :  0.057281978303194044
Epoch :  795  Epoch time :  2.586791191250086  Train L2 Loss :  0.057272201853990554
Epoch :  796  Epoch time :  2.621061658486724  Train L2 Loss :  0.05727661010026932
Epoch :  797  Epoch time :  2.712933788076043  Train L2 Loss :  0.05727582224607468
Epoch :  798  Epoch time :  2.709585371427238  Train L2 Loss :  0.05727416316270828
Epoch :  799  Epoch time :  2.794773946516216  Train L2 Loss :  0.057272655302286146
Epoch :  800  Epoch time :  2.795465628616512  Train L2 Loss :  0.057156411099433896
Epoch :  801  Epoch time :  2.7874316135421395  Train L2 Loss :  0.057152702355384825
Epoch :  802  Epoch time :  2.8068879563361406  Train L2 Loss :  0.05715149339437485
Epoch :  803  Epoch time :  2.779524013400078  Train L2 Loss :  0.05715165211558342
Epoch :  804  Epoch time :  2.6438145209103823  Train L2 Loss :  0.05715796111226082
Epoch :  805  Epoch time :  2.6229196628555655  Train L2 Loss :  0.05715429363846779
Epoch :  806  Epoch time :  2.6159255811944604  Train L2 Loss :  0.05714941217303276
Epoch :  807  Epoch time :  2.7138288244605064  Train L2 Loss :  0.057155540990829465
Epoch :  808  Epoch time :  2.6108843153342605  Train L2 Loss :  0.05714883778691292
Epoch :  809  Epoch time :  2.610465464182198  Train L2 Loss :  0.05715108603835106
Epoch :  810  Epoch time :  2.6087426599115133  Train L2 Loss :  0.05714555434584618
Epoch :  811  Epoch time :  2.6081987442448735  Train L2 Loss :  0.05714764835238457
Epoch :  812  Epoch time :  2.6248310152441263  Train L2 Loss :  0.05714135623574257
Epoch :  813  Epoch time :  2.648176140151918  Train L2 Loss :  0.0571445133805275
Epoch :  814  Epoch time :  2.6429362557828426  Train L2 Loss :  0.05714584722518921
Epoch :  815  Epoch time :  2.655631792731583  Train L2 Loss :  0.05714304858446121
Epoch :  816  Epoch time :  2.6284941909834743  Train L2 Loss :  0.05714142456650734
Epoch :  817  Epoch time :  2.6205109199509025  Train L2 Loss :  0.05713923683762551
Epoch :  818  Epoch time :  2.615951278246939  Train L2 Loss :  0.057144095581769944
Epoch :  819  Epoch time :  2.6090512052178383  Train L2 Loss :  0.057140558648109435
Epoch :  820  Epoch time :  2.609060935676098  Train L2 Loss :  0.05714118492007256
Epoch :  821  Epoch time :  2.6074920995160937  Train L2 Loss :  0.05713648038506508
Epoch :  822  Epoch time :  2.6252974523231387  Train L2 Loss :  0.05713715586662293
Epoch :  823  Epoch time :  2.603661710396409  Train L2 Loss :  0.057138002234697345
Epoch :  824  Epoch time :  2.7905831607058644  Train L2 Loss :  0.057136694699525835
Epoch :  825  Epoch time :  2.791573103517294  Train L2 Loss :  0.05714006377458573
Epoch :  826  Epoch time :  2.7273218631744385  Train L2 Loss :  0.05713660945296287
Epoch :  827  Epoch time :  2.6125063551589847  Train L2 Loss :  0.05713059027194977
Epoch :  828  Epoch time :  2.6220811009407043  Train L2 Loss :  0.05713845285773277
Epoch :  829  Epoch time :  2.6378565980121493  Train L2 Loss :  0.05713257215023041
Epoch :  830  Epoch time :  2.636889704503119  Train L2 Loss :  0.057140637797117234
Epoch :  831  Epoch time :  2.620524315163493  Train L2 Loss :  0.05712936817407608
Epoch :  832  Epoch time :  2.617161245085299  Train L2 Loss :  0.05713031497597695
Epoch :  833  Epoch time :  2.621677888557315  Train L2 Loss :  0.05713449280261993
Epoch :  834  Epoch time :  2.6173301693052053  Train L2 Loss :  0.05713116992115974
Epoch :  835  Epoch time :  2.6211859565228224  Train L2 Loss :  0.0571294599711895
Epoch :  836  Epoch time :  2.618522400036454  Train L2 Loss :  0.057125384730100634
Epoch :  837  Epoch time :  2.6143235778436065  Train L2 Loss :  0.05712906403541565
Epoch :  838  Epoch time :  2.660493828356266  Train L2 Loss :  0.05712990621328354
Epoch :  839  Epoch time :  2.631627766415477  Train L2 Loss :  0.05713159260749817
Epoch :  840  Epoch time :  2.7220433177426457  Train L2 Loss :  0.057130377119779585
Epoch :  841  Epoch time :  2.807390491478145  Train L2 Loss :  0.05712499061822891
Epoch :  842  Epoch time :  2.814026669599116  Train L2 Loss :  0.057128024381399155
Epoch :  843  Epoch time :  2.8371177157387137  Train L2 Loss :  0.057126015454530714
Epoch :  844  Epoch time :  2.816812668927014  Train L2 Loss :  0.057121579694747925
Epoch :  845  Epoch time :  2.8119366550818086  Train L2 Loss :  0.057123720902204515
Epoch :  846  Epoch time :  2.801878420636058  Train L2 Loss :  0.05712061554789543
Epoch :  847  Epoch time :  2.7367002880200744  Train L2 Loss :  0.05712363595366478
Epoch :  848  Epoch time :  2.6218944303691387  Train L2 Loss :  0.05712583336830139
Epoch :  849  Epoch time :  2.62004832085222  Train L2 Loss :  0.0571191822886467
Epoch :  850  Epoch time :  2.618904219008982  Train L2 Loss :  0.057119461166858676
Epoch :  851  Epoch time :  2.615629210136831  Train L2 Loss :  0.05711857430934906
Epoch :  852  Epoch time :  2.6221607765182853  Train L2 Loss :  0.057125845611095426
Epoch :  853  Epoch time :  2.615539508871734  Train L2 Loss :  0.057119338297843936
Epoch :  854  Epoch time :  2.6198370717465878  Train L2 Loss :  0.05711417891383171
Epoch :  855  Epoch time :  2.613635546527803  Train L2 Loss :  0.05712185642719269
Epoch :  856  Epoch time :  2.6197619438171387  Train L2 Loss :  0.05711465246677399
Epoch :  857  Epoch time :  2.632613454014063  Train L2 Loss :  0.05711618456840515
Epoch :  858  Epoch time :  2.6248225532472134  Train L2 Loss :  0.05711013103723526
Epoch :  859  Epoch time :  2.615878972224891  Train L2 Loss :  0.05711248609423637
Epoch :  860  Epoch time :  2.614136289805174  Train L2 Loss :  0.05711067513227463
Epoch :  861  Epoch time :  2.618789459578693  Train L2 Loss :  0.05711030967831612
Epoch :  862  Epoch time :  2.6047023152932525  Train L2 Loss :  0.057112442696094515
Epoch :  863  Epoch time :  2.591536918655038  Train L2 Loss :  0.05711643541455269
Epoch :  864  Epoch time :  2.609550935216248  Train L2 Loss :  0.057111987060308456
Epoch :  865  Epoch time :  2.6683726040646434  Train L2 Loss :  0.05711169205904007
Epoch :  866  Epoch time :  2.6496132453903556  Train L2 Loss :  0.05710699610710144
Epoch :  867  Epoch time :  2.793422032147646  Train L2 Loss :  0.0571045035302639
Epoch :  868  Epoch time :  2.803969034925103  Train L2 Loss :  0.05711082610487938
Epoch :  869  Epoch time :  2.791058426722884  Train L2 Loss :  0.057110247856378554
Epoch :  870  Epoch time :  2.7996127093210816  Train L2 Loss :  0.05710810666084289
Epoch :  871  Epoch time :  2.7969874255359173  Train L2 Loss :  0.05710199222564697
Epoch :  872  Epoch time :  2.8361777383834124  Train L2 Loss :  0.05710490321516991
Epoch :  873  Epoch time :  2.8016856592148542  Train L2 Loss :  0.05710854328274727
Epoch :  874  Epoch time :  2.7570476112887263  Train L2 Loss :  0.05710484433174133
Epoch :  875  Epoch time :  2.7404239661991596  Train L2 Loss :  0.05710189915299416
Epoch :  876  Epoch time :  2.6150367809459567  Train L2 Loss :  0.057102380424737934
Epoch :  877  Epoch time :  2.6208033729344606  Train L2 Loss :  0.057097862952947616
Epoch :  878  Epoch time :  2.6176916155964136  Train L2 Loss :  0.0571017894923687
Epoch :  879  Epoch time :  2.619600729085505  Train L2 Loss :  0.05710070241093636
Epoch :  880  Epoch time :  2.6170023269951344  Train L2 Loss :  0.05709984502196312
Epoch :  881  Epoch time :  2.621043090708554  Train L2 Loss :  0.057100422370433807
Epoch :  882  Epoch time :  2.6224314905703068  Train L2 Loss :  0.057097655081748966
Epoch :  883  Epoch time :  2.6193014103919268  Train L2 Loss :  0.057094405800104144
Epoch :  884  Epoch time :  2.614466336555779  Train L2 Loss :  0.0570996984064579
Epoch :  885  Epoch time :  2.6305312514305115  Train L2 Loss :  0.057093326330184935
Epoch :  886  Epoch time :  2.63957972638309  Train L2 Loss :  0.05709673745036125
Epoch :  887  Epoch time :  2.630223554559052  Train L2 Loss :  0.057094865572452545
Epoch :  888  Epoch time :  2.62118776794523  Train L2 Loss :  0.05709551987051964
Epoch :  889  Epoch time :  2.6186854876577854  Train L2 Loss :  0.057092309188842776
Epoch :  890  Epoch time :  2.6140544014051557  Train L2 Loss :  0.05709647862315178
Epoch :  891  Epoch time :  2.6190248131752014  Train L2 Loss :  0.057088259434700014
Epoch :  892  Epoch time :  2.6209104601293802  Train L2 Loss :  0.0570883957028389
Epoch :  893  Epoch time :  2.614840302616358  Train L2 Loss :  0.05709315041899681
Epoch :  894  Epoch time :  2.6173330498859286  Train L2 Loss :  0.05709625480771065
Epoch :  895  Epoch time :  2.6152288215234876  Train L2 Loss :  0.057093168419599535
Epoch :  896  Epoch time :  2.61489690374583  Train L2 Loss :  0.05708926277160645
Epoch :  897  Epoch time :  2.6158741610124707  Train L2 Loss :  0.057088413673639295
Epoch :  898  Epoch time :  2.619979476556182  Train L2 Loss :  0.05709115236997604
Epoch :  899  Epoch time :  2.6158071532845497  Train L2 Loss :  0.05708514879345894
Epoch :  900  Epoch time :  2.5994029892608523  Train L2 Loss :  0.05702991927862167
Epoch :  901  Epoch time :  2.8079094272106886  Train L2 Loss :  0.0570260889172554
Epoch :  902  Epoch time :  2.819661680608988  Train L2 Loss :  0.0570240903377533
Epoch :  903  Epoch time :  2.750031480565667  Train L2 Loss :  0.057024919998645784
Epoch :  904  Epoch time :  2.609877181239426  Train L2 Loss :  0.057022418880462646
Epoch :  905  Epoch time :  2.6130578285083175  Train L2 Loss :  0.057024039977788925
Epoch :  906  Epoch time :  2.6156083699315786  Train L2 Loss :  0.0570228929400444
Epoch :  907  Epoch time :  2.6156767876818776  Train L2 Loss :  0.05702426987290382
Epoch :  908  Epoch time :  2.618954467587173  Train L2 Loss :  0.05702268619537353
Epoch :  909  Epoch time :  2.6160080414265394  Train L2 Loss :  0.05702304803729057
Epoch :  910  Epoch time :  2.6178093506023288  Train L2 Loss :  0.05702211465239525
Epoch :  911  Epoch time :  2.6128818430006504  Train L2 Loss :  0.05702236389517784
Epoch :  912  Epoch time :  2.617064164020121  Train L2 Loss :  0.05702132077813148
Epoch :  913  Epoch time :  2.6168448720127344  Train L2 Loss :  0.057021567451953886
Epoch :  914  Epoch time :  2.6202306374907494  Train L2 Loss :  0.05702211040854454
Epoch :  915  Epoch time :  2.6212171437218785  Train L2 Loss :  0.05701845843195915
Epoch :  916  Epoch time :  2.647905603982508  Train L2 Loss :  0.05702021468877792
Epoch :  917  Epoch time :  2.6217485079541802  Train L2 Loss :  0.057019307452440264
Epoch :  918  Epoch time :  2.616794359870255  Train L2 Loss :  0.057016872370243075
Epoch :  919  Epoch time :  2.615462318994105  Train L2 Loss :  0.057016725641489026
Epoch :  920  Epoch time :  2.6187837217003107  Train L2 Loss :  0.057016613692045214
Epoch :  921  Epoch time :  2.6178401550278068  Train L2 Loss :  0.057017238503694535
Epoch :  922  Epoch time :  2.6158916875720024  Train L2 Loss :  0.05701485906243324
Epoch :  923  Epoch time :  2.6153080938383937  Train L2 Loss :  0.057018798047304156
Epoch :  924  Epoch time :  2.610136861912906  Train L2 Loss :  0.057014881271123884
Epoch :  925  Epoch time :  2.630753770470619  Train L2 Loss :  0.05701469898819923
Epoch :  926  Epoch time :  2.627274482510984  Train L2 Loss :  0.05701513398885727
Epoch :  927  Epoch time :  2.6220366563647985  Train L2 Loss :  0.05701605724692345
Epoch :  928  Epoch time :  2.61913388594985  Train L2 Loss :  0.05701468141674995
Epoch :  929  Epoch time :  2.627294097095728  Train L2 Loss :  0.05701313742399216
Epoch :  930  Epoch time :  2.622174631804228  Train L2 Loss :  0.05701533077955246
Epoch :  931  Epoch time :  2.718812027014792  Train L2 Loss :  0.05701078063845635
Epoch :  932  Epoch time :  2.7860920475795865  Train L2 Loss :  0.05701443210244179
Epoch :  933  Epoch time :  2.630660079419613  Train L2 Loss :  0.057014233964681624
Epoch :  934  Epoch time :  2.6421136241406202  Train L2 Loss :  0.057015150833129885
Epoch :  935  Epoch time :  2.6393606923520565  Train L2 Loss :  0.057008517718315124
Epoch :  936  Epoch time :  2.6414270773530006  Train L2 Loss :  0.057011957103013995
Epoch :  937  Epoch time :  2.6409798339009285  Train L2 Loss :  0.05701257748603821
Epoch :  938  Epoch time :  2.6463902136310935  Train L2 Loss :  0.0570107612490654
Epoch :  939  Epoch time :  2.60993261821568  Train L2 Loss :  0.05700999898314476
Epoch :  940  Epoch time :  2.6153374509885907  Train L2 Loss :  0.05701372892260551
Epoch :  941  Epoch time :  2.61732738558203  Train L2 Loss :  0.057009807741642
Epoch :  942  Epoch time :  2.6130176447331905  Train L2 Loss :  0.05700969647169113
Epoch :  943  Epoch time :  2.6132488986477256  Train L2 Loss :  0.057007147079706194
Epoch :  944  Epoch time :  2.619168320670724  Train L2 Loss :  0.05700792478322983
Epoch :  945  Epoch time :  2.6344524333253503  Train L2 Loss :  0.05700698937177658
Epoch :  946  Epoch time :  2.6244142493233085  Train L2 Loss :  0.0570068334043026
Epoch :  947  Epoch time :  2.614470835775137  Train L2 Loss :  0.05700946418642998
Epoch :  948  Epoch time :  2.6113796569406986  Train L2 Loss :  0.05700797266960144
Epoch :  949  Epoch time :  2.6127408584579825  Train L2 Loss :  0.05700846284031868
Epoch :  950  Epoch time :  2.625132449902594  Train L2 Loss :  0.057007251209020615
Epoch :  951  Epoch time :  2.6167578483000398  Train L2 Loss :  0.05700645682215691
Epoch :  952  Epoch time :  2.6300173699855804  Train L2 Loss :  0.05700619693398476
Epoch :  953  Epoch time :  2.623162532225251  Train L2 Loss :  0.05700867509245872
Epoch :  954  Epoch time :  2.626943060196936  Train L2 Loss :  0.05700459799170494
Epoch :  955  Epoch time :  2.6062229918316007  Train L2 Loss :  0.05700697236657143
Epoch :  956  Epoch time :  2.6015093345195055  Train L2 Loss :  0.057004516726732256
Epoch :  957  Epoch time :  2.620047298260033  Train L2 Loss :  0.057009261882305144
Epoch :  958  Epoch time :  2.6434930581599474  Train L2 Loss :  0.057003060895204544
Epoch :  959  Epoch time :  2.6356156561523676  Train L2 Loss :  0.05700275536179542
Epoch :  960  Epoch time :  2.6540246894583106  Train L2 Loss :  0.05700522596240044
Epoch :  961  Epoch time :  2.640386875718832  Train L2 Loss :  0.057004558491706846
Epoch :  962  Epoch time :  2.621378951705992  Train L2 Loss :  0.057001841253042224
Epoch :  963  Epoch time :  2.6343978913500905  Train L2 Loss :  0.057002491515874866
Epoch :  964  Epoch time :  2.7914069406688213  Train L2 Loss :  0.05700145251750946
Epoch :  965  Epoch time :  2.797075583599508  Train L2 Loss :  0.057001033502817156
Epoch :  966  Epoch time :  2.7981032133102417  Train L2 Loss :  0.056999252080917356
Epoch :  967  Epoch time :  2.7894816445186734  Train L2 Loss :  0.05700057991743088
Epoch :  968  Epoch time :  2.793840547092259  Train L2 Loss :  0.05700108901262283
Epoch :  969  Epoch time :  2.7911037309095263  Train L2 Loss :  0.05700147016644478
Epoch :  970  Epoch time :  2.800409521907568  Train L2 Loss :  0.05699896119832992
Epoch :  971  Epoch time :  2.796868405304849  Train L2 Loss :  0.056999724507331845
Epoch :  972  Epoch time :  2.791463806293905  Train L2 Loss :  0.05700161870121956
Epoch :  973  Epoch time :  2.774406222626567  Train L2 Loss :  0.057000822550058367
Epoch :  974  Epoch time :  2.6584952510893345  Train L2 Loss :  0.0570017527282238
Epoch :  975  Epoch time :  2.6366551257669926  Train L2 Loss :  0.056998711037635805
Epoch :  976  Epoch time :  2.619675289839506  Train L2 Loss :  0.056999605184793474
Epoch :  977  Epoch time :  2.621220137923956  Train L2 Loss :  0.056997016042470934
Epoch :  978  Epoch time :  2.675921934656799  Train L2 Loss :  0.05699567237496376
Epoch :  979  Epoch time :  2.6914828112348914  Train L2 Loss :  0.05699702351093292
Epoch :  980  Epoch time :  2.6659890739247203  Train L2 Loss :  0.05699696828126907
Epoch :  981  Epoch time :  2.6597609166055918  Train L2 Loss :  0.056994659715890884
Epoch :  982  Epoch time :  2.799766114912927  Train L2 Loss :  0.056998515683412555
Epoch :  983  Epoch time :  2.797203772701323  Train L2 Loss :  0.056996127200126645
Epoch :  984  Epoch time :  2.799823329783976  Train L2 Loss :  0.056995887362957
Epoch :  985  Epoch time :  2.8008660888299346  Train L2 Loss :  0.05699499925971031
Epoch :  986  Epoch time :  2.788076549768448  Train L2 Loss :  0.0569933369576931
Epoch :  987  Epoch time :  2.810727747157216  Train L2 Loss :  0.05699370079040527
Epoch :  988  Epoch time :  2.8132985597476363  Train L2 Loss :  0.0569948167860508
Epoch :  989  Epoch time :  2.8165171276777983  Train L2 Loss :  0.0569933096408844
Epoch :  990  Epoch time :  2.7297940524294972  Train L2 Loss :  0.05699260298609734
Epoch :  991  Epoch time :  2.6187190040946007  Train L2 Loss :  0.05699371738433838
Epoch :  992  Epoch time :  2.6160987047478557  Train L2 Loss :  0.05698903791308403
Epoch :  993  Epoch time :  2.615871543996036  Train L2 Loss :  0.05699201778769493
Epoch :  994  Epoch time :  2.6154934484511614  Train L2 Loss :  0.05699259003996849
Epoch :  995  Epoch time :  2.613621562719345  Train L2 Loss :  0.05699276232123375
Epoch :  996  Epoch time :  2.6176017448306084  Train L2 Loss :  0.056993854093551635
Epoch :  997  Epoch time :  2.6189396400004625  Train L2 Loss :  0.05699116844534874
Epoch :  998  Epoch time :  2.616750922985375  Train L2 Loss :  0.05699297310113907
Epoch :  999  Epoch time :  2.6185268498957157  Train L2 Loss :  0.05699118677377701
Total time is : 2635.9254200765863 Total epoch is  1000
