Energy is  4.440892098500626e-15
Input dim :  128  output dim :  4096
99457
Epoch :  0  Epoch time :  0.5795510811731219  Train L2 Loss :  6.2735955490112305
Epoch :  1  Epoch time :  0.40048282220959663  Train L2 Loss :  4.878694056701661
Epoch :  2  Epoch time :  0.4017290771007538  Train L2 Loss :  3.4718609352111818
Epoch :  3  Epoch time :  0.41176146175712347  Train L2 Loss :  2.850165982437134
Epoch :  4  Epoch time :  0.39973326679319143  Train L2 Loss :  2.3477424417495727
Epoch :  5  Epoch time :  0.4020526669919491  Train L2 Loss :  1.9456482147216796
Epoch :  6  Epoch time :  0.39990598801523447  Train L2 Loss :  1.6942641593933105
Epoch :  7  Epoch time :  0.40027752611786127  Train L2 Loss :  1.5613050689697265
Epoch :  8  Epoch time :  0.40252198185771704  Train L2 Loss :  1.4683075246810913
Epoch :  9  Epoch time :  0.40053564216941595  Train L2 Loss :  1.350061051940918
Epoch :  10  Epoch time :  0.39965587574988604  Train L2 Loss :  1.2089343978881837
Epoch :  11  Epoch time :  0.40273391641676426  Train L2 Loss :  1.113601298046112
Epoch :  12  Epoch time :  0.40013424400240183  Train L2 Loss :  1.0296490827560425
Epoch :  13  Epoch time :  0.4021119847893715  Train L2 Loss :  0.9454083627700806
Epoch :  14  Epoch time :  0.4008651599287987  Train L2 Loss :  0.9161814012527466
Epoch :  15  Epoch time :  0.4015501867979765  Train L2 Loss :  0.8793567756652833
Epoch :  16  Epoch time :  0.4016140513122082  Train L2 Loss :  0.8652029331207275
Epoch :  17  Epoch time :  0.40107835177332163  Train L2 Loss :  0.7808576986312866
Epoch :  18  Epoch time :  0.401003192178905  Train L2 Loss :  0.7601340220451355
Epoch :  19  Epoch time :  0.4030617056414485  Train L2 Loss :  0.7285474606513977
Epoch :  20  Epoch time :  0.4017466092482209  Train L2 Loss :  0.6865000279426575
Epoch :  21  Epoch time :  0.40329901594668627  Train L2 Loss :  0.6534735100746155
Epoch :  22  Epoch time :  0.401250084862113  Train L2 Loss :  0.5915344838142395
Epoch :  23  Epoch time :  0.4030287517234683  Train L2 Loss :  0.6084461179733276
Epoch :  24  Epoch time :  0.40041572507470846  Train L2 Loss :  0.5313263958930969
Epoch :  25  Epoch time :  0.40318968426436186  Train L2 Loss :  0.5154322023391724
Epoch :  26  Epoch time :  0.4015790242701769  Train L2 Loss :  0.47130141410827636
Epoch :  27  Epoch time :  0.40119415055960417  Train L2 Loss :  0.49477223415374755
Epoch :  28  Epoch time :  0.3999179666861892  Train L2 Loss :  0.48564275608062746
Epoch :  29  Epoch time :  0.40196577459573746  Train L2 Loss :  0.4900501287460327
Epoch :  30  Epoch time :  0.4031715393066406  Train L2 Loss :  0.463990087556839
Epoch :  31  Epoch time :  0.4015381718054414  Train L2 Loss :  0.4469626714706421
Epoch :  32  Epoch time :  0.4029714148491621  Train L2 Loss :  0.47745514974594117
Epoch :  33  Epoch time :  0.4006437910720706  Train L2 Loss :  0.43353735074996946
Epoch :  34  Epoch time :  0.4014696441590786  Train L2 Loss :  0.3977549784660339
Epoch :  35  Epoch time :  0.4040263881906867  Train L2 Loss :  0.4318175609588623
Epoch :  36  Epoch time :  0.4017736790701747  Train L2 Loss :  0.3967520691871643
Epoch :  37  Epoch time :  0.40325744915753603  Train L2 Loss :  0.3889192339420319
Epoch :  38  Epoch time :  0.4013177389279008  Train L2 Loss :  0.4106623390197754
Epoch :  39  Epoch time :  0.40045922342687845  Train L2 Loss :  0.4005924196243286
Epoch :  40  Epoch time :  0.402612941339612  Train L2 Loss :  0.37703555274009704
Epoch :  41  Epoch time :  0.4017573054879904  Train L2 Loss :  0.3483951420307159
Epoch :  42  Epoch time :  0.4027275023981929  Train L2 Loss :  0.37676398229599
Epoch :  43  Epoch time :  0.4016406247392297  Train L2 Loss :  0.42717266426086425
Epoch :  44  Epoch time :  0.40107177663594484  Train L2 Loss :  0.3736895733833313
Epoch :  45  Epoch time :  0.40160349011421204  Train L2 Loss :  0.3475171552181244
Epoch :  46  Epoch time :  0.40166734997183084  Train L2 Loss :  0.3576285231590271
Epoch :  47  Epoch time :  0.4012695234268904  Train L2 Loss :  0.3411503481388092
Epoch :  48  Epoch time :  0.4177667237818241  Train L2 Loss :  0.36652210049629214
Epoch :  49  Epoch time :  0.40064134914427996  Train L2 Loss :  0.34085175943374635
Epoch :  50  Epoch time :  0.4039928503334522  Train L2 Loss :  0.33000120763778684
Epoch :  51  Epoch time :  0.4023643070831895  Train L2 Loss :  0.3890696976184845
Epoch :  52  Epoch time :  0.4021092997863889  Train L2 Loss :  0.38040834131240847
Epoch :  53  Epoch time :  0.40126277692615986  Train L2 Loss :  0.3540629225254059
Epoch :  54  Epoch time :  0.40086440090090036  Train L2 Loss :  0.32967459545135497
Epoch :  55  Epoch time :  0.40054847951978445  Train L2 Loss :  0.3284399986743927
Epoch :  56  Epoch time :  0.40080756042152643  Train L2 Loss :  0.3260433457374573
Epoch :  57  Epoch time :  0.40074669755995274  Train L2 Loss :  0.3671945596218109
Epoch :  58  Epoch time :  0.40196436271071434  Train L2 Loss :  0.34016836280822754
Epoch :  59  Epoch time :  0.40085902251303196  Train L2 Loss :  0.3245410185813904
Epoch :  60  Epoch time :  0.40056847501546144  Train L2 Loss :  0.3213198826313019
Epoch :  61  Epoch time :  0.4020656906068325  Train L2 Loss :  0.28527933502197267
Epoch :  62  Epoch time :  0.40092440880835056  Train L2 Loss :  0.29169079456329344
Epoch :  63  Epoch time :  0.401791799813509  Train L2 Loss :  0.28232295455932616
Epoch :  64  Epoch time :  0.40074145421385765  Train L2 Loss :  0.29476739649772643
Epoch :  65  Epoch time :  0.4038706021383405  Train L2 Loss :  0.29649896001815795
Epoch :  66  Epoch time :  0.40485495049506426  Train L2 Loss :  0.2982455415248871
Epoch :  67  Epoch time :  0.402505018748343  Train L2 Loss :  0.3111532738685608
Epoch :  68  Epoch time :  0.4021518174558878  Train L2 Loss :  0.3587226072788239
Epoch :  69  Epoch time :  0.4023930598050356  Train L2 Loss :  0.31740500664710997
Epoch :  70  Epoch time :  0.40085066854953766  Train L2 Loss :  0.27301908893585203
Epoch :  71  Epoch time :  0.4026395520195365  Train L2 Loss :  0.2863330554008484
Epoch :  72  Epoch time :  0.4031279180198908  Train L2 Loss :  0.2648968729972839
Epoch :  73  Epoch time :  0.40278405137360096  Train L2 Loss :  0.24513695459365845
Epoch :  74  Epoch time :  0.40272169560194016  Train L2 Loss :  0.23882087869644164
Epoch :  75  Epoch time :  0.4029172444716096  Train L2 Loss :  0.2638309112071991
Epoch :  76  Epoch time :  0.40352176036685705  Train L2 Loss :  0.26072848496437073
Epoch :  77  Epoch time :  0.40242146141827106  Train L2 Loss :  0.30645609426498416
Epoch :  78  Epoch time :  0.4023148734122515  Train L2 Loss :  0.3028994291305542
Epoch :  79  Epoch time :  0.40323732420802116  Train L2 Loss :  0.2603490807533264
Epoch :  80  Epoch time :  0.40272048953920603  Train L2 Loss :  0.2543041341781616
Epoch :  81  Epoch time :  0.40282858442515135  Train L2 Loss :  0.25979400362968447
Epoch :  82  Epoch time :  0.4027183661237359  Train L2 Loss :  0.2484757585287094
Epoch :  83  Epoch time :  0.4125051936134696  Train L2 Loss :  0.2747158492565155
Epoch :  84  Epoch time :  0.4025932615622878  Train L2 Loss :  0.23764045033454895
Epoch :  85  Epoch time :  0.402837204746902  Train L2 Loss :  0.2252329418182373
Epoch :  86  Epoch time :  0.40140621922910213  Train L2 Loss :  0.23299284706115722
Epoch :  87  Epoch time :  0.40426570642739534  Train L2 Loss :  0.2541536928653717
Epoch :  88  Epoch time :  0.4033068688586354  Train L2 Loss :  0.25705417618751525
Epoch :  89  Epoch time :  0.40338866598904133  Train L2 Loss :  0.24763754901885987
Epoch :  90  Epoch time :  0.40343971364200115  Train L2 Loss :  0.2203667104244232
Epoch :  91  Epoch time :  0.40367393009364605  Train L2 Loss :  0.21701617438793183
Epoch :  92  Epoch time :  0.40331634040921926  Train L2 Loss :  0.22240390515327454
Epoch :  93  Epoch time :  0.40362789388746023  Train L2 Loss :  0.23757031545639037
Epoch :  94  Epoch time :  0.40361799485981464  Train L2 Loss :  0.224879784488678
Epoch :  95  Epoch time :  0.4023337299004197  Train L2 Loss :  0.25923632860183715
Epoch :  96  Epoch time :  0.4051046008244157  Train L2 Loss :  0.23371450679302216
Epoch :  97  Epoch time :  0.4035624610260129  Train L2 Loss :  0.24246675500869752
Epoch :  98  Epoch time :  0.4051287928596139  Train L2 Loss :  0.21655621860027313
Epoch :  99  Epoch time :  0.4028663644567132  Train L2 Loss :  0.20858245177268983
Epoch :  100  Epoch time :  0.4021807834506035  Train L2 Loss :  0.1655894430875778
Epoch :  101  Epoch time :  0.40261746663600206  Train L2 Loss :  0.15018225073814392
Epoch :  102  Epoch time :  0.4033941784873605  Train L2 Loss :  0.14654989166259766
Epoch :  103  Epoch time :  0.4044500822201371  Train L2 Loss :  0.1456745599269867
Epoch :  104  Epoch time :  0.4036201471462846  Train L2 Loss :  0.1429524975299835
Epoch :  105  Epoch time :  0.40228000935167074  Train L2 Loss :  0.141926811003685
Epoch :  106  Epoch time :  0.41895982902497053  Train L2 Loss :  0.14174260337352754
Epoch :  107  Epoch time :  0.40187574177980423  Train L2 Loss :  0.14096066056489945
Epoch :  108  Epoch time :  0.4044055752456188  Train L2 Loss :  0.14054824595451354
Epoch :  109  Epoch time :  0.40229886677116156  Train L2 Loss :  0.14040274047851561
Epoch :  110  Epoch time :  0.40281653963029385  Train L2 Loss :  0.14113200423717498
Epoch :  111  Epoch time :  0.4039354622364044  Train L2 Loss :  0.13958558659553527
Epoch :  112  Epoch time :  0.4037128146737814  Train L2 Loss :  0.14380002365112304
Epoch :  113  Epoch time :  0.4035911653190851  Train L2 Loss :  0.140877858042717
Epoch :  114  Epoch time :  0.40699728298932314  Train L2 Loss :  0.139847465634346
Epoch :  115  Epoch time :  0.4046020144596696  Train L2 Loss :  0.13763846559524537
Epoch :  116  Epoch time :  0.40455812122672796  Train L2 Loss :  0.14263860192298888
Epoch :  117  Epoch time :  0.4043418848887086  Train L2 Loss :  0.15146317839622497
Epoch :  118  Epoch time :  0.40437810961157084  Train L2 Loss :  0.14845423150062562
Epoch :  119  Epoch time :  0.4043859802186489  Train L2 Loss :  0.1509824657201767
Epoch :  120  Epoch time :  0.4042062293738127  Train L2 Loss :  0.15224475164413453
Epoch :  121  Epoch time :  0.40383950900286436  Train L2 Loss :  0.13797277235984803
Epoch :  122  Epoch time :  0.4029526123777032  Train L2 Loss :  0.1397724415063858
Epoch :  123  Epoch time :  0.40408115182071924  Train L2 Loss :  0.13469490780830384
Epoch :  124  Epoch time :  0.4032875895500183  Train L2 Loss :  0.13568805313110352
Epoch :  125  Epoch time :  0.4040133571252227  Train L2 Loss :  0.1367389293909073
Epoch :  126  Epoch time :  0.40404361207038164  Train L2 Loss :  0.13269135799407958
Epoch :  127  Epoch time :  0.40365820564329624  Train L2 Loss :  0.136602453994751
Epoch :  128  Epoch time :  0.40428531635552645  Train L2 Loss :  0.13693999013900757
Epoch :  129  Epoch time :  0.40604451578110456  Train L2 Loss :  0.13166501863002777
Epoch :  130  Epoch time :  0.404420992359519  Train L2 Loss :  0.13735161156654357
Epoch :  131  Epoch time :  0.40399370808154345  Train L2 Loss :  0.13942915868759156
Epoch :  132  Epoch time :  0.4039996024221182  Train L2 Loss :  0.13689839243888854
Epoch :  133  Epoch time :  0.40410436410456896  Train L2 Loss :  0.13231113600730895
Epoch :  134  Epoch time :  0.4039243385195732  Train L2 Loss :  0.12973380470275878
Epoch :  135  Epoch time :  0.4034491563215852  Train L2 Loss :  0.1311840554356575
Epoch :  136  Epoch time :  0.4041121257469058  Train L2 Loss :  0.13481525188684462
Epoch :  137  Epoch time :  0.40432744193822145  Train L2 Loss :  0.12501487126350402
Epoch :  138  Epoch time :  0.40446680318564177  Train L2 Loss :  0.12579157223701476
Epoch :  139  Epoch time :  0.4059294955804944  Train L2 Loss :  0.12716986644268036
Epoch :  140  Epoch time :  0.4043053751811385  Train L2 Loss :  0.12542910294532775
Epoch :  141  Epoch time :  0.40450510662049055  Train L2 Loss :  0.12751248100996018
Epoch :  142  Epoch time :  0.40419919416308403  Train L2 Loss :  0.13201022164821624
Epoch :  143  Epoch time :  0.4041085569187999  Train L2 Loss :  0.1317472583413124
Epoch :  144  Epoch time :  0.4027496865019202  Train L2 Loss :  0.1267470145702362
Epoch :  145  Epoch time :  0.4039354994893074  Train L2 Loss :  0.12857932040691375
Epoch :  146  Epoch time :  0.40381162613630295  Train L2 Loss :  0.12650707283020018
Epoch :  147  Epoch time :  0.4032724732533097  Train L2 Loss :  0.12000762505531311
Epoch :  148  Epoch time :  0.40414166636765003  Train L2 Loss :  0.11958370668888092
Epoch :  149  Epoch time :  0.4040675153955817  Train L2 Loss :  0.1254888061761856
Epoch :  150  Epoch time :  0.4056568145751953  Train L2 Loss :  0.1287774843931198
Epoch :  151  Epoch time :  0.40407024696469307  Train L2 Loss :  0.12759291598796846
Epoch :  152  Epoch time :  0.4034473644569516  Train L2 Loss :  0.12095868532657623
Epoch :  153  Epoch time :  0.404104620218277  Train L2 Loss :  0.12071671726703644
Epoch :  154  Epoch time :  0.4037918923422694  Train L2 Loss :  0.1318020894050598
Epoch :  155  Epoch time :  0.4022979587316513  Train L2 Loss :  0.12416165659427643
Epoch :  156  Epoch time :  0.4036131063476205  Train L2 Loss :  0.12133985908031464
Epoch :  157  Epoch time :  0.4036240167915821  Train L2 Loss :  0.12499363932609558
Epoch :  158  Epoch time :  0.4037216668948531  Train L2 Loss :  0.11794617611169815
Epoch :  159  Epoch time :  0.40342031698673964  Train L2 Loss :  0.11787080664634704
Epoch :  160  Epoch time :  0.4034747742116451  Train L2 Loss :  0.12706664987802505
Epoch :  161  Epoch time :  0.4049653736874461  Train L2 Loss :  0.12120409289598465
Epoch :  162  Epoch time :  0.4027294795960188  Train L2 Loss :  0.11791175011396408
Epoch :  163  Epoch time :  0.41088865976780653  Train L2 Loss :  0.1171676127910614
Epoch :  164  Epoch time :  0.41283818427473307  Train L2 Loss :  0.11799601938724517
Epoch :  165  Epoch time :  0.40408459305763245  Train L2 Loss :  0.11142801234722137
Epoch :  166  Epoch time :  0.4039128012955189  Train L2 Loss :  0.10877950704097748
Epoch :  167  Epoch time :  0.403515643440187  Train L2 Loss :  0.11113937739133835
Epoch :  168  Epoch time :  0.40343157947063446  Train L2 Loss :  0.11233759469985961
Epoch :  169  Epoch time :  0.40241864044219255  Train L2 Loss :  0.1139197446346283
Epoch :  170  Epoch time :  0.4030878683552146  Train L2 Loss :  0.11454152557849884
Epoch :  171  Epoch time :  0.4048069352284074  Train L2 Loss :  0.1090849270105362
Epoch :  172  Epoch time :  0.4032206665724516  Train L2 Loss :  0.1102561887383461
Epoch :  173  Epoch time :  0.40332343708723783  Train L2 Loss :  0.12535787708759308
Epoch :  174  Epoch time :  0.40363883692771196  Train L2 Loss :  0.12527821270227432
Epoch :  175  Epoch time :  0.40336303506046534  Train L2 Loss :  0.11616035796403885
Epoch :  176  Epoch time :  0.4031641213223338  Train L2 Loss :  0.11428474073410035
Epoch :  177  Epoch time :  0.4032593388110399  Train L2 Loss :  0.11575258668661118
Epoch :  178  Epoch time :  0.4025848638266325  Train L2 Loss :  0.11086800632476806
Epoch :  179  Epoch time :  0.4020478334277868  Train L2 Loss :  0.11696297559738159
Epoch :  180  Epoch time :  0.4019217826426029  Train L2 Loss :  0.11716733660697937
Epoch :  181  Epoch time :  0.401814304292202  Train L2 Loss :  0.11174939341545105
Epoch :  182  Epoch time :  0.4062034208327532  Train L2 Loss :  0.10929946357011795
Epoch :  183  Epoch time :  0.40307388454675674  Train L2 Loss :  0.11144392368793488
Epoch :  184  Epoch time :  0.40333096496760845  Train L2 Loss :  0.11406778593063355
Epoch :  185  Epoch time :  0.40335547644644976  Train L2 Loss :  0.10993463625907898
Epoch :  186  Epoch time :  0.40138361789286137  Train L2 Loss :  0.10741398642063141
Epoch :  187  Epoch time :  0.4037652965635061  Train L2 Loss :  0.1080239819765091
Epoch :  188  Epoch time :  0.4030119553208351  Train L2 Loss :  0.10712643423080444
Epoch :  189  Epoch time :  0.4034391203895211  Train L2 Loss :  0.11003206722736358
Epoch :  190  Epoch time :  0.4035619655624032  Train L2 Loss :  0.11344915652275085
Epoch :  191  Epoch time :  0.40329569298774004  Train L2 Loss :  0.11135761004686355
Epoch :  192  Epoch time :  0.40468915086239576  Train L2 Loss :  0.11419828436374664
Epoch :  193  Epoch time :  0.40315086115151644  Train L2 Loss :  0.10530912075042724
Epoch :  194  Epoch time :  0.4015619149431586  Train L2 Loss :  0.10553456664085388
Epoch :  195  Epoch time :  0.40285904705524445  Train L2 Loss :  0.11986048576831818
Epoch :  196  Epoch time :  0.40253756288439035  Train L2 Loss :  0.1096077321767807
Epoch :  197  Epoch time :  0.40296941716223955  Train L2 Loss :  0.10929712512493134
Epoch :  198  Epoch time :  0.4027658775448799  Train L2 Loss :  0.10613349165916443
Epoch :  199  Epoch time :  0.40148017182946205  Train L2 Loss :  0.11064802353382111
Epoch :  200  Epoch time :  0.40285919420421124  Train L2 Loss :  0.09122173507213592
Epoch :  201  Epoch time :  0.40325679164379835  Train L2 Loss :  0.08462401577234269
Epoch :  202  Epoch time :  0.40522239077836275  Train L2 Loss :  0.08384532164335251
Epoch :  203  Epoch time :  0.40285992808640003  Train L2 Loss :  0.08323515421152115
Epoch :  204  Epoch time :  0.40327597223222256  Train L2 Loss :  0.08321433874368668
Epoch :  205  Epoch time :  0.4028201559558511  Train L2 Loss :  0.0831462143421173
Epoch :  206  Epoch time :  0.4029066562652588  Train L2 Loss :  0.08323848115205765
Epoch :  207  Epoch time :  0.40449051558971405  Train L2 Loss :  0.08308648679256439
Epoch :  208  Epoch time :  0.4011921249330044  Train L2 Loss :  0.0835779238820076
Epoch :  209  Epoch time :  0.4020401472225785  Train L2 Loss :  0.08336445543766022
Epoch :  210  Epoch time :  0.4030133346095681  Train L2 Loss :  0.08319952439069749
Epoch :  211  Epoch time :  0.40302218683063984  Train L2 Loss :  0.08363037543296814
Epoch :  212  Epoch time :  0.40308410953730345  Train L2 Loss :  0.0841931979894638
Epoch :  213  Epoch time :  0.40453597716987133  Train L2 Loss :  0.08363040509223937
Epoch :  214  Epoch time :  0.40268782898783684  Train L2 Loss :  0.08315190176963806
Epoch :  215  Epoch time :  0.40296876057982445  Train L2 Loss :  0.08441182063817979
Epoch :  216  Epoch time :  0.4028903776779771  Train L2 Loss :  0.08324826374053955
Epoch :  217  Epoch time :  0.4024472162127495  Train L2 Loss :  0.08457381477355957
Epoch :  218  Epoch time :  0.4025700492784381  Train L2 Loss :  0.08420055142641067
Epoch :  219  Epoch time :  0.4032757803797722  Train L2 Loss :  0.0839747597336769
Epoch :  220  Epoch time :  0.40233162976801395  Train L2 Loss :  0.08385977282524108
Epoch :  221  Epoch time :  0.4190033469349146  Train L2 Loss :  0.08358141899108887
Epoch :  222  Epoch time :  0.40330684650689363  Train L2 Loss :  0.08399349956512452
Epoch :  223  Epoch time :  0.4016131665557623  Train L2 Loss :  0.08396747270822524
Epoch :  224  Epoch time :  0.4043577089905739  Train L2 Loss :  0.08366684931516648
Epoch :  225  Epoch time :  0.402995222248137  Train L2 Loss :  0.0828154824256897
Epoch :  226  Epoch time :  0.4030382363125682  Train L2 Loss :  0.08390633447170258
Epoch :  227  Epoch time :  0.4028953034430742  Train L2 Loss :  0.08417129999399185
Epoch :  228  Epoch time :  0.4023748906329274  Train L2 Loss :  0.08428564546108246
Epoch :  229  Epoch time :  0.40297543071210384  Train L2 Loss :  0.08400844323635101
Epoch :  230  Epoch time :  0.403034470975399  Train L2 Loss :  0.08321219778060913
Epoch :  231  Epoch time :  0.40282543934881687  Train L2 Loss :  0.0827393087387085
Epoch :  232  Epoch time :  0.40281360875815153  Train L2 Loss :  0.08371503901481628
Epoch :  233  Epoch time :  0.40259715821594  Train L2 Loss :  0.0834168220758438
Epoch :  234  Epoch time :  0.40280221961438656  Train L2 Loss :  0.08127133445739747
Epoch :  235  Epoch time :  0.4025546181946993  Train L2 Loss :  0.08334322129487991
Epoch :  236  Epoch time :  0.40754147805273533  Train L2 Loss :  0.08150557767152786
Epoch :  237  Epoch time :  0.40724625810980797  Train L2 Loss :  0.08373573734760284
Epoch :  238  Epoch time :  0.40284384321421385  Train L2 Loss :  0.08150988428592681
Epoch :  239  Epoch time :  0.4038618952035904  Train L2 Loss :  0.08106633044481278
Epoch :  240  Epoch time :  0.4015685198828578  Train L2 Loss :  0.08204836330413819
Epoch :  241  Epoch time :  0.4026448233053088  Train L2 Loss :  0.08222811011075974
Epoch :  242  Epoch time :  0.4030555561184883  Train L2 Loss :  0.08223711769580841
Epoch :  243  Epoch time :  0.4031541971489787  Train L2 Loss :  0.08110980806350708
Epoch :  244  Epoch time :  0.4033553944900632  Train L2 Loss :  0.08365961797237396
Epoch :  245  Epoch time :  0.40456461254507303  Train L2 Loss :  0.0830642224431038
Epoch :  246  Epoch time :  0.40365703124552965  Train L2 Loss :  0.0811366302728653
Epoch :  247  Epoch time :  0.402158590964973  Train L2 Loss :  0.08170219132900237
Epoch :  248  Epoch time :  0.4027085555717349  Train L2 Loss :  0.08604848766326904
Epoch :  249  Epoch time :  0.40353661496192217  Train L2 Loss :  0.07876463478803634
Epoch :  250  Epoch time :  0.40315104089677334  Train L2 Loss :  0.0795441748738289
Epoch :  251  Epoch time :  0.4014863558113575  Train L2 Loss :  0.07911327842473984
Epoch :  252  Epoch time :  0.4031425314024091  Train L2 Loss :  0.08058666576147079
Epoch :  253  Epoch time :  0.40400116983801126  Train L2 Loss :  0.07905184104442596
Epoch :  254  Epoch time :  0.4051183480769396  Train L2 Loss :  0.07960667409300805
Epoch :  255  Epoch time :  0.4022384425625205  Train L2 Loss :  0.07883539819717407
Epoch :  256  Epoch time :  0.4022770272567868  Train L2 Loss :  0.07919106121063232
Epoch :  257  Epoch time :  0.4037193451076746  Train L2 Loss :  0.07974951068162918
Epoch :  258  Epoch time :  0.4034977788105607  Train L2 Loss :  0.0805302943110466
Epoch :  259  Epoch time :  0.40367182437330484  Train L2 Loss :  0.08003841344118118
Epoch :  260  Epoch time :  0.40306554548442364  Train L2 Loss :  0.07833655650615692
Epoch :  261  Epoch time :  0.4022843521088362  Train L2 Loss :  0.0773111536026001
Epoch :  262  Epoch time :  0.4034880604594946  Train L2 Loss :  0.07778280874490738
Epoch :  263  Epoch time :  0.4031925965100527  Train L2 Loss :  0.07852339568138123
Epoch :  264  Epoch time :  0.4032073188573122  Train L2 Loss :  0.07771368833780289
Epoch :  265  Epoch time :  0.40337654389441013  Train L2 Loss :  0.07949306976795197
Epoch :  266  Epoch time :  0.404970801435411  Train L2 Loss :  0.07982455440759659
Epoch :  267  Epoch time :  0.40355174522846937  Train L2 Loss :  0.07843281314373016
Epoch :  268  Epoch time :  0.40348275005817413  Train L2 Loss :  0.07823288328647614
Epoch :  269  Epoch time :  0.4035477852448821  Train L2 Loss :  0.07811384162902832
Epoch :  270  Epoch time :  0.40299513563513756  Train L2 Loss :  0.0808829771399498
Epoch :  271  Epoch time :  0.40159920789301395  Train L2 Loss :  0.07730618975162507
Epoch :  272  Epoch time :  0.4028785014525056  Train L2 Loss :  0.07705656940937042
Epoch :  273  Epoch time :  0.4037226540967822  Train L2 Loss :  0.07714155676364899
Epoch :  274  Epoch time :  0.40281468257308006  Train L2 Loss :  0.07576034063100814
Epoch :  275  Epoch time :  0.40221145283430815  Train L2 Loss :  0.07563624163866044
Epoch :  276  Epoch time :  0.40572484862059355  Train L2 Loss :  0.0755015992641449
Epoch :  277  Epoch time :  0.40342798363417387  Train L2 Loss :  0.07723262152671814
Epoch :  278  Epoch time :  0.40347750298678875  Train L2 Loss :  0.07837141278982163
Epoch :  279  Epoch time :  0.4199080094695091  Train L2 Loss :  0.07636620813608169
Epoch :  280  Epoch time :  0.40303148701786995  Train L2 Loss :  0.07549363232851028
Epoch :  281  Epoch time :  0.4034949541091919  Train L2 Loss :  0.07541333136558533
Epoch :  282  Epoch time :  0.40323790255934  Train L2 Loss :  0.07758597817420959
Epoch :  283  Epoch time :  0.40265342965722084  Train L2 Loss :  0.07632562479972839
Epoch :  284  Epoch time :  0.4038711627945304  Train L2 Loss :  0.07523068286180497
Epoch :  285  Epoch time :  0.4033603183925152  Train L2 Loss :  0.07526017410755158
Epoch :  286  Epoch time :  0.40391221921890974  Train L2 Loss :  0.07451679763793945
Epoch :  287  Epoch time :  0.40486078429967165  Train L2 Loss :  0.07437178845405579
Epoch :  288  Epoch time :  0.4024371290579438  Train L2 Loss :  0.07431064808368683
Epoch :  289  Epoch time :  0.40413754899054766  Train L2 Loss :  0.07482798993587494
Epoch :  290  Epoch time :  0.403509589843452  Train L2 Loss :  0.07878626804351807
Epoch :  291  Epoch time :  0.4034810485318303  Train L2 Loss :  0.07479689376354218
Epoch :  292  Epoch time :  0.4034745031967759  Train L2 Loss :  0.07620619122982025
Epoch :  293  Epoch time :  0.40362290386110544  Train L2 Loss :  0.07629841784238815
Epoch :  294  Epoch time :  0.40382240526378155  Train L2 Loss :  0.07416881198883056
Epoch :  295  Epoch time :  0.40305520314723253  Train L2 Loss :  0.07312588329315185
Epoch :  296  Epoch time :  0.4036669712513685  Train L2 Loss :  0.07635875151157379
Epoch :  297  Epoch time :  0.40557286236435175  Train L2 Loss :  0.0768473764181137
Epoch :  298  Epoch time :  0.40373210050165653  Train L2 Loss :  0.07458344959020614
Epoch :  299  Epoch time :  0.40339513774961233  Train L2 Loss :  0.07316190130710602
Epoch :  300  Epoch time :  0.4035412296652794  Train L2 Loss :  0.06839026162624359
Epoch :  301  Epoch time :  0.4031831296160817  Train L2 Loss :  0.06685956041812896
Epoch :  302  Epoch time :  0.4037919044494629  Train L2 Loss :  0.06650497181415557
Epoch :  303  Epoch time :  0.40391444601118565  Train L2 Loss :  0.06659494016170502
Epoch :  304  Epoch time :  0.4039281029254198  Train L2 Loss :  0.06653478877544403
Epoch :  305  Epoch time :  0.40357800014317036  Train L2 Loss :  0.06655146350860595
Epoch :  306  Epoch time :  0.40453920513391495  Train L2 Loss :  0.06654848933219909
Epoch :  307  Epoch time :  0.40358978044241667  Train L2 Loss :  0.06635786085128784
Epoch :  308  Epoch time :  0.4051879560574889  Train L2 Loss :  0.06668983199596405
Epoch :  309  Epoch time :  0.40327504836022854  Train L2 Loss :  0.06668607964515685
Epoch :  310  Epoch time :  0.40348469838500023  Train L2 Loss :  0.06660485424995423
Epoch :  311  Epoch time :  0.40385881066322327  Train L2 Loss :  0.06663527198433876
Epoch :  312  Epoch time :  0.40330532658845186  Train L2 Loss :  0.06662705129384995
Epoch :  313  Epoch time :  0.40387727599591017  Train L2 Loss :  0.06658791599273682
Epoch :  314  Epoch time :  0.4041515467688441  Train L2 Loss :  0.06646017921566963
Epoch :  315  Epoch time :  0.4035441158339381  Train L2 Loss :  0.06650428028106689
Epoch :  316  Epoch time :  0.4042320540174842  Train L2 Loss :  0.06676979131102562
Epoch :  317  Epoch time :  0.4036379372701049  Train L2 Loss :  0.06662663801908493
Epoch :  318  Epoch time :  0.4052422270178795  Train L2 Loss :  0.06682542171478272
Epoch :  319  Epoch time :  0.4034458063542843  Train L2 Loss :  0.06626287428736687
Epoch :  320  Epoch time :  0.40335266198962927  Train L2 Loss :  0.06622505538463593
Epoch :  321  Epoch time :  0.40391396079212427  Train L2 Loss :  0.06615225989818573
Epoch :  322  Epoch time :  0.4037130484357476  Train L2 Loss :  0.06657424211502075
Epoch :  323  Epoch time :  0.402670512907207  Train L2 Loss :  0.06675657771825791
Epoch :  324  Epoch time :  0.4026339268311858  Train L2 Loss :  0.0662838722705841
Epoch :  325  Epoch time :  0.4026360893622041  Train L2 Loss :  0.06636358907222747
Epoch :  326  Epoch time :  0.4025183944031596  Train L2 Loss :  0.06609338449239731
Epoch :  327  Epoch time :  0.40293343737721443  Train L2 Loss :  0.06583607581853866
Epoch :  328  Epoch time :  0.40238604974001646  Train L2 Loss :  0.06570061108469963
Epoch :  329  Epoch time :  0.408510304056108  Train L2 Loss :  0.06605050331354141
Epoch :  330  Epoch time :  0.40459827054291964  Train L2 Loss :  0.06598682270050049
Epoch :  331  Epoch time :  0.4025597805157304  Train L2 Loss :  0.06568829408884048
Epoch :  332  Epoch time :  0.40381608717143536  Train L2 Loss :  0.06553151082992553
Epoch :  333  Epoch time :  0.40226312167942524  Train L2 Loss :  0.06559985297918319
Epoch :  334  Epoch time :  0.40382667165249586  Train L2 Loss :  0.06596893465518952
Epoch :  335  Epoch time :  0.4032072611153126  Train L2 Loss :  0.06627531524896622
Epoch :  336  Epoch time :  0.4067382076755166  Train L2 Loss :  0.06628744280338288
Epoch :  337  Epoch time :  0.4168360186740756  Train L2 Loss :  0.06513103159666062
Epoch :  338  Epoch time :  0.40410100296139717  Train L2 Loss :  0.06536961735486985
Epoch :  339  Epoch time :  0.40569627843797207  Train L2 Loss :  0.0654688329398632
Epoch :  340  Epoch time :  0.4039839329198003  Train L2 Loss :  0.06555242307186127
Epoch :  341  Epoch time :  0.4036354273557663  Train L2 Loss :  0.06558619437217712
Epoch :  342  Epoch time :  0.40379231330007315  Train L2 Loss :  0.06463375806808472
Epoch :  343  Epoch time :  0.4033756088465452  Train L2 Loss :  0.06480183365345
Epoch :  344  Epoch time :  0.4021608345210552  Train L2 Loss :  0.0647840724349022
Epoch :  345  Epoch time :  0.40377181954681873  Train L2 Loss :  0.06493337523937226
Epoch :  346  Epoch time :  0.40383864380419254  Train L2 Loss :  0.06460691843032837
Epoch :  347  Epoch time :  0.403958210721612  Train L2 Loss :  0.06450617934465408
Epoch :  348  Epoch time :  0.40289242938160896  Train L2 Loss :  0.0647749435186386
Epoch :  349  Epoch time :  0.4041304737329483  Train L2 Loss :  0.06438477540016174
Epoch :  350  Epoch time :  0.40585724264383316  Train L2 Loss :  0.06428062655925751
Epoch :  351  Epoch time :  0.4039842486381531  Train L2 Loss :  0.06449476985931396
Epoch :  352  Epoch time :  0.4034915817901492  Train L2 Loss :  0.06471350371837616
Epoch :  353  Epoch time :  0.40421808883547783  Train L2 Loss :  0.0641613648891449
Epoch :  354  Epoch time :  0.4038279028609395  Train L2 Loss :  0.06434555044174195
Epoch :  355  Epoch time :  0.40346560068428516  Train L2 Loss :  0.06402002218961715
Epoch :  356  Epoch time :  0.4041192205622792  Train L2 Loss :  0.06424156374931335
Epoch :  357  Epoch time :  0.40248923283070326  Train L2 Loss :  0.06383535115718841
Epoch :  358  Epoch time :  0.404085841961205  Train L2 Loss :  0.06409418379068374
Epoch :  359  Epoch time :  0.4039113698527217  Train L2 Loss :  0.06381881898641587
Epoch :  360  Epoch time :  0.40494694374501705  Train L2 Loss :  0.06415550476312637
Epoch :  361  Epoch time :  0.4034103900194168  Train L2 Loss :  0.06383465526103974
Epoch :  362  Epoch time :  0.4041920220479369  Train L2 Loss :  0.06356816140413284
Epoch :  363  Epoch time :  0.4040061142295599  Train L2 Loss :  0.06289524329900742
Epoch :  364  Epoch time :  0.403934053145349  Train L2 Loss :  0.06373671861886979
Epoch :  365  Epoch time :  0.40354201942682266  Train L2 Loss :  0.063601150816679
Epoch :  366  Epoch time :  0.4037035349756479  Train L2 Loss :  0.06324752643108368
Epoch :  367  Epoch time :  0.4037221474573016  Train L2 Loss :  0.06331809659004212
Epoch :  368  Epoch time :  0.40387420170009136  Train L2 Loss :  0.06309173232316971
Epoch :  369  Epoch time :  0.40364507120102644  Train L2 Loss :  0.06333275134563446
Epoch :  370  Epoch time :  0.40396683383733034  Train L2 Loss :  0.0639005140542984
Epoch :  371  Epoch time :  0.40496055223047733  Train L2 Loss :  0.06335643745660782
Epoch :  372  Epoch time :  0.4032712113112211  Train L2 Loss :  0.0623553844332695
Epoch :  373  Epoch time :  0.40386335738003254  Train L2 Loss :  0.06250906084775924
Epoch :  374  Epoch time :  0.4036881560459733  Train L2 Loss :  0.06254429757595062
Epoch :  375  Epoch time :  0.4038706151768565  Train L2 Loss :  0.0629044635772705
Epoch :  376  Epoch time :  0.4044508170336485  Train L2 Loss :  0.06238879768848419
Epoch :  377  Epoch time :  0.40389400720596313  Train L2 Loss :  0.06236432676911354
Epoch :  378  Epoch time :  0.4040030939504504  Train L2 Loss :  0.06270813392400741
Epoch :  379  Epoch time :  0.4039632584899664  Train L2 Loss :  0.06280013746023178
Epoch :  380  Epoch time :  0.4038981404155493  Train L2 Loss :  0.06270843904018403
Epoch :  381  Epoch time :  0.40535726118832827  Train L2 Loss :  0.06239141240119934
Epoch :  382  Epoch time :  0.4043551618233323  Train L2 Loss :  0.06203012897968292
Epoch :  383  Epoch time :  0.40315890219062567  Train L2 Loss :  0.061929765605926515
Epoch :  384  Epoch time :  0.40371429920196533  Train L2 Loss :  0.06215263479948044
Epoch :  385  Epoch time :  0.4039289001375437  Train L2 Loss :  0.062250467908382415
Epoch :  386  Epoch time :  0.4038393497467041  Train L2 Loss :  0.06231895160675049
Epoch :  387  Epoch time :  0.40390802826732397  Train L2 Loss :  0.06156339765787125
Epoch :  388  Epoch time :  0.404351276345551  Train L2 Loss :  0.061268544328212736
Epoch :  389  Epoch time :  0.41144285537302494  Train L2 Loss :  0.061749410623312
Epoch :  390  Epoch time :  0.4064615909010172  Train L2 Loss :  0.061451028549671174
Epoch :  391  Epoch time :  0.40377149172127247  Train L2 Loss :  0.0613113215148449
Epoch :  392  Epoch time :  0.4054223131388426  Train L2 Loss :  0.06135922757387161
Epoch :  393  Epoch time :  0.4034420056268573  Train L2 Loss :  0.06122804758548737
Epoch :  394  Epoch time :  0.4039336573332548  Train L2 Loss :  0.06133386945724487
Epoch :  395  Epoch time :  0.42054957058280706  Train L2 Loss :  0.06256535100340843
Epoch :  396  Epoch time :  0.403955633752048  Train L2 Loss :  0.06166245517730713
Epoch :  397  Epoch time :  0.40310846641659737  Train L2 Loss :  0.06125957415103912
Epoch :  398  Epoch time :  0.4027047622948885  Train L2 Loss :  0.06112616282105446
Epoch :  399  Epoch time :  0.40277642756700516  Train L2 Loss :  0.0612300896525383
Epoch :  400  Epoch time :  0.40255824103951454  Train L2 Loss :  0.05885497758388519
Epoch :  401  Epoch time :  0.40279237646609545  Train L2 Loss :  0.05833247336149216
Epoch :  402  Epoch time :  0.4074504394084215  Train L2 Loss :  0.058345483708381655
Epoch :  403  Epoch time :  0.40572867542505264  Train L2 Loss :  0.058421332967281345
Epoch :  404  Epoch time :  0.40433686785399914  Train L2 Loss :  0.05842522912621498
Epoch :  405  Epoch time :  0.4044026220217347  Train L2 Loss :  0.05830514965057373
Epoch :  406  Epoch time :  0.4039012286812067  Train L2 Loss :  0.05825872773528099
Epoch :  407  Epoch time :  0.4044221844524145  Train L2 Loss :  0.05831659027338028
Epoch :  408  Epoch time :  0.4040151396766305  Train L2 Loss :  0.05820147855877876
Epoch :  409  Epoch time :  0.40394731517881155  Train L2 Loss :  0.05820044745206833
Epoch :  410  Epoch time :  0.402691587805748  Train L2 Loss :  0.058189183557033536
Epoch :  411  Epoch time :  0.40404123812913895  Train L2 Loss :  0.05834634108543396
Epoch :  412  Epoch time :  0.404661750420928  Train L2 Loss :  0.05814828345775604
Epoch :  413  Epoch time :  0.40583424270153046  Train L2 Loss :  0.05811750589609146
Epoch :  414  Epoch time :  0.40721555706113577  Train L2 Loss :  0.05818012139797211
Epoch :  415  Epoch time :  0.4037348125129938  Train L2 Loss :  0.058334564781188966
Epoch :  416  Epoch time :  0.40418171416968107  Train L2 Loss :  0.05818077483177185
Epoch :  417  Epoch time :  0.40427316445857286  Train L2 Loss :  0.05798272941708565
Epoch :  418  Epoch time :  0.40425198152661324  Train L2 Loss :  0.05799211105108261
Epoch :  419  Epoch time :  0.4039205890148878  Train L2 Loss :  0.05808923398256302
Epoch :  420  Epoch time :  0.404080075211823  Train L2 Loss :  0.058060516518354414
Epoch :  421  Epoch time :  0.40381418727338314  Train L2 Loss :  0.05809578535556793
Epoch :  422  Epoch time :  0.404225442558527  Train L2 Loss :  0.05796039692759514
Epoch :  423  Epoch time :  0.4057671409100294  Train L2 Loss :  0.05780528564453125
Epoch :  424  Epoch time :  0.4032776113599539  Train L2 Loss :  0.05774475080370903
Epoch :  425  Epoch time :  0.40440488047897816  Train L2 Loss :  0.05779384096860886
Epoch :  426  Epoch time :  0.4042240707203746  Train L2 Loss :  0.05774551104307175
Epoch :  427  Epoch time :  0.4031081758439541  Train L2 Loss :  0.057740196985006334
Epoch :  428  Epoch time :  0.40423860121518373  Train L2 Loss :  0.057728926491737366
Epoch :  429  Epoch time :  0.4041035398840904  Train L2 Loss :  0.05778562668561935
Epoch :  430  Epoch time :  0.40481693763285875  Train L2 Loss :  0.05763697928190231
Epoch :  431  Epoch time :  0.4032211387529969  Train L2 Loss :  0.05763912372589111
Epoch :  432  Epoch time :  0.40626246575266123  Train L2 Loss :  0.05753408756256104
Epoch :  433  Epoch time :  0.40425668470561504  Train L2 Loss :  0.05748219410777092
Epoch :  434  Epoch time :  0.4042198248207569  Train L2 Loss :  0.057646567624807354
Epoch :  435  Epoch time :  0.4049834916368127  Train L2 Loss :  0.05745398745536804
Epoch :  436  Epoch time :  0.4041522145271301  Train L2 Loss :  0.05732908930778503
Epoch :  437  Epoch time :  0.40390992909669876  Train L2 Loss :  0.057154017233848574
Epoch :  438  Epoch time :  0.40388836432248354  Train L2 Loss :  0.057329228830337524
Epoch :  439  Epoch time :  0.4041444230824709  Train L2 Loss :  0.0572314824283123
Epoch :  440  Epoch time :  0.4044733829796314  Train L2 Loss :  0.05720276668071747
Epoch :  441  Epoch time :  0.40459938906133175  Train L2 Loss :  0.05716917991042137
Epoch :  442  Epoch time :  0.40452155470848083  Train L2 Loss :  0.057125325405597685
Epoch :  443  Epoch time :  0.40339949913322926  Train L2 Loss :  0.057032668673992155
Epoch :  444  Epoch time :  0.40568903647363186  Train L2 Loss :  0.05718070975542069
Epoch :  445  Epoch time :  0.4040920799598098  Train L2 Loss :  0.05701027846336365
Epoch :  446  Epoch time :  0.40441739466041327  Train L2 Loss :  0.0570479606628418
Epoch :  447  Epoch time :  0.4050998091697693  Train L2 Loss :  0.0570117892742157
Epoch :  448  Epoch time :  0.40381934959441423  Train L2 Loss :  0.057193671131134036
Epoch :  449  Epoch time :  0.40335433557629585  Train L2 Loss :  0.056773884236812594
Epoch :  450  Epoch time :  0.4030523607507348  Train L2 Loss :  0.056924032402038575
Epoch :  451  Epoch time :  0.40231298096477985  Train L2 Loss :  0.05696758338212967
Epoch :  452  Epoch time :  0.41674141492694616  Train L2 Loss :  0.056840574663877486
Epoch :  453  Epoch time :  0.4066989775747061  Train L2 Loss :  0.056730504965782164
Epoch :  454  Epoch time :  0.4040393531322479  Train L2 Loss :  0.05668370282649994
Epoch :  455  Epoch time :  0.405315512791276  Train L2 Loss :  0.05651074518561363
Epoch :  456  Epoch time :  0.4039514847099781  Train L2 Loss :  0.05663445510864258
Epoch :  457  Epoch time :  0.40402576979249716  Train L2 Loss :  0.05660063456296921
Epoch :  458  Epoch time :  0.40383289381861687  Train L2 Loss :  0.056429007178545
Epoch :  459  Epoch time :  0.4038380654528737  Train L2 Loss :  0.05647742019891739
Epoch :  460  Epoch time :  0.4039583057165146  Train L2 Loss :  0.05639443525671959
Epoch :  461  Epoch time :  0.40360398683696985  Train L2 Loss :  0.056645685172080996
Epoch :  462  Epoch time :  0.40409903042018414  Train L2 Loss :  0.05638001205921173
Epoch :  463  Epoch time :  0.4037730535492301  Train L2 Loss :  0.05644990417957306
Epoch :  464  Epoch time :  0.4035377996042371  Train L2 Loss :  0.05618892694711685
Epoch :  465  Epoch time :  0.40563267190009356  Train L2 Loss :  0.056354669439792636
Epoch :  466  Epoch time :  0.4033996984362602  Train L2 Loss :  0.05633235759735107
Epoch :  467  Epoch time :  0.4038735246285796  Train L2 Loss :  0.056265814852714535
Epoch :  468  Epoch time :  0.40376607328653336  Train L2 Loss :  0.05615376532077789
Epoch :  469  Epoch time :  0.40350501146167517  Train L2 Loss :  0.056127720248699185
Epoch :  470  Epoch time :  0.4039136469364166  Train L2 Loss :  0.056063600146770476
Epoch :  471  Epoch time :  0.4031450171023607  Train L2 Loss :  0.05610974091291428
Epoch :  472  Epoch time :  0.4026080686599016  Train L2 Loss :  0.056017845153808594
Epoch :  473  Epoch time :  0.4024243326857686  Train L2 Loss :  0.05589295831918716
Epoch :  474  Epoch time :  0.4028778728097677  Train L2 Loss :  0.05604750957489014
Epoch :  475  Epoch time :  0.40292777959257364  Train L2 Loss :  0.05610711017251015
Epoch :  476  Epoch time :  0.40958819165825844  Train L2 Loss :  0.05583108180165291
Epoch :  477  Epoch time :  0.40490755531936884  Train L2 Loss :  0.05578915576934815
Epoch :  478  Epoch time :  0.4040289204567671  Train L2 Loss :  0.05572499669194222
Epoch :  479  Epoch time :  0.4043846223503351  Train L2 Loss :  0.05579892706871033
Epoch :  480  Epoch time :  0.40418147668242455  Train L2 Loss :  0.055666228926181796
Epoch :  481  Epoch time :  0.4045799430459738  Train L2 Loss :  0.055641264820098874
Epoch :  482  Epoch time :  0.40424326807260513  Train L2 Loss :  0.055531453633308414
Epoch :  483  Epoch time :  0.4042168837040663  Train L2 Loss :  0.05548332232236862
Epoch :  484  Epoch time :  0.4047433538362384  Train L2 Loss :  0.05550500167608261
Epoch :  485  Epoch time :  0.40366352908313274  Train L2 Loss :  0.05544513294100761
Epoch :  486  Epoch time :  0.40517593920230865  Train L2 Loss :  0.05556751788854599
Epoch :  487  Epoch time :  0.40335947554558516  Train L2 Loss :  0.055465772819519046
Epoch :  488  Epoch time :  0.4038073215633631  Train L2 Loss :  0.05543248130083084
Epoch :  489  Epoch time :  0.4044287661090493  Train L2 Loss :  0.05552795397043228
Epoch :  490  Epoch time :  0.4041383555158973  Train L2 Loss :  0.05524595919847489
Epoch :  491  Epoch time :  0.4048044439405203  Train L2 Loss :  0.05520812242627144
Epoch :  492  Epoch time :  0.4039711579680443  Train L2 Loss :  0.05523477412462235
Epoch :  493  Epoch time :  0.4037982514128089  Train L2 Loss :  0.05527607873678207
Epoch :  494  Epoch time :  0.4048640839755535  Train L2 Loss :  0.055340281945466994
Epoch :  495  Epoch time :  0.4041846748441458  Train L2 Loss :  0.05500829668045044
Epoch :  496  Epoch time :  0.40430983155965805  Train L2 Loss :  0.05528879848718643
Epoch :  497  Epoch time :  0.40547252260148525  Train L2 Loss :  0.055214764350652694
Epoch :  498  Epoch time :  0.40411140862852335  Train L2 Loss :  0.055084463095664976
Epoch :  499  Epoch time :  0.4042766513302922  Train L2 Loss :  0.05505038253068924
Epoch :  500  Epoch time :  0.4030071357265115  Train L2 Loss :  0.05412429859042168
Epoch :  501  Epoch time :  0.404360038228333  Train L2 Loss :  0.05384306377768516
Epoch :  502  Epoch time :  0.4045477379113436  Train L2 Loss :  0.05383429073691368
Epoch :  503  Epoch time :  0.4118416653946042  Train L2 Loss :  0.05383150505423546
Epoch :  504  Epoch time :  0.4044619295746088  Train L2 Loss :  0.053816053235530854
Epoch :  505  Epoch time :  0.4031666796654463  Train L2 Loss :  0.05378202615976334
Epoch :  506  Epoch time :  0.40473346412181854  Train L2 Loss :  0.053757199424505235
Epoch :  507  Epoch time :  0.406181113794446  Train L2 Loss :  0.053771886444091796
Epoch :  508  Epoch time :  0.40462952572852373  Train L2 Loss :  0.05376550188064575
Epoch :  509  Epoch time :  0.404568612575531  Train L2 Loss :  0.053853225994110104
Epoch :  510  Epoch time :  0.4208307424560189  Train L2 Loss :  0.053750995826721194
Epoch :  511  Epoch time :  0.40462973807007074  Train L2 Loss :  0.053738028305768966
Epoch :  512  Epoch time :  0.40387712325900793  Train L2 Loss :  0.05370862290859223
Epoch :  513  Epoch time :  0.4046182641759515  Train L2 Loss :  0.053661867702007295
Epoch :  514  Epoch time :  0.4047608794644475  Train L2 Loss :  0.053615460711717605
Epoch :  515  Epoch time :  0.4043110152706504  Train L2 Loss :  0.05360719481706619
Epoch :  516  Epoch time :  0.4032145533710718  Train L2 Loss :  0.053642214941978454
Epoch :  517  Epoch time :  0.402727784588933  Train L2 Loss :  0.05363353654146195
Epoch :  518  Epoch time :  0.4061914552003145  Train L2 Loss :  0.05361036120653152
Epoch :  519  Epoch time :  0.40466929879039526  Train L2 Loss :  0.053684056556224824
Epoch :  520  Epoch time :  0.40460045263171196  Train L2 Loss :  0.05358287596702576
Epoch :  521  Epoch time :  0.4046675330027938  Train L2 Loss :  0.053555263411998746
Epoch :  522  Epoch time :  0.4044681750237942  Train L2 Loss :  0.05346496663093567
Epoch :  523  Epoch time :  0.40423835162073374  Train L2 Loss :  0.053567799246311186
Epoch :  524  Epoch time :  0.4029137138277292  Train L2 Loss :  0.053469843935966495
Epoch :  525  Epoch time :  0.40426111221313477  Train L2 Loss :  0.053479290753602984
Epoch :  526  Epoch time :  0.40458200220018625  Train L2 Loss :  0.05348869185447693
Epoch :  527  Epoch time :  0.4044897984713316  Train L2 Loss :  0.053382236325740816
Epoch :  528  Epoch time :  0.40522747207432985  Train L2 Loss :  0.05344997737407684
Epoch :  529  Epoch time :  0.40263609774410725  Train L2 Loss :  0.0534048690199852
Epoch :  530  Epoch time :  0.40429023280739784  Train L2 Loss :  0.053458153808116915
Epoch :  531  Epoch time :  0.40423770248889923  Train L2 Loss :  0.053350421756505964
Epoch :  532  Epoch time :  0.40301284473389387  Train L2 Loss :  0.05332016117572785
Epoch :  533  Epoch time :  0.4038029471412301  Train L2 Loss :  0.05329456177353859
Epoch :  534  Epoch time :  0.40449250116944313  Train L2 Loss :  0.0533229885160923
Epoch :  535  Epoch time :  0.4041274581104517  Train L2 Loss :  0.053296807146072385
Epoch :  536  Epoch time :  0.4040939537808299  Train L2 Loss :  0.05321118253469467
Epoch :  537  Epoch time :  0.4026054386049509  Train L2 Loss :  0.053246707546710965
Epoch :  538  Epoch time :  0.40399954188615084  Train L2 Loss :  0.053205684077739714
Epoch :  539  Epoch time :  0.40562859177589417  Train L2 Loss :  0.053178197187185285
Epoch :  540  Epoch time :  0.40344827715307474  Train L2 Loss :  0.053197423374652865
Epoch :  541  Epoch time :  0.4040796495974064  Train L2 Loss :  0.05316911363005638
Epoch :  542  Epoch time :  0.4102345500141382  Train L2 Loss :  0.05312138076424599
Epoch :  543  Epoch time :  0.4065465023741126  Train L2 Loss :  0.05315959577560425
Epoch :  544  Epoch time :  0.403761456720531  Train L2 Loss :  0.05313999762535095
Epoch :  545  Epoch time :  0.40269453078508377  Train L2 Loss :  0.05307282059192658
Epoch :  546  Epoch time :  0.4028443982824683  Train L2 Loss :  0.0531619070827961
Epoch :  547  Epoch time :  0.40295278560370207  Train L2 Loss :  0.052999323177337646
Epoch :  548  Epoch time :  0.402841635979712  Train L2 Loss :  0.05295529267787933
Epoch :  549  Epoch time :  0.4074903968721628  Train L2 Loss :  0.0530608479142189
Epoch :  550  Epoch time :  0.4044321272522211  Train L2 Loss :  0.05300800524950027
Epoch :  551  Epoch time :  0.4039173563942313  Train L2 Loss :  0.05298062099218369
Epoch :  552  Epoch time :  0.4041303554549813  Train L2 Loss :  0.05299419207572937
Epoch :  553  Epoch time :  0.405099886469543  Train L2 Loss :  0.05289645246863365
Epoch :  554  Epoch time :  0.4048678679391742  Train L2 Loss :  0.05300173534154892
Epoch :  555  Epoch time :  0.4045754773542285  Train L2 Loss :  0.05285694513320923
Epoch :  556  Epoch time :  0.40467720478773117  Train L2 Loss :  0.05282946991920471
Epoch :  557  Epoch time :  0.40401048865169287  Train L2 Loss :  0.052799666357040406
Epoch :  558  Epoch time :  0.4035950470715761  Train L2 Loss :  0.05279836494922638
Epoch :  559  Epoch time :  0.4043953940272331  Train L2 Loss :  0.05276256432533264
Epoch :  560  Epoch time :  0.40563411824405193  Train L2 Loss :  0.05278148340582848
Epoch :  561  Epoch time :  0.4044378222897649  Train L2 Loss :  0.05280876601934433
Epoch :  562  Epoch time :  0.4045240478590131  Train L2 Loss :  0.05279769668579101
Epoch :  563  Epoch time :  0.4045702666044235  Train L2 Loss :  0.05275443836450577
Epoch :  564  Epoch time :  0.4045315682888031  Train L2 Loss :  0.05265778565406799
Epoch :  565  Epoch time :  0.4040298778563738  Train L2 Loss :  0.05268804224729538
Epoch :  566  Epoch time :  0.40462553314864635  Train L2 Loss :  0.052643693792819975
Epoch :  567  Epoch time :  0.4082550248131156  Train L2 Loss :  0.05259712324142456
Epoch :  568  Epoch time :  0.4167848974466324  Train L2 Loss :  0.05265748271942139
Epoch :  569  Epoch time :  0.4042096296325326  Train L2 Loss :  0.05260614721775055
Epoch :  570  Epoch time :  0.4063467551022768  Train L2 Loss :  0.05258504160642624
Epoch :  571  Epoch time :  0.40446914080530405  Train L2 Loss :  0.052601619285345076
Epoch :  572  Epoch time :  0.40433652326464653  Train L2 Loss :  0.052571275556087496
Epoch :  573  Epoch time :  0.40493804682046175  Train L2 Loss :  0.052550312554836276
Epoch :  574  Epoch time :  0.4041643254458904  Train L2 Loss :  0.05252478892207146
Epoch :  575  Epoch time :  0.40448517072945833  Train L2 Loss :  0.052490586113929746
Epoch :  576  Epoch time :  0.4041341468691826  Train L2 Loss :  0.05246026992201805
Epoch :  577  Epoch time :  0.40426887199282646  Train L2 Loss :  0.05241151287555695
Epoch :  578  Epoch time :  0.40368887782096863  Train L2 Loss :  0.0524022940993309
Epoch :  579  Epoch time :  0.4040061281993985  Train L2 Loss :  0.052392180573940274
Epoch :  580  Epoch time :  0.40495368372648954  Train L2 Loss :  0.052364964973926544
Epoch :  581  Epoch time :  0.40550165995955467  Train L2 Loss :  0.052308925187587736
Epoch :  582  Epoch time :  0.4044921547174454  Train L2 Loss :  0.05238209906220436
Epoch :  583  Epoch time :  0.404847813770175  Train L2 Loss :  0.05237294768095017
Epoch :  584  Epoch time :  0.40419268421828747  Train L2 Loss :  0.052319230145215986
Epoch :  585  Epoch time :  0.40432256273925304  Train L2 Loss :  0.05235094041824341
Epoch :  586  Epoch time :  0.4046668317168951  Train L2 Loss :  0.052235975468158724
Epoch :  587  Epoch time :  0.40418222919106483  Train L2 Loss :  0.052241185015439985
Epoch :  588  Epoch time :  0.40447092801332474  Train L2 Loss :  0.05220301741361618
Epoch :  589  Epoch time :  0.4048041459172964  Train L2 Loss :  0.052176718723773954
Epoch :  590  Epoch time :  0.4045788124203682  Train L2 Loss :  0.05216901384592056
Epoch :  591  Epoch time :  0.4062465438619256  Train L2 Loss :  0.052142312121391296
Epoch :  592  Epoch time :  0.40445373486727476  Train L2 Loss :  0.05214665523171425
Epoch :  593  Epoch time :  0.4045278886333108  Train L2 Loss :  0.052145761692523954
Epoch :  594  Epoch time :  0.4039954151958227  Train L2 Loss :  0.052088682067394254
Epoch :  595  Epoch time :  0.4046580567955971  Train L2 Loss :  0.052037123221158985
Epoch :  596  Epoch time :  0.40429658722132444  Train L2 Loss :  0.05207461273670196
Epoch :  597  Epoch time :  0.4044492021203041  Train L2 Loss :  0.052004854822158816
Epoch :  598  Epoch time :  0.40447508823126554  Train L2 Loss :  0.05202715170383453
Epoch :  599  Epoch time :  0.4048444516956806  Train L2 Loss :  0.05197326223254204
Epoch :  600  Epoch time :  0.40464034024626017  Train L2 Loss :  0.051527937829494476
Epoch :  601  Epoch time :  0.404273197054863  Train L2 Loss :  0.05146602506041527
Epoch :  602  Epoch time :  0.40421295538544655  Train L2 Loss :  0.05145822222232819
Epoch :  603  Epoch time :  0.404734643176198  Train L2 Loss :  0.05145279868841171
Epoch :  604  Epoch time :  0.40442611277103424  Train L2 Loss :  0.05143507737517357
Epoch :  605  Epoch time :  0.40417990554124117  Train L2 Loss :  0.05142884454727173
Epoch :  606  Epoch time :  0.40340313129127026  Train L2 Loss :  0.05138591098785401
Epoch :  607  Epoch time :  0.40278671216219664  Train L2 Loss :  0.05140404894351959
Epoch :  608  Epoch time :  0.4043596461415291  Train L2 Loss :  0.05137895122766495
Epoch :  609  Epoch time :  0.40424795914441347  Train L2 Loss :  0.05138036444783211
Epoch :  610  Epoch time :  0.4045313438400626  Train L2 Loss :  0.051377062702178955
Epoch :  611  Epoch time :  0.40436526015400887  Train L2 Loss :  0.05138202204704285
Epoch :  612  Epoch time :  0.4056579014286399  Train L2 Loss :  0.05138974182605743
Epoch :  613  Epoch time :  0.40319826640188694  Train L2 Loss :  0.05134922363162041
Epoch :  614  Epoch time :  0.40446878131479025  Train L2 Loss :  0.05136514327526093
Epoch :  615  Epoch time :  0.4034389955922961  Train L2 Loss :  0.05134840026497841
Epoch :  616  Epoch time :  0.40393927972763777  Train L2 Loss :  0.05131617431640625
Epoch :  617  Epoch time :  0.4043749226257205  Train L2 Loss :  0.05129217693209648
Epoch :  618  Epoch time :  0.4043236756697297  Train L2 Loss :  0.05129892088770866
Epoch :  619  Epoch time :  0.4028975423425436  Train L2 Loss :  0.051325713407993315
Epoch :  620  Epoch time :  0.40337870363146067  Train L2 Loss :  0.05130648565292358
Epoch :  621  Epoch time :  0.4029760556295514  Train L2 Loss :  0.05129118740558624
Epoch :  622  Epoch time :  0.40292896050959826  Train L2 Loss :  0.05125106511712074
Epoch :  623  Epoch time :  0.4090185072273016  Train L2 Loss :  0.0512769945025444
Epoch :  624  Epoch time :  0.40475238021463156  Train L2 Loss :  0.05126547890305519
Epoch :  625  Epoch time :  0.42162278573960066  Train L2 Loss :  0.0512304740011692
Epoch :  626  Epoch time :  0.4049365222454071  Train L2 Loss :  0.051253576987981796
Epoch :  627  Epoch time :  0.4048840291798115  Train L2 Loss :  0.051220554685592654
Epoch :  628  Epoch time :  0.40524344984441996  Train L2 Loss :  0.05121076135635376
Epoch :  629  Epoch time :  0.40457860473543406  Train L2 Loss :  0.05120116251707077
Epoch :  630  Epoch time :  0.40437132585793734  Train L2 Loss :  0.051193625032901764
Epoch :  631  Epoch time :  0.40597601141780615  Train L2 Loss :  0.05120579234361648
Epoch :  632  Epoch time :  0.4040940264239907  Train L2 Loss :  0.0511824888586998
Epoch :  633  Epoch time :  0.404700412414968  Train L2 Loss :  0.05115260678529739
Epoch :  634  Epoch time :  0.40461369697004557  Train L2 Loss :  0.05113706624507904
Epoch :  635  Epoch time :  0.40478668082505465  Train L2 Loss :  0.05117471966147423
Epoch :  636  Epoch time :  0.40455651469528675  Train L2 Loss :  0.05111832963228226
Epoch :  637  Epoch time :  0.40459328237921  Train L2 Loss :  0.051121362113952636
Epoch :  638  Epoch time :  0.4050614554435015  Train L2 Loss :  0.051110782247781754
Epoch :  639  Epoch time :  0.40482356399297714  Train L2 Loss :  0.051077170276641846
Epoch :  640  Epoch time :  0.40422051679342985  Train L2 Loss :  0.05108177696466446
Epoch :  641  Epoch time :  0.40506088081747293  Train L2 Loss :  0.05106900280117989
Epoch :  642  Epoch time :  0.40466754138469696  Train L2 Loss :  0.05106958289146423
Epoch :  643  Epoch time :  0.4050228465348482  Train L2 Loss :  0.051044501638412475
Epoch :  644  Epoch time :  0.4038012232631445  Train L2 Loss :  0.051011868238449096
Epoch :  645  Epoch time :  0.4035456106066704  Train L2 Loss :  0.051042370814085004
Epoch :  646  Epoch time :  0.4047050951048732  Train L2 Loss :  0.051018760812282564
Epoch :  647  Epoch time :  0.4043993940576911  Train L2 Loss :  0.05101228674650192
Epoch :  648  Epoch time :  0.40431681368499994  Train L2 Loss :  0.05097436932325363
Epoch :  649  Epoch time :  0.4045745972543955  Train L2 Loss :  0.05099195954799652
Epoch :  650  Epoch time :  0.4047513594850898  Train L2 Loss :  0.050992788767814635
Epoch :  651  Epoch time :  0.40432004537433386  Train L2 Loss :  0.05100237582921982
Epoch :  652  Epoch time :  0.40370825957506895  Train L2 Loss :  0.050945415878295895
Epoch :  653  Epoch time :  0.40348451025784016  Train L2 Loss :  0.05097925201058388
Epoch :  654  Epoch time :  0.40615727473050356  Train L2 Loss :  0.050980233716964724
Epoch :  655  Epoch time :  0.4054276403039694  Train L2 Loss :  0.05093709505796432
Epoch :  656  Epoch time :  0.40501852612942457  Train L2 Loss :  0.05091538842916488
Epoch :  657  Epoch time :  0.40489028207957745  Train L2 Loss :  0.050924820017814634
Epoch :  658  Epoch time :  0.4052029922604561  Train L2 Loss :  0.05094313870668411
Epoch :  659  Epoch time :  0.40493718907237053  Train L2 Loss :  0.05088737868070602
Epoch :  660  Epoch time :  0.4040459059178829  Train L2 Loss :  0.05087169326543808
Epoch :  661  Epoch time :  0.4037975212559104  Train L2 Loss :  0.050887570703029635
Epoch :  662  Epoch time :  0.404806655831635  Train L2 Loss :  0.05087805590033531
Epoch :  663  Epoch time :  0.4050727719441056  Train L2 Loss :  0.05082742997407913
Epoch :  664  Epoch time :  0.40608920995146036  Train L2 Loss :  0.050843974155187606
Epoch :  665  Epoch time :  0.4110625833272934  Train L2 Loss :  0.05082263231277466
Epoch :  666  Epoch time :  0.4056443125009537  Train L2 Loss :  0.0508481511592865
Epoch :  667  Epoch time :  0.4049392631277442  Train L2 Loss :  0.050806663036346435
Epoch :  668  Epoch time :  0.4051196938380599  Train L2 Loss :  0.050806334900856016
Epoch :  669  Epoch time :  0.40447751339524984  Train L2 Loss :  0.05079987936615944
Epoch :  670  Epoch time :  0.4047271106392145  Train L2 Loss :  0.05075869566202164
Epoch :  671  Epoch time :  0.40477248188108206  Train L2 Loss :  0.05076077507734299
Epoch :  672  Epoch time :  0.40380586963146925  Train L2 Loss :  0.05073649941086769
Epoch :  673  Epoch time :  0.40470388997346163  Train L2 Loss :  0.05075344861745834
Epoch :  674  Epoch time :  0.40515286941081285  Train L2 Loss :  0.05070783274173737
Epoch :  675  Epoch time :  0.4058368010446429  Train L2 Loss :  0.050726424545049664
Epoch :  676  Epoch time :  0.4046539356932044  Train L2 Loss :  0.05073111563920975
Epoch :  677  Epoch time :  0.40461965557187796  Train L2 Loss :  0.05067368075847626
Epoch :  678  Epoch time :  0.4039495587348938  Train L2 Loss :  0.050661160796880725
Epoch :  679  Epoch time :  0.40490131732076406  Train L2 Loss :  0.05066481926441193
Epoch :  680  Epoch time :  0.4045794205740094  Train L2 Loss :  0.05065308870077133
Epoch :  681  Epoch time :  0.404979576356709  Train L2 Loss :  0.050666081863641736
Epoch :  682  Epoch time :  0.41980969440191984  Train L2 Loss :  0.0506649545609951
Epoch :  683  Epoch time :  0.40591989643871784  Train L2 Loss :  0.050640583109855655
Epoch :  684  Epoch time :  0.404961783438921  Train L2 Loss :  0.05061578415632248
Epoch :  685  Epoch time :  0.40569309424608946  Train L2 Loss :  0.05064994683265686
Epoch :  686  Epoch time :  0.40505764447152615  Train L2 Loss :  0.0505949818611145
Epoch :  687  Epoch time :  0.40490906219929457  Train L2 Loss :  0.05062136077880859
Epoch :  688  Epoch time :  0.4042622074484825  Train L2 Loss :  0.05060366240739823
Epoch :  689  Epoch time :  0.4046554323285818  Train L2 Loss :  0.05057951853275299
Epoch :  690  Epoch time :  0.4049082538112998  Train L2 Loss :  0.050566321694850924
Epoch :  691  Epoch time :  0.4042699318379164  Train L2 Loss :  0.05058441869020462
Epoch :  692  Epoch time :  0.40482775680720806  Train L2 Loss :  0.05054915710687637
Epoch :  693  Epoch time :  0.4034806275740266  Train L2 Loss :  0.050532286071777344
Epoch :  694  Epoch time :  0.4032992450520396  Train L2 Loss :  0.05052667457461357
Epoch :  695  Epoch time :  0.4133801758289337  Train L2 Loss :  0.050502523511648176
Epoch :  696  Epoch time :  0.4088407885283232  Train L2 Loss :  0.050494194167852405
Epoch :  697  Epoch time :  0.4044260857626796  Train L2 Loss :  0.05047989704608917
Epoch :  698  Epoch time :  0.4040806321427226  Train L2 Loss :  0.05050229079723358
Epoch :  699  Epoch time :  0.4051893902942538  Train L2 Loss :  0.05050326877236366
Epoch :  700  Epoch time :  0.4047802919521928  Train L2 Loss :  0.05022413128614426
Epoch :  701  Epoch time :  0.40489601623266935  Train L2 Loss :  0.050204790198802945
Epoch :  702  Epoch time :  0.4052807493135333  Train L2 Loss :  0.050195995330810546
Epoch :  703  Epoch time :  0.4049783181399107  Train L2 Loss :  0.050188685607910156
Epoch :  704  Epoch time :  0.4044376714155078  Train L2 Loss :  0.05017367612123489
Epoch :  705  Epoch time :  0.4047655714675784  Train L2 Loss :  0.050169857776165006
Epoch :  706  Epoch time :  0.40611284505575895  Train L2 Loss :  0.0501718296289444
Epoch :  707  Epoch time :  0.40497103799134493  Train L2 Loss :  0.05016258687376976
Epoch :  708  Epoch time :  0.40490978583693504  Train L2 Loss :  0.05015535591840744
Epoch :  709  Epoch time :  0.40477580297738314  Train L2 Loss :  0.05016777408123017
Epoch :  710  Epoch time :  0.4033709904178977  Train L2 Loss :  0.050159898531436924
Epoch :  711  Epoch time :  0.4050021832808852  Train L2 Loss :  0.05014747535586357
Epoch :  712  Epoch time :  0.4030683971941471  Train L2 Loss :  0.05014961354136467
Epoch :  713  Epoch time :  0.4047868764027953  Train L2 Loss :  0.05015417227745056
Epoch :  714  Epoch time :  0.4049609899520874  Train L2 Loss :  0.05013392226099968
Epoch :  715  Epoch time :  0.4049256034195423  Train L2 Loss :  0.05013068884015083
Epoch :  716  Epoch time :  0.4052245859056711  Train L2 Loss :  0.05013493169546127
Epoch :  717  Epoch time :  0.4062858195975423  Train L2 Loss :  0.0501065306186676
Epoch :  718  Epoch time :  0.4045724254101515  Train L2 Loss :  0.050104125547409055
Epoch :  719  Epoch time :  0.4040495501831174  Train L2 Loss :  0.050115451192855834
Epoch :  720  Epoch time :  0.40491850953549147  Train L2 Loss :  0.05009924383163452
Epoch :  721  Epoch time :  0.40480189491063356  Train L2 Loss :  0.05009704529047012
Epoch :  722  Epoch time :  0.40509437303990126  Train L2 Loss :  0.05008235611915588
Epoch :  723  Epoch time :  0.40479985158890486  Train L2 Loss :  0.05009044728279114
Epoch :  724  Epoch time :  0.40484100952744484  Train L2 Loss :  0.05007219255566597
Epoch :  725  Epoch time :  0.4045902220532298  Train L2 Loss :  0.050089665430784226
Epoch :  726  Epoch time :  0.40509201865643263  Train L2 Loss :  0.050065405255556104
Epoch :  727  Epoch time :  0.4062729300931096  Train L2 Loss :  0.050055472934246066
Epoch :  728  Epoch time :  0.40515882056206465  Train L2 Loss :  0.050076048159599304
Epoch :  729  Epoch time :  0.40594797767698765  Train L2 Loss :  0.050052385574579236
Epoch :  730  Epoch time :  0.4050837904214859  Train L2 Loss :  0.05004770419001579
Epoch :  731  Epoch time :  0.405414080247283  Train L2 Loss :  0.05003261057138443
Epoch :  732  Epoch time :  0.4035579552873969  Train L2 Loss :  0.050056537348032
Epoch :  733  Epoch time :  0.40469647012650967  Train L2 Loss :  0.05005299731492996
Epoch :  734  Epoch time :  0.4050795594230294  Train L2 Loss :  0.05003272218704224
Epoch :  735  Epoch time :  0.4039398655295372  Train L2 Loss :  0.05001423313617706
Epoch :  736  Epoch time :  0.40420455299317837  Train L2 Loss :  0.050030491960048676
Epoch :  737  Epoch time :  0.4052840853109956  Train L2 Loss :  0.050029066795110703
Epoch :  738  Epoch time :  0.4061559531837702  Train L2 Loss :  0.05001446397304535
Epoch :  739  Epoch time :  0.4043410951271653  Train L2 Loss :  0.049992453813552856
Epoch :  740  Epoch time :  0.42217895574867725  Train L2 Loss :  0.049997008913755414
Epoch :  741  Epoch time :  0.4046301729977131  Train L2 Loss :  0.04998272973299026
Epoch :  742  Epoch time :  0.40501108579337597  Train L2 Loss :  0.04999317117929459
Epoch :  743  Epoch time :  0.405150942504406  Train L2 Loss :  0.04997046859264374
Epoch :  744  Epoch time :  0.4047240139916539  Train L2 Loss :  0.04996519392728806
Epoch :  745  Epoch time :  0.4053823994472623  Train L2 Loss :  0.04997020915150643
Epoch :  746  Epoch time :  0.4053331818431616  Train L2 Loss :  0.04996253959536552
Epoch :  747  Epoch time :  0.40466026216745377  Train L2 Loss :  0.04994546217918396
Epoch :  748  Epoch time :  0.40652534272521734  Train L2 Loss :  0.04994738552570343
Epoch :  749  Epoch time :  0.4048126954585314  Train L2 Loss :  0.049932691478729245
Epoch :  750  Epoch time :  0.40476084034889936  Train L2 Loss :  0.049940980088710785
Epoch :  751  Epoch time :  0.4052220769226551  Train L2 Loss :  0.049936717307567595
Epoch :  752  Epoch time :  0.4044162966310978  Train L2 Loss :  0.049922790586948394
Epoch :  753  Epoch time :  0.4048771979287267  Train L2 Loss :  0.04991446620821953
Epoch :  754  Epoch time :  0.404585225507617  Train L2 Loss :  0.049935270142555235
Epoch :  755  Epoch time :  0.40457781217992306  Train L2 Loss :  0.04991104346513748
Epoch :  756  Epoch time :  0.4051797054708004  Train L2 Loss :  0.04992623958587646
Epoch :  757  Epoch time :  0.4032910540699959  Train L2 Loss :  0.049887086832523346
Epoch :  758  Epoch time :  0.4046688247472048  Train L2 Loss :  0.04989569973945618
Epoch :  759  Epoch time :  0.40644551534205675  Train L2 Loss :  0.04990102834701538
Epoch :  760  Epoch time :  0.40464477986097336  Train L2 Loss :  0.0498941035091877
Epoch :  761  Epoch time :  0.40438149496912956  Train L2 Loss :  0.04988330490589142
Epoch :  762  Epoch time :  0.40463604405522346  Train L2 Loss :  0.04986808043718338
Epoch :  763  Epoch time :  0.40503633208572865  Train L2 Loss :  0.04986249126791954
Epoch :  764  Epoch time :  0.4044519513845444  Train L2 Loss :  0.04986790254116058
Epoch :  765  Epoch time :  0.40506390295922756  Train L2 Loss :  0.04984969543218613
Epoch :  766  Epoch time :  0.40490933042019606  Train L2 Loss :  0.04985662424564362
Epoch :  767  Epoch time :  0.4034949606284499  Train L2 Loss :  0.049834778881072996
Epoch :  768  Epoch time :  0.4036894775927067  Train L2 Loss :  0.049844956851005554
Epoch :  769  Epoch time :  0.40845223795622587  Train L2 Loss :  0.04983775683641434
Epoch :  770  Epoch time :  0.40554279275238514  Train L2 Loss :  0.04981921715736389
Epoch :  771  Epoch time :  0.40511259995400906  Train L2 Loss :  0.04982591872215271
Epoch :  772  Epoch time :  0.4040823597460985  Train L2 Loss :  0.049824565625190734
Epoch :  773  Epoch time :  0.4051884040236473  Train L2 Loss :  0.04982049770355225
Epoch :  774  Epoch time :  0.40523010957986116  Train L2 Loss :  0.04980966218113899
Epoch :  775  Epoch time :  0.40540270134806633  Train L2 Loss :  0.04979616824984551
Epoch :  776  Epoch time :  0.4048167271539569  Train L2 Loss :  0.04980208526849747
Epoch :  777  Epoch time :  0.4050849471241236  Train L2 Loss :  0.04979296988844872
Epoch :  778  Epoch time :  0.40473379381000996  Train L2 Loss :  0.04978829462528229
Epoch :  779  Epoch time :  0.4045914877206087  Train L2 Loss :  0.04978407261967659
Epoch :  780  Epoch time :  0.4066110458225012  Train L2 Loss :  0.04977148497104645
Epoch :  781  Epoch time :  0.4047831753268838  Train L2 Loss :  0.04976944844722748
Epoch :  782  Epoch time :  0.4048852538689971  Train L2 Loss :  0.049759368598461154
Epoch :  783  Epoch time :  0.4046937394887209  Train L2 Loss :  0.049745368444919585
Epoch :  784  Epoch time :  0.40463109966367483  Train L2 Loss :  0.04975925912261009
Epoch :  785  Epoch time :  0.40524573251605034  Train L2 Loss :  0.049732332634925845
Epoch :  786  Epoch time :  0.4034670554101467  Train L2 Loss :  0.04974285981655121
Epoch :  787  Epoch time :  0.4036025321111083  Train L2 Loss :  0.0497359055519104
Epoch :  788  Epoch time :  0.40512044820934534  Train L2 Loss :  0.049742512708902356
Epoch :  789  Epoch time :  0.40456090681254864  Train L2 Loss :  0.04970772013068199
Epoch :  790  Epoch time :  0.4071199391037226  Train L2 Loss :  0.04972874505519867
Epoch :  791  Epoch time :  0.40402260422706604  Train L2 Loss :  0.049735811269283295
Epoch :  792  Epoch time :  0.40476386435329914  Train L2 Loss :  0.049726608180999755
Epoch :  793  Epoch time :  0.4038185812532902  Train L2 Loss :  0.04970469353199005
Epoch :  794  Epoch time :  0.4046696871519089  Train L2 Loss :  0.04970552092194557
Epoch :  795  Epoch time :  0.4051477052271366  Train L2 Loss :  0.049690273380279544
Epoch :  796  Epoch time :  0.40395134780555964  Train L2 Loss :  0.04969371740818024
Epoch :  797  Epoch time :  0.4177332893013954  Train L2 Loss :  0.04968638616800308
Epoch :  798  Epoch time :  0.40867579728364944  Train L2 Loss :  0.04967143782973289
Epoch :  799  Epoch time :  0.40494972094893456  Train L2 Loss :  0.04965963786840439
Epoch :  800  Epoch time :  0.4048338374122977  Train L2 Loss :  0.049544103717803954
Epoch :  801  Epoch time :  0.40537099074572325  Train L2 Loss :  0.04951992022991181
Epoch :  802  Epoch time :  0.41297262627631426  Train L2 Loss :  0.049520740973949436
Epoch :  803  Epoch time :  0.4046344216912985  Train L2 Loss :  0.049516166949272154
Epoch :  804  Epoch time :  0.40521410666406155  Train L2 Loss :  0.049510207933187486
Epoch :  805  Epoch time :  0.4056884115561843  Train L2 Loss :  0.049503820657730103
Epoch :  806  Epoch time :  0.40476179774850607  Train L2 Loss :  0.049507645481824875
Epoch :  807  Epoch time :  0.4050744278356433  Train L2 Loss :  0.04950904357433319
Epoch :  808  Epoch time :  0.4043940417468548  Train L2 Loss :  0.04950326200723648
Epoch :  809  Epoch time :  0.40528752002865076  Train L2 Loss :  0.04949970744252205
Epoch :  810  Epoch time :  0.40540418587625027  Train L2 Loss :  0.04949576767086983
Epoch :  811  Epoch time :  0.4049031287431717  Train L2 Loss :  0.04948984225988388
Epoch :  812  Epoch time :  0.40632045827805996  Train L2 Loss :  0.04949201356172562
Epoch :  813  Epoch time :  0.4059517988935113  Train L2 Loss :  0.04948645725250244
Epoch :  814  Epoch time :  0.4054454853758216  Train L2 Loss :  0.04949349685907364
Epoch :  815  Epoch time :  0.4059824291616678  Train L2 Loss :  0.04949238649606705
Epoch :  816  Epoch time :  0.4049811474978924  Train L2 Loss :  0.049484835970401764
Epoch :  817  Epoch time :  0.4056736985221505  Train L2 Loss :  0.049485492146015164
Epoch :  818  Epoch time :  0.40558991581201553  Train L2 Loss :  0.04947469512224197
Epoch :  819  Epoch time :  0.4053017934784293  Train L2 Loss :  0.04947912114262581
Epoch :  820  Epoch time :  0.40529841277748346  Train L2 Loss :  0.04947989075183869
Epoch :  821  Epoch time :  0.40502964425832033  Train L2 Loss :  0.049478469288349154
Epoch :  822  Epoch time :  0.4068164546042681  Train L2 Loss :  0.049460177755355834
Epoch :  823  Epoch time :  0.4051283085718751  Train L2 Loss :  0.049464728039503095
Epoch :  824  Epoch time :  0.4048418626189232  Train L2 Loss :  0.04946530377864838
Epoch :  825  Epoch time :  0.4053478557616472  Train L2 Loss :  0.0494539192199707
Epoch :  826  Epoch time :  0.4055036334320903  Train L2 Loss :  0.049456066584587094
Epoch :  827  Epoch time :  0.40578153170645237  Train L2 Loss :  0.04945421189069748
Epoch :  828  Epoch time :  0.4055596860125661  Train L2 Loss :  0.04944704166650772
Epoch :  829  Epoch time :  0.40902197640389204  Train L2 Loss :  0.04943874733448029
Epoch :  830  Epoch time :  0.40513170324265957  Train L2 Loss :  0.0494342808842659
Epoch :  831  Epoch time :  0.405642868950963  Train L2 Loss :  0.049447650825977324
Epoch :  832  Epoch time :  0.4069531597197056  Train L2 Loss :  0.04943816883563995
Epoch :  833  Epoch time :  0.40489799808710814  Train L2 Loss :  0.049444379431009294
Epoch :  834  Epoch time :  0.404958370141685  Train L2 Loss :  0.049424740648269655
Epoch :  835  Epoch time :  0.40521973092108965  Train L2 Loss :  0.04942746477127075
Epoch :  836  Epoch time :  0.4049650337547064  Train L2 Loss :  0.049417470157146454
Epoch :  837  Epoch time :  0.4055815953761339  Train L2 Loss :  0.049414037877321244
Epoch :  838  Epoch time :  0.4047642331570387  Train L2 Loss :  0.04941103302836418
Epoch :  839  Epoch time :  0.40419619902968407  Train L2 Loss :  0.04941990517377853
Epoch :  840  Epoch time :  0.4051094464957714  Train L2 Loss :  0.04941281019449234
Epoch :  841  Epoch time :  0.40372143778949976  Train L2 Loss :  0.049410320150852206
Epoch :  842  Epoch time :  0.40388398244977  Train L2 Loss :  0.049406168931722644
Epoch :  843  Epoch time :  0.4104699585586786  Train L2 Loss :  0.0493956991314888
Epoch :  844  Epoch time :  0.404856339097023  Train L2 Loss :  0.04939673583507538
Epoch :  845  Epoch time :  0.4054666217416525  Train L2 Loss :  0.04940403925776481
Epoch :  846  Epoch time :  0.4042069148272276  Train L2 Loss :  0.04939176171422005
Epoch :  847  Epoch time :  0.415277031250298  Train L2 Loss :  0.04939106017947197
Epoch :  848  Epoch time :  0.4056093757972121  Train L2 Loss :  0.04938962321281433
Epoch :  849  Epoch time :  0.40535843558609486  Train L2 Loss :  0.04938032793998718
Epoch :  850  Epoch time :  0.40515051130205393  Train L2 Loss :  0.04937947173714638
Epoch :  851  Epoch time :  0.40548935160040855  Train L2 Loss :  0.049375223898887634
Epoch :  852  Epoch time :  0.40567533019930124  Train L2 Loss :  0.04938469486832619
Epoch :  853  Epoch time :  0.406635707244277  Train L2 Loss :  0.04936823474764824
Epoch :  854  Epoch time :  0.40609139669686556  Train L2 Loss :  0.04936589903831482
Epoch :  855  Epoch time :  0.4219321608543396  Train L2 Loss :  0.049361707425117494
Epoch :  856  Epoch time :  0.40518777817487717  Train L2 Loss :  0.04936144838929176
Epoch :  857  Epoch time :  0.40436880104243755  Train L2 Loss :  0.049357066547870636
Epoch :  858  Epoch time :  0.4052745858207345  Train L2 Loss :  0.049359248626232144
Epoch :  859  Epoch time :  0.40522802993655205  Train L2 Loss :  0.04935986044406891
Epoch :  860  Epoch time :  0.4055437743663788  Train L2 Loss :  0.04935142316222191
Epoch :  861  Epoch time :  0.40496490336954594  Train L2 Loss :  0.04934675424695015
Epoch :  862  Epoch time :  0.4056910127401352  Train L2 Loss :  0.04935050486922264
Epoch :  863  Epoch time :  0.40692901238799095  Train L2 Loss :  0.04933706424236298
Epoch :  864  Epoch time :  0.40499182138592005  Train L2 Loss :  0.04934527148604393
Epoch :  865  Epoch time :  0.4052178766578436  Train L2 Loss :  0.04933847918510437
Epoch :  866  Epoch time :  0.4057394079864025  Train L2 Loss :  0.04933842979669571
Epoch :  867  Epoch time :  0.4054472725838423  Train L2 Loss :  0.04933147852420807
Epoch :  868  Epoch time :  0.4052257305011153  Train L2 Loss :  0.049331548655033114
Epoch :  869  Epoch time :  0.40415614005178213  Train L2 Loss :  0.04933434732556343
Epoch :  870  Epoch time :  0.4040838433429599  Train L2 Loss :  0.04932899690270424
Epoch :  871  Epoch time :  0.40425520297139883  Train L2 Loss :  0.04932027642726898
Epoch :  872  Epoch time :  0.4051690949127078  Train L2 Loss :  0.049315306651592256
Epoch :  873  Epoch time :  0.4053960656747222  Train L2 Loss :  0.04931451549530029
Epoch :  874  Epoch time :  0.4071205072104931  Train L2 Loss :  0.04931636398434639
Epoch :  875  Epoch time :  0.4050034563988447  Train L2 Loss :  0.04931454104185105
Epoch :  876  Epoch time :  0.40428850520402193  Train L2 Loss :  0.0493061727643013
Epoch :  877  Epoch time :  0.40565892215818167  Train L2 Loss :  0.04930094587802887
Epoch :  878  Epoch time :  0.40531414467841387  Train L2 Loss :  0.049295744597911834
Epoch :  879  Epoch time :  0.405784310773015  Train L2 Loss :  0.04929543945789337
Epoch :  880  Epoch time :  0.40552216488868  Train L2 Loss :  0.049291982102394105
Epoch :  881  Epoch time :  0.40595465153455734  Train L2 Loss :  0.04928357710838318
Epoch :  882  Epoch time :  0.40614670887589455  Train L2 Loss :  0.04928408337831497
Epoch :  883  Epoch time :  0.40563932433724403  Train L2 Loss :  0.04927704126834869
Epoch :  884  Epoch time :  0.40710489079356194  Train L2 Loss :  0.049288454699516294
Epoch :  885  Epoch time :  0.40569165255874395  Train L2 Loss :  0.049284497106075284
Epoch :  886  Epoch time :  0.40606610756367445  Train L2 Loss :  0.04927648403048515
Epoch :  887  Epoch time :  0.40613783802837133  Train L2 Loss :  0.04927449226379395
Epoch :  888  Epoch time :  0.40561915282160044  Train L2 Loss :  0.04927674616575241
Epoch :  889  Epoch time :  0.4063759995624423  Train L2 Loss :  0.04925681576728821
Epoch :  890  Epoch time :  0.40546851977705956  Train L2 Loss :  0.04926594699621201
Epoch :  891  Epoch time :  0.40563845820724964  Train L2 Loss :  0.04925998597145081
Epoch :  892  Epoch time :  0.4052890734747052  Train L2 Loss :  0.049261580157279966
Epoch :  893  Epoch time :  0.40579864382743835  Train L2 Loss :  0.04925582190752029
Epoch :  894  Epoch time :  0.4058136185631156  Train L2 Loss :  0.049257817327976225
Epoch :  895  Epoch time :  0.40619453974068165  Train L2 Loss :  0.04925258187055588
Epoch :  896  Epoch time :  0.40581454802304506  Train L2 Loss :  0.0492460571706295
Epoch :  897  Epoch time :  0.4054677616804838  Train L2 Loss :  0.04924824947118759
Epoch :  898  Epoch time :  0.4058971684426069  Train L2 Loss :  0.04923845338821411
Epoch :  899  Epoch time :  0.4058903194963932  Train L2 Loss :  0.04924031684398651
Epoch :  900  Epoch time :  0.4055490428581834  Train L2 Loss :  0.049166644167900085
Epoch :  901  Epoch time :  0.40580054372549057  Train L2 Loss :  0.04916757500767708
Epoch :  902  Epoch time :  0.40583874844014645  Train L2 Loss :  0.049160904121398924
Epoch :  903  Epoch time :  0.4051583977416158  Train L2 Loss :  0.049160101640224455
Epoch :  904  Epoch time :  0.405175250954926  Train L2 Loss :  0.049160195273160935
Epoch :  905  Epoch time :  0.406792463734746  Train L2 Loss :  0.049158745020627975
Epoch :  906  Epoch time :  0.405382570810616  Train L2 Loss :  0.049157528114318845
Epoch :  907  Epoch time :  0.40514083951711655  Train L2 Loss :  0.0491573292851448
Epoch :  908  Epoch time :  0.4054246377199888  Train L2 Loss :  0.04915119341611862
Epoch :  909  Epoch time :  0.4103187685832381  Train L2 Loss :  0.049149039375782015
Epoch :  910  Epoch time :  0.4051980208605528  Train L2 Loss :  0.049148565500974656
Epoch :  911  Epoch time :  0.4052666751667857  Train L2 Loss :  0.04915037713646889
Epoch :  912  Epoch time :  0.42048946488648653  Train L2 Loss :  0.04914541218876839
Epoch :  913  Epoch time :  0.40567170828580856  Train L2 Loss :  0.049147291326522825
Epoch :  914  Epoch time :  0.40504833590239286  Train L2 Loss :  0.049148057800531386
Epoch :  915  Epoch time :  0.4036439163610339  Train L2 Loss :  0.04914292142391205
Epoch :  916  Epoch time :  0.4107358353212476  Train L2 Loss :  0.04914248653650284
Epoch :  917  Epoch time :  0.4049178808927536  Train L2 Loss :  0.04914086608290672
Epoch :  918  Epoch time :  0.4048113748431206  Train L2 Loss :  0.049140116888284686
Epoch :  919  Epoch time :  0.4045454999431968  Train L2 Loss :  0.04913683395385742
Epoch :  920  Epoch time :  0.4046421032398939  Train L2 Loss :  0.04913596544265747
Epoch :  921  Epoch time :  0.4045521290972829  Train L2 Loss :  0.04913340708017349
Epoch :  922  Epoch time :  0.4055167017504573  Train L2 Loss :  0.0491335123360157
Epoch :  923  Epoch time :  0.4050028333440423  Train L2 Loss :  0.04912754802703857
Epoch :  924  Epoch time :  0.4047797191888094  Train L2 Loss :  0.049129171109199524
Epoch :  925  Epoch time :  0.405414342880249  Train L2 Loss :  0.049125978285074236
Epoch :  926  Epoch time :  0.40628805849701166  Train L2 Loss :  0.049128482627868654
Epoch :  927  Epoch time :  0.4055460710078478  Train L2 Loss :  0.04912733248472214
Epoch :  928  Epoch time :  0.4051644094288349  Train L2 Loss :  0.04912541413903236
Epoch :  929  Epoch time :  0.40515159256756306  Train L2 Loss :  0.04912760139107704
Epoch :  930  Epoch time :  0.4054210679605603  Train L2 Loss :  0.04912648026943207
Epoch :  931  Epoch time :  0.40543533582240343  Train L2 Loss :  0.049119560664892196
Epoch :  932  Epoch time :  0.40481182001531124  Train L2 Loss :  0.04911576111316681
Epoch :  933  Epoch time :  0.4046417297795415  Train L2 Loss :  0.049115586376190186
Epoch :  934  Epoch time :  0.40497057139873505  Train L2 Loss :  0.049113452416658404
Epoch :  935  Epoch time :  0.4055998995900154  Train L2 Loss :  0.049114413172006606
Epoch :  936  Epoch time :  0.4052665214985609  Train L2 Loss :  0.04911200771927834
Epoch :  937  Epoch time :  0.40690105967223644  Train L2 Loss :  0.04911438500881195
Epoch :  938  Epoch time :  0.4040982024744153  Train L2 Loss :  0.04910631494522095
Epoch :  939  Epoch time :  0.4052469003945589  Train L2 Loss :  0.049103197407722475
Epoch :  940  Epoch time :  0.40368229430168867  Train L2 Loss :  0.049108274692296984
Epoch :  941  Epoch time :  0.40561764780431986  Train L2 Loss :  0.04910212361216545
Epoch :  942  Epoch time :  0.4052533395588398  Train L2 Loss :  0.0491036060154438
Epoch :  943  Epoch time :  0.40451958030462265  Train L2 Loss :  0.049097336035966874
Epoch :  944  Epoch time :  0.40543556306511164  Train L2 Loss :  0.04909689472913742
Epoch :  945  Epoch time :  0.405214486643672  Train L2 Loss :  0.04910220668911934
Epoch :  946  Epoch time :  0.40491170063614845  Train L2 Loss :  0.04909540841579437
Epoch :  947  Epoch time :  0.4068090422078967  Train L2 Loss :  0.04909625301361084
Epoch :  948  Epoch time :  0.40549688041210175  Train L2 Loss :  0.04910083634853363
Epoch :  949  Epoch time :  0.40476496424525976  Train L2 Loss :  0.04909534492492676
Epoch :  950  Epoch time :  0.405936885625124  Train L2 Loss :  0.04908779586553574
Epoch :  951  Epoch time :  0.4057877277955413  Train L2 Loss :  0.04908928912878036
Epoch :  952  Epoch time :  0.4055779045447707  Train L2 Loss :  0.04908480716943741
Epoch :  953  Epoch time :  0.40577269718050957  Train L2 Loss :  0.04908664131164551
Epoch :  954  Epoch time :  0.4056760687381029  Train L2 Loss :  0.04908887937068939
Epoch :  955  Epoch time :  0.4056970253586769  Train L2 Loss :  0.04908362098932266
Epoch :  956  Epoch time :  0.40560948569327593  Train L2 Loss :  0.04908215123414993
Epoch :  957  Epoch time :  0.404206870123744  Train L2 Loss :  0.0490826982498169
Epoch :  958  Epoch time :  0.40735934115946293  Train L2 Loss :  0.04907829825878143
Epoch :  959  Epoch time :  0.4053940614685416  Train L2 Loss :  0.04908059740662575
Epoch :  960  Epoch time :  0.40644939709454775  Train L2 Loss :  0.049077126979827884
Epoch :  961  Epoch time :  0.4058927856385708  Train L2 Loss :  0.04907093706727028
Epoch :  962  Epoch time :  0.4058477897197008  Train L2 Loss :  0.04907329208850861
Epoch :  963  Epoch time :  0.40581344347447157  Train L2 Loss :  0.049072765350341795
Epoch :  964  Epoch time :  0.4055671012029052  Train L2 Loss :  0.04907133799791336
Epoch :  965  Epoch time :  0.40615139808505774  Train L2 Loss :  0.04907024505138397
Epoch :  966  Epoch time :  0.4057039860635996  Train L2 Loss :  0.04906394357085228
Epoch :  967  Epoch time :  0.4039428438991308  Train L2 Loss :  0.04906744532585144
Epoch :  968  Epoch time :  0.40704039204865694  Train L2 Loss :  0.049062279105186464
Epoch :  969  Epoch time :  0.415247137658298  Train L2 Loss :  0.04905995687246323
Epoch :  970  Epoch time :  0.4112495267763734  Train L2 Loss :  0.04905826641321182
Epoch :  971  Epoch time :  0.40565333887934685  Train L2 Loss :  0.049060039907693864
Epoch :  972  Epoch time :  0.404249457642436  Train L2 Loss :  0.04906041232943535
Epoch :  973  Epoch time :  0.40608193539083004  Train L2 Loss :  0.049055913496017456
Epoch :  974  Epoch time :  0.40569537226110697  Train L2 Loss :  0.04905487945079803
Epoch :  975  Epoch time :  0.405908833257854  Train L2 Loss :  0.04905166876316071
Epoch :  976  Epoch time :  0.4056266602128744  Train L2 Loss :  0.04905139666199684
Epoch :  977  Epoch time :  0.40601941477507353  Train L2 Loss :  0.04904931346178055
Epoch :  978  Epoch time :  0.407553406432271  Train L2 Loss :  0.049047347861528395
Epoch :  979  Epoch time :  0.40543272346258163  Train L2 Loss :  0.04904665777683258
Epoch :  980  Epoch time :  0.40594303514808416  Train L2 Loss :  0.04904243677854538
Epoch :  981  Epoch time :  0.4051173999905586  Train L2 Loss :  0.04904554431438446
Epoch :  982  Epoch time :  0.40539685543626547  Train L2 Loss :  0.049047717666625974
Epoch :  983  Epoch time :  0.40570343751460314  Train L2 Loss :  0.04904609527587891
Epoch :  984  Epoch time :  0.4056498669087887  Train L2 Loss :  0.04903787938356399
Epoch :  985  Epoch time :  0.4054047726094723  Train L2 Loss :  0.04903633180856705
Epoch :  986  Epoch time :  0.4050405593588948  Train L2 Loss :  0.049037279820442196
Epoch :  987  Epoch time :  0.40589679777622223  Train L2 Loss :  0.04903290416002273
Epoch :  988  Epoch time :  0.4109300710260868  Train L2 Loss :  0.049034867173433305
Epoch :  989  Epoch time :  0.40691813454031944  Train L2 Loss :  0.04903245148062706
Epoch :  990  Epoch time :  0.40509048476815224  Train L2 Loss :  0.04902983642220497
Epoch :  991  Epoch time :  0.40498039964586496  Train L2 Loss :  0.04903385319113732
Epoch :  992  Epoch time :  0.4051194014027715  Train L2 Loss :  0.04903301664590835
Epoch :  993  Epoch time :  0.4048306718468666  Train L2 Loss :  0.0490254825592041
Epoch :  994  Epoch time :  0.4047754928469658  Train L2 Loss :  0.049020184814929965
Epoch :  995  Epoch time :  0.40534605365246534  Train L2 Loss :  0.04902418236732483
Epoch :  996  Epoch time :  0.40585934929549694  Train L2 Loss :  0.049025482380390166
Epoch :  997  Epoch time :  0.40980143193155527  Train L2 Loss :  0.0490230184674263
Epoch :  998  Epoch time :  0.40731919184327126  Train L2 Loss :  0.04902005479335785
Epoch :  999  Epoch time :  0.4135496485978365  Train L2 Loss :  0.049019357526302335
Total time is : 404.8878019088879 Total epoch is  1000
