Energy is  4.440892098500626e-15
Input dim :  128  output dim :  4096
362753
Epoch :  0  Epoch time :  0.5652883714064956  Train L2 Loss :  6.635349015808106
Epoch :  1  Epoch time :  0.388621985912323  Train L2 Loss :  5.017286972045898
Epoch :  2  Epoch time :  0.3868550267070532  Train L2 Loss :  3.674223208618164
Epoch :  3  Epoch time :  0.38831703178584576  Train L2 Loss :  3.0339677886962892
Epoch :  4  Epoch time :  0.38673984818160534  Train L2 Loss :  2.557984714126587
Epoch :  5  Epoch time :  0.38879401702433825  Train L2 Loss :  2.142909476852417
Epoch :  6  Epoch time :  0.38736687414348125  Train L2 Loss :  1.8211983951568604
Epoch :  7  Epoch time :  0.38697385787963867  Train L2 Loss :  1.6105330585479736
Epoch :  8  Epoch time :  0.38842025212943554  Train L2 Loss :  1.5016448797225952
Epoch :  9  Epoch time :  0.38658683467656374  Train L2 Loss :  1.4086999187469482
Epoch :  10  Epoch time :  0.38679922837764025  Train L2 Loss :  1.263733012199402
Epoch :  11  Epoch time :  0.38867468293756247  Train L2 Loss :  1.0700153831481933
Epoch :  12  Epoch time :  0.3867816058918834  Train L2 Loss :  1.0204296794891357
Epoch :  13  Epoch time :  0.38723775278776884  Train L2 Loss :  0.9574075321197509
Epoch :  14  Epoch time :  0.38834006898105145  Train L2 Loss :  0.9176588214874267
Epoch :  15  Epoch time :  0.38712160289287567  Train L2 Loss :  0.8015304448127747
Epoch :  16  Epoch time :  0.38824706338346004  Train L2 Loss :  0.6990881149291992
Epoch :  17  Epoch time :  0.3867304576560855  Train L2 Loss :  0.6140348638534546
Epoch :  18  Epoch time :  0.3887567864730954  Train L2 Loss :  0.6283613033294678
Epoch :  19  Epoch time :  0.3867155369371176  Train L2 Loss :  0.5650679188728333
Epoch :  20  Epoch time :  0.3867706963792443  Train L2 Loss :  0.5893415747642518
Epoch :  21  Epoch time :  0.3880994115024805  Train L2 Loss :  0.5506904013633728
Epoch :  22  Epoch time :  0.38661003205925226  Train L2 Loss :  0.49639269132614133
Epoch :  23  Epoch time :  0.3881300464272499  Train L2 Loss :  0.49635368909835814
Epoch :  24  Epoch time :  0.3866403978317976  Train L2 Loss :  0.4220173370838165
Epoch :  25  Epoch time :  0.38676500506699085  Train L2 Loss :  0.4199209057807922
Epoch :  26  Epoch time :  0.3861621618270874  Train L2 Loss :  0.4130785991668701
Epoch :  27  Epoch time :  0.38730723038315773  Train L2 Loss :  0.4046048131465912
Epoch :  28  Epoch time :  0.3878511032089591  Train L2 Loss :  0.39718668909072874
Epoch :  29  Epoch time :  0.386191975325346  Train L2 Loss :  0.4119637177467346
Epoch :  30  Epoch time :  0.38748540077358484  Train L2 Loss :  0.42053249979019164
Epoch :  31  Epoch time :  0.3864160003140569  Train L2 Loss :  0.38404797248840333
Epoch :  32  Epoch time :  0.3862916622310877  Train L2 Loss :  0.39955637464523314
Epoch :  33  Epoch time :  0.38843300100415945  Train L2 Loss :  0.4008122017383575
Epoch :  34  Epoch time :  0.38652890268713236  Train L2 Loss :  0.3464787349462509
Epoch :  35  Epoch time :  0.3862501513212919  Train L2 Loss :  0.35212398133277895
Epoch :  36  Epoch time :  0.38618773967027664  Train L2 Loss :  0.3523120241641998
Epoch :  37  Epoch time :  0.3879577023908496  Train L2 Loss :  0.3537363039970398
Epoch :  38  Epoch time :  0.38626422453671694  Train L2 Loss :  0.34560771503448484
Epoch :  39  Epoch time :  0.3861393416300416  Train L2 Loss :  0.3602201313495636
Epoch :  40  Epoch time :  0.40420433320105076  Train L2 Loss :  0.3409409727096558
Epoch :  41  Epoch time :  0.38815446849912405  Train L2 Loss :  0.3243429259777069
Epoch :  42  Epoch time :  0.38638676423579454  Train L2 Loss :  0.30889709186553954
Epoch :  43  Epoch time :  0.38620487973093987  Train L2 Loss :  0.3135217537879944
Epoch :  44  Epoch time :  0.3863652991130948  Train L2 Loss :  0.31644505443572996
Epoch :  45  Epoch time :  0.38748801313340664  Train L2 Loss :  0.3132819809913635
Epoch :  46  Epoch time :  0.3865075781941414  Train L2 Loss :  0.2743355644226074
Epoch :  47  Epoch time :  0.38623104989528656  Train L2 Loss :  0.310023384475708
Epoch :  48  Epoch time :  0.38630624301731586  Train L2 Loss :  0.32028007578849793
Epoch :  49  Epoch time :  0.3875665357336402  Train L2 Loss :  0.2919276334285736
Epoch :  50  Epoch time :  0.38616835605353117  Train L2 Loss :  0.30696800413131714
Epoch :  51  Epoch time :  0.38678041100502014  Train L2 Loss :  0.29413197059631346
Epoch :  52  Epoch time :  0.38626882433891296  Train L2 Loss :  0.2637354602336884
Epoch :  53  Epoch time :  0.38725366815924644  Train L2 Loss :  0.3002311467170715
Epoch :  54  Epoch time :  0.38640194199979305  Train L2 Loss :  0.2645904126882553
Epoch :  55  Epoch time :  0.3861569818109274  Train L2 Loss :  0.23046873712539673
Epoch :  56  Epoch time :  0.38778524566441774  Train L2 Loss :  0.24364064416885375
Epoch :  57  Epoch time :  0.386301651597023  Train L2 Loss :  0.21763037447929381
Epoch :  58  Epoch time :  0.3866067845374346  Train L2 Loss :  0.23683645601272582
Epoch :  59  Epoch time :  0.3862537033855915  Train L2 Loss :  0.3029172121524811
Epoch :  60  Epoch time :  0.38630201015621424  Train L2 Loss :  0.2586380413770676
Epoch :  61  Epoch time :  0.3876758310943842  Train L2 Loss :  0.2166843762397766
Epoch :  62  Epoch time :  0.3870825758203864  Train L2 Loss :  0.221627716588974
Epoch :  63  Epoch time :  0.3864718833938241  Train L2 Loss :  0.22545043449401855
Epoch :  64  Epoch time :  0.39701355807483196  Train L2 Loss :  0.2099702493906021
Epoch :  65  Epoch time :  0.3887547720223665  Train L2 Loss :  0.22237682087421418
Epoch :  66  Epoch time :  0.3867689585313201  Train L2 Loss :  0.22359329333305358
Epoch :  67  Epoch time :  0.38672869838774204  Train L2 Loss :  0.2442746627807617
Epoch :  68  Epoch time :  0.38682434521615505  Train L2 Loss :  0.25519295701980593
Epoch :  69  Epoch time :  0.38867158629000187  Train L2 Loss :  0.2430070185661316
Epoch :  70  Epoch time :  0.3865056214854121  Train L2 Loss :  0.2144596254825592
Epoch :  71  Epoch time :  0.3865270148962736  Train L2 Loss :  0.21000144457817077
Epoch :  72  Epoch time :  0.3865974023938179  Train L2 Loss :  0.23884746894836426
Epoch :  73  Epoch time :  0.38661046233028173  Train L2 Loss :  0.23401201162338256
Epoch :  74  Epoch time :  0.38670226093381643  Train L2 Loss :  0.17761968371868134
Epoch :  75  Epoch time :  0.38869410660117865  Train L2 Loss :  0.1974462815284729
Epoch :  76  Epoch time :  0.38667886424809694  Train L2 Loss :  0.19981835403442383
Epoch :  77  Epoch time :  0.3868747567757964  Train L2 Loss :  0.18516410946846007
Epoch :  78  Epoch time :  0.3870193548500538  Train L2 Loss :  0.18368705039024352
Epoch :  79  Epoch time :  0.38759448751807213  Train L2 Loss :  0.17433626542091368
Epoch :  80  Epoch time :  0.38700413424521685  Train L2 Loss :  0.16806263351440429
Epoch :  81  Epoch time :  0.3864836161956191  Train L2 Loss :  0.17967769972085954
Epoch :  82  Epoch time :  0.38823274802416563  Train L2 Loss :  0.16114528415203094
Epoch :  83  Epoch time :  0.38699495792388916  Train L2 Loss :  0.188770307636261
Epoch :  84  Epoch time :  0.38663491792976856  Train L2 Loss :  0.24408329768180848
Epoch :  85  Epoch time :  0.38702460937201977  Train L2 Loss :  0.21777961711883545
Epoch :  86  Epoch time :  0.3869811352342367  Train L2 Loss :  0.24975559034347533
Epoch :  87  Epoch time :  0.3883930342271924  Train L2 Loss :  0.2088851743221283
Epoch :  88  Epoch time :  0.3872764427214861  Train L2 Loss :  0.17979758384227754
Epoch :  89  Epoch time :  0.38775141071528196  Train L2 Loss :  0.16740919966697693
Epoch :  90  Epoch time :  0.387666929513216  Train L2 Loss :  0.17378029389381408
Epoch :  91  Epoch time :  0.3877677395939827  Train L2 Loss :  0.15708509273529053
Epoch :  92  Epoch time :  0.3881718534976244  Train L2 Loss :  0.17568011572360992
Epoch :  93  Epoch time :  0.38814979139715433  Train L2 Loss :  0.16719517316818236
Epoch :  94  Epoch time :  0.3881095629185438  Train L2 Loss :  0.1687741604566574
Epoch :  95  Epoch time :  0.3883735416457057  Train L2 Loss :  0.1689422746181488
Epoch :  96  Epoch time :  0.3880602065473795  Train L2 Loss :  0.17117767422199248
Epoch :  97  Epoch time :  0.38791641127318144  Train L2 Loss :  0.1830456936120987
Epoch :  98  Epoch time :  0.38914154935628176  Train L2 Loss :  0.16293780193328858
Epoch :  99  Epoch time :  0.38805187586694956  Train L2 Loss :  0.16444600422382355
Epoch :  100  Epoch time :  0.3988155834376812  Train L2 Loss :  0.11444272754192353
Epoch :  101  Epoch time :  0.39438087772578  Train L2 Loss :  0.09092659997940064
Epoch :  102  Epoch time :  0.38840551394969225  Train L2 Loss :  0.08521775834560394
Epoch :  103  Epoch time :  0.38936002738773823  Train L2 Loss :  0.08191196494102478
Epoch :  104  Epoch time :  0.3885328723117709  Train L2 Loss :  0.08020201387405396
Epoch :  105  Epoch time :  0.3887888016179204  Train L2 Loss :  0.07948932790756226
Epoch :  106  Epoch time :  0.38897491339594126  Train L2 Loss :  0.0783490126490593
Epoch :  107  Epoch time :  0.3902111705392599  Train L2 Loss :  0.07681582969427109
Epoch :  108  Epoch time :  0.39095506723970175  Train L2 Loss :  0.07569307981729508
Epoch :  109  Epoch time :  0.38973345793783665  Train L2 Loss :  0.075097574198246
Epoch :  110  Epoch time :  0.3889414770528674  Train L2 Loss :  0.07477210747003556
Epoch :  111  Epoch time :  0.3892287667840719  Train L2 Loss :  0.07410113533735276
Epoch :  112  Epoch time :  0.3888177387416363  Train L2 Loss :  0.07442035456895828
Epoch :  113  Epoch time :  0.38865232560783625  Train L2 Loss :  0.07550361588001252
Epoch :  114  Epoch time :  0.38856388814747334  Train L2 Loss :  0.07594141849279404
Epoch :  115  Epoch time :  0.3886928800493479  Train L2 Loss :  0.0775144768357277
Epoch :  116  Epoch time :  0.38845582865178585  Train L2 Loss :  0.08151937705278396
Epoch :  117  Epoch time :  0.3889250736683607  Train L2 Loss :  0.08449115436077118
Epoch :  118  Epoch time :  0.38909202441573143  Train L2 Loss :  0.09226885890960693
Epoch :  119  Epoch time :  0.3906932882964611  Train L2 Loss :  0.09156740285158158
Epoch :  120  Epoch time :  0.388870838098228  Train L2 Loss :  0.08887287647724151
Epoch :  121  Epoch time :  0.38921658508479595  Train L2 Loss :  0.09564335248470307
Epoch :  122  Epoch time :  0.38851304166018963  Train L2 Loss :  0.09696861188411712
Epoch :  123  Epoch time :  0.3892301730811596  Train L2 Loss :  0.09052571098804474
Epoch :  124  Epoch time :  0.3892623009160161  Train L2 Loss :  0.08754960740804672
Epoch :  125  Epoch time :  0.38880420103669167  Train L2 Loss :  0.08611273002624512
Epoch :  126  Epoch time :  0.3891286086291075  Train L2 Loss :  0.08877472689151764
Epoch :  127  Epoch time :  0.3889671042561531  Train L2 Loss :  0.0962125766992569
Epoch :  128  Epoch time :  0.3887358447536826  Train L2 Loss :  0.10387535877227783
Epoch :  129  Epoch time :  0.3892068201676011  Train L2 Loss :  0.12448325418233872
Epoch :  130  Epoch time :  0.39163681026548147  Train L2 Loss :  0.09090816280841828
Epoch :  131  Epoch time :  0.39077912643551826  Train L2 Loss :  0.0861158091545105
Epoch :  132  Epoch time :  0.3892776779830456  Train L2 Loss :  0.0862009397149086
Epoch :  133  Epoch time :  0.38933257199823856  Train L2 Loss :  0.07738581540584565
Epoch :  134  Epoch time :  0.3896149070933461  Train L2 Loss :  0.07664848900437356
Epoch :  135  Epoch time :  0.3897476801648736  Train L2 Loss :  0.07679399160146713
Epoch :  136  Epoch time :  0.38980494253337383  Train L2 Loss :  0.0822953686952591
Epoch :  137  Epoch time :  0.3893878348171711  Train L2 Loss :  0.08073242781162263
Epoch :  138  Epoch time :  0.38975384924560785  Train L2 Loss :  0.08493656951189041
Epoch :  139  Epoch time :  0.38948352728039026  Train L2 Loss :  0.08377128014564514
Epoch :  140  Epoch time :  0.3898507207632065  Train L2 Loss :  0.08304091219902039
Epoch :  141  Epoch time :  0.3910436723381281  Train L2 Loss :  0.08557951449155808
Epoch :  142  Epoch time :  0.3896543914452195  Train L2 Loss :  0.08788292288780213
Epoch :  143  Epoch time :  0.3897399865090847  Train L2 Loss :  0.07842023601531982
Epoch :  144  Epoch time :  0.3899407424032688  Train L2 Loss :  0.07830888047218323
Epoch :  145  Epoch time :  0.38999835960567  Train L2 Loss :  0.07661578633785247
Epoch :  146  Epoch time :  0.3898653890937567  Train L2 Loss :  0.0750115890622139
Epoch :  147  Epoch time :  0.38949396554380655  Train L2 Loss :  0.07283916382789613
Epoch :  148  Epoch time :  0.38973873388022184  Train L2 Loss :  0.08112142720222473
Epoch :  149  Epoch time :  0.3899169797077775  Train L2 Loss :  0.08245656611919402
Epoch :  150  Epoch time :  0.39014291390776634  Train L2 Loss :  0.08406194291114807
Epoch :  151  Epoch time :  0.3899145955219865  Train L2 Loss :  0.08251906895637512
Epoch :  152  Epoch time :  0.3915231991559267  Train L2 Loss :  0.09310732612609864
Epoch :  153  Epoch time :  0.3900173380970955  Train L2 Loss :  0.08515574562549591
Epoch :  154  Epoch time :  0.3898651273921132  Train L2 Loss :  0.09181085681915283
Epoch :  155  Epoch time :  0.38953173626214266  Train L2 Loss :  0.09601315369606019
Epoch :  156  Epoch time :  0.38983483240008354  Train L2 Loss :  0.07689527859687806
Epoch :  157  Epoch time :  0.3901708023622632  Train L2 Loss :  0.08145042291879653
Epoch :  158  Epoch time :  0.3901671627536416  Train L2 Loss :  0.07449999914169311
Epoch :  159  Epoch time :  0.3900181073695421  Train L2 Loss :  0.0745142073392868
Epoch :  160  Epoch time :  0.4071685802191496  Train L2 Loss :  0.06924612060189247
Epoch :  161  Epoch time :  0.39017582777887583  Train L2 Loss :  0.06777940964698792
Epoch :  162  Epoch time :  0.3897736854851246  Train L2 Loss :  0.07095341675281525
Epoch :  163  Epoch time :  0.391478537581861  Train L2 Loss :  0.07155102432966232
Epoch :  164  Epoch time :  0.38981372117996216  Train L2 Loss :  0.07192898490428924
Epoch :  165  Epoch time :  0.38981109764426947  Train L2 Loss :  0.07818075600862504
Epoch :  166  Epoch time :  0.3903752285987139  Train L2 Loss :  0.08009671053886414
Epoch :  167  Epoch time :  0.3901664689183235  Train L2 Loss :  0.07228544971942902
Epoch :  168  Epoch time :  0.38976529240608215  Train L2 Loss :  0.07028144182562827
Epoch :  169  Epoch time :  0.3897095313295722  Train L2 Loss :  0.06995651881694794
Epoch :  170  Epoch time :  0.3899745112285018  Train L2 Loss :  0.07122825911045075
Epoch :  171  Epoch time :  0.3895660862326622  Train L2 Loss :  0.07418779044151307
Epoch :  172  Epoch time :  0.38948905281722546  Train L2 Loss :  0.07621765011548996
Epoch :  173  Epoch time :  0.3895190414041281  Train L2 Loss :  0.07269828211069107
Epoch :  174  Epoch time :  0.3914270866662264  Train L2 Loss :  0.06575020688176154
Epoch :  175  Epoch time :  0.3894828865304589  Train L2 Loss :  0.06671302626132965
Epoch :  176  Epoch time :  0.39026792626827955  Train L2 Loss :  0.07373040382862091
Epoch :  177  Epoch time :  0.38990421034395695  Train L2 Loss :  0.07599681148529053
Epoch :  178  Epoch time :  0.38933657202869654  Train L2 Loss :  0.07766529730558396
Epoch :  179  Epoch time :  0.3897257596254349  Train L2 Loss :  0.0729905732870102
Epoch :  180  Epoch time :  0.3895256482064724  Train L2 Loss :  0.0713482689499855
Epoch :  181  Epoch time :  0.3894343515858054  Train L2 Loss :  0.0653648773431778
Epoch :  182  Epoch time :  0.40083331707865  Train L2 Loss :  0.06888206945657731
Epoch :  183  Epoch time :  0.3893976919353008  Train L2 Loss :  0.07045333380699158
Epoch :  184  Epoch time :  0.3916301801800728  Train L2 Loss :  0.07078739590644836
Epoch :  185  Epoch time :  0.39027770794928074  Train L2 Loss :  0.06510864835977555
Epoch :  186  Epoch time :  0.38985112961381674  Train L2 Loss :  0.06407550650238991
Epoch :  187  Epoch time :  0.38929712772369385  Train L2 Loss :  0.0683828217625618
Epoch :  188  Epoch time :  0.3890920216217637  Train L2 Loss :  0.06839916853904725
Epoch :  189  Epoch time :  0.38938851188868284  Train L2 Loss :  0.07408182908296584
Epoch :  190  Epoch time :  0.3898567985743284  Train L2 Loss :  0.07066321382522583
Epoch :  191  Epoch time :  0.3898759400472045  Train L2 Loss :  0.07184556039571761
Epoch :  192  Epoch time :  0.38962148036807775  Train L2 Loss :  0.07596427178382874
Epoch :  193  Epoch time :  0.38937899842858315  Train L2 Loss :  0.07523100657463073
Epoch :  194  Epoch time :  0.3892717668786645  Train L2 Loss :  0.06456479173898697
Epoch :  195  Epoch time :  0.3905656859278679  Train L2 Loss :  0.06100237491130829
Epoch :  196  Epoch time :  0.390330514870584  Train L2 Loss :  0.05976372916698456
Epoch :  197  Epoch time :  0.3894984908401966  Train L2 Loss :  0.061987957483530046
Epoch :  198  Epoch time :  0.38932353537529707  Train L2 Loss :  0.06099147946834564
Epoch :  199  Epoch time :  0.3894191971048713  Train L2 Loss :  0.06355403889417649
Epoch :  200  Epoch time :  0.38918012753129005  Train L2 Loss :  0.04895176411271095
Epoch :  201  Epoch time :  0.3895854279398918  Train L2 Loss :  0.042759196758270265
Epoch :  202  Epoch time :  0.3891992559656501  Train L2 Loss :  0.04092546488642693
Epoch :  203  Epoch time :  0.3894567610695958  Train L2 Loss :  0.04025320254564285
Epoch :  204  Epoch time :  0.38920064829289913  Train L2 Loss :  0.03980683863759041
Epoch :  205  Epoch time :  0.3890579519793391  Train L2 Loss :  0.03924053032398224
Epoch :  206  Epoch time :  0.3914450006559491  Train L2 Loss :  0.03924252804517746
Epoch :  207  Epoch time :  0.3906465005129576  Train L2 Loss :  0.03899096690416336
Epoch :  208  Epoch time :  0.38937105517834425  Train L2 Loss :  0.03886907966136932
Epoch :  209  Epoch time :  0.3903719913214445  Train L2 Loss :  0.038704939901828765
Epoch :  210  Epoch time :  0.38982246816158295  Train L2 Loss :  0.03860533935427666
Epoch :  211  Epoch time :  0.3897771667689085  Train L2 Loss :  0.03919662342071533
Epoch :  212  Epoch time :  0.38978690281510353  Train L2 Loss :  0.03909539384245873
Epoch :  213  Epoch time :  0.38959773257374763  Train L2 Loss :  0.03937523810863495
Epoch :  214  Epoch time :  0.3900164067745209  Train L2 Loss :  0.03931875814795494
Epoch :  215  Epoch time :  0.3894061278551817  Train L2 Loss :  0.03904287618398666
Epoch :  216  Epoch time :  0.3897404205054045  Train L2 Loss :  0.03966738804578781
Epoch :  217  Epoch time :  0.39078670367598534  Train L2 Loss :  0.04074286915063858
Epoch :  218  Epoch time :  0.3898270661011338  Train L2 Loss :  0.040823684960603714
Epoch :  219  Epoch time :  0.39923722110688686  Train L2 Loss :  0.04165715230703354
Epoch :  220  Epoch time :  0.39688291121274233  Train L2 Loss :  0.04222021027803421
Epoch :  221  Epoch time :  0.3996249698102474  Train L2 Loss :  0.04302258888483047
Epoch :  222  Epoch time :  0.3935479372739792  Train L2 Loss :  0.045955925130844115
Epoch :  223  Epoch time :  0.3976109828799963  Train L2 Loss :  0.046184931421279905
Epoch :  224  Epoch time :  0.38939153868705034  Train L2 Loss :  0.04396065753698349
Epoch :  225  Epoch time :  0.3893569456413388  Train L2 Loss :  0.04281612012386322
Epoch :  226  Epoch time :  0.3895929418504238  Train L2 Loss :  0.04219891996979713
Epoch :  227  Epoch time :  0.38973349425941706  Train L2 Loss :  0.041610643196105954
Epoch :  228  Epoch time :  0.39083421509712934  Train L2 Loss :  0.04327620884180069
Epoch :  229  Epoch time :  0.3897047508507967  Train L2 Loss :  0.04185813402533531
Epoch :  230  Epoch time :  0.3894233265891671  Train L2 Loss :  0.04153085935711861
Epoch :  231  Epoch time :  0.38948934245854616  Train L2 Loss :  0.04151712908744812
Epoch :  232  Epoch time :  0.3897610902786255  Train L2 Loss :  0.04128109477162361
Epoch :  233  Epoch time :  0.3893603067845106  Train L2 Loss :  0.04080418269634247
Epoch :  234  Epoch time :  0.39027043152600527  Train L2 Loss :  0.04054430729150772
Epoch :  235  Epoch time :  0.3895363546907902  Train L2 Loss :  0.03980494134426117
Epoch :  236  Epoch time :  0.3897115048021078  Train L2 Loss :  0.04100318966507912
Epoch :  237  Epoch time :  0.38971959985792637  Train L2 Loss :  0.04593164492249489
Epoch :  238  Epoch time :  0.3912253640592098  Train L2 Loss :  0.04388953671455383
Epoch :  239  Epoch time :  0.3896663384512067  Train L2 Loss :  0.04092590075135231
Epoch :  240  Epoch time :  0.38956238608807325  Train L2 Loss :  0.03969853297472
Epoch :  241  Epoch time :  0.38881142903119326  Train L2 Loss :  0.03779826080203056
Epoch :  242  Epoch time :  0.38885907642543316  Train L2 Loss :  0.03923714057803154
Epoch :  243  Epoch time :  0.3887282134965062  Train L2 Loss :  0.03991093130707741
Epoch :  244  Epoch time :  0.38885991647839546  Train L2 Loss :  0.04057885234355926
Epoch :  245  Epoch time :  0.3886615810915828  Train L2 Loss :  0.039668537056446074
Epoch :  246  Epoch time :  0.388851928524673  Train L2 Loss :  0.039567140543460846
Epoch :  247  Epoch time :  0.3889831602573395  Train L2 Loss :  0.03928675348758698
Epoch :  248  Epoch time :  0.3889321107417345  Train L2 Loss :  0.038873486495018005
Epoch :  249  Epoch time :  0.39046915527433157  Train L2 Loss :  0.040409287631511685
Epoch :  250  Epoch time :  0.38927746564149857  Train L2 Loss :  0.044587071239948275
Epoch :  251  Epoch time :  0.3893068628385663  Train L2 Loss :  0.04228010529279709
Epoch :  252  Epoch time :  0.3888095887377858  Train L2 Loss :  0.039622905933856964
Epoch :  253  Epoch time :  0.3895417433232069  Train L2 Loss :  0.03971255355477333
Epoch :  254  Epoch time :  0.3896887432783842  Train L2 Loss :  0.037798920226097106
Epoch :  255  Epoch time :  0.3893893137574196  Train L2 Loss :  0.03737307846546173
Epoch :  256  Epoch time :  0.38962337002158165  Train L2 Loss :  0.03813157711029053
Epoch :  257  Epoch time :  0.38959013018757105  Train L2 Loss :  0.040003485721349714
Epoch :  258  Epoch time :  0.3893984230235219  Train L2 Loss :  0.04104931019544601
Epoch :  259  Epoch time :  0.3894730657339096  Train L2 Loss :  0.04110978661775589
Epoch :  260  Epoch time :  0.3931670058518648  Train L2 Loss :  0.04071830917596817
Epoch :  261  Epoch time :  0.3899883674457669  Train L2 Loss :  0.037481940546631815
Epoch :  262  Epoch time :  0.3897690437734127  Train L2 Loss :  0.03677975935935974
Epoch :  263  Epoch time :  0.38956480752676725  Train L2 Loss :  0.03667274104952812
Epoch :  264  Epoch time :  0.3896346827968955  Train L2 Loss :  0.03648688752055168
Epoch :  265  Epoch time :  0.3894202932715416  Train L2 Loss :  0.03975324384570122
Epoch :  266  Epoch time :  0.3897677632048726  Train L2 Loss :  0.045557551074028015
Epoch :  267  Epoch time :  0.3896631756797433  Train L2 Loss :  0.04772167544364929
Epoch :  268  Epoch time :  0.3900018287822604  Train L2 Loss :  0.039792700242996214
Epoch :  269  Epoch time :  0.3895556163042784  Train L2 Loss :  0.037201794600486754
Epoch :  270  Epoch time :  0.3895107638090849  Train L2 Loss :  0.036490010607242586
Epoch :  271  Epoch time :  0.3910387670621276  Train L2 Loss :  0.03555157989859581
Epoch :  272  Epoch time :  0.3897751597687602  Train L2 Loss :  0.03519543383121491
Epoch :  273  Epoch time :  0.3898438345640898  Train L2 Loss :  0.03638743888735771
Epoch :  274  Epoch time :  0.3900543600320816  Train L2 Loss :  0.03796758592128754
Epoch :  275  Epoch time :  0.3895915737375617  Train L2 Loss :  0.036793457078933715
Epoch :  276  Epoch time :  0.38962323125451803  Train L2 Loss :  0.036324233865737916
Epoch :  277  Epoch time :  0.38972262013703585  Train L2 Loss :  0.03579108536243439
Epoch :  278  Epoch time :  0.389327697455883  Train L2 Loss :  0.03723667932748795
Epoch :  279  Epoch time :  0.38921219017356634  Train L2 Loss :  0.0385548594892025
Epoch :  280  Epoch time :  0.40652572829276323  Train L2 Loss :  0.03892415322065353
Epoch :  281  Epoch time :  0.3894319487735629  Train L2 Loss :  0.038881638729572295
Epoch :  282  Epoch time :  0.39166947547346354  Train L2 Loss :  0.04160609247684479
Epoch :  283  Epoch time :  0.3902533771470189  Train L2 Loss :  0.04282852051854134
Epoch :  284  Epoch time :  0.3899868270382285  Train L2 Loss :  0.039002453458309175
Epoch :  285  Epoch time :  0.39000845700502396  Train L2 Loss :  0.03699531219005585
Epoch :  286  Epoch time :  0.38982055988162756  Train L2 Loss :  0.03736128354668617
Epoch :  287  Epoch time :  0.38989953976124525  Train L2 Loss :  0.036016648775339125
Epoch :  288  Epoch time :  0.39047526754438877  Train L2 Loss :  0.035106709533929824
Epoch :  289  Epoch time :  0.3900986099615693  Train L2 Loss :  0.034286232590675356
Epoch :  290  Epoch time :  0.3900800896808505  Train L2 Loss :  0.035259571862220764
Epoch :  291  Epoch time :  0.39017864037305117  Train L2 Loss :  0.03651876434087753
Epoch :  292  Epoch time :  0.3914698641747236  Train L2 Loss :  0.03958430416584015
Epoch :  293  Epoch time :  0.39014726784080267  Train L2 Loss :  0.03740999312400818
Epoch :  294  Epoch time :  0.3898857422173023  Train L2 Loss :  0.03694030475020409
Epoch :  295  Epoch time :  0.389980798587203  Train L2 Loss :  0.035735058295726777
Epoch :  296  Epoch time :  0.3899218114092946  Train L2 Loss :  0.03548752436637878
Epoch :  297  Epoch time :  0.38999102264642715  Train L2 Loss :  0.03792135880589485
Epoch :  298  Epoch time :  0.3901597633957863  Train L2 Loss :  0.03552206561565399
Epoch :  299  Epoch time :  0.3903748318552971  Train L2 Loss :  0.03403742525577545
Epoch :  300  Epoch time :  0.39087385684251785  Train L2 Loss :  0.030905946895480155
Epoch :  301  Epoch time :  0.390085038729012  Train L2 Loss :  0.028990295451879502
Epoch :  302  Epoch time :  0.3902928661555052  Train L2 Loss :  0.02872785265445709
Epoch :  303  Epoch time :  0.3914680043235421  Train L2 Loss :  0.028503145438432693
Epoch :  304  Epoch time :  0.39010711666196585  Train L2 Loss :  0.028425079637765884
Epoch :  305  Epoch time :  0.38998023327440023  Train L2 Loss :  0.02832569369673729
Epoch :  306  Epoch time :  0.38996497727930546  Train L2 Loss :  0.028316819301247596
Epoch :  307  Epoch time :  0.39023237954825163  Train L2 Loss :  0.028225664752721785
Epoch :  308  Epoch time :  0.3901275871321559  Train L2 Loss :  0.028292770957946776
Epoch :  309  Epoch time :  0.3903119554743171  Train L2 Loss :  0.02832264125943184
Epoch :  310  Epoch time :  0.39023545384407043  Train L2 Loss :  0.028243735003471375
Epoch :  311  Epoch time :  0.3898231899365783  Train L2 Loss :  0.028221062448620795
Epoch :  312  Epoch time :  0.39115700870752335  Train L2 Loss :  0.028327272725105285
Epoch :  313  Epoch time :  0.39014811906963587  Train L2 Loss :  0.028230730521678925
Epoch :  314  Epoch time :  0.3913524793460965  Train L2 Loss :  0.02849958044886589
Epoch :  315  Epoch time :  0.39020027220249176  Train L2 Loss :  0.02836039164364338
Epoch :  316  Epoch time :  0.38999417424201965  Train L2 Loss :  0.028425031489133834
Epoch :  317  Epoch time :  0.389953151345253  Train L2 Loss :  0.02853649557232857
Epoch :  318  Epoch time :  0.3897841079160571  Train L2 Loss :  0.02857819950580597
Epoch :  319  Epoch time :  0.390312691219151  Train L2 Loss :  0.028393731307983398
Epoch :  320  Epoch time :  0.3899078592658043  Train L2 Loss :  0.02875729839205742
Epoch :  321  Epoch time :  0.390222548507154  Train L2 Loss :  0.02944153842329979
Epoch :  322  Epoch time :  0.38992744497954845  Train L2 Loss :  0.029989283379912378
Epoch :  323  Epoch time :  0.39154681470245123  Train L2 Loss :  0.02879660235643387
Epoch :  324  Epoch time :  0.39077700953930616  Train L2 Loss :  0.02860562146604061
Epoch :  325  Epoch time :  0.39012776780873537  Train L2 Loss :  0.02869556776881218
Epoch :  326  Epoch time :  0.3901841873303056  Train L2 Loss :  0.02859632095694542
Epoch :  327  Epoch time :  0.3898635022342205  Train L2 Loss :  0.02859082060456276
Epoch :  328  Epoch time :  0.39001715928316116  Train L2 Loss :  0.028586209243535995
Epoch :  329  Epoch time :  0.39013922214508057  Train L2 Loss :  0.028631189453601838
Epoch :  330  Epoch time :  0.3902242733165622  Train L2 Loss :  0.02946201567053795
Epoch :  331  Epoch time :  0.3898827088996768  Train L2 Loss :  0.02860213842988014
Epoch :  332  Epoch time :  0.3897971836850047  Train L2 Loss :  0.028206542479991912
Epoch :  333  Epoch time :  0.3903659423813224  Train L2 Loss :  0.028198340862989425
Epoch :  334  Epoch time :  0.39008365105837584  Train L2 Loss :  0.028244037127494813
Epoch :  335  Epoch time :  0.39024959318339825  Train L2 Loss :  0.02907635415792465
Epoch :  336  Epoch time :  0.3947790237143636  Train L2 Loss :  0.0287515693962574
Epoch :  337  Epoch time :  0.39087808411568403  Train L2 Loss :  0.02838069185614586
Epoch :  338  Epoch time :  0.39063812885433435  Train L2 Loss :  0.028191673696041107
Epoch :  339  Epoch time :  0.40776047110557556  Train L2 Loss :  0.028515345561504365
Epoch :  340  Epoch time :  0.3901940854266286  Train L2 Loss :  0.028188886600732804
Epoch :  341  Epoch time :  0.39059775974601507  Train L2 Loss :  0.027718296858668327
Epoch :  342  Epoch time :  0.39052836038172245  Train L2 Loss :  0.02773043946325779
Epoch :  343  Epoch time :  0.3903195094317198  Train L2 Loss :  0.027689948523044586
Epoch :  344  Epoch time :  0.39035594929009676  Train L2 Loss :  0.028784329932928086
Epoch :  345  Epoch time :  0.390420600771904  Train L2 Loss :  0.028846531423926354
Epoch :  346  Epoch time :  0.39042904879897833  Train L2 Loss :  0.028862857735157014
Epoch :  347  Epoch time :  0.39156051632016897  Train L2 Loss :  0.028347106379270553
Epoch :  348  Epoch time :  0.39022769406437874  Train L2 Loss :  0.027786290419101717
Epoch :  349  Epoch time :  0.39044933393597603  Train L2 Loss :  0.027698103806376457
Epoch :  350  Epoch time :  0.390359228476882  Train L2 Loss :  0.027516952443122862
Epoch :  351  Epoch time :  0.3909073527902365  Train L2 Loss :  0.0274003866314888
Epoch :  352  Epoch time :  0.39048973750323057  Train L2 Loss :  0.02763306433558464
Epoch :  353  Epoch time :  0.39062152709811926  Train L2 Loss :  0.027283997732400894
Epoch :  354  Epoch time :  0.39039056096225977  Train L2 Loss :  0.0271375198751688
Epoch :  355  Epoch time :  0.39034485910087824  Train L2 Loss :  0.02717101346850395
Epoch :  356  Epoch time :  0.3903851304203272  Train L2 Loss :  0.027198948976397515
Epoch :  357  Epoch time :  0.3927887137979269  Train L2 Loss :  0.027139849758148194
Epoch :  358  Epoch time :  0.3906530626118183  Train L2 Loss :  0.027200308293104172
Epoch :  359  Epoch time :  0.390677010640502  Train L2 Loss :  0.026896534645557402
Epoch :  360  Epoch time :  0.3907353328540921  Train L2 Loss :  0.026717276722192766
Epoch :  361  Epoch time :  0.3908172305673361  Train L2 Loss :  0.027137574845552445
Epoch :  362  Epoch time :  0.39058254566043615  Train L2 Loss :  0.027016479921340944
Epoch :  363  Epoch time :  0.3906562505289912  Train L2 Loss :  0.026668806457519532
Epoch :  364  Epoch time :  0.3914566617459059  Train L2 Loss :  0.026904485923051835
Epoch :  365  Epoch time :  0.3912185374647379  Train L2 Loss :  0.02713449645936489
Epoch :  366  Epoch time :  0.3903854079544544  Train L2 Loss :  0.02708352157473564
Epoch :  367  Epoch time :  0.390508140437305  Train L2 Loss :  0.027038264960050584
Epoch :  368  Epoch time :  0.39201606437563896  Train L2 Loss :  0.027203704541921614
Epoch :  369  Epoch time :  0.3906895210966468  Train L2 Loss :  0.027602778857946396
Epoch :  370  Epoch time :  0.3908943571150303  Train L2 Loss :  0.02817607939839363
Epoch :  371  Epoch time :  0.390807474963367  Train L2 Loss :  0.026969894129037858
Epoch :  372  Epoch time :  0.39065068308264017  Train L2 Loss :  0.026442002695798873
Epoch :  373  Epoch time :  0.3905723877251148  Train L2 Loss :  0.02639419760107994
Epoch :  374  Epoch time :  0.39040472730994225  Train L2 Loss :  0.026748439937829972
Epoch :  375  Epoch time :  0.390193453989923  Train L2 Loss :  0.027182194635272026
Epoch :  376  Epoch time :  0.3909267885610461  Train L2 Loss :  0.026844081762433053
Epoch :  377  Epoch time :  0.3902500830590725  Train L2 Loss :  0.02667302202284336
Epoch :  378  Epoch time :  0.39052089396864176  Train L2 Loss :  0.026138009667396545
Epoch :  379  Epoch time :  0.39176949206739664  Train L2 Loss :  0.02751006486415863
Epoch :  380  Epoch time :  0.393307670019567  Train L2 Loss :  0.02745788060426712
Epoch :  381  Epoch time :  0.39769185427576303  Train L2 Loss :  0.02660324249267578
Epoch :  382  Epoch time :  0.39051226805895567  Train L2 Loss :  0.026365379813313484
Epoch :  383  Epoch time :  0.39033333119004965  Train L2 Loss :  0.025837758710980416
Epoch :  384  Epoch time :  0.3905693320557475  Train L2 Loss :  0.025795212480425836
Epoch :  385  Epoch time :  0.39069801662117243  Train L2 Loss :  0.02624757639169693
Epoch :  386  Epoch time :  0.390753673389554  Train L2 Loss :  0.026281116238236427
Epoch :  387  Epoch time :  0.3905705129727721  Train L2 Loss :  0.026436849492788315
Epoch :  388  Epoch time :  0.39058533124625683  Train L2 Loss :  0.025724488320946693
Epoch :  389  Epoch time :  0.3903583586215973  Train L2 Loss :  0.025658988106250762
Epoch :  390  Epoch time :  0.39244627207517624  Train L2 Loss :  0.02587060922384262
Epoch :  391  Epoch time :  0.39083230681717396  Train L2 Loss :  0.025965556168556215
Epoch :  392  Epoch time :  0.3907546568661928  Train L2 Loss :  0.02617984455227852
Epoch :  393  Epoch time :  0.39071269147098064  Train L2 Loss :  0.025697955545783042
Epoch :  394  Epoch time :  0.39063128642737865  Train L2 Loss :  0.025717027485370636
Epoch :  395  Epoch time :  0.3905228925868869  Train L2 Loss :  0.026770350462198257
Epoch :  396  Epoch time :  0.3905002847313881  Train L2 Loss :  0.026431006640195848
Epoch :  397  Epoch time :  0.3906379109248519  Train L2 Loss :  0.025902514725923538
Epoch :  398  Epoch time :  0.3908690381795168  Train L2 Loss :  0.025663796865940093
Epoch :  399  Epoch time :  0.4021384119987488  Train L2 Loss :  0.025396120417118074
Epoch :  400  Epoch time :  0.39758195355534554  Train L2 Loss :  0.024130210220813752
Epoch :  401  Epoch time :  0.39077759720385075  Train L2 Loss :  0.023629822632670404
Epoch :  402  Epoch time :  0.3915773257613182  Train L2 Loss :  0.02353304555416107
Epoch :  403  Epoch time :  0.3905404871329665  Train L2 Loss :  0.02345098570585251
Epoch :  404  Epoch time :  0.3903150400146842  Train L2 Loss :  0.023446380069851874
Epoch :  405  Epoch time :  0.3907449599355459  Train L2 Loss :  0.023399385902285574
Epoch :  406  Epoch time :  0.3903452241793275  Train L2 Loss :  0.023420961079001427
Epoch :  407  Epoch time :  0.39040336944162846  Train L2 Loss :  0.023399869918823243
Epoch :  408  Epoch time :  0.3903354201465845  Train L2 Loss :  0.023399216347932815
Epoch :  409  Epoch time :  0.39054055511951447  Train L2 Loss :  0.0233373428016901
Epoch :  410  Epoch time :  0.390413791872561  Train L2 Loss :  0.023345141837000847
Epoch :  411  Epoch time :  0.3949165027588606  Train L2 Loss :  0.023332358741760255
Epoch :  412  Epoch time :  0.3919337010011077  Train L2 Loss :  0.023288741105794906
Epoch :  413  Epoch time :  0.3907595770433545  Train L2 Loss :  0.02327084737420082
Epoch :  414  Epoch time :  0.3936534356325865  Train L2 Loss :  0.023341545447707175
Epoch :  415  Epoch time :  0.3918012520298362  Train L2 Loss :  0.023391841739416122
Epoch :  416  Epoch time :  0.3910100469365716  Train L2 Loss :  0.023298424944281578
Epoch :  417  Epoch time :  0.39082597475498915  Train L2 Loss :  0.023312119856476785
Epoch :  418  Epoch time :  0.3908621510490775  Train L2 Loss :  0.02344260169863701
Epoch :  419  Epoch time :  0.39090361166745424  Train L2 Loss :  0.023396755999326706
Epoch :  420  Epoch time :  0.39104392658919096  Train L2 Loss :  0.023282906350493432
Epoch :  421  Epoch time :  0.3909030957147479  Train L2 Loss :  0.023451378500461577
Epoch :  422  Epoch time :  0.3924938002601266  Train L2 Loss :  0.023302410724759103
Epoch :  423  Epoch time :  0.3909107940271497  Train L2 Loss :  0.02322447190284729
Epoch :  424  Epoch time :  0.39091512374579906  Train L2 Loss :  0.023220102003216742
Epoch :  425  Epoch time :  0.3909356500953436  Train L2 Loss :  0.02334164804518223
Epoch :  426  Epoch time :  0.3907907260581851  Train L2 Loss :  0.023217165005207062
Epoch :  427  Epoch time :  0.3907963512465358  Train L2 Loss :  0.023120956724882125
Epoch :  428  Epoch time :  0.390919522382319  Train L2 Loss :  0.0232127443253994
Epoch :  429  Epoch time :  0.3906432641670108  Train L2 Loss :  0.023246278801560404
Epoch :  430  Epoch time :  0.39113837853074074  Train L2 Loss :  0.023181601631641388
Epoch :  431  Epoch time :  0.3914011726155877  Train L2 Loss :  0.02306314831972122
Epoch :  432  Epoch time :  0.39121238980442286  Train L2 Loss :  0.023145314747095108
Epoch :  433  Epoch time :  0.39282756485044956  Train L2 Loss :  0.022970329678058624
Epoch :  434  Epoch time :  0.3907739343121648  Train L2 Loss :  0.022942922216653824
Epoch :  435  Epoch time :  0.3909071730449796  Train L2 Loss :  0.022943106496334076
Epoch :  436  Epoch time :  0.3910301858559251  Train L2 Loss :  0.022932151705026625
Epoch :  437  Epoch time :  0.39073919132351875  Train L2 Loss :  0.023030366963148117
Epoch :  438  Epoch time :  0.39093009661883116  Train L2 Loss :  0.022956952956318857
Epoch :  439  Epoch time :  0.39052462950348854  Train L2 Loss :  0.022867183247208597
Epoch :  440  Epoch time :  0.39050181582570076  Train L2 Loss :  0.02288581372797489
Epoch :  441  Epoch time :  0.3907157704234123  Train L2 Loss :  0.022774481797218322
Epoch :  442  Epoch time :  0.3907156577333808  Train L2 Loss :  0.022797404316067697
Epoch :  443  Epoch time :  0.39088489953428507  Train L2 Loss :  0.022849968335032462
Epoch :  444  Epoch time :  0.3918019188567996  Train L2 Loss :  0.023045813578367234
Epoch :  445  Epoch time :  0.3905126638710499  Train L2 Loss :  0.02282578610777855
Epoch :  446  Epoch time :  0.3905756426975131  Train L2 Loss :  0.02256241602897644
Epoch :  447  Epoch time :  0.39087990578264  Train L2 Loss :  0.022635422375798225
Epoch :  448  Epoch time :  0.390761093236506  Train L2 Loss :  0.02268876921534538
Epoch :  449  Epoch time :  0.39057125616818666  Train L2 Loss :  0.022616873022913934
Epoch :  450  Epoch time :  0.3908795053139329  Train L2 Loss :  0.022609423404932022
Epoch :  451  Epoch time :  0.39090994093567133  Train L2 Loss :  0.022609536102414132
Epoch :  452  Epoch time :  0.39135507494211197  Train L2 Loss :  0.02252906534075737
Epoch :  453  Epoch time :  0.39097840897738934  Train L2 Loss :  0.02248994365334511
Epoch :  454  Epoch time :  0.3924791431054473  Train L2 Loss :  0.022485398185253143
Epoch :  455  Epoch time :  0.39086370822042227  Train L2 Loss :  0.0224002043902874
Epoch :  456  Epoch time :  0.3909291047602892  Train L2 Loss :  0.02233381005525589
Epoch :  457  Epoch time :  0.3908569999039173  Train L2 Loss :  0.022339468413591385
Epoch :  458  Epoch time :  0.39226485043764114  Train L2 Loss :  0.022315088611841203
Epoch :  459  Epoch time :  0.4065744746476412  Train L2 Loss :  0.02230779656767845
Epoch :  460  Epoch time :  0.39079222083091736  Train L2 Loss :  0.02215486911535263
Epoch :  461  Epoch time :  0.3911355035379529  Train L2 Loss :  0.02214711943268776
Epoch :  462  Epoch time :  0.3912173993885517  Train L2 Loss :  0.02211434906721115
Epoch :  463  Epoch time :  0.3908696826547384  Train L2 Loss :  0.022089668667316438
Epoch :  464  Epoch time :  0.3908301508054137  Train L2 Loss :  0.022178640884160994
Epoch :  465  Epoch time :  0.3922221204265952  Train L2 Loss :  0.022042437559366225
Epoch :  466  Epoch time :  0.39105876814574003  Train L2 Loss :  0.02212770154476166
Epoch :  467  Epoch time :  0.39070736709982157  Train L2 Loss :  0.02200427702963352
Epoch :  468  Epoch time :  0.3908639354631305  Train L2 Loss :  0.022051361092925072
Epoch :  469  Epoch time :  0.3909704461693764  Train L2 Loss :  0.022165907782316207
Epoch :  470  Epoch time :  0.3909791652113199  Train L2 Loss :  0.022038236299157143
Epoch :  471  Epoch time :  0.3913481067866087  Train L2 Loss :  0.022020805817842482
Epoch :  472  Epoch time :  0.3912683790549636  Train L2 Loss :  0.021956618770956993
Epoch :  473  Epoch time :  0.39078092854470015  Train L2 Loss :  0.021977624118328095
Epoch :  474  Epoch time :  0.3908730177208781  Train L2 Loss :  0.02186285172700882
Epoch :  475  Epoch time :  0.39101890102028847  Train L2 Loss :  0.02185161537528038
Epoch :  476  Epoch time :  0.392225275747478  Train L2 Loss :  0.021960295289754867
Epoch :  477  Epoch time :  0.3905708370730281  Train L2 Loss :  0.02181346410214901
Epoch :  478  Epoch time :  0.39084060676395893  Train L2 Loss :  0.02173375407457352
Epoch :  479  Epoch time :  0.3971059760078788  Train L2 Loss :  0.02167250846326351
Epoch :  480  Epoch time :  0.3908388912677765  Train L2 Loss :  0.02160912680029869
Epoch :  481  Epoch time :  0.39085756335407495  Train L2 Loss :  0.021692264106869696
Epoch :  482  Epoch time :  0.39120263420045376  Train L2 Loss :  0.021611818367242814
Epoch :  483  Epoch time :  0.39073787815868855  Train L2 Loss :  0.021496240031719207
Epoch :  484  Epoch time :  0.391126723960042  Train L2 Loss :  0.021623095563054084
Epoch :  485  Epoch time :  0.39087084773927927  Train L2 Loss :  0.02166517933011055
Epoch :  486  Epoch time :  0.39101057685911655  Train L2 Loss :  0.021572607904672622
Epoch :  487  Epoch time :  0.3967630686238408  Train L2 Loss :  0.021510409384965897
Epoch :  488  Epoch time :  0.39194554556161165  Train L2 Loss :  0.02152575639486313
Epoch :  489  Epoch time :  0.3912895442917943  Train L2 Loss :  0.021433247116208077
Epoch :  490  Epoch time :  0.391801580786705  Train L2 Loss :  0.021401479724049568
Epoch :  491  Epoch time :  0.39171013981103897  Train L2 Loss :  0.021370145905017852
Epoch :  492  Epoch time :  0.39127061888575554  Train L2 Loss :  0.02142617763876915
Epoch :  493  Epoch time :  0.3914885204285383  Train L2 Loss :  0.02133801041841507
Epoch :  494  Epoch time :  0.39128542598336935  Train L2 Loss :  0.021379568672180174
Epoch :  495  Epoch time :  0.3909725248813629  Train L2 Loss :  0.021292932033538818
Epoch :  496  Epoch time :  0.39134948421269655  Train L2 Loss :  0.021315798887610437
Epoch :  497  Epoch time :  0.39130763709545135  Train L2 Loss :  0.021204424095153808
Epoch :  498  Epoch time :  0.3932503806427121  Train L2 Loss :  0.021105269551277162
Epoch :  499  Epoch time :  0.3914040792733431  Train L2 Loss :  0.021124104166030885
Epoch :  500  Epoch time :  0.3912396524101496  Train L2 Loss :  0.020731946048140527
Epoch :  501  Epoch time :  0.39135659020394087  Train L2 Loss :  0.020575042033195497
Epoch :  502  Epoch time :  0.3914664462208748  Train L2 Loss :  0.020542673766613007
Epoch :  503  Epoch time :  0.39165570586919785  Train L2 Loss :  0.020515195932984353
Epoch :  504  Epoch time :  0.39115244057029486  Train L2 Loss :  0.020513029146194458
Epoch :  505  Epoch time :  0.3917870642617345  Train L2 Loss :  0.02050894881486893
Epoch :  506  Epoch time :  0.3916898686438799  Train L2 Loss :  0.020476061087846754
Epoch :  507  Epoch time :  0.3915941780433059  Train L2 Loss :  0.020483824175596237
Epoch :  508  Epoch time :  0.3933233227580786  Train L2 Loss :  0.020465689212083818
Epoch :  509  Epoch time :  0.3915370302274823  Train L2 Loss :  0.020465662640333174
Epoch :  510  Epoch time :  0.3916420415043831  Train L2 Loss :  0.02043876633644104
Epoch :  511  Epoch time :  0.391478905454278  Train L2 Loss :  0.020430188897252084
Epoch :  512  Epoch time :  0.3916081581264734  Train L2 Loss :  0.02040785817205906
Epoch :  513  Epoch time :  0.39180330373346806  Train L2 Loss :  0.020411406216025354
Epoch :  514  Epoch time :  0.3915336960926652  Train L2 Loss :  0.020394856786727904
Epoch :  515  Epoch time :  0.39164274744689465  Train L2 Loss :  0.020389607572555542
Epoch :  516  Epoch time :  0.391571132466197  Train L2 Loss :  0.020383998587727548
Epoch :  517  Epoch time :  0.39131661783903837  Train L2 Loss :  0.020360350438952447
Epoch :  518  Epoch time :  0.4086903743445873  Train L2 Loss :  0.020367387759685517
Epoch :  519  Epoch time :  0.39299534168094397  Train L2 Loss :  0.020320812490582468
Epoch :  520  Epoch time :  0.39172266609966755  Train L2 Loss :  0.020318997466564178
Epoch :  521  Epoch time :  0.3915362488478422  Train L2 Loss :  0.02035649857223034
Epoch :  522  Epoch time :  0.3915674686431885  Train L2 Loss :  0.0202994356572628
Epoch :  523  Epoch time :  0.39100012462586164  Train L2 Loss :  0.02030191019773483
Epoch :  524  Epoch time :  0.3911945419386029  Train L2 Loss :  0.020264291256666185
Epoch :  525  Epoch time :  0.39126777835190296  Train L2 Loss :  0.020249242359399795
Epoch :  526  Epoch time :  0.3910217573866248  Train L2 Loss :  0.020221943601965903
Epoch :  527  Epoch time :  0.3914046520367265  Train L2 Loss :  0.020230542743206025
Epoch :  528  Epoch time :  0.3909678217023611  Train L2 Loss :  0.020208207377791405
Epoch :  529  Epoch time :  0.3914355831220746  Train L2 Loss :  0.020190328681468965
Epoch :  530  Epoch time :  0.39275980088859797  Train L2 Loss :  0.020180356311798094
Epoch :  531  Epoch time :  0.39214291889220476  Train L2 Loss :  0.020195749893784525
Epoch :  532  Epoch time :  0.3913041492924094  Train L2 Loss :  0.020153888303041458
Epoch :  533  Epoch time :  0.3914201930165291  Train L2 Loss :  0.020115158373117448
Epoch :  534  Epoch time :  0.39109127037227154  Train L2 Loss :  0.020086297029256822
Epoch :  535  Epoch time :  0.3911433704197407  Train L2 Loss :  0.020064968013763427
Epoch :  536  Epoch time :  0.3910487676039338  Train L2 Loss :  0.02009865316748619
Epoch :  537  Epoch time :  0.3912560874596238  Train L2 Loss :  0.020040286153554916
Epoch :  538  Epoch time :  0.39080052822828293  Train L2 Loss :  0.020037342381477356
Epoch :  539  Epoch time :  0.4013227391988039  Train L2 Loss :  0.019988004088401793
Epoch :  540  Epoch time :  0.39120438043028116  Train L2 Loss :  0.020013744512200355
Epoch :  541  Epoch time :  0.392754971049726  Train L2 Loss :  0.019972437435388565
Epoch :  542  Epoch time :  0.39074189960956573  Train L2 Loss :  0.019974120968580245
Epoch :  543  Epoch time :  0.3914154786616564  Train L2 Loss :  0.019997412019968033
Epoch :  544  Epoch time :  0.39147701673209667  Train L2 Loss :  0.019921699810028077
Epoch :  545  Epoch time :  0.39114917535334826  Train L2 Loss :  0.01989823048710823
Epoch :  546  Epoch time :  0.3914346192032099  Train L2 Loss :  0.019903125995397567
Epoch :  547  Epoch time :  0.39139787293970585  Train L2 Loss :  0.01987543560862541
Epoch :  548  Epoch time :  0.3910651793703437  Train L2 Loss :  0.019848931631445885
Epoch :  549  Epoch time :  0.3912067152559757  Train L2 Loss :  0.019853489118814467
Epoch :  550  Epoch time :  0.3913888093084097  Train L2 Loss :  0.019810982114076614
Epoch :  551  Epoch time :  0.39238551910966635  Train L2 Loss :  0.019812658971548082
Epoch :  552  Epoch time :  0.39126602560281754  Train L2 Loss :  0.01981422210931778
Epoch :  553  Epoch time :  0.39101083017885685  Train L2 Loss :  0.01976017217040062
Epoch :  554  Epoch time :  0.3915621032938361  Train L2 Loss :  0.019735675874352456
Epoch :  555  Epoch time :  0.3908007526770234  Train L2 Loss :  0.019726326408982277
Epoch :  556  Epoch time :  0.39120747055858374  Train L2 Loss :  0.019877376839518547
Epoch :  557  Epoch time :  0.39086443930864334  Train L2 Loss :  0.019716876462101938
Epoch :  558  Epoch time :  0.39115091413259506  Train L2 Loss :  0.01966688956320286
Epoch :  559  Epoch time :  0.39126239344477654  Train L2 Loss :  0.01967413047850132
Epoch :  560  Epoch time :  0.39158750232309103  Train L2 Loss :  0.019662204504013063
Epoch :  561  Epoch time :  0.3911834843456745  Train L2 Loss :  0.0196027384608984
Epoch :  562  Epoch time :  0.39583625085651875  Train L2 Loss :  0.01961032550930977
Epoch :  563  Epoch time :  0.39339361153542995  Train L2 Loss :  0.019603617292642594
Epoch :  564  Epoch time :  0.3917170390486717  Train L2 Loss :  0.01957670740187168
Epoch :  565  Epoch time :  0.39163128193467855  Train L2 Loss :  0.019556837421655655
Epoch :  566  Epoch time :  0.3916560262441635  Train L2 Loss :  0.019572780042886734
Epoch :  567  Epoch time :  0.3916881326586008  Train L2 Loss :  0.019509484121203423
Epoch :  568  Epoch time :  0.39157008938491344  Train L2 Loss :  0.01949855130314827
Epoch :  569  Epoch time :  0.3918828247115016  Train L2 Loss :  0.019455123382806777
Epoch :  570  Epoch time :  0.3916841121390462  Train L2 Loss :  0.019466315668821337
Epoch :  571  Epoch time :  0.39135666098445654  Train L2 Loss :  0.019442132154107093
Epoch :  572  Epoch time :  0.3917791936546564  Train L2 Loss :  0.01945906476378441
Epoch :  573  Epoch time :  0.3934493660926819  Train L2 Loss :  0.019453981894254683
Epoch :  574  Epoch time :  0.39172714948654175  Train L2 Loss :  0.019446424520015715
Epoch :  575  Epoch time :  0.39155747182667255  Train L2 Loss :  0.019420419722795488
Epoch :  576  Epoch time :  0.3916333010420203  Train L2 Loss :  0.01935450717806816
Epoch :  577  Epoch time :  0.39177259150892496  Train L2 Loss :  0.01936881204843521
Epoch :  578  Epoch time :  0.40897929668426514  Train L2 Loss :  0.019333664207160473
Epoch :  579  Epoch time :  0.3921349300071597  Train L2 Loss :  0.019293856662511825
Epoch :  580  Epoch time :  0.3916566055268049  Train L2 Loss :  0.019300746846199035
Epoch :  581  Epoch time :  0.3916721874848008  Train L2 Loss :  0.01927993668615818
Epoch :  582  Epoch time :  0.3941511111333966  Train L2 Loss :  0.019273510611057282
Epoch :  583  Epoch time :  0.39157473016530275  Train L2 Loss :  0.019244707003235818
Epoch :  584  Epoch time :  0.3935105502605438  Train L2 Loss :  0.019239775264263154
Epoch :  585  Epoch time :  0.39124739449471235  Train L2 Loss :  0.01923868195414543
Epoch :  586  Epoch time :  0.39186165388673544  Train L2 Loss :  0.01921048492193222
Epoch :  587  Epoch time :  0.39167143031954765  Train L2 Loss :  0.019173391893506052
Epoch :  588  Epoch time :  0.3913928819820285  Train L2 Loss :  0.019184885978698732
Epoch :  589  Epoch time :  0.3912198022007942  Train L2 Loss :  0.019143768894672394
Epoch :  590  Epoch time :  0.39171162247657776  Train L2 Loss :  0.019149661165475847
Epoch :  591  Epoch time :  0.3915884867310524  Train L2 Loss :  0.01911305291056633
Epoch :  592  Epoch time :  0.3911450728774071  Train L2 Loss :  0.019103931069374084
Epoch :  593  Epoch time :  0.39130565989762545  Train L2 Loss :  0.019090993355214594
Epoch :  594  Epoch time :  0.3927254620939493  Train L2 Loss :  0.019064966088533402
Epoch :  595  Epoch time :  0.3918222850188613  Train L2 Loss :  0.01909522735476494
Epoch :  596  Epoch time :  0.3916628248989582  Train L2 Loss :  0.019020754805207252
Epoch :  597  Epoch time :  0.391629952006042  Train L2 Loss :  0.019009863498806952
Epoch :  598  Epoch time :  0.3916900269687176  Train L2 Loss :  0.01904711566865444
Epoch :  599  Epoch time :  0.3919751634821296  Train L2 Loss :  0.019003501173853875
Epoch :  600  Epoch time :  0.3918444635346532  Train L2 Loss :  0.018788690328598024
Epoch :  601  Epoch time :  0.3915681466460228  Train L2 Loss :  0.018740403378009796
Epoch :  602  Epoch time :  0.391339180059731  Train L2 Loss :  0.018725841599702836
Epoch :  603  Epoch time :  0.391184295527637  Train L2 Loss :  0.018719539806246757
Epoch :  604  Epoch time :  0.3913438143208623  Train L2 Loss :  0.01871154218018055
Epoch :  605  Epoch time :  0.3928358480334282  Train L2 Loss :  0.018705413049459458
Epoch :  606  Epoch time :  0.39189873170107603  Train L2 Loss :  0.018702891379594803
Epoch :  607  Epoch time :  0.3908337661996484  Train L2 Loss :  0.018682236975431442
Epoch :  608  Epoch time :  0.3911826917901635  Train L2 Loss :  0.01868761004805565
Epoch :  609  Epoch time :  0.39154248032718897  Train L2 Loss :  0.018676461386680603
Epoch :  610  Epoch time :  0.39145500771701336  Train L2 Loss :  0.018658522760868074
Epoch :  611  Epoch time :  0.3915309216827154  Train L2 Loss :  0.01865813576579094
Epoch :  612  Epoch time :  0.39163376204669476  Train L2 Loss :  0.018651007777452468
Epoch :  613  Epoch time :  0.3912928178906441  Train L2 Loss :  0.018640484815835953
Epoch :  614  Epoch time :  0.39138883631676435  Train L2 Loss :  0.018631887286901475
Epoch :  615  Epoch time :  0.3915858995169401  Train L2 Loss :  0.01862890627980232
Epoch :  616  Epoch time :  0.3929841825738549  Train L2 Loss :  0.018609982308745384
Epoch :  617  Epoch time :  0.39157967269420624  Train L2 Loss :  0.0186091107070446
Epoch :  618  Epoch time :  0.3914199536666274  Train L2 Loss :  0.018604053804278375
Epoch :  619  Epoch time :  0.3917790977284312  Train L2 Loss :  0.018583853831887244
Epoch :  620  Epoch time :  0.39120382629334927  Train L2 Loss :  0.018583666431903838
Epoch :  621  Epoch time :  0.3916412862017751  Train L2 Loss :  0.01857294530272484
Epoch :  622  Epoch time :  0.39179548993706703  Train L2 Loss :  0.018566628342866896
Epoch :  623  Epoch time :  0.39165208023041487  Train L2 Loss :  0.018547824388742445
Epoch :  624  Epoch time :  0.39193713106215  Train L2 Loss :  0.018546308214962483
Epoch :  625  Epoch time :  0.3916230918839574  Train L2 Loss :  0.0185302605509758
Epoch :  626  Epoch time :  0.39157302025705576  Train L2 Loss :  0.018516582745313644
Epoch :  627  Epoch time :  0.3929628012701869  Train L2 Loss :  0.018509804436564446
Epoch :  628  Epoch time :  0.3914791950955987  Train L2 Loss :  0.018504050719738006
Epoch :  629  Epoch time :  0.39178858790546656  Train L2 Loss :  0.018498734974861146
Epoch :  630  Epoch time :  0.39148806780576706  Train L2 Loss :  0.01849063301682472
Epoch :  631  Epoch time :  0.3918415931984782  Train L2 Loss :  0.01847781649827957
Epoch :  632  Epoch time :  0.3917976198717952  Train L2 Loss :  0.01846159226000309
Epoch :  633  Epoch time :  0.3912276038900018  Train L2 Loss :  0.018450653755664827
Epoch :  634  Epoch time :  0.39146371837705374  Train L2 Loss :  0.01844689825475216
Epoch :  635  Epoch time :  0.39226244390010834  Train L2 Loss :  0.01843251259326935
Epoch :  636  Epoch time :  0.3919020062312484  Train L2 Loss :  0.01842594384551048
Epoch :  637  Epoch time :  0.40899330098181963  Train L2 Loss :  0.018405760809779168
Epoch :  638  Epoch time :  0.3972047418355942  Train L2 Loss :  0.01841517658829689
Epoch :  639  Epoch time :  0.3926263842731714  Train L2 Loss :  0.018395714437961577
Epoch :  640  Epoch time :  0.39195309672504663  Train L2 Loss :  0.01837402245402336
Epoch :  641  Epoch time :  0.392791960388422  Train L2 Loss :  0.018375361680984498
Epoch :  642  Epoch time :  0.39219903480261564  Train L2 Loss :  0.01836418505012989
Epoch :  643  Epoch time :  0.39194127451628447  Train L2 Loss :  0.018357129669189454
Epoch :  644  Epoch time :  0.39209443051368  Train L2 Loss :  0.01833590215444565
Epoch :  645  Epoch time :  0.39220895431935787  Train L2 Loss :  0.018333358064293863
Epoch :  646  Epoch time :  0.3915920564904809  Train L2 Loss :  0.018323021733760835
Epoch :  647  Epoch time :  0.39174199756234884  Train L2 Loss :  0.018311840489506723
Epoch :  648  Epoch time :  0.3913766657933593  Train L2 Loss :  0.018314751583337785
Epoch :  649  Epoch time :  0.39191276766359806  Train L2 Loss :  0.018293960905075072
Epoch :  650  Epoch time :  0.3920754576101899  Train L2 Loss :  0.01828256422281265
Epoch :  651  Epoch time :  0.392140151001513  Train L2 Loss :  0.018272931954264642
Epoch :  652  Epoch time :  0.39217959716916084  Train L2 Loss :  0.01826542530655861
Epoch :  653  Epoch time :  0.3926938967779279  Train L2 Loss :  0.018267521202564238
Epoch :  654  Epoch time :  0.39251925703138113  Train L2 Loss :  0.01823751677274704
Epoch :  655  Epoch time :  0.39253020007163286  Train L2 Loss :  0.01822230848670006
Epoch :  656  Epoch time :  0.3922222973778844  Train L2 Loss :  0.01822267657518387
Epoch :  657  Epoch time :  0.392261671833694  Train L2 Loss :  0.018209976148605346
Epoch :  658  Epoch time :  0.3921357383951545  Train L2 Loss :  0.018206302398443223
Epoch :  659  Epoch time :  0.39407299645245075  Train L2 Loss :  0.01818990262746811
Epoch :  660  Epoch time :  0.39246753975749016  Train L2 Loss :  0.01818502302467823
Epoch :  661  Epoch time :  0.39242133870720863  Train L2 Loss :  0.01817808357477188
Epoch :  662  Epoch time :  0.39236854761838913  Train L2 Loss :  0.018157264244556427
Epoch :  663  Epoch time :  0.3928130455315113  Train L2 Loss :  0.01815435671210289
Epoch :  664  Epoch time :  0.3926660008728504  Train L2 Loss :  0.01812927152812481
Epoch :  665  Epoch time :  0.3923937324434519  Train L2 Loss :  0.018141772010922434
Epoch :  666  Epoch time :  0.39232995361089706  Train L2 Loss :  0.018123787143826484
Epoch :  667  Epoch time :  0.39240305591374636  Train L2 Loss :  0.018114973257482053
Epoch :  668  Epoch time :  0.3921859571710229  Train L2 Loss :  0.018116844019293785
Epoch :  669  Epoch time :  0.3924924824386835  Train L2 Loss :  0.018095710331201553
Epoch :  670  Epoch time :  0.3942709481343627  Train L2 Loss :  0.018089343750476838
Epoch :  671  Epoch time :  0.3923762049525976  Train L2 Loss :  0.018075744473934174
Epoch :  672  Epoch time :  0.3921898901462555  Train L2 Loss :  0.018060411646962166
Epoch :  673  Epoch time :  0.39232865907251835  Train L2 Loss :  0.018057617485523224
Epoch :  674  Epoch time :  0.3926448058336973  Train L2 Loss :  0.01804317879676819
Epoch :  675  Epoch time :  0.3926586611196399  Train L2 Loss :  0.018040410763025285
Epoch :  676  Epoch time :  0.3926946446299553  Train L2 Loss :  0.018021307975053788
Epoch :  677  Epoch time :  0.3924371059983969  Train L2 Loss :  0.01801799275279045
Epoch :  678  Epoch time :  0.39239527843892574  Train L2 Loss :  0.017998720479011535
Epoch :  679  Epoch time :  0.39245241694152355  Train L2 Loss :  0.018006172668933867
Epoch :  680  Epoch time :  0.39198232628405094  Train L2 Loss :  0.017989128768444062
Epoch :  681  Epoch time :  0.3935329560190439  Train L2 Loss :  0.017967990291118622
Epoch :  682  Epoch time :  0.3924383819103241  Train L2 Loss :  0.017970206359028816
Epoch :  683  Epoch time :  0.3926515504717827  Train L2 Loss :  0.01795761017203331
Epoch :  684  Epoch time :  0.39231796842068434  Train L2 Loss :  0.017943311512470247
Epoch :  685  Epoch time :  0.3923177979886532  Train L2 Loss :  0.017926350817084314
Epoch :  686  Epoch time :  0.3916824636980891  Train L2 Loss :  0.01791916885972023
Epoch :  687  Epoch time :  0.3922052402049303  Train L2 Loss :  0.01791208041012287
Epoch :  688  Epoch time :  0.3924881238490343  Train L2 Loss :  0.017906550973653793
Epoch :  689  Epoch time :  0.3918635006994009  Train L2 Loss :  0.01789236667752266
Epoch :  690  Epoch time :  0.3918584603816271  Train L2 Loss :  0.017896804878115655
Epoch :  691  Epoch time :  0.3933037491515279  Train L2 Loss :  0.017877187198400497
Epoch :  692  Epoch time :  0.3918358301743865  Train L2 Loss :  0.01787021585404873
Epoch :  693  Epoch time :  0.39199658390134573  Train L2 Loss :  0.017854371905326842
Epoch :  694  Epoch time :  0.39175572618842125  Train L2 Loss :  0.017842373743653297
Epoch :  695  Epoch time :  0.39133683033287525  Train L2 Loss :  0.017837307104468347
Epoch :  696  Epoch time :  0.4093222916126251  Train L2 Loss :  0.01782185980826616
Epoch :  697  Epoch time :  0.4021224994212389  Train L2 Loss :  0.017820729219913484
Epoch :  698  Epoch time :  0.3917291443794966  Train L2 Loss :  0.01781011520922184
Epoch :  699  Epoch time :  0.3916574511677027  Train L2 Loss :  0.017792382642626763
Epoch :  700  Epoch time :  0.3920219661667943  Train L2 Loss :  0.017705719542503356
Epoch :  701  Epoch time :  0.39209252316504717  Train L2 Loss :  0.017686290514469148
Epoch :  702  Epoch time :  0.39311190601438284  Train L2 Loss :  0.01767675408422947
Epoch :  703  Epoch time :  0.3915237309411168  Train L2 Loss :  0.017674612510204316
Epoch :  704  Epoch time :  0.3917290745303035  Train L2 Loss :  0.017671931545436382
Epoch :  705  Epoch time :  0.3918117731809616  Train L2 Loss :  0.01766731358766556
Epoch :  706  Epoch time :  0.3918195404112339  Train L2 Loss :  0.017662814608216285
Epoch :  707  Epoch time :  0.39188978634774685  Train L2 Loss :  0.017657922649383546
Epoch :  708  Epoch time :  0.39159054309129715  Train L2 Loss :  0.01765412496626377
Epoch :  709  Epoch time :  0.39140745904296637  Train L2 Loss :  0.017646464270353317
Epoch :  710  Epoch time :  0.39172135572880507  Train L2 Loss :  0.017641354045271875
Epoch :  711  Epoch time :  0.3920183815062046  Train L2 Loss :  0.017633048820495604
Epoch :  712  Epoch time :  0.39202564023435116  Train L2 Loss :  0.01763693792819977
Epoch :  713  Epoch time :  0.3930184058845043  Train L2 Loss :  0.01763037616610527
Epoch :  714  Epoch time :  0.3921337462961674  Train L2 Loss :  0.017620704901218413
Epoch :  715  Epoch time :  0.39201220497488976  Train L2 Loss :  0.017617584577202798
Epoch :  716  Epoch time :  0.39209078531712294  Train L2 Loss :  0.017613201493024828
Epoch :  717  Epoch time :  0.39159667771309614  Train L2 Loss :  0.017607003517448903
Epoch :  718  Epoch time :  0.39181660767644644  Train L2 Loss :  0.017605798256397246
Epoch :  719  Epoch time :  0.39179449155926704  Train L2 Loss :  0.01759511749446392
Epoch :  720  Epoch time :  0.39175064861774445  Train L2 Loss :  0.017591914626955987
Epoch :  721  Epoch time :  0.3920546416193247  Train L2 Loss :  0.017582958170771597
Epoch :  722  Epoch time :  0.3919804561883211  Train L2 Loss :  0.017581826919317246
Epoch :  723  Epoch time :  0.3957439735531807  Train L2 Loss :  0.017576054641604423
Epoch :  724  Epoch time :  0.3952782806009054  Train L2 Loss :  0.017569418972730635
Epoch :  725  Epoch time :  0.3929328927770257  Train L2 Loss :  0.01756413015127182
Epoch :  726  Epoch time :  0.39268591441214085  Train L2 Loss :  0.017565281754732133
Epoch :  727  Epoch time :  0.39303288236260414  Train L2 Loss :  0.017556213098764418
Epoch :  728  Epoch time :  0.3929197434335947  Train L2 Loss :  0.017549586296081544
Epoch :  729  Epoch time :  0.3926646485924721  Train L2 Loss :  0.017544816303253174
Epoch :  730  Epoch time :  0.39247240871191025  Train L2 Loss :  0.01753764953315258
Epoch :  731  Epoch time :  0.392489792779088  Train L2 Loss :  0.017531453132629396
Epoch :  732  Epoch time :  0.392286429181695  Train L2 Loss :  0.01752710972428322
Epoch :  733  Epoch time :  0.39217780251055956  Train L2 Loss :  0.01752176882326603
Epoch :  734  Epoch time :  0.3926014415919781  Train L2 Loss :  0.01751927284002304
Epoch :  735  Epoch time :  0.3925285777077079  Train L2 Loss :  0.0175077131152153
Epoch :  736  Epoch time :  0.39244012627750635  Train L2 Loss :  0.01750191015601158
Epoch :  737  Epoch time :  0.3928242288529873  Train L2 Loss :  0.0174986038595438
Epoch :  738  Epoch time :  0.3930173562839627  Train L2 Loss :  0.017498132854700088
Epoch :  739  Epoch time :  0.39248262625187635  Train L2 Loss :  0.017486996021866798
Epoch :  740  Epoch time :  0.3928378038108349  Train L2 Loss :  0.017481387835741043
Epoch :  741  Epoch time :  0.39259312488138676  Train L2 Loss :  0.017476716953516006
Epoch :  742  Epoch time :  0.3924635387957096  Train L2 Loss :  0.01747175118327141
Epoch :  743  Epoch time :  0.39267360512167215  Train L2 Loss :  0.017464539390802385
Epoch :  744  Epoch time :  0.3938170066103339  Train L2 Loss :  0.017460131600499154
Epoch :  745  Epoch time :  0.39247981645166874  Train L2 Loss :  0.017456972682476042
Epoch :  746  Epoch time :  0.3928307332098484  Train L2 Loss :  0.017450911021232605
Epoch :  747  Epoch time :  0.3929849099367857  Train L2 Loss :  0.017442810255289078
Epoch :  748  Epoch time :  0.39266974851489067  Train L2 Loss :  0.017439126032590867
Epoch :  749  Epoch time :  0.3925209688022733  Train L2 Loss :  0.017438409370183944
Epoch :  750  Epoch time :  0.39341090340167284  Train L2 Loss :  0.017428959932923316
Epoch :  751  Epoch time :  0.39270774368196726  Train L2 Loss :  0.0174215578943491
Epoch :  752  Epoch time :  0.3924551261588931  Train L2 Loss :  0.017415159821510314
Epoch :  753  Epoch time :  0.39256961923092604  Train L2 Loss :  0.01740843930542469
Epoch :  754  Epoch time :  0.39268974121659994  Train L2 Loss :  0.01740857299566269
Epoch :  755  Epoch time :  0.3927242197096348  Train L2 Loss :  0.017404886937141418
Epoch :  756  Epoch time :  0.4118219343945384  Train L2 Loss :  0.017396141478419305
Epoch :  757  Epoch time :  0.3924018619582057  Train L2 Loss :  0.017389193058013917
Epoch :  758  Epoch time :  0.3926956355571747  Train L2 Loss :  0.017387125977873803
Epoch :  759  Epoch time :  0.3929527271538973  Train L2 Loss :  0.017378609335422516
Epoch :  760  Epoch time :  0.3925367100164294  Train L2 Loss :  0.017373739725351334
Epoch :  761  Epoch time :  0.39249500539153814  Train L2 Loss :  0.017368631768226624
Epoch :  762  Epoch time :  0.39267225563526154  Train L2 Loss :  0.017363891580700876
Epoch :  763  Epoch time :  0.39250507671386003  Train L2 Loss :  0.017354984188079833
Epoch :  764  Epoch time :  0.39269681461155415  Train L2 Loss :  0.017352225959300995
Epoch :  765  Epoch time :  0.39223703648895025  Train L2 Loss :  0.017348293465375902
Epoch :  766  Epoch time :  0.39414960239082575  Train L2 Loss :  0.017340407592058182
Epoch :  767  Epoch time :  0.39242446422576904  Train L2 Loss :  0.01733410207629204
Epoch :  768  Epoch time :  0.3928117146715522  Train L2 Loss :  0.017326937770843504
Epoch :  769  Epoch time :  0.3927233051508665  Train L2 Loss :  0.017326677030324936
Epoch :  770  Epoch time :  0.3925395952537656  Train L2 Loss :  0.017314134621620177
Epoch :  771  Epoch time :  0.39241691399365664  Train L2 Loss :  0.01731024835407734
Epoch :  772  Epoch time :  0.39277559984475374  Train L2 Loss :  0.01730680897831917
Epoch :  773  Epoch time :  0.3929041475057602  Train L2 Loss :  0.017304615682363512
Epoch :  774  Epoch time :  0.3924428094178438  Train L2 Loss :  0.017292217165231705
Epoch :  775  Epoch time :  0.3932953951880336  Train L2 Loss :  0.017291046732664107
Epoch :  776  Epoch time :  0.39224219508469105  Train L2 Loss :  0.017286586844921112
Epoch :  777  Epoch time :  0.3934333333745599  Train L2 Loss :  0.017274054527282715
Epoch :  778  Epoch time :  0.3921889280900359  Train L2 Loss :  0.01727752134501934
Epoch :  779  Epoch time :  0.39201602805405855  Train L2 Loss :  0.017270068615674972
Epoch :  780  Epoch time :  0.3921590968966484  Train L2 Loss :  0.01726150376498699
Epoch :  781  Epoch time :  0.3919071676209569  Train L2 Loss :  0.017259777504205705
Epoch :  782  Epoch time :  0.3921723570674658  Train L2 Loss :  0.01725101553797722
Epoch :  783  Epoch time :  0.3923116447404027  Train L2 Loss :  0.017251076769828795
Epoch :  784  Epoch time :  0.3921969495713711  Train L2 Loss :  0.01724454698562622
Epoch :  785  Epoch time :  0.391992075368762  Train L2 Loss :  0.017237672835588455
Epoch :  786  Epoch time :  0.3936460744589567  Train L2 Loss :  0.017230623534321785
Epoch :  787  Epoch time :  0.3922748938202858  Train L2 Loss :  0.017222089928388595
Epoch :  788  Epoch time :  0.39188733510673046  Train L2 Loss :  0.017220924800634384
Epoch :  789  Epoch time :  0.39205422531813383  Train L2 Loss :  0.017210675352811813
Epoch :  790  Epoch time :  0.39188575092703104  Train L2 Loss :  0.017205839890241624
Epoch :  791  Epoch time :  0.39197133854031563  Train L2 Loss :  0.01720650511085987
Epoch :  792  Epoch time :  0.39208090398460627  Train L2 Loss :  0.01719546658694744
Epoch :  793  Epoch time :  0.39168140199035406  Train L2 Loss :  0.01719294456243515
Epoch :  794  Epoch time :  0.39214879740029573  Train L2 Loss :  0.017184720480442048
Epoch :  795  Epoch time :  0.3918877188116312  Train L2 Loss :  0.017178036054968832
Epoch :  796  Epoch time :  0.3919662069529295  Train L2 Loss :  0.017173966431617737
Epoch :  797  Epoch time :  0.39176797959953547  Train L2 Loss :  0.01717018730789423
Epoch :  798  Epoch time :  0.3932201638817787  Train L2 Loss :  0.017166260221600532
Epoch :  799  Epoch time :  0.3918963484466076  Train L2 Loss :  0.01715598446726799
Epoch :  800  Epoch time :  0.3921359246596694  Train L2 Loss :  0.01711245545446873
Epoch :  801  Epoch time :  0.3931382307782769  Train L2 Loss :  0.017104117074608804
Epoch :  802  Epoch time :  0.3924487819895148  Train L2 Loss :  0.017099568980932237
Epoch :  803  Epoch time :  0.39244216214865446  Train L2 Loss :  0.017099115458130837
Epoch :  804  Epoch time :  0.3927238481119275  Train L2 Loss :  0.017095423373579978
Epoch :  805  Epoch time :  0.3923590462654829  Train L2 Loss :  0.01709331970512867
Epoch :  806  Epoch time :  0.3924100762233138  Train L2 Loss :  0.01709208615720272
Epoch :  807  Epoch time :  0.39268665201961994  Train L2 Loss :  0.017088536840677262
Epoch :  808  Epoch time :  0.39229485113173723  Train L2 Loss :  0.017086706113815308
Epoch :  809  Epoch time :  0.39787185937166214  Train L2 Loss :  0.01708116971552372
Epoch :  810  Epoch time :  0.39424299355596304  Train L2 Loss :  0.017079587173461915
Epoch :  811  Epoch time :  0.3927608132362366  Train L2 Loss :  0.017075229865312576
Epoch :  812  Epoch time :  0.3931806134060025  Train L2 Loss :  0.01707462331056595
Epoch :  813  Epoch time :  0.39316196739673615  Train L2 Loss :  0.01707139672636986
Epoch :  814  Epoch time :  0.3933934234082699  Train L2 Loss :  0.017068294247984887
Epoch :  815  Epoch time :  0.40986670833081007  Train L2 Loss :  0.017063477778434755
Epoch :  816  Epoch time :  0.3929207194596529  Train L2 Loss :  0.017062235498428346
Epoch :  817  Epoch time :  0.39286361262202263  Train L2 Loss :  0.01706177262067795
Epoch :  818  Epoch time :  0.39283824246376753  Train L2 Loss :  0.01705819047987461
Epoch :  819  Epoch time :  0.39240092784166336  Train L2 Loss :  0.017053975808620454
Epoch :  820  Epoch time :  0.3928192500025034  Train L2 Loss :  0.017052772557735442
Epoch :  821  Epoch time :  0.39473401475697756  Train L2 Loss :  0.017047798785567284
Epoch :  822  Epoch time :  0.39267650712281466  Train L2 Loss :  0.01704432739466429
Epoch :  823  Epoch time :  0.3931412184610963  Train L2 Loss :  0.01704139001965523
Epoch :  824  Epoch time :  0.3929168311879039  Train L2 Loss :  0.017040997660160064
Epoch :  825  Epoch time :  0.39290608186274767  Train L2 Loss :  0.01703573113679886
Epoch :  826  Epoch time :  0.3925787378102541  Train L2 Loss :  0.017034153708815575
Epoch :  827  Epoch time :  0.3928254470229149  Train L2 Loss :  0.0170289923414588
Epoch :  828  Epoch time :  0.394253215752542  Train L2 Loss :  0.01702854281961918
Epoch :  829  Epoch time :  0.39741375017911196  Train L2 Loss :  0.017025904738903044
Epoch :  830  Epoch time :  0.39269737992435694  Train L2 Loss :  0.017021081131696703
Epoch :  831  Epoch time :  0.39264725614339113  Train L2 Loss :  0.01701993175446987
Epoch :  832  Epoch time :  0.3929647281765938  Train L2 Loss :  0.017015584123134614
Epoch :  833  Epoch time :  0.3928833771497011  Train L2 Loss :  0.017014649350941182
Epoch :  834  Epoch time :  0.3929426958784461  Train L2 Loss :  0.017010823613405227
Epoch :  835  Epoch time :  0.39327666722238064  Train L2 Loss :  0.017007134899497033
Epoch :  836  Epoch time :  0.39308751467615366  Train L2 Loss :  0.017004571932554245
Epoch :  837  Epoch time :  0.3927240055054426  Train L2 Loss :  0.017000820636749268
Epoch :  838  Epoch time :  0.39277111925184727  Train L2 Loss :  0.01699791950136423
Epoch :  839  Epoch time :  0.39306626934558153  Train L2 Loss :  0.016996312195062636
Epoch :  840  Epoch time :  0.3926078835502267  Train L2 Loss :  0.016992273797094823
Epoch :  841  Epoch time :  0.3947455771267414  Train L2 Loss :  0.016992005109786986
Epoch :  842  Epoch time :  0.3928905054926872  Train L2 Loss :  0.01698694576174021
Epoch :  843  Epoch time :  0.3933672970160842  Train L2 Loss :  0.01698483082652092
Epoch :  844  Epoch time :  0.39288883563131094  Train L2 Loss :  0.016982086902856828
Epoch :  845  Epoch time :  0.3930913582444191  Train L2 Loss :  0.016977660918235778
Epoch :  846  Epoch time :  0.3929572096094489  Train L2 Loss :  0.01697713750600815
Epoch :  847  Epoch time :  0.39263712894171476  Train L2 Loss :  0.016972112026810645
Epoch :  848  Epoch time :  0.3927078265696764  Train L2 Loss :  0.01696792739033699
Epoch :  849  Epoch time :  0.3926665261387825  Train L2 Loss :  0.01696642782688141
Epoch :  850  Epoch time :  0.39283263497054577  Train L2 Loss :  0.016961418434977532
Epoch :  851  Epoch time :  0.3927707886323333  Train L2 Loss :  0.016960808300971984
Epoch :  852  Epoch time :  0.3945397771894932  Train L2 Loss :  0.016959848612546922
Epoch :  853  Epoch time :  0.39539952389895916  Train L2 Loss :  0.01695561326742172
Epoch :  854  Epoch time :  0.4006239613518119  Train L2 Loss :  0.016952009651064873
Epoch :  855  Epoch time :  0.3929540030658245  Train L2 Loss :  0.01694730570316315
Epoch :  856  Epoch time :  0.39272066578269005  Train L2 Loss :  0.016948623293638228
Epoch :  857  Epoch time :  0.39266713708639145  Train L2 Loss :  0.01694155085682869
Epoch :  858  Epoch time :  0.39307668805122375  Train L2 Loss :  0.016940633684396744
Epoch :  859  Epoch time :  0.39276218228042126  Train L2 Loss :  0.01693745016157627
Epoch :  860  Epoch time :  0.3928151959553361  Train L2 Loss :  0.016935043078660963
Epoch :  861  Epoch time :  0.3929464239627123  Train L2 Loss :  0.016931741178035736
Epoch :  862  Epoch time :  0.392605266533792  Train L2 Loss :  0.01692926189303398
Epoch :  863  Epoch time :  0.3938428284600377  Train L2 Loss :  0.016924495124816894
Epoch :  864  Epoch time :  0.3932481314986944  Train L2 Loss :  0.01692412588596344
Epoch :  865  Epoch time :  0.39279077108949423  Train L2 Loss :  0.016919095599651338
Epoch :  866  Epoch time :  0.39270820654928684  Train L2 Loss :  0.016917839699983596
Epoch :  867  Epoch time :  0.39222301822155714  Train L2 Loss :  0.016912709325551986
Epoch :  868  Epoch time :  0.3925239108502865  Train L2 Loss :  0.016909783965349198
Epoch :  869  Epoch time :  0.39274722896516323  Train L2 Loss :  0.0169084735840559
Epoch :  870  Epoch time :  0.39271876867860556  Train L2 Loss :  0.01690451700091362
Epoch :  871  Epoch time :  0.39239003509283066  Train L2 Loss :  0.01690131340920925
Epoch :  872  Epoch time :  0.3927913550287485  Train L2 Loss :  0.016898778870701788
Epoch :  873  Epoch time :  0.3943313164636493  Train L2 Loss :  0.01689619319587946
Epoch :  874  Epoch time :  0.4015014097094536  Train L2 Loss :  0.016893242090940477
Epoch :  875  Epoch time :  0.40164576563984156  Train L2 Loss :  0.016891934356093406
Epoch :  876  Epoch time :  0.3931993758305907  Train L2 Loss :  0.016886792707443237
Epoch :  877  Epoch time :  0.3931464357301593  Train L2 Loss :  0.016885014325380324
Epoch :  878  Epoch time :  0.3926423890516162  Train L2 Loss :  0.016882136139273644
Epoch :  879  Epoch time :  0.3924939641728997  Train L2 Loss :  0.01687816782593727
Epoch :  880  Epoch time :  0.39268879871815443  Train L2 Loss :  0.016874482068419457
Epoch :  881  Epoch time :  0.3924211114645004  Train L2 Loss :  0.01687224140167236
Epoch :  882  Epoch time :  0.3923961063846946  Train L2 Loss :  0.01687031978517771
Epoch :  883  Epoch time :  0.39241559710353613  Train L2 Loss :  0.01686621510386467
Epoch :  884  Epoch time :  0.393606660887599  Train L2 Loss :  0.016863206160068513
Epoch :  885  Epoch time :  0.39256621710956097  Train L2 Loss :  0.016859349650144576
Epoch :  886  Epoch time :  0.39267867151647806  Train L2 Loss :  0.01685938143134117
Epoch :  887  Epoch time :  0.39258196763694286  Train L2 Loss :  0.016852398346364497
Epoch :  888  Epoch time :  0.3924703514203429  Train L2 Loss :  0.01685085203051567
Epoch :  889  Epoch time :  0.3927730666473508  Train L2 Loss :  0.016850463300943374
Epoch :  890  Epoch time :  0.3929480938240886  Train L2 Loss :  0.016847964093089102
Epoch :  891  Epoch time :  0.39310753624886274  Train L2 Loss :  0.016842379415035247
Epoch :  892  Epoch time :  0.3923764964565635  Train L2 Loss :  0.01683992139548063
Epoch :  893  Epoch time :  0.39277464617043734  Train L2 Loss :  0.016836757612228394
Epoch :  894  Epoch time :  0.3929625377058983  Train L2 Loss :  0.016834423276782036
Epoch :  895  Epoch time :  0.39925971161574125  Train L2 Loss :  0.016832951575517653
Epoch :  896  Epoch time :  0.3938370104879141  Train L2 Loss :  0.01682816684246063
Epoch :  897  Epoch time :  0.3936522537842393  Train L2 Loss :  0.016825944757461547
Epoch :  898  Epoch time :  0.39309874922037125  Train L2 Loss :  0.01682141048312187
Epoch :  899  Epoch time :  0.39328309800475836  Train L2 Loss :  0.016820126220583917
Epoch :  900  Epoch time :  0.3939217468723655  Train L2 Loss :  0.016794897592067717
Epoch :  901  Epoch time :  0.3938208306208253  Train L2 Loss :  0.016790634232759477
Epoch :  902  Epoch time :  0.39330278616398573  Train L2 Loss :  0.016790086418390273
Epoch :  903  Epoch time :  0.39331428706645966  Train L2 Loss :  0.016788637271523476
Epoch :  904  Epoch time :  0.39355923142284155  Train L2 Loss :  0.016786074510216714
Epoch :  905  Epoch time :  0.39320966973900795  Train L2 Loss :  0.016784041300415994
Epoch :  906  Epoch time :  0.3934927638620138  Train L2 Loss :  0.01678419725894928
Epoch :  907  Epoch time :  0.3934124978259206  Train L2 Loss :  0.01678270468711853
Epoch :  908  Epoch time :  0.3934716060757637  Train L2 Loss :  0.016780660106241702
Epoch :  909  Epoch time :  0.3931529922410846  Train L2 Loss :  0.01677829589545727
Epoch :  910  Epoch time :  0.39285828545689583  Train L2 Loss :  0.016777520072460174
Epoch :  911  Epoch time :  0.3934631673619151  Train L2 Loss :  0.016776522061228753
Epoch :  912  Epoch time :  0.3928080443292856  Train L2 Loss :  0.01677518209218979
Epoch :  913  Epoch time :  0.39298489410430193  Train L2 Loss :  0.016772068431973458
Epoch :  914  Epoch time :  0.3931583510711789  Train L2 Loss :  0.016771274787187575
Epoch :  915  Epoch time :  0.3929707547649741  Train L2 Loss :  0.016769552259147166
Epoch :  916  Epoch time :  0.3949818089604378  Train L2 Loss :  0.01676819325685501
Epoch :  917  Epoch time :  0.3933954741805792  Train L2 Loss :  0.01676640911847353
Epoch :  918  Epoch time :  0.39343898091465235  Train L2 Loss :  0.01676577906012535
Epoch :  919  Epoch time :  0.39291370566934347  Train L2 Loss :  0.016764092206954954
Epoch :  920  Epoch time :  0.39316349010914564  Train L2 Loss :  0.016762332490086556
Epoch :  921  Epoch time :  0.3939715148881078  Train L2 Loss :  0.016759580612182617
Epoch :  922  Epoch time :  0.39304149989038706  Train L2 Loss :  0.016759156170487403
Epoch :  923  Epoch time :  0.392590569332242  Train L2 Loss :  0.016757262745499612
Epoch :  924  Epoch time :  0.39310457091778517  Train L2 Loss :  0.016755377528071404
Epoch :  925  Epoch time :  0.3932391330599785  Train L2 Loss :  0.01675550612807274
Epoch :  926  Epoch time :  0.3931752145290375  Train L2 Loss :  0.016753850311040878
Epoch :  927  Epoch time :  0.39516258146613836  Train L2 Loss :  0.016752208814024925
Epoch :  928  Epoch time :  0.39279611594974995  Train L2 Loss :  0.016750294260680674
Epoch :  929  Epoch time :  0.39286409318447113  Train L2 Loss :  0.016749060291051866
Epoch :  930  Epoch time :  0.3930857861414552  Train L2 Loss :  0.016746893107891084
Epoch :  931  Epoch time :  0.39385802391916513  Train L2 Loss :  0.01674661284685135
Epoch :  932  Epoch time :  0.3928882107138634  Train L2 Loss :  0.016744309294223787
Epoch :  933  Epoch time :  0.40131734777241945  Train L2 Loss :  0.016742283815145493
Epoch :  934  Epoch time :  0.4019799418747425  Train L2 Loss :  0.016740772008895875
Epoch :  935  Epoch time :  0.3930897694081068  Train L2 Loss :  0.016738672628998755
Epoch :  936  Epoch time :  0.39347441401332617  Train L2 Loss :  0.016737978148460387
Epoch :  937  Epoch time :  0.39313917979598045  Train L2 Loss :  0.01673670103251934
Epoch :  938  Epoch time :  0.39413433615118265  Train L2 Loss :  0.016735740023851396
Epoch :  939  Epoch time :  0.3928105989471078  Train L2 Loss :  0.016733152920007707
Epoch :  940  Epoch time :  0.39624822698533535  Train L2 Loss :  0.01673099142611027
Epoch :  941  Epoch time :  0.3941362062469125  Train L2 Loss :  0.016730584096908568
Epoch :  942  Epoch time :  0.3944528875872493  Train L2 Loss :  0.016727663201093673
Epoch :  943  Epoch time :  0.4022099273279309  Train L2 Loss :  0.01672720571309328
Epoch :  944  Epoch time :  0.4071841388940811  Train L2 Loss :  0.016724720376729965
Epoch :  945  Epoch time :  0.4067708710208535  Train L2 Loss :  0.01672362630367279
Epoch :  946  Epoch time :  0.411940592341125  Train L2 Loss :  0.016722683227062225
Epoch :  947  Epoch time :  0.3978761024773121  Train L2 Loss :  0.01672044923007488
Epoch :  948  Epoch time :  0.39992566499859095  Train L2 Loss :  0.01671895851790905
Epoch :  949  Epoch time :  0.399018295109272  Train L2 Loss :  0.016718242925405503
Epoch :  950  Epoch time :  0.39958506636321545  Train L2 Loss :  0.016716243514418604
Epoch :  951  Epoch time :  0.39804793521761894  Train L2 Loss :  0.01671463390290737
Epoch :  952  Epoch time :  0.39554309472441673  Train L2 Loss :  0.016712377989292145
Epoch :  953  Epoch time :  0.39322835579514503  Train L2 Loss :  0.016712046653032303
Epoch :  954  Epoch time :  0.3933881623670459  Train L2 Loss :  0.016709067645668985
Epoch :  955  Epoch time :  0.3930354993790388  Train L2 Loss :  0.01670784371495247
Epoch :  956  Epoch time :  0.3929135696962476  Train L2 Loss :  0.016706106314063073
Epoch :  957  Epoch time :  0.39305641409009695  Train L2 Loss :  0.01670545446872711
Epoch :  958  Epoch time :  0.3931439761072397  Train L2 Loss :  0.016703065571188926
Epoch :  959  Epoch time :  0.39435175340622663  Train L2 Loss :  0.016703157463669776
Epoch :  960  Epoch time :  0.39277711138129234  Train L2 Loss :  0.016701386323571207
Epoch :  961  Epoch time :  0.3925095470622182  Train L2 Loss :  0.016699305421113968
Epoch :  962  Epoch time :  0.39273435063660145  Train L2 Loss :  0.01669754385948181
Epoch :  963  Epoch time :  0.392622672021389  Train L2 Loss :  0.0166967309653759
Epoch :  964  Epoch time :  0.3925994634628296  Train L2 Loss :  0.016694455486536027
Epoch :  965  Epoch time :  0.3927754256874323  Train L2 Loss :  0.01669274292886257
Epoch :  966  Epoch time :  0.3928310414776206  Train L2 Loss :  0.0166913898229599
Epoch :  967  Epoch time :  0.3928483575582504  Train L2 Loss :  0.01668914162516594
Epoch :  968  Epoch time :  0.39299411326646805  Train L2 Loss :  0.016687760302424432
Epoch :  969  Epoch time :  0.39255152828991413  Train L2 Loss :  0.016686456048488618
Epoch :  970  Epoch time :  0.394211633130908  Train L2 Loss :  0.016684243300557136
Epoch :  971  Epoch time :  0.39310883078724146  Train L2 Loss :  0.016683518552780153
Epoch :  972  Epoch time :  0.3927564062178135  Train L2 Loss :  0.016680839133262633
Epoch :  973  Epoch time :  0.393070038408041  Train L2 Loss :  0.016680389542877674
Epoch :  974  Epoch time :  0.3951410260051489  Train L2 Loss :  0.01667902832329273
Epoch :  975  Epoch time :  0.3929276652634144  Train L2 Loss :  0.01667758859694004
Epoch :  976  Epoch time :  0.3948383592069149  Train L2 Loss :  0.01667535749077797
Epoch :  977  Epoch time :  0.39258310105651617  Train L2 Loss :  0.016674424046278
Epoch :  978  Epoch time :  0.39252346474677324  Train L2 Loss :  0.01667260439991951
Epoch :  979  Epoch time :  0.3929339246824384  Train L2 Loss :  0.016670697206258772
Epoch :  980  Epoch time :  0.3992362655699253  Train L2 Loss :  0.016669302275776864
Epoch :  981  Epoch time :  0.39540205895900726  Train L2 Loss :  0.0166682705193758
Epoch :  982  Epoch time :  0.3933871854096651  Train L2 Loss :  0.016665804493427278
Epoch :  983  Epoch time :  0.393842875957489  Train L2 Loss :  0.016664709848165513
Epoch :  984  Epoch time :  0.3936743540689349  Train L2 Loss :  0.016663540878891946
Epoch :  985  Epoch time :  0.3934537637978792  Train L2 Loss :  0.016661903166770936
Epoch :  986  Epoch time :  0.3935419153422117  Train L2 Loss :  0.016659960132837295
Epoch :  987  Epoch time :  0.3943269532173872  Train L2 Loss :  0.016658062709867954
Epoch :  988  Epoch time :  0.39333910308778286  Train L2 Loss :  0.016657569003105163
Epoch :  989  Epoch time :  0.393021110445261  Train L2 Loss :  0.016655726945400236
Epoch :  990  Epoch time :  0.39326438680291176  Train L2 Loss :  0.01665356336236
Epoch :  991  Epoch time :  0.3929149014875293  Train L2 Loss :  0.016651852896809576
Epoch :  992  Epoch time :  0.40073279570788145  Train L2 Loss :  0.016650118777155876
Epoch :  993  Epoch time :  0.40826864168047905  Train L2 Loss :  0.016648672327399253
Epoch :  994  Epoch time :  0.39292565640062094  Train L2 Loss :  0.01664797660112381
Epoch :  995  Epoch time :  0.39253054931759834  Train L2 Loss :  0.016646601244807244
Epoch :  996  Epoch time :  0.3928050957620144  Train L2 Loss :  0.0166444639980793
Epoch :  997  Epoch time :  0.39291160739958286  Train L2 Loss :  0.016642361277341842
Epoch :  998  Epoch time :  0.3944285912439227  Train L2 Loss :  0.016640821987390517
Epoch :  999  Epoch time :  0.3924260186031461  Train L2 Loss :  0.016639579904079438
Total time is : 391.9102932550013 Total epoch is  1000
