Energy is  4.440892098500626e-15
Input dim :  128  output dim :  4096
3473
Epoch :  0  Epoch time :  0.5601061368361115  Train L2 Loss :  6.677289559173584
Epoch :  1  Epoch time :  0.38390259351581335  Train L2 Loss :  6.470425300979614
Epoch :  2  Epoch time :  0.38254228327423334  Train L2 Loss :  5.996462482452393
Epoch :  3  Epoch time :  0.3844768824055791  Train L2 Loss :  5.600353059387207
Epoch :  4  Epoch time :  0.38309711776673794  Train L2 Loss :  5.429951007080078
Epoch :  5  Epoch time :  0.38337329495698214  Train L2 Loss :  5.350807972717285
Epoch :  6  Epoch time :  0.3849502904340625  Train L2 Loss :  5.218694651794434
Epoch :  7  Epoch time :  0.3831831756979227  Train L2 Loss :  4.747773146820069
Epoch :  8  Epoch time :  0.38475883658975363  Train L2 Loss :  4.427514554595947
Epoch :  9  Epoch time :  0.383199667558074  Train L2 Loss :  4.297718923187256
Epoch :  10  Epoch time :  0.38293043430894613  Train L2 Loss :  4.249685885238647
Epoch :  11  Epoch time :  0.38520648796111345  Train L2 Loss :  4.221054052734375
Epoch :  12  Epoch time :  0.3837389852851629  Train L2 Loss :  4.186156829071045
Epoch :  13  Epoch time :  0.3857159223407507  Train L2 Loss :  4.152699362182617
Epoch :  14  Epoch time :  0.38625506963580847  Train L2 Loss :  4.09597590713501
Epoch :  15  Epoch time :  0.3854912957176566  Train L2 Loss :  4.0133638641357425
Epoch :  16  Epoch time :  0.38556324876844883  Train L2 Loss :  3.798401184082031
Epoch :  17  Epoch time :  0.3852238915860653  Train L2 Loss :  3.607180376434326
Epoch :  18  Epoch time :  0.38343938533216715  Train L2 Loss :  3.5232504001617433
Epoch :  19  Epoch time :  0.3832899611443281  Train L2 Loss :  3.459203663635254
Epoch :  20  Epoch time :  0.38345260731875896  Train L2 Loss :  3.4282861862182616
Epoch :  21  Epoch time :  0.39527084864676  Train L2 Loss :  3.3928676483154296
Epoch :  22  Epoch time :  0.3849594425410032  Train L2 Loss :  3.3684195068359375
Epoch :  23  Epoch time :  0.3836282854899764  Train L2 Loss :  3.3447928230285644
Epoch :  24  Epoch time :  0.3833730220794678  Train L2 Loss :  3.3261005767822267
Epoch :  25  Epoch time :  0.38397161941975355  Train L2 Loss :  3.3070215866088866
Epoch :  26  Epoch time :  0.38395491521805525  Train L2 Loss :  3.2932266929626466
Epoch :  27  Epoch time :  0.3858896289020777  Train L2 Loss :  3.2751884281158445
Epoch :  28  Epoch time :  0.38395262230187654  Train L2 Loss :  3.2537776885986327
Epoch :  29  Epoch time :  0.3837264236062765  Train L2 Loss :  3.2369832199096678
Epoch :  30  Epoch time :  0.3839973034337163  Train L2 Loss :  3.209820639038086
Epoch :  31  Epoch time :  0.38534250296652317  Train L2 Loss :  3.1902015449523926
Epoch :  32  Epoch time :  0.38364440482109785  Train L2 Loss :  3.1732749265670774
Epoch :  33  Epoch time :  0.38401089794933796  Train L2 Loss :  3.1618445472717287
Epoch :  34  Epoch time :  0.3840465806424618  Train L2 Loss :  3.139171042251587
Epoch :  35  Epoch time :  0.38387817703187466  Train L2 Loss :  3.1204038627624513
Epoch :  36  Epoch time :  0.38495323341339827  Train L2 Loss :  3.1133148582458494
Epoch :  37  Epoch time :  0.38371494598686695  Train L2 Loss :  3.098366186904907
Epoch :  38  Epoch time :  0.38374859746545553  Train L2 Loss :  3.079799921798706
Epoch :  39  Epoch time :  0.38374692015349865  Train L2 Loss :  3.0722525985717772
Epoch :  40  Epoch time :  0.4014088409021497  Train L2 Loss :  3.1039174118041992
Epoch :  41  Epoch time :  0.3870037142187357  Train L2 Loss :  3.05672826461792
Epoch :  42  Epoch time :  0.38351242430508137  Train L2 Loss :  3.0075898681640627
Epoch :  43  Epoch time :  0.38388487230986357  Train L2 Loss :  2.9647593063354494
Epoch :  44  Epoch time :  0.38412052392959595  Train L2 Loss :  2.8853171981811525
Epoch :  45  Epoch time :  0.3851949339732528  Train L2 Loss :  2.8073734413146973
Epoch :  46  Epoch time :  0.3840208277106285  Train L2 Loss :  2.759392798614502
Epoch :  47  Epoch time :  0.38413606490939856  Train L2 Loss :  2.7130246940612794
Epoch :  48  Epoch time :  0.3861308675259352  Train L2 Loss :  2.6689535671234133
Epoch :  49  Epoch time :  0.38679692801088095  Train L2 Loss :  2.6239877395629883
Epoch :  50  Epoch time :  0.38366199284791946  Train L2 Loss :  2.5964728996276856
Epoch :  51  Epoch time :  0.3844608599320054  Train L2 Loss :  2.535714800262451
Epoch :  52  Epoch time :  0.3842828432098031  Train L2 Loss :  2.4825338157653807
Epoch :  53  Epoch time :  0.3853514101356268  Train L2 Loss :  2.4341607879638674
Epoch :  54  Epoch time :  0.38421214651316404  Train L2 Loss :  2.4202449161529542
Epoch :  55  Epoch time :  0.3841496370732784  Train L2 Loss :  2.371108605957031
Epoch :  56  Epoch time :  0.38431639038026333  Train L2 Loss :  2.3546198417663575
Epoch :  57  Epoch time :  0.38541817013174295  Train L2 Loss :  2.426580784988403
Epoch :  58  Epoch time :  0.38443695195019245  Train L2 Loss :  2.303187694168091
Epoch :  59  Epoch time :  0.3847130974754691  Train L2 Loss :  2.284014373779297
Epoch :  60  Epoch time :  0.38456179201602936  Train L2 Loss :  2.27602871055603
Epoch :  61  Epoch time :  0.3855695426464081  Train L2 Loss :  2.26085604057312
Epoch :  62  Epoch time :  0.3845724556595087  Train L2 Loss :  2.24423507232666
Epoch :  63  Epoch time :  0.3840036103501916  Train L2 Loss :  2.230004455566406
Epoch :  64  Epoch time :  0.38445959240198135  Train L2 Loss :  2.219560418701172
Epoch :  65  Epoch time :  0.3859232785180211  Train L2 Loss :  2.198328395843506
Epoch :  66  Epoch time :  0.38517463486641645  Train L2 Loss :  2.1815439460754393
Epoch :  67  Epoch time :  0.38494192995131016  Train L2 Loss :  2.175580889892578
Epoch :  68  Epoch time :  0.3844236992299557  Train L2 Loss :  2.1633327766418455
Epoch :  69  Epoch time :  0.3860589675605297  Train L2 Loss :  2.1478221851348875
Epoch :  70  Epoch time :  0.38471882697194815  Train L2 Loss :  2.13519362411499
Epoch :  71  Epoch time :  0.38459976855665445  Train L2 Loss :  2.1239141857147215
Epoch :  72  Epoch time :  0.38469283003360033  Train L2 Loss :  2.1095604019165037
Epoch :  73  Epoch time :  0.3878882424905896  Train L2 Loss :  2.109207467651367
Epoch :  74  Epoch time :  0.3852863749489188  Train L2 Loss :  2.114821085357666
Epoch :  75  Epoch time :  0.38493703678250313  Train L2 Loss :  2.1076226724624636
Epoch :  76  Epoch time :  0.3846785156056285  Train L2 Loss :  2.1100356910705567
Epoch :  77  Epoch time :  0.38483610562980175  Train L2 Loss :  2.08947750415802
Epoch :  78  Epoch time :  0.38489452563226223  Train L2 Loss :  2.073661166381836
Epoch :  79  Epoch time :  0.3849876709282398  Train L2 Loss :  2.085149576187134
Epoch :  80  Epoch time :  0.3850112520158291  Train L2 Loss :  2.0622193412780763
Epoch :  81  Epoch time :  0.3864541733637452  Train L2 Loss :  2.0679426420211793
Epoch :  82  Epoch time :  0.38461407739669085  Train L2 Loss :  2.0541724388122558
Epoch :  83  Epoch time :  0.385132759809494  Train L2 Loss :  2.0341099811553955
Epoch :  84  Epoch time :  0.3867100542411208  Train L2 Loss :  2.0143907859802246
Epoch :  85  Epoch time :  0.3849597033113241  Train L2 Loss :  2.0102334941864015
Epoch :  86  Epoch time :  0.3849872862920165  Train L2 Loss :  1.983574201965332
Epoch :  87  Epoch time :  0.38506491109728813  Train L2 Loss :  1.99493155002594
Epoch :  88  Epoch time :  0.3847799673676491  Train L2 Loss :  1.965263754272461
Epoch :  89  Epoch time :  0.3852764377370477  Train L2 Loss :  1.9317991407394408
Epoch :  90  Epoch time :  0.3858462357893586  Train L2 Loss :  1.9346657459259033
Epoch :  91  Epoch time :  0.3855747813358903  Train L2 Loss :  1.8981642185211183
Epoch :  92  Epoch time :  0.38549782056361437  Train L2 Loss :  1.89875205078125
Epoch :  93  Epoch time :  0.38630710262805223  Train L2 Loss :  1.8815782680511475
Epoch :  94  Epoch time :  0.3868073485791683  Train L2 Loss :  1.8745486557006836
Epoch :  95  Epoch time :  0.38675619661808014  Train L2 Loss :  1.8780492650985718
Epoch :  96  Epoch time :  0.38534282986074686  Train L2 Loss :  1.8675803089141845
Epoch :  97  Epoch time :  0.3854638487100601  Train L2 Loss :  1.8490570503234862
Epoch :  98  Epoch time :  0.3856188878417015  Train L2 Loss :  1.849834375
Epoch :  99  Epoch time :  0.3859836934134364  Train L2 Loss :  1.87755696849823
Epoch :  100  Epoch time :  0.4026076663285494  Train L2 Loss :  1.8379184873580932
Epoch :  101  Epoch time :  0.38571417424827814  Train L2 Loss :  1.8245806365966797
Epoch :  102  Epoch time :  0.38541289884597063  Train L2 Loss :  1.8248450904846192
Epoch :  103  Epoch time :  0.3865463910624385  Train L2 Loss :  1.8222506015777589
Epoch :  104  Epoch time :  0.3856177218258381  Train L2 Loss :  1.8205002975463866
Epoch :  105  Epoch time :  0.38606877345591784  Train L2 Loss :  1.8187744674682618
Epoch :  106  Epoch time :  0.3881120979785919  Train L2 Loss :  1.8147397436141968
Epoch :  107  Epoch time :  0.38573974184691906  Train L2 Loss :  1.8158115726470947
Epoch :  108  Epoch time :  0.3860369846224785  Train L2 Loss :  1.8127588262557983
Epoch :  109  Epoch time :  0.38617835845798254  Train L2 Loss :  1.810788201904297
Epoch :  110  Epoch time :  0.38544661924242973  Train L2 Loss :  1.8104437913894653
Epoch :  111  Epoch time :  0.3862400809302926  Train L2 Loss :  1.806489289855957
Epoch :  112  Epoch time :  0.38609755504876375  Train L2 Loss :  1.8057507942199706
Epoch :  113  Epoch time :  0.3854605797678232  Train L2 Loss :  1.8065045000076294
Epoch :  114  Epoch time :  0.3859054483473301  Train L2 Loss :  1.8019140407562255
Epoch :  115  Epoch time :  0.3856952954083681  Train L2 Loss :  1.799868614768982
Epoch :  116  Epoch time :  0.38524489663541317  Train L2 Loss :  1.8005153434753418
Epoch :  117  Epoch time :  0.386900981888175  Train L2 Loss :  1.7997634605407715
Epoch :  118  Epoch time :  0.385572113096714  Train L2 Loss :  1.7974118404388428
Epoch :  119  Epoch time :  0.3867650870233774  Train L2 Loss :  1.7965024408340453
Epoch :  120  Epoch time :  0.3855680087581277  Train L2 Loss :  1.8028194131851196
Epoch :  121  Epoch time :  0.3860090747475624  Train L2 Loss :  1.7928655136108398
Epoch :  122  Epoch time :  0.3854818008840084  Train L2 Loss :  1.7929677864074707
Epoch :  123  Epoch time :  0.3856023270636797  Train L2 Loss :  1.7878863950729371
Epoch :  124  Epoch time :  0.3857699381187558  Train L2 Loss :  1.7851207668304443
Epoch :  125  Epoch time :  0.3854309692978859  Train L2 Loss :  1.7830941389083863
Epoch :  126  Epoch time :  0.3859030744060874  Train L2 Loss :  1.7846581594467164
Epoch :  127  Epoch time :  0.3862002668902278  Train L2 Loss :  1.7819275871276856
Epoch :  128  Epoch time :  0.3891772711649537  Train L2 Loss :  1.7814173824310302
Epoch :  129  Epoch time :  0.38642768654972315  Train L2 Loss :  1.7775413902282715
Epoch :  130  Epoch time :  0.38631074596196413  Train L2 Loss :  1.7765086547851563
Epoch :  131  Epoch time :  0.3863851763308048  Train L2 Loss :  1.7808724910736085
Epoch :  132  Epoch time :  0.3868769183754921  Train L2 Loss :  1.7761002368927001
Epoch :  133  Epoch time :  0.3859993498772383  Train L2 Loss :  1.767184568786621
Epoch :  134  Epoch time :  0.38571575190871954  Train L2 Loss :  1.7644399105072022
Epoch :  135  Epoch time :  0.3865094995126128  Train L2 Loss :  1.7612531847000121
Epoch :  136  Epoch time :  0.3857512101531029  Train L2 Loss :  1.7574583610534669
Epoch :  137  Epoch time :  0.3858677735552192  Train L2 Loss :  1.7543078485488892
Epoch :  138  Epoch time :  0.3857207726687193  Train L2 Loss :  1.7610221166610718
Epoch :  139  Epoch time :  0.38590926956385374  Train L2 Loss :  1.7444914852142335
Epoch :  140  Epoch time :  0.38607980869710445  Train L2 Loss :  1.740347980117798
Epoch :  141  Epoch time :  0.38553917966783047  Train L2 Loss :  1.7339708576202393
Epoch :  142  Epoch time :  0.38524156529456377  Train L2 Loss :  1.7240365550994874
Epoch :  143  Epoch time :  0.38531187269836664  Train L2 Loss :  1.7192454870223999
Epoch :  144  Epoch time :  0.38665297720581293  Train L2 Loss :  1.7113782649993896
Epoch :  145  Epoch time :  0.38701385725289583  Train L2 Loss :  1.6987573945999146
Epoch :  146  Epoch time :  0.3854192504659295  Train L2 Loss :  1.69393599319458
Epoch :  147  Epoch time :  0.38527416065335274  Train L2 Loss :  1.6871491558074951
Epoch :  148  Epoch time :  0.3856972409412265  Train L2 Loss :  1.6873118511199952
Epoch :  149  Epoch time :  0.3852688651531935  Train L2 Loss :  1.6677353996276856
Epoch :  150  Epoch time :  0.38677750807255507  Train L2 Loss :  1.6599241149902344
Epoch :  151  Epoch time :  0.38541362807154655  Train L2 Loss :  1.661481680870056
Epoch :  152  Epoch time :  0.3853634372353554  Train L2 Loss :  1.6599565393447877
Epoch :  153  Epoch time :  0.38525132462382317  Train L2 Loss :  1.6654692113876344
Epoch :  154  Epoch time :  0.38518510665744543  Train L2 Loss :  1.642553959274292
Epoch :  155  Epoch time :  0.3851824477314949  Train L2 Loss :  1.6408929944992066
Epoch :  156  Epoch time :  0.38488408643752337  Train L2 Loss :  1.6381226203918458
Epoch :  157  Epoch time :  0.38534039072692394  Train L2 Loss :  1.6412684204101562
Epoch :  158  Epoch time :  0.38495004642754793  Train L2 Loss :  1.6369388610839843
Epoch :  159  Epoch time :  0.38478769455105066  Train L2 Loss :  1.6357902181625366
Epoch :  160  Epoch time :  0.401398410089314  Train L2 Loss :  1.6335289754867555
Epoch :  161  Epoch time :  0.3865990210324526  Train L2 Loss :  1.6294597414016723
Epoch :  162  Epoch time :  0.38462292309850454  Train L2 Loss :  1.6351949953079223
Epoch :  163  Epoch time :  0.3850160399451852  Train L2 Loss :  1.6359764291763306
Epoch :  164  Epoch time :  0.384746634401381  Train L2 Loss :  1.6296417137145995
Epoch :  165  Epoch time :  0.38497754745185375  Train L2 Loss :  1.6298015230178833
Epoch :  166  Epoch time :  0.38503396790474653  Train L2 Loss :  1.623008415222168
Epoch :  167  Epoch time :  0.38502693083137274  Train L2 Loss :  1.6255330821990968
Epoch :  168  Epoch time :  0.38449171744287014  Train L2 Loss :  1.6271639163970948
Epoch :  169  Epoch time :  0.38453715294599533  Train L2 Loss :  1.6243993644714356
Epoch :  170  Epoch time :  0.3848077626898885  Train L2 Loss :  1.6218391429901122
Epoch :  171  Epoch time :  0.3859666036441922  Train L2 Loss :  1.6263758209228516
Epoch :  172  Epoch time :  0.385863883420825  Train L2 Loss :  1.619389702796936
Epoch :  173  Epoch time :  0.3849304523319006  Train L2 Loss :  1.6186790267944335
Epoch :  174  Epoch time :  0.38504087924957275  Train L2 Loss :  1.6230721759796143
Epoch :  175  Epoch time :  0.3845642162486911  Train L2 Loss :  1.6186734424591065
Epoch :  176  Epoch time :  0.3849325319752097  Train L2 Loss :  1.6199291778564453
Epoch :  177  Epoch time :  0.38485205732285976  Train L2 Loss :  1.6284469467163085
Epoch :  178  Epoch time :  0.3848134269937873  Train L2 Loss :  1.6168068008422851
Epoch :  179  Epoch time :  0.38491795491427183  Train L2 Loss :  1.6154346252441407
Epoch :  180  Epoch time :  0.38479098305106163  Train L2 Loss :  1.6173759561538696
Epoch :  181  Epoch time :  0.38949975091964006  Train L2 Loss :  1.6172507082939147
Epoch :  182  Epoch time :  0.3900047233328223  Train L2 Loss :  1.6149640563964844
Epoch :  183  Epoch time :  0.3860638625919819  Train L2 Loss :  1.609710990524292
Epoch :  184  Epoch time :  0.3847382450476289  Train L2 Loss :  1.610109782600403
Epoch :  185  Epoch time :  0.38526968378573656  Train L2 Loss :  1.6110804637908935
Epoch :  186  Epoch time :  0.3845592672005296  Train L2 Loss :  1.6106135307312013
Epoch :  187  Epoch time :  0.3847466902807355  Train L2 Loss :  1.6104047775268555
Epoch :  188  Epoch time :  0.38451653998345137  Train L2 Loss :  1.6100298500061034
Epoch :  189  Epoch time :  0.38479217514395714  Train L2 Loss :  1.6098489074707032
Epoch :  190  Epoch time :  0.3850100478157401  Train L2 Loss :  1.6100852951049804
Epoch :  191  Epoch time :  0.3849591603502631  Train L2 Loss :  1.6110562469482421
Epoch :  192  Epoch time :  0.38475524727255106  Train L2 Loss :  1.6085926528930663
Epoch :  193  Epoch time :  0.3847419498488307  Train L2 Loss :  1.6114035648345948
Epoch :  194  Epoch time :  0.38618682138621807  Train L2 Loss :  1.6078661849975586
Epoch :  195  Epoch time :  0.3847688026726246  Train L2 Loss :  1.6046516563415527
Epoch :  196  Epoch time :  0.3847762979567051  Train L2 Loss :  1.6084818115234376
Epoch :  197  Epoch time :  0.3850475577637553  Train L2 Loss :  1.6076526334762573
Epoch :  198  Epoch time :  0.38459126744419336  Train L2 Loss :  1.607892103767395
Epoch :  199  Epoch time :  0.3846840923652053  Train L2 Loss :  1.6050390377044679
Epoch :  200  Epoch time :  0.38489812053740025  Train L2 Loss :  1.5982245908737183
Epoch :  201  Epoch time :  0.38461156841367483  Train L2 Loss :  1.5968217582702637
Epoch :  202  Epoch time :  0.38457145914435387  Train L2 Loss :  1.5962097845077514
Epoch :  203  Epoch time :  0.38432254269719124  Train L2 Loss :  1.5967887111663819
Epoch :  204  Epoch time :  0.38475667499005795  Train L2 Loss :  1.595850375175476
Epoch :  205  Epoch time :  0.3891839515417814  Train L2 Loss :  1.5959697128295898
Epoch :  206  Epoch time :  0.3848432470113039  Train L2 Loss :  1.595194369506836
Epoch :  207  Epoch time :  0.38671503495424986  Train L2 Loss :  1.5959565092086792
Epoch :  208  Epoch time :  0.3845050372183323  Train L2 Loss :  1.5959657232284545
Epoch :  209  Epoch time :  0.3853395842015743  Train L2 Loss :  1.5953430654525758
Epoch :  210  Epoch time :  0.38552521262317896  Train L2 Loss :  1.5959086490631103
Epoch :  211  Epoch time :  0.3849276639521122  Train L2 Loss :  1.5942312200546265
Epoch :  212  Epoch time :  0.3850962286815047  Train L2 Loss :  1.5937495334625245
Epoch :  213  Epoch time :  0.3849947424605489  Train L2 Loss :  1.594565571975708
Epoch :  214  Epoch time :  0.38520776480436325  Train L2 Loss :  1.593663430595398
Epoch :  215  Epoch time :  0.38520569633692503  Train L2 Loss :  1.5936717136383056
Epoch :  216  Epoch time :  0.38515602238476276  Train L2 Loss :  1.5941139753341675
Epoch :  217  Epoch time :  0.3850233657285571  Train L2 Loss :  1.5937575426101684
Epoch :  218  Epoch time :  0.38478264957666397  Train L2 Loss :  1.5943619976043701
Epoch :  219  Epoch time :  0.3851141417399049  Train L2 Loss :  1.5935108413696288
Epoch :  220  Epoch time :  0.3847042005509138  Train L2 Loss :  1.5929601289749145
Epoch :  221  Epoch time :  0.40159460064023733  Train L2 Loss :  1.5920847412109376
Epoch :  222  Epoch time :  0.38470491021871567  Train L2 Loss :  1.5957485565185547
Epoch :  223  Epoch time :  0.3851495450362563  Train L2 Loss :  1.5916812561035156
Epoch :  224  Epoch time :  0.3849364873021841  Train L2 Loss :  1.5922535875320434
Epoch :  225  Epoch time :  0.38555895537137985  Train L2 Loss :  1.5921867874145508
Epoch :  226  Epoch time :  0.3865254772827029  Train L2 Loss :  1.5925932319641114
Epoch :  227  Epoch time :  0.3851180439814925  Train L2 Loss :  1.5911710910797119
Epoch :  228  Epoch time :  0.38554116804152727  Train L2 Loss :  1.590483984184265
Epoch :  229  Epoch time :  0.38516122847795486  Train L2 Loss :  1.590573473739624
Epoch :  230  Epoch time :  0.38539550825953484  Train L2 Loss :  1.5908887662887574
Epoch :  231  Epoch time :  0.3852279707789421  Train L2 Loss :  1.5913198734283447
Epoch :  232  Epoch time :  0.38506107311695814  Train L2 Loss :  1.5897163785934447
Epoch :  233  Epoch time :  0.385442890226841  Train L2 Loss :  1.58863210105896
Epoch :  234  Epoch time :  0.385073852725327  Train L2 Loss :  1.5890126505851745
Epoch :  235  Epoch time :  0.3852983992546797  Train L2 Loss :  1.588239389038086
Epoch :  236  Epoch time :  0.38481475599110126  Train L2 Loss :  1.5865679452896118
Epoch :  237  Epoch time :  0.3867702353745699  Train L2 Loss :  1.5875364791870117
Epoch :  238  Epoch time :  0.3853019615635276  Train L2 Loss :  1.587919845199585
Epoch :  239  Epoch time :  0.3854749361053109  Train L2 Loss :  1.5864872045516967
Epoch :  240  Epoch time :  0.3856584271416068  Train L2 Loss :  1.5860079471588135
Epoch :  241  Epoch time :  0.38567011803388596  Train L2 Loss :  1.5843654846191406
Epoch :  242  Epoch time :  0.385601825080812  Train L2 Loss :  1.5849153331756591
Epoch :  243  Epoch time :  0.3855467075482011  Train L2 Loss :  1.5831467025756836
Epoch :  244  Epoch time :  0.38536335714161396  Train L2 Loss :  1.5824493354797364
Epoch :  245  Epoch time :  0.38538063783198595  Train L2 Loss :  1.5826464025497438
Epoch :  246  Epoch time :  0.385665575042367  Train L2 Loss :  1.5819119140625
Epoch :  247  Epoch time :  0.385279580950737  Train L2 Loss :  1.582208797454834
Epoch :  248  Epoch time :  0.3867141902446747  Train L2 Loss :  1.5809925064086914
Epoch :  249  Epoch time :  0.3853493519127369  Train L2 Loss :  1.5814406639099121
Epoch :  250  Epoch time :  0.38578898925334215  Train L2 Loss :  1.5799411911010741
Epoch :  251  Epoch time :  0.38560942094773054  Train L2 Loss :  1.5804540828704834
Epoch :  252  Epoch time :  0.3850500825792551  Train L2 Loss :  1.581076258468628
Epoch :  253  Epoch time :  0.38555009849369526  Train L2 Loss :  1.580296510696411
Epoch :  254  Epoch time :  0.38556155376136303  Train L2 Loss :  1.5787125215530395
Epoch :  255  Epoch time :  0.3854120895266533  Train L2 Loss :  1.5765273910522462
Epoch :  256  Epoch time :  0.38548736087977886  Train L2 Loss :  1.5769219158172607
Epoch :  257  Epoch time :  0.3853115402162075  Train L2 Loss :  1.5767591354370116
Epoch :  258  Epoch time :  0.38540678657591343  Train L2 Loss :  1.574559235191345
Epoch :  259  Epoch time :  0.386960213072598  Train L2 Loss :  1.5753494079589845
Epoch :  260  Epoch time :  0.3852959517389536  Train L2 Loss :  1.5743686561584473
Epoch :  261  Epoch time :  0.385581080801785  Train L2 Loss :  1.5755023946762086
Epoch :  262  Epoch time :  0.3856146102771163  Train L2 Loss :  1.5742462078094484
Epoch :  263  Epoch time :  0.3856586208567023  Train L2 Loss :  1.572853217124939
Epoch :  264  Epoch time :  0.38541599083691835  Train L2 Loss :  1.573752444076538
Epoch :  265  Epoch time :  0.3851700499653816  Train L2 Loss :  1.5721491310119629
Epoch :  266  Epoch time :  0.3854506863281131  Train L2 Loss :  1.5739426250457764
Epoch :  267  Epoch time :  0.38528088107705116  Train L2 Loss :  1.571494411277771
Epoch :  268  Epoch time :  0.38555610179901123  Train L2 Loss :  1.5707794635772705
Epoch :  269  Epoch time :  0.3856172738596797  Train L2 Loss :  1.5695906114578246
Epoch :  270  Epoch time :  0.3870909046381712  Train L2 Loss :  1.568487693786621
Epoch :  271  Epoch time :  0.3855729438364506  Train L2 Loss :  1.5686618213653565
Epoch :  272  Epoch time :  0.385610768571496  Train L2 Loss :  1.5700569051742554
Epoch :  273  Epoch time :  0.3853062819689512  Train L2 Loss :  1.5696190116882325
Epoch :  274  Epoch time :  0.38541931472718716  Train L2 Loss :  1.5693341720581055
Epoch :  275  Epoch time :  0.3857621727511287  Train L2 Loss :  1.5682057460784913
Epoch :  276  Epoch time :  0.38610847666859627  Train L2 Loss :  1.5656784147262572
Epoch :  277  Epoch time :  0.3858967451378703  Train L2 Loss :  1.5668682609558104
Epoch :  278  Epoch time :  0.385508943349123  Train L2 Loss :  1.5672891555786133
Epoch :  279  Epoch time :  0.3857784131541848  Train L2 Loss :  1.5672341800689698
Epoch :  280  Epoch time :  0.38531793653964996  Train L2 Loss :  1.5651763088226318
Epoch :  281  Epoch time :  0.4037354812026024  Train L2 Loss :  1.5636794351577759
Epoch :  282  Epoch time :  0.38589049130678177  Train L2 Loss :  1.5633116485595704
Epoch :  283  Epoch time :  0.3861597990617156  Train L2 Loss :  1.5628275115966797
Epoch :  284  Epoch time :  0.3860110407695174  Train L2 Loss :  1.5633384826660157
Epoch :  285  Epoch time :  0.3862711815163493  Train L2 Loss :  1.5613480506896973
Epoch :  286  Epoch time :  0.385721979662776  Train L2 Loss :  1.5612616634368897
Epoch :  287  Epoch time :  0.38589862268418074  Train L2 Loss :  1.560121283340454
Epoch :  288  Epoch time :  0.38597681280225515  Train L2 Loss :  1.5599540142059327
Epoch :  289  Epoch time :  0.3863544436171651  Train L2 Loss :  1.5610338287353516
Epoch :  290  Epoch time :  0.38609207794070244  Train L2 Loss :  1.559835165786743
Epoch :  291  Epoch time :  0.38620320800691843  Train L2 Loss :  1.5583497272491456
Epoch :  292  Epoch time :  0.3904369091615081  Train L2 Loss :  1.5578421886444092
Epoch :  293  Epoch time :  0.3867429541423917  Train L2 Loss :  1.5575777336120606
Epoch :  294  Epoch time :  0.3867931040003896  Train L2 Loss :  1.556076259613037
Epoch :  295  Epoch time :  0.3867141157388687  Train L2 Loss :  1.557765871810913
Epoch :  296  Epoch time :  0.3864729329943657  Train L2 Loss :  1.5544828817367553
Epoch :  297  Epoch time :  0.3865546891465783  Train L2 Loss :  1.5541684417724608
Epoch :  298  Epoch time :  0.386448098346591  Train L2 Loss :  1.5532311832427979
Epoch :  299  Epoch time :  0.3861292311921716  Train L2 Loss :  1.556550687789917
Epoch :  300  Epoch time :  0.38651555869728327  Train L2 Loss :  1.5493003299713135
Epoch :  301  Epoch time :  0.38641860242933035  Train L2 Loss :  1.5480698143005371
Epoch :  302  Epoch time :  0.38632898312062025  Train L2 Loss :  1.5480065864562988
Epoch :  303  Epoch time :  0.38628226704895496  Train L2 Loss :  1.547231721496582
Epoch :  304  Epoch time :  0.3858260437846184  Train L2 Loss :  1.5469995601654052
Epoch :  305  Epoch time :  0.385985367000103  Train L2 Loss :  1.5465642375946045
Epoch :  306  Epoch time :  0.38598713744431734  Train L2 Loss :  1.5465201475143433
Epoch :  307  Epoch time :  0.3862310191616416  Train L2 Loss :  1.5454943252563476
Epoch :  308  Epoch time :  0.3861663853749633  Train L2 Loss :  1.5451488662719726
Epoch :  309  Epoch time :  0.3861092124134302  Train L2 Loss :  1.5448131649017334
Epoch :  310  Epoch time :  0.38584011048078537  Train L2 Loss :  1.5443757740020752
Epoch :  311  Epoch time :  0.38754746597260237  Train L2 Loss :  1.5447193698883057
Epoch :  312  Epoch time :  0.38611691165715456  Train L2 Loss :  1.5444730142593384
Epoch :  313  Epoch time :  0.38589149806648493  Train L2 Loss :  1.5438185733795167
Epoch :  314  Epoch time :  0.3853501845151186  Train L2 Loss :  1.5431506469726564
Epoch :  315  Epoch time :  0.38670652639120817  Train L2 Loss :  1.543137056159973
Epoch :  316  Epoch time :  0.3857071539387107  Train L2 Loss :  1.5418363258361816
Epoch :  317  Epoch time :  0.38564462773501873  Train L2 Loss :  1.541444224357605
Epoch :  318  Epoch time :  0.38589611276984215  Train L2 Loss :  1.5418608221054078
Epoch :  319  Epoch time :  0.3856676034629345  Train L2 Loss :  1.5408243339538574
Epoch :  320  Epoch time :  0.38568629045039415  Train L2 Loss :  1.5408253944396972
Epoch :  321  Epoch time :  0.3860416943207383  Train L2 Loss :  1.5404755882263184
Epoch :  322  Epoch time :  0.38572573103010654  Train L2 Loss :  1.5391686403274536
Epoch :  323  Epoch time :  0.3859485359862447  Train L2 Loss :  1.5388051445007325
Epoch :  324  Epoch time :  0.3862505480647087  Train L2 Loss :  1.5392471752166748
Epoch :  325  Epoch time :  0.38748286943882704  Train L2 Loss :  1.538346142578125
Epoch :  326  Epoch time :  0.38603539392352104  Train L2 Loss :  1.5377420780181885
Epoch :  327  Epoch time :  0.3857059646397829  Train L2 Loss :  1.5378092056274415
Epoch :  328  Epoch time :  0.3861691867932677  Train L2 Loss :  1.5365480567932128
Epoch :  329  Epoch time :  0.38609407655894756  Train L2 Loss :  1.5366663949012755
Epoch :  330  Epoch time :  0.38601971697062254  Train L2 Loss :  1.5362824443817138
Epoch :  331  Epoch time :  0.3861321434378624  Train L2 Loss :  1.5352509410858155
Epoch :  332  Epoch time :  0.3858222682029009  Train L2 Loss :  1.53538355178833
Epoch :  333  Epoch time :  0.3860972821712494  Train L2 Loss :  1.534982949447632
Epoch :  334  Epoch time :  0.3862512046471238  Train L2 Loss :  1.5347928722381592
Epoch :  335  Epoch time :  0.38699539564549923  Train L2 Loss :  1.5334311561584473
Epoch :  336  Epoch time :  0.3857911294326186  Train L2 Loss :  1.5331251419067382
Epoch :  337  Epoch time :  0.3860059827566147  Train L2 Loss :  1.5333153156280517
Epoch :  338  Epoch time :  0.3859524819999933  Train L2 Loss :  1.5326592317581176
Epoch :  339  Epoch time :  0.3859176179394126  Train L2 Loss :  1.531799880027771
Epoch :  340  Epoch time :  0.3857889510691166  Train L2 Loss :  1.5313488533020019
Epoch :  341  Epoch time :  0.4048160193488002  Train L2 Loss :  1.5310320518493652
Epoch :  342  Epoch time :  0.3940050583332777  Train L2 Loss :  1.5303981437683105
Epoch :  343  Epoch time :  0.3862293157726526  Train L2 Loss :  1.5302977973937988
Epoch :  344  Epoch time :  0.38626506738364697  Train L2 Loss :  1.528845266342163
Epoch :  345  Epoch time :  0.38662023935467005  Train L2 Loss :  1.5298505149841308
Epoch :  346  Epoch time :  0.38755473867058754  Train L2 Loss :  1.5280510848999023
Epoch :  347  Epoch time :  0.38617635518312454  Train L2 Loss :  1.5279745025634766
Epoch :  348  Epoch time :  0.38597691245377064  Train L2 Loss :  1.5267964138031005
Epoch :  349  Epoch time :  0.3860215740278363  Train L2 Loss :  1.5266577758789062
Epoch :  350  Epoch time :  0.38620599918067455  Train L2 Loss :  1.526802103805542
Epoch :  351  Epoch time :  0.38623015116900206  Train L2 Loss :  1.5259804069519043
Epoch :  352  Epoch time :  0.38603014685213566  Train L2 Loss :  1.5259208385467529
Epoch :  353  Epoch time :  0.3860338544473052  Train L2 Loss :  1.5253230241775513
Epoch :  354  Epoch time :  0.3862867448478937  Train L2 Loss :  1.52436683883667
Epoch :  355  Epoch time :  0.38660558871924877  Train L2 Loss :  1.5230234043121338
Epoch :  356  Epoch time :  0.3858255688101053  Train L2 Loss :  1.5226017461776733
Epoch :  357  Epoch time :  0.3876539785414934  Train L2 Loss :  1.522146212387085
Epoch :  358  Epoch time :  0.386068869382143  Train L2 Loss :  1.5215110248565673
Epoch :  359  Epoch time :  0.3863042453303933  Train L2 Loss :  1.5216507858276367
Epoch :  360  Epoch time :  0.38656975142657757  Train L2 Loss :  1.5205732391357423
Epoch :  361  Epoch time :  0.38605467788875103  Train L2 Loss :  1.5204040176391602
Epoch :  362  Epoch time :  0.3860492864623666  Train L2 Loss :  1.5200410415649415
Epoch :  363  Epoch time :  0.38641344103962183  Train L2 Loss :  1.5187434906005859
Epoch :  364  Epoch time :  0.38615668658167124  Train L2 Loss :  1.518041598892212
Epoch :  365  Epoch time :  0.3860533693805337  Train L2 Loss :  1.5171556661605834
Epoch :  366  Epoch time :  0.38590282294899225  Train L2 Loss :  1.5172038906097411
Epoch :  367  Epoch time :  0.38597655948251486  Train L2 Loss :  1.5165135541915893
Epoch :  368  Epoch time :  0.38777343556284904  Train L2 Loss :  1.5155416954040528
Epoch :  369  Epoch time :  0.38631659001111984  Train L2 Loss :  1.515874739265442
Epoch :  370  Epoch time :  0.386124056763947  Train L2 Loss :  1.5143217540740967
Epoch :  371  Epoch time :  0.3861132552847266  Train L2 Loss :  1.5127837574005127
Epoch :  372  Epoch time :  0.3862236216664314  Train L2 Loss :  1.512545539855957
Epoch :  373  Epoch time :  0.386005524545908  Train L2 Loss :  1.5115123931884766
Epoch :  374  Epoch time :  0.38597565703094006  Train L2 Loss :  1.5111234283447266
Epoch :  375  Epoch time :  0.3859297772869468  Train L2 Loss :  1.5096692945480346
Epoch :  376  Epoch time :  0.38539568427950144  Train L2 Loss :  1.5086817251205444
Epoch :  377  Epoch time :  0.38617809396237135  Train L2 Loss :  1.5081534185409546
Epoch :  378  Epoch time :  0.38610028102993965  Train L2 Loss :  1.5071534408569336
Epoch :  379  Epoch time :  0.3913331562653184  Train L2 Loss :  1.5066229438781737
Epoch :  380  Epoch time :  0.3879793658852577  Train L2 Loss :  1.5045765106201172
Epoch :  381  Epoch time :  0.38702579122036695  Train L2 Loss :  1.5037525665283202
Epoch :  382  Epoch time :  0.3863934352993965  Train L2 Loss :  1.5030697654724121
Epoch :  383  Epoch time :  0.386885198764503  Train L2 Loss :  1.5010722253799438
Epoch :  384  Epoch time :  0.38645017612725496  Train L2 Loss :  1.4999520881652832
Epoch :  385  Epoch time :  0.3867371082305908  Train L2 Loss :  1.498719605255127
Epoch :  386  Epoch time :  0.38635098189115524  Train L2 Loss :  1.498451826095581
Epoch :  387  Epoch time :  0.38626901619136333  Train L2 Loss :  1.496168278503418
Epoch :  388  Epoch time :  0.38651249930262566  Train L2 Loss :  1.4956057843208312
Epoch :  389  Epoch time :  0.3862861134111881  Train L2 Loss :  1.494146750831604
Epoch :  390  Epoch time :  0.38645759504288435  Train L2 Loss :  1.4925596775054932
Epoch :  391  Epoch time :  0.386542453430593  Train L2 Loss :  1.491837659072876
Epoch :  392  Epoch time :  0.3864748729392886  Train L2 Loss :  1.4904922002792358
Epoch :  393  Epoch time :  0.38737621903419495  Train L2 Loss :  1.4890225681304932
Epoch :  394  Epoch time :  0.3868911564350128  Train L2 Loss :  1.48734259223938
Epoch :  395  Epoch time :  0.3867402281612158  Train L2 Loss :  1.487298437309265
Epoch :  396  Epoch time :  0.3866346823051572  Train L2 Loss :  1.485780200958252
Epoch :  397  Epoch time :  0.38706045504659414  Train L2 Loss :  1.483913592338562
Epoch :  398  Epoch time :  0.3867549644783139  Train L2 Loss :  1.4827290662765502
Epoch :  399  Epoch time :  0.38677631225436926  Train L2 Loss :  1.481704832458496
Epoch :  400  Epoch time :  0.38647408317774534  Train L2 Loss :  1.4789553771972657
Epoch :  401  Epoch time :  0.3914640350267291  Train L2 Loss :  1.4782862255096436
Epoch :  402  Epoch time :  0.3997966917231679  Train L2 Loss :  1.4779602359771729
Epoch :  403  Epoch time :  0.3865134157240391  Train L2 Loss :  1.4772341909408568
Epoch :  404  Epoch time :  0.3865089062601328  Train L2 Loss :  1.4769354936599732
Epoch :  405  Epoch time :  0.38666463177651167  Train L2 Loss :  1.4764751371383666
Epoch :  406  Epoch time :  0.3865795945748687  Train L2 Loss :  1.475830181503296
Epoch :  407  Epoch time :  0.38655036594718695  Train L2 Loss :  1.4750321050643922
Epoch :  408  Epoch time :  0.3863788563758135  Train L2 Loss :  1.4748788398742676
Epoch :  409  Epoch time :  0.38679371401667595  Train L2 Loss :  1.4740778621673585
Epoch :  410  Epoch time :  0.38628562167286873  Train L2 Loss :  1.4739126598358154
Epoch :  411  Epoch time :  0.38664079643785954  Train L2 Loss :  1.4730920175552369
Epoch :  412  Epoch time :  0.38807446882128716  Train L2 Loss :  1.4730598392486571
Epoch :  413  Epoch time :  0.38611380755901337  Train L2 Loss :  1.4723771728515624
Epoch :  414  Epoch time :  0.3890961753204465  Train L2 Loss :  1.472087822341919
Epoch :  415  Epoch time :  0.386548412963748  Train L2 Loss :  1.4712015197753907
Epoch :  416  Epoch time :  0.38647719938308  Train L2 Loss :  1.4710868270874022
Epoch :  417  Epoch time :  0.38664876855909824  Train L2 Loss :  1.4704163101196288
Epoch :  418  Epoch time :  0.38603362534195185  Train L2 Loss :  1.4700687158584596
Epoch :  419  Epoch time :  0.38658705446869135  Train L2 Loss :  1.469731418609619
Epoch :  420  Epoch time :  0.38629153557121754  Train L2 Loss :  1.469099975013733
Epoch :  421  Epoch time :  0.38644342962652445  Train L2 Loss :  1.4686809062957764
Epoch :  422  Epoch time :  0.3866025498136878  Train L2 Loss :  1.468292999649048
Epoch :  423  Epoch time :  0.38828145060688257  Train L2 Loss :  1.4679639921188354
Epoch :  424  Epoch time :  0.38655266631394625  Train L2 Loss :  1.467680527114868
Epoch :  425  Epoch time :  0.38657439686357975  Train L2 Loss :  1.4671079124450683
Epoch :  426  Epoch time :  0.38633035868406296  Train L2 Loss :  1.4665959178924561
Epoch :  427  Epoch time :  0.3861094629392028  Train L2 Loss :  1.4665551391601563
Epoch :  428  Epoch time :  0.38621360529214144  Train L2 Loss :  1.4663158668518066
Epoch :  429  Epoch time :  0.3865780718624592  Train L2 Loss :  1.465868228340149
Epoch :  430  Epoch time :  0.38637737557291985  Train L2 Loss :  1.4652503436088562
Epoch :  431  Epoch time :  0.387211742810905  Train L2 Loss :  1.465240562057495
Epoch :  432  Epoch time :  0.38648634031414986  Train L2 Loss :  1.4648994371414183
Epoch :  433  Epoch time :  0.3868993865326047  Train L2 Loss :  1.4645046398162842
Epoch :  434  Epoch time :  0.38784171268343925  Train L2 Loss :  1.4639731925964357
Epoch :  435  Epoch time :  0.3865997130051255  Train L2 Loss :  1.4637203470230102
Epoch :  436  Epoch time :  0.3863748339936137  Train L2 Loss :  1.463670958328247
Epoch :  437  Epoch time :  0.38733063265681267  Train L2 Loss :  1.4637392255783082
Epoch :  438  Epoch time :  0.38622858468443155  Train L2 Loss :  1.4628718547821045
Epoch :  439  Epoch time :  0.3863005321472883  Train L2 Loss :  1.4625530214309692
Epoch :  440  Epoch time :  0.3864747975021601  Train L2 Loss :  1.4623206993103028
Epoch :  441  Epoch time :  0.38640095479786396  Train L2 Loss :  1.462035563659668
Epoch :  442  Epoch time :  0.3864477453753352  Train L2 Loss :  1.4617014804840087
Epoch :  443  Epoch time :  0.38656426779925823  Train L2 Loss :  1.4618233497619628
Epoch :  444  Epoch time :  0.38772720377892256  Train L2 Loss :  1.4615405889511108
Epoch :  445  Epoch time :  0.38671178836375475  Train L2 Loss :  1.4615908155441284
Epoch :  446  Epoch time :  0.3867989657446742  Train L2 Loss :  1.4610788486480712
Epoch :  447  Epoch time :  0.38674413319677114  Train L2 Loss :  1.4604953411102295
Epoch :  448  Epoch time :  0.38661341927945614  Train L2 Loss :  1.4605723293304442
Epoch :  449  Epoch time :  0.3866924485191703  Train L2 Loss :  1.4609216354370118
Epoch :  450  Epoch time :  0.38665732368826866  Train L2 Loss :  1.460021375656128
Epoch :  451  Epoch time :  0.3865698156878352  Train L2 Loss :  1.4599430795669555
Epoch :  452  Epoch time :  0.3865718236193061  Train L2 Loss :  1.459501201248169
Epoch :  453  Epoch time :  0.38684665970504284  Train L2 Loss :  1.4595661806106568
Epoch :  454  Epoch time :  0.3863687152042985  Train L2 Loss :  1.4594813209533692
Epoch :  455  Epoch time :  0.3878000108525157  Train L2 Loss :  1.4590670127868652
Epoch :  456  Epoch time :  0.3865877604112029  Train L2 Loss :  1.4589169799804687
Epoch :  457  Epoch time :  0.3864161027595401  Train L2 Loss :  1.4586646970748902
Epoch :  458  Epoch time :  0.3866149503737688  Train L2 Loss :  1.4585871397018433
Epoch :  459  Epoch time :  0.3875335678458214  Train L2 Loss :  1.4584386386871337
Epoch :  460  Epoch time :  0.3863977771252394  Train L2 Loss :  1.4582451246261596
Epoch :  461  Epoch time :  0.3919837810099125  Train L2 Loss :  1.4580111715316773
Epoch :  462  Epoch time :  0.39768551755696535  Train L2 Loss :  1.4577922996520996
Epoch :  463  Epoch time :  0.38664642348885536  Train L2 Loss :  1.4577552612304687
Epoch :  464  Epoch time :  0.3862267229706049  Train L2 Loss :  1.4579682081222534
Epoch :  465  Epoch time :  0.38639686815440655  Train L2 Loss :  1.457200792312622
Epoch :  466  Epoch time :  0.39183153957128525  Train L2 Loss :  1.4572864837646484
Epoch :  467  Epoch time :  0.38838715478777885  Train L2 Loss :  1.4572321891784668
Epoch :  468  Epoch time :  0.38704821467399597  Train L2 Loss :  1.4569465980529785
Epoch :  469  Epoch time :  0.3868950856849551  Train L2 Loss :  1.4567296045303344
Epoch :  470  Epoch time :  0.3869156539440155  Train L2 Loss :  1.4568348300933838
Epoch :  471  Epoch time :  0.3871024576947093  Train L2 Loss :  1.456502508544922
Epoch :  472  Epoch time :  0.38690689112991095  Train L2 Loss :  1.4565358491897582
Epoch :  473  Epoch time :  0.38663259986788034  Train L2 Loss :  1.4561524562835693
Epoch :  474  Epoch time :  0.38675604574382305  Train L2 Loss :  1.4562837966918944
Epoch :  475  Epoch time :  0.3872562004253268  Train L2 Loss :  1.4559910961151123
Epoch :  476  Epoch time :  0.38688578736037016  Train L2 Loss :  1.4558531970977784
Epoch :  477  Epoch time :  0.3865963900461793  Train L2 Loss :  1.4558144123077392
Epoch :  478  Epoch time :  0.38707734923809767  Train L2 Loss :  1.455955743408203
Epoch :  479  Epoch time :  0.38694284204393625  Train L2 Loss :  1.4556187625885009
Epoch :  480  Epoch time :  0.38691195473074913  Train L2 Loss :  1.455457311820984
Epoch :  481  Epoch time :  0.38705245219171047  Train L2 Loss :  1.4555986846923827
Epoch :  482  Epoch time :  0.3864537077024579  Train L2 Loss :  1.4550189403533935
Epoch :  483  Epoch time :  0.38708240259438753  Train L2 Loss :  1.4552381479263305
Epoch :  484  Epoch time :  0.3870428781956434  Train L2 Loss :  1.4547471128463745
Epoch :  485  Epoch time :  0.3871460072696209  Train L2 Loss :  1.4546315517425537
Epoch :  486  Epoch time :  0.3869964797049761  Train L2 Loss :  1.4548903450012207
Epoch :  487  Epoch time :  0.3868972808122635  Train L2 Loss :  1.4545155006408692
Epoch :  488  Epoch time :  0.3879107031971216  Train L2 Loss :  1.4546588832855225
Epoch :  489  Epoch time :  0.3867518398910761  Train L2 Loss :  1.454367693901062
Epoch :  490  Epoch time :  0.38639687467366457  Train L2 Loss :  1.4541804122924804
Epoch :  491  Epoch time :  0.38619008380919695  Train L2 Loss :  1.4542159982681275
Epoch :  492  Epoch time :  0.38663449231535196  Train L2 Loss :  1.4539201278686524
Epoch :  493  Epoch time :  0.38663016725331545  Train L2 Loss :  1.4541637474060058
Epoch :  494  Epoch time :  0.3863238636404276  Train L2 Loss :  1.4539225200653076
Epoch :  495  Epoch time :  0.3861398855224252  Train L2 Loss :  1.4536628009796142
Epoch :  496  Epoch time :  0.38669205643236637  Train L2 Loss :  1.453941603088379
Epoch :  497  Epoch time :  0.38636343367397785  Train L2 Loss :  1.453709059715271
Epoch :  498  Epoch time :  0.386879276484251  Train L2 Loss :  1.453370053100586
Epoch :  499  Epoch time :  0.3881378164514899  Train L2 Loss :  1.45394464302063
Epoch :  500  Epoch time :  0.38627391401678324  Train L2 Loss :  1.4525815780639648
Epoch :  501  Epoch time :  0.3966921530663967  Train L2 Loss :  1.4525607999801635
Epoch :  502  Epoch time :  0.3865324482321739  Train L2 Loss :  1.4524663478851318
Epoch :  503  Epoch time :  0.38612978626042604  Train L2 Loss :  1.4523547924041749
Epoch :  504  Epoch time :  0.3865092433989048  Train L2 Loss :  1.452345293045044
Epoch :  505  Epoch time :  0.3869002815335989  Train L2 Loss :  1.4522969150543212
Epoch :  506  Epoch time :  0.3863719701766968  Train L2 Loss :  1.4523325122833253
Epoch :  507  Epoch time :  0.3865411691367626  Train L2 Loss :  1.452217194366455
Epoch :  508  Epoch time :  0.3863820806145668  Train L2 Loss :  1.4522334804534913
Epoch :  509  Epoch time :  0.38657231722027063  Train L2 Loss :  1.452023155593872
Epoch :  510  Epoch time :  0.3878217888996005  Train L2 Loss :  1.4521250415802003
Epoch :  511  Epoch time :  0.38683905452489853  Train L2 Loss :  1.4520186357498168
Epoch :  512  Epoch time :  0.3866403615102172  Train L2 Loss :  1.4519653450012207
Epoch :  513  Epoch time :  0.38639077451080084  Train L2 Loss :  1.4518978450775146
Epoch :  514  Epoch time :  0.38695345912128687  Train L2 Loss :  1.4518989646911622
Epoch :  515  Epoch time :  0.38719297014176846  Train L2 Loss :  1.451846129989624
Epoch :  516  Epoch time :  0.3859733138233423  Train L2 Loss :  1.4518025260925294
Epoch :  517  Epoch time :  0.3865841720253229  Train L2 Loss :  1.4517791687011719
Epoch :  518  Epoch time :  0.3863147934898734  Train L2 Loss :  1.4515847702026368
Epoch :  519  Epoch time :  0.38629891723394394  Train L2 Loss :  1.4517077632904052
Epoch :  520  Epoch time :  0.38641304429620504  Train L2 Loss :  1.451645756149292
Epoch :  521  Epoch time :  0.38742757216095924  Train L2 Loss :  1.4516677677154541
Epoch :  522  Epoch time :  0.4031340843066573  Train L2 Loss :  1.451584101486206
Epoch :  523  Epoch time :  0.386393959634006  Train L2 Loss :  1.4513718965530396
Epoch :  524  Epoch time :  0.38697640411555767  Train L2 Loss :  1.4514049449920654
Epoch :  525  Epoch time :  0.3866618927568197  Train L2 Loss :  1.4512982168197632
Epoch :  526  Epoch time :  0.3860622998327017  Train L2 Loss :  1.4512551036834718
Epoch :  527  Epoch time :  0.3860451951622963  Train L2 Loss :  1.4512063915252686
Epoch :  528  Epoch time :  0.3860915768891573  Train L2 Loss :  1.4511005546569824
Epoch :  529  Epoch time :  0.38613723777234554  Train L2 Loss :  1.4511951105117797
Epoch :  530  Epoch time :  0.3858303828164935  Train L2 Loss :  1.4511208076477051
Epoch :  531  Epoch time :  0.3859808435663581  Train L2 Loss :  1.451063618850708
Epoch :  532  Epoch time :  0.3873888114467263  Train L2 Loss :  1.4510642860412597
Epoch :  533  Epoch time :  0.3865199489519  Train L2 Loss :  1.4510038223266601
Epoch :  534  Epoch time :  0.3861781684681773  Train L2 Loss :  1.4509007188796996
Epoch :  535  Epoch time :  0.38661199528723955  Train L2 Loss :  1.4508718879699707
Epoch :  536  Epoch time :  0.38631954696029425  Train L2 Loss :  1.4508057126998901
Epoch :  537  Epoch time :  0.3864869559183717  Train L2 Loss :  1.4507332202911376
Epoch :  538  Epoch time :  0.38677773624658585  Train L2 Loss :  1.4507109523773194
Epoch :  539  Epoch time :  0.38659495301544666  Train L2 Loss :  1.4506419797897339
Epoch :  540  Epoch time :  0.3866007411852479  Train L2 Loss :  1.4506589197158815
Epoch :  541  Epoch time :  0.38686539605259895  Train L2 Loss :  1.4505621047973634
Epoch :  542  Epoch time :  0.38769645243883133  Train L2 Loss :  1.4506058563232422
Epoch :  543  Epoch time :  0.38690733443945646  Train L2 Loss :  1.4504708019256591
Epoch :  544  Epoch time :  0.3862793603911996  Train L2 Loss :  1.4504350379943847
Epoch :  545  Epoch time :  0.38668481446802616  Train L2 Loss :  1.4503110866546631
Epoch :  546  Epoch time :  0.38669766020029783  Train L2 Loss :  1.4503748456954957
Epoch :  547  Epoch time :  0.3864044127985835  Train L2 Loss :  1.4504395805358887
Epoch :  548  Epoch time :  0.38686800468713045  Train L2 Loss :  1.4502354742050172
Epoch :  549  Epoch time :  0.3867959398776293  Train L2 Loss :  1.4501554790496827
Epoch :  550  Epoch time :  0.3866319600492716  Train L2 Loss :  1.450250310897827
Epoch :  551  Epoch time :  0.38658580277115107  Train L2 Loss :  1.4500579902648927
Epoch :  552  Epoch time :  0.3864336274564266  Train L2 Loss :  1.4501359706878663
Epoch :  553  Epoch time :  0.3909619217738509  Train L2 Loss :  1.450062611579895
Epoch :  554  Epoch time :  0.3885875139385462  Train L2 Loss :  1.4500530540466308
Epoch :  555  Epoch time :  0.38753564562648535  Train L2 Loss :  1.449955599975586
Epoch :  556  Epoch time :  0.38678679428994656  Train L2 Loss :  1.4499421138763429
Epoch :  557  Epoch time :  0.38698468916118145  Train L2 Loss :  1.4496998226165771
Epoch :  558  Epoch time :  0.38686388824135065  Train L2 Loss :  1.4498154796600342
Epoch :  559  Epoch time :  0.3871224522590637  Train L2 Loss :  1.4498236488342284
Epoch :  560  Epoch time :  0.3867830764502287  Train L2 Loss :  1.4497025047302246
Epoch :  561  Epoch time :  0.3869281327351928  Train L2 Loss :  1.4497658212661744
Epoch :  562  Epoch time :  0.386645482853055  Train L2 Loss :  1.4497658359527588
Epoch :  563  Epoch time :  0.3866639221087098  Train L2 Loss :  1.4496695606231689
Epoch :  564  Epoch time :  0.3871965203434229  Train L2 Loss :  1.4496175905227662
Epoch :  565  Epoch time :  0.38698916137218475  Train L2 Loss :  1.4496025968551636
Epoch :  566  Epoch time :  0.38685626443475485  Train L2 Loss :  1.449591263771057
Epoch :  567  Epoch time :  0.3867399664595723  Train L2 Loss :  1.4493887493133546
Epoch :  568  Epoch time :  0.3867217246443033  Train L2 Loss :  1.4495087184906006
Epoch :  569  Epoch time :  0.3867732472717762  Train L2 Loss :  1.4493194318771363
Epoch :  570  Epoch time :  0.3868393488228321  Train L2 Loss :  1.4494050271987915
Epoch :  571  Epoch time :  0.3868210641667247  Train L2 Loss :  1.4493368047714232
Epoch :  572  Epoch time :  0.3867253316566348  Train L2 Loss :  1.449306870651245
Epoch :  573  Epoch time :  0.38687784411013126  Train L2 Loss :  1.44932598361969
Epoch :  574  Epoch time :  0.3865577708929777  Train L2 Loss :  1.4491929607391358
Epoch :  575  Epoch time :  0.3880574284121394  Train L2 Loss :  1.4492281562805176
Epoch :  576  Epoch time :  0.3870327603071928  Train L2 Loss :  1.4492242111206055
Epoch :  577  Epoch time :  0.38721516635268927  Train L2 Loss :  1.449066940498352
Epoch :  578  Epoch time :  0.3869704781100154  Train L2 Loss :  1.4491305419921876
Epoch :  579  Epoch time :  0.3877341849729419  Train L2 Loss :  1.4490701559066772
Epoch :  580  Epoch time :  0.38673898205161095  Train L2 Loss :  1.448971875
Epoch :  581  Epoch time :  0.3871827321127057  Train L2 Loss :  1.4488831546783447
Epoch :  582  Epoch time :  0.403407865203917  Train L2 Loss :  1.4489198078155519
Epoch :  583  Epoch time :  0.3864466929808259  Train L2 Loss :  1.4488581161499023
Epoch :  584  Epoch time :  0.386703010648489  Train L2 Loss :  1.4488650859832763
Epoch :  585  Epoch time :  0.3869854584336281  Train L2 Loss :  1.448806512451172
Epoch :  586  Epoch time :  0.3888291520997882  Train L2 Loss :  1.4487118656158446
Epoch :  587  Epoch time :  0.3868376621976495  Train L2 Loss :  1.4487131118774415
Epoch :  588  Epoch time :  0.3867571195587516  Train L2 Loss :  1.4488092462539672
Epoch :  589  Epoch time :  0.38693278282880783  Train L2 Loss :  1.448728081893921
Epoch :  590  Epoch time :  0.38680319860577583  Train L2 Loss :  1.448575786972046
Epoch :  591  Epoch time :  0.38693156372755766  Train L2 Loss :  1.448459917449951
Epoch :  592  Epoch time :  0.38802078273147345  Train L2 Loss :  1.4484527196884156
Epoch :  593  Epoch time :  0.38664142601192  Train L2 Loss :  1.4485809158325196
Epoch :  594  Epoch time :  0.3863357612863183  Train L2 Loss :  1.4484538557052613
Epoch :  595  Epoch time :  0.3869431773200631  Train L2 Loss :  1.4483645141601562
Epoch :  596  Epoch time :  0.38700381852686405  Train L2 Loss :  1.4484192588806153
Epoch :  597  Epoch time :  0.387918284162879  Train L2 Loss :  1.4484587524414063
Epoch :  598  Epoch time :  0.3865011464804411  Train L2 Loss :  1.4483597719192505
Epoch :  599  Epoch time :  0.38621001318097115  Train L2 Loss :  1.4482914560317992
Epoch :  600  Epoch time :  0.3865349106490612  Train L2 Loss :  1.4479128936767578
Epoch :  601  Epoch time :  0.3866357831284404  Train L2 Loss :  1.4478495136260987
Epoch :  602  Epoch time :  0.38658139016479254  Train L2 Loss :  1.4477773132324219
Epoch :  603  Epoch time :  0.3867503935471177  Train L2 Loss :  1.4477795768737793
Epoch :  604  Epoch time :  0.38668433111160994  Train L2 Loss :  1.4477572216033936
Epoch :  605  Epoch time :  0.3866459634155035  Train L2 Loss :  1.4477260902404785
Epoch :  606  Epoch time :  0.3861722107976675  Train L2 Loss :  1.4478132446289063
Epoch :  607  Epoch time :  0.38651074189692736  Train L2 Loss :  1.4477093269348145
Epoch :  608  Epoch time :  0.38758382573723793  Train L2 Loss :  1.447698828125
Epoch :  609  Epoch time :  0.3864393765106797  Train L2 Loss :  1.4476788323402405
Epoch :  610  Epoch time :  0.3866052972152829  Train L2 Loss :  1.4476267868041992
Epoch :  611  Epoch time :  0.3870425308123231  Train L2 Loss :  1.4477146936416625
Epoch :  612  Epoch time :  0.3863408211618662  Train L2 Loss :  1.4476345300674438
Epoch :  613  Epoch time :  0.38651052583009005  Train L2 Loss :  1.4476289094924926
Epoch :  614  Epoch time :  0.3863171460106969  Train L2 Loss :  1.447600626373291
Epoch :  615  Epoch time :  0.38648529537022114  Train L2 Loss :  1.447587724494934
Epoch :  616  Epoch time :  0.386541910469532  Train L2 Loss :  1.4475382007598876
Epoch :  617  Epoch time :  0.38645397685468197  Train L2 Loss :  1.4475596080780029
Epoch :  618  Epoch time :  0.38658760394901037  Train L2 Loss :  1.447494059753418
Epoch :  619  Epoch time :  0.38791371788829565  Train L2 Loss :  1.447472685623169
Epoch :  620  Epoch time :  0.38656485825777054  Train L2 Loss :  1.4475121173858643
Epoch :  621  Epoch time :  0.3868557121604681  Train L2 Loss :  1.4474758903503417
Epoch :  622  Epoch time :  0.3865920165553689  Train L2 Loss :  1.447476619720459
Epoch :  623  Epoch time :  0.3868402801454067  Train L2 Loss :  1.4474336128234864
Epoch :  624  Epoch time :  0.38652824703603983  Train L2 Loss :  1.4474101947784423
Epoch :  625  Epoch time :  0.3868733150884509  Train L2 Loss :  1.4474033338546752
Epoch :  626  Epoch time :  0.3867579158395529  Train L2 Loss :  1.4473149265289307
Epoch :  627  Epoch time :  0.38680361583828926  Train L2 Loss :  1.4473300703048706
Epoch :  628  Epoch time :  0.38670493103563786  Train L2 Loss :  1.4472908992767335
Epoch :  629  Epoch time :  0.387986752204597  Train L2 Loss :  1.4473142087936401
Epoch :  630  Epoch time :  0.386616506613791  Train L2 Loss :  1.447233455657959
Epoch :  631  Epoch time :  0.386882396414876  Train L2 Loss :  1.4472822303771973
Epoch :  632  Epoch time :  0.38629611395299435  Train L2 Loss :  1.44724624710083
Epoch :  633  Epoch time :  0.3867314327508211  Train L2 Loss :  1.4472406284332275
Epoch :  634  Epoch time :  0.3863584855571389  Train L2 Loss :  1.4471891534805297
Epoch :  635  Epoch time :  0.38661462999880314  Train L2 Loss :  1.4472106662750244
Epoch :  636  Epoch time :  0.3869559206068516  Train L2 Loss :  1.4471564388275147
Epoch :  637  Epoch time :  0.38640522863715887  Train L2 Loss :  1.447143148803711
Epoch :  638  Epoch time :  0.3868539808318019  Train L2 Loss :  1.4470841352462769
Epoch :  639  Epoch time :  0.38693117070943117  Train L2 Loss :  1.4471694400787354
Epoch :  640  Epoch time :  0.3911963775753975  Train L2 Loss :  1.4471216695785523
Epoch :  641  Epoch time :  0.38873205333948135  Train L2 Loss :  1.447070491027832
Epoch :  642  Epoch time :  0.4043065784499049  Train L2 Loss :  1.4470755630493164
Epoch :  643  Epoch time :  0.387481770478189  Train L2 Loss :  1.447082508087158
Epoch :  644  Epoch time :  0.38734843116253614  Train L2 Loss :  1.447083013343811
Epoch :  645  Epoch time :  0.3871899675577879  Train L2 Loss :  1.44703486328125
Epoch :  646  Epoch time :  0.3874629968777299  Train L2 Loss :  1.4469966480255128
Epoch :  647  Epoch time :  0.38719194382429123  Train L2 Loss :  1.4470573884963989
Epoch :  648  Epoch time :  0.3874341230839491  Train L2 Loss :  1.446959782409668
Epoch :  649  Epoch time :  0.38740296568721533  Train L2 Loss :  1.4469334281921387
Epoch :  650  Epoch time :  0.3868984589353204  Train L2 Loss :  1.4469425142288208
Epoch :  651  Epoch time :  0.38717962615191936  Train L2 Loss :  1.4468928997039794
Epoch :  652  Epoch time :  0.38717807549983263  Train L2 Loss :  1.4468825611114502
Epoch :  653  Epoch time :  0.3880333015695214  Train L2 Loss :  1.446853031539917
Epoch :  654  Epoch time :  0.38780293241143227  Train L2 Loss :  1.4468663898468017
Epoch :  655  Epoch time :  0.38813055865466595  Train L2 Loss :  1.4468062721252442
Epoch :  656  Epoch time :  0.3873549234122038  Train L2 Loss :  1.4467906334877014
Epoch :  657  Epoch time :  0.38776462245732546  Train L2 Loss :  1.4467963268280029
Epoch :  658  Epoch time :  0.3872738666832447  Train L2 Loss :  1.4467804927825927
Epoch :  659  Epoch time :  0.38742248248308897  Train L2 Loss :  1.4468046463012696
Epoch :  660  Epoch time :  0.3881220407783985  Train L2 Loss :  1.4466834033966065
Epoch :  661  Epoch time :  0.3968402100726962  Train L2 Loss :  1.446742396736145
Epoch :  662  Epoch time :  0.3871642742305994  Train L2 Loss :  1.4466968152999877
Epoch :  663  Epoch time :  0.3872566847130656  Train L2 Loss :  1.4466714347839356
Epoch :  664  Epoch time :  0.38698812015354633  Train L2 Loss :  1.4466298583984376
Epoch :  665  Epoch time :  0.3869507322087884  Train L2 Loss :  1.4466054084777833
Epoch :  666  Epoch time :  0.3873722618445754  Train L2 Loss :  1.4466234855651856
Epoch :  667  Epoch time :  0.38712272699922323  Train L2 Loss :  1.4465550525665283
Epoch :  668  Epoch time :  0.38663707952946424  Train L2 Loss :  1.4465689727783204
Epoch :  669  Epoch time :  0.38749215099960566  Train L2 Loss :  1.4465955404281616
Epoch :  670  Epoch time :  0.38796580024063587  Train L2 Loss :  1.4466459554672242
Epoch :  671  Epoch time :  0.3866814710199833  Train L2 Loss :  1.4465546676635743
Epoch :  672  Epoch time :  0.38846849370747805  Train L2 Loss :  1.4464522724151612
Epoch :  673  Epoch time :  0.387078482657671  Train L2 Loss :  1.4465124103546143
Epoch :  674  Epoch time :  0.38689638674259186  Train L2 Loss :  1.4464948806762696
Epoch :  675  Epoch time :  0.38708594627678394  Train L2 Loss :  1.4464440767288207
Epoch :  676  Epoch time :  0.3868869040161371  Train L2 Loss :  1.446436074256897
Epoch :  677  Epoch time :  0.3874430079013109  Train L2 Loss :  1.4463456077575683
Epoch :  678  Epoch time :  0.3873257674276829  Train L2 Loss :  1.446374765586853
Epoch :  679  Epoch time :  0.38698666356503963  Train L2 Loss :  1.4463200466156005
Epoch :  680  Epoch time :  0.3871895335614681  Train L2 Loss :  1.446409135055542
Epoch :  681  Epoch time :  0.38689394295215607  Train L2 Loss :  1.4463805810928345
Epoch :  682  Epoch time :  0.38673205208033323  Train L2 Loss :  1.4463399076461791
Epoch :  683  Epoch time :  0.38716463558375835  Train L2 Loss :  1.4463004585266113
Epoch :  684  Epoch time :  0.38851822540163994  Train L2 Loss :  1.4462466289520264
Epoch :  685  Epoch time :  0.3869303837418556  Train L2 Loss :  1.4462271926879884
Epoch :  686  Epoch time :  0.3870435766875744  Train L2 Loss :  1.4462029663085938
Epoch :  687  Epoch time :  0.3873145878314972  Train L2 Loss :  1.4462496057510377
Epoch :  688  Epoch time :  0.3866104045882821  Train L2 Loss :  1.446191262626648
Epoch :  689  Epoch time :  0.38694804068654776  Train L2 Loss :  1.4461690956115723
Epoch :  690  Epoch time :  0.3867485299706459  Train L2 Loss :  1.4461616313934327
Epoch :  691  Epoch time :  0.3867958225309849  Train L2 Loss :  1.4461321479797364
Epoch :  692  Epoch time :  0.38686291221529245  Train L2 Loss :  1.4460868890762328
Epoch :  693  Epoch time :  0.38654170371592045  Train L2 Loss :  1.4460893115997315
Epoch :  694  Epoch time :  0.3876364342868328  Train L2 Loss :  1.4460599849700928
Epoch :  695  Epoch time :  0.38674287032335997  Train L2 Loss :  1.4460283557891846
Epoch :  696  Epoch time :  0.3861114401370287  Train L2 Loss :  1.4460270294189452
Epoch :  697  Epoch time :  0.38662313111126423  Train L2 Loss :  1.445984669494629
Epoch :  698  Epoch time :  0.38664141204208136  Train L2 Loss :  1.4460023155212403
Epoch :  699  Epoch time :  0.38629445526748896  Train L2 Loss :  1.4460251781463622
Epoch :  700  Epoch time :  0.38669528625905514  Train L2 Loss :  1.4457632843017578
Epoch :  701  Epoch time :  0.38662934862077236  Train L2 Loss :  1.4457597408294678
Epoch :  702  Epoch time :  0.3931460091844201  Train L2 Loss :  1.4457330848693848
Epoch :  703  Epoch time :  0.39658863190561533  Train L2 Loss :  1.4457175561904907
Epoch :  704  Epoch time :  0.3862702203914523  Train L2 Loss :  1.4457437511444091
Epoch :  705  Epoch time :  0.38782481104135513  Train L2 Loss :  1.4457121746063233
Epoch :  706  Epoch time :  0.3875464452430606  Train L2 Loss :  1.445704508781433
Epoch :  707  Epoch time :  0.3867615023627877  Train L2 Loss :  1.4456918235778808
Epoch :  708  Epoch time :  0.3868254469707608  Train L2 Loss :  1.4456840270996094
Epoch :  709  Epoch time :  0.3864568443968892  Train L2 Loss :  1.4456501840591431
Epoch :  710  Epoch time :  0.3866181243211031  Train L2 Loss :  1.4456664909362793
Epoch :  711  Epoch time :  0.3868138240650296  Train L2 Loss :  1.4456432392120362
Epoch :  712  Epoch time :  0.3863696688786149  Train L2 Loss :  1.4456171627044678
Epoch :  713  Epoch time :  0.38679623883217573  Train L2 Loss :  1.4456243270874023
Epoch :  714  Epoch time :  0.3865710301324725  Train L2 Loss :  1.4456458229064941
Epoch :  715  Epoch time :  0.38817087188363075  Train L2 Loss :  1.4455942207336425
Epoch :  716  Epoch time :  0.38654745649546385  Train L2 Loss :  1.4455906816482544
Epoch :  717  Epoch time :  0.38659876119345427  Train L2 Loss :  1.4455644802093506
Epoch :  718  Epoch time :  0.38637940771877766  Train L2 Loss :  1.4455654133796692
Epoch :  719  Epoch time :  0.386884780600667  Train L2 Loss :  1.4455563102722169
Epoch :  720  Epoch time :  0.3865144392475486  Train L2 Loss :  1.4455537317276002
Epoch :  721  Epoch time :  0.3870260836556554  Train L2 Loss :  1.4455305206298827
Epoch :  722  Epoch time :  0.38698393665254116  Train L2 Loss :  1.4455199115753175
Epoch :  723  Epoch time :  0.38674331456422806  Train L2 Loss :  1.4455249168395996
Epoch :  724  Epoch time :  0.38626086711883545  Train L2 Loss :  1.44551222114563
Epoch :  725  Epoch time :  0.38653683569282293  Train L2 Loss :  1.4454890350341796
Epoch :  726  Epoch time :  0.3866028478369117  Train L2 Loss :  1.445467636871338
Epoch :  727  Epoch time :  0.3882957138121128  Train L2 Loss :  1.4454595182418823
Epoch :  728  Epoch time :  0.3867158414795995  Train L2 Loss :  1.4454905784606933
Epoch :  729  Epoch time :  0.3867896692827344  Train L2 Loss :  1.4454770660400391
Epoch :  730  Epoch time :  0.38637853879481554  Train L2 Loss :  1.4454677968978882
Epoch :  731  Epoch time :  0.386920765042305  Train L2 Loss :  1.4454452852249144
Epoch :  732  Epoch time :  0.38711795397102833  Train L2 Loss :  1.4454070682525635
Epoch :  733  Epoch time :  0.3873456874862313  Train L2 Loss :  1.4454187671661376
Epoch :  734  Epoch time :  0.38694458454847336  Train L2 Loss :  1.4454062908172607
Epoch :  735  Epoch time :  0.38689813762903214  Train L2 Loss :  1.4453853471755982
Epoch :  736  Epoch time :  0.38697428442537785  Train L2 Loss :  1.4453565525054932
Epoch :  737  Epoch time :  0.3866960611194372  Train L2 Loss :  1.4453367750167847
Epoch :  738  Epoch time :  0.39248175639659166  Train L2 Loss :  1.4453594734191895
Epoch :  739  Epoch time :  0.38814113568514585  Train L2 Loss :  1.4453707920074463
Epoch :  740  Epoch time :  0.3875074898824096  Train L2 Loss :  1.4453413637161254
Epoch :  741  Epoch time :  0.3873401191085577  Train L2 Loss :  1.4453412139892579
Epoch :  742  Epoch time :  0.3874847088009119  Train L2 Loss :  1.4453134475708007
Epoch :  743  Epoch time :  0.38746991381049156  Train L2 Loss :  1.4453508071899415
Epoch :  744  Epoch time :  0.3872186057269573  Train L2 Loss :  1.4453034439086914
Epoch :  745  Epoch time :  0.38724660500884056  Train L2 Loss :  1.4452847871780397
Epoch :  746  Epoch time :  0.3871888192370534  Train L2 Loss :  1.4452519386291505
Epoch :  747  Epoch time :  0.3878886252641678  Train L2 Loss :  1.4452490646362304
Epoch :  748  Epoch time :  0.3869921984151006  Train L2 Loss :  1.4452471405029297
Epoch :  749  Epoch time :  0.3870376581326127  Train L2 Loss :  1.4452544628143311
Epoch :  750  Epoch time :  0.3867286089807749  Train L2 Loss :  1.4452226982116698
Epoch :  751  Epoch time :  0.3867451986297965  Train L2 Loss :  1.4451885442733765
Epoch :  752  Epoch time :  0.38706777803599834  Train L2 Loss :  1.4451792114257813
Epoch :  753  Epoch time :  0.3867245642468333  Train L2 Loss :  1.4452265134811402
Epoch :  754  Epoch time :  0.3865000242367387  Train L2 Loss :  1.4451933574676514
Epoch :  755  Epoch time :  0.3867341326549649  Train L2 Loss :  1.4451642681121826
Epoch :  756  Epoch time :  0.3869167948141694  Train L2 Loss :  1.4451833494186401
Epoch :  757  Epoch time :  0.3872953737154603  Train L2 Loss :  1.4451499439239501
Epoch :  758  Epoch time :  0.38682317454367876  Train L2 Loss :  1.4451545585632324
Epoch :  759  Epoch time :  0.38728616386651993  Train L2 Loss :  1.4451604618072509
Epoch :  760  Epoch time :  0.3868609042838216  Train L2 Loss :  1.445106791305542
Epoch :  761  Epoch time :  0.3867733543738723  Train L2 Loss :  1.445106978225708
Epoch :  762  Epoch time :  0.3976675970479846  Train L2 Loss :  1.4450882968902587
Epoch :  763  Epoch time :  0.39313498605042696  Train L2 Loss :  1.4450653022766113
Epoch :  764  Epoch time :  0.3867183281108737  Train L2 Loss :  1.445073291015625
Epoch :  765  Epoch time :  0.3868513023480773  Train L2 Loss :  1.445062329864502
Epoch :  766  Epoch time :  0.38677798863500357  Train L2 Loss :  1.4450560501098633
Epoch :  767  Epoch time :  0.3869325239211321  Train L2 Loss :  1.4450354942321777
Epoch :  768  Epoch time :  0.38701749686151743  Train L2 Loss :  1.4450191246032715
Epoch :  769  Epoch time :  0.38698039297014475  Train L2 Loss :  1.4450121591567993
Epoch :  770  Epoch time :  0.38679471891373396  Train L2 Loss :  1.4450080724716186
Epoch :  771  Epoch time :  0.3884847788140178  Train L2 Loss :  1.4449686952590943
Epoch :  772  Epoch time :  0.38715982902795076  Train L2 Loss :  1.4450020675659179
Epoch :  773  Epoch time :  0.3873268375173211  Train L2 Loss :  1.4449627611160278
Epoch :  774  Epoch time :  0.38673115614801645  Train L2 Loss :  1.4449648895263671
Epoch :  775  Epoch time :  0.38701858185231686  Train L2 Loss :  1.4449623880386353
Epoch :  776  Epoch time :  0.38689927384257317  Train L2 Loss :  1.4449190189361572
Epoch :  777  Epoch time :  0.38687343522906303  Train L2 Loss :  1.4449351419448853
Epoch :  778  Epoch time :  0.38699855748564005  Train L2 Loss :  1.4448962884902954
Epoch :  779  Epoch time :  0.3865868467837572  Train L2 Loss :  1.444896346282959
Epoch :  780  Epoch time :  0.38656855281442404  Train L2 Loss :  1.4449257274627685
Epoch :  781  Epoch time :  0.3887924961745739  Train L2 Loss :  1.4448639644622803
Epoch :  782  Epoch time :  0.38700093142688274  Train L2 Loss :  1.4448740926742554
Epoch :  783  Epoch time :  0.38689481653273106  Train L2 Loss :  1.4448715663909912
Epoch :  784  Epoch time :  0.3867534324526787  Train L2 Loss :  1.4448534271240234
Epoch :  785  Epoch time :  0.3871246362105012  Train L2 Loss :  1.4448299978256225
Epoch :  786  Epoch time :  0.38700877875089645  Train L2 Loss :  1.444846188354492
Epoch :  787  Epoch time :  0.3871149327605963  Train L2 Loss :  1.4447999488830567
Epoch :  788  Epoch time :  0.3869969891384244  Train L2 Loss :  1.4447889813423156
Epoch :  789  Epoch time :  0.3870355188846588  Train L2 Loss :  1.4447757698059083
Epoch :  790  Epoch time :  0.38699938636273146  Train L2 Loss :  1.4447726871490478
Epoch :  791  Epoch time :  0.38698871433734894  Train L2 Loss :  1.4447596141815187
Epoch :  792  Epoch time :  0.38812348432838917  Train L2 Loss :  1.4447308612823486
Epoch :  793  Epoch time :  0.38729542307555676  Train L2 Loss :  1.4447525133132935
Epoch :  794  Epoch time :  0.3874000357463956  Train L2 Loss :  1.4447370231628418
Epoch :  795  Epoch time :  0.3868846334517002  Train L2 Loss :  1.4447720096588135
Epoch :  796  Epoch time :  0.38704362977296114  Train L2 Loss :  1.4446871421813965
Epoch :  797  Epoch time :  0.3872338104993105  Train L2 Loss :  1.4446841955184937
Epoch :  798  Epoch time :  0.38679282180964947  Train L2 Loss :  1.4446779010772706
Epoch :  799  Epoch time :  0.38706947304308414  Train L2 Loss :  1.4446722469329834
Epoch :  800  Epoch time :  0.38652942422777414  Train L2 Loss :  1.4445478029251098
Epoch :  801  Epoch time :  0.38741642236709595  Train L2 Loss :  1.4445485328674317
Epoch :  802  Epoch time :  0.38701063953340054  Train L2 Loss :  1.4445379131317138
Epoch :  803  Epoch time :  0.38846575282514095  Train L2 Loss :  1.4445610397338866
Epoch :  804  Epoch time :  0.3870673067867756  Train L2 Loss :  1.4445272422790527
Epoch :  805  Epoch time :  0.3868387034162879  Train L2 Loss :  1.4445224061965942
Epoch :  806  Epoch time :  0.38644240889698267  Train L2 Loss :  1.4445037433624268
Epoch :  807  Epoch time :  0.3870141915977001  Train L2 Loss :  1.4445100509643554
Epoch :  808  Epoch time :  0.3868093825876713  Train L2 Loss :  1.4444921905517578
Epoch :  809  Epoch time :  0.38715768326073885  Train L2 Loss :  1.444498184776306
Epoch :  810  Epoch time :  0.3874101461842656  Train L2 Loss :  1.4444902881622315
Epoch :  811  Epoch time :  0.3873740816488862  Train L2 Loss :  1.4444853393554689
Epoch :  812  Epoch time :  0.3872672151774168  Train L2 Loss :  1.4444775161743164
Epoch :  813  Epoch time :  0.3870560657233  Train L2 Loss :  1.4444746528625487
Epoch :  814  Epoch time :  0.38863315246999264  Train L2 Loss :  1.44449012260437
Epoch :  815  Epoch time :  0.3871701890602708  Train L2 Loss :  1.4444727596282958
Epoch :  816  Epoch time :  0.3870069421827793  Train L2 Loss :  1.4444573455810548
Epoch :  817  Epoch time :  0.38699317537248135  Train L2 Loss :  1.4444345178604125
Epoch :  818  Epoch time :  0.3871360719203949  Train L2 Loss :  1.444455334854126
Epoch :  819  Epoch time :  0.38727877102792263  Train L2 Loss :  1.444419645690918
Epoch :  820  Epoch time :  0.39691109489649534  Train L2 Loss :  1.444415210723877
Epoch :  821  Epoch time :  0.38699755631387234  Train L2 Loss :  1.4444275100708008
Epoch :  822  Epoch time :  0.38646227307617664  Train L2 Loss :  1.4444193073272704
Epoch :  823  Epoch time :  0.40353497490286827  Train L2 Loss :  1.444419858932495
Epoch :  824  Epoch time :  0.38742266967892647  Train L2 Loss :  1.4444111759185791
Epoch :  825  Epoch time :  0.3885150058194995  Train L2 Loss :  1.4444293436050415
Epoch :  826  Epoch time :  0.3869716627523303  Train L2 Loss :  1.444416109085083
Epoch :  827  Epoch time :  0.38723510410636663  Train L2 Loss :  1.4443970615386963
Epoch :  828  Epoch time :  0.3868096824735403  Train L2 Loss :  1.444377328491211
Epoch :  829  Epoch time :  0.3911729846149683  Train L2 Loss :  1.4443724939346314
Epoch :  830  Epoch time :  0.3870682427659631  Train L2 Loss :  1.4443559494018554
Epoch :  831  Epoch time :  0.38671552017331123  Train L2 Loss :  1.444355527496338
Epoch :  832  Epoch time :  0.3869264619424939  Train L2 Loss :  1.444357294845581
Epoch :  833  Epoch time :  0.38722206838428974  Train L2 Loss :  1.4443496723175049
Epoch :  834  Epoch time :  0.3867908641695976  Train L2 Loss :  1.4443460298538209
Epoch :  835  Epoch time :  0.3870390458032489  Train L2 Loss :  1.4443530183792115
Epoch :  836  Epoch time :  0.3934299787506461  Train L2 Loss :  1.444343271446228
Epoch :  837  Epoch time :  0.3880417300388217  Train L2 Loss :  1.444323918914795
Epoch :  838  Epoch time :  0.3876465056091547  Train L2 Loss :  1.4443351930618287
Epoch :  839  Epoch time :  0.3877618806436658  Train L2 Loss :  1.4443239307403564
Epoch :  840  Epoch time :  0.3877886766567826  Train L2 Loss :  1.4443209405899047
Epoch :  841  Epoch time :  0.38785719219595194  Train L2 Loss :  1.4443018325805663
Epoch :  842  Epoch time :  0.38781099021434784  Train L2 Loss :  1.444287754058838
Epoch :  843  Epoch time :  0.38750620372593403  Train L2 Loss :  1.4442844718933106
Epoch :  844  Epoch time :  0.3875086000189185  Train L2 Loss :  1.4442882286071776
Epoch :  845  Epoch time :  0.38714451994746923  Train L2 Loss :  1.4442614469528199
Epoch :  846  Epoch time :  0.38748839404433966  Train L2 Loss :  1.444262162399292
Epoch :  847  Epoch time :  0.3879745975136757  Train L2 Loss :  1.4442611267089844
Epoch :  848  Epoch time :  0.3874774081632495  Train L2 Loss :  1.4442715854644776
Epoch :  849  Epoch time :  0.3874524347484112  Train L2 Loss :  1.4442560329437255
Epoch :  850  Epoch time :  0.38752804696559906  Train L2 Loss :  1.444252611541748
Epoch :  851  Epoch time :  0.38741328474134207  Train L2 Loss :  1.4442317481994629
Epoch :  852  Epoch time :  0.3874414162710309  Train L2 Loss :  1.4442441745758057
Epoch :  853  Epoch time :  0.387399323284626  Train L2 Loss :  1.4442255363464356
Epoch :  854  Epoch time :  0.3873985465615988  Train L2 Loss :  1.4442098150253295
Epoch :  855  Epoch time :  0.38759879767894745  Train L2 Loss :  1.4442203163146972
Epoch :  856  Epoch time :  0.38763166032731533  Train L2 Loss :  1.4442108070373536
Epoch :  857  Epoch time :  0.38719902839511633  Train L2 Loss :  1.4442235401153565
Epoch :  858  Epoch time :  0.38730413001030684  Train L2 Loss :  1.4441994813919068
Epoch :  859  Epoch time :  0.3872572910040617  Train L2 Loss :  1.4441873365402222
Epoch :  860  Epoch time :  0.38734368700534105  Train L2 Loss :  1.4441869884490968
Epoch :  861  Epoch time :  0.3874037181958556  Train L2 Loss :  1.4441700893402099
Epoch :  862  Epoch time :  0.3871772391721606  Train L2 Loss :  1.4441835611343383
Epoch :  863  Epoch time :  0.38782201427966356  Train L2 Loss :  1.444168879699707
Epoch :  864  Epoch time :  0.38725605607032776  Train L2 Loss :  1.4441828145980835
Epoch :  865  Epoch time :  0.38760617934167385  Train L2 Loss :  1.444144238471985
Epoch :  866  Epoch time :  0.3873640466481447  Train L2 Loss :  1.4441425016403198
Epoch :  867  Epoch time :  0.3873082520440221  Train L2 Loss :  1.4441354866027831
Epoch :  868  Epoch time :  0.38890756852924824  Train L2 Loss :  1.4441285137176514
Epoch :  869  Epoch time :  0.3873068783432245  Train L2 Loss :  1.4441118551254273
Epoch :  870  Epoch time :  0.3870259178802371  Train L2 Loss :  1.4441047981262207
Epoch :  871  Epoch time :  0.38728736247867346  Train L2 Loss :  1.4441271053314209
Epoch :  872  Epoch time :  0.3871952025219798  Train L2 Loss :  1.444108849143982
Epoch :  873  Epoch time :  0.3870461219921708  Train L2 Loss :  1.4441073162078857
Epoch :  874  Epoch time :  0.38708500750362873  Train L2 Loss :  1.44409293384552
Epoch :  875  Epoch time :  0.3878580406308174  Train L2 Loss :  1.444100578689575
Epoch :  876  Epoch time :  0.3878888953477144  Train L2 Loss :  1.4440800899505615
Epoch :  877  Epoch time :  0.3877577055245638  Train L2 Loss :  1.4440939641952515
Epoch :  878  Epoch time :  0.3877540361136198  Train L2 Loss :  1.4440555076599122
Epoch :  879  Epoch time :  0.38949280697852373  Train L2 Loss :  1.4440774301528931
Epoch :  880  Epoch time :  0.38783193193376064  Train L2 Loss :  1.4440764839172364
Epoch :  881  Epoch time :  0.3880625516176224  Train L2 Loss :  1.4440683795928955
Epoch :  882  Epoch time :  0.38739706203341484  Train L2 Loss :  1.4440553329467773
Epoch :  883  Epoch time :  0.40439209900796413  Train L2 Loss :  1.4440481872558595
Epoch :  884  Epoch time :  0.38773534446954727  Train L2 Loss :  1.444025048828125
Epoch :  885  Epoch time :  0.3875404316931963  Train L2 Loss :  1.4440188804626466
Epoch :  886  Epoch time :  0.387508817948401  Train L2 Loss :  1.4440377765655517
Epoch :  887  Epoch time :  0.38736739475280046  Train L2 Loss :  1.444012614440918
Epoch :  888  Epoch time :  0.38770646322518587  Train L2 Loss :  1.4439967168807983
Epoch :  889  Epoch time :  0.3875629296526313  Train L2 Loss :  1.443998927307129
Epoch :  890  Epoch time :  0.3888154458254576  Train L2 Loss :  1.4440082473754883
Epoch :  891  Epoch time :  0.3876988301053643  Train L2 Loss :  1.44400525932312
Epoch :  892  Epoch time :  0.3875440191477537  Train L2 Loss :  1.4439872932434081
Epoch :  893  Epoch time :  0.3877259101718664  Train L2 Loss :  1.4439834957122804
Epoch :  894  Epoch time :  0.38740959390997887  Train L2 Loss :  1.4439523830413818
Epoch :  895  Epoch time :  0.3868449917063117  Train L2 Loss :  1.4439560901641846
Epoch :  896  Epoch time :  0.3871354190632701  Train L2 Loss :  1.4439848403930664
Epoch :  897  Epoch time :  0.3874647496268153  Train L2 Loss :  1.4439636386871337
Epoch :  898  Epoch time :  0.38717065192759037  Train L2 Loss :  1.4439589710235596
Epoch :  899  Epoch time :  0.38750859070569277  Train L2 Loss :  1.4439361755371094
Epoch :  900  Epoch time :  0.3873130474239588  Train L2 Loss :  1.4438801517486572
Epoch :  901  Epoch time :  0.3886432936415076  Train L2 Loss :  1.4438721755981445
Epoch :  902  Epoch time :  0.3872935539111495  Train L2 Loss :  1.4438696479797364
Epoch :  903  Epoch time :  0.38707454316318035  Train L2 Loss :  1.44386072845459
Epoch :  904  Epoch time :  0.38733604177832603  Train L2 Loss :  1.443864298248291
Epoch :  905  Epoch time :  0.3871404314413667  Train L2 Loss :  1.4438597480773925
Epoch :  906  Epoch time :  0.38728166464716196  Train L2 Loss :  1.4438492141723633
Epoch :  907  Epoch time :  0.3867615209892392  Train L2 Loss :  1.443855263900757
Epoch :  908  Epoch time :  0.3867534454911947  Train L2 Loss :  1.443854594039917
Epoch :  909  Epoch time :  0.3864947408437729  Train L2 Loss :  1.4438427799224853
Epoch :  910  Epoch time :  0.3870235066860914  Train L2 Loss :  1.4438434103012086
Epoch :  911  Epoch time :  0.3869463298469782  Train L2 Loss :  1.4438377170562744
Epoch :  912  Epoch time :  0.38860721979290247  Train L2 Loss :  1.44384148979187
Epoch :  913  Epoch time :  0.3871745131909847  Train L2 Loss :  1.4438354553222656
Epoch :  914  Epoch time :  0.38738119043409824  Train L2 Loss :  1.443825030708313
Epoch :  915  Epoch time :  0.3872413616627455  Train L2 Loss :  1.4438299823760987
Epoch :  916  Epoch time :  0.3870159722864628  Train L2 Loss :  1.4438357648849487
Epoch :  917  Epoch time :  0.38757992908358574  Train L2 Loss :  1.4438154653549193
Epoch :  918  Epoch time :  0.3868522709235549  Train L2 Loss :  1.4438167387008667
Epoch :  919  Epoch time :  0.3870515124872327  Train L2 Loss :  1.4438173891067505
Epoch :  920  Epoch time :  0.3868377562612295  Train L2 Loss :  1.4438246160507202
Epoch :  921  Epoch time :  0.3868101481348276  Train L2 Loss :  1.4438054738998414
Epoch :  922  Epoch time :  0.3870261814445257  Train L2 Loss :  1.4438017972946167
Epoch :  923  Epoch time :  0.3883719854056835  Train L2 Loss :  1.4438000053405762
Epoch :  924  Epoch time :  0.38698545191437006  Train L2 Loss :  1.4437919849395753
Epoch :  925  Epoch time :  0.3871298236772418  Train L2 Loss :  1.4437945789337159
Epoch :  926  Epoch time :  0.38646785728633404  Train L2 Loss :  1.4437856859207154
Epoch :  927  Epoch time :  0.38699759636074305  Train L2 Loss :  1.4437823888778687
Epoch :  928  Epoch time :  0.3870093058794737  Train L2 Loss :  1.4437803123474122
Epoch :  929  Epoch time :  0.3867758857086301  Train L2 Loss :  1.4437712162017822
Epoch :  930  Epoch time :  0.38726286590099335  Train L2 Loss :  1.4437708789825439
Epoch :  931  Epoch time :  0.38713850919157267  Train L2 Loss :  1.4437764945983886
Epoch :  932  Epoch time :  0.3866232857108116  Train L2 Loss :  1.44377215423584
Epoch :  933  Epoch time :  0.3871394330635667  Train L2 Loss :  1.4437627027511597
Epoch :  934  Epoch time :  0.3942167526111007  Train L2 Loss :  1.443756438064575
Epoch :  935  Epoch time :  0.388299273326993  Train L2 Loss :  1.4437640550613404
Epoch :  936  Epoch time :  0.38811973202973604  Train L2 Loss :  1.4437561246871948
Epoch :  937  Epoch time :  0.38800583966076374  Train L2 Loss :  1.4437425884246826
Epoch :  938  Epoch time :  0.3880134643986821  Train L2 Loss :  1.4437547117233276
Epoch :  939  Epoch time :  0.3878279961645603  Train L2 Loss :  1.4437435375213623
Epoch :  940  Epoch time :  0.38770058657974005  Train L2 Loss :  1.4437380443572998
Epoch :  941  Epoch time :  0.3882123790681362  Train L2 Loss :  1.443739458656311
Epoch :  942  Epoch time :  0.3878767229616642  Train L2 Loss :  1.44373723487854
Epoch :  943  Epoch time :  0.40472919680178165  Train L2 Loss :  1.4437351804733276
Epoch :  944  Epoch time :  0.388065068051219  Train L2 Loss :  1.4437269912719726
Epoch :  945  Epoch time :  0.3881022287532687  Train L2 Loss :  1.4437252759933472
Epoch :  946  Epoch time :  0.38767810817807913  Train L2 Loss :  1.4437196601867677
Epoch :  947  Epoch time :  0.38748654816299677  Train L2 Loss :  1.4437148580551147
Epoch :  948  Epoch time :  0.3873677933588624  Train L2 Loss :  1.4437126321792602
Epoch :  949  Epoch time :  0.3882792675867677  Train L2 Loss :  1.4436991357803344
Epoch :  950  Epoch time :  0.3877858789637685  Train L2 Loss :  1.4437075605392455
Epoch :  951  Epoch time :  0.38769050035625696  Train L2 Loss :  1.4437006916046142
Epoch :  952  Epoch time :  0.38774208165705204  Train L2 Loss :  1.4437219264984131
Epoch :  953  Epoch time :  0.3882065648213029  Train L2 Loss :  1.4437068258285521
Epoch :  954  Epoch time :  0.3879039864987135  Train L2 Loss :  1.443693190574646
Epoch :  955  Epoch time :  0.3883030619472265  Train L2 Loss :  1.4436854457855224
Epoch :  956  Epoch time :  0.3882342930883169  Train L2 Loss :  1.4436900304794311
Epoch :  957  Epoch time :  0.3877706816419959  Train L2 Loss :  1.4436866050720214
Epoch :  958  Epoch time :  0.38805929105728865  Train L2 Loss :  1.4436873163223267
Epoch :  959  Epoch time :  0.38818937726318836  Train L2 Loss :  1.4436777919769288
Epoch :  960  Epoch time :  0.38790044747292995  Train L2 Loss :  1.443667192554474
Epoch :  961  Epoch time :  0.38831906765699387  Train L2 Loss :  1.443665991783142
Epoch :  962  Epoch time :  0.38770983647555113  Train L2 Loss :  1.443669514465332
Epoch :  963  Epoch time :  0.3877191925421357  Train L2 Loss :  1.4436623289108277
Epoch :  964  Epoch time :  0.38788929395377636  Train L2 Loss :  1.4436592357635498
Epoch :  965  Epoch time :  0.38852181006222963  Train L2 Loss :  1.4436601560592652
Epoch :  966  Epoch time :  0.3893624423071742  Train L2 Loss :  1.4436579906463622
Epoch :  967  Epoch time :  0.38782365806400776  Train L2 Loss :  1.4436605728149414
Epoch :  968  Epoch time :  0.3883164534345269  Train L2 Loss :  1.4436448528289796
Epoch :  969  Epoch time :  0.38857467006891966  Train L2 Loss :  1.443645027923584
Epoch :  970  Epoch time :  0.38787998352199793  Train L2 Loss :  1.4436377086639405
Epoch :  971  Epoch time :  0.38780615478754044  Train L2 Loss :  1.4436317405700683
Epoch :  972  Epoch time :  0.3877329742535949  Train L2 Loss :  1.4436314252853393
Epoch :  973  Epoch time :  0.3878078944981098  Train L2 Loss :  1.443641132736206
Epoch :  974  Epoch time :  0.38796908129006624  Train L2 Loss :  1.4436186500549317
Epoch :  975  Epoch time :  0.38795073609799147  Train L2 Loss :  1.4436245975494384
Epoch :  976  Epoch time :  0.38761511351913214  Train L2 Loss :  1.4436189407348632
Epoch :  977  Epoch time :  0.38976367842406034  Train L2 Loss :  1.4436159763336183
Epoch :  978  Epoch time :  0.3881731731817126  Train L2 Loss :  1.4436124103546142
Epoch :  979  Epoch time :  0.39648193027824163  Train L2 Loss :  1.4436105293273926
Epoch :  980  Epoch time :  0.3899589627981186  Train L2 Loss :  1.4436028638839722
Epoch :  981  Epoch time :  0.3879748350009322  Train L2 Loss :  1.4435947971343994
Epoch :  982  Epoch time :  0.38752075377851725  Train L2 Loss :  1.4436006664276122
Epoch :  983  Epoch time :  0.38722396455705166  Train L2 Loss :  1.443597449684143
Epoch :  984  Epoch time :  0.3876281687989831  Train L2 Loss :  1.443599021911621
Epoch :  985  Epoch time :  0.3875066116452217  Train L2 Loss :  1.443588787460327
Epoch :  986  Epoch time :  0.3872673511505127  Train L2 Loss :  1.4435963567733765
Epoch :  987  Epoch time :  0.38783382065594196  Train L2 Loss :  1.4435845529556275
Epoch :  988  Epoch time :  0.388574312441051  Train L2 Loss :  1.4435724998474122
Epoch :  989  Epoch time :  0.38780871126800776  Train L2 Loss :  1.443580739402771
Epoch :  990  Epoch time :  0.3908688509836793  Train L2 Loss :  1.443579966545105
Epoch :  991  Epoch time :  0.3892782274633646  Train L2 Loss :  1.4435681273460388
Epoch :  992  Epoch time :  0.38961468543857336  Train L2 Loss :  1.4435656375885009
Epoch :  993  Epoch time :  0.3963278029114008  Train L2 Loss :  1.4435577781677247
Epoch :  994  Epoch time :  0.4026224371045828  Train L2 Loss :  1.44356455078125
Epoch :  995  Epoch time :  0.4029897255823016  Train L2 Loss :  1.443555429840088
Epoch :  996  Epoch time :  0.40536860935389996  Train L2 Loss :  1.443552765083313
Epoch :  997  Epoch time :  0.39505400601774454  Train L2 Loss :  1.4435442430496215
Epoch :  998  Epoch time :  0.3964675320312381  Train L2 Loss :  1.4435432824134826
Epoch :  999  Epoch time :  0.3954257182776928  Train L2 Loss :  1.443551446723938
Total time is : 387.2712293891236 Total epoch is  1000
