Energy is  4.440892098500626e-15
Input dim :  128  output dim :  4096
1380865
Epoch :  0  Epoch time :  0.5822015525773168  Train L2 Loss :  8.657387799072266
Epoch :  1  Epoch time :  0.4032005276530981  Train L2 Loss :  5.967265631866455
Epoch :  2  Epoch time :  0.40210321079939604  Train L2 Loss :  4.867492324829102
Epoch :  3  Epoch time :  0.40445369482040405  Train L2 Loss :  3.4819143157958985
Epoch :  4  Epoch time :  0.44117095973342657  Train L2 Loss :  2.926554411315918
Epoch :  5  Epoch time :  0.4412760706618428  Train L2 Loss :  2.5278327728271486
Epoch :  6  Epoch time :  0.40380176063627005  Train L2 Loss :  2.147503544807434
Epoch :  7  Epoch time :  0.4034005608409643  Train L2 Loss :  1.7990045684814453
Epoch :  8  Epoch time :  0.40498052071779966  Train L2 Loss :  1.619028824043274
Epoch :  9  Epoch time :  0.40319580119103193  Train L2 Loss :  1.487297151184082
Epoch :  10  Epoch time :  0.40265307761728764  Train L2 Loss :  1.2892845531463624
Epoch :  11  Epoch time :  0.40690675284713507  Train L2 Loss :  1.1732810761451722
Epoch :  12  Epoch time :  0.4039838397875428  Train L2 Loss :  1.1017166697502137
Epoch :  13  Epoch time :  0.40587795805186033  Train L2 Loss :  1.0018674436569215
Epoch :  14  Epoch time :  0.4060310507193208  Train L2 Loss :  1.0196442197799682
Epoch :  15  Epoch time :  0.40562010277062654  Train L2 Loss :  0.8604541952133179
Epoch :  16  Epoch time :  0.40563528425991535  Train L2 Loss :  0.7646217244148255
Epoch :  17  Epoch time :  0.40692858397960663  Train L2 Loss :  0.7050087301731109
Epoch :  18  Epoch time :  0.4054356012493372  Train L2 Loss :  0.6330020864486694
Epoch :  19  Epoch time :  0.40684081334620714  Train L2 Loss :  0.6807613227844238
Epoch :  20  Epoch time :  0.40350963920354843  Train L2 Loss :  0.636372032546997
Epoch :  21  Epoch time :  0.40347744058817625  Train L2 Loss :  0.5881292483329773
Epoch :  22  Epoch time :  0.40454112738370895  Train L2 Loss :  0.5289546669960022
Epoch :  23  Epoch time :  0.40452512074261904  Train L2 Loss :  0.49978975257873537
Epoch :  24  Epoch time :  0.42012546584010124  Train L2 Loss :  0.4939490931987762
Epoch :  25  Epoch time :  0.40356830321252346  Train L2 Loss :  0.5494486916542053
Epoch :  26  Epoch time :  0.4036151980981231  Train L2 Loss :  0.46764927377700805
Epoch :  27  Epoch time :  0.40357780549675226  Train L2 Loss :  0.4385437698364258
Epoch :  28  Epoch time :  0.4042120361700654  Train L2 Loss :  0.44322477188110354
Epoch :  29  Epoch time :  0.4050203561782837  Train L2 Loss :  0.42968683738708496
Epoch :  30  Epoch time :  0.40370657201856375  Train L2 Loss :  0.42992309370040893
Epoch :  31  Epoch time :  0.4033491341397166  Train L2 Loss :  0.4071461588859558
Epoch :  32  Epoch time :  0.4058898501098156  Train L2 Loss :  0.3753215520858765
Epoch :  33  Epoch time :  0.40384990256279707  Train L2 Loss :  0.4031969048500061
Epoch :  34  Epoch time :  0.40354670491069555  Train L2 Loss :  0.380339416885376
Epoch :  35  Epoch time :  0.4050375558435917  Train L2 Loss :  0.35833165941238404
Epoch :  36  Epoch time :  0.4038710370659828  Train L2 Loss :  0.4052360860824585
Epoch :  37  Epoch time :  0.40772650577127934  Train L2 Loss :  0.38986136121749876
Epoch :  38  Epoch time :  0.40547951217740774  Train L2 Loss :  0.36771276779174805
Epoch :  39  Epoch time :  0.40385611448436975  Train L2 Loss :  0.3570463916301727
Epoch :  40  Epoch time :  0.40432658698409796  Train L2 Loss :  0.3848807123184204
Epoch :  41  Epoch time :  0.4045461229979992  Train L2 Loss :  0.3657793930053711
Epoch :  42  Epoch time :  0.40663311537355185  Train L2 Loss :  0.39316506147384644
Epoch :  43  Epoch time :  0.40403900016099215  Train L2 Loss :  0.33748311800956726
Epoch :  44  Epoch time :  0.4035774115473032  Train L2 Loss :  0.30088279275894164
Epoch :  45  Epoch time :  0.40534729324281216  Train L2 Loss :  0.3304123208045959
Epoch :  46  Epoch time :  0.4033438712358475  Train L2 Loss :  0.37053883113861086
Epoch :  47  Epoch time :  0.4030780643224716  Train L2 Loss :  0.3597735779285431
Epoch :  48  Epoch time :  0.4033772759139538  Train L2 Loss :  0.32677789769172666
Epoch :  49  Epoch time :  0.40364458691328764  Train L2 Loss :  0.3116755357265472
Epoch :  50  Epoch time :  0.40479678846895695  Train L2 Loss :  0.2826625572681427
Epoch :  51  Epoch time :  0.40457481518387794  Train L2 Loss :  0.27146591699123385
Epoch :  52  Epoch time :  0.40545031521469355  Train L2 Loss :  0.31376471843719483
Epoch :  53  Epoch time :  0.4043522151187062  Train L2 Loss :  0.30146920051574705
Epoch :  54  Epoch time :  0.40496736858040094  Train L2 Loss :  0.2837291363239288
Epoch :  55  Epoch time :  0.4038707036525011  Train L2 Loss :  0.30737458820343017
Epoch :  56  Epoch time :  0.40484871715307236  Train L2 Loss :  0.30006702003479
Epoch :  57  Epoch time :  0.4036388462409377  Train L2 Loss :  0.3282037698745728
Epoch :  58  Epoch time :  0.4038790874183178  Train L2 Loss :  0.2767493278503418
Epoch :  59  Epoch time :  0.40391616616398096  Train L2 Loss :  0.24946286725997924
Epoch :  60  Epoch time :  0.4056424731388688  Train L2 Loss :  0.234280819272995
Epoch :  61  Epoch time :  0.4042162988334894  Train L2 Loss :  0.2838107677459717
Epoch :  62  Epoch time :  0.40437437035143375  Train L2 Loss :  0.2736025276184082
Epoch :  63  Epoch time :  0.40426595509052277  Train L2 Loss :  0.2638146104812622
Epoch :  64  Epoch time :  0.4049749355763197  Train L2 Loss :  0.2703799258708954
Epoch :  65  Epoch time :  0.40398968290537596  Train L2 Loss :  0.2540804832458496
Epoch :  66  Epoch time :  0.4122276268899441  Train L2 Loss :  0.2225560387134552
Epoch :  67  Epoch time :  0.4051698949187994  Train L2 Loss :  0.22407744116783143
Epoch :  68  Epoch time :  0.40833718702197075  Train L2 Loss :  0.21414632120132446
Epoch :  69  Epoch time :  0.4046984724700451  Train L2 Loss :  0.21207528157234193
Epoch :  70  Epoch time :  0.4047621749341488  Train L2 Loss :  0.2058492533683777
Epoch :  71  Epoch time :  0.4044473748654127  Train L2 Loss :  0.2158408825159073
Epoch :  72  Epoch time :  0.40571555588394403  Train L2 Loss :  0.20118864953517915
Epoch :  73  Epoch time :  0.4045718861743808  Train L2 Loss :  0.22004479908943175
Epoch :  74  Epoch time :  0.4047438185662031  Train L2 Loss :  0.23081330649852752
Epoch :  75  Epoch time :  0.4042641883715987  Train L2 Loss :  0.2493093421936035
Epoch :  76  Epoch time :  0.4042761716991663  Train L2 Loss :  0.2736790741920471
Epoch :  77  Epoch time :  0.4046689597889781  Train L2 Loss :  0.24322262439727782
Epoch :  78  Epoch time :  0.4065326415002346  Train L2 Loss :  0.27636815650463104
Epoch :  79  Epoch time :  0.4054099824279547  Train L2 Loss :  0.21485911502838134
Epoch :  80  Epoch time :  0.404796464368701  Train L2 Loss :  0.20162716972827913
Epoch :  81  Epoch time :  0.41515310388058424  Train L2 Loss :  0.19226697058677672
Epoch :  82  Epoch time :  0.4092753045260906  Train L2 Loss :  0.20155354905128478
Epoch :  83  Epoch time :  0.40390529576689005  Train L2 Loss :  0.22085302319526673
Epoch :  84  Epoch time :  0.4059449238702655  Train L2 Loss :  0.26067063097953797
Epoch :  85  Epoch time :  0.40426891297101974  Train L2 Loss :  0.21827920331954956
Epoch :  86  Epoch time :  0.40500371251255274  Train L2 Loss :  0.1915133055448532
Epoch :  87  Epoch time :  0.40510425064712763  Train L2 Loss :  0.17286074895858763
Epoch :  88  Epoch time :  0.40476447250694036  Train L2 Loss :  0.18374927883148193
Epoch :  89  Epoch time :  0.40746929310262203  Train L2 Loss :  0.17904900827407838
Epoch :  90  Epoch time :  0.4056860990822315  Train L2 Loss :  0.1496397632598877
Epoch :  91  Epoch time :  0.43744506035000086  Train L2 Loss :  0.15107506852149963
Epoch :  92  Epoch time :  0.4218927314504981  Train L2 Loss :  0.16052975027561187
Epoch :  93  Epoch time :  0.40593927912414074  Train L2 Loss :  0.1752865047454834
Epoch :  94  Epoch time :  0.4060846595093608  Train L2 Loss :  0.18025949258804322
Epoch :  95  Epoch time :  0.40611166041344404  Train L2 Loss :  0.2082344269514084
Epoch :  96  Epoch time :  0.40532798133790493  Train L2 Loss :  0.2175850477218628
Epoch :  97  Epoch time :  0.40605573914945126  Train L2 Loss :  0.2108377583503723
Epoch :  98  Epoch time :  0.4054042315110564  Train L2 Loss :  0.20417105412483216
Epoch :  99  Epoch time :  0.4072406552731991  Train L2 Loss :  0.19185918321609496
Epoch :  100  Epoch time :  0.406031958758831  Train L2 Loss :  0.1300658133983612
Epoch :  101  Epoch time :  0.40598172042518854  Train L2 Loss :  0.09961578305959702
Epoch :  102  Epoch time :  0.40575344674289227  Train L2 Loss :  0.09145967507362365
Epoch :  103  Epoch time :  0.4067470785230398  Train L2 Loss :  0.08632784209251404
Epoch :  104  Epoch time :  0.40738638024777174  Train L2 Loss :  0.0835643168091774
Epoch :  105  Epoch time :  0.40647368133068085  Train L2 Loss :  0.08204930419921876
Epoch :  106  Epoch time :  0.4060382405295968  Train L2 Loss :  0.07996625065803528
Epoch :  107  Epoch time :  0.40618736017495394  Train L2 Loss :  0.07900201551914215
Epoch :  108  Epoch time :  0.4066054532304406  Train L2 Loss :  0.07790617055892944
Epoch :  109  Epoch time :  0.404944964684546  Train L2 Loss :  0.07793576831817627
Epoch :  110  Epoch time :  0.41012157034128904  Train L2 Loss :  0.07719908157587052
Epoch :  111  Epoch time :  0.40579814091324806  Train L2 Loss :  0.07650962028503418
Epoch :  112  Epoch time :  0.4058083053678274  Train L2 Loss :  0.0744660481929779
Epoch :  113  Epoch time :  0.4059371938928962  Train L2 Loss :  0.07501438905000686
Epoch :  114  Epoch time :  0.40625465475022793  Train L2 Loss :  0.07719836962223053
Epoch :  115  Epoch time :  0.40608330350369215  Train L2 Loss :  0.08303819267749786
Epoch :  116  Epoch time :  0.40638791862875223  Train L2 Loss :  0.0884678207397461
Epoch :  117  Epoch time :  0.4058249518275261  Train L2 Loss :  0.09363465175628662
Epoch :  118  Epoch time :  0.4058051509782672  Train L2 Loss :  0.09537423186302185
Epoch :  119  Epoch time :  0.41548136807978153  Train L2 Loss :  0.09779632306098938
Epoch :  120  Epoch time :  0.4072673562914133  Train L2 Loss :  0.0950455955028534
Epoch :  121  Epoch time :  0.4058506563305855  Train L2 Loss :  0.09898026950359344
Epoch :  122  Epoch time :  0.4056012509390712  Train L2 Loss :  0.09327720160484314
Epoch :  123  Epoch time :  0.40462417248636484  Train L2 Loss :  0.09691181426048279
Epoch :  124  Epoch time :  0.40548127610236406  Train L2 Loss :  0.09096534333229064
Epoch :  125  Epoch time :  0.40641912911087275  Train L2 Loss :  0.08767590181827545
Epoch :  126  Epoch time :  0.40569505002349615  Train L2 Loss :  0.08674544798135757
Epoch :  127  Epoch time :  0.406400921754539  Train L2 Loss :  0.09415613474845887
Epoch :  128  Epoch time :  0.4154113968834281  Train L2 Loss :  0.10022896065711975
Epoch :  129  Epoch time :  0.4066551495343447  Train L2 Loss :  0.09411416529417038
Epoch :  130  Epoch time :  0.4076906889677048  Train L2 Loss :  0.08936634358167649
Epoch :  131  Epoch time :  0.40627755504101515  Train L2 Loss :  0.09989478507041931
Epoch :  132  Epoch time :  0.4044251888990402  Train L2 Loss :  0.1063687562942505
Epoch :  133  Epoch time :  0.406145665794611  Train L2 Loss :  0.10169882915019988
Epoch :  134  Epoch time :  0.40508825052529573  Train L2 Loss :  0.09844173011779785
Epoch :  135  Epoch time :  0.40563452523201704  Train L2 Loss :  0.09098607395887374
Epoch :  136  Epoch time :  0.40520177967846394  Train L2 Loss :  0.08651310566663742
Epoch :  137  Epoch time :  0.40505119878798723  Train L2 Loss :  0.08314806727170944
Epoch :  138  Epoch time :  0.40517523512244225  Train L2 Loss :  0.09648118622303009
Epoch :  139  Epoch time :  0.42247992288321257  Train L2 Loss :  0.09242673174738884
Epoch :  140  Epoch time :  0.40545614156872034  Train L2 Loss :  0.09168691990375519
Epoch :  141  Epoch time :  0.40735766384750605  Train L2 Loss :  0.08773780765533447
Epoch :  142  Epoch time :  0.4048520065844059  Train L2 Loss :  0.08802459185123443
Epoch :  143  Epoch time :  0.4050443610176444  Train L2 Loss :  0.08992743139266968
Epoch :  144  Epoch time :  0.4050746662542224  Train L2 Loss :  0.09313313463926315
Epoch :  145  Epoch time :  0.405214580707252  Train L2 Loss :  0.08766943435668945
Epoch :  146  Epoch time :  0.4050472918897867  Train L2 Loss :  0.08570516548156738
Epoch :  147  Epoch time :  0.404684204608202  Train L2 Loss :  0.08939540648460388
Epoch :  148  Epoch time :  0.4041290795430541  Train L2 Loss :  0.08818042501211167
Epoch :  149  Epoch time :  0.40515868086367846  Train L2 Loss :  0.08725468071699143
Epoch :  150  Epoch time :  0.4050384173169732  Train L2 Loss :  0.08179948327541352
Epoch :  151  Epoch time :  0.40641053952276707  Train L2 Loss :  0.08059499242305755
Epoch :  152  Epoch time :  0.4051269544288516  Train L2 Loss :  0.08270108016729355
Epoch :  153  Epoch time :  0.40522528626024723  Train L2 Loss :  0.08145105953216553
Epoch :  154  Epoch time :  0.4052271582186222  Train L2 Loss :  0.08498772755861282
Epoch :  155  Epoch time :  0.40526872780174017  Train L2 Loss :  0.07535371623635292
Epoch :  156  Epoch time :  0.4057990061119199  Train L2 Loss :  0.073447407579422
Epoch :  157  Epoch time :  0.4051046222448349  Train L2 Loss :  0.08525605430603027
Epoch :  158  Epoch time :  0.40438615810126066  Train L2 Loss :  0.09589598314762116
Epoch :  159  Epoch time :  0.4046655250713229  Train L2 Loss :  0.08580409168004989
Epoch :  160  Epoch time :  0.40486705116927624  Train L2 Loss :  0.07523338875770569
Epoch :  161  Epoch time :  0.4050355004146695  Train L2 Loss :  0.08176520389318466
Epoch :  162  Epoch time :  0.40630566608160734  Train L2 Loss :  0.08406613019704819
Epoch :  163  Epoch time :  0.4047276508063078  Train L2 Loss :  0.07514143226146698
Epoch :  164  Epoch time :  0.40487136226147413  Train L2 Loss :  0.08062843741178513
Epoch :  165  Epoch time :  0.40509514324367046  Train L2 Loss :  0.08529763721227646
Epoch :  166  Epoch time :  0.4051308799535036  Train L2 Loss :  0.08353640912771225
Epoch :  167  Epoch time :  0.40508387237787247  Train L2 Loss :  0.08044411935806274
Epoch :  168  Epoch time :  0.40518809854984283  Train L2 Loss :  0.08128502979278565
Epoch :  169  Epoch time :  0.4046543622389436  Train L2 Loss :  0.08366662039756775
Epoch :  170  Epoch time :  0.40440988820046186  Train L2 Loss :  0.08600304579734802
Epoch :  171  Epoch time :  0.4049641406163573  Train L2 Loss :  0.08393197190761566
Epoch :  172  Epoch time :  0.40647595282644033  Train L2 Loss :  0.09220891134738922
Epoch :  173  Epoch time :  0.404642621986568  Train L2 Loss :  0.08579937640428544
Epoch :  174  Epoch time :  0.4051904836669564  Train L2 Loss :  0.07391840970516204
Epoch :  175  Epoch time :  0.4047392625361681  Train L2 Loss :  0.06796421027183533
Epoch :  176  Epoch time :  0.4047721652314067  Train L2 Loss :  0.07306564846038818
Epoch :  177  Epoch time :  0.40454298816621304  Train L2 Loss :  0.08314780454039573
Epoch :  178  Epoch time :  0.40499105770140886  Train L2 Loss :  0.07175388277769089
Epoch :  179  Epoch time :  0.404712300747633  Train L2 Loss :  0.07402408579587937
Epoch :  180  Epoch time :  0.4054246870800853  Train L2 Loss :  0.07329025527238846
Epoch :  181  Epoch time :  0.40503833442926407  Train L2 Loss :  0.07159724581241608
Epoch :  182  Epoch time :  0.4042827896773815  Train L2 Loss :  0.06492003889083862
Epoch :  183  Epoch time :  0.4102151496335864  Train L2 Loss :  0.07856405582427979
Epoch :  184  Epoch time :  0.4054811839014292  Train L2 Loss :  0.08543538746833801
Epoch :  185  Epoch time :  0.40441130846738815  Train L2 Loss :  0.07358897376060486
Epoch :  186  Epoch time :  0.40492068883031607  Train L2 Loss :  0.07377929319739342
Epoch :  187  Epoch time :  0.4049359131604433  Train L2 Loss :  0.07289885922670364
Epoch :  188  Epoch time :  0.40515254996716976  Train L2 Loss :  0.06799559454917908
Epoch :  189  Epoch time :  0.40518276765942574  Train L2 Loss :  0.06576631001234054
Epoch :  190  Epoch time :  0.4049416733905673  Train L2 Loss :  0.06664976282119751
Epoch :  191  Epoch time :  0.4049150850623846  Train L2 Loss :  0.06940985445976257
Epoch :  192  Epoch time :  0.4047410963103175  Train L2 Loss :  0.06633599119186401
Epoch :  193  Epoch time :  0.4061372587457299  Train L2 Loss :  0.0712044548034668
Epoch :  194  Epoch time :  0.4054392073303461  Train L2 Loss :  0.07300900809764863
Epoch :  195  Epoch time :  0.40598505921661854  Train L2 Loss :  0.06846225671172142
Epoch :  196  Epoch time :  0.42157740518450737  Train L2 Loss :  0.07006678667068482
Epoch :  197  Epoch time :  0.4051735857501626  Train L2 Loss :  0.07237450580596924
Epoch :  198  Epoch time :  0.40519311372190714  Train L2 Loss :  0.06942272184491158
Epoch :  199  Epoch time :  0.40481114014983177  Train L2 Loss :  0.07359982736110687
Epoch :  200  Epoch time :  0.40530233085155487  Train L2 Loss :  0.057753307223320005
Epoch :  201  Epoch time :  0.4053701972588897  Train L2 Loss :  0.04472996032834053
Epoch :  202  Epoch time :  0.4053668389096856  Train L2 Loss :  0.042122346127033236
Epoch :  203  Epoch time :  0.4071564171463251  Train L2 Loss :  0.04092644053697586
Epoch :  204  Epoch time :  0.4056818252429366  Train L2 Loss :  0.04020373005867004
Epoch :  205  Epoch time :  0.40562481712549925  Train L2 Loss :  0.04001712818145752
Epoch :  206  Epoch time :  0.40474489238113165  Train L2 Loss :  0.03951283113956451
Epoch :  207  Epoch time :  0.4067520834505558  Train L2 Loss :  0.03917705611586571
Epoch :  208  Epoch time :  0.4058071915060282  Train L2 Loss :  0.03887609821557999
Epoch :  209  Epoch time :  0.4053190751001239  Train L2 Loss :  0.03864452466964722
Epoch :  210  Epoch time :  0.4053898714482784  Train L2 Loss :  0.03860750812292099
Epoch :  211  Epoch time :  0.40534396562725306  Train L2 Loss :  0.038307646936178205
Epoch :  212  Epoch time :  0.4051703196018934  Train L2 Loss :  0.038390806221961976
Epoch :  213  Epoch time :  0.40541748609393835  Train L2 Loss :  0.03863517316579819
Epoch :  214  Epoch time :  0.40731270890682936  Train L2 Loss :  0.03894136130809784
Epoch :  215  Epoch time :  0.4055804582312703  Train L2 Loss :  0.03939713226556778
Epoch :  216  Epoch time :  0.4053002940490842  Train L2 Loss :  0.040028130221366885
Epoch :  217  Epoch time :  0.4051526915282011  Train L2 Loss :  0.04083405576944351
Epoch :  218  Epoch time :  0.4045180156826973  Train L2 Loss :  0.04196555446386337
Epoch :  219  Epoch time :  0.4050642494112253  Train L2 Loss :  0.04111359441280365
Epoch :  220  Epoch time :  0.40513643622398376  Train L2 Loss :  0.04100661144852638
Epoch :  221  Epoch time :  0.404281759634614  Train L2 Loss :  0.048058412539958954
Epoch :  222  Epoch time :  0.4053963264450431  Train L2 Loss :  0.04679938766360283
Epoch :  223  Epoch time :  0.40551872085779905  Train L2 Loss :  0.04716273980140686
Epoch :  224  Epoch time :  0.40684547927230597  Train L2 Loss :  0.046468606674671176
Epoch :  225  Epoch time :  0.4059015139937401  Train L2 Loss :  0.04400508379340172
Epoch :  226  Epoch time :  0.40555723849684  Train L2 Loss :  0.04439133450984955
Epoch :  227  Epoch time :  0.40502768103033304  Train L2 Loss :  0.041906568372249604
Epoch :  228  Epoch time :  0.4057144224643707  Train L2 Loss :  0.043232408308982846
Epoch :  229  Epoch time :  0.40520746167749166  Train L2 Loss :  0.04272129490375519
Epoch :  230  Epoch time :  0.4051954438909888  Train L2 Loss :  0.04455205215215683
Epoch :  231  Epoch time :  0.4056782219558954  Train L2 Loss :  0.04276903109550476
Epoch :  232  Epoch time :  0.405376429669559  Train L2 Loss :  0.04229764409065247
Epoch :  233  Epoch time :  0.40592370834201574  Train L2 Loss :  0.04566603251695633
Epoch :  234  Epoch time :  0.40577732864767313  Train L2 Loss :  0.045326131069660186
Epoch :  235  Epoch time :  0.4073212994262576  Train L2 Loss :  0.04604648146629334
Epoch :  236  Epoch time :  0.40552794374525547  Train L2 Loss :  0.04291208637952804
Epoch :  237  Epoch time :  0.4053669637069106  Train L2 Loss :  0.04104826258420944
Epoch :  238  Epoch time :  0.4052728991955519  Train L2 Loss :  0.03954880926609039
Epoch :  239  Epoch time :  0.4056184608489275  Train L2 Loss :  0.03977031728029251
Epoch :  240  Epoch time :  0.4058452695608139  Train L2 Loss :  0.04028051016330719
Epoch :  241  Epoch time :  0.4057050524279475  Train L2 Loss :  0.03974499264955521
Epoch :  242  Epoch time :  0.40560887567698956  Train L2 Loss :  0.04050035263299942
Epoch :  243  Epoch time :  0.4049929492175579  Train L2 Loss :  0.0385733001768589
Epoch :  244  Epoch time :  0.4047487899661064  Train L2 Loss :  0.039290221118927
Epoch :  245  Epoch time :  0.4070497239008546  Train L2 Loss :  0.04023835160732269
Epoch :  246  Epoch time :  0.4060119464993477  Train L2 Loss :  0.042659574222564695
Epoch :  247  Epoch time :  0.40571910236030817  Train L2 Loss :  0.04162351211309433
Epoch :  248  Epoch time :  0.40562240965664387  Train L2 Loss :  0.04165207250118256
Epoch :  249  Epoch time :  0.40593515150249004  Train L2 Loss :  0.041242312812805174
Epoch :  250  Epoch time :  0.4054333856329322  Train L2 Loss :  0.03950853841304779
Epoch :  251  Epoch time :  0.40537561289966106  Train L2 Loss :  0.04046347463130951
Epoch :  252  Epoch time :  0.40599074587225914  Train L2 Loss :  0.03925729182958603
Epoch :  253  Epoch time :  0.4170647757127881  Train L2 Loss :  0.039953125250339505
Epoch :  254  Epoch time :  0.410563413053751  Train L2 Loss :  0.04111758844256401
Epoch :  255  Epoch time :  0.4105007853358984  Train L2 Loss :  0.04260748991370201
Epoch :  256  Epoch time :  0.40814089123159647  Train L2 Loss :  0.04176368147730827
Epoch :  257  Epoch time :  0.40629857406020164  Train L2 Loss :  0.039843926191329954
Epoch :  258  Epoch time :  0.4062919281423092  Train L2 Loss :  0.041319754362106324
Epoch :  259  Epoch time :  0.4073510244488716  Train L2 Loss :  0.0382650890648365
Epoch :  260  Epoch time :  0.40668998658657074  Train L2 Loss :  0.03829227020740509
Epoch :  261  Epoch time :  0.4072684571146965  Train L2 Loss :  0.03705574476718903
Epoch :  262  Epoch time :  0.4073349591344595  Train L2 Loss :  0.03871429600119591
Epoch :  263  Epoch time :  0.406681802123785  Train L2 Loss :  0.03822856728434563
Epoch :  264  Epoch time :  0.4075763328000903  Train L2 Loss :  0.04070207061171532
Epoch :  265  Epoch time :  0.4068155139684677  Train L2 Loss :  0.04023132502436638
Epoch :  266  Epoch time :  0.40846366062760353  Train L2 Loss :  0.043172116845846174
Epoch :  267  Epoch time :  0.40728847589343786  Train L2 Loss :  0.0403086175441742
Epoch :  268  Epoch time :  0.40743946842849255  Train L2 Loss :  0.039297064423561096
Epoch :  269  Epoch time :  0.4075578926131129  Train L2 Loss :  0.03690755622386933
Epoch :  270  Epoch time :  0.40767649095505476  Train L2 Loss :  0.03568925996422768
Epoch :  271  Epoch time :  0.41749056708067656  Train L2 Loss :  0.037476252222061156
Epoch :  272  Epoch time :  0.40730312280356884  Train L2 Loss :  0.036541226232051846
Epoch :  273  Epoch time :  0.40726190339773893  Train L2 Loss :  0.03837816923856735
Epoch :  274  Epoch time :  0.40725244022905827  Train L2 Loss :  0.042368357384204865
Epoch :  275  Epoch time :  0.4063324723392725  Train L2 Loss :  0.04070593347549439
Epoch :  276  Epoch time :  0.40823465678840876  Train L2 Loss :  0.040499510896205904
Epoch :  277  Epoch time :  0.4069864107295871  Train L2 Loss :  0.03978217108845711
Epoch :  278  Epoch time :  0.40781076811254025  Train L2 Loss :  0.03790790915489197
Epoch :  279  Epoch time :  0.40793360862880945  Train L2 Loss :  0.03959851147532463
Epoch :  280  Epoch time :  0.4081459380686283  Train L2 Loss :  0.0369283034324646
Epoch :  281  Epoch time :  0.40717118605971336  Train L2 Loss :  0.03569654359221459
Epoch :  282  Epoch time :  0.4081338234245777  Train L2 Loss :  0.03716528883874416
Epoch :  283  Epoch time :  0.4075726615265012  Train L2 Loss :  0.03772466588020325
Epoch :  284  Epoch time :  0.40669876988977194  Train L2 Loss :  0.038924962335824966
Epoch :  285  Epoch time :  0.407983080483973  Train L2 Loss :  0.03718997234106064
Epoch :  286  Epoch time :  0.4064852995797992  Train L2 Loss :  0.037559780913591384
Epoch :  287  Epoch time :  0.40659238398075104  Train L2 Loss :  0.03585773242115974
Epoch :  288  Epoch time :  0.4076318321749568  Train L2 Loss :  0.0373692658662796
Epoch :  289  Epoch time :  0.4076409861445427  Train L2 Loss :  0.03924132869243622
Epoch :  290  Epoch time :  0.40762102510780096  Train L2 Loss :  0.0357445115506649
Epoch :  291  Epoch time :  0.4079284006729722  Train L2 Loss :  0.03590957467257976
Epoch :  292  Epoch time :  0.407159898430109  Train L2 Loss :  0.03523764098882675
Epoch :  293  Epoch time :  0.4066795716062188  Train L2 Loss :  0.037742413154244425
Epoch :  294  Epoch time :  0.4079253664240241  Train L2 Loss :  0.03913984440565109
Epoch :  295  Epoch time :  0.4072130834683776  Train L2 Loss :  0.03924850963950157
Epoch :  296  Epoch time :  0.40758081898093224  Train L2 Loss :  0.03648922861814499
Epoch :  297  Epoch time :  0.4090936603024602  Train L2 Loss :  0.03704523476362229
Epoch :  298  Epoch time :  0.40736259520053864  Train L2 Loss :  0.03612426443696022
Epoch :  299  Epoch time :  0.40721913613379  Train L2 Loss :  0.03791892488002777
Epoch :  300  Epoch time :  0.40800744760781527  Train L2 Loss :  0.03192237714529037
Epoch :  301  Epoch time :  0.40789814479649067  Train L2 Loss :  0.029144598588347434
Epoch :  302  Epoch time :  0.40706131141632795  Train L2 Loss :  0.02847502063512802
Epoch :  303  Epoch time :  0.40737069584429264  Train L2 Loss :  0.028193574106693268
Epoch :  304  Epoch time :  0.40754513069987297  Train L2 Loss :  0.027916309541463853
Epoch :  305  Epoch time :  0.407829980365932  Train L2 Loss :  0.0278171610891819
Epoch :  306  Epoch time :  0.40786798670887947  Train L2 Loss :  0.027703862655162812
Epoch :  307  Epoch time :  0.40759414341300726  Train L2 Loss :  0.02762386092543602
Epoch :  308  Epoch time :  0.4085208475589752  Train L2 Loss :  0.02758617656826973
Epoch :  309  Epoch time :  0.4069564687088132  Train L2 Loss :  0.027488635778427126
Epoch :  310  Epoch time :  0.4059589831158519  Train L2 Loss :  0.027407491347193717
Epoch :  311  Epoch time :  0.4250238761305809  Train L2 Loss :  0.027488323652744295
Epoch :  312  Epoch time :  0.40777782537043095  Train L2 Loss :  0.027421458619832993
Epoch :  313  Epoch time :  0.40832742396742105  Train L2 Loss :  0.02748537629842758
Epoch :  314  Epoch time :  0.4074697569012642  Train L2 Loss :  0.02747707403898239
Epoch :  315  Epoch time :  0.4062840575352311  Train L2 Loss :  0.027608373296260834
Epoch :  316  Epoch time :  0.4069536980241537  Train L2 Loss :  0.02749947059750557
Epoch :  317  Epoch time :  0.40735426265746355  Train L2 Loss :  0.02759023169875145
Epoch :  318  Epoch time :  0.4083812292665243  Train L2 Loss :  0.02763169682919979
Epoch :  319  Epoch time :  0.4063358521088958  Train L2 Loss :  0.027907208943367005
Epoch :  320  Epoch time :  0.40564360842108727  Train L2 Loss :  0.02773194143772125
Epoch :  321  Epoch time :  0.40534359123557806  Train L2 Loss :  0.0284050341963768
Epoch :  322  Epoch time :  0.4059549430385232  Train L2 Loss :  0.02816558277606964
Epoch :  323  Epoch time :  0.40605967584997416  Train L2 Loss :  0.028312955564260483
Epoch :  324  Epoch time :  0.40627567283809185  Train L2 Loss :  0.028687745547294616
Epoch :  325  Epoch time :  0.4053225936368108  Train L2 Loss :  0.028333654057979583
Epoch :  326  Epoch time :  0.40615773294121027  Train L2 Loss :  0.02872977028489113
Epoch :  327  Epoch time :  0.4054141044616699  Train L2 Loss :  0.027991881266236304
Epoch :  328  Epoch time :  0.41026934795081615  Train L2 Loss :  0.028504960450530054
Epoch :  329  Epoch time :  0.4103825455531478  Train L2 Loss :  0.028488230633735658
Epoch :  330  Epoch time :  0.4071367736905813  Train L2 Loss :  0.028813681650161745
Epoch :  331  Epoch time :  0.4064329555258155  Train L2 Loss :  0.028806228470802307
Epoch :  332  Epoch time :  0.40701438020914793  Train L2 Loss :  0.028818612441420557
Epoch :  333  Epoch time :  0.40730543714016676  Train L2 Loss :  0.02806681827008724
Epoch :  334  Epoch time :  0.4068827023729682  Train L2 Loss :  0.02759958112537861
Epoch :  335  Epoch time :  0.4067135825753212  Train L2 Loss :  0.027754364109039305
Epoch :  336  Epoch time :  0.40666986908763647  Train L2 Loss :  0.02766980718076229
Epoch :  337  Epoch time :  0.40622069127857685  Train L2 Loss :  0.027774049484729765
Epoch :  338  Epoch time :  0.40706990472972393  Train L2 Loss :  0.027995606634020804
Epoch :  339  Epoch time :  0.4086235277354717  Train L2 Loss :  0.028389344134926796
Epoch :  340  Epoch time :  0.4072337197139859  Train L2 Loss :  0.029426699304580688
Epoch :  341  Epoch time :  0.4071772191673517  Train L2 Loss :  0.02809588243961334
Epoch :  342  Epoch time :  0.40724838711321354  Train L2 Loss :  0.02737449457645416
Epoch :  343  Epoch time :  0.4072900880128145  Train L2 Loss :  0.027386768388748168
Epoch :  344  Epoch time :  0.4074807707220316  Train L2 Loss :  0.02763658140897751
Epoch :  345  Epoch time :  0.40704556088894606  Train L2 Loss :  0.02769968019127846
Epoch :  346  Epoch time :  0.4068466415628791  Train L2 Loss :  0.0276646102309227
Epoch :  347  Epoch time :  0.40763844177126884  Train L2 Loss :  0.02737738369703293
Epoch :  348  Epoch time :  0.4065878679975867  Train L2 Loss :  0.026880025011301042
Epoch :  349  Epoch time :  0.4082277286797762  Train L2 Loss :  0.026537548610568045
Epoch :  350  Epoch time :  0.40708218701183796  Train L2 Loss :  0.0263690767288208
Epoch :  351  Epoch time :  0.40710931550711393  Train L2 Loss :  0.026415712183713913
Epoch :  352  Epoch time :  0.40699480567127466  Train L2 Loss :  0.026492201495170592
Epoch :  353  Epoch time :  0.4069071374833584  Train L2 Loss :  0.028132210698723792
Epoch :  354  Epoch time :  0.4067401746287942  Train L2 Loss :  0.027186586368083954
Epoch :  355  Epoch time :  0.40666471142321825  Train L2 Loss :  0.027586890029907225
Epoch :  356  Epoch time :  0.40721044782549143  Train L2 Loss :  0.02834449985921383
Epoch :  357  Epoch time :  0.4072075802832842  Train L2 Loss :  0.027085723328590394
Epoch :  358  Epoch time :  0.4065942643210292  Train L2 Loss :  0.02629961475133896
Epoch :  359  Epoch time :  0.40652475971728563  Train L2 Loss :  0.026109991401433944
Epoch :  360  Epoch time :  0.4077568631619215  Train L2 Loss :  0.02596963173151016
Epoch :  361  Epoch time :  0.4071620600298047  Train L2 Loss :  0.02565719702541828
Epoch :  362  Epoch time :  0.40726169291883707  Train L2 Loss :  0.026119655647873878
Epoch :  363  Epoch time :  0.40707022324204445  Train L2 Loss :  0.02679568997323513
Epoch :  364  Epoch time :  0.40644737984985113  Train L2 Loss :  0.026179232770204543
Epoch :  365  Epoch time :  0.40733157005161047  Train L2 Loss :  0.026579977852106095
Epoch :  366  Epoch time :  0.4065728671848774  Train L2 Loss :  0.026163213920593262
Epoch :  367  Epoch time :  0.4067114070057869  Train L2 Loss :  0.025796652990579604
Epoch :  368  Epoch time :  0.4235691027715802  Train L2 Loss :  0.025479189836978913
Epoch :  369  Epoch time :  0.4066205117851496  Train L2 Loss :  0.025988048869371415
Epoch :  370  Epoch time :  0.40764634869992733  Train L2 Loss :  0.026832191759347916
Epoch :  371  Epoch time :  0.40697870403528214  Train L2 Loss :  0.028722433704137802
Epoch :  372  Epoch time :  0.4064920535311103  Train L2 Loss :  0.026549829304218293
Epoch :  373  Epoch time :  0.40646427404135466  Train L2 Loss :  0.025640838795900345
Epoch :  374  Epoch time :  0.4069663854315877  Train L2 Loss :  0.025626111215353013
Epoch :  375  Epoch time :  0.4064230304211378  Train L2 Loss :  0.02491621531844139
Epoch :  376  Epoch time :  0.4060631040483713  Train L2 Loss :  0.02506325184106827
Epoch :  377  Epoch time :  0.4070494594052434  Train L2 Loss :  0.024902955216169358
Epoch :  378  Epoch time :  0.40673399809747934  Train L2 Loss :  0.02506208860874176
Epoch :  379  Epoch time :  0.4068910423666239  Train L2 Loss :  0.02490290428996086
Epoch :  380  Epoch time :  0.40817064978182316  Train L2 Loss :  0.024998261511325837
Epoch :  381  Epoch time :  0.4073953768238425  Train L2 Loss :  0.025264026200771332
Epoch :  382  Epoch time :  0.406735316850245  Train L2 Loss :  0.025743068221211432
Epoch :  383  Epoch time :  0.4074711436405778  Train L2 Loss :  0.025601149612665176
Epoch :  384  Epoch time :  0.4061688706278801  Train L2 Loss :  0.025777855837345123
Epoch :  385  Epoch time :  0.40607955027371645  Train L2 Loss :  0.025876861450076102
Epoch :  386  Epoch time :  0.40627075266093016  Train L2 Loss :  0.02565630534887314
Epoch :  387  Epoch time :  0.40638298355042934  Train L2 Loss :  0.025142672887444498
Epoch :  388  Epoch time :  0.40601417887955904  Train L2 Loss :  0.024414750105142595
Epoch :  389  Epoch time :  0.40733587369322777  Train L2 Loss :  0.023945613250136374
Epoch :  390  Epoch time :  0.406749720685184  Train L2 Loss :  0.024137431704998016
Epoch :  391  Epoch time :  0.40810261107981205  Train L2 Loss :  0.025088651651144028
Epoch :  392  Epoch time :  0.4074272867292166  Train L2 Loss :  0.024607739913463593
Epoch :  393  Epoch time :  0.4066946040838957  Train L2 Loss :  0.02432863525748253
Epoch :  394  Epoch time :  0.40742619801312685  Train L2 Loss :  0.0251672559261322
Epoch :  395  Epoch time :  0.40704506263136864  Train L2 Loss :  0.025330411452054977
Epoch :  396  Epoch time :  0.40681790094822645  Train L2 Loss :  0.024646455430984496
Epoch :  397  Epoch time :  0.4068010151386261  Train L2 Loss :  0.02449645691514015
Epoch :  398  Epoch time :  0.4067777181044221  Train L2 Loss :  0.025062675362825394
Epoch :  399  Epoch time :  0.40665304847061634  Train L2 Loss :  0.025140513801574706
Epoch :  400  Epoch time :  0.4070308022201061  Train L2 Loss :  0.023093421751260758
Epoch :  401  Epoch time :  0.442718755453825  Train L2 Loss :  0.022117114901542664
Epoch :  402  Epoch time :  0.4266886077821255  Train L2 Loss :  0.021915399795770646
Epoch :  403  Epoch time :  0.4073244594037533  Train L2 Loss :  0.021828279307484627
Epoch :  404  Epoch time :  0.40765383280813694  Train L2 Loss :  0.021728165346384047
Epoch :  405  Epoch time :  0.4076746655628085  Train L2 Loss :  0.02167813892811537
Epoch :  406  Epoch time :  0.40663422737270594  Train L2 Loss :  0.021622063726186753
Epoch :  407  Epoch time :  0.40732933953404427  Train L2 Loss :  0.021604855367541313
Epoch :  408  Epoch time :  0.4071148531511426  Train L2 Loss :  0.021598748314380647
Epoch :  409  Epoch time :  0.40754153579473495  Train L2 Loss :  0.02153624382019043
Epoch :  410  Epoch time :  0.4076608866453171  Train L2 Loss :  0.021506088986992834
Epoch :  411  Epoch time :  0.40778165869414806  Train L2 Loss :  0.021481470173597337
Epoch :  412  Epoch time :  0.4090091120451689  Train L2 Loss :  0.021461568918824198
Epoch :  413  Epoch time :  0.4074721187353134  Train L2 Loss :  0.021472555217146874
Epoch :  414  Epoch time :  0.4111030027270317  Train L2 Loss :  0.021458836561441423
Epoch :  415  Epoch time :  0.40709404461085796  Train L2 Loss :  0.02140802474617958
Epoch :  416  Epoch time :  0.40733693819493055  Train L2 Loss :  0.0214041434943676
Epoch :  417  Epoch time :  0.40673480089753866  Train L2 Loss :  0.021357882463932037
Epoch :  418  Epoch time :  0.4074008958414197  Train L2 Loss :  0.021350419485569
Epoch :  419  Epoch time :  0.40902053005993366  Train L2 Loss :  0.021353947275877
Epoch :  420  Epoch time :  0.40828013978898525  Train L2 Loss :  0.021288170897960663
Epoch :  421  Epoch time :  0.4073355095461011  Train L2 Loss :  0.02130964781343937
Epoch :  422  Epoch time :  0.4137344751507044  Train L2 Loss :  0.021278709095716476
Epoch :  423  Epoch time :  0.41311435028910637  Train L2 Loss :  0.0212397438287735
Epoch :  424  Epoch time :  0.4075815789401531  Train L2 Loss :  0.021253709006309508
Epoch :  425  Epoch time :  0.40808788500726223  Train L2 Loss :  0.021372520703077318
Epoch :  426  Epoch time :  0.4258302226662636  Train L2 Loss :  0.021199834302067757
Epoch :  427  Epoch time :  0.40815833304077387  Train L2 Loss :  0.021328806245326997
Epoch :  428  Epoch time :  0.4078509612008929  Train L2 Loss :  0.021351951923966408
Epoch :  429  Epoch time :  0.4072677716612816  Train L2 Loss :  0.021332512214779855
Epoch :  430  Epoch time :  0.4069753270596266  Train L2 Loss :  0.021198653247952462
Epoch :  431  Epoch time :  0.40678313933312893  Train L2 Loss :  0.02098323685526848
Epoch :  432  Epoch time :  0.4081066157668829  Train L2 Loss :  0.021098046381771565
Epoch :  433  Epoch time :  0.40789450891315937  Train L2 Loss :  0.02083846355378628
Epoch :  434  Epoch time :  0.407769575715065  Train L2 Loss :  0.020932347741723062
Epoch :  435  Epoch time :  0.4082706840708852  Train L2 Loss :  0.02081095747947693
Epoch :  436  Epoch time :  0.4074032474309206  Train L2 Loss :  0.020832344937324523
Epoch :  437  Epoch time :  0.40879433508962393  Train L2 Loss :  0.02087270990610123
Epoch :  438  Epoch time :  0.40753529965877533  Train L2 Loss :  0.020608195853233337
Epoch :  439  Epoch time :  0.4073157114908099  Train L2 Loss :  0.020660824871063233
Epoch :  440  Epoch time :  0.40740714129060507  Train L2 Loss :  0.020711124229431152
Epoch :  441  Epoch time :  0.4077027067542076  Train L2 Loss :  0.0206034295797348
Epoch :  442  Epoch time :  0.40680123027414083  Train L2 Loss :  0.020586627006530762
Epoch :  443  Epoch time :  0.4088860768824816  Train L2 Loss :  0.02045811021924019
Epoch :  444  Epoch time :  0.4077279129996896  Train L2 Loss :  0.02050880005657673
Epoch :  445  Epoch time :  0.4070661412551999  Train L2 Loss :  0.020763534080982207
Epoch :  446  Epoch time :  0.4079090766608715  Train L2 Loss :  0.020508292436599733
Epoch :  447  Epoch time :  0.4077447336167097  Train L2 Loss :  0.020284885501861572
Epoch :  448  Epoch time :  0.40736122615635395  Train L2 Loss :  0.020230337458848953
Epoch :  449  Epoch time :  0.4073616098612547  Train L2 Loss :  0.020248458009958267
Epoch :  450  Epoch time :  0.40743233263492584  Train L2 Loss :  0.020372422188520433
Epoch :  451  Epoch time :  0.4071602951735258  Train L2 Loss :  0.02024979726970196
Epoch :  452  Epoch time :  0.40719264280050993  Train L2 Loss :  0.020599313294887543
Epoch :  453  Epoch time :  0.4088273858651519  Train L2 Loss :  0.020186464387178422
Epoch :  454  Epoch time :  0.40717310551553965  Train L2 Loss :  0.020103051233291626
Epoch :  455  Epoch time :  0.4072311343625188  Train L2 Loss :  0.019927124953269957
Epoch :  456  Epoch time :  0.40762776508927345  Train L2 Loss :  0.019812978860735894
Epoch :  457  Epoch time :  0.40726231038570404  Train L2 Loss :  0.019828364345431327
Epoch :  458  Epoch time :  0.4069849355146289  Train L2 Loss :  0.01981651307940483
Epoch :  459  Epoch time :  0.40653820615261793  Train L2 Loss :  0.019661313074827193
Epoch :  460  Epoch time :  0.4067535297945142  Train L2 Loss :  0.019676783055067062
Epoch :  461  Epoch time :  0.4069001255556941  Train L2 Loss :  0.019577563616633414
Epoch :  462  Epoch time :  0.40787139907479286  Train L2 Loss :  0.01961252617239952
Epoch :  463  Epoch time :  0.40722402837127447  Train L2 Loss :  0.019694823640584946
Epoch :  464  Epoch time :  0.40793314669281244  Train L2 Loss :  0.01954395698606968
Epoch :  465  Epoch time :  0.4066213760524988  Train L2 Loss :  0.01967170697450638
Epoch :  466  Epoch time :  0.40658842120319605  Train L2 Loss :  0.01968848448395729
Epoch :  467  Epoch time :  0.4071404514834285  Train L2 Loss :  0.020025545138120653
Epoch :  468  Epoch time :  0.40680603962391615  Train L2 Loss :  0.019777550634741785
Epoch :  469  Epoch time :  0.4071440203115344  Train L2 Loss :  0.01940296854376793
Epoch :  470  Epoch time :  0.40729002840816975  Train L2 Loss :  0.01921654331088066
Epoch :  471  Epoch time :  0.40704993065446615  Train L2 Loss :  0.01918064458668232
Epoch :  472  Epoch time :  0.4072498492896557  Train L2 Loss :  0.01922603669464588
Epoch :  473  Epoch time :  0.4069991111755371  Train L2 Loss :  0.01920400252342224
Epoch :  474  Epoch time :  0.4145704507827759  Train L2 Loss :  0.019162231361865997
Epoch :  475  Epoch time :  0.408486807718873  Train L2 Loss :  0.01897952235341072
Epoch :  476  Epoch time :  0.4080124543979764  Train L2 Loss :  0.01912240931391716
Epoch :  477  Epoch time :  0.4077939856797457  Train L2 Loss :  0.019212049621343614
Epoch :  478  Epoch time :  0.4076722925528884  Train L2 Loss :  0.01920917400717735
Epoch :  479  Epoch time :  0.4074229905381799  Train L2 Loss :  0.019103679363429545
Epoch :  480  Epoch time :  0.40768107026815414  Train L2 Loss :  0.019048233354091643
Epoch :  481  Epoch time :  0.4077041279524565  Train L2 Loss :  0.01911852614581585
Epoch :  482  Epoch time :  0.4080680627375841  Train L2 Loss :  0.019058186876773835
Epoch :  483  Epoch time :  0.425464098341763  Train L2 Loss :  0.019095240077376365
Epoch :  484  Epoch time :  0.40962100494652987  Train L2 Loss :  0.01891055623292923
Epoch :  485  Epoch time :  0.4088328694924712  Train L2 Loss :  0.018744351801276208
Epoch :  486  Epoch time :  0.40825927816331387  Train L2 Loss :  0.018766998270154
Epoch :  487  Epoch time :  0.4079542011022568  Train L2 Loss :  0.01860816985666752
Epoch :  488  Epoch time :  0.4090250041335821  Train L2 Loss :  0.018544046676158905
Epoch :  489  Epoch time :  0.40845795068889856  Train L2 Loss :  0.018487873736023903
Epoch :  490  Epoch time :  0.40885325986891985  Train L2 Loss :  0.018646142181754113
Epoch :  491  Epoch time :  0.4088590871542692  Train L2 Loss :  0.018601554471254347
Epoch :  492  Epoch time :  0.40851142909377813  Train L2 Loss :  0.01859961769580841
Epoch :  493  Epoch time :  0.4087323443964124  Train L2 Loss :  0.018447843044996262
Epoch :  494  Epoch time :  0.40852065756917  Train L2 Loss :  0.018493513369560243
Epoch :  495  Epoch time :  0.4110619071871042  Train L2 Loss :  0.018609249144792558
Epoch :  496  Epoch time :  0.40807554591447115  Train L2 Loss :  0.018665287268161773
Epoch :  497  Epoch time :  0.40907639265060425  Train L2 Loss :  0.018778791362047194
Epoch :  498  Epoch time :  0.4085707189515233  Train L2 Loss :  0.01857651471197605
Epoch :  499  Epoch time :  0.4084309507161379  Train L2 Loss :  0.018329057425260545
Epoch :  500  Epoch time :  0.40883015654981136  Train L2 Loss :  0.01779403123855591
Epoch :  501  Epoch time :  0.4079521344974637  Train L2 Loss :  0.017634186106920243
Epoch :  502  Epoch time :  0.4083762541413307  Train L2 Loss :  0.01757075754404068
Epoch :  503  Epoch time :  0.408272641710937  Train L2 Loss :  0.01754717755317688
Epoch :  504  Epoch time :  0.4081880720332265  Train L2 Loss :  0.017526586040854455
Epoch :  505  Epoch time :  0.41035159304738045  Train L2 Loss :  0.017494663274288176
Epoch :  506  Epoch time :  0.408854597248137  Train L2 Loss :  0.01746921906173229
Epoch :  507  Epoch time :  0.4080127403140068  Train L2 Loss :  0.01745609379708767
Epoch :  508  Epoch time :  0.4085975540801883  Train L2 Loss :  0.01743700578212738
Epoch :  509  Epoch time :  0.4098339704796672  Train L2 Loss :  0.01742311826646328
Epoch :  510  Epoch time :  0.4088109089061618  Train L2 Loss :  0.017402968829870222
Epoch :  511  Epoch time :  0.4084978671744466  Train L2 Loss :  0.017389896282553673
Epoch :  512  Epoch time :  0.40883073303848505  Train L2 Loss :  0.017375951159000397
Epoch :  513  Epoch time :  0.40943958330899477  Train L2 Loss :  0.01735085441172123
Epoch :  514  Epoch time :  0.4087654110044241  Train L2 Loss :  0.017363551497459412
Epoch :  515  Epoch time :  0.4104540878906846  Train L2 Loss :  0.017333727648854255
Epoch :  516  Epoch time :  0.4091784190386534  Train L2 Loss :  0.01729299908876419
Epoch :  517  Epoch time :  0.40902166068553925  Train L2 Loss :  0.01729714968800545
Epoch :  518  Epoch time :  0.4088398553431034  Train L2 Loss :  0.017280372115969656
Epoch :  519  Epoch time :  0.408958001062274  Train L2 Loss :  0.01729421989917755
Epoch :  520  Epoch time :  0.4087390247732401  Train L2 Loss :  0.017250526267290116
Epoch :  521  Epoch time :  0.4095070790499449  Train L2 Loss :  0.017221067060530185
Epoch :  522  Epoch time :  0.4094388773664832  Train L2 Loss :  0.01717367069721222
Epoch :  523  Epoch time :  0.40918725822120905  Train L2 Loss :  0.01716287721991539
Epoch :  524  Epoch time :  0.41070183739066124  Train L2 Loss :  0.01714114886522293
Epoch :  525  Epoch time :  0.41036081220954657  Train L2 Loss :  0.017139018952846526
Epoch :  526  Epoch time :  0.41014505084604025  Train L2 Loss :  0.017120249325037
Epoch :  527  Epoch time :  0.4092496642842889  Train L2 Loss :  0.017114016395807265
Epoch :  528  Epoch time :  0.4079359667375684  Train L2 Loss :  0.01706343750655651
Epoch :  529  Epoch time :  0.4091975223273039  Train L2 Loss :  0.017067060348391533
Epoch :  530  Epoch time :  0.40934091806411743  Train L2 Loss :  0.017021413654088973
Epoch :  531  Epoch time :  0.40928598400205374  Train L2 Loss :  0.016959266519546507
Epoch :  532  Epoch time :  0.40901379100978374  Train L2 Loss :  0.016944719886779785
Epoch :  533  Epoch time :  0.4092998020350933  Train L2 Loss :  0.016956434947252273
Epoch :  534  Epoch time :  0.40870387200266123  Train L2 Loss :  0.016963808074593544
Epoch :  535  Epoch time :  0.4084923816844821  Train L2 Loss :  0.016906506943702698
Epoch :  536  Epoch time :  0.4100820133462548  Train L2 Loss :  0.01688939803093672
Epoch :  537  Epoch time :  0.4092591954395175  Train L2 Loss :  0.016817399841547013
Epoch :  538  Epoch time :  0.4084241334348917  Train L2 Loss :  0.016821272587776184
Epoch :  539  Epoch time :  0.40951891988515854  Train L2 Loss :  0.016805141445994376
Epoch :  540  Epoch time :  0.42433044500648975  Train L2 Loss :  0.01677434765100479
Epoch :  541  Epoch time :  0.4074069606140256  Train L2 Loss :  0.016730877098441125
Epoch :  542  Epoch time :  0.4076558770611882  Train L2 Loss :  0.016683958604931833
Epoch :  543  Epoch time :  0.40737301483750343  Train L2 Loss :  0.016664986324310304
Epoch :  544  Epoch time :  0.4078917382284999  Train L2 Loss :  0.01664747787415981
Epoch :  545  Epoch time :  0.40765743236988783  Train L2 Loss :  0.016636019736528396
Epoch :  546  Epoch time :  0.4079183526337147  Train L2 Loss :  0.016603161150217056
Epoch :  547  Epoch time :  0.4167924243956804  Train L2 Loss :  0.016614980232715605
Epoch :  548  Epoch time :  0.4094825144857168  Train L2 Loss :  0.016579402208328247
Epoch :  549  Epoch time :  0.40900678746402264  Train L2 Loss :  0.01652792201936245
Epoch :  550  Epoch time :  0.4088132157921791  Train L2 Loss :  0.016507953259348868
Epoch :  551  Epoch time :  0.40901098493486643  Train L2 Loss :  0.016459719583392145
Epoch :  552  Epoch time :  0.4086581617593765  Train L2 Loss :  0.016474358534812928
Epoch :  553  Epoch time :  0.40805577114224434  Train L2 Loss :  0.01647566598057747
Epoch :  554  Epoch time :  0.40846826415508986  Train L2 Loss :  0.016421903955936432
Epoch :  555  Epoch time :  0.40948252845555544  Train L2 Loss :  0.016385589143633843
Epoch :  556  Epoch time :  0.4107103459537029  Train L2 Loss :  0.016361807991564274
Epoch :  557  Epoch time :  0.408611080609262  Train L2 Loss :  0.01633815664499998
Epoch :  558  Epoch time :  0.40843030996620655  Train L2 Loss :  0.016312253764271735
Epoch :  559  Epoch time :  0.4079520162194967  Train L2 Loss :  0.016269426357746124
Epoch :  560  Epoch time :  0.40820828080177307  Train L2 Loss :  0.016246351981163025
Epoch :  561  Epoch time :  0.40803965739905834  Train L2 Loss :  0.016237590953707696
Epoch :  562  Epoch time :  0.40911374147981405  Train L2 Loss :  0.01621850010752678
Epoch :  563  Epoch time :  0.40812516398727894  Train L2 Loss :  0.016206816491484644
Epoch :  564  Epoch time :  0.407553450204432  Train L2 Loss :  0.01618543864786625
Epoch :  565  Epoch time :  0.40776448883116245  Train L2 Loss :  0.016132121533155443
Epoch :  566  Epoch time :  0.4083886919543147  Train L2 Loss :  0.01613312592804432
Epoch :  567  Epoch time :  0.4111420391127467  Train L2 Loss :  0.016153458113968372
Epoch :  568  Epoch time :  0.4079543249681592  Train L2 Loss :  0.01605375521481037
Epoch :  569  Epoch time :  0.4063632981851697  Train L2 Loss :  0.016075135381519796
Epoch :  570  Epoch time :  0.4071544436737895  Train L2 Loss :  0.01607811472117901
Epoch :  571  Epoch time :  0.40719177201390266  Train L2 Loss :  0.01604211132824421
Epoch :  572  Epoch time :  0.40751760825514793  Train L2 Loss :  0.01601688303053379
Epoch :  573  Epoch time :  0.40816629957407713  Train L2 Loss :  0.015968188048899174
Epoch :  574  Epoch time :  0.41472796257585287  Train L2 Loss :  0.01594900469481945
Epoch :  575  Epoch time :  0.410687493160367  Train L2 Loss :  0.016024596847593785
Epoch :  576  Epoch time :  0.4079467887058854  Train L2 Loss :  0.015896395415067672
Epoch :  577  Epoch time :  0.4076371965929866  Train L2 Loss :  0.015837643061578272
Epoch :  578  Epoch time :  0.40892953891307116  Train L2 Loss :  0.01581998484134674
Epoch :  579  Epoch time :  0.4086354309692979  Train L2 Loss :  0.015839964413642882
Epoch :  580  Epoch time :  0.4081130139529705  Train L2 Loss :  0.015799895524978638
Epoch :  581  Epoch time :  0.40807938762009144  Train L2 Loss :  0.01580522930920124
Epoch :  582  Epoch time :  0.40909021347761154  Train L2 Loss :  0.015808848270773886
Epoch :  583  Epoch time :  0.4083216981962323  Train L2 Loss :  0.015746129605174065
Epoch :  584  Epoch time :  0.4081726288422942  Train L2 Loss :  0.015700748559832573
Epoch :  585  Epoch time :  0.4083971446380019  Train L2 Loss :  0.015668788215518
Epoch :  586  Epoch time :  0.40810074657201767  Train L2 Loss :  0.015724613296985625
Epoch :  587  Epoch time :  0.40777965169399977  Train L2 Loss :  0.01566133196055889
Epoch :  588  Epoch time :  0.4093184098601341  Train L2 Loss :  0.015743125820159912
Epoch :  589  Epoch time :  0.4066830826923251  Train L2 Loss :  0.01567255517244339
Epoch :  590  Epoch time :  0.4069097889587283  Train L2 Loss :  0.01559523048400879
Epoch :  591  Epoch time :  0.40745911095291376  Train L2 Loss :  0.015567836263775826
Epoch :  592  Epoch time :  0.4070638967677951  Train L2 Loss :  0.015578963112831115
Epoch :  593  Epoch time :  0.40669993683695793  Train L2 Loss :  0.015496178060770034
Epoch :  594  Epoch time :  0.4069731244817376  Train L2 Loss :  0.015481914114952087
Epoch :  595  Epoch time :  0.4068687604740262  Train L2 Loss :  0.015492370030283928
Epoch :  596  Epoch time :  0.4073428846895695  Train L2 Loss :  0.015492983570694924
Epoch :  597  Epoch time :  0.4254933437332511  Train L2 Loss :  0.015409928031265736
Epoch :  598  Epoch time :  0.4070803318172693  Train L2 Loss :  0.015405710625648498
Epoch :  599  Epoch time :  0.40746013075113297  Train L2 Loss :  0.015390621334314345
Epoch :  600  Epoch time :  0.4080597963184118  Train L2 Loss :  0.015226149277389049
Epoch :  601  Epoch time :  0.40773658361285925  Train L2 Loss :  0.015163633745908737
Epoch :  602  Epoch time :  0.4072986803948879  Train L2 Loss :  0.015145890334248542
Epoch :  603  Epoch time :  0.407623203471303  Train L2 Loss :  0.015136523948609829
Epoch :  604  Epoch time :  0.40753331035375595  Train L2 Loss :  0.015121860092878341
Epoch :  605  Epoch time :  0.40654057916253805  Train L2 Loss :  0.015109390157461166
Epoch :  606  Epoch time :  0.4073889087885618  Train L2 Loss :  0.015109018382430077
Epoch :  607  Epoch time :  0.4077082695439458  Train L2 Loss :  0.0150957373380661
Epoch :  608  Epoch time :  0.40715637523680925  Train L2 Loss :  0.015079638516902924
Epoch :  609  Epoch time :  0.40870224218815565  Train L2 Loss :  0.015076558946073055
Epoch :  610  Epoch time :  0.40744365844875574  Train L2 Loss :  0.015063943856954575
Epoch :  611  Epoch time :  0.4084339514374733  Train L2 Loss :  0.015056775721907615
Epoch :  612  Epoch time :  0.40816286113113165  Train L2 Loss :  0.015037644773721695
Epoch :  613  Epoch time :  0.40729219000786543  Train L2 Loss :  0.015033810360729694
Epoch :  614  Epoch time :  0.40660752169787884  Train L2 Loss :  0.015019905126094819
Epoch :  615  Epoch time :  0.40724010579288006  Train L2 Loss :  0.015008953386545182
Epoch :  616  Epoch time :  0.4075844632461667  Train L2 Loss :  0.015004344773292542
Epoch :  617  Epoch time :  0.4077952541410923  Train L2 Loss :  0.014988613829016685
Epoch :  618  Epoch time :  0.40780441369861364  Train L2 Loss :  0.014975728651881218
Epoch :  619  Epoch time :  0.41519493516534567  Train L2 Loss :  0.014962340685725212
Epoch :  620  Epoch time :  0.40919794142246246  Train L2 Loss :  0.014951155698299409
Epoch :  621  Epoch time :  0.40863514691591263  Train L2 Loss :  0.014947689327597618
Epoch :  622  Epoch time :  0.4084233585745096  Train L2 Loss :  0.01492848487496376
Epoch :  623  Epoch time :  0.40824081003665924  Train L2 Loss :  0.014925411316752435
Epoch :  624  Epoch time :  0.4087534677237272  Train L2 Loss :  0.014902846251428127
Epoch :  625  Epoch time :  0.4080943977460265  Train L2 Loss :  0.014895649157464504
Epoch :  626  Epoch time :  0.407821461558342  Train L2 Loss :  0.014882388189435006
Epoch :  627  Epoch time :  0.40865655429661274  Train L2 Loss :  0.01488457913696766
Epoch :  628  Epoch time :  0.4081316478550434  Train L2 Loss :  0.014865844848752021
Epoch :  629  Epoch time :  0.40790134761482477  Train L2 Loss :  0.01485106934607029
Epoch :  630  Epoch time :  0.4087069611996412  Train L2 Loss :  0.014838525271415711
Epoch :  631  Epoch time :  0.40729477908462286  Train L2 Loss :  0.014828668826818466
Epoch :  632  Epoch time :  0.4081796808168292  Train L2 Loss :  0.014804855388402939
Epoch :  633  Epoch time :  0.40782349929213524  Train L2 Loss :  0.014798551040887833
Epoch :  634  Epoch time :  0.40790159814059734  Train L2 Loss :  0.014775716076791286
Epoch :  635  Epoch time :  0.4075545175001025  Train L2 Loss :  0.014772741904854775
Epoch :  636  Epoch time :  0.40755854919552803  Train L2 Loss :  0.014753356403112412
Epoch :  637  Epoch time :  0.4076403547078371  Train L2 Loss :  0.014747002917528153
Epoch :  638  Epoch time :  0.4077648902311921  Train L2 Loss :  0.014727592986822129
Epoch :  639  Epoch time :  0.40843652840703726  Train L2 Loss :  0.014719697207212449
Epoch :  640  Epoch time :  0.40983973536640406  Train L2 Loss :  0.01470401329100132
Epoch :  641  Epoch time :  0.40764208883047104  Train L2 Loss :  0.014697742000222206
Epoch :  642  Epoch time :  0.4077546922490001  Train L2 Loss :  0.014681116852164269
Epoch :  643  Epoch time :  0.4076589634642005  Train L2 Loss :  0.014670022076368331
Epoch :  644  Epoch time :  0.40720001235604286  Train L2 Loss :  0.014658545535802842
Epoch :  645  Epoch time :  0.40767628233879805  Train L2 Loss :  0.014651395216584205
Epoch :  646  Epoch time :  0.4081289181485772  Train L2 Loss :  0.014629764407873154
Epoch :  647  Epoch time :  0.4078802736476064  Train L2 Loss :  0.014614273980259895
Epoch :  648  Epoch time :  0.40939038898795843  Train L2 Loss :  0.014593647512793542
Epoch :  649  Epoch time :  0.4087054328992963  Train L2 Loss :  0.014579181027412414
Epoch :  650  Epoch time :  0.4098691809922457  Train L2 Loss :  0.014572157207131385
Epoch :  651  Epoch time :  0.4082730021327734  Train L2 Loss :  0.01456957729011774
Epoch :  652  Epoch time :  0.4083407521247864  Train L2 Loss :  0.014549323609471322
Epoch :  653  Epoch time :  0.408537863753736  Train L2 Loss :  0.014541012504696846
Epoch :  654  Epoch time :  0.42526233848184347  Train L2 Loss :  0.014526193614304066
Epoch :  655  Epoch time :  0.4082759153097868  Train L2 Loss :  0.014525706776976585
Epoch :  656  Epoch time :  0.4083434408530593  Train L2 Loss :  0.014503752022981644
Epoch :  657  Epoch time :  0.40774921141564846  Train L2 Loss :  0.01449474873393774
Epoch :  658  Epoch time :  0.4082289822399616  Train L2 Loss :  0.014472572211921214
Epoch :  659  Epoch time :  0.40878837183117867  Train L2 Loss :  0.014466577173769474
Epoch :  660  Epoch time :  0.41017013415694237  Train L2 Loss :  0.014457611030340194
Epoch :  661  Epoch time :  0.40970649756491184  Train L2 Loss :  0.0144348120957613
Epoch :  662  Epoch time :  0.4084330713376403  Train L2 Loss :  0.014423268055915832
Epoch :  663  Epoch time :  0.40790117159485817  Train L2 Loss :  0.014406765888631344
Epoch :  664  Epoch time :  0.4088048106059432  Train L2 Loss :  0.014397561292350293
Epoch :  665  Epoch time :  0.4083548067137599  Train L2 Loss :  0.01438742103278637
Epoch :  666  Epoch time :  0.4084365535527468  Train L2 Loss :  0.01438207710981369
Epoch :  667  Epoch time :  0.40799651853740215  Train L2 Loss :  0.014358640080690384
Epoch :  668  Epoch time :  0.40740945376455784  Train L2 Loss :  0.014346904173493385
Epoch :  669  Epoch time :  0.4067777954041958  Train L2 Loss :  0.014335521450638771
Epoch :  670  Epoch time :  0.4072568044066429  Train L2 Loss :  0.014321869319677353
Epoch :  671  Epoch time :  0.4090106291696429  Train L2 Loss :  0.01430104619562626
Epoch :  672  Epoch time :  0.40762527845799923  Train L2 Loss :  0.014310715159773826
Epoch :  673  Epoch time :  0.40808300487697124  Train L2 Loss :  0.014285824680328369
Epoch :  674  Epoch time :  0.40808052103966475  Train L2 Loss :  0.014273852555453777
Epoch :  675  Epoch time :  0.40751296002417803  Train L2 Loss :  0.014267770938575269
Epoch :  676  Epoch time :  0.40736542269587517  Train L2 Loss :  0.014244539761543273
Epoch :  677  Epoch time :  0.40679896157234907  Train L2 Loss :  0.014237465900182725
Epoch :  678  Epoch time :  0.4073581676930189  Train L2 Loss :  0.01422031886279583
Epoch :  679  Epoch time :  0.407297077588737  Train L2 Loss :  0.014206839925050736
Epoch :  680  Epoch time :  0.4068598048761487  Train L2 Loss :  0.014195467001199722
Epoch :  681  Epoch time :  0.4084341889247298  Train L2 Loss :  0.01418221919387579
Epoch :  682  Epoch time :  0.40735187754034996  Train L2 Loss :  0.014166583222150803
Epoch :  683  Epoch time :  0.40699861384928226  Train L2 Loss :  0.014149879270792007
Epoch :  684  Epoch time :  0.4072285061702132  Train L2 Loss :  0.014142825734615326
Epoch :  685  Epoch time :  0.4089963547885418  Train L2 Loss :  0.014131268788874149
Epoch :  686  Epoch time :  0.40749978460371494  Train L2 Loss :  0.014125540953874588
Epoch :  687  Epoch time :  0.4077962329611182  Train L2 Loss :  0.014102024275064469
Epoch :  688  Epoch time :  0.4081810610368848  Train L2 Loss :  0.014100144211947918
Epoch :  689  Epoch time :  0.4075448736548424  Train L2 Loss :  0.014087824124097825
Epoch :  690  Epoch time :  0.4078614413738251  Train L2 Loss :  0.01407044459581375
Epoch :  691  Epoch time :  0.40771404933184385  Train L2 Loss :  0.01407428587973118
Epoch :  692  Epoch time :  0.40910981874912977  Train L2 Loss :  0.014039899042248725
Epoch :  693  Epoch time :  0.40785937290638685  Train L2 Loss :  0.014032415348291397
Epoch :  694  Epoch time :  0.4077997896820307  Train L2 Loss :  0.014015988707542419
Epoch :  695  Epoch time :  0.4073136793449521  Train L2 Loss :  0.014002422577142716
Epoch :  696  Epoch time :  0.4076363341882825  Train L2 Loss :  0.013994501827657223
Epoch :  697  Epoch time :  0.40771040599793196  Train L2 Loss :  0.013985742589831353
Epoch :  698  Epoch time :  0.40865181013941765  Train L2 Loss :  0.013973214906454087
Epoch :  699  Epoch time :  0.4081656141206622  Train L2 Loss :  0.013953094147145748
Epoch :  700  Epoch time :  0.40792806074023247  Train L2 Loss :  0.013877777744829655
Epoch :  701  Epoch time :  0.4073817878961563  Train L2 Loss :  0.013855746085941792
Epoch :  702  Epoch time :  0.4153044382110238  Train L2 Loss :  0.013848033072054386
Epoch :  703  Epoch time :  0.40929670352488756  Train L2 Loss :  0.013844570690393448
Epoch :  704  Epoch time :  0.40911197662353516  Train L2 Loss :  0.013836954298615456
Epoch :  705  Epoch time :  0.408966108225286  Train L2 Loss :  0.013827773728966713
Epoch :  706  Epoch time :  0.407956319861114  Train L2 Loss :  0.013824522194266319
Epoch :  707  Epoch time :  0.4078187448903918  Train L2 Loss :  0.013814380013942718
Epoch :  708  Epoch time :  0.4082693997770548  Train L2 Loss :  0.013808360821008682
Epoch :  709  Epoch time :  0.40793127194046974  Train L2 Loss :  0.013804255321621895
Epoch :  710  Epoch time :  0.4135327795520425  Train L2 Loss :  0.013795032423734664
Epoch :  711  Epoch time :  0.4205224150791764  Train L2 Loss :  0.013790497976541518
Epoch :  712  Epoch time :  0.40845070499926805  Train L2 Loss :  0.013782236625254154
Epoch :  713  Epoch time :  0.4079075716435909  Train L2 Loss :  0.013777709209918975
Epoch :  714  Epoch time :  0.4082713145762682  Train L2 Loss :  0.013770535326004028
Epoch :  715  Epoch time :  0.4084109319373965  Train L2 Loss :  0.013764019465446472
Epoch :  716  Epoch time :  0.40776209346950054  Train L2 Loss :  0.01375448797494173
Epoch :  717  Epoch time :  0.40786187537014484  Train L2 Loss :  0.01375026542544365
Epoch :  718  Epoch time :  0.40811064559966326  Train L2 Loss :  0.013740282359719276
Epoch :  719  Epoch time :  0.40783233381807804  Train L2 Loss :  0.013735708138346672
Epoch :  720  Epoch time :  0.40868121944367886  Train L2 Loss :  0.013726948291063308
Epoch :  721  Epoch time :  0.40831375028938055  Train L2 Loss :  0.01371827143728733
Epoch :  722  Epoch time :  0.40882945246994495  Train L2 Loss :  0.013711334139108657
Epoch :  723  Epoch time :  0.4098556311801076  Train L2 Loss :  0.013702743211388589
Epoch :  724  Epoch time :  0.4084823103621602  Train L2 Loss :  0.013695221525430679
Epoch :  725  Epoch time :  0.4092430230230093  Train L2 Loss :  0.013690652638673782
Epoch :  726  Epoch time :  0.4194856882095337  Train L2 Loss :  0.013683426955342293
Epoch :  727  Epoch time :  0.40963065158575773  Train L2 Loss :  0.013676320973038673
Epoch :  728  Epoch time :  0.409472375176847  Train L2 Loss :  0.013669162145256996
Epoch :  729  Epoch time :  0.4096638122573495  Train L2 Loss :  0.013663752329349518
Epoch :  730  Epoch time :  0.40937151946127415  Train L2 Loss :  0.013656109842658044
Epoch :  731  Epoch time :  0.4086876483634114  Train L2 Loss :  0.013648659463226796
Epoch :  732  Epoch time :  0.4095765007659793  Train L2 Loss :  0.013638754270970822
Epoch :  733  Epoch time :  0.41127479635179043  Train L2 Loss :  0.013633934697508811
Epoch :  734  Epoch time :  0.4172967504709959  Train L2 Loss :  0.013622495359182358
Epoch :  735  Epoch time :  0.40917643159627914  Train L2 Loss :  0.013618745014071464
Epoch :  736  Epoch time :  0.40855972561985254  Train L2 Loss :  0.013610292093455791
Epoch :  737  Epoch time :  0.40912450291216373  Train L2 Loss :  0.013600217002630234
Epoch :  738  Epoch time :  0.4094695169478655  Train L2 Loss :  0.013594943264126778
Epoch :  739  Epoch time :  0.40934509597718716  Train L2 Loss :  0.013587130127847194
Epoch :  740  Epoch time :  0.4089907184243202  Train L2 Loss :  0.013577748903632164
Epoch :  741  Epoch time :  0.408630701713264  Train L2 Loss :  0.013571446987986565
Epoch :  742  Epoch time :  0.4089224385097623  Train L2 Loss :  0.013563548570871354
Epoch :  743  Epoch time :  0.4105723584070802  Train L2 Loss :  0.013555922374129295
Epoch :  744  Epoch time :  0.41025648824870586  Train L2 Loss :  0.013547916036844253
Epoch :  745  Epoch time :  0.40975022315979004  Train L2 Loss :  0.01353882669210434
Epoch :  746  Epoch time :  0.40897645708173513  Train L2 Loss :  0.013528971092402935
Epoch :  747  Epoch time :  0.4096362479031086  Train L2 Loss :  0.013522403866052628
Epoch :  748  Epoch time :  0.4093017280101776  Train L2 Loss :  0.013515766057372093
Epoch :  749  Epoch time :  0.4095736788585782  Train L2 Loss :  0.013509446699917316
Epoch :  750  Epoch time :  0.4096051352098584  Train L2 Loss :  0.013500985737144948
Epoch :  751  Epoch time :  0.4092385796830058  Train L2 Loss :  0.013491508470475673
Epoch :  752  Epoch time :  0.40860358998179436  Train L2 Loss :  0.013491445475816728
Epoch :  753  Epoch time :  0.40922131203114986  Train L2 Loss :  0.013477823707461357
Epoch :  754  Epoch time :  0.4108084049075842  Train L2 Loss :  0.013468500050902367
Epoch :  755  Epoch time :  0.4089830070734024  Train L2 Loss :  0.013464075300097465
Epoch :  756  Epoch time :  0.40968793723732233  Train L2 Loss :  0.013456373654305935
Epoch :  757  Epoch time :  0.40924523025751114  Train L2 Loss :  0.01344432227909565
Epoch :  758  Epoch time :  0.40956380870193243  Train L2 Loss :  0.013435564783215522
Epoch :  759  Epoch time :  0.40954982675611973  Train L2 Loss :  0.013430726554989815
Epoch :  760  Epoch time :  0.40871007926762104  Train L2 Loss :  0.013424247978627681
Epoch :  761  Epoch time :  0.40905442275106907  Train L2 Loss :  0.013415159305930138
Epoch :  762  Epoch time :  0.40922211576253176  Train L2 Loss :  0.013410844902694225
Epoch :  763  Epoch time :  0.40918904170393944  Train L2 Loss :  0.013402891045808793
Epoch :  764  Epoch time :  0.4106086967512965  Train L2 Loss :  0.013396792943775654
Epoch :  765  Epoch time :  0.4099673256278038  Train L2 Loss :  0.013387115734815597
Epoch :  766  Epoch time :  0.40982104279100895  Train L2 Loss :  0.013375791952013969
Epoch :  767  Epoch time :  0.40944624599069357  Train L2 Loss :  0.01336642808765173
Epoch :  768  Epoch time :  0.42690636962652206  Train L2 Loss :  0.013361660143733025
Epoch :  769  Epoch time :  0.4097707075998187  Train L2 Loss :  0.013356307229399681
Epoch :  770  Epoch time :  0.40993225667625666  Train L2 Loss :  0.013346403339505196
Epoch :  771  Epoch time :  0.40837912168353796  Train L2 Loss :  0.01333793487995863
Epoch :  772  Epoch time :  0.4079434843733907  Train L2 Loss :  0.013330321879684925
Epoch :  773  Epoch time :  0.4080810323357582  Train L2 Loss :  0.013317590188980103
Epoch :  774  Epoch time :  0.4091670857742429  Train L2 Loss :  0.013312943655252457
Epoch :  775  Epoch time :  0.4079849300906062  Train L2 Loss :  0.013308088092505933
Epoch :  776  Epoch time :  0.40753012988716364  Train L2 Loss :  0.013299501439929008
Epoch :  777  Epoch time :  0.40836555790156126  Train L2 Loss :  0.013290052014589309
Epoch :  778  Epoch time :  0.40798259526491165  Train L2 Loss :  0.013284131941199302
Epoch :  779  Epoch time :  0.40765047539025545  Train L2 Loss :  0.013275764289498329
Epoch :  780  Epoch time :  0.40791429579257965  Train L2 Loss :  0.013266418290138245
Epoch :  781  Epoch time :  0.40805785078555346  Train L2 Loss :  0.013260584372282029
Epoch :  782  Epoch time :  0.40832869429141283  Train L2 Loss :  0.013247283950448037
Epoch :  783  Epoch time :  0.40948857739567757  Train L2 Loss :  0.013245843318104744
Epoch :  784  Epoch time :  0.4084210731089115  Train L2 Loss :  0.013234848260879516
Epoch :  785  Epoch time :  0.41701464354991913  Train L2 Loss :  0.013227166898548604
Epoch :  786  Epoch time :  0.4099864261224866  Train L2 Loss :  0.013222636172175407
Epoch :  787  Epoch time :  0.4093134244903922  Train L2 Loss :  0.013217109628021717
Epoch :  788  Epoch time :  0.40878882445394993  Train L2 Loss :  0.013204744642972947
Epoch :  789  Epoch time :  0.4088691249489784  Train L2 Loss :  0.01319804053902626
Epoch :  790  Epoch time :  0.408877519890666  Train L2 Loss :  0.013186857032775879
Epoch :  791  Epoch time :  0.40849820245057344  Train L2 Loss :  0.0131789322078228
Epoch :  792  Epoch time :  0.40802532620728016  Train L2 Loss :  0.013173662304878235
Epoch :  793  Epoch time :  0.40833114366978407  Train L2 Loss :  0.013165306645631791
Epoch :  794  Epoch time :  0.40708682872354984  Train L2 Loss :  0.013157471039891244
Epoch :  795  Epoch time :  0.40780056174844503  Train L2 Loss :  0.013148674009740353
Epoch :  796  Epoch time :  0.40839339792728424  Train L2 Loss :  0.013140338806807995
Epoch :  797  Epoch time :  0.4085864778608084  Train L2 Loss :  0.013132404927909375
Epoch :  798  Epoch time :  0.40906618628650904  Train L2 Loss :  0.013127895450592042
Epoch :  799  Epoch time :  0.4085194682702422  Train L2 Loss :  0.013118730941414834
Epoch :  800  Epoch time :  0.4079265734180808  Train L2 Loss :  0.013079342684149743
Epoch :  801  Epoch time :  0.4088653977960348  Train L2 Loss :  0.013071592561900616
Epoch :  802  Epoch time :  0.4095711652189493  Train L2 Loss :  0.01306714028418064
Epoch :  803  Epoch time :  0.4098600121214986  Train L2 Loss :  0.013061354893445969
Epoch :  804  Epoch time :  0.40977137815207243  Train L2 Loss :  0.013059401871263981
Epoch :  805  Epoch time :  0.4109655423089862  Train L2 Loss :  0.013055172285437584
Epoch :  806  Epoch time :  0.40858251322060823  Train L2 Loss :  0.013051210555434227
Epoch :  807  Epoch time :  0.40866664983332157  Train L2 Loss :  0.013047143869102001
Epoch :  808  Epoch time :  0.47082003951072693  Train L2 Loss :  0.013042498922348022
Epoch :  809  Epoch time :  0.43089727219194174  Train L2 Loss :  0.013038515231013298
Epoch :  810  Epoch time :  0.40948076359927654  Train L2 Loss :  0.013034718936681747
Epoch :  811  Epoch time :  0.40891793463379145  Train L2 Loss :  0.013030148340761662
Epoch :  812  Epoch time :  0.4082240052521229  Train L2 Loss :  0.013025752550363541
Epoch :  813  Epoch time :  0.40840589813888073  Train L2 Loss :  0.013022620487213135
Epoch :  814  Epoch time :  0.40849300287663937  Train L2 Loss :  0.013017941427230836
Epoch :  815  Epoch time :  0.40947049111127853  Train L2 Loss :  0.013012680697441102
Epoch :  816  Epoch time :  0.41039567440748215  Train L2 Loss :  0.013010547471046447
Epoch :  817  Epoch time :  0.4082847461104393  Train L2 Loss :  0.01300745741724968
Epoch :  818  Epoch time :  0.40823489893227816  Train L2 Loss :  0.01300286337584257
Epoch :  819  Epoch time :  0.4085127552971244  Train L2 Loss :  0.012997160533070564
Epoch :  820  Epoch time :  0.41667286679148674  Train L2 Loss :  0.012992892539501191
Epoch :  821  Epoch time :  0.4090102594345808  Train L2 Loss :  0.012988483303785324
Epoch :  822  Epoch time :  0.40924017783254385  Train L2 Loss :  0.012983725169301033
Epoch :  823  Epoch time :  0.4081678260117769  Train L2 Loss :  0.012980189129710197
Epoch :  824  Epoch time :  0.4090722072869539  Train L2 Loss :  0.01297442670762539
Epoch :  825  Epoch time :  0.426030695438385  Train L2 Loss :  0.012971072441339493
Epoch :  826  Epoch time :  0.40912780724465847  Train L2 Loss :  0.012965950146317483
Epoch :  827  Epoch time :  0.408853012137115  Train L2 Loss :  0.012962380902469157
Epoch :  828  Epoch time :  0.4088983107358217  Train L2 Loss :  0.012957651010155677
Epoch :  829  Epoch time :  0.41307221073657274  Train L2 Loss :  0.012952706956863404
Epoch :  830  Epoch time :  0.4082700740545988  Train L2 Loss :  0.01294761697947979
Epoch :  831  Epoch time :  0.4088251758366823  Train L2 Loss :  0.012944163405895234
Epoch :  832  Epoch time :  0.40872302278876305  Train L2 Loss :  0.012940147146582603
Epoch :  833  Epoch time :  0.4110797345638275  Train L2 Loss :  0.012935276027023792
Epoch :  834  Epoch time :  0.408737369813025  Train L2 Loss :  0.012931234420835972
Epoch :  835  Epoch time :  0.40863258205354214  Train L2 Loss :  0.012925758449733257
Epoch :  836  Epoch time :  0.40980082005262375  Train L2 Loss :  0.012922273209691047
Epoch :  837  Epoch time :  0.4090091297402978  Train L2 Loss :  0.012918701821565627
Epoch :  838  Epoch time :  0.4090797696262598  Train L2 Loss :  0.012913573890924453
Epoch :  839  Epoch time :  0.40921871457248926  Train L2 Loss :  0.01290730302631855
Epoch :  840  Epoch time :  0.4084865106269717  Train L2 Loss :  0.012904304678738118
Epoch :  841  Epoch time :  0.4077748665586114  Train L2 Loss :  0.012900024914741516
Epoch :  842  Epoch time :  0.40849915612488985  Train L2 Loss :  0.012893935880064964
Epoch :  843  Epoch time :  0.4082569796591997  Train L2 Loss :  0.012891111290454865
Epoch :  844  Epoch time :  0.4080747254192829  Train L2 Loss :  0.012886696410179138
Epoch :  845  Epoch time :  0.4088817657902837  Train L2 Loss :  0.012882816895842553
Epoch :  846  Epoch time :  0.4085621843114495  Train L2 Loss :  0.012877584640681743
Epoch :  847  Epoch time :  0.4101436361670494  Train L2 Loss :  0.012871746063232423
Epoch :  848  Epoch time :  0.40894570760428905  Train L2 Loss :  0.012867523685097694
Epoch :  849  Epoch time :  0.4083641115576029  Train L2 Loss :  0.012863210317492485
Epoch :  850  Epoch time :  0.408137921243906  Train L2 Loss :  0.012858488646149635
Epoch :  851  Epoch time :  0.4079491561278701  Train L2 Loss :  0.012856003850698471
Epoch :  852  Epoch time :  0.4073776938021183  Train L2 Loss :  0.012850036948919296
Epoch :  853  Epoch time :  0.40984745509922504  Train L2 Loss :  0.012845924031734467
Epoch :  854  Epoch time :  0.4088436830788851  Train L2 Loss :  0.012839578357338906
Epoch :  855  Epoch time :  0.40838070400059223  Train L2 Loss :  0.012836653044819832
Epoch :  856  Epoch time :  0.4082601051777601  Train L2 Loss :  0.012833495932817459
Epoch :  857  Epoch time :  0.4093459602445364  Train L2 Loss :  0.012826122894883156
Epoch :  858  Epoch time :  0.4083978524431586  Train L2 Loss :  0.012822091971337796
Epoch :  859  Epoch time :  0.40924360509961843  Train L2 Loss :  0.012818023282289506
Epoch :  860  Epoch time :  0.40806388575583696  Train L2 Loss :  0.012812836073338985
Epoch :  861  Epoch time :  0.40760182589292526  Train L2 Loss :  0.012808811290562152
Epoch :  862  Epoch time :  0.40798618737608194  Train L2 Loss :  0.012806345236301421
Epoch :  863  Epoch time :  0.4082639189437032  Train L2 Loss :  0.012801153326034546
Epoch :  864  Epoch time :  0.40876828599721193  Train L2 Loss :  0.012795212936401366
Epoch :  865  Epoch time :  0.40905325300991535  Train L2 Loss :  0.012789514380693435
Epoch :  866  Epoch time :  0.4088823162019253  Train L2 Loss :  0.012785480424761773
Epoch :  867  Epoch time :  0.4130360744893551  Train L2 Loss :  0.012782267461717128
Epoch :  868  Epoch time :  0.4121082564815879  Train L2 Loss :  0.01277700691819191
Epoch :  869  Epoch time :  0.4093888383358717  Train L2 Loss :  0.01277216756939888
Epoch :  870  Epoch time :  0.4099029377102852  Train L2 Loss :  0.012768889905512332
Epoch :  871  Epoch time :  0.40958082862198353  Train L2 Loss :  0.01276268284022808
Epoch :  872  Epoch time :  0.4089040234684944  Train L2 Loss :  0.012758620035648345
Epoch :  873  Epoch time :  0.40896715223789215  Train L2 Loss :  0.012755194562673568
Epoch :  874  Epoch time :  0.4090452790260315  Train L2 Loss :  0.012750774666666985
Epoch :  875  Epoch time :  0.4101034849882126  Train L2 Loss :  0.012745645970106126
Epoch :  876  Epoch time :  0.4128172565251589  Train L2 Loss :  0.012741795356571675
Epoch :  877  Epoch time :  0.415539744310081  Train L2 Loss :  0.01273746518790722
Epoch :  878  Epoch time :  0.409128300845623  Train L2 Loss :  0.012731628277897835
Epoch :  879  Epoch time :  0.409004214219749  Train L2 Loss :  0.01272665729224682
Epoch :  880  Epoch time :  0.408856931142509  Train L2 Loss :  0.012722258150577545
Epoch :  881  Epoch time :  0.4092955607920885  Train L2 Loss :  0.012718285004794598
Epoch :  882  Epoch time :  0.4258785815909505  Train L2 Loss :  0.01271470046043396
Epoch :  883  Epoch time :  0.40856603905558586  Train L2 Loss :  0.012708870059251785
Epoch :  884  Epoch time :  0.4082621159031987  Train L2 Loss :  0.012703742443025112
Epoch :  885  Epoch time :  0.4079965576529503  Train L2 Loss :  0.012699146562814713
Epoch :  886  Epoch time :  0.40919438470155  Train L2 Loss :  0.01269468842446804
Epoch :  887  Epoch time :  0.4085217462852597  Train L2 Loss :  0.012691397304832935
Epoch :  888  Epoch time :  0.41005590185523033  Train L2 Loss :  0.012685305339097976
Epoch :  889  Epoch time :  0.4082432072609663  Train L2 Loss :  0.012680922082066537
Epoch :  890  Epoch time :  0.40741784777492285  Train L2 Loss :  0.012675225661695003
Epoch :  891  Epoch time :  0.40770160406827927  Train L2 Loss :  0.012672009062767029
Epoch :  892  Epoch time :  0.4083933448418975  Train L2 Loss :  0.012667826700210572
Epoch :  893  Epoch time :  0.40813846979290247  Train L2 Loss :  0.012663396492600442
Epoch :  894  Epoch time :  0.4087953809648752  Train L2 Loss :  0.012658412545919418
Epoch :  895  Epoch time :  0.4083704296499491  Train L2 Loss :  0.012654633006453513
Epoch :  896  Epoch time :  0.40858844481408596  Train L2 Loss :  0.01264918712079525
Epoch :  897  Epoch time :  0.4092372413724661  Train L2 Loss :  0.01264411652982235
Epoch :  898  Epoch time :  0.41083925496786833  Train L2 Loss :  0.012639128790795803
Epoch :  899  Epoch time :  0.40917668770998716  Train L2 Loss :  0.01263418897986412
Epoch :  900  Epoch time :  0.4087029295042157  Train L2 Loss :  0.012614010663330556
Epoch :  901  Epoch time :  0.40793209336698055  Train L2 Loss :  0.01261100353449583
Epoch :  902  Epoch time :  0.40826546866446733  Train L2 Loss :  0.012607861658930778
Epoch :  903  Epoch time :  0.4083072282373905  Train L2 Loss :  0.012605911347270012
Epoch :  904  Epoch time :  0.4079584404826164  Train L2 Loss :  0.012603211086988449
Epoch :  905  Epoch time :  0.4086099714040756  Train L2 Loss :  0.012600939965248107
Epoch :  906  Epoch time :  0.40857191011309624  Train L2 Loss :  0.012598848836123944
Epoch :  907  Epoch time :  0.40903527941554785  Train L2 Loss :  0.01259645233154297
Epoch :  908  Epoch time :  0.4081730367615819  Train L2 Loss :  0.012594688330590725
Epoch :  909  Epoch time :  0.40936393197625875  Train L2 Loss :  0.012592043182253838
Epoch :  910  Epoch time :  0.40906057320535183  Train L2 Loss :  0.012589736306667328
Epoch :  911  Epoch time :  0.4087643399834633  Train L2 Loss :  0.012587061585485936
Epoch :  912  Epoch time :  0.4090930102393031  Train L2 Loss :  0.012583439746499062
Epoch :  913  Epoch time :  0.4088524430990219  Train L2 Loss :  0.012581256222724914
Epoch :  914  Epoch time :  0.4082969054579735  Train L2 Loss :  0.012579450017213821
Epoch :  915  Epoch time :  0.40816233586519957  Train L2 Loss :  0.01257717005610466
Epoch :  916  Epoch time :  0.40829215571284294  Train L2 Loss :  0.0125742417126894
Epoch :  917  Epoch time :  0.40824055951088667  Train L2 Loss :  0.012571820843219757
Epoch :  918  Epoch time :  0.4096160866320133  Train L2 Loss :  0.012569601744413376
Epoch :  919  Epoch time :  0.4100649328902364  Train L2 Loss :  0.012566905091702938
Epoch :  920  Epoch time :  0.40963682532310486  Train L2 Loss :  0.012564063312113285
Epoch :  921  Epoch time :  0.4088299171999097  Train L2 Loss :  0.012562553256750106
Epoch :  922  Epoch time :  0.40954264998435974  Train L2 Loss :  0.012559777592122555
Epoch :  923  Epoch time :  0.4091176027432084  Train L2 Loss :  0.01255688933134079
Epoch :  924  Epoch time :  0.4088689163327217  Train L2 Loss :  0.012555201035737991
Epoch :  925  Epoch time :  0.409504659473896  Train L2 Loss :  0.012552066230773927
Epoch :  926  Epoch time :  0.40888994187116623  Train L2 Loss :  0.012549523907899856
Epoch :  927  Epoch time :  0.408870205283165  Train L2 Loss :  0.012546895381808282
Epoch :  928  Epoch time :  0.4087868267670274  Train L2 Loss :  0.012545086579024792
Epoch :  929  Epoch time :  0.40957296174019575  Train L2 Loss :  0.012541789582371711
Epoch :  930  Epoch time :  0.40831588953733444  Train L2 Loss :  0.012538967230916024
Epoch :  931  Epoch time :  0.4598053600639105  Train L2 Loss :  0.012537142008543015
Epoch :  932  Epoch time :  0.4444558834657073  Train L2 Loss :  0.01253354617357254
Epoch :  933  Epoch time :  0.40841428469866514  Train L2 Loss :  0.012531832399964332
Epoch :  934  Epoch time :  0.40881551429629326  Train L2 Loss :  0.01252901297658682
Epoch :  935  Epoch time :  0.4079610640183091  Train L2 Loss :  0.012526957800984383
Epoch :  936  Epoch time :  0.4086688319221139  Train L2 Loss :  0.01252397929430008
Epoch :  937  Epoch time :  0.410144928842783  Train L2 Loss :  0.012521146026253701
Epoch :  938  Epoch time :  0.41281909961253405  Train L2 Loss :  0.012519263763725757
Epoch :  939  Epoch time :  0.4226760296151042  Train L2 Loss :  0.01251680279225111
Epoch :  940  Epoch time :  0.410908623598516  Train L2 Loss :  0.012513781744241715
Epoch :  941  Epoch time :  0.4084424125030637  Train L2 Loss :  0.012511067040264607
Epoch :  942  Epoch time :  0.40811008401215076  Train L2 Loss :  0.0125085389316082
Epoch :  943  Epoch time :  0.40859920904040337  Train L2 Loss :  0.01250603021979332
Epoch :  944  Epoch time :  0.40864073112607  Train L2 Loss :  0.012503815279901027
Epoch :  945  Epoch time :  0.4084359770640731  Train L2 Loss :  0.012501432672142982
Epoch :  946  Epoch time :  0.4094716226682067  Train L2 Loss :  0.012498502668738365
Epoch :  947  Epoch time :  0.40842057205736637  Train L2 Loss :  0.012497195854783058
Epoch :  948  Epoch time :  0.4086453588679433  Train L2 Loss :  0.01249309277832508
Epoch :  949  Epoch time :  0.40896485187113285  Train L2 Loss :  0.012490810042619704
Epoch :  950  Epoch time :  0.416854290291667  Train L2 Loss :  0.012488476884365081
Epoch :  951  Epoch time :  0.4105332912877202  Train L2 Loss :  0.012485445894300938
Epoch :  952  Epoch time :  0.40993169229477644  Train L2 Loss :  0.012483030697703361
Epoch :  953  Epoch time :  0.40931964572519064  Train L2 Loss :  0.012480474293231965
Epoch :  954  Epoch time :  0.408693203702569  Train L2 Loss :  0.012477764734625816
Epoch :  955  Epoch time :  0.4098788257688284  Train L2 Loss :  0.012475430244207383
Epoch :  956  Epoch time :  0.4103177320212126  Train L2 Loss :  0.012471889102458954
Epoch :  957  Epoch time :  0.40944433491677046  Train L2 Loss :  0.012470431810617447
Epoch :  958  Epoch time :  0.4102110518142581  Train L2 Loss :  0.01246713025122881
Epoch :  959  Epoch time :  0.41007132921367884  Train L2 Loss :  0.012465106591582299
Epoch :  960  Epoch time :  0.40903033688664436  Train L2 Loss :  0.012462484040856361
Epoch :  961  Epoch time :  0.40889552142471075  Train L2 Loss :  0.012460264383256436
Epoch :  962  Epoch time :  0.4095944743603468  Train L2 Loss :  0.012456783472001553
Epoch :  963  Epoch time :  0.4096090029925108  Train L2 Loss :  0.01245435243844986
Epoch :  964  Epoch time :  0.40938415192067623  Train L2 Loss :  0.012451898561418057
Epoch :  965  Epoch time :  0.4086188608780503  Train L2 Loss :  0.012449579346179962
Epoch :  966  Epoch time :  0.40793831180781126  Train L2 Loss :  0.012447371806204319
Epoch :  967  Epoch time :  0.4079568013548851  Train L2 Loss :  0.012443918186426163
Epoch :  968  Epoch time :  0.4082103241235018  Train L2 Loss :  0.012441281919181348
Epoch :  969  Epoch time :  0.4087501149624586  Train L2 Loss :  0.012439203396439552
Epoch :  970  Epoch time :  0.409134759567678  Train L2 Loss :  0.012436306722462178
Epoch :  971  Epoch time :  0.41111930273473263  Train L2 Loss :  0.012433634670078754
Epoch :  972  Epoch time :  0.40877386648207903  Train L2 Loss :  0.012430142915248871
Epoch :  973  Epoch time :  0.40896682161837816  Train L2 Loss :  0.012427901515364647
Epoch :  974  Epoch time :  0.40935404784977436  Train L2 Loss :  0.012426609863340855
Epoch :  975  Epoch time :  0.4091908698901534  Train L2 Loss :  0.012423230087757111
Epoch :  976  Epoch time :  0.40945755410939455  Train L2 Loss :  0.012420434045791627
Epoch :  977  Epoch time :  0.40920725278556347  Train L2 Loss :  0.012418676584959031
Epoch :  978  Epoch time :  0.4092666804790497  Train L2 Loss :  0.012414653220772743
Epoch :  979  Epoch time :  0.4094195105135441  Train L2 Loss :  0.01241345638036728
Epoch :  980  Epoch time :  0.40922330506145954  Train L2 Loss :  0.012410181483626366
Epoch :  981  Epoch time :  0.4112160438671708  Train L2 Loss :  0.012408055388927459
Epoch :  982  Epoch time :  0.40973948687314987  Train L2 Loss :  0.012406173095107078
Epoch :  983  Epoch time :  0.4095859071239829  Train L2 Loss :  0.012402274748682976
Epoch :  984  Epoch time :  0.4090032456442714  Train L2 Loss :  0.012400251598656178
Epoch :  985  Epoch time :  0.41004301607608795  Train L2 Loss :  0.012397457836568355
Epoch :  986  Epoch time :  0.4090299215167761  Train L2 Loss :  0.012395130732655526
Epoch :  987  Epoch time :  0.40859977062791586  Train L2 Loss :  0.012393695482611657
Epoch :  988  Epoch time :  0.40875881537795067  Train L2 Loss :  0.01238980082720518
Epoch :  989  Epoch time :  0.4085039347410202  Train L2 Loss :  0.012386704134941102
Epoch :  990  Epoch time :  0.4081443874165416  Train L2 Loss :  0.012384270225465299
Epoch :  991  Epoch time :  0.40995097253471613  Train L2 Loss :  0.012381219696998597
Epoch :  992  Epoch time :  0.40830696001648903  Train L2 Loss :  0.01237909707725048
Epoch :  993  Epoch time :  0.40835457295179367  Train L2 Loss :  0.012376743802428246
Epoch :  994  Epoch time :  0.40824609342962503  Train L2 Loss :  0.012373714901506901
Epoch :  995  Epoch time :  0.42033273447304964  Train L2 Loss :  0.012371301433444023
Epoch :  996  Epoch time :  0.41490000300109386  Train L2 Loss :  0.01236906916052103
Epoch :  997  Epoch time :  0.40932814963161945  Train L2 Loss :  0.012365698701143265
Epoch :  998  Epoch time :  0.40960189141333103  Train L2 Loss :  0.01236370701789856
Epoch :  999  Epoch time :  0.40855780337005854  Train L2 Loss :  0.012360859364271164
Total time is : 408.60906880535185 Total epoch is  1000
