Energy is  0.0
Input dim :  128  output dim :  4096
99457
Epoch :  0  Epoch time :  0.23503480199724436  Train L2 Loss :  6.483131359785031
Epoch :  1  Epoch time :  0.04437908995896578  Train L2 Loss :  6.318289927947215
Epoch :  2  Epoch time :  0.044902682304382324  Train L2 Loss :  6.078400196173252
Epoch :  3  Epoch time :  0.04436106514185667  Train L2 Loss :  5.591899333856045
Epoch :  4  Epoch time :  0.04490021802484989  Train L2 Loss :  5.329187833345854
Epoch :  5  Epoch time :  0.04440021235495806  Train L2 Loss :  5.089009798490084
Epoch :  6  Epoch time :  0.045827788300812244  Train L2 Loss :  4.705665319393843
Epoch :  7  Epoch time :  0.044302611611783504  Train L2 Loss :  4.44351924994053
Epoch :  8  Epoch time :  0.044852533377707005  Train L2 Loss :  4.206492203932542
Epoch :  9  Epoch time :  0.0434971135109663  Train L2 Loss :  4.012633079137558
Epoch :  10  Epoch time :  0.04363941866904497  Train L2 Loss :  3.7761847911736903
Epoch :  11  Epoch time :  0.044946773909032345  Train L2 Loss :  3.557867563687838
Epoch :  12  Epoch time :  0.04449725244194269  Train L2 Loss :  3.5166699091593423
Epoch :  13  Epoch time :  0.044918958097696304  Train L2 Loss :  3.3718950075980945
Epoch :  14  Epoch time :  0.04441111162304878  Train L2 Loss :  3.1103439086522813
Epoch :  15  Epoch time :  0.04483762942254543  Train L2 Loss :  2.9053614200689855
Epoch :  16  Epoch time :  0.044325885362923145  Train L2 Loss :  2.7735512806819034
Epoch :  17  Epoch time :  0.04472946934401989  Train L2 Loss :  2.6585278511047363
Epoch :  18  Epoch time :  0.04441435821354389  Train L2 Loss :  2.585406768016326
Epoch :  19  Epoch time :  0.04477690812200308  Train L2 Loss :  2.541251011383839
Epoch :  20  Epoch time :  0.04300448298454285  Train L2 Loss :  2.4619674927149062
Epoch :  21  Epoch time :  0.04415436740964651  Train L2 Loss :  2.3473665164067197
Epoch :  22  Epoch time :  0.04485223814845085  Train L2 Loss :  2.302908188257462
Epoch :  23  Epoch time :  0.04439688008278608  Train L2 Loss :  2.242006167387351
Epoch :  24  Epoch time :  0.04485567845404148  Train L2 Loss :  2.140554978297307
Epoch :  25  Epoch time :  0.044409639202058315  Train L2 Loss :  2.062041624998435
Epoch :  26  Epoch time :  0.045276171527802944  Train L2 Loss :  1.969931920369466
Epoch :  27  Epoch time :  0.04456502944231033  Train L2 Loss :  1.9025307557521722
Epoch :  28  Epoch time :  0.045002395287156105  Train L2 Loss :  1.873760895851331
Epoch :  29  Epoch time :  0.04456799756735563  Train L2 Loss :  1.8899393448462853
Epoch :  30  Epoch time :  0.044955261051654816  Train L2 Loss :  1.834213953751784
Epoch :  31  Epoch time :  0.0427157711237669  Train L2 Loss :  1.761067855052459
Epoch :  32  Epoch time :  0.04499637056142092  Train L2 Loss :  1.7402775348761144
Epoch :  33  Epoch time :  0.04481263365596533  Train L2 Loss :  1.7612277544461763
Epoch :  34  Epoch time :  0.0449315058067441  Train L2 Loss :  1.908559004465739
Epoch :  35  Epoch time :  0.04504194296896458  Train L2 Loss :  1.8148599771352916
Epoch :  36  Epoch time :  0.04474156629294157  Train L2 Loss :  1.8170119065504808
Epoch :  37  Epoch time :  0.04482922703027725  Train L2 Loss :  1.7897490721482496
Epoch :  38  Epoch time :  0.04466994944959879  Train L2 Loss :  1.6318787183517065
Epoch :  39  Epoch time :  0.04516825079917908  Train L2 Loss :  1.5655232576223521
Epoch :  40  Epoch time :  0.044719534926116467  Train L2 Loss :  1.5152757962544758
Epoch :  41  Epoch time :  0.04515977296978235  Train L2 Loss :  1.4616949619391026
Epoch :  42  Epoch time :  0.042484051547944546  Train L2 Loss :  1.4071180514800243
Epoch :  43  Epoch time :  0.04519869294017553  Train L2 Loss :  1.381977521456205
Epoch :  44  Epoch time :  0.04469946399331093  Train L2 Loss :  1.3478936782250037
Epoch :  45  Epoch time :  0.045077841728925705  Train L2 Loss :  1.27313336959252
Epoch :  46  Epoch time :  0.045237431302666664  Train L2 Loss :  1.2470023448650653
Epoch :  47  Epoch time :  0.04510363005101681  Train L2 Loss :  1.1852032465812488
Epoch :  48  Epoch time :  0.04471646714955568  Train L2 Loss :  1.139424972045116
Epoch :  49  Epoch time :  0.04502732027322054  Train L2 Loss :  1.1010879492148375
Epoch :  50  Epoch time :  0.044939701445400715  Train L2 Loss :  1.0774015157650678
Epoch :  51  Epoch time :  0.045103264041244984  Train L2 Loss :  1.0677134868426201
Epoch :  52  Epoch time :  0.04490006435662508  Train L2 Loss :  1.0550402433444293
Epoch :  53  Epoch time :  0.042575142346322536  Train L2 Loss :  1.072586328555376
Epoch :  54  Epoch time :  0.045095630921423435  Train L2 Loss :  1.0713796248802772
Epoch :  55  Epoch time :  0.04459333885461092  Train L2 Loss :  1.095702324158106
Epoch :  56  Epoch time :  0.0449933186173439  Train L2 Loss :  1.078400263419518
Epoch :  57  Epoch time :  0.044534304179251194  Train L2 Loss :  1.0414318854992206
Epoch :  58  Epoch time :  0.04518924094736576  Train L2 Loss :  1.027420441309611
Epoch :  59  Epoch time :  0.04499100148677826  Train L2 Loss :  1.0351161651122265
Epoch :  60  Epoch time :  0.04508158378303051  Train L2 Loss :  1.0129104271913185
Epoch :  61  Epoch time :  0.04456092696636915  Train L2 Loss :  0.9921199908623328
Epoch :  62  Epoch time :  0.04514986556023359  Train L2 Loss :  1.000299973365588
Epoch :  63  Epoch time :  0.04447408299893141  Train L2 Loss :  1.0035969660832331
Epoch :  64  Epoch time :  0.042994068935513496  Train L2 Loss :  0.9930562178293864
Epoch :  65  Epoch time :  0.044932677410542965  Train L2 Loss :  0.9413152413490491
Epoch :  66  Epoch time :  0.04444280546158552  Train L2 Loss :  0.9003068544925787
Epoch :  67  Epoch time :  0.045142555609345436  Train L2 Loss :  0.8859840723184439
Epoch :  68  Epoch time :  0.04459590092301369  Train L2 Loss :  0.8936503544831887
Epoch :  69  Epoch time :  0.04537780582904816  Train L2 Loss :  0.9264007837344439
Epoch :  70  Epoch time :  0.044497583992779255  Train L2 Loss :  1.0605408717424443
Epoch :  71  Epoch time :  0.044935562647879124  Train L2 Loss :  1.0607171058654785
Epoch :  72  Epoch time :  0.04453647322952747  Train L2 Loss :  0.9890400140713422
Epoch :  73  Epoch time :  0.045016104355454445  Train L2 Loss :  0.9470419333531306
Epoch :  74  Epoch time :  0.04243449866771698  Train L2 Loss :  0.9919845018631372
Epoch :  75  Epoch time :  0.04499555565416813  Train L2 Loss :  0.9473253824771979
Epoch :  76  Epoch time :  0.04426492378115654  Train L2 Loss :  0.8372636513832288
Epoch :  77  Epoch time :  0.045141675509512424  Train L2 Loss :  0.7669662145467905
Epoch :  78  Epoch time :  0.044478083960711956  Train L2 Loss :  0.7282446531149057
Epoch :  79  Epoch time :  0.04488212335854769  Train L2 Loss :  0.7026163798112136
Epoch :  80  Epoch time :  0.044682225212454796  Train L2 Loss :  0.7076567044624915
Epoch :  81  Epoch time :  0.044986529275774956  Train L2 Loss :  0.7368767567169971
Epoch :  82  Epoch time :  0.044966849498450756  Train L2 Loss :  0.8236021995544434
Epoch :  83  Epoch time :  0.04481274727731943  Train L2 Loss :  0.8269289456881009
Epoch :  84  Epoch time :  0.0451708035543561  Train L2 Loss :  0.7875489699534881
Epoch :  85  Epoch time :  0.04223248176276684  Train L2 Loss :  0.7310482966594207
Epoch :  86  Epoch time :  0.045019020326435566  Train L2 Loss :  0.6948657341492481
Epoch :  87  Epoch time :  0.04458528105169535  Train L2 Loss :  0.644440553127191
Epoch :  88  Epoch time :  0.04518584534525871  Train L2 Loss :  0.6273263784555289
Epoch :  89  Epoch time :  0.04457193985581398  Train L2 Loss :  0.6279252920395288
Epoch :  90  Epoch time :  0.04539728723466396  Train L2 Loss :  0.6450709196237417
Epoch :  91  Epoch time :  0.04470440931618214  Train L2 Loss :  0.6338951068046765
Epoch :  92  Epoch time :  0.04479470383375883  Train L2 Loss :  0.638566506214631
Epoch :  93  Epoch time :  0.044625330716371536  Train L2 Loss :  0.6302440411005265
Epoch :  94  Epoch time :  0.0447899429127574  Train L2 Loss :  0.6227167386275071
Epoch :  95  Epoch time :  0.04459919407963753  Train L2 Loss :  0.627567817003299
Epoch :  96  Epoch time :  0.0428268164396286  Train L2 Loss :  0.6025954882303873
Epoch :  97  Epoch time :  0.04502259660512209  Train L2 Loss :  0.5971790827237643
Epoch :  98  Epoch time :  0.04442471917718649  Train L2 Loss :  0.6032902277432955
Epoch :  99  Epoch time :  0.044924261048436165  Train L2 Loss :  0.643792470296224
Epoch :  100  Epoch time :  0.04470396414399147  Train L2 Loss :  0.5940769544014564
Epoch :  101  Epoch time :  0.045007253997027874  Train L2 Loss :  0.5300831366807986
Epoch :  102  Epoch time :  0.04475816525518894  Train L2 Loss :  0.49450311599633634
Epoch :  103  Epoch time :  0.04535645619034767  Train L2 Loss :  0.4711329050553151
Epoch :  104  Epoch time :  0.04452978726476431  Train L2 Loss :  0.46085241513374525
Epoch :  105  Epoch time :  0.04492488782852888  Train L2 Loss :  0.45089146418449205
Epoch :  106  Epoch time :  0.04381395410746336  Train L2 Loss :  0.44337323690072084
Epoch :  107  Epoch time :  0.04382629785686731  Train L2 Loss :  0.4348148504892985
Epoch :  108  Epoch time :  0.04504746850579977  Train L2 Loss :  0.4282814233731001
Epoch :  109  Epoch time :  0.044477060437202454  Train L2 Loss :  0.4242708377349071
Epoch :  110  Epoch time :  0.0449601411819458  Train L2 Loss :  0.4206583866706261
Epoch :  111  Epoch time :  0.044662656262516975  Train L2 Loss :  0.41640233993530273
Epoch :  112  Epoch time :  0.04527379758656025  Train L2 Loss :  0.4134532427176451
Epoch :  113  Epoch time :  0.04454284254461527  Train L2 Loss :  0.4087169781709329
Epoch :  114  Epoch time :  0.04574396833777428  Train L2 Loss :  0.4051832052377554
Epoch :  115  Epoch time :  0.04523747880011797  Train L2 Loss :  0.4010004630455604
Epoch :  116  Epoch time :  0.04576808214187622  Train L2 Loss :  0.39935188721387815
Epoch :  117  Epoch time :  0.04290835838764906  Train L2 Loss :  0.3960643578798343
Epoch :  118  Epoch time :  0.04461730923503637  Train L2 Loss :  0.39029248249836457
Epoch :  119  Epoch time :  0.04486803524196148  Train L2 Loss :  0.3853735679235214
Epoch :  120  Epoch time :  0.04463002923876047  Train L2 Loss :  0.3815542398354946
Epoch :  121  Epoch time :  0.04487951286137104  Train L2 Loss :  0.37773254895821595
Epoch :  122  Epoch time :  0.04435340128839016  Train L2 Loss :  0.37410689011598247
Epoch :  123  Epoch time :  0.04480760917067528  Train L2 Loss :  0.37000797345088077
Epoch :  124  Epoch time :  0.04454969335347414  Train L2 Loss :  0.36630598398355335
Epoch :  125  Epoch time :  0.04502788558602333  Train L2 Loss :  0.36368025571872026
Epoch :  126  Epoch time :  0.04466497804969549  Train L2 Loss :  0.3606094366464859
Epoch :  127  Epoch time :  0.04494060669094324  Train L2 Loss :  0.357445878860278
Epoch :  128  Epoch time :  0.0423960667103529  Train L2 Loss :  0.3549751242001851
Epoch :  129  Epoch time :  0.045019637793302536  Train L2 Loss :  0.3505868330979959
Epoch :  130  Epoch time :  0.04465161729604006  Train L2 Loss :  0.34771924141125804
Epoch :  131  Epoch time :  0.04479292966425419  Train L2 Loss :  0.345774525251144
Epoch :  132  Epoch time :  0.0447903573513031  Train L2 Loss :  0.3431653456810193
Epoch :  133  Epoch time :  0.044667174108326435  Train L2 Loss :  0.34180284769107133
Epoch :  134  Epoch time :  0.04487530793994665  Train L2 Loss :  0.3378270681087787
Epoch :  135  Epoch time :  0.0443967841565609  Train L2 Loss :  0.3367132896032089
Epoch :  136  Epoch time :  0.04488187097012997  Train L2 Loss :  0.33535656867883146
Epoch :  137  Epoch time :  0.04434098303318024  Train L2 Loss :  0.33614639441172284
Epoch :  138  Epoch time :  0.04500575829297304  Train L2 Loss :  0.33292840382991695
Epoch :  139  Epoch time :  0.04239019099622965  Train L2 Loss :  0.3318916345253969
Epoch :  140  Epoch time :  0.044878571294248104  Train L2 Loss :  0.32981957227755815
Epoch :  141  Epoch time :  0.04483234416693449  Train L2 Loss :  0.33209333358666837
Epoch :  142  Epoch time :  0.04732760228216648  Train L2 Loss :  0.33225758564777863
Epoch :  143  Epoch time :  0.046648869290947914  Train L2 Loss :  0.3262043243799454
Epoch :  144  Epoch time :  0.04728691652417183  Train L2 Loss :  0.32403101065219975
Epoch :  145  Epoch time :  0.047332895919680595  Train L2 Loss :  0.3263449760583731
Epoch :  146  Epoch time :  0.04628975968807936  Train L2 Loss :  0.3253998741125449
Epoch :  147  Epoch time :  0.04580896720290184  Train L2 Loss :  0.32865485778221715
Epoch :  148  Epoch time :  0.04598099738359451  Train L2 Loss :  0.33891930946936977
Epoch :  149  Epoch time :  0.04590536002069712  Train L2 Loss :  0.3381618077938373
Epoch :  150  Epoch time :  0.04263239447027445  Train L2 Loss :  0.3705343986168886
Epoch :  151  Epoch time :  0.0445952583104372  Train L2 Loss :  0.40462669959435094
Epoch :  152  Epoch time :  0.04397279676049948  Train L2 Loss :  0.3929285147251227
Epoch :  153  Epoch time :  0.04451128374785185  Train L2 Loss :  0.3658057879178952
Epoch :  154  Epoch time :  0.044058654457330704  Train L2 Loss :  0.3492906490961711
Epoch :  155  Epoch time :  0.044483442790806293  Train L2 Loss :  0.3383579773780627
Epoch :  156  Epoch time :  0.043819474056363106  Train L2 Loss :  0.32921607983418
Epoch :  157  Epoch time :  0.04441415797919035  Train L2 Loss :  0.32289606179946506
Epoch :  158  Epoch time :  0.04407122917473316  Train L2 Loss :  0.3170590431262285
Epoch :  159  Epoch time :  0.04433955438435078  Train L2 Loss :  0.3173389679346329
Epoch :  160  Epoch time :  0.044054009951651096  Train L2 Loss :  0.32228801800654483
Epoch :  161  Epoch time :  0.042491551488637924  Train L2 Loss :  0.32373026395455384
Epoch :  162  Epoch time :  0.04462139308452606  Train L2 Loss :  0.3208010853865208
Epoch :  163  Epoch time :  0.0441197631880641  Train L2 Loss :  0.3190513726992485
Epoch :  164  Epoch time :  0.04448460694402456  Train L2 Loss :  0.32136174654349303
Epoch :  165  Epoch time :  0.043994490057229996  Train L2 Loss :  0.3241575497847337
Epoch :  166  Epoch time :  0.04440854489803314  Train L2 Loss :  0.32281991151662975
Epoch :  167  Epoch time :  0.045539370737969875  Train L2 Loss :  0.32239213509437364
Epoch :  168  Epoch time :  0.045153054408729076  Train L2 Loss :  0.31429976377731716
Epoch :  169  Epoch time :  0.044260636903345585  Train L2 Loss :  0.311818064787449
Epoch :  170  Epoch time :  0.04454561788588762  Train L2 Loss :  0.3107314583582756
Epoch :  171  Epoch time :  0.04349393490701914  Train L2 Loss :  0.3167314926783244
Epoch :  172  Epoch time :  0.042955790646374226  Train L2 Loss :  0.32242636191539276
Epoch :  173  Epoch time :  0.04488490801304579  Train L2 Loss :  0.31696572059240097
Epoch :  174  Epoch time :  0.04404900502413511  Train L2 Loss :  0.3132176124132596
Epoch :  175  Epoch time :  0.045926451683044434  Train L2 Loss :  0.30723851919174194
Epoch :  176  Epoch time :  0.0457744849845767  Train L2 Loss :  0.3028445763465686
Epoch :  177  Epoch time :  0.04608454182744026  Train L2 Loss :  0.2967522220733838
Epoch :  178  Epoch time :  0.0456513250246644  Train L2 Loss :  0.29114162616240674
Epoch :  179  Epoch time :  0.045386966317892075  Train L2 Loss :  0.2897760898638994
Epoch :  180  Epoch time :  0.0446607219055295  Train L2 Loss :  0.2908086440502069
Epoch :  181  Epoch time :  0.045053726993501186  Train L2 Loss :  0.2903499649121211
Epoch :  182  Epoch time :  0.0432696333155036  Train L2 Loss :  0.2823143540284572
Epoch :  183  Epoch time :  0.04459549952298403  Train L2 Loss :  0.2840287440862411
Epoch :  184  Epoch time :  0.04522397741675377  Train L2 Loss :  0.28377259694612944
Epoch :  185  Epoch time :  0.04479946568608284  Train L2 Loss :  0.28074654707541835
Epoch :  186  Epoch time :  0.04507462773472071  Train L2 Loss :  0.28350538168198025
Epoch :  187  Epoch time :  0.04467688500881195  Train L2 Loss :  0.291990536909837
Epoch :  188  Epoch time :  0.04522990807890892  Train L2 Loss :  0.2947957469866826
Epoch :  189  Epoch time :  0.04441888630390167  Train L2 Loss :  0.2967527615718352
Epoch :  190  Epoch time :  0.04494460113346577  Train L2 Loss :  0.29105649238977677
Epoch :  191  Epoch time :  0.044695586897432804  Train L2 Loss :  0.2847198309042515
Epoch :  192  Epoch time :  0.04521396942436695  Train L2 Loss :  0.284881652929844
Epoch :  193  Epoch time :  0.04327199049293995  Train L2 Loss :  0.2893888430717664
Epoch :  194  Epoch time :  0.04506665747612715  Train L2 Loss :  0.2900175589781541
Epoch :  195  Epoch time :  0.044635921716690063  Train L2 Loss :  0.281692399428441
Epoch :  196  Epoch time :  0.045043098740279675  Train L2 Loss :  0.27863949842942065
Epoch :  197  Epoch time :  0.045124596916139126  Train L2 Loss :  0.277707773905534
Epoch :  198  Epoch time :  0.04599225427955389  Train L2 Loss :  0.28721243907243776
Epoch :  199  Epoch time :  0.04509114474058151  Train L2 Loss :  0.27880240709353715
Epoch :  200  Epoch time :  0.04479682818055153  Train L2 Loss :  0.26806129859044003
Epoch :  201  Epoch time :  0.04788352455943823  Train L2 Loss :  0.2544941031015836
Epoch :  202  Epoch time :  0.04487810377031565  Train L2 Loss :  0.24743272096682817
Epoch :  203  Epoch time :  0.04511522315442562  Train L2 Loss :  0.2445199443743779
Epoch :  204  Epoch time :  0.042881377041339874  Train L2 Loss :  0.24235556523005167
Epoch :  205  Epoch time :  0.04533847514539957  Train L2 Loss :  0.2411199410756429
Epoch :  206  Epoch time :  0.04461619257926941  Train L2 Loss :  0.2402373384206723
Epoch :  207  Epoch time :  0.04506834130734205  Train L2 Loss :  0.23950880154585227
Epoch :  208  Epoch time :  0.0445462167263031  Train L2 Loss :  0.2392161427400051
Epoch :  209  Epoch time :  0.0453935069963336  Train L2 Loss :  0.2387184011630523
Epoch :  210  Epoch time :  0.04475350119173527  Train L2 Loss :  0.23760015689409697
Epoch :  211  Epoch time :  0.04520142823457718  Train L2 Loss :  0.2368235985438029
Epoch :  212  Epoch time :  0.044576927088201046  Train L2 Loss :  0.2359913434737768
Epoch :  213  Epoch time :  0.04518603440374136  Train L2 Loss :  0.23561794482744658
Epoch :  214  Epoch time :  0.04709433950483799  Train L2 Loss :  0.23487072266065157
Epoch :  215  Epoch time :  0.04309479333460331  Train L2 Loss :  0.2344450660240956
Epoch :  216  Epoch time :  0.04523034952580929  Train L2 Loss :  0.23377046371117616
Epoch :  217  Epoch time :  0.0447019599378109  Train L2 Loss :  0.23296833649659768
Epoch :  218  Epoch time :  0.04519725404679775  Train L2 Loss :  0.2325537540973761
Epoch :  219  Epoch time :  0.04465517681092024  Train L2 Loss :  0.23213944068321815
Epoch :  220  Epoch time :  0.04512367397546768  Train L2 Loss :  0.2317704955736796
Epoch :  221  Epoch time :  0.04459919687360525  Train L2 Loss :  0.23115737315935966
Epoch :  222  Epoch time :  0.0450338376685977  Train L2 Loss :  0.23066660838249403
Epoch :  223  Epoch time :  0.044535151682794094  Train L2 Loss :  0.2300816270021292
Epoch :  224  Epoch time :  0.045131463557481766  Train L2 Loss :  0.22934886583915123
Epoch :  225  Epoch time :  0.04383406601846218  Train L2 Loss :  0.2290323575337728
Epoch :  226  Epoch time :  0.04400672484189272  Train L2 Loss :  0.2285379538169274
Epoch :  227  Epoch time :  0.045104751363396645  Train L2 Loss :  0.22803716934644258
Epoch :  228  Epoch time :  0.044883640483021736  Train L2 Loss :  0.22725324447338396
Epoch :  229  Epoch time :  0.04549567308276892  Train L2 Loss :  0.22687999101785514
Epoch :  230  Epoch time :  0.0445238770917058  Train L2 Loss :  0.22621181989327455
Epoch :  231  Epoch time :  0.045102507807314396  Train L2 Loss :  0.22584077639457506
Epoch :  232  Epoch time :  0.04479759559035301  Train L2 Loss :  0.22533057591853997
Epoch :  233  Epoch time :  0.04510714206844568  Train L2 Loss :  0.2250132774695372
Epoch :  234  Epoch time :  0.044402227737009525  Train L2 Loss :  0.22426797640629303
Epoch :  235  Epoch time :  0.04503303859382868  Train L2 Loss :  0.2238376858906868
Epoch :  236  Epoch time :  0.04300694912672043  Train L2 Loss :  0.222903372385563
Epoch :  237  Epoch time :  0.04500536620616913  Train L2 Loss :  0.22253669836582282
Epoch :  238  Epoch time :  0.044893475249409676  Train L2 Loss :  0.22204661522156152
Epoch :  239  Epoch time :  0.04495926108211279  Train L2 Loss :  0.22146716943153968
Epoch :  240  Epoch time :  0.045489114709198475  Train L2 Loss :  0.22079679599175087
Epoch :  241  Epoch time :  0.0446818508207798  Train L2 Loss :  0.22003657695574638
Epoch :  242  Epoch time :  0.045127651654183865  Train L2 Loss :  0.2195812035829593
Epoch :  243  Epoch time :  0.04481249023228884  Train L2 Loss :  0.21932096053392458
Epoch :  244  Epoch time :  0.04493230301886797  Train L2 Loss :  0.21847789562665498
Epoch :  245  Epoch time :  0.04439517855644226  Train L2 Loss :  0.21833826639713386
Epoch :  246  Epoch time :  0.04510233364999294  Train L2 Loss :  0.2178421295606173
Epoch :  247  Epoch time :  0.042798323556780815  Train L2 Loss :  0.21730200296793228
Epoch :  248  Epoch time :  0.04508176539093256  Train L2 Loss :  0.21663697407795832
Epoch :  249  Epoch time :  0.0445867208763957  Train L2 Loss :  0.2161330779393514
Epoch :  250  Epoch time :  0.04504235927015543  Train L2 Loss :  0.2159026876474038
Epoch :  251  Epoch time :  0.045038435608148575  Train L2 Loss :  0.21534850200017294
Epoch :  252  Epoch time :  0.04519196134060621  Train L2 Loss :  0.21448617867934397
Epoch :  253  Epoch time :  0.044934628531336784  Train L2 Loss :  0.21396968150750184
Epoch :  254  Epoch time :  0.045032854191958904  Train L2 Loss :  0.21315966661159808
Epoch :  255  Epoch time :  0.04533865861594677  Train L2 Loss :  0.21265260989849383
Epoch :  256  Epoch time :  0.044847833923995495  Train L2 Loss :  0.21191115868397248
Epoch :  257  Epoch time :  0.045065817423164845  Train L2 Loss :  0.2111184107951629
Epoch :  258  Epoch time :  0.04259389638900757  Train L2 Loss :  0.21058081816404295
Epoch :  259  Epoch time :  0.04533040802925825  Train L2 Loss :  0.2100079732063489
Epoch :  260  Epoch time :  0.044621432200074196  Train L2 Loss :  0.209374834329654
Epoch :  261  Epoch time :  0.045129464007914066  Train L2 Loss :  0.20892892281214395
Epoch :  262  Epoch time :  0.04470838699489832  Train L2 Loss :  0.2081045905749003
Epoch :  263  Epoch time :  0.04743596352636814  Train L2 Loss :  0.20776642438692924
Epoch :  264  Epoch time :  0.04435206111520529  Train L2 Loss :  0.20727259226334402
Epoch :  265  Epoch time :  0.04504827689379454  Train L2 Loss :  0.20668381452560425
Epoch :  266  Epoch time :  0.04495756234973669  Train L2 Loss :  0.20623002755336273
Epoch :  267  Epoch time :  0.04533539153635502  Train L2 Loss :  0.20544635026882857
Epoch :  268  Epoch time :  0.044542343355715275  Train L2 Loss :  0.20519368312297723
Epoch :  269  Epoch time :  0.04332756996154785  Train L2 Loss :  0.20459497280609915
Epoch :  270  Epoch time :  0.04542595986276865  Train L2 Loss :  0.2045157139117901
Epoch :  271  Epoch time :  0.04469946026802063  Train L2 Loss :  0.20489994226357874
Epoch :  272  Epoch time :  0.04510871320962906  Train L2 Loss :  0.20482058555651933
Epoch :  273  Epoch time :  0.04479760676622391  Train L2 Loss :  0.2052124356612181
Epoch :  274  Epoch time :  0.04513990506529808  Train L2 Loss :  0.20542334287594527
Epoch :  275  Epoch time :  0.04446389805525541  Train L2 Loss :  0.20603094039819178
Epoch :  276  Epoch time :  0.04502799082547426  Train L2 Loss :  0.2068018240806384
Epoch :  277  Epoch time :  0.04451927915215492  Train L2 Loss :  0.20647577291879898
Epoch :  278  Epoch time :  0.04561660252511501  Train L2 Loss :  0.20588674147923788
Epoch :  279  Epoch time :  0.043907374143600464  Train L2 Loss :  0.20555704220747337
Epoch :  280  Epoch time :  0.04400948900729418  Train L2 Loss :  0.20609832115662405
Epoch :  281  Epoch time :  0.04540212918072939  Train L2 Loss :  0.20916039974261552
Epoch :  282  Epoch time :  0.0448985081166029  Train L2 Loss :  0.20816964980883476
Epoch :  283  Epoch time :  0.04539064597338438  Train L2 Loss :  0.2046298812597226
Epoch :  284  Epoch time :  0.044711397029459476  Train L2 Loss :  0.2084796245281513
Epoch :  285  Epoch time :  0.04516768455505371  Train L2 Loss :  0.208167097507379
Epoch :  286  Epoch time :  0.04464594088494778  Train L2 Loss :  0.21056708311423278
Epoch :  287  Epoch time :  0.04506250377744436  Train L2 Loss :  0.21099765178484794
Epoch :  288  Epoch time :  0.04441500082612038  Train L2 Loss :  0.20945793695938894
Epoch :  289  Epoch time :  0.045139359310269356  Train L2 Loss :  0.2089923070027278
Epoch :  290  Epoch time :  0.0428079217672348  Train L2 Loss :  0.20722777568376982
Epoch :  291  Epoch time :  0.04495450295507908  Train L2 Loss :  0.20748392129555726
Epoch :  292  Epoch time :  0.044964661821722984  Train L2 Loss :  0.20481838018466264
Epoch :  293  Epoch time :  0.04496331885457039  Train L2 Loss :  0.20615329192234919
Epoch :  294  Epoch time :  0.045189366675913334  Train L2 Loss :  0.21001355006144598
Epoch :  295  Epoch time :  0.044856502674520016  Train L2 Loss :  0.21285641957552004
Epoch :  296  Epoch time :  0.04500753339380026  Train L2 Loss :  0.21986710413908347
Epoch :  297  Epoch time :  0.04460382368415594  Train L2 Loss :  0.21429095512781388
Epoch :  298  Epoch time :  0.04510003235191107  Train L2 Loss :  0.209912882401393
Epoch :  299  Epoch time :  0.044738104566931725  Train L2 Loss :  0.2083361851863372
Epoch :  300  Epoch time :  0.045047407038509846  Train L2 Loss :  0.20341763740930802
Epoch :  301  Epoch time :  0.04249049536883831  Train L2 Loss :  0.19691200592578986
Epoch :  302  Epoch time :  0.04503112845122814  Train L2 Loss :  0.19226661095252404
Epoch :  303  Epoch time :  0.044816503301262856  Train L2 Loss :  0.19000016114650628
Epoch :  304  Epoch time :  0.04511047247797251  Train L2 Loss :  0.18871774123265192
Epoch :  305  Epoch time :  0.04464753810316324  Train L2 Loss :  0.18753615403786683
Epoch :  306  Epoch time :  0.044947752729058266  Train L2 Loss :  0.1869443349349193
Epoch :  307  Epoch time :  0.04496152326464653  Train L2 Loss :  0.1863624102030045
Epoch :  308  Epoch time :  0.04486955050379038  Train L2 Loss :  0.18589282188660058
Epoch :  309  Epoch time :  0.045239624567329884  Train L2 Loss :  0.185659619478079
Epoch :  310  Epoch time :  0.04472812544554472  Train L2 Loss :  0.18540985309160674
Epoch :  311  Epoch time :  0.04688494559377432  Train L2 Loss :  0.1851543447910211
Epoch :  312  Epoch time :  0.04242687951773405  Train L2 Loss :  0.1848947252982702
Epoch :  313  Epoch time :  0.04500444047152996  Train L2 Loss :  0.18452213207880655
Epoch :  314  Epoch time :  0.044591753743588924  Train L2 Loss :  0.18423980321639624
Epoch :  315  Epoch time :  0.045159327797591686  Train L2 Loss :  0.18393279115358988
Epoch :  316  Epoch time :  0.04475992172956467  Train L2 Loss :  0.1836061294262226
Epoch :  317  Epoch time :  0.04528109822422266  Train L2 Loss :  0.18330379785635534
Epoch :  318  Epoch time :  0.04495427291840315  Train L2 Loss :  0.18305383584438226
Epoch :  319  Epoch time :  0.04548210743814707  Train L2 Loss :  0.18276373086831507
Epoch :  320  Epoch time :  0.045351467095315456  Train L2 Loss :  0.18253053457309037
Epoch :  321  Epoch time :  0.04550814721733332  Train L2 Loss :  0.1822194579320076
Epoch :  322  Epoch time :  0.04522972274571657  Train L2 Loss :  0.18206277260413536
Epoch :  323  Epoch time :  0.043429904617369175  Train L2 Loss :  0.18197193512549767
Epoch :  324  Epoch time :  0.04547276999801397  Train L2 Loss :  0.18175340310121194
Epoch :  325  Epoch time :  0.044934459030628204  Train L2 Loss :  0.18153909689340836
Epoch :  326  Epoch time :  0.04559176601469517  Train L2 Loss :  0.18111698749737862
Epoch :  327  Epoch time :  0.04495490714907646  Train L2 Loss :  0.18077396123837203
Epoch :  328  Epoch time :  0.045464071445167065  Train L2 Loss :  0.18056127352592272
Epoch :  329  Epoch time :  0.04503017012029886  Train L2 Loss :  0.18022751655334082
Epoch :  330  Epoch time :  0.04556335601955652  Train L2 Loss :  0.17994349812849975
Epoch :  331  Epoch time :  0.04537637159228325  Train L2 Loss :  0.17970159573432726
Epoch :  332  Epoch time :  0.04575098864734173  Train L2 Loss :  0.1793887477654677
Epoch :  333  Epoch time :  0.04430299252271652  Train L2 Loss :  0.17911903980450752
Epoch :  334  Epoch time :  0.044348808005452156  Train L2 Loss :  0.17892124561163095
Epoch :  335  Epoch time :  0.04539371281862259  Train L2 Loss :  0.178725629280775
Epoch :  336  Epoch time :  0.04481040686368942  Train L2 Loss :  0.17832247416178384
Epoch :  337  Epoch time :  0.045363668352365494  Train L2 Loss :  0.17806291885865042
Epoch :  338  Epoch time :  0.045078872703015804  Train L2 Loss :  0.1777891531968728
Epoch :  339  Epoch time :  0.04561018105596304  Train L2 Loss :  0.1774630592419551
Epoch :  340  Epoch time :  0.04486203193664551  Train L2 Loss :  0.17714177798002195
Epoch :  341  Epoch time :  0.04521365649998188  Train L2 Loss :  0.17695071605535653
Epoch :  342  Epoch time :  0.04528070893138647  Train L2 Loss :  0.1766570256306575
Epoch :  343  Epoch time :  0.04529217537492514  Train L2 Loss :  0.17622227393663847
Epoch :  344  Epoch time :  0.0437735253944993  Train L2 Loss :  0.17602489850459954
Epoch :  345  Epoch time :  0.04535456467419863  Train L2 Loss :  0.17572592160640618
Epoch :  346  Epoch time :  0.045214117504656315  Train L2 Loss :  0.17561096869982207
Epoch :  347  Epoch time :  0.04541632067412138  Train L2 Loss :  0.1753262113302182
Epoch :  348  Epoch time :  0.04553093761205673  Train L2 Loss :  0.17503962226403066
Epoch :  349  Epoch time :  0.04511831980198622  Train L2 Loss :  0.17475406328837076
Epoch :  350  Epoch time :  0.04531828220933676  Train L2 Loss :  0.1744535764058431
Epoch :  351  Epoch time :  0.044796195812523365  Train L2 Loss :  0.17419538436791834
Epoch :  352  Epoch time :  0.045861165039241314  Train L2 Loss :  0.17379930691841322
Epoch :  353  Epoch time :  0.04508574213832617  Train L2 Loss :  0.17368950370030525
Epoch :  354  Epoch time :  0.04751321021467447  Train L2 Loss :  0.17331596062733576
Epoch :  355  Epoch time :  0.043027025647461414  Train L2 Loss :  0.17296410829592973
Epoch :  356  Epoch time :  0.04539141803979874  Train L2 Loss :  0.1728617564225808
Epoch :  357  Epoch time :  0.04471339378505945  Train L2 Loss :  0.17270996631720129
Epoch :  358  Epoch time :  0.04868613742291927  Train L2 Loss :  0.17293385511789566
Epoch :  359  Epoch time :  0.04539847280830145  Train L2 Loss :  0.1729466670598739
Epoch :  360  Epoch time :  0.045779988169670105  Train L2 Loss :  0.17255824345808762
Epoch :  361  Epoch time :  0.0450965641066432  Train L2 Loss :  0.1717740251467778
Epoch :  362  Epoch time :  0.045448423363268375  Train L2 Loss :  0.17144279449413985
Epoch :  363  Epoch time :  0.04474460706114769  Train L2 Loss :  0.17120538308070257
Epoch :  364  Epoch time :  0.04537071567028761  Train L2 Loss :  0.17088265984486312
Epoch :  365  Epoch time :  0.044973790645599365  Train L2 Loss :  0.17042145973596817
Epoch :  366  Epoch time :  0.04336784593760967  Train L2 Loss :  0.1701172697238433
Epoch :  367  Epoch time :  0.045325751416385174  Train L2 Loss :  0.16954996494146493
Epoch :  368  Epoch time :  0.04505647160112858  Train L2 Loss :  0.1692800598266797
Epoch :  369  Epoch time :  0.04517212603241205  Train L2 Loss :  0.16897579492666784
Epoch :  370  Epoch time :  0.04501433111727238  Train L2 Loss :  0.168734807234544
Epoch :  371  Epoch time :  0.04555125534534454  Train L2 Loss :  0.16824366801824325
Epoch :  372  Epoch time :  0.04487980529665947  Train L2 Loss :  0.1680228121769734
Epoch :  373  Epoch time :  0.04541864525526762  Train L2 Loss :  0.16767558379051012
Epoch :  374  Epoch time :  0.04486131854355335  Train L2 Loss :  0.16765087384444016
Epoch :  375  Epoch time :  0.045502386055886745  Train L2 Loss :  0.1673289185915238
Epoch :  376  Epoch time :  0.0442972332239151  Train L2 Loss :  0.16692010255960318
Epoch :  377  Epoch time :  0.04224270489066839  Train L2 Loss :  0.166692493053583
Epoch :  378  Epoch time :  0.04544571787118912  Train L2 Loss :  0.1664026188544738
Epoch :  379  Epoch time :  0.04480024613440037  Train L2 Loss :  0.16609540352454552
Epoch :  380  Epoch time :  0.04570641275495291  Train L2 Loss :  0.16579852195886466
Epoch :  381  Epoch time :  0.04525940492749214  Train L2 Loss :  0.16557601934824234
Epoch :  382  Epoch time :  0.04553533066064119  Train L2 Loss :  0.16550223185465887
Epoch :  383  Epoch time :  0.044928369112312794  Train L2 Loss :  0.16505735806929758
Epoch :  384  Epoch time :  0.04565473832190037  Train L2 Loss :  0.1649028452543112
Epoch :  385  Epoch time :  0.04561525024473667  Train L2 Loss :  0.164538534787985
Epoch :  386  Epoch time :  0.0461777513846755  Train L2 Loss :  0.16419509129646498
Epoch :  387  Epoch time :  0.04482834879308939  Train L2 Loss :  0.1636499869517791
Epoch :  388  Epoch time :  0.04471744131296873  Train L2 Loss :  0.1633003675020658
Epoch :  389  Epoch time :  0.04586993623524904  Train L2 Loss :  0.1629544381911938
Epoch :  390  Epoch time :  0.04536368604749441  Train L2 Loss :  0.16266491627081847
Epoch :  391  Epoch time :  0.045921565964818  Train L2 Loss :  0.16257478105716217
Epoch :  392  Epoch time :  0.04588980507105589  Train L2 Loss :  0.16236817072599363
Epoch :  393  Epoch time :  0.046020119450986385  Train L2 Loss :  0.16227710247039795
Epoch :  394  Epoch time :  0.04536044131964445  Train L2 Loss :  0.16175388067196578
Epoch :  395  Epoch time :  0.04575342312455177  Train L2 Loss :  0.1613496977549333
Epoch :  396  Epoch time :  0.04581599123775959  Train L2 Loss :  0.16089869309694338
Epoch :  397  Epoch time :  0.04654797911643982  Train L2 Loss :  0.16072101547167852
Epoch :  398  Epoch time :  0.04473142232745886  Train L2 Loss :  0.16074019211989182
Epoch :  399  Epoch time :  0.04620879329741001  Train L2 Loss :  0.16062695399308816
Epoch :  400  Epoch time :  0.04598863236606121  Train L2 Loss :  0.15960227908232275
Epoch :  401  Epoch time :  0.04651238489896059  Train L2 Loss :  0.159142778469966
Epoch :  402  Epoch time :  0.04602230526506901  Train L2 Loss :  0.1588265773577568
Epoch :  403  Epoch time :  0.04616803489625454  Train L2 Loss :  0.15854570193168444
Epoch :  404  Epoch time :  0.046044422313570976  Train L2 Loss :  0.15831947632325002
Epoch :  405  Epoch time :  0.046149950474500656  Train L2 Loss :  0.1580838836156405
Epoch :  406  Epoch time :  0.04648601356893778  Train L2 Loss :  0.1579571748391176
Epoch :  407  Epoch time :  0.04558176081627607  Train L2 Loss :  0.1577718273187295
Epoch :  408  Epoch time :  0.04620964825153351  Train L2 Loss :  0.15764176692718115
Epoch :  409  Epoch time :  0.0429316945374012  Train L2 Loss :  0.15746455085583222
Epoch :  410  Epoch time :  0.045696851797401905  Train L2 Loss :  0.1572424135146997
Epoch :  411  Epoch time :  0.044643170200288296  Train L2 Loss :  0.15710631853494889
Epoch :  412  Epoch time :  0.045247359201312065  Train L2 Loss :  0.15696611007054648
Epoch :  413  Epoch time :  0.04467458836734295  Train L2 Loss :  0.15689557943588647
Epoch :  414  Epoch time :  0.045089973136782646  Train L2 Loss :  0.15664992729822794
Epoch :  415  Epoch time :  0.044833824038505554  Train L2 Loss :  0.1564526053575369
Epoch :  416  Epoch time :  0.04544071014970541  Train L2 Loss :  0.15634665733728653
Epoch :  417  Epoch time :  0.044804167933762074  Train L2 Loss :  0.1561258206000695
Epoch :  418  Epoch time :  0.045074294321238995  Train L2 Loss :  0.15596498128695366
Epoch :  419  Epoch time :  0.04484705161303282  Train L2 Loss :  0.15580042356099838
Epoch :  420  Epoch time :  0.04307743348181248  Train L2 Loss :  0.15559591161899078
Epoch :  421  Epoch time :  0.045250059105455875  Train L2 Loss :  0.15548497285598364
Epoch :  422  Epoch time :  0.0450427895411849  Train L2 Loss :  0.15532180819755945
Epoch :  423  Epoch time :  0.04530389979481697  Train L2 Loss :  0.1551665465037028
Epoch :  424  Epoch time :  0.04481950029730797  Train L2 Loss :  0.1549445818632077
Epoch :  425  Epoch time :  0.04623670224100351  Train L2 Loss :  0.15472321479748458
Epoch :  426  Epoch time :  0.04556621424853802  Train L2 Loss :  0.15460963891102716
Epoch :  427  Epoch time :  0.04958308581262827  Train L2 Loss :  0.15440806670066637
Epoch :  428  Epoch time :  0.04512411076575518  Train L2 Loss :  0.15421897555008912
Epoch :  429  Epoch time :  0.04552905820310116  Train L2 Loss :  0.15406070611415765
Epoch :  430  Epoch time :  0.04384711291640997  Train L2 Loss :  0.15386046965916952
Epoch :  431  Epoch time :  0.04481931123882532  Train L2 Loss :  0.15374321738878885
Epoch :  432  Epoch time :  0.044757064431905746  Train L2 Loss :  0.15355609624813765
Epoch :  433  Epoch time :  0.04428499471396208  Train L2 Loss :  0.1533490763260768
Epoch :  434  Epoch time :  0.0445109810680151  Train L2 Loss :  0.1532119237459623
Epoch :  435  Epoch time :  0.04412107355892658  Train L2 Loss :  0.15301396831487998
Epoch :  436  Epoch time :  0.04466058034449816  Train L2 Loss :  0.15284188664876497
Epoch :  437  Epoch time :  0.04438215773552656  Train L2 Loss :  0.15261599650749794
Epoch :  438  Epoch time :  0.04473999422043562  Train L2 Loss :  0.15244898276451307
Epoch :  439  Epoch time :  0.04444743599742651  Train L2 Loss :  0.15234298278123903
Epoch :  440  Epoch time :  0.04475465416908264  Train L2 Loss :  0.1521494747736515
Epoch :  441  Epoch time :  0.04244913160800934  Train L2 Loss :  0.15196425334001198
Epoch :  442  Epoch time :  0.044668782502412796  Train L2 Loss :  0.15181716741659704
Epoch :  443  Epoch time :  0.044713620096445084  Train L2 Loss :  0.15167220586385483
Epoch :  444  Epoch time :  0.045415119268000126  Train L2 Loss :  0.151499731418414
Epoch :  445  Epoch time :  0.04549291543662548  Train L2 Loss :  0.15130071150950897
Epoch :  446  Epoch time :  0.04514199588447809  Train L2 Loss :  0.15102869807145533
Epoch :  447  Epoch time :  0.04529485944658518  Train L2 Loss :  0.15087685065391737
Epoch :  448  Epoch time :  0.04505246877670288  Train L2 Loss :  0.15063013098178765
Epoch :  449  Epoch time :  0.045420000329613686  Train L2 Loss :  0.15048728997890765
Epoch :  450  Epoch time :  0.04477535095065832  Train L2 Loss :  0.15028220567947778
Epoch :  451  Epoch time :  0.04528494365513325  Train L2 Loss :  0.15012293137036836
Epoch :  452  Epoch time :  0.04475450608879328  Train L2 Loss :  0.14993961040790266
Epoch :  453  Epoch time :  0.04595138784497976  Train L2 Loss :  0.14982153666325104
Epoch :  454  Epoch time :  0.0449985396116972  Train L2 Loss :  0.14966003252909735
Epoch :  455  Epoch time :  0.04521632194519043  Train L2 Loss :  0.14964939615665337
Epoch :  456  Epoch time :  0.04478364437818527  Train L2 Loss :  0.14941930923706445
Epoch :  457  Epoch time :  0.04518991708755493  Train L2 Loss :  0.14913553457993728
Epoch :  458  Epoch time :  0.04514563176780939  Train L2 Loss :  0.14899568450756562
Epoch :  459  Epoch time :  0.04506157897412777  Train L2 Loss :  0.14874132627095932
Epoch :  460  Epoch time :  0.044882713817059994  Train L2 Loss :  0.14854358251278216
Epoch :  461  Epoch time :  0.04495853465050459  Train L2 Loss :  0.1482810125901149
Epoch :  462  Epoch time :  0.04529492370784283  Train L2 Loss :  0.1481599272825779
Epoch :  463  Epoch time :  0.04243307746946812  Train L2 Loss :  0.14804447155732375
Epoch :  464  Epoch time :  0.045335535891354084  Train L2 Loss :  0.1478178715094542
Epoch :  465  Epoch time :  0.04511411301791668  Train L2 Loss :  0.14757586289674807
Epoch :  466  Epoch time :  0.045701862312853336  Train L2 Loss :  0.14735257625579834
Epoch :  467  Epoch time :  0.04480037372559309  Train L2 Loss :  0.14714272969808334
Epoch :  468  Epoch time :  0.04532649368047714  Train L2 Loss :  0.14687936581098116
Epoch :  469  Epoch time :  0.04484930634498596  Train L2 Loss :  0.14670713360492998
Epoch :  470  Epoch time :  0.04529688227921724  Train L2 Loss :  0.14651487576655853
Epoch :  471  Epoch time :  0.04506684187799692  Train L2 Loss :  0.14632688806607172
Epoch :  472  Epoch time :  0.045488460920751095  Train L2 Loss :  0.14609196247198644
Epoch :  473  Epoch time :  0.04528762213885784  Train L2 Loss :  0.1459446350733439
Epoch :  474  Epoch time :  0.04300172999501228  Train L2 Loss :  0.14575238411243147
Epoch :  475  Epoch time :  0.04563697427511215  Train L2 Loss :  0.14555248694542128
Epoch :  476  Epoch time :  0.044307888485491276  Train L2 Loss :  0.145403103186534
Epoch :  477  Epoch time :  0.04483883082866669  Train L2 Loss :  0.14518554241229326
Epoch :  478  Epoch time :  0.04423778411000967  Train L2 Loss :  0.14505171546569237
Epoch :  479  Epoch time :  0.044611575081944466  Train L2 Loss :  0.14496672917635012
Epoch :  480  Epoch time :  0.044018867425620556  Train L2 Loss :  0.14467650269850707
Epoch :  481  Epoch time :  0.04470622166991234  Train L2 Loss :  0.14454489946365356
Epoch :  482  Epoch time :  0.04408484883606434  Train L2 Loss :  0.14436018466949463
Epoch :  483  Epoch time :  0.044672551564872265  Train L2 Loss :  0.14411066892819527
Epoch :  484  Epoch time :  0.043973201885819435  Train L2 Loss :  0.1440695631198394
Epoch :  485  Epoch time :  0.042843096889555454  Train L2 Loss :  0.14385624803029573
Epoch :  486  Epoch time :  0.04471443500369787  Train L2 Loss :  0.1435150840343573
Epoch :  487  Epoch time :  0.04464008007198572  Train L2 Loss :  0.14330724263802552
Epoch :  488  Epoch time :  0.04548704158514738  Train L2 Loss :  0.14309728451264211
Epoch :  489  Epoch time :  0.04489714838564396  Train L2 Loss :  0.14289388136985975
Epoch :  490  Epoch time :  0.045169214718043804  Train L2 Loss :  0.14268746895667833
Epoch :  491  Epoch time :  0.04485331475734711  Train L2 Loss :  0.14245700301268163
Epoch :  492  Epoch time :  0.0452518118545413  Train L2 Loss :  0.14220713804929686
Epoch :  493  Epoch time :  0.044873928651213646  Train L2 Loss :  0.14198168042378548
Epoch :  494  Epoch time :  0.04556944780051708  Train L2 Loss :  0.1418530421379285
Epoch :  495  Epoch time :  0.04399174265563488  Train L2 Loss :  0.14176943210455087
Epoch :  496  Epoch time :  0.0443214476108551  Train L2 Loss :  0.1415203427657103
Epoch :  497  Epoch time :  0.045812953263521194  Train L2 Loss :  0.14130099003131574
Epoch :  498  Epoch time :  0.044651251286268234  Train L2 Loss :  0.14108270406723022
Epoch :  499  Epoch time :  0.04529719427227974  Train L2 Loss :  0.14078687246029192
Epoch :  500  Epoch time :  0.04489975795149803  Train L2 Loss :  0.14048105325454321
Epoch :  501  Epoch time :  0.045298051089048386  Train L2 Loss :  0.1403213823452974
Epoch :  502  Epoch time :  0.04467959515750408  Train L2 Loss :  0.14016549403850848
Epoch :  503  Epoch time :  0.04514571465551853  Train L2 Loss :  0.14007771091583449
Epoch :  504  Epoch time :  0.04462338797748089  Train L2 Loss :  0.13995225918598664
Epoch :  505  Epoch time :  0.045053472742438316  Train L2 Loss :  0.139804143172044
Epoch :  506  Epoch time :  0.043030520901083946  Train L2 Loss :  0.13968831453567895
Epoch :  507  Epoch time :  0.04509636294096708  Train L2 Loss :  0.1395880442399245
Epoch :  508  Epoch time :  0.04524492844939232  Train L2 Loss :  0.13949819864370885
Epoch :  509  Epoch time :  0.045329466462135315  Train L2 Loss :  0.139391445960754
Epoch :  510  Epoch time :  0.04552572313696146  Train L2 Loss :  0.13930285588288918
Epoch :  511  Epoch time :  0.047191161662340164  Train L2 Loss :  0.1391834563169724
Epoch :  512  Epoch time :  0.04561152681708336  Train L2 Loss :  0.13906001891845313
Epoch :  513  Epoch time :  0.04514802247285843  Train L2 Loss :  0.13895334952916855
Epoch :  514  Epoch time :  0.04543144814670086  Train L2 Loss :  0.13885792860618004
Epoch :  515  Epoch time :  0.04481339827179909  Train L2 Loss :  0.1387541462213565
Epoch :  516  Epoch time :  0.04543583281338215  Train L2 Loss :  0.13866195235496911
Epoch :  517  Epoch time :  0.04303087014704943  Train L2 Loss :  0.13853556911150613
Epoch :  518  Epoch time :  0.04572737868875265  Train L2 Loss :  0.13845561482967475
Epoch :  519  Epoch time :  0.044195037335157394  Train L2 Loss :  0.13833597226020616
Epoch :  520  Epoch time :  0.04458019696176052  Train L2 Loss :  0.13823773387150887
Epoch :  521  Epoch time :  0.044111150316894054  Train L2 Loss :  0.13813444055043733
Epoch :  522  Epoch time :  0.04465601406991482  Train L2 Loss :  0.13801799905605805
Epoch :  523  Epoch time :  0.04450495261698961  Train L2 Loss :  0.13791473095233625
Epoch :  524  Epoch time :  0.04477506782859564  Train L2 Loss :  0.1377966679059542
Epoch :  525  Epoch time :  0.04458543285727501  Train L2 Loss :  0.1376672830337133
Epoch :  526  Epoch time :  0.044585032388567924  Train L2 Loss :  0.13760994795041206
Epoch :  527  Epoch time :  0.045915368013083935  Train L2 Loss :  0.13748174905776978
Epoch :  528  Epoch time :  0.042256563901901245  Train L2 Loss :  0.13738950857749352
Epoch :  529  Epoch time :  0.04463456477969885  Train L2 Loss :  0.13728535175323486
Epoch :  530  Epoch time :  0.0446201516315341  Train L2 Loss :  0.13714120250481826
Epoch :  531  Epoch time :  0.045314827002584934  Train L2 Loss :  0.13704710281812227
Epoch :  532  Epoch time :  0.04484416078776121  Train L2 Loss :  0.1369564747199034
Epoch :  533  Epoch time :  0.045296535827219486  Train L2 Loss :  0.13683375869041833
Epoch :  534  Epoch time :  0.04507747199386358  Train L2 Loss :  0.1366710731616387
Epoch :  535  Epoch time :  0.0454750582575798  Train L2 Loss :  0.13656276770127126
Epoch :  536  Epoch time :  0.045114679262042046  Train L2 Loss :  0.13645866971749526
Epoch :  537  Epoch time :  0.04543505795300007  Train L2 Loss :  0.13634131734187788
Epoch :  538  Epoch time :  0.044868117198348045  Train L2 Loss :  0.13623852913196272
Epoch :  539  Epoch time :  0.043627225793898106  Train L2 Loss :  0.136124482521644
Epoch :  540  Epoch time :  0.04586407262831926  Train L2 Loss :  0.13600208667608407
Epoch :  541  Epoch time :  0.04468958918005228  Train L2 Loss :  0.13591669308833587
Epoch :  542  Epoch time :  0.04526751395314932  Train L2 Loss :  0.13581145115387747
Epoch :  543  Epoch time :  0.044663253240287304  Train L2 Loss :  0.13569252384014618
Epoch :  544  Epoch time :  0.0450395168736577  Train L2 Loss :  0.13554832262870592
Epoch :  545  Epoch time :  0.044700306840240955  Train L2 Loss :  0.13541430693406326
Epoch :  546  Epoch time :  0.04541419632732868  Train L2 Loss :  0.13532893779950264
Epoch :  547  Epoch time :  0.045049998909235  Train L2 Loss :  0.13520115461104956
Epoch :  548  Epoch time :  0.04529755190014839  Train L2 Loss :  0.13511110651187408
Epoch :  549  Epoch time :  0.04358856286853552  Train L2 Loss :  0.13501215363160157
Epoch :  550  Epoch time :  0.04449946153908968  Train L2 Loss :  0.13490242530138064
Epoch :  551  Epoch time :  0.04546572361141443  Train L2 Loss :  0.13477366398542356
Epoch :  552  Epoch time :  0.04497121460735798  Train L2 Loss :  0.1346523425517938
Epoch :  553  Epoch time :  0.04560999292880297  Train L2 Loss :  0.13452567045505232
Epoch :  554  Epoch time :  0.044926456175744534  Train L2 Loss :  0.1344314286342034
Epoch :  555  Epoch time :  0.04535785689949989  Train L2 Loss :  0.13430190468445802
Epoch :  556  Epoch time :  0.04493074584752321  Train L2 Loss :  0.1341434121131897
Epoch :  557  Epoch time :  0.04548915196210146  Train L2 Loss :  0.13404005078169015
Epoch :  558  Epoch time :  0.045087254606187344  Train L2 Loss :  0.13394463367951223
Epoch :  559  Epoch time :  0.04559577349573374  Train L2 Loss :  0.13390828172365823
Epoch :  560  Epoch time :  0.04328556917607784  Train L2 Loss :  0.13377121396553823
Epoch :  561  Epoch time :  0.04526076931506395  Train L2 Loss :  0.13364983521975005
Epoch :  562  Epoch time :  0.04447796195745468  Train L2 Loss :  0.1335220497388106
Epoch :  563  Epoch time :  0.044424762949347496  Train L2 Loss :  0.1333883374165266
Epoch :  564  Epoch time :  0.04490077868103981  Train L2 Loss :  0.13325746701313898
Epoch :  565  Epoch time :  0.044233242981135845  Train L2 Loss :  0.1331038169371776
Epoch :  566  Epoch time :  0.044800092466175556  Train L2 Loss :  0.13298391684507713
Epoch :  567  Epoch time :  0.04414918925613165  Train L2 Loss :  0.1328404316535363
Epoch :  568  Epoch time :  0.04456126783043146  Train L2 Loss :  0.13271365257409903
Epoch :  569  Epoch time :  0.04402635898441076  Train L2 Loss :  0.13260809504068816
Epoch :  570  Epoch time :  0.0446328092366457  Train L2 Loss :  0.13251781463623047
Epoch :  571  Epoch time :  0.042069544084370136  Train L2 Loss :  0.1324061652024587
Epoch :  572  Epoch time :  0.04472229816019535  Train L2 Loss :  0.132273670954582
Epoch :  573  Epoch time :  0.045120093040168285  Train L2 Loss :  0.13213025300930709
Epoch :  574  Epoch time :  0.04565431643277407  Train L2 Loss :  0.13202869051542038
Epoch :  575  Epoch time :  0.045273478142917156  Train L2 Loss :  0.13193138134785187
Epoch :  576  Epoch time :  0.04533562995493412  Train L2 Loss :  0.13175684137222093
Epoch :  577  Epoch time :  0.04532400332391262  Train L2 Loss :  0.131667448924138
Epoch :  578  Epoch time :  0.04499795939773321  Train L2 Loss :  0.13153325135891253
Epoch :  579  Epoch time :  0.045579902827739716  Train L2 Loss :  0.13140022983917823
Epoch :  580  Epoch time :  0.045058997347950935  Train L2 Loss :  0.13131353717583877
Epoch :  581  Epoch time :  0.04557022172957659  Train L2 Loss :  0.13116994270911583
Epoch :  582  Epoch time :  0.042734638787806034  Train L2 Loss :  0.13103609742262426
Epoch :  583  Epoch time :  0.04536381457000971  Train L2 Loss :  0.13090105851491293
Epoch :  584  Epoch time :  0.04497042950242758  Train L2 Loss :  0.13080986952170348
Epoch :  585  Epoch time :  0.045158231630921364  Train L2 Loss :  0.13068952927222618
Epoch :  586  Epoch time :  0.04471477307379246  Train L2 Loss :  0.13056504879242334
Epoch :  587  Epoch time :  0.04516012128442526  Train L2 Loss :  0.1304256686797509
Epoch :  588  Epoch time :  0.04461198765784502  Train L2 Loss :  0.13031844985790741
Epoch :  589  Epoch time :  0.04520272649824619  Train L2 Loss :  0.13014941414197287
Epoch :  590  Epoch time :  0.04522363096475601  Train L2 Loss :  0.1301051798539284
Epoch :  591  Epoch time :  0.045160495676100254  Train L2 Loss :  0.12995255528352198
Epoch :  592  Epoch time :  0.04523013345897198  Train L2 Loss :  0.12986596043293291
Epoch :  593  Epoch time :  0.043129357509315014  Train L2 Loss :  0.1297214795381595
Epoch :  594  Epoch time :  0.04557630233466625  Train L2 Loss :  0.12959278164765772
Epoch :  595  Epoch time :  0.04484355356544256  Train L2 Loss :  0.12944982678462297
Epoch :  596  Epoch time :  0.0454360106959939  Train L2 Loss :  0.12932196335914808
Epoch :  597  Epoch time :  0.04476155061274767  Train L2 Loss :  0.1292026921724662
Epoch :  598  Epoch time :  0.04532978683710098  Train L2 Loss :  0.12907153979325905
Epoch :  599  Epoch time :  0.04481564834713936  Train L2 Loss :  0.12895154418089452
Epoch :  600  Epoch time :  0.04558427166193724  Train L2 Loss :  0.1287326155564724
Epoch :  601  Epoch time :  0.04514684248715639  Train L2 Loss :  0.12866251667340597
Epoch :  602  Epoch time :  0.047004797495901585  Train L2 Loss :  0.12859293818473816
Epoch :  603  Epoch time :  0.044110712595283985  Train L2 Loss :  0.128528166275758
Epoch :  604  Epoch time :  0.04357407707720995  Train L2 Loss :  0.12845775867119813
Epoch :  605  Epoch time :  0.04465202335268259  Train L2 Loss :  0.1283731636328575
Epoch :  606  Epoch time :  0.04408225882798433  Train L2 Loss :  0.12831858411813393
Epoch :  607  Epoch time :  0.04453077353537083  Train L2 Loss :  0.12822811878644502
Epoch :  608  Epoch time :  0.044078647159039974  Train L2 Loss :  0.12818369498619667
Epoch :  609  Epoch time :  0.0447439793497324  Train L2 Loss :  0.1281217711094098
Epoch :  610  Epoch time :  0.04412473272532225  Train L2 Loss :  0.12804843065066215
Epoch :  611  Epoch time :  0.04487341921776533  Train L2 Loss :  0.12800773901817125
Epoch :  612  Epoch time :  0.04416217561811209  Train L2 Loss :  0.12791612973579994
Epoch :  613  Epoch time :  0.044627937488257885  Train L2 Loss :  0.12786049032822633
Epoch :  614  Epoch time :  0.04262975323945284  Train L2 Loss :  0.12778671506123665
Epoch :  615  Epoch time :  0.04544400703161955  Train L2 Loss :  0.12770288036419794
Epoch :  616  Epoch time :  0.04541559610515833  Train L2 Loss :  0.12765205517793313
Epoch :  617  Epoch time :  0.04511287435889244  Train L2 Loss :  0.1275736391544342
Epoch :  618  Epoch time :  0.045459968969225883  Train L2 Loss :  0.12751228687090752
Epoch :  619  Epoch time :  0.04480550065636635  Train L2 Loss :  0.12744573522836733
Epoch :  620  Epoch time :  0.04550424311310053  Train L2 Loss :  0.1273632905422113
Epoch :  621  Epoch time :  0.045061892829835415  Train L2 Loss :  0.12731601565312117
Epoch :  622  Epoch time :  0.04566291533410549  Train L2 Loss :  0.1272438734005659
Epoch :  623  Epoch time :  0.045072983019053936  Train L2 Loss :  0.12718319357969823
Epoch :  624  Epoch time :  0.045569551177322865  Train L2 Loss :  0.1271109932508224
Epoch :  625  Epoch time :  0.042679574340581894  Train L2 Loss :  0.12703462900259557
Epoch :  626  Epoch time :  0.04523716773837805  Train L2 Loss :  0.12698514721332452
Epoch :  627  Epoch time :  0.0447368873283267  Train L2 Loss :  0.12690361722921714
Epoch :  628  Epoch time :  0.045197343453764915  Train L2 Loss :  0.12686060177974212
Epoch :  629  Epoch time :  0.044853582978248596  Train L2 Loss :  0.12677298524440864
Epoch :  630  Epoch time :  0.04523525573313236  Train L2 Loss :  0.12672681915454376
Epoch :  631  Epoch time :  0.04502029437571764  Train L2 Loss :  0.12663602446898437
Epoch :  632  Epoch time :  0.04508120846003294  Train L2 Loss :  0.12659126061659592
Epoch :  633  Epoch time :  0.04509085603058338  Train L2 Loss :  0.12651905417442322
Epoch :  634  Epoch time :  0.044750746339559555  Train L2 Loss :  0.12643987704546022
Epoch :  635  Epoch time :  0.04530854523181915  Train L2 Loss :  0.12636439158366278
Epoch :  636  Epoch time :  0.04286655690521002  Train L2 Loss :  0.12631843640254095
Epoch :  637  Epoch time :  0.0455006118863821  Train L2 Loss :  0.12624013729584524
Epoch :  638  Epoch time :  0.04502834193408489  Train L2 Loss :  0.1261750788260729
Epoch :  639  Epoch time :  0.045348456129431725  Train L2 Loss :  0.12609608280353057
Epoch :  640  Epoch time :  0.04486698843538761  Train L2 Loss :  0.12600622345239687
Epoch :  641  Epoch time :  0.04557992983609438  Train L2 Loss :  0.1259560967103029
Epoch :  642  Epoch time :  0.04522057343274355  Train L2 Loss :  0.1258781659297454
Epoch :  643  Epoch time :  0.045449779368937016  Train L2 Loss :  0.1258058624389844
Epoch :  644  Epoch time :  0.045246503315865993  Train L2 Loss :  0.12575714939679855
Epoch :  645  Epoch time :  0.044643497094511986  Train L2 Loss :  0.12569630986604935
Epoch :  646  Epoch time :  0.04430897533893585  Train L2 Loss :  0.12560696403185526
Epoch :  647  Epoch time :  0.04249053541570902  Train L2 Loss :  0.12552939852078757
Epoch :  648  Epoch time :  0.04486446175724268  Train L2 Loss :  0.12547224989304176
Epoch :  649  Epoch time :  0.04420160874724388  Train L2 Loss :  0.12537832672779375
Epoch :  650  Epoch time :  0.04466478247195482  Train L2 Loss :  0.1253115481291062
Epoch :  651  Epoch time :  0.04392818734049797  Train L2 Loss :  0.12522574342214143
Epoch :  652  Epoch time :  0.044515661895275116  Train L2 Loss :  0.1251699122098776
Epoch :  653  Epoch time :  0.04421355947852135  Train L2 Loss :  0.125094772149355
Epoch :  654  Epoch time :  0.04461358580738306  Train L2 Loss :  0.1250343124071757
Epoch :  655  Epoch time :  0.04430776555091143  Train L2 Loss :  0.12496866247592828
Epoch :  656  Epoch time :  0.046155854128301144  Train L2 Loss :  0.12488555755370702
Epoch :  657  Epoch time :  0.04505294095724821  Train L2 Loss :  0.12481054740074353
Epoch :  658  Epoch time :  0.043509011156857014  Train L2 Loss :  0.12472970363421318
Epoch :  659  Epoch time :  0.04549511056393385  Train L2 Loss :  0.12466316880323948
Epoch :  660  Epoch time :  0.044903445057570934  Train L2 Loss :  0.12458653633411114
Epoch :  661  Epoch time :  0.0463654724881053  Train L2 Loss :  0.12451585439535287
Epoch :  662  Epoch time :  0.04499530419707298  Train L2 Loss :  0.12444740380996312
Epoch :  663  Epoch time :  0.04550730809569359  Train L2 Loss :  0.12437807902311668
Epoch :  664  Epoch time :  0.0450585437938571  Train L2 Loss :  0.12429508796105018
Epoch :  665  Epoch time :  0.04564280156046152  Train L2 Loss :  0.12422518546764667
Epoch :  666  Epoch time :  0.04471922945231199  Train L2 Loss :  0.12415781311499767
Epoch :  667  Epoch time :  0.04523542709648609  Train L2 Loss :  0.12406846957328992
Epoch :  668  Epoch time :  0.04395217355340719  Train L2 Loss :  0.12403161174211746
Epoch :  669  Epoch time :  0.0440791891887784  Train L2 Loss :  0.1239315668741862
Epoch :  670  Epoch time :  0.04544253367930651  Train L2 Loss :  0.12384821207095416
Epoch :  671  Epoch time :  0.04499754123389721  Train L2 Loss :  0.12377818119831574
Epoch :  672  Epoch time :  0.045388041995465755  Train L2 Loss :  0.12369894981384277
Epoch :  673  Epoch time :  0.044798641465604305  Train L2 Loss :  0.12364357327803588
Epoch :  674  Epoch time :  0.04512993898242712  Train L2 Loss :  0.123560131360323
Epoch :  675  Epoch time :  0.044753532856702805  Train L2 Loss :  0.12346859390919025
Epoch :  676  Epoch time :  0.04549174103885889  Train L2 Loss :  0.12340137973809853
Epoch :  677  Epoch time :  0.04503842908889055  Train L2 Loss :  0.12334238871549949
Epoch :  678  Epoch time :  0.04719646368175745  Train L2 Loss :  0.12325625006969158
Epoch :  679  Epoch time :  0.04293270781636238  Train L2 Loss :  0.12318660357059577
Epoch :  680  Epoch time :  0.04557364992797375  Train L2 Loss :  0.12311379191202995
Epoch :  681  Epoch time :  0.04525119625031948  Train L2 Loss :  0.12301613199405181
Epoch :  682  Epoch time :  0.04526876099407673  Train L2 Loss :  0.12292883869929191
Epoch :  683  Epoch time :  0.04517196957021952  Train L2 Loss :  0.12285528427515274
Epoch :  684  Epoch time :  0.04521463718265295  Train L2 Loss :  0.12279649881216195
Epoch :  685  Epoch time :  0.045598454773426056  Train L2 Loss :  0.12270773374117337
Epoch :  686  Epoch time :  0.0444741090759635  Train L2 Loss :  0.12263395618169735
Epoch :  687  Epoch time :  0.04463800322264433  Train L2 Loss :  0.12256060043970744
Epoch :  688  Epoch time :  0.04422167036682367  Train L2 Loss :  0.12248007380045377
Epoch :  689  Epoch time :  0.044669183902442455  Train L2 Loss :  0.12238482939891326
Epoch :  690  Epoch time :  0.04206795897334814  Train L2 Loss :  0.12231407944972698
Epoch :  691  Epoch time :  0.044651491567492485  Train L2 Loss :  0.12225677951788291
Epoch :  692  Epoch time :  0.044411870650947094  Train L2 Loss :  0.12217380526738289
Epoch :  693  Epoch time :  0.04489088710397482  Train L2 Loss :  0.12209545725431198
Epoch :  694  Epoch time :  0.044259470887482166  Train L2 Loss :  0.12201421994429368
Epoch :  695  Epoch time :  0.04457006696611643  Train L2 Loss :  0.12191868821779887
Epoch :  696  Epoch time :  0.04461595322936773  Train L2 Loss :  0.1218472726834126
Epoch :  697  Epoch time :  0.045247464440763  Train L2 Loss :  0.12176515964361337
Epoch :  698  Epoch time :  0.04532687924802303  Train L2 Loss :  0.12170180601951404
Epoch :  699  Epoch time :  0.04505207296460867  Train L2 Loss :  0.12159739472927192
Epoch :  700  Epoch time :  0.04579631891101599  Train L2 Loss :  0.12148381578616607
Epoch :  701  Epoch time :  0.04271132405847311  Train L2 Loss :  0.12143748845809545
Epoch :  702  Epoch time :  0.04534999653697014  Train L2 Loss :  0.12139383416909438
Epoch :  703  Epoch time :  0.04518714267760515  Train L2 Loss :  0.12135881109115405
Epoch :  704  Epoch time :  0.04576577339321375  Train L2 Loss :  0.12131101122269264
Epoch :  705  Epoch time :  0.04496194329112768  Train L2 Loss :  0.1212777602366912
Epoch :  706  Epoch time :  0.04542661178857088  Train L2 Loss :  0.12122956606057975
Epoch :  707  Epoch time :  0.04466050025075674  Train L2 Loss :  0.12119816281856635
Epoch :  708  Epoch time :  0.04514926113188267  Train L2 Loss :  0.1211588306304736
Epoch :  709  Epoch time :  0.044722544960677624  Train L2 Loss :  0.12111245745267624
Epoch :  710  Epoch time :  0.045413666404783726  Train L2 Loss :  0.12108424382332043
Epoch :  711  Epoch time :  0.04491383861750364  Train L2 Loss :  0.12102412642576756
Epoch :  712  Epoch time :  0.0439036600291729  Train L2 Loss :  0.12099420030911763
Epoch :  713  Epoch time :  0.045447999611496925  Train L2 Loss :  0.12096211161368932
Epoch :  714  Epoch time :  0.04479587264358997  Train L2 Loss :  0.12090464738699105
Epoch :  715  Epoch time :  0.04513824265450239  Train L2 Loss :  0.1208824064487066
Epoch :  716  Epoch time :  0.04506378900259733  Train L2 Loss :  0.12082264285821182
Epoch :  717  Epoch time :  0.04563230462372303  Train L2 Loss :  0.12078620455203912
Epoch :  718  Epoch time :  0.045287180691957474  Train L2 Loss :  0.12074876290101272
Epoch :  719  Epoch time :  0.045554039999842644  Train L2 Loss :  0.12071734361159496
Epoch :  720  Epoch time :  0.04510965198278427  Train L2 Loss :  0.12065736070657387
Epoch :  721  Epoch time :  0.04546733759343624  Train L2 Loss :  0.1206219922273587
Epoch :  722  Epoch time :  0.04403787571936846  Train L2 Loss :  0.12058147023885678
Epoch :  723  Epoch time :  0.044843985699117184  Train L2 Loss :  0.12055582190171266
Epoch :  724  Epoch time :  0.04552470427006483  Train L2 Loss :  0.1204898334466494
Epoch :  725  Epoch time :  0.04553589131683111  Train L2 Loss :  0.12046808921373807
Epoch :  726  Epoch time :  0.04495341144502163  Train L2 Loss :  0.12041434722068982
Epoch :  727  Epoch time :  0.044360363855957985  Train L2 Loss :  0.1203790436952542
Epoch :  728  Epoch time :  0.044717694632709026  Train L2 Loss :  0.12034156154363583
Epoch :  729  Epoch time :  0.04421043675392866  Train L2 Loss :  0.12029920938687447
Epoch :  730  Epoch time :  0.04474053718149662  Train L2 Loss :  0.12026315392592014
Epoch :  731  Epoch time :  0.044261070899665356  Train L2 Loss :  0.12021217743555705
Epoch :  732  Epoch time :  0.04469823930412531  Train L2 Loss :  0.12016355762114891
Epoch :  733  Epoch time :  0.04240067955106497  Train L2 Loss :  0.12012435763310163
Epoch :  734  Epoch time :  0.04469910357147455  Train L2 Loss :  0.12008143464724223
Epoch :  735  Epoch time :  0.04454956389963627  Train L2 Loss :  0.12002924237495814
Epoch :  736  Epoch time :  0.04494129493832588  Train L2 Loss :  0.11998873490553635
Epoch :  737  Epoch time :  0.045321641489863396  Train L2 Loss :  0.11995016611539401
Epoch :  738  Epoch time :  0.04519148916006088  Train L2 Loss :  0.11990700394679339
Epoch :  739  Epoch time :  0.04559801332652569  Train L2 Loss :  0.1198634344797868
Epoch :  740  Epoch time :  0.04503358714282513  Train L2 Loss :  0.1198213734687903
Epoch :  741  Epoch time :  0.04568888805806637  Train L2 Loss :  0.11978414272650695
Epoch :  742  Epoch time :  0.04500497318804264  Train L2 Loss :  0.11973740275089557
Epoch :  743  Epoch time :  0.04537322744727135  Train L2 Loss :  0.11969402050360656
Epoch :  744  Epoch time :  0.04276671912521124  Train L2 Loss :  0.11966483715252998
Epoch :  745  Epoch time :  0.04607851151376963  Train L2 Loss :  0.11959768640689361
Epoch :  746  Epoch time :  0.04474434070289135  Train L2 Loss :  0.11956407779302353
Epoch :  747  Epoch time :  0.04536157846450806  Train L2 Loss :  0.11953142820260464
Epoch :  748  Epoch time :  0.04471377469599247  Train L2 Loss :  0.11949013135372064
Epoch :  749  Epoch time :  0.045186388306319714  Train L2 Loss :  0.11944510310124128
Epoch :  750  Epoch time :  0.045167604461312294  Train L2 Loss :  0.11938967842322129
Epoch :  751  Epoch time :  0.04528592247515917  Train L2 Loss :  0.11934997943731454
Epoch :  752  Epoch time :  0.044988056644797325  Train L2 Loss :  0.11931199905199882
Epoch :  753  Epoch time :  0.045052663423120975  Train L2 Loss :  0.11925535400708516
Epoch :  754  Epoch time :  0.046634106896817684  Train L2 Loss :  0.1192150979469984
Epoch :  755  Epoch time :  0.04287004191428423  Train L2 Loss :  0.11916884397849059
Epoch :  756  Epoch time :  0.04540277272462845  Train L2 Loss :  0.11912753108220223
Epoch :  757  Epoch time :  0.04502524621784687  Train L2 Loss :  0.11908160493924068
Epoch :  758  Epoch time :  0.04572426341474056  Train L2 Loss :  0.11904612489235707
Epoch :  759  Epoch time :  0.045176032930612564  Train L2 Loss :  0.11900610877917363
Epoch :  760  Epoch time :  0.045701260678470135  Train L2 Loss :  0.11894146448526627
Epoch :  761  Epoch time :  0.044842482544481754  Train L2 Loss :  0.11889403829207787
Epoch :  762  Epoch time :  0.04551882483065128  Train L2 Loss :  0.11885957305247967
Epoch :  763  Epoch time :  0.045117925852537155  Train L2 Loss :  0.11880852091006744
Epoch :  764  Epoch time :  0.05491917114704847  Train L2 Loss :  0.11876773146482614
Epoch :  765  Epoch time :  0.04350052308291197  Train L2 Loss :  0.1187146374812493
Epoch :  766  Epoch time :  0.04416017420589924  Train L2 Loss :  0.11867252527139126
Epoch :  767  Epoch time :  0.04465287271887064  Train L2 Loss :  0.1186156784876799
Epoch :  768  Epoch time :  0.04417205881327391  Train L2 Loss :  0.11858213712007572
Epoch :  769  Epoch time :  0.04471976030617952  Train L2 Loss :  0.11854131175921513
Epoch :  770  Epoch time :  0.044274612329900265  Train L2 Loss :  0.11849287992868668
Epoch :  771  Epoch time :  0.04489092528820038  Train L2 Loss :  0.11843877266614865
Epoch :  772  Epoch time :  0.04426707047969103  Train L2 Loss :  0.1183987137598869
Epoch :  773  Epoch time :  0.04465221147984266  Train L2 Loss :  0.11835258129315498
Epoch :  774  Epoch time :  0.044217019341886044  Train L2 Loss :  0.11830632197551239
Epoch :  775  Epoch time :  0.044755919836461544  Train L2 Loss :  0.11826501672084515
Epoch :  776  Epoch time :  0.043013671413064  Train L2 Loss :  0.11822682771927272
Epoch :  777  Epoch time :  0.0455927699804306  Train L2 Loss :  0.11816858939635448
Epoch :  778  Epoch time :  0.04522214364260435  Train L2 Loss :  0.11811830294437897
Epoch :  779  Epoch time :  0.04533449839800596  Train L2 Loss :  0.11808255467659388
Epoch :  780  Epoch time :  0.04534331243485212  Train L2 Loss :  0.1180288722881904
Epoch :  781  Epoch time :  0.045099856331944466  Train L2 Loss :  0.117976820621735
Epoch :  782  Epoch time :  0.04563066177070141  Train L2 Loss :  0.11793918028855935
Epoch :  783  Epoch time :  0.04496626742184162  Train L2 Loss :  0.11788086860607831
Epoch :  784  Epoch time :  0.045859312638640404  Train L2 Loss :  0.117833911608427
Epoch :  785  Epoch time :  0.04493519850075245  Train L2 Loss :  0.11778486233491164
Epoch :  786  Epoch time :  0.045116991735994816  Train L2 Loss :  0.1177347997824351
Epoch :  787  Epoch time :  0.04301833733916283  Train L2 Loss :  0.11768834942426437
Epoch :  788  Epoch time :  0.04518801346421242  Train L2 Loss :  0.11763916795070355
Epoch :  789  Epoch time :  0.04479394759982824  Train L2 Loss :  0.11759787339430589
Epoch :  790  Epoch time :  0.04510865360498428  Train L2 Loss :  0.11754860022129157
Epoch :  791  Epoch time :  0.044749027118086815  Train L2 Loss :  0.11749609464254135
Epoch :  792  Epoch time :  0.04532766621559858  Train L2 Loss :  0.11745868585048577
Epoch :  793  Epoch time :  0.04491865914314985  Train L2 Loss :  0.1174095922555679
Epoch :  794  Epoch time :  0.0452430984005332  Train L2 Loss :  0.11737431929661678
Epoch :  795  Epoch time :  0.04516620468348265  Train L2 Loss :  0.11733564352377868
Epoch :  796  Epoch time :  0.04556073248386383  Train L2 Loss :  0.1172774762679369
Epoch :  797  Epoch time :  0.045366453006863594  Train L2 Loss :  0.11721247128951244
Epoch :  798  Epoch time :  0.04308652225881815  Train L2 Loss :  0.11716614472560394
Epoch :  799  Epoch time :  0.0453797597438097  Train L2 Loss :  0.11712205792084718
Epoch :  800  Epoch time :  0.04502081498503685  Train L2 Loss :  0.11705280955021198
Epoch :  801  Epoch time :  0.04577126074582338  Train L2 Loss :  0.11702617620810485
Epoch :  802  Epoch time :  0.04515649192035198  Train L2 Loss :  0.11700105972779103
Epoch :  803  Epoch time :  0.04543853271752596  Train L2 Loss :  0.11697209110626808
Epoch :  804  Epoch time :  0.044653864577412605  Train L2 Loss :  0.11695007559580681
Epoch :  805  Epoch time :  0.044795372523367405  Train L2 Loss :  0.11692580045797886
Epoch :  806  Epoch time :  0.04420196544378996  Train L2 Loss :  0.11689923818294819
Epoch :  807  Epoch time :  0.04454928822815418  Train L2 Loss :  0.11687388099156894
Epoch :  808  Epoch time :  0.043906412087380886  Train L2 Loss :  0.11685434442300063
Epoch :  809  Epoch time :  0.043186930008232594  Train L2 Loss :  0.11682670544355343
Epoch :  810  Epoch time :  0.04471880570054054  Train L2 Loss :  0.1168075578335004
Epoch :  811  Epoch time :  0.04438347462564707  Train L2 Loss :  0.11677900415200454
Epoch :  812  Epoch time :  0.04460566956549883  Train L2 Loss :  0.11675470991012378
Epoch :  813  Epoch time :  0.04424252361059189  Train L2 Loss :  0.11672932979388115
Epoch :  814  Epoch time :  0.04500296991318464  Train L2 Loss :  0.1167056285417997
Epoch :  815  Epoch time :  0.045193481259047985  Train L2 Loss :  0.1166806297424512
Epoch :  816  Epoch time :  0.04556223191320896  Train L2 Loss :  0.11665111932999049
Epoch :  817  Epoch time :  0.04482604656368494  Train L2 Loss :  0.11663048618879074
Epoch :  818  Epoch time :  0.04543570801615715  Train L2 Loss :  0.11660311619440715
Epoch :  819  Epoch time :  0.044212973676621914  Train L2 Loss :  0.11658035791837253
Epoch :  820  Epoch time :  0.04487430211156607  Train L2 Loss :  0.11655607972389613
Epoch :  821  Epoch time :  0.045491065829992294  Train L2 Loss :  0.11652987202008565
Epoch :  822  Epoch time :  0.044938476756215096  Train L2 Loss :  0.11650571074241246
Epoch :  823  Epoch time :  0.045698258094489574  Train L2 Loss :  0.1164770279175196
Epoch :  824  Epoch time :  0.04470107518136501  Train L2 Loss :  0.11645564207663903
Epoch :  825  Epoch time :  0.04536904115229845  Train L2 Loss :  0.11642719996281159
Epoch :  826  Epoch time :  0.044877657666802406  Train L2 Loss :  0.11640979387821296
Epoch :  827  Epoch time :  0.04532632790505886  Train L2 Loss :  0.1163796392770914
Epoch :  828  Epoch time :  0.04466148652136326  Train L2 Loss :  0.11635618332104805
Epoch :  829  Epoch time :  0.04699772037565708  Train L2 Loss :  0.11633205260985936
Epoch :  830  Epoch time :  0.04444609023630619  Train L2 Loss :  0.11630347065436535
Epoch :  831  Epoch time :  0.04568237252533436  Train L2 Loss :  0.1162746128363487
Epoch :  832  Epoch time :  0.04491636250168085  Train L2 Loss :  0.11625306652142452
Epoch :  833  Epoch time :  0.04543003998696804  Train L2 Loss :  0.11622641483942668
Epoch :  834  Epoch time :  0.04523122776299715  Train L2 Loss :  0.11620792746543884
Epoch :  835  Epoch time :  0.04579519014805555  Train L2 Loss :  0.11617734340521005
Epoch :  836  Epoch time :  0.04554726369678974  Train L2 Loss :  0.1161483686703902
Epoch :  837  Epoch time :  0.0456146914511919  Train L2 Loss :  0.11612652891721481
Epoch :  838  Epoch time :  0.0455909539014101  Train L2 Loss :  0.1160952471769773
Epoch :  839  Epoch time :  0.04526754189282656  Train L2 Loss :  0.11607216183955853
Epoch :  840  Epoch time :  0.045479632914066315  Train L2 Loss :  0.11605295920983338
Epoch :  841  Epoch time :  0.04296863544732332  Train L2 Loss :  0.11601808896431556
Epoch :  842  Epoch time :  0.04551861993968487  Train L2 Loss :  0.11599621864465567
Epoch :  843  Epoch time :  0.044221485033631325  Train L2 Loss :  0.11597313101475056
Epoch :  844  Epoch time :  0.04466932453215122  Train L2 Loss :  0.11594486389404689
Epoch :  845  Epoch time :  0.04423714615404606  Train L2 Loss :  0.11592057500130092
Epoch :  846  Epoch time :  0.04470762796700001  Train L2 Loss :  0.11589131370568886
Epoch :  847  Epoch time :  0.04419649764895439  Train L2 Loss :  0.11586246964259025
Epoch :  848  Epoch time :  0.044763305224478245  Train L2 Loss :  0.11583864688873291
Epoch :  849  Epoch time :  0.044672710821032524  Train L2 Loss :  0.11581614766365443
Epoch :  850  Epoch time :  0.044756680727005005  Train L2 Loss :  0.11580242254795173
Epoch :  851  Epoch time :  0.04473542794585228  Train L2 Loss :  0.11576579167292668
Epoch :  852  Epoch time :  0.04248490650206804  Train L2 Loss :  0.11574098238578209
Epoch :  853  Epoch time :  0.045629195868968964  Train L2 Loss :  0.11570898691813152
Epoch :  854  Epoch time :  0.04501001909375191  Train L2 Loss :  0.115682697448975
Epoch :  855  Epoch time :  0.045509195886552334  Train L2 Loss :  0.11565935993805909
Epoch :  856  Epoch time :  0.04490858782082796  Train L2 Loss :  0.1156294842561086
Epoch :  857  Epoch time :  0.04555248282849789  Train L2 Loss :  0.11560401167625035
Epoch :  858  Epoch time :  0.04495092574506998  Train L2 Loss :  0.1155804326901069
Epoch :  859  Epoch time :  0.04578799195587635  Train L2 Loss :  0.11555008399180877
Epoch :  860  Epoch time :  0.04516578000038862  Train L2 Loss :  0.11552847425142924
Epoch :  861  Epoch time :  0.04578852653503418  Train L2 Loss :  0.11550147487567021
Epoch :  862  Epoch time :  0.04468591045588255  Train L2 Loss :  0.11547117355542305
Epoch :  863  Epoch time :  0.04328532423824072  Train L2 Loss :  0.1154494102184589
Epoch :  864  Epoch time :  0.04533842112869024  Train L2 Loss :  0.11541476845741272
Epoch :  865  Epoch time :  0.04465705621987581  Train L2 Loss :  0.11539069505838248
Epoch :  866  Epoch time :  0.04518959205597639  Train L2 Loss :  0.11536224759542026
Epoch :  867  Epoch time :  0.04464804846793413  Train L2 Loss :  0.115340483494294
Epoch :  868  Epoch time :  0.045206124894320965  Train L2 Loss :  0.1153194934893877
Epoch :  869  Epoch time :  0.044479845091700554  Train L2 Loss :  0.11528831949600807
Epoch :  870  Epoch time :  0.04528002068400383  Train L2 Loss :  0.11525903986050533
Epoch :  871  Epoch time :  0.04475296847522259  Train L2 Loss :  0.11524049364603482
Epoch :  872  Epoch time :  0.045276980847120285  Train L2 Loss :  0.1152034172644982
Epoch :  873  Epoch time :  0.044293200597167015  Train L2 Loss :  0.11518109303254348
Epoch :  874  Epoch time :  0.04441310651600361  Train L2 Loss :  0.11514918697186005
Epoch :  875  Epoch time :  0.045416396111249924  Train L2 Loss :  0.1151196994842627
Epoch :  876  Epoch time :  0.04478073865175247  Train L2 Loss :  0.11509379591697301
Epoch :  877  Epoch time :  0.045811728574335575  Train L2 Loss :  0.1150678732456305
Epoch :  878  Epoch time :  0.04527870286256075  Train L2 Loss :  0.11504380366741082
Epoch :  879  Epoch time :  0.0456355819478631  Train L2 Loss :  0.11501219180914071
Epoch :  880  Epoch time :  0.044637300074100494  Train L2 Loss :  0.11499053010573754
Epoch :  881  Epoch time :  0.04475502669811249  Train L2 Loss :  0.11496810194773552
Epoch :  882  Epoch time :  0.044236164540052414  Train L2 Loss :  0.11493773720203301
Epoch :  883  Epoch time :  0.044618488289415836  Train L2 Loss :  0.11490822526124808
Epoch :  884  Epoch time :  0.04259209427982569  Train L2 Loss :  0.11488211078521533
Epoch :  885  Epoch time :  0.04431353136897087  Train L2 Loss :  0.11485067850504166
Epoch :  886  Epoch time :  0.0448051868006587  Train L2 Loss :  0.11482332073725186
Epoch :  887  Epoch time :  0.04434509947896004  Train L2 Loss :  0.11480651375574943
Epoch :  888  Epoch time :  0.04473902750760317  Train L2 Loss :  0.11477300142630553
Epoch :  889  Epoch time :  0.04430060088634491  Train L2 Loss :  0.11474516682135753
Epoch :  890  Epoch time :  0.04602318815886974  Train L2 Loss :  0.11471428397374275
Epoch :  891  Epoch time :  0.04484266974031925  Train L2 Loss :  0.1146876682073642
Epoch :  892  Epoch time :  0.04526172298938036  Train L2 Loss :  0.11466830128278488
Epoch :  893  Epoch time :  0.0448595667257905  Train L2 Loss :  0.11463067317620301
Epoch :  894  Epoch time :  0.0454100351780653  Train L2 Loss :  0.11460371888600863
Epoch :  895  Epoch time :  0.04297379590570927  Train L2 Loss :  0.11457700912769024
Epoch :  896  Epoch time :  0.04560372047126293  Train L2 Loss :  0.11454547292146927
Epoch :  897  Epoch time :  0.044844698160886765  Train L2 Loss :  0.11452030982726659
Epoch :  898  Epoch time :  0.04535899218171835  Train L2 Loss :  0.11449421139863822
Epoch :  899  Epoch time :  0.04530027322471142  Train L2 Loss :  0.11446517018171457
Epoch :  900  Epoch time :  0.045057183131575584  Train L2 Loss :  0.11442664953378531
Epoch :  901  Epoch time :  0.04542310442775488  Train L2 Loss :  0.11441043324959584
Epoch :  902  Epoch time :  0.044928775168955326  Train L2 Loss :  0.11439707722419347
Epoch :  903  Epoch time :  0.04522228892892599  Train L2 Loss :  0.11438292799851833
Epoch :  904  Epoch time :  0.044715290889143944  Train L2 Loss :  0.1143693106296735
Epoch :  905  Epoch time :  0.045061253011226654  Train L2 Loss :  0.11435479384202224
Epoch :  906  Epoch time :  0.04262965451925993  Train L2 Loss :  0.11434034430063687
Epoch :  907  Epoch time :  0.04511069133877754  Train L2 Loss :  0.1143289980215904
Epoch :  908  Epoch time :  0.044759334065020084  Train L2 Loss :  0.11431308663808383
Epoch :  909  Epoch time :  0.04548179544508457  Train L2 Loss :  0.11429622081609872
Epoch :  910  Epoch time :  0.04475677851587534  Train L2 Loss :  0.1142846277126899
Epoch :  911  Epoch time :  0.04552671127021313  Train L2 Loss :  0.11427444372421657
Epoch :  912  Epoch time :  0.045237744227051735  Train L2 Loss :  0.11425682061757797
Epoch :  913  Epoch time :  0.04565849807113409  Train L2 Loss :  0.11424134327815129
Epoch :  914  Epoch time :  0.04539087787270546  Train L2 Loss :  0.11422768311622815
Epoch :  915  Epoch time :  0.045393913984298706  Train L2 Loss :  0.11421511799861224
Epoch :  916  Epoch time :  0.045501469634473324  Train L2 Loss :  0.11419996313559704
Epoch :  917  Epoch time :  0.04083230346441269  Train L2 Loss :  0.11418324556106176
Epoch :  918  Epoch time :  0.04463358502835035  Train L2 Loss :  0.11416904513652508
Epoch :  919  Epoch time :  0.04437389224767685  Train L2 Loss :  0.11415602916326278
Epoch :  920  Epoch time :  0.04463230073451996  Train L2 Loss :  0.11413985720047584
Epoch :  921  Epoch time :  0.04453458543866873  Train L2 Loss :  0.11412848035494487
Epoch :  922  Epoch time :  0.04449426103383303  Train L2 Loss :  0.11411560804415972
Epoch :  923  Epoch time :  0.044771384447813034  Train L2 Loss :  0.1141033913844671
Epoch :  924  Epoch time :  0.044324115850031376  Train L2 Loss :  0.11408519592040624
Epoch :  925  Epoch time :  0.04488520976155996  Train L2 Loss :  0.11407212034249917
Epoch :  926  Epoch time :  0.044231509789824486  Train L2 Loss :  0.11405759438490257
Epoch :  927  Epoch time :  0.04501355718821287  Train L2 Loss :  0.11404046339866443
Epoch :  928  Epoch time :  0.042818996123969555  Train L2 Loss :  0.1140253008940281
Epoch :  929  Epoch time :  0.045486921444535255  Train L2 Loss :  0.11401499616794097
Epoch :  930  Epoch time :  0.045065369457006454  Train L2 Loss :  0.11399932778798617
Epoch :  931  Epoch time :  0.045496962033212185  Train L2 Loss :  0.113982176169371
Epoch :  932  Epoch time :  0.04504562355577946  Train L2 Loss :  0.11396726813071813
Epoch :  933  Epoch time :  0.04533792845904827  Train L2 Loss :  0.11395481075996007
Epoch :  934  Epoch time :  0.045135379768908024  Train L2 Loss :  0.11393764615058899
Epoch :  935  Epoch time :  0.0453846724703908  Train L2 Loss :  0.11392629987154251
Epoch :  936  Epoch time :  0.045376360416412354  Train L2 Loss :  0.1139102157873985
Epoch :  937  Epoch time :  0.04492746293544769  Train L2 Loss :  0.11389595575821705
Epoch :  938  Epoch time :  0.04722342733293772  Train L2 Loss :  0.11388096595421815
Epoch :  939  Epoch time :  0.04286617320030928  Train L2 Loss :  0.11387120301906879
Epoch :  940  Epoch time :  0.04526605177670717  Train L2 Loss :  0.1138539405969473
Epoch :  941  Epoch time :  0.04468828346580267  Train L2 Loss :  0.11383799788279411
Epoch :  942  Epoch time :  0.045353617519140244  Train L2 Loss :  0.11382296834236537
Epoch :  943  Epoch time :  0.044717634096741676  Train L2 Loss :  0.11380813213495108
Epoch :  944  Epoch time :  0.04549672733992338  Train L2 Loss :  0.11379236212143531
Epoch :  945  Epoch time :  0.04473099950700998  Train L2 Loss :  0.11377853537217164
Epoch :  946  Epoch time :  0.045390620827674866  Train L2 Loss :  0.11376397579144208
Epoch :  947  Epoch time :  0.04505820758640766  Train L2 Loss :  0.11375085742045672
Epoch :  948  Epoch time :  0.04568806383758783  Train L2 Loss :  0.11373588672051063
Epoch :  949  Epoch time :  0.04506292659789324  Train L2 Loss :  0.11372072650836064
Epoch :  950  Epoch time :  0.04365176148712635  Train L2 Loss :  0.11370423512581067
Epoch :  951  Epoch time :  0.04579887818545103  Train L2 Loss :  0.11369005686197525
Epoch :  952  Epoch time :  0.04500339366495609  Train L2 Loss :  0.11367596953343122
Epoch :  953  Epoch time :  0.04558259900659323  Train L2 Loss :  0.11366034165406838
Epoch :  954  Epoch time :  0.04467770457267761  Train L2 Loss :  0.11364757479765476
Epoch :  955  Epoch time :  0.044749247841537  Train L2 Loss :  0.11363048660449493
Epoch :  956  Epoch time :  0.04413587041199207  Train L2 Loss :  0.1136183066245837
Epoch :  957  Epoch time :  0.04473187308758497  Train L2 Loss :  0.11360109769381009
Epoch :  958  Epoch time :  0.04425781965255737  Train L2 Loss :  0.11358613005051246
Epoch :  959  Epoch time :  0.04479205422103405  Train L2 Loss :  0.11356987479405525
Epoch :  960  Epoch time :  0.043615649454295635  Train L2 Loss :  0.11355846585371555
Epoch :  961  Epoch time :  0.04352423269301653  Train L2 Loss :  0.11354166040053734
Epoch :  962  Epoch time :  0.04485610593110323  Train L2 Loss :  0.11352799718196575
Epoch :  963  Epoch time :  0.04434943199157715  Train L2 Loss :  0.11351053760601924
Epoch :  964  Epoch time :  0.04550308175384998  Train L2 Loss :  0.11349706084300311
Epoch :  965  Epoch time :  0.04496755823493004  Train L2 Loss :  0.1134806588674203
Epoch :  966  Epoch time :  0.045570860616862774  Train L2 Loss :  0.11346647831109855
Epoch :  967  Epoch time :  0.04490176774561405  Train L2 Loss :  0.11345066626866658
Epoch :  968  Epoch time :  0.04541595932096243  Train L2 Loss :  0.11343778708042243
Epoch :  969  Epoch time :  0.04514134023338556  Train L2 Loss :  0.11342077606763595
Epoch :  970  Epoch time :  0.045543670654296875  Train L2 Loss :  0.11340576792374635
Epoch :  971  Epoch time :  0.043301637284457684  Train L2 Loss :  0.11338790410604233
Epoch :  972  Epoch time :  0.04520299565047026  Train L2 Loss :  0.11337381906998463
Epoch :  973  Epoch time :  0.04512690473347902  Train L2 Loss :  0.11335784808183327
Epoch :  974  Epoch time :  0.04509964492172003  Train L2 Loss :  0.1133450040450463
Epoch :  975  Epoch time :  0.0453495979309082  Train L2 Loss :  0.11333051400306897
Epoch :  976  Epoch time :  0.04475628025829792  Train L2 Loss :  0.11331540881059109
Epoch :  977  Epoch time :  0.045159279368817806  Train L2 Loss :  0.11329859113081908
Epoch :  978  Epoch time :  0.044781237840652466  Train L2 Loss :  0.11328651660527939
Epoch :  979  Epoch time :  0.04509046021848917  Train L2 Loss :  0.11326995262732872
Epoch :  980  Epoch time :  0.044673473574221134  Train L2 Loss :  0.1132529507844876
Epoch :  981  Epoch time :  0.045384014025330544  Train L2 Loss :  0.1132383033251151
Epoch :  982  Epoch time :  0.042818423360586166  Train L2 Loss :  0.11322401884274605
Epoch :  983  Epoch time :  0.04528052359819412  Train L2 Loss :  0.11320849565359262
Epoch :  984  Epoch time :  0.04509298596531153  Train L2 Loss :  0.11319074646020547
Epoch :  985  Epoch time :  0.045689716935157776  Train L2 Loss :  0.11317822566399208
Epoch :  986  Epoch time :  0.0451255040243268  Train L2 Loss :  0.113164722155302
Epoch :  987  Epoch time :  0.04534358438104391  Train L2 Loss :  0.11314421586501293
Epoch :  988  Epoch time :  0.045159049332141876  Train L2 Loss :  0.11313174091852628
Epoch :  989  Epoch time :  0.045481826178729534  Train L2 Loss :  0.1131190436008649
Epoch :  990  Epoch time :  0.04496866371482611  Train L2 Loss :  0.1131004240268316
Epoch :  991  Epoch time :  0.044396606273949146  Train L2 Loss :  0.1130874752998352
Epoch :  992  Epoch time :  0.04507860541343689  Train L2 Loss :  0.11306752455540192
Epoch :  993  Epoch time :  0.042129650712013245  Train L2 Loss :  0.1130544214676588
Epoch :  994  Epoch time :  0.04447511676698923  Train L2 Loss :  0.11304082702367733
Epoch :  995  Epoch time :  0.044118680991232395  Train L2 Loss :  0.11302203092819606
Epoch :  996  Epoch time :  0.044831725768744946  Train L2 Loss :  0.11301409510465768
Epoch :  997  Epoch time :  0.04694709461182356  Train L2 Loss :  0.1129925671296242
Epoch :  998  Epoch time :  0.04501715302467346  Train L2 Loss :  0.1129767153507624
Epoch :  999  Epoch time :  0.043981682509183884  Train L2 Loss :  0.11296059382267487
Total time is : 45.2578108785674 Total epoch is  1000
