Energy is  0.0
Input dim :  128  output dim :  4096
29249
Epoch :  0  Epoch time :  0.23471889924257994  Train L2 Loss :  6.450538586347531
Epoch :  1  Epoch time :  0.04400818608701229  Train L2 Loss :  6.339441543970352
Epoch :  2  Epoch time :  0.043294197879731655  Train L2 Loss :  6.23296141013121
Epoch :  3  Epoch time :  0.04360663704574108  Train L2 Loss :  5.995127897996169
Epoch :  4  Epoch time :  0.04175755102187395  Train L2 Loss :  5.64770018748748
Epoch :  5  Epoch time :  0.044138992205262184  Train L2 Loss :  5.360770592322717
Epoch :  6  Epoch time :  0.04451548866927624  Train L2 Loss :  5.217720178457407
Epoch :  7  Epoch time :  0.044055393896996975  Train L2 Loss :  5.075288576957507
Epoch :  8  Epoch time :  0.04392688907682896  Train L2 Loss :  4.880434769850511
Epoch :  9  Epoch time :  0.04378298204392195  Train L2 Loss :  4.673429586948493
Epoch :  10  Epoch time :  0.04384863190352917  Train L2 Loss :  4.4420767319508085
Epoch :  11  Epoch time :  0.04380832891911268  Train L2 Loss :  4.263336695157564
Epoch :  12  Epoch time :  0.043765331618487835  Train L2 Loss :  4.066215710762219
Epoch :  13  Epoch time :  0.043570276349782944  Train L2 Loss :  3.867973572168595
Epoch :  14  Epoch time :  0.043914319947361946  Train L2 Loss :  3.6712709084535255
Epoch :  15  Epoch time :  0.04133399296551943  Train L2 Loss :  3.5364058323395557
Epoch :  16  Epoch time :  0.04393914807587862  Train L2 Loss :  3.4291518529256186
Epoch :  17  Epoch time :  0.043593019247055054  Train L2 Loss :  3.333518859667656
Epoch :  18  Epoch time :  0.04378701839596033  Train L2 Loss :  3.165959040323893
Epoch :  19  Epoch time :  0.0438358411192894  Train L2 Loss :  3.0579693623078175
Epoch :  20  Epoch time :  0.043441127985715866  Train L2 Loss :  2.9456685139582706
Epoch :  21  Epoch time :  0.043820601888000965  Train L2 Loss :  2.8578088956001477
Epoch :  22  Epoch time :  0.043369945138692856  Train L2 Loss :  2.7884501677293043
Epoch :  23  Epoch time :  0.04397823754698038  Train L2 Loss :  2.704627819550343
Epoch :  24  Epoch time :  0.043403892777860165  Train L2 Loss :  2.644634417998485
Epoch :  25  Epoch time :  0.04409182071685791  Train L2 Loss :  2.56480527535463
Epoch :  26  Epoch time :  0.04170749057084322  Train L2 Loss :  2.5144048837515025
Epoch :  27  Epoch time :  0.04412184562534094  Train L2 Loss :  2.463744750389686
Epoch :  28  Epoch time :  0.0442055519670248  Train L2 Loss :  2.4062456473326073
Epoch :  29  Epoch time :  0.04381208494305611  Train L2 Loss :  2.362120579450558
Epoch :  30  Epoch time :  0.04406492505222559  Train L2 Loss :  2.3110949442936826
Epoch :  31  Epoch time :  0.04373797494918108  Train L2 Loss :  2.2789163100413785
Epoch :  32  Epoch time :  0.04395865835249424  Train L2 Loss :  2.23732083883041
Epoch :  33  Epoch time :  0.043449622578918934  Train L2 Loss :  2.1937038592803173
Epoch :  34  Epoch time :  0.0440612593665719  Train L2 Loss :  2.1769074537815194
Epoch :  35  Epoch time :  0.04350649658590555  Train L2 Loss :  2.1407435001471105
Epoch :  36  Epoch time :  0.04407709278166294  Train L2 Loss :  2.0944844759427586
Epoch :  37  Epoch time :  0.04294486064463854  Train L2 Loss :  2.0622180792001576
Epoch :  38  Epoch time :  0.042849840596318245  Train L2 Loss :  2.0156449048947067
Epoch :  39  Epoch time :  0.04398860037326813  Train L2 Loss :  1.9811230928469927
Epoch :  40  Epoch time :  0.0437407698482275  Train L2 Loss :  1.9530701148204315
Epoch :  41  Epoch time :  0.04431536514312029  Train L2 Loss :  1.9049772849449744
Epoch :  42  Epoch time :  0.0439419886097312  Train L2 Loss :  1.8528850628779485
Epoch :  43  Epoch time :  0.0442084576934576  Train L2 Loss :  1.8374147048363318
Epoch :  44  Epoch time :  0.043582214042544365  Train L2 Loss :  1.7945340963510366
Epoch :  45  Epoch time :  0.04406470898538828  Train L2 Loss :  1.7268783006912622
Epoch :  46  Epoch time :  0.04521797876805067  Train L2 Loss :  1.6694717284960625
Epoch :  47  Epoch time :  0.04405475873500109  Train L2 Loss :  1.6063668911273663
Epoch :  48  Epoch time :  0.04287211690098047  Train L2 Loss :  1.5882719235542493
Epoch :  49  Epoch time :  0.042962028644979  Train L2 Loss :  1.5636656712263057
Epoch :  50  Epoch time :  0.04402017220854759  Train L2 Loss :  1.546352276435265
Epoch :  51  Epoch time :  0.043719238601624966  Train L2 Loss :  1.50771060356727
Epoch :  52  Epoch time :  0.04395906999707222  Train L2 Loss :  1.5059995039915428
Epoch :  53  Epoch time :  0.043676331639289856  Train L2 Loss :  1.5019257129767003
Epoch :  54  Epoch time :  0.04418210964649916  Train L2 Loss :  1.5514376958211262
Epoch :  55  Epoch time :  0.0433670487254858  Train L2 Loss :  1.5102200019053924
Epoch :  56  Epoch time :  0.04403867479413748  Train L2 Loss :  1.5038687388102214
Epoch :  57  Epoch time :  0.04355056490749121  Train L2 Loss :  1.5116279797676282
Epoch :  58  Epoch time :  0.04423081874847412  Train L2 Loss :  1.5195074815016527
Epoch :  59  Epoch time :  0.04333274718374014  Train L2 Loss :  1.480662125807542
Epoch :  60  Epoch time :  0.04276561923325062  Train L2 Loss :  1.4486350890917656
Epoch :  61  Epoch time :  0.04411759227514267  Train L2 Loss :  1.4354545642168095
Epoch :  62  Epoch time :  0.04349924810230732  Train L2 Loss :  1.405372760234735
Epoch :  63  Epoch time :  0.04419209063053131  Train L2 Loss :  1.3636013177724986
Epoch :  64  Epoch time :  0.043684834614396095  Train L2 Loss :  1.3387380624428773
Epoch :  65  Epoch time :  0.04394442681223154  Train L2 Loss :  1.3228751879471998
Epoch :  66  Epoch time :  0.043375871144235134  Train L2 Loss :  1.308682307218894
Epoch :  67  Epoch time :  0.04380177240818739  Train L2 Loss :  1.3059262006710737
Epoch :  68  Epoch time :  0.0434851311147213  Train L2 Loss :  1.2952161874526587
Epoch :  69  Epoch time :  0.04428086802363396  Train L2 Loss :  1.274333159128825
Epoch :  70  Epoch time :  0.04379681125283241  Train L2 Loss :  1.2572072469271147
Epoch :  71  Epoch time :  0.04185613431036472  Train L2 Loss :  1.242655540123964
Epoch :  72  Epoch time :  0.04418312758207321  Train L2 Loss :  1.230943209085709
Epoch :  73  Epoch time :  0.04343770258128643  Train L2 Loss :  1.221173726595365
Epoch :  74  Epoch time :  0.04404963739216328  Train L2 Loss :  1.2442657764141376
Epoch :  75  Epoch time :  0.043444826267659664  Train L2 Loss :  1.2335956524579952
Epoch :  76  Epoch time :  0.04402259737253189  Train L2 Loss :  1.2260303497314453
Epoch :  77  Epoch time :  0.04348430596292019  Train L2 Loss :  1.2230776456686168
Epoch :  78  Epoch time :  0.044071679934859276  Train L2 Loss :  1.2238672085297413
Epoch :  79  Epoch time :  0.04368578549474478  Train L2 Loss :  1.2395962323897924
Epoch :  80  Epoch time :  0.04392614960670471  Train L2 Loss :  1.2584141829074957
Epoch :  81  Epoch time :  0.04384748451411724  Train L2 Loss :  1.2317728751744978
Epoch :  82  Epoch time :  0.04427338019013405  Train L2 Loss :  1.2100919699057555
Epoch :  83  Epoch time :  0.0443276884034276  Train L2 Loss :  1.2040693209721491
Epoch :  84  Epoch time :  0.04347932152450085  Train L2 Loss :  1.1829951298542511
Epoch :  85  Epoch time :  0.04445903468877077  Train L2 Loss :  1.1602012316385906
Epoch :  86  Epoch time :  0.04342741426080465  Train L2 Loss :  1.1491782237321904
Epoch :  87  Epoch time :  0.04471735097467899  Train L2 Loss :  1.1335174120389497
Epoch :  88  Epoch time :  0.04404402058571577  Train L2 Loss :  1.1045985099596856
Epoch :  89  Epoch time :  0.04516709875315428  Train L2 Loss :  1.0863847488012068
Epoch :  90  Epoch time :  0.0438374113291502  Train L2 Loss :  1.0712873385502741
Epoch :  91  Epoch time :  0.044177571311593056  Train L2 Loss :  1.0528650711744258
Epoch :  92  Epoch time :  0.0421913443133235  Train L2 Loss :  1.046300435677553
Epoch :  93  Epoch time :  0.04330763127654791  Train L2 Loss :  1.0286097832215138
Epoch :  94  Epoch time :  0.044042618945240974  Train L2 Loss :  1.0165101687113445
Epoch :  95  Epoch time :  0.043744589202106  Train L2 Loss :  1.0145659813514123
Epoch :  96  Epoch time :  0.044036447070539  Train L2 Loss :  1.0059787982549422
Epoch :  97  Epoch time :  0.04354206286370754  Train L2 Loss :  1.0040910549652882
Epoch :  98  Epoch time :  0.04486660938709974  Train L2 Loss :  0.9944605888464512
Epoch :  99  Epoch time :  0.04599745478481054  Train L2 Loss :  1.0044321402525291
Epoch :  100  Epoch time :  0.04421540815383196  Train L2 Loss :  0.9716630043127598
Epoch :  101  Epoch time :  0.04376941919326782  Train L2 Loss :  0.9486986184731508
Epoch :  102  Epoch time :  0.043929160572588444  Train L2 Loss :  0.9357577348366762
Epoch :  103  Epoch time :  0.042713314294815063  Train L2 Loss :  0.9225291105417105
Epoch :  104  Epoch time :  0.04300415329635143  Train L2 Loss :  0.9138177786117945
Epoch :  105  Epoch time :  0.04438928049057722  Train L2 Loss :  0.9139828254015018
Epoch :  106  Epoch time :  0.04389171861112118  Train L2 Loss :  0.9083336744553003
Epoch :  107  Epoch time :  0.044230286963284016  Train L2 Loss :  0.8951961260575515
Epoch :  108  Epoch time :  0.043644970282912254  Train L2 Loss :  0.8896946295713767
Epoch :  109  Epoch time :  0.04401778057217598  Train L2 Loss :  0.8833874188936673
Epoch :  110  Epoch time :  0.04355955682694912  Train L2 Loss :  0.8788141042758257
Epoch :  111  Epoch time :  0.0441462742164731  Train L2 Loss :  0.8746739839896177
Epoch :  112  Epoch time :  0.04391737561672926  Train L2 Loss :  0.8705338147970346
Epoch :  113  Epoch time :  0.04435153305530548  Train L2 Loss :  0.8665982393118051
Epoch :  114  Epoch time :  0.04274259880185127  Train L2 Loss :  0.8625799937125964
Epoch :  115  Epoch time :  0.0428443131968379  Train L2 Loss :  0.8579832284878461
Epoch :  116  Epoch time :  0.04414584208279848  Train L2 Loss :  0.8530799303299341
Epoch :  117  Epoch time :  0.04368835687637329  Train L2 Loss :  0.8486501131302271
Epoch :  118  Epoch time :  0.044050026684999466  Train L2 Loss :  0.8452813686468662
Epoch :  119  Epoch time :  0.04370042495429516  Train L2 Loss :  0.8422971016321427
Epoch :  120  Epoch time :  0.04402594268321991  Train L2 Loss :  0.8388332525889078
Epoch :  121  Epoch time :  0.0438092527911067  Train L2 Loss :  0.834494547966199
Epoch :  122  Epoch time :  0.044266121461987495  Train L2 Loss :  0.829943277896979
Epoch :  123  Epoch time :  0.04351138137280941  Train L2 Loss :  0.8265587794475067
Epoch :  124  Epoch time :  0.04417597968131304  Train L2 Loss :  0.8244934632227972
Epoch :  125  Epoch time :  0.04296583216637373  Train L2 Loss :  0.8221539044991518
Epoch :  126  Epoch time :  0.04352887533605099  Train L2 Loss :  0.8163517316182455
Epoch :  127  Epoch time :  0.04423859063535929  Train L2 Loss :  0.8129071150070581
Epoch :  128  Epoch time :  0.04378257319331169  Train L2 Loss :  0.8143120117676563
Epoch :  129  Epoch time :  0.04405135102570057  Train L2 Loss :  0.8145924103565705
Epoch :  130  Epoch time :  0.0437353290617466  Train L2 Loss :  0.8110423149206699
Epoch :  131  Epoch time :  0.04425336327403784  Train L2 Loss :  0.8052439383971386
Epoch :  132  Epoch time :  0.04365541413426399  Train L2 Loss :  0.8020208279291788
Epoch :  133  Epoch time :  0.04414138849824667  Train L2 Loss :  0.7977603337703607
Epoch :  134  Epoch time :  0.0436133649200201  Train L2 Loss :  0.791906014466897
Epoch :  135  Epoch time :  0.04418660141527653  Train L2 Loss :  0.7871818359081562
Epoch :  136  Epoch time :  0.04360887501388788  Train L2 Loss :  0.7848748243772067
Epoch :  137  Epoch time :  0.04236540291458368  Train L2 Loss :  0.7809507480034461
Epoch :  138  Epoch time :  0.04412176925688982  Train L2 Loss :  0.7787282344622489
Epoch :  139  Epoch time :  0.04350715596228838  Train L2 Loss :  0.7738416683979523
Epoch :  140  Epoch time :  0.044004883617162704  Train L2 Loss :  0.7734407767271384
Epoch :  141  Epoch time :  0.043583870865404606  Train L2 Loss :  0.7703614112658378
Epoch :  142  Epoch time :  0.04402968939393759  Train L2 Loss :  0.7735496239784436
Epoch :  143  Epoch time :  0.04361148923635483  Train L2 Loss :  0.7726649748973358
Epoch :  144  Epoch time :  0.04432760365307331  Train L2 Loss :  0.7694501082102457
Epoch :  145  Epoch time :  0.04368737153708935  Train L2 Loss :  0.7641352567917261
Epoch :  146  Epoch time :  0.0439211530610919  Train L2 Loss :  0.7649220381027613
Epoch :  147  Epoch time :  0.04384149331599474  Train L2 Loss :  0.7604729456779284
Epoch :  148  Epoch time :  0.04185979813337326  Train L2 Loss :  0.7638139969263321
Epoch :  149  Epoch time :  0.044176481664180756  Train L2 Loss :  0.776543623361832
Epoch :  150  Epoch time :  0.04371804557740688  Train L2 Loss :  0.7746090766711112
Epoch :  151  Epoch time :  0.0441514840349555  Train L2 Loss :  0.7663466869256436
Epoch :  152  Epoch time :  0.04349359031766653  Train L2 Loss :  0.7603123799348489
Epoch :  153  Epoch time :  0.04427314642816782  Train L2 Loss :  0.7555828644679143
Epoch :  154  Epoch time :  0.04372952412813902  Train L2 Loss :  0.748489349316328
Epoch :  155  Epoch time :  0.044083768501877785  Train L2 Loss :  0.743828840744801
Epoch :  156  Epoch time :  0.04370120447129011  Train L2 Loss :  0.7469181769933456
Epoch :  157  Epoch time :  0.04412124305963516  Train L2 Loss :  0.747588989062187
Epoch :  158  Epoch time :  0.044163028709590435  Train L2 Loss :  0.7365266115237505
Epoch :  159  Epoch time :  0.04192518163472414  Train L2 Loss :  0.7341294594300098
Epoch :  160  Epoch time :  0.0442825723439455  Train L2 Loss :  0.7229272218850943
Epoch :  161  Epoch time :  0.043690943159163  Train L2 Loss :  0.7159872910915277
Epoch :  162  Epoch time :  0.04416673816740513  Train L2 Loss :  0.7116970710265331
Epoch :  163  Epoch time :  0.04360245820134878  Train L2 Loss :  0.7119803000719119
Epoch :  164  Epoch time :  0.044206587597727776  Train L2 Loss :  0.7132643369527963
Epoch :  165  Epoch time :  0.04367783199995756  Train L2 Loss :  0.7082738570677929
Epoch :  166  Epoch time :  0.04410887695848942  Train L2 Loss :  0.7099957527258457
Epoch :  167  Epoch time :  0.043814076110720634  Train L2 Loss :  0.7098002311510917
Epoch :  168  Epoch time :  0.044840700924396515  Train L2 Loss :  0.705969498707698
Epoch :  169  Epoch time :  0.04399259854108095  Train L2 Loss :  0.6973040409577198
Epoch :  170  Epoch time :  0.04146280884742737  Train L2 Loss :  0.6983715479190533
Epoch :  171  Epoch time :  0.04445833992213011  Train L2 Loss :  0.6894977031609951
Epoch :  172  Epoch time :  0.04372396785765886  Train L2 Loss :  0.6813826377575214
Epoch :  173  Epoch time :  0.044193170964717865  Train L2 Loss :  0.6793022767091409
Epoch :  174  Epoch time :  0.04384634178131819  Train L2 Loss :  0.6793165573706994
Epoch :  175  Epoch time :  0.04396619275212288  Train L2 Loss :  0.6833184499007005
Epoch :  176  Epoch time :  0.04380348790436983  Train L2 Loss :  0.6914707116591625
Epoch :  177  Epoch time :  0.04413797613233328  Train L2 Loss :  0.6928578401223208
Epoch :  178  Epoch time :  0.04372750408947468  Train L2 Loss :  0.6810786112760886
Epoch :  179  Epoch time :  0.04400597047060728  Train L2 Loss :  0.6728550165127485
Epoch :  180  Epoch time :  0.04404448438435793  Train L2 Loss :  0.6693350168374869
Epoch :  181  Epoch time :  0.041751617565751076  Train L2 Loss :  0.6631832672999456
Epoch :  182  Epoch time :  0.04422925878316164  Train L2 Loss :  0.6674556304246951
Epoch :  183  Epoch time :  0.043836005963385105  Train L2 Loss :  0.6690382590660682
Epoch :  184  Epoch time :  0.04594461340457201  Train L2 Loss :  0.6670660483531463
Epoch :  185  Epoch time :  0.04364954121410847  Train L2 Loss :  0.6615240023686335
Epoch :  186  Epoch time :  0.04426581971347332  Train L2 Loss :  0.658874973272666
Epoch :  187  Epoch time :  0.04378645587712526  Train L2 Loss :  0.6550904115041097
Epoch :  188  Epoch time :  0.04432131629437208  Train L2 Loss :  0.6647946284367487
Epoch :  189  Epoch time :  0.044100359082221985  Train L2 Loss :  0.6618139438140087
Epoch :  190  Epoch time :  0.04399297572672367  Train L2 Loss :  0.6520832257393079
Epoch :  191  Epoch time :  0.044011217541992664  Train L2 Loss :  0.6460529963175455
Epoch :  192  Epoch time :  0.04162441845983267  Train L2 Loss :  0.6589793669871795
Epoch :  193  Epoch time :  0.0442711366340518  Train L2 Loss :  0.6762390931447347
Epoch :  194  Epoch time :  0.043645935133099556  Train L2 Loss :  0.6757712241930839
Epoch :  195  Epoch time :  0.04441809095442295  Train L2 Loss :  0.6839808898094373
Epoch :  196  Epoch time :  0.04378785192966461  Train L2 Loss :  0.6767500455562885
Epoch :  197  Epoch time :  0.044462612830102444  Train L2 Loss :  0.6587180143747574
Epoch :  198  Epoch time :  0.044070467352867126  Train L2 Loss :  0.6510213949741461
Epoch :  199  Epoch time :  0.04419678822159767  Train L2 Loss :  0.6419300971887051
Epoch :  200  Epoch time :  0.043965646997094154  Train L2 Loss :  0.6284476793729342
Epoch :  201  Epoch time :  0.043762740679085255  Train L2 Loss :  0.6118274529774984
Epoch :  202  Epoch time :  0.04429174680262804  Train L2 Loss :  0.6025793368999774
Epoch :  203  Epoch time :  0.04161513689905405  Train L2 Loss :  0.5935716873560196
Epoch :  204  Epoch time :  0.044395445846021175  Train L2 Loss :  0.590144273562309
Epoch :  205  Epoch time :  0.0463287029415369  Train L2 Loss :  0.5873746933081211
Epoch :  206  Epoch time :  0.04422458726912737  Train L2 Loss :  0.585279079583975
Epoch :  207  Epoch time :  0.04383957479149103  Train L2 Loss :  0.583227215669094
Epoch :  208  Epoch time :  0.044254048727452755  Train L2 Loss :  0.5822589489129874
Epoch :  209  Epoch time :  0.043751662597060204  Train L2 Loss :  0.5801234367566231
Epoch :  210  Epoch time :  0.0441450048238039  Train L2 Loss :  0.5785161073391254
Epoch :  211  Epoch time :  0.043843768537044525  Train L2 Loss :  0.5765656202267377
Epoch :  212  Epoch time :  0.043770513497292995  Train L2 Loss :  0.5746674384826269
Epoch :  213  Epoch time :  0.04431798029690981  Train L2 Loss :  0.5735967801167414
Epoch :  214  Epoch time :  0.04122774675488472  Train L2 Loss :  0.5719570410557282
Epoch :  215  Epoch time :  0.04427586495876312  Train L2 Loss :  0.5704482824374468
Epoch :  216  Epoch time :  0.04357444401830435  Train L2 Loss :  0.5692846652788993
Epoch :  217  Epoch time :  0.04419174883514643  Train L2 Loss :  0.5677102284553723
Epoch :  218  Epoch time :  0.04379243031144142  Train L2 Loss :  0.5668797187316112
Epoch :  219  Epoch time :  0.04412019159644842  Train L2 Loss :  0.5647298250442896
Epoch :  220  Epoch time :  0.0462508974596858  Train L2 Loss :  0.5634372540009327
Epoch :  221  Epoch time :  0.04432056751102209  Train L2 Loss :  0.5621810662440765
Epoch :  222  Epoch time :  0.044134470634162426  Train L2 Loss :  0.5606963634490967
Epoch :  223  Epoch time :  0.043868898414075375  Train L2 Loss :  0.5588721342575855
Epoch :  224  Epoch time :  0.04409942124038935  Train L2 Loss :  0.5576818600679055
Epoch :  225  Epoch time :  0.0415235785767436  Train L2 Loss :  0.5563594561356765
Epoch :  226  Epoch time :  0.044328262098133564  Train L2 Loss :  0.5552878624353653
Epoch :  227  Epoch time :  0.043629939667880535  Train L2 Loss :  0.5545870707585261
Epoch :  228  Epoch time :  0.044164943508803844  Train L2 Loss :  0.5535113139030261
Epoch :  229  Epoch time :  0.0439041331410408  Train L2 Loss :  0.5515406895906497
Epoch :  230  Epoch time :  0.04421073105186224  Train L2 Loss :  0.5489192406336466
Epoch :  231  Epoch time :  0.043978200294077396  Train L2 Loss :  0.5473036093589587
Epoch :  232  Epoch time :  0.043979608453810215  Train L2 Loss :  0.5456746021906534
Epoch :  233  Epoch time :  0.04428586922585964  Train L2 Loss :  0.5446484150030674
Epoch :  234  Epoch time :  0.04399864375591278  Train L2 Loss :  0.5437167485555013
Epoch :  235  Epoch time :  0.04420375358313322  Train L2 Loss :  0.5414596429237952
Epoch :  236  Epoch time :  0.041772255674004555  Train L2 Loss :  0.5387183458377154
Epoch :  237  Epoch time :  0.04422523360699415  Train L2 Loss :  0.5375563548161433
Epoch :  238  Epoch time :  0.04369001183658838  Train L2 Loss :  0.5356716131552671
Epoch :  239  Epoch time :  0.044232357293367386  Train L2 Loss :  0.5345800045209054
Epoch :  240  Epoch time :  0.04398082476109266  Train L2 Loss :  0.5333658181704007
Epoch :  241  Epoch time :  0.04446170758455992  Train L2 Loss :  0.5316863457361857
Epoch :  242  Epoch time :  0.04448812920600176  Train L2 Loss :  0.5297480607644106
Epoch :  243  Epoch time :  0.04486507922410965  Train L2 Loss :  0.5275945877417539
Epoch :  244  Epoch time :  0.044121298007667065  Train L2 Loss :  0.5260973893679105
Epoch :  245  Epoch time :  0.043895999900996685  Train L2 Loss :  0.5238936772713294
Epoch :  246  Epoch time :  0.04443052317947149  Train L2 Loss :  0.5220026725377792
Epoch :  247  Epoch time :  0.04153232742100954  Train L2 Loss :  0.5197690480794662
Epoch :  248  Epoch time :  0.04429136402904987  Train L2 Loss :  0.5184300526594504
Epoch :  249  Epoch time :  0.04386948049068451  Train L2 Loss :  0.5167246842995669
Epoch :  250  Epoch time :  0.04407576099038124  Train L2 Loss :  0.5149690615825164
Epoch :  251  Epoch time :  0.043750738725066185  Train L2 Loss :  0.5139340162277222
Epoch :  252  Epoch time :  0.04416225757449865  Train L2 Loss :  0.5120079578497471
Epoch :  253  Epoch time :  0.04411765281111002  Train L2 Loss :  0.5102919951463357
Epoch :  254  Epoch time :  0.043837809935212135  Train L2 Loss :  0.5082630194150485
Epoch :  255  Epoch time :  0.044256411492824554  Train L2 Loss :  0.5068815793746557
Epoch :  256  Epoch time :  0.043684158474206924  Train L2 Loss :  0.5056110039735452
Epoch :  257  Epoch time :  0.04439891315996647  Train L2 Loss :  0.5039197909526336
Epoch :  258  Epoch time :  0.041607717983424664  Train L2 Loss :  0.5047540542406913
Epoch :  259  Epoch time :  0.04425104893743992  Train L2 Loss :  0.5019203668985611
Epoch :  260  Epoch time :  0.043583949096500874  Train L2 Loss :  0.5005669379845644
Epoch :  261  Epoch time :  0.04403418209403753  Train L2 Loss :  0.4986824194590251
Epoch :  262  Epoch time :  0.04398956522345543  Train L2 Loss :  0.4959152967501909
Epoch :  263  Epoch time :  0.04423493426293135  Train L2 Loss :  0.4935867419609657
Epoch :  264  Epoch time :  0.04403053969144821  Train L2 Loss :  0.4925627494469667
Epoch :  265  Epoch time :  0.04358296003192663  Train L2 Loss :  0.4907784767639943
Epoch :  266  Epoch time :  0.04418606869876385  Train L2 Loss :  0.4889624424469777
Epoch :  267  Epoch time :  0.043678734451532364  Train L2 Loss :  0.48749775152940017
Epoch :  268  Epoch time :  0.04425324220210314  Train L2 Loss :  0.48496391834356845
Epoch :  269  Epoch time :  0.041387997567653656  Train L2 Loss :  0.48289372676458114
Epoch :  270  Epoch time :  0.04650116991251707  Train L2 Loss :  0.48138313110058123
Epoch :  271  Epoch time :  0.043771726079285145  Train L2 Loss :  0.47901845895327055
Epoch :  272  Epoch time :  0.044474477879703045  Train L2 Loss :  0.47779849553719544
Epoch :  273  Epoch time :  0.044006978161633015  Train L2 Loss :  0.47760276611034685
Epoch :  274  Epoch time :  0.04416919779032469  Train L2 Loss :  0.47673366314325577
Epoch :  275  Epoch time :  0.04433224909007549  Train L2 Loss :  0.47695007079686874
Epoch :  276  Epoch time :  0.0437507638707757  Train L2 Loss :  0.4761156393931462
Epoch :  277  Epoch time :  0.04414929170161486  Train L2 Loss :  0.474301720276857
Epoch :  278  Epoch time :  0.04390877205878496  Train L2 Loss :  0.4747220705717038
Epoch :  279  Epoch time :  0.0443283636122942  Train L2 Loss :  0.4743150411508022
Epoch :  280  Epoch time :  0.04148307256400585  Train L2 Loss :  0.4728439924044487
Epoch :  281  Epoch time :  0.044245955534279346  Train L2 Loss :  0.4709224517528827
Epoch :  282  Epoch time :  0.04386177472770214  Train L2 Loss :  0.46693390149336594
Epoch :  283  Epoch time :  0.044229788705706596  Train L2 Loss :  0.46512284034337753
Epoch :  284  Epoch time :  0.04411585163325071  Train L2 Loss :  0.4635097063504733
Epoch :  285  Epoch time :  0.0437610000371933  Train L2 Loss :  0.4606648225050706
Epoch :  286  Epoch time :  0.044323377311229706  Train L2 Loss :  0.46088414925795335
Epoch :  287  Epoch time :  0.043727816082537174  Train L2 Loss :  0.4584537897354517
Epoch :  288  Epoch time :  0.04398525785654783  Train L2 Loss :  0.45735314870492005
Epoch :  289  Epoch time :  0.04360470175743103  Train L2 Loss :  0.45452102025349933
Epoch :  290  Epoch time :  0.044126369059085846  Train L2 Loss :  0.4528016127072848
Epoch :  291  Epoch time :  0.041743590496480465  Train L2 Loss :  0.4516788629385141
Epoch :  292  Epoch time :  0.04428333789110184  Train L2 Loss :  0.451130958703848
Epoch :  293  Epoch time :  0.04377235658466816  Train L2 Loss :  0.4488365344512157
Epoch :  294  Epoch time :  0.04385221842676401  Train L2 Loss :  0.44625931825393284
Epoch :  295  Epoch time :  0.04399924632161856  Train L2 Loss :  0.44688126062735534
Epoch :  296  Epoch time :  0.043583459220826626  Train L2 Loss :  0.4465951797289726
Epoch :  297  Epoch time :  0.04408286791294813  Train L2 Loss :  0.44859560025043976
Epoch :  298  Epoch time :  0.043808043003082275  Train L2 Loss :  0.44567205967047274
Epoch :  299  Epoch time :  0.04448386374861002  Train L2 Loss :  0.4485132449712509
Epoch :  300  Epoch time :  0.043621696531772614  Train L2 Loss :  0.441555014023414
Epoch :  301  Epoch time :  0.04401908628642559  Train L2 Loss :  0.43636309183560884
Epoch :  302  Epoch time :  0.042240421287715435  Train L2 Loss :  0.43422451080420077
Epoch :  303  Epoch time :  0.044079797342419624  Train L2 Loss :  0.4332128243568616
Epoch :  304  Epoch time :  0.044249728322029114  Train L2 Loss :  0.431005963912377
Epoch :  305  Epoch time :  0.04363419860601425  Train L2 Loss :  0.4296012872304672
Epoch :  306  Epoch time :  0.044025746174156666  Train L2 Loss :  0.42871337059216624
Epoch :  307  Epoch time :  0.04376380890607834  Train L2 Loss :  0.4277339348426232
Epoch :  308  Epoch time :  0.04396497644484043  Train L2 Loss :  0.4269193227474506
Epoch :  309  Epoch time :  0.04376050550490618  Train L2 Loss :  0.42602794598310423
Epoch :  310  Epoch time :  0.04430560674518347  Train L2 Loss :  0.4251417930309589
Epoch :  311  Epoch time :  0.045572465285658836  Train L2 Loss :  0.4243745161936833
Epoch :  312  Epoch time :  0.044281966984272  Train L2 Loss :  0.42369609001355296
Epoch :  313  Epoch time :  0.0420976746827364  Train L2 Loss :  0.423168970988347
Epoch :  314  Epoch time :  0.043555350974202156  Train L2 Loss :  0.4223236395762517
Epoch :  315  Epoch time :  0.04418617952615023  Train L2 Loss :  0.4219525227179894
Epoch :  316  Epoch time :  0.0433964729309082  Train L2 Loss :  0.4214599988399408
Epoch :  317  Epoch time :  0.044184088706970215  Train L2 Loss :  0.4204655427199144
Epoch :  318  Epoch time :  0.04372140858322382  Train L2 Loss :  0.420139016249241
Epoch :  319  Epoch time :  0.04649148788303137  Train L2 Loss :  0.4194128115971883
Epoch :  320  Epoch time :  0.043923123739659786  Train L2 Loss :  0.41849977542192507
Epoch :  321  Epoch time :  0.04417499899864197  Train L2 Loss :  0.41740320584712887
Epoch :  322  Epoch time :  0.04362051747739315  Train L2 Loss :  0.41714324095310307
Epoch :  323  Epoch time :  0.04413494560867548  Train L2 Loss :  0.415878509863829
Epoch :  324  Epoch time :  0.04243655502796173  Train L2 Loss :  0.4154416567240006
Epoch :  325  Epoch time :  0.04310430958867073  Train L2 Loss :  0.4148905216119228
Epoch :  326  Epoch time :  0.04431109316647053  Train L2 Loss :  0.41417983862069935
Epoch :  327  Epoch time :  0.04391174949705601  Train L2 Loss :  0.41343230161911404
Epoch :  328  Epoch time :  0.04422758985310793  Train L2 Loss :  0.41261072036547536
Epoch :  329  Epoch time :  0.04371068999171257  Train L2 Loss :  0.411929237536895
Epoch :  330  Epoch time :  0.04457563627511263  Train L2 Loss :  0.41147606800764036
Epoch :  331  Epoch time :  0.043763959780335426  Train L2 Loss :  0.4106147686640422
Epoch :  332  Epoch time :  0.04405143205076456  Train L2 Loss :  0.40985871583987504
Epoch :  333  Epoch time :  0.04369440954178572  Train L2 Loss :  0.408839959364671
Epoch :  334  Epoch time :  0.04420839250087738  Train L2 Loss :  0.40823492331382555
Epoch :  335  Epoch time :  0.042518255300819874  Train L2 Loss :  0.4077522540703798
Epoch :  336  Epoch time :  0.04311578720808029  Train L2 Loss :  0.4068604616018442
Epoch :  337  Epoch time :  0.04398882482200861  Train L2 Loss :  0.4058057833940555
Epoch :  338  Epoch time :  0.04369397461414337  Train L2 Loss :  0.4052254786858192
Epoch :  339  Epoch time :  0.044254728592932224  Train L2 Loss :  0.40446336758442414
Epoch :  340  Epoch time :  0.04360136669129133  Train L2 Loss :  0.40399408951783794
Epoch :  341  Epoch time :  0.044348232448101044  Train L2 Loss :  0.40356623515104634
Epoch :  342  Epoch time :  0.043810722418129444  Train L2 Loss :  0.4026492864657671
Epoch :  343  Epoch time :  0.044256674125790596  Train L2 Loss :  0.40146232262635845
Epoch :  344  Epoch time :  0.043706974014639854  Train L2 Loss :  0.4015454176144722
Epoch :  345  Epoch time :  0.044213684275746346  Train L2 Loss :  0.40052435948298526
Epoch :  346  Epoch time :  0.04303443431854248  Train L2 Loss :  0.3999544687760182
Epoch :  347  Epoch time :  0.04260158818215132  Train L2 Loss :  0.39912688426482373
Epoch :  348  Epoch time :  0.044119405560195446  Train L2 Loss :  0.39827080567677814
Epoch :  349  Epoch time :  0.043606593273580074  Train L2 Loss :  0.397485736088875
Epoch :  350  Epoch time :  0.04422344919294119  Train L2 Loss :  0.396615159817231
Epoch :  351  Epoch time :  0.04351519513875246  Train L2 Loss :  0.39602965880662966
Epoch :  352  Epoch time :  0.04435591772198677  Train L2 Loss :  0.3952370943167271
Epoch :  353  Epoch time :  0.043586126528680325  Train L2 Loss :  0.3944564721523187
Epoch :  354  Epoch time :  0.044056651182472706  Train L2 Loss :  0.3938935353205754
Epoch :  355  Epoch time :  0.04354811739176512  Train L2 Loss :  0.39351097437051624
Epoch :  356  Epoch time :  0.04425719194114208  Train L2 Loss :  0.39267119688865465
Epoch :  357  Epoch time :  0.043957291170954704  Train L2 Loss :  0.3917156885831784
Epoch :  358  Epoch time :  0.043184288777410984  Train L2 Loss :  0.39140533483945406
Epoch :  359  Epoch time :  0.04409164562821388  Train L2 Loss :  0.39038792634621644
Epoch :  360  Epoch time :  0.04359818156808615  Train L2 Loss :  0.3895928401213426
Epoch :  361  Epoch time :  0.04423557501286268  Train L2 Loss :  0.3891581266354292
Epoch :  362  Epoch time :  0.04336058534681797  Train L2 Loss :  0.38857999520424086
Epoch :  363  Epoch time :  0.04431651532649994  Train L2 Loss :  0.3877773621143439
Epoch :  364  Epoch time :  0.043630351312458515  Train L2 Loss :  0.38702075603680736
Epoch :  365  Epoch time :  0.04448411986231804  Train L2 Loss :  0.3867131288235004
Epoch :  366  Epoch time :  0.04385149106383324  Train L2 Loss :  0.386377826715127
Epoch :  367  Epoch time :  0.04424446448683739  Train L2 Loss :  0.3859645800712781
Epoch :  368  Epoch time :  0.046046688221395016  Train L2 Loss :  0.3843069137671055
Epoch :  369  Epoch time :  0.04205893166363239  Train L2 Loss :  0.38332055776547164
Epoch :  370  Epoch time :  0.04439006932079792  Train L2 Loss :  0.38254358218266415
Epoch :  371  Epoch time :  0.04384763725101948  Train L2 Loss :  0.3824483798100398
Epoch :  372  Epoch time :  0.04445594269782305  Train L2 Loss :  0.3817647267610599
Epoch :  373  Epoch time :  0.04366218112409115  Train L2 Loss :  0.38101764825674206
Epoch :  374  Epoch time :  0.0442361431196332  Train L2 Loss :  0.37993743786445033
Epoch :  375  Epoch time :  0.04372755717486143  Train L2 Loss :  0.37914254726507723
Epoch :  376  Epoch time :  0.04413172882050276  Train L2 Loss :  0.37858953842749965
Epoch :  377  Epoch time :  0.04385136067867279  Train L2 Loss :  0.3780224445538643
Epoch :  378  Epoch time :  0.044401937164366245  Train L2 Loss :  0.37731096377739537
Epoch :  379  Epoch time :  0.04411479737609625  Train L2 Loss :  0.37634580868941087
Epoch :  380  Epoch time :  0.04185018688440323  Train L2 Loss :  0.3758292870643811
Epoch :  381  Epoch time :  0.04415438883006573  Train L2 Loss :  0.3755778410495856
Epoch :  382  Epoch time :  0.04369301628321409  Train L2 Loss :  0.3743322140131241
Epoch :  383  Epoch time :  0.04419222753494978  Train L2 Loss :  0.37349425218044185
Epoch :  384  Epoch time :  0.04390770010650158  Train L2 Loss :  0.37264470259348553
Epoch :  385  Epoch time :  0.04422885086387396  Train L2 Loss :  0.3719665820782001
Epoch :  386  Epoch time :  0.04376370459794998  Train L2 Loss :  0.3712131029520279
Epoch :  387  Epoch time :  0.043971470557153225  Train L2 Loss :  0.370689440996219
Epoch :  388  Epoch time :  0.043901522643864155  Train L2 Loss :  0.3703461121290158
Epoch :  389  Epoch time :  0.044024848379194736  Train L2 Loss :  0.37049582065680087
Epoch :  390  Epoch time :  0.04430728778243065  Train L2 Loss :  0.3693973162235358
Epoch :  391  Epoch time :  0.04144412651658058  Train L2 Loss :  0.368877921348963
Epoch :  392  Epoch time :  0.044214184395968914  Train L2 Loss :  0.3678676317899655
Epoch :  393  Epoch time :  0.043753430247306824  Train L2 Loss :  0.3669087046231979
Epoch :  394  Epoch time :  0.04416768252849579  Train L2 Loss :  0.36669753148005557
Epoch :  395  Epoch time :  0.04366917256265879  Train L2 Loss :  0.36566926271487504
Epoch :  396  Epoch time :  0.044361223466694355  Train L2 Loss :  0.3650238361114111
Epoch :  397  Epoch time :  0.04375704377889633  Train L2 Loss :  0.3645692085608458
Epoch :  398  Epoch time :  0.04420335404574871  Train L2 Loss :  0.36383625177236706
Epoch :  399  Epoch time :  0.04374698456376791  Train L2 Loss :  0.36297996227557844
Epoch :  400  Epoch time :  0.04391637444496155  Train L2 Loss :  0.3616229173464653
Epoch :  401  Epoch time :  0.044301667250692844  Train L2 Loss :  0.3607617433254535
Epoch :  402  Epoch time :  0.04168988298624754  Train L2 Loss :  0.36031648440238756
Epoch :  403  Epoch time :  0.04428855236619711  Train L2 Loss :  0.35995114460969585
Epoch :  404  Epoch time :  0.04370095208287239  Train L2 Loss :  0.3595559780414288
Epoch :  405  Epoch time :  0.04396017827093601  Train L2 Loss :  0.35917074252397585
Epoch :  406  Epoch time :  0.04379678424447775  Train L2 Loss :  0.358863876416133
Epoch :  407  Epoch time :  0.04403094761073589  Train L2 Loss :  0.3584779164729974
Epoch :  408  Epoch time :  0.0439052963629365  Train L2 Loss :  0.3582774798075358
Epoch :  409  Epoch time :  0.04398041032254696  Train L2 Loss :  0.35781151820451784
Epoch :  410  Epoch time :  0.04441035259515047  Train L2 Loss :  0.3574943328515077
Epoch :  411  Epoch time :  0.0436936104670167  Train L2 Loss :  0.357313104164906
Epoch :  412  Epoch time :  0.04416796285659075  Train L2 Loss :  0.35674350383954173
Epoch :  413  Epoch time :  0.04154554661363363  Train L2 Loss :  0.35639684016887957
Epoch :  414  Epoch time :  0.04410927556455135  Train L2 Loss :  0.35606040098728275
Epoch :  415  Epoch time :  0.043763901107013226  Train L2 Loss :  0.3557867025717711
Epoch :  416  Epoch time :  0.0442942138761282  Train L2 Loss :  0.3553890754015018
Epoch :  417  Epoch time :  0.043974727392196655  Train L2 Loss :  0.35511847948416686
Epoch :  418  Epoch time :  0.04424571804702282  Train L2 Loss :  0.3547476896872887
Epoch :  419  Epoch time :  0.04416274279356003  Train L2 Loss :  0.3544346583195222
Epoch :  420  Epoch time :  0.04379686154425144  Train L2 Loss :  0.35413835598872256
Epoch :  421  Epoch time :  0.04403935093432665  Train L2 Loss :  0.35389279707884175
Epoch :  422  Epoch time :  0.0435343598946929  Train L2 Loss :  0.35346729327470827
Epoch :  423  Epoch time :  0.044067468494176865  Train L2 Loss :  0.3531137674282759
Epoch :  424  Epoch time :  0.04142556805163622  Train L2 Loss :  0.3528343591934595
Epoch :  425  Epoch time :  0.04425364080816507  Train L2 Loss :  0.3524997815107688
Epoch :  426  Epoch time :  0.043789612129330635  Train L2 Loss :  0.3522148193457188
Epoch :  427  Epoch time :  0.04430349078029394  Train L2 Loss :  0.3518602267289773
Epoch :  428  Epoch time :  0.04412781447172165  Train L2 Loss :  0.3516321579615275
Epoch :  429  Epoch time :  0.04403915349394083  Train L2 Loss :  0.3512402192140237
Epoch :  430  Epoch time :  0.044323453679680824  Train L2 Loss :  0.350851928576445
Epoch :  431  Epoch time :  0.04378542676568031  Train L2 Loss :  0.3505211457228049
Epoch :  432  Epoch time :  0.04422873165458441  Train L2 Loss :  0.35012262906783664
Epoch :  433  Epoch time :  0.04353434219956398  Train L2 Loss :  0.3499859418624487
Epoch :  434  Epoch time :  0.044214931316673756  Train L2 Loss :  0.3496070580604749
Epoch :  435  Epoch time :  0.04137588944286108  Train L2 Loss :  0.3493835742657001
Epoch :  436  Epoch time :  0.044005656614899635  Train L2 Loss :  0.3490155171125363
Epoch :  437  Epoch time :  0.04393007233738899  Train L2 Loss :  0.34850627948076296
Epoch :  438  Epoch time :  0.044090429320931435  Train L2 Loss :  0.3482574682969313
Epoch :  439  Epoch time :  0.04412854928523302  Train L2 Loss :  0.347975003413665
Epoch :  440  Epoch time :  0.04383784160017967  Train L2 Loss :  0.3476070960362752
Epoch :  441  Epoch time :  0.0442258482798934  Train L2 Loss :  0.347314470853561
Epoch :  442  Epoch time :  0.04370287898927927  Train L2 Loss :  0.3470710332577045
Epoch :  443  Epoch time :  0.044221014715731144  Train L2 Loss :  0.3468886736111763
Epoch :  444  Epoch time :  0.04374655615538359  Train L2 Loss :  0.3463698167067308
Epoch :  445  Epoch time :  0.044445136561989784  Train L2 Loss :  0.3461678394904503
Epoch :  446  Epoch time :  0.04189118091017008  Train L2 Loss :  0.34578660206917006
Epoch :  447  Epoch time :  0.044397128745913506  Train L2 Loss :  0.34559127611991686
Epoch :  448  Epoch time :  0.04404543060809374  Train L2 Loss :  0.3451794385910034
Epoch :  449  Epoch time :  0.044293295592069626  Train L2 Loss :  0.3449200391769409
Epoch :  450  Epoch time :  0.04417876806110144  Train L2 Loss :  0.34465069342882204
Epoch :  451  Epoch time :  0.043711353093385696  Train L2 Loss :  0.3442154633693206
Epoch :  452  Epoch time :  0.04413769580423832  Train L2 Loss :  0.34399556196652925
Epoch :  453  Epoch time :  0.04365947376936674  Train L2 Loss :  0.3435337726886456
Epoch :  454  Epoch time :  0.04446019325405359  Train L2 Loss :  0.34324435087350696
Epoch :  455  Epoch time :  0.04375256970524788  Train L2 Loss :  0.34290176477187717
Epoch :  456  Epoch time :  0.0442075626924634  Train L2 Loss :  0.34261342653861415
Epoch :  457  Epoch time :  0.04187455028295517  Train L2 Loss :  0.34233063612228787
Epoch :  458  Epoch time :  0.04405513685196638  Train L2 Loss :  0.34220583010942507
Epoch :  459  Epoch time :  0.04597524460405111  Train L2 Loss :  0.3421942836199051
Epoch :  460  Epoch time :  0.04396213311702013  Train L2 Loss :  0.3415718735792698
Epoch :  461  Epoch time :  0.04426345136016607  Train L2 Loss :  0.34105804791817296
Epoch :  462  Epoch time :  0.04364560358226299  Train L2 Loss :  0.3407571438031319
Epoch :  463  Epoch time :  0.044301451183855534  Train L2 Loss :  0.3403856662603525
Epoch :  464  Epoch time :  0.043760331347584724  Train L2 Loss :  0.340121281452668
Epoch :  465  Epoch time :  0.04414697736501694  Train L2 Loss :  0.3397741959645198
Epoch :  466  Epoch time :  0.04452024772763252  Train L2 Loss :  0.3395594113912338
Epoch :  467  Epoch time :  0.0442604785785079  Train L2 Loss :  0.33928938401051056
Epoch :  468  Epoch time :  0.04196946881711483  Train L2 Loss :  0.3390238957527356
Epoch :  469  Epoch time :  0.044197347946465015  Train L2 Loss :  0.3386476376117804
Epoch :  470  Epoch time :  0.04424676485359669  Train L2 Loss :  0.33842583803030163
Epoch :  471  Epoch time :  0.04383054096251726  Train L2 Loss :  0.33810554100916934
Epoch :  472  Epoch time :  0.044735911302268505  Train L2 Loss :  0.337864631261581
Epoch :  473  Epoch time :  0.04439041577279568  Train L2 Loss :  0.3375822000014476
Epoch :  474  Epoch time :  0.04432786535471678  Train L2 Loss :  0.337103987351442
Epoch :  475  Epoch time :  0.043705977499485016  Train L2 Loss :  0.3368870508976472
Epoch :  476  Epoch time :  0.04434007778763771  Train L2 Loss :  0.33660526153368825
Epoch :  477  Epoch time :  0.04376559890806675  Train L2 Loss :  0.3362726263510875
Epoch :  478  Epoch time :  0.04414386395365  Train L2 Loss :  0.3359141258093027
Epoch :  479  Epoch time :  0.04211932886391878  Train L2 Loss :  0.33571828022981304
Epoch :  480  Epoch time :  0.041764602065086365  Train L2 Loss :  0.3353632138325618
Epoch :  481  Epoch time :  0.044390217401087284  Train L2 Loss :  0.33511532575656205
Epoch :  482  Epoch time :  0.04366516601294279  Train L2 Loss :  0.3347347332881047
Epoch :  483  Epoch time :  0.04414927773177624  Train L2 Loss :  0.3344745758252266
Epoch :  484  Epoch time :  0.04350281786173582  Train L2 Loss :  0.3342369428047767
Epoch :  485  Epoch time :  0.044272491708397865  Train L2 Loss :  0.333736382997953
Epoch :  486  Epoch time :  0.04380090907216072  Train L2 Loss :  0.3335383427448762
Epoch :  487  Epoch time :  0.044109271839261055  Train L2 Loss :  0.3332253052638127
Epoch :  488  Epoch time :  0.043960729613900185  Train L2 Loss :  0.3329335007912073
Epoch :  489  Epoch time :  0.04404552932828665  Train L2 Loss :  0.3326145624503111
Epoch :  490  Epoch time :  0.04402822908014059  Train L2 Loss :  0.33233834841312504
Epoch :  491  Epoch time :  0.04202318098396063  Train L2 Loss :  0.33193993721252835
Epoch :  492  Epoch time :  0.04423246905207634  Train L2 Loss :  0.3316058409519685
Epoch :  493  Epoch time :  0.043630363419651985  Train L2 Loss :  0.331332157819699
Epoch :  494  Epoch time :  0.0463820593431592  Train L2 Loss :  0.33093723272665954
Epoch :  495  Epoch time :  0.04390645585954189  Train L2 Loss :  0.33076004492930877
Epoch :  496  Epoch time :  0.04422529600560665  Train L2 Loss :  0.33036757432497466
Epoch :  497  Epoch time :  0.04372879769653082  Train L2 Loss :  0.3302867045769325
Epoch :  498  Epoch time :  0.04414400365203619  Train L2 Loss :  0.32999162796216136
Epoch :  499  Epoch time :  0.04387060645967722  Train L2 Loss :  0.32965249434495586
Epoch :  500  Epoch time :  0.04445031192153692  Train L2 Loss :  0.32895385607694966
Epoch :  501  Epoch time :  0.043882167898118496  Train L2 Loss :  0.3288115721482497
Epoch :  502  Epoch time :  0.04215756244957447  Train L2 Loss :  0.3285607833128709
Epoch :  503  Epoch time :  0.044283993542194366  Train L2 Loss :  0.328342141249241
Epoch :  504  Epoch time :  0.04366529546678066  Train L2 Loss :  0.32817629056099135
Epoch :  505  Epoch time :  0.04423870984464884  Train L2 Loss :  0.32800881220744205
Epoch :  506  Epoch time :  0.043854580260813236  Train L2 Loss :  0.32789251131889147
Epoch :  507  Epoch time :  0.04442652873694897  Train L2 Loss :  0.3278090067398854
Epoch :  508  Epoch time :  0.04374506790190935  Train L2 Loss :  0.3275664723836459
Epoch :  509  Epoch time :  0.04412269685417414  Train L2 Loss :  0.3274456308438228
Epoch :  510  Epoch time :  0.04360716510564089  Train L2 Loss :  0.3273029999855237
Epoch :  511  Epoch time :  0.0442439503967762  Train L2 Loss :  0.32714693668561107
Epoch :  512  Epoch time :  0.04390588402748108  Train L2 Loss :  0.32697986180965716
Epoch :  513  Epoch time :  0.04207046236842871  Train L2 Loss :  0.3269425263771644
Epoch :  514  Epoch time :  0.04427424632012844  Train L2 Loss :  0.32668158335563463
Epoch :  515  Epoch time :  0.04381457902491093  Train L2 Loss :  0.32651552175864196
Epoch :  516  Epoch time :  0.04430802445858717  Train L2 Loss :  0.3263738124798506
Epoch :  517  Epoch time :  0.04376330506056547  Train L2 Loss :  0.326237053443224
Epoch :  518  Epoch time :  0.04415538627654314  Train L2 Loss :  0.3260435416148259
Epoch :  519  Epoch time :  0.04363575857132673  Train L2 Loss :  0.32594500749539107
Epoch :  520  Epoch time :  0.04404161125421524  Train L2 Loss :  0.32584068408379185
Epoch :  521  Epoch time :  0.0439616646617651  Train L2 Loss :  0.3256473250878163
Epoch :  522  Epoch time :  0.04431562591344118  Train L2 Loss :  0.32547588378955156
Epoch :  523  Epoch time :  0.04423598013818264  Train L2 Loss :  0.3253146257155981
Epoch :  524  Epoch time :  0.041908157989382744  Train L2 Loss :  0.32516426917834157
Epoch :  525  Epoch time :  0.04417237173765898  Train L2 Loss :  0.3250331114499997
Epoch :  526  Epoch time :  0.04353328514844179  Train L2 Loss :  0.32492492137811124
Epoch :  527  Epoch time :  0.044109261594712734  Train L2 Loss :  0.3247272509794969
Epoch :  528  Epoch time :  0.04350667539983988  Train L2 Loss :  0.32462198917682356
Epoch :  529  Epoch time :  0.04433062020689249  Train L2 Loss :  0.3244639359987699
Epoch :  530  Epoch time :  0.04385089874267578  Train L2 Loss :  0.3243077382063254
Epoch :  531  Epoch time :  0.04420907981693745  Train L2 Loss :  0.3242167754051013
Epoch :  532  Epoch time :  0.04381477553397417  Train L2 Loss :  0.3240062762529422
Epoch :  533  Epoch time :  0.044113874435424805  Train L2 Loss :  0.3238431215286255
Epoch :  534  Epoch time :  0.044217463582754135  Train L2 Loss :  0.3237127310190445
Epoch :  535  Epoch time :  0.041612742468714714  Train L2 Loss :  0.32354472233698917
Epoch :  536  Epoch time :  0.044180041179060936  Train L2 Loss :  0.3233872713186802
Epoch :  537  Epoch time :  0.04356800299137831  Train L2 Loss :  0.3232489075416174
Epoch :  538  Epoch time :  0.044275688007473946  Train L2 Loss :  0.3230568965276082
Epoch :  539  Epoch time :  0.043756221421062946  Train L2 Loss :  0.3229465790283986
Epoch :  540  Epoch time :  0.04418334178626537  Train L2 Loss :  0.32278089951246214
Epoch :  541  Epoch time :  0.043897111900150776  Train L2 Loss :  0.32263101369906694
Epoch :  542  Epoch time :  0.04398567508906126  Train L2 Loss :  0.3224917069459573
Epoch :  543  Epoch time :  0.04406326450407505  Train L2 Loss :  0.32235660002781796
Epoch :  544  Epoch time :  0.043627248145639896  Train L2 Loss :  0.3222763996857863
Epoch :  545  Epoch time :  0.04426425974816084  Train L2 Loss :  0.3220424438134218
Epoch :  546  Epoch time :  0.04127343185245991  Train L2 Loss :  0.32180875081282395
Epoch :  547  Epoch time :  0.04404750745743513  Train L2 Loss :  0.3216771208322965
Epoch :  548  Epoch time :  0.04362969379872084  Train L2 Loss :  0.32149979090079284
Epoch :  549  Epoch time :  0.04428784362971783  Train L2 Loss :  0.3213424575634492
Epoch :  550  Epoch time :  0.04382391460239887  Train L2 Loss :  0.3211796039190048
Epoch :  551  Epoch time :  0.044277201406657696  Train L2 Loss :  0.32106659351251066
Epoch :  552  Epoch time :  0.044150734320282936  Train L2 Loss :  0.3209320627726041
Epoch :  553  Epoch time :  0.04400690644979477  Train L2 Loss :  0.3207420844298143
Epoch :  554  Epoch time :  0.04428741708397865  Train L2 Loss :  0.3205583034417568
Epoch :  555  Epoch time :  0.043618650175631046  Train L2 Loss :  0.32036323119432497
Epoch :  556  Epoch time :  0.04410572722554207  Train L2 Loss :  0.3202040929060716
Epoch :  557  Epoch time :  0.04132313374429941  Train L2 Loss :  0.32006888206188494
Epoch :  558  Epoch time :  0.04419403523206711  Train L2 Loss :  0.31988290334359193
Epoch :  559  Epoch time :  0.04359998647123575  Train L2 Loss :  0.3197399866886628
Epoch :  560  Epoch time :  0.04409239999949932  Train L2 Loss :  0.3195700859412169
Epoch :  561  Epoch time :  0.04402932245284319  Train L2 Loss :  0.31941068172454834
Epoch :  562  Epoch time :  0.04406891204416752  Train L2 Loss :  0.31926219891279173
Epoch :  563  Epoch time :  0.04419680591672659  Train L2 Loss :  0.3190647256680024
Epoch :  564  Epoch time :  0.04545826371759176  Train L2 Loss :  0.3189999017959986
Epoch :  565  Epoch time :  0.043962677009403706  Train L2 Loss :  0.3188281135681348
Epoch :  566  Epoch time :  0.043451291508972645  Train L2 Loss :  0.31864140125421375
Epoch :  567  Epoch time :  0.044096123427152634  Train L2 Loss :  0.3185239388392522
Epoch :  568  Epoch time :  0.04129423573613167  Train L2 Loss :  0.3183794785768558
Epoch :  569  Epoch time :  0.043922796845436096  Train L2 Loss :  0.3182762677852924
Epoch :  570  Epoch time :  0.04393482580780983  Train L2 Loss :  0.31814016745640683
Epoch :  571  Epoch time :  0.04506960045546293  Train L2 Loss :  0.3180358409881592
Epoch :  572  Epoch time :  0.04414529073983431  Train L2 Loss :  0.31769058184745985
Epoch :  573  Epoch time :  0.04367101937532425  Train L2 Loss :  0.3176096723629878
Epoch :  574  Epoch time :  0.04437594301998615  Train L2 Loss :  0.3174256529563513
Epoch :  575  Epoch time :  0.04396979697048664  Train L2 Loss :  0.31728481635069233
Epoch :  576  Epoch time :  0.04419564642012119  Train L2 Loss :  0.31707132473970073
Epoch :  577  Epoch time :  0.04389390908181667  Train L2 Loss :  0.31700489154228795
Epoch :  578  Epoch time :  0.044326724484562874  Train L2 Loss :  0.31687572063543856
Epoch :  579  Epoch time :  0.041953626088798046  Train L2 Loss :  0.31673638484416866
Epoch :  580  Epoch time :  0.04405758157372475  Train L2 Loss :  0.3164922304642506
Epoch :  581  Epoch time :  0.04408555757254362  Train L2 Loss :  0.31636963135156876
Epoch :  582  Epoch time :  0.043797253631055355  Train L2 Loss :  0.31620262525020504
Epoch :  583  Epoch time :  0.044252597726881504  Train L2 Loss :  0.3160117956308218
Epoch :  584  Epoch time :  0.04376901499927044  Train L2 Loss :  0.31591773950136626
Epoch :  585  Epoch time :  0.04441468697041273  Train L2 Loss :  0.31583240857491124
Epoch :  586  Epoch time :  0.04385060165077448  Train L2 Loss :  0.3157030588541275
Epoch :  587  Epoch time :  0.04459874238818884  Train L2 Loss :  0.3155005604792864
Epoch :  588  Epoch time :  0.0437762588262558  Train L2 Loss :  0.31530658709697235
Epoch :  589  Epoch time :  0.04426932893693447  Train L2 Loss :  0.3151058310117477
Epoch :  590  Epoch time :  0.042036392726004124  Train L2 Loss :  0.31503134201734495
Epoch :  591  Epoch time :  0.04383619595319033  Train L2 Loss :  0.31493179003397626
Epoch :  592  Epoch time :  0.04408032912760973  Train L2 Loss :  0.3146838041452261
Epoch :  593  Epoch time :  0.04361425433307886  Train L2 Loss :  0.31459131607642543
Epoch :  594  Epoch time :  0.04414170701056719  Train L2 Loss :  0.3144413859416277
Epoch :  595  Epoch time :  0.04376025311648846  Train L2 Loss :  0.3141335738010896
Epoch :  596  Epoch time :  0.04411944933235645  Train L2 Loss :  0.3140118427765675
Epoch :  597  Epoch time :  0.043628853745758533  Train L2 Loss :  0.31389920528118426
Epoch :  598  Epoch time :  0.04421238787472248  Train L2 Loss :  0.3136673416846838
Epoch :  599  Epoch time :  0.0436629680916667  Train L2 Loss :  0.31350837915371627
Epoch :  600  Epoch time :  0.04441783390939236  Train L2 Loss :  0.31328060840949035
Epoch :  601  Epoch time :  0.04235908295959234  Train L2 Loss :  0.31316138842166996
Epoch :  602  Epoch time :  0.043345144018530846  Train L2 Loss :  0.31303246815999347
Epoch :  603  Epoch time :  0.04413181263953447  Train L2 Loss :  0.31298389343115
Epoch :  604  Epoch time :  0.04380499478429556  Train L2 Loss :  0.3128914741369394
Epoch :  605  Epoch time :  0.04405600856989622  Train L2 Loss :  0.3127829570036668
Epoch :  606  Epoch time :  0.043645731173455715  Train L2 Loss :  0.3127530263020442
Epoch :  607  Epoch time :  0.044209822081029415  Train L2 Loss :  0.3126709751593761
Epoch :  608  Epoch time :  0.04351703263819218  Train L2 Loss :  0.3125645411320222
Epoch :  609  Epoch time :  0.04423633683472872  Train L2 Loss :  0.31249774266511965
Epoch :  610  Epoch time :  0.04368117265403271  Train L2 Loss :  0.312413310393309
Epoch :  611  Epoch time :  0.04429882764816284  Train L2 Loss :  0.3123412193396153
Epoch :  612  Epoch time :  0.042812286876142025  Train L2 Loss :  0.3122344781190921
Epoch :  613  Epoch time :  0.0429407162591815  Train L2 Loss :  0.3121663225002778
Epoch :  614  Epoch time :  0.0444395961239934  Train L2 Loss :  0.31212545663882524
Epoch :  615  Epoch time :  0.04361498635262251  Train L2 Loss :  0.31202552563104874
Epoch :  616  Epoch time :  0.044348081573843956  Train L2 Loss :  0.3119207681753697
Epoch :  617  Epoch time :  0.04352598264813423  Train L2 Loss :  0.3118716600613716
Epoch :  618  Epoch time :  0.04404971934854984  Train L2 Loss :  0.3118078616949228
Epoch :  619  Epoch time :  0.04365716688334942  Train L2 Loss :  0.3117300470670064
Epoch :  620  Epoch time :  0.04402991756796837  Train L2 Loss :  0.31164020147079075
Epoch :  621  Epoch time :  0.04369367565959692  Train L2 Loss :  0.3115566051923312
Epoch :  622  Epoch time :  0.0441946592181921  Train L2 Loss :  0.31146441667507857
Epoch :  623  Epoch time :  0.04317445773631334  Train L2 Loss :  0.3113771875699361
Epoch :  624  Epoch time :  0.04234088771045208  Train L2 Loss :  0.3113151849844517
Epoch :  625  Epoch time :  0.044205306097865105  Train L2 Loss :  0.31121076223177785
Epoch :  626  Epoch time :  0.043783798813819885  Train L2 Loss :  0.31114371311970246
Epoch :  627  Epoch time :  0.044299378991127014  Train L2 Loss :  0.31108009815216064
Epoch :  628  Epoch time :  0.043603476136922836  Train L2 Loss :  0.31097736725440395
Epoch :  629  Epoch time :  0.04412788990885019  Train L2 Loss :  0.3109021859291272
Epoch :  630  Epoch time :  0.04364793747663498  Train L2 Loss :  0.31084227867615527
Epoch :  631  Epoch time :  0.04427150171250105  Train L2 Loss :  0.31074849458841175
Epoch :  632  Epoch time :  0.043652850203216076  Train L2 Loss :  0.31067859209500825
Epoch :  633  Epoch time :  0.04419371206313372  Train L2 Loss :  0.310600479443868
Epoch :  634  Epoch time :  0.04359915293753147  Train L2 Loss :  0.31051732637943363
Epoch :  635  Epoch time :  0.04211887251585722  Train L2 Loss :  0.3104700721227206
Epoch :  636  Epoch time :  0.04414308909326792  Train L2 Loss :  0.3103444469280732
Epoch :  637  Epoch time :  0.04389007203280926  Train L2 Loss :  0.3102997633127066
Epoch :  638  Epoch time :  0.045893991366028786  Train L2 Loss :  0.3101558226805467
Epoch :  639  Epoch time :  0.04377603903412819  Train L2 Loss :  0.3101030190785726
Epoch :  640  Epoch time :  0.04424628987908363  Train L2 Loss :  0.31001922717461217
Epoch :  641  Epoch time :  0.043716415762901306  Train L2 Loss :  0.3099247217178345
Epoch :  642  Epoch time :  0.04423716105520725  Train L2 Loss :  0.309847246377896
Epoch :  643  Epoch time :  0.043779549188911915  Train L2 Loss :  0.3097679187089969
Epoch :  644  Epoch time :  0.04416695889085531  Train L2 Loss :  0.3097116488676805
Epoch :  645  Epoch time :  0.044017826206982136  Train L2 Loss :  0.3096171204860394
Epoch :  646  Epoch time :  0.04211570601910353  Train L2 Loss :  0.3095333056572156
Epoch :  647  Epoch time :  0.04421585705131292  Train L2 Loss :  0.3094661908271985
Epoch :  648  Epoch time :  0.043881550431251526  Train L2 Loss :  0.3094032055292374
Epoch :  649  Epoch time :  0.04600841086357832  Train L2 Loss :  0.30929297055953586
Epoch :  650  Epoch time :  0.04384881071746349  Train L2 Loss :  0.30921144974537385
Epoch :  651  Epoch time :  0.04422631207853556  Train L2 Loss :  0.3091034828088222
Epoch :  652  Epoch time :  0.04375865962356329  Train L2 Loss :  0.30902359118828404
Epoch :  653  Epoch time :  0.04431995004415512  Train L2 Loss :  0.30894815310453755
Epoch :  654  Epoch time :  0.04370460193604231  Train L2 Loss :  0.3089089179650331
Epoch :  655  Epoch time :  0.044157812371850014  Train L2 Loss :  0.30878113477658004
Epoch :  656  Epoch time :  0.04387062042951584  Train L2 Loss :  0.3087066060457474
Epoch :  657  Epoch time :  0.04177972115576267  Train L2 Loss :  0.30862722182885194
Epoch :  658  Epoch time :  0.04436218831688166  Train L2 Loss :  0.30852721593318844
Epoch :  659  Epoch time :  0.043894482776522636  Train L2 Loss :  0.3084933238151746
Epoch :  660  Epoch time :  0.04414977226406336  Train L2 Loss :  0.30838304146742207
Epoch :  661  Epoch time :  0.04381319135427475  Train L2 Loss :  0.3083520837319203
Epoch :  662  Epoch time :  0.044151379726827145  Train L2 Loss :  0.30822551556122607
Epoch :  663  Epoch time :  0.04378470592200756  Train L2 Loss :  0.30811174099261945
Epoch :  664  Epoch time :  0.04406045004725456  Train L2 Loss :  0.30804981940831894
Epoch :  665  Epoch time :  0.04357446916401386  Train L2 Loss :  0.30799957727774596
Epoch :  666  Epoch time :  0.04426307883113623  Train L2 Loss :  0.3078637948402992
Epoch :  667  Epoch time :  0.04426300432533026  Train L2 Loss :  0.30778949688642454
Epoch :  668  Epoch time :  0.04189378768205643  Train L2 Loss :  0.307715498484098
Epoch :  669  Epoch time :  0.04437023028731346  Train L2 Loss :  0.30756590916560245
Epoch :  670  Epoch time :  0.04375943448394537  Train L2 Loss :  0.30750304613357937
Epoch :  671  Epoch time :  0.04440588876605034  Train L2 Loss :  0.3074260888955532
Epoch :  672  Epoch time :  0.043698716908693314  Train L2 Loss :  0.3073794505535028
Epoch :  673  Epoch time :  0.04423241876065731  Train L2 Loss :  0.30731071875645566
Epoch :  674  Epoch time :  0.0440162206068635  Train L2 Loss :  0.3071787632428683
Epoch :  675  Epoch time :  0.04457820300012827  Train L2 Loss :  0.307089029214321
Epoch :  676  Epoch time :  0.044051638804376125  Train L2 Loss :  0.3069990934469761
Epoch :  677  Epoch time :  0.04437826760113239  Train L2 Loss :  0.30690576938482433
Epoch :  678  Epoch time :  0.04431383591145277  Train L2 Loss :  0.3067983694565602
Epoch :  679  Epoch time :  0.0419559720903635  Train L2 Loss :  0.3067276187432118
Epoch :  680  Epoch time :  0.044205937534570694  Train L2 Loss :  0.3066340073561057
Epoch :  681  Epoch time :  0.04375994857400656  Train L2 Loss :  0.306555307828463
Epoch :  682  Epoch time :  0.04451060760766268  Train L2 Loss :  0.30649343056556505
Epoch :  683  Epoch time :  0.0437650578096509  Train L2 Loss :  0.30640093179849476
Epoch :  684  Epoch time :  0.04443709831684828  Train L2 Loss :  0.30633829343013275
Epoch :  685  Epoch time :  0.04380027577280998  Train L2 Loss :  0.306244507814065
Epoch :  686  Epoch time :  0.044384460896253586  Train L2 Loss :  0.3061280097716894
Epoch :  687  Epoch time :  0.04404730815440416  Train L2 Loss :  0.30604493159514207
Epoch :  688  Epoch time :  0.04427202790975571  Train L2 Loss :  0.30600926050773036
Epoch :  689  Epoch time :  0.04440717399120331  Train L2 Loss :  0.3059542790437356
Epoch :  690  Epoch time :  0.04172990843653679  Train L2 Loss :  0.30579900130247456
Epoch :  691  Epoch time :  0.04437501262873411  Train L2 Loss :  0.30572712115752393
Epoch :  692  Epoch time :  0.04384895786643028  Train L2 Loss :  0.3056205495809897
Epoch :  693  Epoch time :  0.044408020563423634  Train L2 Loss :  0.30560438602398604
Epoch :  694  Epoch time :  0.043543675914406776  Train L2 Loss :  0.3054387798676124
Epoch :  695  Epoch time :  0.0442168153822422  Train L2 Loss :  0.30536437645936626
Epoch :  696  Epoch time :  0.0439708111807704  Train L2 Loss :  0.3052967679806245
Epoch :  697  Epoch time :  0.04448932595551014  Train L2 Loss :  0.3051947691501715
Epoch :  698  Epoch time :  0.044172246009111404  Train L2 Loss :  0.3051406985674149
Epoch :  699  Epoch time :  0.04418585728853941  Train L2 Loss :  0.3050770178819314
Epoch :  700  Epoch time :  0.04428188782185316  Train L2 Loss :  0.3048587135779552
Epoch :  701  Epoch time :  0.04157527443021536  Train L2 Loss :  0.30480820399064285
Epoch :  702  Epoch time :  0.0445912666618824  Train L2 Loss :  0.30474050839742023
Epoch :  703  Epoch time :  0.0447136964648962  Train L2 Loss :  0.3047183538094545
Epoch :  704  Epoch time :  0.044535595923662186  Train L2 Loss :  0.30468599307231414
Epoch :  705  Epoch time :  0.04371475521475077  Train L2 Loss :  0.3046234036103273
Epoch :  706  Epoch time :  0.04427159018814564  Train L2 Loss :  0.30457922434195495
Epoch :  707  Epoch time :  0.04400975815951824  Train L2 Loss :  0.30453381477258146
Epoch :  708  Epoch time :  0.044396248646080494  Train L2 Loss :  0.3044991019444588
Epoch :  709  Epoch time :  0.044118186458945274  Train L2 Loss :  0.3044531971980364
Epoch :  710  Epoch time :  0.04423127882182598  Train L2 Loss :  0.3044108427487887
Epoch :  711  Epoch time :  0.04451180901378393  Train L2 Loss :  0.3043547929861607
Epoch :  712  Epoch time :  0.04392062034457922  Train L2 Loss :  0.30430803696314496
Epoch :  713  Epoch time :  0.045292374677956104  Train L2 Loss :  0.30426390048785085
Epoch :  714  Epoch time :  0.044344449415802956  Train L2 Loss :  0.3042149727161114
Epoch :  715  Epoch time :  0.044841114431619644  Train L2 Loss :  0.3041741221379011
Epoch :  716  Epoch time :  0.044040015898644924  Train L2 Loss :  0.30413156747817993
Epoch :  717  Epoch time :  0.04467984568327665  Train L2 Loss :  0.30408696639232147
Epoch :  718  Epoch time :  0.04392165504395962  Train L2 Loss :  0.3040563341898796
Epoch :  719  Epoch time :  0.04452270641922951  Train L2 Loss :  0.304050454726586
Epoch :  720  Epoch time :  0.044521345756947994  Train L2 Loss :  0.3039748363005809
Epoch :  721  Epoch time :  0.044512487947940826  Train L2 Loss :  0.30392686831645477
Epoch :  722  Epoch time :  0.04470053967088461  Train L2 Loss :  0.3038787230467185
Epoch :  723  Epoch time :  0.04194547142833471  Train L2 Loss :  0.30382232482616717
Epoch :  724  Epoch time :  0.044583747163414955  Train L2 Loss :  0.3037787003394885
Epoch :  725  Epoch time :  0.044156004674732685  Train L2 Loss :  0.3037468897990691
Epoch :  726  Epoch time :  0.04448375850915909  Train L2 Loss :  0.3037044467070164
Epoch :  727  Epoch time :  0.04589160904288292  Train L2 Loss :  0.30365147498937756
Epoch :  728  Epoch time :  0.04472612962126732  Train L2 Loss :  0.30362000832190883
Epoch :  729  Epoch time :  0.04425151273608208  Train L2 Loss :  0.30357924791482777
Epoch :  730  Epoch time :  0.04455608781427145  Train L2 Loss :  0.303519789989178
Epoch :  731  Epoch time :  0.043805917724967  Train L2 Loss :  0.3034806006994003
Epoch :  732  Epoch time :  0.04454436153173447  Train L2 Loss :  0.3034099111190209
Epoch :  733  Epoch time :  0.04413032438606024  Train L2 Loss :  0.30337426906976944
Epoch :  734  Epoch time :  0.04241468571126461  Train L2 Loss :  0.3033378017254365
Epoch :  735  Epoch time :  0.04464763682335615  Train L2 Loss :  0.3032928521816547
Epoch :  736  Epoch time :  0.043968248181045055  Train L2 Loss :  0.30325461962284184
Epoch :  737  Epoch time :  0.04441602993756533  Train L2 Loss :  0.3032048405745091
Epoch :  738  Epoch time :  0.04402900952845812  Train L2 Loss :  0.3031653349216168
Epoch :  739  Epoch time :  0.0446697399020195  Train L2 Loss :  0.30310482245225173
Epoch :  740  Epoch time :  0.04379894770681858  Train L2 Loss :  0.3030726206608308
Epoch :  741  Epoch time :  0.04452071525156498  Train L2 Loss :  0.3030164700288039
Epoch :  742  Epoch time :  0.04429171700030565  Train L2 Loss :  0.3029720416435829
Epoch :  743  Epoch time :  0.044417050667107105  Train L2 Loss :  0.3029557084425902
Epoch :  744  Epoch time :  0.04410418029874563  Train L2 Loss :  0.30289384034963757
Epoch :  745  Epoch time :  0.042463759891688824  Train L2 Loss :  0.3028331291981233
Epoch :  746  Epoch time :  0.044542073272168636  Train L2 Loss :  0.3027645288369594
Epoch :  747  Epoch time :  0.043819417245686054  Train L2 Loss :  0.30274535142458403
Epoch :  748  Epoch time :  0.04478830564767122  Train L2 Loss :  0.30270807101176334
Epoch :  749  Epoch time :  0.04377898946404457  Train L2 Loss :  0.3026443674014165
Epoch :  750  Epoch time :  0.044488102197647095  Train L2 Loss :  0.30260058244069415
Epoch :  751  Epoch time :  0.04394215438514948  Train L2 Loss :  0.30254925825656986
Epoch :  752  Epoch time :  0.04439322464168072  Train L2 Loss :  0.3025036469483987
Epoch :  753  Epoch time :  0.04420008882880211  Train L2 Loss :  0.3024662794210972
Epoch :  754  Epoch time :  0.04462738707661629  Train L2 Loss :  0.30240436089344513
Epoch :  755  Epoch time :  0.04422149248421192  Train L2 Loss :  0.30236307627115494
Epoch :  756  Epoch time :  0.04215666279196739  Train L2 Loss :  0.30233609676361084
Epoch :  757  Epoch time :  0.04473497532308102  Train L2 Loss :  0.30230048069587123
Epoch :  758  Epoch time :  0.04402264580130577  Train L2 Loss :  0.3022551169762245
Epoch :  759  Epoch time :  0.044731732457876205  Train L2 Loss :  0.3022011625461089
Epoch :  760  Epoch time :  0.04391341935843229  Train L2 Loss :  0.30214812816717684
Epoch :  761  Epoch time :  0.04474969021975994  Train L2 Loss :  0.30212267545553356
Epoch :  762  Epoch time :  0.0440784664824605  Train L2 Loss :  0.3020473993741549
Epoch :  763  Epoch time :  0.04457977507263422  Train L2 Loss :  0.30199275261316544
Epoch :  764  Epoch time :  0.04402976483106613  Train L2 Loss :  0.30196590301318044
Epoch :  765  Epoch time :  0.04480260610580444  Train L2 Loss :  0.3019017011691362
Epoch :  766  Epoch time :  0.044359149411320686  Train L2 Loss :  0.3018773916440132
Epoch :  767  Epoch time :  0.042057025246322155  Train L2 Loss :  0.3018342271829263
Epoch :  768  Epoch time :  0.04503077547997236  Train L2 Loss :  0.30175598920919955
Epoch :  769  Epoch time :  0.04452096298336983  Train L2 Loss :  0.30171693288362944
Epoch :  770  Epoch time :  0.04467128310352564  Train L2 Loss :  0.30167109691179717
Epoch :  771  Epoch time :  0.04467297438532114  Train L2 Loss :  0.3016243271338634
Epoch :  772  Epoch time :  0.04474144522100687  Train L2 Loss :  0.3015963450456277
Epoch :  773  Epoch time :  0.044101360253989697  Train L2 Loss :  0.3015353970038585
Epoch :  774  Epoch time :  0.04455285519361496  Train L2 Loss :  0.30148907960989535
Epoch :  775  Epoch time :  0.04402301646769047  Train L2 Loss :  0.3014619870063586
Epoch :  776  Epoch time :  0.04444569442421198  Train L2 Loss :  0.30138278007507324
Epoch :  777  Epoch time :  0.0441928394138813  Train L2 Loss :  0.30133338310779667
Epoch :  778  Epoch time :  0.04227595031261444  Train L2 Loss :  0.301308382780124
Epoch :  779  Epoch time :  0.04466984514147043  Train L2 Loss :  0.3012590775123009
Epoch :  780  Epoch time :  0.04471714235842228  Train L2 Loss :  0.3011989960303673
Epoch :  781  Epoch time :  0.044696114026010036  Train L2 Loss :  0.30115630687811434
Epoch :  782  Epoch time :  0.043892066925764084  Train L2 Loss :  0.30111804680946547
Epoch :  783  Epoch time :  0.045121985487639904  Train L2 Loss :  0.30104633172353107
Epoch :  784  Epoch time :  0.044000012800097466  Train L2 Loss :  0.3010201056798299
Epoch :  785  Epoch time :  0.044518718495965004  Train L2 Loss :  0.30099167273594785
Epoch :  786  Epoch time :  0.043981864117085934  Train L2 Loss :  0.3009152045616737
Epoch :  787  Epoch time :  0.044622438959777355  Train L2 Loss :  0.30087360663291735
Epoch :  788  Epoch time :  0.043881590478122234  Train L2 Loss :  0.3008384184959607
Epoch :  789  Epoch time :  0.042302669025957584  Train L2 Loss :  0.3007825246224037
Epoch :  790  Epoch time :  0.044596634805202484  Train L2 Loss :  0.3007323375115028
Epoch :  791  Epoch time :  0.04385188687592745  Train L2 Loss :  0.3006847607783782
Epoch :  792  Epoch time :  0.04445348680019379  Train L2 Loss :  0.30063846478095424
Epoch :  793  Epoch time :  0.04398990236222744  Train L2 Loss :  0.3005997890081161
Epoch :  794  Epoch time :  0.044583520852029324  Train L2 Loss :  0.30053602884977293
Epoch :  795  Epoch time :  0.0439801849424839  Train L2 Loss :  0.30047365182485336
Epoch :  796  Epoch time :  0.044722579419612885  Train L2 Loss :  0.3004366831901746
Epoch :  797  Epoch time :  0.0440714405849576  Train L2 Loss :  0.3003891339668861
Epoch :  798  Epoch time :  0.04465103428810835  Train L2 Loss :  0.3003640312414903
Epoch :  799  Epoch time :  0.04420611262321472  Train L2 Loss :  0.30030565689771604
Epoch :  800  Epoch time :  0.042421890422701836  Train L2 Loss :  0.30021512049895066
Epoch :  801  Epoch time :  0.04462029039859772  Train L2 Loss :  0.30018169451982546
Epoch :  802  Epoch time :  0.0440414110198617  Train L2 Loss :  0.3001649991059915
Epoch :  803  Epoch time :  0.04465107899159193  Train L2 Loss :  0.3001305491496355
Epoch :  804  Epoch time :  0.043860423378646374  Train L2 Loss :  0.30011101563771564
Epoch :  805  Epoch time :  0.04470088053494692  Train L2 Loss :  0.30009121772570485
Epoch :  806  Epoch time :  0.044225048273801804  Train L2 Loss :  0.30005617630787385
Epoch :  807  Epoch time :  0.04459680896252394  Train L2 Loss :  0.30003830561271083
Epoch :  808  Epoch time :  0.04395529814064503  Train L2 Loss :  0.3000120872106308
Epoch :  809  Epoch time :  0.04449418466538191  Train L2 Loss :  0.29999920343741393
Epoch :  810  Epoch time :  0.044221509248018265  Train L2 Loss :  0.29997100279881406
Epoch :  811  Epoch time :  0.04270848073065281  Train L2 Loss :  0.29995838036903966
Epoch :  812  Epoch time :  0.044769574888050556  Train L2 Loss :  0.2999210006151444
Epoch :  813  Epoch time :  0.044065844267606735  Train L2 Loss :  0.29989974468182296
Epoch :  814  Epoch time :  0.04439396597445011  Train L2 Loss :  0.2998571181908632
Epoch :  815  Epoch time :  0.04392096400260925  Train L2 Loss :  0.2998402485480675
Epoch :  816  Epoch time :  0.04477816168218851  Train L2 Loss :  0.2998201571978055
Epoch :  817  Epoch time :  0.04481442645192146  Train L2 Loss :  0.29979053827432484
Epoch :  818  Epoch time :  0.04457245208323002  Train L2 Loss :  0.2997649541267982
Epoch :  819  Epoch time :  0.0447948919609189  Train L2 Loss :  0.2997457950543135
Epoch :  820  Epoch time :  0.04690255876630545  Train L2 Loss :  0.2997179306470431
Epoch :  821  Epoch time :  0.043636769987642765  Train L2 Loss :  0.2996900968062572
Epoch :  822  Epoch time :  0.04284240026026964  Train L2 Loss :  0.2996698648501665
Epoch :  823  Epoch time :  0.04475807771086693  Train L2 Loss :  0.29964994772886616
Epoch :  824  Epoch time :  0.04393909778445959  Train L2 Loss :  0.2996258093760564
Epoch :  825  Epoch time :  0.044635120779275894  Train L2 Loss :  0.29959293206532794
Epoch :  826  Epoch time :  0.04398886580020189  Train L2 Loss :  0.299573160134829
Epoch :  827  Epoch time :  0.044477786868810654  Train L2 Loss :  0.2995383342107137
Epoch :  828  Epoch time :  0.043950024992227554  Train L2 Loss :  0.29951704771090776
Epoch :  829  Epoch time :  0.04476406332105398  Train L2 Loss :  0.29949163932066697
Epoch :  830  Epoch time :  0.04404464457184076  Train L2 Loss :  0.2994734614323347
Epoch :  831  Epoch time :  0.044665598310530186  Train L2 Loss :  0.29944839691504455
Epoch :  832  Epoch time :  0.04343409277498722  Train L2 Loss :  0.2994222885523087
Epoch :  833  Epoch time :  0.04327746480703354  Train L2 Loss :  0.2993857768865732
Epoch :  834  Epoch time :  0.04460779670625925  Train L2 Loss :  0.2993662296197353
Epoch :  835  Epoch time :  0.04404296167194843  Train L2 Loss :  0.29934956171573734
Epoch :  836  Epoch time :  0.04471550788730383  Train L2 Loss :  0.2993185382622939
Epoch :  837  Epoch time :  0.044156141579151154  Train L2 Loss :  0.2992916382276095
Epoch :  838  Epoch time :  0.044891107827425  Train L2 Loss :  0.2992707276955629
Epoch :  839  Epoch time :  0.0438753217458725  Train L2 Loss :  0.2992442051569621
Epoch :  840  Epoch time :  0.04454172682017088  Train L2 Loss :  0.29921744267145794
Epoch :  841  Epoch time :  0.043955606408417225  Train L2 Loss :  0.29919326916719097
Epoch :  842  Epoch time :  0.044691949151456356  Train L2 Loss :  0.29917056132585573
Epoch :  843  Epoch time :  0.04352639056742191  Train L2 Loss :  0.299141478844178
Epoch :  844  Epoch time :  0.043108114041388035  Train L2 Loss :  0.29912234880985356
Epoch :  845  Epoch time :  0.04466226790100336  Train L2 Loss :  0.2990898153720758
Epoch :  846  Epoch time :  0.043970282189548016  Train L2 Loss :  0.29906403865569675
Epoch :  847  Epoch time :  0.044713553972542286  Train L2 Loss :  0.2990332047144572
Epoch :  848  Epoch time :  0.044120386242866516  Train L2 Loss :  0.29901635341155225
Epoch :  849  Epoch time :  0.04473993554711342  Train L2 Loss :  0.29899072341429883
Epoch :  850  Epoch time :  0.04407773166894913  Train L2 Loss :  0.2989683945973714
Epoch :  851  Epoch time :  0.04480106756091118  Train L2 Loss :  0.29894924469483203
Epoch :  852  Epoch time :  0.04426642972975969  Train L2 Loss :  0.2989105291855641
Epoch :  853  Epoch time :  0.04441575147211552  Train L2 Loss :  0.2988839363440489
Epoch :  854  Epoch time :  0.04354605823755264  Train L2 Loss :  0.29887214532265294
Epoch :  855  Epoch time :  0.04355741385370493  Train L2 Loss :  0.29884681029197496
Epoch :  856  Epoch time :  0.04462531302124262  Train L2 Loss :  0.29881096803225005
Epoch :  857  Epoch time :  0.04424951504915953  Train L2 Loss :  0.2987964183856279
Epoch :  858  Epoch time :  0.04448950383812189  Train L2 Loss :  0.2987618431066855
Epoch :  859  Epoch time :  0.044210389256477356  Train L2 Loss :  0.2987444431353838
Epoch :  860  Epoch time :  0.04464113339781761  Train L2 Loss :  0.2987060928956056
Epoch :  861  Epoch time :  0.044052865356206894  Train L2 Loss :  0.2986890092874185
Epoch :  862  Epoch time :  0.044582461938261986  Train L2 Loss :  0.2986622712551019
Epoch :  863  Epoch time :  0.043958524242043495  Train L2 Loss :  0.2986249877856328
Epoch :  864  Epoch time :  0.04453190229833126  Train L2 Loss :  0.2985999828729874
Epoch :  865  Epoch time :  0.04302409291267395  Train L2 Loss :  0.298578998981378
Epoch :  866  Epoch time :  0.04323568940162659  Train L2 Loss :  0.2985559426821195
Epoch :  867  Epoch time :  0.044763133861124516  Train L2 Loss :  0.29853520485071033
Epoch :  868  Epoch time :  0.043962955474853516  Train L2 Loss :  0.2985006693081978
Epoch :  869  Epoch time :  0.04454119689762592  Train L2 Loss :  0.29846994693462664
Epoch :  870  Epoch time :  0.044236574321985245  Train L2 Loss :  0.29844258687435055
Epoch :  871  Epoch time :  0.04452731367200613  Train L2 Loss :  0.29842822368328387
Epoch :  872  Epoch time :  0.0441172830760479  Train L2 Loss :  0.29839792924049574
Epoch :  873  Epoch time :  0.04455634951591492  Train L2 Loss :  0.2983710582439716
Epoch :  874  Epoch time :  0.04417463205754757  Train L2 Loss :  0.29834759388214505
Epoch :  875  Epoch time :  0.044697643257677555  Train L2 Loss :  0.29832178812760574
Epoch :  876  Epoch time :  0.04293733090162277  Train L2 Loss :  0.2982966945721553
Epoch :  877  Epoch time :  0.04338976740837097  Train L2 Loss :  0.29827291079056567
Epoch :  878  Epoch time :  0.045041466131806374  Train L2 Loss :  0.2982511489819258
Epoch :  879  Epoch time :  0.04420020058751106  Train L2 Loss :  0.29820879911765075
Epoch :  880  Epoch time :  0.04482215829193592  Train L2 Loss :  0.2981792627236782
Epoch :  881  Epoch time :  0.04421343468129635  Train L2 Loss :  0.298160881568224
Epoch :  882  Epoch time :  0.04473030846565962  Train L2 Loss :  0.29813065895667445
Epoch :  883  Epoch time :  0.044111188501119614  Train L2 Loss :  0.2981094763829158
Epoch :  884  Epoch time :  0.044565374962985516  Train L2 Loss :  0.29810163302299303
Epoch :  885  Epoch time :  0.044293432496488094  Train L2 Loss :  0.29806844393412274
Epoch :  886  Epoch time :  0.044831438921391964  Train L2 Loss :  0.2980281190994458
Epoch :  887  Epoch time :  0.04296014737337828  Train L2 Loss :  0.2980052202175825
Epoch :  888  Epoch time :  0.043970792554318905  Train L2 Loss :  0.2979793365185077
Epoch :  889  Epoch time :  0.044830734841525555  Train L2 Loss :  0.29796220247562116
Epoch :  890  Epoch time :  0.04413119703531265  Train L2 Loss :  0.29792255010360325
Epoch :  891  Epoch time :  0.04461925383657217  Train L2 Loss :  0.297895868619283
Epoch :  892  Epoch time :  0.04415936954319477  Train L2 Loss :  0.29788437256446254
Epoch :  893  Epoch time :  0.044681784696877  Train L2 Loss :  0.29784963375482804
Epoch :  894  Epoch time :  0.04412067588418722  Train L2 Loss :  0.29782263743571746
Epoch :  895  Epoch time :  0.044813914224505424  Train L2 Loss :  0.2977933761401054
Epoch :  896  Epoch time :  0.04411649703979492  Train L2 Loss :  0.2977693462983156
Epoch :  897  Epoch time :  0.04478643834590912  Train L2 Loss :  0.29774677753448486
Epoch :  898  Epoch time :  0.042376854456961155  Train L2 Loss :  0.29771712804451966
Epoch :  899  Epoch time :  0.04425125755369663  Train L2 Loss :  0.2976811421223176
Epoch :  900  Epoch time :  0.04509556293487549  Train L2 Loss :  0.29763699494875395
Epoch :  901  Epoch time :  0.04436541814357042  Train L2 Loss :  0.29762497773537266
Epoch :  902  Epoch time :  0.04480851907283068  Train L2 Loss :  0.29761002766780364
Epoch :  903  Epoch time :  0.04398272465914488  Train L2 Loss :  0.2976038945026887
Epoch :  904  Epoch time :  0.04459501150995493  Train L2 Loss :  0.2975862729243743
Epoch :  905  Epoch time :  0.04423157498240471  Train L2 Loss :  0.2975683670777541
Epoch :  906  Epoch time :  0.044686272740364075  Train L2 Loss :  0.2975565989812215
Epoch :  907  Epoch time :  0.04428005591034889  Train L2 Loss :  0.2975500730367807
Epoch :  908  Epoch time :  0.04486684035509825  Train L2 Loss :  0.29753040656065327
Epoch :  909  Epoch time :  0.04242308996617794  Train L2 Loss :  0.29752072309836364
Epoch :  910  Epoch time :  0.044545616023242474  Train L2 Loss :  0.29750513113462007
Epoch :  911  Epoch time :  0.044669571332633495  Train L2 Loss :  0.29749073737706894
Epoch :  912  Epoch time :  0.04430851060897112  Train L2 Loss :  0.2974817355473836
Epoch :  913  Epoch time :  0.04465451464056969  Train L2 Loss :  0.2974692002320901
Epoch :  914  Epoch time :  0.04568544961512089  Train L2 Loss :  0.29744867789439666
Epoch :  915  Epoch time :  0.04469500947743654  Train L2 Loss :  0.29743866125742596
Epoch :  916  Epoch time :  0.04391157254576683  Train L2 Loss :  0.29742583556052965
Epoch :  917  Epoch time :  0.04454994294792414  Train L2 Loss :  0.2974184491695502
Epoch :  918  Epoch time :  0.04397409688681364  Train L2 Loss :  0.2974038001818535
Epoch :  919  Epoch time :  0.044715020805597305  Train L2 Loss :  0.29738437976592624
Epoch :  920  Epoch time :  0.04214130248874426  Train L2 Loss :  0.29736866706456894
Epoch :  921  Epoch time :  0.04493548162281513  Train L2 Loss :  0.2973547577857971
Epoch :  922  Epoch time :  0.04446820169687271  Train L2 Loss :  0.2973428154603029
Epoch :  923  Epoch time :  0.04449297580868006  Train L2 Loss :  0.29733227766477144
Epoch :  924  Epoch time :  0.04479049425572157  Train L2 Loss :  0.2973143259684245
Epoch :  925  Epoch time :  0.04431380983442068  Train L2 Loss :  0.29731008334037584
Epoch :  926  Epoch time :  0.04468353930860758  Train L2 Loss :  0.29729827245076496
Epoch :  927  Epoch time :  0.04408115614205599  Train L2 Loss :  0.2972820141376593
Epoch :  928  Epoch time :  0.044837079010903835  Train L2 Loss :  0.2972649213595268
Epoch :  929  Epoch time :  0.04404231160879135  Train L2 Loss :  0.2972485530070769
Epoch :  930  Epoch time :  0.04550775419920683  Train L2 Loss :  0.2972400188446045
Epoch :  931  Epoch time :  0.04357041511684656  Train L2 Loss :  0.2972214374786768
Epoch :  932  Epoch time :  0.045083291828632355  Train L2 Loss :  0.29720858121529603
Epoch :  933  Epoch time :  0.04431728273630142  Train L2 Loss :  0.2971970133292369
Epoch :  934  Epoch time :  0.044870151206851006  Train L2 Loss :  0.29718005198698777
Epoch :  935  Epoch time :  0.04457487165927887  Train L2 Loss :  0.2971676312960111
Epoch :  936  Epoch time :  0.04460150841623545  Train L2 Loss :  0.2971500983605018
Epoch :  937  Epoch time :  0.04497853014618158  Train L2 Loss :  0.2971466275361868
Epoch :  938  Epoch time :  0.0442308047786355  Train L2 Loss :  0.2971265040911161
Epoch :  939  Epoch time :  0.044810691848397255  Train L2 Loss :  0.2971120705971351
Epoch :  940  Epoch time :  0.044035415165126324  Train L2 Loss :  0.2971036189641708
Epoch :  941  Epoch time :  0.04475551005452871  Train L2 Loss :  0.29708785582811403
Epoch :  942  Epoch time :  0.041664011776447296  Train L2 Loss :  0.29707113137611973
Epoch :  943  Epoch time :  0.04460130352526903  Train L2 Loss :  0.29705873208168226
Epoch :  944  Epoch time :  0.04441998805850744  Train L2 Loss :  0.2970437682591952
Epoch :  945  Epoch time :  0.044839560985565186  Train L2 Loss :  0.2970306414824266
Epoch :  946  Epoch time :  0.04441444016993046  Train L2 Loss :  0.2970205117494632
Epoch :  947  Epoch time :  0.04484723228961229  Train L2 Loss :  0.29700939166240203
Epoch :  948  Epoch time :  0.04494788311421871  Train L2 Loss :  0.29698697114602113
Epoch :  949  Epoch time :  0.0444117309525609  Train L2 Loss :  0.2969758266057724
Epoch :  950  Epoch time :  0.04449102282524109  Train L2 Loss :  0.2969661416151585
Epoch :  951  Epoch time :  0.044067416340112686  Train L2 Loss :  0.2969495394291022
Epoch :  952  Epoch time :  0.04466378130018711  Train L2 Loss :  0.2969359862498748
Epoch :  953  Epoch time :  0.04201630689203739  Train L2 Loss :  0.29692310858995485
Epoch :  954  Epoch time :  0.044846112839877605  Train L2 Loss :  0.2969084733571762
Epoch :  955  Epoch time :  0.04438139125704765  Train L2 Loss :  0.29689626968823946
Epoch :  956  Epoch time :  0.044888305477797985  Train L2 Loss :  0.2968808290285942
Epoch :  957  Epoch time :  0.044437711127102375  Train L2 Loss :  0.2968732791069226
Epoch :  958  Epoch time :  0.0448479438200593  Train L2 Loss :  0.29685453115365446
Epoch :  959  Epoch time :  0.04460897948592901  Train L2 Loss :  0.2968385861470149
Epoch :  960  Epoch time :  0.0449187271296978  Train L2 Loss :  0.29682578490330624
Epoch :  961  Epoch time :  0.04458039812743664  Train L2 Loss :  0.29681792626014125
Epoch :  962  Epoch time :  0.044220877811312675  Train L2 Loss :  0.29679935712080735
Epoch :  963  Epoch time :  0.04489562846720219  Train L2 Loss :  0.2967806366773752
Epoch :  964  Epoch time :  0.04158319439738989  Train L2 Loss :  0.2967693973810245
Epoch :  965  Epoch time :  0.04488836321979761  Train L2 Loss :  0.2967581412731073
Epoch :  966  Epoch time :  0.044533394277095795  Train L2 Loss :  0.2967392786955222
Epoch :  967  Epoch time :  0.04490819666534662  Train L2 Loss :  0.29672966247949845
Epoch :  968  Epoch time :  0.044596859253942966  Train L2 Loss :  0.2967159534112001
Epoch :  969  Epoch time :  0.04505113512277603  Train L2 Loss :  0.2967016024467273
Epoch :  970  Epoch time :  0.04449636023491621  Train L2 Loss :  0.2966865927745134
Epoch :  971  Epoch time :  0.044862089678645134  Train L2 Loss :  0.29667478188490254
Epoch :  972  Epoch time :  0.044471112079918385  Train L2 Loss :  0.2966633393214299
Epoch :  973  Epoch time :  0.044792432337999344  Train L2 Loss :  0.2966450361105112
Epoch :  974  Epoch time :  0.04497204627841711  Train L2 Loss :  0.2966319811649812
Epoch :  975  Epoch time :  0.04187589045614004  Train L2 Loss :  0.2966201121990497
Epoch :  976  Epoch time :  0.04471301846206188  Train L2 Loss :  0.2966061035792033
Epoch :  977  Epoch time :  0.04436802677810192  Train L2 Loss :  0.2965863606868646
Epoch :  978  Epoch time :  0.0447078924626112  Train L2 Loss :  0.29658084343641233
Epoch :  979  Epoch time :  0.04428587667644024  Train L2 Loss :  0.2965626930579161
Epoch :  980  Epoch time :  0.04481796454638243  Train L2 Loss :  0.296550038533333
Epoch :  981  Epoch time :  0.04437121096998453  Train L2 Loss :  0.2965333492327959
Epoch :  982  Epoch time :  0.04492522869259119  Train L2 Loss :  0.29651892338043606
Epoch :  983  Epoch time :  0.0446883263066411  Train L2 Loss :  0.2965024465169662
Epoch :  984  Epoch time :  0.044852632097899914  Train L2 Loss :  0.2964944335130545
Epoch :  985  Epoch time :  0.04473379626870155  Train L2 Loss :  0.2964773881129729
Epoch :  986  Epoch time :  0.042069642804563046  Train L2 Loss :  0.2964688600637974
Epoch :  987  Epoch time :  0.04490923974663019  Train L2 Loss :  0.29644996997637624
Epoch :  988  Epoch time :  0.04421422816812992  Train L2 Loss :  0.29643666132902485
Epoch :  989  Epoch time :  0.04480619449168444  Train L2 Loss :  0.29642719488877517
Epoch :  990  Epoch time :  0.04452081583440304  Train L2 Loss :  0.2964150080314049
Epoch :  991  Epoch time :  0.0447883540764451  Train L2 Loss :  0.29639374598478657
Epoch :  992  Epoch time :  0.04405428469181061  Train L2 Loss :  0.2963817425263234
Epoch :  993  Epoch time :  0.044870615005493164  Train L2 Loss :  0.2963707997248723
Epoch :  994  Epoch time :  0.04412924498319626  Train L2 Loss :  0.2963539728751549
Epoch :  995  Epoch time :  0.0445794640108943  Train L2 Loss :  0.29633776958172137
Epoch :  996  Epoch time :  0.04446598328649998  Train L2 Loss :  0.2963233315027677
Epoch :  997  Epoch time :  0.0425015389919281  Train L2 Loss :  0.2963137840613341
Epoch :  998  Epoch time :  0.04493637662380934  Train L2 Loss :  0.2962972934429462
Epoch :  999  Epoch time :  0.04406385589390993  Train L2 Loss :  0.29628099997838336
Total time is : 44.344263415783644 Total epoch is  1000
