Energy is  0.0
Input dim :  128  output dim :  4096
3473
Epoch :  0  Epoch time :  0.23199051059782505  Train L2 Loss :  6.929223916469476
Epoch :  1  Epoch time :  0.042435722425580025  Train L2 Loss :  6.449247555854993
Epoch :  2  Epoch time :  0.04193235747516155  Train L2 Loss :  6.420511783697666
Epoch :  3  Epoch time :  0.042370712384581566  Train L2 Loss :  6.405368364774263
Epoch :  4  Epoch time :  0.04262032173573971  Train L2 Loss :  6.388851165771484
Epoch :  5  Epoch time :  0.03972126077860594  Train L2 Loss :  6.3783614329802685
Epoch :  6  Epoch time :  0.04335122648626566  Train L2 Loss :  6.368178881131685
Epoch :  7  Epoch time :  0.041890756227076054  Train L2 Loss :  6.351510952680539
Epoch :  8  Epoch time :  0.04242829792201519  Train L2 Loss :  6.3287933300703
Epoch :  9  Epoch time :  0.041909562423825264  Train L2 Loss :  6.287160090911082
Epoch :  10  Epoch time :  0.0420661186799407  Train L2 Loss :  6.224018879425832
Epoch :  11  Epoch time :  0.04218161106109619  Train L2 Loss :  6.1267056587414865
Epoch :  12  Epoch time :  0.042018854059278965  Train L2 Loss :  6.024018996801132
Epoch :  13  Epoch time :  0.0423764456063509  Train L2 Loss :  5.913752335768479
Epoch :  14  Epoch time :  0.04189834278076887  Train L2 Loss :  5.833245301857973
Epoch :  15  Epoch time :  0.042376914992928505  Train L2 Loss :  5.787699968386919
Epoch :  16  Epoch time :  0.041697666980326176  Train L2 Loss :  5.748369412544446
Epoch :  17  Epoch time :  0.04088299348950386  Train L2 Loss :  5.726613313723833
Epoch :  18  Epoch time :  0.04253705218434334  Train L2 Loss :  5.705692437978891
Epoch :  19  Epoch time :  0.04199699591845274  Train L2 Loss :  5.685906581389598
Epoch :  20  Epoch time :  0.04272977355867624  Train L2 Loss :  5.663431901198167
Epoch :  21  Epoch time :  0.04206967260688543  Train L2 Loss :  5.646756783509866
Epoch :  22  Epoch time :  0.04260064009577036  Train L2 Loss :  5.622126408112355
Epoch :  23  Epoch time :  0.04253912530839443  Train L2 Loss :  5.599575825226613
Epoch :  24  Epoch time :  0.04252357967197895  Train L2 Loss :  5.566384584475786
Epoch :  25  Epoch time :  0.04268772155046463  Train L2 Loss :  5.529510155702249
Epoch :  26  Epoch time :  0.04214640147984028  Train L2 Loss :  5.480885994740022
Epoch :  27  Epoch time :  0.042707428336143494  Train L2 Loss :  5.421160037700947
Epoch :  28  Epoch time :  0.03995492868125439  Train L2 Loss :  5.351789327768179
Epoch :  29  Epoch time :  0.042710814625024796  Train L2 Loss :  5.285835999708909
Epoch :  30  Epoch time :  0.042648181319236755  Train L2 Loss :  5.23344255105043
Epoch :  31  Epoch time :  0.04242208506911993  Train L2 Loss :  5.176601556631235
Epoch :  32  Epoch time :  0.04256131313741207  Train L2 Loss :  5.135260068453276
Epoch :  33  Epoch time :  0.042278741486370564  Train L2 Loss :  5.095821136083359
Epoch :  34  Epoch time :  0.04268793575465679  Train L2 Loss :  5.05904178130321
Epoch :  35  Epoch time :  0.042237576097249985  Train L2 Loss :  5.029009085435134
Epoch :  36  Epoch time :  0.04274173453450203  Train L2 Loss :  4.993734457553962
Epoch :  37  Epoch time :  0.04246653150767088  Train L2 Loss :  4.965534919347519
Epoch :  38  Epoch time :  0.042836169712245464  Train L2 Loss :  4.932861915001502
Epoch :  39  Epoch time :  0.04227966442704201  Train L2 Loss :  4.904023048205254
Epoch :  40  Epoch time :  0.04045272246003151  Train L2 Loss :  4.873404282789964
Epoch :  41  Epoch time :  0.042615740559995174  Train L2 Loss :  4.8384339259221
Epoch :  42  Epoch time :  0.042158608324825764  Train L2 Loss :  4.808262409308018
Epoch :  43  Epoch time :  0.042904552072286606  Train L2 Loss :  4.76027449583396
Epoch :  44  Epoch time :  0.042210547253489494  Train L2 Loss :  4.717475059704903
Epoch :  45  Epoch time :  0.042941806837916374  Train L2 Loss :  4.704894432654748
Epoch :  46  Epoch time :  0.04492405988276005  Train L2 Loss :  4.621960786672739
Epoch :  47  Epoch time :  0.043018948286771774  Train L2 Loss :  4.567874688368577
Epoch :  48  Epoch time :  0.042369001545012  Train L2 Loss :  4.508542280930739
Epoch :  49  Epoch time :  0.04224069882184267  Train L2 Loss :  4.458685092436961
Epoch :  50  Epoch time :  0.042390148155391216  Train L2 Loss :  4.423528182200896
Epoch :  51  Epoch time :  0.04035492334514856  Train L2 Loss :  4.380788583021897
Epoch :  52  Epoch time :  0.04253323096781969  Train L2 Loss :  4.348871989127917
Epoch :  53  Epoch time :  0.042632644064724445  Train L2 Loss :  4.318211041964018
Epoch :  54  Epoch time :  0.04229098558425903  Train L2 Loss :  4.289260546366374
Epoch :  55  Epoch time :  0.04286368377506733  Train L2 Loss :  4.265944798787435
Epoch :  56  Epoch time :  0.04229652974754572  Train L2 Loss :  4.229237898802146
Epoch :  57  Epoch time :  0.04277940932661295  Train L2 Loss :  4.2094669831104765
Epoch :  58  Epoch time :  0.042374568060040474  Train L2 Loss :  4.1854723172310075
Epoch :  59  Epoch time :  0.04281486663967371  Train L2 Loss :  4.163299364921374
Epoch :  60  Epoch time :  0.042174484580755234  Train L2 Loss :  4.1407814270410785
Epoch :  61  Epoch time :  0.04298379458487034  Train L2 Loss :  4.110945897224622
Epoch :  62  Epoch time :  0.0422716299071908  Train L2 Loss :  4.085297755706004
Epoch :  63  Epoch time :  0.04088655486702919  Train L2 Loss :  4.052725253961025
Epoch :  64  Epoch time :  0.04332801513373852  Train L2 Loss :  4.024922859974397
Epoch :  65  Epoch time :  0.04255648981779814  Train L2 Loss :  3.9827474691928964
Epoch :  66  Epoch time :  0.04258339665830135  Train L2 Loss :  3.9383256374261317
Epoch :  67  Epoch time :  0.04249774105846882  Train L2 Loss :  3.9074619977902145
Epoch :  68  Epoch time :  0.04255656246095896  Train L2 Loss :  3.869318668658917
Epoch :  69  Epoch time :  0.04253707453608513  Train L2 Loss :  3.8412455289791794
Epoch :  70  Epoch time :  0.042537156492471695  Train L2 Loss :  3.806519459455441
Epoch :  71  Epoch time :  0.04290276765823364  Train L2 Loss :  3.7789748509724936
Epoch :  72  Epoch time :  0.04219039995223284  Train L2 Loss :  3.756634785578801
Epoch :  73  Epoch time :  0.04284930694848299  Train L2 Loss :  3.7372564658140526
Epoch :  74  Epoch time :  0.040069214068353176  Train L2 Loss :  3.713520661378518
Epoch :  75  Epoch time :  0.04279689211398363  Train L2 Loss :  3.6780617298224034
Epoch :  76  Epoch time :  0.04259533155709505  Train L2 Loss :  3.6520209190173025
Epoch :  77  Epoch time :  0.04324682429432869  Train L2 Loss :  3.638481604747283
Epoch :  78  Epoch time :  0.04259469732642174  Train L2 Loss :  3.6233443724803434
Epoch :  79  Epoch time :  0.042341286316514015  Train L2 Loss :  3.602988512088091
Epoch :  80  Epoch time :  0.0427278783172369  Train L2 Loss :  3.586454684917743
Epoch :  81  Epoch time :  0.04236408323049545  Train L2 Loss :  3.5763836396046176
Epoch :  82  Epoch time :  0.04267512634396553  Train L2 Loss :  3.563119032444098
Epoch :  83  Epoch time :  0.04231821559369564  Train L2 Loss :  3.5555358055310373
Epoch :  84  Epoch time :  0.04270081967115402  Train L2 Loss :  3.5454148757152066
Epoch :  85  Epoch time :  0.04265332408249378  Train L2 Loss :  3.535845927703075
Epoch :  86  Epoch time :  0.03822288382798433  Train L2 Loss :  3.53071291018755
Epoch :  87  Epoch time :  0.04281928017735481  Train L2 Loss :  3.524317374596229
Epoch :  88  Epoch time :  0.04236036352813244  Train L2 Loss :  3.519361985035432
Epoch :  89  Epoch time :  0.042687409557402134  Train L2 Loss :  3.510881008246006
Epoch :  90  Epoch time :  0.04301004949957132  Train L2 Loss :  3.5077768717056665
Epoch :  91  Epoch time :  0.04238039255142212  Train L2 Loss :  3.4986810195140348
Epoch :  92  Epoch time :  0.04263890068978071  Train L2 Loss :  3.5021831072293796
Epoch :  93  Epoch time :  0.04220713023096323  Train L2 Loss :  3.4901301066080728
Epoch :  94  Epoch time :  0.042816074565052986  Train L2 Loss :  3.488071099305764
Epoch :  95  Epoch time :  0.04242474865168333  Train L2 Loss :  3.4809297170394506
Epoch :  96  Epoch time :  0.04273324925452471  Train L2 Loss :  3.4766185467059794
Epoch :  97  Epoch time :  0.04220097232609987  Train L2 Loss :  3.4672996814434347
Epoch :  98  Epoch time :  0.04073746129870415  Train L2 Loss :  3.462387598477877
Epoch :  99  Epoch time :  0.04277060180902481  Train L2 Loss :  3.464596014756423
Epoch :  100  Epoch time :  0.042260183952748775  Train L2 Loss :  3.455813065553323
Epoch :  101  Epoch time :  0.04283601138740778  Train L2 Loss :  3.448535992549016
Epoch :  102  Epoch time :  0.0421720826998353  Train L2 Loss :  3.44806458399846
Epoch :  103  Epoch time :  0.04305696301162243  Train L2 Loss :  3.445151720291529
Epoch :  104  Epoch time :  0.0421957578510046  Train L2 Loss :  3.4432708544608874
Epoch :  105  Epoch time :  0.04298415035009384  Train L2 Loss :  3.4396991974268203
Epoch :  106  Epoch time :  0.04254693724215031  Train L2 Loss :  3.4369975359011917
Epoch :  107  Epoch time :  0.04239529091864824  Train L2 Loss :  3.43621642772968
Epoch :  108  Epoch time :  0.04268797114491463  Train L2 Loss :  3.435558416904547
Epoch :  109  Epoch time :  0.04040202684700489  Train L2 Loss :  3.4338239278548803
Epoch :  110  Epoch time :  0.04272306617349386  Train L2 Loss :  3.432709107032189
Epoch :  111  Epoch time :  0.04277935437858105  Train L2 Loss :  3.4311678959773135
Epoch :  112  Epoch time :  0.04254416562616825  Train L2 Loss :  3.4287961568587866
Epoch :  113  Epoch time :  0.042848155833780766  Train L2 Loss :  3.4281022487542567
Epoch :  114  Epoch time :  0.04226714465767145  Train L2 Loss :  3.425506958594689
Epoch :  115  Epoch time :  0.042905738577246666  Train L2 Loss :  3.4232381918491464
Epoch :  116  Epoch time :  0.04217531718313694  Train L2 Loss :  3.4234219086475863
Epoch :  117  Epoch time :  0.04295838065445423  Train L2 Loss :  3.423821449279785
Epoch :  118  Epoch time :  0.04214259050786495  Train L2 Loss :  3.4224762060703378
Epoch :  119  Epoch time :  0.04295711684972048  Train L2 Loss :  3.418780498015575
Epoch :  120  Epoch time :  0.042227339930832386  Train L2 Loss :  3.4159653981526694
Epoch :  121  Epoch time :  0.04086184594780207  Train L2 Loss :  3.4142442605434318
Epoch :  122  Epoch time :  0.04282173980027437  Train L2 Loss :  3.4129232993492713
Epoch :  123  Epoch time :  0.04259196389466524  Train L2 Loss :  3.413511496323806
Epoch :  124  Epoch time :  0.04291363898664713  Train L2 Loss :  3.409509683266664
Epoch :  125  Epoch time :  0.04241143446415663  Train L2 Loss :  3.4080485074948044
Epoch :  126  Epoch time :  0.04273999948054552  Train L2 Loss :  3.4072793080256534
Epoch :  127  Epoch time :  0.04256427101790905  Train L2 Loss :  3.4050041345449595
Epoch :  128  Epoch time :  0.043001968413591385  Train L2 Loss :  3.405080477396647
Epoch :  129  Epoch time :  0.042900157161056995  Train L2 Loss :  3.404912850795648
Epoch :  130  Epoch time :  0.04235357791185379  Train L2 Loss :  3.401446587000138
Epoch :  131  Epoch time :  0.04278662987053394  Train L2 Loss :  3.4012651443481445
Epoch :  132  Epoch time :  0.04007701203227043  Train L2 Loss :  3.3993244904738207
Epoch :  133  Epoch time :  0.043000021018087864  Train L2 Loss :  3.3981893490522337
Epoch :  134  Epoch time :  0.04268018249422312  Train L2 Loss :  3.3961534989185824
Epoch :  135  Epoch time :  0.04259332362562418  Train L2 Loss :  3.396356607094789
Epoch :  136  Epoch time :  0.04262089543044567  Train L2 Loss :  3.3951510893992887
Epoch :  137  Epoch time :  0.07059793081134558  Train L2 Loss :  3.3931668354914737
Epoch :  138  Epoch time :  0.05401188042014837  Train L2 Loss :  3.3915876975426307
Epoch :  139  Epoch time :  0.044604563154280186  Train L2 Loss :  3.3891000747680664
Epoch :  140  Epoch time :  0.04241297300904989  Train L2 Loss :  3.389004585070488
Epoch :  141  Epoch time :  0.04284203425049782  Train L2 Loss :  3.3873609885191307
Epoch :  142  Epoch time :  0.03994392044842243  Train L2 Loss :  3.388381933554625
Epoch :  143  Epoch time :  0.043167879804968834  Train L2 Loss :  3.3864280505058093
Epoch :  144  Epoch time :  0.042251186445355415  Train L2 Loss :  3.383471122154823
Epoch :  145  Epoch time :  0.04289109166711569  Train L2 Loss :  3.382639298072228
Epoch :  146  Epoch time :  0.042639151215553284  Train L2 Loss :  3.382713733575283
Epoch :  147  Epoch time :  0.0425898265093565  Train L2 Loss :  3.3819321118868313
Epoch :  148  Epoch time :  0.042629750445485115  Train L2 Loss :  3.3818521744165664
Epoch :  149  Epoch time :  0.04244800750166178  Train L2 Loss :  3.3777808409470778
Epoch :  150  Epoch time :  0.04247781354933977  Train L2 Loss :  3.376786696605193
Epoch :  151  Epoch time :  0.04253700654953718  Train L2 Loss :  3.3748121750660434
Epoch :  152  Epoch time :  0.04241413064301014  Train L2 Loss :  3.3746679501655774
Epoch :  153  Epoch time :  0.04189775884151459  Train L2 Loss :  3.371169774960249
Epoch :  154  Epoch time :  0.041368200443685055  Train L2 Loss :  3.370349786220453
Epoch :  155  Epoch time :  0.043099463917315006  Train L2 Loss :  3.3699437899467273
Epoch :  156  Epoch time :  0.04242970049381256  Train L2 Loss :  3.3668220471113157
Epoch :  157  Epoch time :  0.042601621709764004  Train L2 Loss :  3.3674344771947617
Epoch :  158  Epoch time :  0.04239426366984844  Train L2 Loss :  3.364543303465232
Epoch :  159  Epoch time :  0.04273928049951792  Train L2 Loss :  3.361995354676858
Epoch :  160  Epoch time :  0.04248686507344246  Train L2 Loss :  3.3606812403752255
Epoch :  161  Epoch time :  0.04263877682387829  Train L2 Loss :  3.358461869068635
Epoch :  162  Epoch time :  0.04271032940596342  Train L2 Loss :  3.3581802417070437
Epoch :  163  Epoch time :  0.04251548834145069  Train L2 Loss :  3.3541327745486527
Epoch :  164  Epoch time :  0.04287484847009182  Train L2 Loss :  3.3542616183941183
Epoch :  165  Epoch time :  0.03980790916830301  Train L2 Loss :  3.350268217233511
Epoch :  166  Epoch time :  0.04296860937029123  Train L2 Loss :  3.35024295709072
Epoch :  167  Epoch time :  0.042391207069158554  Train L2 Loss :  3.3504042014097557
Epoch :  168  Epoch time :  0.04314371105283499  Train L2 Loss :  3.35021116794684
Epoch :  169  Epoch time :  0.04271745402365923  Train L2 Loss :  3.344715314033704
Epoch :  170  Epoch time :  0.04257042985409498  Train L2 Loss :  3.343379191863231
Epoch :  171  Epoch time :  0.04271280113607645  Train L2 Loss :  3.3428428111932216
Epoch :  172  Epoch time :  0.04247225355356932  Train L2 Loss :  3.342280461237981
Epoch :  173  Epoch time :  0.04285384528338909  Train L2 Loss :  3.341998760516827
Epoch :  174  Epoch time :  0.04449253901839256  Train L2 Loss :  3.3423295876918693
Epoch :  175  Epoch time :  0.04272985178977251  Train L2 Loss :  3.3382070247943583
Epoch :  176  Epoch time :  0.041722893714904785  Train L2 Loss :  3.3376322037134414
Epoch :  177  Epoch time :  0.04166284576058388  Train L2 Loss :  3.335614326672676
Epoch :  178  Epoch time :  0.043328762985765934  Train L2 Loss :  3.330172661023262
Epoch :  179  Epoch time :  0.04222379717975855  Train L2 Loss :  3.3288293740688224
Epoch :  180  Epoch time :  0.04296537581831217  Train L2 Loss :  3.329789467346974
Epoch :  181  Epoch time :  0.06020899582654238  Train L2 Loss :  3.327723967723357
Epoch :  182  Epoch time :  0.04307043645530939  Train L2 Loss :  3.329191110072992
Epoch :  183  Epoch time :  0.04230366460978985  Train L2 Loss :  3.32494200192965
Epoch :  184  Epoch time :  0.04278971068561077  Train L2 Loss :  3.320816553556002
Epoch :  185  Epoch time :  0.042252215556800365  Train L2 Loss :  3.3183519656841574
Epoch :  186  Epoch time :  0.043003398925065994  Train L2 Loss :  3.314949475801908
Epoch :  187  Epoch time :  0.041634258814156055  Train L2 Loss :  3.314408057775253
Epoch :  188  Epoch time :  0.04133721720427275  Train L2 Loss :  3.3126272543882713
Epoch :  189  Epoch time :  0.04271314665675163  Train L2 Loss :  3.309616504571377
Epoch :  190  Epoch time :  0.04274854715913534  Train L2 Loss :  3.3071784728612657
Epoch :  191  Epoch time :  0.042961268685758114  Train L2 Loss :  3.305634327423878
Epoch :  192  Epoch time :  0.04246046766638756  Train L2 Loss :  3.3056494150406275
Epoch :  193  Epoch time :  0.0430051451548934  Train L2 Loss :  3.303224367973132
Epoch :  194  Epoch time :  0.042516122572124004  Train L2 Loss :  3.3004333055936375
Epoch :  195  Epoch time :  0.04531068541109562  Train L2 Loss :  3.299829947642791
Epoch :  196  Epoch time :  0.043056066147983074  Train L2 Loss :  3.2968403742863583
Epoch :  197  Epoch time :  0.04291318729519844  Train L2 Loss :  3.295001812470265
Epoch :  198  Epoch time :  0.042921168729662895  Train L2 Loss :  3.293594702696189
Epoch :  199  Epoch time :  0.04032915737479925  Train L2 Loss :  3.29033516614865
Epoch :  200  Epoch time :  0.04304932709783316  Train L2 Loss :  3.287816047668457
Epoch :  201  Epoch time :  0.04239804483950138  Train L2 Loss :  3.2833702380840597
Epoch :  202  Epoch time :  0.042982335202395916  Train L2 Loss :  3.2811046747060924
Epoch :  203  Epoch time :  0.04270074423402548  Train L2 Loss :  3.279891405350123
Epoch :  204  Epoch time :  0.04313967656344175  Train L2 Loss :  3.2784418692955604
Epoch :  205  Epoch time :  0.043178520165383816  Train L2 Loss :  3.2767764115944886
Epoch :  206  Epoch time :  0.04267772287130356  Train L2 Loss :  3.2753731409708657
Epoch :  207  Epoch time :  0.042855026200413704  Train L2 Loss :  3.2742087290837216
Epoch :  208  Epoch time :  0.04264781158417463  Train L2 Loss :  3.2757203028752255
Epoch :  209  Epoch time :  0.042839016765356064  Train L2 Loss :  3.2729770953838644
Epoch :  210  Epoch time :  0.04107018560171127  Train L2 Loss :  3.2706472934820714
Epoch :  211  Epoch time :  0.04245736077427864  Train L2 Loss :  3.269736681229029
Epoch :  212  Epoch time :  0.04301866143941879  Train L2 Loss :  3.2687359834328675
Epoch :  213  Epoch time :  0.04214318189769983  Train L2 Loss :  3.2679005158253207
Epoch :  214  Epoch time :  0.042994468472898006  Train L2 Loss :  3.265548608241937
Epoch :  215  Epoch time :  0.04221313912421465  Train L2 Loss :  3.2642146134987855
Epoch :  216  Epoch time :  0.04319214168936014  Train L2 Loss :  3.263039564475035
Epoch :  217  Epoch time :  0.04265526309609413  Train L2 Loss :  3.262169984670786
Epoch :  218  Epoch time :  0.04308495298027992  Train L2 Loss :  3.26048520895151
Epoch :  219  Epoch time :  0.042338370345532894  Train L2 Loss :  3.258711215777275
Epoch :  220  Epoch time :  0.04304009210318327  Train L2 Loss :  3.2575318752191005
Epoch :  221  Epoch time :  0.04295757506042719  Train L2 Loss :  3.2569316961826424
Epoch :  222  Epoch time :  0.04035029001533985  Train L2 Loss :  3.2552366990309496
Epoch :  223  Epoch time :  0.043021347373723984  Train L2 Loss :  3.255109591361804
Epoch :  224  Epoch time :  0.042558932676911354  Train L2 Loss :  3.2548115803645206
Epoch :  225  Epoch time :  0.04295804537832737  Train L2 Loss :  3.251190014374562
Epoch :  226  Epoch time :  0.04277574643492699  Train L2 Loss :  3.2491725041316104
Epoch :  227  Epoch time :  0.042905586771667004  Train L2 Loss :  3.2470933474027195
Epoch :  228  Epoch time :  0.043031263165175915  Train L2 Loss :  3.2457837813939805
Epoch :  229  Epoch time :  0.04235928598791361  Train L2 Loss :  3.244975310105544
Epoch :  230  Epoch time :  0.043202778324484825  Train L2 Loss :  3.24283514267359
Epoch :  231  Epoch time :  0.04223350342363119  Train L2 Loss :  3.242129325866699
Epoch :  232  Epoch time :  0.04300488345324993  Train L2 Loss :  3.240103012476212
Epoch :  233  Epoch time :  0.04071589093655348  Train L2 Loss :  3.2395281424889197
Epoch :  234  Epoch time :  0.042764246463775635  Train L2 Loss :  3.2366867065429688
Epoch :  235  Epoch time :  0.04289343860000372  Train L2 Loss :  3.235752741495768
Epoch :  236  Epoch time :  0.04237471614032984  Train L2 Loss :  3.234516510596642
Epoch :  237  Epoch time :  0.0429973965510726  Train L2 Loss :  3.2335770435822315
Epoch :  238  Epoch time :  0.04227613937109709  Train L2 Loss :  3.2332285122993665
Epoch :  239  Epoch time :  0.04289368074387312  Train L2 Loss :  3.2309487660725913
Epoch :  240  Epoch time :  0.04234368447214365  Train L2 Loss :  3.2286681884374375
Epoch :  241  Epoch time :  0.04278142750263214  Train L2 Loss :  3.22639651176257
Epoch :  242  Epoch time :  0.04477957356721163  Train L2 Loss :  3.2247809874705777
Epoch :  243  Epoch time :  0.0427161892876029  Train L2 Loss :  3.2237025529910355
Epoch :  244  Epoch time :  0.04294741712510586  Train L2 Loss :  3.222908460176908
Epoch :  245  Epoch time :  0.04046814702451229  Train L2 Loss :  3.220849941938351
Epoch :  246  Epoch time :  0.042867147363722324  Train L2 Loss :  3.2189854108370266
Epoch :  247  Epoch time :  0.04227088578045368  Train L2 Loss :  3.217034780062162
Epoch :  248  Epoch time :  0.042955211363732815  Train L2 Loss :  3.2160249612270255
Epoch :  249  Epoch time :  0.04249829426407814  Train L2 Loss :  3.214249928792318
Epoch :  250  Epoch time :  0.042999294586479664  Train L2 Loss :  3.2135206369253306
Epoch :  251  Epoch time :  0.04294762201607227  Train L2 Loss :  3.2117346983689528
Epoch :  252  Epoch time :  0.04230459127575159  Train L2 Loss :  3.2096022336910934
Epoch :  253  Epoch time :  0.0430862819775939  Train L2 Loss :  3.207685641753368
Epoch :  254  Epoch time :  0.042092286981642246  Train L2 Loss :  3.207736382117638
Epoch :  255  Epoch time :  0.04287285637110472  Train L2 Loss :  3.2054916528555064
Epoch :  256  Epoch time :  0.04054592736065388  Train L2 Loss :  3.2035067142584386
Epoch :  257  Epoch time :  0.04253062233328819  Train L2 Loss :  3.201096216837565
Epoch :  258  Epoch time :  0.04271590430289507  Train L2 Loss :  3.2017359122251854
Epoch :  259  Epoch time :  0.042082078754901886  Train L2 Loss :  3.198460505558894
Epoch :  260  Epoch time :  0.042908147908747196  Train L2 Loss :  3.196829380133213
Epoch :  261  Epoch time :  0.04231789708137512  Train L2 Loss :  3.1949033248118863
Epoch :  262  Epoch time :  0.04290301166474819  Train L2 Loss :  3.1933043797810874
Epoch :  263  Epoch time :  0.042451671324670315  Train L2 Loss :  3.1909342545729418
Epoch :  264  Epoch time :  0.0427919439971447  Train L2 Loss :  3.189796154315655
Epoch :  265  Epoch time :  0.04264864418655634  Train L2 Loss :  3.188086436345027
Epoch :  266  Epoch time :  0.042844600044190884  Train L2 Loss :  3.1858848425058217
Epoch :  267  Epoch time :  0.0429200092330575  Train L2 Loss :  3.184617458245693
Epoch :  268  Epoch time :  0.04017153475433588  Train L2 Loss :  3.1851444977980394
Epoch :  269  Epoch time :  0.04528287425637245  Train L2 Loss :  3.1806382888402696
Epoch :  270  Epoch time :  0.042245056480169296  Train L2 Loss :  3.179540071731959
Epoch :  271  Epoch time :  0.04322995711117983  Train L2 Loss :  3.178998066828801
Epoch :  272  Epoch time :  0.04259668756276369  Train L2 Loss :  3.1768429095928488
Epoch :  273  Epoch time :  0.04285102989524603  Train L2 Loss :  3.1740990663186097
Epoch :  274  Epoch time :  0.04265599884092808  Train L2 Loss :  3.1727814063047752
Epoch :  275  Epoch time :  0.04265277832746506  Train L2 Loss :  3.171234130859375
Epoch :  276  Epoch time :  0.042937131598591805  Train L2 Loss :  3.16790832617344
Epoch :  277  Epoch time :  0.04273441806435585  Train L2 Loss :  3.166589541312976
Epoch :  278  Epoch time :  0.04319136869162321  Train L2 Loss :  3.1653023744240785
Epoch :  279  Epoch time :  0.04091526474803686  Train L2 Loss :  3.1642025923117614
Epoch :  280  Epoch time :  0.042347795329988  Train L2 Loss :  3.1615827756050305
Epoch :  281  Epoch time :  0.042564029805362225  Train L2 Loss :  3.159437962067433
Epoch :  282  Epoch time :  0.04248568322509527  Train L2 Loss :  3.157254634759365
Epoch :  283  Epoch time :  0.042595657519996166  Train L2 Loss :  3.155965658334585
Epoch :  284  Epoch time :  0.042538488283753395  Train L2 Loss :  3.154108683268229
Epoch :  285  Epoch time :  0.04281001165509224  Train L2 Loss :  3.1519457743718076
Epoch :  286  Epoch time :  0.042518340051174164  Train L2 Loss :  3.152023364336063
Epoch :  287  Epoch time :  0.0425580320879817  Train L2 Loss :  3.146957617539626
Epoch :  288  Epoch time :  0.04263831302523613  Train L2 Loss :  3.1439148829533505
Epoch :  289  Epoch time :  0.04277188144624233  Train L2 Loss :  3.1422952016194663
Epoch :  290  Epoch time :  0.043071018531918526  Train L2 Loss :  3.140654368278308
Epoch :  291  Epoch time :  0.04002066608518362  Train L2 Loss :  3.1383681908631935
Epoch :  292  Epoch time :  0.043032058514654636  Train L2 Loss :  3.1354479178404198
Epoch :  293  Epoch time :  0.04226919449865818  Train L2 Loss :  3.133196635124011
Epoch :  294  Epoch time :  0.045383487828075886  Train L2 Loss :  3.131118358709873
Epoch :  295  Epoch time :  0.042563037015497684  Train L2 Loss :  3.1292032584165916
Epoch :  296  Epoch time :  0.04293225798755884  Train L2 Loss :  3.1262142719366612
Epoch :  297  Epoch time :  0.04258484486490488  Train L2 Loss :  3.125201274187137
Epoch :  298  Epoch time :  0.042423760518431664  Train L2 Loss :  3.1215167901454826
Epoch :  299  Epoch time :  0.04301310144364834  Train L2 Loss :  3.118893549992488
Epoch :  300  Epoch time :  0.042754147201776505  Train L2 Loss :  3.1171582295344424
Epoch :  301  Epoch time :  0.04283373709768057  Train L2 Loss :  3.114689704699394
Epoch :  302  Epoch time :  0.04103477951139212  Train L2 Loss :  3.11387692964994
Epoch :  303  Epoch time :  0.0422158557921648  Train L2 Loss :  3.1119837638659353
Epoch :  304  Epoch time :  0.04296961706131697  Train L2 Loss :  3.111713311611078
Epoch :  305  Epoch time :  0.04228733479976654  Train L2 Loss :  3.1104252888606143
Epoch :  306  Epoch time :  0.04300293233245611  Train L2 Loss :  3.109544827387883
Epoch :  307  Epoch time :  0.042380565777421  Train L2 Loss :  3.108065825242263
Epoch :  308  Epoch time :  0.04286676459014416  Train L2 Loss :  3.1066014216496396
Epoch :  309  Epoch time :  0.04245106037706137  Train L2 Loss :  3.1060840655595827
Epoch :  310  Epoch time :  0.04296089615672827  Train L2 Loss :  3.1049389716906424
Epoch :  311  Epoch time :  0.04236418381333351  Train L2 Loss :  3.10351256835155
Epoch :  312  Epoch time :  0.04300675541162491  Train L2 Loss :  3.103445737789839
Epoch :  313  Epoch time :  0.042824394069612026  Train L2 Loss :  3.1014607502863956
Epoch :  314  Epoch time :  0.04034925624728203  Train L2 Loss :  3.101821874960875
Epoch :  315  Epoch time :  0.042677512392401695  Train L2 Loss :  3.0995955834021935
Epoch :  316  Epoch time :  0.042559707537293434  Train L2 Loss :  3.098658268268292
Epoch :  317  Epoch time :  0.04306310508400202  Train L2 Loss :  3.0978485498672876
Epoch :  318  Epoch time :  0.04301964957267046  Train L2 Loss :  3.0964817144931893
Epoch :  319  Epoch time :  0.04277280159294605  Train L2 Loss :  3.0954490319276466
Epoch :  320  Epoch time :  0.04284514952450991  Train L2 Loss :  3.094821709852952
Epoch :  321  Epoch time :  0.04231335315853357  Train L2 Loss :  3.094620166680752
Epoch :  322  Epoch time :  0.04296053759753704  Train L2 Loss :  3.0920381056956754
Epoch :  323  Epoch time :  0.04242844320833683  Train L2 Loss :  3.0914375598614035
Epoch :  324  Epoch time :  0.04282818641513586  Train L2 Loss :  3.090931745675894
Epoch :  325  Epoch time :  0.04070565849542618  Train L2 Loss :  3.0899747946323495
Epoch :  326  Epoch time :  0.04274390731006861  Train L2 Loss :  3.088621359605056
Epoch :  327  Epoch time :  0.04283890128135681  Train L2 Loss :  3.087469541109525
Epoch :  328  Epoch time :  0.04251417610794306  Train L2 Loss :  3.086616418300531
Epoch :  329  Epoch time :  0.04306617192924023  Train L2 Loss :  3.0848439045441456
Epoch :  330  Epoch time :  0.04240386001765728  Train L2 Loss :  3.084661997281588
Epoch :  331  Epoch time :  0.04313399735838175  Train L2 Loss :  3.0832912738506613
Epoch :  332  Epoch time :  0.04277789406478405  Train L2 Loss :  3.082353127308381
Epoch :  333  Epoch time :  0.04321225453168154  Train L2 Loss :  3.0811990346664038
Epoch :  334  Epoch time :  0.04251928627490997  Train L2 Loss :  3.0802323757073817
Epoch :  335  Epoch time :  0.04289759788662195  Train L2 Loss :  3.0793843391614084
Epoch :  336  Epoch time :  0.04295188561081886  Train L2 Loss :  3.0781802397507887
Epoch :  337  Epoch time :  0.04018450994044542  Train L2 Loss :  3.077774708087628
Epoch :  338  Epoch time :  0.043348729610443115  Train L2 Loss :  3.0767542521158853
Epoch :  339  Epoch time :  0.04230883438140154  Train L2 Loss :  3.0748691314306016
Epoch :  340  Epoch time :  0.04313059616833925  Train L2 Loss :  3.073828305953588
Epoch :  341  Epoch time :  0.04425089340656996  Train L2 Loss :  3.072093107761481
Epoch :  342  Epoch time :  0.04324133228510618  Train L2 Loss :  3.070761020366962
Epoch :  343  Epoch time :  0.04257809091359377  Train L2 Loss :  3.0705464680989585
Epoch :  344  Epoch time :  0.0428020479157567  Train L2 Loss :  3.0690788611387596
Epoch :  345  Epoch time :  0.04268797393888235  Train L2 Loss :  3.0680901943108974
Epoch :  346  Epoch time :  0.042692975141108036  Train L2 Loss :  3.0669146806765823
Epoch :  347  Epoch time :  0.042821869254112244  Train L2 Loss :  3.065440397996169
Epoch :  348  Epoch time :  0.04077373631298542  Train L2 Loss :  3.064672054388584
Epoch :  349  Epoch time :  0.0429212711751461  Train L2 Loss :  3.0633144867725863
Epoch :  350  Epoch time :  0.043236936442554  Train L2 Loss :  3.0625516451322117
Epoch :  351  Epoch time :  0.04237885773181915  Train L2 Loss :  3.0609093201466098
Epoch :  352  Epoch time :  0.04334486089646816  Train L2 Loss :  3.060177680773613
Epoch :  353  Epoch time :  0.04237797576934099  Train L2 Loss :  3.058902544853015
Epoch :  354  Epoch time :  0.04331389535218477  Train L2 Loss :  3.057674432412172
Epoch :  355  Epoch time :  0.04235474579036236  Train L2 Loss :  3.0567925526545596
Epoch :  356  Epoch time :  0.0432379562407732  Train L2 Loss :  3.0550814408522387
Epoch :  357  Epoch time :  0.04243321530520916  Train L2 Loss :  3.054500310848921
Epoch :  358  Epoch time :  0.04311384167522192  Train L2 Loss :  3.0527485578488083
Epoch :  359  Epoch time :  0.04239694308489561  Train L2 Loss :  3.052483558654785
Epoch :  360  Epoch time :  0.04096990544348955  Train L2 Loss :  3.0513069935334034
Epoch :  361  Epoch time :  0.042983418330550194  Train L2 Loss :  3.0496241251627603
Epoch :  362  Epoch time :  0.04267146158963442  Train L2 Loss :  3.0487532248863807
Epoch :  363  Epoch time :  0.043065546080470085  Train L2 Loss :  3.0485898286868363
Epoch :  364  Epoch time :  0.042788694612681866  Train L2 Loss :  3.0462402686094627
Epoch :  365  Epoch time :  0.04309463407844305  Train L2 Loss :  3.045808046292036
Epoch :  366  Epoch time :  0.04290157835930586  Train L2 Loss :  3.0439308362129407
Epoch :  367  Epoch time :  0.042823269963264465  Train L2 Loss :  3.0431812482002454
Epoch :  368  Epoch time :  0.04322530794888735  Train L2 Loss :  3.042654110835149
Epoch :  369  Epoch time :  0.04560783505439758  Train L2 Loss :  3.041182811443622
Epoch :  370  Epoch time :  0.04334277659654617  Train L2 Loss :  3.0399276537772937
Epoch :  371  Epoch time :  0.040394917130470276  Train L2 Loss :  3.0387662740854116
Epoch :  372  Epoch time :  0.04320347588509321  Train L2 Loss :  3.0375304833436623
Epoch :  373  Epoch time :  0.04267559293657541  Train L2 Loss :  3.0359268433008437
Epoch :  374  Epoch time :  0.04399862792342901  Train L2 Loss :  3.034731522584573
Epoch :  375  Epoch time :  0.04285696893930435  Train L2 Loss :  3.03483762496557
Epoch :  376  Epoch time :  0.04279422480612993  Train L2 Loss :  3.0323799817990036
Epoch :  377  Epoch time :  0.04275223892182112  Train L2 Loss :  3.0318649732149563
Epoch :  378  Epoch time :  0.04267320316284895  Train L2 Loss :  3.0298174711374135
Epoch :  379  Epoch time :  0.04291858524084091  Train L2 Loss :  3.029029308221279
Epoch :  380  Epoch time :  0.04258159175515175  Train L2 Loss :  3.0275443150446963
Epoch :  381  Epoch time :  0.0428762249648571  Train L2 Loss :  3.0266670080331655
Epoch :  382  Epoch time :  0.041567626409232616  Train L2 Loss :  3.0260727955744815
Epoch :  383  Epoch time :  0.04202917777001858  Train L2 Loss :  3.02485903715476
Epoch :  384  Epoch time :  0.04315441846847534  Train L2 Loss :  3.0240615942539315
Epoch :  385  Epoch time :  0.04267091117799282  Train L2 Loss :  3.0231856688475
Epoch :  386  Epoch time :  0.043130251578986645  Train L2 Loss :  3.0210014245448966
Epoch :  387  Epoch time :  0.04272028896957636  Train L2 Loss :  3.0206056986099634
Epoch :  388  Epoch time :  0.042771246284246445  Train L2 Loss :  3.0190858840942383
Epoch :  389  Epoch time :  0.042715007439255714  Train L2 Loss :  3.017705941811586
Epoch :  390  Epoch time :  0.0428925221785903  Train L2 Loss :  3.016930286700909
Epoch :  391  Epoch time :  0.04251224547624588  Train L2 Loss :  3.0161015681731396
Epoch :  392  Epoch time :  0.04312532767653465  Train L2 Loss :  3.014742496686104
Epoch :  393  Epoch time :  0.04285863786935806  Train L2 Loss :  3.0134473947378306
Epoch :  394  Epoch time :  0.040153984911739826  Train L2 Loss :  3.012566933265099
Epoch :  395  Epoch time :  0.04321272112429142  Train L2 Loss :  3.0115581170106545
Epoch :  396  Epoch time :  0.04242605995386839  Train L2 Loss :  3.0100643940460987
Epoch :  397  Epoch time :  0.04322876129299402  Train L2 Loss :  3.010010914924817
Epoch :  398  Epoch time :  0.04265689663589001  Train L2 Loss :  3.0090280190492287
Epoch :  399  Epoch time :  0.04280755948275328  Train L2 Loss :  3.008185704549154
Epoch :  400  Epoch time :  0.042838966473937035  Train L2 Loss :  3.0061014126508665
Epoch :  401  Epoch time :  0.042585816234350204  Train L2 Loss :  3.0052982477041392
Epoch :  402  Epoch time :  0.04282128717750311  Train L2 Loss :  3.0040790117703953
Epoch :  403  Epoch time :  0.04259205237030983  Train L2 Loss :  3.0037626364292245
Epoch :  404  Epoch time :  0.042725724168121815  Train L2 Loss :  3.0035975040533605
Epoch :  405  Epoch time :  0.04097864776849747  Train L2 Loss :  3.002601696894719
Epoch :  406  Epoch time :  0.04238204192370176  Train L2 Loss :  3.0023757494412937
Epoch :  407  Epoch time :  0.042969245463609695  Train L2 Loss :  3.0013590592604418
Epoch :  408  Epoch time :  0.04249033238738775  Train L2 Loss :  3.00074403713911
Epoch :  409  Epoch time :  0.043089563958346844  Train L2 Loss :  3.0002839259612255
Epoch :  410  Epoch time :  0.04277025908231735  Train L2 Loss :  2.999977918771597
Epoch :  411  Epoch time :  0.04329822212457657  Train L2 Loss :  2.999351550371219
Epoch :  412  Epoch time :  0.042229386046528816  Train L2 Loss :  2.998752642900516
Epoch :  413  Epoch time :  0.04315687529742718  Train L2 Loss :  2.9982062608767777
Epoch :  414  Epoch time :  0.04220715258270502  Train L2 Loss :  2.9974954556196165
Epoch :  415  Epoch time :  0.04307645279914141  Train L2 Loss :  2.9971306874201846
Epoch :  416  Epoch time :  0.0426513347774744  Train L2 Loss :  2.996580857496995
Epoch :  417  Epoch time :  0.04057103581726551  Train L2 Loss :  2.9959092017931814
Epoch :  418  Epoch time :  0.04345053620636463  Train L2 Loss :  2.995493326431666
Epoch :  419  Epoch time :  0.04274281766265631  Train L2 Loss :  2.995159442608173
Epoch :  420  Epoch time :  0.042787703685462475  Train L2 Loss :  2.9947107021625223
Epoch :  421  Epoch time :  0.04254211951047182  Train L2 Loss :  2.993894870464618
Epoch :  422  Epoch time :  0.04270234424620867  Train L2 Loss :  2.9933695670885916
Epoch :  423  Epoch time :  0.04313425440341234  Train L2 Loss :  2.9929855053241434
Epoch :  424  Epoch time :  0.04230460058897734  Train L2 Loss :  2.9924025413317556
Epoch :  425  Epoch time :  0.04304707329720259  Train L2 Loss :  2.9916798762786083
Epoch :  426  Epoch time :  0.04260141309350729  Train L2 Loss :  2.9913726708827872
Epoch :  427  Epoch time :  0.043047682382166386  Train L2 Loss :  2.9905485006479116
Epoch :  428  Epoch time :  0.04033377766609192  Train L2 Loss :  2.990037429027068
Epoch :  429  Epoch time :  0.0430645402520895  Train L2 Loss :  2.989777760627942
Epoch :  430  Epoch time :  0.042907753959298134  Train L2 Loss :  2.988838880490034
Epoch :  431  Epoch time :  0.042527979239821434  Train L2 Loss :  2.988615353902181
Epoch :  432  Epoch time :  0.04278598912060261  Train L2 Loss :  2.9880054669502454
Epoch :  433  Epoch time :  0.04256787523627281  Train L2 Loss :  2.98785838102683
Epoch :  434  Epoch time :  0.04293867200613022  Train L2 Loss :  2.986936398041554
Epoch :  435  Epoch time :  0.04255085438489914  Train L2 Loss :  2.98664282529782
Epoch :  436  Epoch time :  0.04298004135489464  Train L2 Loss :  2.98583617577186
Epoch :  437  Epoch time :  0.04249389283359051  Train L2 Loss :  2.9851386975019407
Epoch :  438  Epoch time :  0.04334256146103144  Train L2 Loss :  2.9845983798687277
Epoch :  439  Epoch time :  0.042584752663969994  Train L2 Loss :  2.9838420916826296
Epoch :  440  Epoch time :  0.040456865914165974  Train L2 Loss :  2.9833807822985525
Epoch :  441  Epoch time :  0.04505147784948349  Train L2 Loss :  2.9828276267418494
Epoch :  442  Epoch time :  0.042494009248912334  Train L2 Loss :  2.982532868018517
Epoch :  443  Epoch time :  0.04302849620580673  Train L2 Loss :  2.9820137268457656
Epoch :  444  Epoch time :  0.042312631383538246  Train L2 Loss :  2.981090472294734
Epoch :  445  Epoch time :  0.042931667529046535  Train L2 Loss :  2.980681639451247
Epoch :  446  Epoch time :  0.0425741970539093  Train L2 Loss :  2.9798991129948544
Epoch :  447  Epoch time :  0.04301072005182505  Train L2 Loss :  2.9792459194476786
Epoch :  448  Epoch time :  0.043012320064008236  Train L2 Loss :  2.978510538736979
Epoch :  449  Epoch time :  0.04235102981328964  Train L2 Loss :  2.9781368451240735
Epoch :  450  Epoch time :  0.04288750700652599  Train L2 Loss :  2.977402002383501
Epoch :  451  Epoch time :  0.04048403725028038  Train L2 Loss :  2.9767436736669297
Epoch :  452  Epoch time :  0.042894743382930756  Train L2 Loss :  2.9760654889620266
Epoch :  453  Epoch time :  0.04283601511269808  Train L2 Loss :  2.9753874509762497
Epoch :  454  Epoch time :  0.04271707031875849  Train L2 Loss :  2.975257384471404
Epoch :  455  Epoch time :  0.04290088266134262  Train L2 Loss :  2.9744993112026115
Epoch :  456  Epoch time :  0.04234457295387983  Train L2 Loss :  2.973730282905774
Epoch :  457  Epoch time :  0.043117438443005085  Train L2 Loss :  2.973223612858699
Epoch :  458  Epoch time :  0.042717570438981056  Train L2 Loss :  2.9725920848357372
Epoch :  459  Epoch time :  0.043280343525111675  Train L2 Loss :  2.972297497284718
Epoch :  460  Epoch time :  0.04226721730083227  Train L2 Loss :  2.971225836338141
Epoch :  461  Epoch time :  0.04305949341505766  Train L2 Loss :  2.9710587232540817
Epoch :  462  Epoch time :  0.042271473444998264  Train L2 Loss :  2.9699211854201097
Epoch :  463  Epoch time :  0.0411000968888402  Train L2 Loss :  2.9692781888521633
Epoch :  464  Epoch time :  0.04320156387984753  Train L2 Loss :  2.9685660631228714
Epoch :  465  Epoch time :  0.042429531924426556  Train L2 Loss :  2.9679187138875327
Epoch :  466  Epoch time :  0.04331434052437544  Train L2 Loss :  2.9671998146252756
Epoch :  467  Epoch time :  0.04243920370936394  Train L2 Loss :  2.966843287150065
Epoch :  468  Epoch time :  0.043090841732919216  Train L2 Loss :  2.966095875471066
Epoch :  469  Epoch time :  0.04241690319031477  Train L2 Loss :  2.965387295453976
Epoch :  470  Epoch time :  0.045415736734867096  Train L2 Loss :  2.9647328547942333
Epoch :  471  Epoch time :  0.0426293034106493  Train L2 Loss :  2.963924921475924
Epoch :  472  Epoch time :  0.04286443721503019  Train L2 Loss :  2.963902962513459
Epoch :  473  Epoch time :  0.04296589642763138  Train L2 Loss :  2.962929163223658
Epoch :  474  Epoch time :  0.04049757868051529  Train L2 Loss :  2.9620793660481772
Epoch :  475  Epoch time :  0.04279587045311928  Train L2 Loss :  2.961579885238256
Epoch :  476  Epoch time :  0.04284003842622042  Train L2 Loss :  2.960966403667743
Epoch :  477  Epoch time :  0.042858392000198364  Train L2 Loss :  2.960486338688777
Epoch :  478  Epoch time :  0.04326007142663002  Train L2 Loss :  2.959856424576197
Epoch :  479  Epoch time :  0.04256173875182867  Train L2 Loss :  2.959188925914275
Epoch :  480  Epoch time :  0.0432148864492774  Train L2 Loss :  2.9586673883291392
Epoch :  481  Epoch time :  0.04237542953342199  Train L2 Loss :  2.9585335560334034
Epoch :  482  Epoch time :  0.0431882394477725  Train L2 Loss :  2.957690874735514
Epoch :  483  Epoch time :  0.04268674831837416  Train L2 Loss :  2.95721873258933
Epoch :  484  Epoch time :  0.043109046295285225  Train L2 Loss :  2.9560319704887195
Epoch :  485  Epoch time :  0.041482304222881794  Train L2 Loss :  2.9556403771424904
Epoch :  486  Epoch time :  0.04221911821514368  Train L2 Loss :  2.9550340359027567
Epoch :  487  Epoch time :  0.04314637370407581  Train L2 Loss :  2.9542688589829664
Epoch :  488  Epoch time :  0.04232787899672985  Train L2 Loss :  2.9537718357183995
Epoch :  489  Epoch time :  0.04326959140598774  Train L2 Loss :  2.953284116891714
Epoch :  490  Epoch time :  0.042469145730137825  Train L2 Loss :  2.953183345305614
Epoch :  491  Epoch time :  0.04314859211444855  Train L2 Loss :  2.9523631853935046
Epoch :  492  Epoch time :  0.04245574027299881  Train L2 Loss :  2.9517259353246446
Epoch :  493  Epoch time :  0.04280932154506445  Train L2 Loss :  2.9507312774658203
Epoch :  494  Epoch time :  0.04234812222421169  Train L2 Loss :  2.9503695903680263
Epoch :  495  Epoch time :  0.042841408401727676  Train L2 Loss :  2.9499998092651367
Epoch :  496  Epoch time :  0.0427341228350997  Train L2 Loss :  2.9492616653442383
Epoch :  497  Epoch time :  0.04041394591331482  Train L2 Loss :  2.9486828583937426
Epoch :  498  Epoch time :  0.04248711373656988  Train L2 Loss :  2.948099136352539
Epoch :  499  Epoch time :  0.04272786993533373  Train L2 Loss :  2.9470874835283327
Epoch :  500  Epoch time :  0.043311591260135174  Train L2 Loss :  2.9464047016241612
Epoch :  501  Epoch time :  0.04309521336108446  Train L2 Loss :  2.9462848810049205
Epoch :  502  Epoch time :  0.04263819940388203  Train L2 Loss :  2.94577703720484
Epoch :  503  Epoch time :  0.0430923392996192  Train L2 Loss :  2.945594860957219
Epoch :  504  Epoch time :  0.042445444501936436  Train L2 Loss :  2.9452286744729066
Epoch :  505  Epoch time :  0.043156697414815426  Train L2 Loss :  2.9451163365290713
Epoch :  506  Epoch time :  0.04251493141055107  Train L2 Loss :  2.944682757059733
Epoch :  507  Epoch time :  0.04318500496447086  Train L2 Loss :  2.9443708811050806
Epoch :  508  Epoch time :  0.04124507773667574  Train L2 Loss :  2.94419073447203
Epoch :  509  Epoch time :  0.04244639351963997  Train L2 Loss :  2.943823007436899
Epoch :  510  Epoch time :  0.04299117997288704  Train L2 Loss :  2.9434921069022937
Epoch :  511  Epoch time :  0.042787459678947926  Train L2 Loss :  2.943262198032477
Epoch :  512  Epoch time :  0.042788635939359665  Train L2 Loss :  2.94298470325959
Epoch :  513  Epoch time :  0.04279862251132727  Train L2 Loss :  2.9428504552596655
Epoch :  514  Epoch time :  0.04278664104640484  Train L2 Loss :  2.942485442528358
Epoch :  515  Epoch time :  0.04264004249125719  Train L2 Loss :  2.942063942933694
Epoch :  516  Epoch time :  0.04294414818286896  Train L2 Loss :  2.9419105725410657
Epoch :  517  Epoch time :  0.04259064607322216  Train L2 Loss :  2.9418080158722706
Epoch :  518  Epoch time :  0.0429195761680603  Train L2 Loss :  2.941472982748961
Epoch :  519  Epoch time :  0.04308060370385647  Train L2 Loss :  2.9410643455309744
Epoch :  520  Epoch time :  0.04035136941820383  Train L2 Loss :  2.940692192468888
Epoch :  521  Epoch time :  0.043208928778767586  Train L2 Loss :  2.9404025200085764
Epoch :  522  Epoch time :  0.042434404604136944  Train L2 Loss :  2.9401668157332983
Epoch :  523  Epoch time :  0.04322235379368067  Train L2 Loss :  2.9398466501480494
Epoch :  524  Epoch time :  0.042474597692489624  Train L2 Loss :  2.939478556315104
Epoch :  525  Epoch time :  0.04309844970703125  Train L2 Loss :  2.939246422205216
Epoch :  526  Epoch time :  0.04294099751859903  Train L2 Loss :  2.93892765045166
Epoch :  527  Epoch time :  0.04283525422215462  Train L2 Loss :  2.9387639608138647
Epoch :  528  Epoch time :  0.043081228621304035  Train L2 Loss :  2.9385617818587866
Epoch :  529  Epoch time :  0.04285684693604708  Train L2 Loss :  2.9380672650459485
Epoch :  530  Epoch time :  0.04306280892342329  Train L2 Loss :  2.9379191276354666
Epoch :  531  Epoch time :  0.04083632491528988  Train L2 Loss :  2.9375621110965042
Epoch :  532  Epoch time :  0.04283816181123257  Train L2 Loss :  2.9373610325348682
Epoch :  533  Epoch time :  0.04320264421403408  Train L2 Loss :  2.936962005419609
Epoch :  534  Epoch time :  0.04301811009645462  Train L2 Loss :  2.936793498503856
Epoch :  535  Epoch time :  0.043090417981147766  Train L2 Loss :  2.936635604271522
Epoch :  536  Epoch time :  0.04268457181751728  Train L2 Loss :  2.936346102983524
Epoch :  537  Epoch time :  0.04320397600531578  Train L2 Loss :  2.93589300987048
Epoch :  538  Epoch time :  0.04214377794414759  Train L2 Loss :  2.935669850080441
Epoch :  539  Epoch time :  0.043163747526705265  Train L2 Loss :  2.935270700699244
Epoch :  540  Epoch time :  0.042197433300316334  Train L2 Loss :  2.935101093390049
Epoch :  541  Epoch time :  0.04332091100513935  Train L2 Loss :  2.934658001630734
Epoch :  542  Epoch time :  0.042341853491961956  Train L2 Loss :  2.9343714836316233
Epoch :  543  Epoch time :  0.041024534963071346  Train L2 Loss :  2.934159450041942
Epoch :  544  Epoch time :  0.042852072045207024  Train L2 Loss :  2.9337814282148313
Epoch :  545  Epoch time :  0.042642755433917046  Train L2 Loss :  2.9335398307213416
Epoch :  546  Epoch time :  0.04282333701848984  Train L2 Loss :  2.9331654524191833
Epoch :  547  Epoch time :  0.04264129977673292  Train L2 Loss :  2.9329587251712113
Epoch :  548  Epoch time :  0.042847524397075176  Train L2 Loss :  2.932755030118502
Epoch :  549  Epoch time :  0.04463141318410635  Train L2 Loss :  2.932402097261869
Epoch :  550  Epoch time :  0.04341395013034344  Train L2 Loss :  2.932222292973445
Epoch :  551  Epoch time :  0.04304336849600077  Train L2 Loss :  2.9318529031215568
Epoch :  552  Epoch time :  0.0424895454198122  Train L2 Loss :  2.9316525826087365
Epoch :  553  Epoch time :  0.043063477613031864  Train L2 Loss :  2.931381885822003
Epoch :  554  Epoch time :  0.04033873975276947  Train L2 Loss :  2.9311361801929965
Epoch :  555  Epoch time :  0.043156351894140244  Train L2 Loss :  2.930824499863845
Epoch :  556  Epoch time :  0.04253097716718912  Train L2 Loss :  2.9304376259828224
Epoch :  557  Epoch time :  0.04291312489658594  Train L2 Loss :  2.9301363627115884
Epoch :  558  Epoch time :  0.042946052737534046  Train L2 Loss :  2.9299574142847304
Epoch :  559  Epoch time :  0.04332181438803673  Train L2 Loss :  2.929643166370881
Epoch :  560  Epoch time :  0.04281503800302744  Train L2 Loss :  2.9294278560540614
Epoch :  561  Epoch time :  0.044451684691011906  Train L2 Loss :  2.9291904156024637
Epoch :  562  Epoch time :  0.04305516742169857  Train L2 Loss :  2.9288474107399964
Epoch :  563  Epoch time :  0.0424001095816493  Train L2 Loss :  2.9285097122192383
Epoch :  564  Epoch time :  0.04314539209008217  Train L2 Loss :  2.928244969783685
Epoch :  565  Epoch time :  0.04166738595813513  Train L2 Loss :  2.927871973086626
Epoch :  566  Epoch time :  0.04171651694923639  Train L2 Loss :  2.9276355107625327
Epoch :  567  Epoch time :  0.043122874572873116  Train L2 Loss :  2.9273205537062426
Epoch :  568  Epoch time :  0.04246125649660826  Train L2 Loss :  2.9270026622674403
Epoch :  569  Epoch time :  0.043067000806331635  Train L2 Loss :  2.9267598421145706
Epoch :  570  Epoch time :  0.04237616807222366  Train L2 Loss :  2.9264744245089016
Epoch :  571  Epoch time :  0.04318721406161785  Train L2 Loss :  2.9263565112382937
Epoch :  572  Epoch time :  0.04270275216549635  Train L2 Loss :  2.925893783569336
Epoch :  573  Epoch time :  0.04297148063778877  Train L2 Loss :  2.925570879227076
Epoch :  574  Epoch time :  0.04307935852557421  Train L2 Loss :  2.925305586594802
Epoch :  575  Epoch time :  0.042853533290326595  Train L2 Loss :  2.9251042635012894
Epoch :  576  Epoch time :  0.04306992143392563  Train L2 Loss :  2.924972008436154
Epoch :  577  Epoch time :  0.04007201921194792  Train L2 Loss :  2.924391868786934
Epoch :  578  Epoch time :  0.043276489712297916  Train L2 Loss :  2.9241860707600913
Epoch :  579  Epoch time :  0.042511288076639175  Train L2 Loss :  2.923872091831305
Epoch :  580  Epoch time :  0.04318532068282366  Train L2 Loss :  2.923485902639536
Epoch :  581  Epoch time :  0.04268452152609825  Train L2 Loss :  2.923387723091321
Epoch :  582  Epoch time :  0.04311559163033962  Train L2 Loss :  2.922902669662084
Epoch :  583  Epoch time :  0.043041689321398735  Train L2 Loss :  2.922779278877454
Epoch :  584  Epoch time :  0.04256252385675907  Train L2 Loss :  2.9223943123450646
Epoch :  585  Epoch time :  0.04285793099552393  Train L2 Loss :  2.9222430693797574
Epoch :  586  Epoch time :  0.04242541640996933  Train L2 Loss :  2.921947087997045
Epoch :  587  Epoch time :  0.04286024998873472  Train L2 Loss :  2.9215731498522635
Epoch :  588  Epoch time :  0.041348990984261036  Train L2 Loss :  2.921326074844752
Epoch :  589  Epoch time :  0.04210131987929344  Train L2 Loss :  2.921076407799354
Epoch :  590  Epoch time :  0.043090129271149635  Train L2 Loss :  2.9208018963153544
Epoch :  591  Epoch time :  0.04245527181774378  Train L2 Loss :  2.92061002437885
Epoch :  592  Epoch time :  0.04293287266045809  Train L2 Loss :  2.920214897547013
Epoch :  593  Epoch time :  0.04236804507672787  Train L2 Loss :  2.9198325597322903
Epoch :  594  Epoch time :  0.04300849139690399  Train L2 Loss :  2.9194899583474183
Epoch :  595  Epoch time :  0.04235394112765789  Train L2 Loss :  2.919213661780724
Epoch :  596  Epoch time :  0.042929887771606445  Train L2 Loss :  2.919065683315962
Epoch :  597  Epoch time :  0.04244519490748644  Train L2 Loss :  2.9186405524229393
Epoch :  598  Epoch time :  0.04291981924325228  Train L2 Loss :  2.9187222994290867
Epoch :  599  Epoch time :  0.042907808907330036  Train L2 Loss :  2.9180272909311147
Epoch :  600  Epoch time :  0.0404339199885726  Train L2 Loss :  2.917699459271553
Epoch :  601  Epoch time :  0.04274580627679825  Train L2 Loss :  2.917620096451197
Epoch :  602  Epoch time :  0.042693380266427994  Train L2 Loss :  2.917393219776643
Epoch :  603  Epoch time :  0.04293023329228163  Train L2 Loss :  2.9172849410619492
Epoch :  604  Epoch time :  0.04268266819417477  Train L2 Loss :  2.917029625330216
Epoch :  605  Epoch time :  0.0428228247910738  Train L2 Loss :  2.9170253460223856
Epoch :  606  Epoch time :  0.042855750769376755  Train L2 Loss :  2.916817224942721
Epoch :  607  Epoch time :  0.04230536427348852  Train L2 Loss :  2.9166651994754105
Epoch :  608  Epoch time :  0.04275364801287651  Train L2 Loss :  2.916521268013196
Epoch :  609  Epoch time :  0.042268783785402775  Train L2 Loss :  2.9164087099906726
Epoch :  610  Epoch time :  0.043108340352773666  Train L2 Loss :  2.9162966165787134
Epoch :  611  Epoch time :  0.040996857918798923  Train L2 Loss :  2.916024256975223
Epoch :  612  Epoch time :  0.04249246511608362  Train L2 Loss :  2.915906881674742
Epoch :  613  Epoch time :  0.04292806517332792  Train L2 Loss :  2.9157954240456605
Epoch :  614  Epoch time :  0.04247880820184946  Train L2 Loss :  2.915733973185221
Epoch :  615  Epoch time :  0.04295140691101551  Train L2 Loss :  2.915432123037485
Epoch :  616  Epoch time :  0.04255746956914663  Train L2 Loss :  2.915339641081981
Epoch :  617  Epoch time :  0.04277772642672062  Train L2 Loss :  2.9151863685021033
Epoch :  618  Epoch time :  0.042424269020557404  Train L2 Loss :  2.915022678864308
Epoch :  619  Epoch time :  0.04281634837388992  Train L2 Loss :  2.9148890544206667
Epoch :  620  Epoch time :  0.042390890419483185  Train L2 Loss :  2.914691387078701
Epoch :  621  Epoch time :  0.04301409889012575  Train L2 Loss :  2.9145366717607546
Epoch :  622  Epoch time :  0.0429867971688509  Train L2 Loss :  2.9144567587436776
Epoch :  623  Epoch time :  0.040432559326291084  Train L2 Loss :  2.9143890478672128
Epoch :  624  Epoch time :  0.04306868277490139  Train L2 Loss :  2.9141041926848583
Epoch :  625  Epoch time :  0.04224209487438202  Train L2 Loss :  2.914020244891827
Epoch :  626  Epoch time :  0.04289829358458519  Train L2 Loss :  2.913828287369166
Epoch :  627  Epoch time :  0.0437430189922452  Train L2 Loss :  2.9137063148694162
Epoch :  628  Epoch time :  0.04316912405192852  Train L2 Loss :  2.9134693145751953
Epoch :  629  Epoch time :  0.042593805119395256  Train L2 Loss :  2.913399867522411
Epoch :  630  Epoch time :  0.0427259961143136  Train L2 Loss :  2.913179642114884
Epoch :  631  Epoch time :  0.042612163349986076  Train L2 Loss :  2.9130476927145934
Epoch :  632  Epoch time :  0.04269308689981699  Train L2 Loss :  2.9129284100654798
Epoch :  633  Epoch time :  0.042852457612752914  Train L2 Loss :  2.91278198437813
Epoch :  634  Epoch time :  0.0407022126019001  Train L2 Loss :  2.9126011775090146
Epoch :  635  Epoch time :  0.042855377309024334  Train L2 Loss :  2.912457294953175
Epoch :  636  Epoch time :  0.04304182529449463  Train L2 Loss :  2.9123114072359524
Epoch :  637  Epoch time :  0.042372360825538635  Train L2 Loss :  2.9121349285810423
Epoch :  638  Epoch time :  0.04293766804039478  Train L2 Loss :  2.9119775478656473
Epoch :  639  Epoch time :  0.042463322170078754  Train L2 Loss :  2.9118314400697365
Epoch :  640  Epoch time :  0.04290594719350338  Train L2 Loss :  2.9119698451115537
Epoch :  641  Epoch time :  0.042408956214785576  Train L2 Loss :  2.9114944629180126
Epoch :  642  Epoch time :  0.042979856953024864  Train L2 Loss :  2.9114312392014723
Epoch :  643  Epoch time :  0.04241767432540655  Train L2 Loss :  2.91126038477971
Epoch :  644  Epoch time :  0.043060400523245335  Train L2 Loss :  2.911134426410382
Epoch :  645  Epoch time :  0.04233679547905922  Train L2 Loss :  2.9109908495193872
Epoch :  646  Epoch time :  0.04133689869195223  Train L2 Loss :  2.9107986841446314
Epoch :  647  Epoch time :  0.04316098615527153  Train L2 Loss :  2.9106276096441808
Epoch :  648  Epoch time :  0.04255120735615492  Train L2 Loss :  2.9105441020085263
Epoch :  649  Epoch time :  0.04298818949609995  Train L2 Loss :  2.910445580115685
Epoch :  650  Epoch time :  0.042284789495170116  Train L2 Loss :  2.910268416771522
Epoch :  651  Epoch time :  0.043151991441845894  Train L2 Loss :  2.9101207439716044
Epoch :  652  Epoch time :  0.04226341377943754  Train L2 Loss :  2.9098781928037987
Epoch :  653  Epoch time :  0.04297044966369867  Train L2 Loss :  2.9097093435434194
Epoch :  654  Epoch time :  0.04308203887194395  Train L2 Loss :  2.9097112264388647
Epoch :  655  Epoch time :  0.042927769012749195  Train L2 Loss :  2.909460165561774
Epoch :  656  Epoch time :  0.0430032042786479  Train L2 Loss :  2.9093156105432754
Epoch :  657  Epoch time :  0.039654224179685116  Train L2 Loss :  2.9091778290577426
Epoch :  658  Epoch time :  0.0413584616035223  Train L2 Loss :  2.908956601069524
Epoch :  659  Epoch time :  0.04306580871343613  Train L2 Loss :  2.9088615026229467
Epoch :  660  Epoch time :  0.04220368526875973  Train L2 Loss :  2.9086953676663914
Epoch :  661  Epoch time :  0.04317232966423035  Train L2 Loss :  2.9085320203732223
Epoch :  662  Epoch time :  0.04234935808926821  Train L2 Loss :  2.9084964654384513
Epoch :  663  Epoch time :  0.04316097218543291  Train L2 Loss :  2.9082864003303723
Epoch :  664  Epoch time :  0.042419999837875366  Train L2 Loss :  2.908091496198605
Epoch :  665  Epoch time :  0.04288538824766874  Train L2 Loss :  2.9079682521331005
Epoch :  666  Epoch time :  0.042483311146497726  Train L2 Loss :  2.907856672238081
Epoch :  667  Epoch time :  0.04287694301456213  Train L2 Loss :  2.907661706973345
Epoch :  668  Epoch time :  0.042857857421040535  Train L2 Loss :  2.907523962167593
Epoch :  669  Epoch time :  0.04038781486451626  Train L2 Loss :  2.9073737217829776
Epoch :  670  Epoch time :  0.042811631225049496  Train L2 Loss :  2.9073218810252652
Epoch :  671  Epoch time :  0.042364588007330894  Train L2 Loss :  2.9071519802778196
Epoch :  672  Epoch time :  0.04301903955638409  Train L2 Loss :  2.9069359608185596
Epoch :  673  Epoch time :  0.04253453481942415  Train L2 Loss :  2.9067714397723856
Epoch :  674  Epoch time :  0.04268415179103613  Train L2 Loss :  2.9065722685593824
Epoch :  675  Epoch time :  0.043033188208937645  Train L2 Loss :  2.9065469106038413
Epoch :  676  Epoch time :  0.04243031144142151  Train L2 Loss :  2.906384981595553
Epoch :  677  Epoch time :  0.04273232165724039  Train L2 Loss :  2.9061382489326673
Epoch :  678  Epoch time :  0.042563569732010365  Train L2 Loss :  2.906042367984087
Epoch :  679  Epoch time :  0.0426616333425045  Train L2 Loss :  2.905870633247571
Epoch :  680  Epoch time :  0.04103767778724432  Train L2 Loss :  2.905715685624343
Epoch :  681  Epoch time :  0.04240975342690945  Train L2 Loss :  2.9055922581599307
Epoch :  682  Epoch time :  0.042683267034590244  Train L2 Loss :  2.905473073323568
Epoch :  683  Epoch time :  0.04246365278959274  Train L2 Loss :  2.9052475904807067
Epoch :  684  Epoch time :  0.042583899572491646  Train L2 Loss :  2.905176798502604
Epoch :  685  Epoch time :  0.04244117811322212  Train L2 Loss :  2.9050351411868363
Epoch :  686  Epoch time :  0.04265326075255871  Train L2 Loss :  2.9048184737181053
Epoch :  687  Epoch time :  0.04256634693592787  Train L2 Loss :  2.9046525221604567
Epoch :  688  Epoch time :  0.04264325462281704  Train L2 Loss :  2.904489223773663
Epoch :  689  Epoch time :  0.04256216064095497  Train L2 Loss :  2.904360771179199
Epoch :  690  Epoch time :  0.04317396692931652  Train L2 Loss :  2.9042325631166115
Epoch :  691  Epoch time :  0.043066972866654396  Train L2 Loss :  2.9040758181840944
Epoch :  692  Epoch time :  0.040104759857058525  Train L2 Loss :  2.9038988749186196
Epoch :  693  Epoch time :  0.0428694449365139  Train L2 Loss :  2.9037741147554836
Epoch :  694  Epoch time :  0.04242223221808672  Train L2 Loss :  2.9036064392481093
Epoch :  695  Epoch time :  0.042840142734348774  Train L2 Loss :  2.9035596603002305
Epoch :  696  Epoch time :  0.042413790710270405  Train L2 Loss :  2.9033012634668593
Epoch :  697  Epoch time :  0.04263002425432205  Train L2 Loss :  2.9031623938144784
Epoch :  698  Epoch time :  0.0428458359092474  Train L2 Loss :  2.9030171663333206
Epoch :  699  Epoch time :  0.042266678996384144  Train L2 Loss :  2.902917666312976
Epoch :  700  Epoch time :  0.042861083522439  Train L2 Loss :  2.9026557237674027
Epoch :  701  Epoch time :  0.042508468963205814  Train L2 Loss :  2.902571922693497
Epoch :  702  Epoch time :  0.04273553751409054  Train L2 Loss :  2.9025225272545447
Epoch :  703  Epoch time :  0.0411240141838789  Train L2 Loss :  2.9024238830957656
Epoch :  704  Epoch time :  0.04205181170254946  Train L2 Loss :  2.9023766884436975
Epoch :  705  Epoch time :  0.04287686478346586  Train L2 Loss :  2.902314528440818
Epoch :  706  Epoch time :  0.042146080173552036  Train L2 Loss :  2.902203706594614
Epoch :  707  Epoch time :  0.04445983003824949  Train L2 Loss :  2.9022095020000753
Epoch :  708  Epoch time :  0.042483177967369556  Train L2 Loss :  2.902056865203075
Epoch :  709  Epoch time :  0.043001159094274044  Train L2 Loss :  2.902005293430426
Epoch :  710  Epoch time :  0.042588287964463234  Train L2 Loss :  2.9019186313335714
Epoch :  711  Epoch time :  0.04299053456634283  Train L2 Loss :  2.9018685267521787
Epoch :  712  Epoch time :  0.042477247305214405  Train L2 Loss :  2.901761764135116
Epoch :  713  Epoch time :  0.0430263364687562  Train L2 Loss :  2.901693344116211
Epoch :  714  Epoch time :  0.0427086316049099  Train L2 Loss :  2.901678843375964
Epoch :  715  Epoch time :  0.040354241617023945  Train L2 Loss :  2.901538751064203
Epoch :  716  Epoch time :  0.04324125871062279  Train L2 Loss :  2.9014711869068637
Epoch :  717  Epoch time :  0.04252252448350191  Train L2 Loss :  2.9014102740165515
Epoch :  718  Epoch time :  0.042988136410713196  Train L2 Loss :  2.901338577270508
Epoch :  719  Epoch time :  0.04254745412617922  Train L2 Loss :  2.9012540915073495
Epoch :  720  Epoch time :  0.042936229147017  Train L2 Loss :  2.901179484831981
Epoch :  721  Epoch time :  0.04310877528041601  Train L2 Loss :  2.901150483351487
Epoch :  722  Epoch time :  0.042714095674455166  Train L2 Loss :  2.901050885518392
Epoch :  723  Epoch time :  0.043173592537641525  Train L2 Loss :  2.9009891412197013
Epoch :  724  Epoch time :  0.042437818832695484  Train L2 Loss :  2.900901892246344
Epoch :  725  Epoch time :  0.04328220058232546  Train L2 Loss :  2.9008311736278043
Epoch :  726  Epoch time :  0.04051041416823864  Train L2 Loss :  2.9007336787688427
Epoch :  727  Epoch time :  0.04305499419569969  Train L2 Loss :  2.9006910568628554
Epoch :  728  Epoch time :  0.04290147311985493  Train L2 Loss :  2.9006073536017003
Epoch :  729  Epoch time :  0.04262825194746256  Train L2 Loss :  2.9005310107500124
Epoch :  730  Epoch time :  0.04293789155781269  Train L2 Loss :  2.900469217544947
Epoch :  731  Epoch time :  0.042611432261765  Train L2 Loss :  2.9003624549278846
Epoch :  732  Epoch time :  0.04285104665905237  Train L2 Loss :  2.900302666884202
Epoch :  733  Epoch time :  0.04269108548760414  Train L2 Loss :  2.9002283291938977
Epoch :  734  Epoch time :  0.042994909919798374  Train L2 Loss :  2.900167954273713
Epoch :  735  Epoch time :  0.042699191719293594  Train L2 Loss :  2.900102639809633
Epoch :  736  Epoch time :  0.04286434035748243  Train L2 Loss :  2.9000438910264235
Epoch :  737  Epoch time :  0.04272171948105097  Train L2 Loss :  2.899937556340144
Epoch :  738  Epoch time :  0.041213227435946465  Train L2 Loss :  2.8998832458104844
Epoch :  739  Epoch time :  0.04333041701465845  Train L2 Loss :  2.899796974964631
Epoch :  740  Epoch time :  0.04247452784329653  Train L2 Loss :  2.899711853418595
Epoch :  741  Epoch time :  0.04299125447869301  Train L2 Loss :  2.8996091989370494
Epoch :  742  Epoch time :  0.04243351984769106  Train L2 Loss :  2.8996463922353892
Epoch :  743  Epoch time :  0.04315936751663685  Train L2 Loss :  2.8995070579724436
Epoch :  744  Epoch time :  0.04261419363319874  Train L2 Loss :  2.8994294680081882
Epoch :  745  Epoch time :  0.04303061589598656  Train L2 Loss :  2.899336888239934
Epoch :  746  Epoch time :  0.04300274606794119  Train L2 Loss :  2.89929382617657
Epoch :  747  Epoch time :  0.04269812162965536  Train L2 Loss :  2.8992410806509166
Epoch :  748  Epoch time :  0.04280760884284973  Train L2 Loss :  2.8991717314108825
Epoch :  749  Epoch time :  0.040434304624795914  Train L2 Loss :  2.8990439635056715
Epoch :  750  Epoch time :  0.04300740920007229  Train L2 Loss :  2.898982365926107
Epoch :  751  Epoch time :  0.04291763994842768  Train L2 Loss :  2.8989069889753294
Epoch :  752  Epoch time :  0.042937048710882664  Train L2 Loss :  2.8988232490343924
Epoch :  753  Epoch time :  0.04331528954207897  Train L2 Loss :  2.8987453167255106
Epoch :  754  Epoch time :  0.04243231751024723  Train L2 Loss :  2.8986824109004092
Epoch :  755  Epoch time :  0.043088726699352264  Train L2 Loss :  2.8986513431255636
Epoch :  756  Epoch time :  0.042304594069719315  Train L2 Loss :  2.898539433112511
Epoch :  757  Epoch time :  0.04332750290632248  Train L2 Loss :  2.8984631513937926
Epoch :  758  Epoch time :  0.04236587788909674  Train L2 Loss :  2.898414073846279
Epoch :  759  Epoch time :  0.04336021561175585  Train L2 Loss :  2.8983249908838515
Epoch :  760  Epoch time :  0.04136865772306919  Train L2 Loss :  2.898256008441632
Epoch :  761  Epoch time :  0.041990939527750015  Train L2 Loss :  2.898215868534186
Epoch :  762  Epoch time :  0.04316513612866402  Train L2 Loss :  2.8981073819673977
Epoch :  763  Epoch time :  0.042485215701162815  Train L2 Loss :  2.8980261240250025
Epoch :  764  Epoch time :  0.043212324380874634  Train L2 Loss :  2.8979535469642053
Epoch :  765  Epoch time :  0.042307100258767605  Train L2 Loss :  2.8978886971106896
Epoch :  766  Epoch time :  0.04325069300830364  Train L2 Loss :  2.89782348045936
Epoch :  767  Epoch time :  0.04209648258984089  Train L2 Loss :  2.897758337167593
Epoch :  768  Epoch time :  0.04310587141662836  Train L2 Loss :  2.8976482978233924
Epoch :  769  Epoch time :  0.04256358835846186  Train L2 Loss :  2.8975850374270706
Epoch :  770  Epoch time :  0.043176302686333656  Train L2 Loss :  2.897509012466822
Epoch :  771  Epoch time :  0.04289591312408447  Train L2 Loss :  2.897456291394356
Epoch :  772  Epoch time :  0.040492246858775616  Train L2 Loss :  2.8973925908406577
Epoch :  773  Epoch time :  0.043343386612832546  Train L2 Loss :  2.897342730791141
Epoch :  774  Epoch time :  0.04291984532028437  Train L2 Loss :  2.897211050375914
Epoch :  775  Epoch time :  0.04308747034519911  Train L2 Loss :  2.897147374275403
Epoch :  776  Epoch time :  0.042840427719056606  Train L2 Loss :  2.8971071365552072
Epoch :  777  Epoch time :  0.042922092601656914  Train L2 Loss :  2.8970046165661936
Epoch :  778  Epoch time :  0.04298464395105839  Train L2 Loss :  2.8969158759483924
Epoch :  779  Epoch time :  0.04231536202132702  Train L2 Loss :  2.8968707842704577
Epoch :  780  Epoch time :  0.04332393128424883  Train L2 Loss :  2.8967882792154946
Epoch :  781  Epoch time :  0.042511558160185814  Train L2 Loss :  2.8967100167885804
Epoch :  782  Epoch time :  0.04337633866816759  Train L2 Loss :  2.8966883634909606
Epoch :  783  Epoch time :  0.04074238892644644  Train L2 Loss :  2.896572015224359
Epoch :  784  Epoch time :  0.04280661512166262  Train L2 Loss :  2.8965337704389524
Epoch :  785  Epoch time :  0.04423709027469158  Train L2 Loss :  2.8964434403639574
Epoch :  786  Epoch time :  0.042718919925391674  Train L2 Loss :  2.8963793485592575
Epoch :  787  Epoch time :  0.042891270481050014  Train L2 Loss :  2.8962682577279897
Epoch :  788  Epoch time :  0.042683095671236515  Train L2 Loss :  2.8961972212180114
Epoch :  789  Epoch time :  0.042876407504081726  Train L2 Loss :  2.8961468721047425
Epoch :  790  Epoch time :  0.04281174577772617  Train L2 Loss :  2.896094860174717
Epoch :  791  Epoch time :  0.042821829207241535  Train L2 Loss :  2.896009983160557
Epoch :  792  Epoch time :  0.04284227546304464  Train L2 Loss :  2.8959268912290916
Epoch :  793  Epoch time :  0.04315153043717146  Train L2 Loss :  2.89585787210709
Epoch :  794  Epoch time :  0.04279983974993229  Train L2 Loss :  2.895782592969063
Epoch :  795  Epoch time :  0.04069473408162594  Train L2 Loss :  2.8957193081195536
Epoch :  796  Epoch time :  0.043485427275300026  Train L2 Loss :  2.8956746076926208
Epoch :  797  Epoch time :  0.04240197874605656  Train L2 Loss :  2.895534906631861
Epoch :  798  Epoch time :  0.04315640218555927  Train L2 Loss :  2.8954940698085685
Epoch :  799  Epoch time :  0.042513868771493435  Train L2 Loss :  2.8954587838588615
Epoch :  800  Epoch time :  0.0429366659373045  Train L2 Loss :  2.895297123835637
Epoch :  801  Epoch time :  0.04296804778277874  Train L2 Loss :  2.8952627915602465
Epoch :  802  Epoch time :  0.04288247134536505  Train L2 Loss :  2.8952558713081555
Epoch :  803  Epoch time :  0.043097542598843575  Train L2 Loss :  2.8952281169402294
Epoch :  804  Epoch time :  0.04248537868261337  Train L2 Loss :  2.895164538652469
Epoch :  805  Epoch time :  0.043063752353191376  Train L2 Loss :  2.895130891066331
Epoch :  806  Epoch time :  0.040418051183223724  Train L2 Loss :  2.8950870709541516
Epoch :  807  Epoch time :  0.043320721946656704  Train L2 Loss :  2.8950607837774816
Epoch :  808  Epoch time :  0.042737401090562344  Train L2 Loss :  2.8950267693935294
Epoch :  809  Epoch time :  0.04298477154225111  Train L2 Loss :  2.894976958250388
Epoch :  810  Epoch time :  0.04291933309286833  Train L2 Loss :  2.8949473332136106
Epoch :  811  Epoch time :  0.04272626806050539  Train L2 Loss :  2.89491029886099
Epoch :  812  Epoch time :  0.04280150681734085  Train L2 Loss :  2.8948746216602816
Epoch :  813  Epoch time :  0.0428778100758791  Train L2 Loss :  2.894838626568134
Epoch :  814  Epoch time :  0.042944551445543766  Train L2 Loss :  2.894777787037385
Epoch :  815  Epoch time :  0.04300448298454285  Train L2 Loss :  2.894756414951422
Epoch :  816  Epoch time :  0.04285483527928591  Train L2 Loss :  2.8947206154847755
Epoch :  817  Epoch time :  0.04201495926827192  Train L2 Loss :  2.8946901712662134
Epoch :  818  Epoch time :  0.041420611552894115  Train L2 Loss :  2.894645311893561
Epoch :  819  Epoch time :  0.0437315758317709  Train L2 Loss :  2.89460879105788
Epoch :  820  Epoch time :  0.04253954999148846  Train L2 Loss :  2.8946119210658927
Epoch :  821  Epoch time :  0.043180687353014946  Train L2 Loss :  2.8945503479395156
Epoch :  822  Epoch time :  0.04249676875770092  Train L2 Loss :  2.894491489116962
Epoch :  823  Epoch time :  0.04322092421352863  Train L2 Loss :  2.8944971622564855
Epoch :  824  Epoch time :  0.04247828293591738  Train L2 Loss :  2.8944312120095277
Epoch :  825  Epoch time :  0.043300533667206764  Train L2 Loss :  2.8943906197181115
Epoch :  826  Epoch time :  0.04265278112143278  Train L2 Loss :  2.8943397326347156
Epoch :  827  Epoch time :  0.04321463219821453  Train L2 Loss :  2.8943061584081407
Epoch :  828  Epoch time :  0.043003794737160206  Train L2 Loss :  2.8942801646697216
Epoch :  829  Epoch time :  0.040428703650832176  Train L2 Loss :  2.8942357087746644
Epoch :  830  Epoch time :  0.043087827041745186  Train L2 Loss :  2.894227590316381
Epoch :  831  Epoch time :  0.04228984471410513  Train L2 Loss :  2.89416259374374
Epoch :  832  Epoch time :  0.0431224936619401  Train L2 Loss :  2.894122673914983
Epoch :  833  Epoch time :  0.042762492783367634  Train L2 Loss :  2.894088549491687
Epoch :  834  Epoch time :  0.04313726257532835  Train L2 Loss :  2.8940515029124723
Epoch :  835  Epoch time :  0.04290750250220299  Train L2 Loss :  2.8940047728709684
Epoch :  836  Epoch time :  0.04309206735342741  Train L2 Loss :  2.8940013494247046
Epoch :  837  Epoch time :  0.04275770392268896  Train L2 Loss :  2.893962419950045
Epoch :  838  Epoch time :  0.042642153799533844  Train L2 Loss :  2.893899440765381
Epoch :  839  Epoch time :  0.04268302023410797  Train L2 Loss :  2.8938678350204077
Epoch :  840  Epoch time :  0.04109246004372835  Train L2 Loss :  2.8938219119340944
Epoch :  841  Epoch time :  0.0426204614341259  Train L2 Loss :  2.893790220602965
Epoch :  842  Epoch time :  0.04313791822642088  Train L2 Loss :  2.893755228091509
Epoch :  843  Epoch time :  0.04264796618372202  Train L2 Loss :  2.8937073732033753
Epoch :  844  Epoch time :  0.04289470333606005  Train L2 Loss :  2.8936957579392653
Epoch :  845  Epoch time :  0.042650602757930756  Train L2 Loss :  2.8936480619968514
Epoch :  846  Epoch time :  0.04281738493591547  Train L2 Loss :  2.893594888540415
Epoch :  847  Epoch time :  0.04228932596743107  Train L2 Loss :  2.8935708755101914
Epoch :  848  Epoch time :  0.04250769317150116  Train L2 Loss :  2.8935414950052896
Epoch :  849  Epoch time :  0.0423674825578928  Train L2 Loss :  2.8934947771903796
Epoch :  850  Epoch time :  0.042747775092720985  Train L2 Loss :  2.8934548451350284
Epoch :  851  Epoch time :  0.042481896467506886  Train L2 Loss :  2.8934344144967885
Epoch :  852  Epoch time :  0.04022168833762407  Train L2 Loss :  2.893385715973683
Epoch :  853  Epoch time :  0.04277739953249693  Train L2 Loss :  2.8933533888596754
Epoch :  854  Epoch time :  0.04234191682189703  Train L2 Loss :  2.893309813279372
Epoch :  855  Epoch time :  0.04267711192369461  Train L2 Loss :  2.8932839907132664
Epoch :  856  Epoch time :  0.042272490449249744  Train L2 Loss :  2.8932365026229467
Epoch :  857  Epoch time :  0.0426509864628315  Train L2 Loss :  2.893195616893279
Epoch :  858  Epoch time :  0.042691970244050026  Train L2 Loss :  2.893158203516251
Epoch :  859  Epoch time :  0.04226264450699091  Train L2 Loss :  2.893122245103885
Epoch :  860  Epoch time :  0.04270749073475599  Train L2 Loss :  2.8930868735680213
Epoch :  861  Epoch time :  0.042941316962242126  Train L2 Loss :  2.8930587524022813
Epoch :  862  Epoch time :  0.04278873931616545  Train L2 Loss :  2.8930219259017553
Epoch :  863  Epoch time :  0.04205213114619255  Train L2 Loss :  2.892972848354242
Epoch :  864  Epoch time :  0.04336458817124367  Train L2 Loss :  2.8929306666056314
Epoch :  865  Epoch time :  0.042803202755749226  Train L2 Loss :  2.8929193692329602
Epoch :  866  Epoch time :  0.042680710554122925  Train L2 Loss :  2.892868604415502
Epoch :  867  Epoch time :  0.04291161987930536  Train L2 Loss :  2.8928364484738083
Epoch :  868  Epoch time :  0.04224094096571207  Train L2 Loss :  2.892791503514999
Epoch :  869  Epoch time :  0.04309079982340336  Train L2 Loss :  2.8927441254640236
Epoch :  870  Epoch time :  0.042744905687868595  Train L2 Loss :  2.8927264458093886
Epoch :  871  Epoch time :  0.0428376579657197  Train L2 Loss :  2.8926910009139624
Epoch :  872  Epoch time :  0.042445121333003044  Train L2 Loss :  2.892642339070638
Epoch :  873  Epoch time :  0.04294378310441971  Train L2 Loss :  2.8926336826422276
Epoch :  874  Epoch time :  0.04200330004096031  Train L2 Loss :  2.892577635936248
Epoch :  875  Epoch time :  0.0411663306877017  Train L2 Loss :  2.892559589483799
Epoch :  876  Epoch time :  0.04318475257605314  Train L2 Loss :  2.892506868411333
Epoch :  877  Epoch time :  0.042469898238778114  Train L2 Loss :  2.892457203987317
Epoch :  878  Epoch time :  0.04313476290553808  Train L2 Loss :  2.892427909068572
Epoch :  879  Epoch time :  0.04234687052667141  Train L2 Loss :  2.892394469334529
Epoch :  880  Epoch time :  0.04328909143805504  Train L2 Loss :  2.892353987082457
Epoch :  881  Epoch time :  0.0425619026646018  Train L2 Loss :  2.8923175029265575
Epoch :  882  Epoch time :  0.0429107965901494  Train L2 Loss :  2.8922810432238455
Epoch :  883  Epoch time :  0.04250198416411877  Train L2 Loss :  2.8922253877688675
Epoch :  884  Epoch time :  0.04287628084421158  Train L2 Loss :  2.892209297571427
Epoch :  885  Epoch time :  0.04283767752349377  Train L2 Loss :  2.8921772638956704
Epoch :  886  Epoch time :  0.040171315893530846  Train L2 Loss :  2.892113269903721
Epoch :  887  Epoch time :  0.042819809168577194  Train L2 Loss :  2.8920660752516527
Epoch :  888  Epoch time :  0.042624046094715595  Train L2 Loss :  2.892033038995205
Epoch :  889  Epoch time :  0.043001809157431126  Train L2 Loss :  2.8920009319598856
Epoch :  890  Epoch time :  0.04280919209122658  Train L2 Loss :  2.891968262501252
Epoch :  891  Epoch time :  0.042534380219876766  Train L2 Loss :  2.891927474584335
Epoch :  892  Epoch time :  0.04347945936024189  Train L2 Loss :  2.8918857085399137
Epoch :  893  Epoch time :  0.04241406172513962  Train L2 Loss :  2.891834503565079
Epoch :  894  Epoch time :  0.04298475757241249  Train L2 Loss :  2.891800733713003
Epoch :  895  Epoch time :  0.042194957844913006  Train L2 Loss :  2.8917741041917067
Epoch :  896  Epoch time :  0.043003655038774014  Train L2 Loss :  2.8917384025378103
Epoch :  897  Epoch time :  0.040972890332341194  Train L2 Loss :  2.8916776852729993
Epoch :  898  Epoch time :  0.04219142533838749  Train L2 Loss :  2.8916417879936023
Epoch :  899  Epoch time :  0.042439885437488556  Train L2 Loss :  2.891601489140437
Epoch :  900  Epoch time :  0.04232596419751644  Train L2 Loss :  2.8915565197284403
Epoch :  901  Epoch time :  0.04289782140403986  Train L2 Loss :  2.8915303303645206
Epoch :  902  Epoch time :  0.04450070392340422  Train L2 Loss :  2.8915066107725487
Epoch :  903  Epoch time :  0.04281042143702507  Train L2 Loss :  2.891489346822103
Epoch :  904  Epoch time :  0.04250218626111746  Train L2 Loss :  2.891480396955441
Epoch :  905  Epoch time :  0.04294678568840027  Train L2 Loss :  2.8914582912738505
Epoch :  906  Epoch time :  0.042405569925904274  Train L2 Loss :  2.8914316372993665
Epoch :  907  Epoch time :  0.04254835471510887  Train L2 Loss :  2.8914106564644055
Epoch :  908  Epoch time :  0.04295997507870197  Train L2 Loss :  2.891396400256035
Epoch :  909  Epoch time :  0.04065614193677902  Train L2 Loss :  2.891372778476813
Epoch :  910  Epoch time :  0.04291317891329527  Train L2 Loss :  2.891346589112893
Epoch :  911  Epoch time :  0.042149538174271584  Train L2 Loss :  2.891338054950421
Epoch :  912  Epoch time :  0.04300964158028364  Train L2 Loss :  2.8913285426604443
Epoch :  913  Epoch time :  0.04259173944592476  Train L2 Loss :  2.8912901267027245
Epoch :  914  Epoch time :  0.04307692404836416  Train L2 Loss :  2.891273938692533
Epoch :  915  Epoch time :  0.042377011850476265  Train L2 Loss :  2.8912498767559347
Epoch :  916  Epoch time :  0.042729645036160946  Train L2 Loss :  2.8912356939071264
Epoch :  917  Epoch time :  0.042969643138349056  Train L2 Loss :  2.8912191635523086
Epoch :  918  Epoch time :  0.042340767569839954  Train L2 Loss :  2.891206313402225
Epoch :  919  Epoch time :  0.042808812111616135  Train L2 Loss :  2.8911765905526967
Epoch :  920  Epoch time :  0.04022011999040842  Train L2 Loss :  2.8911546071370444
Epoch :  921  Epoch time :  0.04301397316157818  Train L2 Loss :  2.8911319145789514
Epoch :  922  Epoch time :  0.04266900010406971  Train L2 Loss :  2.891116509070763
Epoch :  923  Epoch time :  0.04239152371883392  Train L2 Loss :  2.891108586237981
Epoch :  924  Epoch time :  0.04276030603796244  Train L2 Loss :  2.8910853068033853
Epoch :  925  Epoch time :  0.042515309527516365  Train L2 Loss :  2.8910577969673352
Epoch :  926  Epoch time :  0.042636340484023094  Train L2 Loss :  2.8910380143385668
Epoch :  927  Epoch time :  0.042146469466388226  Train L2 Loss :  2.891026374621269
Epoch :  928  Epoch time :  0.042890701442956924  Train L2 Loss :  2.891011335910895
Epoch :  929  Epoch time :  0.04232269246131182  Train L2 Loss :  2.8909883010081754
Epoch :  930  Epoch time :  0.04296451434493065  Train L2 Loss :  2.890964483603453
Epoch :  931  Epoch time :  0.04202716890722513  Train L2 Loss :  2.8909476842635717
Epoch :  932  Epoch time :  0.04096654802560806  Train L2 Loss :  2.8909234756078477
Epoch :  933  Epoch time :  0.042937411926686764  Train L2 Loss :  2.8909021279750724
Epoch :  934  Epoch time :  0.042162937112152576  Train L2 Loss :  2.890890732789651
Epoch :  935  Epoch time :  0.04294593911617994  Train L2 Loss :  2.890869874220628
Epoch :  936  Epoch time :  0.04239438008517027  Train L2 Loss :  2.890850971906613
Epoch :  937  Epoch time :  0.042881631292402744  Train L2 Loss :  2.8908332677987905
Epoch :  938  Epoch time :  0.042465231381356716  Train L2 Loss :  2.8908150012676535
Epoch :  939  Epoch time :  0.04258839227259159  Train L2 Loss :  2.8907869779146633
Epoch :  940  Epoch time :  0.04279224947094917  Train L2 Loss :  2.8907771232800608
Epoch :  941  Epoch time :  0.04210352897644043  Train L2 Loss :  2.8907512029012046
Epoch :  942  Epoch time :  0.04301087651401758  Train L2 Loss :  2.8907437202257986
Epoch :  943  Epoch time :  0.03985603153705597  Train L2 Loss :  2.8907199517274513
Epoch :  944  Epoch time :  0.04319153539836407  Train L2 Loss :  2.890698995345678
Epoch :  945  Epoch time :  0.04271225817501545  Train L2 Loss :  2.890679750687037
Epoch :  946  Epoch time :  0.04279694426804781  Train L2 Loss :  2.890657962896885
Epoch :  947  Epoch time :  0.0426630973815918  Train L2 Loss :  2.890637789017115
Epoch :  948  Epoch time :  0.04234425537288189  Train L2 Loss :  2.890625317891439
Epoch :  949  Epoch time :  0.043093414045870304  Train L2 Loss :  2.890610083555564
Epoch :  950  Epoch time :  0.04240838345140219  Train L2 Loss :  2.890586632948655
Epoch :  951  Epoch time :  0.04257767181843519  Train L2 Loss :  2.890565505394569
Epoch :  952  Epoch time :  0.04209172539412975  Train L2 Loss :  2.8905453315147986
Epoch :  953  Epoch time :  0.04297552164644003  Train L2 Loss :  2.890520071372008
Epoch :  954  Epoch time :  0.041627392172813416  Train L2 Loss :  2.8904972687745705
Epoch :  955  Epoch time :  0.04128091689199209  Train L2 Loss :  2.8904843697181115
Epoch :  956  Epoch time :  0.043115025386214256  Train L2 Loss :  2.8904570921873436
Epoch :  957  Epoch time :  0.04246010724455118  Train L2 Loss :  2.890445122352013
Epoch :  958  Epoch time :  0.04298575781285763  Train L2 Loss :  2.890429129967323
Epoch :  959  Epoch time :  0.04209312330931425  Train L2 Loss :  2.890407831240923
Epoch :  960  Epoch time :  0.04523042216897011  Train L2 Loss :  2.8903917165902944
Epoch :  961  Epoch time :  0.04254237934947014  Train L2 Loss :  2.890369708721454
Epoch :  962  Epoch time :  0.042949676513671875  Train L2 Loss :  2.8903534962580752
Epoch :  963  Epoch time :  0.04213350173085928  Train L2 Loss :  2.890329287602351
Epoch :  964  Epoch time :  0.042707121931016445  Train L2 Loss :  2.890304223085061
Epoch :  965  Epoch time :  0.0429640244692564  Train L2 Loss :  2.890287301479242
Epoch :  966  Epoch time :  0.040263401344418526  Train L2 Loss :  2.890270783351018
Epoch :  967  Epoch time :  0.04281216487288475  Train L2 Loss :  2.890249325678899
Epoch :  968  Epoch time :  0.04235652834177017  Train L2 Loss :  2.8902404002654247
Epoch :  969  Epoch time :  0.042952196672558784  Train L2 Loss :  2.8902169985648913
Epoch :  970  Epoch time :  0.04258921928703785  Train L2 Loss :  2.8902080976046047
Epoch :  971  Epoch time :  0.04256130009889603  Train L2 Loss :  2.890176406273475
Epoch :  972  Epoch time :  0.0430787056684494  Train L2 Loss :  2.8901577973977113
Epoch :  973  Epoch time :  0.042460184544324875  Train L2 Loss :  2.89013234162942
Epoch :  974  Epoch time :  0.04322508815675974  Train L2 Loss :  2.8901177919827976
Epoch :  975  Epoch time :  0.042116399854421616  Train L2 Loss :  2.890101921864045
Epoch :  976  Epoch time :  0.04317436274141073  Train L2 Loss :  2.8900822003682456
Epoch :  977  Epoch time :  0.04067811742424965  Train L2 Loss :  2.8900649486443934
Epoch :  978  Epoch time :  0.04273249488323927  Train L2 Loss :  2.8900429407755532
Epoch :  979  Epoch time :  0.04265868756920099  Train L2 Loss :  2.8900206150152745
Epoch :  980  Epoch time :  0.04243377409875393  Train L2 Loss :  2.890016849224384
Epoch :  981  Epoch time :  0.04315075557678938  Train L2 Loss :  2.8899946946364183
Epoch :  982  Epoch time :  0.04229322634637356  Train L2 Loss :  2.8899618540054712
Epoch :  983  Epoch time :  0.04271525610238314  Train L2 Loss :  2.889950801164676
Epoch :  984  Epoch time :  0.042443497106432915  Train L2 Loss :  2.889935004405486
Epoch :  985  Epoch time :  0.042981892824172974  Train L2 Loss :  2.889903777684921
Epoch :  986  Epoch time :  0.04231650289148092  Train L2 Loss :  2.8898952924288235
Epoch :  987  Epoch time :  0.04255330190062523  Train L2 Loss :  2.8898687851734652
Epoch :  988  Epoch time :  0.042457166127860546  Train L2 Loss :  2.889859248430301
Epoch :  989  Epoch time :  0.04101813305169344  Train L2 Loss :  2.8898263588929787
Epoch :  990  Epoch time :  0.042760626412928104  Train L2 Loss :  2.889816186366937
Epoch :  991  Epoch time :  0.04248803202062845  Train L2 Loss :  2.889795254438351
Epoch :  992  Epoch time :  0.04312017094343901  Train L2 Loss :  2.8897717793782554
Epoch :  993  Epoch time :  0.042426856234669685  Train L2 Loss :  2.8897497470562277
Epoch :  994  Epoch time :  0.04284806177020073  Train L2 Loss :  2.8897299399742713
Epoch :  995  Epoch time :  0.042593090794980526  Train L2 Loss :  2.889715634859525
Epoch :  996  Epoch time :  0.04311452992260456  Train L2 Loss :  2.889694311679938
Epoch :  997  Epoch time :  0.043193455785512924  Train L2 Loss :  2.889683112120017
Epoch :  998  Epoch time :  0.042987460270524025  Train L2 Loss :  2.8896629137870593
Epoch :  999  Epoch time :  0.042731164023280144  Train L2 Loss :  2.8896422263903494
Total time is : 43.01819541212171 Total epoch is  1000
