Energy is  0.0
Input dim :  128  output dim :  4096
362753
Epoch :  0  Epoch time :  0.23790018633008003  Train L2 Loss :  7.9704610384427586
Epoch :  1  Epoch time :  0.043216556310653687  Train L2 Loss :  6.428744047116011
Epoch :  2  Epoch time :  0.04368426091969013  Train L2 Loss :  6.37117048410269
Epoch :  3  Epoch time :  0.04306827671825886  Train L2 Loss :  6.287113923292893
Epoch :  4  Epoch time :  0.04376110713928938  Train L2 Loss :  5.987902519030449
Epoch :  5  Epoch time :  0.04299865011125803  Train L2 Loss :  5.814740890111679
Epoch :  6  Epoch time :  0.044473933055996895  Train L2 Loss :  5.6529603615785255
Epoch :  7  Epoch time :  0.04317511525005102  Train L2 Loss :  5.351184747157952
Epoch :  8  Epoch time :  0.04356592055410147  Train L2 Loss :  5.1367220756335135
Epoch :  9  Epoch time :  0.0433137658983469  Train L2 Loss :  4.862613286727514
Epoch :  10  Epoch time :  0.04142951685935259  Train L2 Loss :  4.573330708039113
Epoch :  11  Epoch time :  0.043689087964594364  Train L2 Loss :  4.419572243323693
Epoch :  12  Epoch time :  0.043094102293252945  Train L2 Loss :  4.175812183282314
Epoch :  13  Epoch time :  0.04358384758234024  Train L2 Loss :  3.9081176855625253
Epoch :  14  Epoch time :  0.04283883888274431  Train L2 Loss :  3.728488946572328
Epoch :  15  Epoch time :  0.043645390309393406  Train L2 Loss :  3.4756741646008615
Epoch :  16  Epoch time :  0.04317581374198198  Train L2 Loss :  3.3094277748694787
Epoch :  17  Epoch time :  0.04354849550873041  Train L2 Loss :  3.166293951181265
Epoch :  18  Epoch time :  0.04341897647827864  Train L2 Loss :  3.008495135185046
Epoch :  19  Epoch time :  0.0437014065682888  Train L2 Loss :  2.8319871364495692
Epoch :  20  Epoch time :  0.04370834492146969  Train L2 Loss :  2.6446249301616964
Epoch :  21  Epoch time :  0.04091882146894932  Train L2 Loss :  2.4876073201497397
Epoch :  22  Epoch time :  0.04360553715378046  Train L2 Loss :  2.4092193505702872
Epoch :  23  Epoch time :  0.04318393114954233  Train L2 Loss :  2.361356026087052
Epoch :  24  Epoch time :  0.043594250455498695  Train L2 Loss :  2.2421715076153097
Epoch :  25  Epoch time :  0.043458168394863605  Train L2 Loss :  2.1685151075705504
Epoch :  26  Epoch time :  0.04362739622592926  Train L2 Loss :  2.1462618509928384
Epoch :  27  Epoch time :  0.04381055198609829  Train L2 Loss :  2.092144477061736
Epoch :  28  Epoch time :  0.0432708952575922  Train L2 Loss :  1.9974724940764599
Epoch :  29  Epoch time :  0.0438819769769907  Train L2 Loss :  1.928018019749568
Epoch :  30  Epoch time :  0.04321735166013241  Train L2 Loss :  1.8529141132648175
Epoch :  31  Epoch time :  0.043995097279548645  Train L2 Loss :  1.801507680844038
Epoch :  32  Epoch time :  0.04207543842494488  Train L2 Loss :  1.8121482286697779
Epoch :  33  Epoch time :  0.04383646696805954  Train L2 Loss :  1.8270782568515875
Epoch :  34  Epoch time :  0.043483469635248184  Train L2 Loss :  1.8845046728085248
Epoch :  35  Epoch time :  0.04376396909356117  Train L2 Loss :  1.8881738858345227
Epoch :  36  Epoch time :  0.04377297032624483  Train L2 Loss :  1.75062196682661
Epoch :  37  Epoch time :  0.043247085995972157  Train L2 Loss :  1.5875952794001653
Epoch :  38  Epoch time :  0.04417533613741398  Train L2 Loss :  1.574700062091534
Epoch :  39  Epoch time :  0.04328362364321947  Train L2 Loss :  1.632698071308625
Epoch :  40  Epoch time :  0.04400546383112669  Train L2 Loss :  1.6430408282157702
Epoch :  41  Epoch time :  0.04351287800818682  Train L2 Loss :  1.4706800534174993
Epoch :  42  Epoch time :  0.04393292777240276  Train L2 Loss :  1.3793534254416442
Epoch :  43  Epoch time :  0.041679248213768005  Train L2 Loss :  1.3218342035244672
Epoch :  44  Epoch time :  0.04375944100320339  Train L2 Loss :  1.2761709873492901
Epoch :  45  Epoch time :  0.04403818864375353  Train L2 Loss :  1.2009492898598695
Epoch :  46  Epoch time :  0.0451987124979496  Train L2 Loss :  1.1492983255630884
Epoch :  47  Epoch time :  0.04401044733822346  Train L2 Loss :  1.0813946785070958
Epoch :  48  Epoch time :  0.0434599444270134  Train L2 Loss :  1.0354019617423034
Epoch :  49  Epoch time :  0.04378783516585827  Train L2 Loss :  1.011279093913543
Epoch :  50  Epoch time :  0.04339828994125128  Train L2 Loss :  1.0422681172688801
Epoch :  51  Epoch time :  0.04384076967835426  Train L2 Loss :  1.0460389271760597
Epoch :  52  Epoch time :  0.0436724629253149  Train L2 Loss :  0.9873492167546198
Epoch :  53  Epoch time :  0.043854198418557644  Train L2 Loss :  0.9476528289990548
Epoch :  54  Epoch time :  0.04194436874240637  Train L2 Loss :  0.9438403936532828
Epoch :  55  Epoch time :  0.043433647602796555  Train L2 Loss :  0.9272419244815142
Epoch :  56  Epoch time :  0.04403517860919237  Train L2 Loss :  0.988974528434949
Epoch :  57  Epoch time :  0.04340979177504778  Train L2 Loss :  0.9690384253477439
Epoch :  58  Epoch time :  0.044194561429321766  Train L2 Loss :  1.0085511635511348
Epoch :  59  Epoch time :  0.04336251597851515  Train L2 Loss :  1.1318176098358936
Epoch :  60  Epoch time :  0.04403908085078001  Train L2 Loss :  1.1209579614492564
Epoch :  61  Epoch time :  0.04336128383874893  Train L2 Loss :  1.0113567327841735
Epoch :  62  Epoch time :  0.04401825834065676  Train L2 Loss :  0.9557602527814034
Epoch :  63  Epoch time :  0.04338746424764395  Train L2 Loss :  0.8396647587800637
Epoch :  64  Epoch time :  0.04383059125393629  Train L2 Loss :  0.7979444907261775
Epoch :  65  Epoch time :  0.04251905903220177  Train L2 Loss :  0.750177358969664
Epoch :  66  Epoch time :  0.04295040760189295  Train L2 Loss :  0.7307654038453714
Epoch :  67  Epoch time :  0.043942295014858246  Train L2 Loss :  0.7175991107255985
Epoch :  68  Epoch time :  0.043510585092008114  Train L2 Loss :  0.7057200853641217
Epoch :  69  Epoch time :  0.043876553885638714  Train L2 Loss :  0.7212962431785388
Epoch :  70  Epoch time :  0.04383700340986252  Train L2 Loss :  0.7204655745090582
Epoch :  71  Epoch time :  0.04393727704882622  Train L2 Loss :  0.7010929339971298
Epoch :  72  Epoch time :  0.04306661710143089  Train L2 Loss :  0.6488235057928623
Epoch :  73  Epoch time :  0.04389322642236948  Train L2 Loss :  0.629470944404602
Epoch :  74  Epoch time :  0.04342099744826555  Train L2 Loss :  0.6094343631695478
Epoch :  75  Epoch time :  0.04389206599444151  Train L2 Loss :  0.6039598966256167
Epoch :  76  Epoch time :  0.04322644788771868  Train L2 Loss :  0.5950337434426333
Epoch :  77  Epoch time :  0.041809177957475185  Train L2 Loss :  0.580543169608483
Epoch :  78  Epoch time :  0.04408925026655197  Train L2 Loss :  0.5784222712883582
Epoch :  79  Epoch time :  0.043513779528439045  Train L2 Loss :  0.5668632586797079
Epoch :  80  Epoch time :  0.04407633747905493  Train L2 Loss :  0.5624759074969169
Epoch :  81  Epoch time :  0.04342176951467991  Train L2 Loss :  0.5676040466015155
Epoch :  82  Epoch time :  0.04416202288120985  Train L2 Loss :  0.5570523586028662
Epoch :  83  Epoch time :  0.04355919826775789  Train L2 Loss :  0.5434023630924714
Epoch :  84  Epoch time :  0.04405301995575428  Train L2 Loss :  0.5386015482437916
Epoch :  85  Epoch time :  0.04368720669299364  Train L2 Loss :  0.5403561592102051
Epoch :  86  Epoch time :  0.044041695073246956  Train L2 Loss :  0.5311619990911239
Epoch :  87  Epoch time :  0.04385898355394602  Train L2 Loss :  0.5286107246692364
Epoch :  88  Epoch time :  0.04142735339701176  Train L2 Loss :  0.5235067269740961
Epoch :  89  Epoch time :  0.04401717707514763  Train L2 Loss :  0.5052781594105256
Epoch :  90  Epoch time :  0.04355114232748747  Train L2 Loss :  0.4912340060258523
Epoch :  91  Epoch time :  0.04390580113977194  Train L2 Loss :  0.4856892060010861
Epoch :  92  Epoch time :  0.04342512972652912  Train L2 Loss :  0.45671913562676847
Epoch :  93  Epoch time :  0.043987877666950226  Train L2 Loss :  0.44594878111130154
Epoch :  94  Epoch time :  0.04355667345225811  Train L2 Loss :  0.4374464322359134
Epoch :  95  Epoch time :  0.044135493226349354  Train L2 Loss :  0.44291580029023
Epoch :  96  Epoch time :  0.043586269952356815  Train L2 Loss :  0.4584964544345171
Epoch :  97  Epoch time :  0.04395562969148159  Train L2 Loss :  0.49084847707014817
Epoch :  98  Epoch time :  0.04409086238592863  Train L2 Loss :  0.5349293733254458
Epoch :  99  Epoch time :  0.0412271237000823  Train L2 Loss :  0.5072280260232779
Epoch :  100  Epoch time :  0.04403016064316034  Train L2 Loss :  0.4500791384623601
Epoch :  101  Epoch time :  0.04358501732349396  Train L2 Loss :  0.3936301500369341
Epoch :  102  Epoch time :  0.043992841616272926  Train L2 Loss :  0.3668713355675722
Epoch :  103  Epoch time :  0.04363670293241739  Train L2 Loss :  0.3306280955290183
Epoch :  104  Epoch time :  0.04401913098990917  Train L2 Loss :  0.31223221314259064
Epoch :  105  Epoch time :  0.043713077902793884  Train L2 Loss :  0.3025594873306079
Epoch :  106  Epoch time :  0.04421859607100487  Train L2 Loss :  0.29451166360806197
Epoch :  107  Epoch time :  0.04402834828943014  Train L2 Loss :  0.2885187344673352
Epoch :  108  Epoch time :  0.04357269685715437  Train L2 Loss :  0.2829667513187115
Epoch :  109  Epoch time :  0.044182960875332355  Train L2 Loss :  0.27979802473997456
Epoch :  110  Epoch time :  0.04114198870956898  Train L2 Loss :  0.2767914350216205
Epoch :  111  Epoch time :  0.0440363846719265  Train L2 Loss :  0.2743873917139493
Epoch :  112  Epoch time :  0.04368001036345959  Train L2 Loss :  0.27136743985689604
Epoch :  113  Epoch time :  0.04408557899296284  Train L2 Loss :  0.26804240697469467
Epoch :  114  Epoch time :  0.04391247592866421  Train L2 Loss :  0.2660589233422891
Epoch :  115  Epoch time :  0.043786292895674706  Train L2 Loss :  0.26300699130082744
Epoch :  116  Epoch time :  0.04423600807785988  Train L2 Loss :  0.260887194902469
Epoch :  117  Epoch time :  0.04357973579317331  Train L2 Loss :  0.2583712889597966
Epoch :  118  Epoch time :  0.04412981681525707  Train L2 Loss :  0.25571219584880733
Epoch :  119  Epoch time :  0.04332289472222328  Train L2 Loss :  0.25437503594618577
Epoch :  120  Epoch time :  0.04412979073822498  Train L2 Loss :  0.2524426778157552
Epoch :  121  Epoch time :  0.041541642509400845  Train L2 Loss :  0.24972120920817056
Epoch :  122  Epoch time :  0.04397799912840128  Train L2 Loss :  0.247651308010786
Epoch :  123  Epoch time :  0.04382698051631451  Train L2 Loss :  0.245832438652332
Epoch :  124  Epoch time :  0.044180722907185555  Train L2 Loss :  0.24466762023094374
Epoch :  125  Epoch time :  0.04407160636037588  Train L2 Loss :  0.2422024164444361
Epoch :  126  Epoch time :  0.04380223620682955  Train L2 Loss :  0.24188038477530846
Epoch :  127  Epoch time :  0.04425146523863077  Train L2 Loss :  0.2412445774445167
Epoch :  128  Epoch time :  0.0435149185359478  Train L2 Loss :  0.23782514608823335
Epoch :  129  Epoch time :  0.04421134013682604  Train L2 Loss :  0.23522291886500823
Epoch :  130  Epoch time :  0.04373635724186897  Train L2 Loss :  0.23251660359211457
Epoch :  131  Epoch time :  0.04409180860966444  Train L2 Loss :  0.23060682492378431
Epoch :  132  Epoch time :  0.04146459884941578  Train L2 Loss :  0.2285953469765492
Epoch :  133  Epoch time :  0.044084093533456326  Train L2 Loss :  0.22642275767448622
Epoch :  134  Epoch time :  0.04769337549805641  Train L2 Loss :  0.22455236544975868
Epoch :  135  Epoch time :  0.04423775337636471  Train L2 Loss :  0.22327166948563013
Epoch :  136  Epoch time :  0.04400208033621311  Train L2 Loss :  0.22274726017927513
Epoch :  137  Epoch time :  0.043942918069660664  Train L2 Loss :  0.22166087077214167
Epoch :  138  Epoch time :  0.0440363772213459  Train L2 Loss :  0.2197301861567375
Epoch :  139  Epoch time :  0.043366325087845325  Train L2 Loss :  0.21813930914952204
Epoch :  140  Epoch time :  0.04410215001553297  Train L2 Loss :  0.2163881032894819
Epoch :  141  Epoch time :  0.04366690292954445  Train L2 Loss :  0.21543662823163545
Epoch :  142  Epoch time :  0.04391320142894983  Train L2 Loss :  0.2130395097610278
Epoch :  143  Epoch time :  0.04159661941230297  Train L2 Loss :  0.2108688629590548
Epoch :  144  Epoch time :  0.044067660346627235  Train L2 Loss :  0.21098506450653076
Epoch :  145  Epoch time :  0.04372935835272074  Train L2 Loss :  0.2122057447066674
Epoch :  146  Epoch time :  0.04395755007863045  Train L2 Loss :  0.20992499589920044
Epoch :  147  Epoch time :  0.04404688719660044  Train L2 Loss :  0.2111763235850212
Epoch :  148  Epoch time :  0.0436033271253109  Train L2 Loss :  0.20825135096525535
Epoch :  149  Epoch time :  0.04415532387793064  Train L2 Loss :  0.2082933600132282
Epoch :  150  Epoch time :  0.04352761898189783  Train L2 Loss :  0.2081206119977511
Epoch :  151  Epoch time :  0.0439737094566226  Train L2 Loss :  0.20427656785035744
Epoch :  152  Epoch time :  0.04346089996397495  Train L2 Loss :  0.20375352792250803
Epoch :  153  Epoch time :  0.04398755915462971  Train L2 Loss :  0.20052747237376678
Epoch :  154  Epoch time :  0.04183760937303305  Train L2 Loss :  0.2001960155291435
Epoch :  155  Epoch time :  0.04390830732882023  Train L2 Loss :  0.19926377748831725
Epoch :  156  Epoch time :  0.044136397540569305  Train L2 Loss :  0.19890516996383667
Epoch :  157  Epoch time :  0.04365709889680147  Train L2 Loss :  0.1995167946204161
Epoch :  158  Epoch time :  0.04411222878843546  Train L2 Loss :  0.20391019185384116
Epoch :  159  Epoch time :  0.04365621227771044  Train L2 Loss :  0.20790292819341025
Epoch :  160  Epoch time :  0.04399886913597584  Train L2 Loss :  0.20784152012604934
Epoch :  161  Epoch time :  0.04366145096719265  Train L2 Loss :  0.21362819885596251
Epoch :  162  Epoch time :  0.04413865506649017  Train L2 Loss :  0.21635425702119485
Epoch :  163  Epoch time :  0.04355688393115997  Train L2 Loss :  0.2402284359320616
Epoch :  164  Epoch time :  0.043927136808633804  Train L2 Loss :  0.2611697820516733
Epoch :  165  Epoch time :  0.04225210007280111  Train L2 Loss :  0.25951555142035854
Epoch :  166  Epoch time :  0.04354177322238684  Train L2 Loss :  0.2641565004984538
Epoch :  167  Epoch time :  0.04399467818439007  Train L2 Loss :  0.24840316405663124
Epoch :  168  Epoch time :  0.04358071554452181  Train L2 Loss :  0.240244617828956
Epoch :  169  Epoch time :  0.04440627992153168  Train L2 Loss :  0.23199383264932877
Epoch :  170  Epoch time :  0.0435445811599493  Train L2 Loss :  0.24642160611274916
Epoch :  171  Epoch time :  0.04420023784041405  Train L2 Loss :  0.24211884003419143
Epoch :  172  Epoch time :  0.04361032322049141  Train L2 Loss :  0.2408992097927974
Epoch :  173  Epoch time :  0.04428970254957676  Train L2 Loss :  0.2378017688408876
Epoch :  174  Epoch time :  0.043551139533519745  Train L2 Loss :  0.23235251964666906
Epoch :  175  Epoch time :  0.044515897519886494  Train L2 Loss :  0.25371695023316604
Epoch :  176  Epoch time :  0.042767989449203014  Train L2 Loss :  0.25167675660206723
Epoch :  177  Epoch time :  0.043083048425614834  Train L2 Loss :  0.23950392619157448
Epoch :  178  Epoch time :  0.04431602358818054  Train L2 Loss :  0.2360263466835022
Epoch :  179  Epoch time :  0.04369808454066515  Train L2 Loss :  0.22761187033775526
Epoch :  180  Epoch time :  0.04420912638306618  Train L2 Loss :  0.22213396659264198
Epoch :  181  Epoch time :  0.043696374632418156  Train L2 Loss :  0.22169377712103036
Epoch :  182  Epoch time :  0.04415377229452133  Train L2 Loss :  0.20998081029989782
Epoch :  183  Epoch time :  0.04350139573216438  Train L2 Loss :  0.2096469264764052
Epoch :  184  Epoch time :  0.044278218410909176  Train L2 Loss :  0.20275113521478114
Epoch :  185  Epoch time :  0.04362517315894365  Train L2 Loss :  0.19659320971904656
Epoch :  186  Epoch time :  0.04414916969835758  Train L2 Loss :  0.19761450015581572
Epoch :  187  Epoch time :  0.043154750019311905  Train L2 Loss :  0.214226334522932
Epoch :  188  Epoch time :  0.04378236271440983  Train L2 Loss :  0.21997907834175306
Epoch :  189  Epoch time :  0.044406053610146046  Train L2 Loss :  0.22054992883633345
Epoch :  190  Epoch time :  0.04379247222095728  Train L2 Loss :  0.22534325795295912
Epoch :  191  Epoch time :  0.04426282085478306  Train L2 Loss :  0.20714636185230353
Epoch :  192  Epoch time :  0.043641939759254456  Train L2 Loss :  0.2049268331283178
Epoch :  193  Epoch time :  0.044255697168409824  Train L2 Loss :  0.2037642445319738
Epoch :  194  Epoch time :  0.04377617500722408  Train L2 Loss :  0.2087266063078856
Epoch :  195  Epoch time :  0.04407277703285217  Train L2 Loss :  0.2007135672447009
Epoch :  196  Epoch time :  0.04361702501773834  Train L2 Loss :  0.20422505415402925
Epoch :  197  Epoch time :  0.04417245555669069  Train L2 Loss :  0.20320430627236
Epoch :  198  Epoch time :  0.04489183984696865  Train L2 Loss :  0.20593781807483771
Epoch :  199  Epoch time :  0.04310509283095598  Train L2 Loss :  0.2120220584747119
Epoch :  200  Epoch time :  0.04419481195509434  Train L2 Loss :  0.19152757601860243
Epoch :  201  Epoch time :  0.04388653766363859  Train L2 Loss :  0.1702426091218606
Epoch :  202  Epoch time :  0.044236866757273674  Train L2 Loss :  0.15924289593329796
Epoch :  203  Epoch time :  0.04367971047759056  Train L2 Loss :  0.15434129727192414
Epoch :  204  Epoch time :  0.044497543945908546  Train L2 Loss :  0.15067541140776414
Epoch :  205  Epoch time :  0.0439866753295064  Train L2 Loss :  0.14860047973119295
Epoch :  206  Epoch time :  0.044341220520436764  Train L2 Loss :  0.1465668471959921
Epoch :  207  Epoch time :  0.04377822484821081  Train L2 Loss :  0.14529937964219314
Epoch :  208  Epoch time :  0.04415410477668047  Train L2 Loss :  0.14428072097973946
Epoch :  209  Epoch time :  0.04325518012046814  Train L2 Loss :  0.14341369500527015
Epoch :  210  Epoch time :  0.04276390839368105  Train L2 Loss :  0.14256024360656738
Epoch :  211  Epoch time :  0.04419585410505533  Train L2 Loss :  0.14191188414891562
Epoch :  212  Epoch time :  0.04388361517339945  Train L2 Loss :  0.14129456342794958
Epoch :  213  Epoch time :  0.044166719540953636  Train L2 Loss :  0.14046429517941597
Epoch :  214  Epoch time :  0.04369353782385588  Train L2 Loss :  0.13996054575993463
Epoch :  215  Epoch time :  0.04414164926856756  Train L2 Loss :  0.13929603344354874
Epoch :  216  Epoch time :  0.043757397681474686  Train L2 Loss :  0.1388287047545115
Epoch :  217  Epoch time :  0.04410431534051895  Train L2 Loss :  0.1383998088347606
Epoch :  218  Epoch time :  0.04627394489943981  Train L2 Loss :  0.13770925845855322
Epoch :  219  Epoch time :  0.04416320752352476  Train L2 Loss :  0.13723087463623437
Epoch :  220  Epoch time :  0.043183570727705956  Train L2 Loss :  0.13670658683165526
Epoch :  221  Epoch time :  0.04279135912656784  Train L2 Loss :  0.13624078188187036
Epoch :  222  Epoch time :  0.04430592618882656  Train L2 Loss :  0.13576117540017152
Epoch :  223  Epoch time :  0.04373503103852272  Train L2 Loss :  0.13504463969132838
Epoch :  224  Epoch time :  0.04438002873212099  Train L2 Loss :  0.13468186519084832
Epoch :  225  Epoch time :  0.04372886382043362  Train L2 Loss :  0.1341809630393982
Epoch :  226  Epoch time :  0.04420043993741274  Train L2 Loss :  0.13361929471676165
Epoch :  227  Epoch time :  0.04364782478660345  Train L2 Loss :  0.13294844061900407
Epoch :  228  Epoch time :  0.04420096147805452  Train L2 Loss :  0.13258149226506552
Epoch :  229  Epoch time :  0.043656209483742714  Train L2 Loss :  0.13202351637375662
Epoch :  230  Epoch time :  0.04425595607608557  Train L2 Loss :  0.13140989648990142
Epoch :  231  Epoch time :  0.04330402985215187  Train L2 Loss :  0.13096793492635092
Epoch :  232  Epoch time :  0.04268599022179842  Train L2 Loss :  0.13045809054986024
Epoch :  233  Epoch time :  0.044131417758762836  Train L2 Loss :  0.1299222394441947
Epoch :  234  Epoch time :  0.043711124919354916  Train L2 Loss :  0.1295839723868248
Epoch :  235  Epoch time :  0.0441613532602787  Train L2 Loss :  0.1290526046202733
Epoch :  236  Epoch time :  0.043673581443727016  Train L2 Loss :  0.12845798639150766
Epoch :  237  Epoch time :  0.044308016076684  Train L2 Loss :  0.1277430791121263
Epoch :  238  Epoch time :  0.0436303960159421  Train L2 Loss :  0.12715835525439337
Epoch :  239  Epoch time :  0.04414161015301943  Train L2 Loss :  0.12652486257064036
Epoch :  240  Epoch time :  0.04366132337599993  Train L2 Loss :  0.12601783642402062
Epoch :  241  Epoch time :  0.04417746979743242  Train L2 Loss :  0.1255553777401264
Epoch :  242  Epoch time :  0.04373949207365513  Train L2 Loss :  0.12514638365843359
Epoch :  243  Epoch time :  0.042142308317124844  Train L2 Loss :  0.12461237341929705
Epoch :  244  Epoch time :  0.044198487885296345  Train L2 Loss :  0.12400100552118741
Epoch :  245  Epoch time :  0.043639509938657284  Train L2 Loss :  0.12362238153433189
Epoch :  246  Epoch time :  0.044329033233225346  Train L2 Loss :  0.12326821379172496
Epoch :  247  Epoch time :  0.043502599000930786  Train L2 Loss :  0.12303832402596107
Epoch :  248  Epoch time :  0.044156637974083424  Train L2 Loss :  0.12261283015593505
Epoch :  249  Epoch time :  0.052620439790189266  Train L2 Loss :  0.12217502104930389
Epoch :  250  Epoch time :  0.044384002685546875  Train L2 Loss :  0.12145835008376683
Epoch :  251  Epoch time :  0.04387111961841583  Train L2 Loss :  0.12088809792812054
Epoch :  252  Epoch time :  0.044227258302271366  Train L2 Loss :  0.12017702368589547
Epoch :  253  Epoch time :  0.04302424285560846  Train L2 Loss :  0.11974830887256524
Epoch :  254  Epoch time :  0.04301994759589434  Train L2 Loss :  0.11919508377710979
Epoch :  255  Epoch time :  0.044164033606648445  Train L2 Loss :  0.11882405021251777
Epoch :  256  Epoch time :  0.04376760497689247  Train L2 Loss :  0.11862978568443885
Epoch :  257  Epoch time :  0.04425092879682779  Train L2 Loss :  0.11798754640114613
Epoch :  258  Epoch time :  0.043515823781490326  Train L2 Loss :  0.11761302367234841
Epoch :  259  Epoch time :  0.04408587608486414  Train L2 Loss :  0.11739749556932694
Epoch :  260  Epoch time :  0.043662129901349545  Train L2 Loss :  0.11701461443534264
Epoch :  261  Epoch time :  0.04426444135606289  Train L2 Loss :  0.11636402286016025
Epoch :  262  Epoch time :  0.043506073765456676  Train L2 Loss :  0.1159178492350456
Epoch :  263  Epoch time :  0.04414441157132387  Train L2 Loss :  0.11521358214891873
Epoch :  264  Epoch time :  0.043335442431271076  Train L2 Loss :  0.11489110573744163
Epoch :  265  Epoch time :  0.044858443550765514  Train L2 Loss :  0.11455974135643397
Epoch :  266  Epoch time :  0.0443360386416316  Train L2 Loss :  0.11409478462659396
Epoch :  267  Epoch time :  0.04364466108381748  Train L2 Loss :  0.11370298342827038
Epoch :  268  Epoch time :  0.04422127269208431  Train L2 Loss :  0.11313018432030311
Epoch :  269  Epoch time :  0.04350930079817772  Train L2 Loss :  0.11339113727594033
Epoch :  270  Epoch time :  0.04429028648883104  Train L2 Loss :  0.11345894290850712
Epoch :  271  Epoch time :  0.04361767042428255  Train L2 Loss :  0.11326388594431755
Epoch :  272  Epoch time :  0.044047762639820576  Train L2 Loss :  0.11401272507814261
Epoch :  273  Epoch time :  0.043740276247262955  Train L2 Loss :  0.11417346352185959
Epoch :  274  Epoch time :  0.04411834944039583  Train L2 Loss :  0.11384744751147735
Epoch :  275  Epoch time :  0.04341155383735895  Train L2 Loss :  0.11370138632945526
Epoch :  276  Epoch time :  0.04264713451266289  Train L2 Loss :  0.11409990069193718
Epoch :  277  Epoch time :  0.04415574949234724  Train L2 Loss :  0.11460848496510433
Epoch :  278  Epoch time :  0.04409415740519762  Train L2 Loss :  0.11428704934242444
Epoch :  279  Epoch time :  0.04415621515363455  Train L2 Loss :  0.11433278979399265
Epoch :  280  Epoch time :  0.04382078256458044  Train L2 Loss :  0.1155568812137995
Epoch :  281  Epoch time :  0.044249558821320534  Train L2 Loss :  0.11683397491772969
Epoch :  282  Epoch time :  0.04382696282118559  Train L2 Loss :  0.1139386731844682
Epoch :  283  Epoch time :  0.044349437579512596  Train L2 Loss :  0.11351210413834988
Epoch :  284  Epoch time :  0.04395039472728968  Train L2 Loss :  0.11430550997073834
Epoch :  285  Epoch time :  0.0442793071269989  Train L2 Loss :  0.1151538705214476
Epoch :  286  Epoch time :  0.04353675711899996  Train L2 Loss :  0.11460401996588096
Epoch :  287  Epoch time :  0.04263803269714117  Train L2 Loss :  0.11565872339101937
Epoch :  288  Epoch time :  0.04411899857223034  Train L2 Loss :  0.11412732035685809
Epoch :  289  Epoch time :  0.043773556128144264  Train L2 Loss :  0.112970715149855
Epoch :  290  Epoch time :  0.044274759478867054  Train L2 Loss :  0.11234263349802066
Epoch :  291  Epoch time :  0.043732209131121635  Train L2 Loss :  0.11391405111704117
Epoch :  292  Epoch time :  0.04647818859666586  Train L2 Loss :  0.11255446382057972
Epoch :  293  Epoch time :  0.043676323257386684  Train L2 Loss :  0.11429340105790359
Epoch :  294  Epoch time :  0.04421526566147804  Train L2 Loss :  0.12529925046822962
Epoch :  295  Epoch time :  0.04375286493450403  Train L2 Loss :  0.13404866823783287
Epoch :  296  Epoch time :  0.044484914280474186  Train L2 Loss :  0.13430550465217003
Epoch :  297  Epoch time :  0.0431849155575037  Train L2 Loss :  0.16414763300846785
Epoch :  298  Epoch time :  0.042777782306075096  Train L2 Loss :  0.1741232612194159
Epoch :  299  Epoch time :  0.044052199460566044  Train L2 Loss :  0.15583259096512428
Epoch :  300  Epoch time :  0.04371114540845156  Train L2 Loss :  0.13975566778427514
Epoch :  301  Epoch time :  0.044264212250709534  Train L2 Loss :  0.12106612477547084
Epoch :  302  Epoch time :  0.04381956998258829  Train L2 Loss :  0.1130316708332453
Epoch :  303  Epoch time :  0.044265300035476685  Train L2 Loss :  0.10757441016343924
Epoch :  304  Epoch time :  0.043664250522851944  Train L2 Loss :  0.10323248612575042
Epoch :  305  Epoch time :  0.044240097515285015  Train L2 Loss :  0.10103131028322074
Epoch :  306  Epoch time :  0.043570815585553646  Train L2 Loss :  0.09984163978160956
Epoch :  307  Epoch time :  0.04446433763951063  Train L2 Loss :  0.09904078642527263
Epoch :  308  Epoch time :  0.04362576734274626  Train L2 Loss :  0.09826440688891289
Epoch :  309  Epoch time :  0.04240430053323507  Train L2 Loss :  0.09748021226662856
Epoch :  310  Epoch time :  0.04400135297328234  Train L2 Loss :  0.09712243156555371
Epoch :  311  Epoch time :  0.04390406981110573  Train L2 Loss :  0.09674665102591881
Epoch :  312  Epoch time :  0.044211965054273605  Train L2 Loss :  0.09641931148675773
Epoch :  313  Epoch time :  0.04370109271258116  Train L2 Loss :  0.09614324951783204
Epoch :  314  Epoch time :  0.044179380871355534  Train L2 Loss :  0.09591388702392578
Epoch :  315  Epoch time :  0.0455342810600996  Train L2 Loss :  0.09568812831854209
Epoch :  316  Epoch time :  0.04417728539556265  Train L2 Loss :  0.09539768787530753
Epoch :  317  Epoch time :  0.04378906264901161  Train L2 Loss :  0.09514149182882065
Epoch :  318  Epoch time :  0.04427189938724041  Train L2 Loss :  0.09490519303541917
Epoch :  319  Epoch time :  0.04359262902289629  Train L2 Loss :  0.09468065469692914
Epoch :  320  Epoch time :  0.04229582007974386  Train L2 Loss :  0.094457630163584
Epoch :  321  Epoch time :  0.044319779612123966  Train L2 Loss :  0.09428206086158752
Epoch :  322  Epoch time :  0.04367288667708635  Train L2 Loss :  0.09399542823815957
Epoch :  323  Epoch time :  0.04410682152956724  Train L2 Loss :  0.0937677881656549
Epoch :  324  Epoch time :  0.043535676784813404  Train L2 Loss :  0.09356642686403714
Epoch :  325  Epoch time :  0.04435799736529589  Train L2 Loss :  0.09333440050100669
Epoch :  326  Epoch time :  0.04367677588015795  Train L2 Loss :  0.09308570470565404
Epoch :  327  Epoch time :  0.04426910821348429  Train L2 Loss :  0.09284193240679227
Epoch :  328  Epoch time :  0.043828362599015236  Train L2 Loss :  0.09258419580948658
Epoch :  329  Epoch time :  0.044149710796773434  Train L2 Loss :  0.09239041881683545
Epoch :  330  Epoch time :  0.04382460471242666  Train L2 Loss :  0.09216543573599595
Epoch :  331  Epoch time :  0.04204352665692568  Train L2 Loss :  0.09195645573811653
Epoch :  332  Epoch time :  0.04431523848325014  Train L2 Loss :  0.09176415892747733
Epoch :  333  Epoch time :  0.04355449881404638  Train L2 Loss :  0.0915770737024454
Epoch :  334  Epoch time :  0.0443229079246521  Train L2 Loss :  0.09131859816037692
Epoch :  335  Epoch time :  0.04370097629725933  Train L2 Loss :  0.09112202891936669
Epoch :  336  Epoch time :  0.044015186838805676  Train L2 Loss :  0.09091084737044114
Epoch :  337  Epoch time :  0.043658116832375526  Train L2 Loss :  0.09067359413856114
Epoch :  338  Epoch time :  0.04421465750783682  Train L2 Loss :  0.0905027741040939
Epoch :  339  Epoch time :  0.04396725259721279  Train L2 Loss :  0.09028771213996105
Epoch :  340  Epoch time :  0.04406315926462412  Train L2 Loss :  0.09004735029660739
Epoch :  341  Epoch time :  0.04409239161759615  Train L2 Loss :  0.08980499016932952
Epoch :  342  Epoch time :  0.04176910500973463  Train L2 Loss :  0.08961231280595829
Epoch :  343  Epoch time :  0.04423048347234726  Train L2 Loss :  0.08948466640252334
Epoch :  344  Epoch time :  0.043763731606304646  Train L2 Loss :  0.08929422650581752
Epoch :  345  Epoch time :  0.044167645275592804  Train L2 Loss :  0.08906042575836182
Epoch :  346  Epoch time :  0.04384842235594988  Train L2 Loss :  0.08881407364820823
Epoch :  347  Epoch time :  0.045153514482080936  Train L2 Loss :  0.08865128725002973
Epoch :  348  Epoch time :  0.04392373003065586  Train L2 Loss :  0.0884346067905426
Epoch :  349  Epoch time :  0.04419887624680996  Train L2 Loss :  0.08822255256848457
Epoch :  350  Epoch time :  0.04417718295007944  Train L2 Loss :  0.087993079271072
Epoch :  351  Epoch time :  0.04414952173829079  Train L2 Loss :  0.08780832168383476
Epoch :  352  Epoch time :  0.04474089294672012  Train L2 Loss :  0.0874939629664788
Epoch :  353  Epoch time :  0.041750071570277214  Train L2 Loss :  0.08735231023568374
Epoch :  354  Epoch time :  0.044204083271324635  Train L2 Loss :  0.08710803129734138
Epoch :  355  Epoch time :  0.043904456309974194  Train L2 Loss :  0.08693448014748402
Epoch :  356  Epoch time :  0.04446774534881115  Train L2 Loss :  0.08672777200356507
Epoch :  357  Epoch time :  0.043964398093521595  Train L2 Loss :  0.08645391617065822
Epoch :  358  Epoch time :  0.04418967757374048  Train L2 Loss :  0.08626815982353993
Epoch :  359  Epoch time :  0.043939100578427315  Train L2 Loss :  0.08607419790365757
Epoch :  360  Epoch time :  0.044352144934237  Train L2 Loss :  0.08591524301431118
Epoch :  361  Epoch time :  0.04394717887043953  Train L2 Loss :  0.08568928562677823
Epoch :  362  Epoch time :  0.04434671252965927  Train L2 Loss :  0.08553878084207192
Epoch :  363  Epoch time :  0.045970250852406025  Train L2 Loss :  0.08527637750674517
Epoch :  364  Epoch time :  0.04181570280343294  Train L2 Loss :  0.0850609051875579
Epoch :  365  Epoch time :  0.0442291796207428  Train L2 Loss :  0.0848218424197955
Epoch :  366  Epoch time :  0.043840985745191574  Train L2 Loss :  0.08466639809119396
Epoch :  367  Epoch time :  0.04434665106236935  Train L2 Loss :  0.08451134883440457
Epoch :  368  Epoch time :  0.043886154890060425  Train L2 Loss :  0.08426978190739949
Epoch :  369  Epoch time :  0.044217195361852646  Train L2 Loss :  0.08412155929284218
Epoch :  370  Epoch time :  0.043893964029848576  Train L2 Loss :  0.083901964701139
Epoch :  371  Epoch time :  0.04418452363461256  Train L2 Loss :  0.0836853163364606
Epoch :  372  Epoch time :  0.04408924747258425  Train L2 Loss :  0.08344869850537716
Epoch :  373  Epoch time :  0.044330780394375324  Train L2 Loss :  0.08319737972357334
Epoch :  374  Epoch time :  0.04412256460636854  Train L2 Loss :  0.08306764410092281
Epoch :  375  Epoch time :  0.041835579089820385  Train L2 Loss :  0.08281327516604693
Epoch :  376  Epoch time :  0.04412713088095188  Train L2 Loss :  0.08254967515285198
Epoch :  377  Epoch time :  0.04395913612097502  Train L2 Loss :  0.08236803802160117
Epoch :  378  Epoch time :  0.04414020664989948  Train L2 Loss :  0.08218478506956345
Epoch :  379  Epoch time :  0.0437091002240777  Train L2 Loss :  0.08199064471782783
Epoch :  380  Epoch time :  0.04433379415422678  Train L2 Loss :  0.0819281905125349
Epoch :  381  Epoch time :  0.0438641682267189  Train L2 Loss :  0.08182344490136856
Epoch :  382  Epoch time :  0.044265976175665855  Train L2 Loss :  0.08164412623796707
Epoch :  383  Epoch time :  0.04392676893621683  Train L2 Loss :  0.08161369883097135
Epoch :  384  Epoch time :  0.044054181315004826  Train L2 Loss :  0.08131293532175896
Epoch :  385  Epoch time :  0.044106404297053814  Train L2 Loss :  0.08099859647261791
Epoch :  386  Epoch time :  0.04153482709079981  Train L2 Loss :  0.08081264067918827
Epoch :  387  Epoch time :  0.04426783509552479  Train L2 Loss :  0.08054388792086871
Epoch :  388  Epoch time :  0.04365504439920187  Train L2 Loss :  0.08029930675641084
Epoch :  389  Epoch time :  0.044275032356381416  Train L2 Loss :  0.08001262942949931
Epoch :  390  Epoch time :  0.04804280586540699  Train L2 Loss :  0.07998216878145169
Epoch :  391  Epoch time :  0.044584235176444054  Train L2 Loss :  0.07974187342020181
Epoch :  392  Epoch time :  0.04397290665656328  Train L2 Loss :  0.07950714306953625
Epoch :  393  Epoch time :  0.04451311379671097  Train L2 Loss :  0.07919945472326034
Epoch :  394  Epoch time :  0.044131455942988396  Train L2 Loss :  0.07917777009499379
Epoch :  395  Epoch time :  0.04408881813287735  Train L2 Loss :  0.07897771856723687
Epoch :  396  Epoch time :  0.04440570529550314  Train L2 Loss :  0.07889821437688974
Epoch :  397  Epoch time :  0.04184530209749937  Train L2 Loss :  0.07887780819183741
Epoch :  398  Epoch time :  0.04434984643012285  Train L2 Loss :  0.07847233918996957
Epoch :  399  Epoch time :  0.043683337047696114  Train L2 Loss :  0.07821303147536057
Epoch :  400  Epoch time :  0.044325562193989754  Train L2 Loss :  0.07779821524253258
Epoch :  401  Epoch time :  0.0437040850520134  Train L2 Loss :  0.07736365076823112
Epoch :  402  Epoch time :  0.04458465427160263  Train L2 Loss :  0.07710377719157781
Epoch :  403  Epoch time :  0.04389973822981119  Train L2 Loss :  0.07695695605033483
Epoch :  404  Epoch time :  0.044283248484134674  Train L2 Loss :  0.07679647360092555
Epoch :  405  Epoch time :  0.04404311999678612  Train L2 Loss :  0.07669550524308132
Epoch :  406  Epoch time :  0.04418765567243099  Train L2 Loss :  0.07653058110139309
Epoch :  407  Epoch time :  0.04424237925559282  Train L2 Loss :  0.07638533145953448
Epoch :  408  Epoch time :  0.041621544398367405  Train L2 Loss :  0.07627450502835788
Epoch :  409  Epoch time :  0.044346705079078674  Train L2 Loss :  0.07615452699172191
Epoch :  410  Epoch time :  0.04420431610196829  Train L2 Loss :  0.07605250714681087
Epoch :  411  Epoch time :  0.04434432741254568  Train L2 Loss :  0.0759552178474573
Epoch :  412  Epoch time :  0.04372123721987009  Train L2 Loss :  0.07582966104531899
Epoch :  413  Epoch time :  0.04447247460484505  Train L2 Loss :  0.07573615129177387
Epoch :  414  Epoch time :  0.043896276503801346  Train L2 Loss :  0.0756837404691256
Epoch :  415  Epoch time :  0.04432725813239813  Train L2 Loss :  0.07557080800716694
Epoch :  416  Epoch time :  0.04407460242509842  Train L2 Loss :  0.07547758939938667
Epoch :  417  Epoch time :  0.044044626876711845  Train L2 Loss :  0.07532744950208908
Epoch :  418  Epoch time :  0.044294838793575764  Train L2 Loss :  0.07521709646934117
Epoch :  419  Epoch time :  0.04164922330528498  Train L2 Loss :  0.07508443410579975
Epoch :  420  Epoch time :  0.044218964874744415  Train L2 Loss :  0.07499198883007734
Epoch :  421  Epoch time :  0.04373342916369438  Train L2 Loss :  0.07488724971428895
Epoch :  422  Epoch time :  0.04421722702682018  Train L2 Loss :  0.07475007115266262
Epoch :  423  Epoch time :  0.04400942474603653  Train L2 Loss :  0.07466029165646969
Epoch :  424  Epoch time :  0.04443806316703558  Train L2 Loss :  0.07460024188726376
Epoch :  425  Epoch time :  0.04374394752085209  Train L2 Loss :  0.07452804996417119
Epoch :  426  Epoch time :  0.04449267964810133  Train L2 Loss :  0.0743752733255044
Epoch :  427  Epoch time :  0.044197382405400276  Train L2 Loss :  0.07424345803566468
Epoch :  428  Epoch time :  0.04424220323562622  Train L2 Loss :  0.07411262316581531
Epoch :  429  Epoch time :  0.04423659015446901  Train L2 Loss :  0.07401021321614583
Epoch :  430  Epoch time :  0.04174693860113621  Train L2 Loss :  0.07392072754028516
Epoch :  431  Epoch time :  0.04430997557938099  Train L2 Loss :  0.07380520724333249
Epoch :  432  Epoch time :  0.043815674260258675  Train L2 Loss :  0.07368190510150714
Epoch :  433  Epoch time :  0.0443399865180254  Train L2 Loss :  0.07358431930725391
Epoch :  434  Epoch time :  0.04388216882944107  Train L2 Loss :  0.0735286057759554
Epoch :  435  Epoch time :  0.04423151072114706  Train L2 Loss :  0.07342479129632314
Epoch :  436  Epoch time :  0.043783911503851414  Train L2 Loss :  0.07328665065459716
Epoch :  437  Epoch time :  0.04426933266222477  Train L2 Loss :  0.0731720473521795
Epoch :  438  Epoch time :  0.04399084113538265  Train L2 Loss :  0.07302460036216638
Epoch :  439  Epoch time :  0.0443637203425169  Train L2 Loss :  0.0729068724008707
Epoch :  440  Epoch time :  0.044127208180725574  Train L2 Loss :  0.07280871807000576
Epoch :  441  Epoch time :  0.039899992756545544  Train L2 Loss :  0.0727050285308789
Epoch :  442  Epoch time :  0.04417065903544426  Train L2 Loss :  0.07259795107902625
Epoch :  443  Epoch time :  0.044188959524035454  Train L2 Loss :  0.07250253817973992
Epoch :  444  Epoch time :  0.04433341883122921  Train L2 Loss :  0.0724189029290126
Epoch :  445  Epoch time :  0.044151282869279385  Train L2 Loss :  0.0722962098243909
Epoch :  446  Epoch time :  0.04371833894401789  Train L2 Loss :  0.07218470749182579
Epoch :  447  Epoch time :  0.04445667192339897  Train L2 Loss :  0.07207664236044273
Epoch :  448  Epoch time :  0.04373711068183184  Train L2 Loss :  0.07197949748772842
Epoch :  449  Epoch time :  0.044162165373563766  Train L2 Loss :  0.07186301472859505
Epoch :  450  Epoch time :  0.04385824594646692  Train L2 Loss :  0.07176195581754048
Epoch :  451  Epoch time :  0.04429491050541401  Train L2 Loss :  0.07163537159944192
Epoch :  452  Epoch time :  0.04172274935990572  Train L2 Loss :  0.07151055718079591
Epoch :  453  Epoch time :  0.0443117069080472  Train L2 Loss :  0.0713799488850129
Epoch :  454  Epoch time :  0.0437668627128005  Train L2 Loss :  0.07127027710278828
Epoch :  455  Epoch time :  0.044261205941438675  Train L2 Loss :  0.07116526670944996
Epoch :  456  Epoch time :  0.04429168812930584  Train L2 Loss :  0.07106895859424885
Epoch :  457  Epoch time :  0.04376641195267439  Train L2 Loss :  0.07096507686835068
Epoch :  458  Epoch time :  0.04408566281199455  Train L2 Loss :  0.07086860866118701
Epoch :  459  Epoch time :  0.04381315317004919  Train L2 Loss :  0.07073371035930438
Epoch :  460  Epoch time :  0.04422345943748951  Train L2 Loss :  0.07063673474849799
Epoch :  461  Epoch time :  0.043681167997419834  Train L2 Loss :  0.07051259661332154
Epoch :  462  Epoch time :  0.04406565148383379  Train L2 Loss :  0.07040326220866962
Epoch :  463  Epoch time :  0.042029788717627525  Train L2 Loss :  0.07026721002199711
Epoch :  464  Epoch time :  0.04416660498827696  Train L2 Loss :  0.07020904544072273
Epoch :  465  Epoch time :  0.04410580173134804  Train L2 Loss :  0.07007933465334085
Epoch :  466  Epoch time :  0.04399557691067457  Train L2 Loss :  0.06998178439262585
Epoch :  467  Epoch time :  0.0442532142624259  Train L2 Loss :  0.06984391884926038
Epoch :  468  Epoch time :  0.043722507543861866  Train L2 Loss :  0.06976316066888663
Epoch :  469  Epoch time :  0.04421805962920189  Train L2 Loss :  0.06964419743953607
Epoch :  470  Epoch time :  0.043701840564608574  Train L2 Loss :  0.0694998487448081
Epoch :  471  Epoch time :  0.04421266261488199  Train L2 Loss :  0.06937758739177997
Epoch :  472  Epoch time :  0.04360553529113531  Train L2 Loss :  0.06926356905545944
Epoch :  473  Epoch time :  0.04416776169091463  Train L2 Loss :  0.0691556949646045
Epoch :  474  Epoch time :  0.042122931219637394  Train L2 Loss :  0.06905853060575631
Epoch :  475  Epoch time :  0.04405294079333544  Train L2 Loss :  0.06894504450834714
Epoch :  476  Epoch time :  0.0443560928106308  Train L2 Loss :  0.06883926192919414
Epoch :  477  Epoch time :  0.043820844031870365  Train L2 Loss :  0.06874687167314383
Epoch :  478  Epoch time :  0.04427437949925661  Train L2 Loss :  0.06860529077358735
Epoch :  479  Epoch time :  0.04393897671252489  Train L2 Loss :  0.0684755822786918
Epoch :  480  Epoch time :  0.04432006552815437  Train L2 Loss :  0.06837385625411303
Epoch :  481  Epoch time :  0.0437436830252409  Train L2 Loss :  0.06826863074914002
Epoch :  482  Epoch time :  0.044354318641126156  Train L2 Loss :  0.06815566695653476
Epoch :  483  Epoch time :  0.043758219107985497  Train L2 Loss :  0.06804677920463757
Epoch :  484  Epoch time :  0.04436381347477436  Train L2 Loss :  0.06794369832063332
Epoch :  485  Epoch time :  0.04208366200327873  Train L2 Loss :  0.06789666070387913
Epoch :  486  Epoch time :  0.04395693354308605  Train L2 Loss :  0.0677367953153757
Epoch :  487  Epoch time :  0.04457401018589735  Train L2 Loss :  0.067639865172215
Epoch :  488  Epoch time :  0.04400017578154802  Train L2 Loss :  0.06750035209533496
Epoch :  489  Epoch time :  0.044409845024347305  Train L2 Loss :  0.06733663724018978
Epoch :  490  Epoch time :  0.04377293959259987  Train L2 Loss :  0.06723208419787578
Epoch :  491  Epoch time :  0.044485073536634445  Train L2 Loss :  0.06714210563745254
Epoch :  492  Epoch time :  0.04360341373831034  Train L2 Loss :  0.06704004223530109
Epoch :  493  Epoch time :  0.044435241259634495  Train L2 Loss :  0.06690423763715304
Epoch :  494  Epoch time :  0.04378635622560978  Train L2 Loss :  0.06679697716847444
Epoch :  495  Epoch time :  0.04430245794355869  Train L2 Loss :  0.06666530630527398
Epoch :  496  Epoch time :  0.04215548001229763  Train L2 Loss :  0.06654760356132801
Epoch :  497  Epoch time :  0.044063556008040905  Train L2 Loss :  0.06644886617477123
Epoch :  498  Epoch time :  0.04513171408325434  Train L2 Loss :  0.0663748949001997
Epoch :  499  Epoch time :  0.0445278687402606  Train L2 Loss :  0.06626890332270892
Epoch :  500  Epoch time :  0.04611473251134157  Train L2 Loss :  0.06605399495516068
Epoch :  501  Epoch time :  0.046207054518163204  Train L2 Loss :  0.0659297689413413
Epoch :  502  Epoch time :  0.04670689534395933  Train L2 Loss :  0.0658573187314547
Epoch :  503  Epoch time :  0.0459393672645092  Train L2 Loss :  0.06578011352282304
Epoch :  504  Epoch time :  0.046377948485314846  Train L2 Loss :  0.06569883418388855
Epoch :  505  Epoch time :  0.046250246465206146  Train L2 Loss :  0.06563754417957404
Epoch :  506  Epoch time :  0.04441443085670471  Train L2 Loss :  0.06557606160640717
Epoch :  507  Epoch time :  0.04209460876882076  Train L2 Loss :  0.06551917241169856
Epoch :  508  Epoch time :  0.04432560410350561  Train L2 Loss :  0.06547507223410484
Epoch :  509  Epoch time :  0.044072993099689484  Train L2 Loss :  0.06541242928077014
Epoch :  510  Epoch time :  0.0441712848842144  Train L2 Loss :  0.06533930240533291
Epoch :  511  Epoch time :  0.044512053951621056  Train L2 Loss :  0.06529023058903523
Epoch :  512  Epoch time :  0.043656522408127785  Train L2 Loss :  0.06523444713690342
Epoch :  513  Epoch time :  0.04431990534067154  Train L2 Loss :  0.06518670649100573
Epoch :  514  Epoch time :  0.0438304552808404  Train L2 Loss :  0.06511926842041504
Epoch :  515  Epoch time :  0.04455316998064518  Train L2 Loss :  0.06509384398276989
Epoch :  516  Epoch time :  0.043826647102832794  Train L2 Loss :  0.06501210117951417
Epoch :  517  Epoch time :  0.044287580996751785  Train L2 Loss :  0.06495225391326806
Epoch :  518  Epoch time :  0.042262185364961624  Train L2 Loss :  0.06489035754631726
Epoch :  519  Epoch time :  0.04431104380637407  Train L2 Loss :  0.06482667724291484
Epoch :  520  Epoch time :  0.04422398749738932  Train L2 Loss :  0.06475690007209778
Epoch :  521  Epoch time :  0.04407393652945757  Train L2 Loss :  0.06469895098453914
Epoch :  522  Epoch time :  0.04443977680057287  Train L2 Loss :  0.0646529835768235
Epoch :  523  Epoch time :  0.04382283426821232  Train L2 Loss :  0.06458850090320294
Epoch :  524  Epoch time :  0.04444723203778267  Train L2 Loss :  0.06454479808990772
Epoch :  525  Epoch time :  0.04397647920995951  Train L2 Loss :  0.06447341044743855
Epoch :  526  Epoch time :  0.044502412900328636  Train L2 Loss :  0.06440489605451241
Epoch :  527  Epoch time :  0.043847404420375824  Train L2 Loss :  0.06432648614431039
Epoch :  528  Epoch time :  0.044298287481069565  Train L2 Loss :  0.0642925753043248
Epoch :  529  Epoch time :  0.042047406546771526  Train L2 Loss :  0.06421724191078773
Epoch :  530  Epoch time :  0.04419196676462889  Train L2 Loss :  0.06414768711114541
Epoch :  531  Epoch time :  0.04414043854922056  Train L2 Loss :  0.06409809910334073
Epoch :  532  Epoch time :  0.044162146747112274  Train L2 Loss :  0.06401769702251141
Epoch :  533  Epoch time :  0.04435523319989443  Train L2 Loss :  0.06395523593975948
Epoch :  534  Epoch time :  0.046248650178313255  Train L2 Loss :  0.06388889062098968
Epoch :  535  Epoch time :  0.04419654421508312  Train L2 Loss :  0.06383778575139168
Epoch :  536  Epoch time :  0.044002715498209  Train L2 Loss :  0.06377184773102784
Epoch :  537  Epoch time :  0.044182391837239265  Train L2 Loss :  0.06371690103640923
Epoch :  538  Epoch time :  0.04417115077376366  Train L2 Loss :  0.06365119570340866
Epoch :  539  Epoch time :  0.04426470119506121  Train L2 Loss :  0.06359994526092823
Epoch :  540  Epoch time :  0.0416881563141942  Train L2 Loss :  0.06355276589210217
Epoch :  541  Epoch time :  0.04436634760349989  Train L2 Loss :  0.06348324968264653
Epoch :  542  Epoch time :  0.043972874991595745  Train L2 Loss :  0.06339876965070382
Epoch :  543  Epoch time :  0.0443885512650013  Train L2 Loss :  0.06334600616724063
Epoch :  544  Epoch time :  0.04436526075005531  Train L2 Loss :  0.06326792446466592
Epoch :  545  Epoch time :  0.04411211237311363  Train L2 Loss :  0.06320710556629376
Epoch :  546  Epoch time :  0.04450869373977184  Train L2 Loss :  0.0631364515194526
Epoch :  547  Epoch time :  0.04399301949888468  Train L2 Loss :  0.06308216009384547
Epoch :  548  Epoch time :  0.04430325701832771  Train L2 Loss :  0.06301916944674957
Epoch :  549  Epoch time :  0.04382172413170338  Train L2 Loss :  0.06295117697654626
Epoch :  550  Epoch time :  0.04445347376167774  Train L2 Loss :  0.06288484044564076
Epoch :  551  Epoch time :  0.041860319674015045  Train L2 Loss :  0.06282357298410855
Epoch :  552  Epoch time :  0.044379521161317825  Train L2 Loss :  0.06277566269422188
Epoch :  553  Epoch time :  0.043963756412267685  Train L2 Loss :  0.06269865616773948
Epoch :  554  Epoch time :  0.04438099451363087  Train L2 Loss :  0.06263202123152904
Epoch :  555  Epoch time :  0.044368903152644634  Train L2 Loss :  0.06255344779063494
Epoch :  556  Epoch time :  0.043917594477534294  Train L2 Loss :  0.06249500543643267
Epoch :  557  Epoch time :  0.044263155199587345  Train L2 Loss :  0.062433951176129855
Epoch :  558  Epoch time :  0.04382664896547794  Train L2 Loss :  0.0623713758511421
Epoch :  559  Epoch time :  0.04452792927622795  Train L2 Loss :  0.06233918514007177
Epoch :  560  Epoch time :  0.043950832448899746  Train L2 Loss :  0.06227853130071591
Epoch :  561  Epoch time :  0.04422870557755232  Train L2 Loss :  0.062196242121549755
Epoch :  562  Epoch time :  0.04189102537930012  Train L2 Loss :  0.06213511679417048
Epoch :  563  Epoch time :  0.04432146903127432  Train L2 Loss :  0.06205306412317814
Epoch :  564  Epoch time :  0.04420867748558521  Train L2 Loss :  0.061986627869116954
Epoch :  565  Epoch time :  0.0441715931519866  Train L2 Loss :  0.06192571230423756
Epoch :  566  Epoch time :  0.04444198124110699  Train L2 Loss :  0.061859201544370405
Epoch :  567  Epoch time :  0.04368043038994074  Train L2 Loss :  0.06178172735067514
Epoch :  568  Epoch time :  0.044501020573079586  Train L2 Loss :  0.06172444652288388
Epoch :  569  Epoch time :  0.04376122169196606  Train L2 Loss :  0.06166811975149008
Epoch :  570  Epoch time :  0.04444545228034258  Train L2 Loss :  0.0616035751807384
Epoch :  571  Epoch time :  0.043802118860185146  Train L2 Loss :  0.06153448040668781
Epoch :  572  Epoch time :  0.04430499207228422  Train L2 Loss :  0.06145745248366625
Epoch :  573  Epoch time :  0.041887070052325726  Train L2 Loss :  0.061390250539168335
Epoch :  574  Epoch time :  0.044658626429736614  Train L2 Loss :  0.061330328767116256
Epoch :  575  Epoch time :  0.04412614554166794  Train L2 Loss :  0.061275213956832886
Epoch :  576  Epoch time :  0.04430926591157913  Train L2 Loss :  0.0612080414325763
Epoch :  577  Epoch time :  0.04457189701497555  Train L2 Loss :  0.06116241102035229
Epoch :  578  Epoch time :  0.04393977206200361  Train L2 Loss :  0.06107904666509384
Epoch :  579  Epoch time :  0.04455619212239981  Train L2 Loss :  0.06102180595581348
Epoch :  580  Epoch time :  0.04386416915804148  Train L2 Loss :  0.06096466917258043
Epoch :  581  Epoch time :  0.04437826666980982  Train L2 Loss :  0.0608721463344036
Epoch :  582  Epoch time :  0.043806093744933605  Train L2 Loss :  0.060799670907167286
Epoch :  583  Epoch time :  0.04469923209398985  Train L2 Loss :  0.060718895533146
Epoch :  584  Epoch time :  0.041958472691476345  Train L2 Loss :  0.06066234562641535
Epoch :  585  Epoch time :  0.04434187151491642  Train L2 Loss :  0.060598806310922675
Epoch :  586  Epoch time :  0.04413585551083088  Train L2 Loss :  0.06052546623425606
Epoch :  587  Epoch time :  0.04413280263543129  Train L2 Loss :  0.060478089711604975
Epoch :  588  Epoch time :  0.04432305693626404  Train L2 Loss :  0.06041106925560878
Epoch :  589  Epoch time :  0.04388856701552868  Train L2 Loss :  0.06035397794002142
Epoch :  590  Epoch time :  0.044321611523628235  Train L2 Loss :  0.06031382618806301
Epoch :  591  Epoch time :  0.04385915398597717  Train L2 Loss :  0.0602364222972821
Epoch :  592  Epoch time :  0.04433678090572357  Train L2 Loss :  0.06013934849164425
Epoch :  593  Epoch time :  0.04499443992972374  Train L2 Loss :  0.060043114118086986
Epoch :  594  Epoch time :  0.044295753352344036  Train L2 Loss :  0.059975676429577365
Epoch :  595  Epoch time :  0.04171250108629465  Train L2 Loss :  0.05989768375188877
Epoch :  596  Epoch time :  0.04424596857279539  Train L2 Loss :  0.05983041417904389
Epoch :  597  Epoch time :  0.04413826484233141  Train L2 Loss :  0.05977513698431162
Epoch :  598  Epoch time :  0.044179719872772694  Train L2 Loss :  0.05970820746360681
Epoch :  599  Epoch time :  0.043805074878036976  Train L2 Loss :  0.05963505269625248
Epoch :  600  Epoch time :  0.04396015126258135  Train L2 Loss :  0.0595302130931463
Epoch :  601  Epoch time :  0.04409629572182894  Train L2 Loss :  0.05947254063227238
Epoch :  602  Epoch time :  0.04341302812099457  Train L2 Loss :  0.05943224521783682
Epoch :  603  Epoch time :  0.044258881360292435  Train L2 Loss :  0.059393745966446705
Epoch :  604  Epoch time :  0.043953707441687584  Train L2 Loss :  0.05937660657442533
Epoch :  605  Epoch time :  0.04431666899472475  Train L2 Loss :  0.05934015604165884
Epoch :  606  Epoch time :  0.04233248718082905  Train L2 Loss :  0.0593112214253499
Epoch :  607  Epoch time :  0.04419446550309658  Train L2 Loss :  0.05926267038553189
Epoch :  608  Epoch time :  0.04433500301092863  Train L2 Loss :  0.05921641985575358
Epoch :  609  Epoch time :  0.04385657887905836  Train L2 Loss :  0.059186348166221224
Epoch :  610  Epoch time :  0.044376570731401443  Train L2 Loss :  0.05915328516409947
Epoch :  611  Epoch time :  0.04576780740171671  Train L2 Loss :  0.059108078479766846
Epoch :  612  Epoch time :  0.04423550236970186  Train L2 Loss :  0.05907804996539385
Epoch :  613  Epoch time :  0.04398501291871071  Train L2 Loss :  0.05904578054562593
Epoch :  614  Epoch time :  0.04426534380763769  Train L2 Loss :  0.05899902299428598
Epoch :  615  Epoch time :  0.04395792447030544  Train L2 Loss :  0.05897140885010744
Epoch :  616  Epoch time :  0.04426881019026041  Train L2 Loss :  0.05893575342801901
Epoch :  617  Epoch time :  0.042167242616415024  Train L2 Loss :  0.05890030738634941
Epoch :  618  Epoch time :  0.044089856557548046  Train L2 Loss :  0.0588669050962497
Epoch :  619  Epoch time :  0.044234286062419415  Train L2 Loss :  0.0588312084094072
Epoch :  620  Epoch time :  0.04400387406349182  Train L2 Loss :  0.05879213068729792
Epoch :  621  Epoch time :  0.044453639537096024  Train L2 Loss :  0.05874648613807482
Epoch :  622  Epoch time :  0.043977818451821804  Train L2 Loss :  0.05870906855815496
Epoch :  623  Epoch time :  0.044293141923844814  Train L2 Loss :  0.05867873361477485
Epoch :  624  Epoch time :  0.04387851431965828  Train L2 Loss :  0.058640203796900235
Epoch :  625  Epoch time :  0.04422660078853369  Train L2 Loss :  0.05859250670824295
Epoch :  626  Epoch time :  0.043791611678898335  Train L2 Loss :  0.058559757394668385
Epoch :  627  Epoch time :  0.04435689374804497  Train L2 Loss :  0.05852810045083364
Epoch :  628  Epoch time :  0.04217618703842163  Train L2 Loss :  0.05849506954352061
Epoch :  629  Epoch time :  0.04415343049913645  Train L2 Loss :  0.05846239015077933
Epoch :  630  Epoch time :  0.04424979630857706  Train L2 Loss :  0.05841795221353189
Epoch :  631  Epoch time :  0.04393331427127123  Train L2 Loss :  0.058379550774892174
Epoch :  632  Epoch time :  0.04431700520217419  Train L2 Loss :  0.05834355835731213
Epoch :  633  Epoch time :  0.04379095882177353  Train L2 Loss :  0.05830701001179524
Epoch :  634  Epoch time :  0.04448338970541954  Train L2 Loss :  0.05826320250829061
Epoch :  635  Epoch time :  0.04368257988244295  Train L2 Loss :  0.05823706548947554
Epoch :  636  Epoch time :  0.04436898231506348  Train L2 Loss :  0.05818349925371317
Epoch :  637  Epoch time :  0.043711256235837936  Train L2 Loss :  0.05815131389177763
Epoch :  638  Epoch time :  0.044353787787258625  Train L2 Loss :  0.05811725862515278
Epoch :  639  Epoch time :  0.042420477606356144  Train L2 Loss :  0.058078149190315835
Epoch :  640  Epoch time :  0.04395531862974167  Train L2 Loss :  0.05803561745545803
Epoch :  641  Epoch time :  0.04437383636832237  Train L2 Loss :  0.058004467915265985
Epoch :  642  Epoch time :  0.0438006529584527  Train L2 Loss :  0.05796895653773577
Epoch :  643  Epoch time :  0.0443222438916564  Train L2 Loss :  0.057929048171410195
Epoch :  644  Epoch time :  0.04379141889512539  Train L2 Loss :  0.05789882670610379
Epoch :  645  Epoch time :  0.0443735271692276  Train L2 Loss :  0.057852647243401945
Epoch :  646  Epoch time :  0.04392901621758938  Train L2 Loss :  0.057809023902966425
Epoch :  647  Epoch time :  0.044258151203393936  Train L2 Loss :  0.057773036834521174
Epoch :  648  Epoch time :  0.04406843986362219  Train L2 Loss :  0.05774093094544533
Epoch :  649  Epoch time :  0.044606694020330906  Train L2 Loss :  0.05769909154146145
Epoch :  650  Epoch time :  0.042743987403810024  Train L2 Loss :  0.05765981208055447
Epoch :  651  Epoch time :  0.04394959844648838  Train L2 Loss :  0.057618824717326045
Epoch :  652  Epoch time :  0.044392495416104794  Train L2 Loss :  0.05758265730662224
Epoch :  653  Epoch time :  0.043954623863101006  Train L2 Loss :  0.05753319920637669
Epoch :  654  Epoch time :  0.04419029410928488  Train L2 Loss :  0.05751261841028164
Epoch :  655  Epoch time :  0.043648104183375835  Train L2 Loss :  0.05747267107168833
Epoch :  656  Epoch time :  0.04426982160657644  Train L2 Loss :  0.05742689546866295
Epoch :  657  Epoch time :  0.043619779869914055  Train L2 Loss :  0.05738691947399042
Epoch :  658  Epoch time :  0.04463953338563442  Train L2 Loss :  0.057344893232370034
Epoch :  659  Epoch time :  0.04373030085116625  Train L2 Loss :  0.05730228469921993
Epoch :  660  Epoch time :  0.04444113094359636  Train L2 Loss :  0.05726584219015562
Epoch :  661  Epoch time :  0.04274133779108524  Train L2 Loss :  0.0572164685298235
Epoch :  662  Epoch time :  0.0436885692179203  Train L2 Loss :  0.057177030887359225
Epoch :  663  Epoch time :  0.04459016490727663  Train L2 Loss :  0.0571331656896151
Epoch :  664  Epoch time :  0.04386953450739384  Train L2 Loss :  0.05710728542926984
Epoch :  665  Epoch time :  0.04450205247849226  Train L2 Loss :  0.057081481585135825
Epoch :  666  Epoch time :  0.04376514069736004  Train L2 Loss :  0.057038662143242665
Epoch :  667  Epoch time :  0.0442104022949934  Train L2 Loss :  0.05698950130205888
Epoch :  668  Epoch time :  0.044156366027891636  Train L2 Loss :  0.05695740802165789
Epoch :  669  Epoch time :  0.04488222114741802  Train L2 Loss :  0.05690829035563347
Epoch :  670  Epoch time :  0.043922399170696735  Train L2 Loss :  0.05686287734753046
Epoch :  671  Epoch time :  0.045056626200675964  Train L2 Loss :  0.0568147809841694
Epoch :  672  Epoch time :  0.04244399908930063  Train L2 Loss :  0.05678144555825453
Epoch :  673  Epoch time :  0.04385089781135321  Train L2 Loss :  0.05673053020086044
Epoch :  674  Epoch time :  0.044621278531849384  Train L2 Loss :  0.05669838801408426
Epoch :  675  Epoch time :  0.04378521163016558  Train L2 Loss :  0.056663018388625905
Epoch :  676  Epoch time :  0.04424991924315691  Train L2 Loss :  0.056612385771213435
Epoch :  677  Epoch time :  0.043892902322113514  Train L2 Loss :  0.05656861074459858
Epoch :  678  Epoch time :  0.04434310458600521  Train L2 Loss :  0.0565350449238068
Epoch :  679  Epoch time :  0.04383536521345377  Train L2 Loss :  0.05648871148243929
Epoch :  680  Epoch time :  0.04430111404508352  Train L2 Loss :  0.05644674408130157
Epoch :  681  Epoch time :  0.04392229299992323  Train L2 Loss :  0.05641114329680418
Epoch :  682  Epoch time :  0.044316794723272324  Train L2 Loss :  0.05638250517539489
Epoch :  683  Epoch time :  0.04256001766771078  Train L2 Loss :  0.0563391278951596
Epoch :  684  Epoch time :  0.04389467276632786  Train L2 Loss :  0.05628124070473206
Epoch :  685  Epoch time :  0.04460146930068731  Train L2 Loss :  0.05623774192272089
Epoch :  686  Epoch time :  0.04393059108406305  Train L2 Loss :  0.0562060582332122
Epoch :  687  Epoch time :  0.04428018443286419  Train L2 Loss :  0.05615027936605307
Epoch :  688  Epoch time :  0.045570652931928635  Train L2 Loss :  0.05613549397541927
Epoch :  689  Epoch time :  0.04440678656101227  Train L2 Loss :  0.0560825214936183
Epoch :  690  Epoch time :  0.04386202711611986  Train L2 Loss :  0.05602838977789267
Epoch :  691  Epoch time :  0.04447393026202917  Train L2 Loss :  0.055991763105759255
Epoch :  692  Epoch time :  0.043937359005212784  Train L2 Loss :  0.05595296659530737
Epoch :  693  Epoch time :  0.04479395970702171  Train L2 Loss :  0.055922579306822554
Epoch :  694  Epoch time :  0.042059799656271935  Train L2 Loss :  0.055878183780572355
Epoch :  695  Epoch time :  0.04408616665750742  Train L2 Loss :  0.05582226163301712
Epoch :  696  Epoch time :  0.044524478726089  Train L2 Loss :  0.0557721876181089
Epoch :  697  Epoch time :  0.04398311488330364  Train L2 Loss :  0.055728585292131476
Epoch :  698  Epoch time :  0.04446226079016924  Train L2 Loss :  0.055691212033614136
Epoch :  699  Epoch time :  0.04381543304771185  Train L2 Loss :  0.05564632324072031
Epoch :  700  Epoch time :  0.044366699643433094  Train L2 Loss :  0.05558920479737795
Epoch :  701  Epoch time :  0.04396537318825722  Train L2 Loss :  0.05555885266035031
Epoch :  702  Epoch time :  0.04426105134189129  Train L2 Loss :  0.05553328761687645
Epoch :  703  Epoch time :  0.04385325778275728  Train L2 Loss :  0.05550497617477026
Epoch :  704  Epoch time :  0.04436624329537153  Train L2 Loss :  0.05547926020927918
Epoch :  705  Epoch time :  0.04205755144357681  Train L2 Loss :  0.05545798746439127
Epoch :  706  Epoch time :  0.04420529305934906  Train L2 Loss :  0.055435461875719905
Epoch :  707  Epoch time :  0.04439815226942301  Train L2 Loss :  0.05541602541238834
Epoch :  708  Epoch time :  0.04404458403587341  Train L2 Loss :  0.055389958314406566
Epoch :  709  Epoch time :  0.04449840262532234  Train L2 Loss :  0.055368196505766645
Epoch :  710  Epoch time :  0.04402053728699684  Train L2 Loss :  0.05534805281039996
Epoch :  711  Epoch time :  0.044368370436131954  Train L2 Loss :  0.0553281674018273
Epoch :  712  Epoch time :  0.04384052287787199  Train L2 Loss :  0.05530465336946341
Epoch :  713  Epoch time :  0.044635568745434284  Train L2 Loss :  0.05528078209131192
Epoch :  714  Epoch time :  0.04408625978976488  Train L2 Loss :  0.055261717774929144
Epoch :  715  Epoch time :  0.04455845896154642  Train L2 Loss :  0.05524001366052872
Epoch :  716  Epoch time :  0.04237206093966961  Train L2 Loss :  0.055213160621814236
Epoch :  717  Epoch time :  0.044396732933819294  Train L2 Loss :  0.05518914873783405
Epoch :  718  Epoch time :  0.04436285048723221  Train L2 Loss :  0.055168125873956926
Epoch :  719  Epoch time :  0.04417333845049143  Train L2 Loss :  0.05514593689869612
Epoch :  720  Epoch time :  0.044410018250346184  Train L2 Loss :  0.05512181230080433
Epoch :  721  Epoch time :  0.04379402752965689  Train L2 Loss :  0.05510138471921285
Epoch :  722  Epoch time :  0.04489997774362564  Train L2 Loss :  0.05507652576153095
Epoch :  723  Epoch time :  0.04379292577505112  Train L2 Loss :  0.05505873530338972
Epoch :  724  Epoch time :  0.0445589255541563  Train L2 Loss :  0.05503810827548687
Epoch :  725  Epoch time :  0.043940454721450806  Train L2 Loss :  0.05501155058542887
Epoch :  726  Epoch time :  0.04448987450450659  Train L2 Loss :  0.05499048454639239
Epoch :  727  Epoch time :  0.042333612218499184  Train L2 Loss :  0.054967424808404386
Epoch :  728  Epoch time :  0.04437977261841297  Train L2 Loss :  0.054948328397212885
Epoch :  729  Epoch time :  0.04445539601147175  Train L2 Loss :  0.054918698011300504
Epoch :  730  Epoch time :  0.044229392893612385  Train L2 Loss :  0.054900635893528275
Epoch :  731  Epoch time :  0.04448652174323797  Train L2 Loss :  0.054878709407953113
Epoch :  732  Epoch time :  0.044105845503509045  Train L2 Loss :  0.054852419174634494
Epoch :  733  Epoch time :  0.044409616850316525  Train L2 Loss :  0.05483093017186874
Epoch :  734  Epoch time :  0.04393950942903757  Train L2 Loss :  0.05480817533456362
Epoch :  735  Epoch time :  0.0444369800388813  Train L2 Loss :  0.054782368815862216
Epoch :  736  Epoch time :  0.04400492273271084  Train L2 Loss :  0.054764081652347855
Epoch :  737  Epoch time :  0.04453062079846859  Train L2 Loss :  0.054743415652177274
Epoch :  738  Epoch time :  0.04252689518034458  Train L2 Loss :  0.05470504363377889
Epoch :  739  Epoch time :  0.04438910912722349  Train L2 Loss :  0.054695648642686695
Epoch :  740  Epoch time :  0.04429324343800545  Train L2 Loss :  0.054664102502358265
Epoch :  741  Epoch time :  0.04425041750073433  Train L2 Loss :  0.05464128500375992
Epoch :  742  Epoch time :  0.04464741516858339  Train L2 Loss :  0.0546110994540728
Epoch :  743  Epoch time :  0.04395951423794031  Train L2 Loss :  0.0545888099914942
Epoch :  744  Epoch time :  0.044444664381444454  Train L2 Loss :  0.0545645894912573
Epoch :  745  Epoch time :  0.04401464108377695  Train L2 Loss :  0.054537610365794256
Epoch :  746  Epoch time :  0.04443376883864403  Train L2 Loss :  0.0545115562585684
Epoch :  747  Epoch time :  0.04389939922839403  Train L2 Loss :  0.05449759883758349
Epoch :  748  Epoch time :  0.04448023531585932  Train L2 Loss :  0.05446210962075453
Epoch :  749  Epoch time :  0.0423513101413846  Train L2 Loss :  0.054436755868104786
Epoch :  750  Epoch time :  0.0444895401597023  Train L2 Loss :  0.054415594308804244
Epoch :  751  Epoch time :  0.04425300005823374  Train L2 Loss :  0.054394000997910134
Epoch :  752  Epoch time :  0.044405149295926094  Train L2 Loss :  0.05436532199382782
Epoch :  753  Epoch time :  0.04444066621363163  Train L2 Loss :  0.054338291669503234
Epoch :  754  Epoch time :  0.04395316168665886  Train L2 Loss :  0.05432015466384399
Epoch :  755  Epoch time :  0.04456289764493704  Train L2 Loss :  0.05428963746780004
Epoch :  756  Epoch time :  0.0440216101706028  Train L2 Loss :  0.05426588616310022
Epoch :  757  Epoch time :  0.044665003195405006  Train L2 Loss :  0.05424445409041185
Epoch :  758  Epoch time :  0.04403350595384836  Train L2 Loss :  0.054222724376580655
Epoch :  759  Epoch time :  0.04464502353221178  Train L2 Loss :  0.05419550568629534
Epoch :  760  Epoch time :  0.04214905109256506  Train L2 Loss :  0.054171788004728466
Epoch :  761  Epoch time :  0.04433458764106035  Train L2 Loss :  0.05414038055982345
Epoch :  762  Epoch time :  0.043917820788919926  Train L2 Loss :  0.05411725013684004
Epoch :  763  Epoch time :  0.04445838741958141  Train L2 Loss :  0.054091860086489946
Epoch :  764  Epoch time :  0.04587937984615564  Train L2 Loss :  0.05407653672572894
Epoch :  765  Epoch time :  0.04418135993182659  Train L2 Loss :  0.05404473344484965
Epoch :  766  Epoch time :  0.04447895847260952  Train L2 Loss :  0.05402202025437967
Epoch :  767  Epoch time :  0.04398998897522688  Train L2 Loss :  0.053994072935520075
Epoch :  768  Epoch time :  0.04444168973714113  Train L2 Loss :  0.05396706362565359
Epoch :  769  Epoch time :  0.04402879439294338  Train L2 Loss :  0.05394058082348261
Epoch :  770  Epoch time :  0.044307867996394634  Train L2 Loss :  0.053912399671016596
Epoch :  771  Epoch time :  0.04181660804897547  Train L2 Loss :  0.053888941422486916
Epoch :  772  Epoch time :  0.044571167789399624  Train L2 Loss :  0.05385976647719359
Epoch :  773  Epoch time :  0.04415405075997114  Train L2 Loss :  0.05384015616698143
Epoch :  774  Epoch time :  0.04456351790577173  Train L2 Loss :  0.05382017944103632
Epoch :  775  Epoch time :  0.04423363320529461  Train L2 Loss :  0.05379392779790438
Epoch :  776  Epoch time :  0.04430354852229357  Train L2 Loss :  0.05376734450841562
Epoch :  777  Epoch time :  0.04448400065302849  Train L2 Loss :  0.05373815466196109
Epoch :  778  Epoch time :  0.04389791935682297  Train L2 Loss :  0.05370802527818924
Epoch :  779  Epoch time :  0.044412522576749325  Train L2 Loss :  0.053683794843844876
Epoch :  780  Epoch time :  0.043924142606556416  Train L2 Loss :  0.05365932331635402
Epoch :  781  Epoch time :  0.04452424589544535  Train L2 Loss :  0.05363572025910402
Epoch :  782  Epoch time :  0.0418303282931447  Train L2 Loss :  0.05360296903512417
Epoch :  783  Epoch time :  0.04457918647676706  Train L2 Loss :  0.05357851814001034
Epoch :  784  Epoch time :  0.044211250729858875  Train L2 Loss :  0.05355271047506577
Epoch :  785  Epoch time :  0.044482847675681114  Train L2 Loss :  0.0535170676616522
Epoch :  786  Epoch time :  0.044280667789280415  Train L2 Loss :  0.053492262959480286
Epoch :  787  Epoch time :  0.04446966294199228  Train L2 Loss :  0.053462935563845515
Epoch :  788  Epoch time :  0.04437627363950014  Train L2 Loss :  0.05343525684796847
Epoch :  789  Epoch time :  0.043962711468338966  Train L2 Loss :  0.05340492992829054
Epoch :  790  Epoch time :  0.04449085146188736  Train L2 Loss :  0.05337581076683142
Epoch :  791  Epoch time :  0.04388794023543596  Train L2 Loss :  0.05335536369910607
Epoch :  792  Epoch time :  0.04443658981472254  Train L2 Loss :  0.053330070697344266
Epoch :  793  Epoch time :  0.04177965223789215  Train L2 Loss :  0.05329737831384708
Epoch :  794  Epoch time :  0.044434353709220886  Train L2 Loss :  0.0532666849784362
Epoch :  795  Epoch time :  0.044125101529061794  Train L2 Loss :  0.05324667692184448
Epoch :  796  Epoch time :  0.044708616100251675  Train L2 Loss :  0.05321451677725865
Epoch :  797  Epoch time :  0.04437266197055578  Train L2 Loss :  0.05320244569044847
Epoch :  798  Epoch time :  0.044414205476641655  Train L2 Loss :  0.05316691368054121
Epoch :  799  Epoch time :  0.04438652191311121  Train L2 Loss :  0.05313852582222376
Epoch :  800  Epoch time :  0.04411910381168127  Train L2 Loss :  0.053093320284134306
Epoch :  801  Epoch time :  0.04455729201436043  Train L2 Loss :  0.05307721594969431
Epoch :  802  Epoch time :  0.044093639589846134  Train L2 Loss :  0.053062076369921364
Epoch :  803  Epoch time :  0.044636303558945656  Train L2 Loss :  0.05304675033459297
Epoch :  804  Epoch time :  0.04189117345958948  Train L2 Loss :  0.05303118549860441
Epoch :  805  Epoch time :  0.04451756738126278  Train L2 Loss :  0.0530186150318537
Epoch :  806  Epoch time :  0.04443037323653698  Train L2 Loss :  0.05300603386683342
Epoch :  807  Epoch time :  0.04450835473835468  Train L2 Loss :  0.05299133215195093
Epoch :  808  Epoch time :  0.04426934942603111  Train L2 Loss :  0.05297720279449072
Epoch :  809  Epoch time :  0.04417933151125908  Train L2 Loss :  0.05296145455959516
Epoch :  810  Epoch time :  0.04466337151825428  Train L2 Loss :  0.05294803969371013
Epoch :  811  Epoch time :  0.043940297327935696  Train L2 Loss :  0.052934279426550254
Epoch :  812  Epoch time :  0.04455341212451458  Train L2 Loss :  0.05292093944855225
Epoch :  813  Epoch time :  0.04404644761234522  Train L2 Loss :  0.0529061659024312
Epoch :  814  Epoch time :  0.04445659648627043  Train L2 Loss :  0.052892840443513334
Epoch :  815  Epoch time :  0.04201332665979862  Train L2 Loss :  0.05288055500923059
Epoch :  816  Epoch time :  0.044470906257629395  Train L2 Loss :  0.052866999919597917
Epoch :  817  Epoch time :  0.04428830184042454  Train L2 Loss :  0.05284837079353821
Epoch :  818  Epoch time :  0.04444609582424164  Train L2 Loss :  0.0528366153056805
Epoch :  819  Epoch time :  0.04473345074802637  Train L2 Loss :  0.05282504856586456
Epoch :  820  Epoch time :  0.04433485399931669  Train L2 Loss :  0.05280801080740415
Epoch :  821  Epoch time :  0.04442602302879095  Train L2 Loss :  0.05279365793252603
Epoch :  822  Epoch time :  0.056221297942101955  Train L2 Loss :  0.052784690872216836
Epoch :  823  Epoch time :  0.04461261164397001  Train L2 Loss :  0.05277182161808014
Epoch :  824  Epoch time :  0.04456010460853577  Train L2 Loss :  0.0527496215624687
Epoch :  825  Epoch time :  0.04429498314857483  Train L2 Loss :  0.05273620937115107
Epoch :  826  Epoch time :  0.04196474980562925  Train L2 Loss :  0.0527236752021007
Epoch :  827  Epoch time :  0.04446488060057163  Train L2 Loss :  0.05271200797496698
Epoch :  828  Epoch time :  0.043818932957947254  Train L2 Loss :  0.05269280037818811
Epoch :  829  Epoch time :  0.044408682733774185  Train L2 Loss :  0.05267479022343954
Epoch :  830  Epoch time :  0.04398735612630844  Train L2 Loss :  0.05266462151820843
Epoch :  831  Epoch time :  0.04447406996041536  Train L2 Loss :  0.05264551631915264
Epoch :  832  Epoch time :  0.04404329974204302  Train L2 Loss :  0.05263565671749604
Epoch :  833  Epoch time :  0.04536244925111532  Train L2 Loss :  0.0526157327187367
Epoch :  834  Epoch time :  0.044262196868658066  Train L2 Loss :  0.05260237936790173
Epoch :  835  Epoch time :  0.04454654362052679  Train L2 Loss :  0.052588533132504195
Epoch :  836  Epoch time :  0.04414400178939104  Train L2 Loss :  0.05257434837329082
Epoch :  837  Epoch time :  0.042118627578020096  Train L2 Loss :  0.05255639400237646
Epoch :  838  Epoch time :  0.044617174193263054  Train L2 Loss :  0.052542065198604875
Epoch :  839  Epoch time :  0.04407237283885479  Train L2 Loss :  0.052525295661045954
Epoch :  840  Epoch time :  0.04608577210456133  Train L2 Loss :  0.052515867428901866
Epoch :  841  Epoch time :  0.04396559577435255  Train L2 Loss :  0.05249809416440817
Epoch :  842  Epoch time :  0.04435496497899294  Train L2 Loss :  0.0524812298707473
Epoch :  843  Epoch time :  0.04396993014961481  Train L2 Loss :  0.05246633214828295
Epoch :  844  Epoch time :  0.04457169119268656  Train L2 Loss :  0.052452325056760736
Epoch :  845  Epoch time :  0.044026696123182774  Train L2 Loss :  0.05243853957225115
Epoch :  846  Epoch time :  0.04444065876305103  Train L2 Loss :  0.05241772608879285
Epoch :  847  Epoch time :  0.04397322330623865  Train L2 Loss :  0.0524050066104302
Epoch :  848  Epoch time :  0.04235725197941065  Train L2 Loss :  0.052392025788625084
Epoch :  849  Epoch time :  0.044462752528488636  Train L2 Loss :  0.05238088583334898
Epoch :  850  Epoch time :  0.04386318475008011  Train L2 Loss :  0.05236257383456597
Epoch :  851  Epoch time :  0.044347627088427544  Train L2 Loss :  0.052344631690245405
Epoch :  852  Epoch time :  0.04396099038422108  Train L2 Loss :  0.052330706746150285
Epoch :  853  Epoch time :  0.04444256704300642  Train L2 Loss :  0.052312251849052235
Epoch :  854  Epoch time :  0.04404956381767988  Train L2 Loss :  0.05229725554967538
Epoch :  855  Epoch time :  0.044591217301785946  Train L2 Loss :  0.05228113822447948
Epoch :  856  Epoch time :  0.04397162050008774  Train L2 Loss :  0.05226670320217426
Epoch :  857  Epoch time :  0.04444734286516905  Train L2 Loss :  0.05225110588929592
Epoch :  858  Epoch time :  0.04398884065449238  Train L2 Loss :  0.05223840207625658
Epoch :  859  Epoch time :  0.04226648434996605  Train L2 Loss :  0.05222242191815988
Epoch :  860  Epoch time :  0.044473424553871155  Train L2 Loss :  0.05220668017864227
Epoch :  861  Epoch time :  0.04391512181609869  Train L2 Loss :  0.05218921448939886
Epoch :  862  Epoch time :  0.04438054375350475  Train L2 Loss :  0.052175677357575834
Epoch :  863  Epoch time :  0.04398142546415329  Train L2 Loss :  0.052158432511182934
Epoch :  864  Epoch time :  0.04466536082327366  Train L2 Loss :  0.05214137870531816
Epoch :  865  Epoch time :  0.044102190993726254  Train L2 Loss :  0.05212511580723982
Epoch :  866  Epoch time :  0.04445497877895832  Train L2 Loss :  0.05211225801553482
Epoch :  867  Epoch time :  0.044274406507611275  Train L2 Loss :  0.05209188851026388
Epoch :  868  Epoch time :  0.044376302510499954  Train L2 Loss :  0.05207737210469368
Epoch :  869  Epoch time :  0.043881166726350784  Train L2 Loss :  0.05206134609687023
Epoch :  870  Epoch time :  0.04258798714727163  Train L2 Loss :  0.052047525078822404
Epoch :  871  Epoch time :  0.04475174471735954  Train L2 Loss :  0.05203666824560899
Epoch :  872  Epoch time :  0.04407740943133831  Train L2 Loss :  0.052015904432688005
Epoch :  873  Epoch time :  0.044583192095160484  Train L2 Loss :  0.05199740559626848
Epoch :  874  Epoch time :  0.04393743444234133  Train L2 Loss :  0.051983814591016524
Epoch :  875  Epoch time :  0.04451477248221636  Train L2 Loss :  0.05196522329098139
Epoch :  876  Epoch time :  0.043975102715194225  Train L2 Loss :  0.05194867306794876
Epoch :  877  Epoch time :  0.04459861479699612  Train L2 Loss :  0.0519358794658612
Epoch :  878  Epoch time :  0.04406290780752897  Train L2 Loss :  0.051921005050341286
Epoch :  879  Epoch time :  0.04438332375138998  Train L2 Loss :  0.051901720655270114
Epoch :  880  Epoch time :  0.04399577155709267  Train L2 Loss :  0.051884789497424394
Epoch :  881  Epoch time :  0.04238900821655989  Train L2 Loss :  0.0518700625651922
Epoch :  882  Epoch time :  0.04459164012223482  Train L2 Loss :  0.05185714746132875
Epoch :  883  Epoch time :  0.04391596466302872  Train L2 Loss :  0.051838918756216
Epoch :  884  Epoch time :  0.04454963654279709  Train L2 Loss :  0.051824295750031106
Epoch :  885  Epoch time :  0.04411990102380514  Train L2 Loss :  0.05180345399257464
Epoch :  886  Epoch time :  0.04454868659377098  Train L2 Loss :  0.05178946333053785
Epoch :  887  Epoch time :  0.044123534113168716  Train L2 Loss :  0.05177608514443422
Epoch :  888  Epoch time :  0.044423725455999374  Train L2 Loss :  0.05175646642843882
Epoch :  889  Epoch time :  0.044016361236572266  Train L2 Loss :  0.05173754539245214
Epoch :  890  Epoch time :  0.044502969831228256  Train L2 Loss :  0.051720595894715726
Epoch :  891  Epoch time :  0.04384370241314173  Train L2 Loss :  0.05170332697721628
Epoch :  892  Epoch time :  0.04235064145177603  Train L2 Loss :  0.05168606952214853
Epoch :  893  Epoch time :  0.044580417685210705  Train L2 Loss :  0.05167305889802101
Epoch :  894  Epoch time :  0.04406843055039644  Train L2 Loss :  0.05166018238434425
Epoch :  895  Epoch time :  0.04440205078572035  Train L2 Loss :  0.05163971774089031
Epoch :  896  Epoch time :  0.04410466551780701  Train L2 Loss :  0.05162039208106506
Epoch :  897  Epoch time :  0.044688488356769085  Train L2 Loss :  0.05160678999546247
Epoch :  898  Epoch time :  0.043912701308727264  Train L2 Loss :  0.05158255459406437
Epoch :  899  Epoch time :  0.04436466936022043  Train L2 Loss :  0.05156904115126683
Epoch :  900  Epoch time :  0.04412635415792465  Train L2 Loss :  0.05154478970246437
Epoch :  901  Epoch time :  0.04439024347811937  Train L2 Loss :  0.051534705819227755
Epoch :  902  Epoch time :  0.04413039702922106  Train L2 Loss :  0.051528228781162165
Epoch :  903  Epoch time :  0.0425118263810873  Train L2 Loss :  0.05151860492351728
Epoch :  904  Epoch time :  0.04461455158889294  Train L2 Loss :  0.051510510536340565
Epoch :  905  Epoch time :  0.04407560173422098  Train L2 Loss :  0.05150201611029796
Epoch :  906  Epoch time :  0.04454869404435158  Train L2 Loss :  0.05149293595399612
Epoch :  907  Epoch time :  0.04410835914313793  Train L2 Loss :  0.05148497988016178
Epoch :  908  Epoch time :  0.044610919430851936  Train L2 Loss :  0.05147572664114145
Epoch :  909  Epoch time :  0.044131859205663204  Train L2 Loss :  0.05146740720822261
Epoch :  910  Epoch time :  0.04466431215405464  Train L2 Loss :  0.051459068671250954
Epoch :  911  Epoch time :  0.043997141532599926  Train L2 Loss :  0.051449575485327304
Epoch :  912  Epoch time :  0.04451722465455532  Train L2 Loss :  0.05144015107399378
Epoch :  913  Epoch time :  0.04399358760565519  Train L2 Loss :  0.051430716728552796
Epoch :  914  Epoch time :  0.04251617845147848  Train L2 Loss :  0.051424444103852295
Epoch :  915  Epoch time :  0.04464951902627945  Train L2 Loss :  0.05141538840073805
Epoch :  916  Epoch time :  0.044097987934947014  Train L2 Loss :  0.051409777540426985
Epoch :  917  Epoch time :  0.048069423995912075  Train L2 Loss :  0.05139767665129442
Epoch :  918  Epoch time :  0.04495324473828077  Train L2 Loss :  0.05138916350328005
Epoch :  919  Epoch time :  0.04460164159536362  Train L2 Loss :  0.051380555217082687
Epoch :  920  Epoch time :  0.0441436106339097  Train L2 Loss :  0.051370987525353067
Epoch :  921  Epoch time :  0.04457611404359341  Train L2 Loss :  0.05136308035789392
Epoch :  922  Epoch time :  0.04420037753880024  Train L2 Loss :  0.05135342325919714
Epoch :  923  Epoch time :  0.04464836698025465  Train L2 Loss :  0.05134378717495845
Epoch :  924  Epoch time :  0.04334396310150623  Train L2 Loss :  0.05133556975768162
Epoch :  925  Epoch time :  0.04333111830055714  Train L2 Loss :  0.051324595243502885
Epoch :  926  Epoch time :  0.0446364413946867  Train L2 Loss :  0.05131674577028324
Epoch :  927  Epoch time :  0.04399213660508394  Train L2 Loss :  0.05130963791639377
Epoch :  928  Epoch time :  0.04456945043057203  Train L2 Loss :  0.05129998884139917
Epoch :  929  Epoch time :  0.044140201061964035  Train L2 Loss :  0.051290240807411
Epoch :  930  Epoch time :  0.044603193178772926  Train L2 Loss :  0.05128126648756174
Epoch :  931  Epoch time :  0.044106981717050076  Train L2 Loss :  0.05127214544858688
Epoch :  932  Epoch time :  0.044501583091914654  Train L2 Loss :  0.05126269925863315
Epoch :  933  Epoch time :  0.04423247277736664  Train L2 Loss :  0.05125360916822384
Epoch :  934  Epoch time :  0.044592090882360935  Train L2 Loss :  0.051245891130887546
Epoch :  935  Epoch time :  0.043367779813706875  Train L2 Loss :  0.051235453058511786
Epoch :  936  Epoch time :  0.043362220749258995  Train L2 Loss :  0.051227507300865956
Epoch :  937  Epoch time :  0.04458691366016865  Train L2 Loss :  0.051218257882656194
Epoch :  938  Epoch time :  0.04413594305515289  Train L2 Loss :  0.051209915142792925
Epoch :  939  Epoch time :  0.04458691831678152  Train L2 Loss :  0.05120004522494781
Epoch :  940  Epoch time :  0.04409216623753309  Train L2 Loss :  0.05119037513549511
Epoch :  941  Epoch time :  0.044543489813804626  Train L2 Loss :  0.05118231246104607
Epoch :  942  Epoch time :  0.043952055275440216  Train L2 Loss :  0.051172129618815884
Epoch :  943  Epoch time :  0.044499242678284645  Train L2 Loss :  0.05116362831531427
Epoch :  944  Epoch time :  0.044190351851284504  Train L2 Loss :  0.051153887540866166
Epoch :  945  Epoch time :  0.04461182281374931  Train L2 Loss :  0.05114483680480566
Epoch :  946  Epoch time :  0.04303604084998369  Train L2 Loss :  0.051136801640192665
Epoch :  947  Epoch time :  0.0434448579326272  Train L2 Loss :  0.05112575300228901
Epoch :  948  Epoch time :  0.04456969536840916  Train L2 Loss :  0.05111668163385147
Epoch :  949  Epoch time :  0.044061568565666676  Train L2 Loss :  0.05110717851382036
Epoch :  950  Epoch time :  0.04474104940891266  Train L2 Loss :  0.05109803340373895
Epoch :  951  Epoch time :  0.044086212292313576  Train L2 Loss :  0.05108952063780565
Epoch :  952  Epoch time :  0.04468323942273855  Train L2 Loss :  0.05107960372399061
Epoch :  953  Epoch time :  0.04405528400093317  Train L2 Loss :  0.05107033329132276
Epoch :  954  Epoch time :  0.044703779742121696  Train L2 Loss :  0.05106123173848177
Epoch :  955  Epoch time :  0.044115396216511726  Train L2 Loss :  0.05104990188892071
Epoch :  956  Epoch time :  0.04462090600281954  Train L2 Loss :  0.05104251205921173
Epoch :  957  Epoch time :  0.04286621604114771  Train L2 Loss :  0.05103210149667202
Epoch :  958  Epoch time :  0.0438435934484005  Train L2 Loss :  0.05102188617755205
Epoch :  959  Epoch time :  0.04460103530436754  Train L2 Loss :  0.051012794176737465
Epoch :  960  Epoch time :  0.043893104419112206  Train L2 Loss :  0.051003266603518754
Epoch :  961  Epoch time :  0.044842119328677654  Train L2 Loss :  0.05099318310236319
Epoch :  962  Epoch time :  0.04417215473949909  Train L2 Loss :  0.05098340755853897
Epoch :  963  Epoch time :  0.04458282142877579  Train L2 Loss :  0.050974159668653436
Epoch :  964  Epoch time :  0.044065714813768864  Train L2 Loss :  0.05096599803521083
Epoch :  965  Epoch time :  0.04449861589819193  Train L2 Loss :  0.05095475300764426
Epoch :  966  Epoch time :  0.044083631597459316  Train L2 Loss :  0.05094588490632864
Epoch :  967  Epoch time :  0.044575035572052  Train L2 Loss :  0.05093853252056318
Epoch :  968  Epoch time :  0.04262164141982794  Train L2 Loss :  0.05092839820262713
Epoch :  969  Epoch time :  0.04406161047518253  Train L2 Loss :  0.050920490271005876
Epoch :  970  Epoch time :  0.0445612296462059  Train L2 Loss :  0.050908469618895114
Epoch :  971  Epoch time :  0.04412020556628704  Train L2 Loss :  0.050899471992101424
Epoch :  972  Epoch time :  0.04462265037000179  Train L2 Loss :  0.05089097603773459
Epoch :  973  Epoch time :  0.04418560583144426  Train L2 Loss :  0.05087779118464543
Epoch :  974  Epoch time :  0.04453062266111374  Train L2 Loss :  0.050869263135469876
Epoch :  975  Epoch time :  0.044108825735747814  Train L2 Loss :  0.05085844145371364
Epoch :  976  Epoch time :  0.044532397761940956  Train L2 Loss :  0.05084970440620031
Epoch :  977  Epoch time :  0.0440623015165329  Train L2 Loss :  0.05083996057510376
Epoch :  978  Epoch time :  0.04444985371083021  Train L2 Loss :  0.050828996377113536
Epoch :  979  Epoch time :  0.04231208469718695  Train L2 Loss :  0.05081993570694557
Epoch :  980  Epoch time :  0.04430157784372568  Train L2 Loss :  0.05081278047500513
Epoch :  981  Epoch time :  0.04460221342742443  Train L2 Loss :  0.05080195841116783
Epoch :  982  Epoch time :  0.044206240214407444  Train L2 Loss :  0.0507899366128139
Epoch :  983  Epoch time :  0.04459945019334555  Train L2 Loss :  0.050780464441348344
Epoch :  984  Epoch time :  0.04401873517781496  Train L2 Loss :  0.05077070150619898
Epoch :  985  Epoch time :  0.044640821404755116  Train L2 Loss :  0.05076111929538923
Epoch :  986  Epoch time :  0.04394173342734575  Train L2 Loss :  0.050749897956848145
Epoch :  987  Epoch time :  0.044549387879669666  Train L2 Loss :  0.05074279583417452
Epoch :  988  Epoch time :  0.04400663077831268  Train L2 Loss :  0.05073146942334297
Epoch :  989  Epoch time :  0.0442823302000761  Train L2 Loss :  0.05072281337701357
Epoch :  990  Epoch time :  0.04264212027192116  Train L2 Loss :  0.05070983866850535
Epoch :  991  Epoch time :  0.042063488624989986  Train L2 Loss :  0.0507014179841066
Epoch :  992  Epoch time :  0.04526124335825443  Train L2 Loss :  0.05069007246922224
Epoch :  993  Epoch time :  0.04415292106568813  Train L2 Loss :  0.050681692285415456
Epoch :  994  Epoch time :  0.04460512846708298  Train L2 Loss :  0.050671007770758406
Epoch :  995  Epoch time :  0.04397366475313902  Train L2 Loss :  0.050662811750020735
Epoch :  996  Epoch time :  0.04521671403199434  Train L2 Loss :  0.05065330901207068
Epoch :  997  Epoch time :  0.044036490842700005  Train L2 Loss :  0.05064099721419506
Epoch :  998  Epoch time :  0.04452865105122328  Train L2 Loss :  0.05062996615201999
Epoch :  999  Epoch time :  0.04403724893927574  Train L2 Loss :  0.050620319369511724
Total time is : 44.35457897093147 Total epoch is  1000
