Energy is  0.0
Input dim :  128  output dim :  4096
1380865
Epoch :  0  Epoch time :  0.25704893935471773  Train L2 Loss :  38.19396869952862
Epoch :  1  Epoch time :  0.06144830025732517  Train L2 Loss :  6.488489444439228
Epoch :  2  Epoch time :  0.05799981951713562  Train L2 Loss :  6.3924379104223
Epoch :  3  Epoch time :  0.05817291233688593  Train L2 Loss :  6.361847119453626
Epoch :  4  Epoch time :  0.05712698120623827  Train L2 Loss :  6.3110808837108126
Epoch :  5  Epoch time :  0.05787572078406811  Train L2 Loss :  6.225463769374749
Epoch :  6  Epoch time :  0.058370426297187805  Train L2 Loss :  5.887642102363782
Epoch :  7  Epoch time :  0.057058025151491165  Train L2 Loss :  5.775344310662685
Epoch :  8  Epoch time :  0.057410625740885735  Train L2 Loss :  5.621089348426232
Epoch :  9  Epoch time :  0.05763936880975962  Train L2 Loss :  5.3862373645489035
Epoch :  10  Epoch time :  0.05762142688035965  Train L2 Loss :  5.16140742179675
Epoch :  11  Epoch time :  0.05775049980729818  Train L2 Loss :  4.904114600939629
Epoch :  12  Epoch time :  0.05659319180995226  Train L2 Loss :  4.630108368702424
Epoch :  13  Epoch time :  0.056762428022921085  Train L2 Loss :  4.523991046807705
Epoch :  14  Epoch time :  0.05753029603511095  Train L2 Loss :  4.341473603859926
Epoch :  15  Epoch time :  0.05781316850334406  Train L2 Loss :  4.260860834366236
Epoch :  16  Epoch time :  0.05747720040380955  Train L2 Loss :  4.080903664613381
Epoch :  17  Epoch time :  0.05710540432482958  Train L2 Loss :  3.8337107438307543
Epoch :  18  Epoch time :  0.05765851028263569  Train L2 Loss :  3.6177498744084287
Epoch :  19  Epoch time :  0.057983516715466976  Train L2 Loss :  3.366564383873573
Epoch :  20  Epoch time :  0.05809531081467867  Train L2 Loss :  3.250288034096742
Epoch :  21  Epoch time :  0.057295627892017365  Train L2 Loss :  3.11926514063126
Epoch :  22  Epoch time :  0.058481983840465546  Train L2 Loss :  3.0202667040702624
Epoch :  23  Epoch time :  0.05820469558238983  Train L2 Loss :  3.006963705405211
Epoch :  24  Epoch time :  0.05839832779020071  Train L2 Loss :  3.0054334004720054
Epoch :  25  Epoch time :  0.05843591969460249  Train L2 Loss :  2.787065872779259
Epoch :  26  Epoch time :  0.05837634950876236  Train L2 Loss :  2.691786472613995
Epoch :  27  Epoch time :  0.05796848703175783  Train L2 Loss :  2.558907435490535
Epoch :  28  Epoch time :  0.05842253565788269  Train L2 Loss :  2.491777933560885
Epoch :  29  Epoch time :  0.057634973898530006  Train L2 Loss :  2.4189369739630284
Epoch :  30  Epoch time :  0.058343793265521526  Train L2 Loss :  2.2916849576509914
Epoch :  31  Epoch time :  0.05829044058918953  Train L2 Loss :  2.234046850449
Epoch :  32  Epoch time :  0.057519237510859966  Train L2 Loss :  2.1765238566276355
Epoch :  33  Epoch time :  0.05826490931212902  Train L2 Loss :  2.0653946216289816
Epoch :  34  Epoch time :  0.05842458736151457  Train L2 Loss :  1.9899906378525953
Epoch :  35  Epoch time :  0.05845234915614128  Train L2 Loss :  2.028083630097218
Epoch :  36  Epoch time :  0.05816662311553955  Train L2 Loss :  2.050268625601744
Epoch :  37  Epoch time :  0.05741469282656908  Train L2 Loss :  2.062892265808888
Epoch :  38  Epoch time :  0.057823666371405125  Train L2 Loss :  2.1471132865318885
Epoch :  39  Epoch time :  0.058450134471058846  Train L2 Loss :  1.9708683918683956
Epoch :  40  Epoch time :  0.05877899657934904  Train L2 Loss :  1.8230887804275904
Epoch :  41  Epoch time :  0.05876387283205986  Train L2 Loss :  1.743315855662028
Epoch :  42  Epoch time :  0.058128138072788715  Train L2 Loss :  1.7320740406329815
Epoch :  43  Epoch time :  0.058330303989350796  Train L2 Loss :  1.6583318954859025
Epoch :  44  Epoch time :  0.05802484229207039  Train L2 Loss :  1.6612977247971754
Epoch :  45  Epoch time :  0.05881477613002062  Train L2 Loss :  1.6391845483046312
Epoch :  46  Epoch time :  0.05685130134224892  Train L2 Loss :  1.5832190880408654
Epoch :  47  Epoch time :  0.057696472853422165  Train L2 Loss :  1.5077065932445037
Epoch :  48  Epoch time :  0.057622894644737244  Train L2 Loss :  1.4222954847873785
Epoch :  49  Epoch time :  0.057431490160524845  Train L2 Loss :  1.3657387464474409
Epoch :  50  Epoch time :  0.057764654979109764  Train L2 Loss :  1.301847531245305
Epoch :  51  Epoch time :  0.05747517850250006  Train L2 Loss :  1.2958902090023725
Epoch :  52  Epoch time :  0.05747464299201965  Train L2 Loss :  1.3170925348232954
Epoch :  53  Epoch time :  0.05772627517580986  Train L2 Loss :  1.2932261320260854
Epoch :  54  Epoch time :  0.05707659013569355  Train L2 Loss :  1.29507232323671
Epoch :  55  Epoch time :  0.057784262113273144  Train L2 Loss :  1.3193812981629982
Epoch :  56  Epoch time :  0.05752367153763771  Train L2 Loss :  1.2596964224790916
Epoch :  57  Epoch time :  0.057818894274532795  Train L2 Loss :  1.2310034311734712
Epoch :  58  Epoch time :  0.057814580388367176  Train L2 Loss :  1.1890659148876483
Epoch :  59  Epoch time :  0.057744793593883514  Train L2 Loss :  1.1682837253961809
Epoch :  60  Epoch time :  0.05783005245029926  Train L2 Loss :  1.1457058710929675
Epoch :  61  Epoch time :  0.05739994812756777  Train L2 Loss :  1.1044438374348176
Epoch :  62  Epoch time :  0.057256171479821205  Train L2 Loss :  1.0588569457714374
Epoch :  63  Epoch time :  0.05821250192821026  Train L2 Loss :  1.0210256454272149
Epoch :  64  Epoch time :  0.05773978214710951  Train L2 Loss :  0.9823194589370337
Epoch :  65  Epoch time :  0.057875290513038635  Train L2 Loss :  0.9979941783807217
Epoch :  66  Epoch time :  0.057764627039432526  Train L2 Loss :  1.0578023286966176
Epoch :  67  Epoch time :  0.057214017026126385  Train L2 Loss :  1.0253967872032752
Epoch :  68  Epoch time :  0.060046711936593056  Train L2 Loss :  1.1893741901104267
Epoch :  69  Epoch time :  0.05819524172693491  Train L2 Loss :  1.2315754279112205
Epoch :  70  Epoch time :  0.05810313578695059  Train L2 Loss :  1.1888769956735463
Epoch :  71  Epoch time :  0.057229925878345966  Train L2 Loss :  1.1136033290471785
Epoch :  72  Epoch time :  0.05799195263534784  Train L2 Loss :  1.0562070944370368
Epoch :  73  Epoch time :  0.05765482224524021  Train L2 Loss :  0.9845234736418113
Epoch :  74  Epoch time :  0.05753458198159933  Train L2 Loss :  0.9506833553314209
Epoch :  75  Epoch time :  0.05775831174105406  Train L2 Loss :  0.8864819881243583
Epoch :  76  Epoch time :  0.05738300550729036  Train L2 Loss :  0.8471500873565674
Epoch :  77  Epoch time :  0.057402271777391434  Train L2 Loss :  0.8699005811642377
Epoch :  78  Epoch time :  0.057806422002613544  Train L2 Loss :  0.807523366732475
Epoch :  79  Epoch time :  0.056904845871031284  Train L2 Loss :  0.7714462158007499
Epoch :  80  Epoch time :  0.05820367205888033  Train L2 Loss :  0.7744158231295072
Epoch :  81  Epoch time :  0.05745876953005791  Train L2 Loss :  0.7299872117164807
Epoch :  82  Epoch time :  0.057769821025431156  Train L2 Loss :  0.7028831763145251
Epoch :  83  Epoch time :  0.057707018218934536  Train L2 Loss :  0.6924370007637219
Epoch :  84  Epoch time :  0.057782020419836044  Train L2 Loss :  0.7185486493966519
Epoch :  85  Epoch time :  0.05776773579418659  Train L2 Loss :  0.7018338655814146
Epoch :  86  Epoch time :  0.057511127553880215  Train L2 Loss :  0.6981351681244679
Epoch :  87  Epoch time :  0.05733094550669193  Train L2 Loss :  0.6789052608685616
Epoch :  88  Epoch time :  0.05689869914203882  Train L2 Loss :  0.6706879505744348
Epoch :  89  Epoch time :  0.057657587341964245  Train L2 Loss :  0.6364860534667969
Epoch :  90  Epoch time :  0.05806770455092192  Train L2 Loss :  0.6364010541866987
Epoch :  91  Epoch time :  0.05849762074649334  Train L2 Loss :  0.6084815599979498
Epoch :  92  Epoch time :  0.05822827201336622  Train L2 Loss :  0.6169092563482431
Epoch :  93  Epoch time :  0.058135025203228  Train L2 Loss :  0.6305994865221854
Epoch :  94  Epoch time :  0.05836028140038252  Train L2 Loss :  0.6787875004303761
Epoch :  95  Epoch time :  0.05837268475443125  Train L2 Loss :  0.6759938123898629
Epoch :  96  Epoch time :  0.057083914056420326  Train L2 Loss :  0.6539277602464725
Epoch :  97  Epoch time :  0.058241103775799274  Train L2 Loss :  0.7240242041074313
Epoch :  98  Epoch time :  0.05846550781279802  Train L2 Loss :  0.6814065835414789
Epoch :  99  Epoch time :  0.05855356529355049  Train L2 Loss :  0.682697974718534
Epoch :  100  Epoch time :  0.058641293086111546  Train L2 Loss :  0.5884451193687243
Epoch :  101  Epoch time :  0.05822139419615269  Train L2 Loss :  0.5085593981620593
Epoch :  102  Epoch time :  0.05811394564807415  Train L2 Loss :  0.4626750518114139
Epoch :  103  Epoch time :  0.058591664768755436  Train L2 Loss :  0.4399020029948308
Epoch :  104  Epoch time :  0.05708825681358576  Train L2 Loss :  0.42409111903263974
Epoch :  105  Epoch time :  0.057398321107029915  Train L2 Loss :  0.41401941042680007
Epoch :  106  Epoch time :  0.05836530216038227  Train L2 Loss :  0.40689386159945756
Epoch :  107  Epoch time :  0.058419834822416306  Train L2 Loss :  0.39687287501799756
Epoch :  108  Epoch time :  0.058152723126113415  Train L2 Loss :  0.3893196674493643
Epoch :  109  Epoch time :  0.05761110968887806  Train L2 Loss :  0.3840062159758348
Epoch :  110  Epoch time :  0.05867883563041687  Train L2 Loss :  0.3789551899983333
Epoch :  111  Epoch time :  0.05808297172188759  Train L2 Loss :  0.37472738058139116
Epoch :  112  Epoch time :  0.05846783518791199  Train L2 Loss :  0.3704115305191431
Epoch :  113  Epoch time :  0.05737797822803259  Train L2 Loss :  0.3663133229964819
Epoch :  114  Epoch time :  0.05852510500699282  Train L2 Loss :  0.3626196139898056
Epoch :  115  Epoch time :  0.058030459098517895  Train L2 Loss :  0.36012518100249463
Epoch :  116  Epoch time :  0.058320894837379456  Train L2 Loss :  0.3564814757078122
Epoch :  117  Epoch time :  0.057960549369454384  Train L2 Loss :  0.35480408179454315
Epoch :  118  Epoch time :  0.058380636386573315  Train L2 Loss :  0.35051028239421356
Epoch :  119  Epoch time :  0.05815394688397646  Train L2 Loss :  0.3480743047518608
Epoch :  120  Epoch time :  0.058322406373918056  Train L2 Loss :  0.345346484428797
Epoch :  121  Epoch time :  0.057519652880728245  Train L2 Loss :  0.3436414416019733
Epoch :  122  Epoch time :  0.05817565880715847  Train L2 Loss :  0.3478443592022627
Epoch :  123  Epoch time :  0.05822266824543476  Train L2 Loss :  0.34552368139609313
Epoch :  124  Epoch time :  0.05757315829396248  Train L2 Loss :  0.34602843186794185
Epoch :  125  Epoch time :  0.05768612679094076  Train L2 Loss :  0.3384312146749252
Epoch :  126  Epoch time :  0.057887778617441654  Train L2 Loss :  0.33475032219519985
Epoch :  127  Epoch time :  0.05814443249255419  Train L2 Loss :  0.33268440381074565
Epoch :  128  Epoch time :  0.05851689446717501  Train L2 Loss :  0.3323738972345988
Epoch :  129  Epoch time :  0.05758226290345192  Train L2 Loss :  0.3278945776132437
Epoch :  130  Epoch time :  0.05823484156280756  Train L2 Loss :  0.32586985979324734
Epoch :  131  Epoch time :  0.05806995555758476  Train L2 Loss :  0.32486298145392
Epoch :  132  Epoch time :  0.05864159483462572  Train L2 Loss :  0.3270871639251709
Epoch :  133  Epoch time :  0.05832972005009651  Train L2 Loss :  0.32944841262621755
Epoch :  134  Epoch time :  0.058029595762491226  Train L2 Loss :  0.3243084993117895
Epoch :  135  Epoch time :  0.05839455779641867  Train L2 Loss :  0.32119744099103487
Epoch :  136  Epoch time :  0.058896045200526714  Train L2 Loss :  0.31748923888573277
Epoch :  137  Epoch time :  0.05847763456404209  Train L2 Loss :  0.31172184149424237
Epoch :  138  Epoch time :  0.0574593935161829  Train L2 Loss :  0.313984323770572
Epoch :  139  Epoch time :  0.058136957697570324  Train L2 Loss :  0.3135779668123294
Epoch :  140  Epoch time :  0.058439831249415874  Train L2 Loss :  0.317289269887484
Epoch :  141  Epoch time :  0.058342098258435726  Train L2 Loss :  0.3137843425457294
Epoch :  142  Epoch time :  0.058122712187469006  Train L2 Loss :  0.31330986817677814
Epoch :  143  Epoch time :  0.05811764486134052  Train L2 Loss :  0.32124743858973187
Epoch :  144  Epoch time :  0.05831655394285917  Train L2 Loss :  0.3209553712453598
Epoch :  145  Epoch time :  0.05944712366908789  Train L2 Loss :  0.3146307223882431
Epoch :  146  Epoch time :  0.05759576614946127  Train L2 Loss :  0.315175915375734
Epoch :  147  Epoch time :  0.058610204607248306  Train L2 Loss :  0.3147024894372011
Epoch :  148  Epoch time :  0.058793351985514164  Train L2 Loss :  0.30848894210962147
Epoch :  149  Epoch time :  0.05824332404881716  Train L2 Loss :  0.31009228412921613
Epoch :  150  Epoch time :  0.058563509956002235  Train L2 Loss :  0.31264948080747557
Epoch :  151  Epoch time :  0.058389428071677685  Train L2 Loss :  0.3216399061374175
Epoch :  152  Epoch time :  0.05838348250836134  Train L2 Loss :  0.3410145563957019
Epoch :  153  Epoch time :  0.05822361912578344  Train L2 Loss :  0.3295379571425609
Epoch :  154  Epoch time :  0.056737711653113365  Train L2 Loss :  0.3438856601715088
Epoch :  155  Epoch time :  0.0583199942484498  Train L2 Loss :  0.34065589232322496
Epoch :  156  Epoch time :  0.05813687015324831  Train L2 Loss :  0.32271509904127854
Epoch :  157  Epoch time :  0.058245791122317314  Train L2 Loss :  0.31097858380048704
Epoch :  158  Epoch time :  0.058702377602458  Train L2 Loss :  0.30309042716637635
Epoch :  159  Epoch time :  0.058409527875483036  Train L2 Loss :  0.2945622007052104
Epoch :  160  Epoch time :  0.058076994493603706  Train L2 Loss :  0.28902126122743654
Epoch :  161  Epoch time :  0.05752265825867653  Train L2 Loss :  0.28824944679553693
Epoch :  162  Epoch time :  0.05818228516727686  Train L2 Loss :  0.2860266505143581
Epoch :  163  Epoch time :  0.057495398446917534  Train L2 Loss :  0.29101127538925564
Epoch :  164  Epoch time :  0.058249372988939285  Train L2 Loss :  0.2954692045847575
Epoch :  165  Epoch time :  0.058696672320365906  Train L2 Loss :  0.30697906475800735
Epoch :  166  Epoch time :  0.05831383913755417  Train L2 Loss :  0.3101429526622479
Epoch :  167  Epoch time :  0.05863952450454235  Train L2 Loss :  0.30264057562901425
Epoch :  168  Epoch time :  0.05852724052965641  Train L2 Loss :  0.3153205345838498
Epoch :  169  Epoch time :  0.05847170017659664  Train L2 Loss :  0.330217624321962
Epoch :  170  Epoch time :  0.05859640333801508  Train L2 Loss :  0.3219823501048944
Epoch :  171  Epoch time :  0.05741562321782112  Train L2 Loss :  0.32239108972060376
Epoch :  172  Epoch time :  0.058446300216019154  Train L2 Loss :  0.3364703716375889
Epoch :  173  Epoch time :  0.058420649729669094  Train L2 Loss :  0.32281105640607005
Epoch :  174  Epoch time :  0.05840894114226103  Train L2 Loss :  0.3220461056782649
Epoch :  175  Epoch time :  0.05840794835239649  Train L2 Loss :  0.3113689025243123
Epoch :  176  Epoch time :  0.05869160871952772  Train L2 Loss :  0.3224852360211886
Epoch :  177  Epoch time :  0.05863662622869015  Train L2 Loss :  0.32349977432153165
Epoch :  178  Epoch time :  0.058400957845151424  Train L2 Loss :  0.3003493364040668
Epoch :  179  Epoch time :  0.05738518014550209  Train L2 Loss :  0.2899573307770949
Epoch :  180  Epoch time :  0.061584402807056904  Train L2 Loss :  0.28852669703654754
Epoch :  181  Epoch time :  0.05833058338612318  Train L2 Loss :  0.2855042066329565
Epoch :  182  Epoch time :  0.058579009026288986  Train L2 Loss :  0.28224430634425235
Epoch :  183  Epoch time :  0.05857298709452152  Train L2 Loss :  0.2887450349636567
Epoch :  184  Epoch time :  0.05867606122046709  Train L2 Loss :  0.2821207413306603
Epoch :  185  Epoch time :  0.05855241138488054  Train L2 Loss :  0.2825329976204114
Epoch :  186  Epoch time :  0.058395566418766975  Train L2 Loss :  0.29079609650831956
Epoch :  187  Epoch time :  0.05789759010076523  Train L2 Loss :  0.3495665987332662
Epoch :  188  Epoch time :  0.05795241054147482  Train L2 Loss :  0.40072914270254284
Epoch :  189  Epoch time :  0.058948926627635956  Train L2 Loss :  0.36324244890457547
Epoch :  190  Epoch time :  0.058732956647872925  Train L2 Loss :  0.3935301242730556
Epoch :  191  Epoch time :  0.05823479685932398  Train L2 Loss :  0.3736990353999994
Epoch :  192  Epoch time :  0.058424269780516624  Train L2 Loss :  0.356603280091897
Epoch :  193  Epoch time :  0.05847703944891691  Train L2 Loss :  0.3280254923380338
Epoch :  194  Epoch time :  0.05831653065979481  Train L2 Loss :  0.31144479910532635
Epoch :  195  Epoch time :  0.05881485342979431  Train L2 Loss :  0.30928716445580506
Epoch :  196  Epoch time :  0.057939644902944565  Train L2 Loss :  0.3016879772528624
Epoch :  197  Epoch time :  0.05825152900069952  Train L2 Loss :  0.29251697888741124
Epoch :  198  Epoch time :  0.05859666410833597  Train L2 Loss :  0.2897451260151007
Epoch :  199  Epoch time :  0.058304945938289165  Train L2 Loss :  0.2883968292138515
Epoch :  200  Epoch time :  0.058495705015957355  Train L2 Loss :  0.2621603057934688
Epoch :  201  Epoch time :  0.05864874366670847  Train L2 Loss :  0.25105351973802614
Epoch :  202  Epoch time :  0.058608259074389935  Train L2 Loss :  0.2434880916888897
Epoch :  203  Epoch time :  0.05848909728229046  Train L2 Loss :  0.23349779538619211
Epoch :  204  Epoch time :  0.05834560189396143  Train L2 Loss :  0.2272346019744873
Epoch :  205  Epoch time :  0.05859634466469288  Train L2 Loss :  0.2236215074857076
Epoch :  206  Epoch time :  0.059473417699337006  Train L2 Loss :  0.2215612607124524
Epoch :  207  Epoch time :  0.05853622779250145  Train L2 Loss :  0.21946129584923768
Epoch :  208  Epoch time :  0.05889741610735655  Train L2 Loss :  0.21797686968094263
Epoch :  209  Epoch time :  0.058734544552862644  Train L2 Loss :  0.21703608677937433
Epoch :  210  Epoch time :  0.0592636289075017  Train L2 Loss :  0.216491026756091
Epoch :  211  Epoch time :  0.05845601391047239  Train L2 Loss :  0.21557466800396258
Epoch :  212  Epoch time :  0.05774315074086189  Train L2 Loss :  0.2150175357476259
Epoch :  213  Epoch time :  0.058800690807402134  Train L2 Loss :  0.21413850020139646
Epoch :  214  Epoch time :  0.05906771682202816  Train L2 Loss :  0.21316941273518097
Epoch :  215  Epoch time :  0.05863315053284168  Train L2 Loss :  0.2120679892026461
Epoch :  216  Epoch time :  0.0611020727083087  Train L2 Loss :  0.21158648759890825
Epoch :  217  Epoch time :  0.058514486998319626  Train L2 Loss :  0.21068454552919436
Epoch :  218  Epoch time :  0.05883416905999184  Train L2 Loss :  0.21008596053490272
Epoch :  219  Epoch time :  0.05852551478892565  Train L2 Loss :  0.20929651535474336
Epoch :  220  Epoch time :  0.057654138654470444  Train L2 Loss :  0.20863599960620588
Epoch :  221  Epoch time :  0.058520578779280186  Train L2 Loss :  0.208102652659783
Epoch :  222  Epoch time :  0.05855075642466545  Train L2 Loss :  0.2076455736771608
Epoch :  223  Epoch time :  0.058832114562392235  Train L2 Loss :  0.2074030163960579
Epoch :  224  Epoch time :  0.05863765440881252  Train L2 Loss :  0.2067730610187237
Epoch :  225  Epoch time :  0.05854572914540768  Train L2 Loss :  0.2061134316982367
Epoch :  226  Epoch time :  0.05894034821540117  Train L2 Loss :  0.2053793424215072
Epoch :  227  Epoch time :  0.05822103936225176  Train L2 Loss :  0.20523572120911035
Epoch :  228  Epoch time :  0.05875059589743614  Train L2 Loss :  0.2049012474524669
Epoch :  229  Epoch time :  0.05740222427994013  Train L2 Loss :  0.20379392000345084
Epoch :  230  Epoch time :  0.058334036730229855  Train L2 Loss :  0.20319837790269119
Epoch :  231  Epoch time :  0.05821880977600813  Train L2 Loss :  0.2023922556485885
Epoch :  232  Epoch time :  0.05835781432688236  Train L2 Loss :  0.2015121945968041
Epoch :  233  Epoch time :  0.058927237056195736  Train L2 Loss :  0.2011840664423429
Epoch :  234  Epoch time :  0.05849772784858942  Train L2 Loss :  0.20093485789421278
Epoch :  235  Epoch time :  0.058545676060020924  Train L2 Loss :  0.20004386473924685
Epoch :  236  Epoch time :  0.05849423911422491  Train L2 Loss :  0.19931194873956534
Epoch :  237  Epoch time :  0.05771193467080593  Train L2 Loss :  0.1987055784616715
Epoch :  238  Epoch time :  0.05892926175147295  Train L2 Loss :  0.19828762610753378
Epoch :  239  Epoch time :  0.05902284476906061  Train L2 Loss :  0.19794962039360633
Epoch :  240  Epoch time :  0.0582982562482357  Train L2 Loss :  0.19743859003751707
Epoch :  241  Epoch time :  0.0624079629778862  Train L2 Loss :  0.19617092609405518
Epoch :  242  Epoch time :  0.057994162663817406  Train L2 Loss :  0.19552079683695084
Epoch :  243  Epoch time :  0.05844887066632509  Train L2 Loss :  0.19478346904118857
Epoch :  244  Epoch time :  0.05829518008977175  Train L2 Loss :  0.194405917937939
Epoch :  245  Epoch time :  0.05955864489078522  Train L2 Loss :  0.1941500443678636
Epoch :  246  Epoch time :  0.05858525354415178  Train L2 Loss :  0.19381013283362755
Epoch :  247  Epoch time :  0.05834753531962633  Train L2 Loss :  0.19380864118918395
Epoch :  248  Epoch time :  0.05875028669834137  Train L2 Loss :  0.19365784449455065
Epoch :  249  Epoch time :  0.05871366988867521  Train L2 Loss :  0.1932371701949682
Epoch :  250  Epoch time :  0.05841153394430876  Train L2 Loss :  0.19198610996588683
Epoch :  251  Epoch time :  0.05873715691268444  Train L2 Loss :  0.19077900434151673
Epoch :  252  Epoch time :  0.060747128911316395  Train L2 Loss :  0.18962511802330995
Epoch :  253  Epoch time :  0.05778598506003618  Train L2 Loss :  0.18883716601591843
Epoch :  254  Epoch time :  0.0582068981602788  Train L2 Loss :  0.18856020615651056
Epoch :  255  Epoch time :  0.05862776469439268  Train L2 Loss :  0.18828256619282258
Epoch :  256  Epoch time :  0.05893473606556654  Train L2 Loss :  0.18775475330841848
Epoch :  257  Epoch time :  0.058940839022397995  Train L2 Loss :  0.18716908723880082
Epoch :  258  Epoch time :  0.05821599066257477  Train L2 Loss :  0.18612638192299086
Epoch :  259  Epoch time :  0.05845633056014776  Train L2 Loss :  0.1851994609221434
Epoch :  260  Epoch time :  0.058744631707668304  Train L2 Loss :  0.1846674191646087
Epoch :  261  Epoch time :  0.05860498733818531  Train L2 Loss :  0.18397591817073333
Epoch :  262  Epoch time :  0.057600571773946285  Train L2 Loss :  0.18366283789659157
Epoch :  263  Epoch time :  0.058064778335392475  Train L2 Loss :  0.18316956972464538
Epoch :  264  Epoch time :  0.0585173899307847  Train L2 Loss :  0.18242782201522437
Epoch :  265  Epoch time :  0.05813679099082947  Train L2 Loss :  0.18192222026678231
Epoch :  266  Epoch time :  0.05823053792119026  Train L2 Loss :  0.1818744677763719
Epoch :  267  Epoch time :  0.058132464066147804  Train L2 Loss :  0.18141326079001793
Epoch :  268  Epoch time :  0.05850673094391823  Train L2 Loss :  0.18120455741882324
Epoch :  269  Epoch time :  0.05868827644735575  Train L2 Loss :  0.1799954023116674
Epoch :  270  Epoch time :  0.05791607778519392  Train L2 Loss :  0.17961380573419425
Epoch :  271  Epoch time :  0.05869445111602545  Train L2 Loss :  0.17908280935042944
Epoch :  272  Epoch time :  0.05824440810829401  Train L2 Loss :  0.17861477075478968
Epoch :  273  Epoch time :  0.058354309760034084  Train L2 Loss :  0.17836138682487684
Epoch :  274  Epoch time :  0.05848366301506758  Train L2 Loss :  0.1778640609521132
Epoch :  275  Epoch time :  0.058378538116812706  Train L2 Loss :  0.17664585663722113
Epoch :  276  Epoch time :  0.05930934473872185  Train L2 Loss :  0.17563191743997428
Epoch :  277  Epoch time :  0.05860363878309727  Train L2 Loss :  0.17536703134194398
Epoch :  278  Epoch time :  0.057843418791890144  Train L2 Loss :  0.1747380189406566
Epoch :  279  Epoch time :  0.05861962400376797  Train L2 Loss :  0.1743364563355079
Epoch :  280  Epoch time :  0.058644806034862995  Train L2 Loss :  0.17467851516528007
Epoch :  281  Epoch time :  0.058829206973314285  Train L2 Loss :  0.17405478465251434
Epoch :  282  Epoch time :  0.05864182487130165  Train L2 Loss :  0.1742804814607669
Epoch :  283  Epoch time :  0.05855705216526985  Train L2 Loss :  0.1743882023371183
Epoch :  284  Epoch time :  0.0583379864692688  Train L2 Loss :  0.17414904710574028
Epoch :  285  Epoch time :  0.059065147303044796  Train L2 Loss :  0.17353132596382728
Epoch :  286  Epoch time :  0.058159456588327885  Train L2 Loss :  0.1733176433123075
Epoch :  287  Epoch time :  0.057944368571043015  Train L2 Loss :  0.17518327633539835
Epoch :  288  Epoch time :  0.060132973827421665  Train L2 Loss :  0.17436846555807653
Epoch :  289  Epoch time :  0.05891758855432272  Train L2 Loss :  0.1770284007757138
Epoch :  290  Epoch time :  0.05853705480694771  Train L2 Loss :  0.1783283245869172
Epoch :  291  Epoch time :  0.05830984003841877  Train L2 Loss :  0.1779881700491294
Epoch :  292  Epoch time :  0.05875902622938156  Train L2 Loss :  0.17655784197342703
Epoch :  293  Epoch time :  0.05845611356198788  Train L2 Loss :  0.17730635098921946
Epoch :  294  Epoch time :  0.05883417557924986  Train L2 Loss :  0.17686181496351194
Epoch :  295  Epoch time :  0.057895511388778687  Train L2 Loss :  0.17751223154557058
Epoch :  296  Epoch time :  0.058561465702950954  Train L2 Loss :  0.18474433513788077
Epoch :  297  Epoch time :  0.05862232483923435  Train L2 Loss :  0.18309950981384668
Epoch :  298  Epoch time :  0.05833279341459274  Train L2 Loss :  0.1916776513442015
Epoch :  299  Epoch time :  0.05850745178759098  Train L2 Loss :  0.2071049091143486
Epoch :  300  Epoch time :  0.05850780289620161  Train L2 Loss :  0.19630317046092108
Epoch :  301  Epoch time :  0.0583727927878499  Train L2 Loss :  0.18373716183197805
Epoch :  302  Epoch time :  0.05857705418020487  Train L2 Loss :  0.17387154316290832
Epoch :  303  Epoch time :  0.057412199676036835  Train L2 Loss :  0.1691157871331924
Epoch :  304  Epoch time :  0.05865142121911049  Train L2 Loss :  0.16510075025069407
Epoch :  305  Epoch time :  0.05844028200954199  Train L2 Loss :  0.1631820859053196
Epoch :  306  Epoch time :  0.05880458652973175  Train L2 Loss :  0.1609468773389474
Epoch :  307  Epoch time :  0.058706059120595455  Train L2 Loss :  0.15953591848031068
Epoch :  308  Epoch time :  0.058316778391599655  Train L2 Loss :  0.15872101447521111
Epoch :  309  Epoch time :  0.05847569648176432  Train L2 Loss :  0.1581134001413981
Epoch :  310  Epoch time :  0.05815373919904232  Train L2 Loss :  0.15759412753276336
Epoch :  311  Epoch time :  0.05740143358707428  Train L2 Loss :  0.15719414062989065
Epoch :  312  Epoch time :  0.05814822018146515  Train L2 Loss :  0.15669816732406616
Epoch :  313  Epoch time :  0.05845196172595024  Train L2 Loss :  0.1562138551320785
Epoch :  314  Epoch time :  0.05860808026045561  Train L2 Loss :  0.1559373751664773
Epoch :  315  Epoch time :  0.05854749958962202  Train L2 Loss :  0.15558439034682053
Epoch :  316  Epoch time :  0.05867130868136883  Train L2 Loss :  0.1552104346263103
Epoch :  317  Epoch time :  0.05836934316903353  Train L2 Loss :  0.15491030842829973
Epoch :  318  Epoch time :  0.058029938489198685  Train L2 Loss :  0.15449048846195906
Epoch :  319  Epoch time :  0.05866859573870897  Train L2 Loss :  0.15415201890162933
Epoch :  320  Epoch time :  0.057564008980989456  Train L2 Loss :  0.15385862879264048
Epoch :  321  Epoch time :  0.05835541058331728  Train L2 Loss :  0.1535915419077262
Epoch :  322  Epoch time :  0.059301975183188915  Train L2 Loss :  0.1532496038155678
Epoch :  323  Epoch time :  0.06139746215194464  Train L2 Loss :  0.15291868646939596
Epoch :  324  Epoch time :  0.059073242358863354  Train L2 Loss :  0.1526399789712368
Epoch :  325  Epoch time :  0.05877474695444107  Train L2 Loss :  0.15241546508593437
Epoch :  326  Epoch time :  0.058349293656647205  Train L2 Loss :  0.15205069612234068
Epoch :  327  Epoch time :  0.05855858977884054  Train L2 Loss :  0.1517135011844146
Epoch :  328  Epoch time :  0.057701232843101025  Train L2 Loss :  0.15135775315455902
Epoch :  329  Epoch time :  0.05867436621338129  Train L2 Loss :  0.15108892550835243
Epoch :  330  Epoch time :  0.058165786787867546  Train L2 Loss :  0.15078787008921304
Epoch :  331  Epoch time :  0.05852082930505276  Train L2 Loss :  0.15057877852366522
Epoch :  332  Epoch time :  0.05884749162942171  Train L2 Loss :  0.15013170395141992
Epoch :  333  Epoch time :  0.05830049142241478  Train L2 Loss :  0.1497798882997953
Epoch :  334  Epoch time :  0.05835320893675089  Train L2 Loss :  0.14948041928120148
Epoch :  335  Epoch time :  0.058385616168379784  Train L2 Loss :  0.14915791841653678
Epoch :  336  Epoch time :  0.057619571685791016  Train L2 Loss :  0.14892977628952417
Epoch :  337  Epoch time :  0.05834237765520811  Train L2 Loss :  0.14863205567384377
Epoch :  338  Epoch time :  0.05828082840889692  Train L2 Loss :  0.14828262344384804
Epoch :  339  Epoch time :  0.05874356999993324  Train L2 Loss :  0.14794142353229034
Epoch :  340  Epoch time :  0.05827469099313021  Train L2 Loss :  0.1476324322896126
Epoch :  341  Epoch time :  0.05827691778540611  Train L2 Loss :  0.14736845936530676
Epoch :  342  Epoch time :  0.05879356246441603  Train L2 Loss :  0.1471063731572567
Epoch :  343  Epoch time :  0.05834209267050028  Train L2 Loss :  0.1467786179139064
Epoch :  344  Epoch time :  0.057580758817493916  Train L2 Loss :  0.14648077121147743
Epoch :  345  Epoch time :  0.058054844848811626  Train L2 Loss :  0.1461250453423231
Epoch :  346  Epoch time :  0.05833002831786871  Train L2 Loss :  0.14603975950143275
Epoch :  347  Epoch time :  0.059713708236813545  Train L2 Loss :  0.14568868355873305
Epoch :  348  Epoch time :  0.05883478373289108  Train L2 Loss :  0.14522685607274374
Epoch :  349  Epoch time :  0.05839036125689745  Train L2 Loss :  0.14503604632157546
Epoch :  350  Epoch time :  0.05874577257782221  Train L2 Loss :  0.1447233496568142
Epoch :  351  Epoch time :  0.05839036498218775  Train L2 Loss :  0.14435687431922326
Epoch :  352  Epoch time :  0.06148290727287531  Train L2 Loss :  0.1440920638732421
Epoch :  353  Epoch time :  0.05751203652471304  Train L2 Loss :  0.14380671962713584
Epoch :  354  Epoch time :  0.05822700634598732  Train L2 Loss :  0.1435816372052217
Epoch :  355  Epoch time :  0.05864768661558628  Train L2 Loss :  0.14350715508827797
Epoch :  356  Epoch time :  0.058092158287763596  Train L2 Loss :  0.14315509031980467
Epoch :  357  Epoch time :  0.058599150739610195  Train L2 Loss :  0.14299319646297357
Epoch :  358  Epoch time :  0.058099704794585705  Train L2 Loss :  0.14269441977525368
Epoch :  359  Epoch time :  0.05940856505185366  Train L2 Loss :  0.14251879545358512
Epoch :  360  Epoch time :  0.05841031204909086  Train L2 Loss :  0.14181405687943482
Epoch :  361  Epoch time :  0.057648953050374985  Train L2 Loss :  0.14131340155234703
Epoch :  362  Epoch time :  0.05884342361241579  Train L2 Loss :  0.14091742955721343
Epoch :  363  Epoch time :  0.0581657150760293  Train L2 Loss :  0.1405464013417562
Epoch :  364  Epoch time :  0.05857935920357704  Train L2 Loss :  0.14013114724403772
Epoch :  365  Epoch time :  0.05818707123398781  Train L2 Loss :  0.13976664038804862
Epoch :  366  Epoch time :  0.058861713856458664  Train L2 Loss :  0.13947004232651147
Epoch :  367  Epoch time :  0.05874198488891125  Train L2 Loss :  0.13909235367408165
Epoch :  368  Epoch time :  0.058594158850610256  Train L2 Loss :  0.13870968726965097
Epoch :  369  Epoch time :  0.05785547010600567  Train L2 Loss :  0.13865122275474745
Epoch :  370  Epoch time :  0.0585809089243412  Train L2 Loss :  0.13868760604124802
Epoch :  371  Epoch time :  0.058831886388361454  Train L2 Loss :  0.13828545121046212
Epoch :  372  Epoch time :  0.058476196601986885  Train L2 Loss :  0.13807422228348562
Epoch :  373  Epoch time :  0.05808716546744108  Train L2 Loss :  0.1378566989531884
Epoch :  374  Epoch time :  0.05866813100874424  Train L2 Loss :  0.13758665476089868
Epoch :  375  Epoch time :  0.058498650789260864  Train L2 Loss :  0.13699649236141107
Epoch :  376  Epoch time :  0.058618089184165  Train L2 Loss :  0.13666053307362092
Epoch :  377  Epoch time :  0.05786794424057007  Train L2 Loss :  0.13720800632085556
Epoch :  378  Epoch time :  0.05801303032785654  Train L2 Loss :  0.13729574053715438
Epoch :  379  Epoch time :  0.05848543904721737  Train L2 Loss :  0.13668514673526472
Epoch :  380  Epoch time :  0.05862932559102774  Train L2 Loss :  0.13626243670781454
Epoch :  381  Epoch time :  0.05853438097983599  Train L2 Loss :  0.1355054653607882
Epoch :  382  Epoch time :  0.05780070275068283  Train L2 Loss :  0.1347950009199289
Epoch :  383  Epoch time :  0.05842003971338272  Train L2 Loss :  0.13412453425236237
Epoch :  384  Epoch time :  0.058159167878329754  Train L2 Loss :  0.13379614704694504
Epoch :  385  Epoch time :  0.05863005015999079  Train L2 Loss :  0.13365566348418212
Epoch :  386  Epoch time :  0.05767118092626333  Train L2 Loss :  0.13348536231578925
Epoch :  387  Epoch time :  0.05944132152944803  Train L2 Loss :  0.13330935973387498
Epoch :  388  Epoch time :  0.058359493501484394  Train L2 Loss :  0.1329356890458327
Epoch :  389  Epoch time :  0.058099295012652874  Train L2 Loss :  0.13266173769266176
Epoch :  390  Epoch time :  0.058250426314771175  Train L2 Loss :  0.13268319230813247
Epoch :  391  Epoch time :  0.05827939324080944  Train L2 Loss :  0.13272483532245344
Epoch :  392  Epoch time :  0.0598852401599288  Train L2 Loss :  0.1319300387150202
Epoch :  393  Epoch time :  0.05844937730580568  Train L2 Loss :  0.1318312638845199
Epoch :  394  Epoch time :  0.05761617701500654  Train L2 Loss :  0.13194217819433945
Epoch :  395  Epoch time :  0.05976104736328125  Train L2 Loss :  0.13161203800103602
Epoch :  396  Epoch time :  0.058642251417040825  Train L2 Loss :  0.13184247337854826
Epoch :  397  Epoch time :  0.058304695412516594  Train L2 Loss :  0.132218225644185
Epoch :  398  Epoch time :  0.05844118632376194  Train L2 Loss :  0.13148974226071283
Epoch :  399  Epoch time :  0.05859601870179176  Train L2 Loss :  0.13134764096675774
Epoch :  400  Epoch time :  0.058459523133933544  Train L2 Loss :  0.12994264028011224
Epoch :  401  Epoch time :  0.05839691869914532  Train L2 Loss :  0.1288943710999611
Epoch :  402  Epoch time :  0.05703912489116192  Train L2 Loss :  0.12837068621928877
Epoch :  403  Epoch time :  0.058641327545046806  Train L2 Loss :  0.12789820172847846
Epoch :  404  Epoch time :  0.058141148649156094  Train L2 Loss :  0.1276204242156102
Epoch :  405  Epoch time :  0.05830177664756775  Train L2 Loss :  0.12740037915034172
Epoch :  406  Epoch time :  0.05816033482551575  Train L2 Loss :  0.12716474135716757
Epoch :  407  Epoch time :  0.05843923054635525  Train L2 Loss :  0.126975913078357
Epoch :  408  Epoch time :  0.058136286213994026  Train L2 Loss :  0.1267422216060834
Epoch :  409  Epoch time :  0.05824118945747614  Train L2 Loss :  0.12650510286673522
Epoch :  410  Epoch time :  0.05793145578354597  Train L2 Loss :  0.12633945162479693
Epoch :  411  Epoch time :  0.05774693097919226  Train L2 Loss :  0.12617543568977943
Epoch :  412  Epoch time :  0.05819528177380562  Train L2 Loss :  0.1260182880438291
Epoch :  413  Epoch time :  0.05830216035246849  Train L2 Loss :  0.12584679096173018
Epoch :  414  Epoch time :  0.06013961136341095  Train L2 Loss :  0.12569554493977472
Epoch :  415  Epoch time :  0.0584287503734231  Train L2 Loss :  0.1255038273640168
Epoch :  416  Epoch time :  0.05848806072026491  Train L2 Loss :  0.12533560013159728
Epoch :  417  Epoch time :  0.058333017863333225  Train L2 Loss :  0.12519784157092756
Epoch :  418  Epoch time :  0.059231205843389034  Train L2 Loss :  0.12506589064231285
Epoch :  419  Epoch time :  0.057478008791804314  Train L2 Loss :  0.12490763037632673
Epoch :  420  Epoch time :  0.05851014982908964  Train L2 Loss :  0.12475454654449071
Epoch :  421  Epoch time :  0.05809482093900442  Train L2 Loss :  0.12452063193688026
Epoch :  422  Epoch time :  0.05845628306269646  Train L2 Loss :  0.12434641749430926
Epoch :  423  Epoch time :  0.05867553409188986  Train L2 Loss :  0.1241832788173969
Epoch :  424  Epoch time :  0.058207218535244465  Train L2 Loss :  0.12399518413421436
Epoch :  425  Epoch time :  0.05821086745709181  Train L2 Loss :  0.12381671712948726
Epoch :  426  Epoch time :  0.05859695095568895  Train L2 Loss :  0.12368095838106595
Epoch :  427  Epoch time :  0.05787813663482666  Train L2 Loss :  0.12350954764928573
Epoch :  428  Epoch time :  0.058909822255373  Train L2 Loss :  0.12331141264010699
Epoch :  429  Epoch time :  0.05845768377184868  Train L2 Loss :  0.12319514995966202
Epoch :  430  Epoch time :  0.058307647705078125  Train L2 Loss :  0.122945514244911
Epoch :  431  Epoch time :  0.058494869619607925  Train L2 Loss :  0.1227781199491941
Epoch :  432  Epoch time :  0.05891061946749687  Train L2 Loss :  0.12256424472882198
Epoch :  433  Epoch time :  0.0588452722877264  Train L2 Loss :  0.12244988328371292
Epoch :  434  Epoch time :  0.05840430222451687  Train L2 Loss :  0.12226546422029153
Epoch :  435  Epoch time :  0.057535779662430286  Train L2 Loss :  0.12208817937435248
Epoch :  436  Epoch time :  0.05832608416676521  Train L2 Loss :  0.12193726270626752
Epoch :  437  Epoch time :  0.058290896005928516  Train L2 Loss :  0.12175891261834365
Epoch :  438  Epoch time :  0.05818950571119785  Train L2 Loss :  0.12159456580113141
Epoch :  439  Epoch time :  0.05909795965999365  Train L2 Loss :  0.12142510291857597
Epoch :  440  Epoch time :  0.05882828123867512  Train L2 Loss :  0.12125524343588413
Epoch :  441  Epoch time :  0.0585186118260026  Train L2 Loss :  0.12107344621267074
Epoch :  442  Epoch time :  0.0587522191926837  Train L2 Loss :  0.1209346720805535
Epoch :  443  Epoch time :  0.05857323110103607  Train L2 Loss :  0.12078946523177318
Epoch :  444  Epoch time :  0.057169027626514435  Train L2 Loss :  0.12066080172856648
Epoch :  445  Epoch time :  0.05770090501755476  Train L2 Loss :  0.12048313403740907
Epoch :  446  Epoch time :  0.05820032022893429  Train L2 Loss :  0.12032575561450078
Epoch :  447  Epoch time :  0.0586288133636117  Train L2 Loss :  0.12022801775198716
Epoch :  448  Epoch time :  0.0588127663359046  Train L2 Loss :  0.1200040884507008
Epoch :  449  Epoch time :  0.05855214782059193  Train L2 Loss :  0.11982463949765915
Epoch :  450  Epoch time :  0.058341894298791885  Train L2 Loss :  0.11960171659787495
Epoch :  451  Epoch time :  0.05834456440061331  Train L2 Loss :  0.11939326998515007
Epoch :  452  Epoch time :  0.05758851766586304  Train L2 Loss :  0.11919925915889251
Epoch :  453  Epoch time :  0.05870694573968649  Train L2 Loss :  0.11903095092528905
Epoch :  454  Epoch time :  0.058664293959736824  Train L2 Loss :  0.11887164604969513
Epoch :  455  Epoch time :  0.05837768316268921  Train L2 Loss :  0.11871175276927459
Epoch :  456  Epoch time :  0.05849351454526186  Train L2 Loss :  0.1185309031070807
Epoch :  457  Epoch time :  0.05846123304218054  Train L2 Loss :  0.11833505523510468
Epoch :  458  Epoch time :  0.058488220907747746  Train L2 Loss :  0.11822138688503167
Epoch :  459  Epoch time :  0.05871009826660156  Train L2 Loss :  0.11801760318951729
Epoch :  460  Epoch time :  0.056949688121676445  Train L2 Loss :  0.11785846260877755
Epoch :  461  Epoch time :  0.0587843619287014  Train L2 Loss :  0.1176583530047001
Epoch :  462  Epoch time :  0.05848209373652935  Train L2 Loss :  0.11745561239046928
Epoch :  463  Epoch time :  0.05885674897581339  Train L2 Loss :  0.1172326535750658
Epoch :  464  Epoch time :  0.05906243156641722  Train L2 Loss :  0.11706837400411949
Epoch :  465  Epoch time :  0.058219426311552525  Train L2 Loss :  0.11687015875791892
Epoch :  466  Epoch time :  0.058552262373268604  Train L2 Loss :  0.11666840544113746
Epoch :  467  Epoch time :  0.05866889003664255  Train L2 Loss :  0.11650134355593951
Epoch :  468  Epoch time :  0.05904999189078808  Train L2 Loss :  0.11633973320325215
Epoch :  469  Epoch time :  0.05799152236431837  Train L2 Loss :  0.11620705479230636
Epoch :  470  Epoch time :  0.058518921956419945  Train L2 Loss :  0.11600465805102618
Epoch :  471  Epoch time :  0.05845059920102358  Train L2 Loss :  0.11584197099392231
Epoch :  472  Epoch time :  0.058283545076847076  Train L2 Loss :  0.1156477798254062
Epoch :  473  Epoch time :  0.05776911973953247  Train L2 Loss :  0.1155066199791737
Epoch :  474  Epoch time :  0.05867675319314003  Train L2 Loss :  0.115347065222569
Epoch :  475  Epoch time :  0.058401538990437984  Train L2 Loss :  0.11519343119401199
Epoch :  476  Epoch time :  0.05849445331841707  Train L2 Loss :  0.11504666392619793
Epoch :  477  Epoch time :  0.05741194449365139  Train L2 Loss :  0.11474428956325237
Epoch :  478  Epoch time :  0.0579873425886035  Train L2 Loss :  0.11460571793409494
Epoch :  479  Epoch time :  0.05806084908545017  Train L2 Loss :  0.11451255663847312
Epoch :  480  Epoch time :  0.058285897597670555  Train L2 Loss :  0.11433249253493089
Epoch :  481  Epoch time :  0.05861364305019379  Train L2 Loss :  0.11433880145733173
Epoch :  482  Epoch time :  0.05819195229560137  Train L2 Loss :  0.11429907878239949
Epoch :  483  Epoch time :  0.058285512030124664  Train L2 Loss :  0.11416735175328377
Epoch :  484  Epoch time :  0.05816408805549145  Train L2 Loss :  0.1138629057468512
Epoch :  485  Epoch time :  0.057567338459193707  Train L2 Loss :  0.11353074128811176
Epoch :  486  Epoch time :  0.058422740548849106  Train L2 Loss :  0.1132837610367017
Epoch :  487  Epoch time :  0.05849836207926273  Train L2 Loss :  0.11305311933541909
Epoch :  488  Epoch time :  0.058460443280637264  Train L2 Loss :  0.11283021171887715
Epoch :  489  Epoch time :  0.05858943983912468  Train L2 Loss :  0.11273803466405624
Epoch :  490  Epoch time :  0.059413645416498184  Train L2 Loss :  0.11266149160189506
Epoch :  491  Epoch time :  0.05877649690955877  Train L2 Loss :  0.11255275973906884
Epoch :  492  Epoch time :  0.0583896916359663  Train L2 Loss :  0.11244827050429124
Epoch :  493  Epoch time :  0.057307266630232334  Train L2 Loss :  0.1120993693669637
Epoch :  494  Epoch time :  0.05845705233514309  Train L2 Loss :  0.11179062647697253
Epoch :  495  Epoch time :  0.05804440379142761  Train L2 Loss :  0.11141346051142766
Epoch :  496  Epoch time :  0.058029597625136375  Train L2 Loss :  0.11124275739376362
Epoch :  497  Epoch time :  0.05867910571396351  Train L2 Loss :  0.11117514967918396
Epoch :  498  Epoch time :  0.05837113689631224  Train L2 Loss :  0.11096084041473193
Epoch :  499  Epoch time :  0.05881517753005028  Train L2 Loss :  0.11072086141659664
Epoch :  500  Epoch time :  0.06197844259440899  Train L2 Loss :  0.11033744154832302
Epoch :  501  Epoch time :  0.057660252787172794  Train L2 Loss :  0.11017669546298492
Epoch :  502  Epoch time :  0.057462562806904316  Train L2 Loss :  0.11002260217299828
Epoch :  503  Epoch time :  0.05830294173210859  Train L2 Loss :  0.10990836605047569
Epoch :  504  Epoch time :  0.058495866134762764  Train L2 Loss :  0.1097721931261894
Epoch :  505  Epoch time :  0.05859414953738451  Train L2 Loss :  0.10967394938835731
Epoch :  506  Epoch time :  0.0584017988294363  Train L2 Loss :  0.10959248282970527
Epoch :  507  Epoch time :  0.0585648687556386  Train L2 Loss :  0.10948593723468292
Epoch :  508  Epoch time :  0.06013120338320732  Train L2 Loss :  0.10936276500041668
Epoch :  509  Epoch time :  0.05860093887895346  Train L2 Loss :  0.10925651284364554
Epoch :  510  Epoch time :  0.05768608395010233  Train L2 Loss :  0.10913307086015359
Epoch :  511  Epoch time :  0.058858648873865604  Train L2 Loss :  0.10903057303184117
Epoch :  512  Epoch time :  0.05827238876372576  Train L2 Loss :  0.10898332336010078
Epoch :  513  Epoch time :  0.05843088310211897  Train L2 Loss :  0.10886334685178903
Epoch :  514  Epoch time :  0.058358426205813885  Train L2 Loss :  0.10877386270425259
Epoch :  515  Epoch time :  0.05815451592206955  Train L2 Loss :  0.10866734156241784
Epoch :  516  Epoch time :  0.05849434807896614  Train L2 Loss :  0.10856709113487831
Epoch :  517  Epoch time :  0.05838343687355518  Train L2 Loss :  0.10850941752776122
Epoch :  518  Epoch time :  0.05660858564078808  Train L2 Loss :  0.1083898697143946
Epoch :  519  Epoch time :  0.05810957681387663  Train L2 Loss :  0.10829135011403988
Epoch :  520  Epoch time :  0.05850479565560818  Train L2 Loss :  0.10816010985618983
Epoch :  521  Epoch time :  0.05865891091525555  Train L2 Loss :  0.10808384571319972
Epoch :  522  Epoch time :  0.058335487730801105  Train L2 Loss :  0.10799083954248673
Epoch :  523  Epoch time :  0.058596955612301826  Train L2 Loss :  0.10788682485238099
Epoch :  524  Epoch time :  0.05840217228978872  Train L2 Loss :  0.10778127572475335
Epoch :  525  Epoch time :  0.05873245093971491  Train L2 Loss :  0.10770071699069096
Epoch :  526  Epoch time :  0.05817883741110563  Train L2 Loss :  0.1075827861443544
Epoch :  527  Epoch time :  0.05887135211378336  Train L2 Loss :  0.10751992234816918
Epoch :  528  Epoch time :  0.05819513089954853  Train L2 Loss :  0.10742443035810421
Epoch :  529  Epoch time :  0.05857615452259779  Train L2 Loss :  0.10728759184861794
Epoch :  530  Epoch time :  0.0585964135825634  Train L2 Loss :  0.10722049688681579
Epoch :  531  Epoch time :  0.05831741262227297  Train L2 Loss :  0.10709109061803573
Epoch :  532  Epoch time :  0.05826932657510042  Train L2 Loss :  0.10700224760251167
Epoch :  533  Epoch time :  0.05839491356164217  Train L2 Loss :  0.10690458692037143
Epoch :  534  Epoch time :  0.05846121907234192  Train L2 Loss :  0.10676826804112165
Epoch :  535  Epoch time :  0.05811949074268341  Train L2 Loss :  0.10666608351927537
Epoch :  536  Epoch time :  0.05853355769068003  Train L2 Loss :  0.10655787892830677
Epoch :  537  Epoch time :  0.05871514976024628  Train L2 Loss :  0.10644065263943794
Epoch :  538  Epoch time :  0.058427910320460796  Train L2 Loss :  0.10637949445308784
Epoch :  539  Epoch time :  0.05834348127245903  Train L2 Loss :  0.10628015719927274
Epoch :  540  Epoch time :  0.058506229892373085  Train L2 Loss :  0.1061688080812112
Epoch :  541  Epoch time :  0.05807230342179537  Train L2 Loss :  0.10603200854399265
Epoch :  542  Epoch time :  0.05851779133081436  Train L2 Loss :  0.10597776755308494
Epoch :  543  Epoch time :  0.05751642771065235  Train L2 Loss :  0.10588444578341949
Epoch :  544  Epoch time :  0.05853787064552307  Train L2 Loss :  0.10580187501051487
Epoch :  545  Epoch time :  0.05891864188015461  Train L2 Loss :  0.1056558520365984
Epoch :  546  Epoch time :  0.0581385875120759  Train L2 Loss :  0.10558608556405091
Epoch :  547  Epoch time :  0.05883490201085806  Train L2 Loss :  0.10544051879491562
Epoch :  548  Epoch time :  0.05843074340373278  Train L2 Loss :  0.1053238862600082
Epoch :  549  Epoch time :  0.058745299465954304  Train L2 Loss :  0.1052049260873061
Epoch :  550  Epoch time :  0.05843304842710495  Train L2 Loss :  0.10509363046059242
Epoch :  551  Epoch time :  0.057482197880744934  Train L2 Loss :  0.10496770571439694
Epoch :  552  Epoch time :  0.058231914415955544  Train L2 Loss :  0.10489006990041488
Epoch :  553  Epoch time :  0.058525798842310905  Train L2 Loss :  0.10476597379415463
Epoch :  554  Epoch time :  0.05834038555622101  Train L2 Loss :  0.10468629155403529
Epoch :  555  Epoch time :  0.05882005766034126  Train L2 Loss :  0.10456237884668204
Epoch :  556  Epoch time :  0.058451141230762005  Train L2 Loss :  0.10446401437123616
Epoch :  557  Epoch time :  0.05855336505919695  Train L2 Loss :  0.10433704960040557
Epoch :  558  Epoch time :  0.05837192386388779  Train L2 Loss :  0.10421940989983387
Epoch :  559  Epoch time :  0.05834706034511328  Train L2 Loss :  0.10409173445823865
Epoch :  560  Epoch time :  0.057487623766064644  Train L2 Loss :  0.10401197427358383
Epoch :  561  Epoch time :  0.05899965949356556  Train L2 Loss :  0.10388787816732357
Epoch :  562  Epoch time :  0.05848340131342411  Train L2 Loss :  0.10377675447708522
Epoch :  563  Epoch time :  0.05843623448163271  Train L2 Loss :  0.10367371180118659
Epoch :  564  Epoch time :  0.05835976358503103  Train L2 Loss :  0.10356735113339546
Epoch :  565  Epoch time :  0.0581254530698061  Train L2 Loss :  0.10345917328810081
Epoch :  566  Epoch time :  0.0581745021045208  Train L2 Loss :  0.10333789846835992
Epoch :  567  Epoch time :  0.05842793080955744  Train L2 Loss :  0.10324203662383251
Epoch :  568  Epoch time :  0.05706791114062071  Train L2 Loss :  0.10313894427739657
Epoch :  569  Epoch time :  0.05837838165462017  Train L2 Loss :  0.10298404326805702
Epoch :  570  Epoch time :  0.05833424162119627  Train L2 Loss :  0.10289450104420002
Epoch :  571  Epoch time :  0.058443632908165455  Train L2 Loss :  0.10280711375750028
Epoch :  572  Epoch time :  0.05858953949064016  Train L2 Loss :  0.10266798123335227
Epoch :  573  Epoch time :  0.058487377129495144  Train L2 Loss :  0.1026065999116653
Epoch :  574  Epoch time :  0.058575225062668324  Train L2 Loss :  0.1024981561379555
Epoch :  575  Epoch time :  0.05834412667900324  Train L2 Loss :  0.10238462533706273
Epoch :  576  Epoch time :  0.05754093173891306  Train L2 Loss :  0.1022425393263499
Epoch :  577  Epoch time :  0.058790446259081364  Train L2 Loss :  0.10214060697800074
Epoch :  578  Epoch time :  0.058253850787878036  Train L2 Loss :  0.10202063505466168
Epoch :  579  Epoch time :  0.05819570180028677  Train L2 Loss :  0.10194719525483939
Epoch :  580  Epoch time :  0.058189015835523605  Train L2 Loss :  0.10186006396244733
Epoch :  581  Epoch time :  0.05845005623996258  Train L2 Loss :  0.1017345388730367
Epoch :  582  Epoch time :  0.05863909609615803  Train L2 Loss :  0.10160246567848401
Epoch :  583  Epoch time :  0.06029297970235348  Train L2 Loss :  0.10151832225995186
Epoch :  584  Epoch time :  0.05782937165349722  Train L2 Loss :  0.10137649147938459
Epoch :  585  Epoch time :  0.058489746414124966  Train L2 Loss :  0.10129424012624301
Epoch :  586  Epoch time :  0.058421675115823746  Train L2 Loss :  0.10125994758728223
Epoch :  587  Epoch time :  0.05879399925470352  Train L2 Loss :  0.10114537294094379
Epoch :  588  Epoch time :  0.05866185389459133  Train L2 Loss :  0.10101006504816887
Epoch :  589  Epoch time :  0.058369167149066925  Train L2 Loss :  0.10089492950683986
Epoch :  590  Epoch time :  0.05847789719700813  Train L2 Loss :  0.10073974346503234
Epoch :  591  Epoch time :  0.05827371031045914  Train L2 Loss :  0.1006426031772907
Epoch :  592  Epoch time :  0.05851451866328716  Train L2 Loss :  0.10054868841782594
Epoch :  593  Epoch time :  0.0577543955296278  Train L2 Loss :  0.10041831624813569
Epoch :  594  Epoch time :  0.05821632128208876  Train L2 Loss :  0.10031212598849566
Epoch :  595  Epoch time :  0.05861640069633722  Train L2 Loss :  0.10019505482453567
Epoch :  596  Epoch time :  0.058525810949504375  Train L2 Loss :  0.10006168255439171
Epoch :  597  Epoch time :  0.058565459214150906  Train L2 Loss :  0.0999631507274432
Epoch :  598  Epoch time :  0.05851614382117987  Train L2 Loss :  0.09985970304562496
Epoch :  599  Epoch time :  0.058085217140614986  Train L2 Loss :  0.0997272775723384
Epoch :  600  Epoch time :  0.05844102893024683  Train L2 Loss :  0.09951378748967098
Epoch :  601  Epoch time :  0.05738578271120787  Train L2 Loss :  0.0993737777074178
Epoch :  602  Epoch time :  0.05854601599276066  Train L2 Loss :  0.09927146098552606
Epoch :  603  Epoch time :  0.05883002653717995  Train L2 Loss :  0.09921019963729076
Epoch :  604  Epoch time :  0.05840766150504351  Train L2 Loss :  0.09915296389506413
Epoch :  605  Epoch time :  0.05855902936309576  Train L2 Loss :  0.09908339686882801
Epoch :  606  Epoch time :  0.05809540022164583  Train L2 Loss :  0.09900422432483771
Epoch :  607  Epoch time :  0.058192222379148006  Train L2 Loss :  0.09895020188429417
Epoch :  608  Epoch time :  0.05855883564800024  Train L2 Loss :  0.09889066524994679
Epoch :  609  Epoch time :  0.057526024989783764  Train L2 Loss :  0.09883623474683517
Epoch :  610  Epoch time :  0.058587404899299145  Train L2 Loss :  0.09878615614695427
Epoch :  611  Epoch time :  0.05859926715493202  Train L2 Loss :  0.09870282350442348
Epoch :  612  Epoch time :  0.05779381562024355  Train L2 Loss :  0.09863486733192052
Epoch :  613  Epoch time :  0.05858357064425945  Train L2 Loss :  0.09858703384032616
Epoch :  614  Epoch time :  0.05802927352488041  Train L2 Loss :  0.09851581851641338
Epoch :  615  Epoch time :  0.05874321982264519  Train L2 Loss :  0.09845937903110798
Epoch :  616  Epoch time :  0.057935249991714954  Train L2 Loss :  0.09840817558459747
Epoch :  617  Epoch time :  0.05734414700418711  Train L2 Loss :  0.09831679784334622
Epoch :  618  Epoch time :  0.05762226041406393  Train L2 Loss :  0.09826526809961368
Epoch :  619  Epoch time :  0.0583455553278327  Train L2 Loss :  0.09819963421577062
Epoch :  620  Epoch time :  0.0582895465195179  Train L2 Loss :  0.09813367021389496
Epoch :  621  Epoch time :  0.05807918682694435  Train L2 Loss :  0.0980716592226273
Epoch :  622  Epoch time :  0.05805403832346201  Train L2 Loss :  0.09800845308181567
Epoch :  623  Epoch time :  0.05833959951996803  Train L2 Loss :  0.09794838611896221
Epoch :  624  Epoch time :  0.05821527447551489  Train L2 Loss :  0.09788207824413593
Epoch :  625  Epoch time :  0.05845537595450878  Train L2 Loss :  0.09782280295323102
Epoch :  626  Epoch time :  0.057840073481202126  Train L2 Loss :  0.09776427501287216
Epoch :  627  Epoch time :  0.0584617555141449  Train L2 Loss :  0.09768880941928962
Epoch :  628  Epoch time :  0.05861609522253275  Train L2 Loss :  0.09762643850766696
Epoch :  629  Epoch time :  0.05856669694185257  Train L2 Loss :  0.09756506482760112
Epoch :  630  Epoch time :  0.058652158826589584  Train L2 Loss :  0.09754284605001792
Epoch :  631  Epoch time :  0.0582934794947505  Train L2 Loss :  0.09746777170743698
Epoch :  632  Epoch time :  0.0583612322807312  Train L2 Loss :  0.09738816435520466
Epoch :  633  Epoch time :  0.058171557262539864  Train L2 Loss :  0.09731797988598163
Epoch :  634  Epoch time :  0.05879784841090441  Train L2 Loss :  0.09723387849636567
Epoch :  635  Epoch time :  0.05872035771608353  Train L2 Loss :  0.09716515586926387
Epoch :  636  Epoch time :  0.058159371837973595  Train L2 Loss :  0.09710830450057983
Epoch :  637  Epoch time :  0.05836835969239473  Train L2 Loss :  0.09703645492211366
Epoch :  638  Epoch time :  0.057913076132535934  Train L2 Loss :  0.09696824581195147
Epoch :  639  Epoch time :  0.058293674141168594  Train L2 Loss :  0.09690666810060158
Epoch :  640  Epoch time :  0.059438965283334255  Train L2 Loss :  0.09684337713779548
Epoch :  641  Epoch time :  0.058398847468197346  Train L2 Loss :  0.09678084498796707
Epoch :  642  Epoch time :  0.057478345930576324  Train L2 Loss :  0.09672342813931979
Epoch :  643  Epoch time :  0.05839473847299814  Train L2 Loss :  0.09666717358124562
Epoch :  644  Epoch time :  0.058490026742219925  Train L2 Loss :  0.09657003176517975
Epoch :  645  Epoch time :  0.05818098317831755  Train L2 Loss :  0.09650710225105286
Epoch :  646  Epoch time :  0.05856201611459255  Train L2 Loss :  0.09645161109092908
Epoch :  647  Epoch time :  0.058710649609565735  Train L2 Loss :  0.09637330205012591
Epoch :  648  Epoch time :  0.05862375441938639  Train L2 Loss :  0.09630883427766654
Epoch :  649  Epoch time :  0.05825679004192352  Train L2 Loss :  0.09624865498298253
Epoch :  650  Epoch time :  0.05715497490018606  Train L2 Loss :  0.09619805675286514
Epoch :  651  Epoch time :  0.05783704202622175  Train L2 Loss :  0.09611907601356506
Epoch :  652  Epoch time :  0.05914617236703634  Train L2 Loss :  0.09603760410577823
Epoch :  653  Epoch time :  0.0583996307104826  Train L2 Loss :  0.09598278693663768
Epoch :  654  Epoch time :  0.058071721345186234  Train L2 Loss :  0.09591257037260593
Epoch :  655  Epoch time :  0.05835529509931803  Train L2 Loss :  0.09584226440160702
Epoch :  656  Epoch time :  0.05835060589015484  Train L2 Loss :  0.09577997067035773
Epoch :  657  Epoch time :  0.05844378285109997  Train L2 Loss :  0.09569531679153442
Epoch :  658  Epoch time :  0.058319512754678726  Train L2 Loss :  0.09562451870013507
Epoch :  659  Epoch time :  0.057628851383924484  Train L2 Loss :  0.09555611702112052
Epoch :  660  Epoch time :  0.05855127889662981  Train L2 Loss :  0.0955132490549332
Epoch :  661  Epoch time :  0.05857720598578453  Train L2 Loss :  0.09544830750196408
Epoch :  662  Epoch time :  0.05872170440852642  Train L2 Loss :  0.09536952926562382
Epoch :  663  Epoch time :  0.05857409071177244  Train L2 Loss :  0.095294516820174
Epoch :  664  Epoch time :  0.05825775396078825  Train L2 Loss :  0.0952108777486361
Epoch :  665  Epoch time :  0.05824469029903412  Train L2 Loss :  0.09515895828222617
Epoch :  666  Epoch time :  0.05807934980839491  Train L2 Loss :  0.09508684430366908
Epoch :  667  Epoch time :  0.05757207702845335  Train L2 Loss :  0.09499712250171563
Epoch :  668  Epoch time :  0.05852234177291393  Train L2 Loss :  0.09495217983539288
Epoch :  669  Epoch time :  0.058172750286757946  Train L2 Loss :  0.09486423012537834
Epoch :  670  Epoch time :  0.05821938440203667  Train L2 Loss :  0.09481322306853074
Epoch :  671  Epoch time :  0.05821452662348747  Train L2 Loss :  0.09472426007955502
Epoch :  672  Epoch time :  0.05859590973705053  Train L2 Loss :  0.09466997247475845
Epoch :  673  Epoch time :  0.05753643065690994  Train L2 Loss :  0.0946278533874414
Epoch :  674  Epoch time :  0.057820980437099934  Train L2 Loss :  0.09457085682795598
Epoch :  675  Epoch time :  0.05797453783452511  Train L2 Loss :  0.09445919363926618
Epoch :  676  Epoch time :  0.059081245213747025  Train L2 Loss :  0.09442878610048538
Epoch :  677  Epoch time :  0.058356366120278835  Train L2 Loss :  0.09439652852523021
Epoch :  678  Epoch time :  0.05832869280129671  Train L2 Loss :  0.09430522796435234
Epoch :  679  Epoch time :  0.0582314133644104  Train L2 Loss :  0.09419145033909725
Epoch :  680  Epoch time :  0.058428059332072735  Train L2 Loss :  0.09411113460858662
Epoch :  681  Epoch time :  0.05843267776072025  Train L2 Loss :  0.0940419641824869
Epoch :  682  Epoch time :  0.05829839687794447  Train L2 Loss :  0.09398318559695513
Epoch :  683  Epoch time :  0.057789101265370846  Train L2 Loss :  0.09391193894239572
Epoch :  684  Epoch time :  0.05790169630199671  Train L2 Loss :  0.09382985799740522
Epoch :  685  Epoch time :  0.05843435600399971  Train L2 Loss :  0.09375426096793933
Epoch :  686  Epoch time :  0.058430218137800694  Train L2 Loss :  0.0936885376771291
Epoch :  687  Epoch time :  0.05853557400405407  Train L2 Loss :  0.09365570086699265
Epoch :  688  Epoch time :  0.05816702079027891  Train L2 Loss :  0.09357788929572472
Epoch :  689  Epoch time :  0.05842094123363495  Train L2 Loss :  0.09351785977681477
Epoch :  690  Epoch time :  0.05822826735675335  Train L2 Loss :  0.09344076728209472
Epoch :  691  Epoch time :  0.05811385903507471  Train L2 Loss :  0.09338019367976066
Epoch :  692  Epoch time :  0.05742559768259525  Train L2 Loss :  0.09329814865038945
Epoch :  693  Epoch time :  0.05809008236974478  Train L2 Loss :  0.09321090273368053
Epoch :  694  Epoch time :  0.058346403762698174  Train L2 Loss :  0.093152017165453
Epoch :  695  Epoch time :  0.05823422968387604  Train L2 Loss :  0.09303997418819329
Epoch :  696  Epoch time :  0.05848453659564257  Train L2 Loss :  0.09298303723335266
Epoch :  697  Epoch time :  0.05798616446554661  Train L2 Loss :  0.09292152218329601
Epoch :  698  Epoch time :  0.058277237229049206  Train L2 Loss :  0.09286668514594054
Epoch :  699  Epoch time :  0.05863171722739935  Train L2 Loss :  0.09280572487757756
Epoch :  700  Epoch time :  0.05768387485295534  Train L2 Loss :  0.09268274444800156
Epoch :  701  Epoch time :  0.05850388202816248  Train L2 Loss :  0.09260255480423951
Epoch :  702  Epoch time :  0.05818475130945444  Train L2 Loss :  0.09255804618199666
Epoch :  703  Epoch time :  0.058263346552848816  Train L2 Loss :  0.09251396549053681
Epoch :  704  Epoch time :  0.059789156541228294  Train L2 Loss :  0.09246780857061729
Epoch :  705  Epoch time :  0.058347989805042744  Train L2 Loss :  0.09243649320724683
Epoch :  706  Epoch time :  0.058373081497848034  Train L2 Loss :  0.09240834071086003
Epoch :  707  Epoch time :  0.058111146092414856  Train L2 Loss :  0.09237128419753833
Epoch :  708  Epoch time :  0.05852541048079729  Train L2 Loss :  0.09234009797756489
Epoch :  709  Epoch time :  0.05822141095995903  Train L2 Loss :  0.0922928865139301
Epoch :  710  Epoch time :  0.05840468965470791  Train L2 Loss :  0.09225195799118434
Epoch :  711  Epoch time :  0.05828717350959778  Train L2 Loss :  0.09222402557348594
Epoch :  712  Epoch time :  0.05842797178775072  Train L2 Loss :  0.09217705023594391
Epoch :  713  Epoch time :  0.0584171824157238  Train L2 Loss :  0.09215146226760669
Epoch :  714  Epoch time :  0.058399115689098835  Train L2 Loss :  0.09211758772532146
Epoch :  715  Epoch time :  0.05795149598270655  Train L2 Loss :  0.09207078203176841
Epoch :  716  Epoch time :  0.0588763952255249  Train L2 Loss :  0.09203638862340878
Epoch :  717  Epoch time :  0.05716684926301241  Train L2 Loss :  0.09199573901983407
Epoch :  718  Epoch time :  0.058364370837807655  Train L2 Loss :  0.09195393323898315
Epoch :  719  Epoch time :  0.0583743816241622  Train L2 Loss :  0.0919135189973391
Epoch :  720  Epoch time :  0.05809863097965717  Train L2 Loss :  0.09188461303710938
Epoch :  721  Epoch time :  0.058418624103069305  Train L2 Loss :  0.09185023644031623
Epoch :  722  Epoch time :  0.0583880003541708  Train L2 Loss :  0.09180741050304511
Epoch :  723  Epoch time :  0.058450980111956596  Train L2 Loss :  0.09175865237529461
Epoch :  724  Epoch time :  0.058534057810902596  Train L2 Loss :  0.09172389064079677
Epoch :  725  Epoch time :  0.057555366307497025  Train L2 Loss :  0.0916830293643169
Epoch :  726  Epoch time :  0.0580610316246748  Train L2 Loss :  0.09165166738705757
Epoch :  727  Epoch time :  0.058323890902101994  Train L2 Loss :  0.09161950227541801
Epoch :  728  Epoch time :  0.05829168204218149  Train L2 Loss :  0.0915838991984343
Epoch :  729  Epoch time :  0.05833463370800018  Train L2 Loss :  0.09154972586876307
Epoch :  730  Epoch time :  0.05833558179438114  Train L2 Loss :  0.09150879352520673
Epoch :  731  Epoch time :  0.05830554477870464  Train L2 Loss :  0.09146513083042243
Epoch :  732  Epoch time :  0.058115461841225624  Train L2 Loss :  0.09142270454993615
Epoch :  733  Epoch time :  0.05788584891706705  Train L2 Loss :  0.09138420682687026
Epoch :  734  Epoch time :  0.058597028255462646  Train L2 Loss :  0.09135528176258771
Epoch :  735  Epoch time :  0.05799677688628435  Train L2 Loss :  0.0913130908440321
Epoch :  736  Epoch time :  0.058182080276310444  Train L2 Loss :  0.09125856558481853
Epoch :  737  Epoch time :  0.058117509819567204  Train L2 Loss :  0.09121758586321121
Epoch :  738  Epoch time :  0.05829567741602659  Train L2 Loss :  0.09118713782383846
Epoch :  739  Epoch time :  0.05830141995102167  Train L2 Loss :  0.09114161592263442
Epoch :  740  Epoch time :  0.05856660474091768  Train L2 Loss :  0.09110720035357353
Epoch :  741  Epoch time :  0.05787848588079214  Train L2 Loss :  0.09105381216758336
Epoch :  742  Epoch time :  0.05799047742038965  Train L2 Loss :  0.09101512263982724
Epoch :  743  Epoch time :  0.0584273524582386  Train L2 Loss :  0.09098699612495227
Epoch :  744  Epoch time :  0.05836643744260073  Train L2 Loss :  0.09094771589988317
Epoch :  745  Epoch time :  0.05834335274994373  Train L2 Loss :  0.0909161177965311
Epoch :  746  Epoch time :  0.057892441749572754  Train L2 Loss :  0.09086927083822396
Epoch :  747  Epoch time :  0.05852960702031851  Train L2 Loss :  0.09081782056735112
Epoch :  748  Epoch time :  0.058078874833881855  Train L2 Loss :  0.09077666432429583
Epoch :  749  Epoch time :  0.05833024252206087  Train L2 Loss :  0.09073637311275189
Epoch :  750  Epoch time :  0.05738652963191271  Train L2 Loss :  0.09069352577894162
Epoch :  751  Epoch time :  0.05840293690562248  Train L2 Loss :  0.0906479985286028
Epoch :  752  Epoch time :  0.057812963612377644  Train L2 Loss :  0.09061790582461235
Epoch :  753  Epoch time :  0.058408837765455246  Train L2 Loss :  0.09057343617463723
Epoch :  754  Epoch time :  0.05846556555479765  Train L2 Loss :  0.09053403215530591
Epoch :  755  Epoch time :  0.058207434602081776  Train L2 Loss :  0.09049348647777851
Epoch :  756  Epoch time :  0.058194516226649284  Train L2 Loss :  0.09045408016596085
Epoch :  757  Epoch time :  0.05845824163407087  Train L2 Loss :  0.09041292697955401
Epoch :  758  Epoch time :  0.057353097945451736  Train L2 Loss :  0.0903714887606792
Epoch :  759  Epoch time :  0.05810447596013546  Train L2 Loss :  0.09032523097136082
Epoch :  760  Epoch time :  0.05819055251777172  Train L2 Loss :  0.0902785674119607
Epoch :  761  Epoch time :  0.057558007538318634  Train L2 Loss :  0.09023822041658255
Epoch :  762  Epoch time :  0.057873199693858624  Train L2 Loss :  0.09020283818244934
Epoch :  763  Epoch time :  0.05835203267633915  Train L2 Loss :  0.09015285586699462
Epoch :  764  Epoch time :  0.0583866611123085  Train L2 Loss :  0.09012161080653851
Epoch :  765  Epoch time :  0.0580050740391016  Train L2 Loss :  0.09007466909212944
Epoch :  766  Epoch time :  0.05739294830709696  Train L2 Loss :  0.09004020690917969
Epoch :  767  Epoch time :  0.05782352667301893  Train L2 Loss :  0.08999922718757238
Epoch :  768  Epoch time :  0.05812522489577532  Train L2 Loss :  0.08996472373986855
Epoch :  769  Epoch time :  0.058126216754317284  Train L2 Loss :  0.08991772547746316
Epoch :  770  Epoch time :  0.05829202104359865  Train L2 Loss :  0.08986724263582474
Epoch :  771  Epoch time :  0.05795081704854965  Train L2 Loss :  0.08982066848339179
Epoch :  772  Epoch time :  0.05823460686951876  Train L2 Loss :  0.08978303120686458
Epoch :  773  Epoch time :  0.05774791445583105  Train L2 Loss :  0.08974882654654674
Epoch :  774  Epoch time :  0.05815041344612837  Train L2 Loss :  0.08970002562571795
Epoch :  775  Epoch time :  0.05810800567269325  Train L2 Loss :  0.08965625709448105
Epoch :  776  Epoch time :  0.057693096809089184  Train L2 Loss :  0.08961276213328044
Epoch :  777  Epoch time :  0.057931261137127876  Train L2 Loss :  0.08955444280917828
Epoch :  778  Epoch time :  0.05921211466193199  Train L2 Loss :  0.089522673533513
Epoch :  779  Epoch time :  0.0582628333941102  Train L2 Loss :  0.08947238326072693
Epoch :  780  Epoch time :  0.057837337255477905  Train L2 Loss :  0.08944052992722927
Epoch :  781  Epoch time :  0.0581249138340354  Train L2 Loss :  0.08939567513954945
Epoch :  782  Epoch time :  0.05848650261759758  Train L2 Loss :  0.08935215534308018
Epoch :  783  Epoch time :  0.05760941747575998  Train L2 Loss :  0.08930890300335029
Epoch :  784  Epoch time :  0.058636619709432125  Train L2 Loss :  0.08926843297787201
Epoch :  785  Epoch time :  0.058392930775880814  Train L2 Loss :  0.08923417482620631
Epoch :  786  Epoch time :  0.05801676772534847  Train L2 Loss :  0.08919619673337692
Epoch :  787  Epoch time :  0.05877208709716797  Train L2 Loss :  0.08915338149437538
Epoch :  788  Epoch time :  0.058204964734613895  Train L2 Loss :  0.08910326697887519
Epoch :  789  Epoch time :  0.0585106760263443  Train L2 Loss :  0.08905454705923031
Epoch :  790  Epoch time :  0.05831012688577175  Train L2 Loss :  0.08901421381877019
Epoch :  791  Epoch time :  0.05745941027998924  Train L2 Loss :  0.08895312287868598
Epoch :  792  Epoch time :  0.06038174405694008  Train L2 Loss :  0.08890853745815082
Epoch :  793  Epoch time :  0.05831456370651722  Train L2 Loss :  0.0888597690142118
Epoch :  794  Epoch time :  0.058364405296742916  Train L2 Loss :  0.0888203840989333
Epoch :  795  Epoch time :  0.058150291442871094  Train L2 Loss :  0.08876697451640399
Epoch :  796  Epoch time :  0.05864212475717068  Train L2 Loss :  0.08872437171446972
Epoch :  797  Epoch time :  0.05845206417143345  Train L2 Loss :  0.08867978209104294
Epoch :  798  Epoch time :  0.0583238136023283  Train L2 Loss :  0.08864550789197286
Epoch :  799  Epoch time :  0.057748112827539444  Train L2 Loss :  0.08859760333330204
Epoch :  800  Epoch time :  0.057700781151652336  Train L2 Loss :  0.08854632423474239
Epoch :  801  Epoch time :  0.05818699486553669  Train L2 Loss :  0.08851483540657239
Epoch :  802  Epoch time :  0.05834530107676983  Train L2 Loss :  0.08848307453669034
Epoch :  803  Epoch time :  0.05812622793018818  Train L2 Loss :  0.08846514347272041
Epoch :  804  Epoch time :  0.05748541373759508  Train L2 Loss :  0.08844198706822518
Epoch :  805  Epoch time :  0.05842897854745388  Train L2 Loss :  0.08842078615457584
Epoch :  806  Epoch time :  0.05827314406633377  Train L2 Loss :  0.08839647204448016
Epoch :  807  Epoch time :  0.05852434691041708  Train L2 Loss :  0.08836984328734569
Epoch :  808  Epoch time :  0.05741903930902481  Train L2 Loss :  0.08835236269694108
Epoch :  809  Epoch time :  0.058713437989354134  Train L2 Loss :  0.08832969497411679
Epoch :  810  Epoch time :  0.05849052034318447  Train L2 Loss :  0.08830753236244886
Epoch :  811  Epoch time :  0.05835618916898966  Train L2 Loss :  0.0882857457185403
Epoch :  812  Epoch time :  0.05842331703752279  Train L2 Loss :  0.08826330686226869
Epoch :  813  Epoch time :  0.05809613969177008  Train L2 Loss :  0.0882378747830024
Epoch :  814  Epoch time :  0.05842325743287802  Train L2 Loss :  0.08821309147736965
Epoch :  815  Epoch time :  0.05839796643704176  Train L2 Loss :  0.0881879543646788
Epoch :  816  Epoch time :  0.05762775335460901  Train L2 Loss :  0.08816171227357326
Epoch :  817  Epoch time :  0.05882187932729721  Train L2 Loss :  0.0881427526473999
Epoch :  818  Epoch time :  0.05819719471037388  Train L2 Loss :  0.08812068746640132
Epoch :  819  Epoch time :  0.05816760007292032  Train L2 Loss :  0.08810426103763092
Epoch :  820  Epoch time :  0.058261613361537457  Train L2 Loss :  0.08807603594584343
Epoch :  821  Epoch time :  0.058505818247795105  Train L2 Loss :  0.08805750577877729
Epoch :  822  Epoch time :  0.05848860088735819  Train L2 Loss :  0.08802376037988907
Epoch :  823  Epoch time :  0.05837989039719105  Train L2 Loss :  0.0880037485024868
Epoch :  824  Epoch time :  0.057566625997424126  Train L2 Loss :  0.08798090311197135
Epoch :  825  Epoch time :  0.058209000155329704  Train L2 Loss :  0.08795252365943713
Epoch :  826  Epoch time :  0.0590292913839221  Train L2 Loss :  0.0879325087253864
Epoch :  827  Epoch time :  0.058649200946092606  Train L2 Loss :  0.08790899316469829
Epoch :  828  Epoch time :  0.06167919933795929  Train L2 Loss :  0.08788338838479458
Epoch :  829  Epoch time :  0.058524142019450665  Train L2 Loss :  0.08786488954837506
Epoch :  830  Epoch time :  0.06151023879647255  Train L2 Loss :  0.08784987605535068
Epoch :  831  Epoch time :  0.05835543107241392  Train L2 Loss :  0.08782757016328666
Epoch :  832  Epoch time :  0.05763610638678074  Train L2 Loss :  0.0877910214356887
Epoch :  833  Epoch time :  0.05774817895144224  Train L2 Loss :  0.08776749555881207
Epoch :  834  Epoch time :  0.058391294442117214  Train L2 Loss :  0.0877495614381937
Epoch :  835  Epoch time :  0.0589356767013669  Train L2 Loss :  0.08772184069340046
Epoch :  836  Epoch time :  0.05857678223401308  Train L2 Loss :  0.08769825024482532
Epoch :  837  Epoch time :  0.05827180854976177  Train L2 Loss :  0.08767642501073006
Epoch :  838  Epoch time :  0.05860333517193794  Train L2 Loss :  0.08765313411370301
Epoch :  839  Epoch time :  0.05815589614212513  Train L2 Loss :  0.08763155952478066
Epoch :  840  Epoch time :  0.05813877563923597  Train L2 Loss :  0.08760146147165543
Epoch :  841  Epoch time :  0.05723062250763178  Train L2 Loss :  0.08758061818587475
Epoch :  842  Epoch time :  0.05862464662641287  Train L2 Loss :  0.08755559646166287
Epoch :  843  Epoch time :  0.05857349559664726  Train L2 Loss :  0.08752881869291648
Epoch :  844  Epoch time :  0.05830067675560713  Train L2 Loss :  0.08750886107102418
Epoch :  845  Epoch time :  0.058481995947659016  Train L2 Loss :  0.08748483505004491
Epoch :  846  Epoch time :  0.06615226063877344  Train L2 Loss :  0.08745662676982391
Epoch :  847  Epoch time :  0.059871784411370754  Train L2 Loss :  0.08743443703040099
Epoch :  848  Epoch time :  0.058616578578948975  Train L2 Loss :  0.08741071361761826
Epoch :  849  Epoch time :  0.0577023895457387  Train L2 Loss :  0.08738547334304222
Epoch :  850  Epoch time :  0.05846395902335644  Train L2 Loss :  0.08735859928986965
Epoch :  851  Epoch time :  0.05811284855008125  Train L2 Loss :  0.08733491943432735
Epoch :  852  Epoch time :  0.058309818617999554  Train L2 Loss :  0.0873095194498698
Epoch :  853  Epoch time :  0.058329179883003235  Train L2 Loss :  0.08728888478034581
Epoch :  854  Epoch time :  0.0582460593432188  Train L2 Loss :  0.08725993602703778
Epoch :  855  Epoch time :  0.058365835808217525  Train L2 Loss :  0.08723435799280803
Epoch :  856  Epoch time :  0.058512067422270775  Train L2 Loss :  0.08721030599031693
Epoch :  857  Epoch time :  0.057501920498907566  Train L2 Loss :  0.08718568927202469
Epoch :  858  Epoch time :  0.05821565818041563  Train L2 Loss :  0.08716111152600019
Epoch :  859  Epoch time :  0.058258638717234135  Train L2 Loss :  0.08713671908928798
Epoch :  860  Epoch time :  0.05881264340132475  Train L2 Loss :  0.08711468027188228
Epoch :  861  Epoch time :  0.05827702395617962  Train L2 Loss :  0.08709314924020034
Epoch :  862  Epoch time :  0.058533296920359135  Train L2 Loss :  0.0870703527560601
Epoch :  863  Epoch time :  0.058337630704045296  Train L2 Loss :  0.08703665932019551
Epoch :  864  Epoch time :  0.058169811964035034  Train L2 Loss :  0.08701272652699397
Epoch :  865  Epoch time :  0.05780286435037851  Train L2 Loss :  0.08698753592295524
Epoch :  866  Epoch time :  0.057592506520450115  Train L2 Loss :  0.08696298339428046
Epoch :  867  Epoch time :  0.05822001397609711  Train L2 Loss :  0.08693760327803783
Epoch :  868  Epoch time :  0.05835999734699726  Train L2 Loss :  0.08691023634030269
Epoch :  869  Epoch time :  0.05791166890412569  Train L2 Loss :  0.08688403704227546
Epoch :  870  Epoch time :  0.05827637389302254  Train L2 Loss :  0.08685944019219814
Epoch :  871  Epoch time :  0.058271702378988266  Train L2 Loss :  0.08683793896283859
Epoch :  872  Epoch time :  0.05879317969083786  Train L2 Loss :  0.08682668361908351
Epoch :  873  Epoch time :  0.05852482095360756  Train L2 Loss :  0.08678682339497101
Epoch :  874  Epoch time :  0.057610816322267056  Train L2 Loss :  0.08675906367791004
Epoch :  875  Epoch time :  0.05834801122546196  Train L2 Loss :  0.08673286437988281
Epoch :  876  Epoch time :  0.058256056159734726  Train L2 Loss :  0.08670970186209068
Epoch :  877  Epoch time :  0.058394793421030045  Train L2 Loss :  0.08668727217576443
Epoch :  878  Epoch time :  0.05778892803937197  Train L2 Loss :  0.08665426266499054
Epoch :  879  Epoch time :  0.058439046144485474  Train L2 Loss :  0.08663127552240323
Epoch :  880  Epoch time :  0.05822812207043171  Train L2 Loss :  0.08660427423623893
Epoch :  881  Epoch time :  0.058565812185406685  Train L2 Loss :  0.0865792731444041
Epoch :  882  Epoch time :  0.05767224449664354  Train L2 Loss :  0.08655393734956399
Epoch :  883  Epoch time :  0.05857658851891756  Train L2 Loss :  0.08652832569220127
Epoch :  884  Epoch time :  0.058298321440815926  Train L2 Loss :  0.08650252299431042
Epoch :  885  Epoch time :  0.05770304054021835  Train L2 Loss :  0.08647396931281456
Epoch :  886  Epoch time :  0.0578045854344964  Train L2 Loss :  0.08644996392421234
Epoch :  887  Epoch time :  0.05821298714727163  Train L2 Loss :  0.08641707820770068
Epoch :  888  Epoch time :  0.058757614344358444  Train L2 Loss :  0.08639507721631955
Epoch :  889  Epoch time :  0.05853688158094883  Train L2 Loss :  0.08637027098582341
Epoch :  890  Epoch time :  0.05777368787676096  Train L2 Loss :  0.0863442436242715
Epoch :  891  Epoch time :  0.05816679820418358  Train L2 Loss :  0.08631647473726517
Epoch :  892  Epoch time :  0.058235473930835724  Train L2 Loss :  0.08629042750749832
Epoch :  893  Epoch time :  0.05856248550117016  Train L2 Loss :  0.08626139622468215
Epoch :  894  Epoch time :  0.0584873640909791  Train L2 Loss :  0.08623891075452168
Epoch :  895  Epoch time :  0.05835960432887077  Train L2 Loss :  0.08621194118108505
Epoch :  896  Epoch time :  0.058793031610548496  Train L2 Loss :  0.08618462162140088
Epoch :  897  Epoch time :  0.05804676003754139  Train L2 Loss :  0.08615426146067105
Epoch :  898  Epoch time :  0.05881340894848108  Train L2 Loss :  0.08612911059306218
Epoch :  899  Epoch time :  0.05741636082530022  Train L2 Loss :  0.08611129950254391
Epoch :  900  Epoch time :  0.05791776906698942  Train L2 Loss :  0.08606555714057042
Epoch :  901  Epoch time :  0.05794015992432833  Train L2 Loss :  0.08604683937170567
Epoch :  902  Epoch time :  0.05863324925303459  Train L2 Loss :  0.08603447943161695
Epoch :  903  Epoch time :  0.05852582864463329  Train L2 Loss :  0.08601894898292346
Epoch :  904  Epoch time :  0.05820611398667097  Train L2 Loss :  0.08600503817582741
Epoch :  905  Epoch time :  0.058267299085855484  Train L2 Loss :  0.08599090729004298
Epoch :  906  Epoch time :  0.05852343048900366  Train L2 Loss :  0.08597867993208078
Epoch :  907  Epoch time :  0.05749233718961477  Train L2 Loss :  0.08596505874242538
Epoch :  908  Epoch time :  0.05858025513589382  Train L2 Loss :  0.08595136037239662
Epoch :  909  Epoch time :  0.058293115347623825  Train L2 Loss :  0.08593575771038349
Epoch :  910  Epoch time :  0.0583557253703475  Train L2 Loss :  0.08592396745314965
Epoch :  911  Epoch time :  0.05849710293114185  Train L2 Loss :  0.08591140233553372
Epoch :  912  Epoch time :  0.05830716993659735  Train L2 Loss :  0.08589635330897111
Epoch :  913  Epoch time :  0.05836995132267475  Train L2 Loss :  0.08588193700863765
Epoch :  914  Epoch time :  0.058062177151441574  Train L2 Loss :  0.08587044859543824
Epoch :  915  Epoch time :  0.05678890459239483  Train L2 Loss :  0.08585609228183062
Epoch :  916  Epoch time :  0.06057911645621061  Train L2 Loss :  0.08584042695852426
Epoch :  917  Epoch time :  0.058180312626063824  Train L2 Loss :  0.08582675686249366
Epoch :  918  Epoch time :  0.05863063130527735  Train L2 Loss :  0.08581333664747384
Epoch :  919  Epoch time :  0.058199658058583736  Train L2 Loss :  0.08580001883017711
Epoch :  920  Epoch time :  0.05830399878323078  Train L2 Loss :  0.0857866475215325
Epoch :  921  Epoch time :  0.058497932739555836  Train L2 Loss :  0.08577071550564888
Epoch :  922  Epoch time :  0.058138467371463776  Train L2 Loss :  0.08575560343571198
Epoch :  923  Epoch time :  0.05779906641691923  Train L2 Loss :  0.0857469149124928
Epoch :  924  Epoch time :  0.057435703463852406  Train L2 Loss :  0.08572870340102758
Epoch :  925  Epoch time :  0.05818040668964386  Train L2 Loss :  0.08571478800895886
Epoch :  926  Epoch time :  0.0581078939139843  Train L2 Loss :  0.08570120197076064
Epoch :  927  Epoch time :  0.05847754795104265  Train L2 Loss :  0.0856868815727723
Epoch :  928  Epoch time :  0.05857285484671593  Train L2 Loss :  0.08567125904254425
Epoch :  929  Epoch time :  0.05835538264364004  Train L2 Loss :  0.08565870233071156
Epoch :  930  Epoch time :  0.05846003629267216  Train L2 Loss :  0.08564373774406238
Epoch :  931  Epoch time :  0.05837494973093271  Train L2 Loss :  0.08562938754375164
Epoch :  932  Epoch time :  0.05685958545655012  Train L2 Loss :  0.08561809093524249
Epoch :  933  Epoch time :  0.05809398554265499  Train L2 Loss :  0.08559988095210148
Epoch :  934  Epoch time :  0.05845030304044485  Train L2 Loss :  0.08558614208148076
Epoch :  935  Epoch time :  0.05761608388274908  Train L2 Loss :  0.08557094901035993
Epoch :  936  Epoch time :  0.05838286783546209  Train L2 Loss :  0.08555529285699894
Epoch :  937  Epoch time :  0.05795654281973839  Train L2 Loss :  0.08554082956069554
Epoch :  938  Epoch time :  0.05854117497801781  Train L2 Loss :  0.08553027877440819
Epoch :  939  Epoch time :  0.05837401282042265  Train L2 Loss :  0.08551500279169816
Epoch :  940  Epoch time :  0.05711268074810505  Train L2 Loss :  0.08550196503981566
Epoch :  941  Epoch time :  0.05837626475840807  Train L2 Loss :  0.08548829341546083
Epoch :  942  Epoch time :  0.05876612104475498  Train L2 Loss :  0.08546941096966083
Epoch :  943  Epoch time :  0.058433555997908115  Train L2 Loss :  0.08545298989002521
Epoch :  944  Epoch time :  0.058699202723801136  Train L2 Loss :  0.08544413477946551
Epoch :  945  Epoch time :  0.05834494065493345  Train L2 Loss :  0.08543126628949092
Epoch :  946  Epoch time :  0.058530088514089584  Train L2 Loss :  0.08541267193280734
Epoch :  947  Epoch time :  0.057995157316327095  Train L2 Loss :  0.08539764468486492
Epoch :  948  Epoch time :  0.05875369347631931  Train L2 Loss :  0.08538159957298866
Epoch :  949  Epoch time :  0.057534041814506054  Train L2 Loss :  0.08536634766138516
Epoch :  950  Epoch time :  0.05844324827194214  Train L2 Loss :  0.08535347764308636
Epoch :  951  Epoch time :  0.058497983030974865  Train L2 Loss :  0.08533848783908746
Epoch :  952  Epoch time :  0.05826738942414522  Train L2 Loss :  0.08532544741263756
Epoch :  953  Epoch time :  0.0584260318428278  Train L2 Loss :  0.08531637528003791
Epoch :  954  Epoch time :  0.05815714783966541  Train L2 Loss :  0.08529458596156193
Epoch :  955  Epoch time :  0.058656731620430946  Train L2 Loss :  0.08528543206361625
Epoch :  956  Epoch time :  0.058412629179656506  Train L2 Loss :  0.08526652363630441
Epoch :  957  Epoch time :  0.057363102212548256  Train L2 Loss :  0.08524981599587661
Epoch :  958  Epoch time :  0.058488113805651665  Train L2 Loss :  0.0852336830053574
Epoch :  959  Epoch time :  0.05804098956286907  Train L2 Loss :  0.0852190049795004
Epoch :  960  Epoch time :  0.058225901797413826  Train L2 Loss :  0.08520404650614812
Epoch :  961  Epoch time :  0.05837352015078068  Train L2 Loss :  0.08519223217780773
Epoch :  962  Epoch time :  0.05839469935745001  Train L2 Loss :  0.08517247285598363
Epoch :  963  Epoch time :  0.058049559593200684  Train L2 Loss :  0.08516188538991488
Epoch :  964  Epoch time :  0.05854837782680988  Train L2 Loss :  0.08514740681036925
Epoch :  965  Epoch time :  0.05781396571546793  Train L2 Loss :  0.08512864586634514
Epoch :  966  Epoch time :  0.05850020423531532  Train L2 Loss :  0.08511420205617562
Epoch :  967  Epoch time :  0.05848700553178787  Train L2 Loss :  0.08509699885661785
Epoch :  968  Epoch time :  0.0585306566208601  Train L2 Loss :  0.08508279079046005
Epoch :  969  Epoch time :  0.0586885791271925  Train L2 Loss :  0.0850706704151936
Epoch :  970  Epoch time :  0.05865668598562479  Train L2 Loss :  0.08505504864912766
Epoch :  971  Epoch time :  0.05879679415374994  Train L2 Loss :  0.08504045620942727
Epoch :  972  Epoch time :  0.05847474280744791  Train L2 Loss :  0.08502286137678684
Epoch :  973  Epoch time :  0.05764289107173681  Train L2 Loss :  0.0850092562345358
Epoch :  974  Epoch time :  0.0579961184412241  Train L2 Loss :  0.08499288788208595
Epoch :  975  Epoch time :  0.05849628243595362  Train L2 Loss :  0.08497669834357041
Epoch :  976  Epoch time :  0.05841890163719654  Train L2 Loss :  0.08496055541894375
Epoch :  977  Epoch time :  0.0581097062677145  Train L2 Loss :  0.08494842128875928
Epoch :  978  Epoch time :  0.057825980708003044  Train L2 Loss :  0.08493166818068577
Epoch :  979  Epoch time :  0.058393336832523346  Train L2 Loss :  0.08491289844879737
Epoch :  980  Epoch time :  0.05817886721342802  Train L2 Loss :  0.08490060766537984
Epoch :  981  Epoch time :  0.05859442614018917  Train L2 Loss :  0.0848858654499054
Epoch :  982  Epoch time :  0.05788741633296013  Train L2 Loss :  0.08487015886184497
Epoch :  983  Epoch time :  0.05775025300681591  Train L2 Loss :  0.08485091955233844
Epoch :  984  Epoch time :  0.05843054223805666  Train L2 Loss :  0.08483648223754688
Epoch :  985  Epoch time :  0.05906796734780073  Train L2 Loss :  0.08482205714934911
Epoch :  986  Epoch time :  0.058172314427793026  Train L2 Loss :  0.08480641093009557
Epoch :  987  Epoch time :  0.059502119198441505  Train L2 Loss :  0.08478820553192726
Epoch :  988  Epoch time :  0.05846117250621319  Train L2 Loss :  0.08477492821522248
Epoch :  989  Epoch time :  0.05865087732672691  Train L2 Loss :  0.08475906955890167
Epoch :  990  Epoch time :  0.05755936820060015  Train L2 Loss :  0.08474283187817304
Epoch :  991  Epoch time :  0.0583014078438282  Train L2 Loss :  0.08472964396843544
Epoch :  992  Epoch time :  0.05867388844490051  Train L2 Loss :  0.08471130866270798
Epoch :  993  Epoch time :  0.0583130968734622  Train L2 Loss :  0.08469541103411944
Epoch :  994  Epoch time :  0.0584637438878417  Train L2 Loss :  0.08468194726185921
Epoch :  995  Epoch time :  0.05810098070651293  Train L2 Loss :  0.08466330705544887
Epoch :  996  Epoch time :  0.05896968115121126  Train L2 Loss :  0.08464865806775215
Epoch :  997  Epoch time :  0.05923750437796116  Train L2 Loss :  0.08463195806894547
Epoch :  998  Epoch time :  0.058841971680521965  Train L2 Loss :  0.08461930201603816
Epoch :  999  Epoch time :  0.05959677044302225  Train L2 Loss :  0.08460380786504501
Total time is : 58.71651617158204 Total epoch is  1000
