Energy is  1.0880185641326534e-14
Input dim :  128  output dim :  4096
29249
Epoch :  0  Epoch time :  6.253295718692243  Train L2 Loss :  2.7570442749023436
Epoch :  1  Epoch time :  6.085861310362816  Train L2 Loss :  1.1815710601806642
Epoch :  2  Epoch time :  6.08690130058676  Train L2 Loss :  0.7795229508876801
Epoch :  3  Epoch time :  6.096210467629135  Train L2 Loss :  0.5799653569459915
Epoch :  4  Epoch time :  6.085950989276171  Train L2 Loss :  0.49462015964984896
Epoch :  5  Epoch time :  6.093668692745268  Train L2 Loss :  0.40478683290481565
Epoch :  6  Epoch time :  6.1074616853147745  Train L2 Loss :  0.3544194782733917
Epoch :  7  Epoch time :  6.1141725666821  Train L2 Loss :  0.32188280670642855
Epoch :  8  Epoch time :  6.096035793423653  Train L2 Loss :  0.30131794353723523
Epoch :  9  Epoch time :  6.094793442636728  Train L2 Loss :  0.280167707836628
Epoch :  10  Epoch time :  6.09665565751493  Train L2 Loss :  0.26367668832540514
Epoch :  11  Epoch time :  6.102418092079461  Train L2 Loss :  0.24489554032087327
Epoch :  12  Epoch time :  6.078380645252764  Train L2 Loss :  0.24247155598402023
Epoch :  13  Epoch time :  6.09334806445986  Train L2 Loss :  0.22965314178466797
Epoch :  14  Epoch time :  6.110388628207147  Train L2 Loss :  0.22005653589963914
Epoch :  15  Epoch time :  6.098816000856459  Train L2 Loss :  0.21412219398021698
Epoch :  16  Epoch time :  6.1094585144892335  Train L2 Loss :  0.20450569959878923
Epoch :  17  Epoch time :  6.1000394551083446  Train L2 Loss :  0.1979628256559372
Epoch :  18  Epoch time :  6.115175385028124  Train L2 Loss :  0.18941088465452194
Epoch :  19  Epoch time :  6.086112154647708  Train L2 Loss :  0.18409369308948517
Epoch :  20  Epoch time :  6.081167247146368  Train L2 Loss :  0.18460713366270065
Epoch :  21  Epoch time :  6.086713640019298  Train L2 Loss :  0.1780667825818062
Epoch :  22  Epoch time :  6.102022144012153  Train L2 Loss :  0.17437690194845198
Epoch :  23  Epoch time :  6.090826205909252  Train L2 Loss :  0.17112881385087966
Epoch :  24  Epoch time :  6.0831444608047605  Train L2 Loss :  0.1635490728378296
Epoch :  25  Epoch time :  6.083213342353702  Train L2 Loss :  0.16065973525047303
Epoch :  26  Epoch time :  6.129543466493487  Train L2 Loss :  0.15400796369314193
Epoch :  27  Epoch time :  6.098201725631952  Train L2 Loss :  0.15316681872010232
Epoch :  28  Epoch time :  6.089726152829826  Train L2 Loss :  0.14835620694756507
Epoch :  29  Epoch time :  6.088097443804145  Train L2 Loss :  0.14578280172348024
Epoch :  30  Epoch time :  6.105401125736535  Train L2 Loss :  0.14359386693239212
Epoch :  31  Epoch time :  6.0888250935822725  Train L2 Loss :  0.1406530984342098
Epoch :  32  Epoch time :  6.084916602820158  Train L2 Loss :  0.1372777641057968
Epoch :  33  Epoch time :  6.099095603451133  Train L2 Loss :  0.13570329931378364
Epoch :  34  Epoch time :  6.099408713169396  Train L2 Loss :  0.1375301817715168
Epoch :  35  Epoch time :  6.094031738117337  Train L2 Loss :  0.13276906747817993
Epoch :  36  Epoch time :  6.1065854681655765  Train L2 Loss :  0.13072110980153084
Epoch :  37  Epoch time :  6.106518388725817  Train L2 Loss :  0.13174869810342787
Epoch :  38  Epoch time :  6.095301850698888  Train L2 Loss :  0.12801954737901688
Epoch :  39  Epoch time :  6.091229849494994  Train L2 Loss :  0.13006634470820427
Epoch :  40  Epoch time :  6.095712902955711  Train L2 Loss :  0.12777601478099823
Epoch :  41  Epoch time :  6.117002257145941  Train L2 Loss :  0.1258971171915531
Epoch :  42  Epoch time :  6.097504071891308  Train L2 Loss :  0.12347799001932144
Epoch :  43  Epoch time :  6.106226751580834  Train L2 Loss :  0.1253540886938572
Epoch :  44  Epoch time :  6.0941615691408515  Train L2 Loss :  0.1219865418791771
Epoch :  45  Epoch time :  6.1183596551418304  Train L2 Loss :  0.11977107604146003
Epoch :  46  Epoch time :  6.114220539107919  Train L2 Loss :  0.12065491110682487
Epoch :  47  Epoch time :  6.095109032467008  Train L2 Loss :  0.12202063340544701
Epoch :  48  Epoch time :  6.098211158066988  Train L2 Loss :  0.11970623942613602
Epoch :  49  Epoch time :  6.118951013311744  Train L2 Loss :  0.11903035095930099
Epoch :  50  Epoch time :  6.1036143116652966  Train L2 Loss :  0.11684086388349534
Epoch :  51  Epoch time :  6.101040800102055  Train L2 Loss :  0.11807889717817306
Epoch :  52  Epoch time :  6.112934750504792  Train L2 Loss :  0.11614954829812049
Epoch :  53  Epoch time :  6.137853257358074  Train L2 Loss :  0.11566484633684158
Epoch :  54  Epoch time :  6.1185250813141465  Train L2 Loss :  0.11641778951883316
Epoch :  55  Epoch time :  6.107029280625284  Train L2 Loss :  0.11371508187055587
Epoch :  56  Epoch time :  6.122605805285275  Train L2 Loss :  0.11295547508597374
Epoch :  57  Epoch time :  6.115940646268427  Train L2 Loss :  0.11216413196325302
Epoch :  58  Epoch time :  6.105298261158168  Train L2 Loss :  0.11133500452637672
Epoch :  59  Epoch time :  6.107241548597813  Train L2 Loss :  0.10836356688141822
Epoch :  60  Epoch time :  6.118505337275565  Train L2 Loss :  0.10993712228536606
Epoch :  61  Epoch time :  6.1105508506298065  Train L2 Loss :  0.10992187145352364
Epoch :  62  Epoch time :  6.109862740151584  Train L2 Loss :  0.10717825018763542
Epoch :  63  Epoch time :  6.105549189262092  Train L2 Loss :  0.10808193691968918
Epoch :  64  Epoch time :  6.124095846898854  Train L2 Loss :  0.10640783951282501
Epoch :  65  Epoch time :  6.108703435398638  Train L2 Loss :  0.10697382026314735
Epoch :  66  Epoch time :  6.109480838291347  Train L2 Loss :  0.105500185495615
Epoch :  67  Epoch time :  6.119917431846261  Train L2 Loss :  0.10690015259385109
Epoch :  68  Epoch time :  6.127122489735484  Train L2 Loss :  0.10296287301778793
Epoch :  69  Epoch time :  6.1119407787919044  Train L2 Loss :  0.10424545981884002
Epoch :  70  Epoch time :  6.111254622228444  Train L2 Loss :  0.10294791830778122
Epoch :  71  Epoch time :  6.113860211335123  Train L2 Loss :  0.10519756191968918
Epoch :  72  Epoch time :  6.132808834314346  Train L2 Loss :  0.10293536921143531
Epoch :  73  Epoch time :  6.114288250915706  Train L2 Loss :  0.10198164640665054
Epoch :  74  Epoch time :  6.114602042362094  Train L2 Loss :  0.10176981442570686
Epoch :  75  Epoch time :  6.12289181817323  Train L2 Loss :  0.101376726603508
Epoch :  76  Epoch time :  6.117926835082471  Train L2 Loss :  0.10048511864542961
Epoch :  77  Epoch time :  6.130330061540008  Train L2 Loss :  0.10059774869680405
Epoch :  78  Epoch time :  6.116656188853085  Train L2 Loss :  0.10280039521455765
Epoch :  79  Epoch time :  6.136379759758711  Train L2 Loss :  0.09811181602478028
Epoch :  80  Epoch time :  6.117431373335421  Train L2 Loss :  0.09871955862045288
Epoch :  81  Epoch time :  6.115891603752971  Train L2 Loss :  0.09974274520277977
Epoch :  82  Epoch time :  6.123826585710049  Train L2 Loss :  0.09844100143313408
Epoch :  83  Epoch time :  6.146483768709004  Train L2 Loss :  0.09822296412587166
Epoch :  84  Epoch time :  6.121710084378719  Train L2 Loss :  0.09909757938981056
Epoch :  85  Epoch time :  6.12141174916178  Train L2 Loss :  0.09800490511655807
Epoch :  86  Epoch time :  6.119135990738869  Train L2 Loss :  0.09775111207962037
Epoch :  87  Epoch time :  6.148935711942613  Train L2 Loss :  0.09719148871302605
Epoch :  88  Epoch time :  6.130259498022497  Train L2 Loss :  0.09680577092766762
Epoch :  89  Epoch time :  6.123107126913965  Train L2 Loss :  0.09572813130021095
Epoch :  90  Epoch time :  6.1252102656289935  Train L2 Loss :  0.09727511555552483
Epoch :  91  Epoch time :  6.139320585876703  Train L2 Loss :  0.09476228175759316
Epoch :  92  Epoch time :  6.126721927896142  Train L2 Loss :  0.09732462660074234
Epoch :  93  Epoch time :  6.127052217721939  Train L2 Loss :  0.09506649887561798
Epoch :  94  Epoch time :  6.132523126900196  Train L2 Loss :  0.09595157504677773
Epoch :  95  Epoch time :  6.143245674669743  Train L2 Loss :  0.09506302250027657
Epoch :  96  Epoch time :  6.128803396597505  Train L2 Loss :  0.09527020507454872
Epoch :  97  Epoch time :  6.134785167872906  Train L2 Loss :  0.09545269502401352
Epoch :  98  Epoch time :  6.143667256459594  Train L2 Loss :  0.0939819187104702
Epoch :  99  Epoch time :  6.130866462364793  Train L2 Loss :  0.09397324913740158
Epoch :  100  Epoch time :  6.138102265074849  Train L2 Loss :  0.07590206008553504
Epoch :  101  Epoch time :  6.1279937122017145  Train L2 Loss :  0.07736982035040856
Epoch :  102  Epoch time :  6.143031775020063  Train L2 Loss :  0.0774293888002634
Epoch :  103  Epoch time :  6.126385602168739  Train L2 Loss :  0.07709403074979782
Epoch :  104  Epoch time :  6.1369726955890656  Train L2 Loss :  0.07752036342918874
Epoch :  105  Epoch time :  6.14314460195601  Train L2 Loss :  0.0769711649030447
Epoch :  106  Epoch time :  6.147292984649539  Train L2 Loss :  0.07710802589058877
Epoch :  107  Epoch time :  6.137015133164823  Train L2 Loss :  0.07645476148128509
Epoch :  108  Epoch time :  6.131155657581985  Train L2 Loss :  0.0771179150223732
Epoch :  109  Epoch time :  6.136967655271292  Train L2 Loss :  0.07639148293733597
Epoch :  110  Epoch time :  6.15328511968255  Train L2 Loss :  0.07668512659072876
Epoch :  111  Epoch time :  6.14640892110765  Train L2 Loss :  0.07663571548461914
Epoch :  112  Epoch time :  6.129430861212313  Train L2 Loss :  0.07604936678409577
Epoch :  113  Epoch time :  6.1416782066226006  Train L2 Loss :  0.076015884116292
Epoch :  114  Epoch time :  6.14730567112565  Train L2 Loss :  0.07602476614713669
Epoch :  115  Epoch time :  6.131796537898481  Train L2 Loss :  0.07611064313054085
Epoch :  116  Epoch time :  6.141680959612131  Train L2 Loss :  0.07546752772927284
Epoch :  117  Epoch time :  6.15785148832947  Train L2 Loss :  0.07558731489181518
Epoch :  118  Epoch time :  6.1360453544184566  Train L2 Loss :  0.07480658722817898
Epoch :  119  Epoch time :  6.129397667944431  Train L2 Loss :  0.07452966112792492
Epoch :  120  Epoch time :  6.122552313841879  Train L2 Loss :  0.07412278043925762
Epoch :  121  Epoch time :  6.147025173529983  Train L2 Loss :  0.07361122701466083
Epoch :  122  Epoch time :  6.148438942618668  Train L2 Loss :  0.07333918957710266
Epoch :  123  Epoch time :  6.1303567588329315  Train L2 Loss :  0.07346528504192829
Epoch :  124  Epoch time :  6.13289903011173  Train L2 Loss :  0.07318104702830315
Epoch :  125  Epoch time :  6.149838267825544  Train L2 Loss :  0.07303787605166435
Epoch :  126  Epoch time :  6.125976578332484  Train L2 Loss :  0.07330608018040657
Epoch :  127  Epoch time :  6.149292256683111  Train L2 Loss :  0.07252951850295067
Epoch :  128  Epoch time :  6.133302144706249  Train L2 Loss :  0.07261169967949391
Epoch :  129  Epoch time :  6.1512008076533675  Train L2 Loss :  0.07287205628454685
Epoch :  130  Epoch time :  6.129495004191995  Train L2 Loss :  0.07233886492550373
Epoch :  131  Epoch time :  6.13068713247776  Train L2 Loss :  0.07274354848265648
Epoch :  132  Epoch time :  6.136167814955115  Train L2 Loss :  0.07217940389513969
Epoch :  133  Epoch time :  6.161355463787913  Train L2 Loss :  0.07223958230018615
Epoch :  134  Epoch time :  6.137100665830076  Train L2 Loss :  0.07235435678660869
Epoch :  135  Epoch time :  6.130037574097514  Train L2 Loss :  0.07170319553315639
Epoch :  136  Epoch time :  6.148614282719791  Train L2 Loss :  0.07216994538307189
Epoch :  137  Epoch time :  6.1424365704879165  Train L2 Loss :  0.07161420309543609
Epoch :  138  Epoch time :  6.142457579262555  Train L2 Loss :  0.0714876099139452
Epoch :  139  Epoch time :  6.143142483197153  Train L2 Loss :  0.07182104123532772
Epoch :  140  Epoch time :  6.150139607489109  Train L2 Loss :  0.07177772485017776
Epoch :  141  Epoch time :  6.134378399699926  Train L2 Loss :  0.07096505526304245
Epoch :  142  Epoch time :  6.133974697440863  Train L2 Loss :  0.0713884278267622
Epoch :  143  Epoch time :  6.1349457539618015  Train L2 Loss :  0.07116196990907192
Epoch :  144  Epoch time :  6.172132366336882  Train L2 Loss :  0.07133897778093815
Epoch :  145  Epoch time :  6.13145534414798  Train L2 Loss :  0.07135601936876775
Epoch :  146  Epoch time :  6.133610205724835  Train L2 Loss :  0.07102919861078262
Epoch :  147  Epoch time :  6.141171656548977  Train L2 Loss :  0.07094254780709744
Epoch :  148  Epoch time :  6.1459652017802  Train L2 Loss :  0.070612998893857
Epoch :  149  Epoch time :  6.13391875103116  Train L2 Loss :  0.07084465321302413
Epoch :  150  Epoch time :  6.150179788470268  Train L2 Loss :  0.0703542237997055
Epoch :  151  Epoch time :  6.135221883654594  Train L2 Loss :  0.07047450478672981
Epoch :  152  Epoch time :  6.150271328166127  Train L2 Loss :  0.06986990100741386
Epoch :  153  Epoch time :  6.133770368993282  Train L2 Loss :  0.07008553812205791
Epoch :  154  Epoch time :  6.134614018723369  Train L2 Loss :  0.06980707297027111
Epoch :  155  Epoch time :  6.169077227823436  Train L2 Loss :  0.06925265935957432
Epoch :  156  Epoch time :  6.135605123825371  Train L2 Loss :  0.07002047942876816
Epoch :  157  Epoch time :  6.13942342903465  Train L2 Loss :  0.06936095894575119
Epoch :  158  Epoch time :  6.141725824214518  Train L2 Loss :  0.06948613459765911
Epoch :  159  Epoch time :  6.150684576481581  Train L2 Loss :  0.06879219852685928
Epoch :  160  Epoch time :  6.1395975491032  Train L2 Loss :  0.06892353458702564
Epoch :  161  Epoch time :  6.156453425064683  Train L2 Loss :  0.06831878708004951
Epoch :  162  Epoch time :  6.141473166644573  Train L2 Loss :  0.06841730496585369
Epoch :  163  Epoch time :  6.155899592675269  Train L2 Loss :  0.06812375985383988
Epoch :  164  Epoch time :  6.140650272369385  Train L2 Loss :  0.06774608054757118
Epoch :  165  Epoch time :  6.139641217887402  Train L2 Loss :  0.06803691694140435
Epoch :  166  Epoch time :  6.1560362204909325  Train L2 Loss :  0.0678616885125637
Epoch :  167  Epoch time :  6.157946337014437  Train L2 Loss :  0.06781388676464557
Epoch :  168  Epoch time :  6.147309098392725  Train L2 Loss :  0.06767578969895839
Epoch :  169  Epoch time :  6.137051587924361  Train L2 Loss :  0.06743689321279525
Epoch :  170  Epoch time :  6.149386617355049  Train L2 Loss :  0.0679106640547514
Epoch :  171  Epoch time :  6.156069342978299  Train L2 Loss :  0.0672427082002163
Epoch :  172  Epoch time :  6.169770592823625  Train L2 Loss :  0.0672279181689024
Epoch :  173  Epoch time :  6.138829805888236  Train L2 Loss :  0.06719512033760548
Epoch :  174  Epoch time :  6.156119399704039  Train L2 Loss :  0.06686100161671639
Epoch :  175  Epoch time :  6.142349526286125  Train L2 Loss :  0.06706321368217469
Epoch :  176  Epoch time :  6.140046398155391  Train L2 Loss :  0.06674566858112813
Epoch :  177  Epoch time :  6.153796353377402  Train L2 Loss :  0.06661591853201389
Epoch :  178  Epoch time :  6.175680443644524  Train L2 Loss :  0.06662719212472439
Epoch :  179  Epoch time :  6.133898188360035  Train L2 Loss :  0.06674074529707431
Epoch :  180  Epoch time :  6.133435170166194  Train L2 Loss :  0.06665763261020184
Epoch :  181  Epoch time :  6.136391851119697  Train L2 Loss :  0.06674070203006267
Epoch :  182  Epoch time :  6.168121523223817  Train L2 Loss :  0.06643999457657337
Epoch :  183  Epoch time :  6.177766993641853  Train L2 Loss :  0.06609017731547355
Epoch :  184  Epoch time :  6.140058470889926  Train L2 Loss :  0.06634584287703037
Epoch :  185  Epoch time :  6.147222043015063  Train L2 Loss :  0.06667091517150402
Epoch :  186  Epoch time :  6.158723458647728  Train L2 Loss :  0.06619209673404694
Epoch :  187  Epoch time :  6.139729762449861  Train L2 Loss :  0.06626447731852532
Epoch :  188  Epoch time :  6.167130903340876  Train L2 Loss :  0.06606243348121643
Epoch :  189  Epoch time :  6.1603257628157735  Train L2 Loss :  0.066429213103652
Epoch :  190  Epoch time :  6.195793119259179  Train L2 Loss :  0.06621256292462349
Epoch :  191  Epoch time :  6.208047357387841  Train L2 Loss :  0.0659627059996128
Epoch :  192  Epoch time :  6.139733962714672  Train L2 Loss :  0.06549002055227757
Epoch :  193  Epoch time :  6.161357204429805  Train L2 Loss :  0.06584386331140996
Epoch :  194  Epoch time :  6.1692676255479455  Train L2 Loss :  0.06556250428855419
Epoch :  195  Epoch time :  6.135695844888687  Train L2 Loss :  0.06529266331493855
Epoch :  196  Epoch time :  6.144180703908205  Train L2 Loss :  0.06493124014437199
Epoch :  197  Epoch time :  6.252088123932481  Train L2 Loss :  0.06524854201078414
Epoch :  198  Epoch time :  6.361700249835849  Train L2 Loss :  0.06515555306077003
Epoch :  199  Epoch time :  6.372774854302406  Train L2 Loss :  0.06495878059864044
Epoch :  200  Epoch time :  6.282522281631827  Train L2 Loss :  0.058311881163716314
Epoch :  201  Epoch time :  6.214062046259642  Train L2 Loss :  0.05873534346222878
Epoch :  202  Epoch time :  6.208251565694809  Train L2 Loss :  0.05893042078018188
Epoch :  203  Epoch time :  6.227612321265042  Train L2 Loss :  0.058796358713507656
Epoch :  204  Epoch time :  6.23520231153816  Train L2 Loss :  0.058863360959291455
Epoch :  205  Epoch time :  6.236632323823869  Train L2 Loss :  0.05869424511492252
Epoch :  206  Epoch time :  6.259432975202799  Train L2 Loss :  0.058755943673849106
Epoch :  207  Epoch time :  6.134458879940212  Train L2 Loss :  0.05876686250567436
Epoch :  208  Epoch time :  6.168362346477807  Train L2 Loss :  0.05864505842030048
Epoch :  209  Epoch time :  6.159185774624348  Train L2 Loss :  0.058656357431411746
Epoch :  210  Epoch time :  6.158558482304215  Train L2 Loss :  0.058545869794487955
Epoch :  211  Epoch time :  6.153270706534386  Train L2 Loss :  0.058517132553458216
Epoch :  212  Epoch time :  6.263048416934907  Train L2 Loss :  0.05845266083776951
Epoch :  213  Epoch time :  6.147171882912517  Train L2 Loss :  0.05842622081935406
Epoch :  214  Epoch time :  6.14113686606288  Train L2 Loss :  0.05827580434679985
Epoch :  215  Epoch time :  6.15872735157609  Train L2 Loss :  0.05840472941994667
Epoch :  216  Epoch time :  6.175352206453681  Train L2 Loss :  0.05823349488079548
Epoch :  217  Epoch time :  6.1391602931544185  Train L2 Loss :  0.05818559672832489
Epoch :  218  Epoch time :  6.147812366485596  Train L2 Loss :  0.058067689350247385
Epoch :  219  Epoch time :  6.141083749011159  Train L2 Loss :  0.05810355877280235
Epoch :  220  Epoch time :  6.161760981194675  Train L2 Loss :  0.05808662795722484
Epoch :  221  Epoch time :  6.167065724730492  Train L2 Loss :  0.05790330395400524
Epoch :  222  Epoch time :  6.141602426767349  Train L2 Loss :  0.058024824655056
Epoch :  223  Epoch time :  6.157123300246894  Train L2 Loss :  0.05786793412268162
Epoch :  224  Epoch time :  6.136928157880902  Train L2 Loss :  0.0578552512973547
Epoch :  225  Epoch time :  6.1460600811988115  Train L2 Loss :  0.057829864591360094
Epoch :  226  Epoch time :  6.170047360472381  Train L2 Loss :  0.05786121653616429
Epoch :  227  Epoch time :  6.16603216715157  Train L2 Loss :  0.057657388731837275
Epoch :  228  Epoch time :  6.152099250815809  Train L2 Loss :  0.05759356409311295
Epoch :  229  Epoch time :  6.153097934089601  Train L2 Loss :  0.057526743987202644
Epoch :  230  Epoch time :  6.150488995015621  Train L2 Loss :  0.05742701579630375
Epoch :  231  Epoch time :  6.189615434966981  Train L2 Loss :  0.05738206931054592
Epoch :  232  Epoch time :  6.153524607419968  Train L2 Loss :  0.057162260845303535
Epoch :  233  Epoch time :  6.145438191480935  Train L2 Loss :  0.05730158078670502
Epoch :  234  Epoch time :  6.139726212248206  Train L2 Loss :  0.05728678502142429
Epoch :  235  Epoch time :  6.1626046393066645  Train L2 Loss :  0.05722166410386562
Epoch :  236  Epoch time :  6.161697426810861  Train L2 Loss :  0.057078245693445204
Epoch :  237  Epoch time :  6.166664848104119  Train L2 Loss :  0.05702854623794556
Epoch :  238  Epoch time :  6.155775502324104  Train L2 Loss :  0.057031526190042495
Epoch :  239  Epoch time :  6.163444409146905  Train L2 Loss :  0.05691073830425739
Epoch :  240  Epoch time :  6.147892363369465  Train L2 Loss :  0.0567763631939888
Epoch :  241  Epoch time :  6.14961305167526  Train L2 Loss :  0.05686018413901329
Epoch :  242  Epoch time :  6.195845620706677  Train L2 Loss :  0.05687423098683357
Epoch :  243  Epoch time :  6.1498098922893405  Train L2 Loss :  0.05670374076962471
Epoch :  244  Epoch time :  6.148479708470404  Train L2 Loss :  0.05667003586292267
Epoch :  245  Epoch time :  6.1491354294121265  Train L2 Loss :  0.05654298483729363
Epoch :  246  Epoch time :  6.165653282776475  Train L2 Loss :  0.056645411479473114
Epoch :  247  Epoch time :  6.174190327525139  Train L2 Loss :  0.056442039799690244
Epoch :  248  Epoch time :  6.165998093783855  Train L2 Loss :  0.05641959690153599
Epoch :  249  Epoch time :  6.146392217837274  Train L2 Loss :  0.0563527428984642
Epoch :  250  Epoch time :  6.164446661248803  Train L2 Loss :  0.05653737695217133
Epoch :  251  Epoch time :  6.149522139690816  Train L2 Loss :  0.056397008043527604
Epoch :  252  Epoch time :  6.165237546898425  Train L2 Loss :  0.05622861469984054
Epoch :  253  Epoch time :  6.160552049987018  Train L2 Loss :  0.056198057159781455
Epoch :  254  Epoch time :  6.165313337929547  Train L2 Loss :  0.0562271523565054
Epoch :  255  Epoch time :  6.1455480344593525  Train L2 Loss :  0.056292013770341875
Epoch :  256  Epoch time :  6.147610108368099  Train L2 Loss :  0.05619507078826427
Epoch :  257  Epoch time :  6.175141706131399  Train L2 Loss :  0.056096615308523175
Epoch :  258  Epoch time :  6.178899026475847  Train L2 Loss :  0.05619069699645043
Epoch :  259  Epoch time :  6.145880550146103  Train L2 Loss :  0.05607100268006325
Epoch :  260  Epoch time :  6.146542555652559  Train L2 Loss :  0.05612117467522621
Epoch :  261  Epoch time :  6.1667076125741005  Train L2 Loss :  0.05609082077741623
Epoch :  262  Epoch time :  6.149690641090274  Train L2 Loss :  0.05592991957068443
Epoch :  263  Epoch time :  6.180122657679021  Train L2 Loss :  0.05602532540857792
Epoch :  264  Epoch time :  6.174372490495443  Train L2 Loss :  0.05600198648869991
Epoch :  265  Epoch time :  10.793272572569549  Train L2 Loss :  0.05581725408732891
Epoch :  266  Epoch time :  6.182961605489254  Train L2 Loss :  0.05584915678799152
Epoch :  267  Epoch time :  6.166608544997871  Train L2 Loss :  0.055717333993315694
Epoch :  268  Epoch time :  6.1667261542752385  Train L2 Loss :  0.05573648327291012
Epoch :  269  Epoch time :  6.186987216584384  Train L2 Loss :  0.0557714176774025
Epoch :  270  Epoch time :  6.16207708325237  Train L2 Loss :  0.05564565593898296
Epoch :  271  Epoch time :  6.151968811638653  Train L2 Loss :  0.055591925576329235
Epoch :  272  Epoch time :  9.11240422911942  Train L2 Loss :  0.05573985684812069
Epoch :  273  Epoch time :  11.058404935523868  Train L2 Loss :  0.05569985294342041
Epoch :  274  Epoch time :  6.230600606650114  Train L2 Loss :  0.05554507861733437
Epoch :  275  Epoch time :  6.177026113495231  Train L2 Loss :  0.05564292510151863
Epoch :  276  Epoch time :  6.165801047347486  Train L2 Loss :  0.055512439239025116
Epoch :  277  Epoch time :  6.153194781392813  Train L2 Loss :  0.05554046157002449
Epoch :  278  Epoch time :  6.167788442224264  Train L2 Loss :  0.05549580899775028
Epoch :  279  Epoch time :  6.151307373307645  Train L2 Loss :  0.05546692306399345
Epoch :  280  Epoch time :  6.169530644081533  Train L2 Loss :  0.05555152121186256
Epoch :  281  Epoch time :  6.175356594845653  Train L2 Loss :  0.05534894549548626
Epoch :  282  Epoch time :  6.1834125481545925  Train L2 Loss :  0.05539717724919319
Epoch :  283  Epoch time :  6.158270824700594  Train L2 Loss :  0.055403984385728834
Epoch :  284  Epoch time :  6.157386462204158  Train L2 Loss :  0.0553401099294424
Epoch :  285  Epoch time :  6.151926405727863  Train L2 Loss :  0.05530074595808983
Epoch :  286  Epoch time :  6.20807996019721  Train L2 Loss :  0.05548338000178337
Epoch :  287  Epoch time :  6.173207860440016  Train L2 Loss :  0.055266477394104
Epoch :  288  Epoch time :  6.156423417851329  Train L2 Loss :  0.055271854704618456
Epoch :  289  Epoch time :  6.156200692988932  Train L2 Loss :  0.05521214751303196
Epoch :  290  Epoch time :  6.161961918696761  Train L2 Loss :  0.05513607312440872
Epoch :  291  Epoch time :  6.156893295235932  Train L2 Loss :  0.05519232399761677
Epoch :  292  Epoch time :  6.180435032583773  Train L2 Loss :  0.0552609877794981
Epoch :  293  Epoch time :  6.18683101516217  Train L2 Loss :  0.05517591181993484
Epoch :  294  Epoch time :  6.150948874652386  Train L2 Loss :  0.055065102663636206
Epoch :  295  Epoch time :  6.15616387501359  Train L2 Loss :  0.05510548316240311
Epoch :  296  Epoch time :  6.1649534199386835  Train L2 Loss :  0.05511452568471432
Epoch :  297  Epoch time :  6.1724282298237085  Train L2 Loss :  0.055206895604729654
Epoch :  298  Epoch time :  6.181814293377101  Train L2 Loss :  0.05502215152680874
Epoch :  299  Epoch time :  6.16110588144511  Train L2 Loss :  0.055006831842660905
Epoch :  300  Epoch time :  6.152784655801952  Train L2 Loss :  0.052144280046224595
Epoch :  301  Epoch time :  6.174254911951721  Train L2 Loss :  0.05233840789198876
Epoch :  302  Epoch time :  6.152335304766893  Train L2 Loss :  0.05228594088554382
Epoch :  303  Epoch time :  6.155650197528303  Train L2 Loss :  0.05234571127891541
Epoch :  304  Epoch time :  6.184652214869857  Train L2 Loss :  0.052282756331563
Epoch :  305  Epoch time :  6.175727933645248  Train L2 Loss :  0.052347757917642596
Epoch :  306  Epoch time :  6.160363644361496  Train L2 Loss :  0.05230902915894985
Epoch :  307  Epoch time :  6.14945416431874  Train L2 Loss :  0.052291014790534975
Epoch :  308  Epoch time :  6.168048189021647  Train L2 Loss :  0.05223989982903004
Epoch :  309  Epoch time :  6.160372938960791  Train L2 Loss :  0.052243875381350516
Epoch :  310  Epoch time :  6.180442365817726  Train L2 Loss :  0.05222944716215134
Epoch :  311  Epoch time :  6.1550317741930485  Train L2 Loss :  0.0522555178374052
Epoch :  312  Epoch time :  6.164728036150336  Train L2 Loss :  0.05221609352529049
Epoch :  313  Epoch time :  6.15109027735889  Train L2 Loss :  0.05218129344880581
Epoch :  314  Epoch time :  6.1539473151788116  Train L2 Loss :  0.05219349056482315
Epoch :  315  Epoch time :  6.172412582673132  Train L2 Loss :  0.05215425266623497
Epoch :  316  Epoch time :  6.205224654637277  Train L2 Loss :  0.05216436566710472
Epoch :  317  Epoch time :  6.154850019142032  Train L2 Loss :  0.05216607242524624
Epoch :  318  Epoch time :  6.150841698050499  Train L2 Loss :  0.05209492387771607
Epoch :  319  Epoch time :  6.147852146998048  Train L2 Loss :  0.052120482099056245
Epoch :  320  Epoch time :  6.165957372635603  Train L2 Loss :  0.052110700657963756
Epoch :  321  Epoch time :  6.176679402589798  Train L2 Loss :  0.05211428089737892
Epoch :  322  Epoch time :  6.172192540951073  Train L2 Loss :  0.05210167166590691
Epoch :  323  Epoch time :  6.15179403219372  Train L2 Loss :  0.05213676325976849
Epoch :  324  Epoch time :  6.158722414635122  Train L2 Loss :  0.05208750167787075
Epoch :  325  Epoch time :  6.14886514749378  Train L2 Loss :  0.0520501859664917
Epoch :  326  Epoch time :  6.163543401286006  Train L2 Loss :  0.05201702719330788
Epoch :  327  Epoch time :  6.199110874906182  Train L2 Loss :  0.05211146123111248
Epoch :  328  Epoch time :  6.171402453444898  Train L2 Loss :  0.05201942068636417
Epoch :  329  Epoch time :  6.147494550794363  Train L2 Loss :  0.05201570907235146
Epoch :  330  Epoch time :  6.155031778849661  Train L2 Loss :  0.05200708682537079
Epoch :  331  Epoch time :  6.16693449113518  Train L2 Loss :  0.05206940060555935
Epoch :  332  Epoch time :  6.160841402597725  Train L2 Loss :  0.051925311553478244
Epoch :  333  Epoch time :  6.182426359504461  Train L2 Loss :  0.0519982857376337
Epoch :  334  Epoch time :  6.17264152970165  Train L2 Loss :  0.0519360255241394
Epoch :  335  Epoch time :  6.1667162999510765  Train L2 Loss :  0.05197282609343529
Epoch :  336  Epoch time :  6.166005206294358  Train L2 Loss :  0.05196668581366539
Epoch :  337  Epoch time :  6.149132817052305  Train L2 Loss :  0.05194466623365879
Epoch :  338  Epoch time :  6.150640854611993  Train L2 Loss :  0.05190830413997173
Epoch :  339  Epoch time :  6.204865111038089  Train L2 Loss :  0.0519446883559227
Epoch :  340  Epoch time :  6.169018120504916  Train L2 Loss :  0.05187811968028545
Epoch :  341  Epoch time :  6.148900010623038  Train L2 Loss :  0.05187091569900513
Epoch :  342  Epoch time :  6.167134586721659  Train L2 Loss :  0.05188100700378418
Epoch :  343  Epoch time :  6.147154566831887  Train L2 Loss :  0.051843965646624565
Epoch :  344  Epoch time :  6.158904899843037  Train L2 Loss :  0.05190657912194729
Epoch :  345  Epoch time :  6.184758672490716  Train L2 Loss :  0.051872648575901986
Epoch :  346  Epoch time :  6.192191747017205  Train L2 Loss :  0.05183251879811287
Epoch :  347  Epoch time :  6.149134019389749  Train L2 Loss :  0.051839716136455535
Epoch :  348  Epoch time :  6.146329558454454  Train L2 Loss :  0.05178710734248161
Epoch :  349  Epoch time :  6.147189204581082  Train L2 Loss :  0.051790792092680935
Epoch :  350  Epoch time :  6.192148600704968  Train L2 Loss :  0.05184752019643783
Epoch :  351  Epoch time :  6.17800088878721  Train L2 Loss :  0.05179916031062603
Epoch :  352  Epoch time :  6.1595465540885925  Train L2 Loss :  0.05180589742362499
Epoch :  353  Epoch time :  6.151143230497837  Train L2 Loss :  0.05174562024772167
Epoch :  354  Epoch time :  6.169051670469344  Train L2 Loss :  0.05175561802387237
Epoch :  355  Epoch time :  6.1508337846025825  Train L2 Loss :  0.05175731141269207
Epoch :  356  Epoch time :  6.185822079889476  Train L2 Loss :  0.05174200873076916
Epoch :  357  Epoch time :  6.17684234213084  Train L2 Loss :  0.0517376899600029
Epoch :  358  Epoch time :  6.182015888392925  Train L2 Loss :  0.05170651610195637
Epoch :  359  Epoch time :  6.157523180358112  Train L2 Loss :  0.05167015924751758
Epoch :  360  Epoch time :  6.153970469720662  Train L2 Loss :  0.05170598678588867
Epoch :  361  Epoch time :  6.177081814967096  Train L2 Loss :  0.05167158468365669
Epoch :  362  Epoch time :  6.184998570010066  Train L2 Loss :  0.05170970947742462
Epoch :  363  Epoch time :  6.176377644762397  Train L2 Loss :  0.051711715862154964
Epoch :  364  Epoch time :  6.15340287424624  Train L2 Loss :  0.05168697725236416
Epoch :  365  Epoch time :  6.17299378849566  Train L2 Loss :  0.05166233304440975
Epoch :  366  Epoch time :  6.169016921892762  Train L2 Loss :  0.05165186865329743
Epoch :  367  Epoch time :  6.153827373869717  Train L2 Loss :  0.05162497001886368
Epoch :  368  Epoch time :  6.1842072661966085  Train L2 Loss :  0.05164320123791695
Epoch :  369  Epoch time :  6.192084260284901  Train L2 Loss :  0.051598569551110265
Epoch :  370  Epoch time :  6.156566150486469  Train L2 Loss :  0.05157781774699688
Epoch :  371  Epoch time :  6.151930465362966  Train L2 Loss :  0.05160677482187748
Epoch :  372  Epoch time :  6.151310139335692  Train L2 Loss :  0.05158281300663948
Epoch :  373  Epoch time :  6.178347420878708  Train L2 Loss :  0.051586234173178674
Epoch :  374  Epoch time :  6.190855227410793  Train L2 Loss :  0.051512090292572976
Epoch :  375  Epoch time :  6.174615693278611  Train L2 Loss :  0.05151779613494873
Epoch :  376  Epoch time :  6.1722673093900084  Train L2 Loss :  0.05154016203284264
Epoch :  377  Epoch time :  6.159175319597125  Train L2 Loss :  0.05155145515203476
Epoch :  378  Epoch time :  6.153327101841569  Train L2 Loss :  0.05156260592341423
Epoch :  379  Epoch time :  6.166304076090455  Train L2 Loss :  0.05147957035005093
Epoch :  380  Epoch time :  6.205025108531117  Train L2 Loss :  0.05143428324460983
Epoch :  381  Epoch time :  6.178075931966305  Train L2 Loss :  0.051492787289619445
Epoch :  382  Epoch time :  6.150985344313085  Train L2 Loss :  0.05143087951540947
Epoch :  383  Epoch time :  6.152696835808456  Train L2 Loss :  0.051466569513082504
Epoch :  384  Epoch time :  6.167852696962655  Train L2 Loss :  0.051439488244056704
Epoch :  385  Epoch time :  6.179280390031636  Train L2 Loss :  0.0513974740922451
Epoch :  386  Epoch time :  6.189907361753285  Train L2 Loss :  0.05148338912129402
Epoch :  387  Epoch time :  6.166343762539327  Train L2 Loss :  0.05140690170824528
Epoch :  388  Epoch time :  6.175510589964688  Train L2 Loss :  0.051479260569810864
Epoch :  389  Epoch time :  6.151657124981284  Train L2 Loss :  0.051318599799275395
Epoch :  390  Epoch time :  6.2463146494701505  Train L2 Loss :  0.051440157088637355
Epoch :  391  Epoch time :  6.3954814644530416  Train L2 Loss :  0.05138244305551052
Epoch :  392  Epoch time :  6.4181036446243525  Train L2 Loss :  0.05135499601364136
Epoch :  393  Epoch time :  6.324080998077989  Train L2 Loss :  0.0513539806842804
Epoch :  394  Epoch time :  6.225058767944574  Train L2 Loss :  0.05131282674670219
Epoch :  395  Epoch time :  6.247429291717708  Train L2 Loss :  0.05136530041694641
Epoch :  396  Epoch time :  6.275704884901643  Train L2 Loss :  0.05133045891821385
Epoch :  397  Epoch time :  6.299856910482049  Train L2 Loss :  0.051313919791579246
Epoch :  398  Epoch time :  6.289577540010214  Train L2 Loss :  0.051343246173858645
Epoch :  399  Epoch time :  6.300999369472265  Train L2 Loss :  0.05129668908119202
Epoch :  400  Epoch time :  6.141314673237503  Train L2 Loss :  0.049928187423944476
Epoch :  401  Epoch time :  6.144071496091783  Train L2 Loss :  0.049973102447390554
Epoch :  402  Epoch time :  6.146673870272934  Train L2 Loss :  0.050005327901244165
Epoch :  403  Epoch time :  6.202473737299442  Train L2 Loss :  0.049959068644046783
Epoch :  404  Epoch time :  6.183446945622563  Train L2 Loss :  0.049968335109949115
Epoch :  405  Epoch time :  6.268819682300091  Train L2 Loss :  0.04998458805382252
Epoch :  406  Epoch time :  6.2132940627634525  Train L2 Loss :  0.04996019929051399
Epoch :  407  Epoch time :  6.396959960460663  Train L2 Loss :  0.04996501812040806
Epoch :  408  Epoch time :  6.39882031083107  Train L2 Loss :  0.04995000339150429
Epoch :  409  Epoch time :  6.368386168032885  Train L2 Loss :  0.04992736766934395
Epoch :  410  Epoch time :  6.28938452899456  Train L2 Loss :  0.04994571658074856
Epoch :  411  Epoch time :  6.219101149588823  Train L2 Loss :  0.04992017382085323
Epoch :  412  Epoch time :  6.2691182335838675  Train L2 Loss :  0.04991196998059749
Epoch :  413  Epoch time :  6.268719959072769  Train L2 Loss :  0.04989581106901169
Epoch :  414  Epoch time :  6.30630442686379  Train L2 Loss :  0.04988459720909595
Epoch :  415  Epoch time :  6.308299710042775  Train L2 Loss :  0.0498871066480875
Epoch :  416  Epoch time :  6.207674306817353  Train L2 Loss :  0.04986881346404552
Epoch :  417  Epoch time :  6.146950618363917  Train L2 Loss :  0.04987705328464508
Epoch :  418  Epoch time :  6.1590324230492115  Train L2 Loss :  0.04986799980401993
Epoch :  419  Epoch time :  6.197788512334228  Train L2 Loss :  0.04986202836036682
Epoch :  420  Epoch time :  6.198554407805204  Train L2 Loss :  0.049835264247655865
Epoch :  421  Epoch time :  6.305602362379432  Train L2 Loss :  0.04984670958817005
Epoch :  422  Epoch time :  6.401342578232288  Train L2 Loss :  0.049811854907870295
Epoch :  423  Epoch time :  6.3888747822493315  Train L2 Loss :  0.04983250645697117
Epoch :  424  Epoch time :  6.326592191122472  Train L2 Loss :  0.04983361750841141
Epoch :  425  Epoch time :  6.267033753916621  Train L2 Loss :  0.0498116560459137
Epoch :  426  Epoch time :  6.306896355934441  Train L2 Loss :  0.04981241015791893
Epoch :  427  Epoch time :  6.315394655801356  Train L2 Loss :  0.04980972563624382
Epoch :  428  Epoch time :  6.29054400138557  Train L2 Loss :  0.04978332201838493
Epoch :  429  Epoch time :  6.295396904461086  Train L2 Loss :  0.0497896225720644
Epoch :  430  Epoch time :  6.2990886671468616  Train L2 Loss :  0.049750831404328344
Epoch :  431  Epoch time :  6.216748547740281  Train L2 Loss :  0.04972838239371777
Epoch :  432  Epoch time :  6.249922883696854  Train L2 Loss :  0.04977090920507908
Epoch :  433  Epoch time :  6.270727488212287  Train L2 Loss :  0.04975844066441059
Epoch :  434  Epoch time :  6.172659755684435  Train L2 Loss :  0.049712363815307616
Epoch :  435  Epoch time :  6.168122812174261  Train L2 Loss :  0.049751089817285536
Epoch :  436  Epoch time :  6.199317098595202  Train L2 Loss :  0.0497255529910326
Epoch :  437  Epoch time :  6.1940545830875635  Train L2 Loss :  0.0497163525134325
Epoch :  438  Epoch time :  6.200731699354947  Train L2 Loss :  0.04967399556934834
Epoch :  439  Epoch time :  6.188252557069063  Train L2 Loss :  0.049681506150960925
Epoch :  440  Epoch time :  6.184797406196594  Train L2 Loss :  0.049695507419109344
Epoch :  441  Epoch time :  6.168357633985579  Train L2 Loss :  0.04969402238428593
Epoch :  442  Epoch time :  6.174196349456906  Train L2 Loss :  0.049653667306900025
Epoch :  443  Epoch time :  6.20094037335366  Train L2 Loss :  0.049639900597929956
Epoch :  444  Epoch time :  6.211644890718162  Train L2 Loss :  0.04963965912461281
Epoch :  445  Epoch time :  6.191269786097109  Train L2 Loss :  0.04963405580222607
Epoch :  446  Epoch time :  6.180692797526717  Train L2 Loss :  0.04963227613270283
Epoch :  447  Epoch time :  6.170137977227569  Train L2 Loss :  0.049595227637887
Epoch :  448  Epoch time :  6.18871286790818  Train L2 Loss :  0.049592509883642194
Epoch :  449  Epoch time :  6.208801690489054  Train L2 Loss :  0.04959299440085888
Epoch :  450  Epoch time :  6.195678029209375  Train L2 Loss :  0.049617155933380126
Epoch :  451  Epoch time :  6.197733847424388  Train L2 Loss :  0.0495981381893158
Epoch :  452  Epoch time :  6.1632503075525165  Train L2 Loss :  0.049558222779631615
Epoch :  453  Epoch time :  6.164930233731866  Train L2 Loss :  0.04956294901072979
Epoch :  454  Epoch time :  6.166994691826403  Train L2 Loss :  0.0495852653324604
Epoch :  455  Epoch time :  6.22589823231101  Train L2 Loss :  0.049536252722144125
Epoch :  456  Epoch time :  6.204693483188748  Train L2 Loss :  0.04951906971037388
Epoch :  457  Epoch time :  6.176276852376759  Train L2 Loss :  0.04951368393301964
Epoch :  458  Epoch time :  6.163478326052427  Train L2 Loss :  0.04950595134794712
Epoch :  459  Epoch time :  6.182908355258405  Train L2 Loss :  0.04950742365419865
Epoch :  460  Epoch time :  6.185133687220514  Train L2 Loss :  0.04949347248375416
Epoch :  461  Epoch time :  6.1940393364056945  Train L2 Loss :  0.04949937676787376
Epoch :  462  Epoch time :  6.197114405222237  Train L2 Loss :  0.04948834925889969
Epoch :  463  Epoch time :  6.184242760762572  Train L2 Loss :  0.049466046258807184
Epoch :  464  Epoch time :  6.164999485947192  Train L2 Loss :  0.0494731653124094
Epoch :  465  Epoch time :  6.169411942362785  Train L2 Loss :  0.04943829370737076
Epoch :  466  Epoch time :  6.217940607108176  Train L2 Loss :  0.04942449335157871
Epoch :  467  Epoch time :  6.1989562613889575  Train L2 Loss :  0.04943462818264961
Epoch :  468  Epoch time :  6.194932194426656  Train L2 Loss :  0.049390931215882304
Epoch :  469  Epoch time :  6.172606152482331  Train L2 Loss :  0.04938804562985897
Epoch :  470  Epoch time :  6.186876982450485  Train L2 Loss :  0.04937931196093559
Epoch :  471  Epoch time :  6.170572157949209  Train L2 Loss :  0.049392107030749324
Epoch :  472  Epoch time :  6.197948640212417  Train L2 Loss :  0.049367220997810365
Epoch :  473  Epoch time :  6.198331952095032  Train L2 Loss :  0.04935981490910053
Epoch :  474  Epoch time :  6.208386316895485  Train L2 Loss :  0.049312111496925354
Epoch :  475  Epoch time :  6.171441824175417  Train L2 Loss :  0.049326236635446545
Epoch :  476  Epoch time :  6.179355137981474  Train L2 Loss :  0.04933145367503166
Epoch :  477  Epoch time :  6.177339018322527  Train L2 Loss :  0.049297243052721026
Epoch :  478  Epoch time :  6.2205613581463695  Train L2 Loss :  0.04929682281911373
Epoch :  479  Epoch time :  6.196978653781116  Train L2 Loss :  0.0492794097006321
Epoch :  480  Epoch time :  6.183964648284018  Train L2 Loss :  0.04924588098227978
Epoch :  481  Epoch time :  6.168269790709019  Train L2 Loss :  0.04926560083329678
Epoch :  482  Epoch time :  6.185023307800293  Train L2 Loss :  0.049246566370129585
Epoch :  483  Epoch time :  6.169696261174977  Train L2 Loss :  0.04921862447857857
Epoch :  484  Epoch time :  6.207488144747913  Train L2 Loss :  0.04923809922635555
Epoch :  485  Epoch time :  6.215414170175791  Train L2 Loss :  0.04921928154826164
Epoch :  486  Epoch time :  6.197549084201455  Train L2 Loss :  0.04919803297817707
Epoch :  487  Epoch time :  6.169827961362898  Train L2 Loss :  0.049162482234835624
Epoch :  488  Epoch time :  6.170839438214898  Train L2 Loss :  0.04918987809717655
Epoch :  489  Epoch time :  6.191129178740084  Train L2 Loss :  0.049147980013489724
Epoch :  490  Epoch time :  6.208528510294855  Train L2 Loss :  0.049149951431155206
Epoch :  491  Epoch time :  6.180990950204432  Train L2 Loss :  0.04915464343726635
Epoch :  492  Epoch time :  6.1598921697586775  Train L2 Loss :  0.0491438620775938
Epoch :  493  Epoch time :  6.172640021890402  Train L2 Loss :  0.04910338214039803
Epoch :  494  Epoch time :  6.154788451269269  Train L2 Loss :  0.04911856645941734
Epoch :  495  Epoch time :  6.174014498479664  Train L2 Loss :  0.049108098137378695
Epoch :  496  Epoch time :  6.200022730976343  Train L2 Loss :  0.049075603613257406
Epoch :  497  Epoch time :  6.199079942889512  Train L2 Loss :  0.049090052330493926
Epoch :  498  Epoch time :  6.158752845600247  Train L2 Loss :  0.049093429869413376
Epoch :  499  Epoch time :  6.157463197596371  Train L2 Loss :  0.04904250293076038
Epoch :  500  Epoch time :  6.172753582708538  Train L2 Loss :  0.048354217940568926
Epoch :  501  Epoch time :  6.180418120697141  Train L2 Loss :  0.04836965609490872
Epoch :  502  Epoch time :  6.187387585639954  Train L2 Loss :  0.048355572238564494
Epoch :  503  Epoch time :  6.179749798029661  Train L2 Loss :  0.04836213605701924
Epoch :  504  Epoch time :  6.175780319608748  Train L2 Loss :  0.04835000865459442
Epoch :  505  Epoch time :  6.159951240755618  Train L2 Loss :  0.048338463160395626
Epoch :  506  Epoch time :  6.174063036218286  Train L2 Loss :  0.04833407633602619
Epoch :  507  Epoch time :  6.1958584589883685  Train L2 Loss :  0.048325138488411905
Epoch :  508  Epoch time :  6.2036695666611195  Train L2 Loss :  0.048297015523910525
Epoch :  509  Epoch time :  6.1740682208910584  Train L2 Loss :  0.04831793187260628
Epoch :  510  Epoch time :  6.157200085930526  Train L2 Loss :  0.04829601711034775
Epoch :  511  Epoch time :  6.160497203469276  Train L2 Loss :  0.048302378442883494
Epoch :  512  Epoch time :  6.1902663158252835  Train L2 Loss :  0.04829407929480076
Epoch :  513  Epoch time :  6.196640186011791  Train L2 Loss :  0.048286837637424466
Epoch :  514  Epoch time :  6.187067115679383  Train L2 Loss :  0.048283163368701934
Epoch :  515  Epoch time :  6.182710388675332  Train L2 Loss :  0.04827630963325501
Epoch :  516  Epoch time :  6.170497749000788  Train L2 Loss :  0.04826857770681381
Epoch :  517  Epoch time :  6.160972208715975  Train L2 Loss :  0.04827465617656708
Epoch :  518  Epoch time :  6.188781489618123  Train L2 Loss :  0.04824572474062443
Epoch :  519  Epoch time :  6.208133775740862  Train L2 Loss :  0.04824545984864235
Epoch :  520  Epoch time :  6.1811692584306  Train L2 Loss :  0.04823584544360637
Epoch :  521  Epoch time :  6.1624229196459055  Train L2 Loss :  0.048234399926662445
Epoch :  522  Epoch time :  6.159629168920219  Train L2 Loss :  0.04824205522537232
Epoch :  523  Epoch time :  6.186654757708311  Train L2 Loss :  0.04822530038356781
Epoch :  524  Epoch time :  6.208298877812922  Train L2 Loss :  0.0482277776747942
Epoch :  525  Epoch time :  6.185122411698103  Train L2 Loss :  0.04822254606485367
Epoch :  526  Epoch time :  6.185363343916833  Train L2 Loss :  0.04819844097495079
Epoch :  527  Epoch time :  6.182264119386673  Train L2 Loss :  0.048200000822544095
Epoch :  528  Epoch time :  6.164092436432838  Train L2 Loss :  0.04819419531226158
Epoch :  529  Epoch time :  6.166468841955066  Train L2 Loss :  0.04819213941693306
Epoch :  530  Epoch time :  6.203374542295933  Train L2 Loss :  0.048180169934034345
Epoch :  531  Epoch time :  6.201844695024192  Train L2 Loss :  0.048172323963046076
Epoch :  532  Epoch time :  6.160203015431762  Train L2 Loss :  0.04815489422678947
Epoch :  533  Epoch time :  6.158540803939104  Train L2 Loss :  0.048190380772948266
Epoch :  534  Epoch time :  6.167064140550792  Train L2 Loss :  0.04816583870649338
Epoch :  535  Epoch time :  6.1594528099521995  Train L2 Loss :  0.048156852266192436
Epoch :  536  Epoch time :  6.203108384273946  Train L2 Loss :  0.04815127008259296
Epoch :  537  Epoch time :  6.177946824580431  Train L2 Loss :  0.04814443046152592
Epoch :  538  Epoch time :  6.189282046630979  Train L2 Loss :  0.04813015195429325
Epoch :  539  Epoch time :  6.152682944200933  Train L2 Loss :  0.048143209755420684
Epoch :  540  Epoch time :  6.161957461386919  Train L2 Loss :  0.04812035450339317
Epoch :  541  Epoch time :  6.352921978570521  Train L2 Loss :  0.048114403572678564
Epoch :  542  Epoch time :  6.4215265065431595  Train L2 Loss :  0.048121188244223595
Epoch :  543  Epoch time :  6.377807070501149  Train L2 Loss :  0.04811486017107964
Epoch :  544  Epoch time :  6.274442324414849  Train L2 Loss :  0.048085969722270964
Epoch :  545  Epoch time :  6.212810693308711  Train L2 Loss :  0.0480924774646759
Epoch :  546  Epoch time :  6.29631410818547  Train L2 Loss :  0.04808196509182453
Epoch :  547  Epoch time :  6.268806048668921  Train L2 Loss :  0.048081309822201726
Epoch :  548  Epoch time :  6.292181494645774  Train L2 Loss :  0.04806381381750107
Epoch :  549  Epoch time :  6.313053198158741  Train L2 Loss :  0.04807925295829773
Epoch :  550  Epoch time :  6.210980288684368  Train L2 Loss :  0.048066668337583544
Epoch :  551  Epoch time :  6.124666726216674  Train L2 Loss :  0.048050884759426114
Epoch :  552  Epoch time :  6.137040180154145  Train L2 Loss :  0.04804935460686684
Epoch :  553  Epoch time :  6.153219521045685  Train L2 Loss :  0.04803128324151039
Epoch :  554  Epoch time :  6.176749327220023  Train L2 Loss :  0.048030314621329305
Epoch :  555  Epoch time :  6.215760480612516  Train L2 Loss :  0.048028460425138475
Epoch :  556  Epoch time :  6.386835597455502  Train L2 Loss :  0.04802147356271744
Epoch :  557  Epoch time :  6.371331159025431  Train L2 Loss :  0.04801284377574921
Epoch :  558  Epoch time :  6.318364107050002  Train L2 Loss :  0.04801290834248066
Epoch :  559  Epoch time :  6.2330998899415135  Train L2 Loss :  0.04800952688157559
Epoch :  560  Epoch time :  6.249301651492715  Train L2 Loss :  0.047992453348636624
Epoch :  561  Epoch time :  6.297256486490369  Train L2 Loss :  0.04800307850241661
Epoch :  562  Epoch time :  6.274864824488759  Train L2 Loss :  0.04801246725916863
Epoch :  563  Epoch time :  6.243535710498691  Train L2 Loss :  0.04797552741467953
Epoch :  564  Epoch time :  6.281223979778588  Train L2 Loss :  0.047981023418903354
Epoch :  565  Epoch time :  6.201821190305054  Train L2 Loss :  0.04798605681657791
Epoch :  566  Epoch time :  6.1761604798957705  Train L2 Loss :  0.04797297149300575
Epoch :  567  Epoch time :  6.320640813559294  Train L2 Loss :  0.047970270228385924
Epoch :  568  Epoch time :  6.291111224330962  Train L2 Loss :  0.04798574910461902
Epoch :  569  Epoch time :  6.257535516284406  Train L2 Loss :  0.04796842604875565
Epoch :  570  Epoch time :  6.141387236304581  Train L2 Loss :  0.0479557264149189
Epoch :  571  Epoch time :  6.130355737172067  Train L2 Loss :  0.04795912888944149
Epoch :  572  Epoch time :  6.172885182313621  Train L2 Loss :  0.04792186774611473
Epoch :  573  Epoch time :  6.1695530181750655  Train L2 Loss :  0.04793485694229603
Epoch :  574  Epoch time :  6.143872649408877  Train L2 Loss :  0.04793963127732277
Epoch :  575  Epoch time :  6.143157814629376  Train L2 Loss :  0.04792559216618538
Epoch :  576  Epoch time :  6.142730467952788  Train L2 Loss :  0.047918906265497205
Epoch :  577  Epoch time :  6.124458466656506  Train L2 Loss :  0.04791735174953937
Epoch :  578  Epoch time :  6.153005982749164  Train L2 Loss :  0.04791286064684391
Epoch :  579  Epoch time :  6.177936973981559  Train L2 Loss :  0.04790968573093414
Epoch :  580  Epoch time :  6.151941546238959  Train L2 Loss :  0.04791241674721241
Epoch :  581  Epoch time :  6.134308040142059  Train L2 Loss :  0.04789779832661152
Epoch :  582  Epoch time :  6.126998106017709  Train L2 Loss :  0.047885298362374304
Epoch :  583  Epoch time :  6.1516013238579035  Train L2 Loss :  0.047901850178837774
Epoch :  584  Epoch time :  6.161352031864226  Train L2 Loss :  0.04788308603465557
Epoch :  585  Epoch time :  6.167708818800747  Train L2 Loss :  0.047898465171456336
Epoch :  586  Epoch time :  6.162163304165006  Train L2 Loss :  0.0478850349098444
Epoch :  587  Epoch time :  6.147434904240072  Train L2 Loss :  0.04786985266804695
Epoch :  588  Epoch time :  6.129887993447483  Train L2 Loss :  0.047887164625525475
Epoch :  589  Epoch time :  6.132345113903284  Train L2 Loss :  0.04785191741883755
Epoch :  590  Epoch time :  6.144520598463714  Train L2 Loss :  0.047859828236699105
Epoch :  591  Epoch time :  6.189920705743134  Train L2 Loss :  0.047849738290905955
Epoch :  592  Epoch time :  6.156444238498807  Train L2 Loss :  0.04784498292803764
Epoch :  593  Epoch time :  6.12957729678601  Train L2 Loss :  0.04784913046061993
Epoch :  594  Epoch time :  6.124739137478173  Train L2 Loss :  0.04783635532855988
Epoch :  595  Epoch time :  6.143927273340523  Train L2 Loss :  0.047841008883714675
Epoch :  596  Epoch time :  6.133660787716508  Train L2 Loss :  0.04782527854442596
Epoch :  597  Epoch time :  6.172864409163594  Train L2 Loss :  0.047822227823734284
Epoch :  598  Epoch time :  6.167594191618264  Train L2 Loss :  0.04781902110874653
Epoch :  599  Epoch time :  6.130108845420182  Train L2 Loss :  0.04781661067903042
Epoch :  600  Epoch time :  6.122352937236428  Train L2 Loss :  0.047456803950667384
Epoch :  601  Epoch time :  6.127410754561424  Train L2 Loss :  0.04743368799984455
Epoch :  602  Epoch time :  6.145762256346643  Train L2 Loss :  0.04743013616502285
Epoch :  603  Epoch time :  6.16904138494283  Train L2 Loss :  0.04743826896250248
Epoch :  604  Epoch time :  6.157312931492925  Train L2 Loss :  0.04744334599375725
Epoch :  605  Epoch time :  6.134300464764237  Train L2 Loss :  0.04742714110910892
Epoch :  606  Epoch time :  6.148011810146272  Train L2 Loss :  0.047431797364354135
Epoch :  607  Epoch time :  6.124365426599979  Train L2 Loss :  0.04743648425936699
Epoch :  608  Epoch time :  6.123649603687227  Train L2 Loss :  0.04741303776502609
Epoch :  609  Epoch time :  6.166200287640095  Train L2 Loss :  0.047423518559336665
Epoch :  610  Epoch time :  6.1718328995630145  Train L2 Loss :  0.047422686862945554
Epoch :  611  Epoch time :  6.140586877241731  Train L2 Loss :  0.04741912085711956
Epoch :  612  Epoch time :  6.124509202316403  Train L2 Loss :  0.04741691792309284
Epoch :  613  Epoch time :  6.122831954620779  Train L2 Loss :  0.047414118775725364
Epoch :  614  Epoch time :  6.139801410958171  Train L2 Loss :  0.047397796434164044
Epoch :  615  Epoch time :  6.1573123363777995  Train L2 Loss :  0.04740623071491718
Epoch :  616  Epoch time :  6.168699775822461  Train L2 Loss :  0.04740083957016468
Epoch :  617  Epoch time :  6.1701217368245125  Train L2 Loss :  0.047408012571930884
Epoch :  618  Epoch time :  6.128127534873784  Train L2 Loss :  0.047405310931801795
Epoch :  619  Epoch time :  6.123753285035491  Train L2 Loss :  0.0473830237030983
Epoch :  620  Epoch time :  6.121026519685984  Train L2 Loss :  0.0473911476790905
Epoch :  621  Epoch time :  6.166832869872451  Train L2 Loss :  0.04739238992035389
Epoch :  622  Epoch time :  6.162429261021316  Train L2 Loss :  0.047396629056334495
Epoch :  623  Epoch time :  6.151982058770955  Train L2 Loss :  0.047396576750278474
Epoch :  624  Epoch time :  6.124164798296988  Train L2 Loss :  0.047390601140260696
Epoch :  625  Epoch time :  6.141663812100887  Train L2 Loss :  0.04738960228860378
Epoch :  626  Epoch time :  6.138538238592446  Train L2 Loss :  0.04739042745828628
Epoch :  627  Epoch time :  6.147056768648326  Train L2 Loss :  0.04738374273478985
Epoch :  628  Epoch time :  6.169720924459398  Train L2 Loss :  0.04737757022678852
Epoch :  629  Epoch time :  6.166118187829852  Train L2 Loss :  0.04738405123651028
Epoch :  630  Epoch time :  6.134521375410259  Train L2 Loss :  0.047376162111759185
Epoch :  631  Epoch time :  6.123700587078929  Train L2 Loss :  0.04736957303583622
Epoch :  632  Epoch time :  6.131833795458078  Train L2 Loss :  0.04737447704076767
Epoch :  633  Epoch time :  6.157942811958492  Train L2 Loss :  0.047369043892622
Epoch :  634  Epoch time :  6.160273157991469  Train L2 Loss :  0.04736917588710785
Epoch :  635  Epoch time :  6.153095370158553  Train L2 Loss :  0.04736037062108517
Epoch :  636  Epoch time :  6.155871239490807  Train L2 Loss :  0.04736037325263023
Epoch :  637  Epoch time :  6.121772740967572  Train L2 Loss :  0.04735933750569821
Epoch :  638  Epoch time :  6.125189937651157  Train L2 Loss :  0.04736220603883266
Epoch :  639  Epoch time :  6.128711253404617  Train L2 Loss :  0.04736074659526348
Epoch :  640  Epoch time :  6.196458946913481  Train L2 Loss :  0.047354668432474135
Epoch :  641  Epoch time :  6.155854081735015  Train L2 Loss :  0.047347695136070254
Epoch :  642  Epoch time :  6.1311729196459055  Train L2 Loss :  0.047347417351603506
Epoch :  643  Epoch time :  6.128678934648633  Train L2 Loss :  0.04735902672111988
Epoch :  644  Epoch time :  6.1372982347384095  Train L2 Loss :  0.04734884673953056
Epoch :  645  Epoch time :  6.128283980302513  Train L2 Loss :  0.04734804019927979
Epoch :  646  Epoch time :  6.186230101622641  Train L2 Loss :  0.04735099867284298
Epoch :  647  Epoch time :  6.150286423973739  Train L2 Loss :  0.04734649675488472
Epoch :  648  Epoch time :  6.155964255332947  Train L2 Loss :  0.047333960062265396
Epoch :  649  Epoch time :  6.133724968880415  Train L2 Loss :  0.04732974472939968
Epoch :  650  Epoch time :  6.126393849030137  Train L2 Loss :  0.047340509673953056
Epoch :  651  Epoch time :  6.138996969908476  Train L2 Loss :  0.0473334503620863
Epoch :  652  Epoch time :  6.159333734773099  Train L2 Loss :  0.0473286207139492
Epoch :  653  Epoch time :  6.166623777709901  Train L2 Loss :  0.04732919496297836
Epoch :  654  Epoch time :  6.1435428615659475  Train L2 Loss :  0.04732750727534294
Epoch :  655  Epoch time :  6.140093307942152  Train L2 Loss :  0.04732878408432007
Epoch :  656  Epoch time :  6.135135734453797  Train L2 Loss :  0.04732754710614681
Epoch :  657  Epoch time :  6.131532217375934  Train L2 Loss :  0.047321840232610705
Epoch :  658  Epoch time :  6.1557028871029615  Train L2 Loss :  0.0473171056419611
Epoch :  659  Epoch time :  6.1836105193942785  Train L2 Loss :  0.04732818936407566
Epoch :  660  Epoch time :  6.148605505004525  Train L2 Loss :  0.04731829358935356
Epoch :  661  Epoch time :  6.134059288538992  Train L2 Loss :  0.04731346231102943
Epoch :  662  Epoch time :  6.127572243101895  Train L2 Loss :  0.04731424012482166
Epoch :  663  Epoch time :  6.141993734054267  Train L2 Loss :  0.047314255353808406
Epoch :  664  Epoch time :  6.162217568606138  Train L2 Loss :  0.04730466395616531
Epoch :  665  Epoch time :  6.150264218449593  Train L2 Loss :  0.047311077058315276
Epoch :  666  Epoch time :  6.156665404327214  Train L2 Loss :  0.0473081978648901
Epoch :  667  Epoch time :  6.1405704114586115  Train L2 Loss :  0.04730584399104119
Epoch :  668  Epoch time :  6.117647458799183  Train L2 Loss :  0.04729499364495277
Epoch :  669  Epoch time :  6.121212705038488  Train L2 Loss :  0.04728884905874729
Epoch :  670  Epoch time :  6.1545714084059  Train L2 Loss :  0.04729851716160774
Epoch :  671  Epoch time :  6.1584880435839295  Train L2 Loss :  0.04730081357061863
Epoch :  672  Epoch time :  6.149145611561835  Train L2 Loss :  0.04728793334364891
Epoch :  673  Epoch time :  6.112251392565668  Train L2 Loss :  0.047293686360120775
Epoch :  674  Epoch time :  6.132718929089606  Train L2 Loss :  0.047290179723501205
Epoch :  675  Epoch time :  6.108762927353382  Train L2 Loss :  0.047295896422863005
Epoch :  676  Epoch time :  6.144122469238937  Train L2 Loss :  0.047290650582313534
Epoch :  677  Epoch time :  6.150118758901954  Train L2 Loss :  0.047287869185209275
Epoch :  678  Epoch time :  6.146212695166469  Train L2 Loss :  0.04727586770355702
Epoch :  679  Epoch time :  6.11630139965564  Train L2 Loss :  0.04727897737920284
Epoch :  680  Epoch time :  6.109702104702592  Train L2 Loss :  0.0472826160222292
Epoch :  681  Epoch time :  6.101102706976235  Train L2 Loss :  0.04727773045003414
Epoch :  682  Epoch time :  6.129225964657962  Train L2 Loss :  0.047293286511302
Epoch :  683  Epoch time :  6.141217674128711  Train L2 Loss :  0.047278126856684685
Epoch :  684  Epoch time :  6.1373013546690345  Train L2 Loss :  0.04727989875376225
Epoch :  685  Epoch time :  6.112540919333696  Train L2 Loss :  0.04726632425189018
Epoch :  686  Epoch time :  6.120963109657168  Train L2 Loss :  0.047278165662288665
Epoch :  687  Epoch time :  6.101158673875034  Train L2 Loss :  0.047279090824723244
Epoch :  688  Epoch time :  6.086977637372911  Train L2 Loss :  0.047266169676184654
Epoch :  689  Epoch time :  6.139343279413879  Train L2 Loss :  0.047264484238624574
Epoch :  690  Epoch time :  6.1324792159721255  Train L2 Loss :  0.04726488637030125
Epoch :  691  Epoch time :  6.095577388070524  Train L2 Loss :  0.04726086499989033
Epoch :  692  Epoch time :  6.09512706939131  Train L2 Loss :  0.04725652372539044
Epoch :  693  Epoch time :  6.0998465633019805  Train L2 Loss :  0.047266866582632065
Epoch :  694  Epoch time :  6.087500019930303  Train L2 Loss :  0.04725868119299412
Epoch :  695  Epoch time :  6.1114876521751285  Train L2 Loss :  0.04725235603749752
Epoch :  696  Epoch time :  6.102744628675282  Train L2 Loss :  0.04725505781173706
Epoch :  697  Epoch time :  6.114510141313076  Train L2 Loss :  0.04724985100924969
Epoch :  698  Epoch time :  6.081618892028928  Train L2 Loss :  0.047257430931925776
Epoch :  699  Epoch time :  6.075811458751559  Train L2 Loss :  0.04724080486297608
Epoch :  700  Epoch time :  6.084933839738369  Train L2 Loss :  0.047045839190483094
Epoch :  701  Epoch time :  6.097223709337413  Train L2 Loss :  0.04704229037463665
Epoch :  702  Epoch time :  6.098516974598169  Train L2 Loss :  0.0470493835747242
Epoch :  703  Epoch time :  6.083344642072916  Train L2 Loss :  0.04704480738639832
Epoch :  704  Epoch time :  6.066621554084122  Train L2 Loss :  0.047040314719080926
Epoch :  705  Epoch time :  6.093382666818798  Train L2 Loss :  0.047038884857296945
Epoch :  706  Epoch time :  6.071624873206019  Train L2 Loss :  0.04704584103822708
Epoch :  707  Epoch time :  6.067090139724314  Train L2 Loss :  0.04704144232273102
Epoch :  708  Epoch time :  6.078675337135792  Train L2 Loss :  0.04703603708148003
Epoch :  709  Epoch time :  6.0788017539307475  Train L2 Loss :  0.047035884594917296
Epoch :  710  Epoch time :  6.067158712074161  Train L2 Loss :  0.04703826555609703
Epoch :  711  Epoch time :  6.05171228852123  Train L2 Loss :  0.047031216314435006
Epoch :  712  Epoch time :  6.0785368932411075  Train L2 Loss :  0.047035978907346725
Epoch :  713  Epoch time :  6.059462376870215  Train L2 Loss :  0.04703432228565216
Epoch :  714  Epoch time :  6.056546041741967  Train L2 Loss :  0.04702852013111115
Epoch :  715  Epoch time :  6.0619809264317155  Train L2 Loss :  0.0470336596250534
Epoch :  716  Epoch time :  6.0672659846022725  Train L2 Loss :  0.04702616119980812
Epoch :  717  Epoch time :  6.064913245849311  Train L2 Loss :  0.04702674842476845
Epoch :  718  Epoch time :  6.048850963823497  Train L2 Loss :  0.047030270758271216
Epoch :  719  Epoch time :  6.049180577509105  Train L2 Loss :  0.04702598734498024
Epoch :  720  Epoch time :  6.069328183308244  Train L2 Loss :  0.04702915963232517
Epoch :  721  Epoch time :  6.050155248492956  Train L2 Loss :  0.047026170352101326
Epoch :  722  Epoch time :  6.0494781052693725  Train L2 Loss :  0.04702410536706447
Epoch :  723  Epoch time :  6.053109083324671  Train L2 Loss :  0.04702716764807701
Epoch :  724  Epoch time :  6.062428540550172  Train L2 Loss :  0.047016249153018
Epoch :  725  Epoch time :  6.048044020310044  Train L2 Loss :  0.04702005562484264
Epoch :  726  Epoch time :  6.0451217433437705  Train L2 Loss :  0.04702258025705815
Epoch :  727  Epoch time :  6.060927695594728  Train L2 Loss :  0.047024597930908206
Epoch :  728  Epoch time :  6.077456763014197  Train L2 Loss :  0.047019950702786445
Epoch :  729  Epoch time :  6.049202260561287  Train L2 Loss :  0.04702021933794022
Epoch :  730  Epoch time :  6.048168734647334  Train L2 Loss :  0.047015203803777696
Epoch :  731  Epoch time :  6.047573986463249  Train L2 Loss :  0.047017693158984186
Epoch :  732  Epoch time :  6.066434738226235  Train L2 Loss :  0.047013861340284346
Epoch :  733  Epoch time :  6.055746817961335  Train L2 Loss :  0.047015198346972466
Epoch :  734  Epoch time :  6.051256565377116  Train L2 Loss :  0.04701157821416855
Epoch :  735  Epoch time :  6.043801412917674  Train L2 Loss :  0.04701360363066196
Epoch :  736  Epoch time :  6.064808879978955  Train L2 Loss :  0.04701168577671051
Epoch :  737  Epoch time :  6.05546803586185  Train L2 Loss :  0.04701443873643875
Epoch :  738  Epoch time :  6.045776615850627  Train L2 Loss :  0.0470023273974657
Epoch :  739  Epoch time :  6.062643437646329  Train L2 Loss :  0.04700780000388622
Epoch :  740  Epoch time :  6.042637838050723  Train L2 Loss :  0.047002941796183584
Epoch :  741  Epoch time :  6.047394655644894  Train L2 Loss :  0.04700730388760567
Epoch :  742  Epoch time :  6.045208968222141  Train L2 Loss :  0.047003441381454465
Epoch :  743  Epoch time :  6.064998228102922  Train L2 Loss :  0.04700392988622189
Epoch :  744  Epoch time :  6.051858858205378  Train L2 Loss :  0.04700179997384548
Epoch :  745  Epoch time :  6.048320587724447  Train L2 Loss :  0.04700151789784431
Epoch :  746  Epoch time :  6.051222904585302  Train L2 Loss :  0.047000261428952216
Epoch :  747  Epoch time :  6.078976828604937  Train L2 Loss :  0.0470014710187912
Epoch :  748  Epoch time :  6.052289796061814  Train L2 Loss :  0.04699582303464413
Epoch :  749  Epoch time :  6.052227693609893  Train L2 Loss :  0.04700022944509983
Epoch :  750  Epoch time :  6.051422592252493  Train L2 Loss :  0.04699805386066437
Epoch :  751  Epoch time :  6.065818355418742  Train L2 Loss :  0.04699558274149895
Epoch :  752  Epoch time :  6.048774526454508  Train L2 Loss :  0.04699644854068756
Epoch :  753  Epoch time :  6.048026052303612  Train L2 Loss :  0.047003748807311056
Epoch :  754  Epoch time :  6.045480934903026  Train L2 Loss :  0.046991698503494266
Epoch :  755  Epoch time :  6.06285488139838  Train L2 Loss :  0.046990211674571035
Epoch :  756  Epoch time :  6.048076147213578  Train L2 Loss :  0.04699626521468162
Epoch :  757  Epoch time :  6.051260090433061  Train L2 Loss :  0.04698862789869308
Epoch :  758  Epoch time :  6.052684349939227  Train L2 Loss :  0.046986411699652675
Epoch :  759  Epoch time :  6.06783380266279  Train L2 Loss :  0.04699070321917534
Epoch :  760  Epoch time :  6.055509083904326  Train L2 Loss :  0.046981452843546864
Epoch :  761  Epoch time :  6.044707954861224  Train L2 Loss :  0.046989116415381435
Epoch :  762  Epoch time :  6.0477113630622625  Train L2 Loss :  0.04697809683382511
Epoch :  763  Epoch time :  6.0627397038042545  Train L2 Loss :  0.04698055193424225
Epoch :  764  Epoch time :  6.047919645905495  Train L2 Loss :  0.046979095131158825
Epoch :  765  Epoch time :  6.0574899995699525  Train L2 Loss :  0.046983378425240516
Epoch :  766  Epoch time :  6.066857270896435  Train L2 Loss :  0.046976582244038584
Epoch :  767  Epoch time :  6.047593351453543  Train L2 Loss :  0.046978546449542045
Epoch :  768  Epoch time :  6.060823383741081  Train L2 Loss :  0.04697585303485394
Epoch :  769  Epoch time :  6.051783319562674  Train L2 Loss :  0.04697307267487049
Epoch :  770  Epoch time :  6.067455359734595  Train L2 Loss :  0.04697413274049759
Epoch :  771  Epoch time :  6.045763827860355  Train L2 Loss :  0.046966573363542555
Epoch :  772  Epoch time :  6.047992689535022  Train L2 Loss :  0.046975722971558574
Epoch :  773  Epoch time :  6.0454861130565405  Train L2 Loss :  0.04696745917201042
Epoch :  774  Epoch time :  6.060191554017365  Train L2 Loss :  0.04696541545689106
Epoch :  775  Epoch time :  6.046972895972431  Train L2 Loss :  0.04696928560733795
Epoch :  776  Epoch time :  6.046024767681956  Train L2 Loss :  0.04697158309221268
Epoch :  777  Epoch time :  6.047976170666516  Train L2 Loss :  0.046967458304762844
Epoch :  778  Epoch time :  6.076311315409839  Train L2 Loss :  0.046961378732323644
Epoch :  779  Epoch time :  6.046473860740662  Train L2 Loss :  0.04696809941828251
Epoch :  780  Epoch time :  6.045138417743146  Train L2 Loss :  0.046961378785967824
Epoch :  781  Epoch time :  6.046190379187465  Train L2 Loss :  0.04695644900500774
Epoch :  782  Epoch time :  6.064741796813905  Train L2 Loss :  0.04695769219398498
Epoch :  783  Epoch time :  6.044778781011701  Train L2 Loss :  0.046955755400657655
Epoch :  784  Epoch time :  6.046478605829179  Train L2 Loss :  0.04695808977484703
Epoch :  785  Epoch time :  6.0458399364724755  Train L2 Loss :  0.046952951139211656
Epoch :  786  Epoch time :  6.068736895918846  Train L2 Loss :  0.04695508064031601
Epoch :  787  Epoch time :  6.0411855932325125  Train L2 Loss :  0.0469567936450243
Epoch :  788  Epoch time :  6.0546991769224405  Train L2 Loss :  0.04695060631334782
Epoch :  789  Epoch time :  6.043456818908453  Train L2 Loss :  0.04694807842969895
Epoch :  790  Epoch time :  6.064093487337232  Train L2 Loss :  0.046943824860453606
Epoch :  791  Epoch time :  6.044292402453721  Train L2 Loss :  0.0469448513507843
Epoch :  792  Epoch time :  6.04073710180819  Train L2 Loss :  0.04694660743772983
Epoch :  793  Epoch time :  6.060264937579632  Train L2 Loss :  0.04694595930278301
Epoch :  794  Epoch time :  6.042228990234435  Train L2 Loss :  0.04693956677019596
Epoch :  795  Epoch time :  6.040240068919957  Train L2 Loss :  0.04694344812631607
Epoch :  796  Epoch time :  6.042192434892058  Train L2 Loss :  0.04693882973492146
Epoch :  797  Epoch time :  6.060714854858816  Train L2 Loss :  0.04693760705292225
Epoch :  798  Epoch time :  6.046399501152337  Train L2 Loss :  0.04694538581073284
Epoch :  799  Epoch time :  6.043427941389382  Train L2 Loss :  0.04694365684092045
Epoch :  800  Epoch time :  6.04065921716392  Train L2 Loss :  0.046836052334308625
Epoch :  801  Epoch time :  6.062861912883818  Train L2 Loss :  0.046827471077442166
Epoch :  802  Epoch time :  6.04343072231859  Train L2 Loss :  0.04682612650692463
Epoch :  803  Epoch time :  6.046244167722762  Train L2 Loss :  0.04682566004097462
Epoch :  804  Epoch time :  6.042521173134446  Train L2 Loss :  0.046826823765039445
Epoch :  805  Epoch time :  6.061794879846275  Train L2 Loss :  0.0468268229842186
Epoch :  806  Epoch time :  6.043624303303659  Train L2 Loss :  0.04682518425583839
Epoch :  807  Epoch time :  6.045129916630685  Train L2 Loss :  0.046825958341360094
Epoch :  808  Epoch time :  6.04197364859283  Train L2 Loss :  0.046819347178936
Epoch :  809  Epoch time :  6.072963589802384  Train L2 Loss :  0.046821457728743555
Epoch :  810  Epoch time :  6.042952783405781  Train L2 Loss :  0.04681874924600125
Epoch :  811  Epoch time :  6.04313478898257  Train L2 Loss :  0.04682051208615303
Epoch :  812  Epoch time :  6.049191551283002  Train L2 Loss :  0.04682040994167328
Epoch :  813  Epoch time :  6.06241544149816  Train L2 Loss :  0.04682051073908806
Epoch :  814  Epoch time :  6.049103083088994  Train L2 Loss :  0.04682013744413853
Epoch :  815  Epoch time :  6.048662750981748  Train L2 Loss :  0.04681818659305573
Epoch :  816  Epoch time :  6.045286421664059  Train L2 Loss :  0.046820057815313336
Epoch :  817  Epoch time :  6.0567388208583  Train L2 Loss :  0.04681955626904964
Epoch :  818  Epoch time :  6.045036308467388  Train L2 Loss :  0.046814505165815354
Epoch :  819  Epoch time :  6.054645749740303  Train L2 Loss :  0.04681539778411389
Epoch :  820  Epoch time :  6.060065157711506  Train L2 Loss :  0.04681415646672249
Epoch :  821  Epoch time :  6.049238363280892  Train L2 Loss :  0.046813694009184836
Epoch :  822  Epoch time :  6.041001155972481  Train L2 Loss :  0.04681099533140659
Epoch :  823  Epoch time :  6.04575318749994  Train L2 Loss :  0.04680976727902889
Epoch :  824  Epoch time :  6.0600865595042706  Train L2 Loss :  0.04681252873837948
Epoch :  825  Epoch time :  6.0432478887960315  Train L2 Loss :  0.04681084552705288
Epoch :  826  Epoch time :  6.044265845790505  Train L2 Loss :  0.04681317633986473
Epoch :  827  Epoch time :  6.0465621296316385  Train L2 Loss :  0.04680803469121456
Epoch :  828  Epoch time :  6.063818633556366  Train L2 Loss :  0.04680842882394791
Epoch :  829  Epoch time :  6.053079777397215  Train L2 Loss :  0.04680733930468559
Epoch :  830  Epoch time :  6.042338816449046  Train L2 Loss :  0.04681045656502247
Epoch :  831  Epoch time :  6.041264329105616  Train L2 Loss :  0.04681061931848526
Epoch :  832  Epoch time :  6.063220594078302  Train L2 Loss :  0.046806322941184045
Epoch :  833  Epoch time :  6.048601860180497  Train L2 Loss :  0.04680219197273255
Epoch :  834  Epoch time :  6.047449422068894  Train L2 Loss :  0.04680318160951138
Epoch :  835  Epoch time :  6.04850828461349  Train L2 Loss :  0.046799297073483466
Epoch :  836  Epoch time :  6.0655880235135555  Train L2 Loss :  0.04679849667549133
Epoch :  837  Epoch time :  6.048241479322314  Train L2 Loss :  0.046797072514891624
Epoch :  838  Epoch time :  6.048598989844322  Train L2 Loss :  0.04679714912176132
Epoch :  839  Epoch time :  6.061362769454718  Train L2 Loss :  0.046792386722564694
Epoch :  840  Epoch time :  6.063496183604002  Train L2 Loss :  0.04679255488216877
Epoch :  841  Epoch time :  6.046311021782458  Train L2 Loss :  0.046790071856975556
Epoch :  842  Epoch time :  6.049651184119284  Train L2 Loss :  0.04678712567985058
Epoch :  843  Epoch time :  6.045632499270141  Train L2 Loss :  0.046783293145895
Epoch :  844  Epoch time :  6.062652738764882  Train L2 Loss :  0.046779349309206006
Epoch :  845  Epoch time :  6.04676816239953  Train L2 Loss :  0.04677671648263931
Epoch :  846  Epoch time :  6.045992503874004  Train L2 Loss :  0.04677126519382
Epoch :  847  Epoch time :  6.063085204921663  Train L2 Loss :  0.04677166505455971
Epoch :  848  Epoch time :  6.117970077320933  Train L2 Loss :  0.04676986797451973
Epoch :  849  Epoch time :  6.062379660084844  Train L2 Loss :  0.04676228112280369
Epoch :  850  Epoch time :  6.076683255843818  Train L2 Loss :  0.046757367104291916
Epoch :  851  Epoch time :  6.085359185002744  Train L2 Loss :  0.046754395949840544
Epoch :  852  Epoch time :  6.061386717483401  Train L2 Loss :  0.04674840982854366
Epoch :  853  Epoch time :  6.06634515710175  Train L2 Loss :  0.04674910730421543
Epoch :  854  Epoch time :  6.066957565024495  Train L2 Loss :  0.04674539522230625
Epoch :  855  Epoch time :  6.080996601842344  Train L2 Loss :  0.04673868118524551
Epoch :  856  Epoch time :  6.063707162626088  Train L2 Loss :  0.046737752848863605
Epoch :  857  Epoch time :  6.061672913841903  Train L2 Loss :  0.04673634471297264
Epoch :  858  Epoch time :  6.065968118607998  Train L2 Loss :  0.04673021006286144
Epoch :  859  Epoch time :  6.080464199185371  Train L2 Loss :  0.046726211208105085
Epoch :  860  Epoch time :  6.075732879340649  Train L2 Loss :  0.04672144905626774
Epoch :  861  Epoch time :  6.063982808962464  Train L2 Loss :  0.04672124923467636
Epoch :  862  Epoch time :  6.0638423319906  Train L2 Loss :  0.046717581540346144
Epoch :  863  Epoch time :  6.08121635671705  Train L2 Loss :  0.04671047459840775
Epoch :  864  Epoch time :  6.065415192395449  Train L2 Loss :  0.046707280534505846
Epoch :  865  Epoch time :  6.065432068891823  Train L2 Loss :  0.04670345764756203
Epoch :  866  Epoch time :  6.060664634220302  Train L2 Loss :  0.046700140738487245
Epoch :  867  Epoch time :  6.078569927252829  Train L2 Loss :  0.046698562961816785
Epoch :  868  Epoch time :  6.064832639880478  Train L2 Loss :  0.046693640828132627
Epoch :  869  Epoch time :  6.069464286789298  Train L2 Loss :  0.04669226387143135
Epoch :  870  Epoch time :  6.090315131470561  Train L2 Loss :  0.046688655033707616
Epoch :  871  Epoch time :  6.067502539604902  Train L2 Loss :  0.04668426414132118
Epoch :  872  Epoch time :  6.0633701756596565  Train L2 Loss :  0.04668315075039864
Epoch :  873  Epoch time :  6.064867313951254  Train L2 Loss :  0.04668171347975731
Epoch :  874  Epoch time :  6.080917444080114  Train L2 Loss :  0.04667489340305328
Epoch :  875  Epoch time :  6.06537523213774  Train L2 Loss :  0.04667296536564827
Epoch :  876  Epoch time :  6.068097536452115  Train L2 Loss :  0.04666990852057934
Epoch :  877  Epoch time :  6.064919366501272  Train L2 Loss :  0.04667285108864307
Epoch :  878  Epoch time :  6.0854619182646275  Train L2 Loss :  0.04666482706665993
Epoch :  879  Epoch time :  6.073510318994522  Train L2 Loss :  0.04665996651351452
Epoch :  880  Epoch time :  6.075986722484231  Train L2 Loss :  0.04665783991217613
Epoch :  881  Epoch time :  6.065836718305945  Train L2 Loss :  0.04665975712835789
Epoch :  882  Epoch time :  6.085986497811973  Train L2 Loss :  0.04665706196725369
Epoch :  883  Epoch time :  6.071372603997588  Train L2 Loss :  0.04665337974727154
Epoch :  884  Epoch time :  6.068167453631759  Train L2 Loss :  0.046651660108566285
Epoch :  885  Epoch time :  6.062814242206514  Train L2 Loss :  0.04664538256824016
Epoch :  886  Epoch time :  6.085622842423618  Train L2 Loss :  0.046644823455810544
Epoch :  887  Epoch time :  6.061982510611415  Train L2 Loss :  0.04664468525350094
Epoch :  888  Epoch time :  6.068236211314797  Train L2 Loss :  0.04664191990494728
Epoch :  889  Epoch time :  6.073463454842567  Train L2 Loss :  0.046642535546422004
Epoch :  890  Epoch time :  6.08717543259263  Train L2 Loss :  0.04663530995547772
Epoch :  891  Epoch time :  6.066437724046409  Train L2 Loss :  0.04663645334541797
Epoch :  892  Epoch time :  6.071295804344118  Train L2 Loss :  0.0466371942460537
Epoch :  893  Epoch time :  6.0749408304691315  Train L2 Loss :  0.04662975847125053
Epoch :  894  Epoch time :  6.085705203004181  Train L2 Loss :  0.04663202387988567
Epoch :  895  Epoch time :  6.065429982729256  Train L2 Loss :  0.04662877570390701
Epoch :  896  Epoch time :  6.065733542665839  Train L2 Loss :  0.046626027271151546
Epoch :  897  Epoch time :  6.083940207958221  Train L2 Loss :  0.046629130363464354
Epoch :  898  Epoch time :  6.066095054149628  Train L2 Loss :  0.04662835222780704
Epoch :  899  Epoch time :  6.0688639441505075  Train L2 Loss :  0.04662073510289192
Epoch :  900  Epoch time :  6.063194529153407  Train L2 Loss :  0.046567037016153334
Epoch :  901  Epoch time :  6.091691457666457  Train L2 Loss :  0.046561527594923977
Epoch :  902  Epoch time :  6.067335139028728  Train L2 Loss :  0.04656241111755371
Epoch :  903  Epoch time :  6.072831600904465  Train L2 Loss :  0.04656207205951214
Epoch :  904  Epoch time :  6.058619529008865  Train L2 Loss :  0.046563612616062164
Epoch :  905  Epoch time :  6.087026211433113  Train L2 Loss :  0.04655879924297333
Epoch :  906  Epoch time :  6.064814167097211  Train L2 Loss :  0.04656057051718235
Epoch :  907  Epoch time :  6.061695060692728  Train L2 Loss :  0.04656126515865326
Epoch :  908  Epoch time :  6.068256366066635  Train L2 Loss :  0.04655768536925316
Epoch :  909  Epoch time :  6.081585326232016  Train L2 Loss :  0.04655636422932148
Epoch :  910  Epoch time :  6.065408794209361  Train L2 Loss :  0.04655788287818432
Epoch :  911  Epoch time :  6.075581759214401  Train L2 Loss :  0.04655728308260441
Epoch :  912  Epoch time :  6.063396570272744  Train L2 Loss :  0.046554692763090134
Epoch :  913  Epoch time :  6.084383284673095  Train L2 Loss :  0.04655349857211113
Epoch :  914  Epoch time :  6.068976200185716  Train L2 Loss :  0.046554268714785574
Epoch :  915  Epoch time :  6.065404900349677  Train L2 Loss :  0.04655412382483482
Epoch :  916  Epoch time :  6.064112481661141  Train L2 Loss :  0.046554799750447275
Epoch :  917  Epoch time :  6.079943865537643  Train L2 Loss :  0.0465512671738863
Epoch :  918  Epoch time :  6.06155959982425  Train L2 Loss :  0.04655053190290928
Epoch :  919  Epoch time :  6.062143502756953  Train L2 Loss :  0.04655078790485859
Epoch :  920  Epoch time :  6.082966676913202  Train L2 Loss :  0.046550752940773966
Epoch :  921  Epoch time :  6.077828483656049  Train L2 Loss :  0.046550115719437596
Epoch :  922  Epoch time :  6.067489493638277  Train L2 Loss :  0.04654955042302608
Epoch :  923  Epoch time :  6.064877112396061  Train L2 Loss :  0.04654848974943161
Epoch :  924  Epoch time :  6.080977024510503  Train L2 Loss :  0.04654839576780796
Epoch :  925  Epoch time :  6.065062092617154  Train L2 Loss :  0.04654695721268654
Epoch :  926  Epoch time :  6.064811262302101  Train L2 Loss :  0.0465466262459755
Epoch :  927  Epoch time :  6.064720869064331  Train L2 Loss :  0.046544370368123054
Epoch :  928  Epoch time :  6.090240976773202  Train L2 Loss :  0.04654432872533798
Epoch :  929  Epoch time :  6.067230874672532  Train L2 Loss :  0.04654453602433205
Epoch :  930  Epoch time :  6.062358893454075  Train L2 Loss :  0.04654422623515129
Epoch :  931  Epoch time :  6.0757952919229865  Train L2 Loss :  0.046542688325047495
Epoch :  932  Epoch time :  6.079889286309481  Train L2 Loss :  0.04654181098341942
Epoch :  933  Epoch time :  6.066090513952076  Train L2 Loss :  0.04654018663167953
Epoch :  934  Epoch time :  6.07064467202872  Train L2 Loss :  0.0465416516661644
Epoch :  935  Epoch time :  6.063914915546775  Train L2 Loss :  0.046541367423534395
Epoch :  936  Epoch time :  6.078682497143745  Train L2 Loss :  0.04653958973288536
Epoch :  937  Epoch time :  6.064957094378769  Train L2 Loss :  0.046539890375733375
Epoch :  938  Epoch time :  6.063424460589886  Train L2 Loss :  0.046538401728868486
Epoch :  939  Epoch time :  6.065248383209109  Train L2 Loss :  0.046538530552387235
Epoch :  940  Epoch time :  6.086336009204388  Train L2 Loss :  0.04653717931807041
Epoch :  941  Epoch time :  6.075373119674623  Train L2 Loss :  0.04653769833743572
Epoch :  942  Epoch time :  6.066743195988238  Train L2 Loss :  0.04653711886405945
Epoch :  943  Epoch time :  6.068307092413306  Train L2 Loss :  0.046535728788375856
Epoch :  944  Epoch time :  6.08234160579741  Train L2 Loss :  0.04653545614182949
Epoch :  945  Epoch time :  6.065514567308128  Train L2 Loss :  0.046533523017168045
Epoch :  946  Epoch time :  6.064170075580478  Train L2 Loss :  0.04653632026314736
Epoch :  947  Epoch time :  6.084725750610232  Train L2 Loss :  0.04653371695280075
Epoch :  948  Epoch time :  6.07712178491056  Train L2 Loss :  0.046533401077985766
Epoch :  949  Epoch time :  6.069260265678167  Train L2 Loss :  0.04653365609645844
Epoch :  950  Epoch time :  6.055162499658763  Train L2 Loss :  0.046530263873934746
Epoch :  951  Epoch time :  6.07151497900486  Train L2 Loss :  0.04653298403322697
Epoch :  952  Epoch time :  6.061962869949639  Train L2 Loss :  0.046531162512302396
Epoch :  953  Epoch time :  6.058870181441307  Train L2 Loss :  0.04653310703039169
Epoch :  954  Epoch time :  6.05731675773859  Train L2 Loss :  0.046527337181568144
Epoch :  955  Epoch time :  6.0714793261140585  Train L2 Loss :  0.04652849907577038
Epoch :  956  Epoch time :  6.054860633797944  Train L2 Loss :  0.0465274876087904
Epoch :  957  Epoch time :  6.057494570501149  Train L2 Loss :  0.04652711989581585
Epoch :  958  Epoch time :  6.055548361502588  Train L2 Loss :  0.046526726123690604
Epoch :  959  Epoch time :  6.070031940937042  Train L2 Loss :  0.046527607423067094
Epoch :  960  Epoch time :  6.064187033101916  Train L2 Loss :  0.046527793553471565
Epoch :  961  Epoch time :  6.05312739033252  Train L2 Loss :  0.04652653085887432
Epoch :  962  Epoch time :  6.063784659840167  Train L2 Loss :  0.046526335644721986
Epoch :  963  Epoch time :  6.070751854218543  Train L2 Loss :  0.04652322897613049
Epoch :  964  Epoch time :  6.049156799912453  Train L2 Loss :  0.04652293568849564
Epoch :  965  Epoch time :  6.056235439144075  Train L2 Loss :  0.04652367195188999
Epoch :  966  Epoch time :  6.054178432561457  Train L2 Loss :  0.046523365491628645
Epoch :  967  Epoch time :  6.069273493252695  Train L2 Loss :  0.04652376827597618
Epoch :  968  Epoch time :  6.055427587591112  Train L2 Loss :  0.0465206995755434
Epoch :  969  Epoch time :  6.049338501878083  Train L2 Loss :  0.04652334664463997
Epoch :  970  Epoch time :  6.069570513442159  Train L2 Loss :  0.04651986061930657
Epoch :  971  Epoch time :  6.047991221770644  Train L2 Loss :  0.04652110648453236
Epoch :  972  Epoch time :  6.061440807767212  Train L2 Loss :  0.04651927066743374
Epoch :  973  Epoch time :  6.053752090781927  Train L2 Loss :  0.04651852698326111
Epoch :  974  Epoch time :  6.07009482011199  Train L2 Loss :  0.046519880858063696
Epoch :  975  Epoch time :  6.054396754130721  Train L2 Loss :  0.04651816177070141
Epoch :  976  Epoch time :  6.054678893648088  Train L2 Loss :  0.04651866378188133
Epoch :  977  Epoch time :  6.053356546908617  Train L2 Loss :  0.04651917334198952
Epoch :  978  Epoch time :  6.067234069108963  Train L2 Loss :  0.04651691659986973
Epoch :  979  Epoch time :  6.055892679840326  Train L2 Loss :  0.04651995275616646
Epoch :  980  Epoch time :  6.0555254658684134  Train L2 Loss :  0.04651680142581463
Epoch :  981  Epoch time :  6.0567875392735  Train L2 Loss :  0.046515730357170104
Epoch :  982  Epoch time :  6.080161232501268  Train L2 Loss :  0.04651698064804077
Epoch :  983  Epoch time :  6.054373096674681  Train L2 Loss :  0.04651334967315197
Epoch :  984  Epoch time :  6.050734492950141  Train L2 Loss :  0.046515093421936035
Epoch :  985  Epoch time :  6.0531091168522835  Train L2 Loss :  0.04651380661427975
Epoch :  986  Epoch time :  6.0756132854148746  Train L2 Loss :  0.04651480033993721
Epoch :  987  Epoch time :  6.055122256278992  Train L2 Loss :  0.04651529231965542
Epoch :  988  Epoch time :  6.058294158428907  Train L2 Loss :  0.04651275830566883
Epoch :  989  Epoch time :  6.060008270666003  Train L2 Loss :  0.046513713726401326
Epoch :  990  Epoch time :  6.0750543139874935  Train L2 Loss :  0.046511692017316815
Epoch :  991  Epoch time :  6.052424397319555  Train L2 Loss :  0.04651119444966316
Epoch :  992  Epoch time :  6.069684009067714  Train L2 Loss :  0.046511055719852444
Epoch :  993  Epoch time :  6.0541062112897635  Train L2 Loss :  0.046509871351718905
Epoch :  994  Epoch time :  6.0756723042577505  Train L2 Loss :  0.04650959738492966
Epoch :  995  Epoch time :  6.056157792918384  Train L2 Loss :  0.04650948982834816
Epoch :  996  Epoch time :  6.053470745682716  Train L2 Loss :  0.046508811482787134
Epoch :  997  Epoch time :  6.07159526553005  Train L2 Loss :  0.04651043599843979
Epoch :  998  Epoch time :  6.052921791560948  Train L2 Loss :  0.046509468665719034
Epoch :  999  Epoch time :  6.061858099885285  Train L2 Loss :  0.04650861463546753
Total time is : 6146.6368047483265 Total epoch is  1000
