Energy is  1.0880185641326534e-14
Input dim :  128  output dim :  4096
362753
Epoch :  0  Epoch time :  6.274605128914118  Train L2 Loss :  2.2837844324588774
Epoch :  1  Epoch time :  6.124097257852554  Train L2 Loss :  0.5383356754302978
Epoch :  2  Epoch time :  6.118269779719412  Train L2 Loss :  0.37780289759635927
Epoch :  3  Epoch time :  6.116269282065332  Train L2 Loss :  0.2972917736053467
Epoch :  4  Epoch time :  6.118921718560159  Train L2 Loss :  0.2468640399813652
Epoch :  5  Epoch time :  6.122312214225531  Train L2 Loss :  0.2116830134034157
Epoch :  6  Epoch time :  6.121380174532533  Train L2 Loss :  0.1865031418442726
Epoch :  7  Epoch time :  6.127120476216078  Train L2 Loss :  0.1637500474691391
Epoch :  8  Epoch time :  6.117857747711241  Train L2 Loss :  0.14937195249795915
Epoch :  9  Epoch time :  6.123405015096068  Train L2 Loss :  0.14082458227276803
Epoch :  10  Epoch time :  6.116651534102857  Train L2 Loss :  0.12979321541190147
Epoch :  11  Epoch time :  6.121948276646435  Train L2 Loss :  0.12002299404740334
Epoch :  12  Epoch time :  6.1147898733615875  Train L2 Loss :  0.11454204857945442
Epoch :  13  Epoch time :  6.129744179546833  Train L2 Loss :  0.10497076188325882
Epoch :  14  Epoch time :  6.127781576476991  Train L2 Loss :  0.10060597398281097
Epoch :  15  Epoch time :  6.135587639175355  Train L2 Loss :  0.09375253776311875
Epoch :  16  Epoch time :  6.127633765339851  Train L2 Loss :  0.08839402389526367
Epoch :  17  Epoch time :  6.13014929369092  Train L2 Loss :  0.0864699557185173
Epoch :  18  Epoch time :  6.1263879388570786  Train L2 Loss :  0.08239259110093117
Epoch :  19  Epoch time :  6.124003812670708  Train L2 Loss :  0.07975212462544441
Epoch :  20  Epoch time :  6.129892416298389  Train L2 Loss :  0.07608358593285083
Epoch :  21  Epoch time :  6.134984179399908  Train L2 Loss :  0.07319479834735393
Epoch :  22  Epoch time :  6.133258233778179  Train L2 Loss :  0.07019619204103947
Epoch :  23  Epoch time :  6.142581051215529  Train L2 Loss :  0.07040969415307045
Epoch :  24  Epoch time :  6.136580046266317  Train L2 Loss :  0.06736541881263255
Epoch :  25  Epoch time :  6.145832429639995  Train L2 Loss :  0.06518776207864284
Epoch :  26  Epoch time :  6.146293641068041  Train L2 Loss :  0.06290931493341922
Epoch :  27  Epoch time :  6.12427740637213  Train L2 Loss :  0.06299667260348797
Epoch :  28  Epoch time :  6.127651170827448  Train L2 Loss :  0.06072074769735336
Epoch :  29  Epoch time :  6.136212128214538  Train L2 Loss :  0.06004415663480759
Epoch :  30  Epoch time :  6.178866106085479  Train L2 Loss :  0.05788861372172832
Epoch :  31  Epoch time :  6.143591950647533  Train L2 Loss :  0.056551659536361695
Epoch :  32  Epoch time :  6.135192426852882  Train L2 Loss :  0.05358063499033451
Epoch :  33  Epoch time :  6.14204346947372  Train L2 Loss :  0.0546847683340311
Epoch :  34  Epoch time :  6.146744071505964  Train L2 Loss :  0.05409675932824612
Epoch :  35  Epoch time :  6.146796042099595  Train L2 Loss :  0.051900678631663325
Epoch :  36  Epoch time :  6.14264911133796  Train L2 Loss :  0.05174704404771328
Epoch :  37  Epoch time :  6.137554639019072  Train L2 Loss :  0.05025199922025204
Epoch :  38  Epoch time :  6.149077281355858  Train L2 Loss :  0.04845006721317768
Epoch :  39  Epoch time :  6.148007874377072  Train L2 Loss :  0.048589933145046234
Epoch :  40  Epoch time :  6.1497639417648315  Train L2 Loss :  0.04824021456539631
Epoch :  41  Epoch time :  6.158368022181094  Train L2 Loss :  0.04782567604184151
Epoch :  42  Epoch time :  6.1448265220969915  Train L2 Loss :  0.04554412142038345
Epoch :  43  Epoch time :  6.149210070259869  Train L2 Loss :  0.04677602591812611
Epoch :  44  Epoch time :  6.164249818772078  Train L2 Loss :  0.04559178628325462
Epoch :  45  Epoch time :  6.158480038866401  Train L2 Loss :  0.04418016002178192
Epoch :  46  Epoch time :  6.164506948553026  Train L2 Loss :  0.0446576394200325
Epoch :  47  Epoch time :  6.157602517865598  Train L2 Loss :  0.04430272351205349
Epoch :  48  Epoch time :  6.155887641943991  Train L2 Loss :  0.042660819208621976
Epoch :  49  Epoch time :  6.163713168352842  Train L2 Loss :  0.04297024612426758
Epoch :  50  Epoch time :  6.165128552354872  Train L2 Loss :  0.04128264133632183
Epoch :  51  Epoch time :  6.15128431469202  Train L2 Loss :  0.04207289545238018
Epoch :  52  Epoch time :  6.16075673699379  Train L2 Loss :  0.041872417092323304
Epoch :  53  Epoch time :  6.151845703832805  Train L2 Loss :  0.04080906138271093
Epoch :  54  Epoch time :  6.163543447852135  Train L2 Loss :  0.04046575404554605
Epoch :  55  Epoch time :  6.168996140360832  Train L2 Loss :  0.03838883482962847
Epoch :  56  Epoch time :  6.159659884870052  Train L2 Loss :  0.03965125605016947
Epoch :  57  Epoch time :  6.163108604028821  Train L2 Loss :  0.03941821715533733
Epoch :  58  Epoch time :  6.165210573934019  Train L2 Loss :  0.03831819549202919
Epoch :  59  Epoch time :  6.169931139796972  Train L2 Loss :  0.03831573416888714
Epoch :  60  Epoch time :  6.1684711473062634  Train L2 Loss :  0.03879887361377478
Epoch :  61  Epoch time :  6.154490994289517  Train L2 Loss :  0.03743840257823467
Epoch :  62  Epoch time :  6.156567125581205  Train L2 Loss :  0.03787794597446918
Epoch :  63  Epoch time :  6.160618941299617  Train L2 Loss :  0.03727161158174276
Epoch :  64  Epoch time :  6.161602087318897  Train L2 Loss :  0.037870636156201364
Epoch :  65  Epoch time :  6.16639023181051  Train L2 Loss :  0.03520180862247944
Epoch :  66  Epoch time :  6.170739677734673  Train L2 Loss :  0.03583617004603148
Epoch :  67  Epoch time :  6.169360519386828  Train L2 Loss :  0.03638759755343199
Epoch :  68  Epoch time :  6.161658426746726  Train L2 Loss :  0.03575384824872017
Epoch :  69  Epoch time :  6.167926696129143  Train L2 Loss :  0.035018266244232654
Epoch :  70  Epoch time :  6.160542196594179  Train L2 Loss :  0.03522892279028893
Epoch :  71  Epoch time :  6.159579851664603  Train L2 Loss :  0.035593437150120734
Epoch :  72  Epoch time :  6.161266916431487  Train L2 Loss :  0.03478321690261364
Epoch :  73  Epoch time :  6.1679516257718205  Train L2 Loss :  0.0349182568565011
Epoch :  74  Epoch time :  6.169307551346719  Train L2 Loss :  0.03440861526280642
Epoch :  75  Epoch time :  6.163350380025804  Train L2 Loss :  0.03459960515350104
Epoch :  76  Epoch time :  6.164941941387951  Train L2 Loss :  0.0338521467551589
Epoch :  77  Epoch time :  6.1594619965180755  Train L2 Loss :  0.03458645009547472
Epoch :  78  Epoch time :  6.164086331613362  Train L2 Loss :  0.03297369278073311
Epoch :  79  Epoch time :  6.167922046966851  Train L2 Loss :  0.03347715896964073
Epoch :  80  Epoch time :  6.162928957492113  Train L2 Loss :  0.03339551986306906
Epoch :  81  Epoch time :  6.171449793502688  Train L2 Loss :  0.03308191210925579
Epoch :  82  Epoch time :  6.16884055826813  Train L2 Loss :  0.03231883301883936
Epoch :  83  Epoch time :  6.1728019788861275  Train L2 Loss :  0.03293684504777193
Epoch :  84  Epoch time :  6.1749894842505455  Train L2 Loss :  0.0327536047399044
Epoch :  85  Epoch time :  6.180371050722897  Train L2 Loss :  0.032567046777904035
Epoch :  86  Epoch time :  6.174473875202239  Train L2 Loss :  0.03176164955943823
Epoch :  87  Epoch time :  6.168636684305966  Train L2 Loss :  0.0323395775988698
Epoch :  88  Epoch time :  6.171831334009767  Train L2 Loss :  0.03093384575396776
Epoch :  89  Epoch time :  6.17184232454747  Train L2 Loss :  0.032488617566227916
Epoch :  90  Epoch time :  6.169778012670577  Train L2 Loss :  0.032798529489338396
Epoch :  91  Epoch time :  6.182099660858512  Train L2 Loss :  0.030533127668499947
Epoch :  92  Epoch time :  6.175253989174962  Train L2 Loss :  0.031797546173632146
Epoch :  93  Epoch time :  6.1786418640986085  Train L2 Loss :  0.030429493966698647
Epoch :  94  Epoch time :  6.184480422176421  Train L2 Loss :  0.03140713310688734
Epoch :  95  Epoch time :  6.174285429529846  Train L2 Loss :  0.03017673840969801
Epoch :  96  Epoch time :  6.172929015941918  Train L2 Loss :  0.030726530799269677
Epoch :  97  Epoch time :  6.184554376639426  Train L2 Loss :  0.030316855655610563
Epoch :  98  Epoch time :  6.182818130590022  Train L2 Loss :  0.03019409699738026
Epoch :  99  Epoch time :  6.191698141396046  Train L2 Loss :  0.029518757830560207
Epoch :  100  Epoch time :  6.18171882070601  Train L2 Loss :  0.015636539485305547
Epoch :  101  Epoch time :  6.177944106981158  Train L2 Loss :  0.016729537105560303
Epoch :  102  Epoch time :  6.185427732765675  Train L2 Loss :  0.01734810926243663
Epoch :  103  Epoch time :  6.197224032133818  Train L2 Loss :  0.01709925963357091
Epoch :  104  Epoch time :  6.203775571659207  Train L2 Loss :  0.01709903846979141
Epoch :  105  Epoch time :  6.180255549959838  Train L2 Loss :  0.017143154360353945
Epoch :  106  Epoch time :  6.168149295262992  Train L2 Loss :  0.016925107166171075
Epoch :  107  Epoch time :  6.175764939747751  Train L2 Loss :  0.016837376329302788
Epoch :  108  Epoch time :  6.180993189103901  Train L2 Loss :  0.016767763175815343
Epoch :  109  Epoch time :  6.178036945872009  Train L2 Loss :  0.016996930462121963
Epoch :  110  Epoch time :  6.182539184577763  Train L2 Loss :  0.0169175929620862
Epoch :  111  Epoch time :  6.172448132187128  Train L2 Loss :  0.01691594964489341
Epoch :  112  Epoch time :  6.182212197221816  Train L2 Loss :  0.016842715302109717
Epoch :  113  Epoch time :  6.17766073718667  Train L2 Loss :  0.016633818574994803
Epoch :  114  Epoch time :  6.169753554277122  Train L2 Loss :  0.0167689456358552
Epoch :  115  Epoch time :  6.17919139098376  Train L2 Loss :  0.016906571324169634
Epoch :  116  Epoch time :  6.193569228053093  Train L2 Loss :  0.016677854143083096
Epoch :  117  Epoch time :  6.175011257641017  Train L2 Loss :  0.01678522807136178
Epoch :  118  Epoch time :  6.197174624539912  Train L2 Loss :  0.016254351107031106
Epoch :  119  Epoch time :  6.226204335689545  Train L2 Loss :  0.01684978835657239
Epoch :  120  Epoch time :  6.267123399302363  Train L2 Loss :  0.016646505136787892
Epoch :  121  Epoch time :  6.226052757352591  Train L2 Loss :  0.016507065553963186
Epoch :  122  Epoch time :  6.2436202727258205  Train L2 Loss :  0.016631586956232788
Epoch :  123  Epoch time :  6.224812660366297  Train L2 Loss :  0.01638444083929062
Epoch :  124  Epoch time :  6.280013669282198  Train L2 Loss :  0.016739258658885956
Epoch :  125  Epoch time :  6.228880356065929  Train L2 Loss :  0.01657548100501299
Epoch :  126  Epoch time :  6.225589532405138  Train L2 Loss :  0.016406053424626588
Epoch :  127  Epoch time :  6.227038863115013  Train L2 Loss :  0.016461897333711385
Epoch :  128  Epoch time :  6.251317503862083  Train L2 Loss :  0.01642608828395605
Epoch :  129  Epoch time :  6.273121379315853  Train L2 Loss :  0.016461642508953808
Epoch :  130  Epoch time :  6.231009286828339  Train L2 Loss :  0.016286970794200897
Epoch :  131  Epoch time :  6.243519136682153  Train L2 Loss :  0.016441871709376575
Epoch :  132  Epoch time :  6.247428528033197  Train L2 Loss :  0.016344430024176838
Epoch :  133  Epoch time :  6.287095129489899  Train L2 Loss :  0.016331037298589944
Epoch :  134  Epoch time :  6.252737689763308  Train L2 Loss :  0.01622648657336831
Epoch :  135  Epoch time :  6.246502041816711  Train L2 Loss :  0.01665381668061018
Epoch :  136  Epoch time :  6.2413184233009815  Train L2 Loss :  0.0159814009770751
Epoch :  137  Epoch time :  6.301229594275355  Train L2 Loss :  0.016276366102695464
Epoch :  138  Epoch time :  6.231204985640943  Train L2 Loss :  0.016540414083004
Epoch :  139  Epoch time :  6.245871282182634  Train L2 Loss :  0.016021522176265717
Epoch :  140  Epoch time :  6.267181547358632  Train L2 Loss :  0.016261220021545886
Epoch :  141  Epoch time :  6.293163153342903  Train L2 Loss :  0.016246259931474924
Epoch :  142  Epoch time :  6.248481398448348  Train L2 Loss :  0.016329856515675784
Epoch :  143  Epoch time :  6.2482350040227175  Train L2 Loss :  0.016235629745572806
Epoch :  144  Epoch time :  6.2497539557516575  Train L2 Loss :  0.015934743938595057
Epoch :  145  Epoch time :  6.288212690502405  Train L2 Loss :  0.016148507031053305
Epoch :  146  Epoch time :  6.271027352660894  Train L2 Loss :  0.015956102829426527
Epoch :  147  Epoch time :  6.235304105095565  Train L2 Loss :  0.016261171942949296
Epoch :  148  Epoch time :  6.2021298334002495  Train L2 Loss :  0.016314171195030213
Epoch :  149  Epoch time :  6.207687417976558  Train L2 Loss :  0.01603723415732384
Epoch :  150  Epoch time :  6.2087207064032555  Train L2 Loss :  0.015843033186346292
Epoch :  151  Epoch time :  6.20447411108762  Train L2 Loss :  0.016275702276080845
Epoch :  152  Epoch time :  6.215254112146795  Train L2 Loss :  0.01613091070353985
Epoch :  153  Epoch time :  6.225281396880746  Train L2 Loss :  0.01595101001933217
Epoch :  154  Epoch time :  6.20669093541801  Train L2 Loss :  0.01602768762111664
Epoch :  155  Epoch time :  6.2020493084564805  Train L2 Loss :  0.015982375805079937
Epoch :  156  Epoch time :  6.205015615560114  Train L2 Loss :  0.016048994172364474
Epoch :  157  Epoch time :  6.19866521563381  Train L2 Loss :  0.01595297148823738
Epoch :  158  Epoch time :  6.21056180074811  Train L2 Loss :  0.01585938591733575
Epoch :  159  Epoch time :  6.2191139701753855  Train L2 Loss :  0.016096160782128572
Epoch :  160  Epoch time :  6.214150274172425  Train L2 Loss :  0.015844879461079837
Epoch :  161  Epoch time :  6.220453278161585  Train L2 Loss :  0.015996437195688485
Epoch :  162  Epoch time :  6.21097222622484  Train L2 Loss :  0.015679681118577718
Epoch :  163  Epoch time :  6.217744690366089  Train L2 Loss :  0.015737917863577606
Epoch :  164  Epoch time :  6.214180407114327  Train L2 Loss :  0.015819724225997926
Epoch :  165  Epoch time :  6.2380559919402  Train L2 Loss :  0.015791741424053908
Epoch :  166  Epoch time :  6.22140471637249  Train L2 Loss :  0.015763206558674574
Epoch :  167  Epoch time :  6.230806456878781  Train L2 Loss :  0.015622614586353303
Epoch :  168  Epoch time :  6.219579235650599  Train L2 Loss :  0.01578276135697961
Epoch :  169  Epoch time :  6.21244087535888  Train L2 Loss :  0.015719624615460635
Epoch :  170  Epoch time :  6.216288082301617  Train L2 Loss :  0.015675727906078102
Epoch :  171  Epoch time :  6.245035365223885  Train L2 Loss :  0.015602084320783615
Epoch :  172  Epoch time :  6.221416030079126  Train L2 Loss :  0.015670815087109803
Epoch :  173  Epoch time :  6.227333063259721  Train L2 Loss :  0.015752808001637458
Epoch :  174  Epoch time :  6.224832385778427  Train L2 Loss :  0.015729813042283058
Epoch :  175  Epoch time :  6.221103941090405  Train L2 Loss :  0.015812285608798264
Epoch :  176  Epoch time :  6.254473697394133  Train L2 Loss :  0.01539835640564561
Epoch :  177  Epoch time :  6.249739648774266  Train L2 Loss :  0.015460941007733346
Epoch :  178  Epoch time :  6.236581807024777  Train L2 Loss :  0.015855342186242342
Epoch :  179  Epoch time :  6.239165751263499  Train L2 Loss :  0.015525077854096889
Epoch :  180  Epoch time :  6.226539915427566  Train L2 Loss :  0.01566395819038153
Epoch :  181  Epoch time :  6.233619915321469  Train L2 Loss :  0.01551994418501854
Epoch :  182  Epoch time :  6.238792549818754  Train L2 Loss :  0.01571918342486024
Epoch :  183  Epoch time :  6.259342906065285  Train L2 Loss :  0.015820292945206166
Epoch :  184  Epoch time :  6.245744934305549  Train L2 Loss :  0.015476637924462557
Epoch :  185  Epoch time :  6.261585903353989  Train L2 Loss :  0.01568218469619751
Epoch :  186  Epoch time :  6.245029930025339  Train L2 Loss :  0.015324575501680374
Epoch :  187  Epoch time :  6.239202690310776  Train L2 Loss :  0.015626588393747805
Epoch :  188  Epoch time :  6.247347103431821  Train L2 Loss :  0.015416121846437454
Epoch :  189  Epoch time :  6.278079258278012  Train L2 Loss :  0.015613990791887045
Epoch :  190  Epoch time :  6.261941664852202  Train L2 Loss :  0.015575480777770281
Epoch :  191  Epoch time :  6.2518103420734406  Train L2 Loss :  0.015536874318867923
Epoch :  192  Epoch time :  6.25329938903451  Train L2 Loss :  0.01552770130559802
Epoch :  193  Epoch time :  6.252960040234029  Train L2 Loss :  0.01555777337551117
Epoch :  194  Epoch time :  6.242132189683616  Train L2 Loss :  0.015590452615916729
Epoch :  195  Epoch time :  6.278723695315421  Train L2 Loss :  0.015442948264628649
Epoch :  196  Epoch time :  6.259045515209436  Train L2 Loss :  0.015390320180356503
Epoch :  197  Epoch time :  6.257388354279101  Train L2 Loss :  0.015404216318577527
Epoch :  198  Epoch time :  6.24814887996763  Train L2 Loss :  0.01553518940359354
Epoch :  199  Epoch time :  6.256878958083689  Train L2 Loss :  0.015421097186207771
Epoch :  200  Epoch time :  6.264324007555842  Train L2 Loss :  0.010857881344854832
Epoch :  201  Epoch time :  6.271660457365215  Train L2 Loss :  0.01127609725818038
Epoch :  202  Epoch time :  6.257806335575879  Train L2 Loss :  0.011350248083472252
Epoch :  203  Epoch time :  6.254192762076855  Train L2 Loss :  0.011288645901530982
Epoch :  204  Epoch time :  6.261491984128952  Train L2 Loss :  0.011400066827237607
Epoch :  205  Epoch time :  6.265851680189371  Train L2 Loss :  0.011312342751026154
Epoch :  206  Epoch time :  6.255239247344434  Train L2 Loss :  0.01128851482272148
Epoch :  207  Epoch time :  6.27626309543848  Train L2 Loss :  0.01133169445618987
Epoch :  208  Epoch time :  6.260385190136731  Train L2 Loss :  0.011286168653517961
Epoch :  209  Epoch time :  6.285548199899495  Train L2 Loss :  0.011292074451595545
Epoch :  210  Epoch time :  6.256261320784688  Train L2 Loss :  0.011298040352761746
Epoch :  211  Epoch time :  6.2660935604944825  Train L2 Loss :  0.011256675052642823
Epoch :  212  Epoch time :  6.271425999701023  Train L2 Loss :  0.01126376832202077
Epoch :  213  Epoch time :  6.277744407765567  Train L2 Loss :  0.011191268450021745
Epoch :  214  Epoch time :  6.274489604867995  Train L2 Loss :  0.01123385188728571
Epoch :  215  Epoch time :  6.266079725697637  Train L2 Loss :  0.011318330866843461
Epoch :  216  Epoch time :  6.264718080870807  Train L2 Loss :  0.011211709178984165
Epoch :  217  Epoch time :  6.2629538429901  Train L2 Loss :  0.011226461102068425
Epoch :  218  Epoch time :  6.26945922896266  Train L2 Loss :  0.011207284225523471
Epoch :  219  Epoch time :  6.300766112282872  Train L2 Loss :  0.011217335817962885
Epoch :  220  Epoch time :  6.270791672170162  Train L2 Loss :  0.011295276936888695
Epoch :  221  Epoch time :  6.270328207872808  Train L2 Loss :  0.01118401439934969
Epoch :  222  Epoch time :  6.272475637495518  Train L2 Loss :  0.011203433135896921
Epoch :  223  Epoch time :  6.2722892090678215  Train L2 Loss :  0.011192279133200646
Epoch :  224  Epoch time :  6.334753039292991  Train L2 Loss :  0.011237626124173403
Epoch :  225  Epoch time :  6.286122363992035  Train L2 Loss :  0.011215691325813532
Epoch :  226  Epoch time :  6.273887847550213  Train L2 Loss :  0.01116027014926076
Epoch :  227  Epoch time :  6.267776625230908  Train L2 Loss :  0.011224985318630934
Epoch :  228  Epoch time :  6.264149441383779  Train L2 Loss :  0.011203405989706516
Epoch :  229  Epoch time :  6.277009546756744  Train L2 Loss :  0.01118922885209322
Epoch :  230  Epoch time :  6.278629066422582  Train L2 Loss :  0.011152947876602412
Epoch :  231  Epoch time :  6.282452262938023  Train L2 Loss :  0.011114123095571995
Epoch :  232  Epoch time :  6.26966891810298  Train L2 Loss :  0.011146530012786388
Epoch :  233  Epoch time :  6.259153492748737  Train L2 Loss :  0.011203170862048865
Epoch :  234  Epoch time :  6.259801657870412  Train L2 Loss :  0.011098608869314193
Epoch :  235  Epoch time :  6.2719458267092705  Train L2 Loss :  0.011126909118890763
Epoch :  236  Epoch time :  6.285631124861538  Train L2 Loss :  0.011211882226914167
Epoch :  237  Epoch time :  6.336131378076971  Train L2 Loss :  0.011145064911991357
Epoch :  238  Epoch time :  6.384232187643647  Train L2 Loss :  0.011113056375086307
Epoch :  239  Epoch time :  6.289299269206822  Train L2 Loss :  0.011191931045800447
Epoch :  240  Epoch time :  6.455946484580636  Train L2 Loss :  0.011151300794631242
Epoch :  241  Epoch time :  6.536084339022636  Train L2 Loss :  0.011164400172233581
Epoch :  242  Epoch time :  6.509216305799782  Train L2 Loss :  0.011100642237812281
Epoch :  243  Epoch time :  6.377718968316913  Train L2 Loss :  0.011201422497630118
Epoch :  244  Epoch time :  6.572848732583225  Train L2 Loss :  0.01110892880409956
Epoch :  245  Epoch time :  6.41908223554492  Train L2 Loss :  0.011061634910851718
Epoch :  246  Epoch time :  6.74130804464221  Train L2 Loss :  0.011090726792812347
Epoch :  247  Epoch time :  6.529924308881164  Train L2 Loss :  0.011157322906702757
Epoch :  248  Epoch time :  6.5089467745274305  Train L2 Loss :  0.0110713628962636
Epoch :  249  Epoch time :  6.519768294878304  Train L2 Loss :  0.011049900469183922
Epoch :  250  Epoch time :  6.514921966940165  Train L2 Loss :  0.011128331132233143
Epoch :  251  Epoch time :  6.3435171423479915  Train L2 Loss :  0.011000847167521715
Epoch :  252  Epoch time :  6.4472013507038355  Train L2 Loss :  0.011081624031066894
Epoch :  253  Epoch time :  6.360801394097507  Train L2 Loss :  0.011005333245545626
Epoch :  254  Epoch time :  6.5404530661180615  Train L2 Loss :  0.011036641119420529
Epoch :  255  Epoch time :  6.428155478090048  Train L2 Loss :  0.011066365849226713
Epoch :  256  Epoch time :  6.381493431515992  Train L2 Loss :  0.01104198022633791
Epoch :  257  Epoch time :  6.47605899348855  Train L2 Loss :  0.011022327319532633
Epoch :  258  Epoch time :  6.357962368056178  Train L2 Loss :  0.011003445472568273
Epoch :  259  Epoch time :  6.451740209013224  Train L2 Loss :  0.010976462550461292
Epoch :  260  Epoch time :  6.464604822918773  Train L2 Loss :  0.011023550426959992
Epoch :  261  Epoch time :  6.5949660977348685  Train L2 Loss :  0.010929369203746318
Epoch :  262  Epoch time :  6.4228460332378745  Train L2 Loss :  0.011035317782312632
Epoch :  263  Epoch time :  6.426892166957259  Train L2 Loss :  0.010958563064783811
Epoch :  264  Epoch time :  6.740651932545006  Train L2 Loss :  0.010988122988492251
Epoch :  265  Epoch time :  6.487988030537963  Train L2 Loss :  0.010926061432808637
Epoch :  266  Epoch time :  6.371934059076011  Train L2 Loss :  0.0109765176653862
Epoch :  267  Epoch time :  6.423235722817481  Train L2 Loss :  0.010970075231045484
Epoch :  268  Epoch time :  6.549426406621933  Train L2 Loss :  0.010889897111058235
Epoch :  269  Epoch time :  6.376709465868771  Train L2 Loss :  0.010952826073020696
Epoch :  270  Epoch time :  6.703435589559376  Train L2 Loss :  0.01098034795075655
Epoch :  271  Epoch time :  6.399278484284878  Train L2 Loss :  0.010841568633168935
Epoch :  272  Epoch time :  6.401726994663477  Train L2 Loss :  0.010976517214626074
Epoch :  273  Epoch time :  6.361650577746332  Train L2 Loss :  0.010940389244258403
Epoch :  274  Epoch time :  6.388383254408836  Train L2 Loss :  0.010908801368623973
Epoch :  275  Epoch time :  6.363916343078017  Train L2 Loss :  0.010905259965360164
Epoch :  276  Epoch time :  6.365066844969988  Train L2 Loss :  0.010906980440765619
Epoch :  277  Epoch time :  6.368195042945445  Train L2 Loss :  0.010870432991534472
Epoch :  278  Epoch time :  6.37180285807699  Train L2 Loss :  0.01087797518223524
Epoch :  279  Epoch time :  6.387368458323181  Train L2 Loss :  0.010861866741627455
Epoch :  280  Epoch time :  6.4138836823403835  Train L2 Loss :  0.010859483245015145
Epoch :  281  Epoch time :  6.376882329583168  Train L2 Loss :  0.010856090846657753
Epoch :  282  Epoch time :  6.367676884867251  Train L2 Loss :  0.01083060181736946
Epoch :  283  Epoch time :  6.381441669538617  Train L2 Loss :  0.010844942730665207
Epoch :  284  Epoch time :  6.369068954139948  Train L2 Loss :  0.010873940536379814
Epoch :  285  Epoch time :  6.3779962211847305  Train L2 Loss :  0.010759672925621272
Epoch :  286  Epoch time :  6.3888363698497415  Train L2 Loss :  0.010875032967329026
Epoch :  287  Epoch time :  6.387466309592128  Train L2 Loss :  0.010844089099019766
Epoch :  288  Epoch time :  6.376505662687123  Train L2 Loss :  0.010782057356834412
Epoch :  289  Epoch time :  6.407363107427955  Train L2 Loss :  0.010772682043164969
Epoch :  290  Epoch time :  6.393099351786077  Train L2 Loss :  0.010826673512905836
Epoch :  291  Epoch time :  6.372559562325478  Train L2 Loss :  0.010856088048964738
Epoch :  292  Epoch time :  6.365446611307561  Train L2 Loss :  0.010761321777850389
Epoch :  293  Epoch time :  6.40349009539932  Train L2 Loss :  0.01078481977134943
Epoch :  294  Epoch time :  6.380252086557448  Train L2 Loss :  0.010823961258679628
Epoch :  295  Epoch time :  6.37357243988663  Train L2 Loss :  0.010691404063254594
Epoch :  296  Epoch time :  6.369884151034057  Train L2 Loss :  0.010838488081097603
Epoch :  297  Epoch time :  6.398792020976543  Train L2 Loss :  0.01077284442409873
Epoch :  298  Epoch time :  6.373304914683104  Train L2 Loss :  0.010778696902096272
Epoch :  299  Epoch time :  6.426155095919967  Train L2 Loss :  0.010723883928358555
Epoch :  300  Epoch time :  6.376007238402963  Train L2 Loss :  0.009069453077018261
Epoch :  301  Epoch time :  6.373976391740143  Train L2 Loss :  0.009155735355988145
Epoch :  302  Epoch time :  6.372343289665878  Train L2 Loss :  0.009177926341816783
Epoch :  303  Epoch time :  6.37321805767715  Train L2 Loss :  0.00919649864770472
Epoch :  304  Epoch time :  6.374643479473889  Train L2 Loss :  0.009195554431527853
Epoch :  305  Epoch time :  6.405565562658012  Train L2 Loss :  0.009220563478767872
Epoch :  306  Epoch time :  6.371646440587938  Train L2 Loss :  0.009162852643802762
Epoch :  307  Epoch time :  6.3755591018125415  Train L2 Loss :  0.00917142880000174
Epoch :  308  Epoch time :  6.382780086249113  Train L2 Loss :  0.009170823704078793
Epoch :  309  Epoch time :  6.377549432218075  Train L2 Loss :  0.009166141142323614
Epoch :  310  Epoch time :  6.380587174557149  Train L2 Loss :  0.009170061989501118
Epoch :  311  Epoch time :  6.4186306949704885  Train L2 Loss :  0.009137278067320585
Epoch :  312  Epoch time :  6.393747053109109  Train L2 Loss :  0.009163704893738031
Epoch :  313  Epoch time :  6.384321290999651  Train L2 Loss :  0.009149848619103432
Epoch :  314  Epoch time :  6.379747602157295  Train L2 Loss :  0.00915509288609028
Epoch :  315  Epoch time :  6.37866872176528  Train L2 Loss :  0.00916079714819789
Epoch :  316  Epoch time :  6.374570885673165  Train L2 Loss :  0.009161756564304232
Epoch :  317  Epoch time :  6.393870636820793  Train L2 Loss :  0.009142088218405843
Epoch :  318  Epoch time :  6.415993315167725  Train L2 Loss :  0.009131971287354827
Epoch :  319  Epoch time :  6.384770697914064  Train L2 Loss :  0.009131171273812652
Epoch :  320  Epoch time :  6.382148928008974  Train L2 Loss :  0.009132221050187945
Epoch :  321  Epoch time :  6.377808689139783  Train L2 Loss :  0.009122597963735461
Epoch :  322  Epoch time :  6.39431537874043  Train L2 Loss :  0.009122588584572077
Epoch :  323  Epoch time :  6.384800051338971  Train L2 Loss :  0.009122468504682183
Epoch :  324  Epoch time :  6.430556362494826  Train L2 Loss :  0.009122706419229508
Epoch :  325  Epoch time :  6.387386709451675  Train L2 Loss :  0.009137662907317282
Epoch :  326  Epoch time :  6.378596713766456  Train L2 Loss :  0.009107377115637064
Epoch :  327  Epoch time :  6.39914080593735  Train L2 Loss :  0.009126046692952514
Epoch :  328  Epoch time :  6.3879181342199445  Train L2 Loss :  0.00913834030777216
Epoch :  329  Epoch time :  6.397085636854172  Train L2 Loss :  0.009113812671974302
Epoch :  330  Epoch time :  6.433458580635488  Train L2 Loss :  0.00910886749997735
Epoch :  331  Epoch time :  6.378388746641576  Train L2 Loss :  0.009120175496861338
Epoch :  332  Epoch time :  6.39330729842186  Train L2 Loss :  0.009122813784331083
Epoch :  333  Epoch time :  6.402666078880429  Train L2 Loss :  0.009112912974879145
Epoch :  334  Epoch time :  6.387154068797827  Train L2 Loss :  0.009098556065931917
Epoch :  335  Epoch time :  6.392702616751194  Train L2 Loss :  0.009098284380137921
Epoch :  336  Epoch time :  6.436507413163781  Train L2 Loss :  0.009110812315717339
Epoch :  337  Epoch time :  6.396583276800811  Train L2 Loss :  0.009113947223871946
Epoch :  338  Epoch time :  6.394046490080655  Train L2 Loss :  0.009124327000230551
Epoch :  339  Epoch time :  6.397174614481628  Train L2 Loss :  0.009105625598505139
Epoch :  340  Epoch time :  6.397370772436261  Train L2 Loss :  0.009102338269725441
Epoch :  341  Epoch time :  6.398007387295365  Train L2 Loss :  0.009103601993992926
Epoch :  342  Epoch time :  6.4144539861008525  Train L2 Loss :  0.009078005536273121
Epoch :  343  Epoch time :  6.410206417553127  Train L2 Loss :  0.009092002667859197
Epoch :  344  Epoch time :  6.384552728384733  Train L2 Loss :  0.009078100086003541
Epoch :  345  Epoch time :  6.379154452122748  Train L2 Loss :  0.00908182077743113
Epoch :  346  Epoch time :  6.393652843311429  Train L2 Loss :  0.009087271801382303
Epoch :  347  Epoch time :  6.389447355642915  Train L2 Loss :  0.009087719981744886
Epoch :  348  Epoch time :  6.4025616673752666  Train L2 Loss :  0.009082781884074211
Epoch :  349  Epoch time :  6.411947101354599  Train L2 Loss :  0.009093168354779482
Epoch :  350  Epoch time :  6.386975618079305  Train L2 Loss :  0.009094133251160383
Epoch :  351  Epoch time :  6.389647069387138  Train L2 Loss :  0.009060089316219091
Epoch :  352  Epoch time :  6.403534705750644  Train L2 Loss :  0.009081271651387215
Epoch :  353  Epoch time :  6.383044078946114  Train L2 Loss :  0.009104474991187453
Epoch :  354  Epoch time :  6.3835164634510875  Train L2 Loss :  0.00906635775975883
Epoch :  355  Epoch time :  6.437758982181549  Train L2 Loss :  0.009103568341210485
Epoch :  356  Epoch time :  6.373748202808201  Train L2 Loss :  0.00905058084577322
Epoch :  357  Epoch time :  6.394595515914261  Train L2 Loss :  0.009072103001922368
Epoch :  358  Epoch time :  6.392266902141273  Train L2 Loss :  0.009073855865746737
Epoch :  359  Epoch time :  6.388244669884443  Train L2 Loss :  0.009075714120641351
Epoch :  360  Epoch time :  6.396606871858239  Train L2 Loss :  0.009065352059155703
Epoch :  361  Epoch time :  6.437696953304112  Train L2 Loss :  0.009086919658258558
Epoch :  362  Epoch time :  6.379298657178879  Train L2 Loss :  0.009066553073003887
Epoch :  363  Epoch time :  6.398370115086436  Train L2 Loss :  0.009074656703695654
Epoch :  364  Epoch time :  6.403202824294567  Train L2 Loss :  0.009063520947471261
Epoch :  365  Epoch time :  6.44712939299643  Train L2 Loss :  0.009070522933080792
Epoch :  366  Epoch time :  6.385340249165893  Train L2 Loss :  0.00908751971758902
Epoch :  367  Epoch time :  6.418780296109617  Train L2 Loss :  0.009068658431991936
Epoch :  368  Epoch time :  6.390179531648755  Train L2 Loss :  0.009068903380259872
Epoch :  369  Epoch time :  6.3958916971459985  Train L2 Loss :  0.00909240109026432
Epoch :  370  Epoch time :  6.391921584494412  Train L2 Loss :  0.009053802639991044
Epoch :  371  Epoch time :  6.391728414222598  Train L2 Loss :  0.009070106928423046
Epoch :  372  Epoch time :  6.388378256931901  Train L2 Loss :  0.009038034054636955
Epoch :  373  Epoch time :  6.427004971541464  Train L2 Loss :  0.009041694263368845
Epoch :  374  Epoch time :  6.405703186057508  Train L2 Loss :  0.009040713084861636
Epoch :  375  Epoch time :  6.383114158175886  Train L2 Loss :  0.009065438444912434
Epoch :  376  Epoch time :  6.384503956884146  Train L2 Loss :  0.009058537238091231
Epoch :  377  Epoch time :  6.393004207871854  Train L2 Loss :  0.0090636042162776
Epoch :  378  Epoch time :  6.407842082902789  Train L2 Loss :  0.009057898334413768
Epoch :  379  Epoch time :  6.4189092349261045  Train L2 Loss :  0.009048491698503493
Epoch :  380  Epoch time :  6.438906048424542  Train L2 Loss :  0.00904500998519361
Epoch :  381  Epoch time :  6.406060808338225  Train L2 Loss :  0.009067556364089251
Epoch :  382  Epoch time :  6.3860524240881205  Train L2 Loss :  0.009053607155382634
Epoch :  383  Epoch time :  6.398256555199623  Train L2 Loss :  0.00903243094049394
Epoch :  384  Epoch time :  6.396904459223151  Train L2 Loss :  0.009055452478304506
Epoch :  385  Epoch time :  6.406272850930691  Train L2 Loss :  0.009046962693333625
Epoch :  386  Epoch time :  6.4595878049731255  Train L2 Loss :  0.009028085767105221
Epoch :  387  Epoch time :  6.407279430888593  Train L2 Loss :  0.009053950053825975
Epoch :  388  Epoch time :  6.414671516977251  Train L2 Loss :  0.009039027022197842
Epoch :  389  Epoch time :  6.414540442638099  Train L2 Loss :  0.00903593465834856
Epoch :  390  Epoch time :  6.406552460975945  Train L2 Loss :  0.009035270207747817
Epoch :  391  Epoch time :  6.40663648955524  Train L2 Loss :  0.009048180656507612
Epoch :  392  Epoch time :  6.464740180410445  Train L2 Loss :  0.00905189297348261
Epoch :  393  Epoch time :  6.4191683903336525  Train L2 Loss :  0.009027442996948958
Epoch :  394  Epoch time :  6.40924528054893  Train L2 Loss :  0.009047680851444601
Epoch :  395  Epoch time :  6.392315440811217  Train L2 Loss :  0.009008338886871935
Epoch :  396  Epoch time :  6.401878894306719  Train L2 Loss :  0.009045633619278669
Epoch :  397  Epoch time :  6.400899412110448  Train L2 Loss :  0.009015799962729215
Epoch :  398  Epoch time :  6.438131659291685  Train L2 Loss :  0.009026658637449145
Epoch :  399  Epoch time :  6.418735675513744  Train L2 Loss :  0.009045269121974706
Epoch :  400  Epoch time :  6.402403409592807  Train L2 Loss :  0.008303206650167703
Epoch :  401  Epoch time :  6.407491637393832  Train L2 Loss :  0.008322229187190533
Epoch :  402  Epoch time :  6.406185783445835  Train L2 Loss :  0.008333130801469088
Epoch :  403  Epoch time :  6.403111540712416  Train L2 Loss :  0.008347891864925622
Epoch :  404  Epoch time :  6.436066794209182  Train L2 Loss :  0.008335654035583138
Epoch :  405  Epoch time :  6.441430181264877  Train L2 Loss :  0.008334049859270453
Epoch :  406  Epoch time :  6.417737782001495  Train L2 Loss :  0.008338589476794004
Epoch :  407  Epoch time :  6.411969491280615  Train L2 Loss :  0.008335113305225968
Epoch :  408  Epoch time :  6.410788856446743  Train L2 Loss :  0.008339276789128781
Epoch :  409  Epoch time :  6.40652956161648  Train L2 Loss :  0.008326785119622945
Epoch :  410  Epoch time :  6.432456666603684  Train L2 Loss :  0.008331722919270396
Epoch :  411  Epoch time :  6.465150914154947  Train L2 Loss :  0.008328990266472101
Epoch :  412  Epoch time :  6.407713825814426  Train L2 Loss :  0.00833494588136673
Epoch :  413  Epoch time :  6.411487850360572  Train L2 Loss :  0.00832668295353651
Epoch :  414  Epoch time :  6.39789176825434  Train L2 Loss :  0.008321909048035741
Epoch :  415  Epoch time :  6.394316049292684  Train L2 Loss :  0.008320797428116202
Epoch :  416  Epoch time :  6.422796664759517  Train L2 Loss :  0.00832949452623725
Epoch :  417  Epoch time :  6.44674062076956  Train L2 Loss :  0.008327772298827767
Epoch :  418  Epoch time :  6.414967241697013  Train L2 Loss :  0.00833500842563808
Epoch :  419  Epoch time :  6.4335919031873345  Train L2 Loss :  0.008315585677325725
Epoch :  420  Epoch time :  6.402797021903098  Train L2 Loss :  0.008323520825803279
Epoch :  421  Epoch time :  6.434843993745744  Train L2 Loss :  0.008317070829868317
Epoch :  422  Epoch time :  6.404973097145557  Train L2 Loss :  0.008323993827030063
Epoch :  423  Epoch time :  6.462648024782538  Train L2 Loss :  0.008311934714019299
Epoch :  424  Epoch time :  6.41576908621937  Train L2 Loss :  0.00832244658432901
Epoch :  425  Epoch time :  6.3950000097975135  Train L2 Loss :  0.008308737648278474
Epoch :  426  Epoch time :  6.409866441041231  Train L2 Loss :  0.008321982109174132
Epoch :  427  Epoch time :  6.407428940758109  Train L2 Loss :  0.008315363915264606
Epoch :  428  Epoch time :  6.408634584397078  Train L2 Loss :  0.008333950887992977
Epoch :  429  Epoch time :  6.466443259268999  Train L2 Loss :  0.008311781099811196
Epoch :  430  Epoch time :  6.440221065655351  Train L2 Loss :  0.008305044043436646
Epoch :  431  Epoch time :  6.412804864346981  Train L2 Loss :  0.008320252886787057
Epoch :  432  Epoch time :  6.40526469796896  Train L2 Loss :  0.008321411234512925
Epoch :  433  Epoch time :  6.41067455150187  Train L2 Loss :  0.008310750015825033
Epoch :  434  Epoch time :  6.406996642239392  Train L2 Loss :  0.008318807313218712
Epoch :  435  Epoch time :  6.453124800696969  Train L2 Loss :  0.008307203467935323
Epoch :  436  Epoch time :  6.435429701581597  Train L2 Loss :  0.00831633529216051
Epoch :  437  Epoch time :  6.403832550160587  Train L2 Loss :  0.008303891323879362
Epoch :  438  Epoch time :  6.394056800752878  Train L2 Loss :  0.008311797392368316
Epoch :  439  Epoch time :  6.435766067355871  Train L2 Loss :  0.008311041056364774
Epoch :  440  Epoch time :  6.503331326879561  Train L2 Loss :  0.00831345272473991
Epoch :  441  Epoch time :  6.480009643360972  Train L2 Loss :  0.008306431945040821
Epoch :  442  Epoch time :  6.491175144910812  Train L2 Loss :  0.008306662183254957
Epoch :  443  Epoch time :  6.459185594692826  Train L2 Loss :  0.008306943730637431
Epoch :  444  Epoch time :  6.518171792849898  Train L2 Loss :  0.008309608168154955
Epoch :  445  Epoch time :  6.459343063645065  Train L2 Loss :  0.008305731559172273
Epoch :  446  Epoch time :  6.452456531114876  Train L2 Loss :  0.008315675585716963
Epoch :  447  Epoch time :  6.5342490673065186  Train L2 Loss :  0.008300328516215085
Epoch :  448  Epoch time :  6.4837411204352975  Train L2 Loss :  0.008303371180966496
Epoch :  449  Epoch time :  6.459277073852718  Train L2 Loss :  0.008312083645164966
Epoch :  450  Epoch time :  6.452164459973574  Train L2 Loss :  0.008304805598407983
Epoch :  451  Epoch time :  6.509435591287911  Train L2 Loss :  0.008299605286493898
Epoch :  452  Epoch time :  6.4569885320961475  Train L2 Loss :  0.008293879540637136
Epoch :  453  Epoch time :  6.481074248440564  Train L2 Loss :  0.008307157268747688
Epoch :  454  Epoch time :  6.547221953980625  Train L2 Loss :  0.008303568527475
Epoch :  455  Epoch time :  6.472617181017995  Train L2 Loss :  0.008300002480298281
Epoch :  456  Epoch time :  6.462866680696607  Train L2 Loss :  0.008300363324582576
Epoch :  457  Epoch time :  6.451169344596565  Train L2 Loss :  0.008300976354628802
Epoch :  458  Epoch time :  6.715020386502147  Train L2 Loss :  0.008289668265357614
Epoch :  459  Epoch time :  6.448367059230804  Train L2 Loss :  0.008299741614982486
Epoch :  460  Epoch time :  6.521368880756199  Train L2 Loss :  0.00829840106703341
Epoch :  461  Epoch time :  6.532123010605574  Train L2 Loss :  0.008291129410639406
Epoch :  462  Epoch time :  6.47426164150238  Train L2 Loss :  0.008301341934129595
Epoch :  463  Epoch time :  6.47370102442801  Train L2 Loss :  0.008294704655185342
Epoch :  464  Epoch time :  6.448698827065527  Train L2 Loss :  0.008299526122584939
Epoch :  465  Epoch time :  6.512024429626763  Train L2 Loss :  0.008298913206532598
Epoch :  466  Epoch time :  6.510283757001162  Train L2 Loss :  0.008292734126746654
Epoch :  467  Epoch time :  6.484686560928822  Train L2 Loss :  0.008298362629115581
Epoch :  468  Epoch time :  6.5032710041850805  Train L2 Loss :  0.008304287869110704
Epoch :  469  Epoch time :  6.448901002295315  Train L2 Loss :  0.008289926017075778
Epoch :  470  Epoch time :  12.208725296892226  Train L2 Loss :  0.00829229252114892
Epoch :  471  Epoch time :  6.803862024098635  Train L2 Loss :  0.00829479954764247
Epoch :  472  Epoch time :  6.609794213436544  Train L2 Loss :  0.008286793367564679
Epoch :  473  Epoch time :  6.513461449183524  Train L2 Loss :  0.00828700230307877
Epoch :  474  Epoch time :  6.471401963382959  Train L2 Loss :  0.00828625741675496
Epoch :  475  Epoch time :  6.561117704957724  Train L2 Loss :  0.008287962937355042
Epoch :  476  Epoch time :  6.473775039426982  Train L2 Loss :  0.008288265351951122
Epoch :  477  Epoch time :  6.479880354367197  Train L2 Loss :  0.008294656008854508
Epoch :  478  Epoch time :  6.581423729658127  Train L2 Loss :  0.008296411641314626
Epoch :  479  Epoch time :  6.525675650686026  Train L2 Loss :  0.00828198053240776
Epoch :  480  Epoch time :  6.492065106518567  Train L2 Loss :  0.008281574749574066
Epoch :  481  Epoch time :  6.465048477053642  Train L2 Loss :  0.008283292962238193
Epoch :  482  Epoch time :  8.517520310357213  Train L2 Loss :  0.008293708768859506
Epoch :  483  Epoch time :  6.536807917058468  Train L2 Loss :  0.008289144468307495
Epoch :  484  Epoch time :  6.730686191469431  Train L2 Loss :  0.008286743667349218
Epoch :  485  Epoch time :  6.535650544799864  Train L2 Loss :  0.008291733073070646
Epoch :  486  Epoch time :  6.80000037048012  Train L2 Loss :  0.008272911381348967
Epoch :  487  Epoch time :  6.613092635758221  Train L2 Loss :  0.008278768474981189
Epoch :  488  Epoch time :  6.545882620848715  Train L2 Loss :  0.00827855213843286
Epoch :  489  Epoch time :  6.614852694794536  Train L2 Loss :  0.008290336937457322
Epoch :  490  Epoch time :  6.489382395520806  Train L2 Loss :  0.008288766645640135
Epoch :  491  Epoch time :  6.809614703990519  Train L2 Loss :  0.008279993464425206
Epoch :  492  Epoch time :  6.560702056623995  Train L2 Loss :  0.008289438885450364
Epoch :  493  Epoch time :  6.586705045774579  Train L2 Loss :  0.008276325808092951
Epoch :  494  Epoch time :  6.5292283752933145  Train L2 Loss :  0.008279314475506543
Epoch :  495  Epoch time :  6.565381422638893  Train L2 Loss :  0.008277451461181045
Epoch :  496  Epoch time :  6.490307572297752  Train L2 Loss :  0.008274877290055155
Epoch :  497  Epoch time :  6.537005513906479  Train L2 Loss :  0.008273412112891674
Epoch :  498  Epoch time :  6.524420579895377  Train L2 Loss :  0.008273036187142134
Epoch :  499  Epoch time :  6.502780399285257  Train L2 Loss :  0.008271185205504298
Epoch :  500  Epoch time :  6.80873863492161  Train L2 Loss :  0.007927116919308901
Epoch :  501  Epoch time :  6.5054708532989025  Train L2 Loss :  0.007934952862560749
Epoch :  502  Epoch time :  6.608713077381253  Train L2 Loss :  0.00793344366773963
Epoch :  503  Epoch time :  6.626202425919473  Train L2 Loss :  0.007932702314481139
Epoch :  504  Epoch time :  6.463127713650465  Train L2 Loss :  0.007937145902216435
Epoch :  505  Epoch time :  6.782178660854697  Train L2 Loss :  0.00793187608346343
Epoch :  506  Epoch time :  6.998743797652423  Train L2 Loss :  0.007932255973294377
Epoch :  507  Epoch time :  6.891219647601247  Train L2 Loss :  0.007929812633246183
Epoch :  508  Epoch time :  7.220260340720415  Train L2 Loss :  0.007935707127675414
Epoch :  509  Epoch time :  6.992173323407769  Train L2 Loss :  0.007931339874491095
Epoch :  510  Epoch time :  6.913033788092434  Train L2 Loss :  0.007931978933885694
Epoch :  511  Epoch time :  6.906269453465939  Train L2 Loss :  0.007926935844495893
Epoch :  512  Epoch time :  7.034813308157027  Train L2 Loss :  0.007930723918974399
Epoch :  513  Epoch time :  6.904083142057061  Train L2 Loss :  0.00793076992072165
Epoch :  514  Epoch time :  6.890628378838301  Train L2 Loss :  0.007926854423433542
Epoch :  515  Epoch time :  7.026207500137389  Train L2 Loss :  0.007921919526159763
Epoch :  516  Epoch time :  6.8784621972590685  Train L2 Loss :  0.00791953532025218
Epoch :  517  Epoch time :  6.9462850112468  Train L2 Loss :  0.007928861321136356
Epoch :  518  Epoch time :  6.784978026524186  Train L2 Loss :  0.007922492948547006
Epoch :  519  Epoch time :  6.971360648050904  Train L2 Loss :  0.007927719033136963
Epoch :  520  Epoch time :  6.890685792081058  Train L2 Loss :  0.007919494569674133
Epoch :  521  Epoch time :  7.026311289519072  Train L2 Loss :  0.00791765138655901
Epoch :  522  Epoch time :  6.803259418345988  Train L2 Loss :  0.007919123401120306
Epoch :  523  Epoch time :  6.77615322638303  Train L2 Loss :  0.007916869289427995
Epoch :  524  Epoch time :  6.897346599958837  Train L2 Loss :  0.007925576180592179
Epoch :  525  Epoch time :  6.848899306729436  Train L2 Loss :  0.007916791161522269
Epoch :  526  Epoch time :  6.907569934614003  Train L2 Loss :  0.007922653239965438
Epoch :  527  Epoch time :  7.126944857649505  Train L2 Loss :  0.00792463444955647
Epoch :  528  Epoch time :  6.845475157722831  Train L2 Loss :  0.00791480050906539
Epoch :  529  Epoch time :  6.818275683559477  Train L2 Loss :  0.007922818193584681
Epoch :  530  Epoch time :  6.8204268319532275  Train L2 Loss :  0.007915118359774351
Epoch :  531  Epoch time :  7.121125258505344  Train L2 Loss :  0.00791811099089682
Epoch :  532  Epoch time :  6.866986335255206  Train L2 Loss :  0.007915979918837548
Epoch :  533  Epoch time :  6.970334406010807  Train L2 Loss :  0.007923223001137375
Epoch :  534  Epoch time :  6.903360781259835  Train L2 Loss :  0.007912775500491262
Epoch :  535  Epoch time :  7.134095961228013  Train L2 Loss :  0.007917400488629937
Epoch :  536  Epoch time :  6.983528080396354  Train L2 Loss :  0.007910391475632786
Epoch :  537  Epoch time :  6.876435227692127  Train L2 Loss :  0.007914292785525322
Epoch :  538  Epoch time :  7.173209291882813  Train L2 Loss :  0.007914125046133995
Epoch :  539  Epoch time :  6.882311187684536  Train L2 Loss :  0.007914203146100043
Epoch :  540  Epoch time :  7.2202909626066685  Train L2 Loss :  0.007910695178434252
Epoch :  541  Epoch time :  6.853533958084881  Train L2 Loss :  0.007915967866778374
Epoch :  542  Epoch time :  6.8493641428649426  Train L2 Loss :  0.0079151236589998
Epoch :  543  Epoch time :  6.878022477030754  Train L2 Loss :  0.007912302422523498
Epoch :  544  Epoch time :  7.200429251417518  Train L2 Loss :  0.007903573462739587
Epoch :  545  Epoch time :  6.85020902287215  Train L2 Loss :  0.007910679821670055
Epoch :  546  Epoch time :  6.935876515693963  Train L2 Loss :  0.007908637817203999
Epoch :  547  Epoch time :  6.828173318877816  Train L2 Loss :  0.007907581278309227
Epoch :  548  Epoch time :  6.950001950375736  Train L2 Loss :  0.007907683335989714
Epoch :  549  Epoch time :  6.872439746744931  Train L2 Loss :  0.007912053050473333
Epoch :  550  Epoch time :  6.772660003975034  Train L2 Loss :  0.007905612163618207
Epoch :  551  Epoch time :  6.947337021119893  Train L2 Loss :  0.007900643850117921
Epoch :  552  Epoch time :  6.868345791473985  Train L2 Loss :  0.007909891528263688
Epoch :  553  Epoch time :  6.886811858043075  Train L2 Loss :  0.00790311351902783
Epoch :  554  Epoch time :  6.932174852117896  Train L2 Loss :  0.007903578575700522
Epoch :  555  Epoch time :  6.950659768655896  Train L2 Loss :  0.007905831638351082
Epoch :  556  Epoch time :  6.992937519215047  Train L2 Loss :  0.007908594130724669
Epoch :  557  Epoch time :  6.768860778771341  Train L2 Loss :  0.00790554416924715
Epoch :  558  Epoch time :  6.77238383051008  Train L2 Loss :  0.007897648015990853
Epoch :  559  Epoch time :  7.046409642323852  Train L2 Loss :  0.007901858603954315
Epoch :  560  Epoch time :  6.8330941293388605  Train L2 Loss :  0.007897910490632057
Epoch :  561  Epoch time :  6.990358545444906  Train L2 Loss :  0.007904241533577442
Epoch :  562  Epoch time :  6.888181666843593  Train L2 Loss :  0.007900615840777754
Epoch :  563  Epoch time :  6.836649087257683  Train L2 Loss :  0.007903976308554411
Epoch :  564  Epoch time :  6.914593916386366  Train L2 Loss :  0.007905044398084283
Epoch :  565  Epoch time :  6.783514621667564  Train L2 Loss :  0.007899647505581378
Epoch :  566  Epoch time :  6.958393467590213  Train L2 Loss :  0.007895061760023235
Epoch :  567  Epoch time :  6.872883255593479  Train L2 Loss :  0.007891091028600932
Epoch :  568  Epoch time :  6.7752471240237355  Train L2 Loss :  0.00789624102935195
Epoch :  569  Epoch time :  6.952683969400823  Train L2 Loss :  0.007894444022327661
Epoch :  570  Epoch time :  6.85159405041486  Train L2 Loss :  0.007893663749471307
Epoch :  571  Epoch time :  6.97302782908082  Train L2 Loss :  0.007893778925016522
Epoch :  572  Epoch time :  6.921064488589764  Train L2 Loss :  0.007894557012617587
Epoch :  573  Epoch time :  7.002764710225165  Train L2 Loss :  0.00789861090555787
Epoch :  574  Epoch time :  6.844155672006309  Train L2 Loss :  0.007891950473189354
Epoch :  575  Epoch time :  7.104700296185911  Train L2 Loss :  0.00788486995473504
Epoch :  576  Epoch time :  6.928601210005581  Train L2 Loss :  0.00789414627701044
Epoch :  577  Epoch time :  6.8363462863489985  Train L2 Loss :  0.007888726964965462
Epoch :  578  Epoch time :  6.989564209245145  Train L2 Loss :  0.007897679785266518
Epoch :  579  Epoch time :  6.959274378605187  Train L2 Loss :  0.007887276208773256
Epoch :  580  Epoch time :  6.9432816514745355  Train L2 Loss :  0.00789025134705007
Epoch :  581  Epoch time :  6.811424887739122  Train L2 Loss :  0.007892113581299782
Epoch :  582  Epoch time :  6.783725718036294  Train L2 Loss :  0.007891223217919468
Epoch :  583  Epoch time :  6.9031756380572915  Train L2 Loss :  0.007887000102177263
Epoch :  584  Epoch time :  6.818771153688431  Train L2 Loss :  0.007889933740720154
Epoch :  585  Epoch time :  6.930242817848921  Train L2 Loss :  0.007889302663505078
Epoch :  586  Epoch time :  6.8754064459353685  Train L2 Loss :  0.007881333134695887
Epoch :  587  Epoch time :  6.987874140031636  Train L2 Loss :  0.007887452722340822
Epoch :  588  Epoch time :  6.81396474596113  Train L2 Loss :  0.007886302952095867
Epoch :  589  Epoch time :  6.840411598794162  Train L2 Loss :  0.007888776988163591
Epoch :  590  Epoch time :  6.9316767528653145  Train L2 Loss :  0.00788809146285057
Epoch :  591  Epoch time :  6.85416342690587  Train L2 Loss :  0.00788375836275518
Epoch :  592  Epoch time :  6.8292833138257265  Train L2 Loss :  0.00788034750148654
Epoch :  593  Epoch time :  6.889689126983285  Train L2 Loss :  0.007884674115106464
Epoch :  594  Epoch time :  6.758191796019673  Train L2 Loss :  0.007878702332824469
Epoch :  595  Epoch time :  6.810272405855358  Train L2 Loss :  0.00787990277670324
Epoch :  596  Epoch time :  7.026300475001335  Train L2 Loss :  0.007881224752962589
Epoch :  597  Epoch time :  6.896116050891578  Train L2 Loss :  0.007883482409641146
Epoch :  598  Epoch time :  6.864324698224664  Train L2 Loss :  0.007879997928068042
Epoch :  599  Epoch time :  6.7498080702498555  Train L2 Loss :  0.007878421648219228
Epoch :  600  Epoch time :  6.842331330291927  Train L2 Loss :  0.00770099388025701
Epoch :  601  Epoch time :  6.909005802124739  Train L2 Loss :  0.007697507014870644
Epoch :  602  Epoch time :  6.779786990024149  Train L2 Loss :  0.007699316205084324
Epoch :  603  Epoch time :  6.866978258825839  Train L2 Loss :  0.007700346563756466
Epoch :  604  Epoch time :  6.853304468095303  Train L2 Loss :  0.007699888314679265
Epoch :  605  Epoch time :  6.750303235836327  Train L2 Loss :  0.007700739109888673
Epoch :  606  Epoch time :  6.976169755682349  Train L2 Loss :  0.007697311202809215
Epoch :  607  Epoch time :  6.797368701547384  Train L2 Loss :  0.007699992082640529
Epoch :  608  Epoch time :  6.841790008358657  Train L2 Loss :  0.007698766184225678
Epoch :  609  Epoch time :  6.8906508246436715  Train L2 Loss :  0.007700267811119556
Epoch :  610  Epoch time :  6.914242518134415  Train L2 Loss :  0.007697169774025679
Epoch :  611  Epoch time :  6.881603908725083  Train L2 Loss :  0.007696065640822053
Epoch :  612  Epoch time :  6.755723096430302  Train L2 Loss :  0.0076964062537997965
Epoch :  613  Epoch time :  6.921987962909043  Train L2 Loss :  0.007693809384852647
Epoch :  614  Epoch time :  6.822354850359261  Train L2 Loss :  0.0076955137446522714
Epoch :  615  Epoch time :  7.021819445304573  Train L2 Loss :  0.007697350786998868
Epoch :  616  Epoch time :  6.873242476955056  Train L2 Loss :  0.007693164806067944
Epoch :  617  Epoch time :  6.818607744760811  Train L2 Loss :  0.007694204081594944
Epoch :  618  Epoch time :  6.856706644408405  Train L2 Loss :  0.007692230025306344
Epoch :  619  Epoch time :  6.9022060902789235  Train L2 Loss :  0.0076916936688125135
Epoch :  620  Epoch time :  6.89028084743768  Train L2 Loss :  0.007693394845351577
Epoch :  621  Epoch time :  6.885370384901762  Train L2 Loss :  0.007694268549606204
Epoch :  622  Epoch time :  6.9759842017665505  Train L2 Loss :  0.007692526618018746
Epoch :  623  Epoch time :  6.8548862133175135  Train L2 Loss :  0.00769169114716351
Epoch :  624  Epoch time :  6.962613412179053  Train L2 Loss :  0.007692658971995115
Epoch :  625  Epoch time :  6.9444920578971505  Train L2 Loss :  0.0076874807693064215
Epoch :  626  Epoch time :  6.954522931948304  Train L2 Loss :  0.007690415650606156
Epoch :  627  Epoch time :  6.982858341187239  Train L2 Loss :  0.0076873809177428485
Epoch :  628  Epoch time :  6.839802755042911  Train L2 Loss :  0.0076901186443865295
Epoch :  629  Epoch time :  6.738312274217606  Train L2 Loss :  0.0076874039880931375
Epoch :  630  Epoch time :  6.735386797226965  Train L2 Loss :  0.007686735731363296
Epoch :  631  Epoch time :  6.789544730447233  Train L2 Loss :  0.007686570979654789
Epoch :  632  Epoch time :  6.737994857132435  Train L2 Loss :  0.007687619393318892
Epoch :  633  Epoch time :  6.844013578258455  Train L2 Loss :  0.0076883189782500265
Epoch :  634  Epoch time :  6.791067056357861  Train L2 Loss :  0.0076846205804497
Epoch :  635  Epoch time :  6.720879927277565  Train L2 Loss :  0.007686041934788227
Epoch :  636  Epoch time :  6.725459191016853  Train L2 Loss :  0.007683596670255065
Epoch :  637  Epoch time :  6.777871775440872  Train L2 Loss :  0.007683596217632294
Epoch :  638  Epoch time :  6.737296895124018  Train L2 Loss :  0.0076831090480089185
Epoch :  639  Epoch time :  6.828801706433296  Train L2 Loss :  0.007682728494331241
Epoch :  640  Epoch time :  6.7505105044692755  Train L2 Loss :  0.007682218905538321
Epoch :  641  Epoch time :  6.743320534005761  Train L2 Loss :  0.007679661703482271
Epoch :  642  Epoch time :  6.777906912378967  Train L2 Loss :  0.007683810053765774
Epoch :  643  Epoch time :  6.719206603243947  Train L2 Loss :  0.007684116343036294
Epoch :  644  Epoch time :  6.716096603311598  Train L2 Loss :  0.007682796895503998
Epoch :  645  Epoch time :  6.83444759529084  Train L2 Loss :  0.007680643209069967
Epoch :  646  Epoch time :  6.7498417207971215  Train L2 Loss :  0.007679791964963078
Epoch :  647  Epoch time :  6.738240105099976  Train L2 Loss :  0.007679420783743262
Epoch :  648  Epoch time :  6.772964274510741  Train L2 Loss :  0.007682506072148681
Epoch :  649  Epoch time :  6.726224801503122  Train L2 Loss :  0.0076793391566723586
Epoch :  650  Epoch time :  6.712343459948897  Train L2 Loss :  0.007681349511444569
Epoch :  651  Epoch time :  6.818937137722969  Train L2 Loss :  0.007682871821150183
Epoch :  652  Epoch time :  6.788260341621935  Train L2 Loss :  0.0076780527878552675
Epoch :  653  Epoch time :  6.741936850361526  Train L2 Loss :  0.007678438822925091
Epoch :  654  Epoch time :  6.767341180704534  Train L2 Loss :  0.007679289082810283
Epoch :  655  Epoch time :  6.7235710779204965  Train L2 Loss :  0.007679744901508093
Epoch :  656  Epoch time :  6.723117993213236  Train L2 Loss :  0.007677590493857861
Epoch :  657  Epoch time :  6.811105901375413  Train L2 Loss :  0.00767662254050374
Epoch :  658  Epoch time :  6.768249178305268  Train L2 Loss :  0.0076776004444807765
Epoch :  659  Epoch time :  6.7277139807119966  Train L2 Loss :  0.007675721472129225
Epoch :  660  Epoch time :  6.757391896098852  Train L2 Loss :  0.007679916530847549
Epoch :  661  Epoch time :  6.702188454568386  Train L2 Loss :  0.0076745774567127225
Epoch :  662  Epoch time :  6.7103215074166656  Train L2 Loss :  0.007678905038908124
Epoch :  663  Epoch time :  6.763617856428027  Train L2 Loss :  0.007675462268665433
Epoch :  664  Epoch time :  6.740642805583775  Train L2 Loss :  0.007674434270337224
Epoch :  665  Epoch time :  6.718334993347526  Train L2 Loss :  0.007673841350525618
Epoch :  666  Epoch time :  6.759136728011072  Train L2 Loss :  0.007675567325204611
Epoch :  667  Epoch time :  6.70493861567229  Train L2 Loss :  0.007673395615816116
Epoch :  668  Epoch time :  6.704692622646689  Train L2 Loss :  0.0076761908773332835
Epoch :  669  Epoch time :  6.792738267220557  Train L2 Loss :  0.007674420155957341
Epoch :  670  Epoch time :  6.799352348782122  Train L2 Loss :  0.007674133745953441
Epoch :  671  Epoch time :  7.003872066736221  Train L2 Loss :  0.007672790354117751
Epoch :  672  Epoch time :  6.924188622273505  Train L2 Loss :  0.007671882148459553
Epoch :  673  Epoch time :  6.798747927881777  Train L2 Loss :  0.0076729288712143896
Epoch :  674  Epoch time :  6.776903033256531  Train L2 Loss :  0.007668760640174151
Epoch :  675  Epoch time :  6.856632865965366  Train L2 Loss :  0.007671315000578761
Epoch :  676  Epoch time :  6.97181794885546  Train L2 Loss :  0.007672943796962499
Epoch :  677  Epoch time :  6.901613711379468  Train L2 Loss :  0.00766642312631011
Epoch :  678  Epoch time :  6.851630554534495  Train L2 Loss :  0.007670224102586508
Epoch :  679  Epoch time :  6.822419279254973  Train L2 Loss :  0.007670713032782077
Epoch :  680  Epoch time :  6.9087215373292565  Train L2 Loss :  0.007667019228637218
Epoch :  681  Epoch time :  6.791018866933882  Train L2 Loss :  0.007669010653346777
Epoch :  682  Epoch time :  6.834721573628485  Train L2 Loss :  0.007668116386979818
Epoch :  683  Epoch time :  6.857070129364729  Train L2 Loss :  0.007668589974939823
Epoch :  684  Epoch time :  6.892787693068385  Train L2 Loss :  0.007668277604132891
Epoch :  685  Epoch time :  6.801737075671554  Train L2 Loss :  0.007665446807444095
Epoch :  686  Epoch time :  6.868926442228258  Train L2 Loss :  0.007663840544968843
Epoch :  687  Epoch time :  6.874502854421735  Train L2 Loss :  0.007663472175598145
Epoch :  688  Epoch time :  6.927263340912759  Train L2 Loss :  0.0076632890500128266
Epoch :  689  Epoch time :  6.883612919598818  Train L2 Loss :  0.007666364098340273
Epoch :  690  Epoch time :  6.915177245624363  Train L2 Loss :  0.007665004540234804
Epoch :  691  Epoch time :  6.811494687572122  Train L2 Loss :  0.007662293621525169
Epoch :  692  Epoch time :  6.8306732922792435  Train L2 Loss :  0.007666235866025091
Epoch :  693  Epoch time :  6.922941951081157  Train L2 Loss :  0.0076639568712562325
Epoch :  694  Epoch time :  7.2981684831902385  Train L2 Loss :  0.007663158377632499
Epoch :  695  Epoch time :  6.83544448018074  Train L2 Loss :  0.0076607089798897505
Epoch :  696  Epoch time :  6.87214725650847  Train L2 Loss :  0.0076599832233041525
Epoch :  697  Epoch time :  6.788939329795539  Train L2 Loss :  0.007663527841493488
Epoch :  698  Epoch time :  6.686080723069608  Train L2 Loss :  0.007661062597110867
Epoch :  699  Epoch time :  6.418318119831383  Train L2 Loss :  0.007662554121017456
Epoch :  700  Epoch time :  6.562887474894524  Train L2 Loss :  0.007568456052988767
Epoch :  701  Epoch time :  6.748148828744888  Train L2 Loss :  0.007566465832293034
Epoch :  702  Epoch time :  6.729391794651747  Train L2 Loss :  0.007567334285750985
Epoch :  703  Epoch time :  6.7370930556207895  Train L2 Loss :  0.00756716702952981
Epoch :  704  Epoch time :  6.7258554212749  Train L2 Loss :  0.007565920419618487
Epoch :  705  Epoch time :  6.729796341620386  Train L2 Loss :  0.007567231446504593
Epoch :  706  Epoch time :  6.780943804420531  Train L2 Loss :  0.007564893891289831
Epoch :  707  Epoch time :  6.761433769017458  Train L2 Loss :  0.007565990283712745
Epoch :  708  Epoch time :  6.727345044724643  Train L2 Loss :  0.007564323028922081
Epoch :  709  Epoch time :  6.725767282769084  Train L2 Loss :  0.007564793517440558
Epoch :  710  Epoch time :  6.718529750593007  Train L2 Loss :  0.007565030834823847
Epoch :  711  Epoch time :  6.69858137704432  Train L2 Loss :  0.007564245950058102
Epoch :  712  Epoch time :  6.729680883698165  Train L2 Loss :  0.007563824972137809
Epoch :  713  Epoch time :  6.720030280761421  Train L2 Loss :  0.007564058693870902
Epoch :  714  Epoch time :  6.686953293159604  Train L2 Loss :  0.0075623257841914895
Epoch :  715  Epoch time :  6.672747987322509  Train L2 Loss :  0.00756340140812099
Epoch :  716  Epoch time :  6.669254454784095  Train L2 Loss :  0.007560533698648214
Epoch :  717  Epoch time :  6.662896404974163  Train L2 Loss :  0.00756086261458695
Epoch :  718  Epoch time :  6.701477966271341  Train L2 Loss :  0.007559307042509318
Epoch :  719  Epoch time :  6.714338744990528  Train L2 Loss :  0.00755878565274179
Epoch :  720  Epoch time :  6.671179721131921  Train L2 Loss :  0.007559631209075451
Epoch :  721  Epoch time :  6.687521175481379  Train L2 Loss :  0.007557378027960658
Epoch :  722  Epoch time :  6.687247277237475  Train L2 Loss :  0.007556748059764504
Epoch :  723  Epoch time :  6.67207526601851  Train L2 Loss :  0.007556991394236684
Epoch :  724  Epoch time :  6.714156432077289  Train L2 Loss :  0.007556469175592065
Epoch :  725  Epoch time :  6.722378758713603  Train L2 Loss :  0.007556455329060554
Epoch :  726  Epoch time :  6.6733775129541755  Train L2 Loss :  0.007554818684235215
Epoch :  727  Epoch time :  6.679600131697953  Train L2 Loss :  0.0075514914888888595
Epoch :  728  Epoch time :  6.673353241756558  Train L2 Loss :  0.0075528653685003515
Epoch :  729  Epoch time :  6.669958872720599  Train L2 Loss :  0.0075503782749176025
Epoch :  730  Epoch time :  6.709773446433246  Train L2 Loss :  0.007550526854768395
Epoch :  731  Epoch time :  6.730629978701472  Train L2 Loss :  0.007549189050495625
Epoch :  732  Epoch time :  6.681398142129183  Train L2 Loss :  0.007548205400630832
Epoch :  733  Epoch time :  6.684636092744768  Train L2 Loss :  0.007546415550261736
Epoch :  734  Epoch time :  6.681036852300167  Train L2 Loss :  0.007548280907794833
Epoch :  735  Epoch time :  6.685882236808538  Train L2 Loss :  0.007544290545582771
Epoch :  736  Epoch time :  6.69184806663543  Train L2 Loss :  0.007544535177201032
Epoch :  737  Epoch time :  6.750586159527302  Train L2 Loss :  0.007544042178243398
Epoch :  738  Epoch time :  6.7161744851619005  Train L2 Loss :  0.007542322720587254
Epoch :  739  Epoch time :  6.705858200788498  Train L2 Loss :  0.00754092995710671
Epoch :  740  Epoch time :  6.6831870302557945  Train L2 Loss :  0.007539623778313399
Epoch :  741  Epoch time :  6.686591414734721  Train L2 Loss :  0.007537452617660165
Epoch :  742  Epoch time :  6.676303298212588  Train L2 Loss :  0.007540280243754387
Epoch :  743  Epoch time :  6.740190186537802  Train L2 Loss :  0.007536805077269673
Epoch :  744  Epoch time :  6.714713951572776  Train L2 Loss :  0.0075357684750109915
Epoch :  745  Epoch time :  6.694365586154163  Train L2 Loss :  0.007533411778137088
Epoch :  746  Epoch time :  6.678754586726427  Train L2 Loss :  0.007533965615183115
Epoch :  747  Epoch time :  6.679022628813982  Train L2 Loss :  0.007531523888558149
Epoch :  748  Epoch time :  6.7059872867539525  Train L2 Loss :  0.007531911489740014
Epoch :  749  Epoch time :  6.74262121040374  Train L2 Loss :  0.007530095982924104
Epoch :  750  Epoch time :  6.726024569943547  Train L2 Loss :  0.007529827965050936
Epoch :  751  Epoch time :  6.687970449216664  Train L2 Loss :  0.007528211504593492
Epoch :  752  Epoch time :  6.68579531647265  Train L2 Loss :  0.0075268885791301724
Epoch :  753  Epoch time :  6.669212426058948  Train L2 Loss :  0.007524400897324085
Epoch :  754  Epoch time :  6.687131104059517  Train L2 Loss :  0.0075257096070796255
Epoch :  755  Epoch time :  6.716869094409049  Train L2 Loss :  0.007523238436877727
Epoch :  756  Epoch time :  6.722111642360687  Train L2 Loss :  0.007523571271821856
Epoch :  757  Epoch time :  6.661911375820637  Train L2 Loss :  0.007522637330368161
Epoch :  758  Epoch time :  6.673953337594867  Train L2 Loss :  0.00752106717042625
Epoch :  759  Epoch time :  6.692248236387968  Train L2 Loss :  0.007519986683130264
Epoch :  760  Epoch time :  6.706857232376933  Train L2 Loss :  0.007518691059201956
Epoch :  761  Epoch time :  6.729747994802892  Train L2 Loss :  0.007516773654520512
Epoch :  762  Epoch time :  6.729215556755662  Train L2 Loss :  0.007516885010898113
Epoch :  763  Epoch time :  6.716106362640858  Train L2 Loss :  0.007515429138764739
Epoch :  764  Epoch time :  6.7033775532618165  Train L2 Loss :  0.007512787766382098
Epoch :  765  Epoch time :  6.7045975513756275  Train L2 Loss :  0.007513496590033174
Epoch :  766  Epoch time :  6.705679949373007  Train L2 Loss :  0.007511426524072886
Epoch :  767  Epoch time :  6.801818230189383  Train L2 Loss :  0.007512581853196025
Epoch :  768  Epoch time :  6.759758109226823  Train L2 Loss :  0.007508936589211226
Epoch :  769  Epoch time :  6.71450830809772  Train L2 Loss :  0.007510277219489217
Epoch :  770  Epoch time :  6.72715887054801  Train L2 Loss :  0.00750760524906218
Epoch :  771  Epoch time :  6.716078386642039  Train L2 Loss :  0.007506253698095679
Epoch :  772  Epoch time :  6.732200968079269  Train L2 Loss :  0.007505548299476504
Epoch :  773  Epoch time :  6.762486905790865  Train L2 Loss :  0.007503321344777942
Epoch :  774  Epoch time :  6.790329897776246  Train L2 Loss :  0.007503926460072398
Epoch :  775  Epoch time :  6.7316089775413275  Train L2 Loss :  0.00750278057269752
Epoch :  776  Epoch time :  6.73070316016674  Train L2 Loss :  0.007501548163592816
Epoch :  777  Epoch time :  6.72481304127723  Train L2 Loss :  0.007501088208705187
Epoch :  778  Epoch time :  6.740558376535773  Train L2 Loss :  0.0074982348747551445
Epoch :  779  Epoch time :  6.750786446034908  Train L2 Loss :  0.007495706314221025
Epoch :  780  Epoch time :  6.789195521734655  Train L2 Loss :  0.007495642303675413
Epoch :  781  Epoch time :  6.7668211087584496  Train L2 Loss :  0.007493173947557807
Epoch :  782  Epoch time :  6.745179385878146  Train L2 Loss :  0.00749395648650825
Epoch :  783  Epoch time :  6.741529522463679  Train L2 Loss :  0.007490408273413777
Epoch :  784  Epoch time :  6.750021421350539  Train L2 Loss :  0.007491375206038355
Epoch :  785  Epoch time :  6.619504296220839  Train L2 Loss :  0.007489364702999592
Epoch :  786  Epoch time :  6.464068464934826  Train L2 Loss :  0.007487714168801903
Epoch :  787  Epoch time :  6.435128264129162  Train L2 Loss :  0.007487482882291079
Epoch :  788  Epoch time :  6.409208691678941  Train L2 Loss :  0.007485326717048883
Epoch :  789  Epoch time :  6.408820891752839  Train L2 Loss :  0.007484741327166557
Epoch :  790  Epoch time :  6.409014535136521  Train L2 Loss :  0.007482220441102982
Epoch :  791  Epoch time :  6.41106569301337  Train L2 Loss :  0.007479598316177726
Epoch :  792  Epoch time :  6.446721964515746  Train L2 Loss :  0.007481915299966931
Epoch :  793  Epoch time :  6.443991819396615  Train L2 Loss :  0.0074789713818579915
Epoch :  794  Epoch time :  6.408644615672529  Train L2 Loss :  0.007478835794702173
Epoch :  795  Epoch time :  6.402523912489414  Train L2 Loss :  0.007475793751701713
Epoch :  796  Epoch time :  6.414320003241301  Train L2 Loss :  0.007474224269762636
Epoch :  797  Epoch time :  6.409552117809653  Train L2 Loss :  0.0074754648309201
Epoch :  798  Epoch time :  6.42687707953155  Train L2 Loss :  0.007470816114544868
Epoch :  799  Epoch time :  6.443081377074122  Train L2 Loss :  0.007469845427572727
Epoch :  800  Epoch time :  6.4159396179020405  Train L2 Loss :  0.007422779189050197
Epoch :  801  Epoch time :  6.417593653313816  Train L2 Loss :  0.007420917196571827
Epoch :  802  Epoch time :  6.405284066684544  Train L2 Loss :  0.00741926220394671
Epoch :  803  Epoch time :  6.416050738655031  Train L2 Loss :  0.0074201643645763395
Epoch :  804  Epoch time :  6.40729989670217  Train L2 Loss :  0.007418330884724856
Epoch :  805  Epoch time :  6.456878205761313  Train L2 Loss :  0.00741787284091115
Epoch :  806  Epoch time :  6.431567853316665  Train L2 Loss :  0.007417451378703118
Epoch :  807  Epoch time :  6.401962853036821  Train L2 Loss :  0.0074158831384032965
Epoch :  808  Epoch time :  6.4117205971851945  Train L2 Loss :  0.007416882784664631
Epoch :  809  Epoch time :  6.402508077211678  Train L2 Loss :  0.007415485061332583
Epoch :  810  Epoch time :  6.4099151296541095  Train L2 Loss :  0.007414324163645506
Epoch :  811  Epoch time :  6.458863259293139  Train L2 Loss :  0.0074142477877438065
Epoch :  812  Epoch time :  6.428857098333538  Train L2 Loss :  0.007413168697059155
Epoch :  813  Epoch time :  6.413525668904185  Train L2 Loss :  0.007412152563035488
Epoch :  814  Epoch time :  6.408069615252316  Train L2 Loss :  0.007411967112869024
Epoch :  815  Epoch time :  6.407324227504432  Train L2 Loss :  0.007412690416350961
Epoch :  816  Epoch time :  6.408750304952264  Train L2 Loss :  0.0074111926343292
Epoch :  817  Epoch time :  6.451591213233769  Train L2 Loss :  0.0074104284066706895
Epoch :  818  Epoch time :  6.445115918293595  Train L2 Loss :  0.0074092309176921846
Epoch :  819  Epoch time :  6.405554313212633  Train L2 Loss :  0.007408750620484352
Epoch :  820  Epoch time :  6.3954984955489635  Train L2 Loss :  0.007408302287757396
Epoch :  821  Epoch time :  6.4023100240156054  Train L2 Loss :  0.007407054856792093
Epoch :  822  Epoch time :  6.406544358469546  Train L2 Loss :  0.007405329133197665
Epoch :  823  Epoch time :  6.428163439035416  Train L2 Loss :  0.00740652853436768
Epoch :  824  Epoch time :  6.455086849629879  Train L2 Loss :  0.007406035350263119
Epoch :  825  Epoch time :  6.394339755177498  Train L2 Loss :  0.007403480369225144
Epoch :  826  Epoch time :  6.4105432871729136  Train L2 Loss :  0.007403381855785846
Epoch :  827  Epoch time :  6.407131963409483  Train L2 Loss :  0.00740196898393333
Epoch :  828  Epoch time :  6.401300839148462  Train L2 Loss :  0.0074017120275646445
Epoch :  829  Epoch time :  6.4360863054171205  Train L2 Loss :  0.007401068180426955
Epoch :  830  Epoch time :  6.44236171990633  Train L2 Loss :  0.007400634863600135
Epoch :  831  Epoch time :  6.412248774431646  Train L2 Loss :  0.007398716166988015
Epoch :  832  Epoch time :  6.390927918255329  Train L2 Loss :  0.007398425614088774
Epoch :  833  Epoch time :  6.39398253057152  Train L2 Loss :  0.007397207025066018
Epoch :  834  Epoch time :  6.39092614967376  Train L2 Loss :  0.007396518405154347
Epoch :  835  Epoch time :  6.415250848047435  Train L2 Loss :  0.007395811959728598
Epoch :  836  Epoch time :  6.451656945981085  Train L2 Loss :  0.007394616200402379
Epoch :  837  Epoch time :  6.411532809957862  Train L2 Loss :  0.007393808302283287
Epoch :  838  Epoch time :  6.400983544066548  Train L2 Loss :  0.007392388732731342
Epoch :  839  Epoch time :  6.3903970224782825  Train L2 Loss :  0.007392246823012829
Epoch :  840  Epoch time :  6.384219895116985  Train L2 Loss :  0.007390347074717283
Epoch :  841  Epoch time :  6.390020390972495  Train L2 Loss :  0.0073892189353704455
Epoch :  842  Epoch time :  6.4462547190487385  Train L2 Loss :  0.007388085824623704
Epoch :  843  Epoch time :  6.416381244547665  Train L2 Loss :  0.00738755553290248
Epoch :  844  Epoch time :  6.408996588550508  Train L2 Loss :  0.007386310598999262
Epoch :  845  Epoch time :  6.470064816065133  Train L2 Loss :  0.007384520766884089
Epoch :  846  Epoch time :  6.402814155444503  Train L2 Loss :  0.007383923361822963
Epoch :  847  Epoch time :  6.405074615962803  Train L2 Loss :  0.007381994579359889
Epoch :  848  Epoch time :  6.462775647640228  Train L2 Loss :  0.007381595370545983
Epoch :  849  Epoch time :  6.427555134519935  Train L2 Loss :  0.007380238569155336
Epoch :  850  Epoch time :  6.4152479050680995  Train L2 Loss :  0.007378379511088133
Epoch :  851  Epoch time :  6.40771484002471  Train L2 Loss :  0.007378475841507316
Epoch :  852  Epoch time :  6.404981540516019  Train L2 Loss :  0.007375502065569162
Epoch :  853  Epoch time :  6.40240150410682  Train L2 Loss :  0.0073745190300047395
Epoch :  854  Epoch time :  6.417345680296421  Train L2 Loss :  0.007372844300046563
Epoch :  855  Epoch time :  6.438525696285069  Train L2 Loss :  0.007371442153677344
Epoch :  856  Epoch time :  6.4200228257104754  Train L2 Loss :  0.007369525300338864
Epoch :  857  Epoch time :  6.398611376993358  Train L2 Loss :  0.00736896349824965
Epoch :  858  Epoch time :  6.415005304850638  Train L2 Loss :  0.007367893892526627
Epoch :  859  Epoch time :  6.416024188511074  Train L2 Loss :  0.007366110956296325
Epoch :  860  Epoch time :  6.403768624179065  Train L2 Loss :  0.007364625138044358
Epoch :  861  Epoch time :  6.428759874776006  Train L2 Loss :  0.007363382413610816
Epoch :  862  Epoch time :  6.441118657588959  Train L2 Loss :  0.0073612231470644475
Epoch :  863  Epoch time :  6.412993457168341  Train L2 Loss :  0.007360491392761469
Epoch :  864  Epoch time :  6.398648947477341  Train L2 Loss :  0.007357919732108712
Epoch :  865  Epoch time :  6.388077831827104  Train L2 Loss :  0.007356268837302923
Epoch :  866  Epoch time :  6.393699632026255  Train L2 Loss :  0.007354572386294603
Epoch :  867  Epoch time :  6.400364372879267  Train L2 Loss :  0.007353923182561993
Epoch :  868  Epoch time :  6.450359608978033  Train L2 Loss :  0.0073521670989692214
Epoch :  869  Epoch time :  6.41871895454824  Train L2 Loss :  0.007349940149486065
Epoch :  870  Epoch time :  6.389701323583722  Train L2 Loss :  0.007348100084811449
Epoch :  871  Epoch time :  6.392266700975597  Train L2 Loss :  0.007347478965669871
Epoch :  872  Epoch time :  6.393080040812492  Train L2 Loss :  0.0073450809821486475
Epoch :  873  Epoch time :  6.3969667088240385  Train L2 Loss :  0.007342965768277645
Epoch :  874  Epoch time :  6.411039161495864  Train L2 Loss :  0.007341540130227804
Epoch :  875  Epoch time :  6.450908150523901  Train L2 Loss :  0.007339769238606095
Epoch :  876  Epoch time :  6.406199624761939  Train L2 Loss :  0.007339008386805654
Epoch :  877  Epoch time :  6.4107677126303315  Train L2 Loss :  0.007336709975078702
Epoch :  878  Epoch time :  6.412532548420131  Train L2 Loss :  0.007334782723337412
Epoch :  879  Epoch time :  6.399589588865638  Train L2 Loss :  0.007332632779702544
Epoch :  880  Epoch time :  6.409758440218866  Train L2 Loss :  0.007331300400942564
Epoch :  881  Epoch time :  6.43178310804069  Train L2 Loss :  0.007329795436933637
Epoch :  882  Epoch time :  6.454847451299429  Train L2 Loss :  0.007327692828699947
Epoch :  883  Epoch time :  6.416967246681452  Train L2 Loss :  0.007325518499314785
Epoch :  884  Epoch time :  6.40760797355324  Train L2 Loss :  0.007325538140907884
Epoch :  885  Epoch time :  6.4126382526010275  Train L2 Loss :  0.0073232100669294595
Epoch :  886  Epoch time :  6.403506772592664  Train L2 Loss :  0.007321149975433945
Epoch :  887  Epoch time :  6.40737996250391  Train L2 Loss :  0.007318915765359998
Epoch :  888  Epoch time :  6.445603051222861  Train L2 Loss :  0.007317347260937095
Epoch :  889  Epoch time :  6.435263752005994  Train L2 Loss :  0.0073157146245241165
Epoch :  890  Epoch time :  6.391974330879748  Train L2 Loss :  0.007314019146934152
Epoch :  891  Epoch time :  6.40188424102962  Train L2 Loss :  0.007312104208767414
Epoch :  892  Epoch time :  6.403371552936733  Train L2 Loss :  0.007311396515369415
Epoch :  893  Epoch time :  6.398580263368785  Train L2 Loss :  0.007308549074083567
Epoch :  894  Epoch time :  6.426663050428033  Train L2 Loss :  0.00730755835659802
Epoch :  895  Epoch time :  6.434831514023244  Train L2 Loss :  0.007305620571225881
Epoch :  896  Epoch time :  6.414363898336887  Train L2 Loss :  0.0073047650825232265
Epoch :  897  Epoch time :  6.39674604870379  Train L2 Loss :  0.007302607624977827
Epoch :  898  Epoch time :  6.400268862955272  Train L2 Loss :  0.007301822724193335
Epoch :  899  Epoch time :  6.400548208504915  Train L2 Loss :  0.0072994472868740555
Epoch :  900  Epoch time :  6.3960611736401916  Train L2 Loss :  0.007273121604323387
Epoch :  901  Epoch time :  6.445961111225188  Train L2 Loss :  0.007271578653156758
Epoch :  902  Epoch time :  6.436162405647337  Train L2 Loss :  0.0072709864437580105
Epoch :  903  Epoch time :  6.394517606124282  Train L2 Loss :  0.007270025529712438
Epoch :  904  Epoch time :  6.395768930204213  Train L2 Loss :  0.007269670933112502
Epoch :  905  Epoch time :  6.397804928012192  Train L2 Loss :  0.007268413757160306
Epoch :  906  Epoch time :  6.401769889518619  Train L2 Loss :  0.007267997659370303
Epoch :  907  Epoch time :  6.39224777277559  Train L2 Loss :  0.007266546311601996
Epoch :  908  Epoch time :  6.429196855984628  Train L2 Loss :  0.0072664555426687006
Epoch :  909  Epoch time :  6.399725168943405  Train L2 Loss :  0.007264925327152014
Epoch :  910  Epoch time :  6.38228461984545  Train L2 Loss :  0.007264166625216603
Epoch :  911  Epoch time :  6.410836971364915  Train L2 Loss :  0.007263809408992529
Epoch :  912  Epoch time :  6.388616971671581  Train L2 Loss :  0.007263513002917171
Epoch :  913  Epoch time :  6.388661411590874  Train L2 Loss :  0.007262462432682514
Epoch :  914  Epoch time :  6.4132682653144  Train L2 Loss :  0.007261253207176924
Epoch :  915  Epoch time :  6.460183035582304  Train L2 Loss :  0.00726038919351995
Epoch :  916  Epoch time :  6.420417717657983  Train L2 Loss :  0.007260108115524053
Epoch :  917  Epoch time :  6.390666545368731  Train L2 Loss :  0.007258865663036704
Epoch :  918  Epoch time :  6.3888978296890855  Train L2 Loss :  0.007257973136380315
Epoch :  919  Epoch time :  6.40117235481739  Train L2 Loss :  0.007257864935696125
Epoch :  920  Epoch time :  6.394836954772472  Train L2 Loss :  0.007256298784539103
Epoch :  921  Epoch time :  6.428833924233913  Train L2 Loss :  0.00725596610084176
Epoch :  922  Epoch time :  6.434263214468956  Train L2 Loss :  0.007254778083786368
Epoch :  923  Epoch time :  6.385206694714725  Train L2 Loss :  0.007254156563058495
Epoch :  924  Epoch time :  6.377880533225834  Train L2 Loss :  0.007253741125389934
Epoch :  925  Epoch time :  6.383642369881272  Train L2 Loss :  0.007253211120516061
Epoch :  926  Epoch time :  6.379328100942075  Train L2 Loss :  0.007252213448286056
Epoch :  927  Epoch time :  6.390434441156685  Train L2 Loss :  0.007251501808315516
Epoch :  928  Epoch time :  6.431247259490192  Train L2 Loss :  0.007250679347291589
Epoch :  929  Epoch time :  6.412953181192279  Train L2 Loss :  0.0072499297998845575
Epoch :  930  Epoch time :  6.37057931534946  Train L2 Loss :  0.007248974798247218
Epoch :  931  Epoch time :  6.382750670425594  Train L2 Loss :  0.007248716926574707
Epoch :  932  Epoch time :  6.407361324876547  Train L2 Loss :  0.007247507886588574
Epoch :  933  Epoch time :  6.394907811656594  Train L2 Loss :  0.007246706143394113
Epoch :  934  Epoch time :  6.417308466508985  Train L2 Loss :  0.007245644145458936
Epoch :  935  Epoch time :  6.424989021383226  Train L2 Loss :  0.007245225264504552
Epoch :  936  Epoch time :  6.387878534384072  Train L2 Loss :  0.007244074387475848
Epoch :  937  Epoch time :  6.387448580935597  Train L2 Loss :  0.007243533127382398
Epoch :  938  Epoch time :  6.387313070707023  Train L2 Loss :  0.007242709467187524
Epoch :  939  Epoch time :  6.386254834011197  Train L2 Loss :  0.0072425278030335905
Epoch :  940  Epoch time :  6.3751177825033665  Train L2 Loss :  0.007241285448893905
Epoch :  941  Epoch time :  6.421942024491727  Train L2 Loss :  0.007240695536136627
Epoch :  942  Epoch time :  6.403648677282035  Train L2 Loss :  0.0072397115495055914
Epoch :  943  Epoch time :  6.387191452085972  Train L2 Loss :  0.007239076416566968
Epoch :  944  Epoch time :  6.377239264547825  Train L2 Loss :  0.0072381705142557625
Epoch :  945  Epoch time :  6.362884998321533  Train L2 Loss :  0.007237157366424799
Epoch :  946  Epoch time :  6.380334152840078  Train L2 Loss :  0.00723728339113295
Epoch :  947  Epoch time :  6.382724761962891  Train L2 Loss :  0.0072362465117126705
Epoch :  948  Epoch time :  6.43488094676286  Train L2 Loss :  0.00723527004532516
Epoch :  949  Epoch time :  6.4064094526693225  Train L2 Loss :  0.007234423685818911
Epoch :  950  Epoch time :  6.369815606623888  Train L2 Loss :  0.007233593729883432
Epoch :  951  Epoch time :  6.389632205478847  Train L2 Loss :  0.007233251192048192
Epoch :  952  Epoch time :  6.380006431601942  Train L2 Loss :  0.0072325799394398925
Epoch :  953  Epoch time :  6.595175663009286  Train L2 Loss :  0.007232244785130024
Epoch :  954  Epoch time :  6.395876793190837  Train L2 Loss :  0.007231457326188684
Epoch :  955  Epoch time :  6.426602113991976  Train L2 Loss :  0.007230237146839499
Epoch :  956  Epoch time :  6.391224753111601  Train L2 Loss :  0.0072296140100806955
Epoch :  957  Epoch time :  6.385419944301248  Train L2 Loss :  0.0072287599839270114
Epoch :  958  Epoch time :  6.377888660877943  Train L2 Loss :  0.007228585287556052
Epoch :  959  Epoch time :  6.368600646033883  Train L2 Loss :  0.00722710489667952
Epoch :  960  Epoch time :  6.36319977324456  Train L2 Loss :  0.00722700865007937
Epoch :  961  Epoch time :  6.412566856481135  Train L2 Loss :  0.007226002158224582
Epoch :  962  Epoch time :  6.431119513697922  Train L2 Loss :  0.007225824145227671
Epoch :  963  Epoch time :  6.378435587510467  Train L2 Loss :  0.007224647779390216
Epoch :  964  Epoch time :  6.390410813502967  Train L2 Loss :  0.007223993941023946
Epoch :  965  Epoch time :  6.403280968777835  Train L2 Loss :  0.007223206128925085
Epoch :  966  Epoch time :  6.393888629972935  Train L2 Loss :  0.0072229437723755835
Epoch :  967  Epoch time :  6.3977119186893106  Train L2 Loss :  0.0072219330947846175
Epoch :  968  Epoch time :  6.425066350027919  Train L2 Loss :  0.0072210377607494595
Epoch :  969  Epoch time :  6.414495307952166  Train L2 Loss :  0.007220927274227142
Epoch :  970  Epoch time :  6.382039541378617  Train L2 Loss :  0.007220038095489144
Epoch :  971  Epoch time :  6.375452622771263  Train L2 Loss :  0.007219562258571386
Epoch :  972  Epoch time :  6.401833177544177  Train L2 Loss :  0.007218253230303526
Epoch :  973  Epoch time :  6.385295617394149  Train L2 Loss :  0.007218145767971873
Epoch :  974  Epoch time :  6.40143761318177  Train L2 Loss :  0.007217964160069823
Epoch :  975  Epoch time :  6.435357457026839  Train L2 Loss :  0.0072165265128016475
Epoch :  976  Epoch time :  6.405565585941076  Train L2 Loss :  0.007215631518140435
Epoch :  977  Epoch time :  6.395867225714028  Train L2 Loss :  0.007214906585216522
Epoch :  978  Epoch time :  6.397640572860837  Train L2 Loss :  0.007214677123352885
Epoch :  979  Epoch time :  6.398905594833195  Train L2 Loss :  0.007214485077559948
Epoch :  980  Epoch time :  6.388983057811856  Train L2 Loss :  0.007212914020195603
Epoch :  981  Epoch time :  6.42440430726856  Train L2 Loss :  0.0072121403418481346
Epoch :  982  Epoch time :  6.430433243513107  Train L2 Loss :  0.007212603111192584
Epoch :  983  Epoch time :  6.393350200727582  Train L2 Loss :  0.007211426348611712
Epoch :  984  Epoch time :  6.388455156236887  Train L2 Loss :  0.007210940296575427
Epoch :  985  Epoch time :  6.390247737057507  Train L2 Loss :  0.007209861306846142
Epoch :  986  Epoch time :  6.383250782266259  Train L2 Loss :  0.0072094402309507135
Epoch :  987  Epoch time :  6.38323241379112  Train L2 Loss :  0.00720900643542409
Epoch :  988  Epoch time :  6.445496590808034  Train L2 Loss :  0.007208093345165253
Epoch :  989  Epoch time :  6.416005536913872  Train L2 Loss :  0.007207587575167418
Epoch :  990  Epoch time :  6.383445665240288  Train L2 Loss :  0.007207133423537016
Epoch :  991  Epoch time :  6.397120287641883  Train L2 Loss :  0.007206253760308028
Epoch :  992  Epoch time :  6.4821739653125405  Train L2 Loss :  0.007205827339738608
Epoch :  993  Epoch time :  6.58302088547498  Train L2 Loss :  0.007205226561054588
Epoch :  994  Epoch time :  6.792661148123443  Train L2 Loss :  0.00720450995825231
Epoch :  995  Epoch time :  6.860356927849352  Train L2 Loss :  0.00720400170981884
Epoch :  996  Epoch time :  6.761364177800715  Train L2 Loss :  0.007203140616416931
Epoch :  997  Epoch time :  6.761417389847338  Train L2 Loss :  0.00720210268497467
Epoch :  998  Epoch time :  6.793136965483427  Train L2 Loss :  0.007201679776236415
Epoch :  999  Epoch time :  6.756316224113107  Train L2 Loss :  0.007201101490110159
Total time is : 6494.927773898467 Total epoch is  1000
