Energy is  1.0880185641326534e-14
Input dim :  128  output dim :  4096
3473
Epoch :  0  Epoch time :  6.13996175210923  Train L2 Loss :  4.814614856719971
Epoch :  1  Epoch time :  5.9722965732216835  Train L2 Loss :  3.335001940536499
Epoch :  2  Epoch time :  5.970299264416099  Train L2 Loss :  2.9232028644561767
Epoch :  3  Epoch time :  5.967020335607231  Train L2 Loss :  2.595809331226349
Epoch :  4  Epoch time :  5.970668654888868  Train L2 Loss :  2.369152993297577
Epoch :  5  Epoch time :  5.965465707704425  Train L2 Loss :  2.105691183280945
Epoch :  6  Epoch time :  5.972279784269631  Train L2 Loss :  2.03170532541275
Epoch :  7  Epoch time :  5.9682318503037095  Train L2 Loss :  1.865693639564514
Epoch :  8  Epoch time :  5.966793417930603  Train L2 Loss :  1.6943261248588561
Epoch :  9  Epoch time :  5.967574127018452  Train L2 Loss :  1.640238980102539
Epoch :  10  Epoch time :  5.968356101773679  Train L2 Loss :  1.6013408561706544
Epoch :  11  Epoch time :  5.97087368555367  Train L2 Loss :  1.5810766469955444
Epoch :  12  Epoch time :  5.967808843590319  Train L2 Loss :  1.5715782092094421
Epoch :  13  Epoch time :  5.96877871081233  Train L2 Loss :  1.5637719964027406
Epoch :  14  Epoch time :  5.9665037309750915  Train L2 Loss :  1.5531931848526002
Epoch :  15  Epoch time :  5.976009328849614  Train L2 Loss :  1.5429937132835387
Epoch :  16  Epoch time :  5.9712040815502405  Train L2 Loss :  1.5339182183265685
Epoch :  17  Epoch time :  5.972381915897131  Train L2 Loss :  1.5220718843460084
Epoch :  18  Epoch time :  5.9702343083918095  Train L2 Loss :  1.5092327876091003
Epoch :  19  Epoch time :  5.978614214807749  Train L2 Loss :  1.4947729955673217
Epoch :  20  Epoch time :  5.976716799661517  Train L2 Loss :  1.4828698439598083
Epoch :  21  Epoch time :  5.976014484651387  Train L2 Loss :  1.4728782110214234
Epoch :  22  Epoch time :  5.982156212441623  Train L2 Loss :  1.4502721843719482
Epoch :  23  Epoch time :  5.980846283957362  Train L2 Loss :  1.4185830484390258
Epoch :  24  Epoch time :  5.986142793670297  Train L2 Loss :  1.4006744594573974
Epoch :  25  Epoch time :  5.982420592568815  Train L2 Loss :  1.3946253061294556
Epoch :  26  Epoch time :  5.982780165039003  Train L2 Loss :  1.3839414395332337
Epoch :  27  Epoch time :  5.976458249613643  Train L2 Loss :  1.3759219917297363
Epoch :  28  Epoch time :  5.986284879036248  Train L2 Loss :  1.3755541224479675
Epoch :  29  Epoch time :  5.987732768058777  Train L2 Loss :  1.3667799142837525
Epoch :  30  Epoch time :  5.984007666818798  Train L2 Loss :  1.3595716598510743
Epoch :  31  Epoch time :  5.983664685860276  Train L2 Loss :  1.3556230416297912
Epoch :  32  Epoch time :  5.982264835387468  Train L2 Loss :  1.3510359473228455
Epoch :  33  Epoch time :  5.983413131907582  Train L2 Loss :  1.3512304153442383
Epoch :  34  Epoch time :  5.98375909589231  Train L2 Loss :  1.345518976688385
Epoch :  35  Epoch time :  5.985291834920645  Train L2 Loss :  1.3412746527671815
Epoch :  36  Epoch time :  5.98528915271163  Train L2 Loss :  1.3397155426979066
Epoch :  37  Epoch time :  5.992803094908595  Train L2 Loss :  1.337992332649231
Epoch :  38  Epoch time :  5.992391562089324  Train L2 Loss :  1.3356996396541596
Epoch :  39  Epoch time :  5.988837966695428  Train L2 Loss :  1.3320405514717102
Epoch :  40  Epoch time :  5.988040489144623  Train L2 Loss :  1.3301544689178466
Epoch :  41  Epoch time :  5.995224393904209  Train L2 Loss :  1.3298159122467041
Epoch :  42  Epoch time :  5.992721634916961  Train L2 Loss :  1.329755902814865
Epoch :  43  Epoch time :  5.993286860175431  Train L2 Loss :  1.3262261824607848
Epoch :  44  Epoch time :  5.996077763848007  Train L2 Loss :  1.3245088598251342
Epoch :  45  Epoch time :  5.995346776209772  Train L2 Loss :  1.32312522649765
Epoch :  46  Epoch time :  5.993882304057479  Train L2 Loss :  1.3220209434509278
Epoch :  47  Epoch time :  5.999404360540211  Train L2 Loss :  1.3164988787651062
Epoch :  48  Epoch time :  5.996468401513994  Train L2 Loss :  1.3179219819068908
Epoch :  49  Epoch time :  5.99491324275732  Train L2 Loss :  1.3097735730648041
Epoch :  50  Epoch time :  5.993259922601283  Train L2 Loss :  1.3076384139060975
Epoch :  51  Epoch time :  5.994689730927348  Train L2 Loss :  1.3037740594387055
Epoch :  52  Epoch time :  5.997889027930796  Train L2 Loss :  1.300787596321106
Epoch :  53  Epoch time :  6.000477967783809  Train L2 Loss :  1.2970743541240692
Epoch :  54  Epoch time :  5.994558898732066  Train L2 Loss :  1.291687085723877
Epoch :  55  Epoch time :  5.993527672253549  Train L2 Loss :  1.288821563053131
Epoch :  56  Epoch time :  5.997272310778499  Train L2 Loss :  1.2860016117095947
Epoch :  57  Epoch time :  5.996385381557047  Train L2 Loss :  1.2828388969421387
Epoch :  58  Epoch time :  6.000829122029245  Train L2 Loss :  1.2794438283920289
Epoch :  59  Epoch time :  6.000418579205871  Train L2 Loss :  1.2786171740055083
Epoch :  60  Epoch time :  5.997510965913534  Train L2 Loss :  1.2752211828231812
Epoch :  61  Epoch time :  6.000855966471136  Train L2 Loss :  1.2727954686641694
Epoch :  62  Epoch time :  6.002674400806427  Train L2 Loss :  1.2691148576259612
Epoch :  63  Epoch time :  6.0048638032749295  Train L2 Loss :  1.2689399264335632
Epoch :  64  Epoch time :  6.004357911646366  Train L2 Loss :  1.2679357107639313
Epoch :  65  Epoch time :  6.005139594897628  Train L2 Loss :  1.2638186490058898
Epoch :  66  Epoch time :  6.011156915687025  Train L2 Loss :  1.2633385939121247
Epoch :  67  Epoch time :  6.005810227245092  Train L2 Loss :  1.2623616638183595
Epoch :  68  Epoch time :  6.007462696172297  Train L2 Loss :  1.259706225156784
Epoch :  69  Epoch time :  6.005831786431372  Train L2 Loss :  1.2600976427555084
Epoch :  70  Epoch time :  6.011190216988325  Train L2 Loss :  1.2566392757415772
Epoch :  71  Epoch time :  6.010091174393892  Train L2 Loss :  1.260125573205948
Epoch :  72  Epoch time :  6.015924071893096  Train L2 Loss :  1.2555078501701356
Epoch :  73  Epoch time :  6.01488063018769  Train L2 Loss :  1.2582583337306976
Epoch :  74  Epoch time :  6.009018647484481  Train L2 Loss :  1.2539201332569123
Epoch :  75  Epoch time :  6.00883084628731  Train L2 Loss :  1.2562180124282838
Epoch :  76  Epoch time :  6.011778308078647  Train L2 Loss :  1.2559041208267212
Epoch :  77  Epoch time :  6.010619996115565  Train L2 Loss :  1.2530449333190918
Epoch :  78  Epoch time :  6.018711750395596  Train L2 Loss :  1.2535640811920166
Epoch :  79  Epoch time :  6.016636588610709  Train L2 Loss :  1.2526122466564178
Epoch :  80  Epoch time :  6.010831935331225  Train L2 Loss :  1.2521809448242187
Epoch :  81  Epoch time :  6.015287854708731  Train L2 Loss :  1.2508221667289734
Epoch :  82  Epoch time :  6.014439465478063  Train L2 Loss :  1.250635150051117
Epoch :  83  Epoch time :  6.018565117381513  Train L2 Loss :  1.2522751038074493
Epoch :  84  Epoch time :  6.010553541593254  Train L2 Loss :  1.249551124572754
Epoch :  85  Epoch time :  6.022291126661003  Train L2 Loss :  1.248877416229248
Epoch :  86  Epoch time :  6.014710183255374  Train L2 Loss :  1.2497283006668092
Epoch :  87  Epoch time :  6.010395346209407  Train L2 Loss :  1.2473277228355408
Epoch :  88  Epoch time :  6.013666786253452  Train L2 Loss :  1.248265028142929
Epoch :  89  Epoch time :  6.009070709347725  Train L2 Loss :  1.247652672290802
Epoch :  90  Epoch time :  6.011546702124178  Train L2 Loss :  1.2470888764858246
Epoch :  91  Epoch time :  6.018218495883048  Train L2 Loss :  1.2489588656902313
Epoch :  92  Epoch time :  6.010580993257463  Train L2 Loss :  1.2467133702278137
Epoch :  93  Epoch time :  6.011194262653589  Train L2 Loss :  1.24598131275177
Epoch :  94  Epoch time :  6.013967369683087  Train L2 Loss :  1.2453086551189423
Epoch :  95  Epoch time :  6.012572034262121  Train L2 Loss :  1.245619967508316
Epoch :  96  Epoch time :  6.010450419969857  Train L2 Loss :  1.2487021049022675
Epoch :  97  Epoch time :  6.018732369877398  Train L2 Loss :  1.2435037713050843
Epoch :  98  Epoch time :  6.018310904502869  Train L2 Loss :  1.2465927752971648
Epoch :  99  Epoch time :  6.013589762151241  Train L2 Loss :  1.2448927149772644
Epoch :  100  Epoch time :  6.01481441501528  Train L2 Loss :  1.2305871756076814
Epoch :  101  Epoch time :  6.015369630418718  Train L2 Loss :  1.23152476477623
Epoch :  102  Epoch time :  6.013721201568842  Train L2 Loss :  1.231740874481201
Epoch :  103  Epoch time :  6.01599569991231  Train L2 Loss :  1.2320792936325073
Epoch :  104  Epoch time :  6.037743774242699  Train L2 Loss :  1.2310494894504547
Epoch :  105  Epoch time :  6.014968883246183  Train L2 Loss :  1.2310329229831696
Epoch :  106  Epoch time :  6.0155240055173635  Train L2 Loss :  1.2315964748859405
Epoch :  107  Epoch time :  6.013248757459223  Train L2 Loss :  1.2308673958778382
Epoch :  108  Epoch time :  6.026165722869337  Train L2 Loss :  1.2308140988349914
Epoch :  109  Epoch time :  6.018187607638538  Train L2 Loss :  1.2307420352935792
Epoch :  110  Epoch time :  6.02177248056978  Train L2 Loss :  1.2305935506820678
Epoch :  111  Epoch time :  6.018724150955677  Train L2 Loss :  1.2298110370635986
Epoch :  112  Epoch time :  6.01830670889467  Train L2 Loss :  1.2299710528373717
Epoch :  113  Epoch time :  6.0201503448188305  Train L2 Loss :  1.229701260662079
Epoch :  114  Epoch time :  6.018874246627092  Train L2 Loss :  1.2300263881206512
Epoch :  115  Epoch time :  6.017103439196944  Train L2 Loss :  1.2292396728038788
Epoch :  116  Epoch time :  6.028794568963349  Train L2 Loss :  1.229424977207184
Epoch :  117  Epoch time :  6.01902003120631  Train L2 Loss :  1.2289777004241944
Epoch :  118  Epoch time :  6.022230315953493  Train L2 Loss :  1.2286369288921357
Epoch :  119  Epoch time :  6.024603220634162  Train L2 Loss :  1.2289986836910247
Epoch :  120  Epoch time :  6.020760583691299  Train L2 Loss :  1.2289154027938842
Epoch :  121  Epoch time :  6.018542825244367  Train L2 Loss :  1.228168977355957
Epoch :  122  Epoch time :  6.020207113586366  Train L2 Loss :  1.228468309688568
Epoch :  123  Epoch time :  6.027643825858831  Train L2 Loss :  1.2280596220493316
Epoch :  124  Epoch time :  6.016947258263826  Train L2 Loss :  1.2278359429836274
Epoch :  125  Epoch time :  6.021342405118048  Train L2 Loss :  1.2276952821731568
Epoch :  126  Epoch time :  6.016643374226987  Train L2 Loss :  1.2279470517635345
Epoch :  127  Epoch time :  6.015580542385578  Train L2 Loss :  1.2277401247024535
Epoch :  128  Epoch time :  6.030733841471374  Train L2 Loss :  1.2269499674797057
Epoch :  129  Epoch time :  6.032286237925291  Train L2 Loss :  1.2278303791046143
Epoch :  130  Epoch time :  6.0204089833423495  Train L2 Loss :  1.2268990553379058
Epoch :  131  Epoch time :  6.022819804027677  Train L2 Loss :  1.2270005710601806
Epoch :  132  Epoch time :  6.016173953190446  Train L2 Loss :  1.226897920036316
Epoch :  133  Epoch time :  6.016637769527733  Train L2 Loss :  1.2271870875835418
Epoch :  134  Epoch time :  6.0143620343878865  Train L2 Loss :  1.226619691514969
Epoch :  135  Epoch time :  6.035975365899503  Train L2 Loss :  1.226172963809967
Epoch :  136  Epoch time :  6.021111231297255  Train L2 Loss :  1.2261612282276153
Epoch :  137  Epoch time :  6.024022082798183  Train L2 Loss :  1.2261708828926086
Epoch :  138  Epoch time :  6.023776137270033  Train L2 Loss :  1.2265156878471375
Epoch :  139  Epoch time :  6.0208821361884475  Train L2 Loss :  1.2261698834896089
Epoch :  140  Epoch time :  6.0231743613258  Train L2 Loss :  1.2256996016979218
Epoch :  141  Epoch time :  6.025482162833214  Train L2 Loss :  1.2260693519115449
Epoch :  142  Epoch time :  6.03227761015296  Train L2 Loss :  1.22583479719162
Epoch :  143  Epoch time :  6.021767024882138  Train L2 Loss :  1.2262852093219756
Epoch :  144  Epoch time :  6.022971868515015  Train L2 Loss :  1.225346886730194
Epoch :  145  Epoch time :  6.019508479163051  Train L2 Loss :  1.2248903649806977
Epoch :  146  Epoch time :  6.0163785656914115  Train L2 Loss :  1.2252167746543885
Epoch :  147  Epoch time :  6.02614654134959  Train L2 Loss :  1.2248859615802765
Epoch :  148  Epoch time :  6.029391153715551  Train L2 Loss :  1.224971591758728
Epoch :  149  Epoch time :  6.020164169371128  Train L2 Loss :  1.2252091327667236
Epoch :  150  Epoch time :  6.020812630653381  Train L2 Loss :  1.2243442351818086
Epoch :  151  Epoch time :  6.020869578234851  Train L2 Loss :  1.2244758528232575
Epoch :  152  Epoch time :  6.017715281806886  Train L2 Loss :  1.2245287436962127
Epoch :  153  Epoch time :  6.027327002026141  Train L2 Loss :  1.224530354642868
Epoch :  154  Epoch time :  6.033572864718735  Train L2 Loss :  1.2241104378700256
Epoch :  155  Epoch time :  6.020102108828723  Train L2 Loss :  1.2241698032379151
Epoch :  156  Epoch time :  6.0185071947053075  Train L2 Loss :  1.2240883959770203
Epoch :  157  Epoch time :  6.023622221313417  Train L2 Loss :  1.2239002554416656
Epoch :  158  Epoch time :  6.024399756453931  Train L2 Loss :  1.2241092416286468
Epoch :  159  Epoch time :  6.021400828845799  Train L2 Loss :  1.2240246943950652
Epoch :  160  Epoch time :  6.03829525411129  Train L2 Loss :  1.2231351877689363
Epoch :  161  Epoch time :  6.02231868263334  Train L2 Loss :  1.2229625139713287
Epoch :  162  Epoch time :  6.022939649410546  Train L2 Loss :  1.2229925524234773
Epoch :  163  Epoch time :  6.025416309013963  Train L2 Loss :  1.2235961480617523
Epoch :  164  Epoch time :  6.021755273453891  Train L2 Loss :  1.223448870754242
Epoch :  165  Epoch time :  6.026329937390983  Train L2 Loss :  1.2229595278263092
Epoch :  166  Epoch time :  6.026564467698336  Train L2 Loss :  1.2228857075691224
Epoch :  167  Epoch time :  6.039545734412968  Train L2 Loss :  1.223275608062744
Epoch :  168  Epoch time :  6.032135501503944  Train L2 Loss :  1.2236752812385558
Epoch :  169  Epoch time :  6.021520762704313  Train L2 Loss :  1.2219833220481873
Epoch :  170  Epoch time :  6.023261013440788  Train L2 Loss :  1.2227452176094056
Epoch :  171  Epoch time :  6.020738932304084  Train L2 Loss :  1.222309332704544
Epoch :  172  Epoch time :  6.0293918792158365  Train L2 Loss :  1.2228216053962708
Epoch :  173  Epoch time :  6.038156568072736  Train L2 Loss :  1.222049503326416
Epoch :  174  Epoch time :  6.024004844948649  Train L2 Loss :  1.2219467587947845
Epoch :  175  Epoch time :  6.024798097088933  Train L2 Loss :  1.2224104885578155
Epoch :  176  Epoch time :  6.02561298571527  Train L2 Loss :  1.2222233079910279
Epoch :  177  Epoch time :  6.0240558767691255  Train L2 Loss :  1.2219201267242432
Epoch :  178  Epoch time :  6.028707594610751  Train L2 Loss :  1.2220259053230285
Epoch :  179  Epoch time :  6.039355743676424  Train L2 Loss :  1.2216200365066527
Epoch :  180  Epoch time :  6.0251969415694475  Train L2 Loss :  1.2223499933719635
Epoch :  181  Epoch time :  6.027454512193799  Train L2 Loss :  1.2215525801181792
Epoch :  182  Epoch time :  6.024623416364193  Train L2 Loss :  1.2216293124198914
Epoch :  183  Epoch time :  6.024979695677757  Train L2 Loss :  1.2208901309490203
Epoch :  184  Epoch time :  6.02493938151747  Train L2 Loss :  1.2216917976856232
Epoch :  185  Epoch time :  6.039891719818115  Train L2 Loss :  1.2208010898590087
Epoch :  186  Epoch time :  6.032728369347751  Train L2 Loss :  1.2214919198989869
Epoch :  187  Epoch time :  6.026232315227389  Train L2 Loss :  1.221388100528717
Epoch :  188  Epoch time :  6.0260189371183515  Train L2 Loss :  1.2201180397987366
Epoch :  189  Epoch time :  6.029181317426264  Train L2 Loss :  1.2209449513435364
Epoch :  190  Epoch time :  6.034271399490535  Train L2 Loss :  1.2207050528526306
Epoch :  191  Epoch time :  6.026971315033734  Train L2 Loss :  1.2205552516937257
Epoch :  192  Epoch time :  6.039699513465166  Train L2 Loss :  1.2207879809856415
Epoch :  193  Epoch time :  6.022313355468214  Train L2 Loss :  1.2197649815559388
Epoch :  194  Epoch time :  6.026010248810053  Train L2 Loss :  1.2201413813591004
Epoch :  195  Epoch time :  6.022606409154832  Train L2 Loss :  1.2204043669223785
Epoch :  196  Epoch time :  6.02015346288681  Train L2 Loss :  1.2198618722438812
Epoch :  197  Epoch time :  6.0399718238040805  Train L2 Loss :  1.2199246915817261
Epoch :  198  Epoch time :  6.03933718893677  Train L2 Loss :  1.2201089184761047
Epoch :  199  Epoch time :  6.022278191521764  Train L2 Loss :  1.2203461793899537
Epoch :  200  Epoch time :  6.026852867566049  Train L2 Loss :  1.2142974457263946
Epoch :  201  Epoch time :  6.019197780638933  Train L2 Loss :  1.2142447385787964
Epoch :  202  Epoch time :  6.024584878236055  Train L2 Loss :  1.214697725868225
Epoch :  203  Epoch time :  6.027627469040453  Train L2 Loss :  1.2144484968185425
Epoch :  204  Epoch time :  6.037652838975191  Train L2 Loss :  1.2141645079612733
Epoch :  205  Epoch time :  6.02135169133544  Train L2 Loss :  1.2141448798179626
Epoch :  206  Epoch time :  6.025929140858352  Train L2 Loss :  1.2142238393306732
Epoch :  207  Epoch time :  6.028657099232078  Train L2 Loss :  1.2142100651741028
Epoch :  208  Epoch time :  6.024394256062806  Train L2 Loss :  1.213973962020874
Epoch :  209  Epoch time :  6.041963608935475  Train L2 Loss :  1.2140410567760467
Epoch :  210  Epoch time :  6.044230381026864  Train L2 Loss :  1.2137520359992982
Epoch :  211  Epoch time :  6.028243494220078  Train L2 Loss :  1.2139535738945006
Epoch :  212  Epoch time :  6.027519600465894  Train L2 Loss :  1.2136747702598571
Epoch :  213  Epoch time :  6.027972909621894  Train L2 Loss :  1.2136777924537658
Epoch :  214  Epoch time :  6.028626655228436  Train L2 Loss :  1.2134968220233917
Epoch :  215  Epoch time :  6.026759970001876  Train L2 Loss :  1.2135050874710083
Epoch :  216  Epoch time :  6.040394615381956  Train L2 Loss :  1.213495887184143
Epoch :  217  Epoch time :  6.0226430939510465  Train L2 Loss :  1.2131953453540802
Epoch :  218  Epoch time :  6.029959094710648  Train L2 Loss :  1.2132369166374206
Epoch :  219  Epoch time :  6.021554730832577  Train L2 Loss :  1.2131450601577758
Epoch :  220  Epoch time :  6.030674043111503  Train L2 Loss :  1.2129828127384186
Epoch :  221  Epoch time :  6.027326138690114  Train L2 Loss :  1.213040172958374
Epoch :  222  Epoch time :  6.043470640666783  Train L2 Loss :  1.2122182320594788
Epoch :  223  Epoch time :  6.021644659340382  Train L2 Loss :  1.2111671047210693
Epoch :  224  Epoch time :  6.021684426814318  Train L2 Loss :  1.2105943093299865
Epoch :  225  Epoch time :  6.021250044927001  Train L2 Loss :  1.2102505572795867
Epoch :  226  Epoch time :  6.023670760914683  Train L2 Loss :  1.2099927011013032
Epoch :  227  Epoch time :  6.023711686953902  Train L2 Loss :  1.2094401509284973
Epoch :  228  Epoch time :  6.036784564144909  Train L2 Loss :  1.2092422574043273
Epoch :  229  Epoch time :  6.043180236592889  Train L2 Loss :  1.2090313093185425
Epoch :  230  Epoch time :  6.024447330273688  Train L2 Loss :  1.208745556306839
Epoch :  231  Epoch time :  6.023021433502436  Train L2 Loss :  1.2088015161037444
Epoch :  232  Epoch time :  6.023882611654699  Train L2 Loss :  1.2084050447940826
Epoch :  233  Epoch time :  6.02712918817997  Train L2 Loss :  1.208402222442627
Epoch :  234  Epoch time :  6.024467582814395  Train L2 Loss :  1.2080377293109894
Epoch :  235  Epoch time :  6.042884557507932  Train L2 Loss :  1.2081495352745055
Epoch :  236  Epoch time :  6.023257173597813  Train L2 Loss :  1.2078781430244445
Epoch :  237  Epoch time :  6.024101704359055  Train L2 Loss :  1.2076283331871032
Epoch :  238  Epoch time :  6.024204240180552  Train L2 Loss :  1.2077401747703553
Epoch :  239  Epoch time :  6.020899228751659  Train L2 Loss :  1.2074349430561067
Epoch :  240  Epoch time :  6.020622455514967  Train L2 Loss :  1.2073601869106292
Epoch :  241  Epoch time :  6.023031753487885  Train L2 Loss :  1.2069814923286437
Epoch :  242  Epoch time :  6.04452028311789  Train L2 Loss :  1.2069205061912536
Epoch :  243  Epoch time :  6.0218741381540895  Train L2 Loss :  1.2069023973464965
Epoch :  244  Epoch time :  6.020155051723123  Train L2 Loss :  1.2066979372501374
Epoch :  245  Epoch time :  6.024754415266216  Train L2 Loss :  1.2067239773273468
Epoch :  246  Epoch time :  6.025772572495043  Train L2 Loss :  1.206498254776001
Epoch :  247  Epoch time :  6.023904474452138  Train L2 Loss :  1.206453780889511
Epoch :  248  Epoch time :  6.047007555142045  Train L2 Loss :  1.2062172667503357
Epoch :  249  Epoch time :  6.024105850607157  Train L2 Loss :  1.2061399879932404
Epoch :  250  Epoch time :  6.024011836387217  Train L2 Loss :  1.2060462862491608
Epoch :  251  Epoch time :  6.024818933568895  Train L2 Loss :  1.2062333502292633
Epoch :  252  Epoch time :  6.025318087078631  Train L2 Loss :  1.2060075576782228
Epoch :  253  Epoch time :  6.033291468396783  Train L2 Loss :  1.2056940204143525
Epoch :  254  Epoch time :  6.028582506813109  Train L2 Loss :  1.2058729535579682
Epoch :  255  Epoch time :  6.046803379431367  Train L2 Loss :  1.2056745363712311
Epoch :  256  Epoch time :  6.030190754681826  Train L2 Loss :  1.2056513313293458
Epoch :  257  Epoch time :  6.028855649754405  Train L2 Loss :  1.205362083864212
Epoch :  258  Epoch time :  6.033058498054743  Train L2 Loss :  1.2052058781147004
Epoch :  259  Epoch time :  6.027508261613548  Train L2 Loss :  1.2052948383808135
Epoch :  260  Epoch time :  6.025864649564028  Train L2 Loss :  1.2053123370170593
Epoch :  261  Epoch time :  6.048645415343344  Train L2 Loss :  1.2051739963054657
Epoch :  262  Epoch time :  6.034849381074309  Train L2 Loss :  1.2050055204391479
Epoch :  263  Epoch time :  6.029008561745286  Train L2 Loss :  1.204955022573471
Epoch :  264  Epoch time :  6.029364142566919  Train L2 Loss :  1.2047991067886352
Epoch :  265  Epoch time :  6.026629623025656  Train L2 Loss :  1.20458997797966
Epoch :  266  Epoch time :  6.03104792535305  Train L2 Loss :  1.2046323923110962
Epoch :  267  Epoch time :  6.034038957208395  Train L2 Loss :  1.2042473540306091
Epoch :  268  Epoch time :  6.055580957792699  Train L2 Loss :  1.2041949431419372
Epoch :  269  Epoch time :  6.029098568484187  Train L2 Loss :  1.2039805349826813
Epoch :  270  Epoch time :  6.031042049638927  Train L2 Loss :  1.2035583308696747
Epoch :  271  Epoch time :  6.026496015489101  Train L2 Loss :  1.2035516109466553
Epoch :  272  Epoch time :  6.027326229959726  Train L2 Loss :  1.2032038459777832
Epoch :  273  Epoch time :  6.030257367528975  Train L2 Loss :  1.2032543985366821
Epoch :  274  Epoch time :  6.047019492834806  Train L2 Loss :  1.203241186094284
Epoch :  275  Epoch time :  6.040234371088445  Train L2 Loss :  1.2029879568099975
Epoch :  276  Epoch time :  6.023435302078724  Train L2 Loss :  1.2029967157363892
Epoch :  277  Epoch time :  6.02932689152658  Train L2 Loss :  1.202561409330368
Epoch :  278  Epoch time :  6.029406448826194  Train L2 Loss :  1.2024305349826814
Epoch :  279  Epoch time :  6.026399641297758  Train L2 Loss :  1.2025667069911956
Epoch :  280  Epoch time :  6.029889549128711  Train L2 Loss :  1.2023378166675567
Epoch :  281  Epoch time :  6.054079623892903  Train L2 Loss :  1.2021087797164918
Epoch :  282  Epoch time :  6.0271214516833425  Train L2 Loss :  1.2020684880256653
Epoch :  283  Epoch time :  6.036761217750609  Train L2 Loss :  1.201901712322235
Epoch :  284  Epoch time :  6.0336406053975224  Train L2 Loss :  1.201836487865448
Epoch :  285  Epoch time :  6.0399038307368755  Train L2 Loss :  1.201889325094223
Epoch :  286  Epoch time :  6.031588307581842  Train L2 Loss :  1.201627258014679
Epoch :  287  Epoch time :  6.043659877963364  Train L2 Loss :  1.2016512508392334
Epoch :  288  Epoch time :  6.050441037863493  Train L2 Loss :  1.201434984588623
Epoch :  289  Epoch time :  6.030770253390074  Train L2 Loss :  1.201190178489685
Epoch :  290  Epoch time :  6.032911634072661  Train L2 Loss :  1.201207686138153
Epoch :  291  Epoch time :  6.026654216460884  Train L2 Loss :  1.2009842957496644
Epoch :  292  Epoch time :  6.029143304564059  Train L2 Loss :  1.200990843296051
Epoch :  293  Epoch time :  6.0359066324308515  Train L2 Loss :  1.2007793787479402
Epoch :  294  Epoch time :  6.0615930166095495  Train L2 Loss :  1.2008110815048219
Epoch :  295  Epoch time :  6.0325691578909755  Train L2 Loss :  1.2005106895923614
Epoch :  296  Epoch time :  6.0301881320774555  Train L2 Loss :  1.2003926862716674
Epoch :  297  Epoch time :  6.031079690903425  Train L2 Loss :  1.2005076714515686
Epoch :  298  Epoch time :  6.030621161684394  Train L2 Loss :  1.2000339492797851
Epoch :  299  Epoch time :  6.025795262306929  Train L2 Loss :  1.200262775993347
Epoch :  300  Epoch time :  6.029888580553234  Train L2 Loss :  1.197683377456665
Epoch :  301  Epoch time :  6.059188977815211  Train L2 Loss :  1.1976632200717927
Epoch :  302  Epoch time :  6.026996975764632  Train L2 Loss :  1.1977011025905608
Epoch :  303  Epoch time :  6.032970262691379  Train L2 Loss :  1.1975895390510558
Epoch :  304  Epoch time :  6.034439517185092  Train L2 Loss :  1.197517200756073
Epoch :  305  Epoch time :  6.03839289303869  Train L2 Loss :  1.1973881837368012
Epoch :  306  Epoch time :  6.0290821101516485  Train L2 Loss :  1.1973305491447448
Epoch :  307  Epoch time :  6.056774092838168  Train L2 Loss :  1.1973162089824676
Epoch :  308  Epoch time :  6.037493262439966  Train L2 Loss :  1.1972769854068757
Epoch :  309  Epoch time :  6.032408885657787  Train L2 Loss :  1.197235237455368
Epoch :  310  Epoch time :  6.0272698095068336  Train L2 Loss :  1.1971420761585236
Epoch :  311  Epoch time :  6.031315224245191  Train L2 Loss :  1.1971016519069673
Epoch :  312  Epoch time :  6.030963930301368  Train L2 Loss :  1.197095206642151
Epoch :  313  Epoch time :  6.033293284475803  Train L2 Loss :  1.197021648979187
Epoch :  314  Epoch time :  6.066241608001292  Train L2 Loss :  1.1969305443763734
Epoch :  315  Epoch time :  6.030725211836398  Train L2 Loss :  1.1969926309585572
Epoch :  316  Epoch time :  6.030800540931523  Train L2 Loss :  1.1968835472106933
Epoch :  317  Epoch time :  6.032101949676871  Train L2 Loss :  1.1967657184123992
Epoch :  318  Epoch time :  6.029106185771525  Train L2 Loss :  1.1966949360847474
Epoch :  319  Epoch time :  6.029461803846061  Train L2 Loss :  1.1967494476795197
Epoch :  320  Epoch time :  6.0614767065271735  Train L2 Loss :  1.1966082081317901
Epoch :  321  Epoch time :  6.048155329190195  Train L2 Loss :  1.1965734195709228
Epoch :  322  Epoch time :  6.03285148832947  Train L2 Loss :  1.1966381306171416
Epoch :  323  Epoch time :  6.038215664215386  Train L2 Loss :  1.1964847346305847
Epoch :  324  Epoch time :  6.030773215927184  Train L2 Loss :  1.1963889189720154
Epoch :  325  Epoch time :  6.040419359691441  Train L2 Loss :  1.1963639667987824
Epoch :  326  Epoch time :  6.034394036978483  Train L2 Loss :  1.196359816980362
Epoch :  327  Epoch time :  6.068875523284078  Train L2 Loss :  1.1960809150218963
Epoch :  328  Epoch time :  6.030781623907387  Train L2 Loss :  1.195888078737259
Epoch :  329  Epoch time :  6.0317488154396415  Train L2 Loss :  1.1956468665599822
Epoch :  330  Epoch time :  6.036387270316482  Train L2 Loss :  1.19551176943779
Epoch :  331  Epoch time :  6.030438200570643  Train L2 Loss :  1.1953820191860198
Epoch :  332  Epoch time :  6.031777162104845  Train L2 Loss :  1.1950993153095246
Epoch :  333  Epoch time :  6.054432730190456  Train L2 Loss :  1.1951054963588714
Epoch :  334  Epoch time :  6.041787574999034  Train L2 Loss :  1.1949341018199922
Epoch :  335  Epoch time :  6.024668308906257  Train L2 Loss :  1.194736874294281
Epoch :  336  Epoch time :  6.030805887654424  Train L2 Loss :  1.1945782651424408
Epoch :  337  Epoch time :  6.0302501283586025  Train L2 Loss :  1.1943888952732087
Epoch :  338  Epoch time :  6.030932803638279  Train L2 Loss :  1.1941364178180696
Epoch :  339  Epoch time :  6.032625392079353  Train L2 Loss :  1.1935725703239441
Epoch :  340  Epoch time :  6.0678370194509625  Train L2 Loss :  1.1927432289600373
Epoch :  341  Epoch time :  6.032827153801918  Train L2 Loss :  1.1913664054870605
Epoch :  342  Epoch time :  6.031771337613463  Train L2 Loss :  1.1883079463005066
Epoch :  343  Epoch time :  6.037236767821014  Train L2 Loss :  1.1812193283081054
Epoch :  344  Epoch time :  6.031488182023168  Train L2 Loss :  1.1664844755649566
Epoch :  345  Epoch time :  6.031073655001819  Train L2 Loss :  1.1451479603290557
Epoch :  346  Epoch time :  6.054430369287729  Train L2 Loss :  1.126563808631897
Epoch :  347  Epoch time :  6.051847311668098  Train L2 Loss :  1.1139072533130645
Epoch :  348  Epoch time :  6.029695415869355  Train L2 Loss :  1.104706021976471
Epoch :  349  Epoch time :  6.035535573959351  Train L2 Loss :  1.0968662992954255
Epoch :  350  Epoch time :  6.029340939596295  Train L2 Loss :  1.0890919705390931
Epoch :  351  Epoch time :  6.0314738200977445  Train L2 Loss :  1.0818495968818664
Epoch :  352  Epoch time :  6.036700638011098  Train L2 Loss :  1.075645182466507
Epoch :  353  Epoch time :  6.070746284909546  Train L2 Loss :  1.0709035548210144
Epoch :  354  Epoch time :  6.034031042829156  Train L2 Loss :  1.0675131816864014
Epoch :  355  Epoch time :  6.029771398752928  Train L2 Loss :  1.065053713941574
Epoch :  356  Epoch time :  6.027388640679419  Train L2 Loss :  1.063212712287903
Epoch :  357  Epoch time :  6.0395481660962105  Train L2 Loss :  1.0617893047809601
Epoch :  358  Epoch time :  6.0375575153157115  Train L2 Loss :  1.060664275407791
Epoch :  359  Epoch time :  6.056815717369318  Train L2 Loss :  1.059407264852524
Epoch :  360  Epoch time :  6.05811211001128  Train L2 Loss :  1.0581448271751404
Epoch :  361  Epoch time :  6.037255137227476  Train L2 Loss :  1.0569996188163757
Epoch :  362  Epoch time :  6.039037941023707  Train L2 Loss :  1.0560818219184875
Epoch :  363  Epoch time :  6.036923419684172  Train L2 Loss :  1.0555291367053985
Epoch :  364  Epoch time :  6.034280113875866  Train L2 Loss :  1.055031972694397
Epoch :  365  Epoch time :  6.040134619921446  Train L2 Loss :  1.0545433403968811
Epoch :  366  Epoch time :  6.070973507128656  Train L2 Loss :  1.0541270163059235
Epoch :  367  Epoch time :  6.0385348396375775  Train L2 Loss :  1.0536714314937592
Epoch :  368  Epoch time :  6.037315461784601  Train L2 Loss :  1.0534277828216552
Epoch :  369  Epoch time :  6.037042305804789  Train L2 Loss :  1.0531102708816529
Epoch :  370  Epoch time :  6.037365220487118  Train L2 Loss :  1.0528316194534302
Epoch :  371  Epoch time :  6.0341888489201665  Train L2 Loss :  1.0524493380069733
Epoch :  372  Epoch time :  6.054225950501859  Train L2 Loss :  1.0520759405612945
Epoch :  373  Epoch time :  6.057945607230067  Train L2 Loss :  1.0519386823654175
Epoch :  374  Epoch time :  6.035990998148918  Train L2 Loss :  1.0516404943466187
Epoch :  375  Epoch time :  6.038198177702725  Train L2 Loss :  1.0513850050449371
Epoch :  376  Epoch time :  6.037945914082229  Train L2 Loss :  1.0511740787506103
Epoch :  377  Epoch time :  6.044670824892819  Train L2 Loss :  1.0509684972286224
Epoch :  378  Epoch time :  6.0406956942752  Train L2 Loss :  1.0507296613693238
Epoch :  379  Epoch time :  6.069171341136098  Train L2 Loss :  1.050554044675827
Epoch :  380  Epoch time :  6.044363593682647  Train L2 Loss :  1.0502994191646575
Epoch :  381  Epoch time :  6.035095495171845  Train L2 Loss :  1.050321228313446
Epoch :  382  Epoch time :  6.0353867914527655  Train L2 Loss :  1.049899668598175
Epoch :  383  Epoch time :  6.036668347194791  Train L2 Loss :  1.0498982976913451
Epoch :  384  Epoch time :  6.034808502532542  Train L2 Loss :  1.0496430100917815
Epoch :  385  Epoch time :  6.049616753123701  Train L2 Loss :  1.0494346953392029
Epoch :  386  Epoch time :  6.060868914239109  Train L2 Loss :  1.0493822696208954
Epoch :  387  Epoch time :  6.0356200486421585  Train L2 Loss :  1.0492080119132996
Epoch :  388  Epoch time :  6.037590524181724  Train L2 Loss :  1.0489745918750764
Epoch :  389  Epoch time :  6.033231038600206  Train L2 Loss :  1.0489130084514617
Epoch :  390  Epoch time :  6.040730436332524  Train L2 Loss :  1.0487714975357056
Epoch :  391  Epoch time :  6.028340027667582  Train L2 Loss :  1.048695090007782
Epoch :  392  Epoch time :  6.057516069151461  Train L2 Loss :  1.0484109607696532
Epoch :  393  Epoch time :  6.037689954042435  Train L2 Loss :  1.0483818375587464
Epoch :  394  Epoch time :  6.031476502306759  Train L2 Loss :  1.04816672000885
Epoch :  395  Epoch time :  6.031033654697239  Train L2 Loss :  1.0481570344924926
Epoch :  396  Epoch time :  6.031861981377006  Train L2 Loss :  1.0480128537654876
Epoch :  397  Epoch time :  6.031700258143246  Train L2 Loss :  1.0479763716220856
Epoch :  398  Epoch time :  6.035041076131165  Train L2 Loss :  1.0477395421504974
Epoch :  399  Epoch time :  6.071630225516856  Train L2 Loss :  1.047624191570282
Epoch :  400  Epoch time :  6.031920054927468  Train L2 Loss :  1.046370653820038
Epoch :  401  Epoch time :  6.035456734709442  Train L2 Loss :  1.0463236899852753
Epoch :  402  Epoch time :  6.035092233680189  Train L2 Loss :  1.0463308981418609
Epoch :  403  Epoch time :  6.036238979548216  Train L2 Loss :  1.0462244639396667
Epoch :  404  Epoch time :  6.038163415156305  Train L2 Loss :  1.0461863746643068
Epoch :  405  Epoch time :  6.060562306083739  Train L2 Loss :  1.0461167526245116
Epoch :  406  Epoch time :  6.0426353281363845  Train L2 Loss :  1.0460409186840058
Epoch :  407  Epoch time :  6.034205284900963  Train L2 Loss :  1.0459564194202422
Epoch :  408  Epoch time :  6.032859825529158  Train L2 Loss :  1.0459199713230134
Epoch :  409  Epoch time :  6.032008975744247  Train L2 Loss :  1.0458370796203613
Epoch :  410  Epoch time :  6.038607834838331  Train L2 Loss :  1.0457868977546692
Epoch :  411  Epoch time :  6.039442481473088  Train L2 Loss :  1.0457327758312225
Epoch :  412  Epoch time :  6.069688207469881  Train L2 Loss :  1.0456274872779847
Epoch :  413  Epoch time :  6.031121528707445  Train L2 Loss :  1.045599169445038
Epoch :  414  Epoch time :  6.029979756101966  Train L2 Loss :  1.0455355245113374
Epoch :  415  Epoch time :  6.033697155304253  Train L2 Loss :  1.0454906277656555
Epoch :  416  Epoch time :  6.035250016488135  Train L2 Loss :  1.0454453305721283
Epoch :  417  Epoch time :  6.028618486598134  Train L2 Loss :  1.0453549339294435
Epoch :  418  Epoch time :  6.0573735274374485  Train L2 Loss :  1.0453028316497803
Epoch :  419  Epoch time :  6.077016783878207  Train L2 Loss :  1.0452715012550353
Epoch :  420  Epoch time :  6.04139656946063  Train L2 Loss :  1.0451679280281068
Epoch :  421  Epoch time :  6.0374726159498096  Train L2 Loss :  1.0451737940311432
Epoch :  422  Epoch time :  6.036310368217528  Train L2 Loss :  1.0451159198760986
Epoch :  423  Epoch time :  6.032344106584787  Train L2 Loss :  1.0449822775363922
Epoch :  424  Epoch time :  6.033882429823279  Train L2 Loss :  1.045007703447342
Epoch :  425  Epoch time :  6.067810958251357  Train L2 Loss :  1.0449443309783935
Epoch :  426  Epoch time :  6.0301237013190985  Train L2 Loss :  1.04484302444458
Epoch :  427  Epoch time :  6.0360532365739346  Train L2 Loss :  1.0448361275672913
Epoch :  428  Epoch time :  6.037306598387659  Train L2 Loss :  1.044742403650284
Epoch :  429  Epoch time :  6.0333222625777125  Train L2 Loss :  1.0447296918392182
Epoch :  430  Epoch time :  6.031760144047439  Train L2 Loss :  1.0446598826885223
Epoch :  431  Epoch time :  6.064923285506666  Train L2 Loss :  1.0445883108615874
Epoch :  432  Epoch time :  6.054290476255119  Train L2 Loss :  1.0445794372081756
Epoch :  433  Epoch time :  6.039942150004208  Train L2 Loss :  1.0445184016704558
Epoch :  434  Epoch time :  6.044221570715308  Train L2 Loss :  1.0444710172653198
Epoch :  435  Epoch time :  6.0447445353493094  Train L2 Loss :  1.0443394287586212
Epoch :  436  Epoch time :  6.046199740841985  Train L2 Loss :  1.0443668564796447
Epoch :  437  Epoch time :  6.043469958007336  Train L2 Loss :  1.04427869348526
Epoch :  438  Epoch time :  6.080674999393523  Train L2 Loss :  1.0442536062240602
Epoch :  439  Epoch time :  6.039375306107104  Train L2 Loss :  1.044160753250122
Epoch :  440  Epoch time :  6.038232428953052  Train L2 Loss :  1.0441829330921173
Epoch :  441  Epoch time :  6.041521132923663  Train L2 Loss :  1.0440115951538087
Epoch :  442  Epoch time :  6.041166904382408  Train L2 Loss :  1.0440043579101563
Epoch :  443  Epoch time :  6.03648273088038  Train L2 Loss :  1.0438933907032013
Epoch :  444  Epoch time :  6.066723921336234  Train L2 Loss :  1.043922389650345
Epoch :  445  Epoch time :  6.057583932764828  Train L2 Loss :  1.0438483637332916
Epoch :  446  Epoch time :  6.037129228003323  Train L2 Loss :  1.0438296673774718
Epoch :  447  Epoch time :  6.043153831735253  Train L2 Loss :  1.043777714061737
Epoch :  448  Epoch time :  6.041059965267777  Train L2 Loss :  1.043714332151413
Epoch :  449  Epoch time :  6.039521371014416  Train L2 Loss :  1.0436579798698424
Epoch :  450  Epoch time :  6.045528681017458  Train L2 Loss :  1.04362456407547
Epoch :  451  Epoch time :  6.081820453517139  Train L2 Loss :  1.043604783153534
Epoch :  452  Epoch time :  6.041871395893395  Train L2 Loss :  1.0435138558387755
Epoch :  453  Epoch time :  6.039752155542374  Train L2 Loss :  1.0435220380783081
Epoch :  454  Epoch time :  6.042318355292082  Train L2 Loss :  1.0434033429145813
Epoch :  455  Epoch time :  6.037992696277797  Train L2 Loss :  1.0434036770820618
Epoch :  456  Epoch time :  6.042988431639969  Train L2 Loss :  1.043402921152115
Epoch :  457  Epoch time :  6.06410466413945  Train L2 Loss :  1.0432941530704498
Epoch :  458  Epoch time :  6.060462082736194  Train L2 Loss :  1.0433387746810914
Epoch :  459  Epoch time :  6.036343978717923  Train L2 Loss :  1.0432408511161804
Epoch :  460  Epoch time :  6.042918140999973  Train L2 Loss :  1.0431738723278046
Epoch :  461  Epoch time :  6.042216496542096  Train L2 Loss :  1.0431279708385468
Epoch :  462  Epoch time :  6.040789693593979  Train L2 Loss :  1.043125652217865
Epoch :  463  Epoch time :  6.045096741057932  Train L2 Loss :  1.0430614559173583
Epoch :  464  Epoch time :  6.07117292098701  Train L2 Loss :  1.0430441687583922
Epoch :  465  Epoch time :  6.042174730449915  Train L2 Loss :  1.0430026895523072
Epoch :  466  Epoch time :  6.038834758102894  Train L2 Loss :  1.0430083886146546
Epoch :  467  Epoch time :  6.038591790013015  Train L2 Loss :  1.042936745119095
Epoch :  468  Epoch time :  6.037579574622214  Train L2 Loss :  1.0428591679573058
Epoch :  469  Epoch time :  6.036487580277026  Train L2 Loss :  1.0428589127063752
Epoch :  470  Epoch time :  6.054983278736472  Train L2 Loss :  1.0427996842861176
Epoch :  471  Epoch time :  6.055656447075307  Train L2 Loss :  1.0427496512889862
Epoch :  472  Epoch time :  6.036583110690117  Train L2 Loss :  1.042700175666809
Epoch :  473  Epoch time :  6.041291098110378  Train L2 Loss :  1.0427138182163238
Epoch :  474  Epoch time :  6.037456818856299  Train L2 Loss :  1.0426487751483917
Epoch :  475  Epoch time :  6.042031886056066  Train L2 Loss :  1.0426358288288116
Epoch :  476  Epoch time :  6.040712335146964  Train L2 Loss :  1.0425890642642974
Epoch :  477  Epoch time :  6.072235046885908  Train L2 Loss :  1.0426047623634338
Epoch :  478  Epoch time :  6.035333885811269  Train L2 Loss :  1.0425143822193146
Epoch :  479  Epoch time :  6.034646412357688  Train L2 Loss :  1.0425078062534332
Epoch :  480  Epoch time :  6.0383954886347055  Train L2 Loss :  1.04247919383049
Epoch :  481  Epoch time :  6.037753394804895  Train L2 Loss :  1.042410530281067
Epoch :  482  Epoch time :  6.041007369756699  Train L2 Loss :  1.0423945991516113
Epoch :  483  Epoch time :  6.049525824375451  Train L2 Loss :  1.0423539766311645
Epoch :  484  Epoch time :  6.061483857221901  Train L2 Loss :  1.0423336594581605
Epoch :  485  Epoch time :  6.038702483288944  Train L2 Loss :  1.042288297367096
Epoch :  486  Epoch time :  6.040199636481702  Train L2 Loss :  1.0422623287200927
Epoch :  487  Epoch time :  6.03786267247051  Train L2 Loss :  1.0422098553657533
Epoch :  488  Epoch time :  6.0383744379505515  Train L2 Loss :  1.0421556000709533
Epoch :  489  Epoch time :  6.037101484835148  Train L2 Loss :  1.0421516204357146
Epoch :  490  Epoch time :  6.068011458031833  Train L2 Loss :  1.042150359106064
Epoch :  491  Epoch time :  6.04488203022629  Train L2 Loss :  1.0420815975666047
Epoch :  492  Epoch time :  6.034018704667687  Train L2 Loss :  1.0421395630836487
Epoch :  493  Epoch time :  6.035113552585244  Train L2 Loss :  1.0420409078121184
Epoch :  494  Epoch time :  6.036830167286098  Train L2 Loss :  1.0420355337142944
Epoch :  495  Epoch time :  6.03461052197963  Train L2 Loss :  1.041963713312149
Epoch :  496  Epoch time :  6.048289055004716  Train L2 Loss :  1.0419814129829408
Epoch :  497  Epoch time :  6.066299587488174  Train L2 Loss :  1.0420023005008698
Epoch :  498  Epoch time :  6.03428431134671  Train L2 Loss :  1.0418554854393005
Epoch :  499  Epoch time :  6.033736613579094  Train L2 Loss :  1.041910993719101
Epoch :  500  Epoch time :  6.032738006673753  Train L2 Loss :  1.0412757695198058
Epoch :  501  Epoch time :  6.035536587238312  Train L2 Loss :  1.0412747282028199
Epoch :  502  Epoch time :  6.041563800536096  Train L2 Loss :  1.0412571757793427
Epoch :  503  Epoch time :  6.071013662964106  Train L2 Loss :  1.041229149389267
Epoch :  504  Epoch time :  6.0372910890728235  Train L2 Loss :  1.041219063091278
Epoch :  505  Epoch time :  6.037130523473024  Train L2 Loss :  1.0411717963695526
Epoch :  506  Epoch time :  6.0423489743843675  Train L2 Loss :  1.0412013683319092
Epoch :  507  Epoch time :  6.036224441602826  Train L2 Loss :  1.0411957032203674
Epoch :  508  Epoch time :  6.035853203386068  Train L2 Loss :  1.0411372053146362
Epoch :  509  Epoch time :  6.067085430026054  Train L2 Loss :  1.0411281313419343
Epoch :  510  Epoch time :  6.04789880849421  Train L2 Loss :  1.041098798894882
Epoch :  511  Epoch time :  6.0368167301639915  Train L2 Loss :  1.0410901905536651
Epoch :  512  Epoch time :  6.039199530147016  Train L2 Loss :  1.0410745690345764
Epoch :  513  Epoch time :  6.036534992977977  Train L2 Loss :  1.0410492515563965
Epoch :  514  Epoch time :  6.03694477584213  Train L2 Loss :  1.0410285943508149
Epoch :  515  Epoch time :  6.05520368181169  Train L2 Loss :  1.04103753323555
Epoch :  516  Epoch time :  6.056672552600503  Train L2 Loss :  1.0409805691719056
Epoch :  517  Epoch time :  6.036760521121323  Train L2 Loss :  1.0410095773220063
Epoch :  518  Epoch time :  6.038487923331559  Train L2 Loss :  1.0409726127147674
Epoch :  519  Epoch time :  6.037457571364939  Train L2 Loss :  1.040939365339279
Epoch :  520  Epoch time :  6.037266923114657  Train L2 Loss :  1.040955522251129
Epoch :  521  Epoch time :  6.0384899182245135  Train L2 Loss :  1.040881320619583
Epoch :  522  Epoch time :  6.0768196526914835  Train L2 Loss :  1.0408764261722565
Epoch :  523  Epoch time :  6.0314263654872775  Train L2 Loss :  1.0408941212654115
Epoch :  524  Epoch time :  6.037552940659225  Train L2 Loss :  1.0409079347133636
Epoch :  525  Epoch time :  6.038137519732118  Train L2 Loss :  1.0408280840396882
Epoch :  526  Epoch time :  6.038844734430313  Train L2 Loss :  1.0408428158283234
Epoch :  527  Epoch time :  6.034298084676266  Train L2 Loss :  1.0408333360671997
Epoch :  528  Epoch time :  6.050303314812481  Train L2 Loss :  1.0407918171882629
Epoch :  529  Epoch time :  6.056065098382533  Train L2 Loss :  1.040795854473114
Epoch :  530  Epoch time :  6.028653451241553  Train L2 Loss :  1.0407818085193634
Epoch :  531  Epoch time :  6.0302697122097015  Train L2 Loss :  1.040741042137146
Epoch :  532  Epoch time :  6.031664380803704  Train L2 Loss :  1.0407275981426238
Epoch :  533  Epoch time :  6.036995633505285  Train L2 Loss :  1.0407019468307495
Epoch :  534  Epoch time :  6.030867868103087  Train L2 Loss :  1.0407253241062164
Epoch :  535  Epoch time :  6.059851150028408  Train L2 Loss :  1.0406596489429474
Epoch :  536  Epoch time :  6.051685543730855  Train L2 Loss :  1.0406708059310914
Epoch :  537  Epoch time :  6.033099823631346  Train L2 Loss :  1.040657046508789
Epoch :  538  Epoch time :  6.038214018568397  Train L2 Loss :  1.0406301707267762
Epoch :  539  Epoch time :  6.036570337601006  Train L2 Loss :  1.0406148054122926
Epoch :  540  Epoch time :  6.037505774758756  Train L2 Loss :  1.0406175720214843
Epoch :  541  Epoch time :  6.036133605055511  Train L2 Loss :  1.0405843731880189
Epoch :  542  Epoch time :  6.0669110510498285  Train L2 Loss :  1.0406079776763917
Epoch :  543  Epoch time :  6.042473047040403  Train L2 Loss :  1.0405567345142364
Epoch :  544  Epoch time :  6.031277224421501  Train L2 Loss :  1.0405195398807525
Epoch :  545  Epoch time :  6.040336440317333  Train L2 Loss :  1.0405636145114898
Epoch :  546  Epoch time :  6.033141494728625  Train L2 Loss :  1.040503833246231
Epoch :  547  Epoch time :  6.033558460883796  Train L2 Loss :  1.0405182752609252
Epoch :  548  Epoch time :  6.0369413970038295  Train L2 Loss :  1.0404917562007905
Epoch :  549  Epoch time :  6.071251912042499  Train L2 Loss :  1.0405064116477967
Epoch :  550  Epoch time :  6.043887806124985  Train L2 Loss :  1.0404439681529998
Epoch :  551  Epoch time :  6.043714985251427  Train L2 Loss :  1.0404460688591004
Epoch :  552  Epoch time :  6.040020710788667  Train L2 Loss :  1.0404206396579743
Epoch :  553  Epoch time :  6.037740844301879  Train L2 Loss :  1.0404346594333649
Epoch :  554  Epoch time :  6.037922251969576  Train L2 Loss :  1.0404052959442138
Epoch :  555  Epoch time :  6.038041613064706  Train L2 Loss :  1.040391632604599
Epoch :  556  Epoch time :  6.07354028429836  Train L2 Loss :  1.0403837539196015
Epoch :  557  Epoch time :  6.035986957140267  Train L2 Loss :  1.0403554276943208
Epoch :  558  Epoch time :  6.034723751246929  Train L2 Loss :  1.0403699021816253
Epoch :  559  Epoch time :  6.0335310800001025  Train L2 Loss :  1.0403728269577026
Epoch :  560  Epoch time :  6.038221848197281  Train L2 Loss :  1.040334700345993
Epoch :  561  Epoch time :  6.03942478261888  Train L2 Loss :  1.0402861475467682
Epoch :  562  Epoch time :  6.060121977701783  Train L2 Loss :  1.04028861951828
Epoch :  563  Epoch time :  6.062843399122357  Train L2 Loss :  1.040272350025177
Epoch :  564  Epoch time :  6.037239404395223  Train L2 Loss :  1.0402652145385742
Epoch :  565  Epoch time :  6.03736107237637  Train L2 Loss :  1.0402625527381897
Epoch :  566  Epoch time :  6.03933812957257  Train L2 Loss :  1.0402408571243287
Epoch :  567  Epoch time :  6.039495226927102  Train L2 Loss :  1.040239908504486
Epoch :  568  Epoch time :  6.042617772705853  Train L2 Loss :  1.0402166380405427
Epoch :  569  Epoch time :  6.073485439643264  Train L2 Loss :  1.0402140997409821
Epoch :  570  Epoch time :  6.061364322900772  Train L2 Loss :  1.0401911685466767
Epoch :  571  Epoch time :  6.039269188418984  Train L2 Loss :  1.0401676692962647
Epoch :  572  Epoch time :  6.04314549267292  Train L2 Loss :  1.0401517114162444
Epoch :  573  Epoch time :  6.040629124268889  Train L2 Loss :  1.040133394241333
Epoch :  574  Epoch time :  6.042212123051286  Train L2 Loss :  1.0401089026927948
Epoch :  575  Epoch time :  6.043152216821909  Train L2 Loss :  1.0401110920906067
Epoch :  576  Epoch time :  6.069160635583103  Train L2 Loss :  1.0400603976249694
Epoch :  577  Epoch time :  6.047875047661364  Train L2 Loss :  1.0401008592128753
Epoch :  578  Epoch time :  6.039102607406676  Train L2 Loss :  1.0400762667179109
Epoch :  579  Epoch time :  6.0425760094076395  Train L2 Loss :  1.0400402423381805
Epoch :  580  Epoch time :  6.043907335959375  Train L2 Loss :  1.040066657781601
Epoch :  581  Epoch time :  6.04321145825088  Train L2 Loss :  1.0400342580318451
Epoch :  582  Epoch time :  6.04448196478188  Train L2 Loss :  1.0400408912181853
Epoch :  583  Epoch time :  6.079743376933038  Train L2 Loss :  1.0399900871276855
Epoch :  584  Epoch time :  6.045572948642075  Train L2 Loss :  1.040010344696045
Epoch :  585  Epoch time :  6.043144857510924  Train L2 Loss :  1.039986226606369
Epoch :  586  Epoch time :  6.045068210922182  Train L2 Loss :  1.0399481013774872
Epoch :  587  Epoch time :  6.045825380831957  Train L2 Loss :  1.039978224849701
Epoch :  588  Epoch time :  6.0465471763163805  Train L2 Loss :  1.0399352832317352
Epoch :  589  Epoch time :  6.045628373511136  Train L2 Loss :  1.0399210525989533
Epoch :  590  Epoch time :  6.08299978915602  Train L2 Loss :  1.0399060851097106
Epoch :  591  Epoch time :  6.048452060669661  Train L2 Loss :  1.0399068186759948
Epoch :  592  Epoch time :  6.041499285958707  Train L2 Loss :  1.039894728565216
Epoch :  593  Epoch time :  6.0437183221802115  Train L2 Loss :  1.0398811294078827
Epoch :  594  Epoch time :  6.046737898141146  Train L2 Loss :  1.0398531237602233
Epoch :  595  Epoch time :  6.044819778762758  Train L2 Loss :  1.0398724937438966
Epoch :  596  Epoch time :  6.065249719657004  Train L2 Loss :  1.0398297416687012
Epoch :  597  Epoch time :  6.069116216152906  Train L2 Loss :  1.0398345845222474
Epoch :  598  Epoch time :  6.0405893279239535  Train L2 Loss :  1.0398093449115753
Epoch :  599  Epoch time :  6.041643294505775  Train L2 Loss :  1.0398151053905487
Epoch :  600  Epoch time :  6.044858632609248  Train L2 Loss :  1.039496664619446
Epoch :  601  Epoch time :  6.043481471948326  Train L2 Loss :  1.0395001177787782
Epoch :  602  Epoch time :  6.037989154458046  Train L2 Loss :  1.0394889119625093
Epoch :  603  Epoch time :  6.069444206543267  Train L2 Loss :  1.0394887170791627
Epoch :  604  Epoch time :  6.055364213883877  Train L2 Loss :  1.0394530766963959
Epoch :  605  Epoch time :  6.043770530261099  Train L2 Loss :  1.039473562860489
Epoch :  606  Epoch time :  6.042462163604796  Train L2 Loss :  1.0394558082103729
Epoch :  607  Epoch time :  6.0431165443733335  Train L2 Loss :  1.039454718875885
Epoch :  608  Epoch time :  6.041683644987643  Train L2 Loss :  1.0394471526145934
Epoch :  609  Epoch time :  6.042260683141649  Train L2 Loss :  1.0394563789367677
Epoch :  610  Epoch time :  6.072917687706649  Train L2 Loss :  1.0394213430404664
Epoch :  611  Epoch time :  6.0524386847391725  Train L2 Loss :  1.0394147760391235
Epoch :  612  Epoch time :  6.039356919936836  Train L2 Loss :  1.0394184429645539
Epoch :  613  Epoch time :  6.044551299884915  Train L2 Loss :  1.0394115920543672
Epoch :  614  Epoch time :  6.040751943364739  Train L2 Loss :  1.039391581773758
Epoch :  615  Epoch time :  6.041752920486033  Train L2 Loss :  1.0394064240932464
Epoch :  616  Epoch time :  6.046295458450913  Train L2 Loss :  1.0393983017921449
Epoch :  617  Epoch time :  6.078842720016837  Train L2 Loss :  1.039382267332077
Epoch :  618  Epoch time :  6.046979866921902  Train L2 Loss :  1.0393898960113526
Epoch :  619  Epoch time :  6.042658062651753  Train L2 Loss :  1.0393730499267577
Epoch :  620  Epoch time :  6.044196400791407  Train L2 Loss :  1.0393693200588225
Epoch :  621  Epoch time :  6.042467471212149  Train L2 Loss :  1.0393556091308593
Epoch :  622  Epoch time :  6.0420857556164265  Train L2 Loss :  1.039359767627716
Epoch :  623  Epoch time :  6.045849945396185  Train L2 Loss :  1.0393677868843079
Epoch :  624  Epoch time :  6.082079028710723  Train L2 Loss :  1.039334621477127
Epoch :  625  Epoch time :  6.047073294408619  Train L2 Loss :  1.0393511558532715
Epoch :  626  Epoch time :  6.042288639582694  Train L2 Loss :  1.0393382328987122
Epoch :  627  Epoch time :  6.038912624120712  Train L2 Loss :  1.039330857515335
Epoch :  628  Epoch time :  6.038314640522003  Train L2 Loss :  1.0393148950099944
Epoch :  629  Epoch time :  6.039915252476931  Train L2 Loss :  1.0393146046161652
Epoch :  630  Epoch time :  6.054752661846578  Train L2 Loss :  1.0393154815673828
Epoch :  631  Epoch time :  6.062061031349003  Train L2 Loss :  1.0392992241859436
Epoch :  632  Epoch time :  6.038217673078179  Train L2 Loss :  1.03930018992424
Epoch :  633  Epoch time :  6.040686969645321  Train L2 Loss :  1.0392815955638885
Epoch :  634  Epoch time :  6.039224047213793  Train L2 Loss :  1.0392679817676544
Epoch :  635  Epoch time :  6.037891533225775  Train L2 Loss :  1.0392691106796266
Epoch :  636  Epoch time :  6.03737653978169  Train L2 Loss :  1.0392753249645232
Epoch :  637  Epoch time :  6.063671642914414  Train L2 Loss :  1.0392654654502869
Epoch :  638  Epoch time :  6.0571240074932575  Train L2 Loss :  1.039262988138199
Epoch :  639  Epoch time :  6.039585321210325  Train L2 Loss :  1.0392482468605042
Epoch :  640  Epoch time :  6.036181539297104  Train L2 Loss :  1.0392400104999542
Epoch :  641  Epoch time :  6.041645024903119  Train L2 Loss :  1.0392376029014587
Epoch :  642  Epoch time :  6.039037195034325  Train L2 Loss :  1.0392289764404297
Epoch :  643  Epoch time :  6.040203363634646  Train L2 Loss :  1.0392133588314056
Epoch :  644  Epoch time :  6.067638635635376  Train L2 Loss :  1.0392115306377412
Epoch :  645  Epoch time :  6.0448057148605585  Train L2 Loss :  1.03920713763237
Epoch :  646  Epoch time :  6.0366995092481375  Train L2 Loss :  1.0392071485996246
Epoch :  647  Epoch time :  6.040871256031096  Train L2 Loss :  1.0392034963130952
Epoch :  648  Epoch time :  6.037112430669367  Train L2 Loss :  1.039204147529602
Epoch :  649  Epoch time :  6.039311564527452  Train L2 Loss :  1.0391856738090515
Epoch :  650  Epoch time :  6.036201426759362  Train L2 Loss :  1.0391810002803803
Epoch :  651  Epoch time :  6.074721029959619  Train L2 Loss :  1.0391874022960663
Epoch :  652  Epoch time :  6.03566206805408  Train L2 Loss :  1.0391522047996522
Epoch :  653  Epoch time :  6.038004108704627  Train L2 Loss :  1.0391675277709962
Epoch :  654  Epoch time :  6.040636473335326  Train L2 Loss :  1.0391616210460664
Epoch :  655  Epoch time :  6.041703769937158  Train L2 Loss :  1.0391524765014648
Epoch :  656  Epoch time :  6.040320487692952  Train L2 Loss :  1.0391359640598297
Epoch :  657  Epoch time :  6.039240901358426  Train L2 Loss :  1.039128443288803
Epoch :  658  Epoch time :  6.07663984131068  Train L2 Loss :  1.0391296457290649
Epoch :  659  Epoch time :  6.0379283325746655  Train L2 Loss :  1.0391044500350952
Epoch :  660  Epoch time :  6.037118919193745  Train L2 Loss :  1.0390940871238707
Epoch :  661  Epoch time :  6.041515958495438  Train L2 Loss :  1.0390889748096466
Epoch :  662  Epoch time :  6.041261782869697  Train L2 Loss :  1.039083978176117
Epoch :  663  Epoch time :  6.041022635065019  Train L2 Loss :  1.0390727396011352
Epoch :  664  Epoch time :  6.06010855641216  Train L2 Loss :  1.0390493759632111
Epoch :  665  Epoch time :  6.064040879718959  Train L2 Loss :  1.039056094264984
Epoch :  666  Epoch time :  6.040552733466029  Train L2 Loss :  1.039041912174225
Epoch :  667  Epoch time :  6.039233430288732  Train L2 Loss :  1.0390140441417695
Epoch :  668  Epoch time :  6.042230145074427  Train L2 Loss :  1.0390112462043761
Epoch :  669  Epoch time :  6.038563847541809  Train L2 Loss :  1.0389914312839508
Epoch :  670  Epoch time :  6.037850829772651  Train L2 Loss :  1.0389961500167846
Epoch :  671  Epoch time :  6.0666619669646025  Train L2 Loss :  1.0389899917125702
Epoch :  672  Epoch time :  6.0567838391289115  Train L2 Loss :  1.038971590089798
Epoch :  673  Epoch time :  6.037506652995944  Train L2 Loss :  1.0389883286476136
Epoch :  674  Epoch time :  6.042346335016191  Train L2 Loss :  1.0389589644432067
Epoch :  675  Epoch time :  6.039483322761953  Train L2 Loss :  1.0389470824718476
Epoch :  676  Epoch time :  6.038758624345064  Train L2 Loss :  1.038932289648056
Epoch :  677  Epoch time :  6.0398177625611424  Train L2 Loss :  1.0389206662178039
Epoch :  678  Epoch time :  6.072345620952547  Train L2 Loss :  1.0389216825008392
Epoch :  679  Epoch time :  6.048302628099918  Train L2 Loss :  1.0389053854942323
Epoch :  680  Epoch time :  6.037559719756246  Train L2 Loss :  1.0388949540615082
Epoch :  681  Epoch time :  6.039893050678074  Train L2 Loss :  1.0388847804069519
Epoch :  682  Epoch time :  6.037639198824763  Train L2 Loss :  1.0388755696296692
Epoch :  683  Epoch time :  6.039125196635723  Train L2 Loss :  1.0388602438449859
Epoch :  684  Epoch time :  6.043321602977812  Train L2 Loss :  1.038855419254303
Epoch :  685  Epoch time :  6.07294203620404  Train L2 Loss :  1.0388352134227752
Epoch :  686  Epoch time :  6.0416637705639005  Train L2 Loss :  1.0388284064769744
Epoch :  687  Epoch time :  6.0350706819444895  Train L2 Loss :  1.0388130520343781
Epoch :  688  Epoch time :  6.039728933945298  Train L2 Loss :  1.0388151002407073
Epoch :  689  Epoch time :  6.0378709100186825  Train L2 Loss :  1.0388039900779724
Epoch :  690  Epoch time :  6.039054274559021  Train L2 Loss :  1.0387838215351104
Epoch :  691  Epoch time :  6.039712369441986  Train L2 Loss :  1.0387814784526825
Epoch :  692  Epoch time :  6.075360365211964  Train L2 Loss :  1.0387607449054719
Epoch :  693  Epoch time :  6.03599694557488  Train L2 Loss :  1.0387456983566283
Epoch :  694  Epoch time :  6.03703860193491  Train L2 Loss :  1.0387475046157837
Epoch :  695  Epoch time :  6.034885955043137  Train L2 Loss :  1.0387359205245972
Epoch :  696  Epoch time :  6.042594267055392  Train L2 Loss :  1.0387331177234649
Epoch :  697  Epoch time :  6.038062133826315  Train L2 Loss :  1.038711853313446
Epoch :  698  Epoch time :  6.0511484881863  Train L2 Loss :  1.0386960809707642
Epoch :  699  Epoch time :  6.061552681028843  Train L2 Loss :  1.0386962134838105
Epoch :  700  Epoch time :  6.0350909903645515  Train L2 Loss :  1.0385419778823852
Epoch :  701  Epoch time :  6.035896100103855  Train L2 Loss :  1.0385256174564361
Epoch :  702  Epoch time :  6.039784595370293  Train L2 Loss :  1.0385170531749726
Epoch :  703  Epoch time :  6.037329851649702  Train L2 Loss :  1.038518904352188
Epoch :  704  Epoch time :  6.0394927049055696  Train L2 Loss :  1.0385113312721252
Epoch :  705  Epoch time :  6.067595929838717  Train L2 Loss :  1.0385052456855774
Epoch :  706  Epoch time :  6.05205497238785  Train L2 Loss :  1.0385046761989594
Epoch :  707  Epoch time :  6.031600919552147  Train L2 Loss :  1.0384954736232757
Epoch :  708  Epoch time :  6.037034511566162  Train L2 Loss :  1.0384858304977418
Epoch :  709  Epoch time :  6.042837634682655  Train L2 Loss :  1.0384862720012664
Epoch :  710  Epoch time :  6.039271210320294  Train L2 Loss :  1.038480040884018
Epoch :  711  Epoch time :  6.039897637441754  Train L2 Loss :  1.038476017141342
Epoch :  712  Epoch time :  6.069812135770917  Train L2 Loss :  1.038471437215805
Epoch :  713  Epoch time :  6.0488390335813165  Train L2 Loss :  1.038459515619278
Epoch :  714  Epoch time :  6.041194161400199  Train L2 Loss :  1.0384616426944733
Epoch :  715  Epoch time :  6.037911453284323  Train L2 Loss :  1.0384605816841126
Epoch :  716  Epoch time :  6.041058300063014  Train L2 Loss :  1.038446407175064
Epoch :  717  Epoch time :  6.039716375991702  Train L2 Loss :  1.03844478931427
Epoch :  718  Epoch time :  6.044666807167232  Train L2 Loss :  1.0384356281280518
Epoch :  719  Epoch time :  6.081556583754718  Train L2 Loss :  1.0384408614635467
Epoch :  720  Epoch time :  6.042606468312442  Train L2 Loss :  1.0384287951469422
Epoch :  721  Epoch time :  6.040903732180595  Train L2 Loss :  1.0384296666622161
Epoch :  722  Epoch time :  6.041939406655729  Train L2 Loss :  1.0384216544151306
Epoch :  723  Epoch time :  6.040471322834492  Train L2 Loss :  1.038415982055664
Epoch :  724  Epoch time :  6.041849911212921  Train L2 Loss :  1.038418604516983
Epoch :  725  Epoch time :  6.0472139017656446  Train L2 Loss :  1.0384003300666809
Epoch :  726  Epoch time :  6.076303468085825  Train L2 Loss :  1.0383975721359253
Epoch :  727  Epoch time :  6.043135798536241  Train L2 Loss :  1.038400023508072
Epoch :  728  Epoch time :  6.04087710659951  Train L2 Loss :  1.038391595697403
Epoch :  729  Epoch time :  6.04537396132946  Train L2 Loss :  1.0383808504104615
Epoch :  730  Epoch time :  6.046834786422551  Train L2 Loss :  1.038381767129898
Epoch :  731  Epoch time :  6.043800347484648  Train L2 Loss :  1.038375126171112
Epoch :  732  Epoch time :  6.0576329519972205  Train L2 Loss :  1.0383612245082856
Epoch :  733  Epoch time :  6.071249874308705  Train L2 Loss :  1.0383633650779724
Epoch :  734  Epoch time :  6.046762879937887  Train L2 Loss :  1.038357461309433
Epoch :  735  Epoch time :  6.044769456610084  Train L2 Loss :  1.038362452030182
Epoch :  736  Epoch time :  6.043994911015034  Train L2 Loss :  1.0383446954727173
Epoch :  737  Epoch time :  6.042047920636833  Train L2 Loss :  1.038356258058548
Epoch :  738  Epoch time :  6.043864508159459  Train L2 Loss :  1.0383375430583954
Epoch :  739  Epoch time :  6.066305389627814  Train L2 Loss :  1.038339148759842
Epoch :  740  Epoch time :  6.065003888681531  Train L2 Loss :  1.038327980852127
Epoch :  741  Epoch time :  6.046324140392244  Train L2 Loss :  1.0383275319576264
Epoch :  742  Epoch time :  6.046663768589497  Train L2 Loss :  1.0383210267543792
Epoch :  743  Epoch time :  6.047946183942258  Train L2 Loss :  1.0383156340122224
Epoch :  744  Epoch time :  6.045473298057914  Train L2 Loss :  1.0383101233482361
Epoch :  745  Epoch time :  6.050083490088582  Train L2 Loss :  1.038312994480133
Epoch :  746  Epoch time :  6.072283285669982  Train L2 Loss :  1.0382983694553376
Epoch :  747  Epoch time :  6.056697737425566  Train L2 Loss :  1.038287163925171
Epoch :  748  Epoch time :  6.04323473572731  Train L2 Loss :  1.0383010612010957
Epoch :  749  Epoch time :  6.045791639946401  Train L2 Loss :  1.0382844163894653
Epoch :  750  Epoch time :  6.04266082495451  Train L2 Loss :  1.0382880150794982
Epoch :  751  Epoch time :  6.042647532187402  Train L2 Loss :  1.0382801146507263
Epoch :  752  Epoch time :  6.0455291690304875  Train L2 Loss :  1.038277470111847
Epoch :  753  Epoch time :  6.079587682150304  Train L2 Loss :  1.0382702085971833
Epoch :  754  Epoch time :  6.0489143915474415  Train L2 Loss :  1.0382685934066773
Epoch :  755  Epoch time :  6.045034467242658  Train L2 Loss :  1.0382612885475158
Epoch :  756  Epoch time :  6.049419343471527  Train L2 Loss :  1.0382544203281403
Epoch :  757  Epoch time :  6.0455883871763945  Train L2 Loss :  1.0382421078205109
Epoch :  758  Epoch time :  6.043035015463829  Train L2 Loss :  1.038248146057129
Epoch :  759  Epoch time :  6.044845297932625  Train L2 Loss :  1.0382422751903535
Epoch :  760  Epoch time :  6.082723983563483  Train L2 Loss :  1.038240381193161
Epoch :  761  Epoch time :  6.04254390206188  Train L2 Loss :  1.0382314838409423
Epoch :  762  Epoch time :  6.044490611180663  Train L2 Loss :  1.0382320144176482
Epoch :  763  Epoch time :  6.043984136544168  Train L2 Loss :  1.0382290709018707
Epoch :  764  Epoch time :  6.042683273553848  Train L2 Loss :  1.0382165997982025
Epoch :  765  Epoch time :  6.043296784162521  Train L2 Loss :  1.038223289346695
Epoch :  766  Epoch time :  6.056075708009303  Train L2 Loss :  1.0382074323177337
Epoch :  767  Epoch time :  6.071524236351252  Train L2 Loss :  1.0382068431854248
Epoch :  768  Epoch time :  6.045170399360359  Train L2 Loss :  1.0382008150100708
Epoch :  769  Epoch time :  6.044555331580341  Train L2 Loss :  1.0381931504249573
Epoch :  770  Epoch time :  6.043825088068843  Train L2 Loss :  1.038190804195404
Epoch :  771  Epoch time :  6.042490639723837  Train L2 Loss :  1.0381802334785462
Epoch :  772  Epoch time :  6.042554367333651  Train L2 Loss :  1.0381844150543214
Epoch :  773  Epoch time :  6.0670550102368  Train L2 Loss :  1.0381808508872985
Epoch :  774  Epoch time :  6.064448525197804  Train L2 Loss :  1.0381834667205811
Epoch :  775  Epoch time :  6.042861028574407  Train L2 Loss :  1.0381663031101227
Epoch :  776  Epoch time :  6.041534638032317  Train L2 Loss :  1.0381631734848022
Epoch :  777  Epoch time :  6.045011985115707  Train L2 Loss :  1.0381612973213197
Epoch :  778  Epoch time :  6.043517665937543  Train L2 Loss :  1.0381587339878082
Epoch :  779  Epoch time :  6.045873546041548  Train L2 Loss :  1.0381543058872222
Epoch :  780  Epoch time :  6.07174332626164  Train L2 Loss :  1.0381481500148773
Epoch :  781  Epoch time :  6.05332064256072  Train L2 Loss :  1.0381500586032868
Epoch :  782  Epoch time :  6.03960135858506  Train L2 Loss :  1.0381445003986358
Epoch :  783  Epoch time :  6.041221866384149  Train L2 Loss :  1.0381367436885833
Epoch :  784  Epoch time :  6.038314828649163  Train L2 Loss :  1.0381335504531861
Epoch :  785  Epoch time :  6.039866774342954  Train L2 Loss :  1.0381328805923462
Epoch :  786  Epoch time :  6.038842494599521  Train L2 Loss :  1.0381342266082765
Epoch :  787  Epoch time :  6.078014633618295  Train L2 Loss :  1.038117936182022
Epoch :  788  Epoch time :  6.04107775632292  Train L2 Loss :  1.0381242157459258
Epoch :  789  Epoch time :  6.041709332726896  Train L2 Loss :  1.038112597131729
Epoch :  790  Epoch time :  6.040231985971332  Train L2 Loss :  1.0381004703044892
Epoch :  791  Epoch time :  6.038310883566737  Train L2 Loss :  1.0381025934219361
Epoch :  792  Epoch time :  6.041329732164741  Train L2 Loss :  1.0380992708683014
Epoch :  793  Epoch time :  6.041115427389741  Train L2 Loss :  1.0380882353782654
Epoch :  794  Epoch time :  6.077673964202404  Train L2 Loss :  1.0380900249004363
Epoch :  795  Epoch time :  6.041624641977251  Train L2 Loss :  1.0380791895866395
Epoch :  796  Epoch time :  6.040870454162359  Train L2 Loss :  1.0380824929237367
Epoch :  797  Epoch time :  6.040019645355642  Train L2 Loss :  1.0380740874290466
Epoch :  798  Epoch time :  6.0446154130622745  Train L2 Loss :  1.0380677508354188
Epoch :  799  Epoch time :  6.0395753821358085  Train L2 Loss :  1.0380745196819305
Epoch :  800  Epoch time :  6.053590331226587  Train L2 Loss :  1.0379812841415406
Epoch :  801  Epoch time :  6.069468287751079  Train L2 Loss :  1.0379766887664794
Epoch :  802  Epoch time :  6.051422622986138  Train L2 Loss :  1.0379736790657044
Epoch :  803  Epoch time :  6.044839108362794  Train L2 Loss :  1.037969624900818
Epoch :  804  Epoch time :  6.042010956443846  Train L2 Loss :  1.0379726953029633
Epoch :  805  Epoch time :  6.045285700820386  Train L2 Loss :  1.0379700517177581
Epoch :  806  Epoch time :  6.050528009422123  Train L2 Loss :  1.0379649294376374
Epoch :  807  Epoch time :  6.0696587935090065  Train L2 Loss :  1.0379641159057618
Epoch :  808  Epoch time :  6.059937948361039  Train L2 Loss :  1.0379590166091919
Epoch :  809  Epoch time :  6.044338585808873  Train L2 Loss :  1.0379648197174072
Epoch :  810  Epoch time :  6.04352193325758  Train L2 Loss :  1.0379527664661408
Epoch :  811  Epoch time :  6.046806629747152  Train L2 Loss :  1.037954546737671
Epoch :  812  Epoch time :  6.044458243064582  Train L2 Loss :  1.0379547516822816
Epoch :  813  Epoch time :  6.045301559381187  Train L2 Loss :  1.0379512655735015
Epoch :  814  Epoch time :  6.084176516160369  Train L2 Loss :  1.0379519010066987
Epoch :  815  Epoch time :  6.044038756750524  Train L2 Loss :  1.0379435474395753
Epoch :  816  Epoch time :  6.042516549117863  Train L2 Loss :  1.0379468444347382
Epoch :  817  Epoch time :  6.043858123011887  Train L2 Loss :  1.0379406832695008
Epoch :  818  Epoch time :  6.043705794028938  Train L2 Loss :  1.0379375742435455
Epoch :  819  Epoch time :  6.042173706926405  Train L2 Loss :  1.0379388630390167
Epoch :  820  Epoch time :  6.0758455684408545  Train L2 Loss :  1.0379361984729767
Epoch :  821  Epoch time :  6.057917071506381  Train L2 Loss :  1.037936461496353
Epoch :  822  Epoch time :  6.045585689134896  Train L2 Loss :  1.0379294411182403
Epoch :  823  Epoch time :  6.048959691077471  Train L2 Loss :  1.0379318034172058
Epoch :  824  Epoch time :  6.046522656455636  Train L2 Loss :  1.0379254518985748
Epoch :  825  Epoch time :  6.047430623322725  Train L2 Loss :  1.037922075033188
Epoch :  826  Epoch time :  6.054592926055193  Train L2 Loss :  1.037928595161438
Epoch :  827  Epoch time :  6.0748526537790895  Train L2 Loss :  1.0379208513736724
Epoch :  828  Epoch time :  6.045079929754138  Train L2 Loss :  1.0379204290866852
Epoch :  829  Epoch time :  6.0443374291062355  Train L2 Loss :  1.0379204251766205
Epoch :  830  Epoch time :  6.044054260477424  Train L2 Loss :  1.0379193988800048
Epoch :  831  Epoch time :  6.04370410554111  Train L2 Loss :  1.037913027191162
Epoch :  832  Epoch time :  6.045168313197792  Train L2 Loss :  1.0379140911579132
Epoch :  833  Epoch time :  6.07697419449687  Train L2 Loss :  1.0379079479694366
Epoch :  834  Epoch time :  6.055877905339003  Train L2 Loss :  1.037908674287796
Epoch :  835  Epoch time :  6.043488001450896  Train L2 Loss :  1.0379018748283386
Epoch :  836  Epoch time :  6.048308487050235  Train L2 Loss :  1.0379012441635131
Epoch :  837  Epoch time :  6.047036404721439  Train L2 Loss :  1.0379028953075409
Epoch :  838  Epoch time :  6.046156014315784  Train L2 Loss :  1.0378998541355133
Epoch :  839  Epoch time :  6.044179175980389  Train L2 Loss :  1.0378968737125396
Epoch :  840  Epoch time :  6.083309333771467  Train L2 Loss :  1.0378907297134399
Epoch :  841  Epoch time :  6.042151155881584  Train L2 Loss :  1.0378917271614074
Epoch :  842  Epoch time :  6.040643602609634  Train L2 Loss :  1.037891704750061
Epoch :  843  Epoch time :  6.108608721755445  Train L2 Loss :  1.0378926306724547
Epoch :  844  Epoch time :  6.045421544462442  Train L2 Loss :  1.0378862916946412
Epoch :  845  Epoch time :  6.040990676730871  Train L2 Loss :  1.0378836633682251
Epoch :  846  Epoch time :  6.073355629108846  Train L2 Loss :  1.0378897287845612
Epoch :  847  Epoch time :  6.060224311426282  Train L2 Loss :  1.0378839932441712
Epoch :  848  Epoch time :  6.042542286217213  Train L2 Loss :  1.0378802262306213
Epoch :  849  Epoch time :  6.047426814213395  Train L2 Loss :  1.0378781969070434
Epoch :  850  Epoch time :  6.04086063336581  Train L2 Loss :  1.0378751101016999
Epoch :  851  Epoch time :  6.045232222415507  Train L2 Loss :  1.0378754051685333
Epoch :  852  Epoch time :  6.043032140471041  Train L2 Loss :  1.0378682268619537
Epoch :  853  Epoch time :  6.071219299919903  Train L2 Loss :  1.0378658834457397
Epoch :  854  Epoch time :  6.058542797341943  Train L2 Loss :  1.0378690343379975
Epoch :  855  Epoch time :  6.041327211074531  Train L2 Loss :  1.037864433670044
Epoch :  856  Epoch time :  6.042568853124976  Train L2 Loss :  1.0378590877056122
Epoch :  857  Epoch time :  6.045410118997097  Train L2 Loss :  1.0378657503128053
Epoch :  858  Epoch time :  6.041219754144549  Train L2 Loss :  1.0378614392757415
Epoch :  859  Epoch time :  6.041778565384448  Train L2 Loss :  1.0378564717769623
Epoch :  860  Epoch time :  6.067408211529255  Train L2 Loss :  1.0378488902568817
Epoch :  861  Epoch time :  6.058601322583854  Train L2 Loss :  1.0378543547153474
Epoch :  862  Epoch time :  6.038419379852712  Train L2 Loss :  1.0378484546184539
Epoch :  863  Epoch time :  6.048283274285495  Train L2 Loss :  1.0378517833232879
Epoch :  864  Epoch time :  6.041760524734855  Train L2 Loss :  1.0378539972305298
Epoch :  865  Epoch time :  6.040937573648989  Train L2 Loss :  1.0378443404197693
Epoch :  866  Epoch time :  6.042281256988645  Train L2 Loss :  1.0378450458526611
Epoch :  867  Epoch time :  6.06683440413326  Train L2 Loss :  1.0378421327114105
Epoch :  868  Epoch time :  6.0576645182445645  Train L2 Loss :  1.0378372998714447
Epoch :  869  Epoch time :  6.0432486571371555  Train L2 Loss :  1.0378342012882233
Epoch :  870  Epoch time :  6.039783190004528  Train L2 Loss :  1.0378361976623536
Epoch :  871  Epoch time :  6.037897798232734  Train L2 Loss :  1.0378368179798125
Epoch :  872  Epoch time :  6.041027590632439  Train L2 Loss :  1.0378339965343475
Epoch :  873  Epoch time :  6.044317360967398  Train L2 Loss :  1.0378309435844422
Epoch :  874  Epoch time :  6.063356547616422  Train L2 Loss :  1.0378271550655365
Epoch :  875  Epoch time :  6.062318028882146  Train L2 Loss :  1.037830323266983
Epoch :  876  Epoch time :  6.042968043126166  Train L2 Loss :  1.0378246029376983
Epoch :  877  Epoch time :  6.043442510999739  Train L2 Loss :  1.0378255881309508
Epoch :  878  Epoch time :  6.039881089702249  Train L2 Loss :  1.037822931909561
Epoch :  879  Epoch time :  6.042277110740542  Train L2 Loss :  1.0378168501853944
Epoch :  880  Epoch time :  6.041830834001303  Train L2 Loss :  1.0378200344085693
Epoch :  881  Epoch time :  6.060917777009308  Train L2 Loss :  1.0378137058258057
Epoch :  882  Epoch time :  6.062375113368034  Train L2 Loss :  1.037817091321945
Epoch :  883  Epoch time :  6.040129561908543  Train L2 Loss :  1.0378128504753112
Epoch :  884  Epoch time :  6.042401630431414  Train L2 Loss :  1.0378002814769745
Epoch :  885  Epoch time :  6.040968541055918  Train L2 Loss :  1.0378111216068269
Epoch :  886  Epoch time :  6.042610680684447  Train L2 Loss :  1.0378030531406404
Epoch :  887  Epoch time :  6.042764976620674  Train L2 Loss :  1.0377990819931031
Epoch :  888  Epoch time :  6.059505380690098  Train L2 Loss :  1.037804805278778
Epoch :  889  Epoch time :  6.067261197604239  Train L2 Loss :  1.037797180891037
Epoch :  890  Epoch time :  6.0378144569695  Train L2 Loss :  1.0377994765281677
Epoch :  891  Epoch time :  6.039670184254646  Train L2 Loss :  1.03779348154068
Epoch :  892  Epoch time :  6.0468875570222735  Train L2 Loss :  1.037799549627304
Epoch :  893  Epoch time :  6.044698745943606  Train L2 Loss :  1.0377959754943848
Epoch :  894  Epoch time :  6.042402805760503  Train L2 Loss :  1.0377877910137177
Epoch :  895  Epoch time :  6.056789395399392  Train L2 Loss :  1.0377887918949127
Epoch :  896  Epoch time :  6.069192910566926  Train L2 Loss :  1.0377872592926025
Epoch :  897  Epoch time :  6.043382308445871  Train L2 Loss :  1.037788240289688
Epoch :  898  Epoch time :  6.038226396776736  Train L2 Loss :  1.0377793694496156
Epoch :  899  Epoch time :  6.043129147961736  Train L2 Loss :  1.0377802363395692
Epoch :  900  Epoch time :  6.041349328123033  Train L2 Loss :  1.0377384318828582
Epoch :  901  Epoch time :  6.040603268891573  Train L2 Loss :  1.0377299614429474
Epoch :  902  Epoch time :  6.054397879168391  Train L2 Loss :  1.0377315027713776
Epoch :  903  Epoch time :  6.072194810025394  Train L2 Loss :  1.0377299613952637
Epoch :  904  Epoch time :  6.042206106707454  Train L2 Loss :  1.037730272769928
Epoch :  905  Epoch time :  6.041551784612238  Train L2 Loss :  1.0377258660793305
Epoch :  906  Epoch time :  6.041792031377554  Train L2 Loss :  1.0377279499053955
Epoch :  907  Epoch time :  6.041614864952862  Train L2 Loss :  1.037726531600952
Epoch :  908  Epoch time :  6.038737993687391  Train L2 Loss :  1.0377234427452087
Epoch :  909  Epoch time :  6.045950796455145  Train L2 Loss :  1.0377236654758453
Epoch :  910  Epoch time :  6.075674210675061  Train L2 Loss :  1.037723103761673
Epoch :  911  Epoch time :  6.050273758359253  Train L2 Loss :  1.0377256849765777
Epoch :  912  Epoch time :  6.04436051286757  Train L2 Loss :  1.037722465801239
Epoch :  913  Epoch time :  6.043702178634703  Train L2 Loss :  1.03771958899498
Epoch :  914  Epoch time :  6.046586520038545  Train L2 Loss :  1.037720405101776
Epoch :  915  Epoch time :  6.045200731605291  Train L2 Loss :  1.037718064546585
Epoch :  916  Epoch time :  6.047072945162654  Train L2 Loss :  1.0377211239814759
Epoch :  917  Epoch time :  6.083924045786262  Train L2 Loss :  1.0377165730953217
Epoch :  918  Epoch time :  6.044410662725568  Train L2 Loss :  1.0377177056789397
Epoch :  919  Epoch time :  6.046351819299161  Train L2 Loss :  1.037713505268097
Epoch :  920  Epoch time :  6.043295222334564  Train L2 Loss :  1.0377144906520843
Epoch :  921  Epoch time :  6.040860231034458  Train L2 Loss :  1.0377106153488158
Epoch :  922  Epoch time :  6.039359599351883  Train L2 Loss :  1.037712488603592
Epoch :  923  Epoch time :  6.048522409982979  Train L2 Loss :  1.0377119186401367
Epoch :  924  Epoch time :  6.081070503219962  Train L2 Loss :  1.0377080275535584
Epoch :  925  Epoch time :  6.041544884443283  Train L2 Loss :  1.0377090073108672
Epoch :  926  Epoch time :  6.034714233130217  Train L2 Loss :  1.0377081569194793
Epoch :  927  Epoch time :  6.043143033981323  Train L2 Loss :  1.0377095336914062
Epoch :  928  Epoch time :  6.042832488194108  Train L2 Loss :  1.037705787372589
Epoch :  929  Epoch time :  6.045382302254438  Train L2 Loss :  1.0377030794620514
Epoch :  930  Epoch time :  6.042507564648986  Train L2 Loss :  1.0377060474872588
Epoch :  931  Epoch time :  6.082732363604009  Train L2 Loss :  1.0377044325828553
Epoch :  932  Epoch time :  6.044584242627025  Train L2 Loss :  1.0377019907951355
Epoch :  933  Epoch time :  6.042957957834005  Train L2 Loss :  1.0377007328033447
Epoch :  934  Epoch time :  6.043794922530651  Train L2 Loss :  1.0377003147125243
Epoch :  935  Epoch time :  6.0408911453559995  Train L2 Loss :  1.0376992449760436
Epoch :  936  Epoch time :  6.043704386800528  Train L2 Loss :  1.037699095773697
Epoch :  937  Epoch time :  6.045800202526152  Train L2 Loss :  1.0376969611167908
Epoch :  938  Epoch time :  6.080570648424327  Train L2 Loss :  1.0376978665351868
Epoch :  939  Epoch time :  6.0467480747029185  Train L2 Loss :  1.0376966475963592
Epoch :  940  Epoch time :  6.040421767160296  Train L2 Loss :  1.037694876050949
Epoch :  941  Epoch time :  6.045110448263586  Train L2 Loss :  1.037694456720352
Epoch :  942  Epoch time :  6.037881216965616  Train L2 Loss :  1.0376933849811554
Epoch :  943  Epoch time :  6.037061395123601  Train L2 Loss :  1.0376901638507843
Epoch :  944  Epoch time :  6.0441414173692465  Train L2 Loss :  1.0376911963939666
Epoch :  945  Epoch time :  6.079147917218506  Train L2 Loss :  1.0376905256271363
Epoch :  946  Epoch time :  6.051342465914786  Train L2 Loss :  1.0376901027679444
Epoch :  947  Epoch time :  6.037295821122825  Train L2 Loss :  1.0376884106636048
Epoch :  948  Epoch time :  6.037941073998809  Train L2 Loss :  1.037688924074173
Epoch :  949  Epoch time :  6.056296485476196  Train L2 Loss :  1.037687843465805
Epoch :  950  Epoch time :  6.048923525027931  Train L2 Loss :  1.0376869503974915
Epoch :  951  Epoch time :  6.048821316100657  Train L2 Loss :  1.0376876838684082
Epoch :  952  Epoch time :  6.085711873136461  Train L2 Loss :  1.0376824585437774
Epoch :  953  Epoch time :  6.050972640514374  Train L2 Loss :  1.0376839181423188
Epoch :  954  Epoch time :  6.045371626503766  Train L2 Loss :  1.0376828619480134
Epoch :  955  Epoch time :  6.044241555035114  Train L2 Loss :  1.0376832044124604
Epoch :  956  Epoch time :  6.0453981114551425  Train L2 Loss :  1.0376806253433228
Epoch :  957  Epoch time :  6.045769266784191  Train L2 Loss :  1.0376769604682923
Epoch :  958  Epoch time :  6.049957557581365  Train L2 Loss :  1.0376804296970368
Epoch :  959  Epoch time :  6.083011924289167  Train L2 Loss :  1.0376766026973725
Epoch :  960  Epoch time :  6.053660755977035  Train L2 Loss :  1.0376787929058076
Epoch :  961  Epoch time :  6.047093698754907  Train L2 Loss :  1.0376759236335755
Epoch :  962  Epoch time :  6.05072102509439  Train L2 Loss :  1.0376752631187438
Epoch :  963  Epoch time :  6.049832192249596  Train L2 Loss :  1.0376744297504426
Epoch :  964  Epoch time :  6.0502569461241364  Train L2 Loss :  1.0376724668979644
Epoch :  965  Epoch time :  6.058039146475494  Train L2 Loss :  1.0376714341163635
Epoch :  966  Epoch time :  6.085484774783254  Train L2 Loss :  1.0376726079463958
Epoch :  967  Epoch time :  6.053801719099283  Train L2 Loss :  1.037671766614914
Epoch :  968  Epoch time :  6.048785679973662  Train L2 Loss :  1.0376690709590912
Epoch :  969  Epoch time :  6.0508494805544615  Train L2 Loss :  1.0376691804885865
Epoch :  970  Epoch time :  6.047619383782148  Train L2 Loss :  1.0376692455768586
Epoch :  971  Epoch time :  6.046656491234899  Train L2 Loss :  1.0376662564754486
Epoch :  972  Epoch time :  6.054537964984775  Train L2 Loss :  1.0376644522190095
Epoch :  973  Epoch time :  6.08181029278785  Train L2 Loss :  1.0376636972904205
Epoch :  974  Epoch time :  6.053858423605561  Train L2 Loss :  1.0376625470161438
Epoch :  975  Epoch time :  6.047282008454204  Train L2 Loss :  1.0376641728401184
Epoch :  976  Epoch time :  6.046991925686598  Train L2 Loss :  1.0376638564109801
Epoch :  977  Epoch time :  6.058304545469582  Train L2 Loss :  1.0376578675746917
Epoch :  978  Epoch time :  6.045822270214558  Train L2 Loss :  1.0376588848114014
Epoch :  979  Epoch time :  6.051512396894395  Train L2 Loss :  1.0376596098899842
Epoch :  980  Epoch time :  6.080667782574892  Train L2 Loss :  1.0376584613800048
Epoch :  981  Epoch time :  6.056306364014745  Train L2 Loss :  1.0376561004638671
Epoch :  982  Epoch time :  6.0574567606672645  Train L2 Loss :  1.0376563848018647
Epoch :  983  Epoch time :  6.053047408349812  Train L2 Loss :  1.0376560689926146
Epoch :  984  Epoch time :  6.050535133108497  Train L2 Loss :  1.0376544422626495
Epoch :  985  Epoch time :  6.047683632001281  Train L2 Loss :  1.0376550341129303
Epoch :  986  Epoch time :  6.048317265696824  Train L2 Loss :  1.0376516564369203
Epoch :  987  Epoch time :  6.0825328174978495  Train L2 Loss :  1.037652732181549
Epoch :  988  Epoch time :  6.054327075369656  Train L2 Loss :  1.0376523166179656
Epoch :  989  Epoch time :  6.045604970306158  Train L2 Loss :  1.0376477083206177
Epoch :  990  Epoch time :  6.048025954514742  Train L2 Loss :  1.0376489649772644
Epoch :  991  Epoch time :  6.044059716165066  Train L2 Loss :  1.0376482585430145
Epoch :  992  Epoch time :  6.044293962419033  Train L2 Loss :  1.0376457251071929
Epoch :  993  Epoch time :  6.04698833823204  Train L2 Loss :  1.037647801542282
Epoch :  994  Epoch time :  6.071215613745153  Train L2 Loss :  1.0376450032711029
Epoch :  995  Epoch time :  6.056516136042774  Train L2 Loss :  1.0376414699077605
Epoch :  996  Epoch time :  6.0427455538883805  Train L2 Loss :  1.0376407406330108
Epoch :  997  Epoch time :  6.04620595742017  Train L2 Loss :  1.0376428842544556
Epoch :  998  Epoch time :  6.043355050496757  Train L2 Loss :  1.0376407979011535
Epoch :  999  Epoch time :  6.041857861913741  Train L2 Loss :  1.0376433916091918
Total time is : 6037.645724485628 Total epoch is  1000
