Energy is  7.993605777301127e-15
Input dim :  128  output dim :  4096
29249
Epoch :  0  Epoch time :  0.7414680542424321  Train L2 Loss :  5.873872341918945
Epoch :  1  Epoch time :  0.5671232333406806  Train L2 Loss :  3.8749350231170654
Epoch :  2  Epoch time :  0.567923029884696  Train L2 Loss :  2.9619113258361818
Epoch :  3  Epoch time :  0.567374455742538  Train L2 Loss :  2.4235985124588013
Epoch :  4  Epoch time :  0.5664281584322453  Train L2 Loss :  1.875943469619751
Epoch :  5  Epoch time :  0.5667395116761327  Train L2 Loss :  1.665547172164917
Epoch :  6  Epoch time :  0.5670453244820237  Train L2 Loss :  1.5527601329803467
Epoch :  7  Epoch time :  0.5670205419883132  Train L2 Loss :  1.424161735343933
Epoch :  8  Epoch time :  0.5686924727633595  Train L2 Loss :  1.3428455257415772
Epoch :  9  Epoch time :  0.5691470606252551  Train L2 Loss :  1.2482965204238892
Epoch :  10  Epoch time :  0.567582911811769  Train L2 Loss :  1.144281986618042
Epoch :  11  Epoch time :  0.5691342912614346  Train L2 Loss :  1.0828334787368774
Epoch :  12  Epoch time :  0.5676661934703588  Train L2 Loss :  1.0238087083816527
Epoch :  13  Epoch time :  0.5678618727251887  Train L2 Loss :  0.9752731903076172
Epoch :  14  Epoch time :  0.5675374157726765  Train L2 Loss :  0.9082686710357666
Epoch :  15  Epoch time :  0.5668372083455324  Train L2 Loss :  0.8989398654937744
Epoch :  16  Epoch time :  0.5669556353241205  Train L2 Loss :  0.8198454317092896
Epoch :  17  Epoch time :  0.5690494552254677  Train L2 Loss :  0.795405763912201
Epoch :  18  Epoch time :  0.5687076402828097  Train L2 Loss :  0.7534388339996337
Epoch :  19  Epoch time :  0.5674615828320384  Train L2 Loss :  0.7223250850677491
Epoch :  20  Epoch time :  0.5678810868412256  Train L2 Loss :  0.6607175808906555
Epoch :  21  Epoch time :  0.5676768077537417  Train L2 Loss :  0.6252654134750366
Epoch :  22  Epoch time :  0.5675656767562032  Train L2 Loss :  0.6068387463569641
Epoch :  23  Epoch time :  0.5677457703277469  Train L2 Loss :  0.5851492385864258
Epoch :  24  Epoch time :  0.5697331968694925  Train L2 Loss :  0.5862026145935059
Epoch :  25  Epoch time :  0.5676571195945144  Train L2 Loss :  0.5369395976066589
Epoch :  26  Epoch time :  0.5714765749871731  Train L2 Loss :  0.5186188681125641
Epoch :  27  Epoch time :  0.5678976001217961  Train L2 Loss :  0.5208109504699707
Epoch :  28  Epoch time :  0.5678781745955348  Train L2 Loss :  0.47762579498291013
Epoch :  29  Epoch time :  0.5676882909610868  Train L2 Loss :  0.48306043195724485
Epoch :  30  Epoch time :  0.5678937090560794  Train L2 Loss :  0.45658018245697024
Epoch :  31  Epoch time :  0.5678119985386729  Train L2 Loss :  0.43205508813858035
Epoch :  32  Epoch time :  0.5670422911643982  Train L2 Loss :  0.4200513692855835
Epoch :  33  Epoch time :  0.5709419567137957  Train L2 Loss :  0.42243415508270266
Epoch :  34  Epoch time :  0.5671017188578844  Train L2 Loss :  0.4186445639133453
Epoch :  35  Epoch time :  0.5672770328819752  Train L2 Loss :  0.41883843655586245
Epoch :  36  Epoch time :  0.5672078290954232  Train L2 Loss :  0.4221637542247772
Epoch :  37  Epoch time :  0.5681516891345382  Train L2 Loss :  0.40865910601615907
Epoch :  38  Epoch time :  0.5673615271225572  Train L2 Loss :  0.4024402063846588
Epoch :  39  Epoch time :  0.5671880347654223  Train L2 Loss :  0.4130180236339569
Epoch :  40  Epoch time :  0.5685235764831305  Train L2 Loss :  0.3959542232513428
Epoch :  41  Epoch time :  0.568171801045537  Train L2 Loss :  0.4084187767982483
Epoch :  42  Epoch time :  0.5668721441179514  Train L2 Loss :  0.3918803336143494
Epoch :  43  Epoch time :  0.5672261640429497  Train L2 Loss :  0.36545240406990054
Epoch :  44  Epoch time :  0.567578949034214  Train L2 Loss :  0.3685520049571991
Epoch :  45  Epoch time :  0.5677720448002219  Train L2 Loss :  0.3660357460021973
Epoch :  46  Epoch time :  0.5675890641286969  Train L2 Loss :  0.37511853795051575
Epoch :  47  Epoch time :  0.5687404237687588  Train L2 Loss :  0.3658413667678833
Epoch :  48  Epoch time :  0.5698300283402205  Train L2 Loss :  0.34757995681762693
Epoch :  49  Epoch time :  0.5679612830281258  Train L2 Loss :  0.34162920866012575
Epoch :  50  Epoch time :  0.5678862519562244  Train L2 Loss :  0.34804146580696105
Epoch :  51  Epoch time :  0.5679355226457119  Train L2 Loss :  0.34369277267456055
Epoch :  52  Epoch time :  0.5685590570792556  Train L2 Loss :  0.33070108003616333
Epoch :  53  Epoch time :  0.5672774612903595  Train L2 Loss :  0.35222918028831485
Epoch :  54  Epoch time :  0.5677318247035146  Train L2 Loss :  0.3279550684928894
Epoch :  55  Epoch time :  0.5705678444355726  Train L2 Loss :  0.34850779218673705
Epoch :  56  Epoch time :  0.5705105550587177  Train L2 Loss :  0.3106724681854248
Epoch :  57  Epoch time :  0.5678553022444248  Train L2 Loss :  0.3219766195297241
Epoch :  58  Epoch time :  0.5688324151560664  Train L2 Loss :  0.30767760400772093
Epoch :  59  Epoch time :  0.5679307337850332  Train L2 Loss :  0.30629584674835203
Epoch :  60  Epoch time :  0.5674598878249526  Train L2 Loss :  0.29167021684646605
Epoch :  61  Epoch time :  0.5673687560483813  Train L2 Loss :  0.2925303467750549
Epoch :  62  Epoch time :  0.5684013143181801  Train L2 Loss :  0.309280507850647
Epoch :  63  Epoch time :  0.5701197497546673  Train L2 Loss :  0.29161287803649905
Epoch :  64  Epoch time :  0.5680526671931148  Train L2 Loss :  0.29914268946647643
Epoch :  65  Epoch time :  0.5685993079096079  Train L2 Loss :  0.2950126462459564
Epoch :  66  Epoch time :  0.5680037895217538  Train L2 Loss :  0.3032770184516907
Epoch :  67  Epoch time :  0.5675913197919726  Train L2 Loss :  0.288693692111969
Epoch :  68  Epoch time :  0.5679627060890198  Train L2 Loss :  0.2641955105304718
Epoch :  69  Epoch time :  0.5679237302392721  Train L2 Loss :  0.2868318691730499
Epoch :  70  Epoch time :  0.5675874017179012  Train L2 Loss :  0.27926828541755677
Epoch :  71  Epoch time :  0.568986059166491  Train L2 Loss :  0.2664699712276459
Epoch :  72  Epoch time :  0.567762266844511  Train L2 Loss :  0.2774890691757202
Epoch :  73  Epoch time :  0.56754813157022  Train L2 Loss :  0.266345361995697
Epoch :  74  Epoch time :  0.5682575320824981  Train L2 Loss :  0.2703464997291565
Epoch :  75  Epoch time :  0.5686031868681312  Train L2 Loss :  0.2839024193286896
Epoch :  76  Epoch time :  0.5681211519986391  Train L2 Loss :  0.2672529109477997
Epoch :  77  Epoch time :  0.5679927514865994  Train L2 Loss :  0.2563616278648376
Epoch :  78  Epoch time :  0.5688980091363192  Train L2 Loss :  0.28539116249084473
Epoch :  79  Epoch time :  0.5677922107279301  Train L2 Loss :  0.24907367186546325
Epoch :  80  Epoch time :  0.5676497733220458  Train L2 Loss :  0.25530572023391723
Epoch :  81  Epoch time :  0.5678597083315253  Train L2 Loss :  0.23852011098861695
Epoch :  82  Epoch time :  0.5679155653342605  Train L2 Loss :  0.23409415867328645
Epoch :  83  Epoch time :  0.5679567381739616  Train L2 Loss :  0.25506547935009005
Epoch :  84  Epoch time :  0.5693873213604093  Train L2 Loss :  0.24779318926334382
Epoch :  85  Epoch time :  0.5679174410179257  Train L2 Loss :  0.23118645174503327
Epoch :  86  Epoch time :  0.5691424570977688  Train L2 Loss :  0.24029047355651856
Epoch :  87  Epoch time :  0.5681818798184395  Train L2 Loss :  0.24611921420097352
Epoch :  88  Epoch time :  0.5682079000398517  Train L2 Loss :  0.22462023463249206
Epoch :  89  Epoch time :  0.5681101810187101  Train L2 Loss :  0.23400657229423524
Epoch :  90  Epoch time :  0.5684906868264079  Train L2 Loss :  0.23779258985519408
Epoch :  91  Epoch time :  0.5678547816351056  Train L2 Loss :  0.23876374201774597
Epoch :  92  Epoch time :  0.570624029263854  Train L2 Loss :  0.23179979457855224
Epoch :  93  Epoch time :  0.5697243250906467  Train L2 Loss :  0.2301324804544449
Epoch :  94  Epoch time :  0.568286444991827  Train L2 Loss :  0.23218250045776367
Epoch :  95  Epoch time :  0.569134384393692  Train L2 Loss :  0.22178634800910949
Epoch :  96  Epoch time :  0.5686363307759166  Train L2 Loss :  0.22174133574962615
Epoch :  97  Epoch time :  0.5713086221367121  Train L2 Loss :  0.21669049541950225
Epoch :  98  Epoch time :  0.5689336163923144  Train L2 Loss :  0.22988745172023772
Epoch :  99  Epoch time :  0.5702864024788141  Train L2 Loss :  0.23435872895717622
Epoch :  100  Epoch time :  0.568714452907443  Train L2 Loss :  0.18275073294639588
Epoch :  101  Epoch time :  0.5718262670561671  Train L2 Loss :  0.17378615956306456
Epoch :  102  Epoch time :  0.5687597477808595  Train L2 Loss :  0.17372660868167877
Epoch :  103  Epoch time :  0.5687303328886628  Train L2 Loss :  0.17322984693050383
Epoch :  104  Epoch time :  0.5700948182493448  Train L2 Loss :  0.17295015931129457
Epoch :  105  Epoch time :  0.5690696258097887  Train L2 Loss :  0.17581537189483643
Epoch :  106  Epoch time :  0.569470776244998  Train L2 Loss :  0.17663942668437957
Epoch :  107  Epoch time :  0.5691553056240082  Train L2 Loss :  0.1736163722515106
Epoch :  108  Epoch time :  0.5708330627530813  Train L2 Loss :  0.17695579619407653
Epoch :  109  Epoch time :  0.569750688970089  Train L2 Loss :  0.1740705423116684
Epoch :  110  Epoch time :  0.5695372987538576  Train L2 Loss :  0.17811126079559325
Epoch :  111  Epoch time :  0.5700948508456349  Train L2 Loss :  0.17256360144615174
Epoch :  112  Epoch time :  0.5688151456415653  Train L2 Loss :  0.17201809694766998
Epoch :  113  Epoch time :  0.568877718411386  Train L2 Loss :  0.17233180575370788
Epoch :  114  Epoch time :  0.5692725973203778  Train L2 Loss :  0.1835867271900177
Epoch :  115  Epoch time :  0.5696668736636639  Train L2 Loss :  0.1705765091896057
Epoch :  116  Epoch time :  0.5715980771929026  Train L2 Loss :  0.16761106412410737
Epoch :  117  Epoch time :  0.5696478001773357  Train L2 Loss :  0.17185246551036834
Epoch :  118  Epoch time :  0.5694559011608362  Train L2 Loss :  0.17351741168498994
Epoch :  119  Epoch time :  0.5690963128581643  Train L2 Loss :  0.16727754476070403
Epoch :  120  Epoch time :  0.5696713477373123  Train L2 Loss :  0.16527419209480285
Epoch :  121  Epoch time :  0.5695358403027058  Train L2 Loss :  0.17119826090335846
Epoch :  122  Epoch time :  0.569608143530786  Train L2 Loss :  0.16736548852920533
Epoch :  123  Epoch time :  0.5702883983030915  Train L2 Loss :  0.1645353660106659
Epoch :  124  Epoch time :  0.56957165338099  Train L2 Loss :  0.15999256782531737
Epoch :  125  Epoch time :  0.5689929025247693  Train L2 Loss :  0.1635248577594757
Epoch :  126  Epoch time :  0.5693684229627252  Train L2 Loss :  0.16202705659866334
Epoch :  127  Epoch time :  0.5697746556252241  Train L2 Loss :  0.16800755093097686
Epoch :  128  Epoch time :  0.569851172156632  Train L2 Loss :  0.16095641286373139
Epoch :  129  Epoch time :  0.5701138721778989  Train L2 Loss :  0.15993889646530152
Epoch :  130  Epoch time :  0.5699109267443419  Train L2 Loss :  0.16186570355892183
Epoch :  131  Epoch time :  0.5709944795817137  Train L2 Loss :  0.160131893491745
Epoch :  132  Epoch time :  0.5697390837594867  Train L2 Loss :  0.1561061171770096
Epoch :  133  Epoch time :  0.5698030889034271  Train L2 Loss :  0.15676768226623536
Epoch :  134  Epoch time :  0.5699776588007808  Train L2 Loss :  0.16279904663562775
Epoch :  135  Epoch time :  0.5705231530591846  Train L2 Loss :  0.15126874933242798
Epoch :  136  Epoch time :  0.5707535333931446  Train L2 Loss :  0.1576316341161728
Epoch :  137  Epoch time :  0.5702982423827052  Train L2 Loss :  0.15114019203186035
Epoch :  138  Epoch time :  0.5741918552666903  Train L2 Loss :  0.15315439755916596
Epoch :  139  Epoch time :  0.5710519254207611  Train L2 Loss :  0.1536203188896179
Epoch :  140  Epoch time :  0.5713934898376465  Train L2 Loss :  0.15679365878105164
Epoch :  141  Epoch time :  0.5710756564512849  Train L2 Loss :  0.14885225641727448
Epoch :  142  Epoch time :  0.5704951519146562  Train L2 Loss :  0.1509296078681946
Epoch :  143  Epoch time :  0.5707750301808119  Train L2 Loss :  0.14539715065956116
Epoch :  144  Epoch time :  0.5701054390519857  Train L2 Loss :  0.15051479606628418
Epoch :  145  Epoch time :  0.5709558892995119  Train L2 Loss :  0.1444920104265213
Epoch :  146  Epoch time :  0.5723251877352595  Train L2 Loss :  0.14265395612716675
Epoch :  147  Epoch time :  0.570490232668817  Train L2 Loss :  0.14813571071624757
Epoch :  148  Epoch time :  0.5704258158802986  Train L2 Loss :  0.14041828684806823
Epoch :  149  Epoch time :  0.570524949580431  Train L2 Loss :  0.14464216570854188
Epoch :  150  Epoch time :  0.5707386191934347  Train L2 Loss :  0.14048124165534973
Epoch :  151  Epoch time :  0.5703539391979575  Train L2 Loss :  0.1424705388069153
Epoch :  152  Epoch time :  0.5700775198638439  Train L2 Loss :  0.15352832129001617
Epoch :  153  Epoch time :  0.572732481174171  Train L2 Loss :  0.135687628698349
Epoch :  154  Epoch time :  0.5707280049100518  Train L2 Loss :  0.13804709239006044
Epoch :  155  Epoch time :  0.5703768329694867  Train L2 Loss :  0.1391471565246582
Epoch :  156  Epoch time :  0.5702711502090096  Train L2 Loss :  0.13643489928245545
Epoch :  157  Epoch time :  0.5700689256191254  Train L2 Loss :  0.14208813467025758
Epoch :  158  Epoch time :  0.5704727340489626  Train L2 Loss :  0.137220489692688
Epoch :  159  Epoch time :  0.5703585343435407  Train L2 Loss :  0.1395530778646469
Epoch :  160  Epoch time :  0.571574435569346  Train L2 Loss :  0.13802217965126037
Epoch :  161  Epoch time :  0.570562788285315  Train L2 Loss :  0.1314495574235916
Epoch :  162  Epoch time :  0.5702276770025492  Train L2 Loss :  0.13646442050933838
Epoch :  163  Epoch time :  0.5700328787788749  Train L2 Loss :  0.13448037848472597
Epoch :  164  Epoch time :  0.5707001267001033  Train L2 Loss :  0.14094368805885316
Epoch :  165  Epoch time :  0.5703549599274993  Train L2 Loss :  0.14024444077014922
Epoch :  166  Epoch time :  0.5707369232550263  Train L2 Loss :  0.13254572668075562
Epoch :  167  Epoch time :  0.57034155074507  Train L2 Loss :  0.1335234992980957
Epoch :  168  Epoch time :  0.5722733847796917  Train L2 Loss :  0.13789398839473724
Epoch :  169  Epoch time :  0.5704008750617504  Train L2 Loss :  0.13233594853878022
Epoch :  170  Epoch time :  0.5704363230615854  Train L2 Loss :  0.1354941038131714
Epoch :  171  Epoch time :  0.5703051351010799  Train L2 Loss :  0.1291379716873169
Epoch :  172  Epoch time :  0.5705970879644156  Train L2 Loss :  0.13126292091608047
Epoch :  173  Epoch time :  0.5704835103824735  Train L2 Loss :  0.13115722608566285
Epoch :  174  Epoch time :  0.5706527009606361  Train L2 Loss :  0.13404261569976805
Epoch :  175  Epoch time :  0.5716698756441474  Train L2 Loss :  0.1385583072900772
Epoch :  176  Epoch time :  0.570620478130877  Train L2 Loss :  0.12834278485774994
Epoch :  177  Epoch time :  0.5707177072763443  Train L2 Loss :  0.12985362901687622
Epoch :  178  Epoch time :  0.5704902121797204  Train L2 Loss :  0.12868284215927123
Epoch :  179  Epoch time :  0.5706659462302923  Train L2 Loss :  0.12818896775245667
Epoch :  180  Epoch time :  0.5705806165933609  Train L2 Loss :  0.1543662748336792
Epoch :  181  Epoch time :  0.570521293208003  Train L2 Loss :  0.12810032231807708
Epoch :  182  Epoch time :  0.5705470535904169  Train L2 Loss :  0.1255014650583267
Epoch :  183  Epoch time :  0.5712759979069233  Train L2 Loss :  0.127300608253479
Epoch :  184  Epoch time :  0.5709662577137351  Train L2 Loss :  0.13535229024887085
Epoch :  185  Epoch time :  0.5710778078064322  Train L2 Loss :  0.12915533170700072
Epoch :  186  Epoch time :  0.5706613790243864  Train L2 Loss :  0.13085065116882325
Epoch :  187  Epoch time :  0.570635236799717  Train L2 Loss :  0.12834157226085663
Epoch :  188  Epoch time :  0.5703436993062496  Train L2 Loss :  0.13005291295051574
Epoch :  189  Epoch time :  0.5707710161805153  Train L2 Loss :  0.13459739046096802
Epoch :  190  Epoch time :  0.5753690153360367  Train L2 Loss :  0.12914362499713897
Epoch :  191  Epoch time :  0.5719328764826059  Train L2 Loss :  0.1255198966741562
Epoch :  192  Epoch time :  0.5712695317342877  Train L2 Loss :  0.1251890368461609
Epoch :  193  Epoch time :  0.5711660720407963  Train L2 Loss :  0.12527660064697266
Epoch :  194  Epoch time :  0.5711132930591702  Train L2 Loss :  0.12848249163627626
Epoch :  195  Epoch time :  0.5717665292322636  Train L2 Loss :  0.12933598368167878
Epoch :  196  Epoch time :  0.5714354664087296  Train L2 Loss :  0.12671803458929062
Epoch :  197  Epoch time :  0.5711448490619659  Train L2 Loss :  0.1258983852148056
Epoch :  198  Epoch time :  0.5733226835727692  Train L2 Loss :  0.12715500447750092
Epoch :  199  Epoch time :  0.5716531313955784  Train L2 Loss :  0.13114017136096953
Epoch :  200  Epoch time :  0.5714165791869164  Train L2 Loss :  0.11501960153579711
Epoch :  201  Epoch time :  0.5714643094688654  Train L2 Loss :  0.11206596655845642
Epoch :  202  Epoch time :  0.5711031453683972  Train L2 Loss :  0.11217916538715363
Epoch :  203  Epoch time :  0.5711645632982254  Train L2 Loss :  0.11223883311748505
Epoch :  204  Epoch time :  0.5715548656880856  Train L2 Loss :  0.11218007978200913
Epoch :  205  Epoch time :  0.5742060327902436  Train L2 Loss :  0.11287643697261811
Epoch :  206  Epoch time :  0.5714475736021996  Train L2 Loss :  0.11327940546274186
Epoch :  207  Epoch time :  0.5710170352831483  Train L2 Loss :  0.11270881645679474
Epoch :  208  Epoch time :  0.5737993298098445  Train L2 Loss :  0.11294684448242187
Epoch :  209  Epoch time :  0.5714586842805147  Train L2 Loss :  0.11274825206995011
Epoch :  210  Epoch time :  0.5716628655791283  Train L2 Loss :  0.11251358431577682
Epoch :  211  Epoch time :  0.5722469864413142  Train L2 Loss :  0.11273915605545044
Epoch :  212  Epoch time :  0.5718734469264746  Train L2 Loss :  0.11393202350139618
Epoch :  213  Epoch time :  0.5730102444067597  Train L2 Loss :  0.11414142653942108
Epoch :  214  Epoch time :  0.5709944749251008  Train L2 Loss :  0.11188763508796692
Epoch :  215  Epoch time :  0.5714625651016831  Train L2 Loss :  0.11235021649599075
Epoch :  216  Epoch time :  0.5713757807388902  Train L2 Loss :  0.11272195813655854
Epoch :  217  Epoch time :  0.5713091222569346  Train L2 Loss :  0.11301104573011399
Epoch :  218  Epoch time :  0.5718021560460329  Train L2 Loss :  0.11278060257434845
Epoch :  219  Epoch time :  0.5718485517427325  Train L2 Loss :  0.11218645347356797
Epoch :  220  Epoch time :  0.5722637493163347  Train L2 Loss :  0.11180801301002502
Epoch :  221  Epoch time :  0.5711349286139011  Train L2 Loss :  0.11107385320663452
Epoch :  222  Epoch time :  0.5711493361741304  Train L2 Loss :  0.11224604058265686
Epoch :  223  Epoch time :  0.57149837911129  Train L2 Loss :  0.11176627471446991
Epoch :  224  Epoch time :  0.5714072650298476  Train L2 Loss :  0.11145162428617478
Epoch :  225  Epoch time :  0.5714405849575996  Train L2 Loss :  0.11161334661245347
Epoch :  226  Epoch time :  0.5709353806450963  Train L2 Loss :  0.11129638385772705
Epoch :  227  Epoch time :  0.5721731586381793  Train L2 Loss :  0.11054618165493012
Epoch :  228  Epoch time :  0.5711901430040598  Train L2 Loss :  0.11204145154953003
Epoch :  229  Epoch time :  0.5715847481042147  Train L2 Loss :  0.11007141675949096
Epoch :  230  Epoch time :  0.5714292349293828  Train L2 Loss :  0.11160702065229416
Epoch :  231  Epoch time :  0.5710968216881156  Train L2 Loss :  0.10979873991012573
Epoch :  232  Epoch time :  0.5713285058736801  Train L2 Loss :  0.11045530525445939
Epoch :  233  Epoch time :  0.5716592725366354  Train L2 Loss :  0.10975745360851288
Epoch :  234  Epoch time :  0.5716182077303529  Train L2 Loss :  0.10862233304977417
Epoch :  235  Epoch time :  0.5728326477110386  Train L2 Loss :  0.10849130387306213
Epoch :  236  Epoch time :  0.571889428421855  Train L2 Loss :  0.10823067228794098
Epoch :  237  Epoch time :  0.5718120858073235  Train L2 Loss :  0.10882367604970931
Epoch :  238  Epoch time :  0.5718717481940985  Train L2 Loss :  0.10867979667186738
Epoch :  239  Epoch time :  0.5717242574319243  Train L2 Loss :  0.10721242029666901
Epoch :  240  Epoch time :  0.5718490583822131  Train L2 Loss :  0.1081673043012619
Epoch :  241  Epoch time :  0.5720060812309384  Train L2 Loss :  0.10662446738481522
Epoch :  242  Epoch time :  0.5775251546874642  Train L2 Loss :  0.10760459989309311
Epoch :  243  Epoch time :  0.5734726088121533  Train L2 Loss :  0.10782030854225158
Epoch :  244  Epoch time :  0.5717714680358768  Train L2 Loss :  0.10849355555772781
Epoch :  245  Epoch time :  0.5724091036245227  Train L2 Loss :  0.10553184926509857
Epoch :  246  Epoch time :  0.5719952303916216  Train L2 Loss :  0.10575147632360458
Epoch :  247  Epoch time :  0.5720596890896559  Train L2 Loss :  0.10580266699790955
Epoch :  248  Epoch time :  0.5742565123364329  Train L2 Loss :  0.10581644182205201
Epoch :  249  Epoch time :  0.5717146024107933  Train L2 Loss :  0.1068070598244667
Epoch :  250  Epoch time :  0.5723031107336283  Train L2 Loss :  0.1059334362745285
Epoch :  251  Epoch time :  0.5722092101350427  Train L2 Loss :  0.10477799227237701
Epoch :  252  Epoch time :  0.572565134614706  Train L2 Loss :  0.10528467292785644
Epoch :  253  Epoch time :  0.5726368092000484  Train L2 Loss :  0.1062492216706276
Epoch :  254  Epoch time :  0.5723491050302982  Train L2 Loss :  0.10627232120037079
Epoch :  255  Epoch time :  0.5725980419665575  Train L2 Loss :  0.10436760475635529
Epoch :  256  Epoch time :  0.572284122928977  Train L2 Loss :  0.10499873931407928
Epoch :  257  Epoch time :  0.5752186672762036  Train L2 Loss :  0.10398692305088043
Epoch :  258  Epoch time :  0.57261320669204  Train L2 Loss :  0.10515974798202514
Epoch :  259  Epoch time :  0.5726063055917621  Train L2 Loss :  0.1049367023229599
Epoch :  260  Epoch time :  0.571946557611227  Train L2 Loss :  0.10669204251766205
Epoch :  261  Epoch time :  0.5726788528263569  Train L2 Loss :  0.10372293820381165
Epoch :  262  Epoch time :  0.5727221528068185  Train L2 Loss :  0.1023268436074257
Epoch :  263  Epoch time :  0.5724289920181036  Train L2 Loss :  0.1030670326948166
Epoch :  264  Epoch time :  0.5723233884200454  Train L2 Loss :  0.10298273267745972
Epoch :  265  Epoch time :  0.573101818561554  Train L2 Loss :  0.1047351116657257
Epoch :  266  Epoch time :  0.5721814166754484  Train L2 Loss :  0.10452510728836059
Epoch :  267  Epoch time :  0.5721166292205453  Train L2 Loss :  0.10437194069623947
Epoch :  268  Epoch time :  0.5722217774018645  Train L2 Loss :  0.10384546258449555
Epoch :  269  Epoch time :  0.5725795915350318  Train L2 Loss :  0.10269454216957093
Epoch :  270  Epoch time :  0.5719723738729954  Train L2 Loss :  0.10262418375015259
Epoch :  271  Epoch time :  0.5721937166526914  Train L2 Loss :  0.10236705369949341
Epoch :  272  Epoch time :  0.5736173577606678  Train L2 Loss :  0.10264128978252411
Epoch :  273  Epoch time :  0.5721729509532452  Train L2 Loss :  0.1025757724404335
Epoch :  274  Epoch time :  0.5720028895884752  Train L2 Loss :  0.10335571219921112
Epoch :  275  Epoch time :  0.5721517419442534  Train L2 Loss :  0.10297487281560898
Epoch :  276  Epoch time :  0.5718548074364662  Train L2 Loss :  0.10337882165908814
Epoch :  277  Epoch time :  0.5718395253643394  Train L2 Loss :  0.10260158417224884
Epoch :  278  Epoch time :  0.5716838361695409  Train L2 Loss :  0.10306139779090881
Epoch :  279  Epoch time :  0.5727668115869164  Train L2 Loss :  0.10256565763950348
Epoch :  280  Epoch time :  0.5716766472905874  Train L2 Loss :  0.10145837900638581
Epoch :  281  Epoch time :  0.5720756063237786  Train L2 Loss :  0.10156904450654984
Epoch :  282  Epoch time :  0.5740654915571213  Train L2 Loss :  0.10167216143608093
Epoch :  283  Epoch time :  0.5753392456099391  Train L2 Loss :  0.10184362087249756
Epoch :  284  Epoch time :  0.5790162878111005  Train L2 Loss :  0.10135553859472275
Epoch :  285  Epoch time :  0.5887297010049224  Train L2 Loss :  0.1016159479856491
Epoch :  286  Epoch time :  0.5901235351338983  Train L2 Loss :  0.10111318943500519
Epoch :  287  Epoch time :  0.5778182903304696  Train L2 Loss :  0.10202910594940186
Epoch :  288  Epoch time :  0.5763201769441366  Train L2 Loss :  0.10250598149299621
Epoch :  289  Epoch time :  0.5767247639596462  Train L2 Loss :  0.10046675899028779
Epoch :  290  Epoch time :  0.574737754650414  Train L2 Loss :  0.10129539346694946
Epoch :  291  Epoch time :  0.5720794582739472  Train L2 Loss :  0.10082125395536423
Epoch :  292  Epoch time :  0.5720634702593088  Train L2 Loss :  0.10071161406040191
Epoch :  293  Epoch time :  0.5720731765031815  Train L2 Loss :  0.10082413446903228
Epoch :  294  Epoch time :  0.5786542342975736  Train L2 Loss :  0.10274564955234528
Epoch :  295  Epoch time :  0.5733894482254982  Train L2 Loss :  0.10136428734064103
Epoch :  296  Epoch time :  0.5724841030314565  Train L2 Loss :  0.10042610750198364
Epoch :  297  Epoch time :  0.5729798013344407  Train L2 Loss :  0.10024062736034393
Epoch :  298  Epoch time :  0.5719903130084276  Train L2 Loss :  0.10107995237112045
Epoch :  299  Epoch time :  0.5738666160032153  Train L2 Loss :  0.10133690226078033
Epoch :  300  Epoch time :  0.5758826620876789  Train L2 Loss :  0.09584747655391693
Epoch :  301  Epoch time :  0.5723871299996972  Train L2 Loss :  0.09479721890687942
Epoch :  302  Epoch time :  0.5749948937445879  Train L2 Loss :  0.095134476852417
Epoch :  303  Epoch time :  0.5728581380099058  Train L2 Loss :  0.09489401109218597
Epoch :  304  Epoch time :  0.5723943319171667  Train L2 Loss :  0.09495225601196289
Epoch :  305  Epoch time :  0.5720106568187475  Train L2 Loss :  0.09489289240837097
Epoch :  306  Epoch time :  0.5716893430799246  Train L2 Loss :  0.09530935173034669
Epoch :  307  Epoch time :  0.5720186494290829  Train L2 Loss :  0.09517168489694595
Epoch :  308  Epoch time :  0.571848114952445  Train L2 Loss :  0.09508039026260376
Epoch :  309  Epoch time :  0.5739372167736292  Train L2 Loss :  0.09496162738800049
Epoch :  310  Epoch time :  0.5728027746081352  Train L2 Loss :  0.09515350234508514
Epoch :  311  Epoch time :  0.5723670208826661  Train L2 Loss :  0.09495288556814194
Epoch :  312  Epoch time :  0.5763992285355926  Train L2 Loss :  0.09506058263778687
Epoch :  313  Epoch time :  0.5752389840781689  Train L2 Loss :  0.09511470429897308
Epoch :  314  Epoch time :  0.5738868033513427  Train L2 Loss :  0.09519674489498138
Epoch :  315  Epoch time :  0.5757334427908063  Train L2 Loss :  0.0949750161409378
Epoch :  316  Epoch time :  0.5914005795493722  Train L2 Loss :  0.09498167864084243
Epoch :  317  Epoch time :  0.5907923970371485  Train L2 Loss :  0.09477058289051056
Epoch :  318  Epoch time :  0.5797938425093889  Train L2 Loss :  0.0946494668006897
Epoch :  319  Epoch time :  0.5777122862637043  Train L2 Loss :  0.09453580926656723
Epoch :  320  Epoch time :  0.5774371745064855  Train L2 Loss :  0.0951770231962204
Epoch :  321  Epoch time :  0.5781511403620243  Train L2 Loss :  0.09482038246393204
Epoch :  322  Epoch time :  0.5994375357404351  Train L2 Loss :  0.09477077531814575
Epoch :  323  Epoch time :  0.5750682139769197  Train L2 Loss :  0.0946989031791687
Epoch :  324  Epoch time :  0.5815517595037818  Train L2 Loss :  0.09487755184173584
Epoch :  325  Epoch time :  0.5822505438700318  Train L2 Loss :  0.0944945188999176
Epoch :  326  Epoch time :  0.5768558233976364  Train L2 Loss :  0.09452210073471069
Epoch :  327  Epoch time :  0.5752554116770625  Train L2 Loss :  0.0944165465593338
Epoch :  328  Epoch time :  0.5761833684518933  Train L2 Loss :  0.09428819174766541
Epoch :  329  Epoch time :  0.5718869054690003  Train L2 Loss :  0.09426868290901184
Epoch :  330  Epoch time :  0.5717912875115871  Train L2 Loss :  0.09420711002349853
Epoch :  331  Epoch time :  0.571912283077836  Train L2 Loss :  0.09431036887168884
Epoch :  332  Epoch time :  0.5716527849435806  Train L2 Loss :  0.09442511583566665
Epoch :  333  Epoch time :  0.5712873255833983  Train L2 Loss :  0.09400283513069153
Epoch :  334  Epoch time :  0.5713184857740998  Train L2 Loss :  0.0942739326119423
Epoch :  335  Epoch time :  0.5728069469332695  Train L2 Loss :  0.09394315383434296
Epoch :  336  Epoch time :  0.569520303979516  Train L2 Loss :  0.09409343631267547
Epoch :  337  Epoch time :  0.5697345770895481  Train L2 Loss :  0.09412911325693131
Epoch :  338  Epoch time :  0.5718232830986381  Train L2 Loss :  0.09355403839349746
Epoch :  339  Epoch time :  0.570539559237659  Train L2 Loss :  0.09424835395812989
Epoch :  340  Epoch time :  0.5696908170357347  Train L2 Loss :  0.09367673120498657
Epoch :  341  Epoch time :  0.5695651024580002  Train L2 Loss :  0.09390257275104523
Epoch :  342  Epoch time :  0.5697978753596544  Train L2 Loss :  0.09380906761884689
Epoch :  343  Epoch time :  0.5694817928597331  Train L2 Loss :  0.09353872110843658
Epoch :  344  Epoch time :  0.5698421858251095  Train L2 Loss :  0.09367052187919617
Epoch :  345  Epoch time :  0.5695579322054982  Train L2 Loss :  0.09343740966320038
Epoch :  346  Epoch time :  0.5774065228179097  Train L2 Loss :  0.09379891679286957
Epoch :  347  Epoch time :  0.5709760170429945  Train L2 Loss :  0.09326969587802887
Epoch :  348  Epoch time :  0.5704446034505963  Train L2 Loss :  0.09334517925977708
Epoch :  349  Epoch time :  0.5702774710953236  Train L2 Loss :  0.0934239547252655
Epoch :  350  Epoch time :  0.5702043445780873  Train L2 Loss :  0.09338995534181595
Epoch :  351  Epoch time :  0.5697735343128443  Train L2 Loss :  0.09300191624164582
Epoch :  352  Epoch time :  0.5726638538762927  Train L2 Loss :  0.0932309100151062
Epoch :  353  Epoch time :  0.5717799896374345  Train L2 Loss :  0.09348891360759735
Epoch :  354  Epoch time :  0.5703987749293447  Train L2 Loss :  0.09363470437526702
Epoch :  355  Epoch time :  0.570151369087398  Train L2 Loss :  0.09335784568786622
Epoch :  356  Epoch time :  0.5702282339334488  Train L2 Loss :  0.09302972751855851
Epoch :  357  Epoch time :  0.571239628829062  Train L2 Loss :  0.09287946617603302
Epoch :  358  Epoch time :  0.5709378141909838  Train L2 Loss :  0.09317384164333344
Epoch :  359  Epoch time :  0.5705016860738397  Train L2 Loss :  0.09295864238739014
Epoch :  360  Epoch time :  0.5720312036573887  Train L2 Loss :  0.0932360799074173
Epoch :  361  Epoch time :  0.5701030986383557  Train L2 Loss :  0.09272206592559815
Epoch :  362  Epoch time :  0.573254344984889  Train L2 Loss :  0.09287869690656662
Epoch :  363  Epoch time :  0.5706148156896234  Train L2 Loss :  0.09302373989820481
Epoch :  364  Epoch time :  0.5708016138523817  Train L2 Loss :  0.0927486732006073
Epoch :  365  Epoch time :  0.5710421334952116  Train L2 Loss :  0.09269693341255188
Epoch :  366  Epoch time :  0.5705789299681783  Train L2 Loss :  0.09304818431138992
Epoch :  367  Epoch time :  0.571388628333807  Train L2 Loss :  0.09281906771659851
Epoch :  368  Epoch time :  0.5725242234766483  Train L2 Loss :  0.09282926712036133
Epoch :  369  Epoch time :  0.5707664573565125  Train L2 Loss :  0.09263988127708435
Epoch :  370  Epoch time :  0.5712524754926562  Train L2 Loss :  0.0925884429216385
Epoch :  371  Epoch time :  0.5711844619363546  Train L2 Loss :  0.09267096199989319
Epoch :  372  Epoch time :  0.570980072952807  Train L2 Loss :  0.09240435917377472
Epoch :  373  Epoch time :  0.5713336169719696  Train L2 Loss :  0.09240257105827332
Epoch :  374  Epoch time :  0.5706872148439288  Train L2 Loss :  0.09256733071804046
Epoch :  375  Epoch time :  0.5709902085363865  Train L2 Loss :  0.09233870338201523
Epoch :  376  Epoch time :  0.5719704208895564  Train L2 Loss :  0.09242246980667114
Epoch :  377  Epoch time :  0.5707369847223163  Train L2 Loss :  0.09213379985094071
Epoch :  378  Epoch time :  0.5701366597786546  Train L2 Loss :  0.09240364627838135
Epoch :  379  Epoch time :  0.5703484807163477  Train L2 Loss :  0.09211743874549866
Epoch :  380  Epoch time :  0.5699532749131322  Train L2 Loss :  0.09252438560724259
Epoch :  381  Epoch time :  0.5702050728723407  Train L2 Loss :  0.0923228007555008
Epoch :  382  Epoch time :  0.569660073146224  Train L2 Loss :  0.09223959182500839
Epoch :  383  Epoch time :  0.5710833640769124  Train L2 Loss :  0.09194727411270141
Epoch :  384  Epoch time :  0.5701336786150932  Train L2 Loss :  0.09196862089633942
Epoch :  385  Epoch time :  0.5698349177837372  Train L2 Loss :  0.0916612161397934
Epoch :  386  Epoch time :  0.570251002907753  Train L2 Loss :  0.09198145060539245
Epoch :  387  Epoch time :  0.57065399736166  Train L2 Loss :  0.09206155117750169
Epoch :  388  Epoch time :  0.5698159234598279  Train L2 Loss :  0.09237810950279236
Epoch :  389  Epoch time :  0.5698385704308748  Train L2 Loss :  0.09200257182121277
Epoch :  390  Epoch time :  0.5711944419890642  Train L2 Loss :  0.09204980297088623
Epoch :  391  Epoch time :  0.5697674760594964  Train L2 Loss :  0.0916911425948143
Epoch :  392  Epoch time :  0.5698596332222223  Train L2 Loss :  0.0917367128610611
Epoch :  393  Epoch time :  0.5698400726541877  Train L2 Loss :  0.0917970406293869
Epoch :  394  Epoch time :  0.5695130368694663  Train L2 Loss :  0.09151946681737899
Epoch :  395  Epoch time :  0.5699795195832849  Train L2 Loss :  0.09209340765476227
Epoch :  396  Epoch time :  0.5696587953716516  Train L2 Loss :  0.09174083342552185
Epoch :  397  Epoch time :  0.569637325592339  Train L2 Loss :  0.0917075273513794
Epoch :  398  Epoch time :  0.5783082945272326  Train L2 Loss :  0.09136511898040771
Epoch :  399  Epoch time :  0.5707420175895095  Train L2 Loss :  0.09188220472335816
Epoch :  400  Epoch time :  0.5709057357162237  Train L2 Loss :  0.08932157833576203
Epoch :  401  Epoch time :  0.5706815924495459  Train L2 Loss :  0.08919715255498886
Epoch :  402  Epoch time :  0.5705518508329988  Train L2 Loss :  0.08929661557674408
Epoch :  403  Epoch time :  0.5705771446228027  Train L2 Loss :  0.08920096770524978
Epoch :  404  Epoch time :  0.570653511211276  Train L2 Loss :  0.08923187376260758
Epoch :  405  Epoch time :  0.5737586142495275  Train L2 Loss :  0.0891819441318512
Epoch :  406  Epoch time :  0.5706666223704815  Train L2 Loss :  0.08933182015419007
Epoch :  407  Epoch time :  0.5707737961784005  Train L2 Loss :  0.08935786550045013
Epoch :  408  Epoch time :  0.5707067400217056  Train L2 Loss :  0.08918147336244583
Epoch :  409  Epoch time :  0.5709088928997517  Train L2 Loss :  0.08936081483364106
Epoch :  410  Epoch time :  0.5704511683434248  Train L2 Loss :  0.08922483377456665
Epoch :  411  Epoch time :  0.5710589056834579  Train L2 Loss :  0.0892989694237709
Epoch :  412  Epoch time :  0.5704844789579511  Train L2 Loss :  0.08931517326831817
Epoch :  413  Epoch time :  0.5717888101935387  Train L2 Loss :  0.0892352665901184
Epoch :  414  Epoch time :  0.5707838740199804  Train L2 Loss :  0.08930050525665283
Epoch :  415  Epoch time :  0.5702574979513884  Train L2 Loss :  0.08921951942443848
Epoch :  416  Epoch time :  0.5703664338216186  Train L2 Loss :  0.08919315361976624
Epoch :  417  Epoch time :  0.5744778607040644  Train L2 Loss :  0.08918093559741974
Epoch :  418  Epoch time :  0.5704613560810685  Train L2 Loss :  0.08902186106443405
Epoch :  419  Epoch time :  0.5699866842478514  Train L2 Loss :  0.08910376589298248
Epoch :  420  Epoch time :  0.5709422649815679  Train L2 Loss :  0.0890534850358963
Epoch :  421  Epoch time :  0.57022047881037  Train L2 Loss :  0.08911401801109314
Epoch :  422  Epoch time :  0.5720461793243885  Train L2 Loss :  0.08903330984115601
Epoch :  423  Epoch time :  0.5702045476064086  Train L2 Loss :  0.08902772488594055
Epoch :  424  Epoch time :  0.5697415638715029  Train L2 Loss :  0.0890368332862854
Epoch :  425  Epoch time :  0.5702574290335178  Train L2 Loss :  0.08901254591941833
Epoch :  426  Epoch time :  0.5701934061944485  Train L2 Loss :  0.08907609429359437
Epoch :  427  Epoch time :  0.5699276775121689  Train L2 Loss :  0.0890012225151062
Epoch :  428  Epoch time :  0.5712702171877027  Train L2 Loss :  0.08891363024711608
Epoch :  429  Epoch time :  0.5698516489937901  Train L2 Loss :  0.08889120368957519
Epoch :  430  Epoch time :  0.5698754955083132  Train L2 Loss :  0.08893827037811279
Epoch :  431  Epoch time :  0.5703897131606936  Train L2 Loss :  0.08893997956514359
Epoch :  432  Epoch time :  0.5711160311475396  Train L2 Loss :  0.0889339626789093
Epoch :  433  Epoch time :  0.5708023151382804  Train L2 Loss :  0.08886995856761933
Epoch :  434  Epoch time :  0.5702848238870502  Train L2 Loss :  0.08889814028739929
Epoch :  435  Epoch time :  0.5714850751683116  Train L2 Loss :  0.08884588449001313
Epoch :  436  Epoch time :  0.5699414545670152  Train L2 Loss :  0.08891278150081634
Epoch :  437  Epoch time :  0.5705890357494354  Train L2 Loss :  0.08879417991638183
Epoch :  438  Epoch time :  0.569853238761425  Train L2 Loss :  0.08892911643981934
Epoch :  439  Epoch time :  0.5700457589700818  Train L2 Loss :  0.08870584561824799
Epoch :  440  Epoch time :  0.5707952510565519  Train L2 Loss :  0.08868817421197892
Epoch :  441  Epoch time :  0.5700501725077629  Train L2 Loss :  0.08867312142848968
Epoch :  442  Epoch time :  0.5701902881264687  Train L2 Loss :  0.08858998634815216
Epoch :  443  Epoch time :  0.5708338133990765  Train L2 Loss :  0.08849062752723694
Epoch :  444  Epoch time :  0.5701804039999843  Train L2 Loss :  0.08865683643817901
Epoch :  445  Epoch time :  0.5699524944648147  Train L2 Loss :  0.08863829538822174
Epoch :  446  Epoch time :  0.5702952053397894  Train L2 Loss :  0.08874333972930908
Epoch :  447  Epoch time :  0.5705685568973422  Train L2 Loss :  0.08871360175609588
Epoch :  448  Epoch time :  0.5706133684143424  Train L2 Loss :  0.08866137725114823
Epoch :  449  Epoch time :  0.5705281589180231  Train L2 Loss :  0.0885723340511322
Epoch :  450  Epoch time :  0.5712823122739792  Train L2 Loss :  0.08834676884412765
Epoch :  451  Epoch time :  0.5698632802814245  Train L2 Loss :  0.08860422670841217
Epoch :  452  Epoch time :  0.5697232726961374  Train L2 Loss :  0.08859745647907256
Epoch :  453  Epoch time :  0.5700215352699161  Train L2 Loss :  0.08863455619812012
Epoch :  454  Epoch time :  0.5704492554068565  Train L2 Loss :  0.08839369812011719
Epoch :  455  Epoch time :  0.5700343754142523  Train L2 Loss :  0.0884320825457573
Epoch :  456  Epoch time :  0.5701251728460193  Train L2 Loss :  0.08833714544773102
Epoch :  457  Epoch time :  0.5766687216237187  Train L2 Loss :  0.0883614075422287
Epoch :  458  Epoch time :  0.5746771171689034  Train L2 Loss :  0.08856245486736297
Epoch :  459  Epoch time :  0.5705480212345719  Train L2 Loss :  0.08835491901636124
Epoch :  460  Epoch time :  0.571191324852407  Train L2 Loss :  0.08842047967910767
Epoch :  461  Epoch time :  0.5711603714153171  Train L2 Loss :  0.08845218843221664
Epoch :  462  Epoch time :  0.5705567440018058  Train L2 Loss :  0.08829439568519593
Epoch :  463  Epoch time :  0.5704823844134808  Train L2 Loss :  0.0883717959165573
Epoch :  464  Epoch time :  0.5700847990810871  Train L2 Loss :  0.08836967506408691
Epoch :  465  Epoch time :  0.5705541465431452  Train L2 Loss :  0.08830677661895751
Epoch :  466  Epoch time :  0.569878407754004  Train L2 Loss :  0.08829889591932297
Epoch :  467  Epoch time :  0.570793773047626  Train L2 Loss :  0.08819976609945297
Epoch :  468  Epoch time :  0.5705755418166518  Train L2 Loss :  0.08814966861009597
Epoch :  469  Epoch time :  0.57053442299366  Train L2 Loss :  0.08809147341251373
Epoch :  470  Epoch time :  0.570240143686533  Train L2 Loss :  0.08815241718292237
Epoch :  471  Epoch time :  0.5720426561310887  Train L2 Loss :  0.08840074174404144
Epoch :  472  Epoch time :  0.5706783151254058  Train L2 Loss :  0.08807513846158982
Epoch :  473  Epoch time :  0.57073756121099  Train L2 Loss :  0.08801349275112152
Epoch :  474  Epoch time :  0.5707660848274827  Train L2 Loss :  0.088138332259655
Epoch :  475  Epoch time :  0.573515291325748  Train L2 Loss :  0.08809630990028382
Epoch :  476  Epoch time :  0.570942172780633  Train L2 Loss :  0.08792628273963929
Epoch :  477  Epoch time :  0.5707531608641148  Train L2 Loss :  0.08810016738176346
Epoch :  478  Epoch time :  0.5704079046845436  Train L2 Loss :  0.08809245636463166
Epoch :  479  Epoch time :  0.5709463516250253  Train L2 Loss :  0.08818401592969895
Epoch :  480  Epoch time :  0.5708784349262714  Train L2 Loss :  0.088129152238369
Epoch :  481  Epoch time :  0.5708610499277711  Train L2 Loss :  0.0879511955499649
Epoch :  482  Epoch time :  0.571142696775496  Train L2 Loss :  0.08801411406993866
Epoch :  483  Epoch time :  0.5702372929081321  Train L2 Loss :  0.08802016856670379
Epoch :  484  Epoch time :  0.5703376615419984  Train L2 Loss :  0.08794196190834046
Epoch :  485  Epoch time :  0.5700223343446851  Train L2 Loss :  0.08786150605678558
Epoch :  486  Epoch time :  0.5702041909098625  Train L2 Loss :  0.08803092353343964
Epoch :  487  Epoch time :  0.5705949263647199  Train L2 Loss :  0.08789114202260971
Epoch :  488  Epoch time :  0.5699313208460808  Train L2 Loss :  0.08782937686443329
Epoch :  489  Epoch time :  0.5692149763926864  Train L2 Loss :  0.0877989326953888
Epoch :  490  Epoch time :  0.5700174197554588  Train L2 Loss :  0.0878362196445465
Epoch :  491  Epoch time :  0.569780183956027  Train L2 Loss :  0.08793330352306367
Epoch :  492  Epoch time :  0.5709425350651145  Train L2 Loss :  0.08771893560886383
Epoch :  493  Epoch time :  0.5694843353703618  Train L2 Loss :  0.08781480954885483
Epoch :  494  Epoch time :  0.5694280676543713  Train L2 Loss :  0.08789861037731171
Epoch :  495  Epoch time :  0.5713055683299899  Train L2 Loss :  0.08790905635356903
Epoch :  496  Epoch time :  0.5698047261685133  Train L2 Loss :  0.08764073581695557
Epoch :  497  Epoch time :  0.5695307478308678  Train L2 Loss :  0.08779964735507965
Epoch :  498  Epoch time :  0.5696249678730965  Train L2 Loss :  0.08760860656499862
Epoch :  499  Epoch time :  0.5698510957881808  Train L2 Loss :  0.08764052090644836
Epoch :  500  Epoch time :  0.5696355430409312  Train L2 Loss :  0.08662164380550384
Epoch :  501  Epoch time :  0.5688914563506842  Train L2 Loss :  0.08651301258802414
Epoch :  502  Epoch time :  0.570272539742291  Train L2 Loss :  0.0865370762348175
Epoch :  503  Epoch time :  0.5689232563599944  Train L2 Loss :  0.08648138303756714
Epoch :  504  Epoch time :  0.5693479366600513  Train L2 Loss :  0.0864986014842987
Epoch :  505  Epoch time :  0.5702524930238724  Train L2 Loss :  0.08649974799156189
Epoch :  506  Epoch time :  0.5695353709161282  Train L2 Loss :  0.08648487199544906
Epoch :  507  Epoch time :  0.5697252247482538  Train L2 Loss :  0.08649407011270523
Epoch :  508  Epoch time :  0.5694287614896894  Train L2 Loss :  0.08650704826116562
Epoch :  509  Epoch time :  0.5704678827896714  Train L2 Loss :  0.08645464241504669
Epoch :  510  Epoch time :  0.5704202177003026  Train L2 Loss :  0.0864359315752983
Epoch :  511  Epoch time :  0.5703217461705208  Train L2 Loss :  0.08652562658786773
Epoch :  512  Epoch time :  0.5696847392246127  Train L2 Loss :  0.08648920477628708
Epoch :  513  Epoch time :  0.569663992151618  Train L2 Loss :  0.08650494006872177
Epoch :  514  Epoch time :  0.5694136545062065  Train L2 Loss :  0.08648227107524872
Epoch :  515  Epoch time :  0.5695244064554572  Train L2 Loss :  0.08641434133052826
Epoch :  516  Epoch time :  0.5694945743307471  Train L2 Loss :  0.08645046590566635
Epoch :  517  Epoch time :  0.5774390548467636  Train L2 Loss :  0.08644979654550553
Epoch :  518  Epoch time :  0.5716811893507838  Train L2 Loss :  0.08639524929523468
Epoch :  519  Epoch time :  0.5710960533469915  Train L2 Loss :  0.0863966456413269
Epoch :  520  Epoch time :  0.5707852561026812  Train L2 Loss :  0.08640274599790573
Epoch :  521  Epoch time :  0.570094270631671  Train L2 Loss :  0.08637105271816253
Epoch :  522  Epoch time :  0.5698092682287097  Train L2 Loss :  0.08645573682785034
Epoch :  523  Epoch time :  0.5703345406800508  Train L2 Loss :  0.08635643520355224
Epoch :  524  Epoch time :  0.5701933205127716  Train L2 Loss :  0.08633079934120179
Epoch :  525  Epoch time :  0.5701363813132048  Train L2 Loss :  0.08634073715209961
Epoch :  526  Epoch time :  0.5703393192961812  Train L2 Loss :  0.08635813329219819
Epoch :  527  Epoch time :  0.572979474440217  Train L2 Loss :  0.08635291719436645
Epoch :  528  Epoch time :  0.57070844899863  Train L2 Loss :  0.08634265691041947
Epoch :  529  Epoch time :  0.5698196785524487  Train L2 Loss :  0.08632999873161316
Epoch :  530  Epoch time :  0.5702783800661564  Train L2 Loss :  0.08634312639236451
Epoch :  531  Epoch time :  0.569857494905591  Train L2 Loss :  0.08632053077220916
Epoch :  532  Epoch time :  0.5721032451838255  Train L2 Loss :  0.08635228552818298
Epoch :  533  Epoch time :  0.5701240077614784  Train L2 Loss :  0.086238005900383
Epoch :  534  Epoch time :  0.5701462039723992  Train L2 Loss :  0.08631382900476456
Epoch :  535  Epoch time :  0.5698707280680537  Train L2 Loss :  0.08630545884370804
Epoch :  536  Epoch time :  0.5699470639228821  Train L2 Loss :  0.08628958666324615
Epoch :  537  Epoch time :  0.5702652661129832  Train L2 Loss :  0.08624251110553742
Epoch :  538  Epoch time :  0.5703721754252911  Train L2 Loss :  0.08617957649230958
Epoch :  539  Epoch time :  0.5700260531157255  Train L2 Loss :  0.0862223007440567
Epoch :  540  Epoch time :  0.5702998051419854  Train L2 Loss :  0.08617606980800628
Epoch :  541  Epoch time :  0.5698425881564617  Train L2 Loss :  0.08621717586517334
Epoch :  542  Epoch time :  0.5702211558818817  Train L2 Loss :  0.0861763030052185
Epoch :  543  Epoch time :  0.5702245067805052  Train L2 Loss :  0.08618348420858384
Epoch :  544  Epoch time :  0.5701816929504275  Train L2 Loss :  0.08615965739488601
Epoch :  545  Epoch time :  0.5705771427601576  Train L2 Loss :  0.08615560722351075
Epoch :  546  Epoch time :  0.5710552036762238  Train L2 Loss :  0.08612634055614471
Epoch :  547  Epoch time :  0.5718857031315565  Train L2 Loss :  0.08610255483388901
Epoch :  548  Epoch time :  0.5704074939712882  Train L2 Loss :  0.08614386643171311
Epoch :  549  Epoch time :  0.5705983126536012  Train L2 Loss :  0.0860680091381073
Epoch :  550  Epoch time :  0.570389679633081  Train L2 Loss :  0.08612680377960205
Epoch :  551  Epoch time :  0.5709252180531621  Train L2 Loss :  0.08606441494226456
Epoch :  552  Epoch time :  0.5704563679173589  Train L2 Loss :  0.08609201307296753
Epoch :  553  Epoch time :  0.5701653966680169  Train L2 Loss :  0.08603789548873901
Epoch :  554  Epoch time :  0.5717559093609452  Train L2 Loss :  0.08608236669301987
Epoch :  555  Epoch time :  0.5701759671792388  Train L2 Loss :  0.08614096188545227
Epoch :  556  Epoch time :  0.5701916888356209  Train L2 Loss :  0.08604469646215439
Epoch :  557  Epoch time :  0.5701644215732813  Train L2 Loss :  0.08604699373245239
Epoch :  558  Epoch time :  0.5701084183529019  Train L2 Loss :  0.08601684401035309
Epoch :  559  Epoch time :  0.5701335184276104  Train L2 Loss :  0.08598593735694886
Epoch :  560  Epoch time :  0.5702735353261232  Train L2 Loss :  0.08598550916910172
Epoch :  561  Epoch time :  0.5706275599077344  Train L2 Loss :  0.08599438543319703
Epoch :  562  Epoch time :  0.5718160234391689  Train L2 Loss :  0.08588984771966934
Epoch :  563  Epoch time :  0.5708528691902757  Train L2 Loss :  0.08603173025846482
Epoch :  564  Epoch time :  0.5700335530564189  Train L2 Loss :  0.08588184881210327
Epoch :  565  Epoch time :  0.5702742449939251  Train L2 Loss :  0.08586410396099091
Epoch :  566  Epoch time :  0.5698366481810808  Train L2 Loss :  0.08600581634044648
Epoch :  567  Epoch time :  0.5701045151799917  Train L2 Loss :  0.08591083521842957
Epoch :  568  Epoch time :  0.569602214731276  Train L2 Loss :  0.08589339866638183
Epoch :  569  Epoch time :  0.5708757117390633  Train L2 Loss :  0.0859384624004364
Epoch :  570  Epoch time :  0.5698799462988973  Train L2 Loss :  0.08582124598026275
Epoch :  571  Epoch time :  0.5694723026826978  Train L2 Loss :  0.08582824013233185
Epoch :  572  Epoch time :  0.5701979929581285  Train L2 Loss :  0.08581963611841202
Epoch :  573  Epoch time :  0.5695157572627068  Train L2 Loss :  0.08579247035980224
Epoch :  574  Epoch time :  0.5701533956453204  Train L2 Loss :  0.08579464145898819
Epoch :  575  Epoch time :  0.5695251617580652  Train L2 Loss :  0.08578583389520646
Epoch :  576  Epoch time :  0.5750708440318704  Train L2 Loss :  0.08583868546485901
Epoch :  577  Epoch time :  0.573421691544354  Train L2 Loss :  0.08574124171733856
Epoch :  578  Epoch time :  0.5702983904629946  Train L2 Loss :  0.08580377626419067
Epoch :  579  Epoch time :  0.5716494545340538  Train L2 Loss :  0.08576400406360626
Epoch :  580  Epoch time :  0.5717978188768029  Train L2 Loss :  0.08573123152256013
Epoch :  581  Epoch time :  0.5717271156609058  Train L2 Loss :  0.08572391526699066
Epoch :  582  Epoch time :  0.5711204186081886  Train L2 Loss :  0.08572877037525177
Epoch :  583  Epoch time :  0.5711394408717752  Train L2 Loss :  0.08569839140176773
Epoch :  584  Epoch time :  0.5712669976055622  Train L2 Loss :  0.08576435455083847
Epoch :  585  Epoch time :  0.5702966935932636  Train L2 Loss :  0.08570958228111267
Epoch :  586  Epoch time :  0.5707580698654056  Train L2 Loss :  0.0856836371421814
Epoch :  587  Epoch time :  0.5707803014665842  Train L2 Loss :  0.08566585627794265
Epoch :  588  Epoch time :  0.5711251776665449  Train L2 Loss :  0.08571640048027039
Epoch :  589  Epoch time :  0.5710263680666685  Train L2 Loss :  0.08566264266967774
Epoch :  590  Epoch time :  0.5712184272706509  Train L2 Loss :  0.085666424202919
Epoch :  591  Epoch time :  0.5723070660606027  Train L2 Loss :  0.08561103100776672
Epoch :  592  Epoch time :  0.5706688342615962  Train L2 Loss :  0.0856114893913269
Epoch :  593  Epoch time :  0.5710102850571275  Train L2 Loss :  0.08560715354681014
Epoch :  594  Epoch time :  0.5701983571052551  Train L2 Loss :  0.08555732841491699
Epoch :  595  Epoch time :  0.5711319437250495  Train L2 Loss :  0.0855217075586319
Epoch :  596  Epoch time :  0.5710992002859712  Train L2 Loss :  0.08561079002618789
Epoch :  597  Epoch time :  0.5704707838594913  Train L2 Loss :  0.08553250254392623
Epoch :  598  Epoch time :  0.5719715710729361  Train L2 Loss :  0.08551866632699967
Epoch :  599  Epoch time :  0.5707483878359199  Train L2 Loss :  0.08551563695669175
Epoch :  600  Epoch time :  0.5705559151247144  Train L2 Loss :  0.08497735180854797
Epoch :  601  Epoch time :  0.5703678037971258  Train L2 Loss :  0.08493529832363128
Epoch :  602  Epoch time :  0.5710467975586653  Train L2 Loss :  0.08494904401302338
Epoch :  603  Epoch time :  0.5708523979410529  Train L2 Loss :  0.0849758139014244
Epoch :  604  Epoch time :  0.5708511834964156  Train L2 Loss :  0.08489556025266648
Epoch :  605  Epoch time :  0.570392306894064  Train L2 Loss :  0.08494264390468598
Epoch :  606  Epoch time :  0.5717863766476512  Train L2 Loss :  0.08491123549938202
Epoch :  607  Epoch time :  0.5710145486518741  Train L2 Loss :  0.08492426723241805
Epoch :  608  Epoch time :  0.5709054619073868  Train L2 Loss :  0.08490297399759293
Epoch :  609  Epoch time :  0.5704351235181093  Train L2 Loss :  0.08493291223049164
Epoch :  610  Epoch time :  0.5702270632609725  Train L2 Loss :  0.08487597966194153
Epoch :  611  Epoch time :  0.5699005341157317  Train L2 Loss :  0.08488191735744477
Epoch :  612  Epoch time :  0.5701589034870267  Train L2 Loss :  0.08490272368192672
Epoch :  613  Epoch time :  0.5714013809338212  Train L2 Loss :  0.08489245688915252
Epoch :  614  Epoch time :  0.5704253567382693  Train L2 Loss :  0.08490791845321655
Epoch :  615  Epoch time :  0.5719364071264863  Train L2 Loss :  0.08483783841133118
Epoch :  616  Epoch time :  0.5702953040599823  Train L2 Loss :  0.0848574118733406
Epoch :  617  Epoch time :  0.5696933325380087  Train L2 Loss :  0.08488423061370849
Epoch :  618  Epoch time :  0.5698777735233307  Train L2 Loss :  0.08486620981693267
Epoch :  619  Epoch time :  0.570052214898169  Train L2 Loss :  0.08488108277320862
Epoch :  620  Epoch time :  0.5705512017011642  Train L2 Loss :  0.08482425249814987
Epoch :  621  Epoch time :  0.5715634562075138  Train L2 Loss :  0.08486950742006302
Epoch :  622  Epoch time :  0.5704014236107469  Train L2 Loss :  0.08483186005353928
Epoch :  623  Epoch time :  0.5706258583813906  Train L2 Loss :  0.08480978211164475
Epoch :  624  Epoch time :  0.5704465163871646  Train L2 Loss :  0.08482504855394363
Epoch :  625  Epoch time :  0.5704750316217542  Train L2 Loss :  0.08483422243595123
Epoch :  626  Epoch time :  0.5707418862730265  Train L2 Loss :  0.08478643285036087
Epoch :  627  Epoch time :  0.570812669582665  Train L2 Loss :  0.08477128529548646
Epoch :  628  Epoch time :  0.571633075363934  Train L2 Loss :  0.08479082021713256
Epoch :  629  Epoch time :  0.5700751459226012  Train L2 Loss :  0.08476406927108765
Epoch :  630  Epoch time :  0.5706019066274166  Train L2 Loss :  0.08480098950862884
Epoch :  631  Epoch time :  0.5702222445979714  Train L2 Loss :  0.08474377989768982
Epoch :  632  Epoch time :  0.5699508711695671  Train L2 Loss :  0.0847759024977684
Epoch :  633  Epoch time :  0.5701264375820756  Train L2 Loss :  0.08472804304361344
Epoch :  634  Epoch time :  0.5696768928319216  Train L2 Loss :  0.08475872229337693
Epoch :  635  Epoch time :  0.5697994260117412  Train L2 Loss :  0.08479014511108399
Epoch :  636  Epoch time :  0.577957202680409  Train L2 Loss :  0.08469063272476196
Epoch :  637  Epoch time :  0.570933161303401  Train L2 Loss :  0.08469124140739441
Epoch :  638  Epoch time :  0.5706441197544336  Train L2 Loss :  0.08472595232725143
Epoch :  639  Epoch time :  0.57088961917907  Train L2 Loss :  0.08469664573669433
Epoch :  640  Epoch time :  0.5703649865463376  Train L2 Loss :  0.08470226633548737
Epoch :  641  Epoch time :  0.5705971941351891  Train L2 Loss :  0.08466559981107712
Epoch :  642  Epoch time :  0.5700354194268584  Train L2 Loss :  0.08468063666820526
Epoch :  643  Epoch time :  0.5700829504057765  Train L2 Loss :  0.0846539056777954
Epoch :  644  Epoch time :  0.5707143293693662  Train L2 Loss :  0.08466228814125061
Epoch :  645  Epoch time :  0.5704916333779693  Train L2 Loss :  0.08465986562967301
Epoch :  646  Epoch time :  0.5703287478536367  Train L2 Loss :  0.0846468237400055
Epoch :  647  Epoch time :  0.570218856446445  Train L2 Loss :  0.0847045419216156
Epoch :  648  Epoch time :  0.5699438089504838  Train L2 Loss :  0.08464155564308166
Epoch :  649  Epoch time :  0.5703710420057178  Train L2 Loss :  0.08461539239883423
Epoch :  650  Epoch time :  0.5706938309594989  Train L2 Loss :  0.08465170176029205
Epoch :  651  Epoch time :  0.5721325455233455  Train L2 Loss :  0.08464992198944092
Epoch :  652  Epoch time :  0.5700871087610722  Train L2 Loss :  0.0846146654844284
Epoch :  653  Epoch time :  0.5709106223657727  Train L2 Loss :  0.0846038248538971
Epoch :  654  Epoch time :  0.570552634075284  Train L2 Loss :  0.08461077508926391
Epoch :  655  Epoch time :  0.5702873216941953  Train L2 Loss :  0.08458523457050324
Epoch :  656  Epoch time :  0.5709310611709952  Train L2 Loss :  0.08457852932214736
Epoch :  657  Epoch time :  0.571054158732295  Train L2 Loss :  0.08456788975000382
Epoch :  658  Epoch time :  0.5713702077046037  Train L2 Loss :  0.08459954447746276
Epoch :  659  Epoch time :  0.5704136742278934  Train L2 Loss :  0.08456002262830735
Epoch :  660  Epoch time :  0.5704038757830858  Train L2 Loss :  0.08456799153089524
Epoch :  661  Epoch time :  0.5704248091205955  Train L2 Loss :  0.08456206704378127
Epoch :  662  Epoch time :  0.5706779137253761  Train L2 Loss :  0.0845239389181137
Epoch :  663  Epoch time :  0.5709616709500551  Train L2 Loss :  0.08451094046831131
Epoch :  664  Epoch time :  0.5705517139285803  Train L2 Loss :  0.08451055670976639
Epoch :  665  Epoch time :  0.5714605553075671  Train L2 Loss :  0.08456768226623536
Epoch :  666  Epoch time :  0.5706124706193805  Train L2 Loss :  0.0845330296754837
Epoch :  667  Epoch time :  0.5710435565561056  Train L2 Loss :  0.08451878509521485
Epoch :  668  Epoch time :  0.5724341971799731  Train L2 Loss :  0.08449142270088196
Epoch :  669  Epoch time :  0.5707549285143614  Train L2 Loss :  0.08453590047359466
Epoch :  670  Epoch time :  0.5711163934320211  Train L2 Loss :  0.0844951718211174
Epoch :  671  Epoch time :  0.5706391669809818  Train L2 Loss :  0.08446953208446503
Epoch :  672  Epoch time :  0.5710221994668245  Train L2 Loss :  0.08448168630599975
Epoch :  673  Epoch time :  0.5715181650593877  Train L2 Loss :  0.08444423044919967
Epoch :  674  Epoch time :  0.5709374407306314  Train L2 Loss :  0.08445828627347945
Epoch :  675  Epoch time :  0.5708651319146156  Train L2 Loss :  0.084444551050663
Epoch :  676  Epoch time :  0.5706653837114573  Train L2 Loss :  0.08443504806756973
Epoch :  677  Epoch time :  0.5716399159282446  Train L2 Loss :  0.08444247826337814
Epoch :  678  Epoch time :  0.5707751158624887  Train L2 Loss :  0.084450583922863
Epoch :  679  Epoch time :  0.5706324707716703  Train L2 Loss :  0.08441186380386352
Epoch :  680  Epoch time :  0.5710560865700245  Train L2 Loss :  0.08440735156536103
Epoch :  681  Epoch time :  0.5703666098415852  Train L2 Loss :  0.08442272090911865
Epoch :  682  Epoch time :  0.5704785902053118  Train L2 Loss :  0.084410466837883
Epoch :  683  Epoch time :  0.5707159219309688  Train L2 Loss :  0.08439820200204849
Epoch :  684  Epoch time :  0.569977673701942  Train L2 Loss :  0.0843920862197876
Epoch :  685  Epoch time :  0.5710970601066947  Train L2 Loss :  0.08435563846826553
Epoch :  686  Epoch time :  0.5699912011623383  Train L2 Loss :  0.0844101546049118
Epoch :  687  Epoch time :  0.569981699809432  Train L2 Loss :  0.08437860786914825
Epoch :  688  Epoch time :  0.5719326613470912  Train L2 Loss :  0.08435095180273056
Epoch :  689  Epoch time :  0.5700170444324613  Train L2 Loss :  0.08434239099025727
Epoch :  690  Epoch time :  0.5708204936236143  Train L2 Loss :  0.08432763725519181
Epoch :  691  Epoch time :  0.5701366299763322  Train L2 Loss :  0.0843076286792755
Epoch :  692  Epoch time :  0.570395864546299  Train L2 Loss :  0.0843744485616684
Epoch :  693  Epoch time :  0.5703060915693641  Train L2 Loss :  0.08432808401584625
Epoch :  694  Epoch time :  0.5742946602404118  Train L2 Loss :  0.08435203397274017
Epoch :  695  Epoch time :  0.5758487973362207  Train L2 Loss :  0.08432953238487244
Epoch :  696  Epoch time :  0.5714365541934967  Train L2 Loss :  0.08431456315517426
Epoch :  697  Epoch time :  0.5707843499258161  Train L2 Loss :  0.08432047955989838
Epoch :  698  Epoch time :  0.5711344899609685  Train L2 Loss :  0.08430580878257751
Epoch :  699  Epoch time :  0.5709937447682023  Train L2 Loss :  0.08430132204294205
Epoch :  700  Epoch time :  0.5710113570094109  Train L2 Loss :  0.08398424746990203
Epoch :  701  Epoch time :  0.570757208392024  Train L2 Loss :  0.08397485948801041
Epoch :  702  Epoch time :  0.5707425586879253  Train L2 Loss :  0.08394963023662567
Epoch :  703  Epoch time :  0.5721274083480239  Train L2 Loss :  0.0839642564177513
Epoch :  704  Epoch time :  0.5710536409169436  Train L2 Loss :  0.0839814805150032
Epoch :  705  Epoch time :  0.5705684898421168  Train L2 Loss :  0.08395770291090011
Epoch :  706  Epoch time :  0.5701707126572728  Train L2 Loss :  0.08394451446533203
Epoch :  707  Epoch time :  0.5703851711004972  Train L2 Loss :  0.08394909431934357
Epoch :  708  Epoch time :  0.5705741317942739  Train L2 Loss :  0.08394623137712479
Epoch :  709  Epoch time :  0.5710294833406806  Train L2 Loss :  0.08395448122024536
Epoch :  710  Epoch time :  0.5720347901806235  Train L2 Loss :  0.08393700301647186
Epoch :  711  Epoch time :  0.5708760228008032  Train L2 Loss :  0.08392934173345566
Epoch :  712  Epoch time :  0.5705006793141365  Train L2 Loss :  0.08394527630805969
Epoch :  713  Epoch time :  0.5705712391063571  Train L2 Loss :  0.08392484221458435
Epoch :  714  Epoch time :  0.5709529500454664  Train L2 Loss :  0.08393796315193176
Epoch :  715  Epoch time :  0.5702337007969618  Train L2 Loss :  0.08392423719167709
Epoch :  716  Epoch time :  0.5705067897215486  Train L2 Loss :  0.08393238556385041
Epoch :  717  Epoch time :  0.5712262084707618  Train L2 Loss :  0.08391623759269715
Epoch :  718  Epoch time :  0.571185695938766  Train L2 Loss :  0.08390994968414307
Epoch :  719  Epoch time :  0.5707451989874244  Train L2 Loss :  0.08390170044898987
Epoch :  720  Epoch time :  0.5729615744203329  Train L2 Loss :  0.08390374737977982
Epoch :  721  Epoch time :  0.5708893407136202  Train L2 Loss :  0.08390271997451783
Epoch :  722  Epoch time :  0.5706880260258913  Train L2 Loss :  0.08390595276355743
Epoch :  723  Epoch time :  0.5706832725554705  Train L2 Loss :  0.08389719746112824
Epoch :  724  Epoch time :  0.5706766350194812  Train L2 Loss :  0.083900954246521
Epoch :  725  Epoch time :  0.5711328089237213  Train L2 Loss :  0.08388915002346038
Epoch :  726  Epoch time :  0.570522946305573  Train L2 Loss :  0.08390954327583312
Epoch :  727  Epoch time :  0.5713298041373491  Train L2 Loss :  0.08390369569063187
Epoch :  728  Epoch time :  0.571116347797215  Train L2 Loss :  0.08388423268795013
Epoch :  729  Epoch time :  0.5713101215660572  Train L2 Loss :  0.08387383251190185
Epoch :  730  Epoch time :  0.571703314781189  Train L2 Loss :  0.0838888811826706
Epoch :  731  Epoch time :  0.5709904031828046  Train L2 Loss :  0.08385903532505036
Epoch :  732  Epoch time :  0.572260974906385  Train L2 Loss :  0.08387105693817139
Epoch :  733  Epoch time :  0.5714685209095478  Train L2 Loss :  0.08385860791206359
Epoch :  734  Epoch time :  0.5709315072745085  Train L2 Loss :  0.08383494741916657
Epoch :  735  Epoch time :  0.5710032004863024  Train L2 Loss :  0.08387378692626953
Epoch :  736  Epoch time :  0.5707645220682025  Train L2 Loss :  0.08384516122341155
Epoch :  737  Epoch time :  0.5708884373307228  Train L2 Loss :  0.083843496966362
Epoch :  738  Epoch time :  0.5716008692979813  Train L2 Loss :  0.08386657893657684
Epoch :  739  Epoch time :  0.5709844380617142  Train L2 Loss :  0.08383932099342346
Epoch :  740  Epoch time :  0.5723437629640102  Train L2 Loss :  0.08381926597356797
Epoch :  741  Epoch time :  0.5710051581263542  Train L2 Loss :  0.08384718322753906
Epoch :  742  Epoch time :  0.5712461909279227  Train L2 Loss :  0.08381947994232178
Epoch :  743  Epoch time :  0.5708782318979502  Train L2 Loss :  0.08382016701698303
Epoch :  744  Epoch time :  0.5712482649832964  Train L2 Loss :  0.08382023059129715
Epoch :  745  Epoch time :  0.570470055565238  Train L2 Loss :  0.08380815266370774
Epoch :  746  Epoch time :  0.570858365856111  Train L2 Loss :  0.08381971178054809
Epoch :  747  Epoch time :  0.5725113870576024  Train L2 Loss :  0.08381337705850601
Epoch :  748  Epoch time :  0.5711389761418104  Train L2 Loss :  0.0838020494222641
Epoch :  749  Epoch time :  0.5711054326966405  Train L2 Loss :  0.08380756418704986
Epoch :  750  Epoch time :  0.5711308419704437  Train L2 Loss :  0.08379924085140228
Epoch :  751  Epoch time :  0.5707312328740954  Train L2 Loss :  0.08380646371841431
Epoch :  752  Epoch time :  0.5706237712875009  Train L2 Loss :  0.08378100519180298
Epoch :  753  Epoch time :  0.5714462539181113  Train L2 Loss :  0.08379468567371369
Epoch :  754  Epoch time :  0.5763469291850924  Train L2 Loss :  0.08377424139976501
Epoch :  755  Epoch time :  0.5776700582355261  Train L2 Loss :  0.08378730013370514
Epoch :  756  Epoch time :  0.5714236376807094  Train L2 Loss :  0.08378697793483735
Epoch :  757  Epoch time :  0.5717777274549007  Train L2 Loss :  0.08376989934444427
Epoch :  758  Epoch time :  0.571381296031177  Train L2 Loss :  0.08375842018127441
Epoch :  759  Epoch time :  0.5714046685025096  Train L2 Loss :  0.08380131816864014
Epoch :  760  Epoch time :  0.5714157605543733  Train L2 Loss :  0.08378753274679183
Epoch :  761  Epoch time :  0.5706832055002451  Train L2 Loss :  0.08375276699066161
Epoch :  762  Epoch time :  0.5711428318172693  Train L2 Loss :  0.0837756685256958
Epoch :  763  Epoch time :  0.5714608896523714  Train L2 Loss :  0.0837738190293312
Epoch :  764  Epoch time :  0.570874510332942  Train L2 Loss :  0.08375386192798615
Epoch :  765  Epoch time :  0.5709751378744841  Train L2 Loss :  0.08374796667098999
Epoch :  766  Epoch time :  0.5709931449964643  Train L2 Loss :  0.08375168192386627
Epoch :  767  Epoch time :  0.5708139967173338  Train L2 Loss :  0.08372115024328232
Epoch :  768  Epoch time :  0.5713666006922722  Train L2 Loss :  0.08372106106281281
Epoch :  769  Epoch time :  0.5723715536296368  Train L2 Loss :  0.08372059327363968
Epoch :  770  Epoch time :  0.5717798694968224  Train L2 Loss :  0.08374046418666839
Epoch :  771  Epoch time :  0.5710877710953355  Train L2 Loss :  0.0837388729929924
Epoch :  772  Epoch time :  0.5710608288645744  Train L2 Loss :  0.08372065241336822
Epoch :  773  Epoch time :  0.5732005313038826  Train L2 Loss :  0.0837148552775383
Epoch :  774  Epoch time :  0.5715134870260954  Train L2 Loss :  0.08371724343299866
Epoch :  775  Epoch time :  0.5710056107491255  Train L2 Loss :  0.0837110384941101
Epoch :  776  Epoch time :  0.5709594553336501  Train L2 Loss :  0.08373143068552018
Epoch :  777  Epoch time :  0.5713935941457748  Train L2 Loss :  0.083679991710186
Epoch :  778  Epoch time :  0.5705354074016213  Train L2 Loss :  0.08368966592550278
Epoch :  779  Epoch time :  0.5710096918046474  Train L2 Loss :  0.08369761416912079
Epoch :  780  Epoch time :  0.5708852615207434  Train L2 Loss :  0.08366751652956009
Epoch :  781  Epoch time :  0.5709025748074055  Train L2 Loss :  0.08370724227428436
Epoch :  782  Epoch time :  0.5714647881686687  Train L2 Loss :  0.08369448189735412
Epoch :  783  Epoch time :  0.5702214920893312  Train L2 Loss :  0.08368247221708297
Epoch :  784  Epoch time :  0.571067564189434  Train L2 Loss :  0.08366950014829636
Epoch :  785  Epoch time :  0.5706352721899748  Train L2 Loss :  0.08370515418052674
Epoch :  786  Epoch time :  0.5706296442076564  Train L2 Loss :  0.08367294446229935
Epoch :  787  Epoch time :  0.5709373075515032  Train L2 Loss :  0.08367035908699036
Epoch :  788  Epoch time :  0.5710453009232879  Train L2 Loss :  0.08366446686983109
Epoch :  789  Epoch time :  0.5705470582470298  Train L2 Loss :  0.0836555261015892
Epoch :  790  Epoch time :  0.5705456472933292  Train L2 Loss :  0.08367338707447051
Epoch :  791  Epoch time :  0.5720602860674262  Train L2 Loss :  0.08366081790924072
Epoch :  792  Epoch time :  0.5711848754435778  Train L2 Loss :  0.08364247572422027
Epoch :  793  Epoch time :  0.5707764122635126  Train L2 Loss :  0.08364206305742264
Epoch :  794  Epoch time :  0.5705733932554722  Train L2 Loss :  0.08363880081176758
Epoch :  795  Epoch time :  0.5709935566410422  Train L2 Loss :  0.08365012662410735
Epoch :  796  Epoch time :  0.5704244067892432  Train L2 Loss :  0.08364362654685974
Epoch :  797  Epoch time :  0.5707390122115612  Train L2 Loss :  0.08362540743350982
Epoch :  798  Epoch time :  0.5707109291106462  Train L2 Loss :  0.08362251434326172
Epoch :  799  Epoch time :  0.5714928098022938  Train L2 Loss :  0.08363077757358552
Epoch :  800  Epoch time :  0.5706270756199956  Train L2 Loss :  0.08346132715940476
Epoch :  801  Epoch time :  0.5715996576473117  Train L2 Loss :  0.08345817600488663
Epoch :  802  Epoch time :  0.57195402123034  Train L2 Loss :  0.08347224862575531
Epoch :  803  Epoch time :  0.5716550033539534  Train L2 Loss :  0.08345486884117126
Epoch :  804  Epoch time :  0.5721419537439942  Train L2 Loss :  0.08345956171751022
Epoch :  805  Epoch time :  0.5719873793423176  Train L2 Loss :  0.08345688860416413
Epoch :  806  Epoch time :  0.5728175453841686  Train L2 Loss :  0.0834487572669983
Epoch :  807  Epoch time :  0.5718660652637482  Train L2 Loss :  0.08345394175052642
Epoch :  808  Epoch time :  0.5722784455865622  Train L2 Loss :  0.08344898804426193
Epoch :  809  Epoch time :  0.5715389084070921  Train L2 Loss :  0.08345112268924713
Epoch :  810  Epoch time :  0.5715651717036963  Train L2 Loss :  0.0834429937005043
Epoch :  811  Epoch time :  0.5714261941611767  Train L2 Loss :  0.08344033895730972
Epoch :  812  Epoch time :  0.5716192563995719  Train L2 Loss :  0.08343135765790939
Epoch :  813  Epoch time :  0.5712274797260761  Train L2 Loss :  0.08343524041175843
Epoch :  814  Epoch time :  0.5802298244088888  Train L2 Loss :  0.08343988285064698
Epoch :  815  Epoch time :  0.5726068839430809  Train L2 Loss :  0.08343568544387818
Epoch :  816  Epoch time :  0.572994900867343  Train L2 Loss :  0.08343530561923981
Epoch :  817  Epoch time :  0.5718884915113449  Train L2 Loss :  0.0834315542459488
Epoch :  818  Epoch time :  0.5724886655807495  Train L2 Loss :  0.08343465167284012
Epoch :  819  Epoch time :  0.57202750723809  Train L2 Loss :  0.08343521220684051
Epoch :  820  Epoch time :  0.5720145450904965  Train L2 Loss :  0.08343436000347138
Epoch :  821  Epoch time :  0.5721627287566662  Train L2 Loss :  0.08342850285768509
Epoch :  822  Epoch time :  0.5716566322371364  Train L2 Loss :  0.08342144383192063
Epoch :  823  Epoch time :  0.571416761726141  Train L2 Loss :  0.08344019181728363
Epoch :  824  Epoch time :  0.5712438095360994  Train L2 Loss :  0.08342785663604736
Epoch :  825  Epoch time :  0.573251330293715  Train L2 Loss :  0.08342553000450134
Epoch :  826  Epoch time :  0.5718302521854639  Train L2 Loss :  0.08340600907802581
Epoch :  827  Epoch time :  0.571676610969007  Train L2 Loss :  0.08340607888698578
Epoch :  828  Epoch time :  0.5721890535205603  Train L2 Loss :  0.0834156728386879
Epoch :  829  Epoch time :  0.5717326868325472  Train L2 Loss :  0.08341388256549835
Epoch :  830  Epoch time :  0.5714188264682889  Train L2 Loss :  0.08341126324534416
Epoch :  831  Epoch time :  0.5715694697573781  Train L2 Loss :  0.08340360081195831
Epoch :  832  Epoch time :  0.5735756540670991  Train L2 Loss :  0.08340828927755356
Epoch :  833  Epoch time :  0.571462282910943  Train L2 Loss :  0.08339686954021454
Epoch :  834  Epoch time :  0.5781479198485613  Train L2 Loss :  0.08340486404895782
Epoch :  835  Epoch time :  0.571874818764627  Train L2 Loss :  0.08340820841789245
Epoch :  836  Epoch time :  0.570661979727447  Train L2 Loss :  0.0834000406742096
Epoch :  837  Epoch time :  0.5711468392983079  Train L2 Loss :  0.08340474460124969
Epoch :  838  Epoch time :  0.5709419790655375  Train L2 Loss :  0.08338734045028687
Epoch :  839  Epoch time :  0.5712661826983094  Train L2 Loss :  0.08339115400314331
Epoch :  840  Epoch time :  0.5710936188697815  Train L2 Loss :  0.08338424583673477
Epoch :  841  Epoch time :  0.5703615183010697  Train L2 Loss :  0.08338860555887222
Epoch :  842  Epoch time :  0.5710591683164239  Train L2 Loss :  0.08338089319467544
Epoch :  843  Epoch time :  0.571788290515542  Train L2 Loss :  0.08337992149591446
Epoch :  844  Epoch time :  0.5709308432415128  Train L2 Loss :  0.08337715466022491
Epoch :  845  Epoch time :  0.5710803288966417  Train L2 Loss :  0.08338045585155487
Epoch :  846  Epoch time :  0.5705106621608138  Train L2 Loss :  0.08338015973567962
Epoch :  847  Epoch time :  0.570996442809701  Train L2 Loss :  0.08337948199510574
Epoch :  848  Epoch time :  0.5706891650334001  Train L2 Loss :  0.083384455037117
Epoch :  849  Epoch time :  0.5723035521805286  Train L2 Loss :  0.08337539492845536
Epoch :  850  Epoch time :  0.5708705727010965  Train L2 Loss :  0.0833657032251358
Epoch :  851  Epoch time :  0.5708701591938734  Train L2 Loss :  0.08338247058391571
Epoch :  852  Epoch time :  0.5709284478798509  Train L2 Loss :  0.08335959222316743
Epoch :  853  Epoch time :  0.5704386718571186  Train L2 Loss :  0.08338028426170349
Epoch :  854  Epoch time :  0.5707963509485126  Train L2 Loss :  0.08336321893930435
Epoch :  855  Epoch time :  0.570551018230617  Train L2 Loss :  0.083356502699852
Epoch :  856  Epoch time :  0.5707960668951273  Train L2 Loss :  0.0833580756187439
Epoch :  857  Epoch time :  0.57184440176934  Train L2 Loss :  0.08336013262271881
Epoch :  858  Epoch time :  0.5706246225163341  Train L2 Loss :  0.08336223139762879
Epoch :  859  Epoch time :  0.5706365937367082  Train L2 Loss :  0.08335429693460464
Epoch :  860  Epoch time :  0.571165943518281  Train L2 Loss :  0.08335313738584518
Epoch :  861  Epoch time :  0.5706613352522254  Train L2 Loss :  0.08335359846353531
Epoch :  862  Epoch time :  0.5707338284701109  Train L2 Loss :  0.0833522287607193
Epoch :  863  Epoch time :  0.5706452755257487  Train L2 Loss :  0.0833452576160431
Epoch :  864  Epoch time :  0.5719816638156772  Train L2 Loss :  0.08333814334869384
Epoch :  865  Epoch time :  0.5707239890471101  Train L2 Loss :  0.0833472715973854
Epoch :  866  Epoch time :  0.5714798774570227  Train L2 Loss :  0.08332684578895569
Epoch :  867  Epoch time :  0.5710760429501534  Train L2 Loss :  0.08334438078403474
Epoch :  868  Epoch time :  0.5712915826588869  Train L2 Loss :  0.0833529914021492
Epoch :  869  Epoch time :  0.5714665362611413  Train L2 Loss :  0.08332642883062363
Epoch :  870  Epoch time :  0.5708287972956896  Train L2 Loss :  0.08332658188343048
Epoch :  871  Epoch time :  0.5805426463484764  Train L2 Loss :  0.08333634583950043
Epoch :  872  Epoch time :  0.5714665651321411  Train L2 Loss :  0.08333722710609436
Epoch :  873  Epoch time :  0.5715176267549396  Train L2 Loss :  0.08334438083171844
Epoch :  874  Epoch time :  0.5709733488038182  Train L2 Loss :  0.08332203688621521
Epoch :  875  Epoch time :  0.5723107242956758  Train L2 Loss :  0.08333106240034104
Epoch :  876  Epoch time :  0.571648376993835  Train L2 Loss :  0.0833176851272583
Epoch :  877  Epoch time :  0.5717725781723857  Train L2 Loss :  0.08332653754949569
Epoch :  878  Epoch time :  0.5746048223227262  Train L2 Loss :  0.08331505541801452
Epoch :  879  Epoch time :  0.5716796908527613  Train L2 Loss :  0.0833134066581726
Epoch :  880  Epoch time :  0.5713365571573377  Train L2 Loss :  0.08331705136299133
Epoch :  881  Epoch time :  0.5716013973578811  Train L2 Loss :  0.08331691641807557
Epoch :  882  Epoch time :  0.5720095233991742  Train L2 Loss :  0.08331487476825714
Epoch :  883  Epoch time :  0.5716724842786789  Train L2 Loss :  0.0833208711862564
Epoch :  884  Epoch time :  0.5717858346179128  Train L2 Loss :  0.08331662163734437
Epoch :  885  Epoch time :  0.573286997154355  Train L2 Loss :  0.08331329663991928
Epoch :  886  Epoch time :  0.5710334470495582  Train L2 Loss :  0.08330271425247192
Epoch :  887  Epoch time :  0.5720893908292055  Train L2 Loss :  0.08331521799564362
Epoch :  888  Epoch time :  0.5716237733140588  Train L2 Loss :  0.08330536251068116
Epoch :  889  Epoch time :  0.5716481283307076  Train L2 Loss :  0.08329410016536713
Epoch :  890  Epoch time :  0.5714173894375563  Train L2 Loss :  0.08331029577255249
Epoch :  891  Epoch time :  0.5712604066357017  Train L2 Loss :  0.0832942873120308
Epoch :  892  Epoch time :  0.5713621219620109  Train L2 Loss :  0.08329575307369232
Epoch :  893  Epoch time :  0.571352063678205  Train L2 Loss :  0.0832917870759964
Epoch :  894  Epoch time :  0.5712312702089548  Train L2 Loss :  0.08329164117574692
Epoch :  895  Epoch time :  0.5718769952654839  Train L2 Loss :  0.08330221076011658
Epoch :  896  Epoch time :  0.5716434735804796  Train L2 Loss :  0.08329747836589813
Epoch :  897  Epoch time :  0.5720336269587278  Train L2 Loss :  0.08328872509002685
Epoch :  898  Epoch time :  0.5714194038882852  Train L2 Loss :  0.08330258932113647
Epoch :  899  Epoch time :  0.5716504231095314  Train L2 Loss :  0.08328661828041077
Epoch :  900  Epoch time :  0.5715964864939451  Train L2 Loss :  0.08320166363716125
Epoch :  901  Epoch time :  0.571547812782228  Train L2 Loss :  0.08319099969863891
Epoch :  902  Epoch time :  0.5711371768265963  Train L2 Loss :  0.0831953805565834
Epoch :  903  Epoch time :  0.57135203294456  Train L2 Loss :  0.08318770303726196
Epoch :  904  Epoch time :  0.5710633434355259  Train L2 Loss :  0.0831890027999878
Epoch :  905  Epoch time :  0.5720057999715209  Train L2 Loss :  0.08318933565616608
Epoch :  906  Epoch time :  0.5724231218919158  Train L2 Loss :  0.08319206436872482
Epoch :  907  Epoch time :  0.571706410497427  Train L2 Loss :  0.08319634470939637
Epoch :  908  Epoch time :  0.5711371321231127  Train L2 Loss :  0.08318665677309037
Epoch :  909  Epoch time :  0.5712646739557385  Train L2 Loss :  0.08318913846611976
Epoch :  910  Epoch time :  0.571036352775991  Train L2 Loss :  0.08318811239004135
Epoch :  911  Epoch time :  0.5708814021199942  Train L2 Loss :  0.08318894062042237
Epoch :  912  Epoch time :  0.571914498694241  Train L2 Loss :  0.08318844282627105
Epoch :  913  Epoch time :  0.5723488451912999  Train L2 Loss :  0.08318358738422393
Epoch :  914  Epoch time :  0.5712828245013952  Train L2 Loss :  0.08318289231061936
Epoch :  915  Epoch time :  0.5711365751922131  Train L2 Loss :  0.08318179473876954
Epoch :  916  Epoch time :  0.5709527507424355  Train L2 Loss :  0.08318710539340973
Epoch :  917  Epoch time :  0.5709802843630314  Train L2 Loss :  0.08317686623334884
Epoch :  918  Epoch time :  0.5713749108836055  Train L2 Loss :  0.08317399841547013
Epoch :  919  Epoch time :  0.5713890641927719  Train L2 Loss :  0.08317222645282746
Epoch :  920  Epoch time :  0.5727526918053627  Train L2 Loss :  0.08317739005088806
Epoch :  921  Epoch time :  0.5712897041812539  Train L2 Loss :  0.08317317805290222
Epoch :  922  Epoch time :  0.5710017392411828  Train L2 Loss :  0.0831704240500927
Epoch :  923  Epoch time :  0.5712791793048382  Train L2 Loss :  0.08317282526493072
Epoch :  924  Epoch time :  0.5708501543849707  Train L2 Loss :  0.08317554428577423
Epoch :  925  Epoch time :  0.5716166207566857  Train L2 Loss :  0.0831717007637024
Epoch :  926  Epoch time :  0.5717264106497169  Train L2 Loss :  0.08317096170186997
Epoch :  927  Epoch time :  0.5807448038831353  Train L2 Loss :  0.08316943453550339
Epoch :  928  Epoch time :  0.5723156109452248  Train L2 Loss :  0.08317058539390564
Epoch :  929  Epoch time :  0.5715249432250857  Train L2 Loss :  0.08316623086929321
Epoch :  930  Epoch time :  0.5722959414124489  Train L2 Loss :  0.08316957018375397
Epoch :  931  Epoch time :  0.5717397918924689  Train L2 Loss :  0.08317187176942825
Epoch :  932  Epoch time :  0.5721717737615108  Train L2 Loss :  0.08316988394260406
Epoch :  933  Epoch time :  0.5713173132389784  Train L2 Loss :  0.08316146123409271
Epoch :  934  Epoch time :  0.5723867975175381  Train L2 Loss :  0.08316356242895126
Epoch :  935  Epoch time :  0.5714289275929332  Train L2 Loss :  0.0831644871711731
Epoch :  936  Epoch time :  0.571373418904841  Train L2 Loss :  0.08316352388858796
Epoch :  937  Epoch time :  0.5716721471399069  Train L2 Loss :  0.08315939131975174
Epoch :  938  Epoch time :  0.57103556022048  Train L2 Loss :  0.08316487700939179
Epoch :  939  Epoch time :  0.5711834002286196  Train L2 Loss :  0.08316028172969818
Epoch :  940  Epoch time :  0.5716169932857156  Train L2 Loss :  0.08316006736755371
Epoch :  941  Epoch time :  0.572897638194263  Train L2 Loss :  0.08315346851348877
Epoch :  942  Epoch time :  0.5713729374110699  Train L2 Loss :  0.08315967793464661
Epoch :  943  Epoch time :  0.5713459821417928  Train L2 Loss :  0.08315762648582459
Epoch :  944  Epoch time :  0.5711556989699602  Train L2 Loss :  0.0831540246963501
Epoch :  945  Epoch time :  0.5708881448954344  Train L2 Loss :  0.08316014461517333
Epoch :  946  Epoch time :  0.5707696909084916  Train L2 Loss :  0.08315428609848022
Epoch :  947  Epoch time :  0.5709373876452446  Train L2 Loss :  0.083154541015625
Epoch :  948  Epoch time :  0.5726709263399243  Train L2 Loss :  0.08314314795732498
Epoch :  949  Epoch time :  0.572045392356813  Train L2 Loss :  0.08315347669124604
Epoch :  950  Epoch time :  0.5715761221945286  Train L2 Loss :  0.08315848008394242
Epoch :  951  Epoch time :  0.5708095477893949  Train L2 Loss :  0.0831511097073555
Epoch :  952  Epoch time :  0.5710279131308198  Train L2 Loss :  0.08315039458274841
Epoch :  953  Epoch time :  0.5715685589239001  Train L2 Loss :  0.0831393782377243
Epoch :  954  Epoch time :  0.5716310329735279  Train L2 Loss :  0.0831504923582077
Epoch :  955  Epoch time :  0.5710999881848693  Train L2 Loss :  0.0831425812125206
Epoch :  956  Epoch time :  0.5719423703849316  Train L2 Loss :  0.08314628779888153
Epoch :  957  Epoch time :  0.5715097934007645  Train L2 Loss :  0.08313904218673707
Epoch :  958  Epoch time :  0.5715126050636172  Train L2 Loss :  0.08313669731616974
Epoch :  959  Epoch time :  0.5713615920394659  Train L2 Loss :  0.08314312998056411
Epoch :  960  Epoch time :  0.571297156624496  Train L2 Loss :  0.08314034588336945
Epoch :  961  Epoch time :  0.5715715028345585  Train L2 Loss :  0.08313123422861099
Epoch :  962  Epoch time :  0.5719584245234728  Train L2 Loss :  0.08313446493148803
Epoch :  963  Epoch time :  0.5717940852046013  Train L2 Loss :  0.08313551666736603
Epoch :  964  Epoch time :  0.5717608956620097  Train L2 Loss :  0.08313962007761001
Epoch :  965  Epoch time :  0.5719007328152657  Train L2 Loss :  0.08314151796102524
Epoch :  966  Epoch time :  0.5722541892901063  Train L2 Loss :  0.08313476433753968
Epoch :  967  Epoch time :  0.571478720754385  Train L2 Loss :  0.08313273026943206
Epoch :  968  Epoch time :  0.5716034332290292  Train L2 Loss :  0.08314297602176667
Epoch :  969  Epoch time :  0.5728223016485572  Train L2 Loss :  0.08312954382896423
Epoch :  970  Epoch time :  0.5713941343128681  Train L2 Loss :  0.08312701395750045
Epoch :  971  Epoch time :  0.5712150391191244  Train L2 Loss :  0.08313291902542114
Epoch :  972  Epoch time :  0.5714125595986843  Train L2 Loss :  0.08312753421068192
Epoch :  973  Epoch time :  0.5716728381812572  Train L2 Loss :  0.08312583301067353
Epoch :  974  Epoch time :  0.5711556328460574  Train L2 Loss :  0.08313000478744507
Epoch :  975  Epoch time :  0.5720982886850834  Train L2 Loss :  0.08313566153049469
Epoch :  976  Epoch time :  0.5725386952981353  Train L2 Loss :  0.08313155390024185
Epoch :  977  Epoch time :  0.571398077532649  Train L2 Loss :  0.08312735502719878
Epoch :  978  Epoch time :  0.5715189874172211  Train L2 Loss :  0.08312837965488434
Epoch :  979  Epoch time :  0.5711734257638454  Train L2 Loss :  0.08311829673051833
Epoch :  980  Epoch time :  0.5716036520898342  Train L2 Loss :  0.08311799392700195
Epoch :  981  Epoch time :  0.5713911419734359  Train L2 Loss :  0.08311914871931075
Epoch :  982  Epoch time :  0.5716100865975022  Train L2 Loss :  0.0831215528845787
Epoch :  983  Epoch time :  0.5823152251541615  Train L2 Loss :  0.08311736090183258
Epoch :  984  Epoch time :  0.5731401396915317  Train L2 Loss :  0.08311872169971465
Epoch :  985  Epoch time :  0.5722314594313502  Train L2 Loss :  0.08312182831764221
Epoch :  986  Epoch time :  0.5721034212037921  Train L2 Loss :  0.08311294980049133
Epoch :  987  Epoch time :  0.5721073923632503  Train L2 Loss :  0.08312077289819718
Epoch :  988  Epoch time :  0.5716760046780109  Train L2 Loss :  0.08311682806015015
Epoch :  989  Epoch time :  0.5712839839980006  Train L2 Loss :  0.08310914387702942
Epoch :  990  Epoch time :  0.5733787780627608  Train L2 Loss :  0.08310674597024918
Epoch :  991  Epoch time :  0.5721767311915755  Train L2 Loss :  0.08311298203468323
Epoch :  992  Epoch time :  0.5730091454461217  Train L2 Loss :  0.0831055088877678
Epoch :  993  Epoch time :  0.570991626009345  Train L2 Loss :  0.08310818680524826
Epoch :  994  Epoch time :  0.5712694013491273  Train L2 Loss :  0.08310810774564743
Epoch :  995  Epoch time :  0.5714986156672239  Train L2 Loss :  0.08310145137310028
Epoch :  996  Epoch time :  0.5717001240700483  Train L2 Loss :  0.08311806735992432
Epoch :  997  Epoch time :  0.5731125762686133  Train L2 Loss :  0.08310415725708008
Epoch :  998  Epoch time :  0.5710826823487878  Train L2 Loss :  0.08309554567337037
Epoch :  999  Epoch time :  0.5716951433569193  Train L2 Loss :  0.08310650719404221
Total time is : 571.4276622096077 Total epoch is  1000
