Energy is  7.993605777301127e-15
Input dim :  128  output dim :  4096
99457
Epoch :  0  Epoch time :  0.7319717891514301  Train L2 Loss :  5.405237396621704
Epoch :  1  Epoch time :  0.5572349596768618  Train L2 Loss :  3.0947347473144533
Epoch :  2  Epoch time :  0.5585198430344462  Train L2 Loss :  2.238927670669556
Epoch :  3  Epoch time :  0.5576816238462925  Train L2 Loss :  1.7186057579040528
Epoch :  4  Epoch time :  0.5578712709248066  Train L2 Loss :  1.4610613693237304
Epoch :  5  Epoch time :  0.5571566047146916  Train L2 Loss :  1.218087957382202
Epoch :  6  Epoch time :  0.5583483586087823  Train L2 Loss :  1.0579017529487609
Epoch :  7  Epoch time :  0.5590938273817301  Train L2 Loss :  0.9166880626678466
Epoch :  8  Epoch time :  0.5602451367303729  Train L2 Loss :  0.8059486485481262
Epoch :  9  Epoch time :  0.5582045009359717  Train L2 Loss :  0.7338319396972657
Epoch :  10  Epoch time :  0.5599162811413407  Train L2 Loss :  0.623374500656128
Epoch :  11  Epoch time :  0.5589816328138113  Train L2 Loss :  0.5972621824264527
Epoch :  12  Epoch time :  0.5588642153888941  Train L2 Loss :  0.5576037083625793
Epoch :  13  Epoch time :  0.558226359076798  Train L2 Loss :  0.5062330742835999
Epoch :  14  Epoch time :  0.5578925739973783  Train L2 Loss :  0.5006226819038391
Epoch :  15  Epoch time :  0.5579646965488791  Train L2 Loss :  0.47425606517791746
Epoch :  16  Epoch time :  0.558163327164948  Train L2 Loss :  0.46662309322357176
Epoch :  17  Epoch time :  0.5577609036117792  Train L2 Loss :  0.46112210874557497
Epoch :  18  Epoch time :  0.5621847091242671  Train L2 Loss :  0.4157000512599945
Epoch :  19  Epoch time :  0.5579179907217622  Train L2 Loss :  0.39266938381195066
Epoch :  20  Epoch time :  0.558356617577374  Train L2 Loss :  0.3916854793548584
Epoch :  21  Epoch time :  0.5579585526138544  Train L2 Loss :  0.39858337335586547
Epoch :  22  Epoch time :  0.5580921033397317  Train L2 Loss :  0.37066838426589965
Epoch :  23  Epoch time :  0.5578290428966284  Train L2 Loss :  0.38390585451126097
Epoch :  24  Epoch time :  0.5581756727769971  Train L2 Loss :  0.3640685966491699
Epoch :  25  Epoch time :  0.5576413488015532  Train L2 Loss :  0.3457571664333344
Epoch :  26  Epoch time :  0.5634919190779328  Train L2 Loss :  0.35000842504501345
Epoch :  27  Epoch time :  0.558392146602273  Train L2 Loss :  0.3516024109363556
Epoch :  28  Epoch time :  0.5586769413203001  Train L2 Loss :  0.3287451448917389
Epoch :  29  Epoch time :  0.5580979278311133  Train L2 Loss :  0.3197337838172913
Epoch :  30  Epoch time :  0.558828585781157  Train L2 Loss :  0.31915425758361815
Epoch :  31  Epoch time :  0.5587488515302539  Train L2 Loss :  0.30810419402122496
Epoch :  32  Epoch time :  0.5585844805464149  Train L2 Loss :  0.2893040626525879
Epoch :  33  Epoch time :  0.5587065163999796  Train L2 Loss :  0.30625358786582946
Epoch :  34  Epoch time :  0.5589688830077648  Train L2 Loss :  0.2881976345062256
Epoch :  35  Epoch time :  0.5596905192360282  Train L2 Loss :  0.2739152081489563
Epoch :  36  Epoch time :  0.5585525901988149  Train L2 Loss :  0.2622119869709015
Epoch :  37  Epoch time :  0.5602459339424968  Train L2 Loss :  0.27608434228897094
Epoch :  38  Epoch time :  0.559163318015635  Train L2 Loss :  0.2638279543876648
Epoch :  39  Epoch time :  0.5588296549394727  Train L2 Loss :  0.2555568205833435
Epoch :  40  Epoch time :  0.5601880950853229  Train L2 Loss :  0.2569877438545227
Epoch :  41  Epoch time :  0.5601571500301361  Train L2 Loss :  0.2419268837928772
Epoch :  42  Epoch time :  0.5589780090376735  Train L2 Loss :  0.24127444515228272
Epoch :  43  Epoch time :  0.5591223081573844  Train L2 Loss :  0.2602347147226334
Epoch :  44  Epoch time :  0.559424358420074  Train L2 Loss :  0.2405612387895584
Epoch :  45  Epoch time :  0.5654729958623648  Train L2 Loss :  0.23353045468330383
Epoch :  46  Epoch time :  0.5611841790378094  Train L2 Loss :  0.23540260496139526
Epoch :  47  Epoch time :  0.5604542354121804  Train L2 Loss :  0.20804592971801758
Epoch :  48  Epoch time :  0.5627851402387023  Train L2 Loss :  0.21127970509529115
Epoch :  49  Epoch time :  0.5606390116736293  Train L2 Loss :  0.20321268844604493
Epoch :  50  Epoch time :  0.5614618733525276  Train L2 Loss :  0.21634435691833495
Epoch :  51  Epoch time :  0.5624700793996453  Train L2 Loss :  0.20668043417930604
Epoch :  52  Epoch time :  0.5614715050905943  Train L2 Loss :  0.2105076654911041
Epoch :  53  Epoch time :  0.5608359072357416  Train L2 Loss :  0.18839114775657653
Epoch :  54  Epoch time :  0.5642372267320752  Train L2 Loss :  0.1838639681339264
Epoch :  55  Epoch time :  0.5611656159162521  Train L2 Loss :  0.18818573708534242
Epoch :  56  Epoch time :  0.563191682100296  Train L2 Loss :  0.18409675149917604
Epoch :  57  Epoch time :  0.5618145614862442  Train L2 Loss :  0.20103816316127776
Epoch :  58  Epoch time :  0.5611095447093248  Train L2 Loss :  0.17218242044448853
Epoch :  59  Epoch time :  0.5611166339367628  Train L2 Loss :  0.18502189054489135
Epoch :  60  Epoch time :  0.5613034665584564  Train L2 Loss :  0.17274954648017884
Epoch :  61  Epoch time :  0.5605545546859503  Train L2 Loss :  0.1603519223690033
Epoch :  62  Epoch time :  0.5613836580887437  Train L2 Loss :  0.16280996124744415
Epoch :  63  Epoch time :  0.5628111409023404  Train L2 Loss :  0.1633149672985077
Epoch :  64  Epoch time :  0.5613936418667436  Train L2 Loss :  0.16586628775596618
Epoch :  65  Epoch time :  0.5602168403565884  Train L2 Loss :  0.1724290431022644
Epoch :  66  Epoch time :  0.5610083555802703  Train L2 Loss :  0.1627692266345024
Epoch :  67  Epoch time :  0.5615511760115623  Train L2 Loss :  0.15817435965538024
Epoch :  68  Epoch time :  0.5609975336119533  Train L2 Loss :  0.15584697823524474
Epoch :  69  Epoch time :  0.5614158287644386  Train L2 Loss :  0.1623677980184555
Epoch :  70  Epoch time :  0.5612979521974921  Train L2 Loss :  0.14672399554252624
Epoch :  71  Epoch time :  0.56252371519804  Train L2 Loss :  0.14439382848739624
Epoch :  72  Epoch time :  0.5613093664869666  Train L2 Loss :  0.16421086387634276
Epoch :  73  Epoch time :  0.5607169242575765  Train L2 Loss :  0.15519941222667694
Epoch :  74  Epoch time :  0.5606831200420856  Train L2 Loss :  0.14804584074020385
Epoch :  75  Epoch time :  0.5605039186775684  Train L2 Loss :  0.14034687361717224
Epoch :  76  Epoch time :  0.5610648039728403  Train L2 Loss :  0.1488472405910492
Epoch :  77  Epoch time :  0.5602199900895357  Train L2 Loss :  0.16385341627597808
Epoch :  78  Epoch time :  0.5616313274949789  Train L2 Loss :  0.1571786332130432
Epoch :  79  Epoch time :  0.5604685982689261  Train L2 Loss :  0.1490848774909973
Epoch :  80  Epoch time :  0.5608268808573484  Train L2 Loss :  0.13421519951820374
Epoch :  81  Epoch time :  0.5601967796683311  Train L2 Loss :  0.13256226592063905
Epoch :  82  Epoch time :  0.560726591385901  Train L2 Loss :  0.14788145229816438
Epoch :  83  Epoch time :  0.5609019752591848  Train L2 Loss :  0.13645282444953918
Epoch :  84  Epoch time :  0.5610146159306169  Train L2 Loss :  0.15356573555469513
Epoch :  85  Epoch time :  0.5618650568649173  Train L2 Loss :  0.12628426678180696
Epoch :  86  Epoch time :  0.5638033067807555  Train L2 Loss :  0.1300301393032074
Epoch :  87  Epoch time :  0.5609591146931052  Train L2 Loss :  0.15040890537500382
Epoch :  88  Epoch time :  0.5609015570953488  Train L2 Loss :  0.136300674700737
Epoch :  89  Epoch time :  0.5610469169914722  Train L2 Loss :  0.1315016872882843
Epoch :  90  Epoch time :  0.5608116406947374  Train L2 Loss :  0.13016406750679016
Epoch :  91  Epoch time :  0.5605539344251156  Train L2 Loss :  0.12468141742944717
Epoch :  92  Epoch time :  0.5618446422740817  Train L2 Loss :  0.13367002732753755
Epoch :  93  Epoch time :  0.5599673464894295  Train L2 Loss :  0.163924960064888
Epoch :  94  Epoch time :  0.5613085674121976  Train L2 Loss :  0.1329975503921509
Epoch :  95  Epoch time :  0.5595764685422182  Train L2 Loss :  0.11743472270965576
Epoch :  96  Epoch time :  0.5598745243623853  Train L2 Loss :  0.11818070750236512
Epoch :  97  Epoch time :  0.5594001486897469  Train L2 Loss :  0.11675876137018204
Epoch :  98  Epoch time :  0.5604485971853137  Train L2 Loss :  0.13257076208591462
Epoch :  99  Epoch time :  0.5600902680307627  Train L2 Loss :  0.11800635168552398
Epoch :  100  Epoch time :  0.560296337120235  Train L2 Loss :  0.08223291711807251
Epoch :  101  Epoch time :  0.5611494844779372  Train L2 Loss :  0.07283339154720306
Epoch :  102  Epoch time :  0.560326062142849  Train L2 Loss :  0.07286509163379669
Epoch :  103  Epoch time :  0.5603413097560406  Train L2 Loss :  0.07338666582107543
Epoch :  104  Epoch time :  0.561770474538207  Train L2 Loss :  0.07357500596046447
Epoch :  105  Epoch time :  0.5599480997771025  Train L2 Loss :  0.07325921013355255
Epoch :  106  Epoch time :  0.559207865037024  Train L2 Loss :  0.07391282081604005
Epoch :  107  Epoch time :  0.5593214510008693  Train L2 Loss :  0.07610239200592041
Epoch :  108  Epoch time :  0.559384229592979  Train L2 Loss :  0.07608157868385315
Epoch :  109  Epoch time :  0.5605402309447527  Train L2 Loss :  0.07740005180835724
Epoch :  110  Epoch time :  0.5602002963423729  Train L2 Loss :  0.07786122572422027
Epoch :  111  Epoch time :  0.5599796362221241  Train L2 Loss :  0.07783182938098908
Epoch :  112  Epoch time :  0.559409256093204  Train L2 Loss :  0.07645471889972687
Epoch :  113  Epoch time :  0.5587685070931911  Train L2 Loss :  0.07590971208810807
Epoch :  114  Epoch time :  0.5598830273374915  Train L2 Loss :  0.07793434314727783
Epoch :  115  Epoch time :  0.5592079730704427  Train L2 Loss :  0.07803154759407044
Epoch :  116  Epoch time :  0.5606431234627962  Train L2 Loss :  0.07384227801561355
Epoch :  117  Epoch time :  0.5589825306087732  Train L2 Loss :  0.07687651658058167
Epoch :  118  Epoch time :  0.5606630314141512  Train L2 Loss :  0.07721587798595428
Epoch :  119  Epoch time :  0.5595056694000959  Train L2 Loss :  0.07487728724479675
Epoch :  120  Epoch time :  0.5601698653772473  Train L2 Loss :  0.07637558224201202
Epoch :  121  Epoch time :  0.5598708847537637  Train L2 Loss :  0.07169387477636337
Epoch :  122  Epoch time :  0.5602040439844131  Train L2 Loss :  0.07273551995754242
Epoch :  123  Epoch time :  0.5603364324197173  Train L2 Loss :  0.07195148689746857
Epoch :  124  Epoch time :  0.5610467996448278  Train L2 Loss :  0.0731032463312149
Epoch :  125  Epoch time :  0.560425546951592  Train L2 Loss :  0.07341673731803894
Epoch :  126  Epoch time :  0.55992482136935  Train L2 Loss :  0.07150106194019318
Epoch :  127  Epoch time :  0.5596441561356187  Train L2 Loss :  0.07259694746732712
Epoch :  128  Epoch time :  0.5601768242195249  Train L2 Loss :  0.07032294133901595
Epoch :  129  Epoch time :  0.5599788706749678  Train L2 Loss :  0.06906114282608032
Epoch :  130  Epoch time :  0.5606322484090924  Train L2 Loss :  0.06942357996702195
Epoch :  131  Epoch time :  0.5610253922641277  Train L2 Loss :  0.07065633387565613
Epoch :  132  Epoch time :  0.5605987133458257  Train L2 Loss :  0.07427860283851624
Epoch :  133  Epoch time :  0.5601858561858535  Train L2 Loss :  0.0711490231513977
Epoch :  134  Epoch time :  0.5602657124400139  Train L2 Loss :  0.06541090135574341
Epoch :  135  Epoch time :  0.5599011611193419  Train L2 Loss :  0.06946135874986649
Epoch :  136  Epoch time :  0.5604742402210832  Train L2 Loss :  0.0709128289282322
Epoch :  137  Epoch time :  0.5603255536407232  Train L2 Loss :  0.06914826674461365
Epoch :  138  Epoch time :  0.5597835807129741  Train L2 Loss :  0.0668103586435318
Epoch :  139  Epoch time :  0.5646452875807881  Train L2 Loss :  0.07151979429721832
Epoch :  140  Epoch time :  0.5607004594057798  Train L2 Loss :  0.0666579910159111
Epoch :  141  Epoch time :  0.5605100030079484  Train L2 Loss :  0.06543255648612976
Epoch :  142  Epoch time :  0.5611731391400099  Train L2 Loss :  0.06956573907136918
Epoch :  143  Epoch time :  0.5599334826692939  Train L2 Loss :  0.0658199516415596
Epoch :  144  Epoch time :  0.5618879543617368  Train L2 Loss :  0.06754175112247467
Epoch :  145  Epoch time :  0.5604595430195332  Train L2 Loss :  0.06763684241771697
Epoch :  146  Epoch time :  0.5626727277413011  Train L2 Loss :  0.06612790892124176
Epoch :  147  Epoch time :  0.5607009725645185  Train L2 Loss :  0.06572515742778778
Epoch :  148  Epoch time :  0.5610246993601322  Train L2 Loss :  0.06456980776786804
Epoch :  149  Epoch time :  0.5607562568038702  Train L2 Loss :  0.06274114187955857
Epoch :  150  Epoch time :  0.5612112116068602  Train L2 Loss :  0.06187385730743408
Epoch :  151  Epoch time :  0.5600800607353449  Train L2 Loss :  0.06564065161943436
Epoch :  152  Epoch time :  0.5606359643861651  Train L2 Loss :  0.06462196085453033
Epoch :  153  Epoch time :  0.5608179625123739  Train L2 Loss :  0.06278684061169625
Epoch :  154  Epoch time :  0.562144254334271  Train L2 Loss :  0.061847935223579405
Epoch :  155  Epoch time :  0.560436780564487  Train L2 Loss :  0.06523855894804001
Epoch :  156  Epoch time :  0.5606201477348804  Train L2 Loss :  0.060604870861768724
Epoch :  157  Epoch time :  0.56204794626683  Train L2 Loss :  0.06393353595733643
Epoch :  158  Epoch time :  0.5607959451153874  Train L2 Loss :  0.0679313721716404
Epoch :  159  Epoch time :  0.5608978448435664  Train L2 Loss :  0.06297787191867828
Epoch :  160  Epoch time :  0.5609807148575783  Train L2 Loss :  0.06098758218288421
Epoch :  161  Epoch time :  0.5617621168494225  Train L2 Loss :  0.060676681280136105
Epoch :  162  Epoch time :  0.560932582244277  Train L2 Loss :  0.06496855149269104
Epoch :  163  Epoch time :  0.5607399344444275  Train L2 Loss :  0.06205462517738342
Epoch :  164  Epoch time :  0.5616313721984625  Train L2 Loss :  0.06172160922884941
Epoch :  165  Epoch time :  0.5608368897810578  Train L2 Loss :  0.06123192141056061
Epoch :  166  Epoch time :  0.5611223690211773  Train L2 Loss :  0.061167445886135104
Epoch :  167  Epoch time :  0.560754794627428  Train L2 Loss :  0.06249428735971451
Epoch :  168  Epoch time :  0.560779757797718  Train L2 Loss :  0.061376439464092256
Epoch :  169  Epoch time :  0.5625359825789928  Train L2 Loss :  0.0646633437871933
Epoch :  170  Epoch time :  0.5609830236062407  Train L2 Loss :  0.058980813217163086
Epoch :  171  Epoch time :  0.5611836016178131  Train L2 Loss :  0.05890741983652115
Epoch :  172  Epoch time :  0.5607392312958837  Train L2 Loss :  0.06210053427219391
Epoch :  173  Epoch time :  0.5608483608812094  Train L2 Loss :  0.06164542428255081
Epoch :  174  Epoch time :  0.5611786786466837  Train L2 Loss :  0.06006828356981277
Epoch :  175  Epoch time :  0.5611449852585793  Train L2 Loss :  0.05744102748632431
Epoch :  176  Epoch time :  0.5625918740406632  Train L2 Loss :  0.05930630040764809
Epoch :  177  Epoch time :  0.5614689383655787  Train L2 Loss :  0.058491322839260104
Epoch :  178  Epoch time :  0.5607214327901602  Train L2 Loss :  0.05971503108739853
Epoch :  179  Epoch time :  0.5606414992362261  Train L2 Loss :  0.062349217742681505
Epoch :  180  Epoch time :  0.5607847915962338  Train L2 Loss :  0.06102829566001892
Epoch :  181  Epoch time :  0.5606471253558993  Train L2 Loss :  0.06128784376382828
Epoch :  182  Epoch time :  0.5611853543668985  Train L2 Loss :  0.05596760790348053
Epoch :  183  Epoch time :  0.5616229362785816  Train L2 Loss :  0.05835214475989342
Epoch :  184  Epoch time :  0.562552135437727  Train L2 Loss :  0.05994058980941772
Epoch :  185  Epoch time :  0.5609475206583738  Train L2 Loss :  0.06090720834732056
Epoch :  186  Epoch time :  0.5612814128398895  Train L2 Loss :  0.06249024243354798
Epoch :  187  Epoch time :  0.5613979529589415  Train L2 Loss :  0.05620980327129364
Epoch :  188  Epoch time :  0.561185379512608  Train L2 Loss :  0.058131675946712494
Epoch :  189  Epoch time :  0.5618518851697445  Train L2 Loss :  0.05826175699234009
Epoch :  190  Epoch time :  0.561323500238359  Train L2 Loss :  0.0602998378932476
Epoch :  191  Epoch time :  0.5655094403773546  Train L2 Loss :  0.058306951975822446
Epoch :  192  Epoch time :  0.5624709576368332  Train L2 Loss :  0.056035047721862796
Epoch :  193  Epoch time :  0.5619291104376316  Train L2 Loss :  0.05497929980754852
Epoch :  194  Epoch time :  0.5622880840674043  Train L2 Loss :  0.05680587623119354
Epoch :  195  Epoch time :  0.5617131432518363  Train L2 Loss :  0.055713557749986646
Epoch :  196  Epoch time :  0.5621030842885375  Train L2 Loss :  0.056464473724365236
Epoch :  197  Epoch time :  0.5606807172298431  Train L2 Loss :  0.05622204875946045
Epoch :  198  Epoch time :  0.5618945239111781  Train L2 Loss :  0.05740397001504898
Epoch :  199  Epoch time :  0.5631168000400066  Train L2 Loss :  0.0583026452422142
Epoch :  200  Epoch time :  0.5619833227247  Train L2 Loss :  0.04571517797708512
Epoch :  201  Epoch time :  0.5619141068309546  Train L2 Loss :  0.04352686058878898
Epoch :  202  Epoch time :  0.5618613632395864  Train L2 Loss :  0.043356101888418194
Epoch :  203  Epoch time :  0.5614660056307912  Train L2 Loss :  0.04329650569558144
Epoch :  204  Epoch time :  0.5612464332953095  Train L2 Loss :  0.04426547883152962
Epoch :  205  Epoch time :  0.5612735068425536  Train L2 Loss :  0.044236796116828916
Epoch :  206  Epoch time :  0.5632556118071079  Train L2 Loss :  0.04403084961175919
Epoch :  207  Epoch time :  0.5624518264085054  Train L2 Loss :  0.04464741430282593
Epoch :  208  Epoch time :  0.5650040544569492  Train L2 Loss :  0.044430410647392275
Epoch :  209  Epoch time :  0.5614675609394908  Train L2 Loss :  0.044823555433750155
Epoch :  210  Epoch time :  0.5628862418234348  Train L2 Loss :  0.04531306817531586
Epoch :  211  Epoch time :  0.563551764935255  Train L2 Loss :  0.044872649025917054
Epoch :  212  Epoch time :  0.562883734703064  Train L2 Loss :  0.04536753141880035
Epoch :  213  Epoch time :  0.5621573692187667  Train L2 Loss :  0.044714323580265045
Epoch :  214  Epoch time :  0.5628170939162374  Train L2 Loss :  0.044765955156087875
Epoch :  215  Epoch time :  0.5615826575085521  Train L2 Loss :  0.045203688037395474
Epoch :  216  Epoch time :  0.5619374876841903  Train L2 Loss :  0.0441862334728241
Epoch :  217  Epoch time :  0.5614231806248426  Train L2 Loss :  0.04523675575256347
Epoch :  218  Epoch time :  0.5615460341796279  Train L2 Loss :  0.04476173186302185
Epoch :  219  Epoch time :  0.5618410678580403  Train L2 Loss :  0.044623051595687864
Epoch :  220  Epoch time :  0.5619591502472758  Train L2 Loss :  0.04502113606929779
Epoch :  221  Epoch time :  0.5631041554734111  Train L2 Loss :  0.0441489850461483
Epoch :  222  Epoch time :  0.5618013022467494  Train L2 Loss :  0.04414468439817429
Epoch :  223  Epoch time :  0.5620482945814729  Train L2 Loss :  0.044161178731918334
Epoch :  224  Epoch time :  0.5619561523199081  Train L2 Loss :  0.043860047620534894
Epoch :  225  Epoch time :  0.5611532870680094  Train L2 Loss :  0.04464339556694031
Epoch :  226  Epoch time :  0.5622018072754145  Train L2 Loss :  0.04482983584403992
Epoch :  227  Epoch time :  0.561919660307467  Train L2 Loss :  0.044652413415908816
Epoch :  228  Epoch time :  0.5623893905431032  Train L2 Loss :  0.044609912693500516
Epoch :  229  Epoch time :  0.5630423109978437  Train L2 Loss :  0.04305009397268295
Epoch :  230  Epoch time :  0.5619867509230971  Train L2 Loss :  0.04463267149925232
Epoch :  231  Epoch time :  0.5615324703976512  Train L2 Loss :  0.04337438651919365
Epoch :  232  Epoch time :  0.5617883484810591  Train L2 Loss :  0.04449424409866333
Epoch :  233  Epoch time :  0.5618902537971735  Train L2 Loss :  0.04347691382169724
Epoch :  234  Epoch time :  0.5619037328287959  Train L2 Loss :  0.04359938017725944
Epoch :  235  Epoch time :  0.5613253694027662  Train L2 Loss :  0.0441530601978302
Epoch :  236  Epoch time :  0.5630198214203119  Train L2 Loss :  0.042338153266906736
Epoch :  237  Epoch time :  0.5616545015946031  Train L2 Loss :  0.04236694058775902
Epoch :  238  Epoch time :  0.5620291782543063  Train L2 Loss :  0.042563099896907805
Epoch :  239  Epoch time :  0.5623160935938358  Train L2 Loss :  0.04344978737831116
Epoch :  240  Epoch time :  0.5615545520558953  Train L2 Loss :  0.04351730923652649
Epoch :  241  Epoch time :  0.5614315485581756  Train L2 Loss :  0.0434752446770668
Epoch :  242  Epoch time :  0.5621940540149808  Train L2 Loss :  0.04340085262656212
Epoch :  243  Epoch time :  0.5617661597207189  Train L2 Loss :  0.04347800719738006
Epoch :  244  Epoch time :  0.568042466416955  Train L2 Loss :  0.043200449311733245
Epoch :  245  Epoch time :  0.5626751119270921  Train L2 Loss :  0.04247196248173714
Epoch :  246  Epoch time :  0.5631669191643596  Train L2 Loss :  0.04247110941410065
Epoch :  247  Epoch time :  0.5625197580084205  Train L2 Loss :  0.04309893521666527
Epoch :  248  Epoch time :  0.5628832001239061  Train L2 Loss :  0.04215517135262489
Epoch :  249  Epoch time :  0.5623955093324184  Train L2 Loss :  0.04228433691263199
Epoch :  250  Epoch time :  0.5629397695884109  Train L2 Loss :  0.04228233894109726
Epoch :  251  Epoch time :  0.5641676476225257  Train L2 Loss :  0.04171475620865822
Epoch :  252  Epoch time :  0.5627223001793027  Train L2 Loss :  0.042212140917778015
Epoch :  253  Epoch time :  0.5623604338616133  Train L2 Loss :  0.042710293835401536
Epoch :  254  Epoch time :  0.5622222209349275  Train L2 Loss :  0.041942544949054715
Epoch :  255  Epoch time :  0.5622746292501688  Train L2 Loss :  0.042262717950344086
Epoch :  256  Epoch time :  0.5625890819355845  Train L2 Loss :  0.041837261652946475
Epoch :  257  Epoch time :  0.5623489068821073  Train L2 Loss :  0.04298025580644608
Epoch :  258  Epoch time :  0.5627620629966259  Train L2 Loss :  0.04201949276328087
Epoch :  259  Epoch time :  0.5636916970834136  Train L2 Loss :  0.04234482591152191
Epoch :  260  Epoch time :  0.5627478817477822  Train L2 Loss :  0.04169718801379204
Epoch :  261  Epoch time :  0.5626021362841129  Train L2 Loss :  0.04145166803598404
Epoch :  262  Epoch time :  0.5628084288910031  Train L2 Loss :  0.04100687401294708
Epoch :  263  Epoch time :  0.5627166014164686  Train L2 Loss :  0.04203568052053452
Epoch :  264  Epoch time :  0.5633152704685926  Train L2 Loss :  0.04097518882751465
Epoch :  265  Epoch time :  0.5633578356355429  Train L2 Loss :  0.04128709620833397
Epoch :  266  Epoch time :  0.562083619646728  Train L2 Loss :  0.041301722586154936
Epoch :  267  Epoch time :  0.5621207738295197  Train L2 Loss :  0.041200456964969635
Epoch :  268  Epoch time :  0.5619791494682431  Train L2 Loss :  0.04035493761301041
Epoch :  269  Epoch time :  0.5618907092139125  Train L2 Loss :  0.0413718116402626
Epoch :  270  Epoch time :  0.5620481483638287  Train L2 Loss :  0.040421937370300295
Epoch :  271  Epoch time :  0.5625127451494336  Train L2 Loss :  0.0408385577917099
Epoch :  272  Epoch time :  0.5625751493498683  Train L2 Loss :  0.041149407643079755
Epoch :  273  Epoch time :  0.5624683313071728  Train L2 Loss :  0.04133824620842934
Epoch :  274  Epoch time :  0.5637040827423334  Train L2 Loss :  0.04069056714773178
Epoch :  275  Epoch time :  0.5621523335576057  Train L2 Loss :  0.040417206954956056
Epoch :  276  Epoch time :  0.5621384214609861  Train L2 Loss :  0.04160534457564354
Epoch :  277  Epoch time :  0.5618664287030697  Train L2 Loss :  0.040297158229351045
Epoch :  278  Epoch time :  0.5628634970635176  Train L2 Loss :  0.04046981828808784
Epoch :  279  Epoch time :  0.5626102741807699  Train L2 Loss :  0.03981877298355103
Epoch :  280  Epoch time :  0.5624305950477719  Train L2 Loss :  0.04057862122058868
Epoch :  281  Epoch time :  0.5632652752101421  Train L2 Loss :  0.04058533262610436
Epoch :  282  Epoch time :  0.5623797550797462  Train L2 Loss :  0.039633663964271544
Epoch :  283  Epoch time :  0.5633121831342578  Train L2 Loss :  0.03975126535892486
Epoch :  284  Epoch time :  0.5624725921079516  Train L2 Loss :  0.040087799030542375
Epoch :  285  Epoch time :  0.5630271378904581  Train L2 Loss :  0.04090566691160202
Epoch :  286  Epoch time :  0.5630549984052777  Train L2 Loss :  0.03978051298856735
Epoch :  287  Epoch time :  0.5632774494588375  Train L2 Loss :  0.03938584230542183
Epoch :  288  Epoch time :  0.5627503897994757  Train L2 Loss :  0.040069501185417175
Epoch :  289  Epoch time :  0.5645419731736183  Train L2 Loss :  0.03973352777957916
Epoch :  290  Epoch time :  0.5632278714329004  Train L2 Loss :  0.03947703691124916
Epoch :  291  Epoch time :  0.5629728008061647  Train L2 Loss :  0.03945561408400536
Epoch :  292  Epoch time :  0.5632868763059378  Train L2 Loss :  0.040444249272346494
Epoch :  293  Epoch time :  0.5618432341143489  Train L2 Loss :  0.04029701508283615
Epoch :  294  Epoch time :  0.562843969091773  Train L2 Loss :  0.03893713294267655
Epoch :  295  Epoch time :  0.5689862370491028  Train L2 Loss :  0.03965402624607086
Epoch :  296  Epoch time :  0.5642207507044077  Train L2 Loss :  0.04034763971567154
Epoch :  297  Epoch time :  0.5645012576133013  Train L2 Loss :  0.03913829486966133
Epoch :  298  Epoch time :  0.5635738391429186  Train L2 Loss :  0.03920217453241348
Epoch :  299  Epoch time :  0.5633140970021486  Train L2 Loss :  0.038879346406459805
Epoch :  300  Epoch time :  0.5629428960382938  Train L2 Loss :  0.03482559525966644
Epoch :  301  Epoch time :  0.5630962895229459  Train L2 Loss :  0.03433101115226746
Epoch :  302  Epoch time :  0.5629416620358825  Train L2 Loss :  0.034531630909442904
Epoch :  303  Epoch time :  0.5647636447101831  Train L2 Loss :  0.034322326618433
Epoch :  304  Epoch time :  0.5627095689997077  Train L2 Loss :  0.03452135812044144
Epoch :  305  Epoch time :  0.56305873952806  Train L2 Loss :  0.03445213414430618
Epoch :  306  Epoch time :  0.5643233237788081  Train L2 Loss :  0.03460441918075085
Epoch :  307  Epoch time :  0.5631704870611429  Train L2 Loss :  0.034770783388614654
Epoch :  308  Epoch time :  0.5629618726670742  Train L2 Loss :  0.034743366506695746
Epoch :  309  Epoch time :  0.5630118856206536  Train L2 Loss :  0.03458603759407997
Epoch :  310  Epoch time :  0.5629483265802264  Train L2 Loss :  0.03454083333015442
Epoch :  311  Epoch time :  0.5644429782405496  Train L2 Loss :  0.03457159594893455
Epoch :  312  Epoch time :  0.5634153038263321  Train L2 Loss :  0.03466221413016319
Epoch :  313  Epoch time :  0.5626647928729653  Train L2 Loss :  0.03468510502576828
Epoch :  314  Epoch time :  0.5629491358995438  Train L2 Loss :  0.03458411764502525
Epoch :  315  Epoch time :  0.5630866875872016  Train L2 Loss :  0.03453888441622257
Epoch :  316  Epoch time :  0.5625463416799903  Train L2 Loss :  0.03467782990336418
Epoch :  317  Epoch time :  0.5648346301168203  Train L2 Loss :  0.03452754083275795
Epoch :  318  Epoch time :  0.5640202946960926  Train L2 Loss :  0.03440611771345139
Epoch :  319  Epoch time :  0.5632508927956223  Train L2 Loss :  0.034610950779914856
Epoch :  320  Epoch time :  0.563173501752317  Train L2 Loss :  0.03484943920373917
Epoch :  321  Epoch time :  0.5629112375900149  Train L2 Loss :  0.03446279224157334
Epoch :  322  Epoch time :  0.5628254897892475  Train L2 Loss :  0.03457866499423981
Epoch :  323  Epoch time :  0.5625827889889479  Train L2 Loss :  0.034416919165849685
Epoch :  324  Epoch time :  0.5628775171935558  Train L2 Loss :  0.03442876077890396
Epoch :  325  Epoch time :  0.5640703970566392  Train L2 Loss :  0.03438010457754135
Epoch :  326  Epoch time :  0.563149600289762  Train L2 Loss :  0.034668814784288404
Epoch :  327  Epoch time :  0.5631410833448172  Train L2 Loss :  0.03453975853919983
Epoch :  328  Epoch time :  0.5629950556904078  Train L2 Loss :  0.03416544869542122
Epoch :  329  Epoch time :  0.5625736741349101  Train L2 Loss :  0.03429263014793396
Epoch :  330  Epoch time :  0.562971094623208  Train L2 Loss :  0.03396864985227585
Epoch :  331  Epoch time :  0.5630214372649789  Train L2 Loss :  0.03399865779280663
Epoch :  332  Epoch time :  0.5628462629392743  Train L2 Loss :  0.03436616624593735
Epoch :  333  Epoch time :  0.5639991983771324  Train L2 Loss :  0.03414367569088936
Epoch :  334  Epoch time :  0.5626192362979054  Train L2 Loss :  0.033895870745182036
Epoch :  335  Epoch time :  0.562842751853168  Train L2 Loss :  0.03427742319703102
Epoch :  336  Epoch time :  0.563086268492043  Train L2 Loss :  0.03368509945869446
Epoch :  337  Epoch time :  0.5624472256749868  Train L2 Loss :  0.034056759333610534
Epoch :  338  Epoch time :  0.5624874150380492  Train L2 Loss :  0.03386581389904022
Epoch :  339  Epoch time :  0.5621099835261703  Train L2 Loss :  0.033826390594244006
Epoch :  340  Epoch time :  0.5629454981535673  Train L2 Loss :  0.03402264254689217
Epoch :  341  Epoch time :  0.5632277065888047  Train L2 Loss :  0.033852144134044644
Epoch :  342  Epoch time :  0.5630336962640285  Train L2 Loss :  0.03424949161410332
Epoch :  343  Epoch time :  0.56234510242939  Train L2 Loss :  0.03375058691203594
Epoch :  344  Epoch time :  0.5629107989370823  Train L2 Loss :  0.03386016355752945
Epoch :  345  Epoch time :  0.562267092987895  Train L2 Loss :  0.03378521273136139
Epoch :  346  Epoch time :  0.5624504843726754  Train L2 Loss :  0.0337962614685297
Epoch :  347  Epoch time :  0.5629812087863684  Train L2 Loss :  0.03372106506228447
Epoch :  348  Epoch time :  0.56967628095299  Train L2 Loss :  0.033464059925079344
Epoch :  349  Epoch time :  0.5644863098859787  Train L2 Loss :  0.03357807881832123
Epoch :  350  Epoch time :  0.5635442780330777  Train L2 Loss :  0.03345038034319878
Epoch :  351  Epoch time :  0.5631184000521898  Train L2 Loss :  0.033768582057952884
Epoch :  352  Epoch time :  0.5630402490496635  Train L2 Loss :  0.03348535268902779
Epoch :  353  Epoch time :  0.5627769166603684  Train L2 Loss :  0.03347785825133324
Epoch :  354  Epoch time :  0.5632028514519334  Train L2 Loss :  0.033502947890758514
Epoch :  355  Epoch time :  0.562364287674427  Train L2 Loss :  0.03346918039321899
Epoch :  356  Epoch time :  0.5650936085730791  Train L2 Loss :  0.03354830478429794
Epoch :  357  Epoch time :  0.563975129276514  Train L2 Loss :  0.03331733512878418
Epoch :  358  Epoch time :  0.5646191071718931  Train L2 Loss :  0.03345533413290978
Epoch :  359  Epoch time :  0.5639187823981047  Train L2 Loss :  0.03327058659791946
Epoch :  360  Epoch time :  0.5638270247727633  Train L2 Loss :  0.0330589688628912
Epoch :  361  Epoch time :  0.5639480883255601  Train L2 Loss :  0.033588378262519834
Epoch :  362  Epoch time :  0.5641744397580624  Train L2 Loss :  0.033363862228393555
Epoch :  363  Epoch time :  0.5654876260086894  Train L2 Loss :  0.03313894258737564
Epoch :  364  Epoch time :  0.5638306029140949  Train L2 Loss :  0.03307579682767391
Epoch :  365  Epoch time :  0.5638106307014823  Train L2 Loss :  0.03313399920463562
Epoch :  366  Epoch time :  0.5633497973904014  Train L2 Loss :  0.03304184611439705
Epoch :  367  Epoch time :  0.5636068191379309  Train L2 Loss :  0.03300662140250206
Epoch :  368  Epoch time :  0.5634171199053526  Train L2 Loss :  0.03310293833017349
Epoch :  369  Epoch time :  0.5636454485356808  Train L2 Loss :  0.033169110357761385
Epoch :  370  Epoch time :  0.5659638186916709  Train L2 Loss :  0.033121312987804415
Epoch :  371  Epoch time :  0.5644702911376953  Train L2 Loss :  0.032952614784240726
Epoch :  372  Epoch time :  0.5635959831997752  Train L2 Loss :  0.0329003150254488
Epoch :  373  Epoch time :  0.5664643412455916  Train L2 Loss :  0.033096947526931764
Epoch :  374  Epoch time :  0.5653604082763195  Train L2 Loss :  0.03305758756399155
Epoch :  375  Epoch time :  0.5752274403348565  Train L2 Loss :  0.03271748200953007
Epoch :  376  Epoch time :  0.5832315804436803  Train L2 Loss :  0.03280756398439407
Epoch :  377  Epoch time :  0.5789591642096639  Train L2 Loss :  0.032746056199073795
Epoch :  378  Epoch time :  0.5735885184258223  Train L2 Loss :  0.032758309575915336
Epoch :  379  Epoch time :  0.5707651749253273  Train L2 Loss :  0.033082951402664186
Epoch :  380  Epoch time :  0.5704211592674255  Train L2 Loss :  0.03263684296607971
Epoch :  381  Epoch time :  0.5710796006023884  Train L2 Loss :  0.03292919763326645
Epoch :  382  Epoch time :  0.5904669743031263  Train L2 Loss :  0.032839793479442596
Epoch :  383  Epoch time :  0.5670478604733944  Train L2 Loss :  0.03268659725785256
Epoch :  384  Epoch time :  0.5728554325178266  Train L2 Loss :  0.03274661865234375
Epoch :  385  Epoch time :  0.5760105727240443  Train L2 Loss :  0.03266614758968353
Epoch :  386  Epoch time :  0.5713759353384376  Train L2 Loss :  0.03262346924543381
Epoch :  387  Epoch time :  0.569506854750216  Train L2 Loss :  0.03266509474515915
Epoch :  388  Epoch time :  0.5706191705539823  Train L2 Loss :  0.03239364519119263
Epoch :  389  Epoch time :  0.5799282239750028  Train L2 Loss :  0.0323076646566391
Epoch :  390  Epoch time :  0.5814262069761753  Train L2 Loss :  0.03242151237726212
Epoch :  391  Epoch time :  0.5679620848968625  Train L2 Loss :  0.03230195729136467
Epoch :  392  Epoch time :  0.5781545359641314  Train L2 Loss :  0.0325342802464962
Epoch :  393  Epoch time :  0.5710628144443035  Train L2 Loss :  0.03255472961068153
Epoch :  394  Epoch time :  0.5686641689389944  Train L2 Loss :  0.032651360780000686
Epoch :  395  Epoch time :  0.5683558527380228  Train L2 Loss :  0.032419758141040804
Epoch :  396  Epoch time :  0.5711829382926226  Train L2 Loss :  0.03247178676128387
Epoch :  397  Epoch time :  0.577806880697608  Train L2 Loss :  0.03228840743303299
Epoch :  398  Epoch time :  0.5776454452425241  Train L2 Loss :  0.03229019504189491
Epoch :  399  Epoch time :  0.5688899848610163  Train L2 Loss :  0.03214499979019165
Epoch :  400  Epoch time :  0.5739618157967925  Train L2 Loss :  0.030462822276353836
Epoch :  401  Epoch time :  0.5653775651007891  Train L2 Loss :  0.030267889273166655
Epoch :  402  Epoch time :  0.5637921513989568  Train L2 Loss :  0.030431479787826538
Epoch :  403  Epoch time :  0.5637906985357404  Train L2 Loss :  0.030383509987592698
Epoch :  404  Epoch time :  0.566697895526886  Train L2 Loss :  0.03042731390595436
Epoch :  405  Epoch time :  0.5645390590652823  Train L2 Loss :  0.0303091528236866
Epoch :  406  Epoch time :  0.5647126100957394  Train L2 Loss :  0.03034008635878563
Epoch :  407  Epoch time :  0.5805436689406633  Train L2 Loss :  0.03037185463309288
Epoch :  408  Epoch time :  0.5833010692149401  Train L2 Loss :  0.03030188597738743
Epoch :  409  Epoch time :  0.5766511131078005  Train L2 Loss :  0.030396224486827852
Epoch :  410  Epoch time :  0.5691295508295298  Train L2 Loss :  0.03036855764389038
Epoch :  411  Epoch time :  0.5732142869383097  Train L2 Loss :  0.030332163536548613
Epoch :  412  Epoch time :  0.5675584496930242  Train L2 Loss :  0.030310965454578398
Epoch :  413  Epoch time :  0.5639025429263711  Train L2 Loss :  0.030321393659710885
Epoch :  414  Epoch time :  0.5627384623512626  Train L2 Loss :  0.03032589740753174
Epoch :  415  Epoch time :  0.562992999330163  Train L2 Loss :  0.03032640129327774
Epoch :  416  Epoch time :  0.5631027752533555  Train L2 Loss :  0.030330051654577254
Epoch :  417  Epoch time :  0.5664955778047442  Train L2 Loss :  0.030291338422894477
Epoch :  418  Epoch time :  0.5617710575461388  Train L2 Loss :  0.030260968577861785
Epoch :  419  Epoch time :  0.5624727951362729  Train L2 Loss :  0.030270357185602188
Epoch :  420  Epoch time :  0.5624726293608546  Train L2 Loss :  0.03026688995361328
Epoch :  421  Epoch time :  0.5622480604797602  Train L2 Loss :  0.030273250544071196
Epoch :  422  Epoch time :  0.5642428286373615  Train L2 Loss :  0.030246833169460297
Epoch :  423  Epoch time :  0.5625656498596072  Train L2 Loss :  0.030195097076892854
Epoch :  424  Epoch time :  0.5626320596784353  Train L2 Loss :  0.030195581287145615
Epoch :  425  Epoch time :  0.5620261300355196  Train L2 Loss :  0.030209410846233367
Epoch :  426  Epoch time :  0.5614472106099129  Train L2 Loss :  0.030199061325192452
Epoch :  427  Epoch time :  0.5622099852189422  Train L2 Loss :  0.030142769169807435
Epoch :  428  Epoch time :  0.5641627851873636  Train L2 Loss :  0.030162776112556456
Epoch :  429  Epoch time :  0.5606951341032982  Train L2 Loss :  0.030090379667282105
Epoch :  430  Epoch time :  0.5625860607251525  Train L2 Loss :  0.030102556318044663
Epoch :  431  Epoch time :  0.5622302060946822  Train L2 Loss :  0.030070030248165132
Epoch :  432  Epoch time :  0.5623144507408142  Train L2 Loss :  0.030084102392196655
Epoch :  433  Epoch time :  0.5618018368259072  Train L2 Loss :  0.03007960553765297
Epoch :  434  Epoch time :  0.5623272890225053  Train L2 Loss :  0.030067733654379845
Epoch :  435  Epoch time :  0.5626285606995225  Train L2 Loss :  0.02997842481136322
Epoch :  436  Epoch time :  0.5622160071507096  Train L2 Loss :  0.030046632236242293
Epoch :  437  Epoch time :  0.5629073474556208  Train L2 Loss :  0.029955149444937705
Epoch :  438  Epoch time :  0.561166251078248  Train L2 Loss :  0.030095861136913298
Epoch :  439  Epoch time :  0.5614357320591807  Train L2 Loss :  0.029974361026287078
Epoch :  440  Epoch time :  0.5626154150813818  Train L2 Loss :  0.029936433231830598
Epoch :  441  Epoch time :  0.5616401312872767  Train L2 Loss :  0.030068297117948534
Epoch :  442  Epoch time :  0.562114086933434  Train L2 Loss :  0.029858992427587508
Epoch :  443  Epoch time :  0.5614032866433263  Train L2 Loss :  0.030022483855485917
Epoch :  444  Epoch time :  0.5612225495278835  Train L2 Loss :  0.0299029184281826
Epoch :  445  Epoch time :  0.5620569959282875  Train L2 Loss :  0.029830085507035257
Epoch :  446  Epoch time :  0.5618864558637142  Train L2 Loss :  0.0298254211217165
Epoch :  447  Epoch time :  0.561266683973372  Train L2 Loss :  0.02977680358886719
Epoch :  448  Epoch time :  0.5610891804099083  Train L2 Loss :  0.029885017794370652
Epoch :  449  Epoch time :  0.5617149993777275  Train L2 Loss :  0.029932476341724395
Epoch :  450  Epoch time :  0.5614497857168317  Train L2 Loss :  0.029811057144403456
Epoch :  451  Epoch time :  0.561572041362524  Train L2 Loss :  0.02976919210553169
Epoch :  452  Epoch time :  0.5658285617828369  Train L2 Loss :  0.029827262300252913
Epoch :  453  Epoch time :  0.5638651642948389  Train L2 Loss :  0.029757296752929686
Epoch :  454  Epoch time :  0.5616886503994465  Train L2 Loss :  0.029664088243246078
Epoch :  455  Epoch time :  0.5621905103325844  Train L2 Loss :  0.029718478804826736
Epoch :  456  Epoch time :  0.5618899594992399  Train L2 Loss :  0.029710651218891142
Epoch :  457  Epoch time :  0.5614737132564187  Train L2 Loss :  0.029689837551116944
Epoch :  458  Epoch time :  0.5619526850059628  Train L2 Loss :  0.029705011993646623
Epoch :  459  Epoch time :  0.5620061764493585  Train L2 Loss :  0.02958786238729954
Epoch :  460  Epoch time :  0.5634549716487527  Train L2 Loss :  0.029631857126951218
Epoch :  461  Epoch time :  0.5611976496875286  Train L2 Loss :  0.029637309676408766
Epoch :  462  Epoch time :  0.5618916749954224  Train L2 Loss :  0.029634238868951796
Epoch :  463  Epoch time :  0.5613068258389831  Train L2 Loss :  0.029587046295404436
Epoch :  464  Epoch time :  0.5650837291032076  Train L2 Loss :  0.02955666263997555
Epoch :  465  Epoch time :  0.561191069893539  Train L2 Loss :  0.02950437473654747
Epoch :  466  Epoch time :  0.561780234798789  Train L2 Loss :  0.029625947591662406
Epoch :  467  Epoch time :  0.561849370598793  Train L2 Loss :  0.0295970173060894
Epoch :  468  Epoch time :  0.5614877780899405  Train L2 Loss :  0.029582035085558893
Epoch :  469  Epoch time :  0.5614070147275925  Train L2 Loss :  0.02948741119503975
Epoch :  470  Epoch time :  0.5609660241752863  Train L2 Loss :  0.029536486899852752
Epoch :  471  Epoch time :  0.5619202703237534  Train L2 Loss :  0.029489931204915047
Epoch :  472  Epoch time :  0.5611316906288266  Train L2 Loss :  0.029502307230234146
Epoch :  473  Epoch time :  0.5607756953686476  Train L2 Loss :  0.0294151416182518
Epoch :  474  Epoch time :  0.5608910024166107  Train L2 Loss :  0.029431780475378037
Epoch :  475  Epoch time :  0.5624039638787508  Train L2 Loss :  0.029460780680179596
Epoch :  476  Epoch time :  0.562379970215261  Train L2 Loss :  0.02944735216498375
Epoch :  477  Epoch time :  0.5609761010855436  Train L2 Loss :  0.029375407227873802
Epoch :  478  Epoch time :  0.561908989213407  Train L2 Loss :  0.029327511221170426
Epoch :  479  Epoch time :  0.561240416020155  Train L2 Loss :  0.029340621876716613
Epoch :  480  Epoch time :  0.5615669880062342  Train L2 Loss :  0.029345030933618545
Epoch :  481  Epoch time :  0.5616854121908545  Train L2 Loss :  0.029309620344638826
Epoch :  482  Epoch time :  0.5634589185938239  Train L2 Loss :  0.0293034743309021
Epoch :  483  Epoch time :  0.5617843270301819  Train L2 Loss :  0.02933460829257965
Epoch :  484  Epoch time :  0.5624081268906593  Train L2 Loss :  0.029245037257671355
Epoch :  485  Epoch time :  0.5626543331891298  Train L2 Loss :  0.029195245027542113
Epoch :  486  Epoch time :  0.5623542238026857  Train L2 Loss :  0.02920370432138443
Epoch :  487  Epoch time :  0.5618976075202227  Train L2 Loss :  0.029262580960989
Epoch :  488  Epoch time :  0.5617866022512317  Train L2 Loss :  0.029161481600999833
Epoch :  489  Epoch time :  0.5621862141415477  Train L2 Loss :  0.02922932217121124
Epoch :  490  Epoch time :  0.5630821259692311  Train L2 Loss :  0.02920283699929714
Epoch :  491  Epoch time :  0.5618698690086603  Train L2 Loss :  0.029210214418172835
Epoch :  492  Epoch time :  0.5620644586160779  Train L2 Loss :  0.029081477427482606
Epoch :  493  Epoch time :  0.5617997478693724  Train L2 Loss :  0.029056805661320687
Epoch :  494  Epoch time :  0.5619915314018726  Train L2 Loss :  0.02910897757411003
Epoch :  495  Epoch time :  0.5609503258019686  Train L2 Loss :  0.02901411247253418
Epoch :  496  Epoch time :  0.5611032992601395  Train L2 Loss :  0.02914869595170021
Epoch :  497  Epoch time :  0.5621106205508113  Train L2 Loss :  0.029034245210886003
Epoch :  498  Epoch time :  0.5616037081927061  Train L2 Loss :  0.029056547665596007
Epoch :  499  Epoch time :  0.5614437963813543  Train L2 Loss :  0.02906043870449066
Epoch :  500  Epoch time :  0.5611791973933578  Train L2 Loss :  0.028221944391727448
Epoch :  501  Epoch time :  0.5610716184601188  Train L2 Loss :  0.028138559764623643
Epoch :  502  Epoch time :  0.5606339043006301  Train L2 Loss :  0.028111595687270164
Epoch :  503  Epoch time :  0.5608168244361877  Train L2 Loss :  0.0281066787481308
Epoch :  504  Epoch time :  0.5610381262376904  Train L2 Loss :  0.028132066336274148
Epoch :  505  Epoch time :  0.5688998894765973  Train L2 Loss :  0.02814017027616501
Epoch :  506  Epoch time :  0.5625461880117655  Train L2 Loss :  0.02812335813641548
Epoch :  507  Epoch time :  0.5625710152089596  Train L2 Loss :  0.028116569221019745
Epoch :  508  Epoch time :  0.5628398405387998  Train L2 Loss :  0.028102393183112143
Epoch :  509  Epoch time :  0.5621120929718018  Train L2 Loss :  0.028175500559806825
Epoch :  510  Epoch time :  0.5625359183177352  Train L2 Loss :  0.02807571486234665
Epoch :  511  Epoch time :  0.5620808321982622  Train L2 Loss :  0.028124438044428827
Epoch :  512  Epoch time :  0.5622335383668542  Train L2 Loss :  0.028111993038654328
Epoch :  513  Epoch time :  0.5616655927151442  Train L2 Loss :  0.02808360551595688
Epoch :  514  Epoch time :  0.5622199922800064  Train L2 Loss :  0.028102604842185974
Epoch :  515  Epoch time :  0.5618398506194353  Train L2 Loss :  0.028075730484724046
Epoch :  516  Epoch time :  0.5620651235803962  Train L2 Loss :  0.028105467912554742
Epoch :  517  Epoch time :  0.5615801885724068  Train L2 Loss :  0.028066277426481247
Epoch :  518  Epoch time :  0.5619649980217218  Train L2 Loss :  0.02805399899482727
Epoch :  519  Epoch time :  0.5616634367033839  Train L2 Loss :  0.02802605868577957
Epoch :  520  Epoch time :  0.5637208698317409  Train L2 Loss :  0.028048004934191705
Epoch :  521  Epoch time :  0.5613727299496531  Train L2 Loss :  0.028062248477339746
Epoch :  522  Epoch time :  0.5620501264929771  Train L2 Loss :  0.028061398541927338
Epoch :  523  Epoch time :  0.5620622662827373  Train L2 Loss :  0.02804050187766552
Epoch :  524  Epoch time :  0.5623140223324299  Train L2 Loss :  0.02804581359028816
Epoch :  525  Epoch time :  0.5620400840416551  Train L2 Loss :  0.02801211484670639
Epoch :  526  Epoch time :  0.5621245019137859  Train L2 Loss :  0.027991122889518737
Epoch :  527  Epoch time :  0.5623168917372823  Train L2 Loss :  0.027981688153743745
Epoch :  528  Epoch time :  0.5626263152807951  Train L2 Loss :  0.027972961130738258
Epoch :  529  Epoch time :  0.5621887547895312  Train L2 Loss :  0.027962856906652452
Epoch :  530  Epoch time :  0.5626387968659401  Train L2 Loss :  0.027960988625884056
Epoch :  531  Epoch time :  0.561737715266645  Train L2 Loss :  0.02796035749912262
Epoch :  532  Epoch time :  0.562444587238133  Train L2 Loss :  0.02798418076336384
Epoch :  533  Epoch time :  0.561751164495945  Train L2 Loss :  0.027910012942552565
Epoch :  534  Epoch time :  0.562112744897604  Train L2 Loss :  0.027911692115664483
Epoch :  535  Epoch time :  0.5674368599429727  Train L2 Loss :  0.027936425948143006
Epoch :  536  Epoch time :  0.5619015609845519  Train L2 Loss :  0.0279484032869339
Epoch :  537  Epoch time :  0.5612097755074501  Train L2 Loss :  0.02789973603785038
Epoch :  538  Epoch time :  0.5618308428674936  Train L2 Loss :  0.027945182490348816
Epoch :  539  Epoch time :  0.5616896683350205  Train L2 Loss :  0.027858561927080156
Epoch :  540  Epoch time :  0.5618410287424922  Train L2 Loss :  0.027915726602077483
Epoch :  541  Epoch time :  0.5618903050199151  Train L2 Loss :  0.027861773049831392
Epoch :  542  Epoch time :  0.5634574387222528  Train L2 Loss :  0.027898033034801484
Epoch :  543  Epoch time :  0.5615385798737407  Train L2 Loss :  0.02788688393831253
Epoch :  544  Epoch time :  0.5617997292429209  Train L2 Loss :  0.02788192456960678
Epoch :  545  Epoch time :  0.5610427334904671  Train L2 Loss :  0.027839652532339096
Epoch :  546  Epoch time :  0.5620653154328465  Train L2 Loss :  0.027884631061553956
Epoch :  547  Epoch time :  0.5621954537928104  Train L2 Loss :  0.027861843353509903
Epoch :  548  Epoch time :  0.5616046693176031  Train L2 Loss :  0.027839700898528098
Epoch :  549  Epoch time :  0.5618578884750605  Train L2 Loss :  0.02782082248330116
Epoch :  550  Epoch time :  0.5631000380963087  Train L2 Loss :  0.02782280600667
Epoch :  551  Epoch time :  0.5615984927862883  Train L2 Loss :  0.027836636412143706
Epoch :  552  Epoch time :  0.5615895772352815  Train L2 Loss :  0.027827217200398446
Epoch :  553  Epoch time :  0.5614672657102346  Train L2 Loss :  0.02781784083247185
Epoch :  554  Epoch time :  0.5620067454874516  Train L2 Loss :  0.027776960921287536
Epoch :  555  Epoch time :  0.5614393157884479  Train L2 Loss :  0.02772366225719452
Epoch :  556  Epoch time :  0.5619004797190428  Train L2 Loss :  0.02777205733656883
Epoch :  557  Epoch time :  0.5629897434264421  Train L2 Loss :  0.02777380437552929
Epoch :  558  Epoch time :  0.5619745394214988  Train L2 Loss :  0.027767632746696472
Epoch :  559  Epoch time :  0.5615695584565401  Train L2 Loss :  0.02775661232471466
Epoch :  560  Epoch time :  0.5620331997051835  Train L2 Loss :  0.02773393975496292
Epoch :  561  Epoch time :  0.5613448359072208  Train L2 Loss :  0.027698349544405938
Epoch :  562  Epoch time :  0.5612296750769019  Train L2 Loss :  0.027742354935407637
Epoch :  563  Epoch time :  0.5613535642623901  Train L2 Loss :  0.027745561087131502
Epoch :  564  Epoch time :  0.5612859670072794  Train L2 Loss :  0.027672630155086517
Epoch :  565  Epoch time :  0.5689139440655708  Train L2 Loss :  0.027730642607808113
Epoch :  566  Epoch time :  0.5625154701992869  Train L2 Loss :  0.02768350771665573
Epoch :  567  Epoch time :  0.5622088955715299  Train L2 Loss :  0.02766203993856907
Epoch :  568  Epoch time :  0.5625266144052148  Train L2 Loss :  0.027708156460523607
Epoch :  569  Epoch time :  0.561683357693255  Train L2 Loss :  0.027662318307161333
Epoch :  570  Epoch time :  0.5614582747220993  Train L2 Loss :  0.02767182308137417
Epoch :  571  Epoch time :  0.5613139281049371  Train L2 Loss :  0.027650223112106322
Epoch :  572  Epoch time :  0.5623096050694585  Train L2 Loss :  0.027598763573169708
Epoch :  573  Epoch time :  0.5614495603367686  Train L2 Loss :  0.027628369072079658
Epoch :  574  Epoch time :  0.561092502437532  Train L2 Loss :  0.027636133724451065
Epoch :  575  Epoch time :  0.5610300619155169  Train L2 Loss :  0.027647957468032835
Epoch :  576  Epoch time :  0.5614997362717986  Train L2 Loss :  0.027628321528434755
Epoch :  577  Epoch time :  0.5612906711176038  Train L2 Loss :  0.027615665888786316
Epoch :  578  Epoch time :  0.5615104530006647  Train L2 Loss :  0.027582893374562264
Epoch :  579  Epoch time :  0.5629795845597982  Train L2 Loss :  0.027614055597782135
Epoch :  580  Epoch time :  0.5638024099171162  Train L2 Loss :  0.027590385815501214
Epoch :  581  Epoch time :  0.5621648477390409  Train L2 Loss :  0.027583581349253653
Epoch :  582  Epoch time :  0.5622924389317632  Train L2 Loss :  0.02756463640034199
Epoch :  583  Epoch time :  0.5633488073945045  Train L2 Loss :  0.027584473010897635
Epoch :  584  Epoch time :  0.5616948427632451  Train L2 Loss :  0.02754004760980606
Epoch :  585  Epoch time :  0.5622599748894572  Train L2 Loss :  0.02751721419095993
Epoch :  586  Epoch time :  0.5624886145815253  Train L2 Loss :  0.027554304242134096
Epoch :  587  Epoch time :  0.5627105413004756  Train L2 Loss :  0.027555713999271394
Epoch :  588  Epoch time :  0.562461469322443  Train L2 Loss :  0.027484591895341873
Epoch :  589  Epoch time :  0.5649189408868551  Train L2 Loss :  0.027513024857640265
Epoch :  590  Epoch time :  0.5621900660917163  Train L2 Loss :  0.027477007454633714
Epoch :  591  Epoch time :  0.562170572578907  Train L2 Loss :  0.02752049150466919
Epoch :  592  Epoch time :  0.5621646111831069  Train L2 Loss :  0.027542679160833358
Epoch :  593  Epoch time :  0.5616412796080112  Train L2 Loss :  0.027487045109272003
Epoch :  594  Epoch time :  0.5624696677550673  Train L2 Loss :  0.02747745918929577
Epoch :  595  Epoch time :  0.5631969487294555  Train L2 Loss :  0.02749087835550308
Epoch :  596  Epoch time :  0.5619810996577144  Train L2 Loss :  0.0274742649435997
Epoch :  597  Epoch time :  0.5618993556126952  Train L2 Loss :  0.027472220772504805
Epoch :  598  Epoch time :  0.5622378038242459  Train L2 Loss :  0.027441672366857527
Epoch :  599  Epoch time :  0.5623301034793258  Train L2 Loss :  0.027444819414615632
Epoch :  600  Epoch time :  0.5618288991972804  Train L2 Loss :  0.027028235390782356
Epoch :  601  Epoch time :  0.5618679951876402  Train L2 Loss :  0.02700582166314125
Epoch :  602  Epoch time :  0.5640852097421885  Train L2 Loss :  0.02699233132004738
Epoch :  603  Epoch time :  0.5623720558360219  Train L2 Loss :  0.0269791732609272
Epoch :  604  Epoch time :  0.5623026480898261  Train L2 Loss :  0.02700340477526188
Epoch :  605  Epoch time :  0.5620508026331663  Train L2 Loss :  0.02701093917489052
Epoch :  606  Epoch time :  0.5671814484521747  Train L2 Loss :  0.026983552008867265
Epoch :  607  Epoch time :  0.563229588791728  Train L2 Loss :  0.026991628378629683
Epoch :  608  Epoch time :  0.5620079915970564  Train L2 Loss :  0.026977598023414612
Epoch :  609  Epoch time :  0.5618975907564163  Train L2 Loss :  0.026969410240650176
Epoch :  610  Epoch time :  0.564064234495163  Train L2 Loss :  0.026963905894756317
Epoch :  611  Epoch time :  0.561909114010632  Train L2 Loss :  0.026967347767949103
Epoch :  612  Epoch time :  0.5621376456692815  Train L2 Loss :  0.02698409881591797
Epoch :  613  Epoch time :  0.5623064460232854  Train L2 Loss :  0.026976182380318642
Epoch :  614  Epoch time :  0.5627149492502213  Train L2 Loss :  0.026952511650323866
Epoch :  615  Epoch time :  0.5623988658189774  Train L2 Loss :  0.02696012094914913
Epoch :  616  Epoch time :  0.562174255028367  Train L2 Loss :  0.026998370909690858
Epoch :  617  Epoch time :  0.5636425819247961  Train L2 Loss :  0.026960212725400924
Epoch :  618  Epoch time :  0.5618434371426702  Train L2 Loss :  0.026963655304908754
Epoch :  619  Epoch time :  0.5611563278362155  Train L2 Loss :  0.026954136419296264
Epoch :  620  Epoch time :  0.562169142998755  Train L2 Loss :  0.02693361855149269
Epoch :  621  Epoch time :  0.5618208395317197  Train L2 Loss :  0.026947628861665726
Epoch :  622  Epoch time :  0.5623622294515371  Train L2 Loss :  0.0269484937697649
Epoch :  623  Epoch time :  0.5616087447851896  Train L2 Loss :  0.026963629698753357
Epoch :  624  Epoch time :  0.5633610123768449  Train L2 Loss :  0.026915225425362586
Epoch :  625  Epoch time :  0.5696777366101742  Train L2 Loss :  0.02692592306137085
Epoch :  626  Epoch time :  0.5631645424291492  Train L2 Loss :  0.02691903398036957
Epoch :  627  Epoch time :  0.5630669062957168  Train L2 Loss :  0.026918234157562254
Epoch :  628  Epoch time :  0.5633838251233101  Train L2 Loss :  0.02691807238459587
Epoch :  629  Epoch time :  0.5625546872615814  Train L2 Loss :  0.026905021959543227
Epoch :  630  Epoch time :  0.5622930228710175  Train L2 Loss :  0.026913291174173355
Epoch :  631  Epoch time :  0.5627209469676018  Train L2 Loss :  0.026922673785686493
Epoch :  632  Epoch time :  0.5625473791733384  Train L2 Loss :  0.02692014222741127
Epoch :  633  Epoch time :  0.5623181341215968  Train L2 Loss :  0.02690793223977089
Epoch :  634  Epoch time :  0.5619126176461577  Train L2 Loss :  0.02690310258567333
Epoch :  635  Epoch time :  0.5618585236370564  Train L2 Loss :  0.026865917575359343
Epoch :  636  Epoch time :  0.5624103099107742  Train L2 Loss :  0.026886924630403517
Epoch :  637  Epoch time :  0.5618591280654073  Train L2 Loss :  0.026884441792964935
Epoch :  638  Epoch time :  0.5622295951470733  Train L2 Loss :  0.026877255970239638
Epoch :  639  Epoch time :  0.5619979426264763  Train L2 Loss :  0.026864441055059432
Epoch :  640  Epoch time :  0.5636876299977303  Train L2 Loss :  0.026878115570545195
Epoch :  641  Epoch time :  0.5620107781141996  Train L2 Loss :  0.026883046591281892
Epoch :  642  Epoch time :  0.563815894536674  Train L2 Loss :  0.02689169103205204
Epoch :  643  Epoch time :  0.5624087750911713  Train L2 Loss :  0.02684440815448761
Epoch :  644  Epoch time :  0.5623344527557492  Train L2 Loss :  0.026861984312534334
Epoch :  645  Epoch time :  0.5621706899255514  Train L2 Loss :  0.026850578653812407
Epoch :  646  Epoch time :  0.5621946305036545  Train L2 Loss :  0.026835268115997315
Epoch :  647  Epoch time :  0.5620704218745232  Train L2 Loss :  0.026840535736083984
Epoch :  648  Epoch time :  0.5623819446191192  Train L2 Loss :  0.02684973228573799
Epoch :  649  Epoch time :  0.5622702371329069  Train L2 Loss :  0.026812058341503145
Epoch :  650  Epoch time :  0.5620713867247105  Train L2 Loss :  0.02683278777897358
Epoch :  651  Epoch time :  0.56143678445369  Train L2 Loss :  0.026814586898684503
Epoch :  652  Epoch time :  0.5625529894605279  Train L2 Loss :  0.026824714478850365
Epoch :  653  Epoch time :  0.5629525687545538  Train L2 Loss :  0.026825545936822893
Epoch :  654  Epoch time :  0.5638818964362144  Train L2 Loss :  0.026807865661382674
Epoch :  655  Epoch time :  0.5629604589194059  Train L2 Loss :  0.02680478026866913
Epoch :  656  Epoch time :  0.562917010858655  Train L2 Loss :  0.026810822117328645
Epoch :  657  Epoch time :  0.5621320893988013  Train L2 Loss :  0.026796940070390702
Epoch :  658  Epoch time :  0.5623355945572257  Train L2 Loss :  0.026787880805134775
Epoch :  659  Epoch time :  0.5622028429061174  Train L2 Loss :  0.026795564526319503
Epoch :  660  Epoch time :  0.5645888298749924  Train L2 Loss :  0.026807669961452483
Epoch :  661  Epoch time :  0.5628728810697794  Train L2 Loss :  0.026789904630184172
Epoch :  662  Epoch time :  0.5644524125382304  Train L2 Loss :  0.026802420499920845
Epoch :  663  Epoch time :  0.5624636998400092  Train L2 Loss :  0.026758183884620666
Epoch :  664  Epoch time :  0.5629152311012149  Train L2 Loss :  0.026783636140823363
Epoch :  665  Epoch time :  0.562528588809073  Train L2 Loss :  0.026763036793470384
Epoch :  666  Epoch time :  0.5632084617391229  Train L2 Loss :  0.026766663578152657
Epoch :  667  Epoch time :  0.5627511749044061  Train L2 Loss :  0.026790661752223967
Epoch :  668  Epoch time :  0.5626321192830801  Train L2 Loss :  0.02674417600929737
Epoch :  669  Epoch time :  0.563984296284616  Train L2 Loss :  0.026741328340768814
Epoch :  670  Epoch time :  0.562958556227386  Train L2 Loss :  0.026759043762087823
Epoch :  671  Epoch time :  0.5628525158390403  Train L2 Loss :  0.026738491696119308
Epoch :  672  Epoch time :  0.5628726910799742  Train L2 Loss :  0.02675302996337414
Epoch :  673  Epoch time :  0.5626690918579698  Train L2 Loss :  0.026752192226052286
Epoch :  674  Epoch time :  0.5632795980200171  Train L2 Loss :  0.026726923179626466
Epoch :  675  Epoch time :  0.562363876029849  Train L2 Loss :  0.026752668577432633
Epoch :  676  Epoch time :  0.5632879929617047  Train L2 Loss :  0.026723569306731223
Epoch :  677  Epoch time :  0.5721548469737172  Train L2 Loss :  0.026726144081354142
Epoch :  678  Epoch time :  0.560532184317708  Train L2 Loss :  0.02672787448167801
Epoch :  679  Epoch time :  0.5626273304224014  Train L2 Loss :  0.026712336510419845
Epoch :  680  Epoch time :  0.5632979348301888  Train L2 Loss :  0.02672475312948227
Epoch :  681  Epoch time :  0.562993667088449  Train L2 Loss :  0.026719691652059556
Epoch :  682  Epoch time :  0.5620581200346351  Train L2 Loss :  0.026685240530967713
Epoch :  683  Epoch time :  0.5614658733829856  Train L2 Loss :  0.026695022013783456
Epoch :  684  Epoch time :  0.5685412771999836  Train L2 Loss :  0.026696615508198736
Epoch :  685  Epoch time :  0.5645627714693546  Train L2 Loss :  0.02669004180431366
Epoch :  686  Epoch time :  0.5630831457674503  Train L2 Loss :  0.0266761599779129
Epoch :  687  Epoch time :  0.5627389773726463  Train L2 Loss :  0.02667149111032486
Epoch :  688  Epoch time :  0.5633071977645159  Train L2 Loss :  0.02666619672179222
Epoch :  689  Epoch time :  0.5628102226182818  Train L2 Loss :  0.02665771657824516
Epoch :  690  Epoch time :  0.562977091409266  Train L2 Loss :  0.02666038031578064
Epoch :  691  Epoch time :  0.56255644839257  Train L2 Loss :  0.02668479854464531
Epoch :  692  Epoch time :  0.56317931227386  Train L2 Loss :  0.026658746820688247
Epoch :  693  Epoch time :  0.5628154436126351  Train L2 Loss :  0.026663210666179656
Epoch :  694  Epoch time :  0.5622450560331345  Train L2 Loss :  0.02665302472114563
Epoch :  695  Epoch time :  0.5627941098064184  Train L2 Loss :  0.026653124094009398
Epoch :  696  Epoch time :  0.5613811267539859  Train L2 Loss :  0.026655795842409135
Epoch :  697  Epoch time :  0.5618996573612094  Train L2 Loss :  0.02664378917515278
Epoch :  698  Epoch time :  0.5624336190521717  Train L2 Loss :  0.02663970883190632
Epoch :  699  Epoch time :  0.5640056421980262  Train L2 Loss :  0.026634939163923264
Epoch :  700  Epoch time :  0.5622388375923038  Train L2 Loss :  0.026414755535125733
Epoch :  701  Epoch time :  0.5620223060250282  Train L2 Loss :  0.02640960949063301
Epoch :  702  Epoch time :  0.5626848815008998  Train L2 Loss :  0.026396270567178727
Epoch :  703  Epoch time :  0.5629344545304775  Train L2 Loss :  0.02640020645260811
Epoch :  704  Epoch time :  0.5629783514887094  Train L2 Loss :  0.02639939050078392
Epoch :  705  Epoch time :  0.5613353811204433  Train L2 Loss :  0.02639225473701954
Epoch :  706  Epoch time :  0.562939865514636  Train L2 Loss :  0.02639456135034561
Epoch :  707  Epoch time :  0.561853364109993  Train L2 Loss :  0.02639233021736145
Epoch :  708  Epoch time :  0.5622158097103238  Train L2 Loss :  0.02639716454744339
Epoch :  709  Epoch time :  0.5617695571854711  Train L2 Loss :  0.026390084213018417
Epoch :  710  Epoch time :  0.5617980230599642  Train L2 Loss :  0.026397365409135818
Epoch :  711  Epoch time :  0.5624558394774795  Train L2 Loss :  0.02638319284915924
Epoch :  712  Epoch time :  0.5621779933571815  Train L2 Loss :  0.026399664893746375
Epoch :  713  Epoch time :  0.563911977224052  Train L2 Loss :  0.026388162195682525
Epoch :  714  Epoch time :  0.5630594380199909  Train L2 Loss :  0.026376741737127306
Epoch :  715  Epoch time :  0.5612270282581449  Train L2 Loss :  0.026384514194726944
Epoch :  716  Epoch time :  0.5615903241559863  Train L2 Loss :  0.026375818946957588
Epoch :  717  Epoch time :  0.5618015984073281  Train L2 Loss :  0.026396466857194902
Epoch :  718  Epoch time :  0.562061826698482  Train L2 Loss :  0.026379169881343843
Epoch :  719  Epoch time :  0.5617017829790711  Train L2 Loss :  0.026383116093277932
Epoch :  720  Epoch time :  0.5616378271952271  Train L2 Loss :  0.026378287220001222
Epoch :  721  Epoch time :  0.5622198088094592  Train L2 Loss :  0.026374637895822527
Epoch :  722  Epoch time :  0.5633588191121817  Train L2 Loss :  0.026364580523967743
Epoch :  723  Epoch time :  0.5618597231805325  Train L2 Loss :  0.026359317222237586
Epoch :  724  Epoch time :  0.5624814545735717  Train L2 Loss :  0.026372701478004454
Epoch :  725  Epoch time :  0.5621920768171549  Train L2 Loss :  0.02636792335510254
Epoch :  726  Epoch time :  0.5619227113202214  Train L2 Loss :  0.026366881212592126
Epoch :  727  Epoch time :  0.5636312374845147  Train L2 Loss :  0.026356431290507316
Epoch :  728  Epoch time :  0.562676995061338  Train L2 Loss :  0.02636013095378876
Epoch :  729  Epoch time :  0.5637858407571912  Train L2 Loss :  0.026357337549328803
Epoch :  730  Epoch time :  0.5625606365501881  Train L2 Loss :  0.02634669386744499
Epoch :  731  Epoch time :  0.5632751937955618  Train L2 Loss :  0.02635413072705269
Epoch :  732  Epoch time :  0.5628286739811301  Train L2 Loss :  0.026340247854590416
Epoch :  733  Epoch time :  0.5621805330738425  Train L2 Loss :  0.026340738385915757
Epoch :  734  Epoch time :  0.5628952728584409  Train L2 Loss :  0.026348938393592834
Epoch :  735  Epoch time :  0.5621757879853249  Train L2 Loss :  0.0263433090865612
Epoch :  736  Epoch time :  0.5643823333084583  Train L2 Loss :  0.026341079187393188
Epoch :  737  Epoch time :  0.5626822840422392  Train L2 Loss :  0.026342132955789566
Epoch :  738  Epoch time :  0.5629602391272783  Train L2 Loss :  0.02634151120185852
Epoch :  739  Epoch time :  0.5629460942000151  Train L2 Loss :  0.026336794352531435
Epoch :  740  Epoch time :  0.5632995991036296  Train L2 Loss :  0.026332479563355445
Epoch :  741  Epoch time :  0.5621687266975641  Train L2 Loss :  0.026327228730916977
Epoch :  742  Epoch time :  0.5627827420830727  Train L2 Loss :  0.026325927376747132
Epoch :  743  Epoch time :  0.5631949957460165  Train L2 Loss :  0.026324488037824632
Epoch :  744  Epoch time :  0.5701477564871311  Train L2 Loss :  0.026328778558969496
Epoch :  745  Epoch time :  0.5644197138026357  Train L2 Loss :  0.026319611120224
Epoch :  746  Epoch time :  0.5638230033218861  Train L2 Loss :  0.026312426209449766
Epoch :  747  Epoch time :  0.5629025027155876  Train L2 Loss :  0.02632702978849411
Epoch :  748  Epoch time :  0.5634324187412858  Train L2 Loss :  0.026318395936489106
Epoch :  749  Epoch time :  0.56560028064996  Train L2 Loss :  0.02630315208733082
Epoch :  750  Epoch time :  0.5629846323281527  Train L2 Loss :  0.026309310430288314
Epoch :  751  Epoch time :  0.5635018199682236  Train L2 Loss :  0.026313912692666055
Epoch :  752  Epoch time :  0.5642164796590805  Train L2 Loss :  0.02629938268661499
Epoch :  753  Epoch time :  0.562456107698381  Train L2 Loss :  0.026305034437775612
Epoch :  754  Epoch time :  0.5630945730954409  Train L2 Loss :  0.026308438819646836
Epoch :  755  Epoch time :  0.5624151024967432  Train L2 Loss :  0.02630263659954071
Epoch :  756  Epoch time :  0.5635743048042059  Train L2 Loss :  0.026310159558057784
Epoch :  757  Epoch time :  0.562459034845233  Train L2 Loss :  0.026292952460050582
Epoch :  758  Epoch time :  0.5627296576276422  Train L2 Loss :  0.026299146702885627
Epoch :  759  Epoch time :  0.564543092623353  Train L2 Loss :  0.02630866357088089
Epoch :  760  Epoch time :  0.5630907649174333  Train L2 Loss :  0.026285028648376466
Epoch :  761  Epoch time :  0.562529812566936  Train L2 Loss :  0.02629981496334076
Epoch :  762  Epoch time :  0.5627619326114655  Train L2 Loss :  0.026292760521173478
Epoch :  763  Epoch time :  0.5627292916178703  Train L2 Loss :  0.02628492846786976
Epoch :  764  Epoch time :  0.5632355157285929  Train L2 Loss :  0.026274526154994964
Epoch :  765  Epoch time :  0.5631654523313046  Train L2 Loss :  0.02629003526866436
Epoch :  766  Epoch time :  0.564020405523479  Train L2 Loss :  0.026282202476263047
Epoch :  767  Epoch time :  0.5627858592197299  Train L2 Loss :  0.026290386515855788
Epoch :  768  Epoch time :  0.562704804353416  Train L2 Loss :  0.026285446679592133
Epoch :  769  Epoch time :  0.5626498693600297  Train L2 Loss :  0.02628585633635521
Epoch :  770  Epoch time :  0.5627392018213868  Train L2 Loss :  0.026270189383625984
Epoch :  771  Epoch time :  0.5628596702590585  Train L2 Loss :  0.02626297028660774
Epoch :  772  Epoch time :  0.5629628412425518  Train L2 Loss :  0.026263863956928254
Epoch :  773  Epoch time :  0.562384138815105  Train L2 Loss :  0.026254724299907686
Epoch :  774  Epoch time :  0.5631789099425077  Train L2 Loss :  0.026247365421056747
Epoch :  775  Epoch time :  0.5622096909210086  Train L2 Loss :  0.026263969755172728
Epoch :  776  Epoch time :  0.5628763819113374  Train L2 Loss :  0.026264470919966698
Epoch :  777  Epoch time :  0.5632060496136546  Train L2 Loss :  0.02625088436603546
Epoch :  778  Epoch time :  0.5631125215440989  Train L2 Loss :  0.026246498158574105
Epoch :  779  Epoch time :  0.5627777958288789  Train L2 Loss :  0.026247318494319917
Epoch :  780  Epoch time :  0.5622825250029564  Train L2 Loss :  0.026260669112205506
Epoch :  781  Epoch time :  0.5643665762618184  Train L2 Loss :  0.026247975695133208
Epoch :  782  Epoch time :  0.5624572606757283  Train L2 Loss :  0.02625857338309288
Epoch :  783  Epoch time :  0.5620689978823066  Train L2 Loss :  0.026251843494176863
Epoch :  784  Epoch time :  0.5623277751728892  Train L2 Loss :  0.026249806600809097
Epoch :  785  Epoch time :  0.5624860627576709  Train L2 Loss :  0.02624468332529068
Epoch :  786  Epoch time :  0.5623327009379864  Train L2 Loss :  0.02623810477554798
Epoch :  787  Epoch time :  0.5618472099304199  Train L2 Loss :  0.026245243939757346
Epoch :  788  Epoch time :  0.5625324137508869  Train L2 Loss :  0.026238421568274498
Epoch :  789  Epoch time :  0.5634962935000658  Train L2 Loss :  0.026244328558444975
Epoch :  790  Epoch time :  0.5623277872800827  Train L2 Loss :  0.02623815199136734
Epoch :  791  Epoch time :  0.561731263063848  Train L2 Loss :  0.02623761887550354
Epoch :  792  Epoch time :  0.5623922850936651  Train L2 Loss :  0.026238030001521112
Epoch :  793  Epoch time :  0.5623095277696848  Train L2 Loss :  0.02623036971092224
Epoch :  794  Epoch time :  0.5625456525012851  Train L2 Loss :  0.026220452052354813
Epoch :  795  Epoch time :  0.5633494174107909  Train L2 Loss :  0.026238228252530096
Epoch :  796  Epoch time :  0.5627694306895137  Train L2 Loss :  0.02620817021727562
Epoch :  797  Epoch time :  0.5617542341351509  Train L2 Loss :  0.0262153866648674
Epoch :  798  Epoch time :  0.5625972570851445  Train L2 Loss :  0.02621273720264435
Epoch :  799  Epoch time :  0.5621236199513078  Train L2 Loss :  0.026210357823967932
Epoch :  800  Epoch time :  0.5620050858706236  Train L2 Loss :  0.026097160440683366
Epoch :  801  Epoch time :  0.5637136185541749  Train L2 Loss :  0.026096430134773255
Epoch :  802  Epoch time :  0.5640133358538151  Train L2 Loss :  0.026093911349773406
Epoch :  803  Epoch time :  0.5626148395240307  Train L2 Loss :  0.0260907166659832
Epoch :  804  Epoch time :  0.571836419403553  Train L2 Loss :  0.026091175019741057
Epoch :  805  Epoch time :  0.5639384686946869  Train L2 Loss :  0.02609269734621048
Epoch :  806  Epoch time :  0.5632395138964057  Train L2 Loss :  0.026090506303310394
Epoch :  807  Epoch time :  0.5633165072649717  Train L2 Loss :  0.026091278409957886
Epoch :  808  Epoch time :  0.56317756511271  Train L2 Loss :  0.026087043994665146
Epoch :  809  Epoch time :  0.5636335192248225  Train L2 Loss :  0.026086549055576325
Epoch :  810  Epoch time :  0.5630986420437694  Train L2 Loss :  0.02609185345172882
Epoch :  811  Epoch time :  0.5628289300948381  Train L2 Loss :  0.02608145127892494
Epoch :  812  Epoch time :  0.5634058387950063  Train L2 Loss :  0.026086732533574103
Epoch :  813  Epoch time :  0.5626694178208709  Train L2 Loss :  0.02608161325752735
Epoch :  814  Epoch time :  0.562995869666338  Train L2 Loss :  0.02608615385591984
Epoch :  815  Epoch time :  0.5632058382034302  Train L2 Loss :  0.026085273611545563
Epoch :  816  Epoch time :  0.5627089841291308  Train L2 Loss :  0.02607928036749363
Epoch :  817  Epoch time :  0.563148258253932  Train L2 Loss :  0.026082455199956892
Epoch :  818  Epoch time :  0.563267289660871  Train L2 Loss :  0.026081809651851653
Epoch :  819  Epoch time :  0.5646730782464147  Train L2 Loss :  0.02607192403078079
Epoch :  820  Epoch time :  0.5653248904272914  Train L2 Loss :  0.026074156939983367
Epoch :  821  Epoch time :  0.5633269269019365  Train L2 Loss :  0.02608089148402214
Epoch :  822  Epoch time :  0.5637440541759133  Train L2 Loss :  0.02607525637447834
Epoch :  823  Epoch time :  0.5631192037835717  Train L2 Loss :  0.026074169111251832
Epoch :  824  Epoch time :  0.5630413871258497  Train L2 Loss :  0.026070292153954507
Epoch :  825  Epoch time :  0.5632740659639239  Train L2 Loss :  0.02607182492017746
Epoch :  826  Epoch time :  0.5634943572804332  Train L2 Loss :  0.026068360823392867
Epoch :  827  Epoch time :  0.5627002082765102  Train L2 Loss :  0.026062900486588478
Epoch :  828  Epoch time :  0.5636463817209005  Train L2 Loss :  0.026071651297807693
Epoch :  829  Epoch time :  0.5628721062093973  Train L2 Loss :  0.02606736207604408
Epoch :  830  Epoch time :  0.5633479347452521  Train L2 Loss :  0.026067162463068963
Epoch :  831  Epoch time :  0.5629168059676886  Train L2 Loss :  0.026066626405715942
Epoch :  832  Epoch time :  0.5658180359750986  Train L2 Loss :  0.02606496221423149
Epoch :  833  Epoch time :  0.5636873384937644  Train L2 Loss :  0.026061120361089707
Epoch :  834  Epoch time :  0.5704568279907107  Train L2 Loss :  0.026058611688017846
Epoch :  835  Epoch time :  0.562482301145792  Train L2 Loss :  0.02606901884675026
Epoch :  836  Epoch time :  0.56301049888134  Train L2 Loss :  0.026062254816293717
Epoch :  837  Epoch time :  0.5638236980885267  Train L2 Loss :  0.02606783494055271
Epoch :  838  Epoch time :  0.5637949872761965  Train L2 Loss :  0.02606041352748871
Epoch :  839  Epoch time :  0.5628619277849793  Train L2 Loss :  0.026056050592660904
Epoch :  840  Epoch time :  0.5644010528922081  Train L2 Loss :  0.0260548657476902
Epoch :  841  Epoch time :  0.5628984114155173  Train L2 Loss :  0.02605416368842125
Epoch :  842  Epoch time :  0.5635511446744204  Train L2 Loss :  0.026051520413160324
Epoch :  843  Epoch time :  0.5640960326418281  Train L2 Loss :  0.026046986439824105
Epoch :  844  Epoch time :  0.5625130860134959  Train L2 Loss :  0.026054236373305322
Epoch :  845  Epoch time :  0.5627384940162301  Train L2 Loss :  0.026050530776381493
Epoch :  846  Epoch time :  0.5626947702839971  Train L2 Loss :  0.02605389587879181
Epoch :  847  Epoch time :  0.5637823771685362  Train L2 Loss :  0.02604878278374672
Epoch :  848  Epoch time :  0.5628744512796402  Train L2 Loss :  0.026049491158127786
Epoch :  849  Epoch time :  0.5634773252531886  Train L2 Loss :  0.026045634776353837
Epoch :  850  Epoch time :  0.563183537684381  Train L2 Loss :  0.02604721197485924
Epoch :  851  Epoch time :  0.5624300660565495  Train L2 Loss :  0.02604763508439064
Epoch :  852  Epoch time :  0.5632516983896494  Train L2 Loss :  0.026041126358509064
Epoch :  853  Epoch time :  0.5626207618042827  Train L2 Loss :  0.026039741855859756
Epoch :  854  Epoch time :  0.5642254771664739  Train L2 Loss :  0.026043177717924117
Epoch :  855  Epoch time :  0.5630305660888553  Train L2 Loss :  0.0260439504802227
Epoch :  856  Epoch time :  0.562405550852418  Train L2 Loss :  0.026042181646823884
Epoch :  857  Epoch time :  0.5624694610014558  Train L2 Loss :  0.026037698459625246
Epoch :  858  Epoch time :  0.5626448728144169  Train L2 Loss :  0.026041269105672837
Epoch :  859  Epoch time :  0.5620345827192068  Train L2 Loss :  0.026030491489171984
Epoch :  860  Epoch time :  0.5629908004775643  Train L2 Loss :  0.02603762099146843
Epoch :  861  Epoch time :  0.5714489789679646  Train L2 Loss :  0.02603318313360214
Epoch :  862  Epoch time :  0.5644555604085326  Train L2 Loss :  0.026032157218456267
Epoch :  863  Epoch time :  0.5632214024662971  Train L2 Loss :  0.026031565952301026
Epoch :  864  Epoch time :  0.5632874136790633  Train L2 Loss :  0.026037200066447257
Epoch :  865  Epoch time :  0.5632586991414428  Train L2 Loss :  0.026027649849653244
Epoch :  866  Epoch time :  0.563678402453661  Train L2 Loss :  0.02603258148133755
Epoch :  867  Epoch time :  0.5631532045081258  Train L2 Loss :  0.026032124626636507
Epoch :  868  Epoch time :  0.5639856029301882  Train L2 Loss :  0.026021176141500475
Epoch :  869  Epoch time :  0.563243948854506  Train L2 Loss :  0.02602238113284111
Epoch :  870  Epoch time :  0.5626370171085  Train L2 Loss :  0.026022657591104507
Epoch :  871  Epoch time :  0.5624903002753854  Train L2 Loss :  0.026024276328086852
Epoch :  872  Epoch time :  0.5620450684800744  Train L2 Loss :  0.026027194398641585
Epoch :  873  Epoch time :  0.5644733430817723  Train L2 Loss :  0.026024993881583212
Epoch :  874  Epoch time :  0.5625465018674731  Train L2 Loss :  0.026028587821125986
Epoch :  875  Epoch time :  0.5649077370762825  Train L2 Loss :  0.026013089403510093
Epoch :  876  Epoch time :  0.5630053374916315  Train L2 Loss :  0.026018190580606462
Epoch :  877  Epoch time :  0.5630386248230934  Train L2 Loss :  0.026022807025909422
Epoch :  878  Epoch time :  0.5632108766585588  Train L2 Loss :  0.02602088653743267
Epoch :  879  Epoch time :  0.5631412388756871  Train L2 Loss :  0.026012828752398492
Epoch :  880  Epoch time :  0.5631257854402065  Train L2 Loss :  0.026015644055604935
Epoch :  881  Epoch time :  0.5636479994282126  Train L2 Loss :  0.026010670658946036
Epoch :  882  Epoch time :  0.563529840670526  Train L2 Loss :  0.02601177037358284
Epoch :  883  Epoch time :  0.5634232610464096  Train L2 Loss :  0.02601018218100071
Epoch :  884  Epoch time :  0.563033995218575  Train L2 Loss :  0.026014282971620558
Epoch :  885  Epoch time :  0.5633353609591722  Train L2 Loss :  0.026017442870140076
Epoch :  886  Epoch time :  0.5636914493516088  Train L2 Loss :  0.026014737597107887
Epoch :  887  Epoch time :  0.5630368571728468  Train L2 Loss :  0.026006243240833282
Epoch :  888  Epoch time :  0.5638747597113252  Train L2 Loss :  0.02600732190310955
Epoch :  889  Epoch time :  0.5636151377111673  Train L2 Loss :  0.02601141474545002
Epoch :  890  Epoch time :  0.5631931815296412  Train L2 Loss :  0.02600685830116272
Epoch :  891  Epoch time :  0.5637408476322889  Train L2 Loss :  0.026005552583932875
Epoch :  892  Epoch time :  0.5643282262608409  Train L2 Loss :  0.02600787683725357
Epoch :  893  Epoch time :  0.5636131204664707  Train L2 Loss :  0.02600921603143215
Epoch :  894  Epoch time :  0.5633402783423662  Train L2 Loss :  0.026002810287475586
Epoch :  895  Epoch time :  0.5631499504670501  Train L2 Loss :  0.025999195405840874
Epoch :  896  Epoch time :  0.564331840723753  Train L2 Loss :  0.026003725853562355
Epoch :  897  Epoch time :  0.5629600863903761  Train L2 Loss :  0.026000939416885378
Epoch :  898  Epoch time :  0.5632703173905611  Train L2 Loss :  0.025996311211586
Epoch :  899  Epoch time :  0.5630556903779507  Train L2 Loss :  0.02599728683233261
Epoch :  900  Epoch time :  0.5632393788546324  Train L2 Loss :  0.025933045616745948
Epoch :  901  Epoch time :  0.5630611591041088  Train L2 Loss :  0.025934390357136728
Epoch :  902  Epoch time :  0.5634974697604775  Train L2 Loss :  0.025931747698783876
Epoch :  903  Epoch time :  0.5652985153719783  Train L2 Loss :  0.02593242965042591
Epoch :  904  Epoch time :  0.5630459869280457  Train L2 Loss :  0.02593097239136696
Epoch :  905  Epoch time :  0.5625619925558567  Train L2 Loss :  0.025930204504728317
Epoch :  906  Epoch time :  0.5634351558983326  Train L2 Loss :  0.025929043954610823
Epoch :  907  Epoch time :  0.562378216534853  Train L2 Loss :  0.025929247123003006
Epoch :  908  Epoch time :  0.5673044454306364  Train L2 Loss :  0.025927735155820846
Epoch :  909  Epoch time :  0.5639318693429232  Train L2 Loss :  0.025930216112732888
Epoch :  910  Epoch time :  0.5640153428539634  Train L2 Loss :  0.02592510004043579
Epoch :  911  Epoch time :  0.5625286204740405  Train L2 Loss :  0.025927383488416673
Epoch :  912  Epoch time :  0.5632224706932902  Train L2 Loss :  0.02592963471710682
Epoch :  913  Epoch time :  0.5621557850390673  Train L2 Loss :  0.025930633980035783
Epoch :  914  Epoch time :  0.5627155024558306  Train L2 Loss :  0.025926183021068572
Epoch :  915  Epoch time :  0.5620801337063313  Train L2 Loss :  0.025924761712551116
Epoch :  916  Epoch time :  0.5631014006212354  Train L2 Loss :  0.025927440482378005
Epoch :  917  Epoch time :  0.5647536534816027  Train L2 Loss :  0.025924142026901246
Epoch :  918  Epoch time :  0.5710370698943734  Train L2 Loss :  0.025926876127719878
Epoch :  919  Epoch time :  0.5634192656725645  Train L2 Loss :  0.025923346051573752
Epoch :  920  Epoch time :  0.5636858716607094  Train L2 Loss :  0.02592415969967842
Epoch :  921  Epoch time :  0.5633179191499949  Train L2 Loss :  0.025923166570067407
Epoch :  922  Epoch time :  0.5638022311031818  Train L2 Loss :  0.025925113278627395
Epoch :  923  Epoch time :  0.5633009523153305  Train L2 Loss :  0.02592293429374695
Epoch :  924  Epoch time :  0.5631688637658954  Train L2 Loss :  0.025924013584852218
Epoch :  925  Epoch time :  0.5632994174957275  Train L2 Loss :  0.02592048493027687
Epoch :  926  Epoch time :  0.5647523617371917  Train L2 Loss :  0.025923575940728187
Epoch :  927  Epoch time :  0.5624840846285224  Train L2 Loss :  0.02591956033706665
Epoch :  928  Epoch time :  0.5624448210000992  Train L2 Loss :  0.02591687179505825
Epoch :  929  Epoch time :  0.562848118133843  Train L2 Loss :  0.025917184615135192
Epoch :  930  Epoch time :  0.5631649550050497  Train L2 Loss :  0.025918623113632203
Epoch :  931  Epoch time :  0.5631825178861618  Train L2 Loss :  0.02591794139444828
Epoch :  932  Epoch time :  0.5650964435189962  Train L2 Loss :  0.025917698633670806
Epoch :  933  Epoch time :  0.5631821900606155  Train L2 Loss :  0.025913612806797028
Epoch :  934  Epoch time :  0.5622381782159209  Train L2 Loss :  0.025920093074440955
Epoch :  935  Epoch time :  0.561938495375216  Train L2 Loss :  0.02591245118379593
Epoch :  936  Epoch time :  0.562774145975709  Train L2 Loss :  0.02591703076660633
Epoch :  937  Epoch time :  0.5627833725884557  Train L2 Loss :  0.025916651129722596
Epoch :  938  Epoch time :  0.5632118247449398  Train L2 Loss :  0.025914187374711038
Epoch :  939  Epoch time :  0.5630393847823143  Train L2 Loss :  0.025914134910702706
Epoch :  940  Epoch time :  0.5626636603847146  Train L2 Loss :  0.02591413488984108
Epoch :  941  Epoch time :  0.5626333262771368  Train L2 Loss :  0.02591144037246704
Epoch :  942  Epoch time :  0.5621003126725554  Train L2 Loss :  0.025912147223949432
Epoch :  943  Epoch time :  0.562543386593461  Train L2 Loss :  0.025914231449365617
Epoch :  944  Epoch time :  0.5656270245090127  Train L2 Loss :  0.025912612974643708
Epoch :  945  Epoch time :  0.5632572062313557  Train L2 Loss :  0.025911633718013763
Epoch :  946  Epoch time :  0.5629391614347696  Train L2 Loss :  0.02591166149377823
Epoch :  947  Epoch time :  0.5628106016665697  Train L2 Loss :  0.025913256168365477
Epoch :  948  Epoch time :  0.5629552388563752  Train L2 Loss :  0.025907339653372764
Epoch :  949  Epoch time :  0.5639006216078997  Train L2 Loss :  0.025910100707411766
Epoch :  950  Epoch time :  0.5643083481118083  Train L2 Loss :  0.02590690063238144
Epoch :  951  Epoch time :  0.5634196940809488  Train L2 Loss :  0.025910518822073937
Epoch :  952  Epoch time :  0.563848895020783  Train L2 Loss :  0.025907094338536264
Epoch :  953  Epoch time :  0.5640906607732177  Train L2 Loss :  0.025907129433751105
Epoch :  954  Epoch time :  0.5632801717147231  Train L2 Loss :  0.025904949522018432
Epoch :  955  Epoch time :  0.5635737245902419  Train L2 Loss :  0.025904770416021346
Epoch :  956  Epoch time :  0.5633922480046749  Train L2 Loss :  0.02590557456612587
Epoch :  957  Epoch time :  0.5634838109835982  Train L2 Loss :  0.025904238122701644
Epoch :  958  Epoch time :  0.5630898829549551  Train L2 Loss :  0.025901175796985625
Epoch :  959  Epoch time :  0.5633886391296983  Train L2 Loss :  0.025902588856220245
Epoch :  960  Epoch time :  0.5645773205906153  Train L2 Loss :  0.025902423650026322
Epoch :  961  Epoch time :  0.5631689466536045  Train L2 Loss :  0.025901703190803527
Epoch :  962  Epoch time :  0.5637065535411239  Train L2 Loss :  0.02590155758559704
Epoch :  963  Epoch time :  0.5640094028785825  Train L2 Loss :  0.02590296709537506
Epoch :  964  Epoch time :  0.5630315439775586  Train L2 Loss :  0.025896883964538573
Epoch :  965  Epoch time :  0.5629842337220907  Train L2 Loss :  0.025899791258573533
Epoch :  966  Epoch time :  0.5631897216662765  Train L2 Loss :  0.02589909393787384
Epoch :  967  Epoch time :  0.5643534110859036  Train L2 Loss :  0.025901307946443557
Epoch :  968  Epoch time :  0.5634618578478694  Train L2 Loss :  0.025900191718339922
Epoch :  969  Epoch time :  0.5633980305865407  Train L2 Loss :  0.025898115426301955
Epoch :  970  Epoch time :  0.5635083504021168  Train L2 Loss :  0.025895049831271173
Epoch :  971  Epoch time :  0.5636301506310701  Train L2 Loss :  0.025898002231121063
Epoch :  972  Epoch time :  0.5633391011506319  Train L2 Loss :  0.02589483394920826
Epoch :  973  Epoch time :  0.5639106389135122  Train L2 Loss :  0.025897322261333466
Epoch :  974  Epoch time :  0.572617425583303  Train L2 Loss :  0.02589668539762497
Epoch :  975  Epoch time :  0.5646190233528614  Train L2 Loss :  0.025898165267705917
Epoch :  976  Epoch time :  0.5641400115564466  Train L2 Loss :  0.025895685946941374
Epoch :  977  Epoch time :  0.5640235785394907  Train L2 Loss :  0.025893524113297463
Epoch :  978  Epoch time :  0.5639290856197476  Train L2 Loss :  0.025890562680363657
Epoch :  979  Epoch time :  0.5676402160897851  Train L2 Loss :  0.02589272823035717
Epoch :  980  Epoch time :  0.5646704966202378  Train L2 Loss :  0.025894947046041488
Epoch :  981  Epoch time :  0.5644752252846956  Train L2 Loss :  0.025891968435049057
Epoch :  982  Epoch time :  0.5648619867861271  Train L2 Loss :  0.025890847831964492
Epoch :  983  Epoch time :  0.563316872343421  Train L2 Loss :  0.0258894621938467
Epoch :  984  Epoch time :  0.563713988289237  Train L2 Loss :  0.025886151760816573
Epoch :  985  Epoch time :  0.5633184276521206  Train L2 Loss :  0.025891397976875306
Epoch :  986  Epoch time :  0.562376270070672  Train L2 Loss :  0.025887183323502542
Epoch :  987  Epoch time :  0.5634244475513697  Train L2 Loss :  0.02589034011363983
Epoch :  988  Epoch time :  0.564728632569313  Train L2 Loss :  0.02589150720834732
Epoch :  989  Epoch time :  0.5635432694107294  Train L2 Loss :  0.025885574716329574
Epoch :  990  Epoch time :  0.5626569874584675  Train L2 Loss :  0.025886695927381517
Epoch :  991  Epoch time :  0.5626339176669717  Train L2 Loss :  0.025887172624468803
Epoch :  992  Epoch time :  0.5635905303061008  Train L2 Loss :  0.025886310285329818
Epoch :  993  Epoch time :  0.5630828002467752  Train L2 Loss :  0.025883403128385545
Epoch :  994  Epoch time :  0.5635966435074806  Train L2 Loss :  0.025886139598488806
Epoch :  995  Epoch time :  0.5630421610549092  Train L2 Loss :  0.025883822944760323
Epoch :  996  Epoch time :  0.5633086329326034  Train L2 Loss :  0.02588572329878807
Epoch :  997  Epoch time :  0.5631721140816808  Train L2 Loss :  0.025884220722317695
Epoch :  998  Epoch time :  0.563559016212821  Train L2 Loss :  0.025885119992494585
Epoch :  999  Epoch time :  0.5623226342722774  Train L2 Loss :  0.02588362810611725
Total time is : 563.1176666114479 Total epoch is  1000
