Energy is  7.993605777301127e-15
Input dim :  128  output dim :  4096
3473
Epoch :  0  Epoch time :  0.7449399596080184  Train L2 Loss :  6.55463020324707
Epoch :  1  Epoch time :  0.5625286512076855  Train L2 Loss :  5.981928182983398
Epoch :  2  Epoch time :  0.5638676732778549  Train L2 Loss :  5.428326029968262
Epoch :  3  Epoch time :  0.563857102766633  Train L2 Loss :  5.234337481689453
Epoch :  4  Epoch time :  0.5621167542412877  Train L2 Loss :  4.901129176330566
Epoch :  5  Epoch time :  0.5591384330764413  Train L2 Loss :  4.395092729187012
Epoch :  6  Epoch time :  0.5600950196385384  Train L2 Loss :  4.2206034675598145
Epoch :  7  Epoch time :  0.5600923411548138  Train L2 Loss :  3.9024664543151855
Epoch :  8  Epoch time :  0.5613627163693309  Train L2 Loss :  3.6245689407348634
Epoch :  9  Epoch time :  0.5595587212592363  Train L2 Loss :  3.5202323371887205
Epoch :  10  Epoch time :  0.5595021620392799  Train L2 Loss :  3.454867431640625
Epoch :  11  Epoch time :  0.5590822352096438  Train L2 Loss :  3.380787819671631
Epoch :  12  Epoch time :  0.5593058429658413  Train L2 Loss :  3.2924930236816405
Epoch :  13  Epoch time :  0.558500831015408  Train L2 Loss :  3.2014256565093993
Epoch :  14  Epoch time :  0.5588015951216221  Train L2 Loss :  3.109072843170166
Epoch :  15  Epoch time :  0.5601797876879573  Train L2 Loss :  3.059396411514282
Epoch :  16  Epoch time :  0.5600333865731955  Train L2 Loss :  3.018547013092041
Epoch :  17  Epoch time :  0.5587657866999507  Train L2 Loss :  2.9806323648452757
Epoch :  18  Epoch time :  0.5581699535250664  Train L2 Loss :  2.93851403427124
Epoch :  19  Epoch time :  0.5581100378185511  Train L2 Loss :  2.882132702636719
Epoch :  20  Epoch time :  0.5577592924237251  Train L2 Loss :  2.8367785762786863
Epoch :  21  Epoch time :  0.5575606301426888  Train L2 Loss :  2.7970300926208496
Epoch :  22  Epoch time :  0.5595782659947872  Train L2 Loss :  2.7382690673828125
Epoch :  23  Epoch time :  0.5592150744050741  Train L2 Loss :  2.7049098545074464
Epoch :  24  Epoch time :  0.5581976855173707  Train L2 Loss :  2.672807885360718
Epoch :  25  Epoch time :  0.5573220606893301  Train L2 Loss :  2.648262786865234
Epoch :  26  Epoch time :  0.5577063262462616  Train L2 Loss :  2.6259784938812256
Epoch :  27  Epoch time :  0.5575127303600311  Train L2 Loss :  2.6070482223510743
Epoch :  28  Epoch time :  0.55768798943609  Train L2 Loss :  2.58817872467041
Epoch :  29  Epoch time :  0.5577271552756429  Train L2 Loss :  2.577068315887451
Epoch :  30  Epoch time :  0.5639794915914536  Train L2 Loss :  2.55557100982666
Epoch :  31  Epoch time :  0.5600476646795869  Train L2 Loss :  2.503681561279297
Epoch :  32  Epoch time :  0.5581032419577241  Train L2 Loss :  2.437965468406677
Epoch :  33  Epoch time :  0.5584088247269392  Train L2 Loss :  2.398464018249512
Epoch :  34  Epoch time :  0.5568290688097477  Train L2 Loss :  2.3762072135925294
Epoch :  35  Epoch time :  0.5584148885682225  Train L2 Loss :  2.3435550762176516
Epoch :  36  Epoch time :  0.5577708836644888  Train L2 Loss :  2.3033678131103517
Epoch :  37  Epoch time :  0.5587995368987322  Train L2 Loss :  2.2648494556427003
Epoch :  38  Epoch time :  0.5588075118139386  Train L2 Loss :  2.2207964933395385
Epoch :  39  Epoch time :  0.5577565710991621  Train L2 Loss :  2.1709281524658204
Epoch :  40  Epoch time :  0.5577717423439026  Train L2 Loss :  2.1519590656280516
Epoch :  41  Epoch time :  0.5573644293472171  Train L2 Loss :  2.1142516620635985
Epoch :  42  Epoch time :  0.5579093052074313  Train L2 Loss :  2.078781561279297
Epoch :  43  Epoch time :  0.5578128593042493  Train L2 Loss :  2.0681219833374023
Epoch :  44  Epoch time :  0.5585422078147531  Train L2 Loss :  2.042577693939209
Epoch :  45  Epoch time :  0.5608386592939496  Train L2 Loss :  2.0234235065460204
Epoch :  46  Epoch time :  0.5615332704037428  Train L2 Loss :  2.0050024108886717
Epoch :  47  Epoch time :  0.5599225321784616  Train L2 Loss :  1.995746469116211
Epoch :  48  Epoch time :  0.5625363728031516  Train L2 Loss :  1.9812855768203734
Epoch :  49  Epoch time :  0.5582528207451105  Train L2 Loss :  1.96408893699646
Epoch :  50  Epoch time :  0.5576374037191272  Train L2 Loss :  1.931533055114746
Epoch :  51  Epoch time :  0.557672455906868  Train L2 Loss :  1.9147957416534425
Epoch :  52  Epoch time :  0.559840926900506  Train L2 Loss :  1.8839773040771484
Epoch :  53  Epoch time :  0.5592976333573461  Train L2 Loss :  1.860936040878296
Epoch :  54  Epoch time :  0.5578667940571904  Train L2 Loss :  1.8358462516784668
Epoch :  55  Epoch time :  0.5582515336573124  Train L2 Loss :  1.8152741529464722
Epoch :  56  Epoch time :  0.558900005184114  Train L2 Loss :  1.7867711624145508
Epoch :  57  Epoch time :  0.5586808174848557  Train L2 Loss :  1.7647757801055908
Epoch :  58  Epoch time :  0.557707124389708  Train L2 Loss :  1.7483387866973876
Epoch :  59  Epoch time :  0.5576353240758181  Train L2 Loss :  1.7209538414001464
Epoch :  60  Epoch time :  0.5593557246029377  Train L2 Loss :  1.7136767726898194
Epoch :  61  Epoch time :  0.5585698988288641  Train L2 Loss :  1.6973280879974366
Epoch :  62  Epoch time :  0.5587338414043188  Train L2 Loss :  1.6885630268096923
Epoch :  63  Epoch time :  0.5582025852054358  Train L2 Loss :  1.6676423276901244
Epoch :  64  Epoch time :  0.5581937031820416  Train L2 Loss :  1.6828626667022706
Epoch :  65  Epoch time :  0.5576366931200027  Train L2 Loss :  1.6450439632415772
Epoch :  66  Epoch time :  0.5578890591859818  Train L2 Loss :  1.6431637363433838
Epoch :  67  Epoch time :  0.5574750155210495  Train L2 Loss :  1.6377836769104004
Epoch :  68  Epoch time :  0.5582891898229718  Train L2 Loss :  1.629758387374878
Epoch :  69  Epoch time :  0.557687072083354  Train L2 Loss :  1.6155476219177247
Epoch :  70  Epoch time :  0.557714588008821  Train L2 Loss :  1.6090990060806274
Epoch :  71  Epoch time :  0.5588953727856278  Train L2 Loss :  1.6544135278701781
Epoch :  72  Epoch time :  0.558160237967968  Train L2 Loss :  1.5972603788375854
Epoch :  73  Epoch time :  0.5570959560573101  Train L2 Loss :  1.5941129550933837
Epoch :  74  Epoch time :  0.5600464940071106  Train L2 Loss :  1.5929178730010987
Epoch :  75  Epoch time :  0.5573323797434568  Train L2 Loss :  1.5874345087051391
Epoch :  76  Epoch time :  0.5591764124110341  Train L2 Loss :  1.5863955402374268
Epoch :  77  Epoch time :  0.5573298977687955  Train L2 Loss :  1.5844202239990235
Epoch :  78  Epoch time :  0.5577049851417542  Train L2 Loss :  1.5812278915405273
Epoch :  79  Epoch time :  0.5578063912689686  Train L2 Loss :  1.5854521356582643
Epoch :  80  Epoch time :  0.5569014642387629  Train L2 Loss :  1.578749758529663
Epoch :  81  Epoch time :  0.557085620239377  Train L2 Loss :  1.5748062805175782
Epoch :  82  Epoch time :  0.5571683999150991  Train L2 Loss :  1.5678001152038574
Epoch :  83  Epoch time :  0.5578280305489898  Train L2 Loss :  1.5737721099853517
Epoch :  84  Epoch time :  0.5572215467691422  Train L2 Loss :  1.5655210929870604
Epoch :  85  Epoch time :  0.5566714564338326  Train L2 Loss :  1.5565797397613526
Epoch :  86  Epoch time :  0.556357704102993  Train L2 Loss :  1.5564563591003417
Epoch :  87  Epoch time :  0.5580518245697021  Train L2 Loss :  1.5664932922363282
Epoch :  88  Epoch time :  0.5566453021019697  Train L2 Loss :  1.539279613494873
Epoch :  89  Epoch time :  0.5563190905377269  Train L2 Loss :  1.529973371887207
Epoch :  90  Epoch time :  0.5568955931812525  Train L2 Loss :  1.526876847076416
Epoch :  91  Epoch time :  0.5576465893536806  Train L2 Loss :  1.5025595081329346
Epoch :  92  Epoch time :  0.5567888719961047  Train L2 Loss :  1.5047022365570069
Epoch :  93  Epoch time :  0.5562627725303173  Train L2 Loss :  1.4912574647903443
Epoch :  94  Epoch time :  0.5563426027074456  Train L2 Loss :  1.4833016147613525
Epoch :  95  Epoch time :  0.5564566031098366  Train L2 Loss :  1.4789792581558228
Epoch :  96  Epoch time :  0.5565736414864659  Train L2 Loss :  1.4741778007507325
Epoch :  97  Epoch time :  0.5563318906351924  Train L2 Loss :  1.4739363090515136
Epoch :  98  Epoch time :  0.5576748549938202  Train L2 Loss :  1.4665339517593383
Epoch :  99  Epoch time :  0.5565856443718076  Train L2 Loss :  1.4622560028076173
Epoch :  100  Epoch time :  0.5569907445460558  Train L2 Loss :  1.4471863229751587
Epoch :  101  Epoch time :  0.5565814599394798  Train L2 Loss :  1.4446931949615478
Epoch :  102  Epoch time :  0.5571906827390194  Train L2 Loss :  1.443611413192749
Epoch :  103  Epoch time :  0.5570255666971207  Train L2 Loss :  1.444146879386902
Epoch :  104  Epoch time :  0.557878871448338  Train L2 Loss :  1.4412433952331543
Epoch :  105  Epoch time :  0.5581062082201242  Train L2 Loss :  1.4422191574096679
Epoch :  106  Epoch time :  0.5569264069199562  Train L2 Loss :  1.4406561643600464
Epoch :  107  Epoch time :  0.5572444777935743  Train L2 Loss :  1.4392973495483399
Epoch :  108  Epoch time :  0.5568571528419852  Train L2 Loss :  1.4389617321014405
Epoch :  109  Epoch time :  0.5565375024452806  Train L2 Loss :  1.4394133464813232
Epoch :  110  Epoch time :  0.5620043743401766  Train L2 Loss :  1.4387645164489746
Epoch :  111  Epoch time :  0.557706581428647  Train L2 Loss :  1.4364887113571168
Epoch :  112  Epoch time :  0.5575009314343333  Train L2 Loss :  1.4352146381378175
Epoch :  113  Epoch time :  0.5586792640388012  Train L2 Loss :  1.4350805946350098
Epoch :  114  Epoch time :  0.5575708895921707  Train L2 Loss :  1.433434274482727
Epoch :  115  Epoch time :  0.5572604658082128  Train L2 Loss :  1.4334889797210693
Epoch :  116  Epoch time :  0.5577046405524015  Train L2 Loss :  1.434088235092163
Epoch :  117  Epoch time :  0.5575329028069973  Train L2 Loss :  1.4330184520721436
Epoch :  118  Epoch time :  0.5576305985450745  Train L2 Loss :  1.4310218711853027
Epoch :  119  Epoch time :  0.5569010972976685  Train L2 Loss :  1.4310090183258057
Epoch :  120  Epoch time :  0.5579731287434697  Train L2 Loss :  1.4317559381484986
Epoch :  121  Epoch time :  0.5576831139624119  Train L2 Loss :  1.4310250766754151
Epoch :  122  Epoch time :  0.5571854114532471  Train L2 Loss :  1.4290239553451538
Epoch :  123  Epoch time :  0.5571944210678339  Train L2 Loss :  1.430686181640625
Epoch :  124  Epoch time :  0.5576312579214573  Train L2 Loss :  1.4271325176239014
Epoch :  125  Epoch time :  0.5576018644496799  Train L2 Loss :  1.4315362144470214
Epoch :  126  Epoch time :  0.5578488325700164  Train L2 Loss :  1.4283169416427612
Epoch :  127  Epoch time :  0.5575041538104415  Train L2 Loss :  1.4258429496765137
Epoch :  128  Epoch time :  0.5591101786121726  Train L2 Loss :  1.425040926551819
Epoch :  129  Epoch time :  0.5571314617991447  Train L2 Loss :  1.4242371112823486
Epoch :  130  Epoch time :  0.5575715824961662  Train L2 Loss :  1.423831463623047
Epoch :  131  Epoch time :  0.5574947623535991  Train L2 Loss :  1.4244599885940552
Epoch :  132  Epoch time :  0.5573870902881026  Train L2 Loss :  1.4222709938049316
Epoch :  133  Epoch time :  0.5578065533190966  Train L2 Loss :  1.423677367591858
Epoch :  134  Epoch time :  0.5584235275164247  Train L2 Loss :  1.4227524757385255
Epoch :  135  Epoch time :  0.5592622263357043  Train L2 Loss :  1.4236092643737792
Epoch :  136  Epoch time :  0.5597080159932375  Train L2 Loss :  1.4218638925552367
Epoch :  137  Epoch time :  0.5588504038751125  Train L2 Loss :  1.4211266128540039
Epoch :  138  Epoch time :  0.5583353843539953  Train L2 Loss :  1.421780076599121
Epoch :  139  Epoch time :  0.5584919843822718  Train L2 Loss :  1.4200703470230103
Epoch :  140  Epoch time :  0.558582074008882  Train L2 Loss :  1.4209941913604736
Epoch :  141  Epoch time :  0.5580521849915385  Train L2 Loss :  1.4254774852752685
Epoch :  142  Epoch time :  0.5590301025658846  Train L2 Loss :  1.4181292100906373
Epoch :  143  Epoch time :  0.5593958627432585  Train L2 Loss :  1.4199819232940674
Epoch :  144  Epoch time :  0.5589846819639206  Train L2 Loss :  1.4181354148864747
Epoch :  145  Epoch time :  0.5586329698562622  Train L2 Loss :  1.418212127304077
Epoch :  146  Epoch time :  0.5585243944078684  Train L2 Loss :  1.4178052772521972
Epoch :  147  Epoch time :  0.5591453481465578  Train L2 Loss :  1.416359193611145
Epoch :  148  Epoch time :  0.5587034514173865  Train L2 Loss :  1.4155186786651612
Epoch :  149  Epoch time :  0.5592303024604917  Train L2 Loss :  1.4156485620498658
Epoch :  150  Epoch time :  0.5585215492174029  Train L2 Loss :  1.4176936933517457
Epoch :  151  Epoch time :  0.5602459078654647  Train L2 Loss :  1.4140661319732666
Epoch :  152  Epoch time :  0.5589402802288532  Train L2 Loss :  1.4157727346420288
Epoch :  153  Epoch time :  0.5587213858962059  Train L2 Loss :  1.4129724212646484
Epoch :  154  Epoch time :  0.5588972233235836  Train L2 Loss :  1.417842939376831
Epoch :  155  Epoch time :  0.5585627285763621  Train L2 Loss :  1.4124259628295899
Epoch :  156  Epoch time :  0.5585074769333005  Train L2 Loss :  1.4184933002471924
Epoch :  157  Epoch time :  0.5590276876464486  Train L2 Loss :  1.4119421873092652
Epoch :  158  Epoch time :  0.5588895287364721  Train L2 Loss :  1.4123548473358154
Epoch :  159  Epoch time :  0.5631961096078157  Train L2 Loss :  1.4123696054458619
Epoch :  160  Epoch time :  0.5600215494632721  Train L2 Loss :  1.4122965473175049
Epoch :  161  Epoch time :  0.5589833026751876  Train L2 Loss :  1.4110655773162841
Epoch :  162  Epoch time :  0.5586375799030066  Train L2 Loss :  1.4107208309173584
Epoch :  163  Epoch time :  0.5593066634610295  Train L2 Loss :  1.4091059963226318
Epoch :  164  Epoch time :  0.5595715567469597  Train L2 Loss :  1.4078638683319091
Epoch :  165  Epoch time :  0.5592631818726659  Train L2 Loss :  1.4080590459823608
Epoch :  166  Epoch time :  0.5614017890766263  Train L2 Loss :  1.408694842338562
Epoch :  167  Epoch time :  0.5592467337846756  Train L2 Loss :  1.4088570333480834
Epoch :  168  Epoch time :  0.5591183584183455  Train L2 Loss :  1.4072773036956787
Epoch :  169  Epoch time :  0.5598729411140084  Train L2 Loss :  1.407152223968506
Epoch :  170  Epoch time :  0.5601072078570724  Train L2 Loss :  1.4100272075653075
Epoch :  171  Epoch time :  0.5596400359645486  Train L2 Loss :  1.406482863998413
Epoch :  172  Epoch time :  0.5595453465357423  Train L2 Loss :  1.4078399784088136
Epoch :  173  Epoch time :  0.558731178753078  Train L2 Loss :  1.4062083335876465
Epoch :  174  Epoch time :  0.559833774343133  Train L2 Loss :  1.4053303188323976
Epoch :  175  Epoch time :  0.5588506190106273  Train L2 Loss :  1.4038810886383057
Epoch :  176  Epoch time :  0.5591436354443431  Train L2 Loss :  1.4047095598220825
Epoch :  177  Epoch time :  0.55873101670295  Train L2 Loss :  1.405960097694397
Epoch :  178  Epoch time :  0.5593354422599077  Train L2 Loss :  1.4022272541046144
Epoch :  179  Epoch time :  0.55902592651546  Train L2 Loss :  1.402919167327881
Epoch :  180  Epoch time :  0.5591761656105518  Train L2 Loss :  1.400553356552124
Epoch :  181  Epoch time :  0.5597224598750472  Train L2 Loss :  1.3993664825439454
Epoch :  182  Epoch time :  0.5585743188858032  Train L2 Loss :  1.3998996810913087
Epoch :  183  Epoch time :  0.5586630702018738  Train L2 Loss :  1.3987785133361816
Epoch :  184  Epoch time :  0.5586749389767647  Train L2 Loss :  1.3978768997192383
Epoch :  185  Epoch time :  0.5585520463064313  Train L2 Loss :  1.398551840019226
Epoch :  186  Epoch time :  0.5582889346405864  Train L2 Loss :  1.4020132230758666
Epoch :  187  Epoch time :  0.5586044434458017  Train L2 Loss :  1.3947623971939087
Epoch :  188  Epoch time :  0.5604644156992435  Train L2 Loss :  1.3917198814392089
Epoch :  189  Epoch time :  0.558724476955831  Train L2 Loss :  1.389279656982422
Epoch :  190  Epoch time :  0.5590119613334537  Train L2 Loss :  1.3911363185882568
Epoch :  191  Epoch time :  0.5590264210477471  Train L2 Loss :  1.384650860595703
Epoch :  192  Epoch time :  0.5590968709439039  Train L2 Loss :  1.3881430255889893
Epoch :  193  Epoch time :  0.5587594322860241  Train L2 Loss :  1.3838846099853515
Epoch :  194  Epoch time :  0.5589522393420339  Train L2 Loss :  1.3701469085693359
Epoch :  195  Epoch time :  0.558510827831924  Train L2 Loss :  1.3646182781219482
Epoch :  196  Epoch time :  0.5603170804679394  Train L2 Loss :  1.35985732421875
Epoch :  197  Epoch time :  0.5588331166654825  Train L2 Loss :  1.3509772994995117
Epoch :  198  Epoch time :  0.5590576063841581  Train L2 Loss :  1.3421567590713501
Epoch :  199  Epoch time :  0.5589297683909535  Train L2 Loss :  1.3357178775787353
Epoch :  200  Epoch time :  0.559412145987153  Train L2 Loss :  1.323640613937378
Epoch :  201  Epoch time :  0.5584503840655088  Train L2 Loss :  1.3188171306610108
Epoch :  202  Epoch time :  0.5589816868305206  Train L2 Loss :  1.316736808013916
Epoch :  203  Epoch time :  0.5590465245768428  Train L2 Loss :  1.3141141605377198
Epoch :  204  Epoch time :  0.5603298870846629  Train L2 Loss :  1.3111018398284913
Epoch :  205  Epoch time :  0.5592821901664138  Train L2 Loss :  1.3090251401901245
Epoch :  206  Epoch time :  0.5592197021469474  Train L2 Loss :  1.3081135681152343
Epoch :  207  Epoch time :  0.5594048956409097  Train L2 Loss :  1.3059231296539306
Epoch :  208  Epoch time :  0.5616225646808743  Train L2 Loss :  1.3050949533462524
Epoch :  209  Epoch time :  0.5598688628524542  Train L2 Loss :  1.3026069974899293
Epoch :  210  Epoch time :  0.5594735955819488  Train L2 Loss :  1.3023346797943116
Epoch :  211  Epoch time :  0.5633185300976038  Train L2 Loss :  1.3005153134346008
Epoch :  212  Epoch time :  0.5610096091404557  Train L2 Loss :  1.2979482807159424
Epoch :  213  Epoch time :  0.5603598300367594  Train L2 Loss :  1.2972442562103272
Epoch :  214  Epoch time :  0.5603240635246038  Train L2 Loss :  1.2977517642974854
Epoch :  215  Epoch time :  0.5600550761446357  Train L2 Loss :  1.2956589698791503
Epoch :  216  Epoch time :  0.5603047451004386  Train L2 Loss :  1.2938962436676025
Epoch :  217  Epoch time :  0.5608141906559467  Train L2 Loss :  1.2923118343353273
Epoch :  218  Epoch time :  0.5600889278575778  Train L2 Loss :  1.2914194118499756
Epoch :  219  Epoch time :  0.5617084614932537  Train L2 Loss :  1.2909975254058839
Epoch :  220  Epoch time :  0.5605270573869348  Train L2 Loss :  1.2900407493591308
Epoch :  221  Epoch time :  0.5600333260372281  Train L2 Loss :  1.2883796342849732
Epoch :  222  Epoch time :  0.5606070337817073  Train L2 Loss :  1.2872130271911622
Epoch :  223  Epoch time :  0.5597061412408948  Train L2 Loss :  1.2861216665267945
Epoch :  224  Epoch time :  0.5604986380785704  Train L2 Loss :  1.2858024629592895
Epoch :  225  Epoch time :  0.5599243380129337  Train L2 Loss :  1.2849212675094603
Epoch :  226  Epoch time :  0.5600079102441669  Train L2 Loss :  1.2845288591384887
Epoch :  227  Epoch time :  0.565014036372304  Train L2 Loss :  1.2832724449157715
Epoch :  228  Epoch time :  0.5597016122192144  Train L2 Loss :  1.283017574119568
Epoch :  229  Epoch time :  0.5594429643824697  Train L2 Loss :  1.2821256797790528
Epoch :  230  Epoch time :  0.5594685599207878  Train L2 Loss :  1.2799683977127074
Epoch :  231  Epoch time :  0.5588325532153249  Train L2 Loss :  1.2794207241058349
Epoch :  232  Epoch time :  0.5589701682329178  Train L2 Loss :  1.279540354156494
Epoch :  233  Epoch time :  0.558723509311676  Train L2 Loss :  1.2789091648101807
Epoch :  234  Epoch time :  0.560966407880187  Train L2 Loss :  1.278743518447876
Epoch :  235  Epoch time :  0.5593913588672876  Train L2 Loss :  1.2770405849456787
Epoch :  236  Epoch time :  0.5598740661516786  Train L2 Loss :  1.2765992797851562
Epoch :  237  Epoch time :  0.5594730405136943  Train L2 Loss :  1.2761184801101684
Epoch :  238  Epoch time :  0.5593947162851691  Train L2 Loss :  1.2747981910705566
Epoch :  239  Epoch time :  0.5594199383631349  Train L2 Loss :  1.2756771724700928
Epoch :  240  Epoch time :  0.5595978861674666  Train L2 Loss :  1.2739511714935303
Epoch :  241  Epoch time :  0.5608481829985976  Train L2 Loss :  1.2745730894088745
Epoch :  242  Epoch time :  0.5596035933122039  Train L2 Loss :  1.2730553968429565
Epoch :  243  Epoch time :  0.5595533736050129  Train L2 Loss :  1.2720376403808593
Epoch :  244  Epoch time :  0.5595484562218189  Train L2 Loss :  1.271707635307312
Epoch :  245  Epoch time :  0.5602538213133812  Train L2 Loss :  1.2710144788742066
Epoch :  246  Epoch time :  0.5595300514250994  Train L2 Loss :  1.2704713319778442
Epoch :  247  Epoch time :  0.5595566648989916  Train L2 Loss :  1.2708787197113036
Epoch :  248  Epoch time :  0.560253988020122  Train L2 Loss :  1.2698337757110596
Epoch :  249  Epoch time :  0.5609944676980376  Train L2 Loss :  1.2698201798439026
Epoch :  250  Epoch time :  0.5600943462923169  Train L2 Loss :  1.268468133544922
Epoch :  251  Epoch time :  0.5604823362082243  Train L2 Loss :  1.2678698301315308
Epoch :  252  Epoch time :  0.5594349345192313  Train L2 Loss :  1.2682346883773803
Epoch :  253  Epoch time :  0.5599185097962618  Train L2 Loss :  1.2674573799133302
Epoch :  254  Epoch time :  0.5598752880468965  Train L2 Loss :  1.2674410842895507
Epoch :  255  Epoch time :  0.5598089676350355  Train L2 Loss :  1.2669011098861693
Epoch :  256  Epoch time :  0.5612175455316901  Train L2 Loss :  1.2658703155517579
Epoch :  257  Epoch time :  0.5600658105686307  Train L2 Loss :  1.2657701484680175
Epoch :  258  Epoch time :  0.5597029896453023  Train L2 Loss :  1.265313963508606
Epoch :  259  Epoch time :  0.5593201145529747  Train L2 Loss :  1.264979062461853
Epoch :  260  Epoch time :  0.5594901600852609  Train L2 Loss :  1.263672258758545
Epoch :  261  Epoch time :  0.5592827210202813  Train L2 Loss :  1.2634962495803832
Epoch :  262  Epoch time :  0.5600546775385737  Train L2 Loss :  1.2631973068237305
Epoch :  263  Epoch time :  0.560270787216723  Train L2 Loss :  1.2644289558410644
Epoch :  264  Epoch time :  0.5652353875339031  Train L2 Loss :  1.2618662061691284
Epoch :  265  Epoch time :  0.5605012383311987  Train L2 Loss :  1.26142386302948
Epoch :  266  Epoch time :  0.5608516382053494  Train L2 Loss :  1.262926764678955
Epoch :  267  Epoch time :  0.5605907868593931  Train L2 Loss :  1.2612932775497436
Epoch :  268  Epoch time :  0.5606474746018648  Train L2 Loss :  1.2606138702392577
Epoch :  269  Epoch time :  0.5608730996027589  Train L2 Loss :  1.25994340133667
Epoch :  270  Epoch time :  0.5607421603053808  Train L2 Loss :  1.2601416797637939
Epoch :  271  Epoch time :  0.5638433434069157  Train L2 Loss :  1.259714932537079
Epoch :  272  Epoch time :  0.5605756677687168  Train L2 Loss :  1.259109476852417
Epoch :  273  Epoch time :  0.5601620739325881  Train L2 Loss :  1.2591042909622192
Epoch :  274  Epoch time :  0.5604601074010134  Train L2 Loss :  1.2586213653564453
Epoch :  275  Epoch time :  0.5602928157895803  Train L2 Loss :  1.2585424940109253
Epoch :  276  Epoch time :  0.5608178051188588  Train L2 Loss :  1.2580547821044923
Epoch :  277  Epoch time :  0.5606763511896133  Train L2 Loss :  1.2572461572647096
Epoch :  278  Epoch time :  0.5603572111576796  Train L2 Loss :  1.2606317058563232
Epoch :  279  Epoch time :  0.5605630399659276  Train L2 Loss :  1.2573055641174316
Epoch :  280  Epoch time :  0.560286033898592  Train L2 Loss :  1.2582100877761841
Epoch :  281  Epoch time :  0.5605628443881869  Train L2 Loss :  1.2563007474899293
Epoch :  282  Epoch time :  0.5602685604244471  Train L2 Loss :  1.2554298992156983
Epoch :  283  Epoch time :  0.5611108066514134  Train L2 Loss :  1.2551216234207154
Epoch :  284  Epoch time :  0.5603593355044723  Train L2 Loss :  1.2554480693817138
Epoch :  285  Epoch time :  0.5601868173107505  Train L2 Loss :  1.2547315898895264
Epoch :  286  Epoch time :  0.5615001823753119  Train L2 Loss :  1.2545157899856567
Epoch :  287  Epoch time :  0.5600069342181087  Train L2 Loss :  1.2551397735595704
Epoch :  288  Epoch time :  0.560113400220871  Train L2 Loss :  1.2544319171905518
Epoch :  289  Epoch time :  0.5598464282229543  Train L2 Loss :  1.2537218570709228
Epoch :  290  Epoch time :  0.5595023976638913  Train L2 Loss :  1.2537419509887695
Epoch :  291  Epoch time :  0.5599440177902579  Train L2 Loss :  1.2533350357055664
Epoch :  292  Epoch time :  0.5601605279371142  Train L2 Loss :  1.253413772583008
Epoch :  293  Epoch time :  0.5598598513752222  Train L2 Loss :  1.2525274463653564
Epoch :  294  Epoch time :  0.5610884260386229  Train L2 Loss :  1.252837370300293
Epoch :  295  Epoch time :  0.5603999914601445  Train L2 Loss :  1.2526183938980102
Epoch :  296  Epoch time :  0.5610304931178689  Train L2 Loss :  1.2529600189208985
Epoch :  297  Epoch time :  0.5598658258095384  Train L2 Loss :  1.252163494873047
Epoch :  298  Epoch time :  0.5603965697810054  Train L2 Loss :  1.2520120052337647
Epoch :  299  Epoch time :  0.5637463442981243  Train L2 Loss :  1.2515712940216064
Epoch :  300  Epoch time :  0.5598210757598281  Train L2 Loss :  1.2483319519042968
Epoch :  301  Epoch time :  0.5609879503026605  Train L2 Loss :  1.2476578058242798
Epoch :  302  Epoch time :  0.5598337724804878  Train L2 Loss :  1.2476932912826537
Epoch :  303  Epoch time :  0.5595820611342788  Train L2 Loss :  1.2477194541931151
Epoch :  304  Epoch time :  0.5603699525818229  Train L2 Loss :  1.2476491323471068
Epoch :  305  Epoch time :  0.5603006267920136  Train L2 Loss :  1.2475162883758546
Epoch :  306  Epoch time :  0.5602891156449914  Train L2 Loss :  1.2475153972625732
Epoch :  307  Epoch time :  0.5602341806516051  Train L2 Loss :  1.2474263107299806
Epoch :  308  Epoch time :  0.5606986321508884  Train L2 Loss :  1.2472273913383485
Epoch :  309  Epoch time :  0.5614834204316139  Train L2 Loss :  1.2470697998046876
Epoch :  310  Epoch time :  0.5598360635340214  Train L2 Loss :  1.2475206867218018
Epoch :  311  Epoch time :  0.5601167939603329  Train L2 Loss :  1.2466899894714356
Epoch :  312  Epoch time :  0.5600484870374203  Train L2 Loss :  1.2467312414169311
Epoch :  313  Epoch time :  0.5598912518471479  Train L2 Loss :  1.2468620729446411
Epoch :  314  Epoch time :  0.560341190546751  Train L2 Loss :  1.246822770690918
Epoch :  315  Epoch time :  0.5598014807328582  Train L2 Loss :  1.2466100954055785
Epoch :  316  Epoch time :  0.5652352049946785  Train L2 Loss :  1.2463994342803955
Epoch :  317  Epoch time :  0.5620346395298839  Train L2 Loss :  1.2461372009277343
Epoch :  318  Epoch time :  0.561489867977798  Train L2 Loss :  1.246104038619995
Epoch :  319  Epoch time :  0.5611721975728869  Train L2 Loss :  1.2461964063644408
Epoch :  320  Epoch time :  0.5608105715364218  Train L2 Loss :  1.2458398694992066
Epoch :  321  Epoch time :  0.5606780285015702  Train L2 Loss :  1.2459226345062255
Epoch :  322  Epoch time :  0.5606543496251106  Train L2 Loss :  1.2458176834106445
Epoch :  323  Epoch time :  0.5606227833777666  Train L2 Loss :  1.2457674533843994
Epoch :  324  Epoch time :  0.5642277467995882  Train L2 Loss :  1.2451701930999757
Epoch :  325  Epoch time :  0.5601149294525385  Train L2 Loss :  1.2454328844070435
Epoch :  326  Epoch time :  0.5606344873085618  Train L2 Loss :  1.245317316055298
Epoch :  327  Epoch time :  0.5604629777371883  Train L2 Loss :  1.2448951797485353
Epoch :  328  Epoch time :  0.5603575762361288  Train L2 Loss :  1.2447080013275147
Epoch :  329  Epoch time :  0.5609411606565118  Train L2 Loss :  1.2452269233703612
Epoch :  330  Epoch time :  0.5606987392529845  Train L2 Loss :  1.2450269073486329
Epoch :  331  Epoch time :  0.5605292366817594  Train L2 Loss :  1.2446306941986085
Epoch :  332  Epoch time :  0.5606847042217851  Train L2 Loss :  1.2450003593444825
Epoch :  333  Epoch time :  0.5610807696357369  Train L2 Loss :  1.2444522760391235
Epoch :  334  Epoch time :  0.562703313305974  Train L2 Loss :  1.2445349800109864
Epoch :  335  Epoch time :  0.5609452091157436  Train L2 Loss :  1.2446851581573486
Epoch :  336  Epoch time :  0.5609731869772077  Train L2 Loss :  1.244262936401367
Epoch :  337  Epoch time :  0.5608757697045803  Train L2 Loss :  1.2439150882720946
Epoch :  338  Epoch time :  0.5607139617204666  Train L2 Loss :  1.244289706993103
Epoch :  339  Epoch time :  0.5621960191056132  Train L2 Loss :  1.243803330039978
Epoch :  340  Epoch time :  0.561309827491641  Train L2 Loss :  1.243868348312378
Epoch :  341  Epoch time :  0.5605485821142793  Train L2 Loss :  1.2435929798126222
Epoch :  342  Epoch time :  0.5609933501109481  Train L2 Loss :  1.243891464805603
Epoch :  343  Epoch time :  0.560696804895997  Train L2 Loss :  1.2432623811721801
Epoch :  344  Epoch time :  0.5606919443234801  Train L2 Loss :  1.243786474609375
Epoch :  345  Epoch time :  0.5612816391512752  Train L2 Loss :  1.243797525024414
Epoch :  346  Epoch time :  0.56251110881567  Train L2 Loss :  1.2431729145050048
Epoch :  347  Epoch time :  0.5605283128097653  Train L2 Loss :  1.2431365251541138
Epoch :  348  Epoch time :  0.5602277992293239  Train L2 Loss :  1.2435707975387573
Epoch :  349  Epoch time :  0.5610443940386176  Train L2 Loss :  1.242795079421997
Epoch :  350  Epoch time :  0.5607213424518704  Train L2 Loss :  1.2425799747467041
Epoch :  351  Epoch time :  0.5603288672864437  Train L2 Loss :  1.242584110069275
Epoch :  352  Epoch time :  0.5620087226852775  Train L2 Loss :  1.2428603176116944
Epoch :  353  Epoch time :  0.5608650343492627  Train L2 Loss :  1.2425404624938965
Epoch :  354  Epoch time :  0.5621001701802015  Train L2 Loss :  1.2424736420631408
Epoch :  355  Epoch time :  0.5605615135282278  Train L2 Loss :  1.2426517726898194
Epoch :  356  Epoch time :  0.5602156948298216  Train L2 Loss :  1.2423226930618285
Epoch :  357  Epoch time :  0.5616649482399225  Train L2 Loss :  1.242225866508484
Epoch :  358  Epoch time :  0.5613221675157547  Train L2 Loss :  1.242322613143921
Epoch :  359  Epoch time :  0.5605409266427159  Train L2 Loss :  1.2418492416381837
Epoch :  360  Epoch time :  0.5616258094087243  Train L2 Loss :  1.2420967197418213
Epoch :  361  Epoch time :  0.5628066780045629  Train L2 Loss :  1.2419933206558227
Epoch :  362  Epoch time :  0.5611283425241709  Train L2 Loss :  1.2421047315597533
Epoch :  363  Epoch time :  0.5606184331700206  Train L2 Loss :  1.241315488433838
Epoch :  364  Epoch time :  0.5605147574096918  Train L2 Loss :  1.2414888090133667
Epoch :  365  Epoch time :  0.5607545468956232  Train L2 Loss :  1.2414455421447754
Epoch :  366  Epoch time :  0.560868464410305  Train L2 Loss :  1.2416401988983155
Epoch :  367  Epoch time :  0.5604144753888249  Train L2 Loss :  1.2411756889343262
Epoch :  368  Epoch time :  0.5608399985358119  Train L2 Loss :  1.2415040409088134
Epoch :  369  Epoch time :  0.5671653719618917  Train L2 Loss :  1.2411479585647582
Epoch :  370  Epoch time :  0.5644294107332826  Train L2 Loss :  1.2409616109848023
Epoch :  371  Epoch time :  0.5619956273585558  Train L2 Loss :  1.2409839859008789
Epoch :  372  Epoch time :  0.5614711996167898  Train L2 Loss :  1.2406771286010743
Epoch :  373  Epoch time :  0.5609560925513506  Train L2 Loss :  1.2409157020568848
Epoch :  374  Epoch time :  0.5613004416227341  Train L2 Loss :  1.2404798782348634
Epoch :  375  Epoch time :  0.5613699750974774  Train L2 Loss :  1.240533648109436
Epoch :  376  Epoch time :  0.5628226008266211  Train L2 Loss :  1.24079880027771
Epoch :  377  Epoch time :  0.562596776522696  Train L2 Loss :  1.2406233861923217
Epoch :  378  Epoch time :  0.561931861564517  Train L2 Loss :  1.2403694999694823
Epoch :  379  Epoch time :  0.561089507304132  Train L2 Loss :  1.2400946075439454
Epoch :  380  Epoch time :  0.5613525360822678  Train L2 Loss :  1.2403268020629883
Epoch :  381  Epoch time :  0.5610515344887972  Train L2 Loss :  1.2399761522293091
Epoch :  382  Epoch time :  0.5612954134121537  Train L2 Loss :  1.2396784746170044
Epoch :  383  Epoch time :  0.5608610967174172  Train L2 Loss :  1.2398827936172485
Epoch :  384  Epoch time :  0.5611385591328144  Train L2 Loss :  1.2401213817596435
Epoch :  385  Epoch time :  0.5608577532693744  Train L2 Loss :  1.2398352209091186
Epoch :  386  Epoch time :  0.5607804292812943  Train L2 Loss :  1.2399259284973145
Epoch :  387  Epoch time :  0.5608079358935356  Train L2 Loss :  1.2396449933052063
Epoch :  388  Epoch time :  0.5654161889106035  Train L2 Loss :  1.2395748302459717
Epoch :  389  Epoch time :  0.5608593970537186  Train L2 Loss :  1.2396087608337403
Epoch :  390  Epoch time :  0.5609395112842321  Train L2 Loss :  1.2395114904403686
Epoch :  391  Epoch time :  0.5618264097720385  Train L2 Loss :  1.2393801662445068
Epoch :  392  Epoch time :  0.5604079766198993  Train L2 Loss :  1.2392537098884582
Epoch :  393  Epoch time :  0.5609674006700516  Train L2 Loss :  1.2391416339874268
Epoch :  394  Epoch time :  0.5606320584192872  Train L2 Loss :  1.2390449827194214
Epoch :  395  Epoch time :  0.5613105138763785  Train L2 Loss :  1.239295576095581
Epoch :  396  Epoch time :  0.5611060466617346  Train L2 Loss :  1.2389433952331543
Epoch :  397  Epoch time :  0.5608901306986809  Train L2 Loss :  1.238773671722412
Epoch :  398  Epoch time :  0.5621441220864654  Train L2 Loss :  1.2386070405960083
Epoch :  399  Epoch time :  0.5608866028487682  Train L2 Loss :  1.2388391944885253
Epoch :  400  Epoch time :  0.5608694581314921  Train L2 Loss :  1.2371503208160401
Epoch :  401  Epoch time :  0.5610977821052074  Train L2 Loss :  1.2370206336975098
Epoch :  402  Epoch time :  0.560860788449645  Train L2 Loss :  1.2369211421966553
Epoch :  403  Epoch time :  0.560641136020422  Train L2 Loss :  1.2369183683395386
Epoch :  404  Epoch time :  0.5611993325874209  Train L2 Loss :  1.236700333404541
Epoch :  405  Epoch time :  0.5603680070489645  Train L2 Loss :  1.2367303562164307
Epoch :  406  Epoch time :  0.5614757491275668  Train L2 Loss :  1.2367641254425048
Epoch :  407  Epoch time :  0.5605523493140936  Train L2 Loss :  1.2365633308410644
Epoch :  408  Epoch time :  0.5611021257936954  Train L2 Loss :  1.2365319240570067
Epoch :  409  Epoch time :  0.5603075949475169  Train L2 Loss :  1.2364927909851073
Epoch :  410  Epoch time :  0.5605334956198931  Train L2 Loss :  1.2366112159729004
Epoch :  411  Epoch time :  0.5601660879328847  Train L2 Loss :  1.2363637432098389
Epoch :  412  Epoch time :  0.5601649358868599  Train L2 Loss :  1.2363395663261414
Epoch :  413  Epoch time :  0.5618728715926409  Train L2 Loss :  1.236288228225708
Epoch :  414  Epoch time :  0.5606508692726493  Train L2 Loss :  1.2362706134796142
Epoch :  415  Epoch time :  0.5606270479038358  Train L2 Loss :  1.2359758779525756
Epoch :  416  Epoch time :  0.5603448329493403  Train L2 Loss :  1.2361325786590576
Epoch :  417  Epoch time :  0.5648081358522177  Train L2 Loss :  1.2362173149108886
Epoch :  418  Epoch time :  0.5600460935384035  Train L2 Loss :  1.2358908378601074
Epoch :  419  Epoch time :  0.5603417651727796  Train L2 Loss :  1.2360257822036742
Epoch :  420  Epoch time :  0.5608305046334863  Train L2 Loss :  1.235958290863037
Epoch :  421  Epoch time :  0.5675436342135072  Train L2 Loss :  1.2357873598098754
Epoch :  422  Epoch time :  0.5619145948439837  Train L2 Loss :  1.2357832666397095
Epoch :  423  Epoch time :  0.5620573321357369  Train L2 Loss :  1.2358502182006836
Epoch :  424  Epoch time :  0.5617456212639809  Train L2 Loss :  1.2356045846939088
Epoch :  425  Epoch time :  0.5616504894569516  Train L2 Loss :  1.2355435703277589
Epoch :  426  Epoch time :  0.5610678791999817  Train L2 Loss :  1.2354537357330322
Epoch :  427  Epoch time :  0.560600820928812  Train L2 Loss :  1.235494771194458
Epoch :  428  Epoch time :  0.5606820564717054  Train L2 Loss :  1.2355578115463257
Epoch :  429  Epoch time :  0.5613907594233751  Train L2 Loss :  1.23522009601593
Epoch :  430  Epoch time :  0.560991077683866  Train L2 Loss :  1.235365147781372
Epoch :  431  Epoch time :  0.5631312150508165  Train L2 Loss :  1.2351415603637694
Epoch :  432  Epoch time :  0.5617496306076646  Train L2 Loss :  1.2350517297744752
Epoch :  433  Epoch time :  0.5642304243519902  Train L2 Loss :  1.2350190553665161
Epoch :  434  Epoch time :  0.5629188911989331  Train L2 Loss :  1.23494447555542
Epoch :  435  Epoch time :  0.5650498187169433  Train L2 Loss :  1.2349818668365478
Epoch :  436  Epoch time :  0.5809541866183281  Train L2 Loss :  1.234966220474243
Epoch :  437  Epoch time :  0.5792662771418691  Train L2 Loss :  1.2349366430282593
Epoch :  438  Epoch time :  0.5696237264201045  Train L2 Loss :  1.2348468580245973
Epoch :  439  Epoch time :  0.5687376447021961  Train L2 Loss :  1.2347317836761476
Epoch :  440  Epoch time :  0.5686986120417714  Train L2 Loss :  1.2346873867034913
Epoch :  441  Epoch time :  0.5699505368247628  Train L2 Loss :  1.2346395401000976
Epoch :  442  Epoch time :  0.5853187497705221  Train L2 Loss :  1.2345999410629271
Epoch :  443  Epoch time :  0.5706086596474051  Train L2 Loss :  1.2345950031280517
Epoch :  444  Epoch time :  0.5685907797887921  Train L2 Loss :  1.2344186988830566
Epoch :  445  Epoch time :  0.5745538622140884  Train L2 Loss :  1.2344828353881836
Epoch :  446  Epoch time :  0.5697047403082252  Train L2 Loss :  1.2345394090652466
Epoch :  447  Epoch time :  0.5679126717150211  Train L2 Loss :  1.234387771987915
Epoch :  448  Epoch time :  0.5685679251328111  Train L2 Loss :  1.2344216131210328
Epoch :  449  Epoch time :  0.5684973606839776  Train L2 Loss :  1.2341651832580567
Epoch :  450  Epoch time :  0.5918568903580308  Train L2 Loss :  1.234316973876953
Epoch :  451  Epoch time :  0.5666047278791666  Train L2 Loss :  1.234217679977417
Epoch :  452  Epoch time :  0.5693660452961922  Train L2 Loss :  1.2340304822921753
Epoch :  453  Epoch time :  0.5734623577445745  Train L2 Loss :  1.233911669921875
Epoch :  454  Epoch time :  0.567889841273427  Train L2 Loss :  1.2340661933898927
Epoch :  455  Epoch time :  0.5684191379696131  Train L2 Loss :  1.2338865531921386
Epoch :  456  Epoch time :  0.5670814318582416  Train L2 Loss :  1.234052135848999
Epoch :  457  Epoch time :  0.5735274069011211  Train L2 Loss :  1.233799690437317
Epoch :  458  Epoch time :  0.5761105688288808  Train L2 Loss :  1.2338228652954102
Epoch :  459  Epoch time :  0.5752479014918208  Train L2 Loss :  1.233709314918518
Epoch :  460  Epoch time :  0.5643976060673594  Train L2 Loss :  1.2339532693862916
Epoch :  461  Epoch time :  0.5627169767394662  Train L2 Loss :  1.2335477504730226
Epoch :  462  Epoch time :  0.5607870239764452  Train L2 Loss :  1.2334657581329345
Epoch :  463  Epoch time :  0.5611374154686928  Train L2 Loss :  1.2336172702789308
Epoch :  464  Epoch time :  0.5615949342027307  Train L2 Loss :  1.2336878253936767
Epoch :  465  Epoch time :  0.5641805920749903  Train L2 Loss :  1.2335206369400025
Epoch :  466  Epoch time :  0.5623285472393036  Train L2 Loss :  1.2333969047546387
Epoch :  467  Epoch time :  0.5766041651368141  Train L2 Loss :  1.2333840330123902
Epoch :  468  Epoch time :  0.5791809819638729  Train L2 Loss :  1.233473247718811
Epoch :  469  Epoch time :  0.5745110446587205  Train L2 Loss :  1.2332172584533692
Epoch :  470  Epoch time :  0.5670775081962347  Train L2 Loss :  1.2333195415496827
Epoch :  471  Epoch time :  0.5667789941653609  Train L2 Loss :  1.2331811153411865
Epoch :  472  Epoch time :  0.5670587886124849  Train L2 Loss :  1.2331094165802001
Epoch :  473  Epoch time :  0.5623948322609067  Train L2 Loss :  1.2330785972595215
Epoch :  474  Epoch time :  0.5606193719431758  Train L2 Loss :  1.232985313987732
Epoch :  475  Epoch time :  0.5612395144999027  Train L2 Loss :  1.23290631980896
Epoch :  476  Epoch time :  0.5661653038114309  Train L2 Loss :  1.2326428665161133
Epoch :  477  Epoch time :  0.5595411360263824  Train L2 Loss :  1.2328945064544679
Epoch :  478  Epoch time :  0.560389306396246  Train L2 Loss :  1.2326576141357422
Epoch :  479  Epoch time :  0.5601922199130058  Train L2 Loss :  1.2326147258758544
Epoch :  480  Epoch time :  0.5680985422804952  Train L2 Loss :  1.2326629554748536
Epoch :  481  Epoch time :  0.5615320708602667  Train L2 Loss :  1.2326063327789307
Epoch :  482  Epoch time :  0.5616020550951362  Train L2 Loss :  1.232495052909851
Epoch :  483  Epoch time :  0.5614452874287963  Train L2 Loss :  1.2325808979034423
Epoch :  484  Epoch time :  0.5629376266151667  Train L2 Loss :  1.2323098106384278
Epoch :  485  Epoch time :  0.561345967464149  Train L2 Loss :  1.232359122467041
Epoch :  486  Epoch time :  0.5614853603765368  Train L2 Loss :  1.2322723163604736
Epoch :  487  Epoch time :  0.5619749687612057  Train L2 Loss :  1.232212087059021
Epoch :  488  Epoch time :  0.5610334724187851  Train L2 Loss :  1.2322801403045653
Epoch :  489  Epoch time :  0.5606448240578175  Train L2 Loss :  1.2321015411376952
Epoch :  490  Epoch time :  0.5605534445494413  Train L2 Loss :  1.2321623077392578
Epoch :  491  Epoch time :  0.5605946173891425  Train L2 Loss :  1.2324012239456177
Epoch :  492  Epoch time :  0.5610650554299355  Train L2 Loss :  1.232296622467041
Epoch :  493  Epoch time :  0.5652809347957373  Train L2 Loss :  1.232022791671753
Epoch :  494  Epoch time :  0.5665360195562243  Train L2 Loss :  1.2320816495895386
Epoch :  495  Epoch time :  0.5622794209048152  Train L2 Loss :  1.2320659000396728
Epoch :  496  Epoch time :  0.5615659290924668  Train L2 Loss :  1.2319620491027832
Epoch :  497  Epoch time :  0.5607784604653716  Train L2 Loss :  1.2317754322052001
Epoch :  498  Epoch time :  0.5609386507421732  Train L2 Loss :  1.2320311889648436
Epoch :  499  Epoch time :  0.5610319944098592  Train L2 Loss :  1.2317729824066161
Epoch :  500  Epoch time :  0.5609708921983838  Train L2 Loss :  1.2309782497406005
Epoch :  501  Epoch time :  0.5608021505177021  Train L2 Loss :  1.230750217437744
Epoch :  502  Epoch time :  0.5609205476939678  Train L2 Loss :  1.2308938499450683
Epoch :  503  Epoch time :  0.5608692597597837  Train L2 Loss :  1.2308995277404786
Epoch :  504  Epoch time :  0.5612265923991799  Train L2 Loss :  1.2307388777732848
Epoch :  505  Epoch time :  0.5619078753516078  Train L2 Loss :  1.2308204414367676
Epoch :  506  Epoch time :  0.5613603787496686  Train L2 Loss :  1.230754359436035
Epoch :  507  Epoch time :  0.5618917709216475  Train L2 Loss :  1.2307072902679443
Epoch :  508  Epoch time :  0.5619544237852097  Train L2 Loss :  1.230748859977722
Epoch :  509  Epoch time :  0.5616554617881775  Train L2 Loss :  1.2307305902481078
Epoch :  510  Epoch time :  0.5618960605934262  Train L2 Loss :  1.230679947566986
Epoch :  511  Epoch time :  0.5610854439437389  Train L2 Loss :  1.2306520748138428
Epoch :  512  Epoch time :  0.5635798806324601  Train L2 Loss :  1.2305933916091918
Epoch :  513  Epoch time :  0.5614706072956324  Train L2 Loss :  1.2304998077392577
Epoch :  514  Epoch time :  0.5613052425906062  Train L2 Loss :  1.2305588596343995
Epoch :  515  Epoch time :  0.5618827901780605  Train L2 Loss :  1.230536091041565
Epoch :  516  Epoch time :  0.5609878180548549  Train L2 Loss :  1.2305342813491822
Epoch :  517  Epoch time :  0.5624407306313515  Train L2 Loss :  1.230534897994995
Epoch :  518  Epoch time :  0.5611686846241355  Train L2 Loss :  1.2304767238616943
Epoch :  519  Epoch time :  0.5618503168225288  Train L2 Loss :  1.2305420951843262
Epoch :  520  Epoch time :  0.5613286243751645  Train L2 Loss :  1.2303513698577881
Epoch :  521  Epoch time :  0.5615942822769284  Train L2 Loss :  1.2304029472351075
Epoch :  522  Epoch time :  0.5614526635035872  Train L2 Loss :  1.2303370655059815
Epoch :  523  Epoch time :  0.5616606846451759  Train L2 Loss :  1.2303790941238404
Epoch :  524  Epoch time :  0.5610649390146136  Train L2 Loss :  1.2302799221038818
Epoch :  525  Epoch time :  0.5619410630315542  Train L2 Loss :  1.2302826221466066
Epoch :  526  Epoch time :  0.5610583173111081  Train L2 Loss :  1.2303133498191834
Epoch :  527  Epoch time :  0.5605159290134907  Train L2 Loss :  1.2301393482208252
Epoch :  528  Epoch time :  0.5605390658602118  Train L2 Loss :  1.2302002065658568
Epoch :  529  Epoch time :  0.560525176115334  Train L2 Loss :  1.230188663482666
Epoch :  530  Epoch time :  0.5615621637552977  Train L2 Loss :  1.2301903427124024
Epoch :  531  Epoch time :  0.560870811343193  Train L2 Loss :  1.2301052326202393
Epoch :  532  Epoch time :  0.5616854354739189  Train L2 Loss :  1.2301146949768067
Epoch :  533  Epoch time :  0.5603210385888815  Train L2 Loss :  1.2300187913894653
Epoch :  534  Epoch time :  0.5605296464636922  Train L2 Loss :  1.2300506614685058
Epoch :  535  Epoch time :  0.5609626043587923  Train L2 Loss :  1.2301215881347656
Epoch :  536  Epoch time :  0.5609079543501139  Train L2 Loss :  1.230069476699829
Epoch :  537  Epoch time :  0.5634022140875459  Train L2 Loss :  1.2299798244476319
Epoch :  538  Epoch time :  0.5609293971210718  Train L2 Loss :  1.229818078994751
Epoch :  539  Epoch time :  0.5605471832677722  Train L2 Loss :  1.229907814025879
Epoch :  540  Epoch time :  0.5694687403738499  Train L2 Loss :  1.2297461933135987
Epoch :  541  Epoch time :  0.5610061250627041  Train L2 Loss :  1.2297517164230347
Epoch :  542  Epoch time :  0.5614545913413167  Train L2 Loss :  1.229760954284668
Epoch :  543  Epoch time :  0.5611771605908871  Train L2 Loss :  1.2297681169509889
Epoch :  544  Epoch time :  0.5618247278034687  Train L2 Loss :  1.2297102275848388
Epoch :  545  Epoch time :  0.561577326618135  Train L2 Loss :  1.2296795188903809
Epoch :  546  Epoch time :  0.5615777410566807  Train L2 Loss :  1.2296064977645873
Epoch :  547  Epoch time :  0.5607451973482966  Train L2 Loss :  1.2295009059906006
Epoch :  548  Epoch time :  0.5623760698363185  Train L2 Loss :  1.2296195951461792
Epoch :  549  Epoch time :  0.5614054407924414  Train L2 Loss :  1.229592407798767
Epoch :  550  Epoch time :  0.5607438012957573  Train L2 Loss :  1.2294835464477538
Epoch :  551  Epoch time :  0.5612408509477973  Train L2 Loss :  1.2295220529556274
Epoch :  552  Epoch time :  0.5614056158810854  Train L2 Loss :  1.2293765531539917
Epoch :  553  Epoch time :  0.5615667039528489  Train L2 Loss :  1.2294659511566162
Epoch :  554  Epoch time :  0.560634589754045  Train L2 Loss :  1.2293556964874268
Epoch :  555  Epoch time :  0.5632145823910832  Train L2 Loss :  1.229361176300049
Epoch :  556  Epoch time :  0.5615883339196444  Train L2 Loss :  1.2293327995300294
Epoch :  557  Epoch time :  0.5614892831072211  Train L2 Loss :  1.2293419624328614
Epoch :  558  Epoch time :  0.561538826674223  Train L2 Loss :  1.2292610595703124
Epoch :  559  Epoch time :  0.5610429225489497  Train L2 Loss :  1.22918907623291
Epoch :  560  Epoch time :  0.5605078041553497  Train L2 Loss :  1.2292183986663818
Epoch :  561  Epoch time :  0.5608842503279448  Train L2 Loss :  1.2291260578155518
Epoch :  562  Epoch time :  0.5617381799966097  Train L2 Loss :  1.2290440027236937
Epoch :  563  Epoch time :  0.5610064752399921  Train L2 Loss :  1.2289878799438476
Epoch :  564  Epoch time :  0.5606323489919305  Train L2 Loss :  1.2289824377059937
Epoch :  565  Epoch time :  0.5633940817788243  Train L2 Loss :  1.2289847732543946
Epoch :  566  Epoch time :  0.5610434608533978  Train L2 Loss :  1.229024439239502
Epoch :  567  Epoch time :  0.5612425431609154  Train L2 Loss :  1.228906861114502
Epoch :  568  Epoch time :  0.5607266053557396  Train L2 Loss :  1.228898589515686
Epoch :  569  Epoch time :  0.5612522615119815  Train L2 Loss :  1.2287394231796265
Epoch :  570  Epoch time :  0.5613472023978829  Train L2 Loss :  1.2286697841644287
Epoch :  571  Epoch time :  0.5612544445320964  Train L2 Loss :  1.2287778886795044
Epoch :  572  Epoch time :  0.5610336745157838  Train L2 Loss :  1.228755178642273
Epoch :  573  Epoch time :  0.5617644833400846  Train L2 Loss :  1.2286833030700683
Epoch :  574  Epoch time :  0.5614823577925563  Train L2 Loss :  1.2285816707611084
Epoch :  575  Epoch time :  0.5613104309886694  Train L2 Loss :  1.2284120342254639
Epoch :  576  Epoch time :  0.5618238532915711  Train L2 Loss :  1.2283608901977539
Epoch :  577  Epoch time :  0.5620490740984678  Train L2 Loss :  1.2282866857528687
Epoch :  578  Epoch time :  0.5614597871899605  Train L2 Loss :  1.2283657859802246
Epoch :  579  Epoch time :  0.5620344057679176  Train L2 Loss :  1.228294287109375
Epoch :  580  Epoch time :  0.5619673356413841  Train L2 Loss :  1.2282617650985719
Epoch :  581  Epoch time :  0.5617033522576094  Train L2 Loss :  1.2282215644836425
Epoch :  582  Epoch time :  0.5613094391301274  Train L2 Loss :  1.2280560118675232
Epoch :  583  Epoch time :  0.5617799665778875  Train L2 Loss :  1.2278736194610596
Epoch :  584  Epoch time :  0.5635714018717408  Train L2 Loss :  1.2278847324371338
Epoch :  585  Epoch time :  0.5621158182621002  Train L2 Loss :  1.2277795776367189
Epoch :  586  Epoch time :  0.5609817691147327  Train L2 Loss :  1.2277988708496095
Epoch :  587  Epoch time :  0.5617457162588835  Train L2 Loss :  1.2277251541137695
Epoch :  588  Epoch time :  0.5612357314676046  Train L2 Loss :  1.2275286207199096
Epoch :  589  Epoch time :  0.5612238617613912  Train L2 Loss :  1.227563052368164
Epoch :  590  Epoch time :  0.5615560505539179  Train L2 Loss :  1.2275360153198243
Epoch :  591  Epoch time :  0.5617538224905729  Train L2 Loss :  1.2273571590423584
Epoch :  592  Epoch time :  0.5626466497778893  Train L2 Loss :  1.2273475492477417
Epoch :  593  Epoch time :  0.5609020264819264  Train L2 Loss :  1.2272568199157714
Epoch :  594  Epoch time :  0.5612166682258248  Train L2 Loss :  1.2271870662689208
Epoch :  595  Epoch time :  0.5611077938228846  Train L2 Loss :  1.227073168182373
Epoch :  596  Epoch time :  0.5610979059711099  Train L2 Loss :  1.2271052547454835
Epoch :  597  Epoch time :  0.5611709794029593  Train L2 Loss :  1.227037656402588
Epoch :  598  Epoch time :  0.5616089990362525  Train L2 Loss :  1.2268882305145263
Epoch :  599  Epoch time :  0.5680988598614931  Train L2 Loss :  1.2270560138702393
Epoch :  600  Epoch time :  0.5638175904750824  Train L2 Loss :  1.226416353416443
Epoch :  601  Epoch time :  0.5650258362293243  Train L2 Loss :  1.2263654321670532
Epoch :  602  Epoch time :  0.5616440996527672  Train L2 Loss :  1.2263375923156739
Epoch :  603  Epoch time :  0.5613676868379116  Train L2 Loss :  1.226294704246521
Epoch :  604  Epoch time :  0.5616036150604486  Train L2 Loss :  1.2262984468460083
Epoch :  605  Epoch time :  0.5620033191516995  Train L2 Loss :  1.2262341655731201
Epoch :  606  Epoch time :  0.5616037799045444  Train L2 Loss :  1.2262477346420289
Epoch :  607  Epoch time :  0.5615818174555898  Train L2 Loss :  1.2262397693634033
Epoch :  608  Epoch time :  0.5618958668783307  Train L2 Loss :  1.2261692611694337
Epoch :  609  Epoch time :  0.5616947365924716  Train L2 Loss :  1.2261091501235961
Epoch :  610  Epoch time :  0.561867100186646  Train L2 Loss :  1.2260403706550598
Epoch :  611  Epoch time :  0.5617085825651884  Train L2 Loss :  1.2260454265594483
Epoch :  612  Epoch time :  0.5621378161013126  Train L2 Loss :  1.226033862876892
Epoch :  613  Epoch time :  0.5610362142324448  Train L2 Loss :  1.225990185546875
Epoch :  614  Epoch time :  0.5625444315373898  Train L2 Loss :  1.2259586280822754
Epoch :  615  Epoch time :  0.5611318266019225  Train L2 Loss :  1.225944292449951
Epoch :  616  Epoch time :  0.5612981170415878  Train L2 Loss :  1.2259108547210693
Epoch :  617  Epoch time :  0.5606874218210578  Train L2 Loss :  1.2258207328796387
Epoch :  618  Epoch time :  0.5612930608913302  Train L2 Loss :  1.2258893760681153
Epoch :  619  Epoch time :  0.5658061439171433  Train L2 Loss :  1.2258610553741456
Epoch :  620  Epoch time :  0.5613530706614256  Train L2 Loss :  1.2258053554534911
Epoch :  621  Epoch time :  0.5608802773058414  Train L2 Loss :  1.22575786819458
Epoch :  622  Epoch time :  0.5609404351562262  Train L2 Loss :  1.2257101272583009
Epoch :  623  Epoch time :  0.5613183751702309  Train L2 Loss :  1.2257307149887084
Epoch :  624  Epoch time :  0.5609510252252221  Train L2 Loss :  1.2257116147994995
Epoch :  625  Epoch time :  0.5611305357888341  Train L2 Loss :  1.2256616245269776
Epoch :  626  Epoch time :  0.5618022922426462  Train L2 Loss :  1.2256345440864562
Epoch :  627  Epoch time :  0.5606916593387723  Train L2 Loss :  1.2255866117477416
Epoch :  628  Epoch time :  0.5612701578065753  Train L2 Loss :  1.2255804704666138
Epoch :  629  Epoch time :  0.5617854734882712  Train L2 Loss :  1.2255367259979248
Epoch :  630  Epoch time :  0.562538705766201  Train L2 Loss :  1.2255328987121583
Epoch :  631  Epoch time :  0.560721667483449  Train L2 Loss :  1.2254883810043335
Epoch :  632  Epoch time :  0.5616691205650568  Train L2 Loss :  1.2254385746002197
Epoch :  633  Epoch time :  0.5617081969976425  Train L2 Loss :  1.2254320652008057
Epoch :  634  Epoch time :  0.5614423351362348  Train L2 Loss :  1.2253726781845093
Epoch :  635  Epoch time :  0.5610149232670665  Train L2 Loss :  1.2254035736083984
Epoch :  636  Epoch time :  0.5623264200985432  Train L2 Loss :  1.2253563066482545
Epoch :  637  Epoch time :  0.5644261837005615  Train L2 Loss :  1.2253265716552735
Epoch :  638  Epoch time :  0.5611417815089226  Train L2 Loss :  1.2252583168029785
Epoch :  639  Epoch time :  0.5610844045877457  Train L2 Loss :  1.2252311489105225
Epoch :  640  Epoch time :  0.5612315945327282  Train L2 Loss :  1.2251864021301269
Epoch :  641  Epoch time :  0.5609438503161073  Train L2 Loss :  1.2251259963989258
Epoch :  642  Epoch time :  0.561426074244082  Train L2 Loss :  1.225108714389801
Epoch :  643  Epoch time :  0.5608499860391021  Train L2 Loss :  1.225126277732849
Epoch :  644  Epoch time :  0.5631908858194947  Train L2 Loss :  1.2251261756896972
Epoch :  645  Epoch time :  0.5612474726513028  Train L2 Loss :  1.2250690004348754
Epoch :  646  Epoch time :  0.5619710544124246  Train L2 Loss :  1.2249943716049194
Epoch :  647  Epoch time :  0.5614654719829559  Train L2 Loss :  1.224953997039795
Epoch :  648  Epoch time :  0.5617694649845362  Train L2 Loss :  1.224922873878479
Epoch :  649  Epoch time :  0.5619491022080183  Train L2 Loss :  1.2249091075897216
Epoch :  650  Epoch time :  0.5613921005278826  Train L2 Loss :  1.2248620321273804
Epoch :  651  Epoch time :  0.5632624682039022  Train L2 Loss :  1.2247957651138306
Epoch :  652  Epoch time :  0.5612427871674299  Train L2 Loss :  1.2247986042022705
Epoch :  653  Epoch time :  0.5623376397415996  Train L2 Loss :  1.2247713399887086
Epoch :  654  Epoch time :  0.5616159867495298  Train L2 Loss :  1.224739620113373
Epoch :  655  Epoch time :  0.5634558098390698  Train L2 Loss :  1.2247024578094483
Epoch :  656  Epoch time :  0.5618411125615239  Train L2 Loss :  1.2246419574737548
Epoch :  657  Epoch time :  0.5618796423077583  Train L2 Loss :  1.2246592443466187
Epoch :  658  Epoch time :  0.5615462651476264  Train L2 Loss :  1.224584948539734
Epoch :  659  Epoch time :  0.5696180053055286  Train L2 Loss :  1.224537752532959
Epoch :  660  Epoch time :  0.5635386146605015  Train L2 Loss :  1.2244899822235107
Epoch :  661  Epoch time :  0.5616655396297574  Train L2 Loss :  1.22450285320282
Epoch :  662  Epoch time :  0.5619739247485995  Train L2 Loss :  1.2244545343399047
Epoch :  663  Epoch time :  0.5617793677374721  Train L2 Loss :  1.2244209548950196
Epoch :  664  Epoch time :  0.5616096165031195  Train L2 Loss :  1.2243692611694337
Epoch :  665  Epoch time :  0.5620379662141204  Train L2 Loss :  1.224273815536499
Epoch :  666  Epoch time :  0.5613324223086238  Train L2 Loss :  1.2242557624816894
Epoch :  667  Epoch time :  0.5614888574928045  Train L2 Loss :  1.2241961540222168
Epoch :  668  Epoch time :  0.5607008347287774  Train L2 Loss :  1.2242228174209595
Epoch :  669  Epoch time :  0.5619486346840858  Train L2 Loss :  1.2241989124298096
Epoch :  670  Epoch time :  0.5610853508114815  Train L2 Loss :  1.2241708047866822
Epoch :  671  Epoch time :  0.5612743170931935  Train L2 Loss :  1.224095150566101
Epoch :  672  Epoch time :  0.5619337689131498  Train L2 Loss :  1.2240535415649414
Epoch :  673  Epoch time :  0.5617275116965175  Train L2 Loss :  1.2240324649810792
Epoch :  674  Epoch time :  0.5635405406355858  Train L2 Loss :  1.2239260299682617
Epoch :  675  Epoch time :  0.5607857331633568  Train L2 Loss :  1.223881534576416
Epoch :  676  Epoch time :  0.5618442548438907  Train L2 Loss :  1.2239494978904724
Epoch :  677  Epoch time :  0.5615848656743765  Train L2 Loss :  1.2238491201400756
Epoch :  678  Epoch time :  0.5610967464745045  Train L2 Loss :  1.2238655290603637
Epoch :  679  Epoch time :  0.560876433737576  Train L2 Loss :  1.2237598403930665
Epoch :  680  Epoch time :  0.5620196620002389  Train L2 Loss :  1.2237580242156982
Epoch :  681  Epoch time :  0.5616148365661502  Train L2 Loss :  1.223667561340332
Epoch :  682  Epoch time :  0.5607396252453327  Train L2 Loss :  1.2236536790847778
Epoch :  683  Epoch time :  0.5612505795434117  Train L2 Loss :  1.2236283065795899
Epoch :  684  Epoch time :  0.5610403837636113  Train L2 Loss :  1.2235496301651
Epoch :  685  Epoch time :  0.5610401537269354  Train L2 Loss :  1.2235519454956054
Epoch :  686  Epoch time :  0.5606996919959784  Train L2 Loss :  1.223532089996338
Epoch :  687  Epoch time :  0.5608605481684208  Train L2 Loss :  1.2234041046142579
Epoch :  688  Epoch time :  0.5608399901539087  Train L2 Loss :  1.2233480884552002
Epoch :  689  Epoch time :  0.560453599318862  Train L2 Loss :  1.2233014352798461
Epoch :  690  Epoch time :  0.5619559893384576  Train L2 Loss :  1.2232873947143554
Epoch :  691  Epoch time :  0.5603025211021304  Train L2 Loss :  1.2232220575332642
Epoch :  692  Epoch time :  0.5609871298074722  Train L2 Loss :  1.2232577587127687
Epoch :  693  Epoch time :  0.5607313541695476  Train L2 Loss :  1.2231553089141847
Epoch :  694  Epoch time :  0.5611175717785954  Train L2 Loss :  1.2230790977478028
Epoch :  695  Epoch time :  0.5609365906566381  Train L2 Loss :  1.2230800891876221
Epoch :  696  Epoch time :  0.5611985130235553  Train L2 Loss :  1.2229966596603394
Epoch :  697  Epoch time :  0.5611208761110902  Train L2 Loss :  1.2229580848693848
Epoch :  698  Epoch time :  0.5609845798462629  Train L2 Loss :  1.22296077003479
Epoch :  699  Epoch time :  0.5608533946797252  Train L2 Loss :  1.2228514022827148
Epoch :  700  Epoch time :  0.5608561765402555  Train L2 Loss :  1.222638433265686
Epoch :  701  Epoch time :  0.5613595386967063  Train L2 Loss :  1.2226204292297362
Epoch :  702  Epoch time :  0.5608392292633653  Train L2 Loss :  1.2225778461456298
Epoch :  703  Epoch time :  0.5614003948867321  Train L2 Loss :  1.2225761354446412
Epoch :  704  Epoch time :  0.5620139548555017  Train L2 Loss :  1.2225340023040772
Epoch :  705  Epoch time :  0.5613424405455589  Train L2 Loss :  1.2224902969360352
Epoch :  706  Epoch time :  0.5609319666400552  Train L2 Loss :  1.2224950565338135
Epoch :  707  Epoch time :  0.5606359206140041  Train L2 Loss :  1.2224722309112548
Epoch :  708  Epoch time :  0.5646622199565172  Train L2 Loss :  1.2224383235931398
Epoch :  709  Epoch time :  0.5609470773488283  Train L2 Loss :  1.2224343371391297
Epoch :  710  Epoch time :  0.5608528964221478  Train L2 Loss :  1.2224063028335572
Epoch :  711  Epoch time :  0.5617699148133397  Train L2 Loss :  1.2223797338485718
Epoch :  712  Epoch time :  0.5613120784983039  Train L2 Loss :  1.2223649887084962
Epoch :  713  Epoch time :  0.560758420266211  Train L2 Loss :  1.222297922897339
Epoch :  714  Epoch time :  0.5604905756190419  Train L2 Loss :  1.222340182876587
Epoch :  715  Epoch time :  0.5606182971969247  Train L2 Loss :  1.2222786701202393
Epoch :  716  Epoch time :  0.5602584993466735  Train L2 Loss :  1.2222705738067627
Epoch :  717  Epoch time :  0.5602805707603693  Train L2 Loss :  1.222231162071228
Epoch :  718  Epoch time :  0.562143542803824  Train L2 Loss :  1.2222263652801513
Epoch :  719  Epoch time :  0.5669857123866677  Train L2 Loss :  1.2221787021636963
Epoch :  720  Epoch time :  0.5614708689972758  Train L2 Loss :  1.2221530878067017
Epoch :  721  Epoch time :  0.5608719885349274  Train L2 Loss :  1.2221096462249756
Epoch :  722  Epoch time :  0.5610430520027876  Train L2 Loss :  1.2221191215515137
Epoch :  723  Epoch time :  0.561386045999825  Train L2 Loss :  1.222092561531067
Epoch :  724  Epoch time :  0.5615432960912585  Train L2 Loss :  1.2220964905738831
Epoch :  725  Epoch time :  0.5609476678073406  Train L2 Loss :  1.2220321830749512
Epoch :  726  Epoch time :  0.5636347625404596  Train L2 Loss :  1.2220532955169678
Epoch :  727  Epoch time :  0.5614727111533284  Train L2 Loss :  1.2219879165649414
Epoch :  728  Epoch time :  0.5613324409350753  Train L2 Loss :  1.2220046888351441
Epoch :  729  Epoch time :  0.5614021262153983  Train L2 Loss :  1.2219412532806397
Epoch :  730  Epoch time :  0.5616859151050448  Train L2 Loss :  1.221980016708374
Epoch :  731  Epoch time :  0.561116611585021  Train L2 Loss :  1.2219400093078614
Epoch :  732  Epoch time :  0.561030076816678  Train L2 Loss :  1.2218968837738038
Epoch :  733  Epoch time :  0.563809965737164  Train L2 Loss :  1.221867541885376
Epoch :  734  Epoch time :  0.5616868855431676  Train L2 Loss :  1.2218513256072998
Epoch :  735  Epoch time :  0.5621062200516462  Train L2 Loss :  1.221828879737854
Epoch :  736  Epoch time :  0.5618450297042727  Train L2 Loss :  1.2217925102233886
Epoch :  737  Epoch time :  0.5617634318768978  Train L2 Loss :  1.2217938695907593
Epoch :  738  Epoch time :  0.5611974727362394  Train L2 Loss :  1.2217719022750855
Epoch :  739  Epoch time :  0.5611997004598379  Train L2 Loss :  1.2217610874176026
Epoch :  740  Epoch time :  0.5618126336485147  Train L2 Loss :  1.221700984954834
Epoch :  741  Epoch time :  0.5620774524286389  Train L2 Loss :  1.2217024211883545
Epoch :  742  Epoch time :  0.561601385474205  Train L2 Loss :  1.2216589191436769
Epoch :  743  Epoch time :  0.5610976312309504  Train L2 Loss :  1.2216234513282775
Epoch :  744  Epoch time :  0.5631858753040433  Train L2 Loss :  1.2216210285186768
Epoch :  745  Epoch time :  0.5618753936141729  Train L2 Loss :  1.2216039043426514
Epoch :  746  Epoch time :  0.5611318731680512  Train L2 Loss :  1.2215896629333496
Epoch :  747  Epoch time :  0.5617305263876915  Train L2 Loss :  1.2215600086212157
Epoch :  748  Epoch time :  0.5611719684675336  Train L2 Loss :  1.2215263616561889
Epoch :  749  Epoch time :  0.5621447786688805  Train L2 Loss :  1.2215026955604553
Epoch :  750  Epoch time :  0.5610225545242429  Train L2 Loss :  1.2215222179412841
Epoch :  751  Epoch time :  0.5622902810573578  Train L2 Loss :  1.2214488878250123
Epoch :  752  Epoch time :  0.5607435246929526  Train L2 Loss :  1.221432599258423
Epoch :  753  Epoch time :  0.5608772560954094  Train L2 Loss :  1.221441050720215
Epoch :  754  Epoch time :  0.5610485719516873  Train L2 Loss :  1.2214366121292115
Epoch :  755  Epoch time :  0.5611636843532324  Train L2 Loss :  1.221389743423462
Epoch :  756  Epoch time :  0.5618036016821861  Train L2 Loss :  1.2213536262512208
Epoch :  757  Epoch time :  0.5607921332120895  Train L2 Loss :  1.22134140625
Epoch :  758  Epoch time :  0.5606916919350624  Train L2 Loss :  1.2212990074157715
Epoch :  759  Epoch time :  0.5605450673028827  Train L2 Loss :  1.2212953773498536
Epoch :  760  Epoch time :  0.5606899922713637  Train L2 Loss :  1.2212647008895874
Epoch :  761  Epoch time :  0.5646742666140199  Train L2 Loss :  1.2212239656448365
Epoch :  762  Epoch time :  0.5614439258351922  Train L2 Loss :  1.221230079269409
Epoch :  763  Epoch time :  0.5624762689694762  Train L2 Loss :  1.221192130279541
Epoch :  764  Epoch time :  0.5606768075376749  Train L2 Loss :  1.2211703105926515
Epoch :  765  Epoch time :  0.561617155559361  Train L2 Loss :  1.2211363342285155
Epoch :  766  Epoch time :  0.560512694530189  Train L2 Loss :  1.2211279958724977
Epoch :  767  Epoch time :  0.5616016881540418  Train L2 Loss :  1.2211047920227052
Epoch :  768  Epoch time :  0.5606917794793844  Train L2 Loss :  1.2210787925720215
Epoch :  769  Epoch time :  0.5616564815863967  Train L2 Loss :  1.2210641189575195
Epoch :  770  Epoch time :  0.5609810007736087  Train L2 Loss :  1.2210405403137208
Epoch :  771  Epoch time :  0.5622075591236353  Train L2 Loss :  1.2210457809448243
Epoch :  772  Epoch time :  0.5620081201195717  Train L2 Loss :  1.220999473953247
Epoch :  773  Epoch time :  0.560722241178155  Train L2 Loss :  1.2209539028167724
Epoch :  774  Epoch time :  0.5610320484265685  Train L2 Loss :  1.2209563619613648
Epoch :  775  Epoch time :  0.5611017625778913  Train L2 Loss :  1.2209037853240967
Epoch :  776  Epoch time :  0.5608109934255481  Train L2 Loss :  1.2209075805664062
Epoch :  777  Epoch time :  0.5611420683562756  Train L2 Loss :  1.220905200958252
Epoch :  778  Epoch time :  0.5680431192740798  Train L2 Loss :  1.220844668006897
Epoch :  779  Epoch time :  0.5643976898863912  Train L2 Loss :  1.220835408782959
Epoch :  780  Epoch time :  0.5613208133727312  Train L2 Loss :  1.2207864025115966
Epoch :  781  Epoch time :  0.5615472523495555  Train L2 Loss :  1.2208004730224609
Epoch :  782  Epoch time :  0.5613541603088379  Train L2 Loss :  1.2207946445465088
Epoch :  783  Epoch time :  0.5618452914059162  Train L2 Loss :  1.220771477508545
Epoch :  784  Epoch time :  0.5612418316304684  Train L2 Loss :  1.22074052028656
Epoch :  785  Epoch time :  0.5610307669267058  Train L2 Loss :  1.2207071102142335
Epoch :  786  Epoch time :  0.5619865646585822  Train L2 Loss :  1.2206712308883667
Epoch :  787  Epoch time :  0.5615401165559888  Train L2 Loss :  1.2206689777374267
Epoch :  788  Epoch time :  0.5615149289369583  Train L2 Loss :  1.2206346500396728
Epoch :  789  Epoch time :  0.5601578745990992  Train L2 Loss :  1.2206568532943725
Epoch :  790  Epoch time :  0.5614311816170812  Train L2 Loss :  1.2206142017364503
Epoch :  791  Epoch time :  0.561027267947793  Train L2 Loss :  1.2206008600234985
Epoch :  792  Epoch time :  0.5608469536527991  Train L2 Loss :  1.2205745487213135
Epoch :  793  Epoch time :  0.5622331816703081  Train L2 Loss :  1.220512726020813
Epoch :  794  Epoch time :  0.561126284301281  Train L2 Loss :  1.2205134958267212
Epoch :  795  Epoch time :  0.5610233377665281  Train L2 Loss :  1.2204917217254638
Epoch :  796  Epoch time :  0.5602511102333665  Train L2 Loss :  1.2204559998512268
Epoch :  797  Epoch time :  0.5650528771802783  Train L2 Loss :  1.2204393186569213
Epoch :  798  Epoch time :  0.5611672960221767  Train L2 Loss :  1.2204084886550903
Epoch :  799  Epoch time :  0.5608176300302148  Train L2 Loss :  1.2204062397003175
Epoch :  800  Epoch time :  0.561016614548862  Train L2 Loss :  1.2202591926574706
Epoch :  801  Epoch time :  0.5614237980917096  Train L2 Loss :  1.2202301748275757
Epoch :  802  Epoch time :  0.5609184373170137  Train L2 Loss :  1.2202319292068482
Epoch :  803  Epoch time :  0.5609459057450294  Train L2 Loss :  1.2202120595932007
Epoch :  804  Epoch time :  0.5624522026628256  Train L2 Loss :  1.220191760635376
Epoch :  805  Epoch time :  0.5606150794774294  Train L2 Loss :  1.2201941095352173
Epoch :  806  Epoch time :  0.5606294497847557  Train L2 Loss :  1.2201771419525147
Epoch :  807  Epoch time :  0.5608728313818574  Train L2 Loss :  1.2201662281036376
Epoch :  808  Epoch time :  0.5622016293928027  Train L2 Loss :  1.2201686840057373
Epoch :  809  Epoch time :  0.5612535839900374  Train L2 Loss :  1.220160627937317
Epoch :  810  Epoch time :  0.5612125685438514  Train L2 Loss :  1.220147367477417
Epoch :  811  Epoch time :  0.5613745441660285  Train L2 Loss :  1.2201186107635498
Epoch :  812  Epoch time :  0.5617399159818888  Train L2 Loss :  1.2201253547668458
Epoch :  813  Epoch time :  0.5608901334926486  Train L2 Loss :  1.2201004426002502
Epoch :  814  Epoch time :  0.5611579017713666  Train L2 Loss :  1.2200979206085205
Epoch :  815  Epoch time :  0.5639085154980421  Train L2 Loss :  1.220075106048584
Epoch :  816  Epoch time :  0.5607657786458731  Train L2 Loss :  1.2200674703598022
Epoch :  817  Epoch time :  0.5623738411813974  Train L2 Loss :  1.220060179901123
Epoch :  818  Epoch time :  0.5609467076137662  Train L2 Loss :  1.220058561897278
Epoch :  819  Epoch time :  0.5610996428877115  Train L2 Loss :  1.220044733428955
Epoch :  820  Epoch time :  0.5613320479169488  Train L2 Loss :  1.2200100605010986
Epoch :  821  Epoch time :  0.5616483818739653  Train L2 Loss :  1.2200135326385497
Epoch :  822  Epoch time :  0.5617311466485262  Train L2 Loss :  1.2199970964431763
Epoch :  823  Epoch time :  0.5623788526281714  Train L2 Loss :  1.2199969486236573
Epoch :  824  Epoch time :  0.5613617114722729  Train L2 Loss :  1.2199755933761596
Epoch :  825  Epoch time :  0.5607953611761332  Train L2 Loss :  1.2199787384033203
Epoch :  826  Epoch time :  0.5618211925029755  Train L2 Loss :  1.2199673570632934
Epoch :  827  Epoch time :  0.5605778563767672  Train L2 Loss :  1.2199473834991454
Epoch :  828  Epoch time :  0.5604947404935956  Train L2 Loss :  1.21993263130188
Epoch :  829  Epoch time :  0.5609898380935192  Train L2 Loss :  1.2199292297363282
Epoch :  830  Epoch time :  0.562165005132556  Train L2 Loss :  1.2199220872879029
Epoch :  831  Epoch time :  0.560616035014391  Train L2 Loss :  1.219908544921875
Epoch :  832  Epoch time :  0.5636614775285125  Train L2 Loss :  1.219890177154541
Epoch :  833  Epoch time :  0.5643197419121861  Train L2 Loss :  1.2198885566711426
Epoch :  834  Epoch time :  0.5686610033735633  Train L2 Loss :  1.2198776294708251
Epoch :  835  Epoch time :  0.5613032132387161  Train L2 Loss :  1.219855403137207
Epoch :  836  Epoch time :  0.5610027518123388  Train L2 Loss :  1.219852278137207
Epoch :  837  Epoch time :  0.5615996979176998  Train L2 Loss :  1.2198410652160645
Epoch :  838  Epoch time :  0.5696238484233618  Train L2 Loss :  1.2198268367767333
Epoch :  839  Epoch time :  0.5621337126940489  Train L2 Loss :  1.2198195503234863
Epoch :  840  Epoch time :  0.562133320607245  Train L2 Loss :  1.2198079442977905
Epoch :  841  Epoch time :  0.5614211102947593  Train L2 Loss :  1.2197850969314574
Epoch :  842  Epoch time :  0.5612257262691855  Train L2 Loss :  1.2197948501586915
Epoch :  843  Epoch time :  0.562379946000874  Train L2 Loss :  1.2197766208648682
Epoch :  844  Epoch time :  0.5619383798912168  Train L2 Loss :  1.2197673460006715
Epoch :  845  Epoch time :  0.5620251009240746  Train L2 Loss :  1.2197546895980835
Epoch :  846  Epoch time :  0.5622018128633499  Train L2 Loss :  1.2197471286773682
Epoch :  847  Epoch time :  0.5615356480702758  Train L2 Loss :  1.2197345642089843
Epoch :  848  Epoch time :  0.5614941269159317  Train L2 Loss :  1.2197241746902465
Epoch :  849  Epoch time :  0.5612655095756054  Train L2 Loss :  1.2197070785522461
Epoch :  850  Epoch time :  0.5703864488750696  Train L2 Loss :  1.2196980464935303
Epoch :  851  Epoch time :  0.5620825486257672  Train L2 Loss :  1.2196886861801148
Epoch :  852  Epoch time :  0.5624578548595309  Train L2 Loss :  1.2196809818267822
Epoch :  853  Epoch time :  0.5633615981787443  Train L2 Loss :  1.219663949394226
Epoch :  854  Epoch time :  0.5619866838678718  Train L2 Loss :  1.2196584768295289
Epoch :  855  Epoch time :  0.5609533144161105  Train L2 Loss :  1.2196567276000976
Epoch :  856  Epoch time :  0.5607700385153294  Train L2 Loss :  1.21964361038208
Epoch :  857  Epoch time :  0.5613483227789402  Train L2 Loss :  1.2196221353530883
Epoch :  858  Epoch time :  0.5622584214434028  Train L2 Loss :  1.2196238414764404
Epoch :  859  Epoch time :  0.56144939083606  Train L2 Loss :  1.2196013399124146
Epoch :  860  Epoch time :  0.5607937956228852  Train L2 Loss :  1.2196048316955566
Epoch :  861  Epoch time :  0.5616356898099184  Train L2 Loss :  1.2195933616638184
Epoch :  862  Epoch time :  0.5617309641093016  Train L2 Loss :  1.2195750413894653
Epoch :  863  Epoch time :  0.5616496969014406  Train L2 Loss :  1.2195611394882202
Epoch :  864  Epoch time :  0.5611352473497391  Train L2 Loss :  1.219569146347046
Epoch :  865  Epoch time :  0.561351983807981  Train L2 Loss :  1.2195392847061157
Epoch :  866  Epoch time :  0.5611456744372845  Train L2 Loss :  1.2195398712158203
Epoch :  867  Epoch time :  0.5608564577996731  Train L2 Loss :  1.2195272956848144
Epoch :  868  Epoch time :  0.5613012621179223  Train L2 Loss :  1.2195201055526734
Epoch :  869  Epoch time :  0.5613718871027231  Train L2 Loss :  1.219508172416687
Epoch :  870  Epoch time :  0.5614543436095119  Train L2 Loss :  1.2194963171005249
Epoch :  871  Epoch time :  0.5608526691794395  Train L2 Loss :  1.2194745656967163
Epoch :  872  Epoch time :  0.5617940863594413  Train L2 Loss :  1.2194804040908813
Epoch :  873  Epoch time :  0.5608106404542923  Train L2 Loss :  1.2194530704498292
Epoch :  874  Epoch time :  0.5612474363297224  Train L2 Loss :  1.2194537813186646
Epoch :  875  Epoch time :  0.5621105954051018  Train L2 Loss :  1.2194542560577393
Epoch :  876  Epoch time :  0.5622788686305285  Train L2 Loss :  1.2194265645980835
Epoch :  877  Epoch time :  0.5618785312399268  Train L2 Loss :  1.2194182828903197
Epoch :  878  Epoch time :  0.5616083461791277  Train L2 Loss :  1.2194060348510742
Epoch :  879  Epoch time :  0.5625175731256604  Train L2 Loss :  1.2193988885879516
Epoch :  880  Epoch time :  0.5632877964526415  Train L2 Loss :  1.2193872661590577
Epoch :  881  Epoch time :  0.5620799195021391  Train L2 Loss :  1.2193895542144775
Epoch :  882  Epoch time :  0.5624987920746207  Train L2 Loss :  1.2193620641708374
Epoch :  883  Epoch time :  0.5628361310809851  Train L2 Loss :  1.2193615270614624
Epoch :  884  Epoch time :  0.5627318937331438  Train L2 Loss :  1.2193552757263184
Epoch :  885  Epoch time :  0.561683495528996  Train L2 Loss :  1.219327668952942
Epoch :  886  Epoch time :  0.5636115111410618  Train L2 Loss :  1.2193139331817626
Epoch :  887  Epoch time :  0.5632156226783991  Train L2 Loss :  1.2193147081375122
Epoch :  888  Epoch time :  0.5618397099897265  Train L2 Loss :  1.219301003074646
Epoch :  889  Epoch time :  0.5615521389991045  Train L2 Loss :  1.2192953620910645
Epoch :  890  Epoch time :  0.56259008590132  Train L2 Loss :  1.21928932762146
Epoch :  891  Epoch time :  0.5618684021756053  Train L2 Loss :  1.2192794248580932
Epoch :  892  Epoch time :  0.561457084491849  Train L2 Loss :  1.2192631000518799
Epoch :  893  Epoch time :  0.5613845009356737  Train L2 Loss :  1.2192413101196289
Epoch :  894  Epoch time :  0.5617420319467783  Train L2 Loss :  1.2192624197006225
Epoch :  895  Epoch time :  0.570211872458458  Train L2 Loss :  1.219227409172058
Epoch :  896  Epoch time :  0.5621417667716742  Train L2 Loss :  1.2192245222091675
Epoch :  897  Epoch time :  0.5625158362090588  Train L2 Loss :  1.2192213264465332
Epoch :  898  Epoch time :  0.5621864665299654  Train L2 Loss :  1.2191974157333374
Epoch :  899  Epoch time :  0.5622236700728536  Train L2 Loss :  1.219173391532898
Epoch :  900  Epoch time :  0.5620769411325455  Train L2 Loss :  1.2191187561035157
Epoch :  901  Epoch time :  0.5622571986168623  Train L2 Loss :  1.2191109909057618
Epoch :  902  Epoch time :  0.5626703714951873  Train L2 Loss :  1.21911011428833
Epoch :  903  Epoch time :  0.5622275751084089  Train L2 Loss :  1.219101007080078
Epoch :  904  Epoch time :  0.566444962285459  Train L2 Loss :  1.219099342727661
Epoch :  905  Epoch time :  0.5616976683959365  Train L2 Loss :  1.219096250152588
Epoch :  906  Epoch time :  0.5623784298077226  Train L2 Loss :  1.2190923950195311
Epoch :  907  Epoch time :  0.5619886135682464  Train L2 Loss :  1.2190789947509766
Epoch :  908  Epoch time :  0.5624309480190277  Train L2 Loss :  1.2190753227233886
Epoch :  909  Epoch time :  0.5630864473059773  Train L2 Loss :  1.219066060256958
Epoch :  910  Epoch time :  0.5619082199409604  Train L2 Loss :  1.219069462776184
Epoch :  911  Epoch time :  0.562832216732204  Train L2 Loss :  1.219054793548584
Epoch :  912  Epoch time :  0.5620361426845193  Train L2 Loss :  1.2190494039535522
Epoch :  913  Epoch time :  0.5621166182681918  Train L2 Loss :  1.2190518888473512
Epoch :  914  Epoch time :  0.5616702316328883  Train L2 Loss :  1.2190403234481813
Epoch :  915  Epoch time :  0.5622151223942637  Train L2 Loss :  1.2190394638061524
Epoch :  916  Epoch time :  0.5622463179752231  Train L2 Loss :  1.219029216003418
Epoch :  917  Epoch time :  0.561915067024529  Train L2 Loss :  1.2190237720489503
Epoch :  918  Epoch time :  0.5618978533893824  Train L2 Loss :  1.2190188814163208
Epoch :  919  Epoch time :  0.5621919743716717  Train L2 Loss :  1.219019441986084
Epoch :  920  Epoch time :  0.5619250582531095  Train L2 Loss :  1.2190103607177734
Epoch :  921  Epoch time :  0.5619148639962077  Train L2 Loss :  1.2190002906799315
Epoch :  922  Epoch time :  0.5626575835049152  Train L2 Loss :  1.2189930625915528
Epoch :  923  Epoch time :  0.5613938216120005  Train L2 Loss :  1.2189943309783935
Epoch :  924  Epoch time :  0.5618610167875886  Train L2 Loss :  1.2189878681182862
Epoch :  925  Epoch time :  0.561932073906064  Train L2 Loss :  1.21898713722229
Epoch :  926  Epoch time :  0.5624659853056073  Train L2 Loss :  1.218978938102722
Epoch :  927  Epoch time :  0.561881841160357  Train L2 Loss :  1.2189684432983399
Epoch :  928  Epoch time :  0.5621796948835254  Train L2 Loss :  1.2189625909805297
Epoch :  929  Epoch time :  0.5624693315476179  Train L2 Loss :  1.2189587303161622
Epoch :  930  Epoch time :  0.5617120768874884  Train L2 Loss :  1.2189644660949708
Epoch :  931  Epoch time :  0.561800773255527  Train L2 Loss :  1.2189428165435792
Epoch :  932  Epoch time :  0.5620550028979778  Train L2 Loss :  1.2189468879699707
Epoch :  933  Epoch time :  0.5619652112945914  Train L2 Loss :  1.218946563720703
Epoch :  934  Epoch time :  0.5617783023044467  Train L2 Loss :  1.218935210800171
Epoch :  935  Epoch time :  0.5617217421531677  Train L2 Loss :  1.218942123413086
Epoch :  936  Epoch time :  0.5620569242164493  Train L2 Loss :  1.2189249240875244
Epoch :  937  Epoch time :  0.5624055722728372  Train L2 Loss :  1.2189210750579833
Epoch :  938  Epoch time :  0.5616704141721129  Train L2 Loss :  1.2189132369995117
Epoch :  939  Epoch time :  0.5626184679567814  Train L2 Loss :  1.2189157022476196
Epoch :  940  Epoch time :  0.5619620019569993  Train L2 Loss :  1.2189055095672607
Epoch :  941  Epoch time :  0.5615955796092749  Train L2 Loss :  1.2189017713546753
Epoch :  942  Epoch time :  0.5614351266995072  Train L2 Loss :  1.2188977828979493
Epoch :  943  Epoch time :  0.5616428088396788  Train L2 Loss :  1.218889906024933
Epoch :  944  Epoch time :  0.5633165948092937  Train L2 Loss :  1.2188931762695312
Epoch :  945  Epoch time :  0.5618313672021031  Train L2 Loss :  1.2188859332084656
Epoch :  946  Epoch time :  0.5618575476109982  Train L2 Loss :  1.218881120300293
Epoch :  947  Epoch time :  0.562149521894753  Train L2 Loss :  1.2188715461730957
Epoch :  948  Epoch time :  0.5619063219055533  Train L2 Loss :  1.2188729944229126
Epoch :  949  Epoch time :  0.5623079407960176  Train L2 Loss :  1.2188659900665284
Epoch :  950  Epoch time :  0.5631172433495522  Train L2 Loss :  1.2188557334899903
Epoch :  951  Epoch time :  0.5712949531152844  Train L2 Loss :  1.2188523692131044
Epoch :  952  Epoch time :  0.5635402100160718  Train L2 Loss :  1.21884131565094
Epoch :  953  Epoch time :  0.5632072445005178  Train L2 Loss :  1.2188400236129762
Epoch :  954  Epoch time :  0.5637739058583975  Train L2 Loss :  1.2188365234375
Epoch :  955  Epoch time :  0.5630828952416778  Train L2 Loss :  1.2188389461517335
Epoch :  956  Epoch time :  0.5629991684108973  Train L2 Loss :  1.218830699157715
Epoch :  957  Epoch time :  0.5637568943202496  Train L2 Loss :  1.2188219163894654
Epoch :  958  Epoch time :  0.5639858786016703  Train L2 Loss :  1.218817685317993
Epoch :  959  Epoch time :  0.563533634878695  Train L2 Loss :  1.2188099979400635
Epoch :  960  Epoch time :  0.5632016304880381  Train L2 Loss :  1.218812474822998
Epoch :  961  Epoch time :  0.563220570795238  Train L2 Loss :  1.2188011310577394
Epoch :  962  Epoch time :  0.5624457066878676  Train L2 Loss :  1.2188056615829468
Epoch :  963  Epoch time :  0.5628456836566329  Train L2 Loss :  1.218788166809082
Epoch :  964  Epoch time :  0.5635746279731393  Train L2 Loss :  1.2187880949020387
Epoch :  965  Epoch time :  0.5646612700074911  Train L2 Loss :  1.218782367324829
Epoch :  966  Epoch time :  0.5629779249429703  Train L2 Loss :  1.2187704048156738
Epoch :  967  Epoch time :  0.5619505252689123  Train L2 Loss :  1.218769850730896
Epoch :  968  Epoch time :  0.5635116463527083  Train L2 Loss :  1.2187666227340699
Epoch :  969  Epoch time :  0.562895443290472  Train L2 Loss :  1.2187641330718995
Epoch :  970  Epoch time :  0.5625369185581803  Train L2 Loss :  1.218755305480957
Epoch :  971  Epoch time :  0.5619640806689858  Train L2 Loss :  1.2187502613067627
Epoch :  972  Epoch time :  0.5630839923396707  Train L2 Loss :  1.2187434539794921
Epoch :  973  Epoch time :  0.5630672592669725  Train L2 Loss :  1.2187395034790038
Epoch :  974  Epoch time :  0.5622297255322337  Train L2 Loss :  1.2187343620300293
Epoch :  975  Epoch time :  0.5621310621500015  Train L2 Loss :  1.2187362604141236
Epoch :  976  Epoch time :  0.561985170468688  Train L2 Loss :  1.2187226997375489
Epoch :  977  Epoch time :  0.5619963174685836  Train L2 Loss :  1.21872854347229
Epoch :  978  Epoch time :  0.5627298606559634  Train L2 Loss :  1.21871722240448
Epoch :  979  Epoch time :  0.5622724061831832  Train L2 Loss :  1.218710343170166
Epoch :  980  Epoch time :  0.5623592175543308  Train L2 Loss :  1.2187101329803467
Epoch :  981  Epoch time :  0.5624287417158484  Train L2 Loss :  1.218694072151184
Epoch :  982  Epoch time :  0.5620219390839338  Train L2 Loss :  1.2186923702239991
Epoch :  983  Epoch time :  0.5619722632691264  Train L2 Loss :  1.2186847805023193
Epoch :  984  Epoch time :  0.5623053498566151  Train L2 Loss :  1.2186882930755616
Epoch :  985  Epoch time :  0.5622330149635673  Train L2 Loss :  1.2186804292678832
Epoch :  986  Epoch time :  0.562510228715837  Train L2 Loss :  1.2186756734848023
Epoch :  987  Epoch time :  0.5619735093787313  Train L2 Loss :  1.2186637039184571
Epoch :  988  Epoch time :  0.5620918488129973  Train L2 Loss :  1.2186668781280519
Epoch :  989  Epoch time :  0.5622254787012935  Train L2 Loss :  1.2186637350082397
Epoch :  990  Epoch time :  0.562848468311131  Train L2 Loss :  1.2186579929351806
Epoch :  991  Epoch time :  0.5623114285990596  Train L2 Loss :  1.2186698991775513
Epoch :  992  Epoch time :  0.5619513271376491  Train L2 Loss :  1.2186489448547364
Epoch :  993  Epoch time :  0.563411514274776  Train L2 Loss :  1.218645280456543
Epoch :  994  Epoch time :  0.5624606935307384  Train L2 Loss :  1.2186450353622436
Epoch :  995  Epoch time :  0.562279125675559  Train L2 Loss :  1.2186354187011719
Epoch :  996  Epoch time :  0.5622352287173271  Train L2 Loss :  1.2186256614685058
Epoch :  997  Epoch time :  0.5618990827351809  Train L2 Loss :  1.2186223663330078
Epoch :  998  Epoch time :  0.5618474585935473  Train L2 Loss :  1.2186193984985352
Epoch :  999  Epoch time :  0.5619423789903522  Train L2 Loss :  1.218611087989807
Total time is : 561.6182451667264 Total epoch is  1000
