Energy is  1.1102230246251565e-15
Input dim :  128  output dim :  4096
362753
Epoch :  0  Epoch time :  0.27223658189177513  Train L2 Loss :  7.309827462220803
Epoch :  1  Epoch time :  0.08064270298928022  Train L2 Loss :  6.56553927446023
Epoch :  2  Epoch time :  0.08043579198420048  Train L2 Loss :  6.227100567939954
Epoch :  3  Epoch time :  0.08086143620312214  Train L2 Loss :  5.977893780439328
Epoch :  4  Epoch time :  0.08025847747921944  Train L2 Loss :  5.529150253687149
Epoch :  5  Epoch time :  0.07878653611987829  Train L2 Loss :  5.14707847741934
Epoch :  6  Epoch time :  0.08026719279587269  Train L2 Loss :  4.5365447508983126
Epoch :  7  Epoch time :  0.08032040856778622  Train L2 Loss :  4.045746998909192
Epoch :  8  Epoch time :  0.08003677241504192  Train L2 Loss :  3.6160278809376254
Epoch :  9  Epoch time :  0.07994742505252361  Train L2 Loss :  3.2550425896277795
Epoch :  10  Epoch time :  0.0798116372898221  Train L2 Loss :  3.268089630664923
Epoch :  11  Epoch time :  0.07848729193210602  Train L2 Loss :  3.0643085699815016
Epoch :  12  Epoch time :  0.08026420418173075  Train L2 Loss :  2.837111625915919
Epoch :  13  Epoch time :  0.08334253448992968  Train L2 Loss :  2.594656962614793
Epoch :  14  Epoch time :  0.08044376503676176  Train L2 Loss :  2.448669824844752
Epoch :  15  Epoch time :  0.08043438103049994  Train L2 Loss :  2.248780152736566
Epoch :  16  Epoch time :  0.081227608025074  Train L2 Loss :  2.148650432244325
Epoch :  17  Epoch time :  0.07998296711593866  Train L2 Loss :  2.0107846688001585
Epoch :  18  Epoch time :  0.0805670116096735  Train L2 Loss :  1.8560889256306183
Epoch :  19  Epoch time :  0.08057172689586878  Train L2 Loss :  1.8092892842415051
Epoch :  20  Epoch time :  0.08080605790019035  Train L2 Loss :  1.6835746642870781
Epoch :  21  Epoch time :  0.08051747921854258  Train L2 Loss :  1.5723529167664356
Epoch :  22  Epoch time :  0.0804586410522461  Train L2 Loss :  1.5083691126261003
Epoch :  23  Epoch time :  0.07895706873387098  Train L2 Loss :  1.4565528478377905
Epoch :  24  Epoch time :  0.08056720346212387  Train L2 Loss :  1.4090062899467273
Epoch :  25  Epoch time :  0.08093341812491417  Train L2 Loss :  1.350194717064882
Epoch :  26  Epoch time :  0.08118700888007879  Train L2 Loss :  1.2706511815388997
Epoch :  27  Epoch time :  0.08067488297820091  Train L2 Loss :  1.2004270889820197
Epoch :  28  Epoch time :  0.08071858063340187  Train L2 Loss :  1.160125854687813
Epoch :  29  Epoch time :  0.0821103760972619  Train L2 Loss :  1.0878138908973107
Epoch :  30  Epoch time :  0.08112375438213348  Train L2 Loss :  1.1512725628339326
Epoch :  31  Epoch time :  0.08072490897029638  Train L2 Loss :  1.1379136397288396
Epoch :  32  Epoch time :  0.08064219541847706  Train L2 Loss :  1.0986131735337086
Epoch :  33  Epoch time :  0.08079988323152065  Train L2 Loss :  1.1237149972182054
Epoch :  34  Epoch time :  0.08043058216571808  Train L2 Loss :  1.0863133118702815
Epoch :  35  Epoch time :  0.07919405028223991  Train L2 Loss :  0.9866808438912417
Epoch :  36  Epoch time :  0.08068231865763664  Train L2 Loss :  0.908618572430733
Epoch :  37  Epoch time :  0.08074638247489929  Train L2 Loss :  0.8279025921454797
Epoch :  38  Epoch time :  0.08074594289064407  Train L2 Loss :  0.7943392839187231
Epoch :  39  Epoch time :  0.0807979004457593  Train L2 Loss :  0.72409088183672
Epoch :  40  Epoch time :  0.08104306925088167  Train L2 Loss :  0.6902295855375437
Epoch :  41  Epoch time :  0.07897546608000994  Train L2 Loss :  0.6673913995424906
Epoch :  42  Epoch time :  0.0807659113779664  Train L2 Loss :  0.742818954663399
Epoch :  43  Epoch time :  0.0806049881502986  Train L2 Loss :  0.7202741946929541
Epoch :  44  Epoch time :  0.08079589623957872  Train L2 Loss :  0.6602711112071307
Epoch :  45  Epoch time :  0.08376813307404518  Train L2 Loss :  0.668543659723722
Epoch :  46  Epoch time :  0.08080686256289482  Train L2 Loss :  0.6726739483001904
Epoch :  47  Epoch time :  0.07925386261194944  Train L2 Loss :  0.6532512246034085
Epoch :  48  Epoch time :  0.08055725693702698  Train L2 Loss :  0.6217844088872274
Epoch :  49  Epoch time :  0.0805527800694108  Train L2 Loss :  0.635714937479068
Epoch :  50  Epoch time :  0.08044407423585653  Train L2 Loss :  0.5654520942614629
Epoch :  51  Epoch time :  0.08064696565270424  Train L2 Loss :  0.5402257534173819
Epoch :  52  Epoch time :  0.08045036531984806  Train L2 Loss :  0.5701190493045709
Epoch :  53  Epoch time :  0.07967460621148348  Train L2 Loss :  0.7579711752060132
Epoch :  54  Epoch time :  0.08066847827285528  Train L2 Loss :  0.6266410106267685
Epoch :  55  Epoch time :  0.08074903208762407  Train L2 Loss :  0.5597904584346673
Epoch :  56  Epoch time :  0.08062008768320084  Train L2 Loss :  0.5450313840156946
Epoch :  57  Epoch time :  0.08077254611998796  Train L2 Loss :  0.5134214544907595
Epoch :  58  Epoch time :  0.07964773941785097  Train L2 Loss :  0.45633984758303714
Epoch :  59  Epoch time :  0.08026122208684683  Train L2 Loss :  0.4633790789506374
Epoch :  60  Epoch time :  0.08070741593837738  Train L2 Loss :  0.43250675079150075
Epoch :  61  Epoch time :  0.08055614959448576  Train L2 Loss :  0.43353010140932524
Epoch :  62  Epoch time :  0.08376230672001839  Train L2 Loss :  0.4425103939496554
Epoch :  63  Epoch time :  0.08070529252290726  Train L2 Loss :  0.4397778984827873
Epoch :  64  Epoch time :  0.079020238481462  Train L2 Loss :  0.41322949834358996
Epoch :  65  Epoch time :  0.08110512141138315  Train L2 Loss :  0.4026569257944058
Epoch :  66  Epoch time :  0.08063311316072941  Train L2 Loss :  0.48247117568285036
Epoch :  67  Epoch time :  0.08108094613999128  Train L2 Loss :  0.45135256953728503
Epoch :  68  Epoch time :  0.0805862694978714  Train L2 Loss :  0.430536503975208
Epoch :  69  Epoch time :  0.08078215084969997  Train L2 Loss :  0.40503689035391194
Epoch :  70  Epoch time :  0.07909413892775774  Train L2 Loss :  0.40107289338723207
Epoch :  71  Epoch time :  0.08095900155603886  Train L2 Loss :  0.38251922680781436
Epoch :  72  Epoch time :  0.0814721779897809  Train L2 Loss :  0.3640598670030252
Epoch :  73  Epoch time :  0.08076536189764738  Train L2 Loss :  0.34942167691695386
Epoch :  74  Epoch time :  0.08074152003973722  Train L2 Loss :  0.3428894525919205
Epoch :  75  Epoch time :  0.08057270292192698  Train L2 Loss :  0.35009826528720367
Epoch :  76  Epoch time :  0.07920093648135662  Train L2 Loss :  0.3532207455390539
Epoch :  77  Epoch time :  0.08096364792436361  Train L2 Loss :  0.35193001001309127
Epoch :  78  Epoch time :  0.08386502042412758  Train L2 Loss :  0.34749295314153034
Epoch :  79  Epoch time :  0.08197656739503145  Train L2 Loss :  0.34637363446064484
Epoch :  80  Epoch time :  0.0810038410127163  Train L2 Loss :  0.34099509853583115
Epoch :  81  Epoch time :  0.08055098634213209  Train L2 Loss :  0.3523848316608331
Epoch :  82  Epoch time :  0.07887627277523279  Train L2 Loss :  0.35456275634276563
Epoch :  83  Epoch time :  0.08060519397258759  Train L2 Loss :  0.3361177276342343
Epoch :  84  Epoch time :  0.08080245833843946  Train L2 Loss :  0.32016111490054006
Epoch :  85  Epoch time :  0.08102172613143921  Train L2 Loss :  0.32177777473743147
Epoch :  86  Epoch time :  0.08070855028927326  Train L2 Loss :  0.352815126761412
Epoch :  87  Epoch time :  0.0804949002340436  Train L2 Loss :  0.40882507883585417
Epoch :  88  Epoch time :  0.07960557471960783  Train L2 Loss :  0.40436075436763275
Epoch :  89  Epoch time :  0.08381310198456049  Train L2 Loss :  0.41269517709047365
Epoch :  90  Epoch time :  0.08081977441906929  Train L2 Loss :  0.4026563450312003
Epoch :  91  Epoch time :  0.0809573968872428  Train L2 Loss :  0.3984832717822148
Epoch :  92  Epoch time :  0.08085139188915491  Train L2 Loss :  0.37477806974679995
Epoch :  93  Epoch time :  0.08074751775711775  Train L2 Loss :  0.374576883438306
Epoch :  94  Epoch time :  0.08167895767837763  Train L2 Loss :  0.3792325510428502
Epoch :  95  Epoch time :  0.0808605020865798  Train L2 Loss :  0.3454300455557994
Epoch :  96  Epoch time :  0.0809378745034337  Train L2 Loss :  0.3529731111648755
Epoch :  97  Epoch time :  0.08076994121074677  Train L2 Loss :  0.3784849185210008
Epoch :  98  Epoch time :  0.081218340434134  Train L2 Loss :  0.3494980824299348
Epoch :  99  Epoch time :  0.08094477746635675  Train L2 Loss :  0.3588420550028483
Epoch :  100  Epoch time :  0.07926780357956886  Train L2 Loss :  0.28355107934047014
Epoch :  101  Epoch time :  0.08122923132032156  Train L2 Loss :  0.23136509228975344
Epoch :  102  Epoch time :  0.08277939911931753  Train L2 Loss :  0.21180932682294112
Epoch :  103  Epoch time :  0.08091930951923132  Train L2 Loss :  0.20270396081300882
Epoch :  104  Epoch time :  0.08124237507581711  Train L2 Loss :  0.19559906690548629
Epoch :  105  Epoch time :  0.08073660358786583  Train L2 Loss :  0.19076379713339683
Epoch :  106  Epoch time :  0.07947089895606041  Train L2 Loss :  0.18738217460803497
Epoch :  107  Epoch time :  0.08068018965423107  Train L2 Loss :  0.18487568543507502
Epoch :  108  Epoch time :  0.0807751091197133  Train L2 Loss :  0.18243786616203111
Epoch :  109  Epoch time :  0.08091700728982687  Train L2 Loss :  0.18019033739200005
Epoch :  110  Epoch time :  0.08079709392040968  Train L2 Loss :  0.17832805789433992
Epoch :  111  Epoch time :  0.08032570499926805  Train L2 Loss :  0.17604571962967897
Epoch :  112  Epoch time :  0.08016402926295996  Train L2 Loss :  0.17418823410303164
Epoch :  113  Epoch time :  0.08110153023153543  Train L2 Loss :  0.17232385048499474
Epoch :  114  Epoch time :  0.08086251188069582  Train L2 Loss :  0.17085752387841543
Epoch :  115  Epoch time :  0.08428529743105173  Train L2 Loss :  0.16937194306116837
Epoch :  116  Epoch time :  0.080931113101542  Train L2 Loss :  0.16755370299021402
Epoch :  117  Epoch time :  0.07958744745701551  Train L2 Loss :  0.1653899107223902
Epoch :  118  Epoch time :  0.0812028395012021  Train L2 Loss :  0.16348464978046906
Epoch :  119  Epoch time :  0.08077301271259785  Train L2 Loss :  0.16193372087600905
Epoch :  120  Epoch time :  0.08358005806803703  Train L2 Loss :  0.16183969302055162
Epoch :  121  Epoch time :  0.08061768859624863  Train L2 Loss :  0.15913492059096312
Epoch :  122  Epoch time :  0.08082710951566696  Train L2 Loss :  0.15691703940049195
Epoch :  123  Epoch time :  0.07922072615474463  Train L2 Loss :  0.15530087168400103
Epoch :  124  Epoch time :  0.08091979939490557  Train L2 Loss :  0.15394993049976152
Epoch :  125  Epoch time :  0.08125981036573648  Train L2 Loss :  0.15172205903591254
Epoch :  126  Epoch time :  0.0808034660294652  Train L2 Loss :  0.150351148385268
Epoch :  127  Epoch time :  0.08088984154164791  Train L2 Loss :  0.14882226173694318
Epoch :  128  Epoch time :  0.0810497933998704  Train L2 Loss :  0.14682456430716392
Epoch :  129  Epoch time :  0.07918363064527512  Train L2 Loss :  0.1456436874010624
Epoch :  130  Epoch time :  0.08111004903912544  Train L2 Loss :  0.1438965319822996
Epoch :  131  Epoch time :  0.08166628982871771  Train L2 Loss :  0.1419799885688684
Epoch :  132  Epoch time :  0.08120393939316273  Train L2 Loss :  0.14090497982807648
Epoch :  133  Epoch time :  0.08085666969418526  Train L2 Loss :  0.13956155608861875
Epoch :  134  Epoch time :  0.08086324390023947  Train L2 Loss :  0.13856683786098772
Epoch :  135  Epoch time :  0.07789962086826563  Train L2 Loss :  0.13684087036511836
Epoch :  136  Epoch time :  0.08110799267888069  Train L2 Loss :  0.1363032429646223
Epoch :  137  Epoch time :  0.08125935960561037  Train L2 Loss :  0.140124750825075
Epoch :  138  Epoch time :  0.08093720767647028  Train L2 Loss :  0.1419701071885916
Epoch :  139  Epoch time :  0.08082321938127279  Train L2 Loss :  0.14187074089661622
Epoch :  140  Epoch time :  0.08082697913050652  Train L2 Loss :  0.13952270990762955
Epoch :  141  Epoch time :  0.08141021430492401  Train L2 Loss :  0.13849202409768716
Epoch :  142  Epoch time :  0.08171882294118404  Train L2 Loss :  0.13746081330837348
Epoch :  143  Epoch time :  0.0812866585329175  Train L2 Loss :  0.1366512763958711
Epoch :  144  Epoch time :  0.08133917488157749  Train L2 Loss :  0.1371271319878407
Epoch :  145  Epoch time :  0.08093192987143993  Train L2 Loss :  0.13842667601047418
Epoch :  146  Epoch time :  0.08089147973805666  Train L2 Loss :  0.13945490045425218
Epoch :  147  Epoch time :  0.07934441231191158  Train L2 Loss :  0.14064010710288316
Epoch :  148  Epoch time :  0.08339033555239439  Train L2 Loss :  0.15789269560422653
Epoch :  149  Epoch time :  0.08099084161221981  Train L2 Loss :  0.15561291728264245
Epoch :  150  Epoch time :  0.08125690836459398  Train L2 Loss :  0.14913696700181717
Epoch :  151  Epoch time :  0.08148018922656775  Train L2 Loss :  0.1479294682160402
Epoch :  152  Epoch time :  0.0809373538941145  Train L2 Loss :  0.16453177921282938
Epoch :  153  Epoch time :  0.07937385886907578  Train L2 Loss :  0.1668470242084601
Epoch :  154  Epoch time :  0.08096881676465273  Train L2 Loss :  0.16087932808276934
Epoch :  155  Epoch time :  0.08067893143743277  Train L2 Loss :  0.1578826170701247
Epoch :  156  Epoch time :  0.0808407748118043  Train L2 Loss :  0.15717310936023027
Epoch :  157  Epoch time :  0.0809484850615263  Train L2 Loss :  0.16742663429333612
Epoch :  158  Epoch time :  0.08111507259309292  Train L2 Loss :  0.16927170944519532
Epoch :  159  Epoch time :  0.07933053933084011  Train L2 Loss :  0.1621265533642891
Epoch :  160  Epoch time :  0.08093120064586401  Train L2 Loss :  0.15369276434947282
Epoch :  161  Epoch time :  0.08096806518733501  Train L2 Loss :  0.15456402110747802
Epoch :  162  Epoch time :  0.08115077205002308  Train L2 Loss :  0.15717362020260248
Epoch :  163  Epoch time :  0.08064348343759775  Train L2 Loss :  0.15532929392961356
Epoch :  164  Epoch time :  0.08139645960181952  Train L2 Loss :  0.1503723049775148
Epoch :  165  Epoch time :  0.07934768591076136  Train L2 Loss :  0.14996824661890665
Epoch :  166  Epoch time :  0.08113055862486362  Train L2 Loss :  0.15127121332364205
Epoch :  167  Epoch time :  0.08106848318129778  Train L2 Loss :  0.15875914387213877
Epoch :  168  Epoch time :  0.08103572949767113  Train L2 Loss :  0.15492512858830965
Epoch :  169  Epoch time :  0.08082790207117796  Train L2 Loss :  0.14679577220708895
Epoch :  170  Epoch time :  0.08092009462416172  Train L2 Loss :  0.14839905232955247
Epoch :  171  Epoch time :  0.0795182604342699  Train L2 Loss :  0.14763392240573198
Epoch :  172  Epoch time :  0.08103231713175774  Train L2 Loss :  0.14263247220944136
Epoch :  173  Epoch time :  0.08101350255310535  Train L2 Loss :  0.13666420181592306
Epoch :  174  Epoch time :  0.08353968802839518  Train L2 Loss :  0.13424160732672766
Epoch :  175  Epoch time :  0.08097731973975897  Train L2 Loss :  0.13013256818820268
Epoch :  176  Epoch time :  0.08021052833646536  Train L2 Loss :  0.14753528053943926
Epoch :  177  Epoch time :  0.08056758437305689  Train L2 Loss :  0.16484003112866327
Epoch :  178  Epoch time :  0.0808601351454854  Train L2 Loss :  0.1639848462282083
Epoch :  179  Epoch time :  0.08087806683033705  Train L2 Loss :  0.15233049866480705
Epoch :  180  Epoch time :  0.08071813639253378  Train L2 Loss :  0.14264661455765748
Epoch :  181  Epoch time :  0.08075094781816006  Train L2 Loss :  0.14023966552355352
Epoch :  182  Epoch time :  0.07965158764272928  Train L2 Loss :  0.13513401074287218
Epoch :  183  Epoch time :  0.08106624707579613  Train L2 Loss :  0.13037302803534728
Epoch :  184  Epoch time :  0.08103152830153704  Train L2 Loss :  0.12864499176159883
Epoch :  185  Epoch time :  0.08095542341470718  Train L2 Loss :  0.12250689741892692
Epoch :  186  Epoch time :  0.08094780147075653  Train L2 Loss :  0.1165228994228901
Epoch :  187  Epoch time :  0.08086774125695229  Train L2 Loss :  0.11851186591845292
Epoch :  188  Epoch time :  0.07945140823721886  Train L2 Loss :  0.11701870652345511
Epoch :  189  Epoch time :  0.08297573123127222  Train L2 Loss :  0.11784388048526569
Epoch :  190  Epoch time :  0.08127770479768515  Train L2 Loss :  0.11746267936168572
Epoch :  191  Epoch time :  0.08068517223000526  Train L2 Loss :  0.11617668851827964
Epoch :  192  Epoch time :  0.08096376527100801  Train L2 Loss :  0.11568500025150104
Epoch :  193  Epoch time :  0.0808496018871665  Train L2 Loss :  0.12294696462460053
Epoch :  194  Epoch time :  0.07920242939144373  Train L2 Loss :  0.12977067438455728
Epoch :  195  Epoch time :  0.08112079557031393  Train L2 Loss :  0.13455780003315362
Epoch :  196  Epoch time :  0.08115237951278687  Train L2 Loss :  0.13647565971582365
Epoch :  197  Epoch time :  0.08088671881705523  Train L2 Loss :  0.14010672118419257
Epoch :  198  Epoch time :  0.08094333671033382  Train L2 Loss :  0.1459873093244357
Epoch :  199  Epoch time :  0.08167543169111013  Train L2 Loss :  0.14516645517104712
Epoch :  200  Epoch time :  0.07936733961105347  Train L2 Loss :  0.1177216296394666
Epoch :  201  Epoch time :  0.08518723864108324  Train L2 Loss :  0.09648955708894974
Epoch :  202  Epoch time :  0.08194133453071117  Train L2 Loss :  0.08864147961139679
Epoch :  203  Epoch time :  0.08141277357935905  Train L2 Loss :  0.08398010715460166
Epoch :  204  Epoch time :  0.08164108078926802  Train L2 Loss :  0.08177914986243615
Epoch :  205  Epoch time :  0.08134881593286991  Train L2 Loss :  0.08052749855396076
Epoch :  206  Epoch time :  0.07950898353010416  Train L2 Loss :  0.07973066297097084
Epoch :  207  Epoch time :  0.08088092133402824  Train L2 Loss :  0.07915722865324754
Epoch :  208  Epoch time :  0.08074235823005438  Train L2 Loss :  0.0786115485124099
Epoch :  209  Epoch time :  0.08060664869844913  Train L2 Loss :  0.07811397734360817
Epoch :  210  Epoch time :  0.08119743969291449  Train L2 Loss :  0.07775030361536221
Epoch :  211  Epoch time :  0.08072786685079336  Train L2 Loss :  0.0773645226772015
Epoch :  212  Epoch time :  0.07956111710518599  Train L2 Loss :  0.07696024481302653
Epoch :  213  Epoch time :  0.08097155019640923  Train L2 Loss :  0.07663503155494347
Epoch :  214  Epoch time :  0.08080973662436008  Train L2 Loss :  0.07626636937642708
Epoch :  215  Epoch time :  0.08102580532431602  Train L2 Loss :  0.07591958000109746
Epoch :  216  Epoch time :  0.0812220647931099  Train L2 Loss :  0.07560344804555942
Epoch :  217  Epoch time :  0.08084872830659151  Train L2 Loss :  0.07526638301519248
Epoch :  218  Epoch time :  0.07942565623670816  Train L2 Loss :  0.07490217590179199
Epoch :  219  Epoch time :  0.08073377795517445  Train L2 Loss :  0.0746714724944188
Epoch :  220  Epoch time :  0.08096699975430965  Train L2 Loss :  0.07439599186182022
Epoch :  221  Epoch time :  0.08083964884281158  Train L2 Loss :  0.0741074990767699
Epoch :  222  Epoch time :  0.08083810843527317  Train L2 Loss :  0.07378502285633332
Epoch :  223  Epoch time :  0.081078483723104  Train L2 Loss :  0.07357325557714854
Epoch :  224  Epoch time :  0.09759665932506323  Train L2 Loss :  0.07334635502252823
Epoch :  225  Epoch time :  0.08023113664239645  Train L2 Loss :  0.07311681256844448
Epoch :  226  Epoch time :  0.07987686712294817  Train L2 Loss :  0.07287649084360172
Epoch :  227  Epoch time :  0.0798112628981471  Train L2 Loss :  0.07233029794998658
Epoch :  228  Epoch time :  0.08561031706631184  Train L2 Loss :  0.07199386851145671
Epoch :  229  Epoch time :  0.079157336615026  Train L2 Loss :  0.07170499842136334
Epoch :  230  Epoch time :  0.07957867439836264  Train L2 Loss :  0.07160486720311336
Epoch :  231  Epoch time :  0.07998679578304291  Train L2 Loss :  0.07131667893666488
Epoch :  232  Epoch time :  0.08013448119163513  Train L2 Loss :  0.07100480680282299
Epoch :  233  Epoch time :  0.08002816326916218  Train L2 Loss :  0.07124997637210748
Epoch :  234  Epoch time :  0.08009096421301365  Train L2 Loss :  0.07092214394838382
Epoch :  235  Epoch time :  0.07894986867904663  Train L2 Loss :  0.07059779935158216
Epoch :  236  Epoch time :  0.08029550686478615  Train L2 Loss :  0.07036514962330842
Epoch :  237  Epoch time :  0.08010457642376423  Train L2 Loss :  0.0699326386436438
Epoch :  238  Epoch time :  0.08034456335008144  Train L2 Loss :  0.06956284827528855
Epoch :  239  Epoch time :  0.08028373122215271  Train L2 Loss :  0.06921129043285663
Epoch :  240  Epoch time :  0.08010730054229498  Train L2 Loss :  0.06901342670122783
Epoch :  241  Epoch time :  0.07938777562230825  Train L2 Loss :  0.06901496648788452
Epoch :  242  Epoch time :  0.08083290234208107  Train L2 Loss :  0.0687813292711209
Epoch :  243  Epoch time :  0.0805432302877307  Train L2 Loss :  0.06877725418561544
Epoch :  244  Epoch time :  0.08028319384902716  Train L2 Loss :  0.06891376410539334
Epoch :  245  Epoch time :  0.08059184346348047  Train L2 Loss :  0.06885346407309556
Epoch :  246  Epoch time :  0.08055579662322998  Train L2 Loss :  0.06874959629315597
Epoch :  247  Epoch time :  0.07921966817229986  Train L2 Loss :  0.06827524323494007
Epoch :  248  Epoch time :  0.081066501326859  Train L2 Loss :  0.06777342504415756
Epoch :  249  Epoch time :  0.08069939538836479  Train L2 Loss :  0.06755404862073752
Epoch :  250  Epoch time :  0.0807539289817214  Train L2 Loss :  0.06789074284143937
Epoch :  251  Epoch time :  0.08044521510601044  Train L2 Loss :  0.06794288658942932
Epoch :  252  Epoch time :  0.08059578482061625  Train L2 Loss :  0.06862066304072356
Epoch :  253  Epoch time :  0.07906266115605831  Train L2 Loss :  0.06781386794188084
Epoch :  254  Epoch time :  0.0807633139193058  Train L2 Loss :  0.06761013659147116
Epoch :  255  Epoch time :  0.08094095066189766  Train L2 Loss :  0.06853232781092326
Epoch :  256  Epoch time :  0.08065866213291883  Train L2 Loss :  0.06958940625190735
Epoch :  257  Epoch time :  0.08045030012726784  Train L2 Loss :  0.06933832493348
Epoch :  258  Epoch time :  0.08062351308763027  Train L2 Loss :  0.07000984881932919
Epoch :  259  Epoch time :  0.07892974372953176  Train L2 Loss :  0.0727140078177819
Epoch :  260  Epoch time :  0.08066328428685665  Train L2 Loss :  0.07306744120059869
Epoch :  261  Epoch time :  0.08118849154561758  Train L2 Loss :  0.07469333421725494
Epoch :  262  Epoch time :  0.08082034904509783  Train L2 Loss :  0.07605555462531555
Epoch :  263  Epoch time :  0.08054562285542488  Train L2 Loss :  0.07726821761864883
Epoch :  264  Epoch time :  0.08085941709578037  Train L2 Loss :  0.07662455355509734
Epoch :  265  Epoch time :  0.07888831477612257  Train L2 Loss :  0.07547481663716145
Epoch :  266  Epoch time :  0.08089091535657644  Train L2 Loss :  0.07470346471438041
Epoch :  267  Epoch time :  0.08106934372335672  Train L2 Loss :  0.0733098559654676
Epoch :  268  Epoch time :  0.0809431653469801  Train L2 Loss :  0.07420801333127877
Epoch :  269  Epoch time :  0.08075467776507139  Train L2 Loss :  0.07810977330574623
Epoch :  270  Epoch time :  0.08053355757147074  Train L2 Loss :  0.07855064479204324
Epoch :  271  Epoch time :  0.07911191508173943  Train L2 Loss :  0.0813077095991526
Epoch :  272  Epoch time :  0.08372415788471699  Train L2 Loss :  0.09042584666839013
Epoch :  273  Epoch time :  0.08092743903398514  Train L2 Loss :  0.0941440123013961
Epoch :  274  Epoch time :  0.08100848458707333  Train L2 Loss :  0.09300450636790349
Epoch :  275  Epoch time :  0.08093307446688414  Train L2 Loss :  0.08827935006373967
Epoch :  276  Epoch time :  0.08070949092507362  Train L2 Loss :  0.0955077310403188
Epoch :  277  Epoch time :  0.07923170272260904  Train L2 Loss :  0.08752679671996678
Epoch :  278  Epoch time :  0.0813125865533948  Train L2 Loss :  0.0830115733238367
Epoch :  279  Epoch time :  0.08099440392106771  Train L2 Loss :  0.07925583154727252
Epoch :  280  Epoch time :  0.0807983037084341  Train L2 Loss :  0.07629609719300881
Epoch :  281  Epoch time :  0.08121913019567728  Train L2 Loss :  0.07431785838726239
Epoch :  282  Epoch time :  0.08083551842719316  Train L2 Loss :  0.0728658825541154
Epoch :  283  Epoch time :  0.07920241821557283  Train L2 Loss :  0.07215363799761502
Epoch :  284  Epoch time :  0.08086758386343718  Train L2 Loss :  0.07384021618427375
Epoch :  285  Epoch time :  0.08079347386956215  Train L2 Loss :  0.07389812247875409
Epoch :  286  Epoch time :  0.08095139916986227  Train L2 Loss :  0.07908268215564582
Epoch :  287  Epoch time :  0.08103733882308006  Train L2 Loss :  0.07868535797565411
Epoch :  288  Epoch time :  0.08083474356681108  Train L2 Loss :  0.07807111663696094
Epoch :  289  Epoch time :  0.07938679587095976  Train L2 Loss :  0.07591784879183158
Epoch :  290  Epoch time :  0.08067733608186245  Train L2 Loss :  0.07327853716336764
Epoch :  291  Epoch time :  0.08081400021910667  Train L2 Loss :  0.07091184323414779
Epoch :  292  Epoch time :  0.08073276001960039  Train L2 Loss :  0.07160051167011261
Epoch :  293  Epoch time :  0.08114085998386145  Train L2 Loss :  0.0691245735073701
Epoch :  294  Epoch time :  0.08097360003739595  Train L2 Loss :  0.06713117945652741
Epoch :  295  Epoch time :  0.0790726775303483  Train L2 Loss :  0.06536533129520905
Epoch :  296  Epoch time :  0.0814488735049963  Train L2 Loss :  0.06583255739548267
Epoch :  297  Epoch time :  0.08085480704903603  Train L2 Loss :  0.06671419128393516
Epoch :  298  Epoch time :  0.08092305064201355  Train L2 Loss :  0.0662456349684642
Epoch :  299  Epoch time :  0.0809101490303874  Train L2 Loss :  0.06763433416684468
Epoch :  300  Epoch time :  0.08107228484004736  Train L2 Loss :  0.06125560546150574
Epoch :  301  Epoch time :  0.07951189298182726  Train L2 Loss :  0.05734653025865555
Epoch :  302  Epoch time :  0.08095768094062805  Train L2 Loss :  0.05570209160065039
Epoch :  303  Epoch time :  0.0806611655279994  Train L2 Loss :  0.054984109046367496
Epoch :  304  Epoch time :  0.08084225188940763  Train L2 Loss :  0.054507492253413566
Epoch :  305  Epoch time :  0.08084976207464933  Train L2 Loss :  0.05413932821307427
Epoch :  306  Epoch time :  0.08052833005785942  Train L2 Loss :  0.053875281738165096
Epoch :  307  Epoch time :  0.07979986071586609  Train L2 Loss :  0.053701387001917913
Epoch :  308  Epoch time :  0.08089088089764118  Train L2 Loss :  0.053629257931159094
Epoch :  309  Epoch time :  0.08076817728579044  Train L2 Loss :  0.05346589353986275
Epoch :  310  Epoch time :  0.08080630004405975  Train L2 Loss :  0.053306168948228545
Epoch :  311  Epoch time :  0.08292742073535919  Train L2 Loss :  0.053140779049732745
Epoch :  312  Epoch time :  0.08010032586753368  Train L2 Loss :  0.05301332703003517
Epoch :  313  Epoch time :  0.08073571417480707  Train L2 Loss :  0.05293110987314811
Epoch :  314  Epoch time :  0.08104550465941429  Train L2 Loss :  0.052760462157237224
Epoch :  315  Epoch time :  0.08095278963446617  Train L2 Loss :  0.052630806962649025
Epoch :  316  Epoch time :  0.0809426223859191  Train L2 Loss :  0.05250961543657841
Epoch :  317  Epoch time :  0.08079576771706343  Train L2 Loss :  0.05239966358893957
Epoch :  318  Epoch time :  0.0794816855341196  Train L2 Loss :  0.05228047894361692
Epoch :  319  Epoch time :  0.08113532140851021  Train L2 Loss :  0.05215542075725702
Epoch :  320  Epoch time :  0.08093189727514982  Train L2 Loss :  0.05205066387469952
Epoch :  321  Epoch time :  0.0809414703398943  Train L2 Loss :  0.05191098592984371
Epoch :  322  Epoch time :  0.08083361573517323  Train L2 Loss :  0.05180832686332556
Epoch :  323  Epoch time :  0.08101323619484901  Train L2 Loss :  0.05174120525136972
Epoch :  324  Epoch time :  0.0793761471286416  Train L2 Loss :  0.05159941783700234
Epoch :  325  Epoch time :  0.08121080510318279  Train L2 Loss :  0.051519985286853254
Epoch :  326  Epoch time :  0.08120120316743851  Train L2 Loss :  0.05141565184562634
Epoch :  327  Epoch time :  0.08097231015563011  Train L2 Loss :  0.051247419168551765
Epoch :  328  Epoch time :  0.08103589713573456  Train L2 Loss :  0.05114930696212328
Epoch :  329  Epoch time :  0.08170907106250525  Train L2 Loss :  0.05093659431888507
Epoch :  330  Epoch time :  0.07956680748611689  Train L2 Loss :  0.050811880483077124
Epoch :  331  Epoch time :  0.08086658082902431  Train L2 Loss :  0.050751979438922346
Epoch :  332  Epoch time :  0.08325522392988205  Train L2 Loss :  0.05062609376051487
Epoch :  333  Epoch time :  0.08120512310415506  Train L2 Loss :  0.05057228337495755
Epoch :  334  Epoch time :  0.08077199943363667  Train L2 Loss :  0.05044629023625301
Epoch :  335  Epoch time :  0.0809733672067523  Train L2 Loss :  0.05027151776429934
Epoch :  336  Epoch time :  0.07961246185004711  Train L2 Loss :  0.05010106309484213
Epoch :  337  Epoch time :  0.08123464975506067  Train L2 Loss :  0.0499640883734593
Epoch :  338  Epoch time :  0.08115145098417997  Train L2 Loss :  0.049829925100008644
Epoch :  339  Epoch time :  0.08150096982717514  Train L2 Loss :  0.049801261379168585
Epoch :  340  Epoch time :  0.08113295584917068  Train L2 Loss :  0.04979492083956034
Epoch :  341  Epoch time :  0.08104842994362116  Train L2 Loss :  0.04961013965881788
Epoch :  342  Epoch time :  0.0793082732707262  Train L2 Loss :  0.04940678886114023
Epoch :  343  Epoch time :  0.08107139077037573  Train L2 Loss :  0.04925262288023264
Epoch :  344  Epoch time :  0.08114965632557869  Train L2 Loss :  0.04910822365528498
Epoch :  345  Epoch time :  0.08131240028887987  Train L2 Loss :  0.04899245042067308
Epoch :  346  Epoch time :  0.08143060561269522  Train L2 Loss :  0.04883540670077006
Epoch :  347  Epoch time :  0.08097790274769068  Train L2 Loss :  0.048972843358149894
Epoch :  348  Epoch time :  0.07956563960760832  Train L2 Loss :  0.049025955299536385
Epoch :  349  Epoch time :  0.08099749498069286  Train L2 Loss :  0.04903344341959709
Epoch :  350  Epoch time :  0.0812129508703947  Train L2 Loss :  0.04884003714109079
Epoch :  351  Epoch time :  0.08096446841955185  Train L2 Loss :  0.04851566159572357
Epoch :  352  Epoch time :  0.08136195316910744  Train L2 Loss :  0.04823679152207497
Epoch :  353  Epoch time :  0.08352913521230221  Train L2 Loss :  0.048133999204788454
Epoch :  354  Epoch time :  0.07981676515191793  Train L2 Loss :  0.04798502790240141
Epoch :  355  Epoch time :  0.08123681228607893  Train L2 Loss :  0.047921013373595014
Epoch :  356  Epoch time :  0.08120917901396751  Train L2 Loss :  0.04809216849314861
Epoch :  357  Epoch time :  0.08109300676733255  Train L2 Loss :  0.0480333985044406
Epoch :  358  Epoch time :  0.0810370221734047  Train L2 Loss :  0.047884383071691565
Epoch :  359  Epoch time :  0.08108749333769083  Train L2 Loss :  0.047955349660836734
Epoch :  360  Epoch time :  0.08013175148516893  Train L2 Loss :  0.04789451309121572
Epoch :  361  Epoch time :  0.08112276438623667  Train L2 Loss :  0.047603501818883114
Epoch :  362  Epoch time :  0.08124078158289194  Train L2 Loss :  0.047310419380664825
Epoch :  363  Epoch time :  0.081086291000247  Train L2 Loss :  0.04751780046484409
Epoch :  364  Epoch time :  0.08124843519181013  Train L2 Loss :  0.04758574832708408
Epoch :  365  Epoch time :  0.08046656101942062  Train L2 Loss :  0.04777760555346807
Epoch :  366  Epoch time :  0.08055106922984123  Train L2 Loss :  0.04798187430088337
Epoch :  367  Epoch time :  0.08119793143123388  Train L2 Loss :  0.04857600900607231
Epoch :  368  Epoch time :  0.08119477611035109  Train L2 Loss :  0.04942145246343735
Epoch :  369  Epoch time :  0.08112727012485266  Train L2 Loss :  0.049754137889697
Epoch :  370  Epoch time :  0.08112379163503647  Train L2 Loss :  0.05007712141825603
Epoch :  371  Epoch time :  0.07999119162559509  Train L2 Loss :  0.04960287390993191
Epoch :  372  Epoch time :  0.08152518328279257  Train L2 Loss :  0.04886350331780238
Epoch :  373  Epoch time :  0.08141548745334148  Train L2 Loss :  0.04828849922005947
Epoch :  374  Epoch time :  0.08274900820106268  Train L2 Loss :  0.04837751302581567
Epoch :  375  Epoch time :  0.08117109164595604  Train L2 Loss :  0.048592045807685606
Epoch :  376  Epoch time :  0.08120685443282127  Train L2 Loss :  0.049381723102086626
Epoch :  377  Epoch time :  0.07989675179123878  Train L2 Loss :  0.05009895524917505
Epoch :  378  Epoch time :  0.08124014548957348  Train L2 Loss :  0.050127495175752886
Epoch :  379  Epoch time :  0.08183103613555431  Train L2 Loss :  0.05103868484879152
Epoch :  380  Epoch time :  0.0808777566999197  Train L2 Loss :  0.051612734890136965
Epoch :  381  Epoch time :  0.08111152146011591  Train L2 Loss :  0.051265182881019056
Epoch :  382  Epoch time :  0.08118211477994919  Train L2 Loss :  0.04991561575577809
Epoch :  383  Epoch time :  0.07956344820559025  Train L2 Loss :  0.04983945133594366
Epoch :  384  Epoch time :  0.08110884390771389  Train L2 Loss :  0.04990099341823505
Epoch :  385  Epoch time :  0.08159630000591278  Train L2 Loss :  0.05018898156973032
Epoch :  386  Epoch time :  0.08162371441721916  Train L2 Loss :  0.04903195454524113
Epoch :  387  Epoch time :  0.08133060019463301  Train L2 Loss :  0.047543124797252506
Epoch :  388  Epoch time :  0.08114003576338291  Train L2 Loss :  0.04710667503949923
Epoch :  389  Epoch time :  0.07959266938269138  Train L2 Loss :  0.046306819965442024
Epoch :  390  Epoch time :  0.081098772585392  Train L2 Loss :  0.046272097394252434
Epoch :  391  Epoch time :  0.08151909336447716  Train L2 Loss :  0.045722270432191014
Epoch :  392  Epoch time :  0.08145968802273273  Train L2 Loss :  0.04549786878319887
Epoch :  393  Epoch time :  0.08162392489612103  Train L2 Loss :  0.04618597641969339
Epoch :  394  Epoch time :  0.08101402595639229  Train L2 Loss :  0.045115478145770535
Epoch :  395  Epoch time :  0.09844816010445356  Train L2 Loss :  0.04480752683220766
Epoch :  396  Epoch time :  0.08074241038411856  Train L2 Loss :  0.0451232672501833
Epoch :  397  Epoch time :  0.08029329497367144  Train L2 Loss :  0.04561229776113461
Epoch :  398  Epoch time :  0.08037770539522171  Train L2 Loss :  0.04680697065897477
Epoch :  399  Epoch time :  0.08022204041481018  Train L2 Loss :  0.0483169548977644
Epoch :  400  Epoch time :  0.08015233930200338  Train L2 Loss :  0.04728794336701051
Epoch :  401  Epoch time :  0.07918158080428839  Train L2 Loss :  0.04325103645141308
Epoch :  402  Epoch time :  0.08025810029357672  Train L2 Loss :  0.04217678461319361
Epoch :  403  Epoch time :  0.08034610096365213  Train L2 Loss :  0.041635174017686113
Epoch :  404  Epoch time :  0.08010312542319298  Train L2 Loss :  0.041298253318438165
Epoch :  405  Epoch time :  0.07991006504744291  Train L2 Loss :  0.04110330486526856
Epoch :  406  Epoch time :  0.07997439615428448  Train L2 Loss :  0.04098293739251602
Epoch :  407  Epoch time :  0.07941684033721685  Train L2 Loss :  0.040898678776545405
Epoch :  408  Epoch time :  0.08051956724375486  Train L2 Loss :  0.040792751006591015
Epoch :  409  Epoch time :  0.08052355144172907  Train L2 Loss :  0.040758366959217265
Epoch :  410  Epoch time :  0.08062493894249201  Train L2 Loss :  0.040659670073252455
Epoch :  411  Epoch time :  0.0807820362970233  Train L2 Loss :  0.040580305915612444
Epoch :  412  Epoch time :  0.08013514336198568  Train L2 Loss :  0.04052721804533249
Epoch :  413  Epoch time :  0.0800928371027112  Train L2 Loss :  0.040479033707808226
Epoch :  414  Epoch time :  0.08075568452477455  Train L2 Loss :  0.04041402595929611
Epoch :  415  Epoch time :  0.08070467412471771  Train L2 Loss :  0.04035422798150625
Epoch :  416  Epoch time :  0.08084764517843723  Train L2 Loss :  0.04030422541575554
Epoch :  417  Epoch time :  0.08061624225229025  Train L2 Loss :  0.04025408721122986
Epoch :  418  Epoch time :  0.07979532610625029  Train L2 Loss :  0.04015746626716394
Epoch :  419  Epoch time :  0.08075175061821938  Train L2 Loss :  0.04009204625319212
Epoch :  420  Epoch time :  0.08077622670680285  Train L2 Loss :  0.04004794359207153
Epoch :  421  Epoch time :  0.08087900001555681  Train L2 Loss :  0.039972044909611724
Epoch :  422  Epoch time :  0.08087352104485035  Train L2 Loss :  0.03989751818470466
Epoch :  423  Epoch time :  0.08097296860069036  Train L2 Loss :  0.03984058323578957
Epoch :  424  Epoch time :  0.07946183625608683  Train L2 Loss :  0.03978159202214999
Epoch :  425  Epoch time :  0.08105746656656265  Train L2 Loss :  0.039714688482957006
Epoch :  426  Epoch time :  0.08125045336782932  Train L2 Loss :  0.03963070267286056
Epoch :  427  Epoch time :  0.08090126607567072  Train L2 Loss :  0.0395666843232436
Epoch :  428  Epoch time :  0.08070760685950518  Train L2 Loss :  0.03953899013308378
Epoch :  429  Epoch time :  0.08106030710041523  Train L2 Loss :  0.03945083285753544
Epoch :  430  Epoch time :  0.07854698412120342  Train L2 Loss :  0.039420444231766924
Epoch :  431  Epoch time :  0.08054504729807377  Train L2 Loss :  0.03933611416663879
Epoch :  432  Epoch time :  0.08062214218080044  Train L2 Loss :  0.03928970736570847
Epoch :  433  Epoch time :  0.0807734988629818  Train L2 Loss :  0.03917605716448564
Epoch :  434  Epoch time :  0.08082350250333548  Train L2 Loss :  0.03909841103431506
Epoch :  435  Epoch time :  0.08099153824150562  Train L2 Loss :  0.03905786688511188
Epoch :  436  Epoch time :  0.07947357464581728  Train L2 Loss :  0.03895277950244072
Epoch :  437  Epoch time :  0.0812190156430006  Train L2 Loss :  0.03891223649948071
Epoch :  438  Epoch time :  0.08079098351299763  Train L2 Loss :  0.03889097980199716
Epoch :  439  Epoch time :  0.08084542211145163  Train L2 Loss :  0.03884957234064738
Epoch :  440  Epoch time :  0.08823176100850105  Train L2 Loss :  0.03877686728269626
Epoch :  441  Epoch time :  0.08075995650142431  Train L2 Loss :  0.03868029457636368
Epoch :  442  Epoch time :  0.07961451634764671  Train L2 Loss :  0.03861073834391741
Epoch :  443  Epoch time :  0.0810844823718071  Train L2 Loss :  0.03853340771717903
Epoch :  444  Epoch time :  0.08127729129046202  Train L2 Loss :  0.03847861691163136
Epoch :  445  Epoch time :  0.08111690636724234  Train L2 Loss :  0.03844721405169903
Epoch :  446  Epoch time :  0.08088109828531742  Train L2 Loss :  0.038449439291770644
Epoch :  447  Epoch time :  0.08098531514406204  Train L2 Loss :  0.038362801648103274
Epoch :  448  Epoch time :  0.07945113629102707  Train L2 Loss :  0.038233123337611176
Epoch :  449  Epoch time :  0.0809597922489047  Train L2 Loss :  0.03813140992170725
Epoch :  450  Epoch time :  0.08102599065750837  Train L2 Loss :  0.03809207200239866
Epoch :  451  Epoch time :  0.08130072709172964  Train L2 Loss :  0.037994906306266785
Epoch :  452  Epoch time :  0.08101279847323895  Train L2 Loss :  0.037963337623156033
Epoch :  453  Epoch time :  0.08978371415287256  Train L2 Loss :  0.03792188412103897
Epoch :  454  Epoch time :  0.07995269913226366  Train L2 Loss :  0.03788656378403688
Epoch :  455  Epoch time :  0.08073325455188751  Train L2 Loss :  0.03778704007466634
Epoch :  456  Epoch time :  0.08108881302177906  Train L2 Loss :  0.037735771101254686
Epoch :  457  Epoch time :  0.08084006048738956  Train L2 Loss :  0.03760989105854279
Epoch :  458  Epoch time :  0.08103766944259405  Train L2 Loss :  0.03755177442844097
Epoch :  459  Epoch time :  0.08138369861990213  Train L2 Loss :  0.037441940643848516
Epoch :  460  Epoch time :  0.07946772500872612  Train L2 Loss :  0.03753680286881251
Epoch :  461  Epoch time :  0.08111565560102463  Train L2 Loss :  0.03770766808436467
Epoch :  462  Epoch time :  0.0807517683133483  Train L2 Loss :  0.037786320329476625
Epoch :  463  Epoch time :  0.08088701032102108  Train L2 Loss :  0.03763153222508919
Epoch :  464  Epoch time :  0.08110955636948347  Train L2 Loss :  0.03763793924680123
Epoch :  465  Epoch time :  0.08121282421052456  Train L2 Loss :  0.03757452888366503
Epoch :  466  Epoch time :  0.08020074106752872  Train L2 Loss :  0.037490386611376054
Epoch :  467  Epoch time :  0.08095128461718559  Train L2 Loss :  0.037487439620189175
Epoch :  468  Epoch time :  0.08098016306757927  Train L2 Loss :  0.03749912213056515
Epoch :  469  Epoch time :  0.08087297528982162  Train L2 Loss :  0.037463667683112316
Epoch :  470  Epoch time :  0.08074709866195917  Train L2 Loss :  0.03749385934609633
Epoch :  471  Epoch time :  0.0809491639956832  Train L2 Loss :  0.03733322645227114
Epoch :  472  Epoch time :  0.08170204516500235  Train L2 Loss :  0.03729421053177271
Epoch :  473  Epoch time :  0.081124572083354  Train L2 Loss :  0.03727606693521524
Epoch :  474  Epoch time :  0.08133390825241804  Train L2 Loss :  0.03724330606368872
Epoch :  475  Epoch time :  0.081059237010777  Train L2 Loss :  0.037158320347468056
Epoch :  476  Epoch time :  0.08089586161077023  Train L2 Loss :  0.037158715610320754
Epoch :  477  Epoch time :  0.08009805250912905  Train L2 Loss :  0.037291689560963556
Epoch :  478  Epoch time :  0.08068739250302315  Train L2 Loss :  0.0371345986540501
Epoch :  479  Epoch time :  0.08059516362845898  Train L2 Loss :  0.03715434498511828
Epoch :  480  Epoch time :  0.08041150961071253  Train L2 Loss :  0.0369245904760483
Epoch :  481  Epoch time :  0.08042121771723032  Train L2 Loss :  0.03669227468661773
Epoch :  482  Epoch time :  0.08062349632382393  Train L2 Loss :  0.03667431611281175
Epoch :  483  Epoch time :  0.07929502055048943  Train L2 Loss :  0.03657031890291434
Epoch :  484  Epoch time :  0.08078478928655386  Train L2 Loss :  0.03675363537592766
Epoch :  485  Epoch time :  0.08363723941147327  Train L2 Loss :  0.03717618607557737
Epoch :  486  Epoch time :  0.08094166591763496  Train L2 Loss :  0.03677443768351506
Epoch :  487  Epoch time :  0.08067652024328709  Train L2 Loss :  0.03683490067338332
Epoch :  488  Epoch time :  0.08054100163280964  Train L2 Loss :  0.036739915704880007
Epoch :  489  Epoch time :  0.07903859578073025  Train L2 Loss :  0.03624861009227924
Epoch :  490  Epoch time :  0.08115668687969446  Train L2 Loss :  0.03589220020251396
Epoch :  491  Epoch time :  0.08112669177353382  Train L2 Loss :  0.03580538852092547
Epoch :  492  Epoch time :  0.08096357993781567  Train L2 Loss :  0.03576083232959112
Epoch :  493  Epoch time :  0.08109122328460217  Train L2 Loss :  0.035778948511832796
Epoch :  494  Epoch time :  0.08304915390908718  Train L2 Loss :  0.03581393519655252
Epoch :  495  Epoch time :  0.07936541642993689  Train L2 Loss :  0.0357848468881387
Epoch :  496  Epoch time :  0.08094298001378775  Train L2 Loss :  0.03573782035173514
Epoch :  497  Epoch time :  0.08129080012440681  Train L2 Loss :  0.035655169341808714
Epoch :  498  Epoch time :  0.08095785602927208  Train L2 Loss :  0.03575051212922121
Epoch :  499  Epoch time :  0.08044399879872799  Train L2 Loss :  0.03576125892309042
Epoch :  500  Epoch time :  0.08124648593366146  Train L2 Loss :  0.0353719739195628
Epoch :  501  Epoch time :  0.07943554036319256  Train L2 Loss :  0.03478105251605694
Epoch :  502  Epoch time :  0.08125215396285057  Train L2 Loss :  0.03437675478366705
Epoch :  503  Epoch time :  0.08132126368582249  Train L2 Loss :  0.03422136451953497
Epoch :  504  Epoch time :  0.08153331652283669  Train L2 Loss :  0.03413732378528668
Epoch :  505  Epoch time :  0.0807691840454936  Train L2 Loss :  0.03406421591838201
Epoch :  506  Epoch time :  0.08085603080689907  Train L2 Loss :  0.034020775117171116
Epoch :  507  Epoch time :  0.07949291449040174  Train L2 Loss :  0.03397853070726761
Epoch :  508  Epoch time :  0.0811368664726615  Train L2 Loss :  0.03394997683473122
Epoch :  509  Epoch time :  0.08082153555005789  Train L2 Loss :  0.03389358826172657
Epoch :  510  Epoch time :  0.08080394845455885  Train L2 Loss :  0.033859479503753856
Epoch :  511  Epoch time :  0.08126029185950756  Train L2 Loss :  0.033826327858827054
Epoch :  512  Epoch time :  0.08081034291535616  Train L2 Loss :  0.03380709943863062
Epoch :  513  Epoch time :  0.07920790277421474  Train L2 Loss :  0.03377411304376064
Epoch :  514  Epoch time :  0.0809068689122796  Train L2 Loss :  0.033741913067224696
Epoch :  515  Epoch time :  0.08105920534580946  Train L2 Loss :  0.0336875404493931
Epoch :  516  Epoch time :  0.08183159399777651  Train L2 Loss :  0.033655439813931785
Epoch :  517  Epoch time :  0.08115980681031942  Train L2 Loss :  0.033614786389546514
Epoch :  518  Epoch time :  0.08107379730790854  Train L2 Loss :  0.03358409057060877
Epoch :  519  Epoch time :  0.07927215192466974  Train L2 Loss :  0.03355240382445164
Epoch :  520  Epoch time :  0.08097477722913027  Train L2 Loss :  0.033516085969331935
Epoch :  521  Epoch time :  0.08108761813491583  Train L2 Loss :  0.03347966523888784
Epoch :  522  Epoch time :  0.08092889003455639  Train L2 Loss :  0.03344182908917085
Epoch :  523  Epoch time :  0.08098243828862906  Train L2 Loss :  0.033408282085871085
Epoch :  524  Epoch time :  0.08131993561983109  Train L2 Loss :  0.033380863758233875
Epoch :  525  Epoch time :  0.07934913132339716  Train L2 Loss :  0.03333457869788011
Epoch :  526  Epoch time :  0.08091496489942074  Train L2 Loss :  0.033323304870953925
Epoch :  527  Epoch time :  0.08079164754599333  Train L2 Loss :  0.03328206199101913
Epoch :  528  Epoch time :  0.08065136335790157  Train L2 Loss :  0.03324906905301106
Epoch :  529  Epoch time :  0.0808468647301197  Train L2 Loss :  0.03319695362677941
Epoch :  530  Epoch time :  0.08079173136502504  Train L2 Loss :  0.033142315940215036
Epoch :  531  Epoch time :  0.0798858106136322  Train L2 Loss :  0.033127933549575314
Epoch :  532  Epoch time :  0.08096908684819937  Train L2 Loss :  0.033096822504049696
Epoch :  533  Epoch time :  0.08085738774389029  Train L2 Loss :  0.033061724251661546
Epoch :  534  Epoch time :  0.0808098753914237  Train L2 Loss :  0.033010222495366365
Epoch :  535  Epoch time :  0.08107379823923111  Train L2 Loss :  0.03298167301676212
Epoch :  536  Epoch time :  0.0802399069070816  Train L2 Loss :  0.03292852582839819
Epoch :  537  Epoch time :  0.0803860854357481  Train L2 Loss :  0.03289003756183844
Epoch :  538  Epoch time :  0.08113037329167128  Train L2 Loss :  0.03286273080186966
Epoch :  539  Epoch time :  0.08137018419802189  Train L2 Loss :  0.03281562106731611
Epoch :  540  Epoch time :  0.08107874356210232  Train L2 Loss :  0.032776087235945925
Epoch :  541  Epoch time :  0.0811786251142621  Train L2 Loss :  0.03272771052060983
Epoch :  542  Epoch time :  0.07985192444175482  Train L2 Loss :  0.032694961015994735
Epoch :  543  Epoch time :  0.0815026331692934  Train L2 Loss :  0.03266255137247917
Epoch :  544  Epoch time :  0.08136436995118856  Train L2 Loss :  0.032639709468453355
Epoch :  545  Epoch time :  0.08115954138338566  Train L2 Loss :  0.03255992497389133
Epoch :  546  Epoch time :  0.08317925222218037  Train L2 Loss :  0.032525370040765174
Epoch :  547  Epoch time :  0.08104481641203165  Train L2 Loss :  0.032505519401568636
Epoch :  548  Epoch time :  0.07953016646206379  Train L2 Loss :  0.03248628515463609
Epoch :  549  Epoch time :  0.08136317133903503  Train L2 Loss :  0.03243677127055633
Epoch :  550  Epoch time :  0.08151602558791637  Train L2 Loss :  0.03237327360189878
Epoch :  551  Epoch time :  0.08106593694537878  Train L2 Loss :  0.032327272093448885
Epoch :  552  Epoch time :  0.08124369196593761  Train L2 Loss :  0.032279989562737636
Epoch :  553  Epoch time :  0.08097780589014292  Train L2 Loss :  0.03228581056762964
Epoch :  554  Epoch time :  0.07923788949847221  Train L2 Loss :  0.03223102616193967
Epoch :  555  Epoch time :  0.08108405768871307  Train L2 Loss :  0.03216663203560389
Epoch :  556  Epoch time :  0.08107687905430794  Train L2 Loss :  0.0321124292528018
Epoch :  557  Epoch time :  0.08145791757851839  Train L2 Loss :  0.032082898303484306
Epoch :  558  Epoch time :  0.08098352886736393  Train L2 Loss :  0.03205059478298212
Epoch :  559  Epoch time :  0.08104889653623104  Train L2 Loss :  0.0320358928770591
Epoch :  560  Epoch time :  0.07953137997537851  Train L2 Loss :  0.03199810295914992
Epoch :  561  Epoch time :  0.08111761324107647  Train L2 Loss :  0.03194407564707291
Epoch :  562  Epoch time :  0.08095267880707979  Train L2 Loss :  0.03195577516005589
Epoch :  563  Epoch time :  0.08119985274970531  Train L2 Loss :  0.03188977734400676
Epoch :  564  Epoch time :  0.08145561534911394  Train L2 Loss :  0.03186825223458119
Epoch :  565  Epoch time :  0.08108645211905241  Train L2 Loss :  0.03181515089594401
Epoch :  566  Epoch time :  0.0794872585684061  Train L2 Loss :  0.03177441914494221
Epoch :  567  Epoch time :  0.08109576534479856  Train L2 Loss :  0.03171950454513232
Epoch :  568  Epoch time :  0.08092973101884127  Train L2 Loss :  0.03164075095302019
Epoch :  569  Epoch time :  0.08095741458237171  Train L2 Loss :  0.03162754136018264
Epoch :  570  Epoch time :  0.08133625611662865  Train L2 Loss :  0.031656771420668334
Epoch :  571  Epoch time :  0.08138789422810078  Train L2 Loss :  0.03161130253321085
Epoch :  572  Epoch time :  0.07949019502848387  Train L2 Loss :  0.03155180343832725
Epoch :  573  Epoch time :  0.08133086562156677  Train L2 Loss :  0.031507520052867055
Epoch :  574  Epoch time :  0.08134592324495316  Train L2 Loss :  0.03145286273688842
Epoch :  575  Epoch time :  0.08108632918447256  Train L2 Loss :  0.031367105264694266
Epoch :  576  Epoch time :  0.08104217424988747  Train L2 Loss :  0.031342569356545426
Epoch :  577  Epoch time :  0.08143420331180096  Train L2 Loss :  0.031270869267292514
Epoch :  578  Epoch time :  0.08039594255387783  Train L2 Loss :  0.031192084917655356
Epoch :  579  Epoch time :  0.08150167763233185  Train L2 Loss :  0.03115292691076413
Epoch :  580  Epoch time :  0.08107217401266098  Train L2 Loss :  0.03116762986741005
Epoch :  581  Epoch time :  0.08086972963064909  Train L2 Loss :  0.031184985851630185
Epoch :  582  Epoch time :  0.08065476547926664  Train L2 Loss :  0.031118164364344034
Epoch :  583  Epoch time :  0.08077599201351404  Train L2 Loss :  0.031050603359173506
Epoch :  584  Epoch time :  0.07966439891606569  Train L2 Loss :  0.03104713000357151
Epoch :  585  Epoch time :  0.08088770508766174  Train L2 Loss :  0.03099433781626897
Epoch :  586  Epoch time :  0.08098153118044138  Train L2 Loss :  0.03097115972867379
Epoch :  587  Epoch time :  0.08079327829182148  Train L2 Loss :  0.030920044877208196
Epoch :  588  Epoch time :  0.08078236132860184  Train L2 Loss :  0.030857219289128598
Epoch :  589  Epoch time :  0.08043360058218241  Train L2 Loss :  0.030816633254289627
Epoch :  590  Epoch time :  0.08016780391335487  Train L2 Loss :  0.030821434007241175
Epoch :  591  Epoch time :  0.08143205475062132  Train L2 Loss :  0.030784640891047623
Epoch :  592  Epoch time :  0.08127022907137871  Train L2 Loss :  0.030698715494229242
Epoch :  593  Epoch time :  0.08129119873046875  Train L2 Loss :  0.030665533855939522
Epoch :  594  Epoch time :  0.08115919306874275  Train L2 Loss :  0.03062993708329323
Epoch :  595  Epoch time :  0.08007179200649261  Train L2 Loss :  0.030605598090168756
Epoch :  596  Epoch time :  0.08122905530035496  Train L2 Loss :  0.030536183753074743
Epoch :  597  Epoch time :  0.08113366831094027  Train L2 Loss :  0.030494922819810037
Epoch :  598  Epoch time :  0.08323199767619371  Train L2 Loss :  0.030422981828451157
Epoch :  599  Epoch time :  0.08103712368756533  Train L2 Loss :  0.03041053878573271
Epoch :  600  Epoch time :  0.08115406986325979  Train L2 Loss :  0.030242019786666602
Epoch :  601  Epoch time :  0.07968911435455084  Train L2 Loss :  0.030115328060510833
Epoch :  602  Epoch time :  0.0811671931296587  Train L2 Loss :  0.03004129211872052
Epoch :  603  Epoch time :  0.08140409085899591  Train L2 Loss :  0.029983775499157417
Epoch :  604  Epoch time :  0.0810247864574194  Train L2 Loss :  0.02995968944369218
Epoch :  605  Epoch time :  0.08114826399832964  Train L2 Loss :  0.029931377476224534
Epoch :  606  Epoch time :  0.08104313164949417  Train L2 Loss :  0.029906394485479746
Epoch :  607  Epoch time :  0.07943381648510695  Train L2 Loss :  0.029878416409095127
Epoch :  608  Epoch time :  0.08136574551463127  Train L2 Loss :  0.02985544641239521
Epoch :  609  Epoch time :  0.08169151749461889  Train L2 Loss :  0.029831740049979627
Epoch :  610  Epoch time :  0.08137064147740602  Train L2 Loss :  0.029806733226928957
Epoch :  611  Epoch time :  0.0813172459602356  Train L2 Loss :  0.029780319581429165
Epoch :  612  Epoch time :  0.08119986858218908  Train L2 Loss :  0.029765993261184447
Epoch :  613  Epoch time :  0.07968469522893429  Train L2 Loss :  0.029748486975828808
Epoch :  614  Epoch time :  0.08134044427424669  Train L2 Loss :  0.029720766708636895
Epoch :  615  Epoch time :  0.08132774755358696  Train L2 Loss :  0.029690516252930347
Epoch :  616  Epoch time :  0.08153349719941616  Train L2 Loss :  0.02967133315709921
Epoch :  617  Epoch time :  0.08131252322345972  Train L2 Loss :  0.029651320897615872
Epoch :  618  Epoch time :  0.08132432866841555  Train L2 Loss :  0.029632251518659104
Epoch :  619  Epoch time :  0.07951358798891306  Train L2 Loss :  0.029614871702133082
Epoch :  620  Epoch time :  0.08146680053323507  Train L2 Loss :  0.02958327039885215
Epoch :  621  Epoch time :  0.08127900306135416  Train L2 Loss :  0.029566011272179775
Epoch :  622  Epoch time :  0.0814115796238184  Train L2 Loss :  0.029535123218710605
Epoch :  623  Epoch time :  0.08159031718969345  Train L2 Loss :  0.029502430787453286
Epoch :  624  Epoch time :  0.0811964264139533  Train L2 Loss :  0.029482981858727258
Epoch :  625  Epoch time :  0.07979932706803083  Train L2 Loss :  0.029458652895230513
Epoch :  626  Epoch time :  0.08116922527551651  Train L2 Loss :  0.02942783624315873
Epoch :  627  Epoch time :  0.08127426076680422  Train L2 Loss :  0.029400295649583522
Epoch :  628  Epoch time :  0.08119131717830896  Train L2 Loss :  0.029381668338408835
Epoch :  629  Epoch time :  0.08117319270968437  Train L2 Loss :  0.029359023635968182
Epoch :  630  Epoch time :  0.08137427363544703  Train L2 Loss :  0.02933610287996439
Epoch :  631  Epoch time :  0.07956392597407103  Train L2 Loss :  0.02931643712023894
Epoch :  632  Epoch time :  0.08134182076901197  Train L2 Loss :  0.02929099276661873
Epoch :  633  Epoch time :  0.08120258245617151  Train L2 Loss :  0.029270642078839816
Epoch :  634  Epoch time :  0.08196035865694284  Train L2 Loss :  0.02923300652167736
Epoch :  635  Epoch time :  0.08125760406255722  Train L2 Loss :  0.029208568712839715
Epoch :  636  Epoch time :  0.08084943890571594  Train L2 Loss :  0.029179836026368998
Epoch :  637  Epoch time :  0.07986388076096773  Train L2 Loss :  0.029145339742684975
Epoch :  638  Epoch time :  0.08116411976516247  Train L2 Loss :  0.029126768501905296
Epoch :  639  Epoch time :  0.08137908764183521  Train L2 Loss :  0.029101122743808307
Epoch :  640  Epoch time :  0.08745960704982281  Train L2 Loss :  0.029082662640855864
Epoch :  641  Epoch time :  0.08159959688782692  Train L2 Loss :  0.029062427484836333
Epoch :  642  Epoch time :  0.07997826300561428  Train L2 Loss :  0.029020507987111043
Epoch :  643  Epoch time :  0.08149603381752968  Train L2 Loss :  0.029011847117008306
Epoch :  644  Epoch time :  0.08120111655443907  Train L2 Loss :  0.028978832830221225
Epoch :  645  Epoch time :  0.08148784190416336  Train L2 Loss :  0.028946582323465593
Epoch :  646  Epoch time :  0.08130068425089121  Train L2 Loss :  0.028924639790486067
Epoch :  647  Epoch time :  0.08140118885785341  Train L2 Loss :  0.028901332941574927
Epoch :  648  Epoch time :  0.07989716809242964  Train L2 Loss :  0.02886347023722453
Epoch :  649  Epoch time :  0.08318797592073679  Train L2 Loss :  0.028832506770506885
Epoch :  650  Epoch time :  0.08170624263584614  Train L2 Loss :  0.028817282798580635
Epoch :  651  Epoch time :  0.08141343761235476  Train L2 Loss :  0.028788701463968325
Epoch :  652  Epoch time :  0.08146685920655727  Train L2 Loss :  0.028755759438261006
Epoch :  653  Epoch time :  0.08122350089251995  Train L2 Loss :  0.028722644711916264
Epoch :  654  Epoch time :  0.07964730821549892  Train L2 Loss :  0.02871059884245579
Epoch :  655  Epoch time :  0.08140525408089161  Train L2 Loss :  0.028676690390476815
Epoch :  656  Epoch time :  0.08159352093935013  Train L2 Loss :  0.02865173968558128
Epoch :  657  Epoch time :  0.08185657951980829  Train L2 Loss :  0.028626634237857964
Epoch :  658  Epoch time :  0.0813261354342103  Train L2 Loss :  0.02859510099276518
Epoch :  659  Epoch time :  0.08122511114925146  Train L2 Loss :  0.02857470851487074
Epoch :  660  Epoch time :  0.07977040391415358  Train L2 Loss :  0.02856349180906247
Epoch :  661  Epoch time :  0.08144536521285772  Train L2 Loss :  0.02856831567791792
Epoch :  662  Epoch time :  0.08120095077902079  Train L2 Loss :  0.028506589289277028
Epoch :  663  Epoch time :  0.08133714459836483  Train L2 Loss :  0.0284980577058517
Epoch :  664  Epoch time :  0.0815120181068778  Train L2 Loss :  0.028454112509886425
Epoch :  665  Epoch time :  0.08127680514007807  Train L2 Loss :  0.028410293066348784
Epoch :  666  Epoch time :  0.07966870442032814  Train L2 Loss :  0.02837774463188954
Epoch :  667  Epoch time :  0.08134649507701397  Train L2 Loss :  0.028348657087637827
Epoch :  668  Epoch time :  0.08135966677218676  Train L2 Loss :  0.028331322356676444
Epoch :  669  Epoch time :  0.08142685983330011  Train L2 Loss :  0.02830836850290115
Epoch :  670  Epoch time :  0.0814816877245903  Train L2 Loss :  0.02828073315322399
Epoch :  671  Epoch time :  0.08166844863444567  Train L2 Loss :  0.028243491664910927
Epoch :  672  Epoch time :  0.07957746833562851  Train L2 Loss :  0.028219158450762432
Epoch :  673  Epoch time :  0.08133408613502979  Train L2 Loss :  0.028205246401902955
Epoch :  674  Epoch time :  0.08118117786943913  Train L2 Loss :  0.02817327744112565
Epoch :  675  Epoch time :  0.08126785326749086  Train L2 Loss :  0.028150825068736687
Epoch :  676  Epoch time :  0.08092386834323406  Train L2 Loss :  0.028127078062448747
Epoch :  677  Epoch time :  0.08120103925466537  Train L2 Loss :  0.028095467732502863
Epoch :  678  Epoch time :  0.08004628121852875  Train L2 Loss :  0.02804609961234606
Epoch :  679  Epoch time :  0.08136198110878468  Train L2 Loss :  0.028008630499243736
Epoch :  680  Epoch time :  0.08116071484982967  Train L2 Loss :  0.02797777348986039
Epoch :  681  Epoch time :  0.08161114808171988  Train L2 Loss :  0.027957078403769396
Epoch :  682  Epoch time :  0.08150969352573156  Train L2 Loss :  0.027943214353842612
Epoch :  683  Epoch time :  0.10069285053759813  Train L2 Loss :  0.027916507699932806
Epoch :  684  Epoch time :  0.08096532709896564  Train L2 Loss :  0.027884532912419394
Epoch :  685  Epoch time :  0.08080591820180416  Train L2 Loss :  0.027848744812684182
Epoch :  686  Epoch time :  0.08038690034300089  Train L2 Loss :  0.02781816954031969
Epoch :  687  Epoch time :  0.08020206354558468  Train L2 Loss :  0.02778553905395361
Epoch :  688  Epoch time :  0.08033194858580828  Train L2 Loss :  0.027758086912142925
Epoch :  689  Epoch time :  0.0788145661354065  Train L2 Loss :  0.0277216804619783
Epoch :  690  Epoch time :  0.08055113814771175  Train L2 Loss :  0.027701397354786213
Epoch :  691  Epoch time :  0.0805856566876173  Train L2 Loss :  0.02769036925373933
Epoch :  692  Epoch time :  0.08034743089228868  Train L2 Loss :  0.027676189843660746
Epoch :  693  Epoch time :  0.08070873375982046  Train L2 Loss :  0.027645838279754687
Epoch :  694  Epoch time :  0.08050772920250893  Train L2 Loss :  0.027633959093155004
Epoch :  695  Epoch time :  0.07915562856942415  Train L2 Loss :  0.027599430141540673
Epoch :  696  Epoch time :  0.0808311440050602  Train L2 Loss :  0.027557204835689984
Epoch :  697  Epoch time :  0.08101978152990341  Train L2 Loss :  0.027524432215170983
Epoch :  698  Epoch time :  0.08105287421494722  Train L2 Loss :  0.027494231573282145
Epoch :  699  Epoch time :  0.08337643463164568  Train L2 Loss :  0.02746226433186959
Epoch :  700  Epoch time :  0.08280253130942583  Train L2 Loss :  0.027389066914717358
Epoch :  701  Epoch time :  0.08921907655894756  Train L2 Loss :  0.02734902424690051
Epoch :  702  Epoch time :  0.08406987506896257  Train L2 Loss :  0.027325162711815957
Epoch :  703  Epoch time :  0.08430751133710146  Train L2 Loss :  0.027310724680622418
Epoch :  704  Epoch time :  0.08338093850761652  Train L2 Loss :  0.027300082576962616
Epoch :  705  Epoch time :  0.08343992568552494  Train L2 Loss :  0.02728709530753967
Epoch :  706  Epoch time :  0.08260670211166143  Train L2 Loss :  0.027267802984286577
Epoch :  707  Epoch time :  0.08046204131096601  Train L2 Loss :  0.027250772533126365
Epoch :  708  Epoch time :  0.08150599896907806  Train L2 Loss :  0.027236244569604214
Epoch :  709  Epoch time :  0.08145952690392733  Train L2 Loss :  0.027217979901112042
Epoch :  710  Epoch time :  0.08181486371904612  Train L2 Loss :  0.027203940237179782
Epoch :  711  Epoch time :  0.08212682045996189  Train L2 Loss :  0.027190933911464155
Epoch :  712  Epoch time :  0.08118483517318964  Train L2 Loss :  0.02717842161655426
Epoch :  713  Epoch time :  0.08272451069206  Train L2 Loss :  0.027161644055293158
Epoch :  714  Epoch time :  0.08237016294151545  Train L2 Loss :  0.027148485374756347
Epoch :  715  Epoch time :  0.08258234523236752  Train L2 Loss :  0.02713582296975148
Epoch :  716  Epoch time :  0.0826986338943243  Train L2 Loss :  0.027121022057074767
Epoch :  717  Epoch time :  0.08260795846581459  Train L2 Loss :  0.027108327891582098
Epoch :  718  Epoch time :  0.0809672586619854  Train L2 Loss :  0.027094421000816882
Epoch :  719  Epoch time :  0.08309852704405785  Train L2 Loss :  0.027078835245890494
Epoch :  720  Epoch time :  0.08269221242517233  Train L2 Loss :  0.027057377478251092
Epoch :  721  Epoch time :  0.08279633987694979  Train L2 Loss :  0.027048512338063657
Epoch :  722  Epoch time :  0.08273022156208754  Train L2 Loss :  0.027029452797694083
Epoch :  723  Epoch time :  0.08212850615382195  Train L2 Loss :  0.027016123422445394
Epoch :  724  Epoch time :  0.07830892689526081  Train L2 Loss :  0.02699767568936715
Epoch :  725  Epoch time :  0.08189721684902906  Train L2 Loss :  0.026980000810745437
Epoch :  726  Epoch time :  0.08230412099510431  Train L2 Loss :  0.026969145076015055
Epoch :  727  Epoch time :  0.0823252908885479  Train L2 Loss :  0.02695515584678222
Epoch :  728  Epoch time :  0.08203289192169905  Train L2 Loss :  0.026938138863979243
Epoch :  729  Epoch time :  0.08197692967951298  Train L2 Loss :  0.02692516554051485
Epoch :  730  Epoch time :  0.08026365656405687  Train L2 Loss :  0.02690713317730488
Epoch :  731  Epoch time :  0.08381461352109909  Train L2 Loss :  0.026892271274939563
Epoch :  732  Epoch time :  0.08473629411309958  Train L2 Loss :  0.026874013531666536
Epoch :  733  Epoch time :  0.08473102748394012  Train L2 Loss :  0.026857361770593204
Epoch :  734  Epoch time :  0.08490591775625944  Train L2 Loss :  0.026843834907198563
Epoch :  735  Epoch time :  0.08486775122582912  Train L2 Loss :  0.02683378679630084
Epoch :  736  Epoch time :  0.0831929324194789  Train L2 Loss :  0.026819315476295274
Epoch :  737  Epoch time :  0.084872642531991  Train L2 Loss :  0.026796747237826005
Epoch :  738  Epoch time :  0.08517418708652258  Train L2 Loss :  0.026775734451336738
Epoch :  739  Epoch time :  0.08464633952826262  Train L2 Loss :  0.02676520171837929
Epoch :  740  Epoch time :  0.08493211679160595  Train L2 Loss :  0.026754777878522873
Epoch :  741  Epoch time :  0.08345481660217047  Train L2 Loss :  0.026736553997183457
Epoch :  742  Epoch time :  0.08541569672524929  Train L2 Loss :  0.02671167092063488
Epoch :  743  Epoch time :  0.08510638307780027  Train L2 Loss :  0.02670193387147708
Epoch :  744  Epoch time :  0.08467722125351429  Train L2 Loss :  0.026687773899772227
Epoch :  745  Epoch time :  0.08484724909067154  Train L2 Loss :  0.02667144690759671
Epoch :  746  Epoch time :  0.08478906843811274  Train L2 Loss :  0.026652093881215803
Epoch :  747  Epoch time :  0.0826718881726265  Train L2 Loss :  0.02663431388254349
Epoch :  748  Epoch time :  0.08478670567274094  Train L2 Loss :  0.026619102710332625
Epoch :  749  Epoch time :  0.08487949427217245  Train L2 Loss :  0.026607779165108997
Epoch :  750  Epoch time :  0.08502983208745718  Train L2 Loss :  0.02659285703721719
Epoch :  751  Epoch time :  0.08498830255120993  Train L2 Loss :  0.026579775393773347
Epoch :  752  Epoch time :  0.08453460596501827  Train L2 Loss :  0.02656556560825079
Epoch :  753  Epoch time :  0.08570175338536501  Train L2 Loss :  0.026553398810136013
Epoch :  754  Epoch time :  0.08511243760585785  Train L2 Loss :  0.026524535356423795
Epoch :  755  Epoch time :  0.08506011497229338  Train L2 Loss :  0.026508913590357855
Epoch :  756  Epoch time :  0.08428630698472261  Train L2 Loss :  0.026492349564647064
Epoch :  757  Epoch time :  0.08455212321132421  Train L2 Loss :  0.026478347583458975
Epoch :  758  Epoch time :  0.08434361312538385  Train L2 Loss :  0.026463832133091413
Epoch :  759  Epoch time :  0.08382317889481783  Train L2 Loss :  0.026444485649848595
Epoch :  760  Epoch time :  0.08458313718438148  Train L2 Loss :  0.026427445980982903
Epoch :  761  Epoch time :  0.08459518011659384  Train L2 Loss :  0.026411977381660387
Epoch :  762  Epoch time :  0.08432848379015923  Train L2 Loss :  0.026392692270187233
Epoch :  763  Epoch time :  0.08545261900871992  Train L2 Loss :  0.026382887592682473
Epoch :  764  Epoch time :  0.0819816617295146  Train L2 Loss :  0.026364304937231235
Epoch :  765  Epoch time :  0.08498653117567301  Train L2 Loss :  0.02634526884708649
Epoch :  766  Epoch time :  0.08482009917497635  Train L2 Loss :  0.02633159196911714
Epoch :  767  Epoch time :  0.0850012730807066  Train L2 Loss :  0.026310589355535995
Epoch :  768  Epoch time :  0.0844449307769537  Train L2 Loss :  0.02629204638875448
Epoch :  769  Epoch time :  0.08419481478631496  Train L2 Loss :  0.026272636384536058
Epoch :  770  Epoch time :  0.08195581939071417  Train L2 Loss :  0.026254468860152442
Epoch :  771  Epoch time :  0.08425138611346483  Train L2 Loss :  0.02624014363839076
Epoch :  772  Epoch time :  0.08358192443847656  Train L2 Loss :  0.026228578617939584
Epoch :  773  Epoch time :  0.08333838824182749  Train L2 Loss :  0.026208570513587732
Epoch :  774  Epoch time :  0.0849627647548914  Train L2 Loss :  0.026191358287365008
Epoch :  775  Epoch time :  0.08498892933130264  Train L2 Loss :  0.02617545588276325
Epoch :  776  Epoch time :  0.08208290114998817  Train L2 Loss :  0.02615715639713483
Epoch :  777  Epoch time :  0.08381866198033094  Train L2 Loss :  0.026132127126822106
Epoch :  778  Epoch time :  0.08406770881265402  Train L2 Loss :  0.02611983925677263
Epoch :  779  Epoch time :  0.08487182017415762  Train L2 Loss :  0.02610048431998644
Epoch :  780  Epoch time :  0.08503927290439606  Train L2 Loss :  0.02608686026472312
Epoch :  781  Epoch time :  0.08288915269076824  Train L2 Loss :  0.026066895144490097
Epoch :  782  Epoch time :  0.08354922663420439  Train L2 Loss :  0.026050082957133267
Epoch :  783  Epoch time :  0.08372275065630674  Train L2 Loss :  0.026034824168070767
Epoch :  784  Epoch time :  0.08395449351519346  Train L2 Loss :  0.026018420950724527
Epoch :  785  Epoch time :  0.0841436069458723  Train L2 Loss :  0.02600440373405432
Epoch :  786  Epoch time :  0.08413841761648655  Train L2 Loss :  0.025983922852155488
Epoch :  787  Epoch time :  0.08194460161030293  Train L2 Loss :  0.025963984047755215
Epoch :  788  Epoch time :  0.08464116230607033  Train L2 Loss :  0.025950151758316237
Epoch :  789  Epoch time :  0.08503324445337057  Train L2 Loss :  0.02593258801752176
Epoch :  790  Epoch time :  0.08383945003151894  Train L2 Loss :  0.025915923695533704
Epoch :  791  Epoch time :  0.08443858567625284  Train L2 Loss :  0.025896939854973402
Epoch :  792  Epoch time :  0.08430480770766735  Train L2 Loss :  0.025879002820986968
Epoch :  793  Epoch time :  0.08178121503442526  Train L2 Loss :  0.025859478717813127
Epoch :  794  Epoch time :  0.08391197770833969  Train L2 Loss :  0.02584376276876682
Epoch :  795  Epoch time :  0.08434156514704227  Train L2 Loss :  0.025826212257528916
Epoch :  796  Epoch time :  0.08460197318345308  Train L2 Loss :  0.025806881821690462
Epoch :  797  Epoch time :  0.08457323908805847  Train L2 Loss :  0.02579468908982399
Epoch :  798  Epoch time :  0.0839062100276351  Train L2 Loss :  0.02576890430198266
Epoch :  799  Epoch time :  0.08209079783409834  Train L2 Loss :  0.025755007822926227
Epoch :  800  Epoch time :  0.0847392650321126  Train L2 Loss :  0.025718152140959714
Epoch :  801  Epoch time :  0.08487986400723457  Train L2 Loss :  0.025703072786713257
Epoch :  802  Epoch time :  0.08420722279697657  Train L2 Loss :  0.025692097269571744
Epoch :  803  Epoch time :  0.08614862337708473  Train L2 Loss :  0.025681723004732378
Epoch :  804  Epoch time :  0.08723083324730396  Train L2 Loss :  0.02567415015819745
Epoch :  805  Epoch time :  0.08386289235204458  Train L2 Loss :  0.02566284466630373
Epoch :  806  Epoch time :  0.08449757844209671  Train L2 Loss :  0.025655198842287064
Epoch :  807  Epoch time :  0.08407541364431381  Train L2 Loss :  0.025648067012811318
Epoch :  808  Epoch time :  0.08420938067138195  Train L2 Loss :  0.025639162231714297
Epoch :  809  Epoch time :  0.0844970066100359  Train L2 Loss :  0.02563033888164239
Epoch :  810  Epoch time :  0.08202555123716593  Train L2 Loss :  0.025620550060501464
Epoch :  811  Epoch time :  0.08454152569174767  Train L2 Loss :  0.025609486855757542
Epoch :  812  Epoch time :  0.08465610351413488  Train L2 Loss :  0.025600013108207628
Epoch :  813  Epoch time :  0.08419760689139366  Train L2 Loss :  0.025594113442378167
Epoch :  814  Epoch time :  0.0840655229985714  Train L2 Loss :  0.025585981993339002
Epoch :  815  Epoch time :  0.08440502546727657  Train L2 Loss :  0.02557370252907276
Epoch :  816  Epoch time :  0.08197347354143858  Train L2 Loss :  0.025565194443632394
Epoch :  817  Epoch time :  0.0841304948553443  Train L2 Loss :  0.025556569871230003
Epoch :  818  Epoch time :  0.08424424938857555  Train L2 Loss :  0.025545991575106595
Epoch :  819  Epoch time :  0.084242626093328  Train L2 Loss :  0.025536922594675653
Epoch :  820  Epoch time :  0.08419928140938282  Train L2 Loss :  0.025527664149800938
Epoch :  821  Epoch time :  0.08459005132317543  Train L2 Loss :  0.02551647509710911
Epoch :  822  Epoch time :  0.08185023441910744  Train L2 Loss :  0.0255074781867174
Epoch :  823  Epoch time :  0.0848547425121069  Train L2 Loss :  0.025499693476236783
Epoch :  824  Epoch time :  0.08376193046569824  Train L2 Loss :  0.02548899367833749
Epoch :  825  Epoch time :  0.08401527907699347  Train L2 Loss :  0.025483145259129696
Epoch :  826  Epoch time :  0.08384031150490046  Train L2 Loss :  0.025471663532348778
Epoch :  827  Epoch time :  0.08354682475328445  Train L2 Loss :  0.025462640640445244
Epoch :  828  Epoch time :  0.08358644414693117  Train L2 Loss :  0.02545088859131703
Epoch :  829  Epoch time :  0.0839369473978877  Train L2 Loss :  0.025441342821488015
Epoch :  830  Epoch time :  0.08376489579677582  Train L2 Loss :  0.025433447403021347
Epoch :  831  Epoch time :  0.08397508319467306  Train L2 Loss :  0.025423831378038112
Epoch :  832  Epoch time :  0.08318610023707151  Train L2 Loss :  0.025415064241641607
Epoch :  833  Epoch time :  0.08131949231028557  Train L2 Loss :  0.025404667338499658
Epoch :  834  Epoch time :  0.08415774628520012  Train L2 Loss :  0.02539298931757609
Epoch :  835  Epoch time :  0.08652826957404613  Train L2 Loss :  0.025386464662658863
Epoch :  836  Epoch time :  0.08708333410322666  Train L2 Loss :  0.02537459722505166
Epoch :  837  Epoch time :  0.08823780994862318  Train L2 Loss :  0.02536393090700492
Epoch :  838  Epoch time :  0.08803989179432392  Train L2 Loss :  0.025355972349643707
Epoch :  839  Epoch time :  0.08535797614604235  Train L2 Loss :  0.02534602057093229
Epoch :  840  Epoch time :  0.08493275754153728  Train L2 Loss :  0.025336088469395272
Epoch :  841  Epoch time :  0.08459790050983429  Train L2 Loss :  0.025328838863433935
Epoch :  842  Epoch time :  0.08413763716816902  Train L2 Loss :  0.02531819876569968
Epoch :  843  Epoch time :  0.08440031576901674  Train L2 Loss :  0.025308700469441902
Epoch :  844  Epoch time :  0.08313703536987305  Train L2 Loss :  0.025298156560613558
Epoch :  845  Epoch time :  0.08284815307706594  Train L2 Loss :  0.0252900577795047
Epoch :  846  Epoch time :  0.08438515849411488  Train L2 Loss :  0.025278189768775914
Epoch :  847  Epoch time :  0.08459268137812614  Train L2 Loss :  0.025267038971949846
Epoch :  848  Epoch time :  0.08425003010779619  Train L2 Loss :  0.025256766627232235
Epoch :  849  Epoch time :  0.08457409869879484  Train L2 Loss :  0.02525029455622037
Epoch :  850  Epoch time :  0.08239437267184258  Train L2 Loss :  0.02523917055282837
Epoch :  851  Epoch time :  0.08471846021711826  Train L2 Loss :  0.025227933453443725
Epoch :  852  Epoch time :  0.08463630266487598  Train L2 Loss :  0.025220562011385575
Epoch :  853  Epoch time :  0.08679279964417219  Train L2 Loss :  0.02520826831459999
Epoch :  854  Epoch time :  0.0845026895403862  Train L2 Loss :  0.025198481881465666
Epoch :  855  Epoch time :  0.08423310704529285  Train L2 Loss :  0.02518809682283646
Epoch :  856  Epoch time :  0.08147458266466856  Train L2 Loss :  0.025178159372164652
Epoch :  857  Epoch time :  0.08274158090353012  Train L2 Loss :  0.025167229179388437
Epoch :  858  Epoch time :  0.08220692817121744  Train L2 Loss :  0.025157694967511374
Epoch :  859  Epoch time :  0.08253957703709602  Train L2 Loss :  0.025148200635344554
Epoch :  860  Epoch time :  0.08310459461063147  Train L2 Loss :  0.025137272973855335
Epoch :  861  Epoch time :  0.08208672981709242  Train L2 Loss :  0.02512847785002146
Epoch :  862  Epoch time :  0.08027054648846388  Train L2 Loss :  0.02511851938489156
Epoch :  863  Epoch time :  0.08212994504719973  Train L2 Loss :  0.025110252583638217
Epoch :  864  Epoch time :  0.08365936577320099  Train L2 Loss :  0.02509903936431958
Epoch :  865  Epoch time :  0.08187752868980169  Train L2 Loss :  0.02508883025401678
Epoch :  866  Epoch time :  0.08187990169972181  Train L2 Loss :  0.025079683997692205
Epoch :  867  Epoch time :  0.08210761565715075  Train L2 Loss :  0.02506867624246157
Epoch :  868  Epoch time :  0.08022196125239134  Train L2 Loss :  0.02505803977449735
Epoch :  869  Epoch time :  0.08198888693004847  Train L2 Loss :  0.02504940985296017
Epoch :  870  Epoch time :  0.08276298083364964  Train L2 Loss :  0.025035358869876616
Epoch :  871  Epoch time :  0.08231341652572155  Train L2 Loss :  0.025026772648860246
Epoch :  872  Epoch time :  0.08232649136334658  Train L2 Loss :  0.025013557611367643
Epoch :  873  Epoch time :  0.08153759688138962  Train L2 Loss :  0.025007659044021215
Epoch :  874  Epoch time :  0.08238407876342535  Train L2 Loss :  0.024996583469403096
Epoch :  875  Epoch time :  0.08247962687164545  Train L2 Loss :  0.0249842375707932
Epoch :  876  Epoch time :  0.08228781074285507  Train L2 Loss :  0.024975479890902836
Epoch :  877  Epoch time :  0.08233827631920576  Train L2 Loss :  0.02496544472300089
Epoch :  878  Epoch time :  0.08239780645817518  Train L2 Loss :  0.024952660959500533
Epoch :  879  Epoch time :  0.08020004164427519  Train L2 Loss :  0.02494183994638614
Epoch :  880  Epoch time :  0.0824067099019885  Train L2 Loss :  0.02493332015971343
Epoch :  881  Epoch time :  0.08224788401275873  Train L2 Loss :  0.02492514243110632
Epoch :  882  Epoch time :  0.0822488535195589  Train L2 Loss :  0.024915422002474468
Epoch :  883  Epoch time :  0.08607360441237688  Train L2 Loss :  0.024900600600701112
Epoch :  884  Epoch time :  0.08278331253677607  Train L2 Loss :  0.024892260105564043
Epoch :  885  Epoch time :  0.08064652048051357  Train L2 Loss :  0.02488106871262575
Epoch :  886  Epoch time :  0.0840371111407876  Train L2 Loss :  0.024868031820425622
Epoch :  887  Epoch time :  0.08309715520590544  Train L2 Loss :  0.02485703829771433
Epoch :  888  Epoch time :  0.08339143358170986  Train L2 Loss :  0.024849579597894963
Epoch :  889  Epoch time :  0.08371650613844395  Train L2 Loss :  0.02483927057339595
Epoch :  890  Epoch time :  0.08404556103050709  Train L2 Loss :  0.024831765641768772
Epoch :  891  Epoch time :  0.08113895356655121  Train L2 Loss :  0.02482406145487076
Epoch :  892  Epoch time :  0.08355736173689365  Train L2 Loss :  0.024814771679349434
Epoch :  893  Epoch time :  0.08306381478905678  Train L2 Loss :  0.024800316741069157
Epoch :  894  Epoch time :  0.08207756374031305  Train L2 Loss :  0.024790690781978462
Epoch :  895  Epoch time :  0.08175235707312822  Train L2 Loss :  0.024779658286999434
Epoch :  896  Epoch time :  0.08197081182152033  Train L2 Loss :  0.024767646327232704
Epoch :  897  Epoch time :  0.0808035209774971  Train L2 Loss :  0.024756827224523593
Epoch :  898  Epoch time :  0.08256739657372236  Train L2 Loss :  0.024744468717238843
Epoch :  899  Epoch time :  0.08279848098754883  Train L2 Loss :  0.024730116224441774
Epoch :  900  Epoch time :  0.08287487830966711  Train L2 Loss :  0.02470781023685749
Epoch :  901  Epoch time :  0.08269891329109669  Train L2 Loss :  0.024700345805822276
Epoch :  902  Epoch time :  0.08148915972560644  Train L2 Loss :  0.024693413709218685
Epoch :  903  Epoch time :  0.08520650677382946  Train L2 Loss :  0.024688665301371843
Epoch :  904  Epoch time :  0.08293556608259678  Train L2 Loss :  0.024684585535373442
Epoch :  905  Epoch time :  0.08302274066954851  Train L2 Loss :  0.02468011146172499
Epoch :  906  Epoch time :  0.08306245319545269  Train L2 Loss :  0.024672346237378243
Epoch :  907  Epoch time :  0.08311944082379341  Train L2 Loss :  0.024666188810116205
Epoch :  908  Epoch time :  0.08088812790811062  Train L2 Loss :  0.024660638557412684
Epoch :  909  Epoch time :  0.08303381968289614  Train L2 Loss :  0.02465577748341438
Epoch :  910  Epoch time :  0.08383708447217941  Train L2 Loss :  0.02465064661243023
Epoch :  911  Epoch time :  0.0854289336130023  Train L2 Loss :  0.024643857843982868
Epoch :  912  Epoch time :  0.08564319461584091  Train L2 Loss :  0.024639444377941962
Epoch :  913  Epoch time :  0.08525004144757986  Train L2 Loss :  0.02463381216885188
Epoch :  914  Epoch time :  0.0830832114443183  Train L2 Loss :  0.02462865670139973
Epoch :  915  Epoch time :  0.0852166349068284  Train L2 Loss :  0.02462133268515269
Epoch :  916  Epoch time :  0.0847980435937643  Train L2 Loss :  0.024616720298161872
Epoch :  917  Epoch time :  0.08482679910957813  Train L2 Loss :  0.02461092971647397
Epoch :  918  Epoch time :  0.08470967225730419  Train L2 Loss :  0.024607453160943128
Epoch :  919  Epoch time :  0.08482933416962624  Train L2 Loss :  0.024600480324946918
Epoch :  920  Epoch time :  0.0831143157556653  Train L2 Loss :  0.024594562749067943
Epoch :  921  Epoch time :  0.08510406035929918  Train L2 Loss :  0.024589545451677762
Epoch :  922  Epoch time :  0.08470477629452944  Train L2 Loss :  0.024583950638771057
Epoch :  923  Epoch time :  0.08481179270893335  Train L2 Loss :  0.024577826786881838
Epoch :  924  Epoch time :  0.08523642085492611  Train L2 Loss :  0.024573481999910794
Epoch :  925  Epoch time :  0.08333018515259027  Train L2 Loss :  0.024567690749581043
Epoch :  926  Epoch time :  0.08554674312472343  Train L2 Loss :  0.024561603864034016
Epoch :  927  Epoch time :  0.08598234504461288  Train L2 Loss :  0.02455669030165061
Epoch :  928  Epoch time :  0.08529451675713062  Train L2 Loss :  0.024551407505686466
Epoch :  929  Epoch time :  0.08533941116183996  Train L2 Loss :  0.0245447411464575
Epoch :  930  Epoch time :  0.08544096816331148  Train L2 Loss :  0.024538569534436252
Epoch :  931  Epoch time :  0.08329611085355282  Train L2 Loss :  0.024533307896210596
Epoch :  932  Epoch time :  0.08561088144779205  Train L2 Loss :  0.02452756617313776
Epoch :  933  Epoch time :  0.08190677035599947  Train L2 Loss :  0.02452124645694708
Epoch :  934  Epoch time :  0.08205402456223965  Train L2 Loss :  0.02451823040460929
Epoch :  935  Epoch time :  0.08235803432762623  Train L2 Loss :  0.02451104747179227
Epoch :  936  Epoch time :  0.08210074156522751  Train L2 Loss :  0.024504712185798548
Epoch :  937  Epoch time :  0.0801803981885314  Train L2 Loss :  0.024499316819203205
Epoch :  938  Epoch time :  0.0822314815595746  Train L2 Loss :  0.02449415948910591
Epoch :  939  Epoch time :  0.08188393525779247  Train L2 Loss :  0.024490752472327307
Epoch :  940  Epoch time :  0.08495453093200922  Train L2 Loss :  0.02448276726481242
Epoch :  941  Epoch time :  0.08659428916871548  Train L2 Loss :  0.02447644754862174
Epoch :  942  Epoch time :  0.08422605693340302  Train L2 Loss :  0.02447109306469942
Epoch :  943  Epoch time :  0.08301582466810942  Train L2 Loss :  0.024465697220502756
Epoch :  944  Epoch time :  0.1369448360055685  Train L2 Loss :  0.024459411031924762
Epoch :  945  Epoch time :  0.10447175148874521  Train L2 Loss :  0.02445402889488599
Epoch :  946  Epoch time :  0.08456190023571253  Train L2 Loss :  0.024447343240563687
Epoch :  947  Epoch time :  0.08353075105696917  Train L2 Loss :  0.024442330193825256
Epoch :  948  Epoch time :  0.0845498126000166  Train L2 Loss :  0.024437252909709245
Epoch :  949  Epoch time :  0.08465354517102242  Train L2 Loss :  0.024431440788201798
Epoch :  950  Epoch time :  0.08454611524939537  Train L2 Loss :  0.02442516319644757
Epoch :  951  Epoch time :  0.08410693053156137  Train L2 Loss :  0.024418731052906085
Epoch :  952  Epoch time :  0.08467802591621876  Train L2 Loss :  0.02441316183943015
Epoch :  953  Epoch time :  0.08382784761488438  Train L2 Loss :  0.02440740282718952
Epoch :  954  Epoch time :  0.08468241896480322  Train L2 Loss :  0.02440173713824688
Epoch :  955  Epoch time :  0.08486260659992695  Train L2 Loss :  0.024395639554430276
Epoch :  956  Epoch time :  0.08513057883828878  Train L2 Loss :  0.024389973292366054
Epoch :  957  Epoch time :  0.08430290129035711  Train L2 Loss :  0.024385130462738182
Epoch :  958  Epoch time :  0.08432814944535494  Train L2 Loss :  0.024379015637513917
Epoch :  959  Epoch time :  0.08210171665996313  Train L2 Loss :  0.024373524941695042
Epoch :  960  Epoch time :  0.0841000396758318  Train L2 Loss :  0.02436802307000527
Epoch :  961  Epoch time :  0.0840039374306798  Train L2 Loss :  0.02436091182514643
Epoch :  962  Epoch time :  0.08412174694240093  Train L2 Loss :  0.024355177409373797
Epoch :  963  Epoch time :  0.08421907015144825  Train L2 Loss :  0.024349366816190574
Epoch :  964  Epoch time :  0.08450400456786156  Train L2 Loss :  0.024344100592992246
Epoch :  965  Epoch time :  0.08226833585649729  Train L2 Loss :  0.024338304232328366
Epoch :  966  Epoch time :  0.08415504079312086  Train L2 Loss :  0.024332506820941582
Epoch :  967  Epoch time :  0.08434922527521849  Train L2 Loss :  0.024325816199565545
Epoch :  968  Epoch time :  0.0839113537222147  Train L2 Loss :  0.024320781708527833
Epoch :  969  Epoch time :  0.08395160920917988  Train L2 Loss :  0.024314606132415626
Epoch :  970  Epoch time :  0.08236906118690968  Train L2 Loss :  0.024308084916227903
Epoch :  971  Epoch time :  0.08397611230611801  Train L2 Loss :  0.024304201157811362
Epoch :  972  Epoch time :  0.08486958872526884  Train L2 Loss :  0.02429779614202487
Epoch :  973  Epoch time :  0.08229338936507702  Train L2 Loss :  0.02429257357158722
Epoch :  974  Epoch time :  0.08221498783677816  Train L2 Loss :  0.024285695921534147
Epoch :  975  Epoch time :  0.08229843340814114  Train L2 Loss :  0.024278419999740064
Epoch :  976  Epoch time :  0.08032050728797913  Train L2 Loss :  0.02427301851984782
Epoch :  977  Epoch time :  0.08231043722480536  Train L2 Loss :  0.024268141159644492
Epoch :  978  Epoch time :  0.08246628660708666  Train L2 Loss :  0.024261924605339002
Epoch :  979  Epoch time :  0.08250242285430431  Train L2 Loss :  0.024256283894945413
Epoch :  980  Epoch time :  0.08249424770474434  Train L2 Loss :  0.02425030618906021
Epoch :  981  Epoch time :  0.08244774490594864  Train L2 Loss :  0.024243359573376484
Epoch :  982  Epoch time :  0.08056067861616611  Train L2 Loss :  0.02423799706575198
Epoch :  983  Epoch time :  0.08243505842983723  Train L2 Loss :  0.02423284059533706
Epoch :  984  Epoch time :  0.08226488903164864  Train L2 Loss :  0.024227003543040693
Epoch :  985  Epoch time :  0.08213701099157333  Train L2 Loss :  0.024220070873315517
Epoch :  986  Epoch time :  0.08263727836310863  Train L2 Loss :  0.024214502041920636
Epoch :  987  Epoch time :  0.08227276429533958  Train L2 Loss :  0.024207749714454014
Epoch :  988  Epoch time :  0.08050467818975449  Train L2 Loss :  0.0242026700423314
Epoch :  989  Epoch time :  0.08228061627596617  Train L2 Loss :  0.024196732216156445
Epoch :  990  Epoch time :  0.08216479141265154  Train L2 Loss :  0.024192678670470532
Epoch :  991  Epoch time :  0.08238810487091541  Train L2 Loss :  0.02418485536980323
Epoch :  992  Epoch time :  0.0826553450897336  Train L2 Loss :  0.024179041767731693
Epoch :  993  Epoch time :  0.08219825569540262  Train L2 Loss :  0.02417376112097349
Epoch :  994  Epoch time :  0.08075001183897257  Train L2 Loss :  0.02416680361597966
Epoch :  995  Epoch time :  0.08238763734698296  Train L2 Loss :  0.024162242523370646
Epoch :  996  Epoch time :  0.08227085042744875  Train L2 Loss :  0.02415424346541747
Epoch :  997  Epoch time :  0.08217782899737358  Train L2 Loss :  0.024150241930515338
Epoch :  998  Epoch time :  0.08190835826098919  Train L2 Loss :  0.02414304844270914
Epoch :  999  Epoch time :  0.0807975959032774  Train L2 Loss :  0.024136455013201788
Total time is : 82.14470982179046 Total epoch is  1000
