Energy is  1.1102230246251565e-15
Input dim :  128  output dim :  4096
99457
Epoch :  0  Epoch time :  0.2712565343827009  Train L2 Loss :  6.688486563853728
Epoch :  1  Epoch time :  0.07665321696549654  Train L2 Loss :  6.384006182352702
Epoch :  2  Epoch time :  0.07822661753743887  Train L2 Loss :  5.8853816497020235
Epoch :  3  Epoch time :  0.07918237056583166  Train L2 Loss :  5.396977057823768
Epoch :  4  Epoch time :  0.0785631937906146  Train L2 Loss :  4.790620657113882
Epoch :  5  Epoch time :  0.07851074077188969  Train L2 Loss :  4.336930550061739
Epoch :  6  Epoch time :  0.07829389907419682  Train L2 Loss :  3.984197457631429
Epoch :  7  Epoch time :  0.07653298042714596  Train L2 Loss :  3.6806255731827173
Epoch :  8  Epoch time :  0.07861661538481712  Train L2 Loss :  3.310869186352461
Epoch :  9  Epoch time :  0.07900250889360905  Train L2 Loss :  3.046374858954014
Epoch :  10  Epoch time :  0.07876070868223906  Train L2 Loss :  2.752672085395226
Epoch :  11  Epoch time :  0.07828245218843222  Train L2 Loss :  2.6456596423418093
Epoch :  12  Epoch time :  0.0783791821449995  Train L2 Loss :  2.502810227565276
Epoch :  13  Epoch time :  0.07693238835781813  Train L2 Loss :  2.3789657323788376
Epoch :  14  Epoch time :  0.07895712088793516  Train L2 Loss :  2.27256449063619
Epoch :  15  Epoch time :  0.09518485143780708  Train L2 Loss :  2.1258602142333984
Epoch :  16  Epoch time :  0.07930500991642475  Train L2 Loss :  1.9722972344129512
Epoch :  17  Epoch time :  0.07804020866751671  Train L2 Loss :  1.8986452665084448
Epoch :  18  Epoch time :  0.07807395420968533  Train L2 Loss :  1.8703818504626935
Epoch :  19  Epoch time :  0.07656527496874332  Train L2 Loss :  1.7222172786027958
Epoch :  20  Epoch time :  0.07844813819974661  Train L2 Loss :  1.6728667204196637
Epoch :  21  Epoch time :  0.07868394535034895  Train L2 Loss :  1.6296148880934105
Epoch :  22  Epoch time :  0.07858042325824499  Train L2 Loss :  1.5265888006259234
Epoch :  23  Epoch time :  0.07821367774158716  Train L2 Loss :  1.4501371200268085
Epoch :  24  Epoch time :  0.07826130278408527  Train L2 Loss :  1.4553892001127586
Epoch :  25  Epoch time :  0.0764384102076292  Train L2 Loss :  1.4104388126960168
Epoch :  26  Epoch time :  0.07877824548631907  Train L2 Loss :  1.3358745850049532
Epoch :  27  Epoch time :  0.07838407717645168  Train L2 Loss :  1.2956456312766442
Epoch :  28  Epoch time :  0.07799808774143457  Train L2 Loss :  1.3156304084337676
Epoch :  29  Epoch time :  0.07830565515905619  Train L2 Loss :  1.2556006541618934
Epoch :  30  Epoch time :  0.07848487701267004  Train L2 Loss :  1.1917039858989227
Epoch :  31  Epoch time :  0.07694658450782299  Train L2 Loss :  1.1661388874053955
Epoch :  32  Epoch time :  0.08155104238539934  Train L2 Loss :  1.1500777281247652
Epoch :  33  Epoch time :  0.07860412541776896  Train L2 Loss :  1.1440902000818498
Epoch :  34  Epoch time :  0.07832529954612255  Train L2 Loss :  1.1099688059244401
Epoch :  35  Epoch time :  0.07821349892765284  Train L2 Loss :  1.111896310097132
Epoch :  36  Epoch time :  0.07849228847771883  Train L2 Loss :  1.0849060400938377
Epoch :  37  Epoch time :  0.0774187846109271  Train L2 Loss :  1.0228443069335742
Epoch :  38  Epoch time :  0.07796131167560816  Train L2 Loss :  1.006083308122097
Epoch :  39  Epoch time :  0.07878960017114878  Train L2 Loss :  1.0015147496492436
Epoch :  40  Epoch time :  0.07828846480697393  Train L2 Loss :  1.0342921385398278
Epoch :  41  Epoch time :  0.07852337788790464  Train L2 Loss :  1.0689451709771767
Epoch :  42  Epoch time :  0.07836434617638588  Train L2 Loss :  0.9934768493358905
Epoch :  43  Epoch time :  0.07820558547973633  Train L2 Loss :  0.9168234222974533
Epoch :  44  Epoch time :  0.07714839745312929  Train L2 Loss :  0.8588010867436727
Epoch :  45  Epoch time :  0.07849487476050854  Train L2 Loss :  0.8179982594954662
Epoch :  46  Epoch time :  0.07846376299858093  Train L2 Loss :  0.8013892296033028
Epoch :  47  Epoch time :  0.07821543607860804  Train L2 Loss :  0.7705832918485006
Epoch :  48  Epoch time :  0.0780391301959753  Train L2 Loss :  0.7816386849452288
Epoch :  49  Epoch time :  0.08125881850719452  Train L2 Loss :  0.8085989890954434
Epoch :  50  Epoch time :  0.07674890756607056  Train L2 Loss :  0.7458679202275399
Epoch :  51  Epoch time :  0.07824782468378544  Train L2 Loss :  0.6869402757057776
Epoch :  52  Epoch time :  0.07828220911324024  Train L2 Loss :  0.6630361416401007
Epoch :  53  Epoch time :  0.078432971611619  Train L2 Loss :  0.6658789683610965
Epoch :  54  Epoch time :  0.07854363415390253  Train L2 Loss :  0.6899341986729548
Epoch :  55  Epoch time :  0.07882983237504959  Train L2 Loss :  0.6749036633051358
Epoch :  56  Epoch time :  0.07700831908732653  Train L2 Loss :  0.6725414227216672
Epoch :  57  Epoch time :  0.0785803971812129  Train L2 Loss :  0.7541939478654128
Epoch :  58  Epoch time :  0.07866189908236265  Train L2 Loss :  0.8227096612636859
Epoch :  59  Epoch time :  0.07862385269254446  Train L2 Loss :  0.6697044510107774
Epoch :  60  Epoch time :  0.07880238443613052  Train L2 Loss :  0.6341210802396139
Epoch :  61  Epoch time :  0.07877196744084358  Train L2 Loss :  0.6510267593921759
Epoch :  62  Epoch time :  0.07663390692323446  Train L2 Loss :  0.6009979675977658
Epoch :  63  Epoch time :  0.07872634287923574  Train L2 Loss :  0.5570155962919577
Epoch :  64  Epoch time :  0.07864721864461899  Train L2 Loss :  0.5716297672345088
Epoch :  65  Epoch time :  0.07886075787246227  Train L2 Loss :  0.5963969444617246
Epoch :  66  Epoch time :  0.08210329059511423  Train L2 Loss :  0.5234411297700344
Epoch :  67  Epoch time :  0.07864689081907272  Train L2 Loss :  0.48700138544424987
Epoch :  68  Epoch time :  0.07702001743018627  Train L2 Loss :  0.4719155056354327
Epoch :  69  Epoch time :  0.07863298710435629  Train L2 Loss :  0.4593714307516049
Epoch :  70  Epoch time :  0.07861984614282846  Train L2 Loss :  0.45553669027793103
Epoch :  71  Epoch time :  0.07864509988576174  Train L2 Loss :  0.4338421462438045
Epoch :  72  Epoch time :  0.07953521702438593  Train L2 Loss :  0.42951675867423034
Epoch :  73  Epoch time :  0.07861904706805944  Train L2 Loss :  0.4225600147858644
Epoch :  74  Epoch time :  0.07694393768906593  Train L2 Loss :  0.43092249219234174
Epoch :  75  Epoch time :  0.0786052905023098  Train L2 Loss :  0.4538964888988397
Epoch :  76  Epoch time :  0.07882046978920698  Train L2 Loss :  0.47053761818470097
Epoch :  77  Epoch time :  0.07910219486802816  Train L2 Loss :  0.4433719943731259
Epoch :  78  Epoch time :  0.07881470583379269  Train L2 Loss :  0.43314612064606106
Epoch :  79  Epoch time :  0.08158975839614868  Train L2 Loss :  0.4258095988860497
Epoch :  80  Epoch time :  0.0777903813868761  Train L2 Loss :  0.4544388132217603
Epoch :  81  Epoch time :  0.07852869108319283  Train L2 Loss :  0.4520480793256026
Epoch :  82  Epoch time :  0.07860958948731422  Train L2 Loss :  0.460753844334529
Epoch :  83  Epoch time :  0.08202711585909128  Train L2 Loss :  0.4435056875913571
Epoch :  84  Epoch time :  0.07853841688483953  Train L2 Loss :  0.4622149001329373
Epoch :  85  Epoch time :  0.0787563482299447  Train L2 Loss :  0.45214900145163905
Epoch :  86  Epoch time :  0.07690014410763979  Train L2 Loss :  0.4239148176633395
Epoch :  87  Epoch time :  0.07877299189567566  Train L2 Loss :  0.40993868387662447
Epoch :  88  Epoch time :  0.07867139112204313  Train L2 Loss :  0.4086599097802089
Epoch :  89  Epoch time :  0.07885953318327665  Train L2 Loss :  0.401328770778118
Epoch :  90  Epoch time :  0.0788281187415123  Train L2 Loss :  0.40110438909286106
Epoch :  91  Epoch time :  0.07849528733640909  Train L2 Loss :  0.38840894897778827
Epoch :  92  Epoch time :  0.0772748664021492  Train L2 Loss :  0.39527103075614345
Epoch :  93  Epoch time :  0.07896645646542311  Train L2 Loss :  0.4159992979123042
Epoch :  94  Epoch time :  0.0792850349098444  Train L2 Loss :  0.4452682114564456
Epoch :  95  Epoch time :  0.07846727967262268  Train L2 Loss :  0.4184276935381767
Epoch :  96  Epoch time :  0.08113927394151688  Train L2 Loss :  0.4199659197758406
Epoch :  97  Epoch time :  0.07892808131873608  Train L2 Loss :  0.4023503187375191
Epoch :  98  Epoch time :  0.07693387102335691  Train L2 Loss :  0.37630799641975987
Epoch :  99  Epoch time :  0.07880427874624729  Train L2 Loss :  0.37282955264433837
Epoch :  100  Epoch time :  0.07891931012272835  Train L2 Loss :  0.3491620574242029
Epoch :  101  Epoch time :  0.07888106629252434  Train L2 Loss :  0.30509381263684004
Epoch :  102  Epoch time :  0.07891048584133387  Train L2 Loss :  0.2876594196527432
Epoch :  103  Epoch time :  0.07862525433301926  Train L2 Loss :  0.2787570854028066
Epoch :  104  Epoch time :  0.07689168769866228  Train L2 Loss :  0.2744031174060626
Epoch :  105  Epoch time :  0.07927291933447123  Train L2 Loss :  0.2715102075002132
Epoch :  106  Epoch time :  0.0789351649582386  Train L2 Loss :  0.2693393948750618
Epoch :  107  Epoch time :  0.07859736867249012  Train L2 Loss :  0.2681350983106173
Epoch :  108  Epoch time :  0.07854985725134611  Train L2 Loss :  0.266185761262209
Epoch :  109  Epoch time :  0.0785775426775217  Train L2 Loss :  0.2652187110521855
Epoch :  110  Epoch time :  0.08068599086254835  Train L2 Loss :  0.26334036122529936
Epoch :  111  Epoch time :  0.07903696596622467  Train L2 Loss :  0.2621330481309157
Epoch :  112  Epoch time :  0.07850038725882769  Train L2 Loss :  0.2608382342717586
Epoch :  113  Epoch time :  0.07861111033707857  Train L2 Loss :  0.2602604256990628
Epoch :  114  Epoch time :  0.07886936888098717  Train L2 Loss :  0.25964479797925705
Epoch :  115  Epoch time :  0.07891322113573551  Train L2 Loss :  0.2578728932600755
Epoch :  116  Epoch time :  0.0779140954837203  Train L2 Loss :  0.2574018018367963
Epoch :  117  Epoch time :  0.07838682271540165  Train L2 Loss :  0.2554271244085752
Epoch :  118  Epoch time :  0.07883891556411982  Train L2 Loss :  0.2538998272174444
Epoch :  119  Epoch time :  0.07876668870449066  Train L2 Loss :  0.25386974674004775
Epoch :  120  Epoch time :  0.07884177006781101  Train L2 Loss :  0.25108139637189036
Epoch :  121  Epoch time :  0.07893197424709797  Train L2 Loss :  0.250289879548244
Epoch :  122  Epoch time :  0.0786585658788681  Train L2 Loss :  0.24896785081961217
Epoch :  123  Epoch time :  0.0778248468413949  Train L2 Loss :  0.247664579978356
Epoch :  124  Epoch time :  0.0789894824847579  Train L2 Loss :  0.2458189137471028
Epoch :  125  Epoch time :  0.08085847087204456  Train L2 Loss :  0.2449002586878263
Epoch :  126  Epoch time :  0.07888557855039835  Train L2 Loss :  0.24417401124269533
Epoch :  127  Epoch time :  0.07887521758675575  Train L2 Loss :  0.2432784147751637
Epoch :  128  Epoch time :  0.07913338299840689  Train L2 Loss :  0.24165267134324098
Epoch :  129  Epoch time :  0.07769240159541368  Train L2 Loss :  0.24111075355456427
Epoch :  130  Epoch time :  0.07920047268271446  Train L2 Loss :  0.24059590659080407
Epoch :  131  Epoch time :  0.07895884569734335  Train L2 Loss :  0.23983183885231996
Epoch :  132  Epoch time :  0.0791125688701868  Train L2 Loss :  0.23950917522112528
Epoch :  133  Epoch time :  0.0786473024636507  Train L2 Loss :  0.23850365174122345
Epoch :  134  Epoch time :  0.07929314393550158  Train L2 Loss :  0.2417380954974737
Epoch :  135  Epoch time :  0.07729731686413288  Train L2 Loss :  0.24089409449161628
Epoch :  136  Epoch time :  0.0789188863709569  Train L2 Loss :  0.23875621954600015
Epoch :  137  Epoch time :  0.07896927744150162  Train L2 Loss :  0.2378679903653952
Epoch :  138  Epoch time :  0.08082515839487314  Train L2 Loss :  0.24817116902424738
Epoch :  139  Epoch time :  0.0790593009442091  Train L2 Loss :  0.2718915824706738
Epoch :  140  Epoch time :  0.0791684640571475  Train L2 Loss :  0.29168252837963593
Epoch :  141  Epoch time :  0.07718912698328495  Train L2 Loss :  0.2808377964374347
Epoch :  142  Epoch time :  0.07916812691837549  Train L2 Loss :  0.2637694825728734
Epoch :  143  Epoch time :  0.0788366599008441  Train L2 Loss :  0.25370790178959185
Epoch :  144  Epoch time :  0.08019074145704508  Train L2 Loss :  0.24740002781916887
Epoch :  145  Epoch time :  0.07892563100904226  Train L2 Loss :  0.23654733407191741
Epoch :  146  Epoch time :  0.07930789235979319  Train L2 Loss :  0.2293921334621234
Epoch :  147  Epoch time :  0.07712577003985643  Train L2 Loss :  0.22766755177424505
Epoch :  148  Epoch time :  0.07895809225738049  Train L2 Loss :  0.23074152683600402
Epoch :  149  Epoch time :  0.07916995137929916  Train L2 Loss :  0.23034900961778101
Epoch :  150  Epoch time :  0.07908464875072241  Train L2 Loss :  0.22548108261365157
Epoch :  151  Epoch time :  0.07938108127564192  Train L2 Loss :  0.22091851555384123
Epoch :  152  Epoch time :  0.07918890565633774  Train L2 Loss :  0.2202067398107969
Epoch :  153  Epoch time :  0.07734169717878103  Train L2 Loss :  0.2176187107196221
Epoch :  154  Epoch time :  0.07889246847480536  Train L2 Loss :  0.22157191466062498
Epoch :  155  Epoch time :  0.07915487978607416  Train L2 Loss :  0.2166663094972953
Epoch :  156  Epoch time :  0.07927925139665604  Train L2 Loss :  0.21410202024838862
Epoch :  157  Epoch time :  0.0790688768029213  Train L2 Loss :  0.21635235731418317
Epoch :  158  Epoch time :  0.07871496211737394  Train L2 Loss :  0.21998717349309188
Epoch :  159  Epoch time :  0.07720404677093029  Train L2 Loss :  0.2348019411930671
Epoch :  160  Epoch time :  0.07931690849363804  Train L2 Loss :  0.2637250794050021
Epoch :  161  Epoch time :  0.08086697850376368  Train L2 Loss :  0.25506974794925785
Epoch :  162  Epoch time :  0.07929607108235359  Train L2 Loss :  0.29479810748344815
Epoch :  163  Epoch time :  0.07891950011253357  Train L2 Loss :  0.2677538242095556
Epoch :  164  Epoch time :  0.07925792876631021  Train L2 Loss :  0.26644572844872105
Epoch :  165  Epoch time :  0.07864772249013186  Train L2 Loss :  0.2647173366485498
Epoch :  166  Epoch time :  0.07910829968750477  Train L2 Loss :  0.2723865302709433
Epoch :  167  Epoch time :  0.07958649005740881  Train L2 Loss :  0.2584345822150891
Epoch :  168  Epoch time :  0.07939111348241568  Train L2 Loss :  0.2424695679010489
Epoch :  169  Epoch time :  0.07882229331880808  Train L2 Loss :  0.22889237296886933
Epoch :  170  Epoch time :  0.07890819758176804  Train L2 Loss :  0.21664347824377891
Epoch :  171  Epoch time :  0.0772313168272376  Train L2 Loss :  0.21128042271504036
Epoch :  172  Epoch time :  0.07923430297523737  Train L2 Loss :  0.21034213594901255
Epoch :  173  Epoch time :  0.07942170929163694  Train L2 Loss :  0.2089473857329442
Epoch :  174  Epoch time :  0.07954642549157143  Train L2 Loss :  0.21360679352894807
Epoch :  175  Epoch time :  0.07882715947926044  Train L2 Loss :  0.2056406163252317
Epoch :  176  Epoch time :  0.07872864417731762  Train L2 Loss :  0.19804253027989313
Epoch :  177  Epoch time :  0.07716302573680878  Train L2 Loss :  0.19527601164120895
Epoch :  178  Epoch time :  0.07912891265004873  Train L2 Loss :  0.19520167738963395
Epoch :  179  Epoch time :  0.07992019224911928  Train L2 Loss :  0.19505333976867872
Epoch :  180  Epoch time :  0.07966437004506588  Train L2 Loss :  0.19297577631779206
Epoch :  181  Epoch time :  0.07901215832680464  Train L2 Loss :  0.19301179815561342
Epoch :  182  Epoch time :  0.07907362841069698  Train L2 Loss :  0.19463600371128473
Epoch :  183  Epoch time :  0.07720410171896219  Train L2 Loss :  0.2018244044902997
Epoch :  184  Epoch time :  0.07925537787377834  Train L2 Loss :  0.2014841364744382
Epoch :  185  Epoch time :  0.07943923957645893  Train L2 Loss :  0.21154503868176386
Epoch :  186  Epoch time :  0.07924170512706041  Train L2 Loss :  0.22693732992196694
Epoch :  187  Epoch time :  0.07898035924881697  Train L2 Loss :  0.29215235969959163
Epoch :  188  Epoch time :  0.07893292047083378  Train L2 Loss :  0.41868059757428294
Epoch :  189  Epoch time :  0.07731205970048904  Train L2 Loss :  0.3941851625075707
Epoch :  190  Epoch time :  0.07933432701975107  Train L2 Loss :  0.34078254455175155
Epoch :  191  Epoch time :  0.07936988119035959  Train L2 Loss :  0.28164314383115524
Epoch :  192  Epoch time :  0.08203674387186766  Train L2 Loss :  0.2403472100312893
Epoch :  193  Epoch time :  0.08058015163987875  Train L2 Loss :  0.21395991780819038
Epoch :  194  Epoch time :  0.07944094575941563  Train L2 Loss :  0.2028152197599411
Epoch :  195  Epoch time :  0.077493648044765  Train L2 Loss :  0.19267419477303824
Epoch :  196  Epoch time :  0.0793984467163682  Train L2 Loss :  0.18658616030827546
Epoch :  197  Epoch time :  0.07952938042581081  Train L2 Loss :  0.1832537509692021
Epoch :  198  Epoch time :  0.0792865501716733  Train L2 Loss :  0.18057390130483186
Epoch :  199  Epoch time :  0.07932621892541647  Train L2 Loss :  0.17815394432116777
Epoch :  200  Epoch time :  0.07938596419990063  Train L2 Loss :  0.1720647674340468
Epoch :  201  Epoch time :  0.07743199728429317  Train L2 Loss :  0.1677289501978801
Epoch :  202  Epoch time :  0.07953378465026617  Train L2 Loss :  0.16498120052692217
Epoch :  203  Epoch time :  0.07913189381361008  Train L2 Loss :  0.16367134528282362
Epoch :  204  Epoch time :  0.07928249333053827  Train L2 Loss :  0.1628246899598684
Epoch :  205  Epoch time :  0.07938613183796406  Train L2 Loss :  0.16222173816118485
Epoch :  206  Epoch time :  0.07887855265289545  Train L2 Loss :  0.1616643094099485
Epoch :  207  Epoch time :  0.09246632363647223  Train L2 Loss :  0.1612447332113217
Epoch :  208  Epoch time :  0.07988721504807472  Train L2 Loss :  0.16059419283500084
Epoch :  209  Epoch time :  0.07959800958633423  Train L2 Loss :  0.15995488946254438
Epoch :  210  Epoch time :  0.07901353854686022  Train L2 Loss :  0.15954326475277925
Epoch :  211  Epoch time :  0.07919599022716284  Train L2 Loss :  0.15896148444750371
Epoch :  212  Epoch time :  0.07932393159717321  Train L2 Loss :  0.15875564477382562
Epoch :  213  Epoch time :  0.07635776698589325  Train L2 Loss :  0.1581449405505107
Epoch :  214  Epoch time :  0.07865246292203665  Train L2 Loss :  0.1574935286473005
Epoch :  215  Epoch time :  0.07912871334701777  Train L2 Loss :  0.1569136530160904
Epoch :  216  Epoch time :  0.0791361965239048  Train L2 Loss :  0.1565039318341475
Epoch :  217  Epoch time :  0.07914298493415117  Train L2 Loss :  0.15600391305409944
Epoch :  218  Epoch time :  0.09678306430578232  Train L2 Loss :  0.15548961437665498
Epoch :  219  Epoch time :  0.07605048641562462  Train L2 Loss :  0.15506723217475107
Epoch :  220  Epoch time :  0.07808171398937702  Train L2 Loss :  0.1548934594178811
Epoch :  221  Epoch time :  0.07791048102080822  Train L2 Loss :  0.1543960922803634
Epoch :  222  Epoch time :  0.07782202493399382  Train L2 Loss :  0.15392067149663582
Epoch :  223  Epoch time :  0.07785945292562246  Train L2 Loss :  0.15332920046953055
Epoch :  224  Epoch time :  0.07774091605097055  Train L2 Loss :  0.152833185898952
Epoch :  225  Epoch time :  0.07675744406878948  Train L2 Loss :  0.15226939779061538
Epoch :  226  Epoch time :  0.07763732969760895  Train L2 Loss :  0.15180488236439535
Epoch :  227  Epoch time :  0.07799908798187971  Train L2 Loss :  0.15144368394827232
Epoch :  228  Epoch time :  0.07785829342901707  Train L2 Loss :  0.15068340377929884
Epoch :  229  Epoch time :  0.07803381979465485  Train L2 Loss :  0.15050608683855105
Epoch :  230  Epoch time :  0.0780163872987032  Train L2 Loss :  0.15034760190890387
Epoch :  231  Epoch time :  0.07824700698256493  Train L2 Loss :  0.15013344700519854
Epoch :  232  Epoch time :  0.07716245017945766  Train L2 Loss :  0.14939986207546332
Epoch :  233  Epoch time :  0.07845350075513124  Train L2 Loss :  0.14848957306299454
Epoch :  234  Epoch time :  0.07824986055493355  Train L2 Loss :  0.14805287084518334
Epoch :  235  Epoch time :  0.0782766118645668  Train L2 Loss :  0.14773224408809954
Epoch :  236  Epoch time :  0.07801162824034691  Train L2 Loss :  0.14759089778631163
Epoch :  237  Epoch time :  0.07892689295113087  Train L2 Loss :  0.14686293823596758
Epoch :  238  Epoch time :  0.0766160162165761  Train L2 Loss :  0.1466490591947849
Epoch :  239  Epoch time :  0.07855191081762314  Train L2 Loss :  0.14599331143574837
Epoch :  240  Epoch time :  0.07863233610987663  Train L2 Loss :  0.14550558955241472
Epoch :  241  Epoch time :  0.07875693682581186  Train L2 Loss :  0.14529767479652014
Epoch :  242  Epoch time :  0.07896761875599623  Train L2 Loss :  0.1456357118410942
Epoch :  243  Epoch time :  0.07891597878187895  Train L2 Loss :  0.1465306656482892
Epoch :  244  Epoch time :  0.07694541104137897  Train L2 Loss :  0.14523657315816635
Epoch :  245  Epoch time :  0.07889177463948727  Train L2 Loss :  0.1454292214833773
Epoch :  246  Epoch time :  0.07877674978226423  Train L2 Loss :  0.1440061514194195
Epoch :  247  Epoch time :  0.08406334556639194  Train L2 Loss :  0.14339582201762077
Epoch :  248  Epoch time :  0.07879851665347815  Train L2 Loss :  0.1425809076963327
Epoch :  249  Epoch time :  0.07911793794482946  Train L2 Loss :  0.1415879963300167
Epoch :  250  Epoch time :  0.07707386557012796  Train L2 Loss :  0.14136730077174994
Epoch :  251  Epoch time :  0.0788198858499527  Train L2 Loss :  0.14127851793399224
Epoch :  252  Epoch time :  0.07873988430947065  Train L2 Loss :  0.1405908641142723
Epoch :  253  Epoch time :  0.07877442892640829  Train L2 Loss :  0.1401673219142816
Epoch :  254  Epoch time :  0.07918128836899996  Train L2 Loss :  0.13980751083447382
Epoch :  255  Epoch time :  0.07888741511851549  Train L2 Loss :  0.13945841101499704
Epoch :  256  Epoch time :  0.07725896313786507  Train L2 Loss :  0.13940032667074448
Epoch :  257  Epoch time :  0.07906222436577082  Train L2 Loss :  0.13867147534321517
Epoch :  258  Epoch time :  0.07865206338465214  Train L2 Loss :  0.13796583811442056
Epoch :  259  Epoch time :  0.07907333504408598  Train L2 Loss :  0.13732282397074577
Epoch :  260  Epoch time :  0.07915370166301727  Train L2 Loss :  0.13736488307133699
Epoch :  261  Epoch time :  0.07870206516236067  Train L2 Loss :  0.13858142724403968
Epoch :  262  Epoch time :  0.07704332564026117  Train L2 Loss :  0.13812662164370218
Epoch :  263  Epoch time :  0.07880538795143366  Train L2 Loss :  0.13795060072189722
Epoch :  264  Epoch time :  0.07874753139913082  Train L2 Loss :  0.139946454228499
Epoch :  265  Epoch time :  0.07914594002068043  Train L2 Loss :  0.13959520711348608
Epoch :  266  Epoch time :  0.0789553252980113  Train L2 Loss :  0.13734749112373743
Epoch :  267  Epoch time :  0.07863496523350477  Train L2 Loss :  0.13769081617013001
Epoch :  268  Epoch time :  0.07717734761536121  Train L2 Loss :  0.1369929000353202
Epoch :  269  Epoch time :  0.08160768914967775  Train L2 Loss :  0.13747927775749794
Epoch :  270  Epoch time :  0.07895741984248161  Train L2 Loss :  0.1364333709845176
Epoch :  271  Epoch time :  0.0846839090809226  Train L2 Loss :  0.1367537402189695
Epoch :  272  Epoch time :  0.07972109876573086  Train L2 Loss :  0.13849668051951972
Epoch :  273  Epoch time :  0.07887121569365263  Train L2 Loss :  0.1377704632587922
Epoch :  274  Epoch time :  0.07702474016696215  Train L2 Loss :  0.13740551911103419
Epoch :  275  Epoch time :  0.07876670453697443  Train L2 Loss :  0.13580441245665917
Epoch :  276  Epoch time :  0.07878629118204117  Train L2 Loss :  0.13772243032088646
Epoch :  277  Epoch time :  0.07935581915080547  Train L2 Loss :  0.1421073079109192
Epoch :  278  Epoch time :  0.07907544169574976  Train L2 Loss :  0.14006256445860252
Epoch :  279  Epoch time :  0.07889725733548403  Train L2 Loss :  0.14235525750196898
Epoch :  280  Epoch time :  0.07714701909571886  Train L2 Loss :  0.14049157271018395
Epoch :  281  Epoch time :  0.07922643888741732  Train L2 Loss :  0.13743901520203322
Epoch :  282  Epoch time :  0.07924938853830099  Train L2 Loss :  0.13632596074006495
Epoch :  283  Epoch time :  0.07917036302387714  Train L2 Loss :  0.13682580529115138
Epoch :  284  Epoch time :  0.07878033351153135  Train L2 Loss :  0.1364123347478035
Epoch :  285  Epoch time :  0.07875011768192053  Train L2 Loss :  0.1368043369207627
Epoch :  286  Epoch time :  0.07689923606812954  Train L2 Loss :  0.1370067604077168
Epoch :  287  Epoch time :  0.07883759215474129  Train L2 Loss :  0.14417995245028764
Epoch :  288  Epoch time :  0.07919825799763203  Train L2 Loss :  0.15818290832715157
Epoch :  289  Epoch time :  0.0789223201572895  Train L2 Loss :  0.15519648828567603
Epoch :  290  Epoch time :  0.08021198399364948  Train L2 Loss :  0.15128874549498925
Epoch :  291  Epoch time :  0.07861681003123522  Train L2 Loss :  0.1491942375134199
Epoch :  292  Epoch time :  0.07694089598953724  Train L2 Loss :  0.1427539308101703
Epoch :  293  Epoch time :  0.0790691552683711  Train L2 Loss :  0.13854460112559489
Epoch :  294  Epoch time :  0.07922084722667933  Train L2 Loss :  0.13458609733826074
Epoch :  295  Epoch time :  0.0787714896723628  Train L2 Loss :  0.12955069694763574
Epoch :  296  Epoch time :  0.07877012249082327  Train L2 Loss :  0.1273747042585642
Epoch :  297  Epoch time :  0.07878263108432293  Train L2 Loss :  0.1272105933764042
Epoch :  298  Epoch time :  0.07703957986086607  Train L2 Loss :  0.12785221827335846
Epoch :  299  Epoch time :  0.07932175043970346  Train L2 Loss :  0.12678808317734644
Epoch :  300  Epoch time :  0.07885043881833553  Train L2 Loss :  0.12328566725437458
Epoch :  301  Epoch time :  0.07902386132627726  Train L2 Loss :  0.11939371453645901
Epoch :  302  Epoch time :  0.0787979168817401  Train L2 Loss :  0.11777108793075268
Epoch :  303  Epoch time :  0.07878152281045914  Train L2 Loss :  0.11709376099782112
Epoch :  304  Epoch time :  0.07761318515986204  Train L2 Loss :  0.11681660436666928
Epoch :  305  Epoch time :  0.0791263384744525  Train L2 Loss :  0.11642876248329113
Epoch :  306  Epoch time :  0.07902587112039328  Train L2 Loss :  0.11610431319628006
Epoch :  307  Epoch time :  0.07900206185877323  Train L2 Loss :  0.11585167967356168
Epoch :  308  Epoch time :  0.07891105115413666  Train L2 Loss :  0.11563330735915746
Epoch :  309  Epoch time :  0.078786950558424  Train L2 Loss :  0.11537246367870232
Epoch :  310  Epoch time :  0.07893777452409267  Train L2 Loss :  0.11520367822585961
Epoch :  311  Epoch time :  0.07974676229059696  Train L2 Loss :  0.11509108887268947
Epoch :  312  Epoch time :  0.07873024791479111  Train L2 Loss :  0.11487455646961163
Epoch :  313  Epoch time :  0.07889075390994549  Train L2 Loss :  0.1145844035423719
Epoch :  314  Epoch time :  0.07879064604640007  Train L2 Loss :  0.1144337990345099
Epoch :  315  Epoch time :  0.0786721846088767  Train L2 Loss :  0.11417665084203084
Epoch :  316  Epoch time :  0.07853746972978115  Train L2 Loss :  0.11387060926510738
Epoch :  317  Epoch time :  0.07783608511090279  Train L2 Loss :  0.11382597398299438
Epoch :  318  Epoch time :  0.07881801761686802  Train L2 Loss :  0.113626112922644
Epoch :  319  Epoch time :  0.07898445427417755  Train L2 Loss :  0.11338013792649293
Epoch :  320  Epoch time :  0.07869377639144659  Train L2 Loss :  0.11312821163580968
Epoch :  321  Epoch time :  0.07875135913491249  Train L2 Loss :  0.11285668764358912
Epoch :  322  Epoch time :  0.07907557766884565  Train L2 Loss :  0.11271850879375751
Epoch :  323  Epoch time :  0.07720059994608164  Train L2 Loss :  0.11261570415435693
Epoch :  324  Epoch time :  0.07864603400230408  Train L2 Loss :  0.11231164175730485
Epoch :  325  Epoch time :  0.07856603525578976  Train L2 Loss :  0.11208121612285957
Epoch :  326  Epoch time :  0.07884362898766994  Train L2 Loss :  0.11178397253537789
Epoch :  327  Epoch time :  0.07913599815219641  Train L2 Loss :  0.1116213729748359
Epoch :  328  Epoch time :  0.07893657870590687  Train L2 Loss :  0.1114428419715319
Epoch :  329  Epoch time :  0.07739552948623896  Train L2 Loss :  0.11118736137182285
Epoch :  330  Epoch time :  0.07899074628949165  Train L2 Loss :  0.11093785289006355
Epoch :  331  Epoch time :  0.07889009267091751  Train L2 Loss :  0.11090509287821941
Epoch :  332  Epoch time :  0.08043722715228796  Train L2 Loss :  0.11058492920337579
Epoch :  333  Epoch time :  0.07926597259938717  Train L2 Loss :  0.11034920353155869
Epoch :  334  Epoch time :  0.07921996992081404  Train L2 Loss :  0.1100323838301194
Epoch :  335  Epoch time :  0.08137241750955582  Train L2 Loss :  0.10976475954819949
Epoch :  336  Epoch time :  0.07943116687238216  Train L2 Loss :  0.10963485982173528
Epoch :  337  Epoch time :  0.07894568797200918  Train L2 Loss :  0.10939987309468098
Epoch :  338  Epoch time :  0.07905839011073112  Train L2 Loss :  0.10914011376026349
Epoch :  339  Epoch time :  0.07934529706835747  Train L2 Loss :  0.10887203804957561
Epoch :  340  Epoch time :  0.07893556542694569  Train L2 Loss :  0.10875758032004039
Epoch :  341  Epoch time :  0.07713414635509253  Train L2 Loss :  0.10861144081140175
Epoch :  342  Epoch time :  0.07886284217238426  Train L2 Loss :  0.10846271805274181
Epoch :  343  Epoch time :  0.07886222284287214  Train L2 Loss :  0.1084736161507093
Epoch :  344  Epoch time :  0.07920170482248068  Train L2 Loss :  0.10802081972360611
Epoch :  345  Epoch time :  0.07971443887799978  Train L2 Loss :  0.10763516372595078
Epoch :  346  Epoch time :  0.07906869612634182  Train L2 Loss :  0.10726209462453158
Epoch :  347  Epoch time :  0.07715559005737305  Train L2 Loss :  0.10704796990522972
Epoch :  348  Epoch time :  0.07909631170332432  Train L2 Loss :  0.10677433778078128
Epoch :  349  Epoch time :  0.07939678058028221  Train L2 Loss :  0.10652203991627082
Epoch :  350  Epoch time :  0.07933264505118132  Train L2 Loss :  0.10648725009881534
Epoch :  351  Epoch time :  0.07935362961143255  Train L2 Loss :  0.10634776567801452
Epoch :  352  Epoch time :  0.07919713575392962  Train L2 Loss :  0.10668023159870735
Epoch :  353  Epoch time :  0.07865469437092543  Train L2 Loss :  0.10597469160954158
Epoch :  354  Epoch time :  0.07923658657819033  Train L2 Loss :  0.10565419991811116
Epoch :  355  Epoch time :  0.07926699239760637  Train L2 Loss :  0.10560580037343197
Epoch :  356  Epoch time :  0.0795650091022253  Train L2 Loss :  0.10540490463758126
Epoch :  357  Epoch time :  0.07935560308396816  Train L2 Loss :  0.1054778034106279
Epoch :  358  Epoch time :  0.07904754765331745  Train L2 Loss :  0.10534472171312724
Epoch :  359  Epoch time :  0.07746422942727804  Train L2 Loss :  0.10505376488734515
Epoch :  360  Epoch time :  0.07934808731079102  Train L2 Loss :  0.10475668502159607
Epoch :  361  Epoch time :  0.07919271104037762  Train L2 Loss :  0.1046873770463161
Epoch :  362  Epoch time :  0.07974905986338854  Train L2 Loss :  0.10437750205015525
Epoch :  363  Epoch time :  0.07916025910526514  Train L2 Loss :  0.10410231007979466
Epoch :  364  Epoch time :  0.0790920089930296  Train L2 Loss :  0.10405944134944524
Epoch :  365  Epoch time :  0.07743084337562323  Train L2 Loss :  0.10363656358841138
Epoch :  366  Epoch time :  0.07925236131995916  Train L2 Loss :  0.10364457143422885
Epoch :  367  Epoch time :  0.07940133847296238  Train L2 Loss :  0.10398732316799653
Epoch :  368  Epoch time :  0.0794603256508708  Train L2 Loss :  0.10501994612889412
Epoch :  369  Epoch time :  0.07913610711693764  Train L2 Loss :  0.10389370490343143
Epoch :  370  Epoch time :  0.07937016803771257  Train L2 Loss :  0.10306933846993324
Epoch :  371  Epoch time :  0.07759434822946787  Train L2 Loss :  0.1035189599944995
Epoch :  372  Epoch time :  0.09703994356095791  Train L2 Loss :  0.10305643884035257
Epoch :  373  Epoch time :  0.07869559060782194  Train L2 Loss :  0.10331272333860397
Epoch :  374  Epoch time :  0.07814978901296854  Train L2 Loss :  0.1027264824280372
Epoch :  375  Epoch time :  0.07817234005779028  Train L2 Loss :  0.10229950226270236
Epoch :  376  Epoch time :  0.07804043591022491  Train L2 Loss :  0.10140369221186027
Epoch :  377  Epoch time :  0.07645755354315042  Train L2 Loss :  0.10260904924227641
Epoch :  378  Epoch time :  0.08522260934114456  Train L2 Loss :  0.10262399797256176
Epoch :  379  Epoch time :  0.07852333318442106  Train L2 Loss :  0.10200436948201595
Epoch :  380  Epoch time :  0.07809103280305862  Train L2 Loss :  0.10330554556388122
Epoch :  381  Epoch time :  0.07834206894040108  Train L2 Loss :  0.105048628953787
Epoch :  382  Epoch time :  0.07819564826786518  Train L2 Loss :  0.10647764056921005
Epoch :  383  Epoch time :  0.07672646921128035  Train L2 Loss :  0.10300411551426618
Epoch :  384  Epoch time :  0.07824748568236828  Train L2 Loss :  0.10239609006123665
Epoch :  385  Epoch time :  0.07867316622287035  Train L2 Loss :  0.10152510228829506
Epoch :  386  Epoch time :  0.07891095243394375  Train L2 Loss :  0.10204168046132112
Epoch :  387  Epoch time :  0.0788268344476819  Train L2 Loss :  0.10225156197945277
Epoch :  388  Epoch time :  0.07877552136778831  Train L2 Loss :  0.10284135490655899
Epoch :  389  Epoch time :  0.07698515895754099  Train L2 Loss :  0.10333950320879619
Epoch :  390  Epoch time :  0.07859659194946289  Train L2 Loss :  0.10411123281870133
Epoch :  391  Epoch time :  0.07913824636489153  Train L2 Loss :  0.10182243375441967
Epoch :  392  Epoch time :  0.07876190170645714  Train L2 Loss :  0.10058502088754605
Epoch :  393  Epoch time :  0.07905996963381767  Train L2 Loss :  0.09969665453984188
Epoch :  394  Epoch time :  0.07891609705984592  Train L2 Loss :  0.09872418928604859
Epoch :  395  Epoch time :  0.07758446130901575  Train L2 Loss :  0.09874718387921651
Epoch :  396  Epoch time :  0.07926812022924423  Train L2 Loss :  0.09784462474859677
Epoch :  397  Epoch time :  0.07922970782965422  Train L2 Loss :  0.09742061679179852
Epoch :  398  Epoch time :  0.07897642906755209  Train L2 Loss :  0.09677320718765259
Epoch :  399  Epoch time :  0.07917369343340397  Train L2 Loss :  0.09770346528444535
Epoch :  400  Epoch time :  0.07901916839182377  Train L2 Loss :  0.09608785311381023
Epoch :  401  Epoch time :  0.0773971350863576  Train L2 Loss :  0.09476005572539109
Epoch :  402  Epoch time :  0.0793470349162817  Train L2 Loss :  0.09409463615753712
Epoch :  403  Epoch time :  0.07910493016242981  Train L2 Loss :  0.09373592833677928
Epoch :  404  Epoch time :  0.07866575196385384  Train L2 Loss :  0.09352485415263054
Epoch :  405  Epoch time :  0.07880383636802435  Train L2 Loss :  0.09346085901443775
Epoch :  406  Epoch time :  0.07857906725257635  Train L2 Loss :  0.09333505787146397
Epoch :  407  Epoch time :  0.07737218867987394  Train L2 Loss :  0.09320680415019011
Epoch :  408  Epoch time :  0.0793823441490531  Train L2 Loss :  0.09310419322588505
Epoch :  409  Epoch time :  0.07877305615693331  Train L2 Loss :  0.09296422528150754
Epoch :  410  Epoch time :  0.07900284603238106  Train L2 Loss :  0.0928103079398473
Epoch :  411  Epoch time :  0.07888017315417528  Train L2 Loss :  0.09275673979367965
Epoch :  412  Epoch time :  0.07911849115043879  Train L2 Loss :  0.09268939838959621
Epoch :  413  Epoch time :  0.07817535847425461  Train L2 Loss :  0.09260190545748441
Epoch :  414  Epoch time :  0.07854562066495419  Train L2 Loss :  0.09240246392213382
Epoch :  415  Epoch time :  0.07880040816962719  Train L2 Loss :  0.09226397023751186
Epoch :  416  Epoch time :  0.078709133900702  Train L2 Loss :  0.09218328560774143
Epoch :  417  Epoch time :  0.07888638321310282  Train L2 Loss :  0.09208648594526145
Epoch :  418  Epoch time :  0.07898337300866842  Train L2 Loss :  0.09195522887584491
Epoch :  419  Epoch time :  0.07856137212365866  Train L2 Loss :  0.09183969291356894
Epoch :  420  Epoch time :  0.07811025995761156  Train L2 Loss :  0.09175098763826565
Epoch :  421  Epoch time :  0.07903468515723944  Train L2 Loss :  0.0916166595923595
Epoch :  422  Epoch time :  0.0790406595915556  Train L2 Loss :  0.09160173970919389
Epoch :  423  Epoch time :  0.07889182679355145  Train L2 Loss :  0.0914859882532022
Epoch :  424  Epoch time :  0.07879604957997799  Train L2 Loss :  0.0913007765626296
Epoch :  425  Epoch time :  0.07892241422086954  Train L2 Loss :  0.091162465321712
Epoch :  426  Epoch time :  0.0777904586866498  Train L2 Loss :  0.09104192906465286
Epoch :  427  Epoch time :  0.07905923947691917  Train L2 Loss :  0.09096304002480629
Epoch :  428  Epoch time :  0.07901026401668787  Train L2 Loss :  0.0908218243947396
Epoch :  429  Epoch time :  0.0789581798017025  Train L2 Loss :  0.09073681174180447
Epoch :  430  Epoch time :  0.07908032834529877  Train L2 Loss :  0.09061840558663392
Epoch :  431  Epoch time :  0.07962632738053799  Train L2 Loss :  0.09047151739016557
Epoch :  432  Epoch time :  0.07740974053740501  Train L2 Loss :  0.09038735123781058
Epoch :  433  Epoch time :  0.08196331281214952  Train L2 Loss :  0.09032214452058841
Epoch :  434  Epoch time :  0.07918163388967514  Train L2 Loss :  0.09019330010200158
Epoch :  435  Epoch time :  0.07919126190245152  Train L2 Loss :  0.09009980945250927
Epoch :  436  Epoch time :  0.07914945762604475  Train L2 Loss :  0.09000679564017516
Epoch :  437  Epoch time :  0.07937998417764902  Train L2 Loss :  0.08984404190992698
Epoch :  438  Epoch time :  0.0773500669747591  Train L2 Loss :  0.08965914772871213
Epoch :  439  Epoch time :  0.07906544487923384  Train L2 Loss :  0.08956580169689961
Epoch :  440  Epoch time :  0.07903112936764956  Train L2 Loss :  0.08937662228559837
Epoch :  441  Epoch time :  0.07877524476498365  Train L2 Loss :  0.08922369033098221
Epoch :  442  Epoch time :  0.07923341076821089  Train L2 Loss :  0.08912650763224332
Epoch :  443  Epoch time :  0.07931369543075562  Train L2 Loss :  0.08909417344973637
Epoch :  444  Epoch time :  0.0775204561650753  Train L2 Loss :  0.08895549942285587
Epoch :  445  Epoch time :  0.07930612936615944  Train L2 Loss :  0.08881838619709015
Epoch :  446  Epoch time :  0.07940345350652933  Train L2 Loss :  0.08867203711699216
Epoch :  447  Epoch time :  0.07910860609263182  Train L2 Loss :  0.08859417702143009
Epoch :  448  Epoch time :  0.07933035492897034  Train L2 Loss :  0.08846386159077668
Epoch :  449  Epoch time :  0.07901994418352842  Train L2 Loss :  0.08838983797110044
Epoch :  450  Epoch time :  0.07735978160053492  Train L2 Loss :  0.08833490312099457
Epoch :  451  Epoch time :  0.07894041668623686  Train L2 Loss :  0.08828158294543242
Epoch :  452  Epoch time :  0.07888487912714481  Train L2 Loss :  0.08809525500505398
Epoch :  453  Epoch time :  0.0791232855990529  Train L2 Loss :  0.0878607710966697
Epoch :  454  Epoch time :  0.0795556828379631  Train L2 Loss :  0.08780513245325822
Epoch :  455  Epoch time :  0.0790846198797226  Train L2 Loss :  0.08757963127050644
Epoch :  456  Epoch time :  0.07730217184871435  Train L2 Loss :  0.08753706170962407
Epoch :  457  Epoch time :  0.0790499746799469  Train L2 Loss :  0.08758241282059596
Epoch :  458  Epoch time :  0.07914613746106625  Train L2 Loss :  0.08764675316902307
Epoch :  459  Epoch time :  0.07941543124616146  Train L2 Loss :  0.08785477032264073
Epoch :  460  Epoch time :  0.07941590808331966  Train L2 Loss :  0.08738518964785796
Epoch :  461  Epoch time :  0.07920934539288282  Train L2 Loss :  0.08716703225404789
Epoch :  462  Epoch time :  0.07735267002135515  Train L2 Loss :  0.08689481726823708
Epoch :  463  Epoch time :  0.07961801718920469  Train L2 Loss :  0.08668007682531308
Epoch :  464  Epoch time :  0.07940507307648659  Train L2 Loss :  0.08648760846027961
Epoch :  465  Epoch time :  0.07951561454683542  Train L2 Loss :  0.08626056558046585
Epoch :  466  Epoch time :  0.07883220259100199  Train L2 Loss :  0.08611494226333423
Epoch :  467  Epoch time :  0.07891571801155806  Train L2 Loss :  0.08594341423266973
Epoch :  468  Epoch time :  0.0772805567830801  Train L2 Loss :  0.08590098699698082
Epoch :  469  Epoch time :  0.07918339502066374  Train L2 Loss :  0.08575254411269458
Epoch :  470  Epoch time :  0.0794244734570384  Train L2 Loss :  0.08568146633796203
Epoch :  471  Epoch time :  0.07987970672547817  Train L2 Loss :  0.08544627137673207
Epoch :  472  Epoch time :  0.0786744337528944  Train L2 Loss :  0.0854206899037728
Epoch :  473  Epoch time :  0.07884811144322157  Train L2 Loss :  0.08538417269786198
Epoch :  474  Epoch time :  0.07733380515128374  Train L2 Loss :  0.08527499227187572
Epoch :  475  Epoch time :  0.07917651627212763  Train L2 Loss :  0.08507342350024444
Epoch :  476  Epoch time :  0.07953085750341415  Train L2 Loss :  0.08492244780063629
Epoch :  477  Epoch time :  0.07927529513835907  Train L2 Loss :  0.0847670078659669
Epoch :  478  Epoch time :  0.07903648633509874  Train L2 Loss :  0.084678176121834
Epoch :  479  Epoch time :  0.07892469223588705  Train L2 Loss :  0.08457375948245709
Epoch :  480  Epoch time :  0.07713441550731659  Train L2 Loss :  0.08450965220347428
Epoch :  481  Epoch time :  0.07920948881655931  Train L2 Loss :  0.08437650631635617
Epoch :  482  Epoch time :  0.07935635931789875  Train L2 Loss :  0.08436821324703021
Epoch :  483  Epoch time :  0.0790967857465148  Train L2 Loss :  0.08438202853386219
Epoch :  484  Epoch time :  0.07915343809872866  Train L2 Loss :  0.08423543129211818
Epoch :  485  Epoch time :  0.07916693668812513  Train L2 Loss :  0.08394959721809779
Epoch :  486  Epoch time :  0.07881695497781038  Train L2 Loss :  0.08389800022809933
Epoch :  487  Epoch time :  0.07940413802862167  Train L2 Loss :  0.08406643225596501
Epoch :  488  Epoch time :  0.07953944616019726  Train L2 Loss :  0.08385564119387896
Epoch :  489  Epoch time :  0.07936043757945299  Train L2 Loss :  0.0840076697178376
Epoch :  490  Epoch time :  0.0792938731610775  Train L2 Loss :  0.08453621906347764
Epoch :  491  Epoch time :  0.07936277613043785  Train L2 Loss :  0.08419901323624146
Epoch :  492  Epoch time :  0.07755464501678944  Train L2 Loss :  0.0839954035786482
Epoch :  493  Epoch time :  0.07966168131679296  Train L2 Loss :  0.08352391842084053
Epoch :  494  Epoch time :  0.07920205034315586  Train L2 Loss :  0.08405012618272732
Epoch :  495  Epoch time :  0.07915920205414295  Train L2 Loss :  0.08437526455292335
Epoch :  496  Epoch time :  0.0792508665472269  Train L2 Loss :  0.0835330415612612
Epoch :  497  Epoch time :  0.07913686241954565  Train L2 Loss :  0.08321488132843605
Epoch :  498  Epoch time :  0.07776445336639881  Train L2 Loss :  0.08347433041303585
Epoch :  499  Epoch time :  0.07980361953377724  Train L2 Loss :  0.08281629608991818
Epoch :  500  Epoch time :  0.07967104855924845  Train L2 Loss :  0.08203787910632598
Epoch :  501  Epoch time :  0.07940679229795933  Train L2 Loss :  0.08159396014152429
Epoch :  502  Epoch time :  0.07938908599317074  Train L2 Loss :  0.081412672996521
Epoch :  503  Epoch time :  0.0791597617790103  Train L2 Loss :  0.08135410321828647
Epoch :  504  Epoch time :  0.07805487047880888  Train L2 Loss :  0.08122466924862984
Epoch :  505  Epoch time :  0.07949499227106571  Train L2 Loss :  0.0811614569945213
Epoch :  506  Epoch time :  0.07964209653437138  Train L2 Loss :  0.08110383267586048
Epoch :  507  Epoch time :  0.07970706839114428  Train L2 Loss :  0.08105281950571598
Epoch :  508  Epoch time :  0.07960629276931286  Train L2 Loss :  0.08097027738889058
Epoch :  509  Epoch time :  0.07934935390949249  Train L2 Loss :  0.08091871593243037
Epoch :  510  Epoch time :  0.0784619515761733  Train L2 Loss :  0.08085490629459038
Epoch :  511  Epoch time :  0.0792898703366518  Train L2 Loss :  0.08080916546094112
Epoch :  512  Epoch time :  0.0794286634773016  Train L2 Loss :  0.08077325328038289
Epoch :  513  Epoch time :  0.07943413592875004  Train L2 Loss :  0.08071217284752773
Epoch :  514  Epoch time :  0.07946068700402975  Train L2 Loss :  0.08065246867063718
Epoch :  515  Epoch time :  0.07940519135445356  Train L2 Loss :  0.08057714310976175
Epoch :  516  Epoch time :  0.07891590893268585  Train L2 Loss :  0.08052846521903308
Epoch :  517  Epoch time :  0.07713251560926437  Train L2 Loss :  0.08047236081881401
Epoch :  518  Epoch time :  0.0798491146415472  Train L2 Loss :  0.08038427394170028
Epoch :  519  Epoch time :  0.07954725809395313  Train L2 Loss :  0.0803316055964201
Epoch :  520  Epoch time :  0.07956925500184298  Train L2 Loss :  0.08028994844510005
Epoch :  521  Epoch time :  0.07931575272232294  Train L2 Loss :  0.0802118596740258
Epoch :  522  Epoch time :  0.0796891301870346  Train L2 Loss :  0.08015244358625168
Epoch :  523  Epoch time :  0.07759934663772583  Train L2 Loss :  0.08007779679237267
Epoch :  524  Epoch time :  0.07949433289468288  Train L2 Loss :  0.08002462983131409
Epoch :  525  Epoch time :  0.07950681447982788  Train L2 Loss :  0.08001375847902054
Epoch :  526  Epoch time :  0.07915074191987514  Train L2 Loss :  0.07994471413966937
Epoch :  527  Epoch time :  0.08016962092369795  Train L2 Loss :  0.07986018042533825
Epoch :  528  Epoch time :  0.07976262643933296  Train L2 Loss :  0.07976845479928531
Epoch :  529  Epoch time :  0.07761392090469599  Train L2 Loss :  0.07970741906991372
Epoch :  530  Epoch time :  0.080940424464643  Train L2 Loss :  0.07965656389028598
Epoch :  531  Epoch time :  0.0794185996055603  Train L2 Loss :  0.07960376735681142
Epoch :  532  Epoch time :  0.07947604358196259  Train L2 Loss :  0.07958130366527118
Epoch :  533  Epoch time :  0.0793685782700777  Train L2 Loss :  0.0795105265883299
Epoch :  534  Epoch time :  0.07959630433470011  Train L2 Loss :  0.07942884281659737
Epoch :  535  Epoch time :  0.07765183597803116  Train L2 Loss :  0.07940257703646636
Epoch :  536  Epoch time :  0.07946580648422241  Train L2 Loss :  0.07929437359174092
Epoch :  537  Epoch time :  0.07963352557271719  Train L2 Loss :  0.07918654898038277
Epoch :  538  Epoch time :  0.07949960418045521  Train L2 Loss :  0.07913569666636296
Epoch :  539  Epoch time :  0.08118925616145134  Train L2 Loss :  0.07910340585005589
Epoch :  540  Epoch time :  0.07972164824604988  Train L2 Loss :  0.07906018159328362
Epoch :  541  Epoch time :  0.07774084340780973  Train L2 Loss :  0.07903233915567398
Epoch :  542  Epoch time :  0.07941191550344229  Train L2 Loss :  0.07895732537294045
Epoch :  543  Epoch time :  0.07944117952138186  Train L2 Loss :  0.0788528479826756
Epoch :  544  Epoch time :  0.07928194478154182  Train L2 Loss :  0.07879127256381206
Epoch :  545  Epoch time :  0.07948189694434404  Train L2 Loss :  0.07878234867866223
Epoch :  546  Epoch time :  0.08028273843228817  Train L2 Loss :  0.07870582605783756
Epoch :  547  Epoch time :  0.07770515978336334  Train L2 Loss :  0.0785652083846239
Epoch :  548  Epoch time :  0.07919498533010483  Train L2 Loss :  0.07846100494647637
Epoch :  549  Epoch time :  0.07940730918198824  Train L2 Loss :  0.07841407221097213
Epoch :  550  Epoch time :  0.07927047088742256  Train L2 Loss :  0.0783786443181527
Epoch :  551  Epoch time :  0.07966107688844204  Train L2 Loss :  0.07833170069333835
Epoch :  552  Epoch time :  0.07924954034388065  Train L2 Loss :  0.07831068222339337
Epoch :  553  Epoch time :  0.07747864350676537  Train L2 Loss :  0.07822284293480408
Epoch :  554  Epoch time :  0.07950088568031788  Train L2 Loss :  0.07812089301072635
Epoch :  555  Epoch time :  0.07931531686335802  Train L2 Loss :  0.07805856145345248
Epoch :  556  Epoch time :  0.07953035924583673  Train L2 Loss :  0.07797379142198807
Epoch :  557  Epoch time :  0.07971274200826883  Train L2 Loss :  0.07790249127608079
Epoch :  558  Epoch time :  0.07957128621637821  Train L2 Loss :  0.0778352113870474
Epoch :  559  Epoch time :  0.07810434699058533  Train L2 Loss :  0.077781920058605
Epoch :  560  Epoch time :  0.07957302778959274  Train L2 Loss :  0.07771724806382106
Epoch :  561  Epoch time :  0.0795378340408206  Train L2 Loss :  0.07762815956121837
Epoch :  562  Epoch time :  0.0792845506221056  Train L2 Loss :  0.07761549472044675
Epoch :  563  Epoch time :  0.07971895392984152  Train L2 Loss :  0.07761806708115798
Epoch :  564  Epoch time :  0.07903967890888453  Train L2 Loss :  0.07754648954440387
Epoch :  565  Epoch time :  0.077517612837255  Train L2 Loss :  0.07746119510668975
Epoch :  566  Epoch time :  0.07950969971716404  Train L2 Loss :  0.07736192357081634
Epoch :  567  Epoch time :  0.07943344302475452  Train L2 Loss :  0.07728186135108654
Epoch :  568  Epoch time :  0.07937836088240147  Train L2 Loss :  0.07715269655753405
Epoch :  569  Epoch time :  0.07951280940324068  Train L2 Loss :  0.07710047028003594
Epoch :  570  Epoch time :  0.07927322201430798  Train L2 Loss :  0.07701012186515026
Epoch :  571  Epoch time :  0.0774932811036706  Train L2 Loss :  0.07697751793341759
Epoch :  572  Epoch time :  0.07922594156116247  Train L2 Loss :  0.07691892446615757
Epoch :  573  Epoch time :  0.07902065571397543  Train L2 Loss :  0.07688536151097371
Epoch :  574  Epoch time :  0.07993845175951719  Train L2 Loss :  0.0768208037584256
Epoch :  575  Epoch time :  0.07975478563457727  Train L2 Loss :  0.07668597480425468
Epoch :  576  Epoch time :  0.07962942868471146  Train L2 Loss :  0.07665441490900822
Epoch :  577  Epoch time :  0.07756177056580782  Train L2 Loss :  0.07658462455639473
Epoch :  578  Epoch time :  0.07953832671046257  Train L2 Loss :  0.07651438067356746
Epoch :  579  Epoch time :  0.07944950833916664  Train L2 Loss :  0.07645704654546884
Epoch :  580  Epoch time :  0.07981946785002947  Train L2 Loss :  0.0764270978860366
Epoch :  581  Epoch time :  0.07932105474174023  Train L2 Loss :  0.0763410706168566
Epoch :  582  Epoch time :  0.0792051050812006  Train L2 Loss :  0.07644087496476296
Epoch :  583  Epoch time :  0.0776504585519433  Train L2 Loss :  0.07636484389121716
Epoch :  584  Epoch time :  0.0797549206763506  Train L2 Loss :  0.07621681193510692
Epoch :  585  Epoch time :  0.07965637650340796  Train L2 Loss :  0.07612103663193874
Epoch :  586  Epoch time :  0.07980105187743902  Train L2 Loss :  0.07599649482812637
Epoch :  587  Epoch time :  0.07940380554646254  Train L2 Loss :  0.07590349018573761
Epoch :  588  Epoch time :  0.07939239125698805  Train L2 Loss :  0.07585895405365871
Epoch :  589  Epoch time :  0.07787847798317671  Train L2 Loss :  0.07578655504263364
Epoch :  590  Epoch time :  0.07930913753807545  Train L2 Loss :  0.07574239736184096
Epoch :  591  Epoch time :  0.08013006951659918  Train L2 Loss :  0.07565528020644799
Epoch :  592  Epoch time :  0.08101935777813196  Train L2 Loss :  0.07557319066463372
Epoch :  593  Epoch time :  0.07923582941293716  Train L2 Loss :  0.07547807884521973
Epoch :  594  Epoch time :  0.07961347606033087  Train L2 Loss :  0.07539562384287517
Epoch :  595  Epoch time :  0.07777738850563765  Train L2 Loss :  0.07540249900940137
Epoch :  596  Epoch time :  0.07921864092350006  Train L2 Loss :  0.07534483151558118
Epoch :  597  Epoch time :  0.07951716892421246  Train L2 Loss :  0.07530491015849969
Epoch :  598  Epoch time :  0.07986951246857643  Train L2 Loss :  0.0751832127571106
Epoch :  599  Epoch time :  0.0794814033433795  Train L2 Loss :  0.07516862604862605
Epoch :  600  Epoch time :  0.07940221019089222  Train L2 Loss :  0.07492898079829338
Epoch :  601  Epoch time :  0.07760687172412872  Train L2 Loss :  0.07478615068472348
Epoch :  602  Epoch time :  0.07937571406364441  Train L2 Loss :  0.07473412519082046
Epoch :  603  Epoch time :  0.07967379502952099  Train L2 Loss :  0.07468245273981339
Epoch :  604  Epoch time :  0.07992425467818975  Train L2 Loss :  0.07464875701146248
Epoch :  605  Epoch time :  0.07936712633818388  Train L2 Loss :  0.0746222829971558
Epoch :  606  Epoch time :  0.07936105784028769  Train L2 Loss :  0.07458786781017597
Epoch :  607  Epoch time :  0.07757288124412298  Train L2 Loss :  0.07454912861188252
Epoch :  608  Epoch time :  0.07960150763392448  Train L2 Loss :  0.07452436880423473
Epoch :  609  Epoch time :  0.07965515926480293  Train L2 Loss :  0.07447674889595081
Epoch :  610  Epoch time :  0.08004459645599127  Train L2 Loss :  0.0744384718246949
Epoch :  611  Epoch time :  0.07933259196579456  Train L2 Loss :  0.07440241770102428
Epoch :  612  Epoch time :  0.07938463520258665  Train L2 Loss :  0.07437685666940151
Epoch :  613  Epoch time :  0.07791449595242739  Train L2 Loss :  0.07434531052907307
Epoch :  614  Epoch time :  0.07965302187949419  Train L2 Loss :  0.07431513625077713
Epoch :  615  Epoch time :  0.07973660808056593  Train L2 Loss :  0.07428455295471045
Epoch :  616  Epoch time :  0.0795177798718214  Train L2 Loss :  0.0742478968623357
Epoch :  617  Epoch time :  0.07912796456366777  Train L2 Loss :  0.0742233116657306
Epoch :  618  Epoch time :  0.0789283737540245  Train L2 Loss :  0.07418920806585214
Epoch :  619  Epoch time :  0.0773335313424468  Train L2 Loss :  0.07414583689891376
Epoch :  620  Epoch time :  0.07972602359950542  Train L2 Loss :  0.07408571243286133
Epoch :  621  Epoch time :  0.07965334970504045  Train L2 Loss :  0.07404975765026532
Epoch :  622  Epoch time :  0.07904424238950014  Train L2 Loss :  0.07401915830679429
Epoch :  623  Epoch time :  0.07984492741525173  Train L2 Loss :  0.07397235509676811
Epoch :  624  Epoch time :  0.0795321511104703  Train L2 Loss :  0.07393346344813323
Epoch :  625  Epoch time :  0.07748112268745899  Train L2 Loss :  0.07390061288307874
Epoch :  626  Epoch time :  0.07964683417230844  Train L2 Loss :  0.07386985765053676
Epoch :  627  Epoch time :  0.07966106198728085  Train L2 Loss :  0.07384132861326902
Epoch :  628  Epoch time :  0.07940438110381365  Train L2 Loss :  0.07381054357840465
Epoch :  629  Epoch time :  0.07940864749252796  Train L2 Loss :  0.0737645156108416
Epoch :  630  Epoch time :  0.07926945481449366  Train L2 Loss :  0.07372321513218758
Epoch :  631  Epoch time :  0.07770897354930639  Train L2 Loss :  0.07369559735823901
Epoch :  632  Epoch time :  0.08000770304352045  Train L2 Loss :  0.07364681668770619
Epoch :  633  Epoch time :  0.07955489680171013  Train L2 Loss :  0.0736111234395932
Epoch :  634  Epoch time :  0.07931103557348251  Train L2 Loss :  0.07357411984449778
Epoch :  635  Epoch time :  0.07969181332737207  Train L2 Loss :  0.07355277278484443
Epoch :  636  Epoch time :  0.0796014666557312  Train L2 Loss :  0.07348772176565269
Epoch :  637  Epoch time :  0.077820991165936  Train L2 Loss :  0.07345999032258987
Epoch :  638  Epoch time :  0.07986958138644695  Train L2 Loss :  0.07344467517657158
Epoch :  639  Epoch time :  0.0794107373803854  Train L2 Loss :  0.0733814633045441
Epoch :  640  Epoch time :  0.07917788624763489  Train L2 Loss :  0.07333893004136208
Epoch :  641  Epoch time :  0.07907447870820761  Train L2 Loss :  0.07330593562278992
Epoch :  642  Epoch time :  0.07937571685761213  Train L2 Loss :  0.07328986128171285
Epoch :  643  Epoch time :  0.07802117802202702  Train L2 Loss :  0.07323846450218788
Epoch :  644  Epoch time :  0.07957091554999352  Train L2 Loss :  0.07320830875482315
Epoch :  645  Epoch time :  0.09750451613217592  Train L2 Loss :  0.07317474560859875
Epoch :  646  Epoch time :  0.07992260064929724  Train L2 Loss :  0.07312263682102546
Epoch :  647  Epoch time :  0.0796019695699215  Train L2 Loss :  0.07306466958461663
Epoch :  648  Epoch time :  0.07965594436973333  Train L2 Loss :  0.07304467872167245
Epoch :  649  Epoch time :  0.07789127808064222  Train L2 Loss :  0.07300293674835792
Epoch :  650  Epoch time :  0.07937418483197689  Train L2 Loss :  0.07296748956044515
Epoch :  651  Epoch time :  0.07963346969336271  Train L2 Loss :  0.07292324495621216
Epoch :  652  Epoch time :  0.07928833924233913  Train L2 Loss :  0.07289517002227978
Epoch :  653  Epoch time :  0.07924946025013924  Train L2 Loss :  0.07285482188065846
Epoch :  654  Epoch time :  0.07950622122734785  Train L2 Loss :  0.0728038197908646
Epoch :  655  Epoch time :  0.07808330375701189  Train L2 Loss :  0.07276775917181602
Epoch :  656  Epoch time :  0.07975098490715027  Train L2 Loss :  0.07275762848365001
Epoch :  657  Epoch time :  0.0799867669120431  Train L2 Loss :  0.07269623684577453
Epoch :  658  Epoch time :  0.07938406895846128  Train L2 Loss :  0.07263896289544228
Epoch :  659  Epoch time :  0.07933597173541784  Train L2 Loss :  0.07263573965965173
Epoch :  660  Epoch time :  0.07942246273159981  Train L2 Loss :  0.0725819734044564
Epoch :  661  Epoch time :  0.07764772605150938  Train L2 Loss :  0.07251472178942119
Epoch :  662  Epoch time :  0.07952650915831327  Train L2 Loss :  0.07247250240582687
Epoch :  663  Epoch time :  0.07966692186892033  Train L2 Loss :  0.07242290369975261
Epoch :  664  Epoch time :  0.0793915381655097  Train L2 Loss :  0.07242753987128918
Epoch :  665  Epoch time :  0.07922201044857502  Train L2 Loss :  0.07237736479594158
Epoch :  666  Epoch time :  0.07920604571700096  Train L2 Loss :  0.07233257114123075
Epoch :  667  Epoch time :  0.07772697880864143  Train L2 Loss :  0.07228075216213863
Epoch :  668  Epoch time :  0.07978434674441814  Train L2 Loss :  0.07224479776162368
Epoch :  669  Epoch time :  0.0793730178847909  Train L2 Loss :  0.07218952916371517
Epoch :  670  Epoch time :  0.07937445770949125  Train L2 Loss :  0.07215141906188084
Epoch :  671  Epoch time :  0.07940830010920763  Train L2 Loss :  0.07210906709616001
Epoch :  672  Epoch time :  0.07947996538132429  Train L2 Loss :  0.07209473724166553
Epoch :  673  Epoch time :  0.07757010776549578  Train L2 Loss :  0.07204632250926434
Epoch :  674  Epoch time :  0.07982349023222923  Train L2 Loss :  0.07198598713446887
Epoch :  675  Epoch time :  0.07953985407948494  Train L2 Loss :  0.07195013761520386
Epoch :  676  Epoch time :  0.07941198255866766  Train L2 Loss :  0.07191753884156545
Epoch :  677  Epoch time :  0.07936755567789078  Train L2 Loss :  0.07187564040605839
Epoch :  678  Epoch time :  0.07914067804813385  Train L2 Loss :  0.07185499083537322
Epoch :  679  Epoch time :  0.07749718334525824  Train L2 Loss :  0.0718204589226307
Epoch :  680  Epoch time :  0.07969184406101704  Train L2 Loss :  0.07178592185179393
Epoch :  681  Epoch time :  0.0795146944001317  Train L2 Loss :  0.07175482828647663
Epoch :  682  Epoch time :  0.0794229805469513  Train L2 Loss :  0.07168584297864865
Epoch :  683  Epoch time :  0.07918096706271172  Train L2 Loss :  0.07163408169379601
Epoch :  684  Epoch time :  0.07917971909046173  Train L2 Loss :  0.07157852042179841
Epoch :  685  Epoch time :  0.07817738968878984  Train L2 Loss :  0.0715436190366745
Epoch :  686  Epoch time :  0.07976394798606634  Train L2 Loss :  0.07150894479873852
Epoch :  687  Epoch time :  0.07957358751446009  Train L2 Loss :  0.07147609060391402
Epoch :  688  Epoch time :  0.07941393926739693  Train L2 Loss :  0.07143427775456355
Epoch :  689  Epoch time :  0.07942370511591434  Train L2 Loss :  0.07138490447631249
Epoch :  690  Epoch time :  0.07906962931156158  Train L2 Loss :  0.0713501885915414
Epoch :  691  Epoch time :  0.07813249621540308  Train L2 Loss :  0.07128886037912124
Epoch :  692  Epoch time :  0.07968609500676394  Train L2 Loss :  0.07127735897516593
Epoch :  693  Epoch time :  0.08635122701525688  Train L2 Loss :  0.07126866261928509
Epoch :  694  Epoch time :  0.07948729488998652  Train L2 Loss :  0.07121438017258278
Epoch :  695  Epoch time :  0.07931452617049217  Train L2 Loss :  0.07116022897072327
Epoch :  696  Epoch time :  0.07951845414936543  Train L2 Loss :  0.07113877015236096
Epoch :  697  Epoch time :  0.07785637862980366  Train L2 Loss :  0.0711024285126955
Epoch :  698  Epoch time :  0.07998557668179274  Train L2 Loss :  0.07105973821419936
Epoch :  699  Epoch time :  0.07924532610923052  Train L2 Loss :  0.07099214463661878
Epoch :  700  Epoch time :  0.07939198240637779  Train L2 Loss :  0.07088446158629197
Epoch :  701  Epoch time :  0.07940985262393951  Train L2 Loss :  0.07083243284469996
Epoch :  702  Epoch time :  0.0793953612446785  Train L2 Loss :  0.07079707754728122
Epoch :  703  Epoch time :  0.07780615985393524  Train L2 Loss :  0.0707752620562529
Epoch :  704  Epoch time :  0.08224254194647074  Train L2 Loss :  0.07075885110176526
Epoch :  705  Epoch time :  0.079441012814641  Train L2 Loss :  0.07074854121758388
Epoch :  706  Epoch time :  0.07952454965561628  Train L2 Loss :  0.07072410503259072
Epoch :  707  Epoch time :  0.07943114079535007  Train L2 Loss :  0.07069680438591884
Epoch :  708  Epoch time :  0.07919641118496656  Train L2 Loss :  0.07067604821461898
Epoch :  709  Epoch time :  0.07804796285927296  Train L2 Loss :  0.07064814120531082
Epoch :  710  Epoch time :  0.07997491396963596  Train L2 Loss :  0.07063123106192319
Epoch :  711  Epoch time :  0.07979633752256632  Train L2 Loss :  0.07062892462962712
Epoch :  712  Epoch time :  0.07930129673331976  Train L2 Loss :  0.07059324055145948
Epoch :  713  Epoch time :  0.07940713502466679  Train L2 Loss :  0.07057424176197785
Epoch :  714  Epoch time :  0.07922538742423058  Train L2 Loss :  0.07054911152674602
Epoch :  715  Epoch time :  0.07795569859445095  Train L2 Loss :  0.0705342397857935
Epoch :  716  Epoch time :  0.0796303628012538  Train L2 Loss :  0.07052425772715838
Epoch :  717  Epoch time :  0.07947461865842342  Train L2 Loss :  0.0705004286689636
Epoch :  718  Epoch time :  0.08006757777184248  Train L2 Loss :  0.0704695272904176
Epoch :  719  Epoch time :  0.07971624191850424  Train L2 Loss :  0.07044971600556985
Epoch :  720  Epoch time :  0.07965510711073875  Train L2 Loss :  0.07042518105262364
Epoch :  721  Epoch time :  0.0780979199334979  Train L2 Loss :  0.07040272844143403
Epoch :  722  Epoch time :  0.07977373525500298  Train L2 Loss :  0.07037758617064892
Epoch :  723  Epoch time :  0.0798160033300519  Train L2 Loss :  0.0703537064867142
Epoch :  724  Epoch time :  0.07935949228703976  Train L2 Loss :  0.07032868399834022
Epoch :  725  Epoch time :  0.07965402584522963  Train L2 Loss :  0.07032027706885949
Epoch :  726  Epoch time :  0.07938210386782885  Train L2 Loss :  0.07029860791487572
Epoch :  727  Epoch time :  0.07848368026316166  Train L2 Loss :  0.07027393120985764
Epoch :  728  Epoch time :  0.0790342940017581  Train L2 Loss :  0.07024727322352238
Epoch :  729  Epoch time :  0.079448401927948  Train L2 Loss :  0.0702257236609092
Epoch :  730  Epoch time :  0.07934683375060558  Train L2 Loss :  0.070207345753144
Epoch :  731  Epoch time :  0.07958909589797258  Train L2 Loss :  0.07019126186004052
Epoch :  732  Epoch time :  0.07959581632167101  Train L2 Loss :  0.07016060864314055
Epoch :  733  Epoch time :  0.07884135004132986  Train L2 Loss :  0.07014334622101906
Epoch :  734  Epoch time :  0.0789684010669589  Train L2 Loss :  0.07011903058259915
Epoch :  735  Epoch time :  0.0795977059751749  Train L2 Loss :  0.0700917362402647
Epoch :  736  Epoch time :  0.07977456413209438  Train L2 Loss :  0.07006526356324172
Epoch :  737  Epoch time :  0.07934849057346582  Train L2 Loss :  0.07004136401109207
Epoch :  738  Epoch time :  0.07947466429322958  Train L2 Loss :  0.07004808691831735
Epoch :  739  Epoch time :  0.07899272162467241  Train L2 Loss :  0.07000795770914127
Epoch :  740  Epoch time :  0.07896136213093996  Train L2 Loss :  0.06998073768157226
Epoch :  741  Epoch time :  0.07943650614470243  Train L2 Loss :  0.06995106125489259
Epoch :  742  Epoch time :  0.07939367461949587  Train L2 Loss :  0.06993814385854281
Epoch :  743  Epoch time :  0.07966516818851233  Train L2 Loss :  0.06990729195949359
Epoch :  744  Epoch time :  0.07939788792282343  Train L2 Loss :  0.06988994089456704
Epoch :  745  Epoch time :  0.0790631752461195  Train L2 Loss :  0.06986793684653747
Epoch :  746  Epoch time :  0.0785165848210454  Train L2 Loss :  0.06985281044856095
Epoch :  747  Epoch time :  0.07946875505149364  Train L2 Loss :  0.06984858940809201
Epoch :  748  Epoch time :  0.07934892643243074  Train L2 Loss :  0.06980825234682132
Epoch :  749  Epoch time :  0.07962949108332396  Train L2 Loss :  0.0697790808402575
Epoch :  750  Epoch time :  0.07968938816338778  Train L2 Loss :  0.06976247254090431
Epoch :  751  Epoch time :  0.0793359586969018  Train L2 Loss :  0.06974584322709304
Epoch :  752  Epoch time :  0.07849486079066992  Train L2 Loss :  0.06970227299592434
Epoch :  753  Epoch time :  0.0797455869615078  Train L2 Loss :  0.06968493988880745
Epoch :  754  Epoch time :  0.07959865871816874  Train L2 Loss :  0.06965887813996045
Epoch :  755  Epoch time :  0.07938463520258665  Train L2 Loss :  0.06963103283674289
Epoch :  756  Epoch time :  0.07937581371515989  Train L2 Loss :  0.06961348289862657
Epoch :  757  Epoch time :  0.08111612498760223  Train L2 Loss :  0.06958697201349796
Epoch :  758  Epoch time :  0.07832810375839472  Train L2 Loss :  0.06957588745997502
Epoch :  759  Epoch time :  0.07981947530061007  Train L2 Loss :  0.069541919307831
Epoch :  760  Epoch time :  0.07955345697700977  Train L2 Loss :  0.06953479922734775
Epoch :  761  Epoch time :  0.07971129287034273  Train L2 Loss :  0.06950975591555619
Epoch :  762  Epoch time :  0.07962072920054197  Train L2 Loss :  0.0694673328827589
Epoch :  763  Epoch time :  0.0793382078409195  Train L2 Loss :  0.06945279431648743
Epoch :  764  Epoch time :  0.07813365384936333  Train L2 Loss :  0.06943677079219085
Epoch :  765  Epoch time :  0.0793787045404315  Train L2 Loss :  0.06941582759221394
Epoch :  766  Epoch time :  0.07933265436440706  Train L2 Loss :  0.06938556715463981
Epoch :  767  Epoch time :  0.079402063973248  Train L2 Loss :  0.06936246959062722
Epoch :  768  Epoch time :  0.07943721953779459  Train L2 Loss :  0.06934041625414139
Epoch :  769  Epoch time :  0.07991155423223972  Train L2 Loss :  0.06930593515817936
Epoch :  770  Epoch time :  0.07783106155693531  Train L2 Loss :  0.06928920249144237
Epoch :  771  Epoch time :  0.07944589573889971  Train L2 Loss :  0.069263600004025
Epoch :  772  Epoch time :  0.07951446529477835  Train L2 Loss :  0.06923936383846478
Epoch :  773  Epoch time :  0.07952225673943758  Train L2 Loss :  0.06921610599144912
Epoch :  774  Epoch time :  0.07986481953412294  Train L2 Loss :  0.0691970428213095
Epoch :  775  Epoch time :  0.07995954994112253  Train L2 Loss :  0.06916777426615739
Epoch :  776  Epoch time :  0.0778290806338191  Train L2 Loss :  0.06915024992747185
Epoch :  777  Epoch time :  0.07941529620438814  Train L2 Loss :  0.06911786664754917
Epoch :  778  Epoch time :  0.07916551735252142  Train L2 Loss :  0.06909392563960491
Epoch :  779  Epoch time :  0.07904497068375349  Train L2 Loss :  0.06907586142038688
Epoch :  780  Epoch time :  0.0795806534588337  Train L2 Loss :  0.06904822091261546
Epoch :  781  Epoch time :  0.07992743421345949  Train L2 Loss :  0.06902752014306876
Epoch :  782  Epoch time :  0.07899877149611712  Train L2 Loss :  0.06901010450644371
Epoch :  783  Epoch time :  0.07945048715919256  Train L2 Loss :  0.06897590538630119
Epoch :  784  Epoch time :  0.0796044934540987  Train L2 Loss :  0.06896145832844269
Epoch :  785  Epoch time :  0.07929520960897207  Train L2 Loss :  0.06894105290755248
Epoch :  786  Epoch time :  0.08047574106603861  Train L2 Loss :  0.06889876150167905
Epoch :  787  Epoch time :  0.07978521566838026  Train L2 Loss :  0.06887811422348022
Epoch :  788  Epoch time :  0.07765999343246222  Train L2 Loss :  0.06885922184357277
Epoch :  789  Epoch time :  0.079481590539217  Train L2 Loss :  0.06883525676452197
Epoch :  790  Epoch time :  0.07944732997566462  Train L2 Loss :  0.06881480969679661
Epoch :  791  Epoch time :  0.07963965460658073  Train L2 Loss :  0.06878010135812637
Epoch :  792  Epoch time :  0.07973695639520884  Train L2 Loss :  0.06877108013782746
Epoch :  793  Epoch time :  0.07980513200163841  Train L2 Loss :  0.06874371052552493
Epoch :  794  Epoch time :  0.07778903469443321  Train L2 Loss :  0.06871829372950089
Epoch :  795  Epoch time :  0.0796220526099205  Train L2 Loss :  0.06869485171941611
Epoch :  796  Epoch time :  0.07969142682850361  Train L2 Loss :  0.06867002638486716
Epoch :  797  Epoch time :  0.07957586459815502  Train L2 Loss :  0.06863848234598453
Epoch :  798  Epoch time :  0.07994896918535233  Train L2 Loss :  0.06863210292962882
Epoch :  799  Epoch time :  0.07989026233553886  Train L2 Loss :  0.068606354869329
Epoch :  800  Epoch time :  0.07761521730571985  Train L2 Loss :  0.06854308243745412
Epoch :  801  Epoch time :  0.07945579569786787  Train L2 Loss :  0.06852223284733601
Epoch :  802  Epoch time :  0.07989435642957687  Train L2 Loss :  0.06850721228581208
Epoch :  803  Epoch time :  0.0795670123770833  Train L2 Loss :  0.06849348315825829
Epoch :  804  Epoch time :  0.08038599509745836  Train L2 Loss :  0.06847742887643668
Epoch :  805  Epoch time :  0.07963692769408226  Train L2 Loss :  0.06847067158191632
Epoch :  806  Epoch time :  0.07800910342484713  Train L2 Loss :  0.06845744107014094
Epoch :  807  Epoch time :  0.07960217911750078  Train L2 Loss :  0.06844392609901917
Epoch :  808  Epoch time :  0.07961247954517603  Train L2 Loss :  0.0684327041873565
Epoch :  809  Epoch time :  0.08100084029138088  Train L2 Loss :  0.06841505681857085
Epoch :  810  Epoch time :  0.07984135020524263  Train L2 Loss :  0.06840720619910802
Epoch :  811  Epoch time :  0.07944390829652548  Train L2 Loss :  0.06839395333559085
Epoch :  812  Epoch time :  0.07806442957371473  Train L2 Loss :  0.06838311541538972
Epoch :  813  Epoch time :  0.07967641577124596  Train L2 Loss :  0.06836940271732135
Epoch :  814  Epoch time :  0.07969048526138067  Train L2 Loss :  0.0683544417604422
Epoch :  815  Epoch time :  0.0796886645257473  Train L2 Loss :  0.06834241384879136
Epoch :  816  Epoch time :  0.07998965680599213  Train L2 Loss :  0.06833149091555522
Epoch :  817  Epoch time :  0.07934996951371431  Train L2 Loss :  0.06832088147982573
Epoch :  818  Epoch time :  0.0761187607422471  Train L2 Loss :  0.06830880313347547
Epoch :  819  Epoch time :  0.07926938496530056  Train L2 Loss :  0.06829917469085792
Epoch :  820  Epoch time :  0.07976710796356201  Train L2 Loss :  0.06828041298267169
Epoch :  821  Epoch time :  0.07985259778797626  Train L2 Loss :  0.06827253867418338
Epoch :  822  Epoch time :  0.07973901648074389  Train L2 Loss :  0.06825827043025921
Epoch :  823  Epoch time :  0.07945441454648972  Train L2 Loss :  0.06824697305758794
Epoch :  824  Epoch time :  0.07770474255084991  Train L2 Loss :  0.06823693636136177
Epoch :  825  Epoch time :  0.07947580609470606  Train L2 Loss :  0.06822289450046344
Epoch :  826  Epoch time :  0.07987300399690866  Train L2 Loss :  0.06820905695740993
Epoch :  827  Epoch time :  0.07939264550805092  Train L2 Loss :  0.0682006482130442
Epoch :  828  Epoch time :  0.07944188360124826  Train L2 Loss :  0.06817915624915025
Epoch :  829  Epoch time :  0.07942456193268299  Train L2 Loss :  0.06816883432941559
Epoch :  830  Epoch time :  0.0775704625993967  Train L2 Loss :  0.06815839826296537
Epoch :  831  Epoch time :  0.0795194236561656  Train L2 Loss :  0.06814808570421658
Epoch :  832  Epoch time :  0.07964799366891384  Train L2 Loss :  0.06813600449225841
Epoch :  833  Epoch time :  0.07952130306512117  Train L2 Loss :  0.0681232703037751
Epoch :  834  Epoch time :  0.07936680689454079  Train L2 Loss :  0.06810762561284579
Epoch :  835  Epoch time :  0.07945531141012907  Train L2 Loss :  0.06809620463695282
Epoch :  836  Epoch time :  0.07771674636751413  Train L2 Loss :  0.06808853359558643
Epoch :  837  Epoch time :  0.08002582378685474  Train L2 Loss :  0.0680679195584395
Epoch :  838  Epoch time :  0.07981705106794834  Train L2 Loss :  0.06806091696788104
Epoch :  839  Epoch time :  0.07951857056468725  Train L2 Loss :  0.06804259006793682
Epoch :  840  Epoch time :  0.07942141965031624  Train L2 Loss :  0.06803364020127517
Epoch :  841  Epoch time :  0.07935543917119503  Train L2 Loss :  0.0680155805670298
Epoch :  842  Epoch time :  0.07772231660783291  Train L2 Loss :  0.06800825397173564
Epoch :  843  Epoch time :  0.07964519504457712  Train L2 Loss :  0.06799040390894963
Epoch :  844  Epoch time :  0.07981085684150457  Train L2 Loss :  0.06797611369536473
Epoch :  845  Epoch time :  0.08031815849244595  Train L2 Loss :  0.06796213105703011
Epoch :  846  Epoch time :  0.08003925811499357  Train L2 Loss :  0.06794876127670972
Epoch :  847  Epoch time :  0.07951075583696365  Train L2 Loss :  0.06794027506540982
Epoch :  848  Epoch time :  0.07779392413794994  Train L2 Loss :  0.06792874729786164
Epoch :  849  Epoch time :  0.0797722889110446  Train L2 Loss :  0.06791742146015167
Epoch :  850  Epoch time :  0.08001550659537315  Train L2 Loss :  0.06790296790691522
Epoch :  851  Epoch time :  0.07961220946162939  Train L2 Loss :  0.0678851726727608
Epoch :  852  Epoch time :  0.0795863838866353  Train L2 Loss :  0.0678795004884402
Epoch :  853  Epoch time :  0.07951935566961765  Train L2 Loss :  0.0678667705028485
Epoch :  854  Epoch time :  0.0777255380526185  Train L2 Loss :  0.0678513134137178
Epoch :  855  Epoch time :  0.07988478522747755  Train L2 Loss :  0.06783765134138939
Epoch :  856  Epoch time :  0.07971204072237015  Train L2 Loss :  0.0678251132560082
Epoch :  857  Epoch time :  0.0795751279219985  Train L2 Loss :  0.06781118649702805
Epoch :  858  Epoch time :  0.07967962138354778  Train L2 Loss :  0.06779942145714393
Epoch :  859  Epoch time :  0.07957736868411303  Train L2 Loss :  0.06779481699833503
Epoch :  860  Epoch time :  0.0778742590919137  Train L2 Loss :  0.06777271322714977
Epoch :  861  Epoch time :  0.08016532473266125  Train L2 Loss :  0.06775895143166566
Epoch :  862  Epoch time :  0.08150039426982403  Train L2 Loss :  0.06774384643022831
Epoch :  863  Epoch time :  0.07966896332800388  Train L2 Loss :  0.06772822810289188
Epoch :  864  Epoch time :  0.07961261086165905  Train L2 Loss :  0.06771581944746849
Epoch :  865  Epoch time :  0.07949763908982277  Train L2 Loss :  0.06771531624671741
Epoch :  866  Epoch time :  0.07781401555985212  Train L2 Loss :  0.06769990443419187
Epoch :  867  Epoch time :  0.0800763787701726  Train L2 Loss :  0.06767898740676734
Epoch :  868  Epoch time :  0.0797521136701107  Train L2 Loss :  0.0676662567525338
Epoch :  869  Epoch time :  0.07952607236802578  Train L2 Loss :  0.06765143515971991
Epoch :  870  Epoch time :  0.07998148538172245  Train L2 Loss :  0.06764154995863254
Epoch :  871  Epoch time :  0.079797038808465  Train L2 Loss :  0.06762595780384846
Epoch :  872  Epoch time :  0.07781415712088346  Train L2 Loss :  0.06760810009944133
Epoch :  873  Epoch time :  0.07993292808532715  Train L2 Loss :  0.06760022617303409
Epoch :  874  Epoch time :  0.07969809509813786  Train L2 Loss :  0.06758640458186467
Epoch :  875  Epoch time :  0.08002842590212822  Train L2 Loss :  0.06757014397627269
Epoch :  876  Epoch time :  0.07976866699755192  Train L2 Loss :  0.06755981193139003
Epoch :  877  Epoch time :  0.079470906406641  Train L2 Loss :  0.06754987572248165
Epoch :  878  Epoch time :  0.07803175784647465  Train L2 Loss :  0.06753067767772919
Epoch :  879  Epoch time :  0.08017279859632254  Train L2 Loss :  0.06751682093510261
Epoch :  880  Epoch time :  0.07994596473872662  Train L2 Loss :  0.06751241706884824
Epoch :  881  Epoch time :  0.07961375452578068  Train L2 Loss :  0.06749154722843415
Epoch :  882  Epoch time :  0.07976983767002821  Train L2 Loss :  0.06748426992159623
Epoch :  883  Epoch time :  0.07968950644135475  Train L2 Loss :  0.06747307227208064
Epoch :  884  Epoch time :  0.07818503677845001  Train L2 Loss :  0.06745342585520867
Epoch :  885  Epoch time :  0.08030145429074764  Train L2 Loss :  0.0674413908750583
Epoch :  886  Epoch time :  0.07973916828632355  Train L2 Loss :  0.06742838082405236
Epoch :  887  Epoch time :  0.07997251953929663  Train L2 Loss :  0.06741250096223293
Epoch :  888  Epoch time :  0.07959809899330139  Train L2 Loss :  0.06740000576545031
Epoch :  889  Epoch time :  0.0798384053632617  Train L2 Loss :  0.0673873510498267
Epoch :  890  Epoch time :  0.07811291236430407  Train L2 Loss :  0.06737247415077992
Epoch :  891  Epoch time :  0.0802797582000494  Train L2 Loss :  0.06736362056854443
Epoch :  892  Epoch time :  0.0797631898894906  Train L2 Loss :  0.067345292140276
Epoch :  893  Epoch time :  0.07952726911753416  Train L2 Loss :  0.06733859349519779
Epoch :  894  Epoch time :  0.07973686326295137  Train L2 Loss :  0.06732466492133263
Epoch :  895  Epoch time :  0.07982887700200081  Train L2 Loss :  0.06731023276463532
Epoch :  896  Epoch time :  0.07831534650176764  Train L2 Loss :  0.06729257450653957
Epoch :  897  Epoch time :  0.07939218636602163  Train L2 Loss :  0.06728272159130146
Epoch :  898  Epoch time :  0.07945984229445457  Train L2 Loss :  0.06726758182048798
Epoch :  899  Epoch time :  0.07976639270782471  Train L2 Loss :  0.06725495117597091
Epoch :  900  Epoch time :  0.07996831089258194  Train L2 Loss :  0.06722290756610724
Epoch :  901  Epoch time :  0.0797812519595027  Train L2 Loss :  0.06721330118867067
Epoch :  902  Epoch time :  0.07940399926155806  Train L2 Loss :  0.06720729993704037
Epoch :  903  Epoch time :  0.07883122190833092  Train L2 Loss :  0.06719938799356803
Epoch :  904  Epoch time :  0.07996818702667952  Train L2 Loss :  0.06719287274739681
Epoch :  905  Epoch time :  0.07990449387580156  Train L2 Loss :  0.06718385200469922
Epoch :  906  Epoch time :  0.07977432757616043  Train L2 Loss :  0.06717808105242558
Epoch :  907  Epoch time :  0.07987346313893795  Train L2 Loss :  0.06717383422148533
Epoch :  908  Epoch time :  0.07971087656915188  Train L2 Loss :  0.06716446502086444
Epoch :  909  Epoch time :  0.07974875997751951  Train L2 Loss :  0.06715752279911286
Epoch :  910  Epoch time :  0.07932796888053417  Train L2 Loss :  0.0671512524668987
Epoch :  911  Epoch time :  0.07944805175065994  Train L2 Loss :  0.06714283292874312
Epoch :  912  Epoch time :  0.08007492497563362  Train L2 Loss :  0.0671392960044054
Epoch :  913  Epoch time :  0.07975395768880844  Train L2 Loss :  0.06713356994665585
Epoch :  914  Epoch time :  0.08005307894200087  Train L2 Loss :  0.0671254174831586
Epoch :  915  Epoch time :  0.07949713431298733  Train L2 Loss :  0.06711599479118983
Epoch :  916  Epoch time :  0.07964646071195602  Train L2 Loss :  0.06711293527713189
Epoch :  917  Epoch time :  0.07991104107350111  Train L2 Loss :  0.0671016209018536
Epoch :  918  Epoch time :  0.07997175212949514  Train L2 Loss :  0.06709789905028465
Epoch :  919  Epoch time :  0.07980207167565823  Train L2 Loss :  0.06709080476027268
Epoch :  920  Epoch time :  0.07982192002236843  Train L2 Loss :  0.06708287944396336
Epoch :  921  Epoch time :  0.07820553984493017  Train L2 Loss :  0.06707651607501201
Epoch :  922  Epoch time :  0.07977756857872009  Train L2 Loss :  0.06707130678189106
Epoch :  923  Epoch time :  0.07995552662760019  Train L2 Loss :  0.06706323092564559
Epoch :  924  Epoch time :  0.07983589917421341  Train L2 Loss :  0.06705617751830663
Epoch :  925  Epoch time :  0.08009533304721117  Train L2 Loss :  0.06704599467607644
Epoch :  926  Epoch time :  0.07995224557816982  Train L2 Loss :  0.06704027358538066
Epoch :  927  Epoch time :  0.0784992752596736  Train L2 Loss :  0.06703614567716916
Epoch :  928  Epoch time :  0.08001742977648973  Train L2 Loss :  0.06702809933668528
Epoch :  929  Epoch time :  0.0801156722009182  Train L2 Loss :  0.06702286902910624
Epoch :  930  Epoch time :  0.07981456443667412  Train L2 Loss :  0.06701592604319255
Epoch :  931  Epoch time :  0.07970365509390831  Train L2 Loss :  0.06700752713741401
Epoch :  932  Epoch time :  0.079994086176157  Train L2 Loss :  0.06699865636153099
Epoch :  933  Epoch time :  0.07863887306302786  Train L2 Loss :  0.06699412163251485
Epoch :  934  Epoch time :  0.07990537956357002  Train L2 Loss :  0.06698741439061287
Epoch :  935  Epoch time :  0.08022187557071447  Train L2 Loss :  0.06698127157795124
Epoch :  936  Epoch time :  0.08021530602127314  Train L2 Loss :  0.0669735740774717
Epoch :  937  Epoch time :  0.0797601668164134  Train L2 Loss :  0.06696439075928468
Epoch :  938  Epoch time :  0.0799504704773426  Train L2 Loss :  0.0669592022895813
Epoch :  939  Epoch time :  0.07834697142243385  Train L2 Loss :  0.06695188887608357
Epoch :  940  Epoch time :  0.07981980685144663  Train L2 Loss :  0.06694513406509008
Epoch :  941  Epoch time :  0.07975741196423769  Train L2 Loss :  0.0669366132754546
Epoch :  942  Epoch time :  0.08001022506505251  Train L2 Loss :  0.06692967525659463
Epoch :  943  Epoch time :  0.08003645855933428  Train L2 Loss :  0.0669233256425613
Epoch :  944  Epoch time :  0.08021023590117693  Train L2 Loss :  0.06691648390812752
Epoch :  945  Epoch time :  0.07819829788058996  Train L2 Loss :  0.066910431935237
Epoch :  946  Epoch time :  0.08000435028225183  Train L2 Loss :  0.06690424852646314
Epoch :  947  Epoch time :  0.0797489546239376  Train L2 Loss :  0.06689511984586716
Epoch :  948  Epoch time :  0.08015561290085316  Train L2 Loss :  0.06689019329272784
Epoch :  949  Epoch time :  0.08019821252673864  Train L2 Loss :  0.06688307359432563
Epoch :  950  Epoch time :  0.07998974807560444  Train L2 Loss :  0.06687508103175041
Epoch :  951  Epoch time :  0.07841218449175358  Train L2 Loss :  0.06686618656684191
Epoch :  952  Epoch time :  0.08004508912563324  Train L2 Loss :  0.06686235123719925
Epoch :  953  Epoch time :  0.08014453947544098  Train L2 Loss :  0.0668544121659719
Epoch :  954  Epoch time :  0.07997341826558113  Train L2 Loss :  0.0668484505552512
Epoch :  955  Epoch time :  0.07990221586078405  Train L2 Loss :  0.06684130468429664
Epoch :  956  Epoch time :  0.08014192059636116  Train L2 Loss :  0.06683598688015571
Epoch :  957  Epoch time :  0.07861370220780373  Train L2 Loss :  0.06682796738086602
Epoch :  958  Epoch time :  0.08021783456206322  Train L2 Loss :  0.06681676648366146
Epoch :  959  Epoch time :  0.0801641559228301  Train L2 Loss :  0.06681136939770137
Epoch :  960  Epoch time :  0.07993772812187672  Train L2 Loss :  0.06680597670567341
Epoch :  961  Epoch time :  0.07998272217810154  Train L2 Loss :  0.06679620574682187
Epoch :  962  Epoch time :  0.08023150265216827  Train L2 Loss :  0.06678897963884549
Epoch :  963  Epoch time :  0.07888901140540838  Train L2 Loss :  0.06678377244717036
Epoch :  964  Epoch time :  0.0801029596477747  Train L2 Loss :  0.0667765617179565
Epoch :  965  Epoch time :  0.0798715241253376  Train L2 Loss :  0.06677080614444537
Epoch :  966  Epoch time :  0.07976009231060743  Train L2 Loss :  0.06676309097271699
Epoch :  967  Epoch time :  0.09702046122401953  Train L2 Loss :  0.06675474211955681
Epoch :  968  Epoch time :  0.080756900832057  Train L2 Loss :  0.0667473452213483
Epoch :  969  Epoch time :  0.0810058806091547  Train L2 Loss :  0.06674262002492562
Epoch :  970  Epoch time :  0.08028564136475325  Train L2 Loss :  0.06673399072427016
Epoch :  971  Epoch time :  0.08011291921138763  Train L2 Loss :  0.0667264134838031
Epoch :  972  Epoch time :  0.08078162092715502  Train L2 Loss :  0.0667186534175506
Epoch :  973  Epoch time :  0.08008973300457001  Train L2 Loss :  0.06671232367173219
Epoch :  974  Epoch time :  0.07833307050168514  Train L2 Loss :  0.066706233108655
Epoch :  975  Epoch time :  0.08060781937092543  Train L2 Loss :  0.06670204167946792
Epoch :  976  Epoch time :  0.08012100774794817  Train L2 Loss :  0.06669114434566253
Epoch :  977  Epoch time :  0.08002295065671206  Train L2 Loss :  0.06668574678210112
Epoch :  978  Epoch time :  0.08006916008889675  Train L2 Loss :  0.0666772207388511
Epoch :  979  Epoch time :  0.0800586799159646  Train L2 Loss :  0.06667128740212856
Epoch :  980  Epoch time :  0.07815151568502188  Train L2 Loss :  0.06666364196019295
Epoch :  981  Epoch time :  0.08046329766511917  Train L2 Loss :  0.06665726923025571
Epoch :  982  Epoch time :  0.08050318993628025  Train L2 Loss :  0.06664936168071552
Epoch :  983  Epoch time :  0.08041191846132278  Train L2 Loss :  0.06664170324802399
Epoch :  984  Epoch time :  0.08022455498576164  Train L2 Loss :  0.06663777048771198
Epoch :  985  Epoch time :  0.07996542099863291  Train L2 Loss :  0.06662759681542714
Epoch :  986  Epoch time :  0.0783449336886406  Train L2 Loss :  0.06662009006891495
Epoch :  987  Epoch time :  0.08045695349574089  Train L2 Loss :  0.06661337843308082
Epoch :  988  Epoch time :  0.08031479269266129  Train L2 Loss :  0.06660580768799171
Epoch :  989  Epoch time :  0.07997527904808521  Train L2 Loss :  0.06659899728420453
Epoch :  990  Epoch time :  0.08013688679784536  Train L2 Loss :  0.06659089353604195
Epoch :  991  Epoch time :  0.08001523278653622  Train L2 Loss :  0.06658512621353833
Epoch :  992  Epoch time :  0.07791357394307852  Train L2 Loss :  0.0665771817931762
Epoch :  993  Epoch time :  0.08042237721383572  Train L2 Loss :  0.06656967237209663
Epoch :  994  Epoch time :  0.08053299691528082  Train L2 Loss :  0.06656359212520795
Epoch :  995  Epoch time :  0.08048256393522024  Train L2 Loss :  0.06655510629598911
Epoch :  996  Epoch time :  0.07998725585639477  Train L2 Loss :  0.06654986127828941
Epoch :  997  Epoch time :  0.07986712548881769  Train L2 Loss :  0.06654113110823509
Epoch :  998  Epoch time :  0.07812598440796137  Train L2 Loss :  0.06653643380372952
Epoch :  999  Epoch time :  0.08038193080574274  Train L2 Loss :  0.0665293949154707
Total time is : 79.55001933220774 Total epoch is  1000
