Energy is  1.1102230246251565e-15
Input dim :  128  output dim :  4096
3473
Epoch :  0  Epoch time :  0.2740216739475727  Train L2 Loss :  6.904119809468587
Epoch :  1  Epoch time :  0.07704317942261696  Train L2 Loss :  6.621312581575834
Epoch :  2  Epoch time :  0.0786942858248949  Train L2 Loss :  6.598947647290352
Epoch :  3  Epoch time :  0.07976595126092434  Train L2 Loss :  6.583232635106796
Epoch :  4  Epoch time :  0.07854841370135546  Train L2 Loss :  6.553980839558137
Epoch :  5  Epoch time :  0.0782465748488903  Train L2 Loss :  6.474525512793125
Epoch :  6  Epoch time :  0.07835640758275986  Train L2 Loss :  6.276509150480613
Epoch :  7  Epoch time :  0.07649219781160355  Train L2 Loss :  6.089624123695569
Epoch :  8  Epoch time :  0.07847267389297485  Train L2 Loss :  6.000401203448956
Epoch :  9  Epoch time :  0.07878174725919962  Train L2 Loss :  5.966836758148976
Epoch :  10  Epoch time :  0.07838409952819347  Train L2 Loss :  5.941742114531688
Epoch :  11  Epoch time :  0.07825604639947414  Train L2 Loss :  5.921023698953482
Epoch :  12  Epoch time :  0.07815686333924532  Train L2 Loss :  5.900634961250501
Epoch :  13  Epoch time :  0.0767401335760951  Train L2 Loss :  5.869725056183644
Epoch :  14  Epoch time :  0.07877481356263161  Train L2 Loss :  5.83599007435334
Epoch :  15  Epoch time :  0.08186185825616121  Train L2 Loss :  5.772342901963454
Epoch :  16  Epoch time :  0.07883773930370808  Train L2 Loss :  5.664557811541435
Epoch :  17  Epoch time :  0.07864607870578766  Train L2 Loss :  5.495341178698418
Epoch :  18  Epoch time :  0.07866048440337181  Train L2 Loss :  5.38852596282959
Epoch :  19  Epoch time :  0.07687605172395706  Train L2 Loss :  5.330011930221167
Epoch :  20  Epoch time :  0.07943025603890419  Train L2 Loss :  5.2980020596430855
Epoch :  21  Epoch time :  0.07882353104650974  Train L2 Loss :  5.269584741347876
Epoch :  22  Epoch time :  0.07876591384410858  Train L2 Loss :  5.243588203038925
Epoch :  23  Epoch time :  0.07883325964212418  Train L2 Loss :  5.222450231894468
Epoch :  24  Epoch time :  0.07882230449467897  Train L2 Loss :  5.198479627951597
Epoch :  25  Epoch time :  0.07746448088437319  Train L2 Loss :  5.1774032177069245
Epoch :  26  Epoch time :  0.07917140796780586  Train L2 Loss :  5.1480685992118635
Epoch :  27  Epoch time :  0.07887733355164528  Train L2 Loss :  5.1104374420948515
Epoch :  28  Epoch time :  0.07894176710397005  Train L2 Loss :  5.05206866753407
Epoch :  29  Epoch time :  0.07906671706587076  Train L2 Loss :  4.971713970869016
Epoch :  30  Epoch time :  0.0788505906239152  Train L2 Loss :  4.833078665611072
Epoch :  31  Epoch time :  0.08045351598411798  Train L2 Loss :  4.653982749352088
Epoch :  32  Epoch time :  0.07915878389030695  Train L2 Loss :  4.555954346290002
Epoch :  33  Epoch time :  0.07890582829713821  Train L2 Loss :  4.477327811412322
Epoch :  34  Epoch time :  0.07888171914964914  Train L2 Loss :  4.423514366149902
Epoch :  35  Epoch time :  0.07885435037314892  Train L2 Loss :  4.378620367783767
Epoch :  36  Epoch time :  0.07884067483246326  Train L2 Loss :  4.3362010686825485
Epoch :  37  Epoch time :  0.07785460166633129  Train L2 Loss :  4.321420840727977
Epoch :  38  Epoch time :  0.07870886661112309  Train L2 Loss :  4.306745027884459
Epoch :  39  Epoch time :  0.07889463845640421  Train L2 Loss :  4.240573565165202
Epoch :  40  Epoch time :  0.07888549193739891  Train L2 Loss :  4.19635855845916
Epoch :  41  Epoch time :  0.07862288504838943  Train L2 Loss :  4.143500095758682
Epoch :  42  Epoch time :  0.07881149649620056  Train L2 Loss :  4.088314521007049
Epoch :  43  Epoch time :  0.0783618912100792  Train L2 Loss :  4.031425830645439
Epoch :  44  Epoch time :  0.0783057902008295  Train L2 Loss :  3.9394084490262546
Epoch :  45  Epoch time :  0.07897405978292227  Train L2 Loss :  3.8829956971682034
Epoch :  46  Epoch time :  0.07926590647548437  Train L2 Loss :  3.8425557063176083
Epoch :  47  Epoch time :  0.07904623914510012  Train L2 Loss :  3.803532123565674
Epoch :  48  Epoch time :  0.08181581366807222  Train L2 Loss :  3.777502390054556
Epoch :  49  Epoch time :  0.07903460320085287  Train L2 Loss :  3.7350518581194754
Epoch :  50  Epoch time :  0.07894374057650566  Train L2 Loss :  3.723965760989067
Epoch :  51  Epoch time :  0.07903457339853048  Train L2 Loss :  3.697538375854492
Epoch :  52  Epoch time :  0.07913878001272678  Train L2 Loss :  3.676275693453275
Epoch :  53  Epoch time :  0.07916123513132334  Train L2 Loss :  3.6658864326966114
Epoch :  54  Epoch time :  0.07919586263597012  Train L2 Loss :  3.630272761369363
Epoch :  55  Epoch time :  0.07858835626393557  Train L2 Loss :  3.599582329774514
Epoch :  56  Epoch time :  0.07823164202272892  Train L2 Loss :  3.5899487153077736
Epoch :  57  Epoch time :  0.07896240148693323  Train L2 Loss :  3.5674525652176294
Epoch :  58  Epoch time :  0.0794775988906622  Train L2 Loss :  3.552118655962822
Epoch :  59  Epoch time :  0.07890923786908388  Train L2 Loss :  3.5267589764717298
Epoch :  60  Epoch time :  0.07897561881691217  Train L2 Loss :  3.5049602129520516
Epoch :  61  Epoch time :  0.07887273747473955  Train L2 Loss :  3.4921846145238633
Epoch :  62  Epoch time :  0.07794933672994375  Train L2 Loss :  3.483674086057223
Epoch :  63  Epoch time :  0.07892006635665894  Train L2 Loss :  3.4685670412503757
Epoch :  64  Epoch time :  0.07885593082755804  Train L2 Loss :  3.449045107914851
Epoch :  65  Epoch time :  0.08207512181252241  Train L2 Loss :  3.43437576905275
Epoch :  66  Epoch time :  0.07903213798999786  Train L2 Loss :  3.443116010763706
Epoch :  67  Epoch time :  0.07875008601695299  Train L2 Loss :  3.444398672152788
Epoch :  68  Epoch time :  0.07776825875043869  Train L2 Loss :  3.4188386354690943
Epoch :  69  Epoch time :  0.07908095046877861  Train L2 Loss :  3.404245767837916
Epoch :  70  Epoch time :  0.07905644923448563  Train L2 Loss :  3.3903393867688303
Epoch :  71  Epoch time :  0.07899512816220522  Train L2 Loss :  3.390150161889883
Epoch :  72  Epoch time :  0.0792109202593565  Train L2 Loss :  3.3893436774229393
Epoch :  73  Epoch time :  0.07917701546102762  Train L2 Loss :  3.394646155528533
Epoch :  74  Epoch time :  0.07730964105576277  Train L2 Loss :  3.3927051348563952
Epoch :  75  Epoch time :  0.0791900735348463  Train L2 Loss :  3.3863377571105957
Epoch :  76  Epoch time :  0.11460311338305473  Train L2 Loss :  3.371383098455576
Epoch :  77  Epoch time :  0.08006754983216524  Train L2 Loss :  3.359392753014198
Epoch :  78  Epoch time :  0.07899785414338112  Train L2 Loss :  3.3542004242921486
Epoch :  79  Epoch time :  0.07731048297137022  Train L2 Loss :  3.346982344602927
Epoch :  80  Epoch time :  0.08184362575411797  Train L2 Loss :  3.3349034847357335
Epoch :  81  Epoch time :  0.07892842777073383  Train L2 Loss :  3.3227653747949843
Epoch :  82  Epoch time :  0.07921155262738466  Train L2 Loss :  3.3352539355938253
Epoch :  83  Epoch time :  0.07883445546030998  Train L2 Loss :  3.3377045729221444
Epoch :  84  Epoch time :  0.07903595175594091  Train L2 Loss :  3.317514242270054
Epoch :  85  Epoch time :  0.07724037393927574  Train L2 Loss :  3.2915421021290316
Epoch :  86  Epoch time :  0.07903685420751572  Train L2 Loss :  3.2727953103872447
Epoch :  87  Epoch time :  0.07928469497710466  Train L2 Loss :  3.265804266318297
Epoch :  88  Epoch time :  0.07941681891679764  Train L2 Loss :  3.254034996032715
Epoch :  89  Epoch time :  0.07886747270822525  Train L2 Loss :  3.242397259443234
Epoch :  90  Epoch time :  0.07911103777587414  Train L2 Loss :  3.2350372901329627
Epoch :  91  Epoch time :  0.08016739971935749  Train L2 Loss :  3.2189656098683677
Epoch :  92  Epoch time :  0.07895991019904613  Train L2 Loss :  3.2014916126544657
Epoch :  93  Epoch time :  0.07917920779436827  Train L2 Loss :  3.1908281644185386
Epoch :  94  Epoch time :  0.07923817448318005  Train L2 Loss :  3.1757391477242494
Epoch :  95  Epoch time :  0.07876313757151365  Train L2 Loss :  3.1694449461423435
Epoch :  96  Epoch time :  0.08047064673155546  Train L2 Loss :  3.1723167529472938
Epoch :  97  Epoch time :  0.07865971140563488  Train L2 Loss :  3.1863958163139148
Epoch :  98  Epoch time :  0.07933597825467587  Train L2 Loss :  3.1413164872389574
Epoch :  99  Epoch time :  0.07951406389474869  Train L2 Loss :  3.1239342506115255
Epoch :  100  Epoch time :  0.0790764344856143  Train L2 Loss :  3.1026912346864357
Epoch :  101  Epoch time :  0.07890230044722557  Train L2 Loss :  3.092393227112599
Epoch :  102  Epoch time :  0.07937932293862104  Train L2 Loss :  3.0858489672342935
Epoch :  103  Epoch time :  0.07733036391437054  Train L2 Loss :  3.080168901345669
Epoch :  104  Epoch time :  0.07938236743211746  Train L2 Loss :  3.077252284074441
Epoch :  105  Epoch time :  0.07954685389995575  Train L2 Loss :  3.0685707666935067
Epoch :  106  Epoch time :  0.07924700528383255  Train L2 Loss :  3.060527654794546
Epoch :  107  Epoch time :  0.07929556164890528  Train L2 Loss :  3.0568828032566953
Epoch :  108  Epoch time :  0.07915448863059282  Train L2 Loss :  3.0492423253181653
Epoch :  109  Epoch time :  0.07747228164225817  Train L2 Loss :  3.046146661807329
Epoch :  110  Epoch time :  0.07926654070615768  Train L2 Loss :  3.0377175013224282
Epoch :  111  Epoch time :  0.07978124730288982  Train L2 Loss :  3.0304659452193823
Epoch :  112  Epoch time :  0.08002116996794939  Train L2 Loss :  3.023093798221686
Epoch :  113  Epoch time :  0.07984540332108736  Train L2 Loss :  3.014496143047626
Epoch :  114  Epoch time :  0.07920531556010246  Train L2 Loss :  3.006388688698793
Epoch :  115  Epoch time :  0.07736102305352688  Train L2 Loss :  3.001880046648857
Epoch :  116  Epoch time :  0.07946415990591049  Train L2 Loss :  2.991788876362336
Epoch :  117  Epoch time :  0.07945606019347906  Train L2 Loss :  2.9809859715975247
Epoch :  118  Epoch time :  0.08255769684910774  Train L2 Loss :  2.972265341343024
Epoch :  119  Epoch time :  0.07915803138166666  Train L2 Loss :  2.9648869587824893
Epoch :  120  Epoch time :  0.07936267927289009  Train L2 Loss :  2.954118643051539
Epoch :  121  Epoch time :  0.07747709937393665  Train L2 Loss :  2.9418352322700696
Epoch :  122  Epoch time :  0.07980341091752052  Train L2 Loss :  2.931883157827915
Epoch :  123  Epoch time :  0.07937707472592592  Train L2 Loss :  2.922159249965961
Epoch :  124  Epoch time :  0.08218392543494701  Train L2 Loss :  2.9126940018091445
Epoch :  125  Epoch time :  0.07942078448832035  Train L2 Loss :  2.9039335006322617
Epoch :  126  Epoch time :  0.07912958599627018  Train L2 Loss :  2.892084158383883
Epoch :  127  Epoch time :  0.07760218065232038  Train L2 Loss :  2.8859528517111754
Epoch :  128  Epoch time :  0.07999654393643141  Train L2 Loss :  2.8727342654497194
Epoch :  129  Epoch time :  0.07931649778038263  Train L2 Loss :  2.8631587823232016
Epoch :  130  Epoch time :  0.07966084033250809  Train L2 Loss :  2.851658442081549
Epoch :  131  Epoch time :  0.07950933929532766  Train L2 Loss :  2.8463733868721204
Epoch :  132  Epoch time :  0.07942944671958685  Train L2 Loss :  2.8388537015670385
Epoch :  133  Epoch time :  0.07767046894878149  Train L2 Loss :  2.8256715872348885
Epoch :  134  Epoch time :  0.07991566881537437  Train L2 Loss :  2.819621281746106
Epoch :  135  Epoch time :  0.07950672414153814  Train L2 Loss :  2.807798336713742
Epoch :  136  Epoch time :  0.07931932341307402  Train L2 Loss :  2.7982098506047177
Epoch :  137  Epoch time :  0.07936683390289545  Train L2 Loss :  2.7923071567828837
Epoch :  138  Epoch time :  0.07934820931404829  Train L2 Loss :  2.7851655850043664
Epoch :  139  Epoch time :  0.0775945857167244  Train L2 Loss :  2.7779336953774476
Epoch :  140  Epoch time :  0.0797286806628108  Train L2 Loss :  2.77189694918119
Epoch :  141  Epoch time :  0.07934682630002499  Train L2 Loss :  2.7683029174804688
Epoch :  142  Epoch time :  0.07921600341796875  Train L2 Loss :  2.761567262502817
Epoch :  143  Epoch time :  0.07926453091204166  Train L2 Loss :  2.757397792278192
Epoch :  144  Epoch time :  0.07918251305818558  Train L2 Loss :  2.7554641503554125
Epoch :  145  Epoch time :  0.08057259954512119  Train L2 Loss :  2.7464391879546337
Epoch :  146  Epoch time :  0.07982646860182285  Train L2 Loss :  2.7437390180734487
Epoch :  147  Epoch time :  0.0791934346780181  Train L2 Loss :  2.737708391287388
Epoch :  148  Epoch time :  0.07912443950772285  Train L2 Loss :  2.73922367585011
Epoch :  149  Epoch time :  0.07947822473943233  Train L2 Loss :  2.7332911369128103
Epoch :  150  Epoch time :  0.07950702402740717  Train L2 Loss :  2.7339234413244786
Epoch :  151  Epoch time :  0.08071169536560774  Train L2 Loss :  2.718546531139276
Epoch :  152  Epoch time :  0.07966573163866997  Train L2 Loss :  2.7175513903299966
Epoch :  153  Epoch time :  0.07936589512974024  Train L2 Loss :  2.7104311172778788
Epoch :  154  Epoch time :  0.0795091986656189  Train L2 Loss :  2.7074482991145206
Epoch :  155  Epoch time :  0.07940773852169514  Train L2 Loss :  2.7035848055130396
Epoch :  156  Epoch time :  0.0795358270406723  Train L2 Loss :  2.698578125391251
Epoch :  157  Epoch time :  0.07815803866833448  Train L2 Loss :  2.6966744630764694
Epoch :  158  Epoch time :  0.07944775279611349  Train L2 Loss :  2.6956128646165896
Epoch :  159  Epoch time :  0.07937033660709858  Train L2 Loss :  2.69195678906563
Epoch :  160  Epoch time :  0.0793554624542594  Train L2 Loss :  2.6888106969686656
Epoch :  161  Epoch time :  0.07927061431109905  Train L2 Loss :  2.684239754310021
Epoch :  162  Epoch time :  0.07919527031481266  Train L2 Loss :  2.6825017684545274
Epoch :  163  Epoch time :  0.0786404563114047  Train L2 Loss :  2.6808252456860666
Epoch :  164  Epoch time :  0.07886472251266241  Train L2 Loss :  2.6799677029634132
Epoch :  165  Epoch time :  0.07950633391737938  Train L2 Loss :  2.676594691398816
Epoch :  166  Epoch time :  0.07977312710136175  Train L2 Loss :  2.677638824169452
Epoch :  167  Epoch time :  0.0793730579316616  Train L2 Loss :  2.676922333546174
Epoch :  168  Epoch time :  0.0794522650539875  Train L2 Loss :  2.6687065271230845
Epoch :  169  Epoch time :  0.0790219260379672  Train L2 Loss :  2.668383537194668
Epoch :  170  Epoch time :  0.07861618511378765  Train L2 Loss :  2.6624313378945375
Epoch :  171  Epoch time :  0.0795858958736062  Train L2 Loss :  2.662372100047576
Epoch :  172  Epoch time :  0.07951957173645496  Train L2 Loss :  2.664705826685979
Epoch :  173  Epoch time :  0.07936841249465942  Train L2 Loss :  2.663500730807965
Epoch :  174  Epoch time :  0.07948722131550312  Train L2 Loss :  2.6546111962734122
Epoch :  175  Epoch time :  0.07894091680645943  Train L2 Loss :  2.650019333912776
Epoch :  176  Epoch time :  0.07944738864898682  Train L2 Loss :  2.6511417657901077
Epoch :  177  Epoch time :  0.07974926847964525  Train L2 Loss :  2.651884702535776
Epoch :  178  Epoch time :  0.07960242591798306  Train L2 Loss :  2.650941335237943
Epoch :  179  Epoch time :  0.08197279088199139  Train L2 Loss :  2.6470583035395694
Epoch :  180  Epoch time :  0.0794097762554884  Train L2 Loss :  2.651148728835277
Epoch :  181  Epoch time :  0.07885227259248495  Train L2 Loss :  2.6402406081175194
Epoch :  182  Epoch time :  0.07858361676335335  Train L2 Loss :  2.6368798537132068
Epoch :  183  Epoch time :  0.07949293032288551  Train L2 Loss :  2.6402038610898533
Epoch :  184  Epoch time :  0.07944609597325325  Train L2 Loss :  2.635564852983524
Epoch :  185  Epoch time :  0.07942331861704588  Train L2 Loss :  2.635087612347725
Epoch :  186  Epoch time :  0.07944922242313623  Train L2 Loss :  2.6302036688877988
Epoch :  187  Epoch time :  0.07934495620429516  Train L2 Loss :  2.6284410647856884
Epoch :  188  Epoch time :  0.07857317198067904  Train L2 Loss :  2.624709019294152
Epoch :  189  Epoch time :  0.07934581208974123  Train L2 Loss :  2.621445423517472
Epoch :  190  Epoch time :  0.0793729955330491  Train L2 Loss :  2.6207979764693823
Epoch :  191  Epoch time :  0.07945200148969889  Train L2 Loss :  2.6177737835126047
Epoch :  192  Epoch time :  0.07934520114213228  Train L2 Loss :  2.6165662667690177
Epoch :  193  Epoch time :  0.07928675692528486  Train L2 Loss :  2.6142832743815885
Epoch :  194  Epoch time :  0.07846894208341837  Train L2 Loss :  2.611851086983314
Epoch :  195  Epoch time :  0.07944518700242043  Train L2 Loss :  2.6130836132245188
Epoch :  196  Epoch time :  0.07962103839963675  Train L2 Loss :  2.6108432977627487
Epoch :  197  Epoch time :  0.07951983530074358  Train L2 Loss :  2.6091826817928214
Epoch :  198  Epoch time :  0.07946162763983011  Train L2 Loss :  2.6032091776529946
Epoch :  199  Epoch time :  0.07958356477320194  Train L2 Loss :  2.6038420016948995
Epoch :  200  Epoch time :  0.07833013404160738  Train L2 Loss :  2.5967791019341884
Epoch :  201  Epoch time :  0.079665532335639  Train L2 Loss :  2.5943680909963756
Epoch :  202  Epoch time :  0.07930138148367405  Train L2 Loss :  2.592069454682179
Epoch :  203  Epoch time :  0.0793301360681653  Train L2 Loss :  2.5906770045940695
Epoch :  204  Epoch time :  0.07982390839606524  Train L2 Loss :  2.5895976286668043
Epoch :  205  Epoch time :  0.08004120923578739  Train L2 Loss :  2.5889741274026723
Epoch :  206  Epoch time :  0.08282238151878119  Train L2 Loss :  2.5870262659513035
Epoch :  207  Epoch time :  0.08065272588282824  Train L2 Loss :  2.586474516452887
Epoch :  208  Epoch time :  0.07991926185786724  Train L2 Loss :  2.586633425492507
Epoch :  209  Epoch time :  0.07970094587653875  Train L2 Loss :  2.5841517570691233
Epoch :  210  Epoch time :  0.07965963240712881  Train L2 Loss :  2.584317549681052
Epoch :  211  Epoch time :  0.07911330182105303  Train L2 Loss :  2.5838833955618052
Epoch :  212  Epoch time :  0.07890583295375109  Train L2 Loss :  2.5812766429705496
Epoch :  213  Epoch time :  0.07947522308677435  Train L2 Loss :  2.5804557494628124
Epoch :  214  Epoch time :  0.07953314203768969  Train L2 Loss :  2.5785286120879345
Epoch :  215  Epoch time :  0.0794393215328455  Train L2 Loss :  2.5772890555552945
Epoch :  216  Epoch time :  0.07938600704073906  Train L2 Loss :  2.576014127486791
Epoch :  217  Epoch time :  0.07935402542352676  Train L2 Loss :  2.576039577141786
Epoch :  218  Epoch time :  0.07855481654405594  Train L2 Loss :  2.575460116068522
Epoch :  219  Epoch time :  0.07942852564156055  Train L2 Loss :  2.5733334773626084
Epoch :  220  Epoch time :  0.079527098685503  Train L2 Loss :  2.5719843766628165
Epoch :  221  Epoch time :  0.07955652289092541  Train L2 Loss :  2.570477253351456
Epoch :  222  Epoch time :  0.0795962093397975  Train L2 Loss :  2.57000462214152
Epoch :  223  Epoch time :  0.07938674464821815  Train L2 Loss :  2.5679805156512137
Epoch :  224  Epoch time :  0.0785627057775855  Train L2 Loss :  2.566678915268336
Epoch :  225  Epoch time :  0.07959171198308468  Train L2 Loss :  2.5660096804300943
Epoch :  226  Epoch time :  0.0795556902885437  Train L2 Loss :  2.566377737583258
Epoch :  227  Epoch time :  0.07929449621587992  Train L2 Loss :  2.5625353104028945
Epoch :  228  Epoch time :  0.07948269508779049  Train L2 Loss :  2.562525761433137
Epoch :  229  Epoch time :  0.0955894198268652  Train L2 Loss :  2.559965567711072
Epoch :  230  Epoch time :  0.07854120247066021  Train L2 Loss :  2.559459625146328
Epoch :  231  Epoch time :  0.07818904798477888  Train L2 Loss :  2.5586588443853917
Epoch :  232  Epoch time :  0.07825121935456991  Train L2 Loss :  2.5567428087576842
Epoch :  233  Epoch time :  0.07813228666782379  Train L2 Loss :  2.556406076137836
Epoch :  234  Epoch time :  0.08380395080894232  Train L2 Loss :  2.555311612593822
Epoch :  235  Epoch time :  0.07714046724140644  Train L2 Loss :  2.553758988013634
Epoch :  236  Epoch time :  0.07805645372718573  Train L2 Loss :  2.5547633721278262
Epoch :  237  Epoch time :  0.07823209557682276  Train L2 Loss :  2.552455498622014
Epoch :  238  Epoch time :  0.07839005906134844  Train L2 Loss :  2.54968243990189
Epoch :  239  Epoch time :  0.07861245423555374  Train L2 Loss :  2.5474156660911365
Epoch :  240  Epoch time :  0.07888127490878105  Train L2 Loss :  2.54739864055927
Epoch :  241  Epoch time :  0.07823938596993685  Train L2 Loss :  2.5447748257563663
Epoch :  242  Epoch time :  0.07769952155649662  Train L2 Loss :  2.5449351347409763
Epoch :  243  Epoch time :  0.0786968469619751  Train L2 Loss :  2.54474768271813
Epoch :  244  Epoch time :  0.07857765164226294  Train L2 Loss :  2.543055350963886
Epoch :  245  Epoch time :  0.07872463297098875  Train L2 Loss :  2.541100862698677
Epoch :  246  Epoch time :  0.07878015842288733  Train L2 Loss :  2.5397665072710085
Epoch :  247  Epoch time :  0.07896291185170412  Train L2 Loss :  2.5405437029325046
Epoch :  248  Epoch time :  0.077519322745502  Train L2 Loss :  2.5375652802296176
Epoch :  249  Epoch time :  0.07887344434857368  Train L2 Loss :  2.5386878649393716
Epoch :  250  Epoch time :  0.0794459292665124  Train L2 Loss :  2.534325587443816
Epoch :  251  Epoch time :  0.07901521772146225  Train L2 Loss :  2.5329193213047128
Epoch :  252  Epoch time :  0.07860359083861113  Train L2 Loss :  2.533698020837246
Epoch :  253  Epoch time :  0.07920988649129868  Train L2 Loss :  2.5317574647756724
Epoch :  254  Epoch time :  0.07747083622962236  Train L2 Loss :  2.5339224949861183
Epoch :  255  Epoch time :  0.07862153463065624  Train L2 Loss :  2.530229690747383
Epoch :  256  Epoch time :  0.0788070997223258  Train L2 Loss :  2.527012507120768
Epoch :  257  Epoch time :  0.07870707847177982  Train L2 Loss :  2.5268396597642164
Epoch :  258  Epoch time :  0.07904217671602964  Train L2 Loss :  2.5255809319324984
Epoch :  259  Epoch time :  0.07949458993971348  Train L2 Loss :  2.5263354105827136
Epoch :  260  Epoch time :  0.07735380344092846  Train L2 Loss :  2.521725746301504
Epoch :  261  Epoch time :  0.07893401756882668  Train L2 Loss :  2.5213168339851575
Epoch :  262  Epoch time :  0.07881206925958395  Train L2 Loss :  2.5174351227589145
Epoch :  263  Epoch time :  0.07901337463408709  Train L2 Loss :  2.517540681056487
Epoch :  264  Epoch time :  0.07913185469806194  Train L2 Loss :  2.5142882481599464
Epoch :  265  Epoch time :  0.07914184499531984  Train L2 Loss :  2.514026544032953
Epoch :  266  Epoch time :  0.07718840707093477  Train L2 Loss :  2.51078724861145
Epoch :  267  Epoch time :  0.07892589271068573  Train L2 Loss :  2.5091975896786423
Epoch :  268  Epoch time :  0.07892766036093235  Train L2 Loss :  2.5086556459084535
Epoch :  269  Epoch time :  0.0788129884749651  Train L2 Loss :  2.5071609570429874
Epoch :  270  Epoch time :  0.07927368767559528  Train L2 Loss :  2.5058181346991124
Epoch :  271  Epoch time :  0.07890729513019323  Train L2 Loss :  2.5044714426382995
Epoch :  272  Epoch time :  0.07554336823523045  Train L2 Loss :  2.5033976970574794
Epoch :  273  Epoch time :  0.07890502270311117  Train L2 Loss :  2.501568458019159
Epoch :  274  Epoch time :  0.07905992865562439  Train L2 Loss :  2.4994109838436813
Epoch :  275  Epoch time :  0.07918974850326777  Train L2 Loss :  2.498732939744607
Epoch :  276  Epoch time :  0.07957132440060377  Train L2 Loss :  2.498211396046174
Epoch :  277  Epoch time :  0.07889101188629866  Train L2 Loss :  2.495187832758977
Epoch :  278  Epoch time :  0.08073894213885069  Train L2 Loss :  2.4963953617291574
Epoch :  279  Epoch time :  0.07923474535346031  Train L2 Loss :  2.4930339593153734
Epoch :  280  Epoch time :  0.0795703325420618  Train L2 Loss :  2.4923075162447414
Epoch :  281  Epoch time :  0.07916069775819778  Train L2 Loss :  2.4886052241692176
Epoch :  282  Epoch time :  0.0789989959448576  Train L2 Loss :  2.4874639327709493
Epoch :  283  Epoch time :  0.07899526041001081  Train L2 Loss :  2.488128111912654
Epoch :  284  Epoch time :  0.0772241335362196  Train L2 Loss :  2.484705796608558
Epoch :  285  Epoch time :  0.07919600233435631  Train L2 Loss :  2.4832216592935414
Epoch :  286  Epoch time :  0.07944307662546635  Train L2 Loss :  2.480645008576222
Epoch :  287  Epoch time :  0.07906719855964184  Train L2 Loss :  2.4803037398900742
Epoch :  288  Epoch time :  0.07885114569216967  Train L2 Loss :  2.4788641990759435
Epoch :  289  Epoch time :  0.07882639858871698  Train L2 Loss :  2.4756710957258177
Epoch :  290  Epoch time :  0.07731314934790134  Train L2 Loss :  2.4735321754064317
Epoch :  291  Epoch time :  0.07918048929423094  Train L2 Loss :  2.4720666775336633
Epoch :  292  Epoch time :  0.07929054647684097  Train L2 Loss :  2.4690262109805374
Epoch :  293  Epoch time :  0.07863288838416338  Train L2 Loss :  2.4699159463246665
Epoch :  294  Epoch time :  0.07882367167621851  Train L2 Loss :  2.467583650197738
Epoch :  295  Epoch time :  0.07882368098944426  Train L2 Loss :  2.4671201461400742
Epoch :  296  Epoch time :  0.07701583486050367  Train L2 Loss :  2.4635304793333397
Epoch :  297  Epoch time :  0.07955663185566664  Train L2 Loss :  2.460598566593268
Epoch :  298  Epoch time :  0.07907091826200485  Train L2 Loss :  2.4607313046088586
Epoch :  299  Epoch time :  0.07880089618265629  Train L2 Loss :  2.4597579271365433
Epoch :  300  Epoch time :  0.07918345741927624  Train L2 Loss :  2.455297928590041
Epoch :  301  Epoch time :  0.07885866705328226  Train L2 Loss :  2.454151587608533
Epoch :  302  Epoch time :  0.07745802216231823  Train L2 Loss :  2.452650852692433
Epoch :  303  Epoch time :  0.07933148927986622  Train L2 Loss :  2.451314926147461
Epoch :  304  Epoch time :  0.07980390544980764  Train L2 Loss :  2.450112831898225
Epoch :  305  Epoch time :  0.07921887561678886  Train L2 Loss :  2.4493057911212626
Epoch :  306  Epoch time :  0.07934473548084497  Train L2 Loss :  2.448300288273738
Epoch :  307  Epoch time :  0.07885049190372229  Train L2 Loss :  2.4485867084600987
Epoch :  308  Epoch time :  0.07785745710134506  Train L2 Loss :  2.447099942427415
Epoch :  309  Epoch time :  0.0790807344019413  Train L2 Loss :  2.4465048618805714
Epoch :  310  Epoch time :  0.0790899246931076  Train L2 Loss :  2.4458600129836645
Epoch :  311  Epoch time :  0.07944468129426241  Train L2 Loss :  2.444006057885977
Epoch :  312  Epoch time :  0.07892763521522284  Train L2 Loss :  2.4427607487409544
Epoch :  313  Epoch time :  0.07930928748100996  Train L2 Loss :  2.442401421375764
Epoch :  314  Epoch time :  0.07819914352148771  Train L2 Loss :  2.4417779323382254
Epoch :  315  Epoch time :  0.07886923663318157  Train L2 Loss :  2.440803295526749
Epoch :  316  Epoch time :  0.07899641525000334  Train L2 Loss :  2.4403270941514235
Epoch :  317  Epoch time :  0.0793003560975194  Train L2 Loss :  2.4380700221428504
Epoch :  318  Epoch time :  0.07914695516228676  Train L2 Loss :  2.4371135357098703
Epoch :  319  Epoch time :  0.08116105571389198  Train L2 Loss :  2.4382175482236423
Epoch :  320  Epoch time :  0.07834003493189812  Train L2 Loss :  2.4365098843207726
Epoch :  321  Epoch time :  0.07874398678541183  Train L2 Loss :  2.4347669650346804
Epoch :  322  Epoch time :  0.07941708154976368  Train L2 Loss :  2.433910920069768
Epoch :  323  Epoch time :  0.0790884830057621  Train L2 Loss :  2.4338011741638184
Epoch :  324  Epoch time :  0.07937625609338284  Train L2 Loss :  2.431746776287372
Epoch :  325  Epoch time :  0.07905283011496067  Train L2 Loss :  2.4298236186687765
Epoch :  326  Epoch time :  0.07850702479481697  Train L2 Loss :  2.429348572706565
Epoch :  327  Epoch time :  0.0783454179763794  Train L2 Loss :  2.427849659552941
Epoch :  328  Epoch time :  0.07898752391338348  Train L2 Loss :  2.427001103376731
Epoch :  329  Epoch time :  0.0790028516203165  Train L2 Loss :  2.425751576056847
Epoch :  330  Epoch time :  0.07936074025928974  Train L2 Loss :  2.424865844922188
Epoch :  331  Epoch time :  0.07918061409145594  Train L2 Loss :  2.4236157001593175
Epoch :  332  Epoch time :  0.07875301316380501  Train L2 Loss :  2.4230502935556264
Epoch :  333  Epoch time :  0.07847858127206564  Train L2 Loss :  2.4219182148957863
Epoch :  334  Epoch time :  0.07930516358464956  Train L2 Loss :  2.4213965794978995
Epoch :  335  Epoch time :  0.07924658060073853  Train L2 Loss :  2.4196581473717322
Epoch :  336  Epoch time :  0.07921902276575565  Train L2 Loss :  2.418435585804475
Epoch :  337  Epoch time :  0.07923801988363266  Train L2 Loss :  2.4176251949408116
Epoch :  338  Epoch time :  0.07930570840835571  Train L2 Loss :  2.415870550351265
Epoch :  339  Epoch time :  0.07839356083422899  Train L2 Loss :  2.414141447116167
Epoch :  340  Epoch time :  0.07946642860770226  Train L2 Loss :  2.413566442636343
Epoch :  341  Epoch time :  0.07912454754114151  Train L2 Loss :  2.4129439745193872
Epoch :  342  Epoch time :  0.08138469886034727  Train L2 Loss :  2.4117448329925537
Epoch :  343  Epoch time :  0.07959572412073612  Train L2 Loss :  2.410866712912535
Epoch :  344  Epoch time :  0.07923445105552673  Train L2 Loss :  2.4099966440445337
Epoch :  345  Epoch time :  0.07839705049991608  Train L2 Loss :  2.4081086012033315
Epoch :  346  Epoch time :  0.07956190127879381  Train L2 Loss :  2.4067099522321653
Epoch :  347  Epoch time :  0.08033331204205751  Train L2 Loss :  2.4063369127420278
Epoch :  348  Epoch time :  0.0794136980548501  Train L2 Loss :  2.404186664483486
Epoch :  349  Epoch time :  0.07942654564976692  Train L2 Loss :  2.403260891254132
Epoch :  350  Epoch time :  0.07910450920462608  Train L2 Loss :  2.402910691041213
Epoch :  351  Epoch time :  0.07855719048529863  Train L2 Loss :  2.40252135350154
Epoch :  352  Epoch time :  0.07994845602661371  Train L2 Loss :  2.4006565045087767
Epoch :  353  Epoch time :  0.07985889259725809  Train L2 Loss :  2.398239630919236
Epoch :  354  Epoch time :  0.07989535201340914  Train L2 Loss :  2.3972106468983188
Epoch :  355  Epoch time :  0.07984976749867201  Train L2 Loss :  2.396034680880033
Epoch :  356  Epoch time :  0.07951362617313862  Train L2 Loss :  2.394677412815583
Epoch :  357  Epoch time :  0.07901805453002453  Train L2 Loss :  2.393740715124668
Epoch :  358  Epoch time :  0.07978197652846575  Train L2 Loss :  2.392475935129019
Epoch :  359  Epoch time :  0.07990791276097298  Train L2 Loss :  2.3909960282154574
Epoch :  360  Epoch time :  0.07971448823809624  Train L2 Loss :  2.3897231175349307
Epoch :  361  Epoch time :  0.07974401023238897  Train L2 Loss :  2.3890614998646273
Epoch :  362  Epoch time :  0.07931310124695301  Train L2 Loss :  2.387405719512548
Epoch :  363  Epoch time :  0.07907436788082123  Train L2 Loss :  2.3865534403385262
Epoch :  364  Epoch time :  0.08215650543570518  Train L2 Loss :  2.3859189595931616
Epoch :  365  Epoch time :  0.07996149640530348  Train L2 Loss :  2.3833340070186515
Epoch :  366  Epoch time :  0.07979278545826674  Train L2 Loss :  2.3818672620333157
Epoch :  367  Epoch time :  0.08067470230162144  Train L2 Loss :  2.3811356715666943
Epoch :  368  Epoch time :  0.07956972159445286  Train L2 Loss :  2.3806011309990516
Epoch :  369  Epoch time :  0.07969292812049389  Train L2 Loss :  2.37932371481871
Epoch :  370  Epoch time :  0.07994723413139582  Train L2 Loss :  2.3785259356865516
Epoch :  371  Epoch time :  0.07990475371479988  Train L2 Loss :  2.375792167125604
Epoch :  372  Epoch time :  0.08015593606978655  Train L2 Loss :  2.3744091926476893
Epoch :  373  Epoch time :  0.08000535145401955  Train L2 Loss :  2.3733875384697547
Epoch :  374  Epoch time :  0.0792173370718956  Train L2 Loss :  2.3715371107443786
Epoch :  375  Epoch time :  0.08002367336302996  Train L2 Loss :  2.369706563460521
Epoch :  376  Epoch time :  0.08023891039192677  Train L2 Loss :  2.3704527219136557
Epoch :  377  Epoch time :  0.08001700975000858  Train L2 Loss :  2.368070308978741
Epoch :  378  Epoch time :  0.07975522801280022  Train L2 Loss :  2.3671973729744935
Epoch :  379  Epoch time :  0.07978860195726156  Train L2 Loss :  2.3651919059264355
Epoch :  380  Epoch time :  0.07858685217797756  Train L2 Loss :  2.3636764807578845
Epoch :  381  Epoch time :  0.0800052722916007  Train L2 Loss :  2.36247966839717
Epoch :  382  Epoch time :  0.07976824324578047  Train L2 Loss :  2.361600454037006
Epoch :  383  Epoch time :  0.07994658127427101  Train L2 Loss :  2.360832623946361
Epoch :  384  Epoch time :  0.07980406563729048  Train L2 Loss :  2.3604791653461947
Epoch :  385  Epoch time :  0.08163989242166281  Train L2 Loss :  2.357416483072134
Epoch :  386  Epoch time :  0.07848026044666767  Train L2 Loss :  2.358979481917161
Epoch :  387  Epoch time :  0.08015345595777035  Train L2 Loss :  2.356080947778164
Epoch :  388  Epoch time :  0.08009940199553967  Train L2 Loss :  2.353041587731777
Epoch :  389  Epoch time :  0.08024558890610933  Train L2 Loss :  2.352013954749474
Epoch :  390  Epoch time :  0.0798250799998641  Train L2 Loss :  2.3507386232033753
Epoch :  391  Epoch time :  0.07966331019997597  Train L2 Loss :  2.350312367463723
Epoch :  392  Epoch time :  0.07815954834222794  Train L2 Loss :  2.3472045140388684
Epoch :  393  Epoch time :  0.08052151184529066  Train L2 Loss :  2.3461854732953586
Epoch :  394  Epoch time :  0.07991187740117311  Train L2 Loss :  2.3453537684220533
Epoch :  395  Epoch time :  0.07993996888399124  Train L2 Loss :  2.3432872478778544
Epoch :  396  Epoch time :  0.07963118236511946  Train L2 Loss :  2.3421890429961376
Epoch :  397  Epoch time :  0.07983271032571793  Train L2 Loss :  2.340382478176019
Epoch :  398  Epoch time :  0.07810362428426743  Train L2 Loss :  2.339228718708723
Epoch :  399  Epoch time :  0.0802661869674921  Train L2 Loss :  2.338030130435259
Epoch :  400  Epoch time :  0.08006214443594217  Train L2 Loss :  2.3353269466987023
Epoch :  401  Epoch time :  0.07965722680091858  Train L2 Loss :  2.334319133024949
Epoch :  402  Epoch time :  0.07969810254871845  Train L2 Loss :  2.3334176601507726
Epoch :  403  Epoch time :  0.0796293169260025  Train L2 Loss :  2.3328877106691017
Epoch :  404  Epoch time :  0.07803829479962587  Train L2 Loss :  2.333163628211388
Epoch :  405  Epoch time :  0.08028107695281506  Train L2 Loss :  2.331689480023506
Epoch :  406  Epoch time :  0.09696414601057768  Train L2 Loss :  2.3309559333018766
Epoch :  407  Epoch time :  0.08153139241039753  Train L2 Loss :  2.3299934374980436
Epoch :  408  Epoch time :  0.07976911403238773  Train L2 Loss :  2.3296001691084642
Epoch :  409  Epoch time :  0.07977045979350805  Train L2 Loss :  2.3291793052966776
Epoch :  410  Epoch time :  0.07800560258328915  Train L2 Loss :  2.328207071010883
Epoch :  411  Epoch time :  0.07992670964449644  Train L2 Loss :  2.327224236268264
Epoch :  412  Epoch time :  0.0802248315885663  Train L2 Loss :  2.326557361162626
Epoch :  413  Epoch time :  0.08030546177178621  Train L2 Loss :  2.326120810630994
Epoch :  414  Epoch time :  0.07959604728966951  Train L2 Loss :  2.3256186888768124
Epoch :  415  Epoch time :  0.0799051895737648  Train L2 Loss :  2.324687713231796
Epoch :  416  Epoch time :  0.07804594282060862  Train L2 Loss :  2.323930107630216
Epoch :  417  Epoch time :  0.08000624552369118  Train L2 Loss :  2.3235847460917936
Epoch :  418  Epoch time :  0.0801520450040698  Train L2 Loss :  2.322714096460587
Epoch :  419  Epoch time :  0.08019290957599878  Train L2 Loss :  2.3216695051926832
Epoch :  420  Epoch time :  0.07968132197856903  Train L2 Loss :  2.3206881254147262
Epoch :  421  Epoch time :  0.07999037113040686  Train L2 Loss :  2.3210314970750074
Epoch :  422  Epoch time :  0.07814726140350103  Train L2 Loss :  2.3194748988518348
Epoch :  423  Epoch time :  0.08023431152105331  Train L2 Loss :  2.3191082171904736
Epoch :  424  Epoch time :  0.08021596167236567  Train L2 Loss :  2.3182988472473927
Epoch :  425  Epoch time :  0.0803073151037097  Train L2 Loss :  2.317446543620183
Epoch :  426  Epoch time :  0.08019067160785198  Train L2 Loss :  2.3168033208602514
Epoch :  427  Epoch time :  0.07998814713209867  Train L2 Loss :  2.315903773674598
Epoch :  428  Epoch time :  0.07791562005877495  Train L2 Loss :  2.315063837247017
Epoch :  429  Epoch time :  0.07991018332540989  Train L2 Loss :  2.315059258387639
Epoch :  430  Epoch time :  0.08078471384942532  Train L2 Loss :  2.314036161471636
Epoch :  431  Epoch time :  0.08068978507071733  Train L2 Loss :  2.3133859634399414
Epoch :  432  Epoch time :  0.07986540347337723  Train L2 Loss :  2.31228056932107
Epoch :  433  Epoch time :  0.07965508662164211  Train L2 Loss :  2.311721783417922
Epoch :  434  Epoch time :  0.07815119065344334  Train L2 Loss :  2.3109994118030253
Epoch :  435  Epoch time :  0.08004027046263218  Train L2 Loss :  2.31085396424318
Epoch :  436  Epoch time :  0.08003793098032475  Train L2 Loss :  2.3093917003044715
Epoch :  437  Epoch time :  0.08001099526882172  Train L2 Loss :  2.308800587287316
Epoch :  438  Epoch time :  0.07977237273007631  Train L2 Loss :  2.308215257449028
Epoch :  439  Epoch time :  0.07973705604672432  Train L2 Loss :  2.3073528913351207
Epoch :  440  Epoch time :  0.07799119874835014  Train L2 Loss :  2.3065661772703514
Epoch :  441  Epoch time :  0.07998600695282221  Train L2 Loss :  2.305508307921581
Epoch :  442  Epoch time :  0.0799831198528409  Train L2 Loss :  2.304813122137999
Epoch :  443  Epoch time :  0.08021904993802309  Train L2 Loss :  2.3036044988876734
Epoch :  444  Epoch time :  0.07994730677455664  Train L2 Loss :  2.303568754440699
Epoch :  445  Epoch time :  0.08736469503492117  Train L2 Loss :  2.3021428340520615
Epoch :  446  Epoch time :  0.07813386805355549  Train L2 Loss :  2.302101893302722
Epoch :  447  Epoch time :  0.07993568666279316  Train L2 Loss :  2.301077365875244
Epoch :  448  Epoch time :  0.0798001829534769  Train L2 Loss :  2.300355104299692
Epoch :  449  Epoch time :  0.07999546360224485  Train L2 Loss :  2.299849968690139
Epoch :  450  Epoch time :  0.08013555407524109  Train L2 Loss :  2.2984826748187723
Epoch :  451  Epoch time :  0.07986875530332327  Train L2 Loss :  2.298089528695131
Epoch :  452  Epoch time :  0.07806862145662308  Train L2 Loss :  2.2967986510350156
Epoch :  453  Epoch time :  0.0795064689591527  Train L2 Loss :  2.296578431740785
Epoch :  454  Epoch time :  0.07942201104015112  Train L2 Loss :  2.295650152059702
Epoch :  455  Epoch time :  0.07995220925658941  Train L2 Loss :  2.2949426602094603
Epoch :  456  Epoch time :  0.07970178406685591  Train L2 Loss :  2.2940693696339927
Epoch :  457  Epoch time :  0.07991505041718483  Train L2 Loss :  2.293279293255928
Epoch :  458  Epoch time :  0.07780797686427832  Train L2 Loss :  2.2925718319721713
Epoch :  459  Epoch time :  0.07994866836816072  Train L2 Loss :  2.2917129443242
Epoch :  460  Epoch time :  0.07978722546249628  Train L2 Loss :  2.2906751999488244
Epoch :  461  Epoch time :  0.08021748904138803  Train L2 Loss :  2.290182052514492
Epoch :  462  Epoch time :  0.07969428692013025  Train L2 Loss :  2.2894857174310927
Epoch :  463  Epoch time :  0.07982107903808355  Train L2 Loss :  2.288690591469789
Epoch :  464  Epoch time :  0.07798065524548292  Train L2 Loss :  2.2888793914746017
Epoch :  465  Epoch time :  0.0828020004555583  Train L2 Loss :  2.287715208836091
Epoch :  466  Epoch time :  0.07974188029766083  Train L2 Loss :  2.286600412466587
Epoch :  467  Epoch time :  0.08040931355208158  Train L2 Loss :  2.2858749352968655
Epoch :  468  Epoch time :  0.08019750192761421  Train L2 Loss :  2.285228124031654
Epoch :  469  Epoch time :  0.07980390172451735  Train L2 Loss :  2.284025400112837
Epoch :  470  Epoch time :  0.07809347566217184  Train L2 Loss :  2.2833214784279847
Epoch :  471  Epoch time :  0.07991072814911604  Train L2 Loss :  2.2830629715552697
Epoch :  472  Epoch time :  0.07998836226761341  Train L2 Loss :  2.2818554792648706
Epoch :  473  Epoch time :  0.08031514473259449  Train L2 Loss :  2.2812661880101914
Epoch :  474  Epoch time :  0.07987810205668211  Train L2 Loss :  2.2808994268759704
Epoch :  475  Epoch time :  0.07976806070655584  Train L2 Loss :  2.2791772377796664
Epoch :  476  Epoch time :  0.07805879507213831  Train L2 Loss :  2.2792806197435427
Epoch :  477  Epoch time :  0.07965676113963127  Train L2 Loss :  2.278659918369391
Epoch :  478  Epoch time :  0.07979757618159056  Train L2 Loss :  2.277738020970271
Epoch :  479  Epoch time :  0.0801493301987648  Train L2 Loss :  2.276335820173606
Epoch :  480  Epoch time :  0.08000792097300291  Train L2 Loss :  2.2757705786289315
Epoch :  481  Epoch time :  0.07954155839979649  Train L2 Loss :  2.275706132253011
Epoch :  482  Epoch time :  0.07808118499815464  Train L2 Loss :  2.2743823589422765
Epoch :  483  Epoch time :  0.07984641473740339  Train L2 Loss :  2.273657346383119
Epoch :  484  Epoch time :  0.07973191700875759  Train L2 Loss :  2.273694405188927
Epoch :  485  Epoch time :  0.0800669752061367  Train L2 Loss :  2.273345556014623
Epoch :  486  Epoch time :  0.07980973925441504  Train L2 Loss :  2.2716087805919156
Epoch :  487  Epoch time :  0.0798300402238965  Train L2 Loss :  2.270983582887894
Epoch :  488  Epoch time :  0.07787555269896984  Train L2 Loss :  2.2699341835119786
Epoch :  489  Epoch time :  0.07979974243789911  Train L2 Loss :  2.2689826427361903
Epoch :  490  Epoch time :  0.07980853132903576  Train L2 Loss :  2.2687844251975036
Epoch :  491  Epoch time :  0.08041420765221119  Train L2 Loss :  2.267757800909189
Epoch :  492  Epoch time :  0.08018737100064754  Train L2 Loss :  2.268028607735267
Epoch :  493  Epoch time :  0.08694286923855543  Train L2 Loss :  2.2666857670515013
Epoch :  494  Epoch time :  0.07908001262694597  Train L2 Loss :  2.2657005236699033
Epoch :  495  Epoch time :  0.08009806089103222  Train L2 Loss :  2.265769506112123
Epoch :  496  Epoch time :  0.0802101194858551  Train L2 Loss :  2.2643845814924974
Epoch :  497  Epoch time :  0.08022133726626635  Train L2 Loss :  2.2634516801589575
Epoch :  498  Epoch time :  0.08050973992794752  Train L2 Loss :  2.262804923913418
Epoch :  499  Epoch time :  0.08003882970660925  Train L2 Loss :  2.262536544066209
Epoch :  500  Epoch time :  0.07884004898369312  Train L2 Loss :  2.2609685262044272
Epoch :  501  Epoch time :  0.08004368096590042  Train L2 Loss :  2.2603873717479215
Epoch :  502  Epoch time :  0.08006644994020462  Train L2 Loss :  2.2600167286701693
Epoch :  503  Epoch time :  0.07992549706250429  Train L2 Loss :  2.259498907969548
Epoch :  504  Epoch time :  0.08034963626414537  Train L2 Loss :  2.2593769354697986
Epoch :  505  Epoch time :  0.0798741951584816  Train L2 Loss :  2.258672628647242
Epoch :  506  Epoch time :  0.07813414093106985  Train L2 Loss :  2.2586228786370692
Epoch :  507  Epoch time :  0.07989210728555918  Train L2 Loss :  2.2581094106038413
Epoch :  508  Epoch time :  0.07991362549364567  Train L2 Loss :  2.2580277980902257
Epoch :  509  Epoch time :  0.07978588342666626  Train L2 Loss :  2.257650913336338
Epoch :  510  Epoch time :  0.08013288304209709  Train L2 Loss :  2.257154336342445
Epoch :  511  Epoch time :  0.0800021393224597  Train L2 Loss :  2.256839183660654
Epoch :  512  Epoch time :  0.07807946112006903  Train L2 Loss :  2.256414009974553
Epoch :  513  Epoch time :  0.07995423208922148  Train L2 Loss :  2.2561294543437467
Epoch :  514  Epoch time :  0.0799362389370799  Train L2 Loss :  2.255865427163931
Epoch :  515  Epoch time :  0.08010668307542801  Train L2 Loss :  2.2556955019632974
Epoch :  516  Epoch time :  0.08036426454782486  Train L2 Loss :  2.255206743876139
Epoch :  517  Epoch time :  0.0798686109483242  Train L2 Loss :  2.2545940020145516
Epoch :  518  Epoch time :  0.08102284371852875  Train L2 Loss :  2.25441488241538
Epoch :  519  Epoch time :  0.08047787379473448  Train L2 Loss :  2.2540039893908377
Epoch :  520  Epoch time :  0.0803366620093584  Train L2 Loss :  2.254116171445602
Epoch :  521  Epoch time :  0.08055156469345093  Train L2 Loss :  2.253202951871432
Epoch :  522  Epoch time :  0.080415572039783  Train L2 Loss :  2.2532275792879934
Epoch :  523  Epoch time :  0.0804939391091466  Train L2 Loss :  2.2525607958818092
Epoch :  524  Epoch time :  0.07821696903556585  Train L2 Loss :  2.2521967459947634
Epoch :  525  Epoch time :  0.08018157817423344  Train L2 Loss :  2.252060584532909
Epoch :  526  Epoch time :  0.08022040128707886  Train L2 Loss :  2.251519521077474
Epoch :  527  Epoch time :  0.08011157251894474  Train L2 Loss :  2.251495789258908
Epoch :  528  Epoch time :  0.0799517473205924  Train L2 Loss :  2.2507964953398094
Epoch :  529  Epoch time :  0.08014438766986132  Train L2 Loss :  2.250413613441663
Epoch :  530  Epoch time :  0.07830886077135801  Train L2 Loss :  2.2504890882051907
Epoch :  531  Epoch time :  0.07999009732156992  Train L2 Loss :  2.249814436985896
Epoch :  532  Epoch time :  0.08003867417573929  Train L2 Loss :  2.2494166019635324
Epoch :  533  Epoch time :  0.07996220793575048  Train L2 Loss :  2.24913450387808
Epoch :  534  Epoch time :  0.08000994380563498  Train L2 Loss :  2.2489342872913065
Epoch :  535  Epoch time :  0.08011211641132832  Train L2 Loss :  2.2484018558110948
Epoch :  536  Epoch time :  0.0780135951936245  Train L2 Loss :  2.248079464985774
Epoch :  537  Epoch time :  0.07971985172480345  Train L2 Loss :  2.2477456422952504
Epoch :  538  Epoch time :  0.08023580815643072  Train L2 Loss :  2.2474220349238467
Epoch :  539  Epoch time :  0.08008229732513428  Train L2 Loss :  2.246942636294243
Epoch :  540  Epoch time :  0.08013362158089876  Train L2 Loss :  2.2466877668331833
Epoch :  541  Epoch time :  0.08030512928962708  Train L2 Loss :  2.2461631420331125
Epoch :  542  Epoch time :  0.07837245427072048  Train L2 Loss :  2.2457903776413355
Epoch :  543  Epoch time :  0.08044230379164219  Train L2 Loss :  2.2454915107824864
Epoch :  544  Epoch time :  0.08024122752249241  Train L2 Loss :  2.245284208884606
Epoch :  545  Epoch time :  0.08011598326265812  Train L2 Loss :  2.2448908365689793
Epoch :  546  Epoch time :  0.07972033694386482  Train L2 Loss :  2.244464079538981
Epoch :  547  Epoch time :  0.0800068061798811  Train L2 Loss :  2.244147539138794
Epoch :  548  Epoch time :  0.07827182114124298  Train L2 Loss :  2.243792466628246
Epoch :  549  Epoch time :  0.08011732343584299  Train L2 Loss :  2.2433497722332296
Epoch :  550  Epoch time :  0.07982217706739902  Train L2 Loss :  2.2432788274227042
Epoch :  551  Epoch time :  0.07985281944274902  Train L2 Loss :  2.2426709272922616
Epoch :  552  Epoch time :  0.07976312935352325  Train L2 Loss :  2.2425045722570176
Epoch :  553  Epoch time :  0.07994327414780855  Train L2 Loss :  2.242256861466628
Epoch :  554  Epoch time :  0.07804855052381754  Train L2 Loss :  2.241672632021782
Epoch :  555  Epoch time :  0.08001863025128841  Train L2 Loss :  2.2411807011335325
Epoch :  556  Epoch time :  0.08026594296097755  Train L2 Loss :  2.2410763654953394
Epoch :  557  Epoch time :  0.08118958957493305  Train L2 Loss :  2.2404191004924283
Epoch :  558  Epoch time :  0.08017243538051844  Train L2 Loss :  2.2403410642574997
Epoch :  559  Epoch time :  0.08054784312844276  Train L2 Loss :  2.2401808897654214
Epoch :  560  Epoch time :  0.07869433797895908  Train L2 Loss :  2.2399897697644358
Epoch :  561  Epoch time :  0.08021974936127663  Train L2 Loss :  2.239551305770874
Epoch :  562  Epoch time :  0.0805117441341281  Train L2 Loss :  2.239051262537638
Epoch :  563  Epoch time :  0.08041162602603436  Train L2 Loss :  2.2383661575806446
Epoch :  564  Epoch time :  0.08031099755316973  Train L2 Loss :  2.2381549309461546
Epoch :  565  Epoch time :  0.08072153385728598  Train L2 Loss :  2.2378697456457677
Epoch :  566  Epoch time :  0.07880248222500086  Train L2 Loss :  2.237844344897148
Epoch :  567  Epoch time :  0.08018125500530005  Train L2 Loss :  2.237232758448674
Epoch :  568  Epoch time :  0.08013313263654709  Train L2 Loss :  2.236736548252595
Epoch :  569  Epoch time :  0.07991706021130085  Train L2 Loss :  2.2368806386605287
Epoch :  570  Epoch time :  0.08218590542674065  Train L2 Loss :  2.2362962319300723
Epoch :  571  Epoch time :  0.08002171851694584  Train L2 Loss :  2.2358080729460106
Epoch :  572  Epoch time :  0.07704619690775871  Train L2 Loss :  2.2355725153898582
Epoch :  573  Epoch time :  0.07986015174537897  Train L2 Loss :  2.2353187952286158
Epoch :  574  Epoch time :  0.08009226154536009  Train L2 Loss :  2.234944698138115
Epoch :  575  Epoch time :  0.07999373879283667  Train L2 Loss :  2.2346146412384815
Epoch :  576  Epoch time :  0.08000098075717688  Train L2 Loss :  2.2340729847932472
Epoch :  577  Epoch time :  0.08010812010616064  Train L2 Loss :  2.2337412589635606
Epoch :  578  Epoch time :  0.0781981311738491  Train L2 Loss :  2.2333228221306434
Epoch :  579  Epoch time :  0.08039503823965788  Train L2 Loss :  2.2332365023784146
Epoch :  580  Epoch time :  0.08052875194698572  Train L2 Loss :  2.2327452378395276
Epoch :  581  Epoch time :  0.08030366990715265  Train L2 Loss :  2.2324340526874247
Epoch :  582  Epoch time :  0.08058777265250683  Train L2 Loss :  2.2325486831175976
Epoch :  583  Epoch time :  0.08070928044617176  Train L2 Loss :  2.2317143892630553
Epoch :  584  Epoch time :  0.07865640800446272  Train L2 Loss :  2.23143117244427
Epoch :  585  Epoch time :  0.08031540270894766  Train L2 Loss :  2.23077846184755
Epoch :  586  Epoch time :  0.08027558494359255  Train L2 Loss :  2.2305618860782723
Epoch :  587  Epoch time :  0.08000232372432947  Train L2 Loss :  2.2300179860530753
Epoch :  588  Epoch time :  0.07998215034604073  Train L2 Loss :  2.2300588289896646
Epoch :  589  Epoch time :  0.0803925795480609  Train L2 Loss :  2.2297024788000646
Epoch :  590  Epoch time :  0.07829955406486988  Train L2 Loss :  2.2290380123334055
Epoch :  591  Epoch time :  0.07999608293175697  Train L2 Loss :  2.2289372101808205
Epoch :  592  Epoch time :  0.08052621874958277  Train L2 Loss :  2.2287063965430627
Epoch :  593  Epoch time :  0.07991329953074455  Train L2 Loss :  2.2280376874483547
Epoch :  594  Epoch time :  0.07970707956701517  Train L2 Loss :  2.2280534903208413
Epoch :  595  Epoch time :  0.08021073509007692  Train L2 Loss :  2.2275020342606764
Epoch :  596  Epoch time :  0.07816313672810793  Train L2 Loss :  2.2270385913359814
Epoch :  597  Epoch time :  0.08019053749740124  Train L2 Loss :  2.2268980527535462
Epoch :  598  Epoch time :  0.0803845226764679  Train L2 Loss :  2.2264395768825826
Epoch :  599  Epoch time :  0.08040067460387945  Train L2 Loss :  2.2265826005202074
Epoch :  600  Epoch time :  0.08044815063476562  Train L2 Loss :  2.2254299078232203
Epoch :  601  Epoch time :  0.08071902021765709  Train L2 Loss :  2.22527094070728
Epoch :  602  Epoch time :  0.07865037769079208  Train L2 Loss :  2.2251916115100565
Epoch :  603  Epoch time :  0.0804799310863018  Train L2 Loss :  2.2248838925972962
Epoch :  604  Epoch time :  0.08052107598632574  Train L2 Loss :  2.224743427374424
Epoch :  605  Epoch time :  0.08055555168539286  Train L2 Loss :  2.22450006313813
Epoch :  606  Epoch time :  0.08049082942306995  Train L2 Loss :  2.2244236774933643
Epoch :  607  Epoch time :  0.0805747052654624  Train L2 Loss :  2.224348104917086
Epoch :  608  Epoch time :  0.07902544364333153  Train L2 Loss :  2.224141674164014
Epoch :  609  Epoch time :  0.08044211752712727  Train L2 Loss :  2.2239461739857993
Epoch :  610  Epoch time :  0.08048031385987997  Train L2 Loss :  2.223658812351716
Epoch :  611  Epoch time :  0.08030955493450165  Train L2 Loss :  2.2234581128144875
Epoch :  612  Epoch time :  0.08001427166163921  Train L2 Loss :  2.2233110941373386
Epoch :  613  Epoch time :  0.08018121123313904  Train L2 Loss :  2.2232658129472
Epoch :  614  Epoch time :  0.07883962150663137  Train L2 Loss :  2.222997818237696
Epoch :  615  Epoch time :  0.0802577342838049  Train L2 Loss :  2.222910850475996
Epoch :  616  Epoch time :  0.08025991078466177  Train L2 Loss :  2.2227018551948743
Epoch :  617  Epoch time :  0.07984067127108574  Train L2 Loss :  2.2225833122546854
Epoch :  618  Epoch time :  0.08040041569620371  Train L2 Loss :  2.222361148932041
Epoch :  619  Epoch time :  0.07997922133654356  Train L2 Loss :  2.2221730672396145
Epoch :  620  Epoch time :  0.07998397760093212  Train L2 Loss :  2.2221438579070263
Epoch :  621  Epoch time :  0.08012833539396524  Train L2 Loss :  2.222113719353309
Epoch :  622  Epoch time :  0.0822711642831564  Train L2 Loss :  2.221722202423291
Epoch :  623  Epoch time :  0.08007774222642183  Train L2 Loss :  2.2215718795091677
Epoch :  624  Epoch time :  0.08024953957647085  Train L2 Loss :  2.221413043829111
Epoch :  625  Epoch time :  0.08002426009625196  Train L2 Loss :  2.221235311948336
Epoch :  626  Epoch time :  0.07960223779082298  Train L2 Loss :  2.2211843392787833
Epoch :  627  Epoch time :  0.08069260325282812  Train L2 Loss :  2.2208353800651355
Epoch :  628  Epoch time :  0.08082537446171045  Train L2 Loss :  2.2209102496122703
Epoch :  629  Epoch time :  0.0803856747224927  Train L2 Loss :  2.2205805839636388
Epoch :  630  Epoch time :  0.08051057253032923  Train L2 Loss :  2.2204838502101407
Epoch :  631  Epoch time :  0.07936032954603434  Train L2 Loss :  2.2204407422970505
Epoch :  632  Epoch time :  0.08002113178372383  Train L2 Loss :  2.2201082033988757
Epoch :  633  Epoch time :  0.08053510449826717  Train L2 Loss :  2.219948316231752
Epoch :  634  Epoch time :  0.08035910315811634  Train L2 Loss :  2.2197887102762857
Epoch :  635  Epoch time :  0.07997553702443838  Train L2 Loss :  2.219579482689882
Epoch :  636  Epoch time :  0.07982184272259474  Train L2 Loss :  2.219421230829679
Epoch :  637  Epoch time :  0.07910137437283993  Train L2 Loss :  2.219227833625598
Epoch :  638  Epoch time :  0.08004602137953043  Train L2 Loss :  2.2192003971491103
Epoch :  639  Epoch time :  0.08071472309529781  Train L2 Loss :  2.2188882460960975
Epoch :  640  Epoch time :  0.07985193375498056  Train L2 Loss :  2.218920499850542
Epoch :  641  Epoch time :  0.08026525378227234  Train L2 Loss :  2.2186609781705418
Epoch :  642  Epoch time :  0.07979265041649342  Train L2 Loss :  2.2184228224632068
Epoch :  643  Epoch time :  0.0785966757684946  Train L2 Loss :  2.218288562236688
Epoch :  644  Epoch time :  0.08033255767077208  Train L2 Loss :  2.218181469501593
Epoch :  645  Epoch time :  0.0801036162301898  Train L2 Loss :  2.2179213670583873
Epoch :  646  Epoch time :  0.08014903031289577  Train L2 Loss :  2.217884620030721
Epoch :  647  Epoch time :  0.08025969751179218  Train L2 Loss :  2.2176688695565248
Epoch :  648  Epoch time :  0.08063048683106899  Train L2 Loss :  2.2174858313340406
Epoch :  649  Epoch time :  0.07865071948617697  Train L2 Loss :  2.2173499388572497
Epoch :  650  Epoch time :  0.08073276188224554  Train L2 Loss :  2.2172294702285376
Epoch :  651  Epoch time :  0.08031874150037766  Train L2 Loss :  2.217095870238084
Epoch :  652  Epoch time :  0.08043837640434504  Train L2 Loss :  2.216865619023641
Epoch :  653  Epoch time :  0.08047237806022167  Train L2 Loss :  2.2166785215720153
Epoch :  654  Epoch time :  0.07996966689825058  Train L2 Loss :  2.216549751086113
Epoch :  655  Epoch time :  0.07900294847786427  Train L2 Loss :  2.2164532037881703
Epoch :  656  Epoch time :  0.07995847798883915  Train L2 Loss :  2.216152625206189
Epoch :  657  Epoch time :  0.08037267532199621  Train L2 Loss :  2.2160734885778184
Epoch :  658  Epoch time :  0.08039473742246628  Train L2 Loss :  2.2158356935550003
Epoch :  659  Epoch time :  0.08032174222171307  Train L2 Loss :  2.215686700282953
Epoch :  660  Epoch time :  0.08015428949147463  Train L2 Loss :  2.2154839986409898
Epoch :  661  Epoch time :  0.07876707799732685  Train L2 Loss :  2.2153907678066154
Epoch :  662  Epoch time :  0.08025588560849428  Train L2 Loss :  2.2151664281502748
Epoch :  663  Epoch time :  0.08037465810775757  Train L2 Loss :  2.2150752422137137
Epoch :  664  Epoch time :  0.08016664814203978  Train L2 Loss :  2.2149430207717113
Epoch :  665  Epoch time :  0.07998755667358637  Train L2 Loss :  2.214732955663632
Epoch :  666  Epoch time :  0.08022309374064207  Train L2 Loss :  2.214597530854054
Epoch :  667  Epoch time :  0.07851684279739857  Train L2 Loss :  2.214513515814757
Epoch :  668  Epoch time :  0.08043644297868013  Train L2 Loss :  2.214346402730697
Epoch :  669  Epoch time :  0.07994776591658592  Train L2 Loss :  2.214097035236848
Epoch :  670  Epoch time :  0.08007985539734364  Train L2 Loss :  2.2139817506839066
Epoch :  671  Epoch time :  0.08001525513827801  Train L2 Loss :  2.213907480239868
Epoch :  672  Epoch time :  0.07986682746559381  Train L2 Loss :  2.2136633579547587
Epoch :  673  Epoch time :  0.0789217771962285  Train L2 Loss :  2.21341195778969
Epoch :  674  Epoch time :  0.08260955195873976  Train L2 Loss :  2.2133184732534947
Epoch :  675  Epoch time :  0.08045791555196047  Train L2 Loss :  2.213129569322635
Epoch :  676  Epoch time :  0.08030207734555006  Train L2 Loss :  2.2129913109999437
Epoch :  677  Epoch time :  0.07991975825279951  Train L2 Loss :  2.213066027714656
Epoch :  678  Epoch time :  0.07996279932558537  Train L2 Loss :  2.2126380174587936
Epoch :  679  Epoch time :  0.0787105979397893  Train L2 Loss :  2.212496457955776
Epoch :  680  Epoch time :  0.08053421322256327  Train L2 Loss :  2.2123348162724423
Epoch :  681  Epoch time :  0.08005995769053698  Train L2 Loss :  2.2122390575898
Epoch :  682  Epoch time :  0.08029468450695276  Train L2 Loss :  2.212071975072225
Epoch :  683  Epoch time :  0.08119358029216528  Train L2 Loss :  2.211801045980209
Epoch :  684  Epoch time :  0.08028035517781973  Train L2 Loss :  2.211793985122289
Epoch :  685  Epoch time :  0.07830775063484907  Train L2 Loss :  2.211514393488566
Epoch :  686  Epoch time :  0.08097963407635689  Train L2 Loss :  2.2113912227826242
Epoch :  687  Epoch time :  0.08061464410275221  Train L2 Loss :  2.21121814312079
Epoch :  688  Epoch time :  0.0802080612629652  Train L2 Loss :  2.211129359709911
Epoch :  689  Epoch time :  0.08001688309013844  Train L2 Loss :  2.210961947074303
Epoch :  690  Epoch time :  0.07987783662974834  Train L2 Loss :  2.2107189924289017
Epoch :  691  Epoch time :  0.07831412646919489  Train L2 Loss :  2.210678381797595
Epoch :  692  Epoch time :  0.08056073542684317  Train L2 Loss :  2.2103991630749826
Epoch :  693  Epoch time :  0.08049762900918722  Train L2 Loss :  2.2101845129942284
Epoch :  694  Epoch time :  0.08018494863063097  Train L2 Loss :  2.2101445625989866
Epoch :  695  Epoch time :  0.07993356324732304  Train L2 Loss :  2.2100306841043325
Epoch :  696  Epoch time :  0.07991278357803822  Train L2 Loss :  2.2098268148226614
Epoch :  697  Epoch time :  0.07836187537759542  Train L2 Loss :  2.2097519299922843
Epoch :  698  Epoch time :  0.0809441339224577  Train L2 Loss :  2.2094859037643824
Epoch :  699  Epoch time :  0.0801236443221569  Train L2 Loss :  2.2093770503997803
Epoch :  700  Epoch time :  0.08008108846843243  Train L2 Loss :  2.208961994220049
Epoch :  701  Epoch time :  0.08029979839920998  Train L2 Loss :  2.20900297164917
Epoch :  702  Epoch time :  0.08040308300405741  Train L2 Loss :  2.208881934483846
Epoch :  703  Epoch time :  0.07816299796104431  Train L2 Loss :  2.2087641740456605
Epoch :  704  Epoch time :  0.08065622299909592  Train L2 Loss :  2.2086883875039907
Epoch :  705  Epoch time :  0.08014935068786144  Train L2 Loss :  2.20858428417108
Epoch :  706  Epoch time :  0.07997011952102184  Train L2 Loss :  2.2084888250399857
Epoch :  707  Epoch time :  0.08005718048661947  Train L2 Loss :  2.2085005747966275
Epoch :  708  Epoch time :  0.07992990408092737  Train L2 Loss :  2.208347675127861
Epoch :  709  Epoch time :  0.07807779032737017  Train L2 Loss :  2.2082517452729054
Epoch :  710  Epoch time :  0.08030952885746956  Train L2 Loss :  2.2082182810856748
Epoch :  711  Epoch time :  0.08039207849651575  Train L2 Loss :  2.2081734400529127
Epoch :  712  Epoch time :  0.08011465054005384  Train L2 Loss :  2.2080472738314896
Epoch :  713  Epoch time :  0.08007984515279531  Train L2 Loss :  2.207996509014032
Epoch :  714  Epoch time :  0.08010811358690262  Train L2 Loss :  2.2078797664397802
Epoch :  715  Epoch time :  0.07816638704389334  Train L2 Loss :  2.207783436163878
Epoch :  716  Epoch time :  0.08026295341551304  Train L2 Loss :  2.207785624724168
Epoch :  717  Epoch time :  0.0805237190797925  Train L2 Loss :  2.2076693987235045
Epoch :  718  Epoch time :  0.08008827175945044  Train L2 Loss :  2.207509462650006
Epoch :  719  Epoch time :  0.08023158647119999  Train L2 Loss :  2.207497101563674
Epoch :  720  Epoch time :  0.10269489418715239  Train L2 Loss :  2.207378680889423
Epoch :  721  Epoch time :  0.07791275531053543  Train L2 Loss :  2.2072985355670633
Epoch :  722  Epoch time :  0.07883898820728064  Train L2 Loss :  2.2072773102002268
Epoch :  723  Epoch time :  0.07890571560710669  Train L2 Loss :  2.20713681441087
Epoch :  724  Epoch time :  0.07899758592247963  Train L2 Loss :  2.2071059422615247
Epoch :  725  Epoch time :  0.07879397738724947  Train L2 Loss :  2.2070494309449806
Epoch :  726  Epoch time :  0.07879417389631271  Train L2 Loss :  2.206927030514448
Epoch :  727  Epoch time :  0.07721914350986481  Train L2 Loss :  2.2068657936194005
Epoch :  728  Epoch time :  0.07881963718682528  Train L2 Loss :  2.206736148932041
Epoch :  729  Epoch time :  0.07941867597401142  Train L2 Loss :  2.2067017188439
Epoch :  730  Epoch time :  0.07928357645869255  Train L2 Loss :  2.2065780529609094
Epoch :  731  Epoch time :  0.07885804306715727  Train L2 Loss :  2.2066030563452306
Epoch :  732  Epoch time :  0.07883965782821178  Train L2 Loss :  2.206489758613782
Epoch :  733  Epoch time :  0.07742077670991421  Train L2 Loss :  2.2063968976338706
Epoch :  734  Epoch time :  0.07912794221192598  Train L2 Loss :  2.206301362086565
Epoch :  735  Epoch time :  0.07955398038029671  Train L2 Loss :  2.206264031239045
Epoch :  736  Epoch time :  0.07962299231439829  Train L2 Loss :  2.20607180473132
Epoch :  737  Epoch time :  0.07925332896411419  Train L2 Loss :  2.2060778446686573
Epoch :  738  Epoch time :  0.07912899926304817  Train L2 Loss :  2.206076878767747
Epoch :  739  Epoch time :  0.07741050515323877  Train L2 Loss :  2.2059390728290262
Epoch :  740  Epoch time :  0.07934234198182821  Train L2 Loss :  2.2059544722239175
Epoch :  741  Epoch time :  0.07958887051790953  Train L2 Loss :  2.2057305849515476
Epoch :  742  Epoch time :  0.07918378803879023  Train L2 Loss :  2.2056461664346547
Epoch :  743  Epoch time :  0.07886801846325397  Train L2 Loss :  2.2056881953508425
Epoch :  744  Epoch time :  0.07910966780036688  Train L2 Loss :  2.2054272248194766
Epoch :  745  Epoch time :  0.07739842589944601  Train L2 Loss :  2.20539736136412
Epoch :  746  Epoch time :  0.0805124081671238  Train L2 Loss :  2.205310760400234
Epoch :  747  Epoch time :  0.07966065034270287  Train L2 Loss :  2.205304347551786
Epoch :  748  Epoch time :  0.07958241458982229  Train L2 Loss :  2.205120951701433
Epoch :  749  Epoch time :  0.0791852492839098  Train L2 Loss :  2.2050617658174954
Epoch :  750  Epoch time :  0.07936347275972366  Train L2 Loss :  2.2050139842889247
Epoch :  751  Epoch time :  0.07771254703402519  Train L2 Loss :  2.2049122284620237
Epoch :  752  Epoch time :  0.07979640923440456  Train L2 Loss :  2.204905179830698
Epoch :  753  Epoch time :  0.07939711399376392  Train L2 Loss :  2.2047423796776013
Epoch :  754  Epoch time :  0.07916360907256603  Train L2 Loss :  2.2047443634424453
Epoch :  755  Epoch time :  0.0792770991101861  Train L2 Loss :  2.2046209634878697
Epoch :  756  Epoch time :  0.07946708425879478  Train L2 Loss :  2.20451265726334
Epoch :  757  Epoch time :  0.0776516068726778  Train L2 Loss :  2.2043873102237015
Epoch :  758  Epoch time :  0.07977950945496559  Train L2 Loss :  2.20434753711407
Epoch :  759  Epoch time :  0.07927306555211544  Train L2 Loss :  2.204242385350741
Epoch :  760  Epoch time :  0.07935034763067961  Train L2 Loss :  2.2041479685367684
Epoch :  761  Epoch time :  0.07953959796577692  Train L2 Loss :  2.20408829053243
Epoch :  762  Epoch time :  0.07922807801514864  Train L2 Loss :  2.2040290465721717
Epoch :  763  Epoch time :  0.0778392581269145  Train L2 Loss :  2.203971178103716
Epoch :  764  Epoch time :  0.07991920225322247  Train L2 Loss :  2.2039686899918776
Epoch :  765  Epoch time :  0.07950229197740555  Train L2 Loss :  2.203849670214531
Epoch :  766  Epoch time :  0.07961750775575638  Train L2 Loss :  2.2037241764557667
Epoch :  767  Epoch time :  0.07963702082633972  Train L2 Loss :  2.2036683009221005
Epoch :  768  Epoch time :  0.07951851654797792  Train L2 Loss :  2.2035619784624147
Epoch :  769  Epoch time :  0.07782269082963467  Train L2 Loss :  2.203522584377191
Epoch :  770  Epoch time :  0.07993889600038528  Train L2 Loss :  2.2034380863874388
Epoch :  771  Epoch time :  0.07960889115929604  Train L2 Loss :  2.2033684314825597
Epoch :  772  Epoch time :  0.07943478878587484  Train L2 Loss :  2.2034221429091234
Epoch :  773  Epoch time :  0.0791853591799736  Train L2 Loss :  2.2031487990648317
Epoch :  774  Epoch time :  0.07938679307699203  Train L2 Loss :  2.2030607737027683
Epoch :  775  Epoch time :  0.0780656160786748  Train L2 Loss :  2.203028440475464
Epoch :  776  Epoch time :  0.07987318094819784  Train L2 Loss :  2.2029359401800694
Epoch :  777  Epoch time :  0.08622240461409092  Train L2 Loss :  2.20293980378371
Epoch :  778  Epoch time :  0.08024788554757833  Train L2 Loss :  2.202764841226431
Epoch :  779  Epoch time :  0.07932438515126705  Train L2 Loss :  2.2026497156192093
Epoch :  780  Epoch time :  0.07933851704001427  Train L2 Loss :  2.2025935160808072
Epoch :  781  Epoch time :  0.07781659718602896  Train L2 Loss :  2.2025124170841317
Epoch :  782  Epoch time :  0.07965126633644104  Train L2 Loss :  2.202416410812965
Epoch :  783  Epoch time :  0.0792505657300353  Train L2 Loss :  2.2023389094915147
Epoch :  784  Epoch time :  0.07925958000123501  Train L2 Loss :  2.202328853118114
Epoch :  785  Epoch time :  0.07943333778530359  Train L2 Loss :  2.202177053842789
Epoch :  786  Epoch time :  0.07931896299123764  Train L2 Loss :  2.202182421317467
Epoch :  787  Epoch time :  0.07749468088150024  Train L2 Loss :  2.202027473694239
Epoch :  788  Epoch time :  0.07976305671036243  Train L2 Loss :  2.2019552206381774
Epoch :  789  Epoch time :  0.079399723559618  Train L2 Loss :  2.2019350345318136
Epoch :  790  Epoch time :  0.07958483882248402  Train L2 Loss :  2.2017696698506675
Epoch :  791  Epoch time :  0.07926515582948923  Train L2 Loss :  2.201748496446854
Epoch :  792  Epoch time :  0.07941284030675888  Train L2 Loss :  2.2016498981378017
Epoch :  793  Epoch time :  0.077925780788064  Train L2 Loss :  2.201603596027081
Epoch :  794  Epoch time :  0.07990166824311018  Train L2 Loss :  2.201523181719658
Epoch :  795  Epoch time :  0.07928640954196453  Train L2 Loss :  2.2013599200126452
Epoch :  796  Epoch time :  0.07965523935854435  Train L2 Loss :  2.201358465047983
Epoch :  797  Epoch time :  0.0792295690625906  Train L2 Loss :  2.2012092700371375
Epoch :  798  Epoch time :  0.07930772099643946  Train L2 Loss :  2.20115781441713
Epoch :  799  Epoch time :  0.07794240396469831  Train L2 Loss :  2.2011276269570375
Epoch :  800  Epoch time :  0.07982038147747517  Train L2 Loss :  2.200895058803069
Epoch :  801  Epoch time :  0.07952661253511906  Train L2 Loss :  2.200836169414031
Epoch :  802  Epoch time :  0.07945513259619474  Train L2 Loss :  2.2007902707809057
Epoch :  803  Epoch time :  0.07940745260566473  Train L2 Loss :  2.2008031759506617
Epoch :  804  Epoch time :  0.07960450742393732  Train L2 Loss :  2.2007561799807425
Epoch :  805  Epoch time :  0.07817345205694437  Train L2 Loss :  2.200689199643257
Epoch :  806  Epoch time :  0.07957736123353243  Train L2 Loss :  2.200652391482622
Epoch :  807  Epoch time :  0.0794578492641449  Train L2 Loss :  2.2006145257216234
Epoch :  808  Epoch time :  0.07948042266070843  Train L2 Loss :  2.2005337446163864
Epoch :  809  Epoch time :  0.0796310156583786  Train L2 Loss :  2.200523480390891
Epoch :  810  Epoch time :  0.0799170695245266  Train L2 Loss :  2.2004987643315244
Epoch :  811  Epoch time :  0.07841348368674517  Train L2 Loss :  2.2004383955246363
Epoch :  812  Epoch time :  0.079198750667274  Train L2 Loss :  2.2004162653898582
Epoch :  813  Epoch time :  0.07949471846222878  Train L2 Loss :  2.2003945448459725
Epoch :  814  Epoch time :  0.07949593756347895  Train L2 Loss :  2.200322890893007
Epoch :  815  Epoch time :  0.07940645609050989  Train L2 Loss :  2.200273422094492
Epoch :  816  Epoch time :  0.07941888924688101  Train L2 Loss :  2.2002641543363914
Epoch :  817  Epoch time :  0.07842269353568554  Train L2 Loss :  2.2001854456388035
Epoch :  818  Epoch time :  0.07911555003374815  Train L2 Loss :  2.2002095870482616
Epoch :  819  Epoch time :  0.07977368123829365  Train L2 Loss :  2.2001376885634203
Epoch :  820  Epoch time :  0.07933387532830238  Train L2 Loss :  2.20012327340933
Epoch :  821  Epoch time :  0.07959042955189943  Train L2 Loss :  2.2000648211210203
Epoch :  822  Epoch time :  0.07940707635134459  Train L2 Loss :  2.200002370736538
Epoch :  823  Epoch time :  0.07919376343488693  Train L2 Loss :  2.199980002183181
Epoch :  824  Epoch time :  0.07900418620556593  Train L2 Loss :  2.1999252759493313
Epoch :  825  Epoch time :  0.07976808957755566  Train L2 Loss :  2.1999007494021683
Epoch :  826  Epoch time :  0.07961523253470659  Train L2 Loss :  2.199852344317314
Epoch :  827  Epoch time :  0.07948409300297499  Train L2 Loss :  2.1998680249238625
Epoch :  828  Epoch time :  0.07965592853724957  Train L2 Loss :  2.1997772669180846
Epoch :  829  Epoch time :  0.0791873661801219  Train L2 Loss :  2.1997478986397767
Epoch :  830  Epoch time :  0.0787597605958581  Train L2 Loss :  2.1996746307764297
Epoch :  831  Epoch time :  0.07959386613219976  Train L2 Loss :  2.19964678470905
Epoch :  832  Epoch time :  0.08210981264710426  Train L2 Loss :  2.1996050553444104
Epoch :  833  Epoch time :  0.07959779165685177  Train L2 Loss :  2.1995767874595447
Epoch :  834  Epoch time :  0.07970725186169147  Train L2 Loss :  2.199593403400519
Epoch :  835  Epoch time :  0.07921047601848841  Train L2 Loss :  2.1994781494140625
Epoch :  836  Epoch time :  0.07892678957432508  Train L2 Loss :  2.199448512150691
Epoch :  837  Epoch time :  0.07965325564146042  Train L2 Loss :  2.1993858080643873
Epoch :  838  Epoch time :  0.07971684448421001  Train L2 Loss :  2.199358817858574
Epoch :  839  Epoch time :  0.07946902140974998  Train L2 Loss :  2.1993469580625877
Epoch :  840  Epoch time :  0.07957975193858147  Train L2 Loss :  2.199295551348955
Epoch :  841  Epoch time :  0.07931267656385899  Train L2 Loss :  2.1992498361147366
Epoch :  842  Epoch time :  0.07864902261644602  Train L2 Loss :  2.199189843275608
Epoch :  843  Epoch time :  0.07965284958481789  Train L2 Loss :  2.1991466925694394
Epoch :  844  Epoch time :  0.07987573370337486  Train L2 Loss :  2.1990962273035293
Epoch :  845  Epoch time :  0.07956652157008648  Train L2 Loss :  2.1990743783804088
Epoch :  846  Epoch time :  0.07945254351943731  Train L2 Loss :  2.1990455052791495
Epoch :  847  Epoch time :  0.07943458948284388  Train L2 Loss :  2.1989837548671622
Epoch :  848  Epoch time :  0.07866160850971937  Train L2 Loss :  2.198945369475927
Epoch :  849  Epoch time :  0.07979454379528761  Train L2 Loss :  2.198913500859187
Epoch :  850  Epoch time :  0.07992081996053457  Train L2 Loss :  2.198871059295459
Epoch :  851  Epoch time :  0.07958647329360247  Train L2 Loss :  2.198816418647766
Epoch :  852  Epoch time :  0.07980766985565424  Train L2 Loss :  2.1987941081707296
Epoch :  853  Epoch time :  0.07952995412051678  Train L2 Loss :  2.198757758507362
Epoch :  854  Epoch time :  0.07882186211645603  Train L2 Loss :  2.198711101825421
Epoch :  855  Epoch time :  0.07965787779539824  Train L2 Loss :  2.198656448951134
Epoch :  856  Epoch time :  0.07969377376139164  Train L2 Loss :  2.1986130323165503
Epoch :  857  Epoch time :  0.07968608941882849  Train L2 Loss :  2.1985982748178334
Epoch :  858  Epoch time :  0.07968350686132908  Train L2 Loss :  2.198564969576322
Epoch :  859  Epoch time :  0.07976524718105793  Train L2 Loss :  2.198507846930088
Epoch :  860  Epoch time :  0.0788123644888401  Train L2 Loss :  2.1984674686040635
Epoch :  861  Epoch time :  0.07969801593571901  Train L2 Loss :  2.1984083316265006
Epoch :  862  Epoch time :  0.07989061810076237  Train L2 Loss :  2.198415144895896
Epoch :  863  Epoch time :  0.07975534815341234  Train L2 Loss :  2.1983722448349
Epoch :  864  Epoch time :  0.07970041129738092  Train L2 Loss :  2.198294003804525
Epoch :  865  Epoch time :  0.07978432811796665  Train L2 Loss :  2.198244211001274
Epoch :  866  Epoch time :  0.07866411656141281  Train L2 Loss :  2.1982321739196777
Epoch :  867  Epoch time :  0.07972635328769684  Train L2 Loss :  2.1981779367495804
Epoch :  868  Epoch time :  0.07992247864603996  Train L2 Loss :  2.1981558677477713
Epoch :  869  Epoch time :  0.07980260159820318  Train L2 Loss :  2.1980888537871532
Epoch :  870  Epoch time :  0.08011638559401035  Train L2 Loss :  2.19806458399846
Epoch :  871  Epoch time :  0.07984243799000978  Train L2 Loss :  2.1980265959715233
Epoch :  872  Epoch time :  0.0771285006776452  Train L2 Loss :  2.197986847315079
Epoch :  873  Epoch time :  0.08100076206028461  Train L2 Loss :  2.1979223520327835
Epoch :  874  Epoch time :  0.07991059310734272  Train L2 Loss :  2.197892959301288
Epoch :  875  Epoch time :  0.07985373493283987  Train L2 Loss :  2.1978647953424697
Epoch :  876  Epoch time :  0.07993704359978437  Train L2 Loss :  2.1978261195696316
Epoch :  877  Epoch time :  0.08025454822927713  Train L2 Loss :  2.197784402431586
Epoch :  878  Epoch time :  0.0781136890873313  Train L2 Loss :  2.197748771080604
Epoch :  879  Epoch time :  0.07998721487820148  Train L2 Loss :  2.1977148056030273
Epoch :  880  Epoch time :  0.08008892182260752  Train L2 Loss :  2.1976419412172756
Epoch :  881  Epoch time :  0.07988663390278816  Train L2 Loss :  2.1976460982591677
Epoch :  882  Epoch time :  0.07999010104686022  Train L2 Loss :  2.1975687528267884
Epoch :  883  Epoch time :  0.08031302411109209  Train L2 Loss :  2.197569944919684
Epoch :  884  Epoch time :  0.07827314827591181  Train L2 Loss :  2.1975084329262757
Epoch :  885  Epoch time :  0.08206643350422382  Train L2 Loss :  2.1974677672752967
Epoch :  886  Epoch time :  0.08001954667270184  Train L2 Loss :  2.197444493953998
Epoch :  887  Epoch time :  0.0799412801861763  Train L2 Loss :  2.197402122693184
Epoch :  888  Epoch time :  0.0802140710875392  Train L2 Loss :  2.197365552951128
Epoch :  889  Epoch time :  0.080376535654068  Train L2 Loss :  2.1973241720444117
Epoch :  890  Epoch time :  0.07839417457580566  Train L2 Loss :  2.197257549334795
Epoch :  891  Epoch time :  0.07997419964522123  Train L2 Loss :  2.197246099129701
Epoch :  892  Epoch time :  0.0797317298129201  Train L2 Loss :  2.1972150924878244
Epoch :  893  Epoch time :  0.07996418233960867  Train L2 Loss :  2.197128277558547
Epoch :  894  Epoch time :  0.0800193939357996  Train L2 Loss :  2.197104888084607
Epoch :  895  Epoch time :  0.08021184056997299  Train L2 Loss :  2.197069742740729
Epoch :  896  Epoch time :  0.07817600853741169  Train L2 Loss :  2.1970040859320226
Epoch :  897  Epoch time :  0.0798358041793108  Train L2 Loss :  2.1969645756941576
Epoch :  898  Epoch time :  0.0799392843618989  Train L2 Loss :  2.1969716854584522
Epoch :  899  Epoch time :  0.07994193583726883  Train L2 Loss :  2.19688308544648
Epoch :  900  Epoch time :  0.07963701989501715  Train L2 Loss :  2.1968094996916943
Epoch :  901  Epoch time :  0.08019857201725245  Train L2 Loss :  2.1967965211623754
Epoch :  902  Epoch time :  0.0782793452963233  Train L2 Loss :  2.1967715605711327
Epoch :  903  Epoch time :  0.07987959589809179  Train L2 Loss :  2.196756497407571
Epoch :  904  Epoch time :  0.08041924890130758  Train L2 Loss :  2.1967348746764355
Epoch :  905  Epoch time :  0.07969072367995977  Train L2 Loss :  2.196704326531826
Epoch :  906  Epoch time :  0.08004113100469112  Train L2 Loss :  2.1967040514334655
Epoch :  907  Epoch time :  0.08009574376046658  Train L2 Loss :  2.19667134529505
Epoch :  908  Epoch time :  0.07843245472759008  Train L2 Loss :  2.1966492335001626
Epoch :  909  Epoch time :  0.08009432442486286  Train L2 Loss :  2.196642111509274
Epoch :  910  Epoch time :  0.07991502620279789  Train L2 Loss :  2.1966230319096494
Epoch :  911  Epoch time :  0.08000446576625109  Train L2 Loss :  2.196611373852461
Epoch :  912  Epoch time :  0.07998740393668413  Train L2 Loss :  2.196562498043745
Epoch :  913  Epoch time :  0.07993763871490955  Train L2 Loss :  2.196551561355591
Epoch :  914  Epoch time :  0.0784524641931057  Train L2 Loss :  2.1965257082230005
Epoch :  915  Epoch time :  0.07981380075216293  Train L2 Loss :  2.1965056321559806
Epoch :  916  Epoch time :  0.07980703096836805  Train L2 Loss :  2.196503474162175
Epoch :  917  Epoch time :  0.07975210156291723  Train L2 Loss :  2.196483226922842
Epoch :  918  Epoch time :  0.07980746030807495  Train L2 Loss :  2.196497061313727
Epoch :  919  Epoch time :  0.08039850648492575  Train L2 Loss :  2.196435946684617
Epoch :  920  Epoch time :  0.07840005867183208  Train L2 Loss :  2.1964210944297986
Epoch :  921  Epoch time :  0.07990545686334372  Train L2 Loss :  2.196395476659139
Epoch :  922  Epoch time :  0.07968573179095984  Train L2 Loss :  2.1963819846128807
Epoch :  923  Epoch time :  0.07952443417161703  Train L2 Loss :  2.1963829138340096
Epoch :  924  Epoch time :  0.07954918034374714  Train L2 Loss :  2.1963460628802958
Epoch :  925  Epoch time :  0.08021759428083897  Train L2 Loss :  2.1963139130518985
Epoch :  926  Epoch time :  0.07814627233892679  Train L2 Loss :  2.1963028724376974
Epoch :  927  Epoch time :  0.07976405136287212  Train L2 Loss :  2.196282059718401
Epoch :  928  Epoch time :  0.0798951955512166  Train L2 Loss :  2.1962558367313485
Epoch :  929  Epoch time :  0.07981439959257841  Train L2 Loss :  2.1962209970523148
Epoch :  930  Epoch time :  0.07964924350380898  Train L2 Loss :  2.196218044329912
Epoch :  931  Epoch time :  0.08014044351875782  Train L2 Loss :  2.196195351771819
Epoch :  932  Epoch time :  0.07818965427577496  Train L2 Loss :  2.196181303415543
Epoch :  933  Epoch time :  0.07980150077491999  Train L2 Loss :  2.196147234011919
Epoch :  934  Epoch time :  0.07976475730538368  Train L2 Loss :  2.196120714529967
Epoch :  935  Epoch time :  0.07986090611666441  Train L2 Loss :  2.1961104380778775
Epoch :  936  Epoch time :  0.08005987573415041  Train L2 Loss :  2.19608394916241
Epoch :  937  Epoch time :  0.0825626915320754  Train L2 Loss :  2.1960611007152457
Epoch :  938  Epoch time :  0.07835506740957499  Train L2 Loss :  2.1960537250225363
Epoch :  939  Epoch time :  0.07963359355926514  Train L2 Loss :  2.196030842952239
Epoch :  940  Epoch time :  0.07968666404485703  Train L2 Loss :  2.1960011628957896
Epoch :  941  Epoch time :  0.07976370211690664  Train L2 Loss :  2.195989284759913
Epoch :  942  Epoch time :  0.07973386067897081  Train L2 Loss :  2.1959656935471754
Epoch :  943  Epoch time :  0.08009191788733006  Train L2 Loss :  2.1959612858601107
Epoch :  944  Epoch time :  0.078816007822752  Train L2 Loss :  2.195919562608768
Epoch :  945  Epoch time :  0.0798056609928608  Train L2 Loss :  2.1959063028677916
Epoch :  946  Epoch time :  0.08000646531581879  Train L2 Loss :  2.195898392261603
Epoch :  947  Epoch time :  0.07986475434154272  Train L2 Loss :  2.1958798873118863
Epoch :  948  Epoch time :  0.07982568722218275  Train L2 Loss :  2.1958567668230105
Epoch :  949  Epoch time :  0.08050897903740406  Train L2 Loss :  2.1958356698354087
Epoch :  950  Epoch time :  0.07845217641443014  Train L2 Loss :  2.195811302233965
Epoch :  951  Epoch time :  0.08010744117200375  Train L2 Loss :  2.195799063413571
Epoch :  952  Epoch time :  0.08007010072469711  Train L2 Loss :  2.195759626535269
Epoch :  953  Epoch time :  0.07993553578853607  Train L2 Loss :  2.1957565393203344
Epoch :  954  Epoch time :  0.08002332597970963  Train L2 Loss :  2.195734305259509
Epoch :  955  Epoch time :  0.0801422605291009  Train L2 Loss :  2.195715531324729
Epoch :  956  Epoch time :  0.07831178698688745  Train L2 Loss :  2.1956994839203663
Epoch :  957  Epoch time :  0.08017103839665651  Train L2 Loss :  2.1957087211119823
Epoch :  958  Epoch time :  0.07982646487653255  Train L2 Loss :  2.1956321581816063
Epoch :  959  Epoch time :  0.07981776166707277  Train L2 Loss :  2.1956559878129225
Epoch :  960  Epoch time :  0.07992411870509386  Train L2 Loss :  2.1956037619175057
Epoch :  961  Epoch time :  0.08027967624366283  Train L2 Loss :  2.195591993820973
Epoch :  962  Epoch time :  0.07863280177116394  Train L2 Loss :  2.195566629752135
Epoch :  963  Epoch time :  0.08000702783465385  Train L2 Loss :  2.1955587374858365
Epoch :  964  Epoch time :  0.0799584100022912  Train L2 Loss :  2.1955362955729165
Epoch :  965  Epoch time :  0.08003961853682995  Train L2 Loss :  2.195497363041609
Epoch :  966  Epoch time :  0.08004566002637148  Train L2 Loss :  2.1954953303703895
Epoch :  967  Epoch time :  0.08008313458412886  Train L2 Loss :  2.195501217475304
Epoch :  968  Epoch time :  0.07838909514248371  Train L2 Loss :  2.1954611264742336
Epoch :  969  Epoch time :  0.07986578531563282  Train L2 Loss :  2.19544032903818
Epoch :  970  Epoch time :  0.07966473698616028  Train L2 Loss :  2.195405966196305
Epoch :  971  Epoch time :  0.07996106706559658  Train L2 Loss :  2.195398685259697
Epoch :  972  Epoch time :  0.07994761783629656  Train L2 Loss :  2.1953825767223654
Epoch :  973  Epoch time :  0.08005299232900143  Train L2 Loss :  2.195365514510717
Epoch :  974  Epoch time :  0.0784177491441369  Train L2 Loss :  2.19534803659488
Epoch :  975  Epoch time :  0.08001448307186365  Train L2 Loss :  2.1953204228327823
Epoch :  976  Epoch time :  0.08029739279299974  Train L2 Loss :  2.195296593201466
Epoch :  977  Epoch time :  0.08011597394943237  Train L2 Loss :  2.1952924117063866
Epoch :  978  Epoch time :  0.08019634243100882  Train L2 Loss :  2.1952507618146067
Epoch :  979  Epoch time :  0.0823956299573183  Train L2 Loss :  2.195224113953419
Epoch :  980  Epoch time :  0.0790537353605032  Train L2 Loss :  2.1952191560696335
Epoch :  981  Epoch time :  0.08014816138893366  Train L2 Loss :  2.1952098516317515
Epoch :  982  Epoch time :  0.08006949257105589  Train L2 Loss :  2.1951733430226645
Epoch :  983  Epoch time :  0.07970638480037451  Train L2 Loss :  2.1951565620226736
Epoch :  984  Epoch time :  0.07967049349099398  Train L2 Loss :  2.1951372623443604
Epoch :  985  Epoch time :  0.07996448501944542  Train L2 Loss :  2.1951193503844433
Epoch :  986  Epoch time :  0.07836618646979332  Train L2 Loss :  2.195109642468966
Epoch :  987  Epoch time :  0.07979843579232693  Train L2 Loss :  2.1950806104219875
Epoch :  988  Epoch time :  0.07981401961296797  Train L2 Loss :  2.19505980075934
Epoch :  989  Epoch time :  0.07969823107123375  Train L2 Loss :  2.1950343327644544
Epoch :  990  Epoch time :  0.07963387109339237  Train L2 Loss :  2.19503544538449
Epoch :  991  Epoch time :  0.0801889793947339  Train L2 Loss :  2.194983091109838
Epoch :  992  Epoch time :  0.07851749006658792  Train L2 Loss :  2.1949744652479124
Epoch :  993  Epoch time :  0.07999908924102783  Train L2 Loss :  2.1949625871120353
Epoch :  994  Epoch time :  0.08025248721241951  Train L2 Loss :  2.194926836551764
Epoch :  995  Epoch time :  0.08028464671224356  Train L2 Loss :  2.194904834796221
Epoch :  996  Epoch time :  0.08016097731888294  Train L2 Loss :  2.1948860853146286
Epoch :  997  Epoch time :  0.0802439171820879  Train L2 Loss :  2.1948756132370386
Epoch :  998  Epoch time :  0.07883932162076235  Train L2 Loss :  2.1948533761195645
Epoch :  999  Epoch time :  0.08030342683196068  Train L2 Loss :  2.1948530949079075
Total time is : 79.97105542570353 Total epoch is  1000
