Energy is  1.1102230246251565e-15
Input dim :  128  output dim :  4096
1380865
Epoch :  0  Epoch time :  0.30674294382333755  Train L2 Loss :  16.942219122862205
Epoch :  1  Epoch time :  0.10429135337471962  Train L2 Loss :  6.622010463323349
Epoch :  2  Epoch time :  0.10274507943540812  Train L2 Loss :  6.565654986943954
Epoch :  3  Epoch time :  0.10298224724829197  Train L2 Loss :  6.301361670860877
Epoch :  4  Epoch time :  0.10288591403514147  Train L2 Loss :  6.033808096861228
Epoch :  5  Epoch time :  0.10282194893807173  Train L2 Loss :  5.917269119849572
Epoch :  6  Epoch time :  0.10256258957087994  Train L2 Loss :  5.672627742473896
Epoch :  7  Epoch time :  0.10245904419571161  Train L2 Loss :  5.400722185770671
Epoch :  8  Epoch time :  0.10197002813220024  Train L2 Loss :  5.012521401429788
Epoch :  9  Epoch time :  0.10228426847606897  Train L2 Loss :  4.717182929699238
Epoch :  10  Epoch time :  0.10607930086553097  Train L2 Loss :  4.174881788400503
Epoch :  11  Epoch time :  0.10315786954015493  Train L2 Loss :  3.7562405390617175
Epoch :  12  Epoch time :  0.10282164718955755  Train L2 Loss :  3.5355019447131033
Epoch :  13  Epoch time :  0.10198720823973417  Train L2 Loss :  3.3030786514282227
Epoch :  14  Epoch time :  0.10281365178525448  Train L2 Loss :  3.086396950941819
Epoch :  15  Epoch time :  0.10279587097465992  Train L2 Loss :  2.9368482553041897
Epoch :  16  Epoch time :  0.10246336460113525  Train L2 Loss :  2.764575664813702
Epoch :  17  Epoch time :  0.10243520978838205  Train L2 Loss :  2.5335077933776073
Epoch :  18  Epoch time :  0.1031368263065815  Train L2 Loss :  2.4992227065257535
Epoch :  19  Epoch time :  0.10355296172201633  Train L2 Loss :  2.4177540632394643
Epoch :  20  Epoch time :  0.10325073637068272  Train L2 Loss :  2.1725450417934318
Epoch :  21  Epoch time :  0.10341599490493536  Train L2 Loss :  2.0439166258542967
Epoch :  22  Epoch time :  0.10293095372617245  Train L2 Loss :  2.1291150802221055
Epoch :  23  Epoch time :  0.10623012017458677  Train L2 Loss :  1.9235220566774025
Epoch :  24  Epoch time :  0.10390681773424149  Train L2 Loss :  1.8159993550716302
Epoch :  25  Epoch time :  0.1032076682895422  Train L2 Loss :  1.6550411750108769
Epoch :  26  Epoch time :  0.10390026681125164  Train L2 Loss :  1.5901321142147748
Epoch :  27  Epoch time :  0.10232157167047262  Train L2 Loss :  1.5358885068159838
Epoch :  28  Epoch time :  0.10309440270066261  Train L2 Loss :  1.5107018641936474
Epoch :  29  Epoch time :  0.10276783630251884  Train L2 Loss :  1.4594682669028258
Epoch :  30  Epoch time :  0.10234081372618675  Train L2 Loss :  1.419906341112577
Epoch :  31  Epoch time :  0.10179722961038351  Train L2 Loss :  1.3630071205970569
Epoch :  32  Epoch time :  0.10238132905215025  Train L2 Loss :  1.3064174285301795
Epoch :  33  Epoch time :  0.10298002231866121  Train L2 Loss :  1.2449679313561854
Epoch :  34  Epoch time :  0.10278221685439348  Train L2 Loss :  1.2492729394863813
Epoch :  35  Epoch time :  0.10578190442174673  Train L2 Loss :  1.1869519979525835
Epoch :  36  Epoch time :  0.10273303836584091  Train L2 Loss :  1.1593400973540087
Epoch :  37  Epoch time :  0.10349760763347149  Train L2 Loss :  1.1213666811967506
Epoch :  38  Epoch time :  0.1035882756114006  Train L2 Loss :  1.1448766268216646
Epoch :  39  Epoch time :  0.10399934276938438  Train L2 Loss :  1.2003393478882618
Epoch :  40  Epoch time :  0.10347396042197943  Train L2 Loss :  1.175533407773727
Epoch :  41  Epoch time :  0.10297356639057398  Train L2 Loss :  1.1028170509216113
Epoch :  42  Epoch time :  0.10345840733498335  Train L2 Loss :  0.9905695884655683
Epoch :  43  Epoch time :  0.10335350316017866  Train L2 Loss :  0.9782860615314581
Epoch :  44  Epoch time :  0.1029849462211132  Train L2 Loss :  0.976791806710072
Epoch :  45  Epoch time :  0.10262936633080244  Train L2 Loss :  0.9895075360933939
Epoch :  46  Epoch time :  0.1028769314289093  Train L2 Loss :  1.0021105347535548
Epoch :  47  Epoch time :  0.10650144889950752  Train L2 Loss :  1.0166239952429748
Epoch :  48  Epoch time :  0.10356152802705765  Train L2 Loss :  0.8771742704587105
Epoch :  49  Epoch time :  0.10337821114808321  Train L2 Loss :  0.8367693225542704
Epoch :  50  Epoch time :  0.10292560327798128  Train L2 Loss :  0.844712618069771
Epoch :  51  Epoch time :  0.1038079196587205  Train L2 Loss :  0.8595739969840417
Epoch :  52  Epoch time :  0.10348641499876976  Train L2 Loss :  0.8010437763654269
Epoch :  53  Epoch time :  0.10389959253370762  Train L2 Loss :  0.7427715521592361
Epoch :  54  Epoch time :  0.10358464252203703  Train L2 Loss :  0.7529589518522605
Epoch :  55  Epoch time :  0.10304047539830208  Train L2 Loss :  0.7481785248487424
Epoch :  56  Epoch time :  0.10354588367044926  Train L2 Loss :  0.7239619890848795
Epoch :  57  Epoch time :  0.10303724836558104  Train L2 Loss :  0.7111009970689431
Epoch :  58  Epoch time :  0.10322273429483175  Train L2 Loss :  0.7047412349627569
Epoch :  59  Epoch time :  0.10185263212770224  Train L2 Loss :  0.7817921241124471
Epoch :  60  Epoch time :  0.10514023434370756  Train L2 Loss :  0.8282274099496695
Epoch :  61  Epoch time :  0.10312805231660604  Train L2 Loss :  0.7801324434769459
Epoch :  62  Epoch time :  0.10311413090676069  Train L2 Loss :  0.6958207090695699
Epoch :  63  Epoch time :  0.10299941711127758  Train L2 Loss :  0.6903548729725373
Epoch :  64  Epoch time :  0.1024993285536766  Train L2 Loss :  0.7053424242215279
Epoch :  65  Epoch time :  0.10368015989661217  Train L2 Loss :  0.6251673102378845
Epoch :  66  Epoch time :  0.10291202086955309  Train L2 Loss :  0.5845718521338242
Epoch :  67  Epoch time :  0.10376502573490143  Train L2 Loss :  0.5685842029559307
Epoch :  68  Epoch time :  0.10431746579706669  Train L2 Loss :  0.5596870825840876
Epoch :  69  Epoch time :  0.10328398179262877  Train L2 Loss :  0.5460561269368881
Epoch :  70  Epoch time :  0.10431653261184692  Train L2 Loss :  0.5250685658210363
Epoch :  71  Epoch time :  0.10344845242798328  Train L2 Loss :  0.5336345533529917
Epoch :  72  Epoch time :  0.10560294799506664  Train L2 Loss :  0.4930779628264598
Epoch :  73  Epoch time :  0.10264628659933805  Train L2 Loss :  0.453745030439817
Epoch :  74  Epoch time :  0.10383297596126795  Train L2 Loss :  0.42829996805924636
Epoch :  75  Epoch time :  0.10338322725147009  Train L2 Loss :  0.44923602923368794
Epoch :  76  Epoch time :  0.10338618699461222  Train L2 Loss :  0.481746481015132
Epoch :  77  Epoch time :  0.10318383947014809  Train L2 Loss :  0.48844740176812196
Epoch :  78  Epoch time :  0.10283692739903927  Train L2 Loss :  0.4747913816036322
Epoch :  79  Epoch time :  0.10299674794077873  Train L2 Loss :  0.5047401243295425
Epoch :  80  Epoch time :  0.1030404707416892  Train L2 Loss :  0.5250292214063498
Epoch :  81  Epoch time :  0.10351522080600262  Train L2 Loss :  0.5656810998916626
Epoch :  82  Epoch time :  0.10308336839079857  Train L2 Loss :  0.5268490406183096
Epoch :  83  Epoch time :  0.10265736933797598  Train L2 Loss :  0.5742204647797805
Epoch :  84  Epoch time :  0.10319752525538206  Train L2 Loss :  0.5113460956475674
Epoch :  85  Epoch time :  0.10467744432389736  Train L2 Loss :  0.4781228586649283
Epoch :  86  Epoch time :  0.10291094332933426  Train L2 Loss :  0.45400166053038377
Epoch :  87  Epoch time :  0.10309556405991316  Train L2 Loss :  0.43720566767912644
Epoch :  88  Epoch time :  0.10357060097157955  Train L2 Loss :  0.4792141364170955
Epoch :  89  Epoch time :  0.10384215414524078  Train L2 Loss :  0.49280229134437364
Epoch :  90  Epoch time :  0.10436605103313923  Train L2 Loss :  0.4675299066763658
Epoch :  91  Epoch time :  0.10357707273215055  Train L2 Loss :  0.43379214558845913
Epoch :  92  Epoch time :  0.10353304259479046  Train L2 Loss :  0.4483434206400162
Epoch :  93  Epoch time :  0.10394655354321003  Train L2 Loss :  0.42395301201404667
Epoch :  94  Epoch time :  0.10392833314836025  Train L2 Loss :  0.39936530666473585
Epoch :  95  Epoch time :  0.10402518231421709  Train L2 Loss :  0.40328778364719486
Epoch :  96  Epoch time :  0.10424979031085968  Train L2 Loss :  0.4223013275708908
Epoch :  97  Epoch time :  0.10383791476488113  Train L2 Loss :  0.41319076067362076
Epoch :  98  Epoch time :  0.10411830525845289  Train L2 Loss :  0.483484264367666
Epoch :  99  Epoch time :  0.10474103968590498  Train L2 Loss :  0.4581191096550379
Epoch :  100  Epoch time :  0.10400095954537392  Train L2 Loss :  0.39506412393007523
Epoch :  101  Epoch time :  0.10311200190335512  Train L2 Loss :  0.3223953384619493
Epoch :  102  Epoch time :  0.10391734540462494  Train L2 Loss :  0.2940765802676861
Epoch :  103  Epoch time :  0.1062377355992794  Train L2 Loss :  0.28194394631263536
Epoch :  104  Epoch time :  0.103748032823205  Train L2 Loss :  0.2766227913208497
Epoch :  105  Epoch time :  0.10634079482406378  Train L2 Loss :  0.2704657705930563
Epoch :  106  Epoch time :  0.10333721246570349  Train L2 Loss :  0.2677700175688817
Epoch :  107  Epoch time :  0.10408380068838596  Train L2 Loss :  0.2639158444526868
Epoch :  108  Epoch time :  0.10376557614654303  Train L2 Loss :  0.26131167167272323
Epoch :  109  Epoch time :  0.10412986110895872  Train L2 Loss :  0.25904308144862837
Epoch :  110  Epoch time :  0.10394069645553827  Train L2 Loss :  0.25780383134499574
Epoch :  111  Epoch time :  0.10355131421238184  Train L2 Loss :  0.25581101805735856
Epoch :  112  Epoch time :  0.10343818832188845  Train L2 Loss :  0.2538596223562192
Epoch :  113  Epoch time :  0.10426404420286417  Train L2 Loss :  0.2533282278439937
Epoch :  114  Epoch time :  0.10394315328449011  Train L2 Loss :  0.2522525695654062
Epoch :  115  Epoch time :  0.10346961580216885  Train L2 Loss :  0.24985641584946558
Epoch :  116  Epoch time :  0.10392757132649422  Train L2 Loss :  0.24797329803307852
Epoch :  117  Epoch time :  0.10384603310376406  Train L2 Loss :  0.24597563575475645
Epoch :  118  Epoch time :  0.10395486373454332  Train L2 Loss :  0.2445298845951374
Epoch :  119  Epoch time :  0.10387105867266655  Train L2 Loss :  0.2434012370231824
Epoch :  120  Epoch time :  0.10378679260611534  Train L2 Loss :  0.24159303536781898
Epoch :  121  Epoch time :  0.10404322296380997  Train L2 Loss :  0.24014141926398644
Epoch :  122  Epoch time :  0.1045343754813075  Train L2 Loss :  0.23880231915376124
Epoch :  123  Epoch time :  0.10395032074302435  Train L2 Loss :  0.23677343359360328
Epoch :  124  Epoch time :  0.1042791735380888  Train L2 Loss :  0.2349032767308064
Epoch :  125  Epoch time :  0.10592320188879967  Train L2 Loss :  0.2330079029003779
Epoch :  126  Epoch time :  0.10379698686301708  Train L2 Loss :  0.2321181297302246
Epoch :  127  Epoch time :  0.10374840628355742  Train L2 Loss :  0.23060924044022194
Epoch :  128  Epoch time :  0.10341869667172432  Train L2 Loss :  0.22876877815295488
Epoch :  129  Epoch time :  0.10265383869409561  Train L2 Loss :  0.22721523772447538
Epoch :  130  Epoch time :  0.10445890296250582  Train L2 Loss :  0.22589731980592775
Epoch :  131  Epoch time :  0.10348430275917053  Train L2 Loss :  0.22447882401637542
Epoch :  132  Epoch time :  0.10405950713902712  Train L2 Loss :  0.2236207807675386
Epoch :  133  Epoch time :  0.10330701433122158  Train L2 Loss :  0.2225113216883097
Epoch :  134  Epoch time :  0.10242767259478569  Train L2 Loss :  0.22204560729173514
Epoch :  135  Epoch time :  0.10362401138991117  Train L2 Loss :  0.22264826985505912
Epoch :  136  Epoch time :  0.10373083036392927  Train L2 Loss :  0.22296445262737763
Epoch :  137  Epoch time :  0.10395345836877823  Train L2 Loss :  0.21900493594316336
Epoch :  138  Epoch time :  0.10369822010397911  Train L2 Loss :  0.22036363528325006
Epoch :  139  Epoch time :  0.10370695125311613  Train L2 Loss :  0.22046371874136803
Epoch :  140  Epoch time :  0.1035231901332736  Train L2 Loss :  0.21571350403321096
Epoch :  141  Epoch time :  0.10432905610650778  Train L2 Loss :  0.21645842836453363
Epoch :  142  Epoch time :  0.10378117486834526  Train L2 Loss :  0.21764702254380935
Epoch :  143  Epoch time :  0.10351197421550751  Train L2 Loss :  0.21501730076777628
Epoch :  144  Epoch time :  0.10413377825170755  Train L2 Loss :  0.2136283402259533
Epoch :  145  Epoch time :  0.1041667303070426  Train L2 Loss :  0.2141001644806984
Epoch :  146  Epoch time :  0.10567511897534132  Train L2 Loss :  0.21914140918315986
Epoch :  147  Epoch time :  0.1038840152323246  Train L2 Loss :  0.21984805434178084
Epoch :  148  Epoch time :  0.10370485577732325  Train L2 Loss :  0.21418399115403494
Epoch :  149  Epoch time :  0.10389716643840075  Train L2 Loss :  0.2125937961615049
Epoch :  150  Epoch time :  0.10451862961053848  Train L2 Loss :  0.21729073998255607
Epoch :  151  Epoch time :  0.10375919565558434  Train L2 Loss :  0.22109228334365746
Epoch :  152  Epoch time :  0.103532824665308  Train L2 Loss :  0.2154237498075534
Epoch :  153  Epoch time :  0.10358856711536646  Train L2 Loss :  0.22464272456291395
Epoch :  154  Epoch time :  0.10372594185173512  Train L2 Loss :  0.22735370580966657
Epoch :  155  Epoch time :  0.10460753180086613  Train L2 Loss :  0.2392732906035888
Epoch :  156  Epoch time :  0.10398760810494423  Train L2 Loss :  0.22834994739446884
Epoch :  157  Epoch time :  0.10368507355451584  Train L2 Loss :  0.22846501148664033
Epoch :  158  Epoch time :  0.10434907115995884  Train L2 Loss :  0.21793514451919457
Epoch :  159  Epoch time :  0.10375303588807583  Train L2 Loss :  0.2188588201235502
Epoch :  160  Epoch time :  0.10460055340081453  Train L2 Loss :  0.2419350246588389
Epoch :  161  Epoch time :  0.1039036801084876  Train L2 Loss :  0.2595280897923005
Epoch :  162  Epoch time :  0.10311801545321941  Train L2 Loss :  0.24632702958889496
Epoch :  163  Epoch time :  0.10427884012460709  Train L2 Loss :  0.23965497047473222
Epoch :  164  Epoch time :  0.1039300886914134  Train L2 Loss :  0.2372540831565857
Epoch :  165  Epoch time :  0.10417345631867647  Train L2 Loss :  0.23872052476956293
Epoch :  166  Epoch time :  0.10528804827481508  Train L2 Loss :  0.23422499574147737
Epoch :  167  Epoch time :  0.10346058383584023  Train L2 Loss :  0.24799439463859949
Epoch :  168  Epoch time :  0.10438560135662556  Train L2 Loss :  0.24225224745579255
Epoch :  169  Epoch time :  0.10418489295989275  Train L2 Loss :  0.23865372171768776
Epoch :  170  Epoch time :  0.10488302353769541  Train L2 Loss :  0.236686980113005
Epoch :  171  Epoch time :  0.10507140681147575  Train L2 Loss :  0.2304424001620366
Epoch :  172  Epoch time :  0.10419195424765348  Train L2 Loss :  0.22631398683939224
Epoch :  173  Epoch time :  0.10374101530760527  Train L2 Loss :  0.20684593954147437
Epoch :  174  Epoch time :  0.10386806447058916  Train L2 Loss :  0.2095555021212651
Epoch :  175  Epoch time :  0.10462452098727226  Train L2 Loss :  0.20750001072883606
Epoch :  176  Epoch time :  0.10328233614563942  Train L2 Loss :  0.21536326714051077
Epoch :  177  Epoch time :  0.10347989574074745  Train L2 Loss :  0.22764340425148988
Epoch :  178  Epoch time :  0.10398967377841473  Train L2 Loss :  0.22363150883943606
Epoch :  179  Epoch time :  0.10339981224387884  Train L2 Loss :  0.21607993352107513
Epoch :  180  Epoch time :  0.10267359483987093  Train L2 Loss :  0.20658059532825762
Epoch :  181  Epoch time :  0.10266500804573298  Train L2 Loss :  0.19507943514065865
Epoch :  182  Epoch time :  0.10387101396918297  Train L2 Loss :  0.19812357540314013
Epoch :  183  Epoch time :  0.10301813669502735  Train L2 Loss :  0.192494585728034
Epoch :  184  Epoch time :  0.10333018656820059  Train L2 Loss :  0.19658030378512847
Epoch :  185  Epoch time :  0.10306901764124632  Train L2 Loss :  0.19512232679587144
Epoch :  186  Epoch time :  0.10823678784072399  Train L2 Loss :  0.1959886092406053
Epoch :  187  Epoch time :  0.10555727314203978  Train L2 Loss :  0.21256177738690987
Epoch :  188  Epoch time :  0.10415195394307375  Train L2 Loss :  0.21474951887742066
Epoch :  189  Epoch time :  0.10405038204044104  Train L2 Loss :  0.2146322807440391
Epoch :  190  Epoch time :  0.10259376000612974  Train L2 Loss :  0.2122684182264866
Epoch :  191  Epoch time :  0.10420643538236618  Train L2 Loss :  0.20151605820044494
Epoch :  192  Epoch time :  0.10385151393711567  Train L2 Loss :  0.19484570163946885
Epoch :  193  Epoch time :  0.10453894175589085  Train L2 Loss :  0.2010799806851607
Epoch :  194  Epoch time :  0.10412985645234585  Train L2 Loss :  0.19764101314239013
Epoch :  195  Epoch time :  0.10361292585730553  Train L2 Loss :  0.19691382081080705
Epoch :  196  Epoch time :  0.10370347555726767  Train L2 Loss :  0.18590639990109664
Epoch :  197  Epoch time :  0.10406588856130838  Train L2 Loss :  0.1923566426222141
Epoch :  198  Epoch time :  0.10469014476984739  Train L2 Loss :  0.19023112303171402
Epoch :  199  Epoch time :  0.10345916356891394  Train L2 Loss :  0.20156809038076645
Epoch :  200  Epoch time :  0.10387029778212309  Train L2 Loss :  0.19001826567527574
Epoch :  201  Epoch time :  0.10418669413775206  Train L2 Loss :  0.16564074464333364
Epoch :  202  Epoch time :  0.10388965625315905  Train L2 Loss :  0.15284611170108503
Epoch :  203  Epoch time :  0.10413461364805698  Train L2 Loss :  0.14579116381131685
Epoch :  204  Epoch time :  0.10363031085580587  Train L2 Loss :  0.14271503954361647
Epoch :  205  Epoch time :  0.10412352439016104  Train L2 Loss :  0.14091896399473533
Epoch :  206  Epoch time :  0.1197298439219594  Train L2 Loss :  0.13949935291057977
Epoch :  207  Epoch time :  0.10369707457721233  Train L2 Loss :  0.13818151217240554
Epoch :  208  Epoch time :  0.10324481595307589  Train L2 Loss :  0.13710720378618974
Epoch :  209  Epoch time :  0.10355720855295658  Train L2 Loss :  0.13658978197819147
Epoch :  210  Epoch time :  0.10377741977572441  Train L2 Loss :  0.1361432331494796
Epoch :  211  Epoch time :  0.10399207193404436  Train L2 Loss :  0.13553331219233
Epoch :  212  Epoch time :  0.10425054654479027  Train L2 Loss :  0.134900362827839
Epoch :  213  Epoch time :  0.10320275463163853  Train L2 Loss :  0.13439852266739577
Epoch :  214  Epoch time :  0.10408940073102713  Train L2 Loss :  0.13364291649598342
Epoch :  215  Epoch time :  0.1039370596408844  Train L2 Loss :  0.13326520224412283
Epoch :  216  Epoch time :  0.1037755012512207  Train L2 Loss :  0.13245821801515725
Epoch :  217  Epoch time :  0.10386672057211399  Train L2 Loss :  0.13221692504026952
Epoch :  218  Epoch time :  0.10406247340142727  Train L2 Loss :  0.13175925536033434
Epoch :  219  Epoch time :  0.10387198347598314  Train L2 Loss :  0.13118970164885888
Epoch :  220  Epoch time :  0.10391080938279629  Train L2 Loss :  0.13038660509464067
Epoch :  221  Epoch time :  0.10381405800580978  Train L2 Loss :  0.12994895034875625
Epoch :  222  Epoch time :  0.1029283320531249  Train L2 Loss :  0.13005302235102043
Epoch :  223  Epoch time :  0.10813659057021141  Train L2 Loss :  0.12925299944785926
Epoch :  224  Epoch time :  0.1042811656370759  Train L2 Loss :  0.12869744766981173
Epoch :  225  Epoch time :  0.10380975250154734  Train L2 Loss :  0.12842064943069068
Epoch :  226  Epoch time :  0.10444401018321514  Train L2 Loss :  0.12746125345046705
Epoch :  227  Epoch time :  0.1039580637589097  Train L2 Loss :  0.12740266170257178
Epoch :  228  Epoch time :  0.10408930946141481  Train L2 Loss :  0.12670229719235346
Epoch :  229  Epoch time :  0.1043623210862279  Train L2 Loss :  0.12603987218477788
Epoch :  230  Epoch time :  0.10411433596163988  Train L2 Loss :  0.1256607044965793
Epoch :  231  Epoch time :  0.10371341556310654  Train L2 Loss :  0.1252600134183199
Epoch :  232  Epoch time :  0.10304782725870609  Train L2 Loss :  0.12491633074405865
Epoch :  233  Epoch time :  0.10458161402493715  Train L2 Loss :  0.12491286794344585
Epoch :  234  Epoch time :  0.10415967088192701  Train L2 Loss :  0.12438535461058983
Epoch :  235  Epoch time :  0.10471644345670938  Train L2 Loss :  0.12463720142841339
Epoch :  236  Epoch time :  0.10372188687324524  Train L2 Loss :  0.12416044641763736
Epoch :  237  Epoch time :  0.10466624051332474  Train L2 Loss :  0.12281430340730227
Epoch :  238  Epoch time :  0.10558151267468929  Train L2 Loss :  0.12245068374352577
Epoch :  239  Epoch time :  0.10529566090553999  Train L2 Loss :  0.12226146918076736
Epoch :  240  Epoch time :  0.10517203062772751  Train L2 Loss :  0.12191494611593393
Epoch :  241  Epoch time :  0.1140655493363738  Train L2 Loss :  0.12238379854422349
Epoch :  242  Epoch time :  0.10416235774755478  Train L2 Loss :  0.12173615434230903
Epoch :  243  Epoch time :  0.10631873365491629  Train L2 Loss :  0.12140238628937648
Epoch :  244  Epoch time :  0.10508363973349333  Train L2 Loss :  0.12183393805454938
Epoch :  245  Epoch time :  0.10429219622164965  Train L2 Loss :  0.12209897201794845
Epoch :  246  Epoch time :  0.10392712615430355  Train L2 Loss :  0.12226904947788288
Epoch :  247  Epoch time :  0.10414040647447109  Train L2 Loss :  0.12243240383955148
Epoch :  248  Epoch time :  0.10537475999444723  Train L2 Loss :  0.12230838185701615
Epoch :  249  Epoch time :  0.10415634512901306  Train L2 Loss :  0.12292928630724931
Epoch :  250  Epoch time :  0.10394027642905712  Train L2 Loss :  0.12642515355195755
Epoch :  251  Epoch time :  0.10407385975122452  Train L2 Loss :  0.12767244340517583
Epoch :  252  Epoch time :  0.10517015308141708  Train L2 Loss :  0.12536677641746324
Epoch :  253  Epoch time :  0.10408464632928371  Train L2 Loss :  0.12404864185895675
Epoch :  254  Epoch time :  0.10440063383430243  Train L2 Loss :  0.12276117923932198
Epoch :  255  Epoch time :  0.10318132862448692  Train L2 Loss :  0.12517130298492235
Epoch :  256  Epoch time :  0.10484325792640448  Train L2 Loss :  0.13094187795351714
Epoch :  257  Epoch time :  0.10472387541085482  Train L2 Loss :  0.141133949924738
Epoch :  258  Epoch time :  0.10424513183534145  Train L2 Loss :  0.14330536662003932
Epoch :  259  Epoch time :  0.10415477119386196  Train L2 Loss :  0.1388926421984648
Epoch :  260  Epoch time :  0.10485743824392557  Train L2 Loss :  0.1361475048156885
Epoch :  261  Epoch time :  0.10584412794560194  Train L2 Loss :  0.13365694421988267
Epoch :  262  Epoch time :  0.10542311705648899  Train L2 Loss :  0.13613157814893967
Epoch :  263  Epoch time :  0.10607011429965496  Train L2 Loss :  0.14770633975664774
Epoch :  264  Epoch time :  0.10554485116153955  Train L2 Loss :  0.1437069513858893
Epoch :  265  Epoch time :  0.1051495410501957  Train L2 Loss :  0.13954424476012206
Epoch :  266  Epoch time :  0.10577183868736029  Train L2 Loss :  0.14565613101690245
Epoch :  267  Epoch time :  0.10551432613283396  Train L2 Loss :  0.15145467947690916
Epoch :  268  Epoch time :  0.10586726758629084  Train L2 Loss :  0.1500765024087368
Epoch :  269  Epoch time :  0.10507370997220278  Train L2 Loss :  0.16667623130174783
Epoch :  270  Epoch time :  0.10562042891979218  Train L2 Loss :  0.1561794571387462
Epoch :  271  Epoch time :  0.1059228153899312  Train L2 Loss :  0.14951113019234094
Epoch :  272  Epoch time :  0.10544162523001432  Train L2 Loss :  0.13732962577770919
Epoch :  273  Epoch time :  0.10444445442408323  Train L2 Loss :  0.12967808888508722
Epoch :  274  Epoch time :  0.10593457333743572  Train L2 Loss :  0.12136455720815903
Epoch :  275  Epoch time :  0.10813204851001501  Train L2 Loss :  0.11811515478751598
Epoch :  276  Epoch time :  0.10597488656640053  Train L2 Loss :  0.11475072724696918
Epoch :  277  Epoch time :  0.10497524961829185  Train L2 Loss :  0.11188614043669823
Epoch :  278  Epoch time :  0.10587681271135807  Train L2 Loss :  0.11291711185223018
Epoch :  279  Epoch time :  0.10534939169883728  Train L2 Loss :  0.11164513879861587
Epoch :  280  Epoch time :  0.10539118573069572  Train L2 Loss :  0.11069071732270412
Epoch :  281  Epoch time :  0.10558653436601162  Train L2 Loss :  0.10887224704791339
Epoch :  282  Epoch time :  0.1056261332705617  Train L2 Loss :  0.10910255863116337
Epoch :  283  Epoch time :  0.10520747397094965  Train L2 Loss :  0.10764602476205581
Epoch :  284  Epoch time :  0.10580811928957701  Train L2 Loss :  0.10810730644525626
Epoch :  285  Epoch time :  0.1047588000074029  Train L2 Loss :  0.10845155364427811
Epoch :  286  Epoch time :  0.10534426476806402  Train L2 Loss :  0.10665807643762001
Epoch :  287  Epoch time :  0.10516590345650911  Train L2 Loss :  0.10636962262483743
Epoch :  288  Epoch time :  0.10545264184474945  Train L2 Loss :  0.10507144568822323
Epoch :  289  Epoch time :  0.10717188846319914  Train L2 Loss :  0.10613934695720673
Epoch :  290  Epoch time :  0.10507269389927387  Train L2 Loss :  0.10670606524516375
Epoch :  291  Epoch time :  0.10540888458490372  Train L2 Loss :  0.10695749521255493
Epoch :  292  Epoch time :  0.10437178146094084  Train L2 Loss :  0.10689354630616996
Epoch :  293  Epoch time :  0.10487422533333302  Train L2 Loss :  0.11017212806603847
Epoch :  294  Epoch time :  0.1048515597358346  Train L2 Loss :  0.11097547526542957
Epoch :  295  Epoch time :  0.10577619820833206  Train L2 Loss :  0.10905849513335106
Epoch :  296  Epoch time :  0.10528402123600245  Train L2 Loss :  0.10718379379847111
Epoch :  297  Epoch time :  0.10469470545649529  Train L2 Loss :  0.11076890906462303
Epoch :  298  Epoch time :  0.10719023179262877  Train L2 Loss :  0.11256880962695831
Epoch :  299  Epoch time :  0.10514383763074875  Train L2 Loss :  0.1166787747389231
Epoch :  300  Epoch time :  0.10522554907947779  Train L2 Loss :  0.11635514788138561
Epoch :  301  Epoch time :  0.10404754895716906  Train L2 Loss :  0.10451615888338822
Epoch :  302  Epoch time :  0.10627022292464972  Train L2 Loss :  0.09837772124088727
Epoch :  303  Epoch time :  0.1058672284707427  Train L2 Loss :  0.09609189018225059
Epoch :  304  Epoch time :  0.10449780989438295  Train L2 Loss :  0.09473245533613059
Epoch :  305  Epoch time :  0.10492789093405008  Train L2 Loss :  0.09398699838381547
Epoch :  306  Epoch time :  0.10692901257425547  Train L2 Loss :  0.09351374228031208
Epoch :  307  Epoch time :  0.10567202977836132  Train L2 Loss :  0.09308148385622562
Epoch :  308  Epoch time :  0.10558123420923948  Train L2 Loss :  0.09272664708968921
Epoch :  309  Epoch time :  0.10536855831742287  Train L2 Loss :  0.09251897304486005
Epoch :  310  Epoch time :  0.10482677258551121  Train L2 Loss :  0.09238647306576753
Epoch :  311  Epoch time :  0.1051928773522377  Train L2 Loss :  0.09218972806747143
Epoch :  312  Epoch time :  0.10530942119657993  Train L2 Loss :  0.09197899813835438
Epoch :  313  Epoch time :  0.10530855040997267  Train L2 Loss :  0.0918891395513828
Epoch :  314  Epoch time :  0.10587252490222454  Train L2 Loss :  0.09167490555689885
Epoch :  315  Epoch time :  0.10453992616385221  Train L2 Loss :  0.0915612253623131
Epoch :  316  Epoch time :  0.10493784677237272  Train L2 Loss :  0.09119443786449921
Epoch :  317  Epoch time :  0.10563153587281704  Train L2 Loss :  0.09093434153459011
Epoch :  318  Epoch time :  0.10611326061189175  Train L2 Loss :  0.0908085742057898
Epoch :  319  Epoch time :  0.10576448775827885  Train L2 Loss :  0.09052636608099326
Epoch :  320  Epoch time :  0.10468175169080496  Train L2 Loss :  0.09037035971115796
Epoch :  321  Epoch time :  0.10532281454652548  Train L2 Loss :  0.09006457412854219
Epoch :  322  Epoch time :  0.10552615579217672  Train L2 Loss :  0.08992847341757554
Epoch :  323  Epoch time :  0.10447476711124182  Train L2 Loss :  0.08970985905482219
Epoch :  324  Epoch time :  0.10402392316609621  Train L2 Loss :  0.08939349765960987
Epoch :  325  Epoch time :  0.10401640459895134  Train L2 Loss :  0.08928520251543094
Epoch :  326  Epoch time :  0.10456614103168249  Train L2 Loss :  0.08905201042309785
Epoch :  327  Epoch time :  0.10457390546798706  Train L2 Loss :  0.0888461783910409
Epoch :  328  Epoch time :  0.10389437712728977  Train L2 Loss :  0.08866977366881493
Epoch :  329  Epoch time :  0.10365087352693081  Train L2 Loss :  0.08823666626062149
Epoch :  330  Epoch time :  0.10370181035250425  Train L2 Loss :  0.08798077358649327
Epoch :  331  Epoch time :  0.10399683099240065  Train L2 Loss :  0.08782979884208778
Epoch :  332  Epoch time :  0.10351609997451305  Train L2 Loss :  0.08774890597814168
Epoch :  333  Epoch time :  0.1040451880544424  Train L2 Loss :  0.08745405097038318
Epoch :  334  Epoch time :  0.103685537353158  Train L2 Loss :  0.08724262584478427
Epoch :  335  Epoch time :  0.10403688531368971  Train L2 Loss :  0.08696432163317998
Epoch :  336  Epoch time :  0.10458029061555862  Train L2 Loss :  0.08696547494484828
Epoch :  337  Epoch time :  0.15670602675527334  Train L2 Loss :  0.08714195168935336
Epoch :  338  Epoch time :  0.1054940614849329  Train L2 Loss :  0.086787699506833
Epoch :  339  Epoch time :  0.10508349072188139  Train L2 Loss :  0.08642896016438802
Epoch :  340  Epoch time :  0.10460002161562443  Train L2 Loss :  0.0860652268314973
Epoch :  341  Epoch time :  0.10428487043827772  Train L2 Loss :  0.08602736909420063
Epoch :  342  Epoch time :  0.10440254770219326  Train L2 Loss :  0.086032234896452
Epoch :  343  Epoch time :  0.10412199329584837  Train L2 Loss :  0.0862996776898702
Epoch :  344  Epoch time :  0.10507441498339176  Train L2 Loss :  0.0864104661039817
Epoch :  345  Epoch time :  0.1042008250951767  Train L2 Loss :  0.08593373994032542
Epoch :  346  Epoch time :  0.10456198267638683  Train L2 Loss :  0.08573932831103985
Epoch :  347  Epoch time :  0.10419694986194372  Train L2 Loss :  0.08516946549598987
Epoch :  348  Epoch time :  0.10474206041544676  Train L2 Loss :  0.08482007414866717
Epoch :  349  Epoch time :  0.10575846768915653  Train L2 Loss :  0.08465530857061729
Epoch :  350  Epoch time :  0.10510883573442698  Train L2 Loss :  0.08464858012321667
Epoch :  351  Epoch time :  0.10556224174797535  Train L2 Loss :  0.0842999728062214
Epoch :  352  Epoch time :  0.10527035035192966  Train L2 Loss :  0.08413631449907254
Epoch :  353  Epoch time :  0.10522869322448969  Train L2 Loss :  0.0841286239715723
Epoch :  354  Epoch time :  0.10558252781629562  Train L2 Loss :  0.08447833989675228
Epoch :  355  Epoch time :  0.1054549552500248  Train L2 Loss :  0.08423440196575263
Epoch :  356  Epoch time :  0.10444667376577854  Train L2 Loss :  0.08459172378747891
Epoch :  357  Epoch time :  0.10430452972650528  Train L2 Loss :  0.0849128789626635
Epoch :  358  Epoch time :  0.10507900919765234  Train L2 Loss :  0.08514767464918968
Epoch :  359  Epoch time :  0.10506117809563875  Train L2 Loss :  0.0842358030569859
Epoch :  360  Epoch time :  0.10529762506484985  Train L2 Loss :  0.08338705373880191
Epoch :  361  Epoch time :  0.1045159287750721  Train L2 Loss :  0.08317578297394973
Epoch :  362  Epoch time :  0.10505635756999254  Train L2 Loss :  0.08289119333792956
Epoch :  363  Epoch time :  0.10586873721331358  Train L2 Loss :  0.08289270733411495
Epoch :  364  Epoch time :  0.1050007026642561  Train L2 Loss :  0.08285866448512444
Epoch :  365  Epoch time :  0.10512431245297194  Train L2 Loss :  0.0831202860826101
Epoch :  366  Epoch time :  0.10346794407814741  Train L2 Loss :  0.08275355742527889
Epoch :  367  Epoch time :  0.10412763431668282  Train L2 Loss :  0.08279792849834149
Epoch :  368  Epoch time :  0.10401670355349779  Train L2 Loss :  0.0821015613201337
Epoch :  369  Epoch time :  0.10382233280688524  Train L2 Loss :  0.08207306800744472
Epoch :  370  Epoch time :  0.12283000349998474  Train L2 Loss :  0.08258520525235397
Epoch :  371  Epoch time :  0.10451366379857063  Train L2 Loss :  0.08241354750517087
Epoch :  372  Epoch time :  0.10425017587840557  Train L2 Loss :  0.08207806448141734
Epoch :  373  Epoch time :  0.10464571602642536  Train L2 Loss :  0.08253591335736789
Epoch :  374  Epoch time :  0.10422242898494005  Train L2 Loss :  0.0823786912056116
Epoch :  375  Epoch time :  0.10407297872006893  Train L2 Loss :  0.08243403851221769
Epoch :  376  Epoch time :  0.10445189010351896  Train L2 Loss :  0.08305779290504944
Epoch :  377  Epoch time :  0.10474719386547804  Train L2 Loss :  0.08556599189073612
Epoch :  378  Epoch time :  0.105176598764956  Train L2 Loss :  0.08580141533643772
Epoch :  379  Epoch time :  0.10405430477112532  Train L2 Loss :  0.08538751036692889
Epoch :  380  Epoch time :  0.10430563427507877  Train L2 Loss :  0.09012500406839909
Epoch :  381  Epoch time :  0.1045004092156887  Train L2 Loss :  0.09701750866877727
Epoch :  382  Epoch time :  0.10453247465193272  Train L2 Loss :  0.09231328734984764
Epoch :  383  Epoch time :  0.10508765745908022  Train L2 Loss :  0.08848719298839569
Epoch :  384  Epoch time :  0.10366631019860506  Train L2 Loss :  0.08871520902865972
Epoch :  385  Epoch time :  0.10557406581938267  Train L2 Loss :  0.09223295614505425
Epoch :  386  Epoch time :  0.10635688807815313  Train L2 Loss :  0.08776820603853618
Epoch :  387  Epoch time :  0.10592244006693363  Train L2 Loss :  0.08541483374742362
Epoch :  388  Epoch time :  0.10630255751311779  Train L2 Loss :  0.08518580977733319
Epoch :  389  Epoch time :  0.10501573886722326  Train L2 Loss :  0.0831217097166257
Epoch :  390  Epoch time :  0.10588282998651266  Train L2 Loss :  0.08221721687378028
Epoch :  391  Epoch time :  0.10632423963397741  Train L2 Loss :  0.08151785188760513
Epoch :  392  Epoch time :  0.10519521590322256  Train L2 Loss :  0.08173392579341546
Epoch :  393  Epoch time :  0.10500973090529442  Train L2 Loss :  0.08069335764799362
Epoch :  394  Epoch time :  0.1053148889914155  Train L2 Loss :  0.0789779890806247
Epoch :  395  Epoch time :  0.10586458258330822  Train L2 Loss :  0.07770406072720504
Epoch :  396  Epoch time :  0.10540797375142574  Train L2 Loss :  0.07672463968778268
Epoch :  397  Epoch time :  0.1055235480889678  Train L2 Loss :  0.07658454775810242
Epoch :  398  Epoch time :  0.10563122667372227  Train L2 Loss :  0.07647554843853681
Epoch :  399  Epoch time :  0.1055906256660819  Train L2 Loss :  0.07579871305288413
Epoch :  400  Epoch time :  0.10587835870683193  Train L2 Loss :  0.07443037629127502
Epoch :  401  Epoch time :  0.10568640474230051  Train L2 Loss :  0.07338739243837503
Epoch :  402  Epoch time :  0.10559464059770107  Train L2 Loss :  0.0728456790630634
Epoch :  403  Epoch time :  0.10498232953250408  Train L2 Loss :  0.07260766453467883
Epoch :  404  Epoch time :  0.10582795180380344  Train L2 Loss :  0.07243889837692945
Epoch :  405  Epoch time :  0.10532603599131107  Train L2 Loss :  0.07229627420504887
Epoch :  406  Epoch time :  0.11149426735937595  Train L2 Loss :  0.07221206525961558
Epoch :  407  Epoch time :  0.10468416567891836  Train L2 Loss :  0.07213675039700973
Epoch :  408  Epoch time :  0.10571988485753536  Train L2 Loss :  0.07201770979624528
Epoch :  409  Epoch time :  0.10568975191563368  Train L2 Loss :  0.07193623788845845
Epoch :  410  Epoch time :  0.10592798050493002  Train L2 Loss :  0.07185917920791186
Epoch :  411  Epoch time :  0.10558515600860119  Train L2 Loss :  0.07177278017386413
Epoch :  412  Epoch time :  0.10569807048887014  Train L2 Loss :  0.07168369434582882
Epoch :  413  Epoch time :  0.10530271660536528  Train L2 Loss :  0.07160189824226575
Epoch :  414  Epoch time :  0.10574966669082642  Train L2 Loss :  0.07149722981147277
Epoch :  415  Epoch time :  0.1051411097869277  Train L2 Loss :  0.07138375211984684
Epoch :  416  Epoch time :  0.10452893655747175  Train L2 Loss :  0.07126028052507302
Epoch :  417  Epoch time :  0.1047414019703865  Train L2 Loss :  0.07118118688082084
Epoch :  418  Epoch time :  0.1052642548456788  Train L2 Loss :  0.07107634173753934
Epoch :  419  Epoch time :  0.10494167543947697  Train L2 Loss :  0.07102570377099209
Epoch :  420  Epoch time :  0.10803406033664942  Train L2 Loss :  0.07092577677506667
Epoch :  421  Epoch time :  0.10448926407843828  Train L2 Loss :  0.07089536694379953
Epoch :  422  Epoch time :  0.10491391643881798  Train L2 Loss :  0.07074754685163498
Epoch :  423  Epoch time :  0.10561041813343763  Train L2 Loss :  0.07060955120966984
Epoch :  424  Epoch time :  0.10613988060504198  Train L2 Loss :  0.0705553833872844
Epoch :  425  Epoch time :  0.10550641920417547  Train L2 Loss :  0.07047769121634655
Epoch :  426  Epoch time :  0.10509835742413998  Train L2 Loss :  0.0703796020303017
Epoch :  427  Epoch time :  0.10618411656469107  Train L2 Loss :  0.07024268538523944
Epoch :  428  Epoch time :  0.10552952997386456  Train L2 Loss :  0.07013742854961982
Epoch :  429  Epoch time :  0.10527012776583433  Train L2 Loss :  0.07002224906896934
Epoch :  430  Epoch time :  0.10547885671257973  Train L2 Loss :  0.07000118589554077
Epoch :  431  Epoch time :  0.10506824310868979  Train L2 Loss :  0.06992140928140053
Epoch :  432  Epoch time :  0.10585451032966375  Train L2 Loss :  0.06981301231262012
Epoch :  433  Epoch time :  0.16858480405062437  Train L2 Loss :  0.06967638929684956
Epoch :  434  Epoch time :  0.1286615189164877  Train L2 Loss :  0.06957746698306157
Epoch :  435  Epoch time :  0.10508999321609735  Train L2 Loss :  0.06949061460984059
Epoch :  436  Epoch time :  0.10524929780513048  Train L2 Loss :  0.06941044139556396
Epoch :  437  Epoch time :  0.1052638553082943  Train L2 Loss :  0.06931793995392628
Epoch :  438  Epoch time :  0.10557753127068281  Train L2 Loss :  0.06925623577374679
Epoch :  439  Epoch time :  0.10456258524209261  Train L2 Loss :  0.06910362094640732
Epoch :  440  Epoch time :  0.10574091412127018  Train L2 Loss :  0.06915319921114506
Epoch :  441  Epoch time :  0.10521020647138357  Train L2 Loss :  0.06915871397807048
Epoch :  442  Epoch time :  0.10817555245012045  Train L2 Loss :  0.06907878797023724
Epoch :  443  Epoch time :  0.10611388273537159  Train L2 Loss :  0.06904597083727519
Epoch :  444  Epoch time :  0.104752735234797  Train L2 Loss :  0.06884909440309574
Epoch :  445  Epoch time :  0.104998710565269  Train L2 Loss :  0.06861383773577519
Epoch :  446  Epoch time :  0.1075024176388979  Train L2 Loss :  0.06852166297344062
Epoch :  447  Epoch time :  0.10522542055696249  Train L2 Loss :  0.0683827837690329
Epoch :  448  Epoch time :  0.10486749280244112  Train L2 Loss :  0.06830575126103866
Epoch :  449  Epoch time :  0.10544423200190067  Train L2 Loss :  0.06805285123678353
Epoch :  450  Epoch time :  0.10607490967959166  Train L2 Loss :  0.06799757671661866
Epoch :  451  Epoch time :  0.1055534090846777  Train L2 Loss :  0.06805362036594978
Epoch :  452  Epoch time :  0.1058036107569933  Train L2 Loss :  0.06795349449683459
Epoch :  453  Epoch time :  0.10495549347251654  Train L2 Loss :  0.06785871279545319
Epoch :  454  Epoch time :  0.1052513150498271  Train L2 Loss :  0.06757541631276791
Epoch :  455  Epoch time :  0.10508085880428553  Train L2 Loss :  0.0674338745765197
Epoch :  456  Epoch time :  0.1057204669341445  Train L2 Loss :  0.06734399421092792
Epoch :  457  Epoch time :  0.10546239651739597  Train L2 Loss :  0.06752798668085
Epoch :  458  Epoch time :  0.10509553924202919  Train L2 Loss :  0.06728784873699531
Epoch :  459  Epoch time :  0.10560924839228392  Train L2 Loss :  0.06708630948112561
Epoch :  460  Epoch time :  0.10574476793408394  Train L2 Loss :  0.06702394554248223
Epoch :  461  Epoch time :  0.10605107340961695  Train L2 Loss :  0.06698219248881707
Epoch :  462  Epoch time :  0.10617595445364714  Train L2 Loss :  0.06715971651749733
Epoch :  463  Epoch time :  0.10570410825312138  Train L2 Loss :  0.06721687813599904
Epoch :  464  Epoch time :  0.10610904358327389  Train L2 Loss :  0.06720911310269283
Epoch :  465  Epoch time :  0.10510524455457926  Train L2 Loss :  0.06716528496681115
Epoch :  466  Epoch time :  0.10587605275213718  Train L2 Loss :  0.06709830405620429
Epoch :  467  Epoch time :  0.10356171522289515  Train L2 Loss :  0.06728927141580826
Epoch :  468  Epoch time :  0.1042590569704771  Train L2 Loss :  0.06730357118141957
Epoch :  469  Epoch time :  0.1038366174325347  Train L2 Loss :  0.06763916348035519
Epoch :  470  Epoch time :  0.1037630857899785  Train L2 Loss :  0.06764018841278858
Epoch :  471  Epoch time :  0.10410679038614035  Train L2 Loss :  0.06789993819517967
Epoch :  472  Epoch time :  0.1035716189071536  Train L2 Loss :  0.06747400531402001
Epoch :  473  Epoch time :  0.1043341001495719  Train L2 Loss :  0.06700732750006211
Epoch :  474  Epoch time :  0.10314993001520634  Train L2 Loss :  0.0665040896871151
Epoch :  475  Epoch time :  0.1038245540112257  Train L2 Loss :  0.06679947043840702
Epoch :  476  Epoch time :  0.10366529133170843  Train L2 Loss :  0.06630465407402088
Epoch :  477  Epoch time :  0.10385777987539768  Train L2 Loss :  0.06638836153806785
Epoch :  478  Epoch time :  0.10426837299019098  Train L2 Loss :  0.06634757553155606
Epoch :  479  Epoch time :  0.1035714978352189  Train L2 Loss :  0.06687691120000985
Epoch :  480  Epoch time :  0.1042855717241764  Train L2 Loss :  0.06714725188719921
Epoch :  481  Epoch time :  0.1057007685303688  Train L2 Loss :  0.06695362638968688
Epoch :  482  Epoch time :  0.10405925009399652  Train L2 Loss :  0.06644490275245446
Epoch :  483  Epoch time :  0.10373406205326319  Train L2 Loss :  0.06680267648055004
Epoch :  484  Epoch time :  0.10440190695226192  Train L2 Loss :  0.06582605857879688
Epoch :  485  Epoch time :  0.10300783440470695  Train L2 Loss :  0.06575734330675541
Epoch :  486  Epoch time :  0.10288543347269297  Train L2 Loss :  0.06569291001711136
Epoch :  487  Epoch time :  0.10289130825549364  Train L2 Loss :  0.0654927039375672
Epoch :  488  Epoch time :  0.10347811970859766  Train L2 Loss :  0.06515209386364007
Epoch :  489  Epoch time :  0.10327919200062752  Train L2 Loss :  0.06529661841117419
Epoch :  490  Epoch time :  0.10301668848842382  Train L2 Loss :  0.06513772255335099
Epoch :  491  Epoch time :  0.10334099642932415  Train L2 Loss :  0.06492101200498067
Epoch :  492  Epoch time :  0.10348623618483543  Train L2 Loss :  0.0648837943489735
Epoch :  493  Epoch time :  0.10336419939994812  Train L2 Loss :  0.06468939380003856
Epoch :  494  Epoch time :  0.10375472623854876  Train L2 Loss :  0.06448487287912613
Epoch :  495  Epoch time :  0.10321766883134842  Train L2 Loss :  0.06407276521890591
Epoch :  496  Epoch time :  0.10300662461668253  Train L2 Loss :  0.064187486966451
Epoch :  497  Epoch time :  0.10357999801635742  Train L2 Loss :  0.06411085354212002
Epoch :  498  Epoch time :  0.10352446045726538  Train L2 Loss :  0.06360522562112564
Epoch :  499  Epoch time :  0.10351207014173269  Train L2 Loss :  0.06354604394007952
Epoch :  500  Epoch time :  0.10298847686499357  Train L2 Loss :  0.06293150859001355
Epoch :  501  Epoch time :  0.10335540119558573  Train L2 Loss :  0.06243394257930609
Epoch :  502  Epoch time :  0.10276158712804317  Train L2 Loss :  0.06206022508633442
Epoch :  503  Epoch time :  0.10348203685134649  Train L2 Loss :  0.06193499477245869
Epoch :  504  Epoch time :  0.10314526036381721  Train L2 Loss :  0.06185050174976007
Epoch :  505  Epoch time :  0.10414596740156412  Train L2 Loss :  0.0617638688821059
Epoch :  506  Epoch time :  0.10401843581348658  Train L2 Loss :  0.061712220311164856
Epoch :  507  Epoch time :  0.10401993151754141  Train L2 Loss :  0.061662352906587795
Epoch :  508  Epoch time :  0.10414438135921955  Train L2 Loss :  0.06161985641870743
Epoch :  509  Epoch time :  0.10307128541171551  Train L2 Loss :  0.061551230267072335
Epoch :  510  Epoch time :  0.10421386361122131  Train L2 Loss :  0.061483329305282004
Epoch :  511  Epoch time :  0.10353015176951885  Train L2 Loss :  0.06140688596627651
Epoch :  512  Epoch time :  0.10350081976503134  Train L2 Loss :  0.06136343647272159
Epoch :  513  Epoch time :  0.10371578205376863  Train L2 Loss :  0.06132498421730139
Epoch :  514  Epoch time :  0.10391958523541689  Train L2 Loss :  0.06126174216087048
Epoch :  515  Epoch time :  0.10341701470315456  Train L2 Loss :  0.06121465496909924
Epoch :  516  Epoch time :  0.10336755588650703  Train L2 Loss :  0.06121296683947245
Epoch :  517  Epoch time :  0.10344028193503618  Train L2 Loss :  0.06109892309476168
Epoch :  518  Epoch time :  0.1029399847611785  Train L2 Loss :  0.061041149573448375
Epoch :  519  Epoch time :  0.10320493672043085  Train L2 Loss :  0.060957806232648015
Epoch :  520  Epoch time :  0.1035224786028266  Train L2 Loss :  0.060943965919506855
Epoch :  521  Epoch time :  0.10330746695399284  Train L2 Loss :  0.06086374437197661
Epoch :  522  Epoch time :  0.10330358613282442  Train L2 Loss :  0.06080710181058981
Epoch :  523  Epoch time :  0.10272311884909868  Train L2 Loss :  0.060798513488127634
Epoch :  524  Epoch time :  0.10508107114583254  Train L2 Loss :  0.060682434493150465
Epoch :  525  Epoch time :  0.1039442140609026  Train L2 Loss :  0.06064466587626017
Epoch :  526  Epoch time :  0.104290840215981  Train L2 Loss :  0.0605978318131887
Epoch :  527  Epoch time :  0.10371927917003632  Train L2 Loss :  0.06051867531660276
Epoch :  528  Epoch time :  0.1032893592491746  Train L2 Loss :  0.06051237757007281
Epoch :  529  Epoch time :  0.17527400515973568  Train L2 Loss :  0.060448008661086745
Epoch :  530  Epoch time :  0.12145163863897324  Train L2 Loss :  0.060363041857878365
Epoch :  531  Epoch time :  0.10278079006820917  Train L2 Loss :  0.06027274005688154
Epoch :  532  Epoch time :  0.10311601962894201  Train L2 Loss :  0.060249725404458165
Epoch :  533  Epoch time :  0.10333926137536764  Train L2 Loss :  0.06018071860457078
Epoch :  534  Epoch time :  0.10381275322288275  Train L2 Loss :  0.060124984154334433
Epoch :  535  Epoch time :  0.10362947732210159  Train L2 Loss :  0.0600088364802874
Epoch :  536  Epoch time :  0.10276463162153959  Train L2 Loss :  0.059970070727360554
Epoch :  537  Epoch time :  0.10442717093974352  Train L2 Loss :  0.059939179091881484
Epoch :  538  Epoch time :  0.10333726927638054  Train L2 Loss :  0.05983888205045309
Epoch :  539  Epoch time :  0.10331390239298344  Train L2 Loss :  0.059787179701603375
Epoch :  540  Epoch time :  0.10386793036013842  Train L2 Loss :  0.05972861727842918
Epoch :  541  Epoch time :  0.10273271054029465  Train L2 Loss :  0.05968356858461331
Epoch :  542  Epoch time :  0.10334327910095453  Train L2 Loss :  0.059615375235294685
Epoch :  543  Epoch time :  0.10356185492128134  Train L2 Loss :  0.05956987262918399
Epoch :  544  Epoch time :  0.10333437286317348  Train L2 Loss :  0.05949026690079616
Epoch :  545  Epoch time :  0.10334133356809616  Train L2 Loss :  0.05941140556182617
Epoch :  546  Epoch time :  0.1038548443466425  Train L2 Loss :  0.059365277871107444
Epoch :  547  Epoch time :  0.10392849240452051  Train L2 Loss :  0.05929947644472122
Epoch :  548  Epoch time :  0.10452204383909702  Train L2 Loss :  0.059246159134766996
Epoch :  549  Epoch time :  0.10365481395274401  Train L2 Loss :  0.059236254829626814
Epoch :  550  Epoch time :  0.1037442097440362  Train L2 Loss :  0.05922701744697033
Epoch :  551  Epoch time :  0.10399237181991339  Train L2 Loss :  0.0591882056532762
Epoch :  552  Epoch time :  0.1041704649105668  Train L2 Loss :  0.05907829468831038
Epoch :  553  Epoch time :  0.104432656429708  Train L2 Loss :  0.05902008979748457
Epoch :  554  Epoch time :  0.10380001273006201  Train L2 Loss :  0.058888557056585945
Epoch :  555  Epoch time :  0.10296007804572582  Train L2 Loss :  0.05881755340557832
Epoch :  556  Epoch time :  0.10348168388009071  Train L2 Loss :  0.05871839210008963
Epoch :  557  Epoch time :  0.10349560715258121  Train L2 Loss :  0.058636882939399816
Epoch :  558  Epoch time :  0.10313340835273266  Train L2 Loss :  0.05857563888033231
Epoch :  559  Epoch time :  0.10261315479874611  Train L2 Loss :  0.05858476851613094
Epoch :  560  Epoch time :  0.10257220920175314  Train L2 Loss :  0.05850223719309538
Epoch :  561  Epoch time :  0.10305557958781719  Train L2 Loss :  0.05848424337231196
Epoch :  562  Epoch time :  0.10313151497393847  Train L2 Loss :  0.058382687660364
Epoch :  563  Epoch time :  0.10446160659193993  Train L2 Loss :  0.05837014088263878
Epoch :  564  Epoch time :  0.10341060347855091  Train L2 Loss :  0.0583638799114105
Epoch :  565  Epoch time :  0.10450337082147598  Train L2 Loss :  0.05816350151330997
Epoch :  566  Epoch time :  0.1039028912782669  Train L2 Loss :  0.05800394379557707
Epoch :  567  Epoch time :  0.10413942579180002  Train L2 Loss :  0.05788210187202845
Epoch :  568  Epoch time :  0.10369417537003756  Train L2 Loss :  0.05792965109531696
Epoch :  569  Epoch time :  0.10383903700858355  Train L2 Loss :  0.05792244103474495
Epoch :  570  Epoch time :  0.10406751837581396  Train L2 Loss :  0.05779236535995434
Epoch :  571  Epoch time :  0.1044809091836214  Train L2 Loss :  0.057624475505107485
Epoch :  572  Epoch time :  0.10378760192543268  Train L2 Loss :  0.05757551372815401
Epoch :  573  Epoch time :  0.10264619532972574  Train L2 Loss :  0.05761094563282453
Epoch :  574  Epoch time :  0.10352098476141691  Train L2 Loss :  0.057500061698448963
Epoch :  575  Epoch time :  0.1032192949205637  Train L2 Loss :  0.057382625073958665
Epoch :  576  Epoch time :  0.10351122915744781  Train L2 Loss :  0.05726100638126715
Epoch :  577  Epoch time :  0.10388667229562998  Train L2 Loss :  0.057248044663514845
Epoch :  578  Epoch time :  0.10226223710924387  Train L2 Loss :  0.05720311307754272
Epoch :  579  Epoch time :  0.10339273791760206  Train L2 Loss :  0.057250114396596566
Epoch :  580  Epoch time :  0.10411151591688395  Train L2 Loss :  0.05719157986533947
Epoch :  581  Epoch time :  0.10321534983813763  Train L2 Loss :  0.0570732926328977
Epoch :  582  Epoch time :  0.10339882411062717  Train L2 Loss :  0.0570325534313153
Epoch :  583  Epoch time :  0.10320427268743515  Train L2 Loss :  0.05686916038393974
Epoch :  584  Epoch time :  0.10396568849682808  Train L2 Loss :  0.05681185042246794
Epoch :  585  Epoch time :  0.10397932957857847  Train L2 Loss :  0.056829274273835696
Epoch :  586  Epoch time :  0.10412685200572014  Train L2 Loss :  0.056744568240948215
Epoch :  587  Epoch time :  0.10369380563497543  Train L2 Loss :  0.05657101059571291
Epoch :  588  Epoch time :  0.10327986441552639  Train L2 Loss :  0.05661793330158943
Epoch :  589  Epoch time :  0.10407937783747911  Train L2 Loss :  0.05658623098562925
Epoch :  590  Epoch time :  0.10417171288281679  Train L2 Loss :  0.05647261068224907
Epoch :  591  Epoch time :  0.10420784633606672  Train L2 Loss :  0.05634829354209778
Epoch :  592  Epoch time :  0.1035548597574234  Train L2 Loss :  0.05619951776969127
Epoch :  593  Epoch time :  0.10385474376380444  Train L2 Loss :  0.05617356090209423
Epoch :  594  Epoch time :  0.10407606977969408  Train L2 Loss :  0.056147478616390474
Epoch :  595  Epoch time :  0.10360368900001049  Train L2 Loss :  0.056244636384340435
Epoch :  596  Epoch time :  0.10415797587484121  Train L2 Loss :  0.056176891789222375
Epoch :  597  Epoch time :  0.10353363212198019  Train L2 Loss :  0.05606467773516973
Epoch :  598  Epoch time :  0.10403397306799889  Train L2 Loss :  0.05593188536854891
Epoch :  599  Epoch time :  0.10399835743010044  Train L2 Loss :  0.055855848181706205
Epoch :  600  Epoch time :  0.10346544347703457  Train L2 Loss :  0.05545674512783686
Epoch :  601  Epoch time :  0.10365840140730143  Train L2 Loss :  0.055179979938727156
Epoch :  602  Epoch time :  0.12316400185227394  Train L2 Loss :  0.05510206233996611
Epoch :  603  Epoch time :  0.10521392617374659  Train L2 Loss :  0.05504530267073558
Epoch :  604  Epoch time :  0.10333942621946335  Train L2 Loss :  0.05499968429406484
Epoch :  605  Epoch time :  0.10357072483748198  Train L2 Loss :  0.054966767820028156
Epoch :  606  Epoch time :  0.10311956238001585  Train L2 Loss :  0.0549306856133999
Epoch :  607  Epoch time :  0.10335474461317062  Train L2 Loss :  0.054891858727504045
Epoch :  608  Epoch time :  0.1032277587801218  Train L2 Loss :  0.05482877103181986
Epoch :  609  Epoch time :  0.10414629708975554  Train L2 Loss :  0.05479546254261946
Epoch :  610  Epoch time :  0.10331305302679539  Train L2 Loss :  0.05476234662227142
Epoch :  611  Epoch time :  0.10281101986765862  Train L2 Loss :  0.05472032993267744
Epoch :  612  Epoch time :  0.10292083490639925  Train L2 Loss :  0.05468506958240118
Epoch :  613  Epoch time :  0.10445233713835478  Train L2 Loss :  0.054647830434334584
Epoch :  614  Epoch time :  0.10432218480855227  Train L2 Loss :  0.05461661527172113
Epoch :  615  Epoch time :  0.1034848727285862  Train L2 Loss :  0.05457162312590159
Epoch :  616  Epoch time :  0.10447539389133453  Train L2 Loss :  0.05454212408035229
Epoch :  617  Epoch time :  0.10404874663800001  Train L2 Loss :  0.054520153655455664
Epoch :  618  Epoch time :  0.10397267155349255  Train L2 Loss :  0.05452768752972285
Epoch :  619  Epoch time :  0.10383780021220446  Train L2 Loss :  0.05448282366761795
Epoch :  620  Epoch time :  0.10371556971222162  Train L2 Loss :  0.05440517295247469
Epoch :  621  Epoch time :  0.10391416400671005  Train L2 Loss :  0.054330456715363726
Epoch :  622  Epoch time :  0.10425782483071089  Train L2 Loss :  0.05430617584631993
Epoch :  623  Epoch time :  0.10413890145719051  Train L2 Loss :  0.05425820079369423
Epoch :  624  Epoch time :  0.10297721717506647  Train L2 Loss :  0.0542409693201383
Epoch :  625  Epoch time :  0.10346437059342861  Train L2 Loss :  0.05422082380988659
Epoch :  626  Epoch time :  0.10338001698255539  Train L2 Loss :  0.05418423209816982
Epoch :  627  Epoch time :  0.10339177865535021  Train L2 Loss :  0.05411836543144324
Epoch :  628  Epoch time :  0.10325511358678341  Train L2 Loss :  0.05406769995505993
Epoch :  629  Epoch time :  0.10253108665347099  Train L2 Loss :  0.05401174590373651
Epoch :  630  Epoch time :  0.10318538919091225  Train L2 Loss :  0.05398039051737541
Epoch :  631  Epoch time :  0.10400237515568733  Train L2 Loss :  0.05395897573385483
Epoch :  632  Epoch time :  0.10334688983857632  Train L2 Loss :  0.0539028715246763
Epoch :  633  Epoch time :  0.10313829965889454  Train L2 Loss :  0.05387750650063539
Epoch :  634  Epoch time :  0.10405547544360161  Train L2 Loss :  0.05382153573326576
Epoch :  635  Epoch time :  0.10400526318699121  Train L2 Loss :  0.053790855866212114
Epoch :  636  Epoch time :  0.10382253304123878  Train L2 Loss :  0.05378032246461281
Epoch :  637  Epoch time :  0.10436798632144928  Train L2 Loss :  0.05370753831588305
Epoch :  638  Epoch time :  0.10994903557002544  Train L2 Loss :  0.05363279638382105
Epoch :  639  Epoch time :  0.10408172849565744  Train L2 Loss :  0.05360906972334935
Epoch :  640  Epoch time :  0.10465107858181  Train L2 Loss :  0.053585345832965314
Epoch :  641  Epoch time :  0.10449646133929491  Train L2 Loss :  0.053534735853855424
Epoch :  642  Epoch time :  0.10450141970068216  Train L2 Loss :  0.05348790561159452
Epoch :  643  Epoch time :  0.10329655278474092  Train L2 Loss :  0.05343955363600682
Epoch :  644  Epoch time :  0.10443634819239378  Train L2 Loss :  0.053383173468785405
Epoch :  645  Epoch time :  0.10334489960223436  Train L2 Loss :  0.05335364739100138
Epoch :  646  Epoch time :  0.10650725942105055  Train L2 Loss :  0.05332647235347675
Epoch :  647  Epoch time :  0.10378015879541636  Train L2 Loss :  0.0532644384373457
Epoch :  648  Epoch time :  0.10309726651757956  Train L2 Loss :  0.05321888778454218
Epoch :  649  Epoch time :  0.10334443021565676  Train L2 Loss :  0.05316856809151478
Epoch :  650  Epoch time :  0.10380489937961102  Train L2 Loss :  0.053114050856003396
Epoch :  651  Epoch time :  0.10371964890509844  Train L2 Loss :  0.053068400671084724
Epoch :  652  Epoch time :  0.10226391348987818  Train L2 Loss :  0.05303847894836695
Epoch :  653  Epoch time :  0.10292169265449047  Train L2 Loss :  0.053002872719214514
Epoch :  654  Epoch time :  0.1031751548871398  Train L2 Loss :  0.05294578025738398
Epoch :  655  Epoch time :  0.10427987109869719  Train L2 Loss :  0.05287695255799171
Epoch :  656  Epoch time :  0.10392946004867554  Train L2 Loss :  0.052837320818350866
Epoch :  657  Epoch time :  0.10364144016057253  Train L2 Loss :  0.05280076483121285
Epoch :  658  Epoch time :  0.10375611297786236  Train L2 Loss :  0.05276977261289572
Epoch :  659  Epoch time :  0.10393778886646032  Train L2 Loss :  0.052716909310756586
Epoch :  660  Epoch time :  0.10383731033653021  Train L2 Loss :  0.05266934843399586
Epoch :  661  Epoch time :  0.1038739662617445  Train L2 Loss :  0.052623432798263356
Epoch :  662  Epoch time :  0.10378592275083065  Train L2 Loss :  0.052587125927974016
Epoch :  663  Epoch time :  0.10414943099021912  Train L2 Loss :  0.052534572111490443
Epoch :  664  Epoch time :  0.1044753398746252  Train L2 Loss :  0.052500043924038224
Epoch :  665  Epoch time :  0.10322489961981773  Train L2 Loss :  0.052454051203452624
Epoch :  666  Epoch time :  0.10256996750831604  Train L2 Loss :  0.052423690183040425
Epoch :  667  Epoch time :  0.1025844020769  Train L2 Loss :  0.052416240175565086
Epoch :  668  Epoch time :  0.1034533204510808  Train L2 Loss :  0.05241091014483036
Epoch :  669  Epoch time :  0.10350555926561356  Train L2 Loss :  0.0523235518962909
Epoch :  670  Epoch time :  0.10374526120722294  Train L2 Loss :  0.05222540339216208
Epoch :  671  Epoch time :  0.103040368296206  Train L2 Loss :  0.05216803793341686
Epoch :  672  Epoch time :  0.10436897817999125  Train L2 Loss :  0.05213195352982252
Epoch :  673  Epoch time :  0.1037655808031559  Train L2 Loss :  0.05207481827491369
Epoch :  674  Epoch time :  0.10435143951326609  Train L2 Loss :  0.05202866211915628
Epoch :  675  Epoch time :  0.10410608723759651  Train L2 Loss :  0.051972754586201445
Epoch :  676  Epoch time :  0.1039156811311841  Train L2 Loss :  0.05193564868890322
Epoch :  677  Epoch time :  0.10415182542055845  Train L2 Loss :  0.05189741355104324
Epoch :  678  Epoch time :  0.10436514485627413  Train L2 Loss :  0.05186821997929842
Epoch :  679  Epoch time :  0.10379882343113422  Train L2 Loss :  0.05181543634105951
Epoch :  680  Epoch time :  0.10344746708869934  Train L2 Loss :  0.051758973262248896
Epoch :  681  Epoch time :  0.10879306215792894  Train L2 Loss :  0.05174936764897444
Epoch :  682  Epoch time :  0.10451969038695097  Train L2 Loss :  0.051689197428715535
Epoch :  683  Epoch time :  0.10421147849410772  Train L2 Loss :  0.051618211735517554
Epoch :  684  Epoch time :  0.10419439524412155  Train L2 Loss :  0.051567315959777586
Epoch :  685  Epoch time :  0.10415793862193823  Train L2 Loss :  0.05152161791920662
Epoch :  686  Epoch time :  0.10412733349949121  Train L2 Loss :  0.051483543924032114
Epoch :  687  Epoch time :  0.10320397559553385  Train L2 Loss :  0.05143027427868965
Epoch :  688  Epoch time :  0.10435349959880114  Train L2 Loss :  0.051381233315437265
Epoch :  689  Epoch time :  0.1035243896767497  Train L2 Loss :  0.05133894057228015
Epoch :  690  Epoch time :  0.10290197283029556  Train L2 Loss :  0.05132380576852041
Epoch :  691  Epoch time :  0.10365095641463995  Train L2 Loss :  0.05125776554147402
Epoch :  692  Epoch time :  0.10277041234076023  Train L2 Loss :  0.05119812717804542
Epoch :  693  Epoch time :  0.10364225413650274  Train L2 Loss :  0.05113736349038589
Epoch :  694  Epoch time :  0.10307429917156696  Train L2 Loss :  0.05106556912263235
Epoch :  695  Epoch time :  0.10442983638495207  Train L2 Loss :  0.05102226902277042
Epoch :  696  Epoch time :  0.10444473382085562  Train L2 Loss :  0.05102259675279642
Epoch :  697  Epoch time :  0.10414238926023245  Train L2 Loss :  0.051013898390990034
Epoch :  698  Epoch time :  0.1038282560184598  Train L2 Loss :  0.050911709666252136
Epoch :  699  Epoch time :  0.10391931608319283  Train L2 Loss :  0.050839908994161166
Epoch :  700  Epoch time :  0.10400008969008923  Train L2 Loss :  0.050719801241006605
Epoch :  701  Epoch time :  0.10443625133484602  Train L2 Loss :  0.05065550550054281
Epoch :  702  Epoch time :  0.10437325946986675  Train L2 Loss :  0.05061047199444893
Epoch :  703  Epoch time :  0.10419277288019657  Train L2 Loss :  0.05058067272870968
Epoch :  704  Epoch time :  0.10343634337186813  Train L2 Loss :  0.050559865740629345
Epoch :  705  Epoch time :  0.10407031513750553  Train L2 Loss :  0.05053604718966362
Epoch :  706  Epoch time :  0.10338561795651913  Train L2 Loss :  0.05049658337464699
Epoch :  707  Epoch time :  0.1035955660045147  Train L2 Loss :  0.0504756843050321
Epoch :  708  Epoch time :  0.1034365426748991  Train L2 Loss :  0.050458598213318065
Epoch :  709  Epoch time :  0.10335057228803635  Train L2 Loss :  0.05041989951561659
Epoch :  710  Epoch time :  0.1034111799672246  Train L2 Loss :  0.05040016464698009
Epoch :  711  Epoch time :  0.10420792549848557  Train L2 Loss :  0.05037637628041781
Epoch :  712  Epoch time :  0.10331771057099104  Train L2 Loss :  0.0503508108548629
Epoch :  713  Epoch time :  0.10256276838481426  Train L2 Loss :  0.05032265568390871
Epoch :  714  Epoch time :  0.10406831372529268  Train L2 Loss :  0.05029966605779452
Epoch :  715  Epoch time :  0.10402004886418581  Train L2 Loss :  0.05027384387376981
Epoch :  716  Epoch time :  0.10420263465493917  Train L2 Loss :  0.05024444350065329
Epoch :  717  Epoch time :  0.10400835797190666  Train L2 Loss :  0.05021450152763954
Epoch :  718  Epoch time :  0.10346261318773031  Train L2 Loss :  0.05019192531322821
Epoch :  719  Epoch time :  0.10391623061150312  Train L2 Loss :  0.05016630209791355
Epoch :  720  Epoch time :  0.103781851939857  Train L2 Loss :  0.05014643168602234
Epoch :  721  Epoch time :  0.10911456868052483  Train L2 Loss :  0.0501290282759911
Epoch :  722  Epoch time :  0.10416098311543465  Train L2 Loss :  0.050088346004486084
Epoch :  723  Epoch time :  0.10481787752360106  Train L2 Loss :  0.050063906476283684
Epoch :  724  Epoch time :  0.10561665706336498  Train L2 Loss :  0.0500264076086191
Epoch :  725  Epoch time :  0.1037204023450613  Train L2 Loss :  0.05000647042806332
Epoch :  726  Epoch time :  0.10405187215656042  Train L2 Loss :  0.049993305920790404
Epoch :  727  Epoch time :  0.10266776755452156  Train L2 Loss :  0.04995100859266061
Epoch :  728  Epoch time :  0.10338653158396482  Train L2 Loss :  0.049921838900981806
Epoch :  729  Epoch time :  0.10350322630256414  Train L2 Loss :  0.04989235618939766
Epoch :  730  Epoch time :  0.10639841388911009  Train L2 Loss :  0.04986803988233591
Epoch :  731  Epoch time :  0.10277795046567917  Train L2 Loss :  0.04984256739799793
Epoch :  732  Epoch time :  0.10264312010258436  Train L2 Loss :  0.04981987942487766
Epoch :  733  Epoch time :  0.10348842851817608  Train L2 Loss :  0.049794628929633364
Epoch :  734  Epoch time :  0.10380309447646141  Train L2 Loss :  0.04976748560483639
Epoch :  735  Epoch time :  0.10424693487584591  Train L2 Loss :  0.04973682904472718
Epoch :  736  Epoch time :  0.10372492112219334  Train L2 Loss :  0.049705492762418896
Epoch :  737  Epoch time :  0.10398483742028475  Train L2 Loss :  0.049671028955624655
Epoch :  738  Epoch time :  0.10430344939231873  Train L2 Loss :  0.04964639724065096
Epoch :  739  Epoch time :  0.10376821551471949  Train L2 Loss :  0.049615134891027056
Epoch :  740  Epoch time :  0.10380322206765413  Train L2 Loss :  0.04958614401328258
Epoch :  741  Epoch time :  0.1037074625492096  Train L2 Loss :  0.04956994969875385
Epoch :  742  Epoch time :  0.10405141301453114  Train L2 Loss :  0.04952692335996872
Epoch :  743  Epoch time :  0.10406369529664516  Train L2 Loss :  0.049510969183383845
Epoch :  744  Epoch time :  0.1037080530077219  Train L2 Loss :  0.04947474006658945
Epoch :  745  Epoch time :  0.10259324219077826  Train L2 Loss :  0.04944124292486753
Epoch :  746  Epoch time :  0.10319005232304335  Train L2 Loss :  0.04940725127473856
Epoch :  747  Epoch time :  0.10387828852981329  Train L2 Loss :  0.04938898846889154
Epoch :  748  Epoch time :  0.10379237029701471  Train L2 Loss :  0.04935314057347102
Epoch :  749  Epoch time :  0.1036259988322854  Train L2 Loss :  0.04933215735050348
Epoch :  750  Epoch time :  0.10341075342148542  Train L2 Loss :  0.049302006570192486
Epoch :  751  Epoch time :  0.10324407648295164  Train L2 Loss :  0.049274178651662975
Epoch :  752  Epoch time :  0.10365749336779118  Train L2 Loss :  0.049241666992505394
Epoch :  753  Epoch time :  0.10373425111174583  Train L2 Loss :  0.04920392330640402
Epoch :  754  Epoch time :  0.10416663344949484  Train L2 Loss :  0.04918060041008852
Epoch :  755  Epoch time :  0.10309312306344509  Train L2 Loss :  0.0491439673380974
Epoch :  756  Epoch time :  0.10412682686001062  Train L2 Loss :  0.04912351090938617
Epoch :  757  Epoch time :  0.10423956159502268  Train L2 Loss :  0.049085279496816486
Epoch :  758  Epoch time :  0.10422495100647211  Train L2 Loss :  0.049056724191476136
Epoch :  759  Epoch time :  0.10323954373598099  Train L2 Loss :  0.04903234388583746
Epoch :  760  Epoch time :  0.10449425876140594  Train L2 Loss :  0.04900553497748497
Epoch :  761  Epoch time :  0.1041252026334405  Train L2 Loss :  0.04897602246357845
Epoch :  762  Epoch time :  0.1055684769526124  Train L2 Loss :  0.04894468035453405
Epoch :  763  Epoch time :  0.10613876301795244  Train L2 Loss :  0.048917279411584906
Epoch :  764  Epoch time :  0.10315822716802359  Train L2 Loss :  0.048878287084591694
Epoch :  765  Epoch time :  0.10366237349808216  Train L2 Loss :  0.048863149606264554
Epoch :  766  Epoch time :  0.10405904520303011  Train L2 Loss :  0.04882214657771282
Epoch :  767  Epoch time :  0.1031830282881856  Train L2 Loss :  0.048788223893214494
Epoch :  768  Epoch time :  0.10346003156155348  Train L2 Loss :  0.0487761629315523
Epoch :  769  Epoch time :  0.10339435003697872  Train L2 Loss :  0.048725035710212514
Epoch :  770  Epoch time :  0.1031539449468255  Train L2 Loss :  0.04870058577030133
Epoch :  771  Epoch time :  0.10354433674365282  Train L2 Loss :  0.04866593579451243
Epoch :  772  Epoch time :  0.10355439782142639  Train L2 Loss :  0.04864237409753677
Epoch :  773  Epoch time :  0.10212983936071396  Train L2 Loss :  0.04860703666240741
Epoch :  774  Epoch time :  0.10322865657508373  Train L2 Loss :  0.04858246808632826
Epoch :  775  Epoch time :  0.10409743897616863  Train L2 Loss :  0.04854996960896712
Epoch :  776  Epoch time :  0.10401457268744707  Train L2 Loss :  0.048512143488877855
Epoch :  777  Epoch time :  0.10396714694797993  Train L2 Loss :  0.048491288836185746
Epoch :  778  Epoch time :  0.10412925016134977  Train L2 Loss :  0.0484615924457709
Epoch :  779  Epoch time :  0.10407844185829163  Train L2 Loss :  0.04840633960870596
Epoch :  780  Epoch time :  0.10460486635565758  Train L2 Loss :  0.048383646668531954
Epoch :  781  Epoch time :  0.10380222089588642  Train L2 Loss :  0.04835669237833757
Epoch :  782  Epoch time :  0.10437455959618092  Train L2 Loss :  0.04831472258919325
Epoch :  783  Epoch time :  0.10298965219408274  Train L2 Loss :  0.04828898904797358
Epoch :  784  Epoch time :  0.10402193292975426  Train L2 Loss :  0.048263195424507827
Epoch :  785  Epoch time :  0.10353900957852602  Train L2 Loss :  0.048231056007819295
Epoch :  786  Epoch time :  0.1035341015085578  Train L2 Loss :  0.04819941425170654
Epoch :  787  Epoch time :  0.10285119246691465  Train L2 Loss :  0.04818039616713157
Epoch :  788  Epoch time :  0.10333503782749176  Train L2 Loss :  0.04814681659142176
Epoch :  789  Epoch time :  0.10352905187755823  Train L2 Loss :  0.04811598398746588
Epoch :  790  Epoch time :  0.10414948500692844  Train L2 Loss :  0.04807639847963284
Epoch :  791  Epoch time :  0.10363950487226248  Train L2 Loss :  0.04803717270111426
Epoch :  792  Epoch time :  0.10316039156168699  Train L2 Loss :  0.048004031754457034
Epoch :  793  Epoch time :  0.10330059379339218  Train L2 Loss :  0.04798380056252846
Epoch :  794  Epoch time :  0.10396817978471518  Train L2 Loss :  0.04795136933143322
Epoch :  795  Epoch time :  0.1040549548342824  Train L2 Loss :  0.047907270873204254
Epoch :  796  Epoch time :  0.10464112367480993  Train L2 Loss :  0.047889252026111655
Epoch :  797  Epoch time :  0.10343343392014503  Train L2 Loss :  0.04785435665876438
Epoch :  798  Epoch time :  0.10392240528017282  Train L2 Loss :  0.0478163756048068
Epoch :  799  Epoch time :  0.10437558405101299  Train L2 Loss :  0.04778521832747337
Epoch :  800  Epoch time :  0.10427932254970074  Train L2 Loss :  0.0477152264271027
Epoch :  801  Epoch time :  0.10304893832653761  Train L2 Loss :  0.04768102596967648
Epoch :  802  Epoch time :  0.10605320613831282  Train L2 Loss :  0.047659181822568945
Epoch :  803  Epoch time :  0.1043316526338458  Train L2 Loss :  0.04764520472440964
Epoch :  804  Epoch time :  0.1043850863352418  Train L2 Loss :  0.04762184868256251
Epoch :  805  Epoch time :  0.1042240746319294  Train L2 Loss :  0.04760632587549014
Epoch :  806  Epoch time :  0.10396803915500641  Train L2 Loss :  0.047594417937290974
Epoch :  807  Epoch time :  0.104546919465065  Train L2 Loss :  0.047576248836823
Epoch :  808  Epoch time :  0.10429378971457481  Train L2 Loss :  0.04756177484225004
Epoch :  809  Epoch time :  0.10474810563027859  Train L2 Loss :  0.047541486529203564
Epoch :  810  Epoch time :  0.10405135527253151  Train L2 Loss :  0.04753256608278324
Epoch :  811  Epoch time :  0.10380763560533524  Train L2 Loss :  0.04751136956306604
Epoch :  812  Epoch time :  0.10388932470232248  Train L2 Loss :  0.04749284168848625
Epoch :  813  Epoch time :  0.10434794798493385  Train L2 Loss :  0.047479384793685034
Epoch :  814  Epoch time :  0.10366722755134106  Train L2 Loss :  0.04746649213708364
Epoch :  815  Epoch time :  0.1033293716609478  Train L2 Loss :  0.04744439247326973
Epoch :  816  Epoch time :  0.10401456896215677  Train L2 Loss :  0.04743080280530147
Epoch :  817  Epoch time :  0.10364572424441576  Train L2 Loss :  0.047409893228457525
Epoch :  818  Epoch time :  0.10394934844225645  Train L2 Loss :  0.04739661342822588
Epoch :  819  Epoch time :  0.1036323057487607  Train L2 Loss :  0.04737883710708374
Epoch :  820  Epoch time :  0.10359649173915386  Train L2 Loss :  0.0473606960895734
Epoch :  821  Epoch time :  0.1036622067913413  Train L2 Loss :  0.04735020080055946
Epoch :  822  Epoch time :  0.10341518837958574  Train L2 Loss :  0.047330605678069286
Epoch :  823  Epoch time :  0.10387354996055365  Train L2 Loss :  0.04730595963505598
Epoch :  824  Epoch time :  0.10407430119812489  Train L2 Loss :  0.04728986590336531
Epoch :  825  Epoch time :  0.10366370901465416  Train L2 Loss :  0.04727080349738781
Epoch :  826  Epoch time :  0.10382281616330147  Train L2 Loss :  0.04725047162710092
Epoch :  827  Epoch time :  0.10417732317000628  Train L2 Loss :  0.04723985091998027
Epoch :  828  Epoch time :  0.10445544682443142  Train L2 Loss :  0.047218248821221866
Epoch :  829  Epoch time :  0.10420134663581848  Train L2 Loss :  0.047196910549432806
Epoch :  830  Epoch time :  0.10434137564152479  Train L2 Loss :  0.04718143129960085
Epoch :  831  Epoch time :  0.10429572500288486  Train L2 Loss :  0.04716377456982931
Epoch :  832  Epoch time :  0.10418082494288683  Train L2 Loss :  0.047145567261255704
Epoch :  833  Epoch time :  0.10391614772379398  Train L2 Loss :  0.04712760009062596
Epoch :  834  Epoch time :  0.10334515757858753  Train L2 Loss :  0.04711265919300226
Epoch :  835  Epoch time :  0.10353103373199701  Train L2 Loss :  0.04709067520422813
Epoch :  836  Epoch time :  0.10345860570669174  Train L2 Loss :  0.047073051428947695
Epoch :  837  Epoch time :  0.1051350086927414  Train L2 Loss :  0.04705727023956103
Epoch :  838  Epoch time :  0.1029701977968216  Train L2 Loss :  0.047043935801738344
Epoch :  839  Epoch time :  0.10321631468832493  Train L2 Loss :  0.04702204504074194
Epoch :  840  Epoch time :  0.10322997160255909  Train L2 Loss :  0.04700626308719317
Epoch :  841  Epoch time :  0.12369529623538256  Train L2 Loss :  0.0469878824093403
Epoch :  842  Epoch time :  0.104583908803761  Train L2 Loss :  0.04696579267963385
Epoch :  843  Epoch time :  0.10386318247765303  Train L2 Loss :  0.046950945869470254
Epoch :  844  Epoch time :  0.10434162244200706  Train L2 Loss :  0.04692679901535694
Epoch :  845  Epoch time :  0.1050205510109663  Train L2 Loss :  0.04691120409048521
Epoch :  846  Epoch time :  0.10445869155228138  Train L2 Loss :  0.04689116021379446
Epoch :  847  Epoch time :  0.10456464160233736  Train L2 Loss :  0.04687415092037274
Epoch :  848  Epoch time :  0.10388775449246168  Train L2 Loss :  0.046853681023304276
Epoch :  849  Epoch time :  0.10451370384544134  Train L2 Loss :  0.04683496965429722
Epoch :  850  Epoch time :  0.1040144506841898  Train L2 Loss :  0.04681352554605557
Epoch :  851  Epoch time :  0.10453751403838396  Train L2 Loss :  0.04679990750856888
Epoch :  852  Epoch time :  0.10397844295948744  Train L2 Loss :  0.046779997837849155
Epoch :  853  Epoch time :  0.10425220429897308  Train L2 Loss :  0.04676276913438088
Epoch :  854  Epoch time :  0.10399667080491781  Train L2 Loss :  0.04674539600427334
Epoch :  855  Epoch time :  0.10451630875468254  Train L2 Loss :  0.04672487853811337
Epoch :  856  Epoch time :  0.1037142351269722  Train L2 Loss :  0.046702172416142926
Epoch :  857  Epoch time :  0.10333302710205317  Train L2 Loss :  0.046688136764061756
Epoch :  858  Epoch time :  0.10387365333735943  Train L2 Loss :  0.04666970670223236
Epoch :  859  Epoch time :  0.10333133302628994  Train L2 Loss :  0.04665521952586296
Epoch :  860  Epoch time :  0.10345291253179312  Train L2 Loss :  0.046633747239143424
Epoch :  861  Epoch time :  0.10406418796628714  Train L2 Loss :  0.04661219528852365
Epoch :  862  Epoch time :  0.10335182398557663  Train L2 Loss :  0.046590815943021044
Epoch :  863  Epoch time :  0.10339592024683952  Train L2 Loss :  0.04657406474535282
Epoch :  864  Epoch time :  0.10449098981916904  Train L2 Loss :  0.0465530062524172
Epoch :  865  Epoch time :  0.10467950161546469  Train L2 Loss :  0.04653363292798018
Epoch :  866  Epoch time :  0.10400640219449997  Train L2 Loss :  0.04651914288600286
Epoch :  867  Epoch time :  0.10428942646831274  Train L2 Loss :  0.04649942683485838
Epoch :  868  Epoch time :  0.10505552403628826  Train L2 Loss :  0.04648249281140474
Epoch :  869  Epoch time :  0.1046106144785881  Train L2 Loss :  0.04646238856590711
Epoch :  870  Epoch time :  0.10503169521689415  Train L2 Loss :  0.04644122471412023
Epoch :  871  Epoch time :  0.10374991223216057  Train L2 Loss :  0.046423317530216314
Epoch :  872  Epoch time :  0.10491216834634542  Train L2 Loss :  0.046399917549047716
Epoch :  873  Epoch time :  0.10456853173673153  Train L2 Loss :  0.04637941125875864
Epoch :  874  Epoch time :  0.10387320443987846  Train L2 Loss :  0.04636576217718613
Epoch :  875  Epoch time :  0.10338568594306707  Train L2 Loss :  0.04634812913644008
Epoch :  876  Epoch time :  0.10346782207489014  Train L2 Loss :  0.04633054844079874
Epoch :  877  Epoch time :  0.10336853377521038  Train L2 Loss :  0.04630614263124955
Epoch :  878  Epoch time :  0.1038811169564724  Train L2 Loss :  0.04628478792997507
Epoch :  879  Epoch time :  0.10399801936000586  Train L2 Loss :  0.04626462656335953
Epoch :  880  Epoch time :  0.10306567512452602  Train L2 Loss :  0.04625261785128178
Epoch :  881  Epoch time :  0.10373343527317047  Train L2 Loss :  0.046229127985544696
Epoch :  882  Epoch time :  0.10429899953305721  Train L2 Loss :  0.046206094993230626
Epoch :  883  Epoch time :  0.10339939128607512  Train L2 Loss :  0.046189512293308206
Epoch :  884  Epoch time :  0.10350072663277388  Train L2 Loss :  0.04616989501011677
Epoch :  885  Epoch time :  0.10778434108942747  Train L2 Loss :  0.04615130418768296
Epoch :  886  Epoch time :  0.10403347201645374  Train L2 Loss :  0.04613427808269476
Epoch :  887  Epoch time :  0.10385638754814863  Train L2 Loss :  0.04611234347789715
Epoch :  888  Epoch time :  0.10361232329159975  Train L2 Loss :  0.046093312211525746
Epoch :  889  Epoch time :  0.10409286804497242  Train L2 Loss :  0.04607484499231363
Epoch :  890  Epoch time :  0.10349099710583687  Train L2 Loss :  0.04605729553179863
Epoch :  891  Epoch time :  0.1036372184753418  Train L2 Loss :  0.046034117826284505
Epoch :  892  Epoch time :  0.10378175042569637  Train L2 Loss :  0.04601153597617761
Epoch :  893  Epoch time :  0.10421777702867985  Train L2 Loss :  0.045993155393845
Epoch :  894  Epoch time :  0.10455406829714775  Train L2 Loss :  0.045973873195739895
Epoch :  895  Epoch time :  0.10409073904156685  Train L2 Loss :  0.0459573018627289
Epoch :  896  Epoch time :  0.10405694227665663  Train L2 Loss :  0.04593433850468733
Epoch :  897  Epoch time :  0.10455400217324495  Train L2 Loss :  0.045922576903532714
Epoch :  898  Epoch time :  0.10420752596110106  Train L2 Loss :  0.04589963035705762
Epoch :  899  Epoch time :  0.10364930797368288  Train L2 Loss :  0.04588004774772204
Epoch :  900  Epoch time :  0.10401728097349405  Train L2 Loss :  0.045838907934152164
Epoch :  901  Epoch time :  0.10455445572733879  Train L2 Loss :  0.045827668064679854
Epoch :  902  Epoch time :  0.1047552963718772  Train L2 Loss :  0.045815120331751995
Epoch :  903  Epoch time :  0.10419570468366146  Train L2 Loss :  0.045807221761116616
Epoch :  904  Epoch time :  0.10350414924323559  Train L2 Loss :  0.045795886657941036
Epoch :  905  Epoch time :  0.10442838631570339  Train L2 Loss :  0.04578772139472839
Epoch :  906  Epoch time :  0.1039072833955288  Train L2 Loss :  0.04577636164732468
Epoch :  907  Epoch time :  0.1042866325005889  Train L2 Loss :  0.04576507841165249
Epoch :  908  Epoch time :  0.10334408096969128  Train L2 Loss :  0.04575584800197528
Epoch :  909  Epoch time :  0.10345171298831701  Train L2 Loss :  0.045746457595855765
Epoch :  910  Epoch time :  0.10424367524683475  Train L2 Loss :  0.04573679132721363
Epoch :  911  Epoch time :  0.10431403573602438  Train L2 Loss :  0.045724474848845065
Epoch :  912  Epoch time :  0.10473700799047947  Train L2 Loss :  0.04571581058777296
Epoch :  913  Epoch time :  0.1038915878161788  Train L2 Loss :  0.045709204979431935
Epoch :  914  Epoch time :  0.10422751773148775  Train L2 Loss :  0.04569517754209347
Epoch :  915  Epoch time :  0.10430726688355207  Train L2 Loss :  0.045686569542456895
Epoch :  916  Epoch time :  0.10491226240992546  Train L2 Loss :  0.04567555873057781
Epoch :  917  Epoch time :  0.10466949176043272  Train L2 Loss :  0.04566492350437702
Epoch :  918  Epoch time :  0.1039983294904232  Train L2 Loss :  0.04565530709731273
Epoch :  919  Epoch time :  0.10404527559876442  Train L2 Loss :  0.04564388975118979
Epoch :  920  Epoch time :  0.10608895681798458  Train L2 Loss :  0.04563366755461081
Epoch :  921  Epoch time :  0.10417790897190571  Train L2 Loss :  0.04562383947464136
Epoch :  922  Epoch time :  0.10327666532248259  Train L2 Loss :  0.0456120745302775
Epoch :  923  Epoch time :  0.10454003047198057  Train L2 Loss :  0.04560273560958031
Epoch :  924  Epoch time :  0.10397521685808897  Train L2 Loss :  0.04559224748458618
Epoch :  925  Epoch time :  0.10557267721742392  Train L2 Loss :  0.04558312673217211
Epoch :  926  Epoch time :  0.10352464020252228  Train L2 Loss :  0.04557187950763947
Epoch :  927  Epoch time :  0.10301195830106735  Train L2 Loss :  0.04556303834303831
Epoch :  928  Epoch time :  0.10448145028203726  Train L2 Loss :  0.04555164306209637
Epoch :  929  Epoch time :  0.10348599962890148  Train L2 Loss :  0.04554133938673215
Epoch :  930  Epoch time :  0.10355755686759949  Train L2 Loss :  0.045533773417656236
Epoch :  931  Epoch time :  0.104093162342906  Train L2 Loss :  0.04552175161930231
Epoch :  932  Epoch time :  0.10312676429748535  Train L2 Loss :  0.045512282026883885
Epoch :  933  Epoch time :  0.10371004790067673  Train L2 Loss :  0.04549722096476799
Epoch :  934  Epoch time :  0.10435744933784008  Train L2 Loss :  0.045487955785714664
Epoch :  935  Epoch time :  0.10395696386694908  Train L2 Loss :  0.04547712321464832
Epoch :  936  Epoch time :  0.103181310929358  Train L2 Loss :  0.045466199899331115
Epoch :  937  Epoch time :  0.10423979256302118  Train L2 Loss :  0.04545596815072573
Epoch :  938  Epoch time :  0.10402352456003428  Train L2 Loss :  0.04544822164835074
Epoch :  939  Epoch time :  0.1049994146451354  Train L2 Loss :  0.045437829807782784
Epoch :  940  Epoch time :  0.1043731290847063  Train L2 Loss :  0.045422362975585155
Epoch :  941  Epoch time :  0.10370804090052843  Train L2 Loss :  0.04541553442294781
Epoch :  942  Epoch time :  0.10446848627179861  Train L2 Loss :  0.04540250851557805
Epoch :  943  Epoch time :  0.1040685111656785  Train L2 Loss :  0.04539172676129219
Epoch :  944  Epoch time :  0.10404365044087172  Train L2 Loss :  0.04538169025610655
Epoch :  945  Epoch time :  0.10444058757275343  Train L2 Loss :  0.04537243061722853
Epoch :  946  Epoch time :  0.10350639745593071  Train L2 Loss :  0.045359995502692
Epoch :  947  Epoch time :  0.10382989048957825  Train L2 Loss :  0.04534968542747009
Epoch :  948  Epoch time :  0.10378747433423996  Train L2 Loss :  0.04533994312469776
Epoch :  949  Epoch time :  0.10351756773889065  Train L2 Loss :  0.04532632671105556
Epoch :  950  Epoch time :  0.10288599971681833  Train L2 Loss :  0.04531712428881572
Epoch :  951  Epoch time :  0.10332680214196444  Train L2 Loss :  0.04530401575641754
Epoch :  952  Epoch time :  0.10390825849026442  Train L2 Loss :  0.045292273736917056
Epoch :  953  Epoch time :  0.104024444706738  Train L2 Loss :  0.04528126111015295
Epoch :  954  Epoch time :  0.10420189797878265  Train L2 Loss :  0.04527346102090982
Epoch :  955  Epoch time :  0.10434204246848822  Train L2 Loss :  0.045261007375442065
Epoch :  956  Epoch time :  0.10413357801735401  Train L2 Loss :  0.04525198844762949
Epoch :  957  Epoch time :  0.10469110775738955  Train L2 Loss :  0.045238678176433615
Epoch :  958  Epoch time :  0.10426042694598436  Train L2 Loss :  0.04522565026313831
Epoch :  959  Epoch time :  0.10462203063070774  Train L2 Loss :  0.04521390604667175
Epoch :  960  Epoch time :  0.10511496290564537  Train L2 Loss :  0.04520668022525616
Epoch :  961  Epoch time :  0.10401440318673849  Train L2 Loss :  0.045193803998140186
Epoch :  962  Epoch time :  0.10368702840059996  Train L2 Loss :  0.04518175058257885
Epoch :  963  Epoch time :  0.10412701591849327  Train L2 Loss :  0.04517179297713133
Epoch :  964  Epoch time :  0.10494417697191238  Train L2 Loss :  0.0451594312221576
Epoch :  965  Epoch time :  0.10412477981299162  Train L2 Loss :  0.0451478558855179
Epoch :  966  Epoch time :  0.10330127365887165  Train L2 Loss :  0.04513725160788267
Epoch :  967  Epoch time :  0.10366043262183666  Train L2 Loss :  0.04512516982280291
Epoch :  968  Epoch time :  0.10416978877037764  Train L2 Loss :  0.04511516913771629
Epoch :  969  Epoch time :  0.10285364277660847  Train L2 Loss :  0.04510386202197809
Epoch :  970  Epoch time :  0.10365359019488096  Train L2 Loss :  0.04509091950379885
Epoch :  971  Epoch time :  0.1044451491907239  Train L2 Loss :  0.04507910383817477
Epoch :  972  Epoch time :  0.10359632223844528  Train L2 Loss :  0.045069193228697166
Epoch :  973  Epoch time :  0.1035863971337676  Train L2 Loss :  0.04505739322839639
Epoch :  974  Epoch time :  0.10390896629542112  Train L2 Loss :  0.04504615899461966
Epoch :  975  Epoch time :  0.10431919433176517  Train L2 Loss :  0.045036634764610194
Epoch :  976  Epoch time :  0.10379518289119005  Train L2 Loss :  0.045027064780394234
Epoch :  977  Epoch time :  0.10428465344011784  Train L2 Loss :  0.045011838468221516
Epoch :  978  Epoch time :  0.10376079846173525  Train L2 Loss :  0.04500121374924978
Epoch :  979  Epoch time :  0.10430526360869408  Train L2 Loss :  0.044987621979835704
Epoch :  980  Epoch time :  0.10443056561052799  Train L2 Loss :  0.04497918820916078
Epoch :  981  Epoch time :  0.10484907682985067  Train L2 Loss :  0.044966597587634355
Epoch :  982  Epoch time :  0.10435550473630428  Train L2 Loss :  0.04495431320407452
Epoch :  983  Epoch time :  0.10423303861171007  Train L2 Loss :  0.04494339265884497
Epoch :  984  Epoch time :  0.10438610520213842  Train L2 Loss :  0.044928636497411974
Epoch :  985  Epoch time :  0.10490589030086994  Train L2 Loss :  0.044920456141997606
Epoch :  986  Epoch time :  0.10440879501402378  Train L2 Loss :  0.044910078724989526
Epoch :  987  Epoch time :  0.10490278992801905  Train L2 Loss :  0.044897983567072794
Epoch :  988  Epoch time :  0.10468958411365747  Train L2 Loss :  0.04488659334870485
Epoch :  989  Epoch time :  0.1048479788005352  Train L2 Loss :  0.044872021063780174
Epoch :  990  Epoch time :  0.10388972237706184  Train L2 Loss :  0.044864244090440944
Epoch :  991  Epoch time :  0.1048390856012702  Train L2 Loss :  0.04485436643545444
Epoch :  992  Epoch time :  0.10381932649761438  Train L2 Loss :  0.044841062277555466
Epoch :  993  Epoch time :  0.10403780918568373  Train L2 Loss :  0.044828371359751776
Epoch :  994  Epoch time :  0.10399459302425385  Train L2 Loss :  0.044820173333088555
Epoch :  995  Epoch time :  0.10362126026302576  Train L2 Loss :  0.04480786344561821
Epoch :  996  Epoch time :  0.10379322618246078  Train L2 Loss :  0.04479590134742933
Epoch :  997  Epoch time :  0.10389212612062693  Train L2 Loss :  0.04478173349530269
Epoch :  998  Epoch time :  0.10401899740099907  Train L2 Loss :  0.0447725327924276
Epoch :  999  Epoch time :  0.10365511756390333  Train L2 Loss :  0.04476227897864122
Total time is : 104.8459154823795 Total epoch is  1000
