Energy is  1.1102230246251565e-15
Input dim :  128  output dim :  4096
29249
Epoch :  0  Epoch time :  0.27197027299553156  Train L2 Loss :  6.63507630274846
Epoch :  1  Epoch time :  0.0777460029348731  Train L2 Loss :  6.458595447051219
Epoch :  2  Epoch time :  0.077552723698318  Train L2 Loss :  6.052571736849272
Epoch :  3  Epoch time :  0.07917052693665028  Train L2 Loss :  5.611527944222475
Epoch :  4  Epoch time :  0.07851698342710733  Train L2 Loss :  5.301109790802002
Epoch :  5  Epoch time :  0.07803469523787498  Train L2 Loss :  4.908517122268677
Epoch :  6  Epoch time :  0.07793848402798176  Train L2 Loss :  4.610660956456111
Epoch :  7  Epoch time :  0.07840536069124937  Train L2 Loss :  4.234793846423809
Epoch :  8  Epoch time :  0.07712623383849859  Train L2 Loss :  3.8697018195421267
Epoch :  9  Epoch time :  0.07808764837682247  Train L2 Loss :  3.630126415154873
Epoch :  10  Epoch time :  0.07808304019272327  Train L2 Loss :  3.44231016207964
Epoch :  11  Epoch time :  0.0784947220236063  Train L2 Loss :  3.2552437598888693
Epoch :  12  Epoch time :  0.07876443210989237  Train L2 Loss :  3.067478754581549
Epoch :  13  Epoch time :  0.07923969812691212  Train L2 Loss :  2.9479824824210925
Epoch :  14  Epoch time :  0.07965714950114489  Train L2 Loss :  2.82646229939583
Epoch :  15  Epoch time :  0.07870387379080057  Train L2 Loss :  2.72815893857907
Epoch :  16  Epoch time :  0.0786324180662632  Train L2 Loss :  2.646849803435497
Epoch :  17  Epoch time :  0.07878079637885094  Train L2 Loss :  2.514352505023663
Epoch :  18  Epoch time :  0.07862772885710001  Train L2 Loss :  2.441623345399514
Epoch :  19  Epoch time :  0.07850968185812235  Train L2 Loss :  2.3818596937717538
Epoch :  20  Epoch time :  0.07661765441298485  Train L2 Loss :  2.3310926999801245
Epoch :  21  Epoch time :  0.0784982917830348  Train L2 Loss :  2.284808195554293
Epoch :  22  Epoch time :  0.07825954724103212  Train L2 Loss :  2.2265111849858212
Epoch :  23  Epoch time :  0.07866926398128271  Train L2 Loss :  2.1733015256050305
Epoch :  24  Epoch time :  0.07869984861463308  Train L2 Loss :  2.1407935435955343
Epoch :  25  Epoch time :  0.07854911964386702  Train L2 Loss :  2.0464078279641957
Epoch :  26  Epoch time :  0.07681297231465578  Train L2 Loss :  1.9687713659726656
Epoch :  27  Epoch time :  0.07869574707001448  Train L2 Loss :  1.908040621341803
Epoch :  28  Epoch time :  0.07854105439037085  Train L2 Loss :  1.8564296074402638
Epoch :  29  Epoch time :  0.07891055941581726  Train L2 Loss :  1.7830556355989897
Epoch :  30  Epoch time :  0.07827871106564999  Train L2 Loss :  1.735394062140049
Epoch :  31  Epoch time :  0.0815695645287633  Train L2 Loss :  1.7649558232380793
Epoch :  32  Epoch time :  0.07677284628152847  Train L2 Loss :  1.7000365318396153
Epoch :  33  Epoch time :  0.07856079190969467  Train L2 Loss :  1.6493575359002137
Epoch :  34  Epoch time :  0.07869523856788874  Train L2 Loss :  1.609163800875346
Epoch :  35  Epoch time :  0.07895535137504339  Train L2 Loss :  1.568063986607087
Epoch :  36  Epoch time :  0.0784709146246314  Train L2 Loss :  1.524626884704981
Epoch :  37  Epoch time :  0.07843922451138496  Train L2 Loss :  1.4882781230486357
Epoch :  38  Epoch time :  0.07725133001804352  Train L2 Loss :  1.4647153952182868
Epoch :  39  Epoch time :  0.07871686387807131  Train L2 Loss :  1.4302109571603627
Epoch :  40  Epoch time :  0.07901611365377903  Train L2 Loss :  1.421464660228827
Epoch :  41  Epoch time :  0.07856016140431166  Train L2 Loss :  1.4148442133879051
Epoch :  42  Epoch time :  0.07827015314251184  Train L2 Loss :  1.3882400194803874
Epoch :  43  Epoch time :  0.07838834542781115  Train L2 Loss :  1.3650821294540014
Epoch :  44  Epoch time :  0.07679878268390894  Train L2 Loss :  1.339281167739477
Epoch :  45  Epoch time :  0.07877031061798334  Train L2 Loss :  1.3139258959354498
Epoch :  46  Epoch time :  0.07884638383984566  Train L2 Loss :  1.2953784282390888
Epoch :  47  Epoch time :  0.07840485405176878  Train L2 Loss :  1.2744759596311128
Epoch :  48  Epoch time :  0.08143961150199175  Train L2 Loss :  1.2701616837428167
Epoch :  49  Epoch time :  0.07830105256289244  Train L2 Loss :  1.261557196959471
Epoch :  50  Epoch time :  0.07696455996483564  Train L2 Loss :  1.2734958208524263
Epoch :  51  Epoch time :  0.07899753283709288  Train L2 Loss :  1.291869316345606
Epoch :  52  Epoch time :  0.07862524129450321  Train L2 Loss :  1.2710101818427062
Epoch :  53  Epoch time :  0.07840309478342533  Train L2 Loss :  1.240015610670432
Epoch :  54  Epoch time :  0.0784071171656251  Train L2 Loss :  1.2235508668117034
Epoch :  55  Epoch time :  0.078281388618052  Train L2 Loss :  1.2320090960233638
Epoch :  56  Epoch time :  0.07789386436343193  Train L2 Loss :  1.2068393261004717
Epoch :  57  Epoch time :  0.07778316456824541  Train L2 Loss :  1.1732074541923327
Epoch :  58  Epoch time :  0.07895051594823599  Train L2 Loss :  1.158069366063827
Epoch :  59  Epoch time :  0.08174936939030886  Train L2 Loss :  1.1380338026927068
Epoch :  60  Epoch time :  0.079054762609303  Train L2 Loss :  1.1139136644510121
Epoch :  61  Epoch time :  0.07871631719172001  Train L2 Loss :  1.1040315322386913
Epoch :  62  Epoch time :  0.07858980353921652  Train L2 Loss :  1.114313006401062
Epoch :  63  Epoch time :  0.07759056240320206  Train L2 Loss :  1.09580105695969
Epoch :  64  Epoch time :  0.07836042065173388  Train L2 Loss :  1.0714304049809773
Epoch :  65  Epoch time :  0.08189879078418016  Train L2 Loss :  1.0608333975840838
Epoch :  66  Epoch time :  0.07820889074355364  Train L2 Loss :  1.0705122489195604
Epoch :  67  Epoch time :  0.07920345291495323  Train L2 Loss :  1.0422595250300872
Epoch :  68  Epoch time :  0.07908515818417072  Train L2 Loss :  1.0498431615340404
Epoch :  69  Epoch time :  0.07747024763375521  Train L2 Loss :  1.0556467374165852
Epoch :  70  Epoch time :  0.07858080882579088  Train L2 Loss :  1.0459455649058025
Epoch :  71  Epoch time :  0.0784577988088131  Train L2 Loss :  1.038294092202798
Epoch :  72  Epoch time :  0.07847667392343283  Train L2 Loss :  0.9882478469457382
Epoch :  73  Epoch time :  0.0784721914678812  Train L2 Loss :  0.9515015681584676
Epoch :  74  Epoch time :  0.07896608207374811  Train L2 Loss :  0.945957131874867
Epoch :  75  Epoch time :  0.07654107734560966  Train L2 Loss :  0.9373638675763056
Epoch :  76  Epoch time :  0.0783695662394166  Train L2 Loss :  0.9230884405282828
Epoch :  77  Epoch time :  0.07841512840241194  Train L2 Loss :  0.9090451292502575
Epoch :  78  Epoch time :  0.07847250811755657  Train L2 Loss :  0.901074135914827
Epoch :  79  Epoch time :  0.08150992635637522  Train L2 Loss :  0.8708311319351196
Epoch :  80  Epoch time :  0.0789490956813097  Train L2 Loss :  0.8656729001265305
Epoch :  81  Epoch time :  0.0766415735706687  Train L2 Loss :  0.8714979963424878
Epoch :  82  Epoch time :  0.08123239316046238  Train L2 Loss :  0.8577850216474289
Epoch :  83  Epoch time :  0.07817694824188948  Train L2 Loss :  0.8273434516711112
Epoch :  84  Epoch time :  0.07826819829642773  Train L2 Loss :  0.8123764777794863
Epoch :  85  Epoch time :  0.0786594208329916  Train L2 Loss :  0.814207822848589
Epoch :  86  Epoch time :  0.07828134950250387  Train L2 Loss :  0.810428961729392
Epoch :  87  Epoch time :  0.07687678653746843  Train L2 Loss :  0.791243375876011
Epoch :  88  Epoch time :  0.07824013475328684  Train L2 Loss :  0.81560279467167
Epoch :  89  Epoch time :  0.07844679709523916  Train L2 Loss :  0.8842434791418222
Epoch :  90  Epoch time :  0.07847607601433992  Train L2 Loss :  0.869573392929175
Epoch :  91  Epoch time :  0.07869965024292469  Train L2 Loss :  0.8684373329847287
Epoch :  92  Epoch time :  0.07836355362087488  Train L2 Loss :  0.8481629765950717
Epoch :  93  Epoch time :  0.076732462272048  Train L2 Loss :  0.8152990356469766
Epoch :  94  Epoch time :  0.11828801967203617  Train L2 Loss :  0.7840636051618136
Epoch :  95  Epoch time :  0.08068273589015007  Train L2 Loss :  0.7487698182081565
Epoch :  96  Epoch time :  0.0808687899261713  Train L2 Loss :  0.7450761993726095
Epoch :  97  Epoch time :  0.07839406933635473  Train L2 Loss :  0.751001911285596
Epoch :  98  Epoch time :  0.07716199848800898  Train L2 Loss :  0.7365045761450743
Epoch :  99  Epoch time :  0.07892526686191559  Train L2 Loss :  0.7310394583604275
Epoch :  100  Epoch time :  0.07850134558975697  Train L2 Loss :  0.7175442775090536
Epoch :  101  Epoch time :  0.07837884034961462  Train L2 Loss :  0.6837571431428958
Epoch :  102  Epoch time :  0.07867858279496431  Train L2 Loss :  0.6737303305894901
Epoch :  103  Epoch time :  0.07841946557164192  Train L2 Loss :  0.6668435060060941
Epoch :  104  Epoch time :  0.07744770776480436  Train L2 Loss :  0.6610983273921869
Epoch :  105  Epoch time :  0.07828620169311762  Train L2 Loss :  0.6561966630128714
Epoch :  106  Epoch time :  0.07834887970238924  Train L2 Loss :  0.6529630819956461
Epoch :  107  Epoch time :  0.07863134611397982  Train L2 Loss :  0.6506858819570297
Epoch :  108  Epoch time :  0.07865099795162678  Train L2 Loss :  0.6486272949438828
Epoch :  109  Epoch time :  0.08155428897589445  Train L2 Loss :  0.6449045584752009
Epoch :  110  Epoch time :  0.07785618025809526  Train L2 Loss :  0.6425106235039539
Epoch :  111  Epoch time :  0.07769272662699223  Train L2 Loss :  0.6392043569149115
Epoch :  112  Epoch time :  0.07858817465603352  Train L2 Loss :  0.6355108175522242
Epoch :  113  Epoch time :  0.07830970920622349  Train L2 Loss :  0.6320575521542475
Epoch :  114  Epoch time :  0.0786646855995059  Train L2 Loss :  0.6264754350368793
Epoch :  115  Epoch time :  0.07843865361064672  Train L2 Loss :  0.6260393735689994
Epoch :  116  Epoch time :  0.07868153974413872  Train L2 Loss :  0.6223688110327109
Epoch :  117  Epoch time :  0.07748825289309025  Train L2 Loss :  0.61852782811874
Epoch :  118  Epoch time :  0.07840769179165363  Train L2 Loss :  0.6146279390041645
Epoch :  119  Epoch time :  0.07881528045982122  Train L2 Loss :  0.6119265785584083
Epoch :  120  Epoch time :  0.07867689058184624  Train L2 Loss :  0.6109552138890976
Epoch :  121  Epoch time :  0.07869524136185646  Train L2 Loss :  0.6051340164282383
Epoch :  122  Epoch time :  0.07888455502688885  Train L2 Loss :  0.6025501673038189
Epoch :  123  Epoch time :  0.07735854480415583  Train L2 Loss :  0.5997793766168448
Epoch :  124  Epoch time :  0.08121709618717432  Train L2 Loss :  0.5955694608199291
Epoch :  125  Epoch time :  0.07871513068675995  Train L2 Loss :  0.5903116220082992
Epoch :  126  Epoch time :  0.07871219608932734  Train L2 Loss :  0.5856413138218415
Epoch :  127  Epoch time :  0.0788396243005991  Train L2 Loss :  0.5814413672838455
Epoch :  128  Epoch time :  0.07896541245281696  Train L2 Loss :  0.5772904004806128
Epoch :  129  Epoch time :  0.07694101706147194  Train L2 Loss :  0.5736345908580682
Epoch :  130  Epoch time :  0.07878608163446188  Train L2 Loss :  0.573378555285625
Epoch :  131  Epoch time :  0.07955097779631615  Train L2 Loss :  0.5705107695017105
Epoch :  132  Epoch time :  0.07855762541294098  Train L2 Loss :  0.5704761269765023
Epoch :  133  Epoch time :  0.07908100727945566  Train L2 Loss :  0.5667827740693704
Epoch :  134  Epoch time :  0.07843644917011261  Train L2 Loss :  0.5632759684171432
Epoch :  135  Epoch time :  0.07694091834127903  Train L2 Loss :  0.5584865793203696
Epoch :  136  Epoch time :  0.08146615047007799  Train L2 Loss :  0.5535487150534605
Epoch :  137  Epoch time :  0.07867767009884119  Train L2 Loss :  0.5529766877492269
Epoch :  138  Epoch time :  0.07856693118810654  Train L2 Loss :  0.5508909500562228
Epoch :  139  Epoch time :  0.07904733065515757  Train L2 Loss :  0.5444811322750189
Epoch :  140  Epoch time :  0.07851652894169092  Train L2 Loss :  0.5416976626102741
Epoch :  141  Epoch time :  0.0772816352546215  Train L2 Loss :  0.5403755597579174
Epoch :  142  Epoch time :  0.07875240501016378  Train L2 Loss :  0.5343348276920807
Epoch :  143  Epoch time :  0.07872715499252081  Train L2 Loss :  0.5343487025835575
Epoch :  144  Epoch time :  0.07874117325991392  Train L2 Loss :  0.5268518695464501
Epoch :  145  Epoch time :  0.07888823933899403  Train L2 Loss :  0.5248383940794529
Epoch :  146  Epoch time :  0.07842738553881645  Train L2 Loss :  0.5275559776868576
Epoch :  147  Epoch time :  0.0769221754744649  Train L2 Loss :  0.5374218515860729
Epoch :  148  Epoch time :  0.07904373202472925  Train L2 Loss :  0.5245411625275245
Epoch :  149  Epoch time :  0.07865331508219242  Train L2 Loss :  0.5272021171374198
Epoch :  150  Epoch time :  0.07907685171812773  Train L2 Loss :  0.5172708813960736
Epoch :  151  Epoch time :  0.07827194407582283  Train L2 Loss :  0.5129958039675003
Epoch :  152  Epoch time :  0.07874589692801237  Train L2 Loss :  0.5245521465937296
Epoch :  153  Epoch time :  0.07702460326254368  Train L2 Loss :  0.518054526585799
Epoch :  154  Epoch time :  0.07878107763826847  Train L2 Loss :  0.5142889878688715
Epoch :  155  Epoch time :  0.07873001042753458  Train L2 Loss :  0.5206612409689487
Epoch :  156  Epoch time :  0.07897347118705511  Train L2 Loss :  0.5174856239404434
Epoch :  157  Epoch time :  0.07833357434719801  Train L2 Loss :  0.545974089549138
Epoch :  158  Epoch time :  0.07847295980900526  Train L2 Loss :  0.5448267047221844
Epoch :  159  Epoch time :  0.07673821598291397  Train L2 Loss :  0.524355750817519
Epoch :  160  Epoch time :  0.07881860714405775  Train L2 Loss :  0.50676391292841
Epoch :  161  Epoch time :  0.07914676796644926  Train L2 Loss :  0.5002320699202709
Epoch :  162  Epoch time :  0.08125804644078016  Train L2 Loss :  0.49305219833667463
Epoch :  163  Epoch time :  0.07875567767769098  Train L2 Loss :  0.4932143833392706
Epoch :  164  Epoch time :  0.08070102147758007  Train L2 Loss :  0.48698056355500835
Epoch :  165  Epoch time :  0.07721351832151413  Train L2 Loss :  0.4947541356086731
Epoch :  166  Epoch time :  0.07891084626317024  Train L2 Loss :  0.4806629885465671
Epoch :  167  Epoch time :  0.07896050531417131  Train L2 Loss :  0.48715098393269074
Epoch :  168  Epoch time :  0.07870933134108782  Train L2 Loss :  0.4839609097211789
Epoch :  169  Epoch time :  0.07859156280755997  Train L2 Loss :  0.4685490009112236
Epoch :  170  Epoch time :  0.07869169116020203  Train L2 Loss :  0.4604832721062196
Epoch :  171  Epoch time :  0.0769975334405899  Train L2 Loss :  0.4570406064009055
Epoch :  172  Epoch time :  0.07904072944074869  Train L2 Loss :  0.45248203705518675
Epoch :  173  Epoch time :  0.07889884896576405  Train L2 Loss :  0.45436212649712193
Epoch :  174  Epoch time :  0.07870546914637089  Train L2 Loss :  0.45764263165302765
Epoch :  175  Epoch time :  0.07871095556765795  Train L2 Loss :  0.45858367589803845
Epoch :  176  Epoch time :  0.0785983745008707  Train L2 Loss :  0.4662893552046556
Epoch :  177  Epoch time :  0.0777238579466939  Train L2 Loss :  0.4678404017900809
Epoch :  178  Epoch time :  0.07885695062577724  Train L2 Loss :  0.45697073065317595
Epoch :  179  Epoch time :  0.07865757029503584  Train L2 Loss :  0.4537399655733353
Epoch :  180  Epoch time :  0.07871323823928833  Train L2 Loss :  0.45024702946345013
Epoch :  181  Epoch time :  0.07853710744529963  Train L2 Loss :  0.4439663665416913
Epoch :  182  Epoch time :  0.07865650299936533  Train L2 Loss :  0.4487044505583934
Epoch :  183  Epoch time :  0.07809859048575163  Train L2 Loss :  0.4631068675945967
Epoch :  184  Epoch time :  0.07812080252915621  Train L2 Loss :  0.4864235474513127
Epoch :  185  Epoch time :  0.07895030360668898  Train L2 Loss :  0.47278312077889073
Epoch :  186  Epoch time :  0.07889024913311005  Train L2 Loss :  0.47832624576030636
Epoch :  187  Epoch time :  0.07876283582299948  Train L2 Loss :  0.466777136692634
Epoch :  188  Epoch time :  0.07871867250651121  Train L2 Loss :  0.4578036123361343
Epoch :  189  Epoch time :  0.083398861810565  Train L2 Loss :  0.44777394716556257
Epoch :  190  Epoch time :  0.0785656925290823  Train L2 Loss :  0.436783702709736
Epoch :  191  Epoch time :  0.07931336667388678  Train L2 Loss :  0.42591336140265834
Epoch :  192  Epoch time :  0.08073533698916435  Train L2 Loss :  0.4167061944802602
Epoch :  193  Epoch time :  0.07852564845234156  Train L2 Loss :  0.4142224895648467
Epoch :  194  Epoch time :  0.07885565236210823  Train L2 Loss :  0.41248934009136295
Epoch :  195  Epoch time :  0.07956355344504118  Train L2 Loss :  0.41215488925958293
Epoch :  196  Epoch time :  0.07807805202901363  Train L2 Loss :  0.411355088918637
Epoch :  197  Epoch time :  0.07888869196176529  Train L2 Loss :  0.4073979824017256
Epoch :  198  Epoch time :  0.07852601632475853  Train L2 Loss :  0.40738833867586577
Epoch :  199  Epoch time :  0.07855458743870258  Train L2 Loss :  0.4062444246732272
Epoch :  200  Epoch time :  0.07877142075449228  Train L2 Loss :  0.39751715384996855
Epoch :  201  Epoch time :  0.07888374011963606  Train L2 Loss :  0.3934214757038997
Epoch :  202  Epoch time :  0.0772613761946559  Train L2 Loss :  0.3906794182765178
Epoch :  203  Epoch time :  0.07897826004773378  Train L2 Loss :  0.38866472779176175
Epoch :  204  Epoch time :  0.0792112285271287  Train L2 Loss :  0.38832852779290616
Epoch :  205  Epoch time :  0.07901315856724977  Train L2 Loss :  0.3871146486355708
Epoch :  206  Epoch time :  0.07905580848455429  Train L2 Loss :  0.38646639310396635
Epoch :  207  Epoch time :  0.07909895945340395  Train L2 Loss :  0.38528469586983705
Epoch :  208  Epoch time :  0.07726006116718054  Train L2 Loss :  0.3842886854440738
Epoch :  209  Epoch time :  0.07860737480223179  Train L2 Loss :  0.38326126948381084
Epoch :  210  Epoch time :  0.07906556222587824  Train L2 Loss :  0.38254865316244274
Epoch :  211  Epoch time :  0.07891716621816158  Train L2 Loss :  0.38198165404490936
Epoch :  212  Epoch time :  0.07893181219696999  Train L2 Loss :  0.38148008860074556
Epoch :  213  Epoch time :  0.07919896394014359  Train L2 Loss :  0.3805067439874013
Epoch :  214  Epoch time :  0.0771543588489294  Train L2 Loss :  0.3794591854780148
Epoch :  215  Epoch time :  0.07856757659465075  Train L2 Loss :  0.37890650217349714
Epoch :  216  Epoch time :  0.07884830608963966  Train L2 Loss :  0.37772767360393816
Epoch :  217  Epoch time :  0.07865284662693739  Train L2 Loss :  0.37700725136659086
Epoch :  218  Epoch time :  0.07891308702528477  Train L2 Loss :  0.3767614395190508
Epoch :  219  Epoch time :  0.07882766611874104  Train L2 Loss :  0.37584306643559384
Epoch :  220  Epoch time :  0.09316801000386477  Train L2 Loss :  0.37473287337865585
Epoch :  221  Epoch time :  0.0788459200412035  Train L2 Loss :  0.37364948636446244
Epoch :  222  Epoch time :  0.07865677401423454  Train L2 Loss :  0.3727201498471774
Epoch :  223  Epoch time :  0.07866175007075071  Train L2 Loss :  0.3722826486978775
Epoch :  224  Epoch time :  0.07894429285079241  Train L2 Loss :  0.3718589429671948
Epoch :  225  Epoch time :  0.07910797744989395  Train L2 Loss :  0.37060443331033754
Epoch :  226  Epoch time :  0.07676139008253813  Train L2 Loss :  0.3694836375040886
Epoch :  227  Epoch time :  0.07871915679425001  Train L2 Loss :  0.36920782159536314
Epoch :  228  Epoch time :  0.07905596774071455  Train L2 Loss :  0.36810245422216564
Epoch :  229  Epoch time :  0.07868684269487858  Train L2 Loss :  0.36779460310935974
Epoch :  230  Epoch time :  0.07882547471672297  Train L2 Loss :  0.36611931599103487
Epoch :  231  Epoch time :  0.07866252306848764  Train L2 Loss :  0.3654895890981723
Epoch :  232  Epoch time :  0.07663780637085438  Train L2 Loss :  0.364520414517476
Epoch :  233  Epoch time :  0.07876665517687798  Train L2 Loss :  0.36373989551495284
Epoch :  234  Epoch time :  0.0786190191283822  Train L2 Loss :  0.3622715496099912
Epoch :  235  Epoch time :  0.07890710048377514  Train L2 Loss :  0.3617585377815442
Epoch :  236  Epoch time :  0.07877147570252419  Train L2 Loss :  0.3619523170666817
Epoch :  237  Epoch time :  0.07871555630117655  Train L2 Loss :  0.3615515935115325
Epoch :  238  Epoch time :  0.07685914635658264  Train L2 Loss :  0.3599088490009308
Epoch :  239  Epoch time :  0.07874524872750044  Train L2 Loss :  0.35882841012416744
Epoch :  240  Epoch time :  0.07861441466957331  Train L2 Loss :  0.3579227954913408
Epoch :  241  Epoch time :  0.07951856311410666  Train L2 Loss :  0.35832613171675265
Epoch :  242  Epoch time :  0.07859097514301538  Train L2 Loss :  0.35709979289617294
Epoch :  243  Epoch time :  0.07861556764692068  Train L2 Loss :  0.35625365452888685
Epoch :  244  Epoch time :  0.07659125700592995  Train L2 Loss :  0.35468920301168394
Epoch :  245  Epoch time :  0.0789041705429554  Train L2 Loss :  0.3529166273581676
Epoch :  246  Epoch time :  0.08244731090962887  Train L2 Loss :  0.3527278716747577
Epoch :  247  Epoch time :  0.07929015066474676  Train L2 Loss :  0.35210755238166225
Epoch :  248  Epoch time :  0.07829720620065928  Train L2 Loss :  0.3511505669508225
Epoch :  249  Epoch time :  0.07989150285720825  Train L2 Loss :  0.3503905802201002
Epoch :  250  Epoch time :  0.07630029693245888  Train L2 Loss :  0.34976755273647797
Epoch :  251  Epoch time :  0.08044249750673771  Train L2 Loss :  0.3485524119474949
Epoch :  252  Epoch time :  0.080602434463799  Train L2 Loss :  0.3508435533596919
Epoch :  253  Epoch time :  0.08160968963056803  Train L2 Loss :  0.34995948045681685
Epoch :  254  Epoch time :  0.08074086997658014  Train L2 Loss :  0.34933107938521946
Epoch :  255  Epoch time :  0.08063711225986481  Train L2 Loss :  0.34806294930286896
Epoch :  256  Epoch time :  0.07869560085237026  Train L2 Loss :  0.34730243071531636
Epoch :  257  Epoch time :  0.08012577332556248  Train L2 Loss :  0.3477832132425064
Epoch :  258  Epoch time :  0.0792995085939765  Train L2 Loss :  0.3455853706751114
Epoch :  259  Epoch time :  0.08009799011051655  Train L2 Loss :  0.34262728232603806
Epoch :  260  Epoch time :  0.0791541775688529  Train L2 Loss :  0.3417774477066138
Epoch :  261  Epoch time :  0.07959978748112917  Train L2 Loss :  0.3413597100820297
Epoch :  262  Epoch time :  0.07831751182675362  Train L2 Loss :  0.34221737048564815
Epoch :  263  Epoch time :  0.08048800006508827  Train L2 Loss :  0.34338215986887616
Epoch :  264  Epoch time :  0.08008968085050583  Train L2 Loss :  0.3436441589624454
Epoch :  265  Epoch time :  0.0798376640304923  Train L2 Loss :  0.3408214893096533
Epoch :  266  Epoch time :  0.07972232066094875  Train L2 Loss :  0.341143277211067
Epoch :  267  Epoch time :  0.08061082102358341  Train L2 Loss :  0.3395007978647183
Epoch :  268  Epoch time :  0.07826768234372139  Train L2 Loss :  0.3403912950784732
Epoch :  269  Epoch time :  0.08371758181601763  Train L2 Loss :  0.3391010318046961
Epoch :  270  Epoch time :  0.08003911003470421  Train L2 Loss :  0.33963136031077457
Epoch :  271  Epoch time :  0.08025574497878551  Train L2 Loss :  0.3416682053834964
Epoch :  272  Epoch time :  0.07993121538311243  Train L2 Loss :  0.33888973257480526
Epoch :  273  Epoch time :  0.08020236436277628  Train L2 Loss :  0.34122812289458054
Epoch :  274  Epoch time :  0.0781492069363594  Train L2 Loss :  0.3389397538625277
Epoch :  275  Epoch time :  0.07993579935282469  Train L2 Loss :  0.33633952874403733
Epoch :  276  Epoch time :  0.07924655452370644  Train L2 Loss :  0.3348053059516809
Epoch :  277  Epoch time :  0.07891302090138197  Train L2 Loss :  0.33631307421586454
Epoch :  278  Epoch time :  0.07947806175798178  Train L2 Loss :  0.3350463731166644
Epoch :  279  Epoch time :  0.07918259594589472  Train L2 Loss :  0.3340123586165599
Epoch :  280  Epoch time :  0.07745968271046877  Train L2 Loss :  0.33374895193637943
Epoch :  281  Epoch time :  0.0796431927010417  Train L2 Loss :  0.332416940958072
Epoch :  282  Epoch time :  0.07916486635804176  Train L2 Loss :  0.33159420658380556
Epoch :  283  Epoch time :  0.08029492571949959  Train L2 Loss :  0.33148913887830883
Epoch :  284  Epoch time :  0.08186719566583633  Train L2 Loss :  0.3268031004147652
Epoch :  285  Epoch time :  0.08182781282812357  Train L2 Loss :  0.32574908626385224
Epoch :  286  Epoch time :  0.07987887226045132  Train L2 Loss :  0.32582345375647914
Epoch :  287  Epoch time :  0.08294328022748232  Train L2 Loss :  0.3263322718632527
Epoch :  288  Epoch time :  0.08233933243900537  Train L2 Loss :  0.32722968550828785
Epoch :  289  Epoch time :  0.08263404853641987  Train L2 Loss :  0.3282970793736287
Epoch :  290  Epoch time :  0.08462471980601549  Train L2 Loss :  0.33019031011141264
Epoch :  291  Epoch time :  0.08255701046437025  Train L2 Loss :  0.3293163455449618
Epoch :  292  Epoch time :  0.07983559090644121  Train L2 Loss :  0.337816195610242
Epoch :  293  Epoch time :  0.08242168463766575  Train L2 Loss :  0.3289497326581906
Epoch :  294  Epoch time :  0.08271739259362221  Train L2 Loss :  0.32670868589327884
Epoch :  295  Epoch time :  0.08216418605297804  Train L2 Loss :  0.3262489797213139
Epoch :  296  Epoch time :  0.08246399462223053  Train L2 Loss :  0.3223631466046358
Epoch :  297  Epoch time :  0.08235314954072237  Train L2 Loss :  0.3204628672355261
Epoch :  298  Epoch time :  0.08039105869829655  Train L2 Loss :  0.3191798604451693
Epoch :  299  Epoch time :  0.08273382671177387  Train L2 Loss :  0.3167948058018318
Epoch :  300  Epoch time :  0.0829032277688384  Train L2 Loss :  0.3143198085136903
Epoch :  301  Epoch time :  0.0831275237724185  Train L2 Loss :  0.31183755550629055
Epoch :  302  Epoch time :  0.08269761130213737  Train L2 Loss :  0.31112091663556224
Epoch :  303  Epoch time :  0.08287441823631525  Train L2 Loss :  0.3107733925183614
Epoch :  304  Epoch time :  0.08039050735533237  Train L2 Loss :  0.3102958171795576
Epoch :  305  Epoch time :  0.0828771898522973  Train L2 Loss :  0.30990938422007436
Epoch :  306  Epoch time :  0.08251831214874983  Train L2 Loss :  0.30954777124600535
Epoch :  307  Epoch time :  0.08276665955781937  Train L2 Loss :  0.309443426437867
Epoch :  308  Epoch time :  0.08256678469479084  Train L2 Loss :  0.3090859353542328
Epoch :  309  Epoch time :  0.08162170648574829  Train L2 Loss :  0.3088140250780644
Epoch :  310  Epoch time :  0.0791881000623107  Train L2 Loss :  0.3087915892784412
Epoch :  311  Epoch time :  0.08180360030382872  Train L2 Loss :  0.3085114084757291
Epoch :  312  Epoch time :  0.08383629377931356  Train L2 Loss :  0.30855082013668156
Epoch :  313  Epoch time :  0.08195266127586365  Train L2 Loss :  0.3081691509638077
Epoch :  314  Epoch time :  0.08216227497905493  Train L2 Loss :  0.30766469393021023
Epoch :  315  Epoch time :  0.08198328875005245  Train L2 Loss :  0.3074722427588243
Epoch :  316  Epoch time :  0.08209081646054983  Train L2 Loss :  0.307347603333302
Epoch :  317  Epoch time :  0.0819355882704258  Train L2 Loss :  0.3067053862107106
Epoch :  318  Epoch time :  0.08178859017789364  Train L2 Loss :  0.3066031214518425
Epoch :  319  Epoch time :  0.08166972454637289  Train L2 Loss :  0.3063263556896112
Epoch :  320  Epoch time :  0.08187937270849943  Train L2 Loss :  0.3058885511679527
Epoch :  321  Epoch time :  0.08381373807787895  Train L2 Loss :  0.3054819099414043
Epoch :  322  Epoch time :  0.07995857670903206  Train L2 Loss :  0.30553856568458754
Epoch :  323  Epoch time :  0.08177209086716175  Train L2 Loss :  0.30508935910004836
Epoch :  324  Epoch time :  0.0818664776161313  Train L2 Loss :  0.30502906365272325
Epoch :  325  Epoch time :  0.08201138582080603  Train L2 Loss :  0.30523244387064224
Epoch :  326  Epoch time :  0.08111525699496269  Train L2 Loss :  0.3044766118893257
Epoch :  327  Epoch time :  0.08241085056215525  Train L2 Loss :  0.30438289504784805
Epoch :  328  Epoch time :  0.08079889882355928  Train L2 Loss :  0.30407222417684704
Epoch :  329  Epoch time :  0.08199954032897949  Train L2 Loss :  0.3036122910487346
Epoch :  330  Epoch time :  0.08218268118798733  Train L2 Loss :  0.3033029032059205
Epoch :  331  Epoch time :  0.0813165633007884  Train L2 Loss :  0.3031262801243709
Epoch :  332  Epoch time :  0.08603310212492943  Train L2 Loss :  0.30261545762037617
Epoch :  333  Epoch time :  0.08213673532009125  Train L2 Loss :  0.30244796474774677
Epoch :  334  Epoch time :  0.080522277392447  Train L2 Loss :  0.3022914834511586
Epoch :  335  Epoch time :  0.08214198146015406  Train L2 Loss :  0.3020513378656827
Epoch :  336  Epoch time :  0.08150540757924318  Train L2 Loss :  0.30171029307903385
Epoch :  337  Epoch time :  0.08230093587189913  Train L2 Loss :  0.3018381572686709
Epoch :  338  Epoch time :  0.08191562723368406  Train L2 Loss :  0.3013724058102339
Epoch :  339  Epoch time :  0.08089743927121162  Train L2 Loss :  0.3012999280905112
Epoch :  340  Epoch time :  0.08167624287307262  Train L2 Loss :  0.3009578646757664
Epoch :  341  Epoch time :  0.08274415414780378  Train L2 Loss :  0.30030888319015503
Epoch :  342  Epoch time :  0.08196479640901089  Train L2 Loss :  0.29992302105976987
Epoch :  343  Epoch time :  0.08218638598918915  Train L2 Loss :  0.3002390280748025
Epoch :  344  Epoch time :  0.08179829269647598  Train L2 Loss :  0.3001799170787518
Epoch :  345  Epoch time :  0.0801681661978364  Train L2 Loss :  0.2994942703308203
Epoch :  346  Epoch time :  0.08251882623881102  Train L2 Loss :  0.29952107943021333
Epoch :  347  Epoch time :  0.08187302574515343  Train L2 Loss :  0.300215374200772
Epoch :  348  Epoch time :  0.0814842488616705  Train L2 Loss :  0.3002916192397093
Epoch :  349  Epoch time :  0.08152455184608698  Train L2 Loss :  0.29885861659661317
Epoch :  350  Epoch time :  0.08176871575415134  Train L2 Loss :  0.29833985215578324
Epoch :  351  Epoch time :  0.08123474288731813  Train L2 Loss :  0.2978853247104547
Epoch :  352  Epoch time :  0.08253305219113827  Train L2 Loss :  0.29765523931919
Epoch :  353  Epoch time :  0.08223063498735428  Train L2 Loss :  0.29749628672233
Epoch :  354  Epoch time :  0.08178363926708698  Train L2 Loss :  0.2972342173258464
Epoch :  355  Epoch time :  0.08220411464571953  Train L2 Loss :  0.29693749852669543
Epoch :  356  Epoch time :  0.08169312868267298  Train L2 Loss :  0.2969718269812755
Epoch :  357  Epoch time :  0.07984183635562658  Train L2 Loss :  0.29741032383380794
Epoch :  358  Epoch time :  0.08211774844676256  Train L2 Loss :  0.2972215482821831
Epoch :  359  Epoch time :  0.08252772223204374  Train L2 Loss :  0.2997789826148596
Epoch :  360  Epoch time :  0.0854766508564353  Train L2 Loss :  0.2967907687028249
Epoch :  361  Epoch time :  0.08316810242831707  Train L2 Loss :  0.2953440974920224
Epoch :  362  Epoch time :  0.08172979857772589  Train L2 Loss :  0.29504969868904507
Epoch :  363  Epoch time :  0.07964096125215292  Train L2 Loss :  0.29506002633999556
Epoch :  364  Epoch time :  0.08128215093165636  Train L2 Loss :  0.2949944902689029
Epoch :  365  Epoch time :  0.08111277502030134  Train L2 Loss :  0.2951325170504741
Epoch :  366  Epoch time :  0.08328422997146845  Train L2 Loss :  0.29502064830217606
Epoch :  367  Epoch time :  0.08244982827454805  Train L2 Loss :  0.29431090523035097
Epoch :  368  Epoch time :  0.08287821803241968  Train L2 Loss :  0.2937998977991251
Epoch :  369  Epoch time :  0.0792806250974536  Train L2 Loss :  0.29389063670085025
Epoch :  370  Epoch time :  0.08098322805017233  Train L2 Loss :  0.293218433092802
Epoch :  371  Epoch time :  0.08021234162151814  Train L2 Loss :  0.2925812174112369
Epoch :  372  Epoch time :  0.08024298213422298  Train L2 Loss :  0.29237820093448347
Epoch :  373  Epoch time :  0.08055001869797707  Train L2 Loss :  0.29241812305572706
Epoch :  374  Epoch time :  0.0796720776706934  Train L2 Loss :  0.29270433080502045
Epoch :  375  Epoch time :  0.07775431033223867  Train L2 Loss :  0.2925321666093973
Epoch :  376  Epoch time :  0.07977543957531452  Train L2 Loss :  0.29232768370554996
Epoch :  377  Epoch time :  0.0796360969543457  Train L2 Loss :  0.2918769778349461
Epoch :  378  Epoch time :  0.07984268385916948  Train L2 Loss :  0.29183135888515377
Epoch :  379  Epoch time :  0.08029663655906916  Train L2 Loss :  0.2911518521797963
Epoch :  380  Epoch time :  0.08061592373996973  Train L2 Loss :  0.29112373483486664
Epoch :  381  Epoch time :  0.07828615978360176  Train L2 Loss :  0.2927832244298397
Epoch :  382  Epoch time :  0.07999537885189056  Train L2 Loss :  0.2923622780885452
Epoch :  383  Epoch time :  0.08152003027498722  Train L2 Loss :  0.29094935151246876
Epoch :  384  Epoch time :  0.081201764754951  Train L2 Loss :  0.2918274670075148
Epoch :  385  Epoch time :  0.08116704225540161  Train L2 Loss :  0.2908353240062029
Epoch :  386  Epoch time :  0.08057915326207876  Train L2 Loss :  0.2899607267135229
Epoch :  387  Epoch time :  0.07820844743400812  Train L2 Loss :  0.28993795315424603
Epoch :  388  Epoch time :  0.0797467166557908  Train L2 Loss :  0.2891906958359938
Epoch :  389  Epoch time :  0.08011592086404562  Train L2 Loss :  0.2891243784091411
Epoch :  390  Epoch time :  0.08011437673121691  Train L2 Loss :  0.28901578142092776
Epoch :  391  Epoch time :  0.08013748191297054  Train L2 Loss :  0.2893378528264853
Epoch :  392  Epoch time :  0.07968033663928509  Train L2 Loss :  0.2895647577750377
Epoch :  393  Epoch time :  0.07795418985188007  Train L2 Loss :  0.2885625041448153
Epoch :  394  Epoch time :  0.07965361047536135  Train L2 Loss :  0.2879190185131171
Epoch :  395  Epoch time :  0.08027185592800379  Train L2 Loss :  0.2871461709340413
Epoch :  396  Epoch time :  0.08026948291808367  Train L2 Loss :  0.28677497765956783
Epoch :  397  Epoch time :  0.08035805821418762  Train L2 Loss :  0.2862875560919444
Epoch :  398  Epoch time :  0.0795375406742096  Train L2 Loss :  0.2867263968174274
Epoch :  399  Epoch time :  0.07826574984937906  Train L2 Loss :  0.28727092956885314
Epoch :  400  Epoch time :  0.08113410603255033  Train L2 Loss :  0.2847906091274359
Epoch :  401  Epoch time :  0.08260847814381123  Train L2 Loss :  0.2839468457759955
Epoch :  402  Epoch time :  0.08270441181957722  Train L2 Loss :  0.28370981567945236
Epoch :  403  Epoch time :  0.08226758614182472  Train L2 Loss :  0.2835697333017985
Epoch :  404  Epoch time :  0.08285537548363209  Train L2 Loss :  0.28335961317404723
Epoch :  405  Epoch time :  0.09705098997801542  Train L2 Loss :  0.2832691409648993
Epoch :  406  Epoch time :  0.08237916883081198  Train L2 Loss :  0.28310490189454496
Epoch :  407  Epoch time :  0.08093678392469883  Train L2 Loss :  0.2829049596419701
Epoch :  408  Epoch time :  0.08022782020270824  Train L2 Loss :  0.28280105881201917
Epoch :  409  Epoch time :  0.0810951879248023  Train L2 Loss :  0.28260513070302135
Epoch :  410  Epoch time :  0.08068911265581846  Train L2 Loss :  0.28249935003427357
Epoch :  411  Epoch time :  0.08018403314054012  Train L2 Loss :  0.2825757479056334
Epoch :  412  Epoch time :  0.08150528185069561  Train L2 Loss :  0.2824821533300938
Epoch :  413  Epoch time :  0.08224336057901382  Train L2 Loss :  0.2823163408499498
Epoch :  414  Epoch time :  0.08165400195866823  Train L2 Loss :  0.28212756606248707
Epoch :  415  Epoch time :  0.08099799696356058  Train L2 Loss :  0.2820117152654208
Epoch :  416  Epoch time :  0.0801544776186347  Train L2 Loss :  0.2819052919363364
Epoch :  417  Epoch time :  0.08122643455862999  Train L2 Loss :  0.28189203983698136
Epoch :  418  Epoch time :  0.0802508108317852  Train L2 Loss :  0.28166685883815473
Epoch :  419  Epoch time :  0.08003222476691008  Train L2 Loss :  0.28150732471392703
Epoch :  420  Epoch time :  0.07993458677083254  Train L2 Loss :  0.28147833622418916
Epoch :  421  Epoch time :  0.08042820263653994  Train L2 Loss :  0.28125229707131016
Epoch :  422  Epoch time :  0.0790362199768424  Train L2 Loss :  0.2811092260556343
Epoch :  423  Epoch time :  0.08164598792791367  Train L2 Loss :  0.28111032874156267
Epoch :  424  Epoch time :  0.08063846547156572  Train L2 Loss :  0.2809273103872935
Epoch :  425  Epoch time :  0.08059004321694374  Train L2 Loss :  0.2807928858659206
Epoch :  426  Epoch time :  0.08070308528840542  Train L2 Loss :  0.2806143668981699
Epoch :  427  Epoch time :  0.08112943265587091  Train L2 Loss :  0.2803924160125928
Epoch :  428  Epoch time :  0.07873801793903112  Train L2 Loss :  0.2804469481492654
Epoch :  429  Epoch time :  0.08123747631907463  Train L2 Loss :  0.280115361397083
Epoch :  430  Epoch time :  0.08091437444090843  Train L2 Loss :  0.28024655198439574
Epoch :  431  Epoch time :  0.08053022343665361  Train L2 Loss :  0.28024162390293217
Epoch :  432  Epoch time :  0.08064881060272455  Train L2 Loss :  0.27997564505308103
Epoch :  433  Epoch time :  0.08041590824723244  Train L2 Loss :  0.27992510948425686
Epoch :  434  Epoch time :  0.07891563791781664  Train L2 Loss :  0.27998255842771286
Epoch :  435  Epoch time :  0.08007033914327621  Train L2 Loss :  0.28016179494368726
Epoch :  436  Epoch time :  0.08024792559444904  Train L2 Loss :  0.27939703296392393
Epoch :  437  Epoch time :  0.07996524777263403  Train L2 Loss :  0.279141848668074
Epoch :  438  Epoch time :  0.0796695863828063  Train L2 Loss :  0.27902097274095583
Epoch :  439  Epoch time :  0.07948997244238853  Train L2 Loss :  0.27886812809186107
Epoch :  440  Epoch time :  0.07788288034498692  Train L2 Loss :  0.27892756920594436
Epoch :  441  Epoch time :  0.0799975348636508  Train L2 Loss :  0.2788458160865001
Epoch :  442  Epoch time :  0.0806688005104661  Train L2 Loss :  0.2788381698804024
Epoch :  443  Epoch time :  0.08277716394513845  Train L2 Loss :  0.27864304414162266
Epoch :  444  Epoch time :  0.08270841650664806  Train L2 Loss :  0.27856843975874096
Epoch :  445  Epoch time :  0.08345092460513115  Train L2 Loss :  0.27820019385753536
Epoch :  446  Epoch time :  0.08235762920230627  Train L2 Loss :  0.27800653378168744
Epoch :  447  Epoch time :  0.08801611978560686  Train L2 Loss :  0.2778347088740422
Epoch :  448  Epoch time :  0.0830801222473383  Train L2 Loss :  0.2777469012981806
Epoch :  449  Epoch time :  0.08326622005552053  Train L2 Loss :  0.27750817094093716
Epoch :  450  Epoch time :  0.08323037903755903  Train L2 Loss :  0.2773958322329399
Epoch :  451  Epoch time :  0.08329281583428383  Train L2 Loss :  0.27722212977898425
Epoch :  452  Epoch time :  0.0811374643817544  Train L2 Loss :  0.2769620219866435
Epoch :  453  Epoch time :  0.0830867001786828  Train L2 Loss :  0.2769185197659028
Epoch :  454  Epoch time :  0.08288673870265484  Train L2 Loss :  0.2768871753643721
Epoch :  455  Epoch time :  0.08295432571321726  Train L2 Loss :  0.2767505447069804
Epoch :  456  Epoch time :  0.08323889877647161  Train L2 Loss :  0.2765634388495714
Epoch :  457  Epoch time :  0.08370300382375717  Train L2 Loss :  0.2766112662278689
Epoch :  458  Epoch time :  0.0807767128571868  Train L2 Loss :  0.27663002564356876
Epoch :  459  Epoch time :  0.08294738456606865  Train L2 Loss :  0.2764975558488797
Epoch :  460  Epoch time :  0.08292846288532019  Train L2 Loss :  0.2761090405476399
Epoch :  461  Epoch time :  0.08288644347339869  Train L2 Loss :  0.27596906209603334
Epoch :  462  Epoch time :  0.08277809619903564  Train L2 Loss :  0.2757177819044162
Epoch :  463  Epoch time :  0.08347438741475344  Train L2 Loss :  0.27551159186240953
Epoch :  464  Epoch time :  0.08427246194332838  Train L2 Loss :  0.27540398713869924
Epoch :  465  Epoch time :  0.08309751283377409  Train L2 Loss :  0.2753708989192278
Epoch :  466  Epoch time :  0.0832450669258833  Train L2 Loss :  0.27525874284597546
Epoch :  467  Epoch time :  0.08297111559659243  Train L2 Loss :  0.27494175770343876
Epoch :  468  Epoch time :  0.08239451516419649  Train L2 Loss :  0.27517564098040265
Epoch :  469  Epoch time :  0.08177366014569998  Train L2 Loss :  0.27502345733153516
Epoch :  470  Epoch time :  0.08257774915546179  Train L2 Loss :  0.2749208723887419
Epoch :  471  Epoch time :  0.08325725328177214  Train L2 Loss :  0.2748462022879185
Epoch :  472  Epoch time :  0.08302051573991776  Train L2 Loss :  0.2744805476604364
Epoch :  473  Epoch time :  0.08278874680399895  Train L2 Loss :  0.27407008485916334
Epoch :  474  Epoch time :  0.08290345035493374  Train L2 Loss :  0.27401460592563337
Epoch :  475  Epoch time :  0.08065375778824091  Train L2 Loss :  0.27375112512172795
Epoch :  476  Epoch time :  0.08341692201793194  Train L2 Loss :  0.2739587067029415
Epoch :  477  Epoch time :  0.08285052143037319  Train L2 Loss :  0.2742546491133861
Epoch :  478  Epoch time :  0.08286739233881235  Train L2 Loss :  0.27380553652078676
Epoch :  479  Epoch time :  0.08309685345739126  Train L2 Loss :  0.27350337765155697
Epoch :  480  Epoch time :  0.08238027710467577  Train L2 Loss :  0.2731908024885716
Epoch :  481  Epoch time :  0.08026605751365423  Train L2 Loss :  0.27315239646495915
Epoch :  482  Epoch time :  0.08308122213929892  Train L2 Loss :  0.27320432357299024
Epoch :  483  Epoch time :  0.08342427294701338  Train L2 Loss :  0.27294100247896635
Epoch :  484  Epoch time :  0.08319434802979231  Train L2 Loss :  0.27269878066503084
Epoch :  485  Epoch time :  0.08144717942923307  Train L2 Loss :  0.2727120686800052
Epoch :  486  Epoch time :  0.08284232020378113  Train L2 Loss :  0.2728248429604066
Epoch :  487  Epoch time :  0.08142566028982401  Train L2 Loss :  0.2726393938064575
Epoch :  488  Epoch time :  0.08306127600371838  Train L2 Loss :  0.2730572269513057
Epoch :  489  Epoch time :  0.08297166880220175  Train L2 Loss :  0.2726961129750961
Epoch :  490  Epoch time :  0.08302553649991751  Train L2 Loss :  0.27261462349158067
Epoch :  491  Epoch time :  0.08381511364132166  Train L2 Loss :  0.27191802056936115
Epoch :  492  Epoch time :  0.08332822192460299  Train L2 Loss :  0.2714535280680045
Epoch :  493  Epoch time :  0.08090426214039326  Train L2 Loss :  0.27118403101578736
Epoch :  494  Epoch time :  0.08238075207918882  Train L2 Loss :  0.27106690062926364
Epoch :  495  Epoch time :  0.08269310276955366  Train L2 Loss :  0.2708079578020634
Epoch :  496  Epoch time :  0.08310397155582905  Train L2 Loss :  0.2708098139518347
Epoch :  497  Epoch time :  0.08322746865451336  Train L2 Loss :  0.2709044156930385
Epoch :  498  Epoch time :  0.0834732111543417  Train L2 Loss :  0.27064937276717943
Epoch :  499  Epoch time :  0.08099535573273897  Train L2 Loss :  0.270489785915766
Epoch :  500  Epoch time :  0.08335213083773851  Train L2 Loss :  0.2698944967526656
Epoch :  501  Epoch time :  0.08290550298988819  Train L2 Loss :  0.26962658571891296
Epoch :  502  Epoch time :  0.0823559146374464  Train L2 Loss :  0.26947407997571504
Epoch :  503  Epoch time :  0.08270535990595818  Train L2 Loss :  0.26934658334805417
Epoch :  504  Epoch time :  0.08242662250995636  Train L2 Loss :  0.2693531849445441
Epoch :  505  Epoch time :  0.08164384216070175  Train L2 Loss :  0.2692840787080618
Epoch :  506  Epoch time :  0.08631683140993118  Train L2 Loss :  0.2692113373524103
Epoch :  507  Epoch time :  0.08407971262931824  Train L2 Loss :  0.26914230982462567
Epoch :  508  Epoch time :  0.08298555482178926  Train L2 Loss :  0.2691241449270493
Epoch :  509  Epoch time :  0.08298525772988796  Train L2 Loss :  0.2690297991801531
Epoch :  510  Epoch time :  0.08106532506644726  Train L2 Loss :  0.268840919702481
Epoch :  511  Epoch time :  0.08317010942846537  Train L2 Loss :  0.2687915143294212
Epoch :  512  Epoch time :  0.0833651851862669  Train L2 Loss :  0.2686695112631871
Epoch :  513  Epoch time :  0.08367556612938643  Train L2 Loss :  0.268603421938725
Epoch :  514  Epoch time :  0.08309228159487247  Train L2 Loss :  0.2685568806452629
Epoch :  515  Epoch time :  0.08513123169541359  Train L2 Loss :  0.26854110375428814
Epoch :  516  Epoch time :  0.08472988102585077  Train L2 Loss :  0.26838009708966964
Epoch :  517  Epoch time :  0.08305190969258547  Train L2 Loss :  0.2682823852086679
Epoch :  518  Epoch time :  0.08235338889062405  Train L2 Loss :  0.26827208659587765
Epoch :  519  Epoch time :  0.08337229304015636  Train L2 Loss :  0.26821354795724917
Epoch :  520  Epoch time :  0.08268871624022722  Train L2 Loss :  0.268132236523506
Epoch :  521  Epoch time :  0.082567417062819  Train L2 Loss :  0.2680967939205659
Epoch :  522  Epoch time :  0.07998747564852238  Train L2 Loss :  0.268013352002853
Epoch :  523  Epoch time :  0.08270668424665928  Train L2 Loss :  0.26793374770726913
Epoch :  524  Epoch time :  0.08249347563832998  Train L2 Loss :  0.2678531217269408
Epoch :  525  Epoch time :  0.08265945129096508  Train L2 Loss :  0.26778216163317364
Epoch :  526  Epoch time :  0.08302972838282585  Train L2 Loss :  0.26767076742954743
Epoch :  527  Epoch time :  0.08267941698431969  Train L2 Loss :  0.26761684433007854
Epoch :  528  Epoch time :  0.08025291375815868  Train L2 Loss :  0.26752709501828903
Epoch :  529  Epoch time :  0.0825359970331192  Train L2 Loss :  0.2674040656823378
Epoch :  530  Epoch time :  0.08241367805749178  Train L2 Loss :  0.2672575605221284
Epoch :  531  Epoch time :  0.08272332232445478  Train L2 Loss :  0.26727448098170453
Epoch :  532  Epoch time :  0.08234678860753775  Train L2 Loss :  0.26715888465062165
Epoch :  533  Epoch time :  0.08248984068632126  Train L2 Loss :  0.2671202436471597
Epoch :  534  Epoch time :  0.08004250377416611  Train L2 Loss :  0.26703129899807465
Epoch :  535  Epoch time :  0.08230577781796455  Train L2 Loss :  0.26704586774874955
Epoch :  536  Epoch time :  0.08200690802186728  Train L2 Loss :  0.2668980856736501
Epoch :  537  Epoch time :  0.08228366728872061  Train L2 Loss :  0.2668349185051062
Epoch :  538  Epoch time :  0.08241098653525114  Train L2 Loss :  0.26677402777549547
Epoch :  539  Epoch time :  0.0827984195202589  Train L2 Loss :  0.2666240705129428
Epoch :  540  Epoch time :  0.08027756493538618  Train L2 Loss :  0.2664954788409747
Epoch :  541  Epoch time :  0.0822837371379137  Train L2 Loss :  0.2664540509382884
Epoch :  542  Epoch time :  0.08262504823505878  Train L2 Loss :  0.26654497782389325
Epoch :  543  Epoch time :  0.0825703926384449  Train L2 Loss :  0.26639178777352357
Epoch :  544  Epoch time :  0.08187544532120228  Train L2 Loss :  0.26621435315181047
Epoch :  545  Epoch time :  0.08191042300313711  Train L2 Loss :  0.2662041554084191
Epoch :  546  Epoch time :  0.07876544166356325  Train L2 Loss :  0.26614644130071
Epoch :  547  Epoch time :  0.0824059545993805  Train L2 Loss :  0.26611510148415196
Epoch :  548  Epoch time :  0.07957622781395912  Train L2 Loss :  0.26599881511468154
Epoch :  549  Epoch time :  0.07912188302725554  Train L2 Loss :  0.26591247931504863
Epoch :  550  Epoch time :  0.07881548907607794  Train L2 Loss :  0.2657598165365366
Epoch :  551  Epoch time :  0.0792659129947424  Train L2 Loss :  0.2656581883247082
Epoch :  552  Epoch time :  0.0773214353248477  Train L2 Loss :  0.26570607072267777
Epoch :  553  Epoch time :  0.07889324333518744  Train L2 Loss :  0.2655446261931688
Epoch :  554  Epoch time :  0.07936168741434813  Train L2 Loss :  0.2654467706496899
Epoch :  555  Epoch time :  0.07946911826729774  Train L2 Loss :  0.26528491194431597
Epoch :  556  Epoch time :  0.07925453130155802  Train L2 Loss :  0.26520429933682466
Epoch :  557  Epoch time :  0.07953491806983948  Train L2 Loss :  0.2651999294757843
Epoch :  558  Epoch time :  0.07837662659585476  Train L2 Loss :  0.2652065654595693
Epoch :  559  Epoch time :  0.07930837851017714  Train L2 Loss :  0.26505483113802397
Epoch :  560  Epoch time :  0.07933803275227547  Train L2 Loss :  0.26492900649706524
Epoch :  561  Epoch time :  0.07938472460955381  Train L2 Loss :  0.2649279420192425
Epoch :  562  Epoch time :  0.0795673867687583  Train L2 Loss :  0.2647283795552376
Epoch :  563  Epoch time :  0.07897173333913088  Train L2 Loss :  0.2646529040275476
Epoch :  564  Epoch time :  0.07734927907586098  Train L2 Loss :  0.26464065450888413
Epoch :  565  Epoch time :  0.07923673465847969  Train L2 Loss :  0.2645449134019705
Epoch :  566  Epoch time :  0.08152363169938326  Train L2 Loss :  0.2644455283880234
Epoch :  567  Epoch time :  0.07938286196440458  Train L2 Loss :  0.26444164300576234
Epoch :  568  Epoch time :  0.07982487138360739  Train L2 Loss :  0.26430614712910777
Epoch :  569  Epoch time :  0.08096132799983025  Train L2 Loss :  0.264294181114588
Epoch :  570  Epoch time :  0.07756488304585218  Train L2 Loss :  0.26417618837112034
Epoch :  571  Epoch time :  0.07929777540266514  Train L2 Loss :  0.26401904148933214
Epoch :  572  Epoch time :  0.07932808343321085  Train L2 Loss :  0.26389834131949985
Epoch :  573  Epoch time :  0.07935043051838875  Train L2 Loss :  0.2638728962494777
Epoch :  574  Epoch time :  0.08001895062625408  Train L2 Loss :  0.2638229399155348
Epoch :  575  Epoch time :  0.07927700877189636  Train L2 Loss :  0.263786249817946
Epoch :  576  Epoch time :  0.07755059283226728  Train L2 Loss :  0.2636128969681569
Epoch :  577  Epoch time :  0.07921228557825089  Train L2 Loss :  0.2636278944137769
Epoch :  578  Epoch time :  0.07936573587357998  Train L2 Loss :  0.2634934821189978
Epoch :  579  Epoch time :  0.07971585169434547  Train L2 Loss :  0.2634040720951863
Epoch :  580  Epoch time :  0.08010290004312992  Train L2 Loss :  0.263261079788208
Epoch :  581  Epoch time :  0.07953126076608896  Train L2 Loss :  0.26320741268304676
Epoch :  582  Epoch time :  0.07745049800723791  Train L2 Loss :  0.2630479905085686
Epoch :  583  Epoch time :  0.07911566272377968  Train L2 Loss :  0.26302146376707614
Epoch :  584  Epoch time :  0.07939199265092611  Train L2 Loss :  0.2628953586786221
Epoch :  585  Epoch time :  0.07913906220346689  Train L2 Loss :  0.26288889004633975
Epoch :  586  Epoch time :  0.07952668517827988  Train L2 Loss :  0.26284781633279264
Epoch :  587  Epoch time :  0.07901410851627588  Train L2 Loss :  0.2627067348131767
Epoch :  588  Epoch time :  0.07747744582593441  Train L2 Loss :  0.2626159645808049
Epoch :  589  Epoch time :  0.0788876200094819  Train L2 Loss :  0.2625793921641814
Epoch :  590  Epoch time :  0.07888085581362247  Train L2 Loss :  0.26238561364320606
Epoch :  591  Epoch time :  0.07939515355974436  Train L2 Loss :  0.26232318847607344
Epoch :  592  Epoch time :  0.07912797387689352  Train L2 Loss :  0.26221705017945707
Epoch :  593  Epoch time :  0.0790773406624794  Train L2 Loss :  0.2621102539392618
Epoch :  594  Epoch time :  0.07739407569169998  Train L2 Loss :  0.2620870929497939
Epoch :  595  Epoch time :  0.07919298857450485  Train L2 Loss :  0.2619917950569055
Epoch :  596  Epoch time :  0.07923043612390757  Train L2 Loss :  0.261911195058089
Epoch :  597  Epoch time :  0.0795608926564455  Train L2 Loss :  0.2617258964440761
Epoch :  598  Epoch time :  0.07898974604904652  Train L2 Loss :  0.261616302606387
Epoch :  599  Epoch time :  0.07911697402596474  Train L2 Loss :  0.2616155499067062
Epoch :  600  Epoch time :  0.07751868665218353  Train L2 Loss :  0.26127157226586956
Epoch :  601  Epoch time :  0.07880490180104971  Train L2 Loss :  0.2611260964320256
Epoch :  602  Epoch time :  0.07941716723144054  Train L2 Loss :  0.2611134166900928
Epoch :  603  Epoch time :  0.0797716761007905  Train L2 Loss :  0.26105539462505245
Epoch :  604  Epoch time :  0.07908987440168858  Train L2 Loss :  0.26099806794753444
Epoch :  605  Epoch time :  0.07900245953351259  Train L2 Loss :  0.2609807306375259
Epoch :  606  Epoch time :  0.07755327317863703  Train L2 Loss :  0.26097423984454227
Epoch :  607  Epoch time :  0.07937183137983084  Train L2 Loss :  0.26091280808815587
Epoch :  608  Epoch time :  0.07969885040074587  Train L2 Loss :  0.260886020385302
Epoch :  609  Epoch time :  0.0796612985432148  Train L2 Loss :  0.2608517438937456
Epoch :  610  Epoch time :  0.07922499813139439  Train L2 Loss :  0.2607719600200653
Epoch :  611  Epoch time :  0.08169347420334816  Train L2 Loss :  0.2607203821341197
Epoch :  612  Epoch time :  0.07779226917773485  Train L2 Loss :  0.2606900876913315
Epoch :  613  Epoch time :  0.07929051853716373  Train L2 Loss :  0.26061825110362125
Epoch :  614  Epoch time :  0.07981169689446688  Train L2 Loss :  0.26059056780277157
Epoch :  615  Epoch time :  0.07959056925028563  Train L2 Loss :  0.26053089591173023
Epoch :  616  Epoch time :  0.07932854909449816  Train L2 Loss :  0.26051937922453267
Epoch :  617  Epoch time :  0.07952862232923508  Train L2 Loss :  0.2604621045100383
Epoch :  618  Epoch time :  0.07774228416383266  Train L2 Loss :  0.26042111409016144
Epoch :  619  Epoch time :  0.08116039074957371  Train L2 Loss :  0.26037747126359206
Epoch :  620  Epoch time :  0.07973379548639059  Train L2 Loss :  0.26027258924948865
Epoch :  621  Epoch time :  0.07914607506245375  Train L2 Loss :  0.2602497186416235
Epoch :  622  Epoch time :  0.07903127186000347  Train L2 Loss :  0.26019894236173385
Epoch :  623  Epoch time :  0.07899748720228672  Train L2 Loss :  0.2601680396459041
Epoch :  624  Epoch time :  0.07751832623034716  Train L2 Loss :  0.26012690862019855
Epoch :  625  Epoch time :  0.07928970269858837  Train L2 Loss :  0.26008144326699084
Epoch :  626  Epoch time :  0.07982872519642115  Train L2 Loss :  0.2600118380326491
Epoch :  627  Epoch time :  0.07914795447140932  Train L2 Loss :  0.25998540948598814
Epoch :  628  Epoch time :  0.07901714649051428  Train L2 Loss :  0.259973875223062
Epoch :  629  Epoch time :  0.079039609991014  Train L2 Loss :  0.25989467134842503
Epoch :  630  Epoch time :  0.0772656686604023  Train L2 Loss :  0.25984440170801604
Epoch :  631  Epoch time :  0.07976115588098764  Train L2 Loss :  0.25980481734642613
Epoch :  632  Epoch time :  0.08013647980988026  Train L2 Loss :  0.2597694916602893
Epoch :  633  Epoch time :  0.08065037336200476  Train L2 Loss :  0.2596781605329269
Epoch :  634  Epoch time :  0.07933623064309359  Train L2 Loss :  0.25964553615985775
Epoch :  635  Epoch time :  0.0791702289134264  Train L2 Loss :  0.2596475650102664
Epoch :  636  Epoch time :  0.07763002999126911  Train L2 Loss :  0.25959415772022343
Epoch :  637  Epoch time :  0.07954845018684864  Train L2 Loss :  0.2595473512625083
Epoch :  638  Epoch time :  0.07957323640584946  Train L2 Loss :  0.25944183728633785
Epoch :  639  Epoch time :  0.07924464158713818  Train L2 Loss :  0.2594118141210996
Epoch :  640  Epoch time :  0.07907379604876041  Train L2 Loss :  0.25939358197725737
Epoch :  641  Epoch time :  0.0793033866211772  Train L2 Loss :  0.25933818710155976
Epoch :  642  Epoch time :  0.07738815620541573  Train L2 Loss :  0.259328027566274
Epoch :  643  Epoch time :  0.07987292017787695  Train L2 Loss :  0.2592634275937692
Epoch :  644  Epoch time :  0.07932400237768888  Train L2 Loss :  0.2592201981789026
Epoch :  645  Epoch time :  0.079190943390131  Train L2 Loss :  0.2591719023692302
Epoch :  646  Epoch time :  0.0790836364030838  Train L2 Loss :  0.25909850230583775
Epoch :  647  Epoch time :  0.07910006958991289  Train L2 Loss :  0.25906362136205036
Epoch :  648  Epoch time :  0.07800013851374388  Train L2 Loss :  0.2590296310492051
Epoch :  649  Epoch time :  0.08008979447185993  Train L2 Loss :  0.2589367505831596
Epoch :  650  Epoch time :  0.07933356706053019  Train L2 Loss :  0.25890452472063213
Epoch :  651  Epoch time :  0.0792918736115098  Train L2 Loss :  0.2588766782711714
Epoch :  652  Epoch time :  0.07918200362473726  Train L2 Loss :  0.2587997844586006
Epoch :  653  Epoch time :  0.0792912608012557  Train L2 Loss :  0.25875909282610965
Epoch :  654  Epoch time :  0.07770237606018782  Train L2 Loss :  0.2586989647302872
Epoch :  655  Epoch time :  0.07949959021061659  Train L2 Loss :  0.2587151672595587
Epoch :  656  Epoch time :  0.07951788511127234  Train L2 Loss :  0.2585928371319404
Epoch :  657  Epoch time :  0.07935113739222288  Train L2 Loss :  0.25859925074455065
Epoch :  658  Epoch time :  0.07929036486893892  Train L2 Loss :  0.2585555230959868
Epoch :  659  Epoch time :  0.07941179722547531  Train L2 Loss :  0.2585510642100603
Epoch :  660  Epoch time :  0.07805929891765118  Train L2 Loss :  0.2584659021634322
Epoch :  661  Epoch time :  0.07932758424431086  Train L2 Loss :  0.25834633868474227
Epoch :  662  Epoch time :  0.07955049071460962  Train L2 Loss :  0.25830395710773957
Epoch :  663  Epoch time :  0.07972699869424105  Train L2 Loss :  0.25824857980777055
Epoch :  664  Epoch time :  0.07963330298662186  Train L2 Loss :  0.25822422825373137
Epoch :  665  Epoch time :  0.07962456904351711  Train L2 Loss :  0.2581715805408282
Epoch :  666  Epoch time :  0.07863885350525379  Train L2 Loss :  0.2581271429856618
Epoch :  667  Epoch time :  0.07970820926129818  Train L2 Loss :  0.25808894634246826
Epoch :  668  Epoch time :  0.07953931670635939  Train L2 Loss :  0.2580264619527719
Epoch :  669  Epoch time :  0.07965773995965719  Train L2 Loss :  0.2579704530728169
Epoch :  670  Epoch time :  0.0795871876180172  Train L2 Loss :  0.25790105836513716
Epoch :  671  Epoch time :  0.07958813942968845  Train L2 Loss :  0.25787190596262616
Epoch :  672  Epoch time :  0.0837220186367631  Train L2 Loss :  0.2578228712081909
Epoch :  673  Epoch time :  0.08123529609292746  Train L2 Loss :  0.2577685476877751
Epoch :  674  Epoch time :  0.08018269762396812  Train L2 Loss :  0.2577390915308243
Epoch :  675  Epoch time :  0.07977757044136524  Train L2 Loss :  0.2576739864471631
Epoch :  676  Epoch time :  0.07963239401578903  Train L2 Loss :  0.2576189323877677
Epoch :  677  Epoch time :  0.07985233329236507  Train L2 Loss :  0.2575736611317366
Epoch :  678  Epoch time :  0.07780236564576626  Train L2 Loss :  0.2575613871598855
Epoch :  679  Epoch time :  0.07990664523094893  Train L2 Loss :  0.25748583368766004
Epoch :  680  Epoch time :  0.07953158300369978  Train L2 Loss :  0.2574417075285545
Epoch :  681  Epoch time :  0.07943793758749962  Train L2 Loss :  0.2573858759342096
Epoch :  682  Epoch time :  0.07940842304378748  Train L2 Loss :  0.2573546576194274
Epoch :  683  Epoch time :  0.07972593139857054  Train L2 Loss :  0.25731805578256267
Epoch :  684  Epoch time :  0.07801782432943583  Train L2 Loss :  0.257226919516539
Epoch :  685  Epoch time :  0.07982503902167082  Train L2 Loss :  0.2571546076199947
Epoch :  686  Epoch time :  0.07935900427401066  Train L2 Loss :  0.2571540016394395
Epoch :  687  Epoch time :  0.07972724083811045  Train L2 Loss :  0.2571406410290645
Epoch :  688  Epoch time :  0.0793867502361536  Train L2 Loss :  0.2570323470311287
Epoch :  689  Epoch time :  0.07977394387125969  Train L2 Loss :  0.2569815417130788
Epoch :  690  Epoch time :  0.07824782747775316  Train L2 Loss :  0.25701274550878084
Epoch :  691  Epoch time :  0.07972636539489031  Train L2 Loss :  0.25690754101826596
Epoch :  692  Epoch time :  0.07950013782829046  Train L2 Loss :  0.256872540865189
Epoch :  693  Epoch time :  0.07938472926616669  Train L2 Loss :  0.2568285129009149
Epoch :  694  Epoch time :  0.07966806180775166  Train L2 Loss :  0.25676473363851887
Epoch :  695  Epoch time :  0.07949822675436735  Train L2 Loss :  0.25669941841027677
Epoch :  696  Epoch time :  0.07947941403836012  Train L2 Loss :  0.2567041875460209
Epoch :  697  Epoch time :  0.07925013452768326  Train L2 Loss :  0.25655213456887466
Epoch :  698  Epoch time :  0.07932331692427397  Train L2 Loss :  0.256555852217552
Epoch :  699  Epoch time :  0.07932906784117222  Train L2 Loss :  0.2564791731345348
Epoch :  700  Epoch time :  0.07916178926825523  Train L2 Loss :  0.25632303953170776
Epoch :  701  Epoch time :  0.07924974896013737  Train L2 Loss :  0.25626953901388705
Epoch :  702  Epoch time :  0.07877369690686464  Train L2 Loss :  0.2562387486298879
Epoch :  703  Epoch time :  0.07879432011395693  Train L2 Loss :  0.2562164648985251
Epoch :  704  Epoch time :  0.07902151718735695  Train L2 Loss :  0.2561852221305554
Epoch :  705  Epoch time :  0.07914809137582779  Train L2 Loss :  0.2561706793613923
Epoch :  706  Epoch time :  0.07902393769472837  Train L2 Loss :  0.25613555999902576
Epoch :  707  Epoch time :  0.07940118759870529  Train L2 Loss :  0.25611244027431196
Epoch :  708  Epoch time :  0.079123355448246  Train L2 Loss :  0.25608294896590406
Epoch :  709  Epoch time :  0.07837313693016768  Train L2 Loss :  0.25607859477018696
Epoch :  710  Epoch time :  0.07887806091457605  Train L2 Loss :  0.25604623823593825
Epoch :  711  Epoch time :  0.07927815895527601  Train L2 Loss :  0.2560040178971413
Epoch :  712  Epoch time :  0.07954880222678185  Train L2 Loss :  0.25597335894902545
Epoch :  713  Epoch time :  0.07945462316274643  Train L2 Loss :  0.25597574619146496
Epoch :  714  Epoch time :  0.07922098226845264  Train L2 Loss :  0.25593570791758025
Epoch :  715  Epoch time :  0.07830542977899313  Train L2 Loss :  0.2559521473371066
Epoch :  716  Epoch time :  0.07932493649423122  Train L2 Loss :  0.2558909345131654
Epoch :  717  Epoch time :  0.0794021924957633  Train L2 Loss :  0.25584014562460095
Epoch :  718  Epoch time :  0.0793765839189291  Train L2 Loss :  0.2558256502334888
Epoch :  719  Epoch time :  0.07936215214431286  Train L2 Loss :  0.25582418151390857
Epoch :  720  Epoch time :  0.07963439729064703  Train L2 Loss :  0.25579880063350385
Epoch :  721  Epoch time :  0.07839396130293608  Train L2 Loss :  0.2557816406091054
Epoch :  722  Epoch time :  0.08006286900490522  Train L2 Loss :  0.25572536694697845
Epoch :  723  Epoch time :  0.07979164179414511  Train L2 Loss :  0.25570890383842665
Epoch :  724  Epoch time :  0.07992358785122633  Train L2 Loss :  0.2556985234602904
Epoch :  725  Epoch time :  0.09612156916409731  Train L2 Loss :  0.2556586769910959
Epoch :  726  Epoch time :  0.07841211277991533  Train L2 Loss :  0.2556452521911034
Epoch :  727  Epoch time :  0.0799101497977972  Train L2 Loss :  0.255608537258246
Epoch :  728  Epoch time :  0.07982564996927977  Train L2 Loss :  0.25557689865430194
Epoch :  729  Epoch time :  0.07993202656507492  Train L2 Loss :  0.2555737506884795
Epoch :  730  Epoch time :  0.07996550109237432  Train L2 Loss :  0.2555589240330916
Epoch :  731  Epoch time :  0.07997109368443489  Train L2 Loss :  0.2554897245688316
Epoch :  732  Epoch time :  0.07831906899809837  Train L2 Loss :  0.25547017730199373
Epoch :  733  Epoch time :  0.0801483066752553  Train L2 Loss :  0.2554577841208531
Epoch :  734  Epoch time :  0.08005660865455866  Train L2 Loss :  0.2554166886286858
Epoch :  735  Epoch time :  0.07943839486688375  Train L2 Loss :  0.25539562488213563
Epoch :  736  Epoch time :  0.07955866679549217  Train L2 Loss :  0.255397590307089
Epoch :  737  Epoch time :  0.07961825001984835  Train L2 Loss :  0.25538077835853285
Epoch :  738  Epoch time :  0.07808185648173094  Train L2 Loss :  0.2553268502920102
Epoch :  739  Epoch time :  0.08022535871714354  Train L2 Loss :  0.2553112185918368
Epoch :  740  Epoch time :  0.07959984708577394  Train L2 Loss :  0.2552780356162634
Epoch :  741  Epoch time :  0.079624536447227  Train L2 Loss :  0.25524330674073636
Epoch :  742  Epoch time :  0.07967485766857862  Train L2 Loss :  0.25522651198582774
Epoch :  743  Epoch time :  0.07966655492782593  Train L2 Loss :  0.25519748758047056
Epoch :  744  Epoch time :  0.07799423113465309  Train L2 Loss :  0.2551948863726396
Epoch :  745  Epoch time :  0.08012355491518974  Train L2 Loss :  0.2551341744569632
Epoch :  746  Epoch time :  0.07952903304249048  Train L2 Loss :  0.2551062741340735
Epoch :  747  Epoch time :  0.0796007476747036  Train L2 Loss :  0.2550654759009679
Epoch :  748  Epoch time :  0.07945479545742273  Train L2 Loss :  0.25505323746265507
Epoch :  749  Epoch time :  0.07961331866681576  Train L2 Loss :  0.25503727411612487
Epoch :  750  Epoch time :  0.0780579224228859  Train L2 Loss :  0.2550034599426465
Epoch :  751  Epoch time :  0.07998585887253284  Train L2 Loss :  0.2549863522633528
Epoch :  752  Epoch time :  0.0794917643070221  Train L2 Loss :  0.2549409251182507
Epoch :  753  Epoch time :  0.0796164907515049  Train L2 Loss :  0.25494236594591385
Epoch :  754  Epoch time :  0.07964636012911797  Train L2 Loss :  0.2548962923196646
Epoch :  755  Epoch time :  0.07973237056285143  Train L2 Loss :  0.25489611006700075
Epoch :  756  Epoch time :  0.07849130034446716  Train L2 Loss :  0.25485501151818496
Epoch :  757  Epoch time :  0.0798644395545125  Train L2 Loss :  0.254818123120528
Epoch :  758  Epoch time :  0.07962127774953842  Train L2 Loss :  0.2547789475856683
Epoch :  759  Epoch time :  0.08029720932245255  Train L2 Loss :  0.2547622269544846
Epoch :  760  Epoch time :  0.08015317935496569  Train L2 Loss :  0.25475409397712123
Epoch :  761  Epoch time :  0.07984889019280672  Train L2 Loss :  0.25471796057163143
Epoch :  762  Epoch time :  0.07831856049597263  Train L2 Loss :  0.2547083046191778
Epoch :  763  Epoch time :  0.07966956216841936  Train L2 Loss :  0.2546767244736354
Epoch :  764  Epoch time :  0.0793583057820797  Train L2 Loss :  0.25466060179930466
Epoch :  765  Epoch time :  0.07979853637516499  Train L2 Loss :  0.254617214967043
Epoch :  766  Epoch time :  0.07990347221493721  Train L2 Loss :  0.2545906824943347
Epoch :  767  Epoch time :  0.07977263256907463  Train L2 Loss :  0.2545808889927008
Epoch :  768  Epoch time :  0.0791004216298461  Train L2 Loss :  0.2545173038274814
Epoch :  769  Epoch time :  0.08058312814682722  Train L2 Loss :  0.25450022021929425
Epoch :  770  Epoch time :  0.07974625658243895  Train L2 Loss :  0.254487238633327
Epoch :  771  Epoch time :  0.07989330869168043  Train L2 Loss :  0.2544522743958693
Epoch :  772  Epoch time :  0.0804298184812069  Train L2 Loss :  0.25442860141778606
Epoch :  773  Epoch time :  0.08007070608437061  Train L2 Loss :  0.2543973892163008
Epoch :  774  Epoch time :  0.08336174860596657  Train L2 Loss :  0.25437856790346974
Epoch :  775  Epoch time :  0.08048636000603437  Train L2 Loss :  0.2543381582467984
Epoch :  776  Epoch time :  0.0798304183408618  Train L2 Loss :  0.25430456797281903
Epoch :  777  Epoch time :  0.07994227297604084  Train L2 Loss :  0.2542868034961896
Epoch :  778  Epoch time :  0.07993351109325886  Train L2 Loss :  0.25427140524754155
Epoch :  779  Epoch time :  0.0795016698539257  Train L2 Loss :  0.2542397670256786
Epoch :  780  Epoch time :  0.0776990819722414  Train L2 Loss :  0.25422003062871784
Epoch :  781  Epoch time :  0.07976624090224504  Train L2 Loss :  0.25419887747520054
Epoch :  782  Epoch time :  0.0795810716226697  Train L2 Loss :  0.2541826802950639
Epoch :  783  Epoch time :  0.07973320689052343  Train L2 Loss :  0.25416301076228803
Epoch :  784  Epoch time :  0.08235681150108576  Train L2 Loss :  0.2541383283260541
Epoch :  785  Epoch time :  0.0796938668936491  Train L2 Loss :  0.2540849661215758
Epoch :  786  Epoch time :  0.07779315020889044  Train L2 Loss :  0.2540522313270813
Epoch :  787  Epoch time :  0.08055709395557642  Train L2 Loss :  0.25404209204209155
Epoch :  788  Epoch time :  0.07955957669764757  Train L2 Loss :  0.25401286284128827
Epoch :  789  Epoch time :  0.07971078809350729  Train L2 Loss :  0.2539905065145248
Epoch :  790  Epoch time :  0.07955683209002018  Train L2 Loss :  0.25395713861172015
Epoch :  791  Epoch time :  0.07945917826145887  Train L2 Loss :  0.2539080350826948
Epoch :  792  Epoch time :  0.07791116740554571  Train L2 Loss :  0.25388459670238006
Epoch :  793  Epoch time :  0.08045801520347595  Train L2 Loss :  0.25387091514391774
Epoch :  794  Epoch time :  0.07964323740452528  Train L2 Loss :  0.2538207318538275
Epoch :  795  Epoch time :  0.07978697866201401  Train L2 Loss :  0.25381591534003234
Epoch :  796  Epoch time :  0.08031440433114767  Train L2 Loss :  0.2537938983012468
Epoch :  797  Epoch time :  0.07988344598561525  Train L2 Loss :  0.2537446854970394
Epoch :  798  Epoch time :  0.07804525550454855  Train L2 Loss :  0.2537264021543356
Epoch :  799  Epoch time :  0.08002409990876913  Train L2 Loss :  0.2537324436199971
Epoch :  800  Epoch time :  0.07985975220799446  Train L2 Loss :  0.25362958816381603
Epoch :  801  Epoch time :  0.07988618034869432  Train L2 Loss :  0.25358510323059863
Epoch :  802  Epoch time :  0.0795737961307168  Train L2 Loss :  0.25356238469099385
Epoch :  803  Epoch time :  0.07990307174623013  Train L2 Loss :  0.25355552480770993
Epoch :  804  Epoch time :  0.07792236469686031  Train L2 Loss :  0.25354066032629746
Epoch :  805  Epoch time :  0.08021193649619818  Train L2 Loss :  0.2535293193963858
Epoch :  806  Epoch time :  0.07966644037514925  Train L2 Loss :  0.253508414595555
Epoch :  807  Epoch time :  0.0803409218788147  Train L2 Loss :  0.25349959349020934
Epoch :  808  Epoch time :  0.07977509126067162  Train L2 Loss :  0.25348192376968187
Epoch :  809  Epoch time :  0.07973113190382719  Train L2 Loss :  0.25346384140161365
Epoch :  810  Epoch time :  0.07795397471636534  Train L2 Loss :  0.25345320197252125
Epoch :  811  Epoch time :  0.08017414156347513  Train L2 Loss :  0.25345419423702437
Epoch :  812  Epoch time :  0.07991032302379608  Train L2 Loss :  0.25343583562435246
Epoch :  813  Epoch time :  0.07977036293596029  Train L2 Loss :  0.25342583656311035
Epoch :  814  Epoch time :  0.07988098822534084  Train L2 Loss :  0.2534007109128512
Epoch :  815  Epoch time :  0.07988814357668161  Train L2 Loss :  0.25338033070931065
Epoch :  816  Epoch time :  0.07798929885029793  Train L2 Loss :  0.2533739789938315
Epoch :  817  Epoch time :  0.0800805576145649  Train L2 Loss :  0.25334978791383594
Epoch :  818  Epoch time :  0.07981573883444071  Train L2 Loss :  0.25334696013193864
Epoch :  819  Epoch time :  0.08091418910771608  Train L2 Loss :  0.25333737486448044
Epoch :  820  Epoch time :  0.07967699971050024  Train L2 Loss :  0.25332035162510014
Epoch :  821  Epoch time :  0.07962801866233349  Train L2 Loss :  0.2533213244034694
Epoch :  822  Epoch time :  0.07817926444113255  Train L2 Loss :  0.25330278583062
Epoch :  823  Epoch time :  0.08132375217974186  Train L2 Loss :  0.25328579468604845
Epoch :  824  Epoch time :  0.08006222266703844  Train L2 Loss :  0.25327204664548236
Epoch :  825  Epoch time :  0.07973568141460419  Train L2 Loss :  0.2532424101462731
Epoch :  826  Epoch time :  0.07971627078950405  Train L2 Loss :  0.2532427570758722
Epoch :  827  Epoch time :  0.08006700314581394  Train L2 Loss :  0.2532266882749704
Epoch :  828  Epoch time :  0.07824173104017973  Train L2 Loss :  0.25320481948363477
Epoch :  829  Epoch time :  0.08068559039384127  Train L2 Loss :  0.25319449871014327
Epoch :  830  Epoch time :  0.08038996439427137  Train L2 Loss :  0.25318247156265455
Epoch :  831  Epoch time :  0.0800393270328641  Train L2 Loss :  0.25316828183638745
Epoch :  832  Epoch time :  0.08008762821555138  Train L2 Loss :  0.2531540821760129
Epoch :  833  Epoch time :  0.08031090069562197  Train L2 Loss :  0.2531493428425911
Epoch :  834  Epoch time :  0.0784131633117795  Train L2 Loss :  0.2531444353935046
Epoch :  835  Epoch time :  0.08275561779737473  Train L2 Loss :  0.2531146044150377
Epoch :  836  Epoch time :  0.08018963783979416  Train L2 Loss :  0.25310752177849793
Epoch :  837  Epoch time :  0.08035544492304325  Train L2 Loss :  0.25308395807559675
Epoch :  838  Epoch time :  0.08021438121795654  Train L2 Loss :  0.2530748385649461
Epoch :  839  Epoch time :  0.08026106376200914  Train L2 Loss :  0.25306163078699356
Epoch :  840  Epoch time :  0.07828614395111799  Train L2 Loss :  0.253039130797753
Epoch :  841  Epoch time :  0.08052700571715832  Train L2 Loss :  0.25302754915677583
Epoch :  842  Epoch time :  0.0804261052981019  Train L2 Loss :  0.25300682125947416
Epoch :  843  Epoch time :  0.08007539063692093  Train L2 Loss :  0.25300337297794145
Epoch :  844  Epoch time :  0.08006618451327085  Train L2 Loss :  0.25299193385319835
Epoch :  845  Epoch time :  0.08020350337028503  Train L2 Loss :  0.2529641282864106
Epoch :  846  Epoch time :  0.0771869458258152  Train L2 Loss :  0.2529704028215164
Epoch :  847  Epoch time :  0.07956674601882696  Train L2 Loss :  0.25295279499812
Epoch :  848  Epoch time :  0.08012097422033548  Train L2 Loss :  0.2529321985367017
Epoch :  849  Epoch time :  0.0802313182502985  Train L2 Loss :  0.2529205718101599
Epoch :  850  Epoch time :  0.08007117826491594  Train L2 Loss :  0.2529244988392561
Epoch :  851  Epoch time :  0.0802231328561902  Train L2 Loss :  0.2528974688970126
Epoch :  852  Epoch time :  0.07899634353816509  Train L2 Loss :  0.2528806871328598
Epoch :  853  Epoch time :  0.08067472279071808  Train L2 Loss :  0.2528691337658809
Epoch :  854  Epoch time :  0.08036258071660995  Train L2 Loss :  0.25286294176028323
Epoch :  855  Epoch time :  0.08057574834674597  Train L2 Loss :  0.25284114709267247
Epoch :  856  Epoch time :  0.08033811394125223  Train L2 Loss :  0.25282480166508603
Epoch :  857  Epoch time :  0.08044443465769291  Train L2 Loss :  0.25281091645742076
Epoch :  858  Epoch time :  0.0788270402699709  Train L2 Loss :  0.2527971389966133
Epoch :  859  Epoch time :  0.08080179058015347  Train L2 Loss :  0.25277073490313995
Epoch :  860  Epoch time :  0.08139060251414776  Train L2 Loss :  0.25275577490146345
Epoch :  861  Epoch time :  0.08046386484056711  Train L2 Loss :  0.25274589581367296
Epoch :  862  Epoch time :  0.08052334934473038  Train L2 Loss :  0.252731340053754
Epoch :  863  Epoch time :  0.0806166660040617  Train L2 Loss :  0.2527191814703819
Epoch :  864  Epoch time :  0.07872059941291809  Train L2 Loss :  0.2527242096570822
Epoch :  865  Epoch time :  0.08101451676338911  Train L2 Loss :  0.25270521411528957
Epoch :  866  Epoch time :  0.080593585036695  Train L2 Loss :  0.2526782567684467
Epoch :  867  Epoch time :  0.08039335813373327  Train L2 Loss :  0.2526673414768317
Epoch :  868  Epoch time :  0.08027801103889942  Train L2 Loss :  0.25265190463799697
Epoch :  869  Epoch time :  0.0804905965924263  Train L2 Loss :  0.2526512956007933
Epoch :  870  Epoch time :  0.07891718484461308  Train L2 Loss :  0.2526343938631889
Epoch :  871  Epoch time :  0.08077914454042912  Train L2 Loss :  0.25260523955027264
Epoch :  872  Epoch time :  0.08095419965684414  Train L2 Loss :  0.252597309075869
Epoch :  873  Epoch time :  0.08051484823226929  Train L2 Loss :  0.25258623025356197
Epoch :  874  Epoch time :  0.0805589510127902  Train L2 Loss :  0.25257053627417636
Epoch :  875  Epoch time :  0.08062913827598095  Train L2 Loss :  0.252554877446248
Epoch :  876  Epoch time :  0.0782783767208457  Train L2 Loss :  0.2525437462788362
Epoch :  877  Epoch time :  0.08035630360245705  Train L2 Loss :  0.25252546943151033
Epoch :  878  Epoch time :  0.08103374391794205  Train L2 Loss :  0.2525172814344748
Epoch :  879  Epoch time :  0.08028902392834425  Train L2 Loss :  0.2525012699457315
Epoch :  880  Epoch time :  0.08011029101908207  Train L2 Loss :  0.2524906664322584
Epoch :  881  Epoch time :  0.079982646740973  Train L2 Loss :  0.25247296423484117
Epoch :  882  Epoch time :  0.07829933054745197  Train L2 Loss :  0.25246499249568355
Epoch :  883  Epoch time :  0.0802667299285531  Train L2 Loss :  0.25243959824244183
Epoch :  884  Epoch time :  0.0804985836148262  Train L2 Loss :  0.252431122920452
Epoch :  885  Epoch time :  0.08027702197432518  Train L2 Loss :  0.2524175685949815
Epoch :  886  Epoch time :  0.08088410086929798  Train L2 Loss :  0.2523937309399629
Epoch :  887  Epoch time :  0.08001387678086758  Train L2 Loss :  0.25238950359515655
Epoch :  888  Epoch time :  0.08022163528949022  Train L2 Loss :  0.2523747308131976
Epoch :  889  Epoch time :  0.08003954868763685  Train L2 Loss :  0.25236108211370617
Epoch :  890  Epoch time :  0.08022584486752748  Train L2 Loss :  0.25234615955597317
Epoch :  891  Epoch time :  0.08039577305316925  Train L2 Loss :  0.2523384090417471
Epoch :  892  Epoch time :  0.07994532771408558  Train L2 Loss :  0.2523164649804433
Epoch :  893  Epoch time :  0.07986803352832794  Train L2 Loss :  0.2522985897003076
Epoch :  894  Epoch time :  0.07824772410094738  Train L2 Loss :  0.2522849623973553
Epoch :  895  Epoch time :  0.08024117164313793  Train L2 Loss :  0.2522735870801486
Epoch :  896  Epoch time :  0.08014822099357843  Train L2 Loss :  0.2522585690021515
Epoch :  897  Epoch time :  0.08049618359655142  Train L2 Loss :  0.25223601781404936
Epoch :  898  Epoch time :  0.07981189712882042  Train L2 Loss :  0.25222514149470204
Epoch :  899  Epoch time :  0.08016607444733381  Train L2 Loss :  0.25221773752799403
Epoch :  900  Epoch time :  0.07812556996941566  Train L2 Loss :  0.2521713177363078
Epoch :  901  Epoch time :  0.07981461379677057  Train L2 Loss :  0.252163025813225
Epoch :  902  Epoch time :  0.08025777619332075  Train L2 Loss :  0.2521457748535352
Epoch :  903  Epoch time :  0.08048341702669859  Train L2 Loss :  0.2521403813973451
Epoch :  904  Epoch time :  0.08015000261366367  Train L2 Loss :  0.2521324845460745
Epoch :  905  Epoch time :  0.07985061872750521  Train L2 Loss :  0.2521284642892006
Epoch :  906  Epoch time :  0.07807727716863155  Train L2 Loss :  0.25212243505013293
Epoch :  907  Epoch time :  0.08020774833858013  Train L2 Loss :  0.2521119087170332
Epoch :  908  Epoch time :  0.08029228635132313  Train L2 Loss :  0.25211011064358246
Epoch :  909  Epoch time :  0.08043357823044062  Train L2 Loss :  0.2521050595320188
Epoch :  910  Epoch time :  0.07984568644315004  Train L2 Loss :  0.252091157130706
Epoch :  911  Epoch time :  0.08010587375611067  Train L2 Loss :  0.252080853168781
Epoch :  912  Epoch time :  0.07802647445350885  Train L2 Loss :  0.252083556774335
Epoch :  913  Epoch time :  0.08014914579689503  Train L2 Loss :  0.2520668239165575
Epoch :  914  Epoch time :  0.08038632851094007  Train L2 Loss :  0.2520614014222072
Epoch :  915  Epoch time :  0.08095122873783112  Train L2 Loss :  0.2520558421428387
Epoch :  916  Epoch time :  0.08027532324194908  Train L2 Loss :  0.2520460478770427
Epoch :  917  Epoch time :  0.08034871332347393  Train L2 Loss :  0.2520401737628839
Epoch :  918  Epoch time :  0.07805575430393219  Train L2 Loss :  0.2520393782701248
Epoch :  919  Epoch time :  0.08080511540174484  Train L2 Loss :  0.25202622856849277
Epoch :  920  Epoch time :  0.08026503212749958  Train L2 Loss :  0.25201663222068393
Epoch :  921  Epoch time :  0.08041897881776094  Train L2 Loss :  0.25201594600310695
Epoch :  922  Epoch time :  0.08040867280215025  Train L2 Loss :  0.2520070771376292
Epoch :  923  Epoch time :  0.08022513892501593  Train L2 Loss :  0.2519972706452394
Epoch :  924  Epoch time :  0.07823760900646448  Train L2 Loss :  0.2519922898365901
Epoch :  925  Epoch time :  0.08059865143150091  Train L2 Loss :  0.25198505704219526
Epoch :  926  Epoch time :  0.08026060182601213  Train L2 Loss :  0.2519791943904681
Epoch :  927  Epoch time :  0.0805536424741149  Train L2 Loss :  0.2519730658103258
Epoch :  928  Epoch time :  0.08048760704696178  Train L2 Loss :  0.25196088277376616
Epoch :  929  Epoch time :  0.08021457400172949  Train L2 Loss :  0.2519574088928027
Epoch :  930  Epoch time :  0.07835094165056944  Train L2 Loss :  0.25195081799458235
Epoch :  931  Epoch time :  0.08029627799987793  Train L2 Loss :  0.25194511123192614
Epoch :  932  Epoch time :  0.08037508372217417  Train L2 Loss :  0.25193198369099545
Epoch :  933  Epoch time :  0.08055196702480316  Train L2 Loss :  0.2519243084467374
Epoch :  934  Epoch time :  0.08049677312374115  Train L2 Loss :  0.2519238713460091
Epoch :  935  Epoch time :  0.0803894205018878  Train L2 Loss :  0.25191425054501265
Epoch :  936  Epoch time :  0.07799157314002514  Train L2 Loss :  0.2519050446840433
Epoch :  937  Epoch time :  0.08008076250553131  Train L2 Loss :  0.2518977278318161
Epoch :  938  Epoch time :  0.08098051697015762  Train L2 Loss :  0.2518936059413812
Epoch :  939  Epoch time :  0.0803369814530015  Train L2 Loss :  0.2518863666516084
Epoch :  940  Epoch time :  0.08056939672678709  Train L2 Loss :  0.2518813457244482
Epoch :  941  Epoch time :  0.08235738519579172  Train L2 Loss :  0.2518708362029149
Epoch :  942  Epoch time :  0.07836818788200617  Train L2 Loss :  0.25186176407031524
Epoch :  943  Epoch time :  0.08015687111765146  Train L2 Loss :  0.2518580716389876
Epoch :  944  Epoch time :  0.08099306095391512  Train L2 Loss :  0.2518559999955006
Epoch :  945  Epoch time :  0.08062457200139761  Train L2 Loss :  0.2518415007835779
Epoch :  946  Epoch time :  0.08061235956847668  Train L2 Loss :  0.2518366147310306
Epoch :  947  Epoch time :  0.08072775509208441  Train L2 Loss :  0.25182677003053516
Epoch :  948  Epoch time :  0.07858582865446806  Train L2 Loss :  0.25182639673734325
Epoch :  949  Epoch time :  0.08155813533812761  Train L2 Loss :  0.2518159861748035
Epoch :  950  Epoch time :  0.08060477022081614  Train L2 Loss :  0.25181120022749287
Epoch :  951  Epoch time :  0.08042304590344429  Train L2 Loss :  0.25179754732510984
Epoch :  952  Epoch time :  0.08049793727695942  Train L2 Loss :  0.2517952827306894
Epoch :  953  Epoch time :  0.08096626587212086  Train L2 Loss :  0.25178631910910976
Epoch :  954  Epoch time :  0.07843384332954884  Train L2 Loss :  0.25178087598238236
Epoch :  955  Epoch time :  0.08044685889035463  Train L2 Loss :  0.25177112298134047
Epoch :  956  Epoch time :  0.08053404185920954  Train L2 Loss :  0.25176922785930145
Epoch :  957  Epoch time :  0.0803773645311594  Train L2 Loss :  0.2517607922737415
Epoch :  958  Epoch time :  0.08038876857608557  Train L2 Loss :  0.25174953234501374
Epoch :  959  Epoch time :  0.08087115921080112  Train L2 Loss :  0.2517441641061734
Epoch :  960  Epoch time :  0.078611527569592  Train L2 Loss :  0.2517361923670157
Epoch :  961  Epoch time :  0.08029554504901171  Train L2 Loss :  0.251725021081093
Epoch :  962  Epoch time :  0.08001941069960594  Train L2 Loss :  0.2517287196257176
Epoch :  963  Epoch time :  0.08003403525799513  Train L2 Loss :  0.25171033082864225
Epoch :  964  Epoch time :  0.07988927513360977  Train L2 Loss :  0.25170862903961766
Epoch :  965  Epoch time :  0.08027876820415258  Train L2 Loss :  0.2517007948496403
Epoch :  966  Epoch time :  0.07824715785682201  Train L2 Loss :  0.25169612276248443
Epoch :  967  Epoch time :  0.08006730396300554  Train L2 Loss :  0.251685972397144
Epoch :  968  Epoch time :  0.08004868123680353  Train L2 Loss :  0.2516756554444631
Epoch :  969  Epoch time :  0.07991030532866716  Train L2 Loss :  0.25167302519847184
Epoch :  970  Epoch time :  0.08008289150893688  Train L2 Loss :  0.25166487846619046
Epoch :  971  Epoch time :  0.08024409227073193  Train L2 Loss :  0.2516560745544923
Epoch :  972  Epoch time :  0.07814401388168335  Train L2 Loss :  0.2516489533277658
Epoch :  973  Epoch time :  0.0800349647179246  Train L2 Loss :  0.2516488394676111
Epoch :  974  Epoch time :  0.07999393343925476  Train L2 Loss :  0.2516483003512407
Epoch :  975  Epoch time :  0.08002588618546724  Train L2 Loss :  0.2516286361675996
Epoch :  976  Epoch time :  0.07985234074294567  Train L2 Loss :  0.25162814060846966
Epoch :  977  Epoch time :  0.08033599238842726  Train L2 Loss :  0.251614116705381
Epoch :  978  Epoch time :  0.07835012674331665  Train L2 Loss :  0.251607440221004
Epoch :  979  Epoch time :  0.08007312193512917  Train L2 Loss :  0.2515935339988806
Epoch :  980  Epoch time :  0.08007275126874447  Train L2 Loss :  0.25158618352352047
Epoch :  981  Epoch time :  0.080264737829566  Train L2 Loss :  0.2515851977543953
Epoch :  982  Epoch time :  0.079871597699821  Train L2 Loss :  0.25157986619533634
Epoch :  983  Epoch time :  0.08020783215761185  Train L2 Loss :  0.25156863568684995
Epoch :  984  Epoch time :  0.07857976667582989  Train L2 Loss :  0.25156655525549865
Epoch :  985  Epoch time :  0.08005763497203588  Train L2 Loss :  0.251550908272083
Epoch :  986  Epoch time :  0.07993532065302134  Train L2 Loss :  0.25155141414740145
Epoch :  987  Epoch time :  0.08019042853266001  Train L2 Loss :  0.2515371029193585
Epoch :  988  Epoch time :  0.08002997934818268  Train L2 Loss :  0.25153524447710085
Epoch :  989  Epoch time :  0.08042853977531195  Train L2 Loss :  0.2515281522885347
Epoch :  990  Epoch time :  0.07863061595708132  Train L2 Loss :  0.25151695960607284
Epoch :  991  Epoch time :  0.08019114565104246  Train L2 Loss :  0.2515104183783898
Epoch :  992  Epoch time :  0.07998707052320242  Train L2 Loss :  0.25150457941568816
Epoch :  993  Epoch time :  0.08180256839841604  Train L2 Loss :  0.25150027641883266
Epoch :  994  Epoch time :  0.08018175419420004  Train L2 Loss :  0.2514887345142854
Epoch :  995  Epoch time :  0.07999546267092228  Train L2 Loss :  0.2514811796255601
Epoch :  996  Epoch time :  0.07905703596770763  Train L2 Loss :  0.25147810119848985
Epoch :  997  Epoch time :  0.07999099139124155  Train L2 Loss :  0.2514789685224875
Epoch :  998  Epoch time :  0.07992987427860498  Train L2 Loss :  0.2514703720808029
Epoch :  999  Epoch time :  0.08000918850302696  Train L2 Loss :  0.25146210422882664
Total time is : 80.41539387963712 Total epoch is  1000
